[INFO]2021-04-14 14:58:24,499: log files at C:\Users\Administrator\Desktop\SVN\knowledgeCity\common\log
[INFO]2021-04-14 14:58:24,500: find module agvCtrl.main_agv
[INFO]2021-04-14 14:58:24,500: find module agvDevice.main_agvDevice
[INFO]2021-04-14 14:58:24,501: find module alarm.main_alarm
[INFO]2021-04-14 14:58:24,501: find module auth.main_auth
[INFO]2021-04-14 14:58:24,502: find module autoCtrl.main_akmCtrl
[INFO]2021-04-14 14:58:24,502: find module door.main_door
[INFO]2021-04-14 14:58:24,503: find module elevator.main_elevator
[INFO]2021-04-14 14:58:24,503: find module remoteio.main_remoteio
[INFO]2021-04-14 14:58:24,518: import agvCtrl.main_agv
[INFO]2021-04-14 14:58:25,656: create lock <lock name:doorMgr.lock,<unlocked _thread.RLock object owner=0 count=0 at 0x000001D2915598C8>>
[INFO]2021-04-14 14:58:25,677: create lock <lock name:door.lock,<unlocked _thread.RLock object owner=0 count=0 at 0x000001D2915CA238>>
[INFO]2021-04-14 14:58:25,912: create lock <lock name:timer.lock_2003896978120,<unlocked _thread.RLock object owner=0 count=0 at 0x000001D2918A6C38>>
[ERROR]2021-04-14 14:58:25,957: mqtt is disabled
[INFO]2021-04-14 14:58:25,959: mqtt: subscribe [alarm/raise/+]
[INFO]2021-04-14 14:58:25,962: mqtt: subscribe [alarm/clear/+]
[INFO]2021-04-14 14:58:29,062: Mongodb connect to 127.0.0.1 port 27017
[INFO]2021-04-14 14:58:29,116: create lock <lock name:elevatorMgr.lock,<unlocked _thread.RLock object owner=0 count=0 at 0x000001D28FBFA2D8>>
[WARN]2021-04-14 14:58:29,178: use mockAgvCtrl
[INFO]2021-04-14 14:58:29,189: create lock <lock name:mapMgr.lock,<unlocked _thread.RLock object owner=0 count=0 at 0x000001D28FB3E0F8>>
[INFO]2021-04-14 14:58:29,604: create lock <lock name:agvList.g_agvLock,<unlocked _thread.RLock object owner=0 count=0 at 0x000001D29219D3A0>>
[INFO]2021-04-14 14:58:29,629: create lock <lock name:taskList.lock,<unlocked _thread.RLock object owner=0 count=0 at 0x000001D29217F968>>
[INFO]2021-04-14 14:58:29,693: charge policy 0 , fix time
[INFO]2021-04-14 14:58:29,742: create lock <lock name:agvApi.g_lock,<unlocked _thread.RLock object owner=0 count=0 at 0x000001D29219D5F8>>
[INFO]2021-04-14 14:58:31,306: start load map C:\Users\Administrator\Desktop\SVN\knowledgeCity\agvCtrl\projects\test\20190911_F1.smap
[DEBUG]2021-04-14 14:58:35,256: create aliveObj DOOR40 门控离线异常 timeout 60
[DEBUG]2021-04-14 14:58:35,261: create aliveObj DOOR41 门控离线异常 timeout 60
[DEBUG]2021-04-14 14:58:35,283: elevator thread start
[INFO]2021-04-14 14:58:36,137: load map C:\Users\Administrator\Desktop\SVN\knowledgeCity\agvCtrl\projects\test\20190911_F1.smap ,used 4840 ms
[INFO]2021-04-14 14:58:36,148: start load map C:\Users\Administrator\Desktop\SVN\knowledgeCity\agvCtrl\projects\test\408.smap
[INFO]2021-04-14 14:58:36,226: load map C:\Users\Administrator\Desktop\SVN\knowledgeCity\agvCtrl\projects\test\408.smap ,used 87 ms
[INFO]2021-04-14 14:58:36,238: start load map C:\Users\Administrator\Desktop\SVN\knowledgeCity\agvCtrl\projects\test\510.smap
[INFO]2021-04-14 14:58:36,363: load map C:\Users\Administrator\Desktop\SVN\knowledgeCity\agvCtrl\projects\test\510.smap ,used 135 ms
[INFO]2021-04-14 14:58:36,382: start load map C:\Users\Administrator\Desktop\SVN\knowledgeCity\agvCtrl\projects\test\8-222.smap
[INFO]2021-04-14 14:58:36,522: load map C:\Users\Administrator\Desktop\SVN\knowledgeCity\agvCtrl\projects\test\8-222.smap ,used 153 ms
[INFO]2021-04-14 14:58:36,555: start load map C:\Users\Administrator\Desktop\SVN\knowledgeCity\agvCtrl\projects\test\akmsmt.smap
[INFO]2021-04-14 14:58:37,136: load map C:\Users\Administrator\Desktop\SVN\knowledgeCity\agvCtrl\projects\test\akmsmt.smap ,used 611 ms
[INFO]2021-04-14 14:58:37,146: start load map C:\Users\Administrator\Desktop\SVN\knowledgeCity\agvCtrl\projects\test\akmsmtMap.smap
[INFO]2021-04-14 14:58:39,749: load map C:\Users\Administrator\Desktop\SVN\knowledgeCity\agvCtrl\projects\test\akmsmtMap.smap ,used 2611 ms
[INFO]2021-04-14 14:58:39,760: start load map C:\Users\Administrator\Desktop\SVN\knowledgeCity\agvCtrl\projects\test\bell.smap
[INFO]2021-04-14 14:58:39,814: load map C:\Users\Administrator\Desktop\SVN\knowledgeCity\agvCtrl\projects\test\bell.smap ,used 63 ms
[INFO]2021-04-14 14:58:39,826: start load map C:\Users\Administrator\Desktop\SVN\knowledgeCity\agvCtrl\projects\test\big.smap
[INFO]2021-04-14 14:58:41,169: load map C:\Users\Administrator\Desktop\SVN\knowledgeCity\agvCtrl\projects\test\big.smap ,used 1351 ms
[INFO]2021-04-14 14:58:41,180: start load map C:\Users\Administrator\Desktop\SVN\knowledgeCity\agvCtrl\projects\test\desai-all-20191223.smap
[INFO]2021-04-14 14:58:48,294: load map C:\Users\Administrator\Desktop\SVN\knowledgeCity\agvCtrl\projects\test\desai-all-20191223.smap ,used 7123 ms
[INFO]2021-04-14 14:58:48,305: start load map C:\Users\Administrator\Desktop\SVN\knowledgeCity\agvCtrl\projects\test\fp-neiwei.smap
[INFO]2021-04-14 14:58:52,282: load map C:\Users\Administrator\Desktop\SVN\knowledgeCity\agvCtrl\projects\test\fp-neiwei.smap ,used 3986 ms
[INFO]2021-04-14 14:58:52,293: start load map C:\Users\Administrator\Desktop\SVN\knowledgeCity\agvCtrl\projects\test\fp20190712-1.smap
[DEBUG]2021-04-14 14:59:09,795: create aliveObj DOOR13 门控离线异常 timeout 60
[DEBUG]2021-04-14 14:59:09,798: create aliveObj DOOR23 门控离线异常 timeout 60
[DEBUG]2021-04-14 14:59:09,802: create aliveObj DOOR08 门控离线异常 timeout 60
[DEBUG]2021-04-14 14:59:09,802: create aliveObj DOOR09 门控离线异常 timeout 60
[DEBUG]2021-04-14 14:59:09,803: create aliveObj DOOR15 门控离线异常 timeout 60
[DEBUG]2021-04-14 14:59:09,804: create aliveObj DOOR07 门控离线异常 timeout 60
[DEBUG]2021-04-14 14:59:09,804: create aliveObj DOOR04 门控离线异常 timeout 60
[DEBUG]2021-04-14 14:59:09,805: create aliveObj DOOR06 门控离线异常 timeout 60
[DEBUG]2021-04-14 14:59:09,806: create aliveObj DOOR17 门控离线异常 timeout 60
[DEBUG]2021-04-14 14:59:09,807: create aliveObj DOOR18 门控离线异常 timeout 60
[DEBUG]2021-04-14 14:59:09,808: create aliveObj DOOR20 门控离线异常 timeout 60
[DEBUG]2021-04-14 14:59:09,809: create aliveObj DOOR25 门控离线异常 timeout 60
[DEBUG]2021-04-14 14:59:09,810: create aliveObj DOOR27 门控离线异常 timeout 60
[INFO]2021-04-14 14:59:26,917: load map C:\Users\Administrator\Desktop\SVN\knowledgeCity\agvCtrl\projects\test\fp20190712-1.smap ,used 34633 ms
[INFO]2021-04-14 14:59:26,927: start load map C:\Users\Administrator\Desktop\SVN\knowledgeCity\agvCtrl\projects\test\shuqin.smap
[INFO]2021-04-14 14:59:26,976: load map C:\Users\Administrator\Desktop\SVN\knowledgeCity\agvCtrl\projects\test\shuqin.smap ,used 57 ms
[INFO]2021-04-14 14:59:26,989: start load map C:\Users\Administrator\Desktop\SVN\knowledgeCity\agvCtrl\projects\test\test430.smap
[INFO]2021-04-14 14:59:27,059: load map C:\Users\Administrator\Desktop\SVN\knowledgeCity\agvCtrl\projects\test\test430.smap ,used 79 ms
[INFO]2021-04-14 14:59:27,069: start load map C:\Users\Administrator\Desktop\SVN\knowledgeCity\agvCtrl\projects\test\testdesay.smap
[INFO]2021-04-14 14:59:27,181: load map C:\Users\Administrator\Desktop\SVN\knowledgeCity\agvCtrl\projects\test\testdesay.smap ,used 120 ms
[INFO]2021-04-14 14:59:27,191: start load map C:\Users\Administrator\Desktop\SVN\knowledgeCity\agvCtrl\projects\test\testmap.smap
[INFO]2021-04-14 14:59:27,479: load map C:\Users\Administrator\Desktop\SVN\knowledgeCity\agvCtrl\projects\test\testmap.smap ,used 296 ms
[INFO]2021-04-14 14:59:27,490: start load map C:\Users\Administrator\Desktop\SVN\knowledgeCity\agvCtrl\projects\test\testscada.smap
[INFO]2021-04-14 14:59:27,570: load map C:\Users\Administrator\Desktop\SVN\knowledgeCity\agvCtrl\projects\test\testscada.smap ,used 89 ms
[WARN]2021-04-14 14:59:27,573: MainThread[tid:17272] <lock name:mapMgr.lock,<locked _thread.RLock object owner=17272 count=1 at 0x000001D28FB3E0F8>> ,hold 57828 ms
[INFO]2021-04-14 14:59:27,577: name=MainThread, pid=12096, tid=17272
[01] File "run_all.py", line 57, in <module>() 
[02] File "run_all.py", line 39, in findModule() 
[03] File "<frozen importlib._bootstrap>", line 983, in _find_and_load() 
[04] File "<frozen importlib._bootstrap>", line 967, in _find_and_load_unlocked() 
[05] File "<frozen importlib._bootstrap>", line 677, in _load_unlocked() 
[06] File "<frozen importlib._bootstrap_external>", line 728, in exec_module() 
[07] File "<frozen importlib._bootstrap>", line 219, in _call_with_frames_removed() 
[08] File "C:/Users/Administrator/Desktop/SVN/knowledgeCity/agvCtrl/main_agv.py", line 22, in <module>() 
[09] File "C:/Users/Administrator/Desktop/SVN/knowledgeCity/common/lock.py", line 124, in _call() 
[10] File "C:/Users/Administrator/Desktop/SVN/knowledgeCity/common/lock.py", line 102, in release() 
[11] File "C:/Users/Administrator/Desktop/SVN/knowledgeCity/common/enhance.py", line 268, in getTrace() 
[12] File "C:/Users/Administrator/Desktop/SVN/knowledgeCity/common/enhance.py", line 248, in getThreadStack()
[INFO]2021-04-14 14:59:27,581: import agvDevice.main_agvDevice
[INFO]2021-04-14 14:59:27,582: import alarm.main_alarm
[INFO]2021-04-14 14:59:27,583: import auth.main_auth
[INFO]2021-04-14 14:59:27,684: import autoCtrl.main_akmCtrl
[INFO]2021-04-14 14:59:27,745: create lock <lock name:agvApi.g_lock,<unlocked _thread.RLock object owner=0 count=0 at 0x000001D29ACD3120>>
[INFO]2021-04-14 14:59:27,783: create lock <lock name:runTasks.pre_lock,<unlocked _thread.RLock object owner=0 count=0 at 0x000001D29B3C27B0>>
[INFO]2021-04-14 14:59:27,785: create lock <lock name:IOAlarm.s_lock,<unlocked _thread.RLock object owner=0 count=0 at 0x000001D29AAE9440>>
[INFO]2021-04-14 14:59:27,788: create lock <lock name:mapMgr.lock,<unlocked _thread.RLock object owner=0 count=0 at 0x000001D29ACED558>>
[INFO]2021-04-14 14:59:27,892: import door.main_door
[INFO]2021-04-14 14:59:27,905: import elevator.main_elevator
[INFO]2021-04-14 14:59:27,969: create lock <lock name:elevatorApi.tcp_lock,<unlocked _thread.RLock object owner=0 count=0 at 0x000001D29AD2A4B8>>
[INFO]2021-04-14 14:59:27,975: create lock <lock name:elevatorApi.g_lock,<unlocked _thread.RLock object owner=0 count=0 at 0x000001D29ACEDF58>>
[INFO]2021-04-14 14:59:27,977: import remoteio.main_remoteio
[SUCC]2021-04-14 14:59:28,016: utility start, pid=12096, ppid=11452
[DEBUG]2021-04-14 14:59:28,020: start timer
[INFO]2021-04-14 14:59:28,032: load agv file: C:\Users\Administrator\Desktop\SVN\knowledgeCity\agvCtrl/projects/test/agv.cfg
[INFO]2021-04-14 14:59:28,033: create lock <lock name:agvList.agv71.lock,<unlocked _thread.RLock object owner=0 count=0 at 0x000001D29AD2A878>>
[DEBUG]2021-04-14 14:59:28,037: create aliveObj agv71 AGV离线异常 timeout 300
[INFO]2021-04-14 14:59:28,039: agv71 start agvList run thread
[INFO]2021-04-14 14:59:28,039: agv71 start agvList run2 thread
[ERROR]2021-04-14 14:59:28,042: agv check init error False
[INFO]2021-04-14 14:59:28,046: create lock <lock name:agvList.agv72.lock,<unlocked _thread.RLock object owner=0 count=0 at 0x000001D29AD2A8A0>>
[DEBUG]2021-04-14 14:59:28,049: create aliveObj agv72 AGV离线异常 timeout 300
[INFO]2021-04-14 14:59:28,051: agv72 start agvList run thread
[INFO]2021-04-14 14:59:28,052: agv72 start agvList run2 thread
[INFO]2021-04-14 14:59:28,052: create lock <lock name:agvList.agv73.lock,<unlocked _thread.RLock object owner=0 count=0 at 0x000001D29AD2AA80>>
[INFO]2021-04-14 14:59:28,057: agv72 current map testdesay
[INFO]2021-04-14 14:59:28,058: agv72 is online
[DEBUG]2021-04-14 14:59:28,061: create aliveObj agv73 AGV离线异常 timeout 300
[INFO]2021-04-14 14:59:28,062: agv73 start agvList run thread
[INFO]2021-04-14 14:59:28,062: agv73 start agvList run2 thread
[INFO]2021-04-14 14:59:28,074: agv73 current map testdesay
[INFO]2021-04-14 14:59:28,080: agv73 is online
[WARN]2021-04-14 14:59:28,120: Local server start! version 3.7.3, path C:\Users\Administrator\Desktop\SVN\knowledgeCity\common, pid 12096
[INFO]2021-04-14 14:59:28,124: add_ignore: taskStatus
[INFO]2021-04-14 14:59:28,897: agv71 current map testdesay
[INFO]2021-04-14 14:59:28,913: agv71 is online
[DEBUG]2021-04-14 14:59:34,951: GET: http://127.0.0.1:8999/api/agv/init?appName=akmTask addr: 127.0.0.1
[INFO]2021-04-14 14:59:34,962: akmTask init client agvApi
[DEBUG]2021-04-14 14:59:34,964: used 13ms 200 OK application/json;charset=utf-8, GET: http://127.0.0.1:8999/api/agv/init?appName=akmTask
[WARN]2021-04-14 14:59:34,978: timer_thread[tid:9744] <locked _thread.RLock object owner=9744 count=1 at 0x000001D29B3C2800> ,hold 5052 ms
[INFO]2021-04-14 14:59:35,095: name=timer_thread, pid=12096, tid=9744
[01] File "C:/Python37/lib/threading.py", line 865, in run() 
[02] File "C:/Users/Administrator/Desktop/SVN/knowledgeCity/common/mytimer.py", line 113, in _loop() 
[03] File "C:/Users/Administrator/Desktop/SVN/knowledgeCity/common/lock.py", line 124, in _call() 
[04] File "C:/Users/Administrator/Desktop/SVN/knowledgeCity/common/lock.py", line 102, in release() 
[05] File "C:/Users/Administrator/Desktop/SVN/knowledgeCity/common/enhance.py", line 268, in getTrace() 
[06] File "C:/Users/Administrator/Desktop/SVN/knowledgeCity/common/enhance.py", line 248, in getThreadStack()
[INFO]2021-04-14 14:59:35,266: init IO success
[ERROR]2021-04-14 14:59:37,471: raise alarm obj=DOOR40, typeId=39998, desc=门控离线异常, id=607692d959c07c7b0e9bb35c
[ERROR]2021-04-14 14:59:37,596: raise alarm obj=DOOR41, typeId=39998, desc=门控离线异常, id=607692d959c07c7b0e9bb35e
[INFO]2021-04-14 14:59:40,999: remoteio is alarm: ['DOOR40', 'DOOR41']
[INFO]2021-04-14 14:59:52,326: remoteio is alarm: ['DOOR40', 'DOOR41']
[INFO]2021-04-14 15:00:03,173: remoteio is alarm: ['DOOR40', 'DOOR41']
[ERROR]2021-04-14 15:00:10,921: raise alarm obj=DOOR23, typeId=39998, desc=门控离线异常, id=607692fa59c07c7b0e9bb3b9
[ERROR]2021-04-14 15:00:11,031: raise alarm obj=DOOR08, typeId=39998, desc=门控离线异常, id=607692fa59c07c7b0e9bb3bb
[ERROR]2021-04-14 15:00:11,122: raise alarm obj=DOOR09, typeId=39998, desc=门控离线异常, id=607692fb59c07c7b0e9bb3bd
[ERROR]2021-04-14 15:00:11,202: raise alarm obj=DOOR15, typeId=39998, desc=门控离线异常, id=607692fb59c07c7b0e9bb3bf
[ERROR]2021-04-14 15:00:11,252: raise alarm obj=DOOR07, typeId=39998, desc=门控离线异常, id=607692fb59c07c7b0e9bb3c1
[ERROR]2021-04-14 15:00:11,408: raise alarm obj=DOOR04, typeId=39998, desc=门控离线异常, id=607692fb59c07c7b0e9bb3c3
[ERROR]2021-04-14 15:00:11,548: raise alarm obj=DOOR06, typeId=39998, desc=门控离线异常, id=607692fb59c07c7b0e9bb3c5
[ERROR]2021-04-14 15:00:11,657: raise alarm obj=DOOR17, typeId=39998, desc=门控离线异常, id=607692fb59c07c7b0e9bb3c7
[ERROR]2021-04-14 15:00:11,721: raise alarm obj=DOOR18, typeId=39998, desc=门控离线异常, id=607692fb59c07c7b0e9bb3c9
[ERROR]2021-04-14 15:00:11,799: raise alarm obj=DOOR20, typeId=39998, desc=门控离线异常, id=607692fb59c07c7b0e9bb3cb
[ERROR]2021-04-14 15:00:11,926: raise alarm obj=DOOR25, typeId=39998, desc=门控离线异常, id=607692fb59c07c7b0e9bb3cd
[ERROR]2021-04-14 15:00:12,052: raise alarm obj=DOOR27, typeId=39998, desc=门控离线异常, id=607692fc59c07c7b0e9bb3cf
