[INFO]2021-01-25 16:12:20,786: log files at E:\python_work\knowledgeCity\common\log
[INFO]2021-01-25 16:12:20,787: find module agvCtrl.main_agv
[INFO]2021-01-25 16:12:20,787: find module agvDevice.main_agvDevice
[INFO]2021-01-25 16:12:20,787: find module alarm.main_alarm
[INFO]2021-01-25 16:12:20,788: find module auth.main_auth
[INFO]2021-01-25 16:12:20,788: find module autoCtrl.main_akmCtrl
[INFO]2021-01-25 16:12:20,788: find module door.main_door
[INFO]2021-01-25 16:12:20,788: find module elevator.main_elevator
[INFO]2021-01-25 16:12:20,789: find module remoteio.main_remoteio
[INFO]2021-01-25 16:12:20,789: import agvCtrl.main_agv
[INFO]2021-01-25 16:12:21,244: create lock <lock name:doorMgr.lock,<unlocked _thread.RLock object owner=0 count=0 at 0x000002D697279AE0>>
[INFO]2021-01-25 16:12:21,248: create lock <lock name:door.lock,<unlocked _thread.RLock object owner=0 count=0 at 0x000002D69728D390>>
[INFO]2021-01-25 16:12:21,356: create lock <lock name:timer.lock_3120684891440,<unlocked _thread.RLock object owner=0 count=0 at 0x000002D697507E70>>
[ERROR]2021-01-25 16:12:21,372: mqtt is disabled
[INFO]2021-01-25 16:12:21,372: mqtt: subscribe [alarm/raise/+]
[INFO]2021-01-25 16:12:21,372: mqtt: subscribe [alarm/clear/+]
[INFO]2021-01-25 16:12:24,403: Mongodb connect to 127.0.0.1 port 27017
[INFO]2021-01-25 16:12:24,500: create lock <lock name:elevatorApi.tcp_lock,<unlocked _thread.RLock object owner=0 count=0 at 0x000002D6976FC060>>
[INFO]2021-01-25 16:12:24,501: create lock <lock name:elevatorApi.g_lock,<unlocked _thread.RLock object owner=0 count=0 at 0x000002D6976F5960>>
[INFO]2021-01-25 16:12:24,503: create lock <lock name:elevatorMgr.lock,<unlocked _thread.RLock object owner=0 count=0 at 0x000002D6976E4D80>>
[INFO]2021-01-25 16:12:24,553: create lock <lock name:agvserver,<unlocked _thread.RLock object owner=0 count=0 at 0x000002D69781D420>>
[INFO]2021-01-25 16:12:25,175: create lock <lock name:mapMgr.lock,<unlocked _thread.RLock object owner=0 count=0 at 0x000002D6977E8150>>
[INFO]2021-01-25 16:12:25,552: create lock <lock name:agvList.g_agvLock,<unlocked _thread.RLock object owner=0 count=0 at 0x000002D697914EA0>>
[INFO]2021-01-25 16:12:25,556: create lock <lock name:taskList.lock,<unlocked _thread.RLock object owner=0 count=0 at 0x000002D6979D58A0>>
[INFO]2021-01-25 16:12:25,635: charge policy 0 , fix time
[INFO]2021-01-25 16:12:25,676: create lock <lock name:agvApi.g_lock,<unlocked _thread.RLock object owner=0 count=0 at 0x000002D6979DF4B0>>
[INFO]2021-01-25 16:12:25,752: start load map E:\python_work\knowledgeCity\agvCtrl\projects\knowledgeCity\comba-ZXC-F3.smap
[DEBUG]2021-01-25 16:12:25,851: elevator thread start
[INFO]2021-01-25 16:12:25,877: load map E:\python_work\knowledgeCity\agvCtrl\projects\knowledgeCity\comba-ZXC-F3.smap ,used 138 ms
[INFO]2021-01-25 16:12:25,890: start load map E:\python_work\knowledgeCity\agvCtrl\projects\knowledgeCity\office.smap
[INFO]2021-01-25 16:12:25,944: load map E:\python_work\knowledgeCity\agvCtrl\projects\knowledgeCity\office.smap ,used 66 ms
[INFO]2021-01-25 16:12:25,947: import agvDevice.main_agvDevice
[INFO]2021-01-25 16:12:25,948: import alarm.main_alarm
[INFO]2021-01-25 16:12:25,948: import auth.main_auth
[INFO]2021-01-25 16:12:25,961: import autoCtrl.main_akmCtrl
[INFO]2021-01-25 16:12:25,974: create lock <lock name:agvApi.g_lock,<unlocked _thread.RLock object owner=0 count=0 at 0x000002D698A51180>>
[INFO]2021-01-25 16:12:25,978: create lock <lock name:IOAlarm.s_lock,<unlocked _thread.RLock object owner=0 count=0 at 0x000002D698A33AE0>>
[INFO]2021-01-25 16:12:25,980: create lock <lock name:mapMgr.lock,<unlocked _thread.RLock object owner=0 count=0 at 0x000002D698A6DDE0>>
[INFO]2021-01-25 16:12:27,004: import door.main_door
[INFO]2021-01-25 16:12:27,007: import elevator.main_elevator
[INFO]2021-01-25 16:12:27,007: import remoteio.main_remoteio
[SUCC]2021-01-25 16:12:27,061: utility start, pid=17980, ppid=6772
[DEBUG]2021-01-25 16:12:27,062: start timer
[DEBUG]2021-01-25 16:12:27,062: create aliveObj upStation01 远程控制IO离线异常 timeout 120
[DEBUG]2021-01-25 16:12:27,063: create aliveObj downStation01 远程控制IO离线异常 timeout 120
[INFO]2021-01-25 16:12:27,076: load agv file: E:\python_work\knowledgeCity\agvCtrl/projects/knowledgeCity/agv.cfg
[INFO]2021-01-25 16:12:27,076: create lock <lock name:agvList.AGV01.lock,<unlocked _thread.RLock object owner=0 count=0 at 0x000002D69EDEFF00>>
[DEBUG]2021-01-25 16:12:27,079: create aliveObj AGV01 AGV离线异常 timeout 300
[INFO]2021-01-25 16:12:27,079: AGV01 start agvList run thread
[INFO]2021-01-25 16:12:27,080: create lock <lock name:agv.AGV01.lock_status,<unlocked _thread.RLock object owner=0 count=0 at 0x000002D69EDF4F60>>
[INFO]2021-01-25 16:12:27,080: AGV01 start agvList run2 thread
[DEBUG]2021-01-25 16:12:27,080: try connect AGV01 172.16.217.209:19204
[WARN]2021-01-25 16:12:27,084: Local server start! version 3.8.0, path E:\python_work\knowledgeCity\common, pid 17980
[INFO]2021-01-25 16:12:27,084: add_ignore: taskStatus
[INFO]2021-01-25 16:12:27,087: AGV01 connected 172.16.217.209 19204
[INFO]2021-01-25 16:12:27,087: create lock <lock name:agv.AGV01.lock_ctrl,<unlocked _thread.RLock object owner=0 count=0 at 0x000002D69EDF4F90>>
[DEBUG]2021-01-25 16:12:27,087: try connect AGV01 172.16.217.209:19205
[INFO]2021-01-25 16:12:27,093: AGV01 connected 172.16.217.209 19205
[INFO]2021-01-25 16:12:27,093: create lock <lock name:agv.AGV01.lock_task,<unlocked _thread.RLock object owner=0 count=0 at 0x000002D69EDF4FC0>>
[DEBUG]2021-01-25 16:12:27,094: try connect AGV01 172.16.217.209:19206
[INFO]2021-01-25 16:12:27,098: AGV01 connected 172.16.217.209 19206
[INFO]2021-01-25 16:12:27,099: create lock <lock name:agv.AGV01.lock_conf,<unlocked _thread.RLock object owner=0 count=0 at 0x000002D69EE11120>>
[DEBUG]2021-01-25 16:12:27,099: try connect AGV01 172.16.217.209:19207
[INFO]2021-01-25 16:12:27,108: AGV01 connected 172.16.217.209 19207
[INFO]2021-01-25 16:12:27,108: create lock <lock name:agv.AGV01.lock_core,<unlocked _thread.RLock object owner=0 count=0 at 0x000002D69EE115D0>>
[DEBUG]2021-01-25 16:12:27,109: try connect AGV01 172.16.217.209:19208
[INFO]2021-01-25 16:12:27,114: AGV01 connected 172.16.217.209 19208
[INFO]2021-01-25 16:12:27,114: create lock <lock name:agv.AGV01.lock_other,<unlocked _thread.RLock object owner=0 count=0 at 0x000002D69EE24DE0>>
[DEBUG]2021-01-25 16:12:27,115: try connect AGV01 172.16.217.209:19210
[INFO]2021-01-25 16:12:27,128: AGV01 connected 172.16.217.209 19210
[INFO]2021-01-25 16:12:27,164: AGV01 current map comba-ZXC-F3
[INFO]2021-01-25 16:12:27,210: AGV01 is online
[ERROR]2021-01-25 16:12:27,218: raise alarm obj=AGV01, typeId=49997, desc=小车置信度小于最低阈值,当前值:0.6444
[DEBUG]2021-01-25 16:12:32,072: GET: http://127.0.0.1:8999/api/agv/init?appName=akmTask addr: 127.0.0.1
[INFO]2021-01-25 16:12:32,073: akmTask init client agvApi
[DEBUG]2021-01-25 16:12:32,074: used 2ms 200 OK application/json;charset=utf-8, GET: http://127.0.0.1:8999/api/agv/init?appName=akmTask
[WARN]2021-01-25 16:12:32,076: timer_thread[tid:11704] <locked _thread.RLock object owner=11704 count=1 at 0x000002D698A3B300> ,hold 5010 ms
[INFO]2021-01-25 16:12:32,077: name=timer_thread, pid=17980, tid=11704
[01] File "D:/Python/Python38/lib/threading.py", line 870, in run() 
[02] File "E:/python_work/knowledgeCity/common/mytimer.py", line 113, in _loop() 
[03] File "E:/python_work/knowledgeCity/common/lock.py", line 124, in _call() 
[04] File "E:/python_work/knowledgeCity/common/lock.py", line 102, in release() 
[05] File "E:/python_work/knowledgeCity/common/enhance.py", line 268, in getTrace() 
[06] File "E:/python_work/knowledgeCity/common/enhance.py", line 248, in getThreadStack()
[DEBUG]2021-01-25 16:12:32,225: send http_get: http://127.0.0.1:8999/api/remoteio/readDOList?id=upStation01
[DEBUG]2021-01-25 16:12:32,278: [return] use 53 ms,http_get: http://127.0.0.1:8999/api/remoteio/readDOList?id=upStation01
[DEBUG]2021-01-25 16:12:32,278: send http_get: http://127.0.0.1:8999/api/remoteio/readDOList?id=downStation01
[CRITICAL]2021-01-25 16:12:47,499: downStation01 init failed cause a error: ('http get', 'http://127.0.0.1:8999/api/remoteio/readDOList', {'id': 'downStation01'}, 'error:', 'timed out')
pid=17980, ppid=6772, tid=11704
Traceback (most recent call last):
  File "E:\python_work\knowledgeCity\common\webutility.py", line 103, in http_get
    f = urllib.request.urlopen(u,timeout=timeout)
  File "D:\Python\Python38\lib\urllib\request.py", line 222, in urlopen
    return opener.open(url, data, timeout)
  File "D:\Python\Python38\lib\urllib\request.py", line 525, in open
    response = self._open(req, data)
  File "D:\Python\Python38\lib\urllib\request.py", line 542, in _open
    result = self._call_chain(self.handle_open, protocol, protocol +
  File "D:\Python\Python38\lib\urllib\request.py", line 502, in _call_chain
    result = func(*args)
  File "D:\Python\Python38\lib\urllib\request.py", line 1346, in http_open
    return self.do_open(http.client.HTTPConnection, req)
  File "D:\Python\Python38\lib\urllib\request.py", line 1321, in do_open
    r = h.getresponse()
  File "D:\Python\Python38\lib\http\client.py", line 1322, in getresponse
    response.begin()
  File "D:\Python\Python38\lib\http\client.py", line 303, in begin
    version, status, reason = self._read_status()
  File "D:\Python\Python38\lib\http\client.py", line 264, in _read_status
    line = str(self.fp.readline(_MAXLINE + 1), "iso-8859-1")
  File "D:\Python\Python38\lib\socket.py", line 669, in readinto
    return self._sock.recv_into(b)
socket.timeout: timed out

During handling of the above exception, another exception occurred:

Traceback (most recent call last):
  File "E:\python_work\knowledgeCity\autoCtrl\deviceCtrl.py", line 175, in _checkInit
    s = ioApi.readDOList(devices[d][ioId])["status"]
  File "E:\python_work\knowledgeCity\remoteio\remoteioApi.py", line 73, in readDOList
    return _remoteio('/api/remoteio/readDOList', id, param)
  File "E:\python_work\knowledgeCity\remoteio\remoteioApi.py", line 100, in _remoteio
    return http_get(url + apiurl, param)
  File "E:\python_work\knowledgeCity\remoteio\remoteioApi.py", line 16, in http_get
    r = webutility.http_get(url, param)
  File "E:\python_work\knowledgeCity\common\webutility.py", line 105, in http_get
    raise Exception("http get",url,params,"error:",str(e))
Exception: ('http get', 'http://127.0.0.1:8999/api/remoteio/readDOList', {'id': 'downStation01'}, 'error:', 'timed out')

[INFO]2021-01-25 16:12:48,505: init IO success
[DEBUG]2021-01-25 16:12:48,510: send http_get: http://127.0.0.1:8999/api/remoteio/readDOList?id=upStation01
[WARN]2021-01-25 16:12:53,371: worker 3[tid:18416] <locked _thread.RLock object owner=18416 count=1 at 0x000002D69E6034B0> ,hold 4839 ms
[CRITICAL]2021-01-25 16:12:53,393: [modbusApi: 172.16.167.220] execute fcode=1, addr=8256 exception:  cause a error: [WinError 10060] 由于连接方在一段时间后没有正确答复或连接的主机没有反应，连接尝试失败。
pid=17980, ppid=6772, tid=19064
Traceback (most recent call last):
  File "E:\python_work\knowledgeCity\common\modbusapi.py", line 35, in __execute
    data = self.master.execute(self.__salveId, fcode, start, quantity_of_x=num, output_value=value)
  File "D:\Python\Python38\lib\site-packages\modbus_tk\utils.py", line 39, in new
    raise excpt
  File "D:\Python\Python38\lib\site-packages\modbus_tk\utils.py", line 37, in new
    ret = fcn(*args, **kwargs)
  File "D:\Python\Python38\lib\site-packages\modbus_tk\modbus.py", line 152, in execute
    self.open()
  File "D:\Python\Python38\lib\site-packages\modbus_tk\modbus.py", line 99, in open
    self._do_open()
  File "D:\Python\Python38\lib\site-packages\modbus_tk\modbus_tcp.py", line 173, in _do_open
    self._sock.connect((self._host, self._port))
TimeoutError: [WinError 10060] 由于连接方在一段时间后没有正确答复或连接的主机没有反应，连接尝试失败。

[WARN]2021-01-25 16:12:53,393: worker 2[tid:19064] <locked _thread.RLock object owner=19064 count=1 at 0x000002D69EDEF720> ,hold 21098 ms
[INFO]2021-01-25 16:12:53,589: name=worker 2, pid=17980, tid=19064
[01] File "D:/Python/Python38/lib/threading.py", line 870, in run() 
[02] File "D:/Python/Python38/lib/site-packages/paste/httpserver.py", line 903, in worker_thread_callback() 
[03] File "D:/Python/Python38/lib/site-packages/paste/httpserver.py", line 1077, in <lambda>() 
[04] File "D:/Python/Python38/lib/site-packages/paste/httpserver.py", line 1092, in process_request_in_thread() 
[05] File "D:/Python/Python38/lib/socketserver.py", line 360, in finish_request() 
[06] File "D:/Python/Python38/lib/socketserver.py", line 720, in __init__() 
[07] File "D:/Python/Python38/lib/site-packages/paste/httpserver.py", line 460, in handle() 
[08] File "D:/Python/Python38/lib/http/server.py", line 426, in handle() 
[09] File "D:/Python/Python38/lib/site-packages/paste/httpserver.py", line 455, in handle_one_request() 
[10] File "D:/Python/Python38/lib/site-packages/paste/httpserver.py", line 304, in wsgi_execute() 
[11] File "D:/Python/Python38/lib/site-packages/paste/translogger.py", line 69, in __call__() 
[12] File "D:/Python/Python38/lib/site-packages/bottle.py", line 979, in __call__() 
[13] File "D:/Python/Python38/lib/site-packages/bottle.py", line 954, in wsgi() 
[14] File "D:/Python/Python38/lib/site-packages/bottle.py", line 862, in _handle() 
[15] File "D:/Python/Python38/lib/site-packages/bottle.py", line 1742, in wrapper() 
[16] File "E:/python_work/knowledgeCity/common/webutility.py", line 465, in _enable_cors() 
[17] File "E:/python_work/knowledgeCity/common/webutility.py", line 481, in _enable_cors() 
[18] File "E:/python_work/knowledgeCity/common/scadaUtility.py", line 45, in __call() 
[19] File "E:/python_work/knowledgeCity/remoteio/main_remoteio.py", line 87, in urlReadDOList() 
[20] File "E:/python_work/knowledgeCity/remoteio/remoteioMgr.py", line 158, in readDOList() 
[21] File "E:/python_work/knowledgeCity/remoteio/remoteioMgr.py", line 262, in readDOList() 
[22] File "E:/python_work/knowledgeCity/common/lock.py", line 124, in _call() 
[23] File "E:/python_work/knowledgeCity/common/lock.py", line 102, in release() 
[24] File "E:/python_work/knowledgeCity/common/enhance.py", line 268, in getTrace() 
[25] File "E:/python_work/knowledgeCity/common/enhance.py", line 248, in getThreadStack()
[INFO]2021-01-25 16:12:53,618: name=worker 3, pid=17980, tid=18416
[01] File "D:/Python/Python38/lib/threading.py", line 870, in run() 
[02] File "D:/Python/Python38/lib/site-packages/paste/httpserver.py", line 903, in worker_thread_callback() 
[03] File "D:/Python/Python38/lib/site-packages/paste/httpserver.py", line 1077, in <lambda>() 
[04] File "D:/Python/Python38/lib/site-packages/paste/httpserver.py", line 1092, in process_request_in_thread() 
[05] File "D:/Python/Python38/lib/socketserver.py", line 360, in finish_request() 
[06] File "D:/Python/Python38/lib/socketserver.py", line 720, in __init__() 
[07] File "D:/Python/Python38/lib/site-packages/paste/httpserver.py", line 460, in handle() 
[08] File "D:/Python/Python38/lib/http/server.py", line 426, in handle() 
[09] File "D:/Python/Python38/lib/site-packages/paste/httpserver.py", line 455, in handle_one_request() 
[10] File "D:/Python/Python38/lib/site-packages/paste/httpserver.py", line 304, in wsgi_execute() 
[11] File "D:/Python/Python38/lib/site-packages/paste/translogger.py", line 69, in __call__() 
[12] File "D:/Python/Python38/lib/site-packages/bottle.py", line 979, in __call__() 
[13] File "D:/Python/Python38/lib/site-packages/bottle.py", line 954, in wsgi() 
[14] File "D:/Python/Python38/lib/site-packages/bottle.py", line 862, in _handle() 
[15] File "D:/Python/Python38/lib/site-packages/bottle.py", line 1742, in wrapper() 
[16] File "E:/python_work/knowledgeCity/common/webutility.py", line 465, in _enable_cors() 
[17] File "E:/python_work/knowledgeCity/common/webutility.py", line 481, in _enable_cors() 
[18] File "E:/python_work/knowledgeCity/common/scadaUtility.py", line 45, in __call() 
[19] File "E:/python_work/knowledgeCity/remoteio/main_remoteio.py", line 87, in urlReadDOList() 
[20] File "E:/python_work/knowledgeCity/remoteio/remoteioMgr.py", line 158, in readDOList() 
[21] File "E:/python_work/knowledgeCity/remoteio/remoteioMgr.py", line 262, in readDOList() 
[22] File "E:/python_work/knowledgeCity/common/lock.py", line 124, in _call() 
[23] File "E:/python_work/knowledgeCity/common/lock.py", line 102, in release() 
[24] File "E:/python_work/knowledgeCity/common/enhance.py", line 268, in getTrace() 
[25] File "E:/python_work/knowledgeCity/common/enhance.py", line 248, in getThreadStack()
[CRITICAL]2021-01-25 16:12:53,635: downStation01 readDIList fail cause a error: [WinError 10060] 由于连接方在一段时间后没有正确答复或连接的主机没有反应，连接尝试失败。
pid=17980, ppid=6772, tid=19064
Traceback (most recent call last):
  File "E:\python_work\knowledgeCity\remoteio\remoteioMgr.py", line 262, in readDOList
    return self._read(M30, IO_LENTH)
  File "E:\python_work\knowledgeCity\common\lock.py", line 122, in _call
    return func(*p,**pp)
  File "E:\python_work\knowledgeCity\remoteio\remoteioMgr.py", line 314, in _read
    s = self.master.read(mdef.READ_COILS,addr, length)
  File "E:\python_work\knowledgeCity\common\modbusapi.py", line 45, in read
    return self.__execute(fcode, start, num)
  File "E:\python_work\knowledgeCity\common\modbusapi.py", line 35, in __execute
    data = self.master.execute(self.__salveId, fcode, start, quantity_of_x=num, output_value=value)
  File "D:\Python\Python38\lib\site-packages\modbus_tk\utils.py", line 39, in new
    raise excpt
  File "D:\Python\Python38\lib\site-packages\modbus_tk\utils.py", line 37, in new
    ret = fcn(*args, **kwargs)
  File "D:\Python\Python38\lib\site-packages\modbus_tk\modbus.py", line 152, in execute
    self.open()
  File "D:\Python\Python38\lib\site-packages\modbus_tk\modbus.py", line 99, in open
    self._do_open()
  File "D:\Python\Python38\lib\site-packages\modbus_tk\modbus_tcp.py", line 173, in _do_open
    self._sock.connect((self._host, self._port))
TimeoutError: [WinError 10060] 由于连接方在一段时间后没有正确答复或连接的主机没有反应，连接尝试失败。

[DEBUG]2021-01-25 16:12:53,689: [return] use 5179 ms,http_get: http://127.0.0.1:8999/api/remoteio/readDOList?id=upStation01
[DEBUG]2021-01-25 16:12:53,689: send http_get: http://127.0.0.1:8999/api/remoteio/readDOList?id=downStation01
[CRITICAL]2021-01-25 16:12:53,703: invoke <function urlReadDOList at 0x000002D69EDEE1F0> cause a error: [WinError 10060] 由于连接方在一段时间后没有正确答复或连接的主机没有反应，连接尝试失败。
pid=17980, ppid=6772, tid=19064
Traceback (most recent call last):
  File "E:\python_work\knowledgeCity\common\scadaUtility.py", line 45, in __call
    ret = func(*p,**pp)
  File "E:\python_work\knowledgeCity\remoteio\main_remoteio.py", line 87, in urlReadDOList
    return ioMgr.readDOList(id)
  File "E:\python_work\knowledgeCity\remoteio\remoteioMgr.py", line 158, in readDOList
    result=remoteioInfo.readDOList()
  File "E:\python_work\knowledgeCity\remoteio\remoteioMgr.py", line 262, in readDOList
    return self._read(M30, IO_LENTH)
  File "E:\python_work\knowledgeCity\common\lock.py", line 122, in _call
    return func(*p,**pp)
  File "E:\python_work\knowledgeCity\remoteio\remoteioMgr.py", line 314, in _read
    s = self.master.read(mdef.READ_COILS,addr, length)
  File "E:\python_work\knowledgeCity\common\modbusapi.py", line 45, in read
    return self.__execute(fcode, start, num)
  File "E:\python_work\knowledgeCity\common\modbusapi.py", line 35, in __execute
    data = self.master.execute(self.__salveId, fcode, start, quantity_of_x=num, output_value=value)
  File "D:\Python\Python38\lib\site-packages\modbus_tk\utils.py", line 39, in new
    raise excpt
  File "D:\Python\Python38\lib\site-packages\modbus_tk\utils.py", line 37, in new
    ret = fcn(*args, **kwargs)
  File "D:\Python\Python38\lib\site-packages\modbus_tk\modbus.py", line 152, in execute
    self.open()
  File "D:\Python\Python38\lib\site-packages\modbus_tk\modbus.py", line 99, in open
    self._do_open()
  File "D:\Python\Python38\lib\site-packages\modbus_tk\modbus_tcp.py", line 173, in _do_open
    self._sock.connect((self._host, self._port))
TimeoutError: [WinError 10060] 由于连接方在一段时间后没有正确答复或连接的主机没有反应，连接尝试失败。

[CRITICAL]2021-01-25 16:13:08,753: readDIList error cause a error: ('http get', 'http://127.0.0.1:8999/api/remoteio/readDOList', {'id': 'downStation01'}, 'error:', 'timed out')
pid=17980, ppid=6772, tid=11704
Traceback (most recent call last):
  File "E:\python_work\knowledgeCity\common\webutility.py", line 103, in http_get
    f = urllib.request.urlopen(u,timeout=timeout)
  File "D:\Python\Python38\lib\urllib\request.py", line 222, in urlopen
    return opener.open(url, data, timeout)
  File "D:\Python\Python38\lib\urllib\request.py", line 525, in open
    response = self._open(req, data)
  File "D:\Python\Python38\lib\urllib\request.py", line 542, in _open
    result = self._call_chain(self.handle_open, protocol, protocol +
  File "D:\Python\Python38\lib\urllib\request.py", line 502, in _call_chain
    result = func(*args)
  File "D:\Python\Python38\lib\urllib\request.py", line 1346, in http_open
    return self.do_open(http.client.HTTPConnection, req)
  File "D:\Python\Python38\lib\urllib\request.py", line 1321, in do_open
    r = h.getresponse()
  File "D:\Python\Python38\lib\http\client.py", line 1322, in getresponse
    response.begin()
  File "D:\Python\Python38\lib\http\client.py", line 303, in begin
    version, status, reason = self._read_status()
  File "D:\Python\Python38\lib\http\client.py", line 264, in _read_status
    line = str(self.fp.readline(_MAXLINE + 1), "iso-8859-1")
  File "D:\Python\Python38\lib\socket.py", line 669, in readinto
    return self._sock.recv_into(b)
socket.timeout: timed out

During handling of the above exception, another exception occurred:

Traceback (most recent call last):
  File "E:\python_work\knowledgeCity\autoCtrl\deviceCtrl.py", line 79, in _monitorDevices
    s2 = ioApi.readDOList(devices[d]["io2"])["status"] #上板机
  File "E:\python_work\knowledgeCity\remoteio\remoteioApi.py", line 73, in readDOList
    return _remoteio('/api/remoteio/readDOList', id, param)
  File "E:\python_work\knowledgeCity\remoteio\remoteioApi.py", line 100, in _remoteio
    return http_get(url + apiurl, param)
  File "E:\python_work\knowledgeCity\remoteio\remoteioApi.py", line 16, in http_get
    r = webutility.http_get(url, param)
  File "E:\python_work\knowledgeCity\common\webutility.py", line 105, in http_get
    raise Exception("http get",url,params,"error:",str(e))
Exception: ('http get', 'http://127.0.0.1:8999/api/remoteio/readDOList', {'id': 'downStation01'}, 'error:', 'timed out')

[DEBUG]2021-01-25 16:13:10,857: send http_get: http://127.0.0.1:8999/api/remoteio/readDOList?id=upStation01
[DEBUG]2021-01-25 16:13:10,921: [return] use 64 ms,http_get: http://127.0.0.1:8999/api/remoteio/readDOList?id=upStation01
[DEBUG]2021-01-25 16:13:10,921: send http_get: http://127.0.0.1:8999/api/remoteio/readDOList?id=downStation01
[WARN]2021-01-25 16:13:14,723: worker 4[tid:12472] <locked _thread.RLock object owner=12472 count=1 at 0x000002D69EDEF720> ,hold 21022 ms
[INFO]2021-01-25 16:13:14,774: name=worker 4, pid=17980, tid=12472
[01] File "D:/Python/Python38/lib/threading.py", line 870, in run() 
[02] File "D:/Python/Python38/lib/site-packages/paste/httpserver.py", line 903, in worker_thread_callback() 
[03] File "D:/Python/Python38/lib/site-packages/paste/httpserver.py", line 1077, in <lambda>() 
[04] File "D:/Python/Python38/lib/site-packages/paste/httpserver.py", line 1092, in process_request_in_thread() 
[05] File "D:/Python/Python38/lib/socketserver.py", line 360, in finish_request() 
[06] File "D:/Python/Python38/lib/socketserver.py", line 720, in __init__() 
[07] File "D:/Python/Python38/lib/site-packages/paste/httpserver.py", line 460, in handle() 
[08] File "D:/Python/Python38/lib/http/server.py", line 426, in handle() 
[09] File "D:/Python/Python38/lib/site-packages/paste/httpserver.py", line 455, in handle_one_request() 
[10] File "D:/Python/Python38/lib/site-packages/paste/httpserver.py", line 304, in wsgi_execute() 
[11] File "D:/Python/Python38/lib/site-packages/paste/translogger.py", line 69, in __call__() 
[12] File "D:/Python/Python38/lib/site-packages/bottle.py", line 979, in __call__() 
[13] File "D:/Python/Python38/lib/site-packages/bottle.py", line 954, in wsgi() 
[14] File "D:/Python/Python38/lib/site-packages/bottle.py", line 862, in _handle() 
[15] File "D:/Python/Python38/lib/site-packages/bottle.py", line 1742, in wrapper() 
[16] File "E:/python_work/knowledgeCity/common/webutility.py", line 465, in _enable_cors() 
[17] File "E:/python_work/knowledgeCity/common/webutility.py", line 481, in _enable_cors() 
[18] File "E:/python_work/knowledgeCity/common/scadaUtility.py", line 45, in __call() 
[19] File "E:/python_work/knowledgeCity/remoteio/main_remoteio.py", line 87, in urlReadDOList() 
[20] File "E:/python_work/knowledgeCity/remoteio/remoteioMgr.py", line 158, in readDOList() 
[21] File "E:/python_work/knowledgeCity/remoteio/remoteioMgr.py", line 262, in readDOList() 
[22] File "E:/python_work/knowledgeCity/common/lock.py", line 124, in _call() 
[23] File "E:/python_work/knowledgeCity/common/lock.py", line 102, in release() 
[24] File "E:/python_work/knowledgeCity/common/enhance.py", line 268, in getTrace() 
[25] File "E:/python_work/knowledgeCity/common/enhance.py", line 248, in getThreadStack()
[CRITICAL]2021-01-25 16:13:14,837: downStation01 readDIList fail cause a error: [WinError 10060] 由于连接方在一段时间后没有正确答复或连接的主机没有反应，连接尝试失败。
pid=17980, ppid=6772, tid=12472
Traceback (most recent call last):
  File "E:\python_work\knowledgeCity\remoteio\remoteioMgr.py", line 262, in readDOList
    return self._read(M30, IO_LENTH)
  File "E:\python_work\knowledgeCity\common\lock.py", line 122, in _call
    return func(*p,**pp)
  File "E:\python_work\knowledgeCity\remoteio\remoteioMgr.py", line 311, in _read
    self.master.open()
  File "E:\python_work\knowledgeCity\common\modbusapi.py", line 60, in open
    self.master.open()
  File "D:\Python\Python38\lib\site-packages\modbus_tk\modbus.py", line 99, in open
    self._do_open()
  File "D:\Python\Python38\lib\site-packages\modbus_tk\modbus_tcp.py", line 173, in _do_open
    self._sock.connect((self._host, self._port))
TimeoutError: [WinError 10060] 由于连接方在一段时间后没有正确答复或连接的主机没有反应，连接尝试失败。

[CRITICAL]2021-01-25 16:13:14,926: invoke <function urlReadDOList at 0x000002D69EDEE1F0> cause a error: [WinError 10060] 由于连接方在一段时间后没有正确答复或连接的主机没有反应，连接尝试失败。
pid=17980, ppid=6772, tid=12472
Traceback (most recent call last):
  File "E:\python_work\knowledgeCity\common\scadaUtility.py", line 45, in __call
    ret = func(*p,**pp)
  File "E:\python_work\knowledgeCity\remoteio\main_remoteio.py", line 87, in urlReadDOList
    return ioMgr.readDOList(id)
  File "E:\python_work\knowledgeCity\remoteio\remoteioMgr.py", line 158, in readDOList
    result=remoteioInfo.readDOList()
  File "E:\python_work\knowledgeCity\remoteio\remoteioMgr.py", line 262, in readDOList
    return self._read(M30, IO_LENTH)
  File "E:\python_work\knowledgeCity\common\lock.py", line 122, in _call
    return func(*p,**pp)
  File "E:\python_work\knowledgeCity\remoteio\remoteioMgr.py", line 311, in _read
    self.master.open()
  File "E:\python_work\knowledgeCity\common\modbusapi.py", line 60, in open
    self.master.open()
  File "D:\Python\Python38\lib\site-packages\modbus_tk\modbus.py", line 99, in open
    self._do_open()
  File "D:\Python\Python38\lib\site-packages\modbus_tk\modbus_tcp.py", line 173, in _do_open
    self._sock.connect((self._host, self._port))
TimeoutError: [WinError 10060] 由于连接方在一段时间后没有正确答复或连接的主机没有反应，连接尝试失败。

[CRITICAL]2021-01-25 16:13:26,000: readDIList error cause a error: ('http get', 'http://127.0.0.1:8999/api/remoteio/readDOList', {'id': 'downStation01'}, 'error:', 'timed out')
pid=17980, ppid=6772, tid=11704
Traceback (most recent call last):
  File "E:\python_work\knowledgeCity\common\webutility.py", line 103, in http_get
    f = urllib.request.urlopen(u,timeout=timeout)
  File "D:\Python\Python38\lib\urllib\request.py", line 222, in urlopen
    return opener.open(url, data, timeout)
  File "D:\Python\Python38\lib\urllib\request.py", line 525, in open
    response = self._open(req, data)
  File "D:\Python\Python38\lib\urllib\request.py", line 542, in _open
    result = self._call_chain(self.handle_open, protocol, protocol +
  File "D:\Python\Python38\lib\urllib\request.py", line 502, in _call_chain
    result = func(*args)
  File "D:\Python\Python38\lib\urllib\request.py", line 1346, in http_open
    return self.do_open(http.client.HTTPConnection, req)
  File "D:\Python\Python38\lib\urllib\request.py", line 1321, in do_open
    r = h.getresponse()
  File "D:\Python\Python38\lib\http\client.py", line 1322, in getresponse
    response.begin()
  File "D:\Python\Python38\lib\http\client.py", line 303, in begin
    version, status, reason = self._read_status()
  File "D:\Python\Python38\lib\http\client.py", line 264, in _read_status
    line = str(self.fp.readline(_MAXLINE + 1), "iso-8859-1")
  File "D:\Python\Python38\lib\socket.py", line 669, in readinto
    return self._sock.recv_into(b)
socket.timeout: timed out

During handling of the above exception, another exception occurred:

Traceback (most recent call last):
  File "E:\python_work\knowledgeCity\autoCtrl\deviceCtrl.py", line 79, in _monitorDevices
    s2 = ioApi.readDOList(devices[d]["io2"])["status"] #上板机
  File "E:\python_work\knowledgeCity\remoteio\remoteioApi.py", line 73, in readDOList
    return _remoteio('/api/remoteio/readDOList', id, param)
  File "E:\python_work\knowledgeCity\remoteio\remoteioApi.py", line 100, in _remoteio
    return http_get(url + apiurl, param)
  File "E:\python_work\knowledgeCity\remoteio\remoteioApi.py", line 16, in http_get
    r = webutility.http_get(url, param)
  File "E:\python_work\knowledgeCity\common\webutility.py", line 105, in http_get
    raise Exception("http get",url,params,"error:",str(e))
Exception: ('http get', 'http://127.0.0.1:8999/api/remoteio/readDOList', {'id': 'downStation01'}, 'error:', 'timed out')

[INFO]2021-01-25 16:13:27,032: remoteio is alarm: []
[DEBUG]2021-01-25 16:13:28,159: send http_get: http://127.0.0.1:8999/api/remoteio/readDOList?id=upStation01
[DEBUG]2021-01-25 16:13:28,225: [return] use 66 ms,http_get: http://127.0.0.1:8999/api/remoteio/readDOList?id=upStation01
[DEBUG]2021-01-25 16:13:28,225: send http_get: http://127.0.0.1:8999/api/remoteio/readDOList?id=downStation01
[WARN]2021-01-25 16:13:35,817: worker 6[tid:19404] <locked _thread.RLock object owner=19404 count=1 at 0x000002D69EDEF720> ,hold 24861 ms
[INFO]2021-01-25 16:13:35,818: name=worker 6, pid=17980, tid=19404
[01] File "D:/Python/Python38/lib/threading.py", line 870, in run() 
[02] File "D:/Python/Python38/lib/site-packages/paste/httpserver.py", line 903, in worker_thread_callback() 
[03] File "D:/Python/Python38/lib/site-packages/paste/httpserver.py", line 1077, in <lambda>() 
[04] File "D:/Python/Python38/lib/site-packages/paste/httpserver.py", line 1092, in process_request_in_thread() 
[05] File "D:/Python/Python38/lib/socketserver.py", line 360, in finish_request() 
[06] File "D:/Python/Python38/lib/socketserver.py", line 720, in __init__() 
[07] File "D:/Python/Python38/lib/site-packages/paste/httpserver.py", line 460, in handle() 
[08] File "D:/Python/Python38/lib/http/server.py", line 426, in handle() 
[09] File "D:/Python/Python38/lib/site-packages/paste/httpserver.py", line 455, in handle_one_request() 
[10] File "D:/Python/Python38/lib/site-packages/paste/httpserver.py", line 304, in wsgi_execute() 
[11] File "D:/Python/Python38/lib/site-packages/paste/translogger.py", line 69, in __call__() 
[12] File "D:/Python/Python38/lib/site-packages/bottle.py", line 979, in __call__() 
[13] File "D:/Python/Python38/lib/site-packages/bottle.py", line 954, in wsgi() 
[14] File "D:/Python/Python38/lib/site-packages/bottle.py", line 862, in _handle() 
[15] File "D:/Python/Python38/lib/site-packages/bottle.py", line 1742, in wrapper() 
[16] File "E:/python_work/knowledgeCity/common/webutility.py", line 465, in _enable_cors() 
[17] File "E:/python_work/knowledgeCity/common/webutility.py", line 481, in _enable_cors() 
[18] File "E:/python_work/knowledgeCity/common/scadaUtility.py", line 45, in __call() 
[19] File "E:/python_work/knowledgeCity/remoteio/main_remoteio.py", line 87, in urlReadDOList() 
[20] File "E:/python_work/knowledgeCity/remoteio/remoteioMgr.py", line 158, in readDOList() 
[21] File "E:/python_work/knowledgeCity/remoteio/remoteioMgr.py", line 262, in readDOList() 
[22] File "E:/python_work/knowledgeCity/common/lock.py", line 124, in _call() 
[23] File "E:/python_work/knowledgeCity/common/lock.py", line 102, in release() 
[24] File "E:/python_work/knowledgeCity/common/enhance.py", line 268, in getTrace() 
[25] File "E:/python_work/knowledgeCity/common/enhance.py", line 248, in getThreadStack()
[CRITICAL]2021-01-25 16:13:35,861: downStation01 readDIList fail cause a error: [WinError 10060] 由于连接方在一段时间后没有正确答复或连接的主机没有反应，连接尝试失败。
pid=17980, ppid=6772, tid=19404
Traceback (most recent call last):
  File "E:\python_work\knowledgeCity\remoteio\remoteioMgr.py", line 262, in readDOList
    return self._read(M30, IO_LENTH)
  File "E:\python_work\knowledgeCity\common\lock.py", line 122, in _call
    return func(*p,**pp)
  File "E:\python_work\knowledgeCity\remoteio\remoteioMgr.py", line 311, in _read
    self.master.open()
  File "E:\python_work\knowledgeCity\common\modbusapi.py", line 60, in open
    self.master.open()
  File "D:\Python\Python38\lib\site-packages\modbus_tk\modbus.py", line 99, in open
    self._do_open()
  File "D:\Python\Python38\lib\site-packages\modbus_tk\modbus_tcp.py", line 173, in _do_open
    self._sock.connect((self._host, self._port))
TimeoutError: [WinError 10060] 由于连接方在一段时间后没有正确答复或连接的主机没有反应，连接尝试失败。

[CRITICAL]2021-01-25 16:13:35,918: invoke <function urlReadDOList at 0x000002D69EDEE1F0> cause a error: [WinError 10060] 由于连接方在一段时间后没有正确答复或连接的主机没有反应，连接尝试失败。
pid=17980, ppid=6772, tid=19404
Traceback (most recent call last):
  File "E:\python_work\knowledgeCity\common\scadaUtility.py", line 45, in __call
    ret = func(*p,**pp)
  File "E:\python_work\knowledgeCity\remoteio\main_remoteio.py", line 87, in urlReadDOList
    return ioMgr.readDOList(id)
  File "E:\python_work\knowledgeCity\remoteio\remoteioMgr.py", line 158, in readDOList
    result=remoteioInfo.readDOList()
  File "E:\python_work\knowledgeCity\remoteio\remoteioMgr.py", line 262, in readDOList
    return self._read(M30, IO_LENTH)
  File "E:\python_work\knowledgeCity\common\lock.py", line 122, in _call
    return func(*p,**pp)
  File "E:\python_work\knowledgeCity\remoteio\remoteioMgr.py", line 311, in _read
    self.master.open()
  File "E:\python_work\knowledgeCity\common\modbusapi.py", line 60, in open
    self.master.open()
  File "D:\Python\Python38\lib\site-packages\modbus_tk\modbus.py", line 99, in open
    self._do_open()
  File "D:\Python\Python38\lib\site-packages\modbus_tk\modbus_tcp.py", line 173, in _do_open
    self._sock.connect((self._host, self._port))
TimeoutError: [WinError 10060] 由于连接方在一段时间后没有正确答复或连接的主机没有反应，连接尝试失败。

[CRITICAL]2021-01-25 16:13:43,336: readDIList error cause a error: ('http get', 'http://127.0.0.1:8999/api/remoteio/readDOList', {'id': 'downStation01'}, 'error:', 'timed out')
pid=17980, ppid=6772, tid=11704
Traceback (most recent call last):
  File "E:\python_work\knowledgeCity\common\webutility.py", line 103, in http_get
    f = urllib.request.urlopen(u,timeout=timeout)
  File "D:\Python\Python38\lib\urllib\request.py", line 222, in urlopen
    return opener.open(url, data, timeout)
  File "D:\Python\Python38\lib\urllib\request.py", line 525, in open
    response = self._open(req, data)
  File "D:\Python\Python38\lib\urllib\request.py", line 542, in _open
    result = self._call_chain(self.handle_open, protocol, protocol +
  File "D:\Python\Python38\lib\urllib\request.py", line 502, in _call_chain
    result = func(*args)
  File "D:\Python\Python38\lib\urllib\request.py", line 1346, in http_open
    return self.do_open(http.client.HTTPConnection, req)
  File "D:\Python\Python38\lib\urllib\request.py", line 1321, in do_open
    r = h.getresponse()
  File "D:\Python\Python38\lib\http\client.py", line 1322, in getresponse
    response.begin()
  File "D:\Python\Python38\lib\http\client.py", line 303, in begin
    version, status, reason = self._read_status()
  File "D:\Python\Python38\lib\http\client.py", line 264, in _read_status
    line = str(self.fp.readline(_MAXLINE + 1), "iso-8859-1")
  File "D:\Python\Python38\lib\socket.py", line 669, in readinto
    return self._sock.recv_into(b)
socket.timeout: timed out

During handling of the above exception, another exception occurred:

Traceback (most recent call last):
  File "E:\python_work\knowledgeCity\autoCtrl\deviceCtrl.py", line 79, in _monitorDevices
    s2 = ioApi.readDOList(devices[d]["io2"])["status"] #上板机
  File "E:\python_work\knowledgeCity\remoteio\remoteioApi.py", line 73, in readDOList
    return _remoteio('/api/remoteio/readDOList', id, param)
  File "E:\python_work\knowledgeCity\remoteio\remoteioApi.py", line 100, in _remoteio
    return http_get(url + apiurl, param)
  File "E:\python_work\knowledgeCity\remoteio\remoteioApi.py", line 16, in http_get
    r = webutility.http_get(url, param)
  File "E:\python_work\knowledgeCity\common\webutility.py", line 105, in http_get
    raise Exception("http get",url,params,"error:",str(e))
Exception: ('http get', 'http://127.0.0.1:8999/api/remoteio/readDOList', {'id': 'downStation01'}, 'error:', 'timed out')

[INFO]2021-01-25 16:13:44,402: remoteio is alarm: []
[DEBUG]2021-01-25 16:13:45,456: send http_get: http://127.0.0.1:8999/api/remoteio/readDOList?id=upStation01
[DEBUG]2021-01-25 16:13:45,477: [return] use 21 ms,http_get: http://127.0.0.1:8999/api/remoteio/readDOList?id=upStation01
[DEBUG]2021-01-25 16:13:45,477: send http_get: http://127.0.0.1:8999/api/remoteio/readDOList?id=downStation01
[WARN]2021-01-25 16:13:56,881: worker 8[tid:16064] <locked _thread.RLock object owner=16064 count=1 at 0x000002D69EDEF720> ,hold 28615 ms
[INFO]2021-01-25 16:13:56,895: name=worker 8, pid=17980, tid=16064
[01] File "D:/Python/Python38/lib/threading.py", line 870, in run() 
[02] File "D:/Python/Python38/lib/site-packages/paste/httpserver.py", line 903, in worker_thread_callback() 
[03] File "D:/Python/Python38/lib/site-packages/paste/httpserver.py", line 1077, in <lambda>() 
[04] File "D:/Python/Python38/lib/site-packages/paste/httpserver.py", line 1092, in process_request_in_thread() 
[05] File "D:/Python/Python38/lib/socketserver.py", line 360, in finish_request() 
[06] File "D:/Python/Python38/lib/socketserver.py", line 720, in __init__() 
[07] File "D:/Python/Python38/lib/site-packages/paste/httpserver.py", line 460, in handle() 
[08] File "D:/Python/Python38/lib/http/server.py", line 426, in handle() 
[09] File "D:/Python/Python38/lib/site-packages/paste/httpserver.py", line 455, in handle_one_request() 
[10] File "D:/Python/Python38/lib/site-packages/paste/httpserver.py", line 304, in wsgi_execute() 
[11] File "D:/Python/Python38/lib/site-packages/paste/translogger.py", line 69, in __call__() 
[12] File "D:/Python/Python38/lib/site-packages/bottle.py", line 979, in __call__() 
[13] File "D:/Python/Python38/lib/site-packages/bottle.py", line 954, in wsgi() 
[14] File "D:/Python/Python38/lib/site-packages/bottle.py", line 862, in _handle() 
[15] File "D:/Python/Python38/lib/site-packages/bottle.py", line 1742, in wrapper() 
[16] File "E:/python_work/knowledgeCity/common/webutility.py", line 465, in _enable_cors() 
[17] File "E:/python_work/knowledgeCity/common/webutility.py", line 481, in _enable_cors() 
[18] File "E:/python_work/knowledgeCity/common/scadaUtility.py", line 45, in __call() 
[19] File "E:/python_work/knowledgeCity/remoteio/main_remoteio.py", line 87, in urlReadDOList() 
[20] File "E:/python_work/knowledgeCity/remoteio/remoteioMgr.py", line 158, in readDOList() 
[21] File "E:/python_work/knowledgeCity/remoteio/remoteioMgr.py", line 262, in readDOList() 
[22] File "E:/python_work/knowledgeCity/common/lock.py", line 124, in _call() 
[23] File "E:/python_work/knowledgeCity/common/lock.py", line 102, in release() 
[24] File "E:/python_work/knowledgeCity/common/enhance.py", line 268, in getTrace() 
[25] File "E:/python_work/knowledgeCity/common/enhance.py", line 248, in getThreadStack()
[CRITICAL]2021-01-25 16:13:56,908: downStation01 readDIList fail cause a error: [WinError 10060] 由于连接方在一段时间后没有正确答复或连接的主机没有反应，连接尝试失败。
pid=17980, ppid=6772, tid=16064
Traceback (most recent call last):
  File "E:\python_work\knowledgeCity\remoteio\remoteioMgr.py", line 262, in readDOList
    return self._read(M30, IO_LENTH)
  File "E:\python_work\knowledgeCity\common\lock.py", line 122, in _call
    return func(*p,**pp)
  File "E:\python_work\knowledgeCity\remoteio\remoteioMgr.py", line 311, in _read
    self.master.open()
  File "E:\python_work\knowledgeCity\common\modbusapi.py", line 60, in open
    self.master.open()
  File "D:\Python\Python38\lib\site-packages\modbus_tk\modbus.py", line 99, in open
    self._do_open()
  File "D:\Python\Python38\lib\site-packages\modbus_tk\modbus_tcp.py", line 173, in _do_open
    self._sock.connect((self._host, self._port))
TimeoutError: [WinError 10060] 由于连接方在一段时间后没有正确答复或连接的主机没有反应，连接尝试失败。

[CRITICAL]2021-01-25 16:13:56,939: invoke <function urlReadDOList at 0x000002D69EDEE1F0> cause a error: [WinError 10060] 由于连接方在一段时间后没有正确答复或连接的主机没有反应，连接尝试失败。
pid=17980, ppid=6772, tid=16064
Traceback (most recent call last):
  File "E:\python_work\knowledgeCity\common\scadaUtility.py", line 45, in __call
    ret = func(*p,**pp)
  File "E:\python_work\knowledgeCity\remoteio\main_remoteio.py", line 87, in urlReadDOList
    return ioMgr.readDOList(id)
  File "E:\python_work\knowledgeCity\remoteio\remoteioMgr.py", line 158, in readDOList
    result=remoteioInfo.readDOList()
  File "E:\python_work\knowledgeCity\remoteio\remoteioMgr.py", line 262, in readDOList
    return self._read(M30, IO_LENTH)
  File "E:\python_work\knowledgeCity\common\lock.py", line 122, in _call
    return func(*p,**pp)
  File "E:\python_work\knowledgeCity\remoteio\remoteioMgr.py", line 311, in _read
    self.master.open()
  File "E:\python_work\knowledgeCity\common\modbusapi.py", line 60, in open
    self.master.open()
  File "D:\Python\Python38\lib\site-packages\modbus_tk\modbus.py", line 99, in open
    self._do_open()
  File "D:\Python\Python38\lib\site-packages\modbus_tk\modbus_tcp.py", line 173, in _do_open
    self._sock.connect((self._host, self._port))
TimeoutError: [WinError 10060] 由于连接方在一段时间后没有正确答复或连接的主机没有反应，连接尝试失败。

[CRITICAL]2021-01-25 16:14:00,575: readDIList error cause a error: ('http get', 'http://127.0.0.1:8999/api/remoteio/readDOList', {'id': 'downStation01'}, 'error:', 'timed out')
pid=17980, ppid=6772, tid=11704
Traceback (most recent call last):
  File "E:\python_work\knowledgeCity\common\webutility.py", line 103, in http_get
    f = urllib.request.urlopen(u,timeout=timeout)
  File "D:\Python\Python38\lib\urllib\request.py", line 222, in urlopen
    return opener.open(url, data, timeout)
  File "D:\Python\Python38\lib\urllib\request.py", line 525, in open
    response = self._open(req, data)
  File "D:\Python\Python38\lib\urllib\request.py", line 542, in _open
    result = self._call_chain(self.handle_open, protocol, protocol +
  File "D:\Python\Python38\lib\urllib\request.py", line 502, in _call_chain
    result = func(*args)
  File "D:\Python\Python38\lib\urllib\request.py", line 1346, in http_open
    return self.do_open(http.client.HTTPConnection, req)
  File "D:\Python\Python38\lib\urllib\request.py", line 1321, in do_open
    r = h.getresponse()
  File "D:\Python\Python38\lib\http\client.py", line 1322, in getresponse
    response.begin()
  File "D:\Python\Python38\lib\http\client.py", line 303, in begin
    version, status, reason = self._read_status()
  File "D:\Python\Python38\lib\http\client.py", line 264, in _read_status
    line = str(self.fp.readline(_MAXLINE + 1), "iso-8859-1")
  File "D:\Python\Python38\lib\socket.py", line 669, in readinto
    return self._sock.recv_into(b)
socket.timeout: timed out

During handling of the above exception, another exception occurred:

Traceback (most recent call last):
  File "E:\python_work\knowledgeCity\autoCtrl\deviceCtrl.py", line 79, in _monitorDevices
    s2 = ioApi.readDOList(devices[d]["io2"])["status"] #上板机
  File "E:\python_work\knowledgeCity\remoteio\remoteioApi.py", line 73, in readDOList
    return _remoteio('/api/remoteio/readDOList', id, param)
  File "E:\python_work\knowledgeCity\remoteio\remoteioApi.py", line 100, in _remoteio
    return http_get(url + apiurl, param)
  File "E:\python_work\knowledgeCity\remoteio\remoteioApi.py", line 16, in http_get
    r = webutility.http_get(url, param)
  File "E:\python_work\knowledgeCity\common\webutility.py", line 105, in http_get
    raise Exception("http get",url,params,"error:",str(e))
Exception: ('http get', 'http://127.0.0.1:8999/api/remoteio/readDOList', {'id': 'downStation01'}, 'error:', 'timed out')

[INFO]2021-01-25 16:14:01,631: remoteio is alarm: []
[DEBUG]2021-01-25 16:14:02,723: send http_get: http://127.0.0.1:8999/api/remoteio/readDOList?id=upStation01
[DEBUG]2021-01-25 16:14:02,832: [return] use 109 ms,http_get: http://127.0.0.1:8999/api/remoteio/readDOList?id=upStation01
[DEBUG]2021-01-25 16:14:02,856: send http_get: http://127.0.0.1:8999/api/remoteio/readDOList?id=downStation01
[CRITICAL]2021-01-25 16:14:17,938: readDIList error cause a error: ('http get', 'http://127.0.0.1:8999/api/remoteio/readDOList', {'id': 'downStation01'}, 'error:', 'timed out')
pid=17980, ppid=6772, tid=11704
Traceback (most recent call last):
  File "E:\python_work\knowledgeCity\common\webutility.py", line 103, in http_get
    f = urllib.request.urlopen(u,timeout=timeout)
  File "D:\Python\Python38\lib\urllib\request.py", line 222, in urlopen
    return opener.open(url, data, timeout)
  File "D:\Python\Python38\lib\urllib\request.py", line 525, in open
    response = self._open(req, data)
  File "D:\Python\Python38\lib\urllib\request.py", line 542, in _open
    result = self._call_chain(self.handle_open, protocol, protocol +
  File "D:\Python\Python38\lib\urllib\request.py", line 502, in _call_chain
    result = func(*args)
  File "D:\Python\Python38\lib\urllib\request.py", line 1346, in http_open
    return self.do_open(http.client.HTTPConnection, req)
  File "D:\Python\Python38\lib\urllib\request.py", line 1321, in do_open
    r = h.getresponse()
  File "D:\Python\Python38\lib\http\client.py", line 1322, in getresponse
    response.begin()
  File "D:\Python\Python38\lib\http\client.py", line 303, in begin
    version, status, reason = self._read_status()
  File "D:\Python\Python38\lib\http\client.py", line 264, in _read_status
    line = str(self.fp.readline(_MAXLINE + 1), "iso-8859-1")
  File "D:\Python\Python38\lib\socket.py", line 669, in readinto
    return self._sock.recv_into(b)
socket.timeout: timed out

During handling of the above exception, another exception occurred:

Traceback (most recent call last):
  File "E:\python_work\knowledgeCity\autoCtrl\deviceCtrl.py", line 79, in _monitorDevices
    s2 = ioApi.readDOList(devices[d]["io2"])["status"] #上板机
  File "E:\python_work\knowledgeCity\remoteio\remoteioApi.py", line 73, in readDOList
    return _remoteio('/api/remoteio/readDOList', id, param)
  File "E:\python_work\knowledgeCity\remoteio\remoteioApi.py", line 100, in _remoteio
    return http_get(url + apiurl, param)
  File "E:\python_work\knowledgeCity\remoteio\remoteioApi.py", line 16, in http_get
    r = webutility.http_get(url, param)
  File "E:\python_work\knowledgeCity\common\webutility.py", line 105, in http_get
    raise Exception("http get",url,params,"error:",str(e))
Exception: ('http get', 'http://127.0.0.1:8999/api/remoteio/readDOList', {'id': 'downStation01'}, 'error:', 'timed out')

[WARN]2021-01-25 16:14:17,978: worker 1[tid:10424] <locked _thread.RLock object owner=10424 count=1 at 0x000002D69EDEF720> ,hold 32464 ms
[INFO]2021-01-25 16:14:18,021: name=worker 1, pid=17980, tid=10424
[01] File "D:/Python/Python38/lib/threading.py", line 870, in run() 
[02] File "D:/Python/Python38/lib/site-packages/paste/httpserver.py", line 903, in worker_thread_callback() 
[03] File "D:/Python/Python38/lib/site-packages/paste/httpserver.py", line 1077, in <lambda>() 
[04] File "D:/Python/Python38/lib/site-packages/paste/httpserver.py", line 1092, in process_request_in_thread() 
[05] File "D:/Python/Python38/lib/socketserver.py", line 360, in finish_request() 
[06] File "D:/Python/Python38/lib/socketserver.py", line 720, in __init__() 
[07] File "D:/Python/Python38/lib/site-packages/paste/httpserver.py", line 460, in handle() 
[08] File "D:/Python/Python38/lib/http/server.py", line 426, in handle() 
[09] File "D:/Python/Python38/lib/site-packages/paste/httpserver.py", line 455, in handle_one_request() 
[10] File "D:/Python/Python38/lib/site-packages/paste/httpserver.py", line 304, in wsgi_execute() 
[11] File "D:/Python/Python38/lib/site-packages/paste/translogger.py", line 69, in __call__() 
[12] File "D:/Python/Python38/lib/site-packages/bottle.py", line 979, in __call__() 
[13] File "D:/Python/Python38/lib/site-packages/bottle.py", line 954, in wsgi() 
[14] File "D:/Python/Python38/lib/site-packages/bottle.py", line 862, in _handle() 
[15] File "D:/Python/Python38/lib/site-packages/bottle.py", line 1742, in wrapper() 
[16] File "E:/python_work/knowledgeCity/common/webutility.py", line 465, in _enable_cors() 
[17] File "E:/python_work/knowledgeCity/common/webutility.py", line 481, in _enable_cors() 
[18] File "E:/python_work/knowledgeCity/common/scadaUtility.py", line 45, in __call() 
[19] File "E:/python_work/knowledgeCity/remoteio/main_remoteio.py", line 87, in urlReadDOList() 
[20] File "E:/python_work/knowledgeCity/remoteio/remoteioMgr.py", line 158, in readDOList() 
[21] File "E:/python_work/knowledgeCity/remoteio/remoteioMgr.py", line 262, in readDOList() 
[22] File "E:/python_work/knowledgeCity/common/lock.py", line 124, in _call() 
[23] File "E:/python_work/knowledgeCity/common/lock.py", line 102, in release() 
[24] File "E:/python_work/knowledgeCity/common/enhance.py", line 268, in getTrace() 
[25] File "E:/python_work/knowledgeCity/common/enhance.py", line 248, in getThreadStack()
[CRITICAL]2021-01-25 16:14:18,073: downStation01 readDIList fail cause a error: [WinError 10060] 由于连接方在一段时间后没有正确答复或连接的主机没有反应，连接尝试失败。
pid=17980, ppid=6772, tid=10424
Traceback (most recent call last):
  File "E:\python_work\knowledgeCity\remoteio\remoteioMgr.py", line 262, in readDOList
    return self._read(M30, IO_LENTH)
  File "E:\python_work\knowledgeCity\common\lock.py", line 122, in _call
    return func(*p,**pp)
  File "E:\python_work\knowledgeCity\remoteio\remoteioMgr.py", line 311, in _read
    self.master.open()
  File "E:\python_work\knowledgeCity\common\modbusapi.py", line 60, in open
    self.master.open()
  File "D:\Python\Python38\lib\site-packages\modbus_tk\modbus.py", line 99, in open
    self._do_open()
  File "D:\Python\Python38\lib\site-packages\modbus_tk\modbus_tcp.py", line 173, in _do_open
    self._sock.connect((self._host, self._port))
TimeoutError: [WinError 10060] 由于连接方在一段时间后没有正确答复或连接的主机没有反应，连接尝试失败。

[CRITICAL]2021-01-25 16:14:18,134: invoke <function urlReadDOList at 0x000002D69EDEE1F0> cause a error: [WinError 10060] 由于连接方在一段时间后没有正确答复或连接的主机没有反应，连接尝试失败。
pid=17980, ppid=6772, tid=10424
Traceback (most recent call last):
  File "E:\python_work\knowledgeCity\common\scadaUtility.py", line 45, in __call
    ret = func(*p,**pp)
  File "E:\python_work\knowledgeCity\remoteio\main_remoteio.py", line 87, in urlReadDOList
    return ioMgr.readDOList(id)
  File "E:\python_work\knowledgeCity\remoteio\remoteioMgr.py", line 158, in readDOList
    result=remoteioInfo.readDOList()
  File "E:\python_work\knowledgeCity\remoteio\remoteioMgr.py", line 262, in readDOList
    return self._read(M30, IO_LENTH)
  File "E:\python_work\knowledgeCity\common\lock.py", line 122, in _call
    return func(*p,**pp)
  File "E:\python_work\knowledgeCity\remoteio\remoteioMgr.py", line 311, in _read
    self.master.open()
  File "E:\python_work\knowledgeCity\common\modbusapi.py", line 60, in open
    self.master.open()
  File "D:\Python\Python38\lib\site-packages\modbus_tk\modbus.py", line 99, in open
    self._do_open()
  File "D:\Python\Python38\lib\site-packages\modbus_tk\modbus_tcp.py", line 173, in _do_open
    self._sock.connect((self._host, self._port))
TimeoutError: [WinError 10060] 由于连接方在一段时间后没有正确答复或连接的主机没有反应，连接尝试失败。

[INFO]2021-01-25 16:14:18,985: remoteio is alarm: []
[DEBUG]2021-01-25 16:14:20,080: send http_get: http://127.0.0.1:8999/api/remoteio/readDOList?id=upStation01
[DEBUG]2021-01-25 16:14:20,138: [return] use 58 ms,http_get: http://127.0.0.1:8999/api/remoteio/readDOList?id=upStation01
[DEBUG]2021-01-25 16:14:20,155: send http_get: http://127.0.0.1:8999/api/remoteio/readDOList?id=downStation01
