[CRITICAL]2021-05-20 10:17:07,865: readStatus1, agvId:3F-ChaChe-AGV cause a error: 3F-ChaChe-AGV执行2002错误,code=60001,msg=<class 'struct.error'>: 'required argument is not a float' when writing 'loc: ''
x: -0.605
y: 10.863
angle: None
isRotate: False'
pid=1056, ppid=3004, tid=3000
Traceback (most recent call last):
  File "C:\Users\comba\Desktop\知识城地牛\knowledgeCity\agvCtrl\agvList.py", line 874, in readStatus1
    self._checkReloc()
  File "C:\Users\comba\Desktop\知识城地牛\knowledgeCity\agvCtrl\agvList.py", line 891, in _checkReloc
    self._relocHome()
  File "C:\Users\comba\Desktop\知识城地牛\knowledgeCity\agvCtrl\agvList.py", line 453, in _relocHome
    agvCtrl.reloc2(self.agvId,loc=loc)
  File "..\driver\seerAgv\agvCtrl.py", line 57, in reloc2
    agvApi.ctrl(agvId,"robot_control_reloc_req",{"loc": loc})
  File "..\driver\seerAgv\agvApi.py", line 191, in ctrl
    return _handle(agvId, API_PORT_CTRL, type, data)
  File "..\driver\seerAgv\agvApi.py", line 252, in _handle
    result = _request(agvId, port, typeId, data)
  File "..\driver\seerAgv\agvApi.py", line 289, in _request
    result = sendCmd(agvId, buf, ip, port, type)
  File "..\driver\seerAgv\agvApi.py", line 315, in sendCmd
    result= _checkError(agvId, type, obj)
  File "..\driver\seerAgv\agvApi.py", line 366, in _checkError
    raise IOError(agvId + "执行" + str(type) + "错误" + ",code=" + str(code) + ",msg=" + msg)
OSError: 3F-ChaChe-AGV执行2002错误,code=60001,msg=<class 'struct.error'>: 'required argument is not a float' when writing 'loc: ''
x: -0.605
y: 10.863
angle: None
isRotate: False'

[CRITICAL]2021-05-20 10:17:13,806: readStatus1, agvId:3F-ChaChe-AGV cause a error: 3F-ChaChe-AGV执行2002错误,code=60001,msg=<class 'struct.error'>: 'required argument is not a float' when writing 'loc: ''
x: -0.605
y: 10.863
angle: None
isRotate: False'
pid=1056, ppid=3004, tid=3000
Traceback (most recent call last):
  File "C:\Users\comba\Desktop\知识城地牛\knowledgeCity\agvCtrl\agvList.py", line 874, in readStatus1
    self._checkReloc()
  File "C:\Users\comba\Desktop\知识城地牛\knowledgeCity\agvCtrl\agvList.py", line 891, in _checkReloc
    self._relocHome()
  File "C:\Users\comba\Desktop\知识城地牛\knowledgeCity\agvCtrl\agvList.py", line 453, in _relocHome
    agvCtrl.reloc2(self.agvId,loc=loc)
  File "..\driver\seerAgv\agvCtrl.py", line 57, in reloc2
    agvApi.ctrl(agvId,"robot_control_reloc_req",{"loc": loc})
  File "..\driver\seerAgv\agvApi.py", line 191, in ctrl
    return _handle(agvId, API_PORT_CTRL, type, data)
  File "..\driver\seerAgv\agvApi.py", line 252, in _handle
    result = _request(agvId, port, typeId, data)
  File "..\driver\seerAgv\agvApi.py", line 289, in _request
    result = sendCmd(agvId, buf, ip, port, type)
  File "..\driver\seerAgv\agvApi.py", line 315, in sendCmd
    result= _checkError(agvId, type, obj)
  File "..\driver\seerAgv\agvApi.py", line 366, in _checkError
    raise IOError(agvId + "执行" + str(type) + "错误" + ",code=" + str(code) + ",msg=" + msg)
OSError: 3F-ChaChe-AGV执行2002错误,code=60001,msg=<class 'struct.error'>: 'required argument is not a float' when writing 'loc: ''
x: -0.605
y: 10.863
angle: None
isRotate: False'

[CRITICAL]2021-05-20 10:17:20,074: readStatus1, agvId:3F-ChaChe-AGV cause a error: 3F-ChaChe-AGV执行2002错误,code=60001,msg=<class 'struct.error'>: 'required argument is not a float' when writing 'loc: ''
x: -0.605
y: 10.863
angle: None
isRotate: False'
pid=1056, ppid=3004, tid=3000
Traceback (most recent call last):
  File "C:\Users\comba\Desktop\知识城地牛\knowledgeCity\agvCtrl\agvList.py", line 874, in readStatus1
    self._checkReloc()
  File "C:\Users\comba\Desktop\知识城地牛\knowledgeCity\agvCtrl\agvList.py", line 891, in _checkReloc
    self._relocHome()
  File "C:\Users\comba\Desktop\知识城地牛\knowledgeCity\agvCtrl\agvList.py", line 453, in _relocHome
    agvCtrl.reloc2(self.agvId,loc=loc)
  File "..\driver\seerAgv\agvCtrl.py", line 57, in reloc2
    agvApi.ctrl(agvId,"robot_control_reloc_req",{"loc": loc})
  File "..\driver\seerAgv\agvApi.py", line 191, in ctrl
    return _handle(agvId, API_PORT_CTRL, type, data)
  File "..\driver\seerAgv\agvApi.py", line 252, in _handle
    result = _request(agvId, port, typeId, data)
  File "..\driver\seerAgv\agvApi.py", line 289, in _request
    result = sendCmd(agvId, buf, ip, port, type)
  File "..\driver\seerAgv\agvApi.py", line 315, in sendCmd
    result= _checkError(agvId, type, obj)
  File "..\driver\seerAgv\agvApi.py", line 366, in _checkError
    raise IOError(agvId + "执行" + str(type) + "错误" + ",code=" + str(code) + ",msg=" + msg)
OSError: 3F-ChaChe-AGV执行2002错误,code=60001,msg=<class 'struct.error'>: 'required argument is not a float' when writing 'loc: ''
x: -0.605
y: 10.863
angle: None
isRotate: False'

[CRITICAL]2021-05-20 10:17:25,805: readStatus1, agvId:3F-ChaChe-AGV cause a error: 3F-ChaChe-AGV执行2002错误,code=60001,msg=<class 'struct.error'>: 'required argument is not a float' when writing 'loc: ''
x: -0.605
y: 10.863
angle: None
isRotate: False'
pid=1056, ppid=3004, tid=3000
Traceback (most recent call last):
  File "C:\Users\comba\Desktop\知识城地牛\knowledgeCity\agvCtrl\agvList.py", line 874, in readStatus1
    self._checkReloc()
  File "C:\Users\comba\Desktop\知识城地牛\knowledgeCity\agvCtrl\agvList.py", line 891, in _checkReloc
    self._relocHome()
  File "C:\Users\comba\Desktop\知识城地牛\knowledgeCity\agvCtrl\agvList.py", line 453, in _relocHome
    agvCtrl.reloc2(self.agvId,loc=loc)
  File "..\driver\seerAgv\agvCtrl.py", line 57, in reloc2
    agvApi.ctrl(agvId,"robot_control_reloc_req",{"loc": loc})
  File "..\driver\seerAgv\agvApi.py", line 191, in ctrl
    return _handle(agvId, API_PORT_CTRL, type, data)
  File "..\driver\seerAgv\agvApi.py", line 252, in _handle
    result = _request(agvId, port, typeId, data)
  File "..\driver\seerAgv\agvApi.py", line 289, in _request
    result = sendCmd(agvId, buf, ip, port, type)
  File "..\driver\seerAgv\agvApi.py", line 315, in sendCmd
    result= _checkError(agvId, type, obj)
  File "..\driver\seerAgv\agvApi.py", line 366, in _checkError
    raise IOError(agvId + "执行" + str(type) + "错误" + ",code=" + str(code) + ",msg=" + msg)
OSError: 3F-ChaChe-AGV执行2002错误,code=60001,msg=<class 'struct.error'>: 'required argument is not a float' when writing 'loc: ''
x: -0.605
y: 10.863
angle: None
isRotate: False'

[CRITICAL]2021-05-20 10:17:26,289: upStation01 init failed cause a error: ('http get', 'http://127.0.0.1:8999/api/remoteio/readDOList', {'id': 'upStation01'}, 'error:', 'timed out')
pid=1056, ppid=3004, tid=4684
Traceback (most recent call last):
  File "C:\Users\comba\Desktop\知识城地牛\knowledgeCity\common\webutility.py", line 103, in http_get
    f = urllib.request.urlopen(u,timeout=timeout)
  File "C:\Users\comba\AppData\Local\Programs\Python\Python37\lib\urllib\request.py", line 222, in urlopen
    return opener.open(url, data, timeout)
  File "C:\Users\comba\AppData\Local\Programs\Python\Python37\lib\urllib\request.py", line 525, in open
    response = self._open(req, data)
  File "C:\Users\comba\AppData\Local\Programs\Python\Python37\lib\urllib\request.py", line 543, in _open
    '_open', req)
  File "C:\Users\comba\AppData\Local\Programs\Python\Python37\lib\urllib\request.py", line 503, in _call_chain
    result = func(*args)
  File "C:\Users\comba\AppData\Local\Programs\Python\Python37\lib\urllib\request.py", line 1345, in http_open
    return self.do_open(http.client.HTTPConnection, req)
  File "C:\Users\comba\AppData\Local\Programs\Python\Python37\lib\urllib\request.py", line 1320, in do_open
    r = h.getresponse()
  File "C:\Users\comba\AppData\Local\Programs\Python\Python37\lib\http\client.py", line 1321, in getresponse
    response.begin()
  File "C:\Users\comba\AppData\Local\Programs\Python\Python37\lib\http\client.py", line 296, in begin
    version, status, reason = self._read_status()
  File "C:\Users\comba\AppData\Local\Programs\Python\Python37\lib\http\client.py", line 257, in _read_status
    line = str(self.fp.readline(_MAXLINE + 1), "iso-8859-1")
  File "C:\Users\comba\AppData\Local\Programs\Python\Python37\lib\socket.py", line 589, in readinto
    return self._sock.recv_into(b)
socket.timeout: timed out

During handling of the above exception, another exception occurred:

Traceback (most recent call last):
  File "C:\Users\comba\Desktop\知识城地牛\knowledgeCity\autoCtrl\deviceCtrl.py", line 175, in _checkInit
    s = ioApi.readDOList(devices[d][ioId])["status"]
  File "..\remoteio\remoteioApi.py", line 73, in readDOList
    return _remoteio('/api/remoteio/readDOList', id, param)
  File "..\remoteio\remoteioApi.py", line 100, in _remoteio
    return http_get(url + apiurl, param)
  File "..\remoteio\remoteioApi.py", line 16, in http_get
    r = webutility.http_get(url, param)
  File "C:\Users\comba\Desktop\知识城地牛\knowledgeCity\common\webutility.py", line 105, in http_get
    raise Exception("http get",url,params,"error:",str(e))
Exception: ('http get', 'http://127.0.0.1:8999/api/remoteio/readDOList', {'id': 'upStation01'}, 'error:', 'timed out')

[CRITICAL]2021-05-20 10:17:31,096: readStatus1, agvId:3F-ChaChe-AGV cause a error: 3F-ChaChe-AGV执行2002错误,code=60001,msg=<class 'struct.error'>: 'required argument is not a float' when writing 'loc: ''
x: -0.605
y: 10.863
angle: None
isRotate: False'
pid=1056, ppid=3004, tid=3000
Traceback (most recent call last):
  File "C:\Users\comba\Desktop\知识城地牛\knowledgeCity\agvCtrl\agvList.py", line 874, in readStatus1
    self._checkReloc()
  File "C:\Users\comba\Desktop\知识城地牛\knowledgeCity\agvCtrl\agvList.py", line 891, in _checkReloc
    self._relocHome()
  File "C:\Users\comba\Desktop\知识城地牛\knowledgeCity\agvCtrl\agvList.py", line 453, in _relocHome
    agvCtrl.reloc2(self.agvId,loc=loc)
  File "..\driver\seerAgv\agvCtrl.py", line 57, in reloc2
    agvApi.ctrl(agvId,"robot_control_reloc_req",{"loc": loc})
  File "..\driver\seerAgv\agvApi.py", line 191, in ctrl
    return _handle(agvId, API_PORT_CTRL, type, data)
  File "..\driver\seerAgv\agvApi.py", line 252, in _handle
    result = _request(agvId, port, typeId, data)
  File "..\driver\seerAgv\agvApi.py", line 289, in _request
    result = sendCmd(agvId, buf, ip, port, type)
  File "..\driver\seerAgv\agvApi.py", line 315, in sendCmd
    result= _checkError(agvId, type, obj)
  File "..\driver\seerAgv\agvApi.py", line 366, in _checkError
    raise IOError(agvId + "执行" + str(type) + "错误" + ",code=" + str(code) + ",msg=" + msg)
OSError: 3F-ChaChe-AGV执行2002错误,code=60001,msg=<class 'struct.error'>: 'required argument is not a float' when writing 'loc: ''
x: -0.605
y: 10.863
angle: None
isRotate: False'

[CRITICAL]2021-05-20 10:17:32,152: [modbusApi: 172.16.167.221] execute fcode=1, addr=8256 exception:  cause a error: [WinError 10060] 由于连接方在一段时间后没有正确答复或连接的主机没有反应，连接尝试失败。
pid=1056, ppid=3004, tid=8908
Traceback (most recent call last):
  File "C:\Users\comba\Desktop\知识城地牛\knowledgeCity\common\modbusapi.py", line 35, in __execute
    data = self.master.execute(self.__salveId, fcode, start, quantity_of_x=num, output_value=value)
  File "C:\Users\comba\AppData\Local\Programs\Python\Python37\lib\site-packages\modbus_tk\utils.py", line 39, in new
    raise excpt
  File "C:\Users\comba\AppData\Local\Programs\Python\Python37\lib\site-packages\modbus_tk\utils.py", line 37, in new
    ret = fcn(*args, **kwargs)
  File "C:\Users\comba\AppData\Local\Programs\Python\Python37\lib\site-packages\modbus_tk\modbus.py", line 152, in execute
    self.open()
  File "C:\Users\comba\AppData\Local\Programs\Python\Python37\lib\site-packages\modbus_tk\modbus.py", line 99, in open
    self._do_open()
  File "C:\Users\comba\AppData\Local\Programs\Python\Python37\lib\site-packages\modbus_tk\modbus_tcp.py", line 173, in _do_open
    self._sock.connect((self._host, self._port))
TimeoutError: [WinError 10060] 由于连接方在一段时间后没有正确答复或连接的主机没有反应，连接尝试失败。

[CRITICAL]2021-05-20 10:17:32,994: upStation01 readDIList fail cause a error: [WinError 10060] 由于连接方在一段时间后没有正确答复或连接的主机没有反应，连接尝试失败。
pid=1056, ppid=3004, tid=8908
Traceback (most recent call last):
  File "..\remoteio\remoteioMgr.py", line 262, in readDOList
    return self._read(M30, IO_LENTH)
  File "C:\Users\comba\Desktop\知识城地牛\knowledgeCity\common\lock.py", line 122, in _call
    return func(*p,**pp)
  File "..\remoteio\remoteioMgr.py", line 314, in _read
    s = self.master.read(mdef.READ_COILS,addr, length)
  File "C:\Users\comba\Desktop\知识城地牛\knowledgeCity\common\modbusapi.py", line 45, in read
    return self.__execute(fcode, start, num)
  File "C:\Users\comba\Desktop\知识城地牛\knowledgeCity\common\modbusapi.py", line 35, in __execute
    data = self.master.execute(self.__salveId, fcode, start, quantity_of_x=num, output_value=value)
  File "C:\Users\comba\AppData\Local\Programs\Python\Python37\lib\site-packages\modbus_tk\utils.py", line 39, in new
    raise excpt
  File "C:\Users\comba\AppData\Local\Programs\Python\Python37\lib\site-packages\modbus_tk\utils.py", line 37, in new
    ret = fcn(*args, **kwargs)
  File "C:\Users\comba\AppData\Local\Programs\Python\Python37\lib\site-packages\modbus_tk\modbus.py", line 152, in execute
    self.open()
  File "C:\Users\comba\AppData\Local\Programs\Python\Python37\lib\site-packages\modbus_tk\modbus.py", line 99, in open
    self._do_open()
  File "C:\Users\comba\AppData\Local\Programs\Python\Python37\lib\site-packages\modbus_tk\modbus_tcp.py", line 173, in _do_open
    self._sock.connect((self._host, self._port))
TimeoutError: [WinError 10060] 由于连接方在一段时间后没有正确答复或连接的主机没有反应，连接尝试失败。

[CRITICAL]2021-05-20 10:17:33,089: invoke <function urlReadDOList at 0x00000265EA0F49D8> cause a error: [WinError 10060] 由于连接方在一段时间后没有正确答复或连接的主机没有反应，连接尝试失败。
pid=1056, ppid=3004, tid=8908
Traceback (most recent call last):
  File "C:\Users\comba\Desktop\知识城地牛\knowledgeCity\common\scadaUtility.py", line 45, in __call
    ret = func(*p,**pp)
  File "C:\Users\comba\Desktop\知识城地牛\knowledgeCity\remoteio\main_remoteio.py", line 87, in urlReadDOList
    return ioMgr.readDOList(id)
  File "..\remoteio\remoteioMgr.py", line 158, in readDOList
    result=remoteioInfo.readDOList()
  File "..\remoteio\remoteioMgr.py", line 262, in readDOList
    return self._read(M30, IO_LENTH)
  File "C:\Users\comba\Desktop\知识城地牛\knowledgeCity\common\lock.py", line 122, in _call
    return func(*p,**pp)
  File "..\remoteio\remoteioMgr.py", line 314, in _read
    s = self.master.read(mdef.READ_COILS,addr, length)
  File "C:\Users\comba\Desktop\知识城地牛\knowledgeCity\common\modbusapi.py", line 45, in read
    return self.__execute(fcode, start, num)
  File "C:\Users\comba\Desktop\知识城地牛\knowledgeCity\common\modbusapi.py", line 35, in __execute
    data = self.master.execute(self.__salveId, fcode, start, quantity_of_x=num, output_value=value)
  File "C:\Users\comba\AppData\Local\Programs\Python\Python37\lib\site-packages\modbus_tk\utils.py", line 39, in new
    raise excpt
  File "C:\Users\comba\AppData\Local\Programs\Python\Python37\lib\site-packages\modbus_tk\utils.py", line 37, in new
    ret = fcn(*args, **kwargs)
  File "C:\Users\comba\AppData\Local\Programs\Python\Python37\lib\site-packages\modbus_tk\modbus.py", line 152, in execute
    self.open()
  File "C:\Users\comba\AppData\Local\Programs\Python\Python37\lib\site-packages\modbus_tk\modbus.py", line 99, in open
    self._do_open()
  File "C:\Users\comba\AppData\Local\Programs\Python\Python37\lib\site-packages\modbus_tk\modbus_tcp.py", line 173, in _do_open
    self._sock.connect((self._host, self._port))
TimeoutError: [WinError 10060] 由于连接方在一段时间后没有正确答复或连接的主机没有反应，连接尝试失败。

[CRITICAL]2021-05-20 10:17:36,686: readStatus1, agvId:3F-ChaChe-AGV cause a error: 3F-ChaChe-AGV执行2002错误,code=60001,msg=<class 'struct.error'>: 'required argument is not a float' when writing 'loc: ''
x: -0.605
y: 10.863
angle: None
isRotate: False'
pid=1056, ppid=3004, tid=3000
Traceback (most recent call last):
  File "C:\Users\comba\Desktop\知识城地牛\knowledgeCity\agvCtrl\agvList.py", line 874, in readStatus1
    self._checkReloc()
  File "C:\Users\comba\Desktop\知识城地牛\knowledgeCity\agvCtrl\agvList.py", line 891, in _checkReloc
    self._relocHome()
  File "C:\Users\comba\Desktop\知识城地牛\knowledgeCity\agvCtrl\agvList.py", line 453, in _relocHome
    agvCtrl.reloc2(self.agvId,loc=loc)
  File "..\driver\seerAgv\agvCtrl.py", line 57, in reloc2
    agvApi.ctrl(agvId,"robot_control_reloc_req",{"loc": loc})
  File "..\driver\seerAgv\agvApi.py", line 191, in ctrl
    return _handle(agvId, API_PORT_CTRL, type, data)
  File "..\driver\seerAgv\agvApi.py", line 252, in _handle
    result = _request(agvId, port, typeId, data)
  File "..\driver\seerAgv\agvApi.py", line 289, in _request
    result = sendCmd(agvId, buf, ip, port, type)
  File "..\driver\seerAgv\agvApi.py", line 315, in sendCmd
    result= _checkError(agvId, type, obj)
  File "..\driver\seerAgv\agvApi.py", line 366, in _checkError
    raise IOError(agvId + "执行" + str(type) + "错误" + ",code=" + str(code) + ",msg=" + msg)
OSError: 3F-ChaChe-AGV执行2002错误,code=60001,msg=<class 'struct.error'>: 'required argument is not a float' when writing 'loc: ''
x: -0.605
y: 10.863
angle: None
isRotate: False'

[CRITICAL]2021-05-20 10:17:42,483: downStation01 init failed cause a error: ('http get', 'http://127.0.0.1:8999/api/remoteio/readDOList', {'id': 'downStation01'}, 'error:', 'timed out')
pid=1056, ppid=3004, tid=4684
Traceback (most recent call last):
  File "C:\Users\comba\Desktop\知识城地牛\knowledgeCity\common\webutility.py", line 103, in http_get
    f = urllib.request.urlopen(u,timeout=timeout)
  File "C:\Users\comba\AppData\Local\Programs\Python\Python37\lib\urllib\request.py", line 222, in urlopen
    return opener.open(url, data, timeout)
  File "C:\Users\comba\AppData\Local\Programs\Python\Python37\lib\urllib\request.py", line 525, in open
    response = self._open(req, data)
  File "C:\Users\comba\AppData\Local\Programs\Python\Python37\lib\urllib\request.py", line 543, in _open
    '_open', req)
  File "C:\Users\comba\AppData\Local\Programs\Python\Python37\lib\urllib\request.py", line 503, in _call_chain
    result = func(*args)
  File "C:\Users\comba\AppData\Local\Programs\Python\Python37\lib\urllib\request.py", line 1345, in http_open
    return self.do_open(http.client.HTTPConnection, req)
  File "C:\Users\comba\AppData\Local\Programs\Python\Python37\lib\urllib\request.py", line 1320, in do_open
    r = h.getresponse()
  File "C:\Users\comba\AppData\Local\Programs\Python\Python37\lib\http\client.py", line 1321, in getresponse
    response.begin()
  File "C:\Users\comba\AppData\Local\Programs\Python\Python37\lib\http\client.py", line 296, in begin
    version, status, reason = self._read_status()
  File "C:\Users\comba\AppData\Local\Programs\Python\Python37\lib\http\client.py", line 257, in _read_status
    line = str(self.fp.readline(_MAXLINE + 1), "iso-8859-1")
  File "C:\Users\comba\AppData\Local\Programs\Python\Python37\lib\socket.py", line 589, in readinto
    return self._sock.recv_into(b)
socket.timeout: timed out

During handling of the above exception, another exception occurred:

Traceback (most recent call last):
  File "C:\Users\comba\Desktop\知识城地牛\knowledgeCity\autoCtrl\deviceCtrl.py", line 175, in _checkInit
    s = ioApi.readDOList(devices[d][ioId])["status"]
  File "..\remoteio\remoteioApi.py", line 73, in readDOList
    return _remoteio('/api/remoteio/readDOList', id, param)
  File "..\remoteio\remoteioApi.py", line 100, in _remoteio
    return http_get(url + apiurl, param)
  File "..\remoteio\remoteioApi.py", line 16, in http_get
    r = webutility.http_get(url, param)
  File "C:\Users\comba\Desktop\知识城地牛\knowledgeCity\common\webutility.py", line 105, in http_get
    raise Exception("http get",url,params,"error:",str(e))
Exception: ('http get', 'http://127.0.0.1:8999/api/remoteio/readDOList', {'id': 'downStation01'}, 'error:', 'timed out')

[CRITICAL]2021-05-20 10:17:52,917: [modbusApi: 172.16.167.220] execute fcode=1, addr=8256 exception:  cause a error: [WinError 10060] 由于连接方在一段时间后没有正确答复或连接的主机没有反应，连接尝试失败。
pid=1056, ppid=3004, tid=8868
Traceback (most recent call last):
  File "C:\Users\comba\Desktop\知识城地牛\knowledgeCity\common\modbusapi.py", line 35, in __execute
    data = self.master.execute(self.__salveId, fcode, start, quantity_of_x=num, output_value=value)
  File "C:\Users\comba\AppData\Local\Programs\Python\Python37\lib\site-packages\modbus_tk\utils.py", line 39, in new
    raise excpt
  File "C:\Users\comba\AppData\Local\Programs\Python\Python37\lib\site-packages\modbus_tk\utils.py", line 37, in new
    ret = fcn(*args, **kwargs)
  File "C:\Users\comba\AppData\Local\Programs\Python\Python37\lib\site-packages\modbus_tk\modbus.py", line 152, in execute
    self.open()
  File "C:\Users\comba\AppData\Local\Programs\Python\Python37\lib\site-packages\modbus_tk\modbus.py", line 99, in open
    self._do_open()
  File "C:\Users\comba\AppData\Local\Programs\Python\Python37\lib\site-packages\modbus_tk\modbus_tcp.py", line 173, in _do_open
    self._sock.connect((self._host, self._port))
TimeoutError: [WinError 10060] 由于连接方在一段时间后没有正确答复或连接的主机没有反应，连接尝试失败。

[CRITICAL]2021-05-20 10:21:05,962: downStation01 readDIList fail cause a error: [WinError 10060] 由于连接方在一段时间后没有正确答复或连接的主机没有反应，连接尝试失败。
pid=1056, ppid=3004, tid=8868
Traceback (most recent call last):
  File "..\remoteio\remoteioMgr.py", line 262, in readDOList
    return self._read(M30, IO_LENTH)
  File "C:\Users\comba\Desktop\知识城地牛\knowledgeCity\common\lock.py", line 122, in _call
    return func(*p,**pp)
  File "..\remoteio\remoteioMgr.py", line 314, in _read
    s = self.master.read(mdef.READ_COILS,addr, length)
  File "C:\Users\comba\Desktop\知识城地牛\knowledgeCity\common\modbusapi.py", line 45, in read
    return self.__execute(fcode, start, num)
  File "C:\Users\comba\Desktop\知识城地牛\knowledgeCity\common\modbusapi.py", line 35, in __execute
    data = self.master.execute(self.__salveId, fcode, start, quantity_of_x=num, output_value=value)
  File "C:\Users\comba\AppData\Local\Programs\Python\Python37\lib\site-packages\modbus_tk\utils.py", line 39, in new
    raise excpt
  File "C:\Users\comba\AppData\Local\Programs\Python\Python37\lib\site-packages\modbus_tk\utils.py", line 37, in new
    ret = fcn(*args, **kwargs)
  File "C:\Users\comba\AppData\Local\Programs\Python\Python37\lib\site-packages\modbus_tk\modbus.py", line 152, in execute
    self.open()
  File "C:\Users\comba\AppData\Local\Programs\Python\Python37\lib\site-packages\modbus_tk\modbus.py", line 99, in open
    self._do_open()
  File "C:\Users\comba\AppData\Local\Programs\Python\Python37\lib\site-packages\modbus_tk\modbus_tcp.py", line 173, in _do_open
    self._sock.connect((self._host, self._port))
TimeoutError: [WinError 10060] 由于连接方在一段时间后没有正确答复或连接的主机没有反应，连接尝试失败。

[CRITICAL]2021-05-20 10:21:06,102: invoke <function urlReadDOList at 0x00000265EA0F49D8> cause a error: [WinError 10060] 由于连接方在一段时间后没有正确答复或连接的主机没有反应，连接尝试失败。
pid=1056, ppid=3004, tid=8868
Traceback (most recent call last):
  File "C:\Users\comba\Desktop\知识城地牛\knowledgeCity\common\scadaUtility.py", line 45, in __call
    ret = func(*p,**pp)
  File "C:\Users\comba\Desktop\知识城地牛\knowledgeCity\remoteio\main_remoteio.py", line 87, in urlReadDOList
    return ioMgr.readDOList(id)
  File "..\remoteio\remoteioMgr.py", line 158, in readDOList
    result=remoteioInfo.readDOList()
  File "..\remoteio\remoteioMgr.py", line 262, in readDOList
    return self._read(M30, IO_LENTH)
  File "C:\Users\comba\Desktop\知识城地牛\knowledgeCity\common\lock.py", line 122, in _call
    return func(*p,**pp)
  File "..\remoteio\remoteioMgr.py", line 314, in _read
    s = self.master.read(mdef.READ_COILS,addr, length)
  File "C:\Users\comba\Desktop\知识城地牛\knowledgeCity\common\modbusapi.py", line 45, in read
    return self.__execute(fcode, start, num)
  File "C:\Users\comba\Desktop\知识城地牛\knowledgeCity\common\modbusapi.py", line 35, in __execute
    data = self.master.execute(self.__salveId, fcode, start, quantity_of_x=num, output_value=value)
  File "C:\Users\comba\AppData\Local\Programs\Python\Python37\lib\site-packages\modbus_tk\utils.py", line 39, in new
    raise excpt
  File "C:\Users\comba\AppData\Local\Programs\Python\Python37\lib\site-packages\modbus_tk\utils.py", line 37, in new
    ret = fcn(*args, **kwargs)
  File "C:\Users\comba\AppData\Local\Programs\Python\Python37\lib\site-packages\modbus_tk\modbus.py", line 152, in execute
    self.open()
  File "C:\Users\comba\AppData\Local\Programs\Python\Python37\lib\site-packages\modbus_tk\modbus.py", line 99, in open
    self._do_open()
  File "C:\Users\comba\AppData\Local\Programs\Python\Python37\lib\site-packages\modbus_tk\modbus_tcp.py", line 173, in _do_open
    self._sock.connect((self._host, self._port))
TimeoutError: [WinError 10060] 由于连接方在一段时间后没有正确答复或连接的主机没有反应，连接尝试失败。

[CRITICAL]2021-05-20 10:21:09,926: readStatus1, agvId:Jiaju-AGV cause a error: Jiaju-AGV执行2002错误,code=41003,msg=no robot home in param settings
pid=1056, ppid=3004, tid=8992
Traceback (most recent call last):
  File "C:\Users\comba\Desktop\知识城地牛\knowledgeCity\agvCtrl\agvList.py", line 874, in readStatus1
    self._checkReloc()
  File "C:\Users\comba\Desktop\知识城地牛\knowledgeCity\agvCtrl\agvList.py", line 901, in _checkReloc
    self._relocHome()
  File "C:\Users\comba\Desktop\知识城地牛\knowledgeCity\agvCtrl\agvList.py", line 449, in _relocHome
    agvCtrl.reloc(self.agvId)
  File "..\driver\seerAgv\agvCtrl.py", line 50, in reloc
    agvApi.ctrl(agvId,"robot_control_reloc_req",{"home":True})
  File "..\driver\seerAgv\agvApi.py", line 191, in ctrl
    return _handle(agvId, API_PORT_CTRL, type, data)
  File "..\driver\seerAgv\agvApi.py", line 252, in _handle
    result = _request(agvId, port, typeId, data)
  File "..\driver\seerAgv\agvApi.py", line 289, in _request
    result = sendCmd(agvId, buf, ip, port, type)
  File "..\driver\seerAgv\agvApi.py", line 315, in sendCmd
    result= _checkError(agvId, type, obj)
  File "..\driver\seerAgv\agvApi.py", line 366, in _checkError
    raise IOError(agvId + "执行" + str(type) + "错误" + ",code=" + str(code) + ",msg=" + msg)
OSError: Jiaju-AGV执行2002错误,code=41003,msg=no robot home in param settings

[CRITICAL]2021-05-20 10:21:10,810: readStatus1, agvId:Jiaju-AGV cause a error: Jiaju-AGV执行2002错误,code=41003,msg=no robot home in param settings
pid=1056, ppid=3004, tid=8992
Traceback (most recent call last):
  File "C:\Users\comba\Desktop\知识城地牛\knowledgeCity\agvCtrl\agvList.py", line 874, in readStatus1
    self._checkReloc()
  File "C:\Users\comba\Desktop\知识城地牛\knowledgeCity\agvCtrl\agvList.py", line 901, in _checkReloc
    self._relocHome()
  File "C:\Users\comba\Desktop\知识城地牛\knowledgeCity\agvCtrl\agvList.py", line 449, in _relocHome
    agvCtrl.reloc(self.agvId)
  File "..\driver\seerAgv\agvCtrl.py", line 50, in reloc
    agvApi.ctrl(agvId,"robot_control_reloc_req",{"home":True})
  File "..\driver\seerAgv\agvApi.py", line 191, in ctrl
    return _handle(agvId, API_PORT_CTRL, type, data)
  File "..\driver\seerAgv\agvApi.py", line 252, in _handle
    result = _request(agvId, port, typeId, data)
  File "..\driver\seerAgv\agvApi.py", line 289, in _request
    result = sendCmd(agvId, buf, ip, port, type)
  File "..\driver\seerAgv\agvApi.py", line 315, in sendCmd
    result= _checkError(agvId, type, obj)
  File "..\driver\seerAgv\agvApi.py", line 366, in _checkError
    raise IOError(agvId + "执行" + str(type) + "错误" + ",code=" + str(code) + ",msg=" + msg)
OSError: Jiaju-AGV执行2002错误,code=41003,msg=no robot home in param settings

[CRITICAL]2021-05-20 10:21:10,924: readStatus1, agvId:3F-ChaChe-AGV cause a error: 3F-ChaChe-AGV执行2002错误,code=60001,msg=<class 'struct.error'>: 'required argument is not a float' when writing 'loc: ''
x: -0.605
y: 10.863
angle: None
isRotate: False'
pid=1056, ppid=3004, tid=3000
Traceback (most recent call last):
  File "C:\Users\comba\Desktop\知识城地牛\knowledgeCity\agvCtrl\agvList.py", line 874, in readStatus1
    self._checkReloc()
  File "C:\Users\comba\Desktop\知识城地牛\knowledgeCity\agvCtrl\agvList.py", line 891, in _checkReloc
    self._relocHome()
  File "C:\Users\comba\Desktop\知识城地牛\knowledgeCity\agvCtrl\agvList.py", line 453, in _relocHome
    agvCtrl.reloc2(self.agvId,loc=loc)
  File "..\driver\seerAgv\agvCtrl.py", line 57, in reloc2
    agvApi.ctrl(agvId,"robot_control_reloc_req",{"loc": loc})
  File "..\driver\seerAgv\agvApi.py", line 191, in ctrl
    return _handle(agvId, API_PORT_CTRL, type, data)
  File "..\driver\seerAgv\agvApi.py", line 252, in _handle
    result = _request(agvId, port, typeId, data)
  File "..\driver\seerAgv\agvApi.py", line 289, in _request
    result = sendCmd(agvId, buf, ip, port, type)
  File "..\driver\seerAgv\agvApi.py", line 315, in sendCmd
    result= _checkError(agvId, type, obj)
  File "..\driver\seerAgv\agvApi.py", line 366, in _checkError
    raise IOError(agvId + "执行" + str(type) + "错误" + ",code=" + str(code) + ",msg=" + msg)
OSError: 3F-ChaChe-AGV执行2002错误,code=60001,msg=<class 'struct.error'>: 'required argument is not a float' when writing 'loc: ''
x: -0.605
y: 10.863
angle: None
isRotate: False'

