[CRITICAL]2021-01-25 16:28:27,506: task [None] [600e81274adba6864709eee3] rollerStop failed cause a error: 'ret_code'
pid=17100, ppid=15384, tid=16472
Traceback (most recent call last):
  File "E:\python_work\knowledgeCity\autoCtrl\runTasks.py", line 775, in rollerStop
    if ret["ret_code"] == 0:
KeyError: 'ret_code'

[CRITICAL]2021-01-25 16:28:32,292: task [None] [600e812c4adba6864709eee4] rollerStop failed cause a error: 'ret_code'
pid=17100, ppid=15384, tid=9148
Traceback (most recent call last):
  File "E:\python_work\knowledgeCity\autoCtrl\runTasks.py", line 775, in rollerStop
    if ret["ret_code"] == 0:
KeyError: 'ret_code'

[CRITICAL]2021-01-25 16:28:37,260: task [None] [600e81304adba6864709eee5] rollerStop failed cause a error: 'ret_code'
pid=17100, ppid=15384, tid=16348
Traceback (most recent call last):
  File "E:\python_work\knowledgeCity\autoCtrl\runTasks.py", line 775, in rollerStop
    if ret["ret_code"] == 0:
KeyError: 'ret_code'

[CRITICAL]2021-01-25 16:28:41,978: task [None] [600e81354adba6864709eee6] rollerStop failed cause a error: 'ret_code'
pid=17100, ppid=15384, tid=10716
Traceback (most recent call last):
  File "E:\python_work\knowledgeCity\autoCtrl\runTasks.py", line 775, in rollerStop
    if ret["ret_code"] == 0:
KeyError: 'ret_code'

[CRITICAL]2021-01-25 16:28:46,312: task [None] [600e813a4adba6864709eee7] rollerStop failed cause a error: 'ret_code'
pid=17100, ppid=15384, tid=10160
Traceback (most recent call last):
  File "E:\python_work\knowledgeCity\autoCtrl\runTasks.py", line 775, in rollerStop
    if ret["ret_code"] == 0:
KeyError: 'ret_code'

[CRITICAL]2021-01-25 16:28:51,108: task [None] [600e813e4adba6864709eee8] rollerStop failed cause a error: 'ret_code'
pid=17100, ppid=15384, tid=15788
Traceback (most recent call last):
  File "E:\python_work\knowledgeCity\autoCtrl\runTasks.py", line 775, in rollerStop
    if ret["ret_code"] == 0:
KeyError: 'ret_code'

[CRITICAL]2021-01-25 16:28:55,709: task [None] [600e81434adba6864709eee9] rollerStop failed cause a error: 'ret_code'
pid=17100, ppid=15384, tid=16936
Traceback (most recent call last):
  File "E:\python_work\knowledgeCity\autoCtrl\runTasks.py", line 775, in rollerStop
    if ret["ret_code"] == 0:
KeyError: 'ret_code'

