[INFO]2021-01-25 15:25:17,789: log files at E:\python_work\knowledgeCity\common\log
[INFO]2021-01-25 15:25:17,789: find module agvCtrl.main_agv
[INFO]2021-01-25 15:25:17,790: find module agvDevice.main_agvDevice
[INFO]2021-01-25 15:25:17,790: find module alarm.main_alarm
[INFO]2021-01-25 15:25:17,790: find module auth.main_auth
[INFO]2021-01-25 15:25:17,790: find module autoCtrl.main_akmCtrl
[INFO]2021-01-25 15:25:17,791: find module door.main_door
[INFO]2021-01-25 15:25:17,791: find module elevator.main_elevator
[INFO]2021-01-25 15:25:17,791: find module remoteio.main_remoteio
[INFO]2021-01-25 15:25:17,791: import agvCtrl.main_agv
[INFO]2021-01-25 15:25:18,395: create lock <lock name:doorMgr.lock,<unlocked _thread.RLock object owner=0 count=0 at 0x000001205B739AE0>>
[INFO]2021-01-25 15:25:18,398: create lock <lock name:door.lock,<unlocked _thread.RLock object owner=0 count=0 at 0x000001205B74D390>>
[INFO]2021-01-25 15:25:18,567: create lock <lock name:timer.lock_1238487563568,<unlocked _thread.RLock object owner=0 count=0 at 0x000001205B9C7E70>>
[ERROR]2021-01-25 15:25:18,595: mqtt is disabled
[INFO]2021-01-25 15:25:18,595: mqtt: subscribe [alarm/raise/+]
[INFO]2021-01-25 15:25:18,595: mqtt: subscribe [alarm/clear/+]
[INFO]2021-01-25 15:25:21,642: Mongodb connect to 127.0.0.1 port 27017
[INFO]2021-01-25 15:25:21,772: create lock <lock name:elevatorApi.tcp_lock,<unlocked _thread.RLock object owner=0 count=0 at 0x000001205BBBC060>>
[INFO]2021-01-25 15:25:21,772: create lock <lock name:elevatorApi.g_lock,<unlocked _thread.RLock object owner=0 count=0 at 0x000001205BBB5960>>
[INFO]2021-01-25 15:25:21,774: create lock <lock name:elevatorMgr.lock,<unlocked _thread.RLock object owner=0 count=0 at 0x000001205BBABD80>>
[INFO]2021-01-25 15:25:21,807: create lock <lock name:agvserver,<unlocked _thread.RLock object owner=0 count=0 at 0x000001205BC9D420>>
[INFO]2021-01-25 15:25:22,614: create lock <lock name:mapMgr.lock,<unlocked _thread.RLock object owner=0 count=0 at 0x000001205BC68150>>
[INFO]2021-01-25 15:25:23,026: create lock <lock name:agvList.g_agvLock,<unlocked _thread.RLock object owner=0 count=0 at 0x000001205BD94EA0>>
[INFO]2021-01-25 15:25:23,031: create lock <lock name:taskList.lock,<unlocked _thread.RLock object owner=0 count=0 at 0x000001205BE968A0>>
[INFO]2021-01-25 15:25:23,117: charge policy 0 , fix time
[INFO]2021-01-25 15:25:23,158: create lock <lock name:agvApi.g_lock,<unlocked _thread.RLock object owner=0 count=0 at 0x000001205BEA04B0>>
[INFO]2021-01-25 15:25:23,242: start load map E:\python_work\knowledgeCity\agvCtrl\projects\knowledgeCity\comba-ZXC-F3.smap
[DEBUG]2021-01-25 15:25:24,033: elevator thread start
[INFO]2021-01-25 15:25:24,097: load map E:\python_work\knowledgeCity\agvCtrl\projects\knowledgeCity\comba-ZXC-F3.smap ,used 872 ms
[INFO]2021-01-25 15:25:24,111: start load map E:\python_work\knowledgeCity\agvCtrl\projects\knowledgeCity\office.smap
[INFO]2021-01-25 15:25:24,170: load map E:\python_work\knowledgeCity\agvCtrl\projects\knowledgeCity\office.smap ,used 73 ms
[INFO]2021-01-25 15:25:24,172: import agvDevice.main_agvDevice
[INFO]2021-01-25 15:25:24,172: import alarm.main_alarm
[INFO]2021-01-25 15:25:24,173: import auth.main_auth
[INFO]2021-01-25 15:25:24,185: import autoCtrl.main_akmCtrl
[INFO]2021-01-25 15:25:24,199: create lock <lock name:agvApi.g_lock,<unlocked _thread.RLock object owner=0 count=0 at 0x000001205CF75420>>
[INFO]2021-01-25 15:25:24,205: create lock <lock name:IOAlarm.s_lock,<unlocked _thread.RLock object owner=0 count=0 at 0x000001205CF048D0>>
[INFO]2021-01-25 15:25:24,206: create lock <lock name:mapMgr.lock,<unlocked _thread.RLock object owner=0 count=0 at 0x000001205CFAB240>>
[INFO]2021-01-25 15:25:25,207: import door.main_door
[INFO]2021-01-25 15:25:25,227: import elevator.main_elevator
[INFO]2021-01-25 15:25:25,227: import remoteio.main_remoteio
[SUCC]2021-01-25 15:25:25,267: utility start, pid=2804, ppid=18356
[DEBUG]2021-01-25 15:25:25,268: start timer
[DEBUG]2021-01-25 15:25:25,268: create aliveObj upStation01 远程控制IO离线异常 timeout 120
[DEBUG]2021-01-25 15:25:25,269: create aliveObj downStation01 远程控制IO离线异常 timeout 120
[INFO]2021-01-25 15:25:25,282: load agv file: E:\python_work\knowledgeCity\agvCtrl/projects/knowledgeCity/agv.cfg
[INFO]2021-01-25 15:25:25,283: create lock <lock name:agvList.AGV01.lock,<unlocked _thread.RLock object owner=0 count=0 at 0x000001205D227AB0>>
[DEBUG]2021-01-25 15:25:25,286: create aliveObj AGV01 AGV离线异常 timeout 300
[INFO]2021-01-25 15:25:25,287: AGV01 start agvList run thread
[INFO]2021-01-25 15:25:25,287: create lock <lock name:agv.AGV01.lock_status,<unlocked _thread.RLock object owner=0 count=0 at 0x000001205D282360>>
[DEBUG]2021-01-25 15:25:25,287: try connect AGV01 172.16.207.209:19204
[INFO]2021-01-25 15:25:25,287: AGV01 start agvList run2 thread
[WARN]2021-01-25 15:25:25,292: Local server start! version 3.8.0, path E:\python_work\knowledgeCity\common, pid 2804
[INFO]2021-01-25 15:25:25,292: add_ignore: taskStatus
[DEBUG]2021-01-25 15:25:30,282: GET: http://127.0.0.1:8999/api/agv/init?appName=akmTask addr: 127.0.0.1
[INFO]2021-01-25 15:25:30,284: akmTask init client agvApi
[DEBUG]2021-01-25 15:25:30,286: used 4ms 200 OK application/json;charset=utf-8, GET: http://127.0.0.1:8999/api/agv/init?appName=akmTask
[WARN]2021-01-25 15:25:30,294: timer_thread[tid:17276] <locked _thread.RLock object owner=17276 count=1 at 0x000001205CF04C60> ,hold 5022 ms
[INFO]2021-01-25 15:25:30,297: name=timer_thread, pid=2804, tid=17276
[01] File "D:/Python/Python38/lib/threading.py", line 870, in run() 
[02] File "E:/python_work/knowledgeCity/common/mytimer.py", line 113, in _loop() 
[03] File "E:/python_work/knowledgeCity/common/lock.py", line 124, in _call() 
[04] File "E:/python_work/knowledgeCity/common/lock.py", line 102, in release() 
[05] File "E:/python_work/knowledgeCity/common/enhance.py", line 268, in getTrace() 
[06] File "E:/python_work/knowledgeCity/common/enhance.py", line 248, in getThreadStack()
[DEBUG]2021-01-25 15:25:30,419: send http_get: http://127.0.0.1:8999/api/remoteio/readDOList?id=upStation01
[ERROR]2021-01-25 15:25:35,292: connect AGV01 failed timed out
[DEBUG]2021-01-25 15:25:35,309: try connect AGV01 172.16.207.209:19204
[CRITICAL]2021-01-25 15:25:35,623: [modbusApi: 172.16.167.220] execute fcode=1, addr=8256 exception:  cause a error: timed out
pid=2804, ppid=18356, tid=17652
Traceback (most recent call last):
  File "E:\python_work\knowledgeCity\common\modbusapi.py", line 35, in __execute
    data = self.master.execute(self.__salveId, fcode, start, quantity_of_x=num, output_value=value)
  File "D:\Python\Python38\lib\site-packages\modbus_tk\utils.py", line 39, in new
    raise excpt
  File "D:\Python\Python38\lib\site-packages\modbus_tk\utils.py", line 37, in new
    ret = fcn(*args, **kwargs)
  File "D:\Python\Python38\lib\site-packages\modbus_tk\modbus.py", line 152, in execute
    self.open()
  File "D:\Python\Python38\lib\site-packages\modbus_tk\modbus.py", line 99, in open
    self._do_open()
  File "D:\Python\Python38\lib\site-packages\modbus_tk\modbus_tcp.py", line 173, in _do_open
    self._sock.connect((self._host, self._port))
socket.timeout: timed out

[WARN]2021-01-25 15:25:35,629: worker 1[tid:17652] <locked _thread.RLock object owner=17652 count=1 at 0x000001205D21CFC0> ,hold 5198 ms
[INFO]2021-01-25 15:25:35,847: name=worker 1, pid=2804, tid=17652
[01] File "D:/Python/Python38/lib/threading.py", line 870, in run() 
[02] File "D:/Python/Python38/lib/site-packages/paste/httpserver.py", line 903, in worker_thread_callback() 
[03] File "D:/Python/Python38/lib/site-packages/paste/httpserver.py", line 1077, in <lambda>() 
[04] File "D:/Python/Python38/lib/site-packages/paste/httpserver.py", line 1092, in process_request_in_thread() 
[05] File "D:/Python/Python38/lib/socketserver.py", line 360, in finish_request() 
[06] File "D:/Python/Python38/lib/socketserver.py", line 720, in __init__() 
[07] File "D:/Python/Python38/lib/site-packages/paste/httpserver.py", line 460, in handle() 
[08] File "D:/Python/Python38/lib/http/server.py", line 426, in handle() 
[09] File "D:/Python/Python38/lib/site-packages/paste/httpserver.py", line 455, in handle_one_request() 
[10] File "D:/Python/Python38/lib/site-packages/paste/httpserver.py", line 304, in wsgi_execute() 
[11] File "D:/Python/Python38/lib/site-packages/paste/translogger.py", line 69, in __call__() 
[12] File "D:/Python/Python38/lib/site-packages/bottle.py", line 979, in __call__() 
[13] File "D:/Python/Python38/lib/site-packages/bottle.py", line 954, in wsgi() 
[14] File "D:/Python/Python38/lib/site-packages/bottle.py", line 862, in _handle() 
[15] File "D:/Python/Python38/lib/site-packages/bottle.py", line 1742, in wrapper() 
[16] File "E:/python_work/knowledgeCity/common/webutility.py", line 465, in _enable_cors() 
[17] File "E:/python_work/knowledgeCity/common/webutility.py", line 481, in _enable_cors() 
[18] File "E:/python_work/knowledgeCity/common/scadaUtility.py", line 45, in __call() 
[19] File "E:/python_work/knowledgeCity/remoteio/main_remoteio.py", line 87, in urlReadDOList() 
[20] File "E:/python_work/knowledgeCity/remoteio/remoteioMgr.py", line 158, in readDOList() 
[21] File "E:/python_work/knowledgeCity/remoteio/remoteioMgr.py", line 262, in readDOList() 
[22] File "E:/python_work/knowledgeCity/common/lock.py", line 124, in _call() 
[23] File "E:/python_work/knowledgeCity/common/lock.py", line 102, in release() 
[24] File "E:/python_work/knowledgeCity/common/enhance.py", line 268, in getTrace() 
[25] File "E:/python_work/knowledgeCity/common/enhance.py", line 248, in getThreadStack()
[CRITICAL]2021-01-25 15:25:35,905: upStation01 readDIList fail cause a error: timed out
pid=2804, ppid=18356, tid=17652
Traceback (most recent call last):
  File "E:\python_work\knowledgeCity\remoteio\remoteioMgr.py", line 262, in readDOList
    return self._read(M30, IO_LENTH)
  File "E:\python_work\knowledgeCity\common\lock.py", line 122, in _call
    return func(*p,**pp)
  File "E:\python_work\knowledgeCity\remoteio\remoteioMgr.py", line 314, in _read
    s = self.master.read(mdef.READ_COILS,addr, length)
  File "E:\python_work\knowledgeCity\common\modbusapi.py", line 45, in read
    return self.__execute(fcode, start, num)
  File "E:\python_work\knowledgeCity\common\modbusapi.py", line 35, in __execute
    data = self.master.execute(self.__salveId, fcode, start, quantity_of_x=num, output_value=value)
  File "D:\Python\Python38\lib\site-packages\modbus_tk\utils.py", line 39, in new
    raise excpt
  File "D:\Python\Python38\lib\site-packages\modbus_tk\utils.py", line 37, in new
    ret = fcn(*args, **kwargs)
  File "D:\Python\Python38\lib\site-packages\modbus_tk\modbus.py", line 152, in execute
    self.open()
  File "D:\Python\Python38\lib\site-packages\modbus_tk\modbus.py", line 99, in open
    self._do_open()
  File "D:\Python\Python38\lib\site-packages\modbus_tk\modbus_tcp.py", line 173, in _do_open
    self._sock.connect((self._host, self._port))
socket.timeout: timed out

[CRITICAL]2021-01-25 15:25:35,936: invoke <function urlReadDOList at 0x000001205D21EF70> cause a error: timed out
pid=2804, ppid=18356, tid=17652
Traceback (most recent call last):
  File "E:\python_work\knowledgeCity\common\scadaUtility.py", line 45, in __call
    ret = func(*p,**pp)
  File "E:\python_work\knowledgeCity\remoteio\main_remoteio.py", line 87, in urlReadDOList
    return ioMgr.readDOList(id)
  File "E:\python_work\knowledgeCity\remoteio\remoteioMgr.py", line 158, in readDOList
    result=remoteioInfo.readDOList()
  File "E:\python_work\knowledgeCity\remoteio\remoteioMgr.py", line 262, in readDOList
    return self._read(M30, IO_LENTH)
  File "E:\python_work\knowledgeCity\common\lock.py", line 122, in _call
    return func(*p,**pp)
  File "E:\python_work\knowledgeCity\remoteio\remoteioMgr.py", line 314, in _read
    s = self.master.read(mdef.READ_COILS,addr, length)
  File "E:\python_work\knowledgeCity\common\modbusapi.py", line 45, in read
    return self.__execute(fcode, start, num)
  File "E:\python_work\knowledgeCity\common\modbusapi.py", line 35, in __execute
    data = self.master.execute(self.__salveId, fcode, start, quantity_of_x=num, output_value=value)
  File "D:\Python\Python38\lib\site-packages\modbus_tk\utils.py", line 39, in new
    raise excpt
  File "D:\Python\Python38\lib\site-packages\modbus_tk\utils.py", line 37, in new
    ret = fcn(*args, **kwargs)
  File "D:\Python\Python38\lib\site-packages\modbus_tk\modbus.py", line 152, in execute
    self.open()
  File "D:\Python\Python38\lib\site-packages\modbus_tk\modbus.py", line 99, in open
    self._do_open()
  File "D:\Python\Python38\lib\site-packages\modbus_tk\modbus_tcp.py", line 173, in _do_open
    self._sock.connect((self._host, self._port))
socket.timeout: timed out

[DEBUG]2021-01-25 15:25:35,985: [return] use 5566 ms,http_get: http://127.0.0.1:8999/api/remoteio/readDOList?id=upStation01
[CRITICAL]2021-01-25 15:25:36,008: upStation01 init failed cause a error: timeout: timed out
pid=2804, ppid=18356, tid=17276
Traceback (most recent call last):
  File "E:\python_work\knowledgeCity\autoCtrl\deviceCtrl.py", line 175, in _checkInit
    s = ioApi.readDOList(devices[d][ioId])["status"]
  File "E:\python_work\knowledgeCity\remoteio\remoteioApi.py", line 73, in readDOList
    return _remoteio('/api/remoteio/readDOList', id, param)
  File "E:\python_work\knowledgeCity\remoteio\remoteioApi.py", line 100, in _remoteio
    return http_get(url + apiurl, param)
  File "E:\python_work\knowledgeCity\remoteio\remoteioApi.py", line 19, in http_get
    raise Exception(result["errormsg"])
Exception: timeout: timed out

[DEBUG]2021-01-25 15:25:37,010: send http_get: http://127.0.0.1:8999/api/remoteio/readDOList?id=downStation01
[DEBUG]2021-01-25 15:25:37,132: [return] use 122 ms,http_get: http://127.0.0.1:8999/api/remoteio/readDOList?id=downStation01
[INFO]2021-01-25 15:25:37,132: init IO success
[DEBUG]2021-01-25 15:25:37,132: send http_get: http://127.0.0.1:8999/api/remoteio/readDOList?id=upStation01
[WARN]2021-01-25 15:25:42,204: worker 3[tid:11612] <locked _thread.RLock object owner=11612 count=1 at 0x000001205D21CFC0> ,hold 5014 ms
[INFO]2021-01-25 15:25:42,267: name=worker 3, pid=2804, tid=11612
[01] File "D:/Python/Python38/lib/threading.py", line 870, in run() 
[02] File "D:/Python/Python38/lib/site-packages/paste/httpserver.py", line 903, in worker_thread_callback() 
[03] File "D:/Python/Python38/lib/site-packages/paste/httpserver.py", line 1077, in <lambda>() 
[04] File "D:/Python/Python38/lib/site-packages/paste/httpserver.py", line 1092, in process_request_in_thread() 
[05] File "D:/Python/Python38/lib/socketserver.py", line 360, in finish_request() 
[06] File "D:/Python/Python38/lib/socketserver.py", line 720, in __init__() 
[07] File "D:/Python/Python38/lib/site-packages/paste/httpserver.py", line 460, in handle() 
[08] File "D:/Python/Python38/lib/http/server.py", line 426, in handle() 
[09] File "D:/Python/Python38/lib/site-packages/paste/httpserver.py", line 455, in handle_one_request() 
[10] File "D:/Python/Python38/lib/site-packages/paste/httpserver.py", line 304, in wsgi_execute() 
[11] File "D:/Python/Python38/lib/site-packages/paste/translogger.py", line 69, in __call__() 
[12] File "D:/Python/Python38/lib/site-packages/bottle.py", line 979, in __call__() 
[13] File "D:/Python/Python38/lib/site-packages/bottle.py", line 954, in wsgi() 
[14] File "D:/Python/Python38/lib/site-packages/bottle.py", line 862, in _handle() 
[15] File "D:/Python/Python38/lib/site-packages/bottle.py", line 1742, in wrapper() 
[16] File "E:/python_work/knowledgeCity/common/webutility.py", line 465, in _enable_cors() 
[17] File "E:/python_work/knowledgeCity/common/webutility.py", line 481, in _enable_cors() 
[18] File "E:/python_work/knowledgeCity/common/scadaUtility.py", line 45, in __call() 
[19] File "E:/python_work/knowledgeCity/remoteio/main_remoteio.py", line 87, in urlReadDOList() 
[20] File "E:/python_work/knowledgeCity/remoteio/remoteioMgr.py", line 158, in readDOList() 
[21] File "E:/python_work/knowledgeCity/remoteio/remoteioMgr.py", line 262, in readDOList() 
[22] File "E:/python_work/knowledgeCity/common/lock.py", line 124, in _call() 
[23] File "E:/python_work/knowledgeCity/common/lock.py", line 102, in release() 
[24] File "E:/python_work/knowledgeCity/common/enhance.py", line 268, in getTrace() 
[25] File "E:/python_work/knowledgeCity/common/enhance.py", line 248, in getThreadStack()
[CRITICAL]2021-01-25 15:25:42,304: upStation01 readDIList fail cause a error: timed out
pid=2804, ppid=18356, tid=11612
Traceback (most recent call last):
  File "E:\python_work\knowledgeCity\remoteio\remoteioMgr.py", line 262, in readDOList
    return self._read(M30, IO_LENTH)
  File "E:\python_work\knowledgeCity\common\lock.py", line 122, in _call
    return func(*p,**pp)
  File "E:\python_work\knowledgeCity\remoteio\remoteioMgr.py", line 311, in _read
    self.master.open()
  File "E:\python_work\knowledgeCity\common\modbusapi.py", line 60, in open
    self.master.open()
  File "D:\Python\Python38\lib\site-packages\modbus_tk\modbus.py", line 99, in open
    self._do_open()
  File "D:\Python\Python38\lib\site-packages\modbus_tk\modbus_tcp.py", line 173, in _do_open
    self._sock.connect((self._host, self._port))
socket.timeout: timed out

[CRITICAL]2021-01-25 15:25:42,358: invoke <function urlReadDOList at 0x000001205D21EF70> cause a error: timed out
pid=2804, ppid=18356, tid=11612
Traceback (most recent call last):
  File "E:\python_work\knowledgeCity\common\scadaUtility.py", line 45, in __call
    ret = func(*p,**pp)
  File "E:\python_work\knowledgeCity\remoteio\main_remoteio.py", line 87, in urlReadDOList
    return ioMgr.readDOList(id)
  File "E:\python_work\knowledgeCity\remoteio\remoteioMgr.py", line 158, in readDOList
    result=remoteioInfo.readDOList()
  File "E:\python_work\knowledgeCity\remoteio\remoteioMgr.py", line 262, in readDOList
    return self._read(M30, IO_LENTH)
  File "E:\python_work\knowledgeCity\common\lock.py", line 122, in _call
    return func(*p,**pp)
  File "E:\python_work\knowledgeCity\remoteio\remoteioMgr.py", line 311, in _read
    self.master.open()
  File "E:\python_work\knowledgeCity\common\modbusapi.py", line 60, in open
    self.master.open()
  File "D:\Python\Python38\lib\site-packages\modbus_tk\modbus.py", line 99, in open
    self._do_open()
  File "D:\Python\Python38\lib\site-packages\modbus_tk\modbus_tcp.py", line 173, in _do_open
    self._sock.connect((self._host, self._port))
socket.timeout: timed out

[DEBUG]2021-01-25 15:25:42,378: [return] use 5246 ms,http_get: http://127.0.0.1:8999/api/remoteio/readDOList?id=upStation01
[CRITICAL]2021-01-25 15:25:42,416: readDIList error cause a error: timeout: timed out
pid=2804, ppid=18356, tid=17276
Traceback (most recent call last):
  File "E:\python_work\knowledgeCity\autoCtrl\deviceCtrl.py", line 71, in _monitorDevices
    s1 = ioApi.readDOList(devices[d]["io1"])["status"] #上板机
  File "E:\python_work\knowledgeCity\remoteio\remoteioApi.py", line 73, in readDOList
    return _remoteio('/api/remoteio/readDOList', id, param)
  File "E:\python_work\knowledgeCity\remoteio\remoteioApi.py", line 100, in _remoteio
    return http_get(url + apiurl, param)
  File "E:\python_work\knowledgeCity\remoteio\remoteioApi.py", line 19, in http_get
    raise Exception(result["errormsg"])
Exception: timeout: timed out

[DEBUG]2021-01-25 15:25:44,508: send http_get: http://127.0.0.1:8999/api/remoteio/readDOList?id=upStation01
[ERROR]2021-01-25 15:25:45,328: connect AGV01 failed timed out
[INFO]2021-01-25 15:25:45,333: AGV01 checkLink failed 172.16.207.209 19204
[WARN]2021-01-25 15:25:45,333: agvThread.AGV01[tid:18348] <lock name:agv.AGV01.lock_status,<locked _thread.RLock object owner=18348 count=1 at 0x000001205D282360>> ,hold 20046 ms
[INFO]2021-01-25 15:25:45,356: name=agvThread.AGV01, pid=2804, tid=18348
[01] File "D:/Python/Python38/lib/threading.py", line 870, in run() 
[02] File "E:/python_work/knowledgeCity/agvCtrl/agvList.py", line 565, in run() 
[03] File "E:/python_work/knowledgeCity/driver/seerAgv/agvCtrl.py", line 36, in checkLink() 
[04] File "E:/python_work/knowledgeCity/driver/seerAgv/agvApi.py", line 184, in checkLink() 
[05] File "E:/python_work/knowledgeCity/common/lock.py", line 102, in release() 
[06] File "E:/python_work/knowledgeCity/common/enhance.py", line 268, in getTrace() 
[07] File "E:/python_work/knowledgeCity/common/enhance.py", line 248, in getThreadStack()
[DEBUG]2021-01-25 15:25:47,371: try connect AGV01 172.16.207.209:19204
