[CRITICAL]2021-05-28 11:32:12,875: apply agv failed, count=0 cause a error: comba-ZXC-F3.AP25找不到可用的小车
pid=2936, ppid=1856, tid=14012

[CRITICAL]2021-05-28 11:32:12,956: apply agv failed, count=1 cause a error: comba-ZXC-F3.AP25找不到可用的小车
pid=2936, ppid=1856, tid=14012

[CRITICAL]2021-05-28 11:32:13,061: apply agv failed, count=2 cause a error: comba-ZXC-F3.AP25找不到可用的小车
pid=2936, ppid=1856, tid=14012

[CRITICAL]2021-05-28 11:32:13,287: apply agv failed, count=3 cause a error: comba-ZXC-F3.AP25找不到可用的小车
pid=2936, ppid=1856, tid=14012

[CRITICAL]2021-05-28 11:32:13,480: apply agv failed, count=4 cause a error: comba-ZXC-F3.AP25找不到可用的小车
pid=2936, ppid=1856, tid=14012

[CRITICAL]2021-05-28 11:32:13,615: apply failed, count=1 cause a error: ('apply agv failed3!', 'taskId', '60b0643673dabd0b785ff267', 'loc', 'AP25')
pid=2936, ppid=1856, tid=14012

[CRITICAL]2021-05-28 11:32:24,510: apply agv failed, count=0 cause a error: comba-ZXC-F3.AP25找不到可用的小车
pid=2936, ppid=1856, tid=13004

[CRITICAL]2021-05-28 11:32:24,659: apply agv failed, count=1 cause a error: comba-ZXC-F3.AP25找不到可用的小车
pid=2936, ppid=1856, tid=13004

[CRITICAL]2021-05-28 11:32:24,829: apply agv failed, count=2 cause a error: comba-ZXC-F3.AP25找不到可用的小车
pid=2936, ppid=1856, tid=13004

[CRITICAL]2021-05-28 11:32:24,942: apply agv failed, count=3 cause a error: comba-ZXC-F3.AP25找不到可用的小车
pid=2936, ppid=1856, tid=13004

[CRITICAL]2021-05-28 11:32:25,082: apply agv failed, count=4 cause a error: comba-ZXC-F3.AP25找不到可用的小车
pid=2936, ppid=1856, tid=13004

[CRITICAL]2021-05-28 11:32:25,140: apply failed, count=1 cause a error: ('apply agv failed3!', 'taskId', '60b0643673dabd0b785ff267', 'loc', 'AP25')
pid=2936, ppid=1856, tid=13004

[CRITICAL]2021-05-28 11:32:36,014: apply agv failed, count=0 cause a error: comba-ZXC-F3.AP25找不到可用的小车
pid=2936, ppid=1856, tid=13736

[CRITICAL]2021-05-28 11:32:36,186: apply agv failed, count=1 cause a error: comba-ZXC-F3.AP25找不到可用的小车
pid=2936, ppid=1856, tid=13736

[CRITICAL]2021-05-28 11:32:36,441: apply agv failed, count=2 cause a error: comba-ZXC-F3.AP25找不到可用的小车
pid=2936, ppid=1856, tid=13736

[CRITICAL]2021-05-28 11:32:36,671: apply agv failed, count=3 cause a error: comba-ZXC-F3.AP25找不到可用的小车
pid=2936, ppid=1856, tid=13736

[CRITICAL]2021-05-28 11:32:36,840: apply agv failed, count=4 cause a error: comba-ZXC-F3.AP25找不到可用的小车
pid=2936, ppid=1856, tid=13736

[CRITICAL]2021-05-28 11:32:36,885: apply failed, count=1 cause a error: ('apply agv failed3!', 'taskId', '60b0643673dabd0b785ff267', 'loc', 'AP25')
pid=2936, ppid=1856, tid=13736

[CRITICAL]2021-05-28 11:32:58,509: apply agv failed, count=0 cause a error: comba-ZXC-F3.AP25找不到可用的小车
pid=2936, ppid=1856, tid=10744

[CRITICAL]2021-05-28 11:32:59,158: apply agv failed, count=1 cause a error: comba-ZXC-F3.AP25找不到可用的小车
pid=2936, ppid=1856, tid=10744

[CRITICAL]2021-05-28 11:32:59,566: apply agv failed, count=2 cause a error: comba-ZXC-F3.AP25找不到可用的小车
pid=2936, ppid=1856, tid=10744

[CRITICAL]2021-05-28 11:32:59,724: apply agv failed, count=3 cause a error: comba-ZXC-F3.AP25找不到可用的小车
pid=2936, ppid=1856, tid=10744

[CRITICAL]2021-05-28 11:32:59,994: apply agv failed, count=4 cause a error: comba-ZXC-F3.AP25找不到可用的小车
pid=2936, ppid=1856, tid=10744

[CRITICAL]2021-05-28 11:33:00,056: apply failed, count=1 cause a error: ('apply agv failed3!', 'taskId', '60b0643673dabd0b785ff267', 'loc', 'AP25')
pid=2936, ppid=1856, tid=10744

[CRITICAL]2021-05-28 11:33:10,137: apply agv failed, count=0 cause a error: comba-ZXC-F3.AP25找不到可用的小车
pid=2936, ppid=1856, tid=13944

[CRITICAL]2021-05-28 11:33:10,144: apply agv failed, count=1 cause a error: comba-ZXC-F3.AP25找不到可用的小车
pid=2936, ppid=1856, tid=13944

[CRITICAL]2021-05-28 11:33:10,150: apply agv failed, count=2 cause a error: comba-ZXC-F3.AP25找不到可用的小车
pid=2936, ppid=1856, tid=13944

[CRITICAL]2021-05-28 11:33:10,156: apply agv failed, count=3 cause a error: comba-ZXC-F3.AP25找不到可用的小车
pid=2936, ppid=1856, tid=13944

[CRITICAL]2021-05-28 11:33:10,163: apply agv failed, count=4 cause a error: comba-ZXC-F3.AP25找不到可用的小车
pid=2936, ppid=1856, tid=13944

[CRITICAL]2021-05-28 11:33:10,168: apply failed, count=1 cause a error: ('apply agv failed3!', 'taskId', '60b0643673dabd0b785ff267', 'loc', 'AP25')
pid=2936, ppid=1856, tid=13944

[CRITICAL]2021-05-28 11:33:20,234: apply agv failed, count=0 cause a error: comba-ZXC-F3.AP25找不到可用的小车
pid=2936, ppid=1856, tid=13944

[CRITICAL]2021-05-28 11:33:20,245: apply agv failed, count=1 cause a error: comba-ZXC-F3.AP25找不到可用的小车
pid=2936, ppid=1856, tid=13944

[CRITICAL]2021-05-28 11:33:20,254: apply agv failed, count=2 cause a error: comba-ZXC-F3.AP25找不到可用的小车
pid=2936, ppid=1856, tid=13944

[CRITICAL]2021-05-28 11:33:20,261: apply agv failed, count=3 cause a error: comba-ZXC-F3.AP25找不到可用的小车
pid=2936, ppid=1856, tid=13944

[CRITICAL]2021-05-28 11:33:20,268: apply agv failed, count=4 cause a error: comba-ZXC-F3.AP25找不到可用的小车
pid=2936, ppid=1856, tid=13944

[CRITICAL]2021-05-28 11:33:20,272: apply failed, count=1 cause a error: ('apply agv failed3!', 'taskId', '60b0643673dabd0b785ff267', 'loc', 'AP25')
pid=2936, ppid=1856, tid=13944

[CRITICAL]2021-05-28 11:33:30,339: apply agv failed, count=0 cause a error: comba-ZXC-F3.AP25找不到可用的小车
pid=2936, ppid=1856, tid=13064

[CRITICAL]2021-05-28 11:33:30,352: apply agv failed, count=1 cause a error: comba-ZXC-F3.AP25找不到可用的小车
pid=2936, ppid=1856, tid=13064

[CRITICAL]2021-05-28 11:33:30,360: apply agv failed, count=2 cause a error: comba-ZXC-F3.AP25找不到可用的小车
pid=2936, ppid=1856, tid=13064

[CRITICAL]2021-05-28 11:33:30,374: apply agv failed, count=3 cause a error: comba-ZXC-F3.AP25找不到可用的小车
pid=2936, ppid=1856, tid=13064

[CRITICAL]2021-05-28 11:33:30,380: apply agv failed, count=4 cause a error: comba-ZXC-F3.AP25找不到可用的小车
pid=2936, ppid=1856, tid=13064

[CRITICAL]2021-05-28 11:33:30,385: apply failed, count=1 cause a error: ('apply agv failed3!', 'taskId', '60b0643673dabd0b785ff267', 'loc', 'AP25')
pid=2936, ppid=1856, tid=13064

[CRITICAL]2021-05-28 11:33:40,443: apply agv failed, count=0 cause a error: comba-ZXC-F3.AP25找不到可用的小车
pid=2936, ppid=1856, tid=13064

[CRITICAL]2021-05-28 11:33:40,450: apply agv failed, count=1 cause a error: comba-ZXC-F3.AP25找不到可用的小车
pid=2936, ppid=1856, tid=13064

[CRITICAL]2021-05-28 11:33:40,456: apply agv failed, count=2 cause a error: comba-ZXC-F3.AP25找不到可用的小车
pid=2936, ppid=1856, tid=13064

[CRITICAL]2021-05-28 11:33:40,461: apply agv failed, count=3 cause a error: comba-ZXC-F3.AP25找不到可用的小车
pid=2936, ppid=1856, tid=13064

[CRITICAL]2021-05-28 11:33:40,470: apply agv failed, count=4 cause a error: comba-ZXC-F3.AP25找不到可用的小车
pid=2936, ppid=1856, tid=13064

[CRITICAL]2021-05-28 11:33:40,475: apply failed, count=1 cause a error: ('apply agv failed3!', 'taskId', '60b0643673dabd0b785ff267', 'loc', 'AP25')
pid=2936, ppid=1856, tid=13064

[CRITICAL]2021-05-28 11:33:50,544: apply agv failed, count=0 cause a error: comba-ZXC-F3.AP25找不到可用的小车
pid=2936, ppid=1856, tid=13004

[CRITICAL]2021-05-28 11:33:50,556: apply agv failed, count=1 cause a error: comba-ZXC-F3.AP25找不到可用的小车
pid=2936, ppid=1856, tid=13004

[CRITICAL]2021-05-28 11:33:50,565: apply agv failed, count=2 cause a error: comba-ZXC-F3.AP25找不到可用的小车
pid=2936, ppid=1856, tid=13004

[CRITICAL]2021-05-28 11:33:50,571: apply agv failed, count=3 cause a error: comba-ZXC-F3.AP25找不到可用的小车
pid=2936, ppid=1856, tid=13004

[CRITICAL]2021-05-28 11:33:50,579: apply agv failed, count=4 cause a error: comba-ZXC-F3.AP25找不到可用的小车
pid=2936, ppid=1856, tid=13004

[CRITICAL]2021-05-28 11:33:50,584: apply failed, count=1 cause a error: ('apply agv failed3!', 'taskId', '60b0643673dabd0b785ff267', 'loc', 'AP25')
pid=2936, ppid=1856, tid=13004

[CRITICAL]2021-05-28 11:35:36,995: checkFinish cause a error: Expecting value: line 1 column 1 (char 0)
pid=2936, ppid=1856, tid=13584
Traceback (most recent call last):
  File "..\agvCtrl\agvApi.py", line 243, in _checkFinish
    status = getTaskStatus(ids)
  File "..\agvCtrl\agvApi.py", line 74, in getTaskStatus
    return _http_get(url + '/api/agv/taskStatus',{"taskId": taskId})["taskList"]
  File "..\agvCtrl\agvApi.py", line 62, in _http_get
    result = json.load(r)
  File "C:\Users\comba\Desktop\KLC\knowledgeCity\common\json_codec.py", line 229, in load
    r = json.loads(text)
  File "C:\Users\comba\AppData\Local\Programs\Python\Python37\lib\json\__init__.py", line 348, in loads
    return _default_decoder.decode(s)
  File "C:\Users\comba\AppData\Local\Programs\Python\Python37\lib\json\decoder.py", line 337, in decode
    obj, end = self.raw_decode(s, idx=_w(s, 0).end())
  File "C:\Users\comba\AppData\Local\Programs\Python\Python37\lib\json\decoder.py", line 355, in raw_decode
    raise JSONDecodeError("Expecting value", s, err.value) from None
json.decoder.JSONDecodeError: Expecting value: line 1 column 1 (char 0)

