[INFO]2021-04-25 17:23:27,085: log files at C:\Users\Administrator\Desktop\SVN\knowledgeCity\common\log
[INFO]2021-04-25 17:23:27,086: find module agvCtrl.main_agv
[INFO]2021-04-25 17:23:27,087: find module agvDevice.main_agvDevice
[INFO]2021-04-25 17:23:27,088: find module alarm.main_alarm
[INFO]2021-04-25 17:23:27,088: find module auth.main_auth
[INFO]2021-04-25 17:23:27,089: find module autoCtrl.main_akmCtrl
[INFO]2021-04-25 17:23:27,090: find module door.main_door
[INFO]2021-04-25 17:23:27,091: find module elevator.main_elevator
[INFO]2021-04-25 17:23:27,095: find module remoteio.main_remoteio
[INFO]2021-04-25 17:23:27,096: import agvCtrl.main_agv
[INFO]2021-04-25 17:23:27,454: create lock <lock name:doorMgr.lock,<unlocked _thread.RLock object owner=0 count=0 at 0x000002434F7730D0>>
[INFO]2021-04-25 17:23:27,459: create lock <lock name:door.lock,<unlocked _thread.RLock object owner=0 count=0 at 0x000002434F773238>>
[INFO]2021-04-25 17:23:27,554: create lock <lock name:timer.lock_2488122874736,<unlocked _thread.RLock object owner=0 count=0 at 0x000002434FA77C10>>
[ERROR]2021-04-25 17:23:27,567: mqtt is disabled
[INFO]2021-04-25 17:23:27,568: mqtt: subscribe [alarm/raise/+]
[INFO]2021-04-25 17:23:27,569: mqtt: subscribe [alarm/clear/+]
[INFO]2021-04-25 17:23:30,613: Mongodb connect to 127.0.0.1 port 27017
[INFO]2021-04-25 17:23:30,664: create lock <lock name:elevatorApi.tcp_lock,<unlocked _thread.RLock object owner=0 count=0 at 0x000002434FD48C10>>
[INFO]2021-04-25 17:23:30,666: create lock <lock name:elevatorApi.g_lock,<unlocked _thread.RLock object owner=0 count=0 at 0x000002434FD48850>>
[INFO]2021-04-25 17:23:30,667: create lock <lock name:elevatorMgr.lock,<unlocked _thread.RLock object owner=0 count=0 at 0x000002434FD483C8>>
[INFO]2021-04-25 17:23:30,679: create lock <lock name:agvserver,<unlocked _thread.RLock object owner=0 count=0 at 0x000002434FE8A8A0>>
[INFO]2021-04-25 17:23:30,806: create lock <lock name:mapMgr.lock,<unlocked _thread.RLock object owner=0 count=0 at 0x000002434DD098F0>>
[INFO]2021-04-25 17:23:31,079: create lock <lock name:agvList.g_agvLock,<unlocked _thread.RLock object owner=0 count=0 at 0x000002434FF16670>>
[INFO]2021-04-25 17:23:31,084: create lock <lock name:taskList.lock,<unlocked _thread.RLock object owner=0 count=0 at 0x000002434FF32A08>>
[INFO]2021-04-25 17:23:31,139: charge policy 0 , fix time
[INFO]2021-04-25 17:23:31,173: create lock <lock name:agvApi.g_lock,<unlocked _thread.RLock object owner=0 count=0 at 0x000002434FF32D28>>
[INFO]2021-04-25 17:23:31,735: start load map C:\Users\Administrator\Desktop\SVN\knowledgeCity\agvCtrl\projects\knowledgeCity\comba-ZSC-3F_0419.smap
[DEBUG]2021-04-25 17:23:31,823: elevator thread start
[INFO]2021-04-25 17:23:31,842: load map C:\Users\Administrator\Desktop\SVN\knowledgeCity\agvCtrl\projects\knowledgeCity\comba-ZSC-3F_0419.smap ,used 115 ms
[INFO]2021-04-25 17:23:31,851: start load map C:\Users\Administrator\Desktop\SVN\knowledgeCity\agvCtrl\projects\knowledgeCity\comba-ZSC-F1-F3.smap
[INFO]2021-04-25 17:23:32,023: load map C:\Users\Administrator\Desktop\SVN\knowledgeCity\agvCtrl\projects\knowledgeCity\comba-ZSC-F1-F3.smap ,used 180 ms
[INFO]2021-04-25 17:23:32,033: start load map C:\Users\Administrator\Desktop\SVN\knowledgeCity\agvCtrl\projects\knowledgeCity\comba-ZXC-3F.smap
[INFO]2021-04-25 17:23:32,123: load map C:\Users\Administrator\Desktop\SVN\knowledgeCity\agvCtrl\projects\knowledgeCity\comba-ZXC-3F.smap ,used 98 ms
[INFO]2021-04-25 17:23:32,132: start load map C:\Users\Administrator\Desktop\SVN\knowledgeCity\agvCtrl\projects\knowledgeCity\comba-ZXC-F3.smap
[INFO]2021-04-25 17:23:32,221: load map C:\Users\Administrator\Desktop\SVN\knowledgeCity\agvCtrl\projects\knowledgeCity\comba-ZXC-F3.smap ,used 97 ms
[INFO]2021-04-25 17:23:32,232: start load map C:\Users\Administrator\Desktop\SVN\knowledgeCity\agvCtrl\projects\knowledgeCity\office.smap
[INFO]2021-04-25 17:23:32,271: load map C:\Users\Administrator\Desktop\SVN\knowledgeCity\agvCtrl\projects\knowledgeCity\office.smap ,used 47 ms
[INFO]2021-04-25 17:23:32,275: import agvDevice.main_agvDevice
[INFO]2021-04-25 17:23:32,276: import alarm.main_alarm
[INFO]2021-04-25 17:23:32,277: import auth.main_auth
[INFO]2021-04-25 17:23:32,284: import autoCtrl.main_akmCtrl
[INFO]2021-04-25 17:23:32,296: create lock <lock name:agvApi.g_lock,<unlocked _thread.RLock object owner=0 count=0 at 0x000002435040DEB8>>
[INFO]2021-04-25 17:23:32,303: create lock <lock name:runTasks.pre_lock,<unlocked _thread.RLock object owner=0 count=0 at 0x000002435040D238>>
[INFO]2021-04-25 17:23:32,323: create lock <lock name:IOAlarm.s_lock,<unlocked _thread.RLock object owner=0 count=0 at 0x00000243503E3058>>
[INFO]2021-04-25 17:23:32,326: create lock <lock name:mapMgr.lock,<unlocked _thread.RLock object owner=0 count=0 at 0x00000243504C3D50>>
[INFO]2021-04-25 17:23:32,393: import door.main_door
[INFO]2021-04-25 17:23:32,771: import elevator.main_elevator
[INFO]2021-04-25 17:23:32,778: import remoteio.main_remoteio
[SUCC]2021-04-25 17:23:32,819: utility start, pid=15016, ppid=6496
[DEBUG]2021-04-25 17:23:32,819: create aliveObj upStation01 远程控制IO离线异常 timeout 120
[DEBUG]2021-04-25 17:23:32,821: start timer
[DEBUG]2021-04-25 17:23:32,824: create aliveObj downStation01 远程控制IO离线异常 timeout 120
[INFO]2021-04-25 17:23:32,837: load agv file: C:\Users\Administrator\Desktop\SVN\knowledgeCity\agvCtrl/projects/knowledgeCity/agv.cfg
[INFO]2021-04-25 17:23:32,841: create lock <lock name:agvList.AGV01.lock,<unlocked _thread.RLock object owner=0 count=0 at 0x0000024350C760F8>>
[DEBUG]2021-04-25 17:23:32,844: create aliveObj AGV01 AGV离线异常 timeout 300
[INFO]2021-04-25 17:23:32,846: AGV01 start agvList run thread
[INFO]2021-04-25 17:23:32,847: AGV01 start agvList run2 thread
[INFO]2021-04-25 17:23:32,847: create lock <lock name:agv.AGV01.lock_status,<unlocked _thread.RLock object owner=0 count=0 at 0x0000024350C76670>>
[DEBUG]2021-04-25 17:23:32,849: try connect AGV01 172.16.217.209:19204
[INFO]2021-04-25 17:23:32,851: create lock <lock name:agvList.AGV03.lock,<unlocked _thread.RLock object owner=0 count=0 at 0x0000024350C76620>>
[DEBUG]2021-04-25 17:23:32,854: create aliveObj AGV03 AGV离线异常 timeout 300
[INFO]2021-04-25 17:23:32,857: AGV03 start agvList run thread
[INFO]2021-04-25 17:23:32,858: AGV03 start agvList run2 thread
[INFO]2021-04-25 17:23:32,859: create lock <lock name:agvList.AGV04.lock,<unlocked _thread.RLock object owner=0 count=0 at 0x0000024350C76850>>
[INFO]2021-04-25 17:23:32,860: create lock <lock name:agv.AGV03.lock_status,<unlocked _thread.RLock object owner=0 count=0 at 0x0000024350C768A0>>
[DEBUG]2021-04-25 17:23:32,864: try connect AGV03 172.16.217.121:19204
[DEBUG]2021-04-25 17:23:32,865: create aliveObj AGV04 AGV离线异常 timeout 300
[INFO]2021-04-25 17:23:32,866: AGV04 start agvList run thread
[INFO]2021-04-25 17:23:32,867: AGV04 start agvList run2 thread
[INFO]2021-04-25 17:23:32,867: create lock <lock name:agvList.AGV02.lock,<unlocked _thread.RLock object owner=0 count=0 at 0x0000024350C76AD0>>
[INFO]2021-04-25 17:23:32,867: create lock <lock name:agv.AGV04.lock_status,<unlocked _thread.RLock object owner=0 count=0 at 0x0000024350C76B20>>
[DEBUG]2021-04-25 17:23:32,869: try connect AGV04 172.16.217.123:19204
[DEBUG]2021-04-25 17:23:32,870: create aliveObj AGV02 AGV离线异常 timeout 300
[INFO]2021-04-25 17:23:32,872: AGV02 start agvList run thread
[INFO]2021-04-25 17:23:32,873: AGV02 start agvList run2 thread
[WARN]2021-04-25 17:23:32,873: Local server start! version 3.7.3, path C:\Users\Administrator\Desktop\SVN\knowledgeCity\common, pid 15016
[INFO]2021-04-25 17:23:32,874: create lock <lock name:agv.AGV02.lock_status,<unlocked _thread.RLock object owner=0 count=0 at 0x0000024350C760A8>>
[INFO]2021-04-25 17:23:32,875: add_ignore: taskStatus
[DEBUG]2021-04-25 17:23:32,876: try connect AGV02 172.16.217.213:19204
[DEBUG]2021-04-25 17:23:37,850: GET: http://127.0.0.1:8999/api/agv/init?appName=akmTask addr: 127.0.0.1
[INFO]2021-04-25 17:23:37,852: akmTask init client agvApi
[DEBUG]2021-04-25 17:23:37,853: used 3ms 200 OK application/json;charset=utf-8, GET: http://127.0.0.1:8999/api/agv/init?appName=akmTask
[DEBUG]2021-04-25 17:23:40,992: GET: http://127.0.0.1:8999/api/agv/startCharge?appName=akmTask addr: 127.0.0.1
[DEBUG]2021-04-25 17:23:41,084: used 92ms 200 OK application/json;charset=utf-8, GET: http://127.0.0.1:8999/api/agv/startCharge?appName=akmTask
[WARN]2021-04-25 17:23:41,164: timer_thread[tid:852] <locked _thread.RLock object owner=852 count=1 at 0x000002435040D210> ,hold 8334 ms
[INFO]2021-04-25 17:23:41,272: name=timer_thread, pid=15016, tid=852
[01] File "C:/Python37/lib/threading.py", line 865, in run() 
[02] File "C:/Users/Administrator/Desktop/SVN/knowledgeCity/common/mytimer.py", line 113, in _loop() 
[03] File "C:/Users/Administrator/Desktop/SVN/knowledgeCity/common/lock.py", line 124, in _call() 
[04] File "C:/Users/Administrator/Desktop/SVN/knowledgeCity/common/lock.py", line 102, in release() 
[05] File "C:/Users/Administrator/Desktop/SVN/knowledgeCity/common/enhance.py", line 268, in getTrace() 
[06] File "C:/Users/Administrator/Desktop/SVN/knowledgeCity/common/enhance.py", line 248, in getThreadStack()
[ERROR]2021-04-25 17:23:42,916: connect AGV02 failed timed out
[ERROR]2021-04-25 17:23:42,931: connect AGV04 failed timed out
[ERROR]2021-04-25 17:23:42,931: connect AGV03 failed timed out
[ERROR]2021-04-25 17:23:42,949: connect AGV01 failed timed out
[DEBUG]2021-04-25 17:23:42,963: try connect AGV02 172.16.217.213:19204
[DEBUG]2021-04-25 17:23:43,088: try connect AGV04 172.16.217.123:19204
[DEBUG]2021-04-25 17:23:43,104: send http_get: http://127.0.0.1:8999/api/remoteio/readDOList?id=upStation01
[DEBUG]2021-04-25 17:23:43,168: try connect AGV03 172.16.217.121:19204
[DEBUG]2021-04-25 17:23:43,366: try connect AGV01 172.16.217.209:19204
[ERROR]2021-04-25 17:23:53,480: connect AGV02 failed timed out
[ERROR]2021-04-25 17:23:53,605: connect AGV04 failed timed out
[INFO]2021-04-25 17:23:53,605: AGV02 checkLink failed 172.16.217.213 19204
[INFO]2021-04-25 17:23:53,665: AGV04 checkLink failed 172.16.217.123 19204
[WARN]2021-04-25 17:23:53,712: agvThread.AGV02[tid:6372] <lock name:agv.AGV02.lock_status,<locked _thread.RLock object owner=6372 count=1 at 0x0000024350C760A8>> ,hold 20836 ms
[WARN]2021-04-25 17:23:53,789: agvThread.AGV04[tid:13984] <lock name:agv.AGV04.lock_status,<locked _thread.RLock object owner=13984 count=1 at 0x0000024350C76B20>> ,hold 20920 ms
[ERROR]2021-04-25 17:23:53,932: connect AGV03 failed timed out
[INFO]2021-04-25 17:23:53,993: name=agvThread.AGV02, pid=15016, tid=6372
[01] File "C:/Python37/lib/threading.py", line 865, in run() 
[02] File "C:/Users/Administrator/Desktop/SVN/knowledgeCity/agvCtrl/agvList.py", line 565, in run() 
[03] File "../driver/seerAgv/agvCtrl.py", line 36, in checkLink() 
[04] File "../driver/seerAgv/agvApi.py", line 184, in checkLink() 
[05] File "C:/Users/Administrator/Desktop/SVN/knowledgeCity/common/lock.py", line 102, in release() 
[06] File "C:/Users/Administrator/Desktop/SVN/knowledgeCity/common/enhance.py", line 268, in getTrace() 
[07] File "C:/Users/Administrator/Desktop/SVN/knowledgeCity/common/enhance.py", line 248, in getThreadStack()
[ERROR]2021-04-25 17:23:54,008: connect AGV01 failed timed out
[INFO]2021-04-25 17:23:54,024: name=agvThread.AGV04, pid=15016, tid=13984
[01] File "C:/Python37/lib/threading.py", line 865, in run() 
[02] File "C:/Users/Administrator/Desktop/SVN/knowledgeCity/agvCtrl/agvList.py", line 565, in run() 
[03] File "../driver/seerAgv/agvCtrl.py", line 36, in checkLink() 
[04] File "../driver/seerAgv/agvApi.py", line 184, in checkLink() 
[05] File "C:/Users/Administrator/Desktop/SVN/knowledgeCity/common/lock.py", line 102, in release() 
[06] File "C:/Users/Administrator/Desktop/SVN/knowledgeCity/common/enhance.py", line 268, in getTrace() 
[07] File "C:/Users/Administrator/Desktop/SVN/knowledgeCity/common/enhance.py", line 248, in getThreadStack()
[INFO]2021-04-25 17:23:54,025: AGV03 checkLink failed 172.16.217.121 19204
[INFO]2021-04-25 17:23:54,240: AGV01 checkLink failed 172.16.217.209 19204
[WARN]2021-04-25 17:23:54,488: agvThread.AGV03[tid:2804] <lock name:agv.AGV03.lock_status,<locked _thread.RLock object owner=2804 count=1 at 0x0000024350C768A0>> ,hold 21624 ms
[WARN]2021-04-25 17:23:54,566: agvThread.AGV01[tid:13576] <lock name:agv.AGV01.lock_status,<locked _thread.RLock object owner=13576 count=1 at 0x0000024350C76670>> ,hold 21717 ms
[INFO]2021-04-25 17:23:54,751: name=agvThread.AGV03, pid=15016, tid=2804
[01] File "C:/Python37/lib/threading.py", line 865, in run() 
[02] File "C:/Users/Administrator/Desktop/SVN/knowledgeCity/agvCtrl/agvList.py", line 565, in run() 
[03] File "../driver/seerAgv/agvCtrl.py", line 36, in checkLink() 
[04] File "../driver/seerAgv/agvApi.py", line 184, in checkLink() 
[05] File "C:/Users/Administrator/Desktop/SVN/knowledgeCity/common/lock.py", line 102, in release() 
[06] File "C:/Users/Administrator/Desktop/SVN/knowledgeCity/common/enhance.py", line 268, in getTrace() 
[07] File "C:/Users/Administrator/Desktop/SVN/knowledgeCity/common/enhance.py", line 248, in getThreadStack()
[INFO]2021-04-25 17:23:54,875: name=agvThread.AGV01, pid=15016, tid=13576
[01] File "C:/Python37/lib/threading.py", line 865, in run() 
[02] File "C:/Users/Administrator/Desktop/SVN/knowledgeCity/agvCtrl/agvList.py", line 565, in run() 
[03] File "../driver/seerAgv/agvCtrl.py", line 36, in checkLink() 
[04] File "../driver/seerAgv/agvApi.py", line 184, in checkLink() 
[05] File "C:/Users/Administrator/Desktop/SVN/knowledgeCity/common/lock.py", line 102, in release() 
[06] File "C:/Users/Administrator/Desktop/SVN/knowledgeCity/common/enhance.py", line 268, in getTrace() 
[07] File "C:/Users/Administrator/Desktop/SVN/knowledgeCity/common/enhance.py", line 248, in getThreadStack()
[DEBUG]2021-04-25 17:23:56,133: try connect AGV02 172.16.217.213:19204
[DEBUG]2021-04-25 17:23:56,380: try connect AGV04 172.16.217.123:19204
[DEBUG]2021-04-25 17:23:56,942: try connect AGV03 172.16.217.121:19204
[DEBUG]2021-04-25 17:23:57,018: try connect AGV01 172.16.217.209:19204
[CRITICAL]2021-04-25 17:23:59,133: upStation01 init failed cause a error: ('http get', 'http://127.0.0.1:8999/api/remoteio/readDOList', {'id': 'upStation01'}, 'error:', 'timed out')
pid=15016, ppid=6496, tid=852
Traceback (most recent call last):
  File "C:\Users\Administrator\Desktop\SVN\knowledgeCity\common\webutility.py", line 103, in http_get
    f = urllib.request.urlopen(u,timeout=timeout)
  File "C:\Python37\lib\urllib\request.py", line 222, in urlopen
    return opener.open(url, data, timeout)
  File "C:\Python37\lib\urllib\request.py", line 525, in open
    response = self._open(req, data)
  File "C:\Python37\lib\urllib\request.py", line 543, in _open
    '_open', req)
  File "C:\Python37\lib\urllib\request.py", line 503, in _call_chain
    result = func(*args)
  File "C:\Python37\lib\urllib\request.py", line 1345, in http_open
    return self.do_open(http.client.HTTPConnection, req)
  File "C:\Python37\lib\urllib\request.py", line 1320, in do_open
    r = h.getresponse()
  File "C:\Python37\lib\http\client.py", line 1321, in getresponse
    response.begin()
  File "C:\Python37\lib\http\client.py", line 296, in begin
    version, status, reason = self._read_status()
  File "C:\Python37\lib\http\client.py", line 257, in _read_status
    line = str(self.fp.readline(_MAXLINE + 1), "iso-8859-1")
  File "C:\Python37\lib\socket.py", line 589, in readinto
    return self._sock.recv_into(b)
socket.timeout: timed out

During handling of the above exception, another exception occurred:

Traceback (most recent call last):
  File "C:\Users\Administrator\Desktop\SVN\knowledgeCity\autoCtrl\deviceCtrl.py", line 175, in _checkInit
    s = ioApi.readDOList(devices[d][ioId])["status"]
  File "..\remoteio\remoteioApi.py", line 73, in readDOList
    return _remoteio('/api/remoteio/readDOList', id, param)
  File "..\remoteio\remoteioApi.py", line 100, in _remoteio
    return http_get(url + apiurl, param)
  File "..\remoteio\remoteioApi.py", line 16, in http_get
    r = webutility.http_get(url, param)
  File "C:\Users\Administrator\Desktop\SVN\knowledgeCity\common\webutility.py", line 105, in http_get
    raise Exception("http get",url,params,"error:",str(e))
Exception: ('http get', 'http://127.0.0.1:8999/api/remoteio/readDOList', {'id': 'upStation01'}, 'error:', 'timed out')

[DEBUG]2021-04-25 17:24:00,235: send http_get: http://127.0.0.1:8999/api/remoteio/readDOList?id=downStation01
[CRITICAL]2021-04-25 17:24:05,260: [modbusApi: 172.16.167.221] execute fcode=1, addr=8256 exception:  cause a error: [WinError 10060] 由于连接方在一段时间后没有正确答复或连接的主机没有反应，连接尝试失败。
pid=15016, ppid=6496, tid=6880
Traceback (most recent call last):
  File "C:\Users\Administrator\Desktop\SVN\knowledgeCity\common\modbusapi.py", line 35, in __execute
    data = self.master.execute(self.__salveId, fcode, start, quantity_of_x=num, output_value=value)
  File "C:\Python37\lib\site-packages\modbus_tk\utils.py", line 39, in new
    raise excpt
  File "C:\Python37\lib\site-packages\modbus_tk\utils.py", line 37, in new
    ret = fcn(*args, **kwargs)
  File "C:\Python37\lib\site-packages\modbus_tk\modbus.py", line 152, in execute
    self.open()
  File "C:\Python37\lib\site-packages\modbus_tk\modbus.py", line 99, in open
    self._do_open()
  File "C:\Python37\lib\site-packages\modbus_tk\modbus_tcp.py", line 173, in _do_open
    self._sock.connect((self._host, self._port))
TimeoutError: [WinError 10060] 由于连接方在一段时间后没有正确答复或连接的主机没有反应，连接尝试失败。

[WARN]2021-04-25 17:24:05,353: worker 2[tid:6880] <locked _thread.RLock object owner=6880 count=1 at 0x000002434EC0A2D8> ,hold 21476 ms
[INFO]2021-04-25 17:24:06,209: name=worker 2, pid=15016, tid=6880
[01] File "C:/Python37/lib/threading.py", line 865, in run() 
[02] File "C:/Python37/lib/site-packages/paste/httpserver.py", line 903, in worker_thread_callback() 
[03] File "C:/Python37/lib/site-packages/paste/httpserver.py", line 1077, in <lambda>() 
[04] File "C:/Python37/lib/site-packages/paste/httpserver.py", line 1092, in process_request_in_thread() 
[05] File "C:/Python37/lib/socketserver.py", line 360, in finish_request() 
[06] File "C:/Python37/lib/socketserver.py", line 720, in __init__() 
[07] File "C:/Python37/lib/site-packages/paste/httpserver.py", line 460, in handle() 
[08] File "C:/Python37/lib/http/server.py", line 426, in handle() 
[09] File "C:/Python37/lib/site-packages/paste/httpserver.py", line 455, in handle_one_request() 
[10] File "C:/Python37/lib/site-packages/paste/httpserver.py", line 305, in wsgi_execute() 
[11] File "C:/Python37/lib/site-packages/paste/translogger.py", line 69, in __call__() 
[12] File "C:/Python37/lib/site-packages/bottle.py", line 985, in __call__() 
[13] File "C:/Python37/lib/site-packages/bottle.py", line 960, in wsgi() 
[14] File "C:/Python37/lib/site-packages/bottle.py", line 868, in _handle() 
[15] File "C:/Python37/lib/site-packages/bottle.py", line 1748, in wrapper() 
[16] File "C:/Users/Administrator/Desktop/SVN/knowledgeCity/common/webutility.py", line 465, in _enable_cors() 
[17] File "C:/Users/Administrator/Desktop/SVN/knowledgeCity/common/webutility.py", line 481, in _enable_cors() 
[18] File "C:/Users/Administrator/Desktop/SVN/knowledgeCity/common/scadaUtility.py", line 45, in __call() 
[19] File "C:/Users/Administrator/Desktop/SVN/knowledgeCity/remoteio/main_remoteio.py", line 87, in urlReadDOList() 
[20] File "../remoteio/remoteioMgr.py", line 158, in readDOList() 
[21] File "../remoteio/remoteioMgr.py", line 262, in readDOList() 
[22] File "C:/Users/Administrator/Desktop/SVN/knowledgeCity/common/lock.py", line 124, in _call() 
[23] File "C:/Users/Administrator/Desktop/SVN/knowledgeCity/common/lock.py", line 102, in release() 
[24] File "C:/Users/Administrator/Desktop/SVN/knowledgeCity/common/enhance.py", line 268, in getTrace() 
[25] File "C:/Users/Administrator/Desktop/SVN/knowledgeCity/common/enhance.py", line 248, in getThreadStack()
[ERROR]2021-04-25 17:24:06,271: connect AGV02 failed timed out
[CRITICAL]2021-04-25 17:24:06,368: upStation01 readDIList fail cause a error: [WinError 10060] 由于连接方在一段时间后没有正确答复或连接的主机没有反应，连接尝试失败。
pid=15016, ppid=6496, tid=6880
Traceback (most recent call last):
  File "..\remoteio\remoteioMgr.py", line 262, in readDOList
    return self._read(M30, IO_LENTH)
  File "C:\Users\Administrator\Desktop\SVN\knowledgeCity\common\lock.py", line 122, in _call
    return func(*p,**pp)
  File "..\remoteio\remoteioMgr.py", line 314, in _read
    s = self.master.read(mdef.READ_COILS,addr, length)
  File "C:\Users\Administrator\Desktop\SVN\knowledgeCity\common\modbusapi.py", line 45, in read
    return self.__execute(fcode, start, num)
  File "C:\Users\Administrator\Desktop\SVN\knowledgeCity\common\modbusapi.py", line 35, in __execute
    data = self.master.execute(self.__salveId, fcode, start, quantity_of_x=num, output_value=value)
  File "C:\Python37\lib\site-packages\modbus_tk\utils.py", line 39, in new
    raise excpt
  File "C:\Python37\lib\site-packages\modbus_tk\utils.py", line 37, in new
    ret = fcn(*args, **kwargs)
  File "C:\Python37\lib\site-packages\modbus_tk\modbus.py", line 152, in execute
    self.open()
  File "C:\Python37\lib\site-packages\modbus_tk\modbus.py", line 99, in open
    self._do_open()
  File "C:\Python37\lib\site-packages\modbus_tk\modbus_tcp.py", line 173, in _do_open
    self._sock.connect((self._host, self._port))
TimeoutError: [WinError 10060] 由于连接方在一段时间后没有正确答复或连接的主机没有反应，连接尝试失败。

[INFO]2021-04-25 17:24:06,382: AGV02 checkLink failed 172.16.217.213 19204
[WARN]2021-04-25 17:24:06,615: agvThread.AGV02[tid:6372] <lock name:agv.AGV02.lock_status,<locked _thread.RLock object owner=6372 count=1 at 0x0000024350C760A8>> ,hold 10482 ms
[ERROR]2021-04-25 17:24:06,630: connect AGV04 failed timed out
[CRITICAL]2021-04-25 17:24:06,756: invoke <function urlReadDOList at 0x0000024350C8C6A8> cause a error: [WinError 10060] 由于连接方在一段时间后没有正确答复或连接的主机没有反应，连接尝试失败。
pid=15016, ppid=6496, tid=6880
Traceback (most recent call last):
  File "C:\Users\Administrator\Desktop\SVN\knowledgeCity\common\scadaUtility.py", line 45, in __call
    ret = func(*p,**pp)
  File "C:\Users\Administrator\Desktop\SVN\knowledgeCity\remoteio\main_remoteio.py", line 87, in urlReadDOList
    return ioMgr.readDOList(id)
  File "..\remoteio\remoteioMgr.py", line 158, in readDOList
    result=remoteioInfo.readDOList()
  File "..\remoteio\remoteioMgr.py", line 262, in readDOList
    return self._read(M30, IO_LENTH)
  File "C:\Users\Administrator\Desktop\SVN\knowledgeCity\common\lock.py", line 122, in _call
    return func(*p,**pp)
  File "..\remoteio\remoteioMgr.py", line 314, in _read
    s = self.master.read(mdef.READ_COILS,addr, length)
  File "C:\Users\Administrator\Desktop\SVN\knowledgeCity\common\modbusapi.py", line 45, in read
    return self.__execute(fcode, start, num)
  File "C:\Users\Administrator\Desktop\SVN\knowledgeCity\common\modbusapi.py", line 35, in __execute
    data = self.master.execute(self.__salveId, fcode, start, quantity_of_x=num, output_value=value)
  File "C:\Python37\lib\site-packages\modbus_tk\utils.py", line 39, in new
    raise excpt
  File "C:\Python37\lib\site-packages\modbus_tk\utils.py", line 37, in new
    ret = fcn(*args, **kwargs)
  File "C:\Python37\lib\site-packages\modbus_tk\modbus.py", line 152, in execute
    self.open()
  File "C:\Python37\lib\site-packages\modbus_tk\modbus.py", line 99, in open
    self._do_open()
  File "C:\Python37\lib\site-packages\modbus_tk\modbus_tcp.py", line 173, in _do_open
    self._sock.connect((self._host, self._port))
TimeoutError: [WinError 10060] 由于连接方在一段时间后没有正确答复或连接的主机没有反应，连接尝试失败。

[INFO]2021-04-25 17:24:06,895: AGV04 checkLink failed 172.16.217.123 19204
[INFO]2021-04-25 17:24:06,955: name=agvThread.AGV02, pid=15016, tid=6372
[01] File "C:/Python37/lib/threading.py", line 865, in run() 
[02] File "C:/Users/Administrator/Desktop/SVN/knowledgeCity/agvCtrl/agvList.py", line 565, in run() 
[03] File "../driver/seerAgv/agvCtrl.py", line 36, in checkLink() 
[04] File "../driver/seerAgv/agvApi.py", line 184, in checkLink() 
[05] File "C:/Users/Administrator/Desktop/SVN/knowledgeCity/common/lock.py", line 102, in release() 
[06] File "C:/Users/Administrator/Desktop/SVN/knowledgeCity/common/enhance.py", line 268, in getTrace() 
[07] File "C:/Users/Administrator/Desktop/SVN/knowledgeCity/common/enhance.py", line 248, in getThreadStack()
[WARN]2021-04-25 17:24:07,049: agvThread.AGV04[tid:13984] <lock name:agv.AGV04.lock_status,<locked _thread.RLock object owner=13984 count=1 at 0x0000024350C76B20>> ,hold 10669 ms
[ERROR]2021-04-25 17:24:07,063: connect AGV03 failed timed out
[ERROR]2021-04-25 17:24:07,191: connect AGV01 failed timed out
[INFO]2021-04-25 17:24:07,360: AGV03 checkLink failed 172.16.217.121 19204
[INFO]2021-04-25 17:24:07,361: name=agvThread.AGV04, pid=15016, tid=13984
[01] File "C:/Python37/lib/threading.py", line 865, in run() 
[02] File "C:/Users/Administrator/Desktop/SVN/knowledgeCity/agvCtrl/agvList.py", line 565, in run() 
[03] File "../driver/seerAgv/agvCtrl.py", line 36, in checkLink() 
[04] File "../driver/seerAgv/agvApi.py", line 184, in checkLink() 
[05] File "C:/Users/Administrator/Desktop/SVN/knowledgeCity/common/lock.py", line 102, in release() 
[06] File "C:/Users/Administrator/Desktop/SVN/knowledgeCity/common/enhance.py", line 268, in getTrace() 
[07] File "C:/Users/Administrator/Desktop/SVN/knowledgeCity/common/enhance.py", line 248, in getThreadStack()
[INFO]2021-04-25 17:24:07,548: AGV01 checkLink failed 172.16.217.209 19204
[WARN]2021-04-25 17:24:07,656: agvThread.AGV03[tid:2804] <lock name:agv.AGV03.lock_status,<locked _thread.RLock object owner=2804 count=1 at 0x0000024350C768A0>> ,hold 10714 ms
[WARN]2021-04-25 17:24:07,825: agvThread.AGV01[tid:13576] <lock name:agv.AGV01.lock_status,<locked _thread.RLock object owner=13576 count=1 at 0x0000024350C76670>> ,hold 10807 ms
[INFO]2021-04-25 17:24:08,011: name=agvThread.AGV01, pid=15016, tid=13576
[01] File "C:/Python37/lib/threading.py", line 865, in run() 
[02] File "C:/Users/Administrator/Desktop/SVN/knowledgeCity/agvCtrl/agvList.py", line 565, in run() 
[03] File "../driver/seerAgv/agvCtrl.py", line 36, in checkLink() 
[04] File "../driver/seerAgv/agvApi.py", line 184, in checkLink() 
[05] File "C:/Users/Administrator/Desktop/SVN/knowledgeCity/common/lock.py", line 102, in release() 
[06] File "C:/Users/Administrator/Desktop/SVN/knowledgeCity/common/enhance.py", line 268, in getTrace() 
[07] File "C:/Users/Administrator/Desktop/SVN/knowledgeCity/common/enhance.py", line 248, in getThreadStack()
[INFO]2021-04-25 17:24:08,041: name=agvThread.AGV03, pid=15016, tid=2804
[01] File "C:/Python37/lib/threading.py", line 865, in run() 
[02] File "C:/Users/Administrator/Desktop/SVN/knowledgeCity/agvCtrl/agvList.py", line 565, in run() 
[03] File "../driver/seerAgv/agvCtrl.py", line 36, in checkLink() 
[04] File "../driver/seerAgv/agvApi.py", line 184, in checkLink() 
[05] File "C:/Users/Administrator/Desktop/SVN/knowledgeCity/common/lock.py", line 102, in release() 
[06] File "C:/Users/Administrator/Desktop/SVN/knowledgeCity/common/enhance.py", line 268, in getTrace() 
[07] File "C:/Users/Administrator/Desktop/SVN/knowledgeCity/common/enhance.py", line 248, in getThreadStack()
[DEBUG]2021-04-25 17:24:09,170: try connect AGV02 172.16.217.213:19204
[DEBUG]2021-04-25 17:24:09,773: try connect AGV04 172.16.217.123:19204
[DEBUG]2021-04-25 17:24:10,207: try connect AGV01 172.16.217.209:19204
[DEBUG]2021-04-25 17:24:10,330: try connect AGV03 172.16.217.121:19204
