[INFO]2021-04-25 16:46:45,660: log files at C:\Users\Administrator\Desktop\SVN\knowledgeCity\common\log
[INFO]2021-04-25 16:46:45,660: find module agvCtrl.main_agv
[INFO]2021-04-25 16:46:45,661: find module agvDevice.main_agvDevice
[INFO]2021-04-25 16:46:45,662: find module alarm.main_alarm
[INFO]2021-04-25 16:46:45,662: find module auth.main_auth
[INFO]2021-04-25 16:46:45,663: find module autoCtrl.main_akmCtrl
[INFO]2021-04-25 16:46:45,663: find module door.main_door
[INFO]2021-04-25 16:46:45,664: find module elevator.main_elevator
[INFO]2021-04-25 16:46:45,664: find module remoteio.main_remoteio
[INFO]2021-04-25 16:46:45,664: import agvCtrl.main_agv
[INFO]2021-04-25 16:46:46,618: create lock <lock name:doorMgr.lock,<unlocked _thread.RLock object owner=0 count=0 at 0x000001D194CD30F8>>
[INFO]2021-04-25 16:46:46,622: create lock <lock name:door.lock,<unlocked _thread.RLock object owner=0 count=0 at 0x000001D194CD3260>>
[INFO]2021-04-25 16:46:46,763: create lock <lock name:timer.lock_1999659870808,<unlocked _thread.RLock object owner=0 count=0 at 0x000001D194FD6C88>>
[ERROR]2021-04-25 16:46:46,779: mqtt is disabled
[INFO]2021-04-25 16:46:46,780: mqtt: subscribe [alarm/raise/+]
[INFO]2021-04-25 16:46:46,780: mqtt: subscribe [alarm/clear/+]
[INFO]2021-04-25 16:46:49,893: Mongodb connect to 127.0.0.1 port 27017
[INFO]2021-04-25 16:46:50,033: create lock <lock name:elevatorApi.tcp_lock,<unlocked _thread.RLock object owner=0 count=0 at 0x000001D1952A7CB0>>
[INFO]2021-04-25 16:46:50,036: create lock <lock name:elevatorApi.g_lock,<unlocked _thread.RLock object owner=0 count=0 at 0x000001D1952A78F0>>
[INFO]2021-04-25 16:46:50,037: create lock <lock name:elevatorMgr.lock,<unlocked _thread.RLock object owner=0 count=0 at 0x000001D1952A7440>>
[INFO]2021-04-25 16:46:50,084: create lock <lock name:agvserver,<unlocked _thread.RLock object owner=0 count=0 at 0x000001D19553E968>>
[INFO]2021-04-25 16:46:50,247: create lock <lock name:mapMgr.lock,<unlocked _thread.RLock object owner=0 count=0 at 0x000001D1932698F0>>
[INFO]2021-04-25 16:46:50,588: create lock <lock name:agvList.g_agvLock,<unlocked _thread.RLock object owner=0 count=0 at 0x000001D1954686C0>>
[INFO]2021-04-25 16:46:50,593: create lock <lock name:taskList.lock,<unlocked _thread.RLock object owner=0 count=0 at 0x000001D1953B88C8>>
[INFO]2021-04-25 16:46:50,654: charge policy 0 , fix time
[INFO]2021-04-25 16:46:50,699: create lock <lock name:agvApi.g_lock,<unlocked _thread.RLock object owner=0 count=0 at 0x000001D19553E918>>
[INFO]2021-04-25 16:46:51,338: start load map C:\Users\Administrator\Desktop\SVN\knowledgeCity\agvCtrl\projects\knowledgeCity\comba-ZSC-3F_0419.smap
[DEBUG]2021-04-25 16:46:53,910: elevator thread start
[INFO]2021-04-25 16:46:54,425: load map C:\Users\Administrator\Desktop\SVN\knowledgeCity\agvCtrl\projects\knowledgeCity\comba-ZSC-3F_0419.smap ,used 3100 ms
[INFO]2021-04-25 16:46:54,435: start load map C:\Users\Administrator\Desktop\SVN\knowledgeCity\agvCtrl\projects\knowledgeCity\comba-ZSC-F1-F3.smap
[INFO]2021-04-25 16:47:00,401: load map C:\Users\Administrator\Desktop\SVN\knowledgeCity\agvCtrl\projects\knowledgeCity\comba-ZSC-F1-F3.smap ,used 5974 ms
[INFO]2021-04-25 16:47:00,412: start load map C:\Users\Administrator\Desktop\SVN\knowledgeCity\agvCtrl\projects\knowledgeCity\comba-ZXC-3F.smap
[INFO]2021-04-25 16:47:03,336: load map C:\Users\Administrator\Desktop\SVN\knowledgeCity\agvCtrl\projects\knowledgeCity\comba-ZXC-3F.smap ,used 2933 ms
[INFO]2021-04-25 16:47:03,351: start load map C:\Users\Administrator\Desktop\SVN\knowledgeCity\agvCtrl\projects\knowledgeCity\comba-ZXC-F3.smap
[INFO]2021-04-25 16:47:06,630: load map C:\Users\Administrator\Desktop\SVN\knowledgeCity\agvCtrl\projects\knowledgeCity\comba-ZXC-F3.smap ,used 3287 ms
[INFO]2021-04-25 16:47:06,639: start load map C:\Users\Administrator\Desktop\SVN\knowledgeCity\agvCtrl\projects\knowledgeCity\office.smap
[INFO]2021-04-25 16:47:07,009: load map C:\Users\Administrator\Desktop\SVN\knowledgeCity\agvCtrl\projects\knowledgeCity\office.smap ,used 378 ms
[WARN]2021-04-25 16:47:07,011: MainThread[tid:2292] <lock name:mapMgr.lock,<locked _thread.RLock object owner=2292 count=1 at 0x000001D1932698F0>> ,hold 16310 ms
[INFO]2021-04-25 16:47:07,013: name=MainThread, pid=14304, tid=2292
[01] File "run_all.py", line 57, in <module>() 
[02] File "run_all.py", line 39, in findModule() 
[03] File "<frozen importlib._bootstrap>", line 983, in _find_and_load() 
[04] File "<frozen importlib._bootstrap>", line 967, in _find_and_load_unlocked() 
[05] File "<frozen importlib._bootstrap>", line 677, in _load_unlocked() 
[06] File "<frozen importlib._bootstrap_external>", line 728, in exec_module() 
[07] File "<frozen importlib._bootstrap>", line 219, in _call_with_frames_removed() 
[08] File "C:/Users/Administrator/Desktop/SVN/knowledgeCity/agvCtrl/main_agv.py", line 22, in <module>() 
[09] File "C:/Users/Administrator/Desktop/SVN/knowledgeCity/common/lock.py", line 124, in _call() 
[10] File "C:/Users/Administrator/Desktop/SVN/knowledgeCity/common/lock.py", line 102, in release() 
[11] File "C:/Users/Administrator/Desktop/SVN/knowledgeCity/common/enhance.py", line 268, in getTrace() 
[12] File "C:/Users/Administrator/Desktop/SVN/knowledgeCity/common/enhance.py", line 248, in getThreadStack()
[INFO]2021-04-25 16:47:07,017: import agvDevice.main_agvDevice
[INFO]2021-04-25 16:47:07,019: import alarm.main_alarm
[INFO]2021-04-25 16:47:07,020: import auth.main_auth
[INFO]2021-04-25 16:47:07,028: import autoCtrl.main_akmCtrl
[INFO]2021-04-25 16:47:07,074: create lock <lock name:agvApi.g_lock,<unlocked _thread.RLock object owner=0 count=0 at 0x000001D19805E800>>
[INFO]2021-04-25 16:47:07,092: create lock <lock name:runTasks.pre_lock,<unlocked _thread.RLock object owner=0 count=0 at 0x000001D197C21BC0>>
[INFO]2021-04-25 16:47:07,117: create lock <lock name:IOAlarm.s_lock,<unlocked _thread.RLock object owner=0 count=0 at 0x000001D197B1FA08>>
[INFO]2021-04-25 16:47:07,120: create lock <lock name:mapMgr.lock,<unlocked _thread.RLock object owner=0 count=0 at 0x000001D19843D1C0>>
[INFO]2021-04-25 16:47:07,185: import door.main_door
[INFO]2021-04-25 16:47:07,192: import elevator.main_elevator
[INFO]2021-04-25 16:47:07,193: import remoteio.main_remoteio
[SUCC]2021-04-25 16:47:07,245: utility start, pid=14304, ppid=4628
[DEBUG]2021-04-25 16:47:07,245: create aliveObj upStation01 远程控制IO离线异常 timeout 120
[DEBUG]2021-04-25 16:47:07,246: start timer
[DEBUG]2021-04-25 16:47:07,250: create aliveObj downStation01 远程控制IO离线异常 timeout 120
[INFO]2021-04-25 16:47:07,286: load agv file: C:\Users\Administrator\Desktop\SVN\knowledgeCity\agvCtrl/projects/knowledgeCity/agv.cfg
[INFO]2021-04-25 16:47:07,289: create lock <lock name:agvList.AGV01.lock,<unlocked _thread.RLock object owner=0 count=0 at 0x000001D1974A03C8>>
[DEBUG]2021-04-25 16:47:07,294: create aliveObj AGV01 AGV离线异常 timeout 300
[INFO]2021-04-25 16:47:07,295: AGV01 start agvList run thread
[INFO]2021-04-25 16:47:07,296: AGV01 start agvList run2 thread
[INFO]2021-04-25 16:47:07,297: create lock <lock name:agv.AGV01.lock_status,<unlocked _thread.RLock object owner=0 count=0 at 0x000001D1974A0800>>
[DEBUG]2021-04-25 16:47:07,299: try connect AGV01 172.16.217.209:19204
[INFO]2021-04-25 16:47:07,307: create lock <lock name:agvList.AGV03.lock,<unlocked _thread.RLock object owner=0 count=0 at 0x000001D1974A0878>>
[DEBUG]2021-04-25 16:47:07,315: create aliveObj AGV03 AGV离线异常 timeout 300
[INFO]2021-04-25 16:47:07,318: AGV03 start agvList run thread
[INFO]2021-04-25 16:47:07,320: AGV03 start agvList run2 thread
[INFO]2021-04-25 16:47:07,320: create lock <lock name:agvList.AGV04.lock,<unlocked _thread.RLock object owner=0 count=0 at 0x000001D1974A0AD0>>
[INFO]2021-04-25 16:47:07,401: create lock <lock name:agv.AGV03.lock_status,<unlocked _thread.RLock object owner=0 count=0 at 0x000001D1974A0B98>>
[DEBUG]2021-04-25 16:47:07,923: try connect AGV03 172.16.217.121:19204
[DEBUG]2021-04-25 16:47:07,928: create aliveObj AGV04 AGV离线异常 timeout 300
[INFO]2021-04-25 16:47:07,935: AGV04 start agvList run thread
[INFO]2021-04-25 16:47:07,936: AGV04 start agvList run2 thread
[INFO]2021-04-25 16:47:07,936: create lock <lock name:agvList.AGV02.lock,<unlocked _thread.RLock object owner=0 count=0 at 0x000001D1974A0CD8>>
[INFO]2021-04-25 16:47:07,940: create lock <lock name:agv.AGV04.lock_status,<unlocked _thread.RLock object owner=0 count=0 at 0x000001D1974A0D28>>
[DEBUG]2021-04-25 16:47:07,948: try connect AGV04 172.16.217.123:19204
[DEBUG]2021-04-25 16:47:07,952: create aliveObj AGV02 AGV离线异常 timeout 300
[INFO]2021-04-25 16:47:07,965: AGV02 start agvList run thread
[INFO]2021-04-25 16:47:07,967: AGV02 start agvList run2 thread
[WARN]2021-04-25 16:47:07,969: Local server start! version 3.7.3, path C:\Users\Administrator\Desktop\SVN\knowledgeCity\common, pid 14304
[INFO]2021-04-25 16:47:07,972: create lock <lock name:agv.AGV02.lock_status,<unlocked _thread.RLock object owner=0 count=0 at 0x000001D1974A02D8>>
[INFO]2021-04-25 16:47:07,977: add_ignore: taskStatus
[DEBUG]2021-04-25 16:47:07,979: try connect AGV02 172.16.217.213:19204
[DEBUG]2021-04-25 16:47:14,001: GET: http://127.0.0.1:8999/api/agv/init?appName=akmTask addr: 127.0.0.1
[INFO]2021-04-25 16:47:14,004: akmTask init client agvApi
[DEBUG]2021-04-25 16:47:14,008: used 7ms 200 OK application/json;charset=utf-8, GET: http://127.0.0.1:8999/api/agv/init?appName=akmTask
[DEBUG]2021-04-25 16:47:17,097: GET: http://127.0.0.1:8999/api/agv/startCharge?appName=akmTask addr: 127.0.0.1
[DEBUG]2021-04-25 16:47:17,175: used 78ms 200 OK application/json;charset=utf-8, GET: http://127.0.0.1:8999/api/agv/startCharge?appName=akmTask
[ERROR]2021-04-25 16:47:17,327: connect AGV01 failed timed out
[WARN]2021-04-25 16:47:17,343: timer_thread[tid:3828] <locked _thread.RLock object owner=3828 count=1 at 0x000001D197C21AA8> ,hold 8366 ms
[DEBUG]2021-04-25 16:47:17,405: try connect AGV01 172.16.217.209:19204
[INFO]2021-04-25 16:47:17,530: name=timer_thread, pid=14304, tid=3828
[01] File "C:/Python37/lib/threading.py", line 865, in run() 
[02] File "C:/Users/Administrator/Desktop/SVN/knowledgeCity/common/mytimer.py", line 113, in _loop() 
[03] File "C:/Users/Administrator/Desktop/SVN/knowledgeCity/common/lock.py", line 124, in _call() 
[04] File "C:/Users/Administrator/Desktop/SVN/knowledgeCity/common/lock.py", line 102, in release() 
[05] File "C:/Users/Administrator/Desktop/SVN/knowledgeCity/common/enhance.py", line 268, in getTrace() 
[06] File "C:/Users/Administrator/Desktop/SVN/knowledgeCity/common/enhance.py", line 248, in getThreadStack()
[ERROR]2021-04-25 16:47:17,946: connect AGV03 failed timed out
[ERROR]2021-04-25 16:47:17,977: connect AGV04 failed timed out
[ERROR]2021-04-25 16:47:18,006: connect AGV02 failed timed out
[DEBUG]2021-04-25 16:47:18,006: try connect AGV03 172.16.217.121:19204
[DEBUG]2021-04-25 16:47:18,130: try connect AGV04 172.16.217.123:19204
[DEBUG]2021-04-25 16:47:18,255: try connect AGV02 172.16.217.213:19204
[DEBUG]2021-04-25 16:47:18,286: send http_get: http://127.0.0.1:8999/api/remoteio/readDOList?id=upStation01
[ERROR]2021-04-25 16:47:27,659: connect AGV01 failed timed out
[INFO]2021-04-25 16:47:27,720: AGV01 checkLink failed 172.16.217.209 19204
[WARN]2021-04-25 16:47:27,828: agvThread.AGV01[tid:6352] <lock name:agv.AGV01.lock_status,<locked _thread.RLock object owner=6352 count=1 at 0x000001D1974A0800>> ,hold 20530 ms
[INFO]2021-04-25 16:47:27,970: name=agvThread.AGV01, pid=14304, tid=6352
[01] File "C:/Python37/lib/threading.py", line 865, in run() 
[02] File "C:/Users/Administrator/Desktop/SVN/knowledgeCity/agvCtrl/agvList.py", line 565, in run() 
[03] File "../driver/seerAgv/agvCtrl.py", line 36, in checkLink() 
[04] File "../driver/seerAgv/agvApi.py", line 184, in checkLink() 
[05] File "C:/Users/Administrator/Desktop/SVN/knowledgeCity/common/lock.py", line 102, in release() 
[06] File "C:/Users/Administrator/Desktop/SVN/knowledgeCity/common/enhance.py", line 268, in getTrace() 
[07] File "C:/Users/Administrator/Desktop/SVN/knowledgeCity/common/enhance.py", line 248, in getThreadStack()
[ERROR]2021-04-25 16:47:28,391: connect AGV03 failed timed out
[INFO]2021-04-25 16:47:28,516: AGV03 checkLink failed 172.16.217.121 19204
[ERROR]2021-04-25 16:47:28,531: connect AGV04 failed timed out
[WARN]2021-04-25 16:47:28,561: agvThread.AGV03[tid:12712] <lock name:agv.AGV03.lock_status,<locked _thread.RLock object owner=12712 count=1 at 0x000001D1974A0B98>> ,hold 20638 ms
[ERROR]2021-04-25 16:47:28,561: connect AGV02 failed timed out
[INFO]2021-04-25 16:47:28,701: AGV04 checkLink failed 172.16.217.123 19204
[INFO]2021-04-25 16:47:28,860: AGV02 checkLink failed 172.16.217.213 19204
[INFO]2021-04-25 16:47:28,875: name=agvThread.AGV03, pid=14304, tid=12712
[01] File "C:/Python37/lib/threading.py", line 865, in run() 
[02] File "C:/Users/Administrator/Desktop/SVN/knowledgeCity/agvCtrl/agvList.py", line 565, in run() 
[03] File "../driver/seerAgv/agvCtrl.py", line 36, in checkLink() 
[04] File "../driver/seerAgv/agvApi.py", line 184, in checkLink() 
[05] File "C:/Users/Administrator/Desktop/SVN/knowledgeCity/common/lock.py", line 102, in release() 
[06] File "C:/Users/Administrator/Desktop/SVN/knowledgeCity/common/enhance.py", line 268, in getTrace() 
[07] File "C:/Users/Administrator/Desktop/SVN/knowledgeCity/common/enhance.py", line 248, in getThreadStack()
[WARN]2021-04-25 16:47:28,967: agvThread.AGV04[tid:2464] <lock name:agv.AGV04.lock_status,<locked _thread.RLock object owner=2464 count=1 at 0x000001D1974A0D28>> ,hold 21019 ms
[WARN]2021-04-25 16:47:29,044: agvThread.AGV02[tid:11568] <lock name:agv.AGV02.lock_status,<locked _thread.RLock object owner=11568 count=1 at 0x000001D1974A02D8>> ,hold 21066 ms
[INFO]2021-04-25 16:47:29,415: name=agvThread.AGV04, pid=14304, tid=2464
[01] File "C:/Python37/lib/threading.py", line 865, in run() 
[02] File "C:/Users/Administrator/Desktop/SVN/knowledgeCity/agvCtrl/agvList.py", line 565, in run() 
[03] File "../driver/seerAgv/agvCtrl.py", line 36, in checkLink() 
[04] File "../driver/seerAgv/agvApi.py", line 184, in checkLink() 
[05] File "C:/Users/Administrator/Desktop/SVN/knowledgeCity/common/lock.py", line 102, in release() 
[06] File "C:/Users/Administrator/Desktop/SVN/knowledgeCity/common/enhance.py", line 268, in getTrace() 
[07] File "C:/Users/Administrator/Desktop/SVN/knowledgeCity/common/enhance.py", line 248, in getThreadStack()
[INFO]2021-04-25 16:47:29,539: name=agvThread.AGV02, pid=14304, tid=11568
[01] File "C:/Python37/lib/threading.py", line 865, in run() 
[02] File "C:/Users/Administrator/Desktop/SVN/knowledgeCity/agvCtrl/agvList.py", line 565, in run() 
[03] File "../driver/seerAgv/agvCtrl.py", line 36, in checkLink() 
[04] File "../driver/seerAgv/agvApi.py", line 184, in checkLink() 
[05] File "C:/Users/Administrator/Desktop/SVN/knowledgeCity/common/lock.py", line 102, in release() 
[06] File "C:/Users/Administrator/Desktop/SVN/knowledgeCity/common/enhance.py", line 268, in getTrace() 
[07] File "C:/Users/Administrator/Desktop/SVN/knowledgeCity/common/enhance.py", line 248, in getThreadStack()
[DEBUG]2021-04-25 16:47:30,040: try connect AGV01 172.16.217.209:19204
[DEBUG]2021-04-25 16:47:31,193: try connect AGV03 172.16.217.121:19204
[DEBUG]2021-04-25 16:47:31,596: try connect AGV04 172.16.217.123:19204
[DEBUG]2021-04-25 16:47:31,719: try connect AGV02 172.16.217.213:19204
[CRITICAL]2021-04-25 16:47:34,637: upStation01 init failed cause a error: ('http get', 'http://127.0.0.1:8999/api/remoteio/readDOList', {'id': 'upStation01'}, 'error:', 'timed out')
pid=14304, ppid=4628, tid=3828
Traceback (most recent call last):
  File "C:\Users\Administrator\Desktop\SVN\knowledgeCity\common\webutility.py", line 103, in http_get
    f = urllib.request.urlopen(u,timeout=timeout)
  File "C:\Python37\lib\urllib\request.py", line 222, in urlopen
    return opener.open(url, data, timeout)
  File "C:\Python37\lib\urllib\request.py", line 525, in open
    response = self._open(req, data)
  File "C:\Python37\lib\urllib\request.py", line 543, in _open
    '_open', req)
  File "C:\Python37\lib\urllib\request.py", line 503, in _call_chain
    result = func(*args)
  File "C:\Python37\lib\urllib\request.py", line 1345, in http_open
    return self.do_open(http.client.HTTPConnection, req)
  File "C:\Python37\lib\urllib\request.py", line 1320, in do_open
    r = h.getresponse()
  File "C:\Python37\lib\http\client.py", line 1321, in getresponse
    response.begin()
  File "C:\Python37\lib\http\client.py", line 296, in begin
    version, status, reason = self._read_status()
  File "C:\Python37\lib\http\client.py", line 257, in _read_status
    line = str(self.fp.readline(_MAXLINE + 1), "iso-8859-1")
  File "C:\Python37\lib\socket.py", line 589, in readinto
    return self._sock.recv_into(b)
socket.timeout: timed out

During handling of the above exception, another exception occurred:

Traceback (most recent call last):
  File "C:\Users\Administrator\Desktop\SVN\knowledgeCity\autoCtrl\deviceCtrl.py", line 175, in _checkInit
    s = ioApi.readDOList(devices[d][ioId])["status"]
  File "..\remoteio\remoteioApi.py", line 73, in readDOList
    return _remoteio('/api/remoteio/readDOList', id, param)
  File "..\remoteio\remoteioApi.py", line 100, in _remoteio
    return http_get(url + apiurl, param)
  File "..\remoteio\remoteioApi.py", line 16, in http_get
    r = webutility.http_get(url, param)
  File "C:\Users\Administrator\Desktop\SVN\knowledgeCity\common\webutility.py", line 105, in http_get
    raise Exception("http get",url,params,"error:",str(e))
Exception: ('http get', 'http://127.0.0.1:8999/api/remoteio/readDOList', {'id': 'upStation01'}, 'error:', 'timed out')

[DEBUG]2021-04-25 16:47:35,952: send http_get: http://127.0.0.1:8999/api/remoteio/readDOList?id=downStation01
[CRITICAL]2021-04-25 16:47:39,958: [modbusApi: 172.16.167.221] execute fcode=1, addr=8256 exception:  cause a error: [WinError 10060] 由于连接方在一段时间后没有正确答复或连接的主机没有反应，连接尝试失败。
pid=14304, ppid=4628, tid=7572
Traceback (most recent call last):
  File "C:\Users\Administrator\Desktop\SVN\knowledgeCity\common\modbusapi.py", line 35, in __execute
    data = self.master.execute(self.__salveId, fcode, start, quantity_of_x=num, output_value=value)
  File "C:\Python37\lib\site-packages\modbus_tk\utils.py", line 39, in new
    raise excpt
  File "C:\Python37\lib\site-packages\modbus_tk\utils.py", line 37, in new
    ret = fcn(*args, **kwargs)
  File "C:\Python37\lib\site-packages\modbus_tk\modbus.py", line 152, in execute
    self.open()
  File "C:\Python37\lib\site-packages\modbus_tk\modbus.py", line 99, in open
    self._do_open()
  File "C:\Python37\lib\site-packages\modbus_tk\modbus_tcp.py", line 173, in _do_open
    self._sock.connect((self._host, self._port))
TimeoutError: [WinError 10060] 由于连接方在一段时间后没有正确答复或连接的主机没有反应，连接尝试失败。

[WARN]2021-04-25 16:47:40,021: worker 2[tid:7572] <locked _thread.RLock object owner=7572 count=1 at 0x000001D1973934E0> ,hold 21455 ms
[ERROR]2021-04-25 16:47:40,177: connect AGV01 failed timed out
[INFO]2021-04-25 16:47:40,303: AGV01 checkLink failed 172.16.217.209 19204
[WARN]2021-04-25 16:47:40,348: agvThread.AGV01[tid:6352] <lock name:agv.AGV01.lock_status,<locked _thread.RLock object owner=6352 count=1 at 0x000001D1974A0800>> ,hold 10308 ms
[INFO]2021-04-25 16:47:40,517: name=agvThread.AGV01, pid=14304, tid=6352
[01] File "C:/Python37/lib/threading.py", line 865, in run() 
[02] File "C:/Users/Administrator/Desktop/SVN/knowledgeCity/agvCtrl/agvList.py", line 565, in run() 
[03] File "../driver/seerAgv/agvCtrl.py", line 36, in checkLink() 
[04] File "../driver/seerAgv/agvApi.py", line 184, in checkLink() 
[05] File "C:/Users/Administrator/Desktop/SVN/knowledgeCity/common/lock.py", line 102, in release() 
[06] File "C:/Users/Administrator/Desktop/SVN/knowledgeCity/common/enhance.py", line 268, in getTrace() 
[07] File "C:/Users/Administrator/Desktop/SVN/knowledgeCity/common/enhance.py", line 248, in getThreadStack()
[INFO]2021-04-25 16:47:40,988: name=worker 2, pid=14304, tid=7572
[01] File "C:/Python37/lib/threading.py", line 865, in run() 
[02] File "C:/Python37/lib/site-packages/paste/httpserver.py", line 903, in worker_thread_callback() 
[03] File "C:/Python37/lib/site-packages/paste/httpserver.py", line 1077, in <lambda>() 
[04] File "C:/Python37/lib/site-packages/paste/httpserver.py", line 1092, in process_request_in_thread() 
[05] File "C:/Python37/lib/socketserver.py", line 360, in finish_request() 
[06] File "C:/Python37/lib/socketserver.py", line 720, in __init__() 
[07] File "C:/Python37/lib/site-packages/paste/httpserver.py", line 460, in handle() 
[08] File "C:/Python37/lib/http/server.py", line 426, in handle() 
[09] File "C:/Python37/lib/site-packages/paste/httpserver.py", line 455, in handle_one_request() 
[10] File "C:/Python37/lib/site-packages/paste/httpserver.py", line 305, in wsgi_execute() 
[11] File "C:/Python37/lib/site-packages/paste/translogger.py", line 69, in __call__() 
[12] File "C:/Python37/lib/site-packages/bottle.py", line 985, in __call__() 
[13] File "C:/Python37/lib/site-packages/bottle.py", line 960, in wsgi() 
[14] File "C:/Python37/lib/site-packages/bottle.py", line 868, in _handle() 
[15] File "C:/Python37/lib/site-packages/bottle.py", line 1748, in wrapper() 
[16] File "C:/Users/Administrator/Desktop/SVN/knowledgeCity/common/webutility.py", line 465, in _enable_cors() 
[17] File "C:/Users/Administrator/Desktop/SVN/knowledgeCity/common/webutility.py", line 481, in _enable_cors() 
[18] File "C:/Users/Administrator/Desktop/SVN/knowledgeCity/common/scadaUtility.py", line 45, in __call() 
[19] File "C:/Users/Administrator/Desktop/SVN/knowledgeCity/remoteio/main_remoteio.py", line 87, in urlReadDOList() 
[20] File "../remoteio/remoteioMgr.py", line 158, in readDOList() 
[21] File "../remoteio/remoteioMgr.py", line 262, in readDOList() 
[22] File "C:/Users/Administrator/Desktop/SVN/knowledgeCity/common/lock.py", line 124, in _call() 
[23] File "C:/Users/Administrator/Desktop/SVN/knowledgeCity/common/lock.py", line 102, in release() 
[24] File "C:/Users/Administrator/Desktop/SVN/knowledgeCity/common/enhance.py", line 268, in getTrace() 
[25] File "C:/Users/Administrator/Desktop/SVN/knowledgeCity/common/enhance.py", line 248, in getThreadStack()
[CRITICAL]2021-04-25 16:47:41,145: upStation01 readDIList fail cause a error: [WinError 10060] 由于连接方在一段时间后没有正确答复或连接的主机没有反应，连接尝试失败。
pid=14304, ppid=4628, tid=7572
Traceback (most recent call last):
  File "..\remoteio\remoteioMgr.py", line 262, in readDOList
    return self._read(M30, IO_LENTH)
  File "C:\Users\Administrator\Desktop\SVN\knowledgeCity\common\lock.py", line 122, in _call
    return func(*p,**pp)
  File "..\remoteio\remoteioMgr.py", line 314, in _read
    s = self.master.read(mdef.READ_COILS,addr, length)
  File "C:\Users\Administrator\Desktop\SVN\knowledgeCity\common\modbusapi.py", line 45, in read
    return self.__execute(fcode, start, num)
  File "C:\Users\Administrator\Desktop\SVN\knowledgeCity\common\modbusapi.py", line 35, in __execute
    data = self.master.execute(self.__salveId, fcode, start, quantity_of_x=num, output_value=value)
  File "C:\Python37\lib\site-packages\modbus_tk\utils.py", line 39, in new
    raise excpt
  File "C:\Python37\lib\site-packages\modbus_tk\utils.py", line 37, in new
    ret = fcn(*args, **kwargs)
  File "C:\Python37\lib\site-packages\modbus_tk\modbus.py", line 152, in execute
    self.open()
  File "C:\Python37\lib\site-packages\modbus_tk\modbus.py", line 99, in open
    self._do_open()
  File "C:\Python37\lib\site-packages\modbus_tk\modbus_tcp.py", line 173, in _do_open
    self._sock.connect((self._host, self._port))
TimeoutError: [WinError 10060] 由于连接方在一段时间后没有正确答复或连接的主机没有反应，连接尝试失败。

[ERROR]2021-04-25 16:47:41,347: connect AGV03 failed timed out
[INFO]2021-04-25 16:47:41,409: AGV03 checkLink failed 172.16.217.121 19204
[CRITICAL]2021-04-25 16:47:41,425: invoke <function urlReadDOList at 0x000001D197D6A2F0> cause a error: [WinError 10060] 由于连接方在一段时间后没有正确答复或连接的主机没有反应，连接尝试失败。
pid=14304, ppid=4628, tid=7572
Traceback (most recent call last):
  File "C:\Users\Administrator\Desktop\SVN\knowledgeCity\common\scadaUtility.py", line 45, in __call
    ret = func(*p,**pp)
  File "C:\Users\Administrator\Desktop\SVN\knowledgeCity\remoteio\main_remoteio.py", line 87, in urlReadDOList
    return ioMgr.readDOList(id)
  File "..\remoteio\remoteioMgr.py", line 158, in readDOList
    result=remoteioInfo.readDOList()
  File "..\remoteio\remoteioMgr.py", line 262, in readDOList
    return self._read(M30, IO_LENTH)
  File "C:\Users\Administrator\Desktop\SVN\knowledgeCity\common\lock.py", line 122, in _call
    return func(*p,**pp)
  File "..\remoteio\remoteioMgr.py", line 314, in _read
    s = self.master.read(mdef.READ_COILS,addr, length)
  File "C:\Users\Administrator\Desktop\SVN\knowledgeCity\common\modbusapi.py", line 45, in read
    return self.__execute(fcode, start, num)
  File "C:\Users\Administrator\Desktop\SVN\knowledgeCity\common\modbusapi.py", line 35, in __execute
    data = self.master.execute(self.__salveId, fcode, start, quantity_of_x=num, output_value=value)
  File "C:\Python37\lib\site-packages\modbus_tk\utils.py", line 39, in new
    raise excpt
  File "C:\Python37\lib\site-packages\modbus_tk\utils.py", line 37, in new
    ret = fcn(*args, **kwargs)
  File "C:\Python37\lib\site-packages\modbus_tk\modbus.py", line 152, in execute
    self.open()
  File "C:\Python37\lib\site-packages\modbus_tk\modbus.py", line 99, in open
    self._do_open()
  File "C:\Python37\lib\site-packages\modbus_tk\modbus_tcp.py", line 173, in _do_open
    self._sock.connect((self._host, self._port))
TimeoutError: [WinError 10060] 由于连接方在一段时间后没有正确答复或连接的主机没有反应，连接尝试失败。

[WARN]2021-04-25 16:47:41,456: agvThread.AGV03[tid:12712] <lock name:agv.AGV03.lock_status,<locked _thread.RLock object owner=12712 count=1 at 0x000001D1974A0B98>> ,hold 10263 ms
[INFO]2021-04-25 16:47:41,751: name=agvThread.AGV03, pid=14304, tid=12712
[01] File "C:/Python37/lib/threading.py", line 865, in run() 
[02] File "C:/Users/Administrator/Desktop/SVN/knowledgeCity/agvCtrl/agvList.py", line 565, in run() 
[03] File "../driver/seerAgv/agvCtrl.py", line 36, in checkLink() 
[04] File "../driver/seerAgv/agvApi.py", line 184, in checkLink() 
[05] File "C:/Users/Administrator/Desktop/SVN/knowledgeCity/common/lock.py", line 102, in release() 
[06] File "C:/Users/Administrator/Desktop/SVN/knowledgeCity/common/enhance.py", line 268, in getTrace() 
[07] File "C:/Users/Administrator/Desktop/SVN/knowledgeCity/common/enhance.py", line 248, in getThreadStack()
[ERROR]2021-04-25 16:47:41,843: connect AGV04 failed timed out
[INFO]2021-04-25 16:47:41,922: AGV04 checkLink failed 172.16.217.123 19204
[WARN]2021-04-25 16:47:41,953: agvThread.AGV04[tid:2464] <lock name:agv.AGV04.lock_status,<locked _thread.RLock object owner=2464 count=1 at 0x000001D1974A0D28>> ,hold 10357 ms
[ERROR]2021-04-25 16:47:41,984: connect AGV02 failed timed out
[INFO]2021-04-25 16:47:42,061: name=agvThread.AGV04, pid=14304, tid=2464
[01] File "C:/Python37/lib/threading.py", line 865, in run() 
[02] File "C:/Users/Administrator/Desktop/SVN/knowledgeCity/agvCtrl/agvList.py", line 565, in run() 
[03] File "../driver/seerAgv/agvCtrl.py", line 36, in checkLink() 
[04] File "../driver/seerAgv/agvApi.py", line 184, in checkLink() 
[05] File "C:/Users/Administrator/Desktop/SVN/knowledgeCity/common/lock.py", line 102, in release() 
[06] File "C:/Users/Administrator/Desktop/SVN/knowledgeCity/common/enhance.py", line 268, in getTrace() 
[07] File "C:/Users/Administrator/Desktop/SVN/knowledgeCity/common/enhance.py", line 248, in getThreadStack()
[INFO]2021-04-25 16:47:42,062: AGV02 checkLink failed 172.16.217.213 19204
[WARN]2021-04-25 16:47:42,188: agvThread.AGV02[tid:11568] <lock name:agv.AGV02.lock_status,<locked _thread.RLock object owner=11568 count=1 at 0x000001D1974A02D8>> ,hold 10469 ms
[INFO]2021-04-25 16:47:42,407: name=agvThread.AGV02, pid=14304, tid=11568
[01] File "C:/Python37/lib/threading.py", line 865, in run() 
[02] File "C:/Users/Administrator/Desktop/SVN/knowledgeCity/agvCtrl/agvList.py", line 565, in run() 
[03] File "../driver/seerAgv/agvCtrl.py", line 36, in checkLink() 
[04] File "../driver/seerAgv/agvApi.py", line 184, in checkLink() 
[05] File "C:/Users/Administrator/Desktop/SVN/knowledgeCity/common/lock.py", line 102, in release() 
[06] File "C:/Users/Administrator/Desktop/SVN/knowledgeCity/common/enhance.py", line 268, in getTrace() 
[07] File "C:/Users/Administrator/Desktop/SVN/knowledgeCity/common/enhance.py", line 248, in getThreadStack()
[DEBUG]2021-04-25 16:47:42,640: try connect AGV01 172.16.217.209:19204
[DEBUG]2021-04-25 16:47:43,902: try connect AGV03 172.16.217.121:19204
[DEBUG]2021-04-25 16:47:44,152: try connect AGV04 172.16.217.123:19204
[DEBUG]2021-04-25 16:47:44,495: try connect AGV02 172.16.217.213:19204
