[INFO]2021-06-03 12:53:05,698: log files at C:\Users\comba\Desktop\KLC\knowledgeCity\common\log
[INFO]2021-06-03 12:53:05,698: find module agvCtrl.main_agv
[INFO]2021-06-03 12:53:05,699: find module agvDevice.main_agvDevice
[INFO]2021-06-03 12:53:05,699: find module alarm.main_alarm
[INFO]2021-06-03 12:53:05,699: find module auth.main_auth
[INFO]2021-06-03 12:53:05,699: find module autoCtrl.main_akmCtrl
[INFO]2021-06-03 12:53:05,700: find module door.main_door
[INFO]2021-06-03 12:53:05,700: find module elevator.main_elevator
[INFO]2021-06-03 12:53:05,700: find module feed.main_feed
[INFO]2021-06-03 12:53:05,705: find module remoteio.main_remoteio
[INFO]2021-06-03 12:53:05,705: import agvCtrl.main_agv
[INFO]2021-06-03 12:53:05,930: create lock <lock name:doorMgr.lock,<unlocked _thread.RLock object owner=0 count=0 at 0x00000241FC9447B0>>
[INFO]2021-06-03 12:53:05,932: create lock <lock name:door.lock,<unlocked _thread.RLock object owner=0 count=0 at 0x00000241FC944918>>
[INFO]2021-06-03 12:53:05,978: create lock <lock name:timer.lock_2482436147856,<unlocked _thread.RLock object owner=0 count=0 at 0x00000241FCB8F440>>
[ERROR]2021-06-03 12:53:05,985: mqtt is disabled
[INFO]2021-06-03 12:53:05,986: mqtt: subscribe [alarm/raise/+]
[INFO]2021-06-03 12:53:05,987: mqtt: subscribe [alarm/clear/+]
[INFO]2021-06-03 12:53:09,006: Mongodb connect to 127.0.0.1 port 27017
[INFO]2021-06-03 12:53:09,036: create lock <lock name:elevatorApi.tcp_lock,<unlocked _thread.RLock object owner=0 count=0 at 0x00000241FCD58B48>>
[INFO]2021-06-03 12:53:09,038: create lock <lock name:elevatorApi.g_lock,<unlocked _thread.RLock object owner=0 count=0 at 0x00000241FCD58788>>
[INFO]2021-06-03 12:53:09,038: create lock <lock name:elevatorMgr.lock,<unlocked _thread.RLock object owner=0 count=0 at 0x00000241FCD58300>>
[INFO]2021-06-03 12:53:09,046: create lock <lock name:agvserver,<unlocked _thread.RLock object owner=0 count=0 at 0x00000241FCE5E710>>
[INFO]2021-06-03 12:53:09,191: create lock <lock name:mapMgr.lock,<unlocked _thread.RLock object owner=0 count=0 at 0x00000241FB11C198>>
[INFO]2021-06-03 12:53:09,393: create lock <lock name:agvList.g_agvLock,<unlocked _thread.RLock object owner=0 count=0 at 0x00000241FCF1FE40>>
[INFO]2021-06-03 12:53:09,396: create lock <lock name:taskList.lock,<unlocked _thread.RLock object owner=0 count=0 at 0x00000241FCF67FD0>>
[INFO]2021-06-03 12:53:09,441: charge policy 0 , fix time
[INFO]2021-06-03 12:53:09,465: create lock <lock name:agvApi.g_lock,<unlocked _thread.RLock object owner=0 count=0 at 0x00000241FD00D1C0>>
[INFO]2021-06-03 12:53:09,885: start load map C:\Users\comba\Desktop\KLC\knowledgeCity\agvCtrl\projects\knowledgeCity\comba-ZSC-3F_0419.smap
[DEBUG]2021-06-03 12:53:09,960: elevator thread start
[INFO]2021-06-03 12:53:09,975: load map C:\Users\comba\Desktop\KLC\knowledgeCity\agvCtrl\projects\knowledgeCity\comba-ZSC-3F_0419.smap ,used 97 ms
[INFO]2021-06-03 12:53:09,982: start load map C:\Users\comba\Desktop\KLC\knowledgeCity\agvCtrl\projects\knowledgeCity\comba-ZSC-F1-F3.smap
[INFO]2021-06-03 12:53:10,127: load map C:\Users\comba\Desktop\KLC\knowledgeCity\agvCtrl\projects\knowledgeCity\comba-ZSC-F1-F3.smap ,used 151 ms
[INFO]2021-06-03 12:53:10,135: start load map C:\Users\comba\Desktop\KLC\knowledgeCity\agvCtrl\projects\knowledgeCity\comba-ZXC-3F.smap
[INFO]2021-06-03 12:53:10,208: load map C:\Users\comba\Desktop\KLC\knowledgeCity\agvCtrl\projects\knowledgeCity\comba-ZXC-3F.smap ,used 80 ms
[INFO]2021-06-03 12:53:10,215: start load map C:\Users\comba\Desktop\KLC\knowledgeCity\agvCtrl\projects\knowledgeCity\comba-ZXC-F3.smap
[INFO]2021-06-03 12:53:10,265: load map C:\Users\comba\Desktop\KLC\knowledgeCity\agvCtrl\projects\knowledgeCity\comba-ZXC-F3.smap ,used 56 ms
[INFO]2021-06-03 12:53:10,272: start load map C:\Users\comba\Desktop\KLC\knowledgeCity\agvCtrl\projects\knowledgeCity\office.smap
[INFO]2021-06-03 12:53:10,303: load map C:\Users\comba\Desktop\KLC\knowledgeCity\agvCtrl\projects\knowledgeCity\office.smap ,used 38 ms
[INFO]2021-06-03 12:53:10,306: import agvDevice.main_agvDevice
[INFO]2021-06-03 12:53:10,307: import alarm.main_alarm
[INFO]2021-06-03 12:53:10,308: import auth.main_auth
[INFO]2021-06-03 12:53:10,314: import autoCtrl.main_akmCtrl
[CRITICAL]2021-06-03 12:53:10,325: import main_akmCtrl failed, path: autoCtrl cause a error: inconsistent use of tabs and spaces in indentation (runTasks.py, line 737)
pid=13000, ppid=8408, tid=11100
Traceback (most recent call last):
  File "run_all.py", line 39, in findModule
    __import__(m[1])
  File "C:\Users\comba\Desktop\KLC\knowledgeCity\autoCtrl\main_akmCtrl.py", line 18, in <module>
    import deviceCtrl
  File "C:\Users\comba\Desktop\KLC\knowledgeCity\autoCtrl\deviceCtrl.py", line 22, in <module>
    import runTasks
  File "C:\Users\comba\Desktop\KLC\knowledgeCity\autoCtrl\runTasks.py", line 737
    if s == 0:
             ^
TabError: inconsistent use of tabs and spaces in indentation

[CRITICAL]2021-06-03 12:53:10,326: import main_akmCtrl failed, path: autoCtrl ,cause inconsistent use of tabs and spaces in indentation (runTasks.py, line 737)
[INFO]2021-06-03 12:53:13,761: load agv file: C:\Users\comba\Desktop\KLC\knowledgeCity\agvCtrl/projects/knowledgeCity/agv.cfg
[INFO]2021-06-03 12:53:13,763: create lock <lock name:agvList.AGV01.lock,<unlocked _thread.RLock object owner=0 count=0 at 0x00000241803E4698>>
[DEBUG]2021-06-03 12:53:13,766: create aliveObj AGV01 AGV离线异常 timeout 300
[INFO]2021-06-03 12:53:13,767: AGV01 start agvList run thread
[INFO]2021-06-03 12:53:13,767: AGV01 start agvList run2 thread
[INFO]2021-06-03 12:53:13,768: create lock <lock name:agv.AGV01.lock_status,<unlocked _thread.RLock object owner=0 count=0 at 0x00000241803E4918>>
[DEBUG]2021-06-03 12:53:13,769: try connect AGV01 172.16.217.209:19204
[INFO]2021-06-03 12:53:13,770: create lock <lock name:agvList.AGVdiniu.lock,<unlocked _thread.RLock object owner=0 count=0 at 0x00000241803E48F0>>
[DEBUG]2021-06-03 12:53:13,773: create aliveObj AGVdiniu AGV离线异常 timeout 300
[INFO]2021-06-03 12:53:13,774: AGVdiniu start agvList run thread
[INFO]2021-06-03 12:53:13,774: AGVdiniu start agvList run2 thread
[INFO]2021-06-03 12:53:13,774: create lock <lock name:agvList.AGVwuliao.lock,<unlocked _thread.RLock object owner=0 count=0 at 0x00000241803E4B20>>
[INFO]2021-06-03 12:53:13,774: create lock <lock name:agv.AGVdiniu.lock_status,<unlocked _thread.RLock object owner=0 count=0 at 0x00000241803E4B70>>
[DEBUG]2021-06-03 12:53:13,776: try connect AGVdiniu 172.16.217.121:19204
[DEBUG]2021-06-03 12:53:13,778: create aliveObj AGVwuliao AGV离线异常 timeout 300
[INFO]2021-06-03 12:53:13,779: AGVwuliao start agvList run thread
[INFO]2021-06-03 12:53:13,779: AGVwuliao start agvList run2 thread
[INFO]2021-06-03 12:53:13,779: create lock <lock name:agvList.AGVchache.lock,<unlocked _thread.RLock object owner=0 count=0 at 0x00000241803E4DA0>>
[INFO]2021-06-03 12:53:13,779: create lock <lock name:agv.AGVwuliao.lock_status,<unlocked _thread.RLock object owner=0 count=0 at 0x00000241803E4DF0>>
[DEBUG]2021-06-03 12:53:13,782: try connect AGVwuliao 172.16.217.211:19204
[DEBUG]2021-06-03 12:53:13,783: create aliveObj AGVchache AGV离线异常 timeout 300
[INFO]2021-06-03 12:53:13,784: AGVchache start agvList run thread
[INFO]2021-06-03 12:53:13,784: AGVchache start agvList run2 thread
[INFO]2021-06-03 12:53:13,855: create lock <lock name:agv.AGVchache.lock_status,<unlocked _thread.RLock object owner=0 count=0 at 0x0000024181311198>>
[INFO]2021-06-03 12:53:13,856: AGVdiniu connected 172.16.217.121 19204
[INFO]2021-06-03 12:53:13,856: AGVwuliao connected 172.16.217.211 19204
[DEBUG]2021-06-03 12:53:13,862: try connect AGVchache 172.16.217.213:19204
[INFO]2021-06-03 12:53:13,864: create lock <lock name:agv.AGVdiniu.lock_ctrl,<unlocked _thread.RLock object owner=0 count=0 at 0x00000241803E4D28>>
[INFO]2021-06-03 12:53:13,864: create lock <lock name:agv.AGVwuliao.lock_ctrl,<unlocked _thread.RLock object owner=0 count=0 at 0x00000241803E4FA8>>
[DEBUG]2021-06-03 12:53:13,866: try connect AGVdiniu 172.16.217.121:19205
[DEBUG]2021-06-03 12:53:13,867: try connect AGVwuliao 172.16.217.211:19205
[INFO]2021-06-03 12:53:13,888: AGVdiniu connected 172.16.217.121 19205
[INFO]2021-06-03 12:53:13,889: create lock <lock name:agv.AGVdiniu.lock_task,<unlocked _thread.RLock object owner=0 count=0 at 0x0000024181311238>>
[DEBUG]2021-06-03 12:53:13,890: try connect AGVdiniu 172.16.217.121:19206
[INFO]2021-06-03 12:53:13,898: AGVdiniu connected 172.16.217.121 19206
[INFO]2021-06-03 12:53:13,898: AGVwuliao connected 172.16.217.211 19205
[INFO]2021-06-03 12:53:13,905: create lock <lock name:agv.AGVdiniu.lock_conf,<unlocked _thread.RLock object owner=0 count=0 at 0x00000241813117D8>>
[INFO]2021-06-03 12:53:13,932: create lock <lock name:agv.AGVwuliao.lock_task,<unlocked _thread.RLock object owner=0 count=0 at 0x0000024181311260>>
[DEBUG]2021-06-03 12:53:13,933: try connect AGVdiniu 172.16.217.121:19207
[DEBUG]2021-06-03 12:53:13,933: try connect AGVwuliao 172.16.217.211:19206
[INFO]2021-06-03 12:53:14,002: AGVdiniu connected 172.16.217.121 19207
[INFO]2021-06-03 12:53:14,003: create lock <lock name:agv.AGVdiniu.lock_core,<unlocked _thread.RLock object owner=0 count=0 at 0x00000241815B9A30>>
[DEBUG]2021-06-03 12:53:14,009: try connect AGVdiniu 172.16.217.121:19208
[INFO]2021-06-03 12:53:14,015: AGVwuliao connected 172.16.217.211 19206
[INFO]2021-06-03 12:53:14,028: create lock <lock name:agv.AGVwuliao.lock_conf,<unlocked _thread.RLock object owner=0 count=0 at 0x00000241815B9A08>>
[DEBUG]2021-06-03 12:53:14,049: try connect AGVwuliao 172.16.217.211:19207
[INFO]2021-06-03 12:53:14,085: AGVdiniu connected 172.16.217.121 19208
[INFO]2021-06-03 12:53:14,087: create lock <lock name:agv.AGVdiniu.lock_other,<unlocked _thread.RLock object owner=0 count=0 at 0x00000241815FBFA8>>
[DEBUG]2021-06-03 12:53:14,087: try connect AGVdiniu 172.16.217.121:19210
[INFO]2021-06-03 12:53:14,138: AGVwuliao connected 172.16.217.211 19207
[INFO]2021-06-03 12:53:14,142: create lock <lock name:agv.AGVwuliao.lock_core,<unlocked _thread.RLock object owner=0 count=0 at 0x0000024181826DF0>>
[DEBUG]2021-06-03 12:53:14,142: try connect AGVwuliao 172.16.217.211:19208
[INFO]2021-06-03 12:53:14,145: AGVdiniu connected 172.16.217.121 19210
[INFO]2021-06-03 12:53:14,164: AGVwuliao connected 172.16.217.211 19208
[INFO]2021-06-03 12:53:14,181: AGVdiniu current map comba-ZXC-3F
[INFO]2021-06-03 12:53:14,182: create lock <lock name:agv.AGVwuliao.lock_other,<unlocked _thread.RLock object owner=0 count=0 at 0x0000024184653F80>>
[DEBUG]2021-06-03 12:53:14,194: try connect AGVwuliao 172.16.217.211:19210
[INFO]2021-06-03 12:53:14,216: AGVdiniu is online
[INFO]2021-06-03 12:53:14,229: AGVwuliao connected 172.16.217.211 19210
[INFO]2021-06-03 12:53:14,246: AGVwuliao current map comba-ZXC-F3
[INFO]2021-06-03 12:53:14,304: AGVwuliao is online
[WARN]2021-06-03 12:53:14,329: clear alarm obj=AGVwuliao, typeId=52200, id=60b85dcbf52a9abec7194ad0
[ERROR]2021-06-03 12:53:14,332: raise alarm obj=AGVwuliao, typeId=49997, desc=小车置信度小于最低阈值,当前值:0.6463
[ERROR]2021-06-03 12:53:23,770: connect AGV01 failed timed out
[DEBUG]2021-06-03 12:53:23,774: try connect AGV01 172.16.217.209:19204
[ERROR]2021-06-03 12:53:23,866: connect AGVchache failed timed out
[DEBUG]2021-06-03 12:53:23,870: try connect AGVchache 172.16.217.213:19204
[ERROR]2021-06-03 12:53:33,777: connect AGV01 failed timed out
[INFO]2021-06-03 12:53:33,781: AGV01 checkLink failed 172.16.217.209 19204
[WARN]2021-06-03 12:53:33,784: agvThread.AGV01[tid:12972] <lock name:agv.AGV01.lock_status,<locked _thread.RLock object owner=12972 count=1 at 0x00000241803E4918>> ,hold 20015 ms
[INFO]2021-06-03 12:53:33,788: name=agvThread.AGV01, pid=13000, tid=12972
[01] File "C:/Users/comba/AppData/Local/Programs/Python/Python37/lib/threading.py", line 865, in run() 
[02] File "C:/Users/comba/Desktop/KLC/knowledgeCity/agvCtrl/agvList.py", line 582, in run() 
[03] File "../driver/seerAgv/agvCtrl.py", line 36, in checkLink() 
[04] File "../driver/seerAgv/agvApi.py", line 185, in checkLink() 
[05] File "C:/Users/comba/Desktop/KLC/knowledgeCity/common/lock.py", line 102, in release() 
[06] File "C:/Users/comba/Desktop/KLC/knowledgeCity/common/enhance.py", line 268, in getTrace() 
[07] File "C:/Users/comba/Desktop/KLC/knowledgeCity/common/enhance.py", line 248, in getThreadStack()
[ERROR]2021-06-03 12:53:33,874: connect AGVchache failed timed out
[INFO]2021-06-03 12:53:33,878: AGVchache checkLink failed 172.16.217.213 19204
[WARN]2021-06-03 12:53:33,881: agvThread.AGVchache[tid:6948] <lock name:agv.AGVchache.lock_status,<locked _thread.RLock object owner=6948 count=1 at 0x0000024181311198>> ,hold 20019 ms
[INFO]2021-06-03 12:53:33,885: name=agvThread.AGVchache, pid=13000, tid=6948
[01] File "C:/Users/comba/AppData/Local/Programs/Python/Python37/lib/threading.py", line 865, in run() 
[02] File "C:/Users/comba/Desktop/KLC/knowledgeCity/agvCtrl/agvList.py", line 582, in run() 
[03] File "../driver/seerAgv/agvCtrl.py", line 36, in checkLink() 
[04] File "../driver/seerAgv/agvApi.py", line 185, in checkLink() 
[05] File "C:/Users/comba/Desktop/KLC/knowledgeCity/common/lock.py", line 102, in release() 
[06] File "C:/Users/comba/Desktop/KLC/knowledgeCity/common/enhance.py", line 268, in getTrace() 
[07] File "C:/Users/comba/Desktop/KLC/knowledgeCity/common/enhance.py", line 248, in getThreadStack()
[DEBUG]2021-06-03 12:53:35,795: try connect AGV01 172.16.217.209:19204
[DEBUG]2021-06-03 12:53:35,890: try connect AGVchache 172.16.217.213:19204
[ERROR]2021-06-03 12:53:45,800: connect AGV01 failed timed out
[INFO]2021-06-03 12:53:45,804: AGV01 checkLink failed 172.16.217.209 19204
[WARN]2021-06-03 12:53:45,807: agvThread.AGV01[tid:12972] <lock name:agv.AGV01.lock_status,<locked _thread.RLock object owner=12972 count=1 at 0x00000241803E4918>> ,hold 10012 ms
[INFO]2021-06-03 12:53:45,811: name=agvThread.AGV01, pid=13000, tid=12972
[01] File "C:/Users/comba/AppData/Local/Programs/Python/Python37/lib/threading.py", line 865, in run() 
[02] File "C:/Users/comba/Desktop/KLC/knowledgeCity/agvCtrl/agvList.py", line 582, in run() 
[03] File "../driver/seerAgv/agvCtrl.py", line 36, in checkLink() 
[04] File "../driver/seerAgv/agvApi.py", line 185, in checkLink() 
[05] File "C:/Users/comba/Desktop/KLC/knowledgeCity/common/lock.py", line 102, in release() 
[06] File "C:/Users/comba/Desktop/KLC/knowledgeCity/common/enhance.py", line 268, in getTrace() 
[07] File "C:/Users/comba/Desktop/KLC/knowledgeCity/common/enhance.py", line 248, in getThreadStack()
[ERROR]2021-06-03 12:53:45,894: connect AGVchache failed timed out
[INFO]2021-06-03 12:53:45,897: AGVchache checkLink failed 172.16.217.213 19204
[WARN]2021-06-03 12:53:45,900: agvThread.AGVchache[tid:6948] <lock name:agv.AGVchache.lock_status,<locked _thread.RLock object owner=6948 count=1 at 0x0000024181311198>> ,hold 10010 ms
[INFO]2021-06-03 12:53:45,904: name=agvThread.AGVchache, pid=13000, tid=6948
[01] File "C:/Users/comba/AppData/Local/Programs/Python/Python37/lib/threading.py", line 865, in run() 
[02] File "C:/Users/comba/Desktop/KLC/knowledgeCity/agvCtrl/agvList.py", line 582, in run() 
[03] File "../driver/seerAgv/agvCtrl.py", line 36, in checkLink() 
[04] File "../driver/seerAgv/agvApi.py", line 185, in checkLink() 
[05] File "C:/Users/comba/Desktop/KLC/knowledgeCity/common/lock.py", line 102, in release() 
[06] File "C:/Users/comba/Desktop/KLC/knowledgeCity/common/enhance.py", line 268, in getTrace() 
[07] File "C:/Users/comba/Desktop/KLC/knowledgeCity/common/enhance.py", line 248, in getThreadStack()
[DEBUG]2021-06-03 12:53:47,817: try connect AGV01 172.16.217.209:19204
[DEBUG]2021-06-03 12:53:47,911: try connect AGVchache 172.16.217.213:19204
[ERROR]2021-06-03 12:53:57,822: connect AGV01 failed timed out
[INFO]2021-06-03 12:53:57,826: AGV01 checkLink failed 172.16.217.209 19204
[WARN]2021-06-03 12:53:57,829: agvThread.AGV01[tid:12972] <lock name:agv.AGV01.lock_status,<locked _thread.RLock object owner=12972 count=1 at 0x00000241803E4918>> ,hold 10012 ms
[INFO]2021-06-03 12:53:57,833: name=agvThread.AGV01, pid=13000, tid=12972
[01] File "C:/Users/comba/AppData/Local/Programs/Python/Python37/lib/threading.py", line 865, in run() 
[02] File "C:/Users/comba/Desktop/KLC/knowledgeCity/agvCtrl/agvList.py", line 582, in run() 
[03] File "../driver/seerAgv/agvCtrl.py", line 36, in checkLink() 
[04] File "../driver/seerAgv/agvApi.py", line 185, in checkLink() 
[05] File "C:/Users/comba/Desktop/KLC/knowledgeCity/common/lock.py", line 102, in release() 
[06] File "C:/Users/comba/Desktop/KLC/knowledgeCity/common/enhance.py", line 268, in getTrace() 
[07] File "C:/Users/comba/Desktop/KLC/knowledgeCity/common/enhance.py", line 248, in getThreadStack()
[ERROR]2021-06-03 12:53:57,917: connect AGVchache failed timed out
[INFO]2021-06-03 12:53:57,920: AGVchache checkLink failed 172.16.217.213 19204
[WARN]2021-06-03 12:53:57,923: agvThread.AGVchache[tid:6948] <lock name:agv.AGVchache.lock_status,<locked _thread.RLock object owner=6948 count=1 at 0x0000024181311198>> ,hold 10012 ms
[INFO]2021-06-03 12:53:57,940: name=agvThread.AGVchache, pid=13000, tid=6948
[01] File "C:/Users/comba/AppData/Local/Programs/Python/Python37/lib/threading.py", line 865, in run() 
[02] File "C:/Users/comba/Desktop/KLC/knowledgeCity/agvCtrl/agvList.py", line 582, in run() 
[03] File "../driver/seerAgv/agvCtrl.py", line 36, in checkLink() 
[04] File "../driver/seerAgv/agvApi.py", line 185, in checkLink() 
[05] File "C:/Users/comba/Desktop/KLC/knowledgeCity/common/lock.py", line 102, in release() 
[06] File "C:/Users/comba/Desktop/KLC/knowledgeCity/common/enhance.py", line 268, in getTrace() 
[07] File "C:/Users/comba/Desktop/KLC/knowledgeCity/common/enhance.py", line 248, in getThreadStack()
[DEBUG]2021-06-03 12:53:59,839: try connect AGV01 172.16.217.209:19204
[DEBUG]2021-06-03 12:53:59,943: try connect AGVchache 172.16.217.213:19204
[ERROR]2021-06-03 12:54:09,845: connect AGV01 failed timed out
[INFO]2021-06-03 12:54:09,848: AGV01 checkLink failed 172.16.217.209 19204
[WARN]2021-06-03 12:54:09,851: agvThread.AGV01[tid:12972] <lock name:agv.AGV01.lock_status,<locked _thread.RLock object owner=12972 count=1 at 0x00000241803E4918>> ,hold 10012 ms
[INFO]2021-06-03 12:54:09,855: name=agvThread.AGV01, pid=13000, tid=12972
[01] File "C:/Users/comba/AppData/Local/Programs/Python/Python37/lib/threading.py", line 865, in run() 
[02] File "C:/Users/comba/Desktop/KLC/knowledgeCity/agvCtrl/agvList.py", line 582, in run() 
[03] File "../driver/seerAgv/agvCtrl.py", line 36, in checkLink() 
[04] File "../driver/seerAgv/agvApi.py", line 185, in checkLink() 
[05] File "C:/Users/comba/Desktop/KLC/knowledgeCity/common/lock.py", line 102, in release() 
[06] File "C:/Users/comba/Desktop/KLC/knowledgeCity/common/enhance.py", line 268, in getTrace() 
[07] File "C:/Users/comba/Desktop/KLC/knowledgeCity/common/enhance.py", line 248, in getThreadStack()
[ERROR]2021-06-03 12:54:09,944: connect AGVchache failed timed out
[INFO]2021-06-03 12:54:09,947: AGVchache checkLink failed 172.16.217.213 19204
[WARN]2021-06-03 12:54:09,947: agvThread.AGVchache[tid:6948] <lock name:agv.AGVchache.lock_status,<locked _thread.RLock object owner=6948 count=1 at 0x0000024181311198>> ,hold 10004 ms
[INFO]2021-06-03 12:54:09,948: name=agvThread.AGVchache, pid=13000, tid=6948
[01] File "C:/Users/comba/AppData/Local/Programs/Python/Python37/lib/threading.py", line 865, in run() 
[02] File "C:/Users/comba/Desktop/KLC/knowledgeCity/agvCtrl/agvList.py", line 582, in run() 
[03] File "../driver/seerAgv/agvCtrl.py", line 36, in checkLink() 
[04] File "../driver/seerAgv/agvApi.py", line 185, in checkLink() 
[05] File "C:/Users/comba/Desktop/KLC/knowledgeCity/common/lock.py", line 102, in release() 
[06] File "C:/Users/comba/Desktop/KLC/knowledgeCity/common/enhance.py", line 268, in getTrace() 
[07] File "C:/Users/comba/Desktop/KLC/knowledgeCity/common/enhance.py", line 248, in getThreadStack()
[DEBUG]2021-06-03 12:54:11,861: try connect AGV01 172.16.217.209:19204
[DEBUG]2021-06-03 12:54:11,951: try connect AGVchache 172.16.217.213:19204
[ERROR]2021-06-03 12:54:21,863: connect AGV01 failed timed out
[INFO]2021-06-03 12:54:21,867: AGV01 checkLink failed 172.16.217.209 19204
[WARN]2021-06-03 12:54:21,870: agvThread.AGV01[tid:12972] <lock name:agv.AGV01.lock_status,<locked _thread.RLock object owner=12972 count=1 at 0x00000241803E4918>> ,hold 10009 ms
[INFO]2021-06-03 12:54:21,874: name=agvThread.AGV01, pid=13000, tid=12972
[01] File "C:/Users/comba/AppData/Local/Programs/Python/Python37/lib/threading.py", line 865, in run() 
[02] File "C:/Users/comba/Desktop/KLC/knowledgeCity/agvCtrl/agvList.py", line 582, in run() 
[03] File "../driver/seerAgv/agvCtrl.py", line 36, in checkLink() 
[04] File "../driver/seerAgv/agvApi.py", line 185, in checkLink() 
[05] File "C:/Users/comba/Desktop/KLC/knowledgeCity/common/lock.py", line 102, in release() 
[06] File "C:/Users/comba/Desktop/KLC/knowledgeCity/common/enhance.py", line 268, in getTrace() 
[07] File "C:/Users/comba/Desktop/KLC/knowledgeCity/common/enhance.py", line 248, in getThreadStack()
[ERROR]2021-06-03 12:54:21,952: connect AGVchache failed timed out
[INFO]2021-06-03 12:54:21,953: AGVchache checkLink failed 172.16.217.213 19204
[WARN]2021-06-03 12:54:21,955: agvThread.AGVchache[tid:6948] <lock name:agv.AGVchache.lock_status,<locked _thread.RLock object owner=6948 count=1 at 0x0000024181311198>> ,hold 10004 ms
[INFO]2021-06-03 12:54:21,956: name=agvThread.AGVchache, pid=13000, tid=6948
[01] File "C:/Users/comba/AppData/Local/Programs/Python/Python37/lib/threading.py", line 865, in run() 
[02] File "C:/Users/comba/Desktop/KLC/knowledgeCity/agvCtrl/agvList.py", line 582, in run() 
[03] File "../driver/seerAgv/agvCtrl.py", line 36, in checkLink() 
[04] File "../driver/seerAgv/agvApi.py", line 185, in checkLink() 
[05] File "C:/Users/comba/Desktop/KLC/knowledgeCity/common/lock.py", line 102, in release() 
[06] File "C:/Users/comba/Desktop/KLC/knowledgeCity/common/enhance.py", line 268, in getTrace() 
[07] File "C:/Users/comba/Desktop/KLC/knowledgeCity/common/enhance.py", line 248, in getThreadStack()
[DEBUG]2021-06-03 12:54:23,881: try connect AGV01 172.16.217.209:19204
[DEBUG]2021-06-03 12:54:23,958: try connect AGVchache 172.16.217.213:19204
[ERROR]2021-06-03 12:54:33,886: connect AGV01 failed timed out
[INFO]2021-06-03 12:54:33,890: AGV01 checkLink failed 172.16.217.209 19204
[WARN]2021-06-03 12:54:33,893: agvThread.AGV01[tid:12972] <lock name:agv.AGV01.lock_status,<locked _thread.RLock object owner=12972 count=1 at 0x00000241803E4918>> ,hold 10012 ms
[INFO]2021-06-03 12:54:33,897: name=agvThread.AGV01, pid=13000, tid=12972
[01] File "C:/Users/comba/AppData/Local/Programs/Python/Python37/lib/threading.py", line 865, in run() 
[02] File "C:/Users/comba/Desktop/KLC/knowledgeCity/agvCtrl/agvList.py", line 582, in run() 
[03] File "../driver/seerAgv/agvCtrl.py", line 36, in checkLink() 
[04] File "../driver/seerAgv/agvApi.py", line 185, in checkLink() 
[05] File "C:/Users/comba/Desktop/KLC/knowledgeCity/common/lock.py", line 102, in release() 
[06] File "C:/Users/comba/Desktop/KLC/knowledgeCity/common/enhance.py", line 268, in getTrace() 
[07] File "C:/Users/comba/Desktop/KLC/knowledgeCity/common/enhance.py", line 248, in getThreadStack()
[ERROR]2021-06-03 12:54:33,962: connect AGVchache failed timed out
[INFO]2021-06-03 12:54:33,963: AGVchache checkLink failed 172.16.217.213 19204
[WARN]2021-06-03 12:54:33,964: agvThread.AGVchache[tid:6948] <lock name:agv.AGVchache.lock_status,<locked _thread.RLock object owner=6948 count=1 at 0x0000024181311198>> ,hold 10006 ms
[INFO]2021-06-03 12:54:33,965: name=agvThread.AGVchache, pid=13000, tid=6948
[01] File "C:/Users/comba/AppData/Local/Programs/Python/Python37/lib/threading.py", line 865, in run() 
[02] File "C:/Users/comba/Desktop/KLC/knowledgeCity/agvCtrl/agvList.py", line 582, in run() 
[03] File "../driver/seerAgv/agvCtrl.py", line 36, in checkLink() 
[04] File "../driver/seerAgv/agvApi.py", line 185, in checkLink() 
[05] File "C:/Users/comba/Desktop/KLC/knowledgeCity/common/lock.py", line 102, in release() 
[06] File "C:/Users/comba/Desktop/KLC/knowledgeCity/common/enhance.py", line 268, in getTrace() 
[07] File "C:/Users/comba/Desktop/KLC/knowledgeCity/common/enhance.py", line 248, in getThreadStack()
[DEBUG]2021-06-03 12:54:35,903: try connect AGV01 172.16.217.209:19204
[DEBUG]2021-06-03 12:54:35,967: try connect AGVchache 172.16.217.213:19204
[ERROR]2021-06-03 12:54:45,908: connect AGV01 failed timed out
[INFO]2021-06-03 12:54:45,939: AGV01 checkLink failed 172.16.217.209 19204
[WARN]2021-06-03 12:54:45,942: agvThread.AGV01[tid:12972] <lock name:agv.AGV01.lock_status,<locked _thread.RLock object owner=12972 count=1 at 0x00000241803E4918>> ,hold 10039 ms
[INFO]2021-06-03 12:54:45,943: name=agvThread.AGV01, pid=13000, tid=12972
[01] File "C:/Users/comba/AppData/Local/Programs/Python/Python37/lib/threading.py", line 865, in run() 
[02] File "C:/Users/comba/Desktop/KLC/knowledgeCity/agvCtrl/agvList.py", line 582, in run() 
[03] File "../driver/seerAgv/agvCtrl.py", line 36, in checkLink() 
[04] File "../driver/seerAgv/agvApi.py", line 185, in checkLink() 
[05] File "C:/Users/comba/Desktop/KLC/knowledgeCity/common/lock.py", line 102, in release() 
[06] File "C:/Users/comba/Desktop/KLC/knowledgeCity/common/enhance.py", line 268, in getTrace() 
[07] File "C:/Users/comba/Desktop/KLC/knowledgeCity/common/enhance.py", line 248, in getThreadStack()
[ERROR]2021-06-03 12:54:45,968: connect AGVchache failed timed out
[INFO]2021-06-03 12:54:45,969: AGVchache checkLink failed 172.16.217.213 19204
[WARN]2021-06-03 12:54:45,970: agvThread.AGVchache[tid:6948] <lock name:agv.AGVchache.lock_status,<locked _thread.RLock object owner=6948 count=1 at 0x0000024181311198>> ,hold 10003 ms
[INFO]2021-06-03 12:54:45,971: name=agvThread.AGVchache, pid=13000, tid=6948
[01] File "C:/Users/comba/AppData/Local/Programs/Python/Python37/lib/threading.py", line 865, in run() 
[02] File "C:/Users/comba/Desktop/KLC/knowledgeCity/agvCtrl/agvList.py", line 582, in run() 
[03] File "../driver/seerAgv/agvCtrl.py", line 36, in checkLink() 
[04] File "../driver/seerAgv/agvApi.py", line 185, in checkLink() 
[05] File "C:/Users/comba/Desktop/KLC/knowledgeCity/common/lock.py", line 102, in release() 
[06] File "C:/Users/comba/Desktop/KLC/knowledgeCity/common/enhance.py", line 268, in getTrace() 
[07] File "C:/Users/comba/Desktop/KLC/knowledgeCity/common/enhance.py", line 248, in getThreadStack()
[DEBUG]2021-06-03 12:54:47,945: try connect AGV01 172.16.217.209:19204
[DEBUG]2021-06-03 12:54:47,973: try connect AGVchache 172.16.217.213:19204
[ERROR]2021-06-03 12:54:57,946: connect AGV01 failed timed out
[INFO]2021-06-03 12:54:57,947: AGV01 checkLink failed 172.16.217.209 19204
[WARN]2021-06-03 12:54:57,948: agvThread.AGV01[tid:12972] <lock name:agv.AGV01.lock_status,<locked _thread.RLock object owner=12972 count=1 at 0x00000241803E4918>> ,hold 10003 ms
[INFO]2021-06-03 12:54:57,949: name=agvThread.AGV01, pid=13000, tid=12972
[01] File "C:/Users/comba/AppData/Local/Programs/Python/Python37/lib/threading.py", line 865, in run() 
[02] File "C:/Users/comba/Desktop/KLC/knowledgeCity/agvCtrl/agvList.py", line 582, in run() 
[03] File "../driver/seerAgv/agvCtrl.py", line 36, in checkLink() 
[04] File "../driver/seerAgv/agvApi.py", line 185, in checkLink() 
[05] File "C:/Users/comba/Desktop/KLC/knowledgeCity/common/lock.py", line 102, in release() 
[06] File "C:/Users/comba/Desktop/KLC/knowledgeCity/common/enhance.py", line 268, in getTrace() 
[07] File "C:/Users/comba/Desktop/KLC/knowledgeCity/common/enhance.py", line 248, in getThreadStack()
[ERROR]2021-06-03 12:54:57,974: connect AGVchache failed timed out
[INFO]2021-06-03 12:54:57,975: AGVchache checkLink failed 172.16.217.213 19204
[WARN]2021-06-03 12:54:57,976: agvThread.AGVchache[tid:6948] <lock name:agv.AGVchache.lock_status,<locked _thread.RLock object owner=6948 count=1 at 0x0000024181311198>> ,hold 10003 ms
[INFO]2021-06-03 12:54:57,977: name=agvThread.AGVchache, pid=13000, tid=6948
[01] File "C:/Users/comba/AppData/Local/Programs/Python/Python37/lib/threading.py", line 865, in run() 
[02] File "C:/Users/comba/Desktop/KLC/knowledgeCity/agvCtrl/agvList.py", line 582, in run() 
[03] File "../driver/seerAgv/agvCtrl.py", line 36, in checkLink() 
[04] File "../driver/seerAgv/agvApi.py", line 185, in checkLink() 
[05] File "C:/Users/comba/Desktop/KLC/knowledgeCity/common/lock.py", line 102, in release() 
[06] File "C:/Users/comba/Desktop/KLC/knowledgeCity/common/enhance.py", line 268, in getTrace() 
[07] File "C:/Users/comba/Desktop/KLC/knowledgeCity/common/enhance.py", line 248, in getThreadStack()
[DEBUG]2021-06-03 12:54:59,951: try connect AGV01 172.16.217.209:19204
[DEBUG]2021-06-03 12:54:59,978: try connect AGVchache 172.16.217.213:19204
[ERROR]2021-06-03 12:55:09,951: connect AGV01 failed timed out
[INFO]2021-06-03 12:55:09,952: AGV01 checkLink failed 172.16.217.209 19204
[WARN]2021-06-03 12:55:09,953: agvThread.AGV01[tid:12972] <lock name:agv.AGV01.lock_status,<locked _thread.RLock object owner=12972 count=1 at 0x00000241803E4918>> ,hold 10002 ms
[INFO]2021-06-03 12:55:09,954: name=agvThread.AGV01, pid=13000, tid=12972
[01] File "C:/Users/comba/AppData/Local/Programs/Python/Python37/lib/threading.py", line 865, in run() 
[02] File "C:/Users/comba/Desktop/KLC/knowledgeCity/agvCtrl/agvList.py", line 582, in run() 
[03] File "../driver/seerAgv/agvCtrl.py", line 36, in checkLink() 
[04] File "../driver/seerAgv/agvApi.py", line 185, in checkLink() 
[05] File "C:/Users/comba/Desktop/KLC/knowledgeCity/common/lock.py", line 102, in release() 
[06] File "C:/Users/comba/Desktop/KLC/knowledgeCity/common/enhance.py", line 268, in getTrace() 
[07] File "C:/Users/comba/Desktop/KLC/knowledgeCity/common/enhance.py", line 248, in getThreadStack()
[ERROR]2021-06-03 12:55:09,979: connect AGVchache failed timed out
[INFO]2021-06-03 12:55:09,980: AGVchache checkLink failed 172.16.217.213 19204
[WARN]2021-06-03 12:55:09,981: agvThread.AGVchache[tid:6948] <lock name:agv.AGVchache.lock_status,<locked _thread.RLock object owner=6948 count=1 at 0x0000024181311198>> ,hold 10003 ms
[INFO]2021-06-03 12:55:09,982: name=agvThread.AGVchache, pid=13000, tid=6948
[01] File "C:/Users/comba/AppData/Local/Programs/Python/Python37/lib/threading.py", line 865, in run() 
[02] File "C:/Users/comba/Desktop/KLC/knowledgeCity/agvCtrl/agvList.py", line 582, in run() 
[03] File "../driver/seerAgv/agvCtrl.py", line 36, in checkLink() 
[04] File "../driver/seerAgv/agvApi.py", line 185, in checkLink() 
[05] File "C:/Users/comba/Desktop/KLC/knowledgeCity/common/lock.py", line 102, in release() 
[06] File "C:/Users/comba/Desktop/KLC/knowledgeCity/common/enhance.py", line 268, in getTrace() 
[07] File "C:/Users/comba/Desktop/KLC/knowledgeCity/common/enhance.py", line 248, in getThreadStack()
[DEBUG]2021-06-03 12:55:11,957: try connect AGV01 172.16.217.209:19204
[DEBUG]2021-06-03 12:55:11,985: try connect AGVchache 172.16.217.213:19204
[ERROR]2021-06-03 12:55:21,959: connect AGV01 failed timed out
[INFO]2021-06-03 12:55:21,960: AGV01 checkLink failed 172.16.217.209 19204
[WARN]2021-06-03 12:55:21,961: agvThread.AGV01[tid:12972] <lock name:agv.AGV01.lock_status,<locked _thread.RLock object owner=12972 count=1 at 0x00000241803E4918>> ,hold 10004 ms
[INFO]2021-06-03 12:55:21,962: name=agvThread.AGV01, pid=13000, tid=12972
[01] File "C:/Users/comba/AppData/Local/Programs/Python/Python37/lib/threading.py", line 865, in run() 
[02] File "C:/Users/comba/Desktop/KLC/knowledgeCity/agvCtrl/agvList.py", line 582, in run() 
[03] File "../driver/seerAgv/agvCtrl.py", line 36, in checkLink() 
[04] File "../driver/seerAgv/agvApi.py", line 185, in checkLink() 
[05] File "C:/Users/comba/Desktop/KLC/knowledgeCity/common/lock.py", line 102, in release() 
[06] File "C:/Users/comba/Desktop/KLC/knowledgeCity/common/enhance.py", line 268, in getTrace() 
[07] File "C:/Users/comba/Desktop/KLC/knowledgeCity/common/enhance.py", line 248, in getThreadStack()
[ERROR]2021-06-03 12:55:21,988: connect AGVchache failed timed out
[INFO]2021-06-03 12:55:21,989: AGVchache checkLink failed 172.16.217.213 19204
[WARN]2021-06-03 12:55:21,989: agvThread.AGVchache[tid:6948] <lock name:agv.AGVchache.lock_status,<locked _thread.RLock object owner=6948 count=1 at 0x0000024181311198>> ,hold 10004 ms
[INFO]2021-06-03 12:55:21,991: name=agvThread.AGVchache, pid=13000, tid=6948
[01] File "C:/Users/comba/AppData/Local/Programs/Python/Python37/lib/threading.py", line 865, in run() 
[02] File "C:/Users/comba/Desktop/KLC/knowledgeCity/agvCtrl/agvList.py", line 582, in run() 
[03] File "../driver/seerAgv/agvCtrl.py", line 36, in checkLink() 
[04] File "../driver/seerAgv/agvApi.py", line 185, in checkLink() 
[05] File "C:/Users/comba/Desktop/KLC/knowledgeCity/common/lock.py", line 102, in release() 
[06] File "C:/Users/comba/Desktop/KLC/knowledgeCity/common/enhance.py", line 268, in getTrace() 
[07] File "C:/Users/comba/Desktop/KLC/knowledgeCity/common/enhance.py", line 248, in getThreadStack()
[DEBUG]2021-06-03 12:55:23,964: try connect AGV01 172.16.217.209:19204
[DEBUG]2021-06-03 12:55:23,993: try connect AGVchache 172.16.217.213:19204
[ERROR]2021-06-03 12:55:33,965: connect AGV01 failed timed out
[INFO]2021-06-03 12:55:33,966: AGV01 checkLink failed 172.16.217.209 19204
[WARN]2021-06-03 12:55:33,967: agvThread.AGV01[tid:12972] <lock name:agv.AGV01.lock_status,<locked _thread.RLock object owner=12972 count=1 at 0x00000241803E4918>> ,hold 10003 ms
[INFO]2021-06-03 12:55:33,968: name=agvThread.AGV01, pid=13000, tid=12972
[01] File "C:/Users/comba/AppData/Local/Programs/Python/Python37/lib/threading.py", line 865, in run() 
[02] File "C:/Users/comba/Desktop/KLC/knowledgeCity/agvCtrl/agvList.py", line 582, in run() 
[03] File "../driver/seerAgv/agvCtrl.py", line 36, in checkLink() 
[04] File "../driver/seerAgv/agvApi.py", line 185, in checkLink() 
[05] File "C:/Users/comba/Desktop/KLC/knowledgeCity/common/lock.py", line 102, in release() 
[06] File "C:/Users/comba/Desktop/KLC/knowledgeCity/common/enhance.py", line 268, in getTrace() 
[07] File "C:/Users/comba/Desktop/KLC/knowledgeCity/common/enhance.py", line 248, in getThreadStack()
[ERROR]2021-06-03 12:55:33,995: connect AGVchache failed timed out
[INFO]2021-06-03 12:55:33,996: AGVchache checkLink failed 172.16.217.213 19204
[WARN]2021-06-03 12:55:33,997: agvThread.AGVchache[tid:6948] <lock name:agv.AGVchache.lock_status,<locked _thread.RLock object owner=6948 count=1 at 0x0000024181311198>> ,hold 10004 ms
[INFO]2021-06-03 12:55:33,999: name=agvThread.AGVchache, pid=13000, tid=6948
[01] File "C:/Users/comba/AppData/Local/Programs/Python/Python37/lib/threading.py", line 865, in run() 
[02] File "C:/Users/comba/Desktop/KLC/knowledgeCity/agvCtrl/agvList.py", line 582, in run() 
[03] File "../driver/seerAgv/agvCtrl.py", line 36, in checkLink() 
[04] File "../driver/seerAgv/agvApi.py", line 185, in checkLink() 
[05] File "C:/Users/comba/Desktop/KLC/knowledgeCity/common/lock.py", line 102, in release() 
[06] File "C:/Users/comba/Desktop/KLC/knowledgeCity/common/enhance.py", line 268, in getTrace() 
[07] File "C:/Users/comba/Desktop/KLC/knowledgeCity/common/enhance.py", line 248, in getThreadStack()
[DEBUG]2021-06-03 12:55:35,970: try connect AGV01 172.16.217.209:19204
[DEBUG]2021-06-03 12:55:36,002: try connect AGVchache 172.16.217.213:19204
[ERROR]2021-06-03 12:55:45,971: connect AGV01 failed timed out
[INFO]2021-06-03 12:55:45,972: AGV01 checkLink failed 172.16.217.209 19204
[WARN]2021-06-03 12:55:45,973: agvThread.AGV01[tid:12972] <lock name:agv.AGV01.lock_status,<locked _thread.RLock object owner=12972 count=1 at 0x00000241803E4918>> ,hold 10003 ms
[INFO]2021-06-03 12:55:45,974: name=agvThread.AGV01, pid=13000, tid=12972
[01] File "C:/Users/comba/AppData/Local/Programs/Python/Python37/lib/threading.py", line 865, in run() 
[02] File "C:/Users/comba/Desktop/KLC/knowledgeCity/agvCtrl/agvList.py", line 582, in run() 
[03] File "../driver/seerAgv/agvCtrl.py", line 36, in checkLink() 
[04] File "../driver/seerAgv/agvApi.py", line 185, in checkLink() 
[05] File "C:/Users/comba/Desktop/KLC/knowledgeCity/common/lock.py", line 102, in release() 
[06] File "C:/Users/comba/Desktop/KLC/knowledgeCity/common/enhance.py", line 268, in getTrace() 
[07] File "C:/Users/comba/Desktop/KLC/knowledgeCity/common/enhance.py", line 248, in getThreadStack()
[ERROR]2021-06-03 12:55:46,004: connect AGVchache failed timed out
[INFO]2021-06-03 12:55:46,005: AGVchache checkLink failed 172.16.217.213 19204
[WARN]2021-06-03 12:55:46,006: agvThread.AGVchache[tid:6948] <lock name:agv.AGVchache.lock_status,<locked _thread.RLock object owner=6948 count=1 at 0x0000024181311198>> ,hold 10004 ms
[INFO]2021-06-03 12:55:46,007: name=agvThread.AGVchache, pid=13000, tid=6948
[01] File "C:/Users/comba/AppData/Local/Programs/Python/Python37/lib/threading.py", line 865, in run() 
[02] File "C:/Users/comba/Desktop/KLC/knowledgeCity/agvCtrl/agvList.py", line 582, in run() 
[03] File "../driver/seerAgv/agvCtrl.py", line 36, in checkLink() 
[04] File "../driver/seerAgv/agvApi.py", line 185, in checkLink() 
[05] File "C:/Users/comba/Desktop/KLC/knowledgeCity/common/lock.py", line 102, in release() 
[06] File "C:/Users/comba/Desktop/KLC/knowledgeCity/common/enhance.py", line 268, in getTrace() 
[07] File "C:/Users/comba/Desktop/KLC/knowledgeCity/common/enhance.py", line 248, in getThreadStack()
[DEBUG]2021-06-03 12:55:47,976: try connect AGV01 172.16.217.209:19204
[DEBUG]2021-06-03 12:55:48,009: try connect AGVchache 172.16.217.213:19204
[ERROR]2021-06-03 12:55:57,978: connect AGV01 failed timed out
[INFO]2021-06-03 12:55:57,979: AGV01 checkLink failed 172.16.217.209 19204
[WARN]2021-06-03 12:55:57,980: agvThread.AGV01[tid:12972] <lock name:agv.AGV01.lock_status,<locked _thread.RLock object owner=12972 count=1 at 0x00000241803E4918>> ,hold 10004 ms
[INFO]2021-06-03 12:55:57,981: name=agvThread.AGV01, pid=13000, tid=12972
[01] File "C:/Users/comba/AppData/Local/Programs/Python/Python37/lib/threading.py", line 865, in run() 
[02] File "C:/Users/comba/Desktop/KLC/knowledgeCity/agvCtrl/agvList.py", line 582, in run() 
[03] File "../driver/seerAgv/agvCtrl.py", line 36, in checkLink() 
[04] File "../driver/seerAgv/agvApi.py", line 185, in checkLink() 
[05] File "C:/Users/comba/Desktop/KLC/knowledgeCity/common/lock.py", line 102, in release() 
[06] File "C:/Users/comba/Desktop/KLC/knowledgeCity/common/enhance.py", line 268, in getTrace() 
[07] File "C:/Users/comba/Desktop/KLC/knowledgeCity/common/enhance.py", line 248, in getThreadStack()
[ERROR]2021-06-03 12:55:58,011: connect AGVchache failed timed out
[INFO]2021-06-03 12:55:58,013: AGVchache checkLink failed 172.16.217.213 19204
[WARN]2021-06-03 12:55:58,014: agvThread.AGVchache[tid:6948] <lock name:agv.AGVchache.lock_status,<locked _thread.RLock object owner=6948 count=1 at 0x0000024181311198>> ,hold 10005 ms
[INFO]2021-06-03 12:55:58,016: name=agvThread.AGVchache, pid=13000, tid=6948
[01] File "C:/Users/comba/AppData/Local/Programs/Python/Python37/lib/threading.py", line 865, in run() 
[02] File "C:/Users/comba/Desktop/KLC/knowledgeCity/agvCtrl/agvList.py", line 582, in run() 
[03] File "../driver/seerAgv/agvCtrl.py", line 36, in checkLink() 
[04] File "../driver/seerAgv/agvApi.py", line 185, in checkLink() 
[05] File "C:/Users/comba/Desktop/KLC/knowledgeCity/common/lock.py", line 102, in release() 
[06] File "C:/Users/comba/Desktop/KLC/knowledgeCity/common/enhance.py", line 268, in getTrace() 
[07] File "C:/Users/comba/Desktop/KLC/knowledgeCity/common/enhance.py", line 248, in getThreadStack()
[DEBUG]2021-06-03 12:55:59,984: try connect AGV01 172.16.217.209:19204
[DEBUG]2021-06-03 12:56:00,018: try connect AGVchache 172.16.217.213:19204
[ERROR]2021-06-03 12:56:09,985: connect AGV01 failed timed out
[INFO]2021-06-03 12:56:09,986: AGV01 checkLink failed 172.16.217.209 19204
[WARN]2021-06-03 12:56:09,987: agvThread.AGV01[tid:12972] <lock name:agv.AGV01.lock_status,<locked _thread.RLock object owner=12972 count=1 at 0x00000241803E4918>> ,hold 10003 ms
[INFO]2021-06-03 12:56:09,988: name=agvThread.AGV01, pid=13000, tid=12972
[01] File "C:/Users/comba/AppData/Local/Programs/Python/Python37/lib/threading.py", line 865, in run() 
[02] File "C:/Users/comba/Desktop/KLC/knowledgeCity/agvCtrl/agvList.py", line 582, in run() 
[03] File "../driver/seerAgv/agvCtrl.py", line 36, in checkLink() 
[04] File "../driver/seerAgv/agvApi.py", line 185, in checkLink() 
[05] File "C:/Users/comba/Desktop/KLC/knowledgeCity/common/lock.py", line 102, in release() 
[06] File "C:/Users/comba/Desktop/KLC/knowledgeCity/common/enhance.py", line 268, in getTrace() 
[07] File "C:/Users/comba/Desktop/KLC/knowledgeCity/common/enhance.py", line 248, in getThreadStack()
[ERROR]2021-06-03 12:56:10,019: connect AGVchache failed timed out
[INFO]2021-06-03 12:56:10,020: AGVchache checkLink failed 172.16.217.213 19204
[WARN]2021-06-03 12:56:10,021: agvThread.AGVchache[tid:6948] <lock name:agv.AGVchache.lock_status,<locked _thread.RLock object owner=6948 count=1 at 0x0000024181311198>> ,hold 10003 ms
[INFO]2021-06-03 12:56:10,022: name=agvThread.AGVchache, pid=13000, tid=6948
[01] File "C:/Users/comba/AppData/Local/Programs/Python/Python37/lib/threading.py", line 865, in run() 
[02] File "C:/Users/comba/Desktop/KLC/knowledgeCity/agvCtrl/agvList.py", line 582, in run() 
[03] File "../driver/seerAgv/agvCtrl.py", line 36, in checkLink() 
[04] File "../driver/seerAgv/agvApi.py", line 185, in checkLink() 
[05] File "C:/Users/comba/Desktop/KLC/knowledgeCity/common/lock.py", line 102, in release() 
[06] File "C:/Users/comba/Desktop/KLC/knowledgeCity/common/enhance.py", line 268, in getTrace() 
[07] File "C:/Users/comba/Desktop/KLC/knowledgeCity/common/enhance.py", line 248, in getThreadStack()
[DEBUG]2021-06-03 12:56:11,991: try connect AGV01 172.16.217.209:19204
[DEBUG]2021-06-03 12:56:12,024: try connect AGVchache 172.16.217.213:19204
[ERROR]2021-06-03 12:56:21,993: connect AGV01 failed timed out
[INFO]2021-06-03 12:56:21,995: AGV01 checkLink failed 172.16.217.209 19204
[WARN]2021-06-03 12:56:21,995: agvThread.AGV01[tid:12972] <lock name:agv.AGV01.lock_status,<locked _thread.RLock object owner=12972 count=1 at 0x00000241803E4918>> ,hold 10004 ms
[INFO]2021-06-03 12:56:21,997: name=agvThread.AGV01, pid=13000, tid=12972
[01] File "C:/Users/comba/AppData/Local/Programs/Python/Python37/lib/threading.py", line 865, in run() 
[02] File "C:/Users/comba/Desktop/KLC/knowledgeCity/agvCtrl/agvList.py", line 582, in run() 
[03] File "../driver/seerAgv/agvCtrl.py", line 36, in checkLink() 
[04] File "../driver/seerAgv/agvApi.py", line 185, in checkLink() 
[05] File "C:/Users/comba/Desktop/KLC/knowledgeCity/common/lock.py", line 102, in release() 
[06] File "C:/Users/comba/Desktop/KLC/knowledgeCity/common/enhance.py", line 268, in getTrace() 
[07] File "C:/Users/comba/Desktop/KLC/knowledgeCity/common/enhance.py", line 248, in getThreadStack()
[ERROR]2021-06-03 12:56:22,025: connect AGVchache failed timed out
[INFO]2021-06-03 12:56:22,028: AGVchache checkLink failed 172.16.217.213 19204
[WARN]2021-06-03 12:56:22,031: agvThread.AGVchache[tid:6948] <lock name:agv.AGVchache.lock_status,<locked _thread.RLock object owner=6948 count=1 at 0x0000024181311198>> ,hold 10006 ms
[INFO]2021-06-03 12:56:22,035: name=agvThread.AGVchache, pid=13000, tid=6948
[01] File "C:/Users/comba/AppData/Local/Programs/Python/Python37/lib/threading.py", line 865, in run() 
[02] File "C:/Users/comba/Desktop/KLC/knowledgeCity/agvCtrl/agvList.py", line 582, in run() 
[03] File "../driver/seerAgv/agvCtrl.py", line 36, in checkLink() 
[04] File "../driver/seerAgv/agvApi.py", line 185, in checkLink() 
[05] File "C:/Users/comba/Desktop/KLC/knowledgeCity/common/lock.py", line 102, in release() 
[06] File "C:/Users/comba/Desktop/KLC/knowledgeCity/common/enhance.py", line 268, in getTrace() 
[07] File "C:/Users/comba/Desktop/KLC/knowledgeCity/common/enhance.py", line 248, in getThreadStack()
[DEBUG]2021-06-03 12:56:23,999: try connect AGV01 172.16.217.209:19204
[DEBUG]2021-06-03 12:56:24,042: try connect AGVchache 172.16.217.213:19204
[ERROR]2021-06-03 12:56:34,002: connect AGV01 failed timed out
[INFO]2021-06-03 12:56:34,004: AGV01 checkLink failed 172.16.217.209 19204
[WARN]2021-06-03 12:56:34,005: agvThread.AGV01[tid:12972] <lock name:agv.AGV01.lock_status,<locked _thread.RLock object owner=12972 count=1 at 0x00000241803E4918>> ,hold 10006 ms
[INFO]2021-06-03 12:56:34,007: name=agvThread.AGV01, pid=13000, tid=12972
[01] File "C:/Users/comba/AppData/Local/Programs/Python/Python37/lib/threading.py", line 865, in run() 
[02] File "C:/Users/comba/Desktop/KLC/knowledgeCity/agvCtrl/agvList.py", line 582, in run() 
[03] File "../driver/seerAgv/agvCtrl.py", line 36, in checkLink() 
[04] File "../driver/seerAgv/agvApi.py", line 185, in checkLink() 
[05] File "C:/Users/comba/Desktop/KLC/knowledgeCity/common/lock.py", line 102, in release() 
[06] File "C:/Users/comba/Desktop/KLC/knowledgeCity/common/enhance.py", line 268, in getTrace() 
[07] File "C:/Users/comba/Desktop/KLC/knowledgeCity/common/enhance.py", line 248, in getThreadStack()
[ERROR]2021-06-03 12:56:34,044: connect AGVchache failed timed out
[INFO]2021-06-03 12:56:34,045: AGVchache checkLink failed 172.16.217.213 19204
[WARN]2021-06-03 12:56:34,046: agvThread.AGVchache[tid:6948] <lock name:agv.AGVchache.lock_status,<locked _thread.RLock object owner=6948 count=1 at 0x0000024181311198>> ,hold 10004 ms
[INFO]2021-06-03 12:56:34,047: name=agvThread.AGVchache, pid=13000, tid=6948
[01] File "C:/Users/comba/AppData/Local/Programs/Python/Python37/lib/threading.py", line 865, in run() 
[02] File "C:/Users/comba/Desktop/KLC/knowledgeCity/agvCtrl/agvList.py", line 582, in run() 
[03] File "../driver/seerAgv/agvCtrl.py", line 36, in checkLink() 
[04] File "../driver/seerAgv/agvApi.py", line 185, in checkLink() 
[05] File "C:/Users/comba/Desktop/KLC/knowledgeCity/common/lock.py", line 102, in release() 
[06] File "C:/Users/comba/Desktop/KLC/knowledgeCity/common/enhance.py", line 268, in getTrace() 
[07] File "C:/Users/comba/Desktop/KLC/knowledgeCity/common/enhance.py", line 248, in getThreadStack()
[DEBUG]2021-06-03 12:56:36,010: try connect AGV01 172.16.217.209:19204
[DEBUG]2021-06-03 12:56:36,048: try connect AGVchache 172.16.217.213:19204
[ERROR]2021-06-03 12:56:46,014: connect AGV01 failed timed out
[INFO]2021-06-03 12:56:46,016: AGV01 checkLink failed 172.16.217.209 19204
[WARN]2021-06-03 12:56:46,018: agvThread.AGV01[tid:12972] <lock name:agv.AGV01.lock_status,<locked _thread.RLock object owner=12972 count=1 at 0x00000241803E4918>> ,hold 10008 ms
[INFO]2021-06-03 12:56:46,019: name=agvThread.AGV01, pid=13000, tid=12972
[01] File "C:/Users/comba/AppData/Local/Programs/Python/Python37/lib/threading.py", line 865, in run() 
[02] File "C:/Users/comba/Desktop/KLC/knowledgeCity/agvCtrl/agvList.py", line 582, in run() 
[03] File "../driver/seerAgv/agvCtrl.py", line 36, in checkLink() 
[04] File "../driver/seerAgv/agvApi.py", line 185, in checkLink() 
[05] File "C:/Users/comba/Desktop/KLC/knowledgeCity/common/lock.py", line 102, in release() 
[06] File "C:/Users/comba/Desktop/KLC/knowledgeCity/common/enhance.py", line 268, in getTrace() 
[07] File "C:/Users/comba/Desktop/KLC/knowledgeCity/common/enhance.py", line 248, in getThreadStack()
[ERROR]2021-06-03 12:56:46,051: connect AGVchache failed timed out
[INFO]2021-06-03 12:56:46,052: AGVchache checkLink failed 172.16.217.213 19204
[WARN]2021-06-03 12:56:46,053: agvThread.AGVchache[tid:6948] <lock name:agv.AGVchache.lock_status,<locked _thread.RLock object owner=6948 count=1 at 0x0000024181311198>> ,hold 10005 ms
[INFO]2021-06-03 12:56:46,054: name=agvThread.AGVchache, pid=13000, tid=6948
[01] File "C:/Users/comba/AppData/Local/Programs/Python/Python37/lib/threading.py", line 865, in run() 
[02] File "C:/Users/comba/Desktop/KLC/knowledgeCity/agvCtrl/agvList.py", line 582, in run() 
[03] File "../driver/seerAgv/agvCtrl.py", line 36, in checkLink() 
[04] File "../driver/seerAgv/agvApi.py", line 185, in checkLink() 
[05] File "C:/Users/comba/Desktop/KLC/knowledgeCity/common/lock.py", line 102, in release() 
[06] File "C:/Users/comba/Desktop/KLC/knowledgeCity/common/enhance.py", line 268, in getTrace() 
[07] File "C:/Users/comba/Desktop/KLC/knowledgeCity/common/enhance.py", line 248, in getThreadStack()
[DEBUG]2021-06-03 12:56:48,021: try connect AGV01 172.16.217.209:19204
[DEBUG]2021-06-03 12:56:48,057: try connect AGVchache 172.16.217.213:19204
[ERROR]2021-06-03 12:56:58,025: connect AGV01 failed timed out
[INFO]2021-06-03 12:56:58,025: AGV01 checkLink failed 172.16.217.209 19204
[WARN]2021-06-03 12:56:58,026: agvThread.AGV01[tid:12972] <lock name:agv.AGV01.lock_status,<locked _thread.RLock object owner=12972 count=1 at 0x00000241803E4918>> ,hold 10005 ms
[INFO]2021-06-03 12:56:58,027: name=agvThread.AGV01, pid=13000, tid=12972
[01] File "C:/Users/comba/AppData/Local/Programs/Python/Python37/lib/threading.py", line 865, in run() 
[02] File "C:/Users/comba/Desktop/KLC/knowledgeCity/agvCtrl/agvList.py", line 582, in run() 
[03] File "../driver/seerAgv/agvCtrl.py", line 36, in checkLink() 
[04] File "../driver/seerAgv/agvApi.py", line 185, in checkLink() 
[05] File "C:/Users/comba/Desktop/KLC/knowledgeCity/common/lock.py", line 102, in release() 
[06] File "C:/Users/comba/Desktop/KLC/knowledgeCity/common/enhance.py", line 268, in getTrace() 
[07] File "C:/Users/comba/Desktop/KLC/knowledgeCity/common/enhance.py", line 248, in getThreadStack()
[ERROR]2021-06-03 12:56:58,061: connect AGVchache failed timed out
[INFO]2021-06-03 12:56:58,063: AGVchache checkLink failed 172.16.217.213 19204
[WARN]2021-06-03 12:56:58,064: agvThread.AGVchache[tid:6948] <lock name:agv.AGVchache.lock_status,<locked _thread.RLock object owner=6948 count=1 at 0x0000024181311198>> ,hold 10007 ms
[INFO]2021-06-03 12:56:58,065: name=agvThread.AGVchache, pid=13000, tid=6948
[01] File "C:/Users/comba/AppData/Local/Programs/Python/Python37/lib/threading.py", line 865, in run() 
[02] File "C:/Users/comba/Desktop/KLC/knowledgeCity/agvCtrl/agvList.py", line 582, in run() 
[03] File "../driver/seerAgv/agvCtrl.py", line 36, in checkLink() 
[04] File "../driver/seerAgv/agvApi.py", line 185, in checkLink() 
[05] File "C:/Users/comba/Desktop/KLC/knowledgeCity/common/lock.py", line 102, in release() 
[06] File "C:/Users/comba/Desktop/KLC/knowledgeCity/common/enhance.py", line 268, in getTrace() 
[07] File "C:/Users/comba/Desktop/KLC/knowledgeCity/common/enhance.py", line 248, in getThreadStack()
[DEBUG]2021-06-03 12:57:00,029: try connect AGV01 172.16.217.209:19204
[DEBUG]2021-06-03 12:57:00,068: try connect AGVchache 172.16.217.213:19204
[ERROR]2021-06-03 12:57:10,030: connect AGV01 failed timed out
[INFO]2021-06-03 12:57:10,034: AGV01 checkLink failed 172.16.217.209 19204
[WARN]2021-06-03 12:57:10,037: agvThread.AGV01[tid:12972] <lock name:agv.AGV01.lock_status,<locked _thread.RLock object owner=12972 count=1 at 0x00000241803E4918>> ,hold 10008 ms
[INFO]2021-06-03 12:57:10,041: name=agvThread.AGV01, pid=13000, tid=12972
[01] File "C:/Users/comba/AppData/Local/Programs/Python/Python37/lib/threading.py", line 865, in run() 
[02] File "C:/Users/comba/Desktop/KLC/knowledgeCity/agvCtrl/agvList.py", line 582, in run() 
[03] File "../driver/seerAgv/agvCtrl.py", line 36, in checkLink() 
[04] File "../driver/seerAgv/agvApi.py", line 185, in checkLink() 
[05] File "C:/Users/comba/Desktop/KLC/knowledgeCity/common/lock.py", line 102, in release() 
[06] File "C:/Users/comba/Desktop/KLC/knowledgeCity/common/enhance.py", line 268, in getTrace() 
[07] File "C:/Users/comba/Desktop/KLC/knowledgeCity/common/enhance.py", line 248, in getThreadStack()
[ERROR]2021-06-03 12:57:10,072: connect AGVchache failed timed out
[INFO]2021-06-03 12:57:10,076: AGVchache checkLink failed 172.16.217.213 19204
[WARN]2021-06-03 12:57:10,079: agvThread.AGVchache[tid:6948] <lock name:agv.AGVchache.lock_status,<locked _thread.RLock object owner=6948 count=1 at 0x0000024181311198>> ,hold 10010 ms
[INFO]2021-06-03 12:57:10,101: name=agvThread.AGVchache, pid=13000, tid=6948
[01] File "C:/Users/comba/AppData/Local/Programs/Python/Python37/lib/threading.py", line 865, in run() 
[02] File "C:/Users/comba/Desktop/KLC/knowledgeCity/agvCtrl/agvList.py", line 582, in run() 
[03] File "../driver/seerAgv/agvCtrl.py", line 36, in checkLink() 
[04] File "../driver/seerAgv/agvApi.py", line 185, in checkLink() 
[05] File "C:/Users/comba/Desktop/KLC/knowledgeCity/common/lock.py", line 102, in release() 
[06] File "C:/Users/comba/Desktop/KLC/knowledgeCity/common/enhance.py", line 268, in getTrace() 
[07] File "C:/Users/comba/Desktop/KLC/knowledgeCity/common/enhance.py", line 248, in getThreadStack()
