[INFO]2021-05-24 16:31:52,187: log files at C:\Users\comba\Desktop\KLC\knowledgeCity\common\log
[INFO]2021-05-24 16:31:52,187: find module agvCtrl.main_agv
[INFO]2021-05-24 16:31:52,188: find module agvDevice.main_agvDevice
[INFO]2021-05-24 16:31:52,188: find module alarm.main_alarm
[INFO]2021-05-24 16:31:52,188: find module auth.main_auth
[INFO]2021-05-24 16:31:52,189: find module autoCtrl.main_akmCtrl
[INFO]2021-05-24 16:31:52,189: find module door.main_door
[INFO]2021-05-24 16:31:52,189: find module elevator.main_elevator
[INFO]2021-05-24 16:31:52,189: find module feed.main_feed
[INFO]2021-05-24 16:31:52,192: find module remoteio.main_remoteio
[INFO]2021-05-24 16:31:52,192: import agvCtrl.main_agv
[INFO]2021-05-24 16:31:52,433: create lock <lock name:doorMgr.lock,<unlocked _thread.RLock object owner=0 count=0 at 0x0000025FCDE547B0>>
[INFO]2021-05-24 16:31:52,435: create lock <lock name:door.lock,<unlocked _thread.RLock object owner=0 count=0 at 0x0000025FCDE54918>>
[INFO]2021-05-24 16:31:52,486: create lock <lock name:timer.lock_2610501984384,<unlocked _thread.RLock object owner=0 count=0 at 0x0000025FCE09F440>>
[ERROR]2021-05-24 16:31:52,493: mqtt is disabled
[INFO]2021-05-24 16:31:52,494: mqtt: subscribe [alarm/raise/+]
[INFO]2021-05-24 16:31:52,494: mqtt: subscribe [alarm/clear/+]
[INFO]2021-05-24 16:31:55,513: Mongodb connect to 127.0.0.1 port 27017
[INFO]2021-05-24 16:31:55,534: create lock <lock name:elevatorApi.tcp_lock,<unlocked _thread.RLock object owner=0 count=0 at 0x0000025FCE268B48>>
[INFO]2021-05-24 16:31:55,535: create lock <lock name:elevatorApi.g_lock,<unlocked _thread.RLock object owner=0 count=0 at 0x0000025FCE268788>>
[INFO]2021-05-24 16:31:55,536: create lock <lock name:elevatorMgr.lock,<unlocked _thread.RLock object owner=0 count=0 at 0x0000025FCE268300>>
[INFO]2021-05-24 16:31:55,544: create lock <lock name:agvserver,<unlocked _thread.RLock object owner=0 count=0 at 0x0000025FCE36F710>>
[INFO]2021-05-24 16:31:55,698: create lock <lock name:mapMgr.lock,<unlocked _thread.RLock object owner=0 count=0 at 0x0000025FCC62C198>>
[INFO]2021-05-24 16:31:55,909: create lock <lock name:agvList.g_agvLock,<unlocked _thread.RLock object owner=0 count=0 at 0x0000025FCE43FDF0>>
[INFO]2021-05-24 16:31:55,913: create lock <lock name:taskList.lock,<unlocked _thread.RLock object owner=0 count=0 at 0x0000025FCE487EE0>>
[INFO]2021-05-24 16:31:55,963: charge policy 0 , fix time
[INFO]2021-05-24 16:31:55,990: create lock <lock name:agvApi.g_lock,<unlocked _thread.RLock object owner=0 count=0 at 0x0000025FCE4FC210>>
[INFO]2021-05-24 16:31:56,428: start load map C:\Users\comba\Desktop\KLC\knowledgeCity\agvCtrl\projects\knowledgeCity\comba-ZSC-3F_0419.smap
[DEBUG]2021-05-24 16:31:56,505: elevator thread start
[INFO]2021-05-24 16:31:56,522: load map C:\Users\comba\Desktop\KLC\knowledgeCity\agvCtrl\projects\knowledgeCity\comba-ZSC-3F_0419.smap ,used 101 ms
[INFO]2021-05-24 16:31:56,529: start load map C:\Users\comba\Desktop\KLC\knowledgeCity\agvCtrl\projects\knowledgeCity\comba-ZSC-F1-F3.smap
[INFO]2021-05-24 16:31:56,675: load map C:\Users\comba\Desktop\KLC\knowledgeCity\agvCtrl\projects\knowledgeCity\comba-ZSC-F1-F3.smap ,used 152 ms
[INFO]2021-05-24 16:31:56,683: start load map C:\Users\comba\Desktop\KLC\knowledgeCity\agvCtrl\projects\knowledgeCity\comba-ZXC-3F.smap
[INFO]2021-05-24 16:31:56,766: load map C:\Users\comba\Desktop\KLC\knowledgeCity\agvCtrl\projects\knowledgeCity\comba-ZXC-3F.smap ,used 90 ms
[INFO]2021-05-24 16:31:56,776: start load map C:\Users\comba\Desktop\KLC\knowledgeCity\agvCtrl\projects\knowledgeCity\comba-ZXC-F3.smap
[INFO]2021-05-24 16:31:56,826: load map C:\Users\comba\Desktop\KLC\knowledgeCity\agvCtrl\projects\knowledgeCity\comba-ZXC-F3.smap ,used 58 ms
[INFO]2021-05-24 16:31:56,834: start load map C:\Users\comba\Desktop\KLC\knowledgeCity\agvCtrl\projects\knowledgeCity\office.smap
[INFO]2021-05-24 16:31:56,866: load map C:\Users\comba\Desktop\KLC\knowledgeCity\agvCtrl\projects\knowledgeCity\office.smap ,used 39 ms
[INFO]2021-05-24 16:31:56,870: import agvDevice.main_agvDevice
[INFO]2021-05-24 16:31:56,871: import alarm.main_alarm
[INFO]2021-05-24 16:31:56,872: import auth.main_auth
[INFO]2021-05-24 16:31:56,878: import autoCtrl.main_akmCtrl
[INFO]2021-05-24 16:31:56,905: create lock <lock name:agvApi.g_lock,<unlocked _thread.RLock object owner=0 count=0 at 0x0000025FCECB9620>>
[INFO]2021-05-24 16:31:56,913: create lock <lock name:runTasks.pre_lock,<unlocked _thread.RLock object owner=0 count=0 at 0x0000025FCE92AE18>>
[INFO]2021-05-24 16:31:56,935: 一楼仓库待命点 一楼仓库充电点
[INFO]2021-05-24 16:31:56,943: load task: *task[60ab5c5873dabd2bb4444a87][-] LM148(LM137) -> LM121(LM122) [waitForAgv]
[INFO]2021-05-24 16:31:56,945: 一楼仓库待命点 一楼仓库充电点
[INFO]2021-05-24 16:31:57,416: load task: *task[60ab5c2273dabd2bb4444a82][-] LM148(LM137) -> LM121(LM122) [waitForAgv]
[INFO]2021-05-24 16:31:57,429: 一楼仓库待命点 一楼仓库充电点
[INFO]2021-05-24 16:31:57,478: load task: *task[60ab5c1373dabd2bb4444a81][-] LM148(LM137) -> LM121(LM122) [waitForAgv]
[INFO]2021-05-24 16:31:57,480: create lock <lock name:IOAlarm.s_lock,<unlocked _thread.RLock object owner=0 count=0 at 0x0000025FCE92A1C0>>
[INFO]2021-05-24 16:31:57,482: create lock <lock name:mapMgr.lock,<unlocked _thread.RLock object owner=0 count=0 at 0x0000025FCEB461C0>>
[INFO]2021-05-24 16:31:57,530: import door.main_door
[INFO]2021-05-24 16:31:57,533: import elevator.main_elevator
[INFO]2021-05-24 16:31:57,533: import feed.main_feed
[INFO]2021-05-24 16:31:57,539: create lock <lock name:feedTask.g_lock,<unlocked _thread.RLock object owner=0 count=0 at 0x0000025FCF1938F0>>
[INFO]2021-05-24 16:31:57,571: import remoteio.main_remoteio
[SUCC]2021-05-24 16:31:57,587: utility start, pid=8996, ppid=9052
[DEBUG]2021-05-24 16:31:57,587: create aliveObj upStation01 远程控制IO离线异常 timeout 120
[DEBUG]2021-05-24 16:31:57,588: start timer
[DEBUG]2021-05-24 16:31:57,589: create aliveObj downStation01 远程控制IO离线异常 timeout 120
[INFO]2021-05-24 16:31:57,597: load agv file: C:\Users\comba\Desktop\KLC\knowledgeCity\agvCtrl/projects/knowledgeCity/agv.cfg
[INFO]2021-05-24 16:31:57,598: create lock <lock name:agvList.AGV01.lock,<unlocked _thread.RLock object owner=0 count=0 at 0x0000025FCEF1D940>>
[DEBUG]2021-05-24 16:31:57,601: create aliveObj AGV01 AGV离线异常 timeout 300
[INFO]2021-05-24 16:31:57,603: AGV01 start agvList run thread
[INFO]2021-05-24 16:31:57,603: AGV01 start agvList run2 thread
[INFO]2021-05-24 16:31:57,604: create lock <lock name:agv.AGV01.lock_status,<unlocked _thread.RLock object owner=0 count=0 at 0x0000025FCEF1DD50>>
[DEBUG]2021-05-24 16:31:57,606: try connect AGV01 172.16.217.209:19204
[INFO]2021-05-24 16:31:57,606: create lock <lock name:agvList.3F-ChaChe-AGV.lock,<unlocked _thread.RLock object owner=0 count=0 at 0x0000025FCEF1DC38>>
[DEBUG]2021-05-24 16:31:57,609: create aliveObj 3F-ChaChe-AGV AGV离线异常 timeout 300
[INFO]2021-05-24 16:31:57,610: 3F-ChaChe-AGV start agvList run thread
[INFO]2021-05-24 16:31:57,610: 3F-ChaChe-AGV start agvList run2 thread
[INFO]2021-05-24 16:31:57,610: create lock <lock name:agvList.Jiaju-AGV.lock,<unlocked _thread.RLock object owner=0 count=0 at 0x0000025FCEF1DF08>>
[INFO]2021-05-24 16:31:57,611: create lock <lock name:agv.3F-ChaChe-AGV.lock_status,<unlocked _thread.RLock object owner=0 count=0 at 0x0000025FCEF1DF58>>
[DEBUG]2021-05-24 16:31:57,612: try connect 3F-ChaChe-AGV 172.16.217.121:19204
[DEBUG]2021-05-24 16:31:57,614: create aliveObj Jiaju-AGV AGV离线异常 timeout 300
[INFO]2021-05-24 16:31:57,615: Jiaju-AGV start agvList run thread
[INFO]2021-05-24 16:31:57,616: Jiaju-AGV start agvList run2 thread
[INFO]2021-05-24 16:31:57,616: create lock <lock name:agvList.AGV02.lock,<unlocked _thread.RLock object owner=0 count=0 at 0x0000025FCD4571C0>>
[INFO]2021-05-24 16:31:57,616: create lock <lock name:agv.Jiaju-AGV.lock_status,<unlocked _thread.RLock object owner=0 count=0 at 0x0000025FCD457210>>
[DEBUG]2021-05-24 16:31:57,620: try connect Jiaju-AGV 172.16.217.211:19204
[DEBUG]2021-05-24 16:31:57,621: create aliveObj AGV02 AGV离线异常 timeout 300
[INFO]2021-05-24 16:31:57,622: AGV02 start agvList run thread
[INFO]2021-05-24 16:31:57,622: AGV02 start agvList run2 thread
[WARN]2021-05-24 16:31:57,622: Local server start! version 3.7.0, path C:\Users\comba\Desktop\KLC\knowledgeCity\common, pid 8996
[INFO]2021-05-24 16:31:57,623: create lock <lock name:agv.AGV02.lock_status,<unlocked _thread.RLock object owner=0 count=0 at 0x0000025FCEF1D8C8>>
[INFO]2021-05-24 16:31:57,623: add_ignore: taskStatus
[DEBUG]2021-05-24 16:31:57,624: try connect AGV02 172.16.217.213:19204
[INFO]2021-05-24 16:31:57,631: AGV02 connected 172.16.217.213 19204
[INFO]2021-05-24 16:31:57,632: create lock <lock name:agv.AGV02.lock_ctrl,<unlocked _thread.RLock object owner=0 count=0 at 0x0000025FCEF1DA80>>
[DEBUG]2021-05-24 16:31:57,632: try connect AGV02 172.16.217.213:19205
[INFO]2021-05-24 16:31:57,638: AGV02 connected 172.16.217.213 19205
[INFO]2021-05-24 16:31:57,639: create lock <lock name:agv.AGV02.lock_task,<unlocked _thread.RLock object owner=0 count=0 at 0x0000025FCD4830D0>>
[DEBUG]2021-05-24 16:31:57,644: try connect AGV02 172.16.217.213:19206
[INFO]2021-05-24 16:31:57,649: AGV02 connected 172.16.217.213 19206
[INFO]2021-05-24 16:31:57,649: create lock <lock name:agv.AGV02.lock_conf,<unlocked _thread.RLock object owner=0 count=0 at 0x0000025FCD4830F8>>
[DEBUG]2021-05-24 16:31:57,650: try connect AGV02 172.16.217.213:19207
[INFO]2021-05-24 16:31:57,654: AGV02 connected 172.16.217.213 19207
[INFO]2021-05-24 16:31:57,655: create lock <lock name:agv.AGV02.lock_core,<unlocked _thread.RLock object owner=0 count=0 at 0x0000025FCD483030>>
[DEBUG]2021-05-24 16:31:57,656: try connect AGV02 172.16.217.213:19208
[INFO]2021-05-24 16:31:57,661: AGV02 connected 172.16.217.213 19208
[INFO]2021-05-24 16:31:57,662: create lock <lock name:agv.AGV02.lock_other,<unlocked _thread.RLock object owner=0 count=0 at 0x0000025FCD483080>>
[DEBUG]2021-05-24 16:31:57,662: try connect AGV02 172.16.217.213:19210
[INFO]2021-05-24 16:31:57,667: AGV02 connected 172.16.217.213 19210
[INFO]2021-05-24 16:31:57,685: AGV02 current map comba-ZSC-F1-F3
[INFO]2021-05-24 16:31:57,697: AGV02 is online
[DEBUG]2021-05-24 16:32:02,608: GET: http://127.0.0.1:8999/api/agv/init?appName=akmTask addr: 127.0.0.1
[INFO]2021-05-24 16:32:02,610: akmTask init client agvApi
[DEBUG]2021-05-24 16:32:02,612: used 4ms 200 OK application/json;charset=utf-8, GET: http://127.0.0.1:8999/api/agv/init?appName=akmTask
[INFO]2021-05-24 16:32:02,617: task: start *task[60ab5c5873dabd2bb4444a87][-] LM148(LM137) -> LM121(LM122) [waitForAgv]
[INFO]2021-05-24 16:32:02,618: task: start *task[60ab5c2273dabd2bb4444a82][-] LM148(LM137) -> LM121(LM122) [waitForAgv]
[INFO]2021-05-24 16:32:02,619: task: start *task[60ab5c1373dabd2bb4444a81][-] LM148(LM137) -> LM121(LM122) [waitForAgv]
[INFO]2021-05-24 16:32:02,620: 叫车
[INFO]2021-05-24 16:32:02,645: 叫车
[INFO]2021-05-24 16:32:02,671: 叫车
[DEBUG]2021-05-24 16:32:02,719: GET: http://127.0.0.1:8999/api/agv/apply?appName=akmTask&autoLock=False&exclude&loc=LM148&mapId=comba-ZSC-F1-F3&taskId=60ab5c5873dabd2bb4444a87&timeout=10 addr: 127.0.0.1
[DEBUG]2021-05-24 16:32:02,767: GET: http://127.0.0.1:8999/api/agv/apply?appName=akmTask&autoLock=False&exclude&loc=LM148&mapId=comba-ZSC-F1-F3&taskId=60ab5c2273dabd2bb4444a82&timeout=10 addr: 127.0.0.1
[DEBUG]2021-05-24 16:32:02,808: GET: http://127.0.0.1:8999/api/agv/apply?appName=akmTask&autoLock=False&exclude&loc=LM148&mapId=comba-ZSC-F1-F3&taskId=60ab5c1373dabd2bb4444a81&timeout=10 addr: 127.0.0.1
[INFO]2021-05-24 16:32:02,828: [('comba-ZSC-F1-F3.LM121', 'AGV02')]
[INFO]2021-05-24 16:32:03,981: apply AGV02 ,taskId: 60ab5c5873dabd2bb4444a87 ,loc comba-ZSC-F1-F3.LM148 ,autoLock False , used 1153 ms
[INFO]2021-05-24 16:32:05,448: AGV02
[INFO]2021-05-24 16:32:05,478: AGV02
[INFO]2021-05-24 16:32:05,496: [('comba-ZSC-F1-F3.LM121', 'AGV02')]
[DEBUG]2021-05-24 16:32:05,508: used 2700ms 200 OK application/json;charset=utf-8, GET: http://127.0.0.1:8999/api/agv/apply?appName=akmTask&autoLock=False&exclude&loc=LM148&mapId=comba-ZSC-F1-F3&taskId=60ab5c5873dabd2bb4444a87&timeout=10
[INFO]2021-05-24 16:32:05,622: comba-ZSC-F1-F3.LM148 comba-ZSC-F1-F3.LM121
[DEBUG]2021-05-24 16:32:05,664: GET: http://127.0.0.1:8999/api/agv/startCharge?appName=akmTask addr: 127.0.0.1
[INFO]2021-05-24 16:32:05,671: AGV02
[DEBUG]2021-05-24 16:32:05,725: used 61ms 200 OK application/json;charset=utf-8, GET: http://127.0.0.1:8999/api/agv/startCharge?appName=akmTask
[INFO]2021-05-24 16:32:05,766: 判断类型
[WARN]2021-05-24 16:32:05,826: timer_thread[tid:6012] <locked _thread.RLock object owner=6012 count=1 at 0x0000025FCE92AE68> ,hold 8234 ms
[DEBUG]2021-05-24 16:32:05,886: GET: http://127.0.0.1:8999/api/agv/apply?appName=akmTask&autoLock=False&exclude=AGV02&loc=LM148&mapId=comba-ZSC-F1-F3&taskId=60ab5c5873dabd2bb4444a87&timeout=10 addr: 127.0.0.1
[INFO]2021-05-24 16:32:05,990: name=timer_thread, pid=8996, tid=6012
[01] File "C:/Users/comba/AppData/Local/Programs/Python/Python37/lib/threading.py", line 865, in run() 
[02] File "C:/Users/comba/Desktop/KLC/knowledgeCity/common/mytimer.py", line 113, in _loop() 
[03] File "C:/Users/comba/Desktop/KLC/knowledgeCity/common/lock.py", line 124, in _call() 
[04] File "C:/Users/comba/Desktop/KLC/knowledgeCity/common/lock.py", line 102, in release() 
[05] File "C:/Users/comba/Desktop/KLC/knowledgeCity/common/enhance.py", line 268, in getTrace() 
[06] File "C:/Users/comba/Desktop/KLC/knowledgeCity/common/enhance.py", line 248, in getThreadStack()
[INFO]2021-05-24 16:32:06,037: apply AGV02 ,taskId: 60ab5c2273dabd2bb4444a82 ,loc comba-ZSC-F1-F3.LM148 ,autoLock False , used 541 ms
[INFO]2021-05-24 16:32:06,061: AGV02
[WARN]2021-05-24 16:32:06,091: worker 2[tid:5212] <lock name:mapMgr.lock,<locked _thread.RLock object owner=5212 count=1 at 0x0000025FCC62C198>> ,hold 3232 ms
[INFO]2021-05-24 16:32:06,195: name=worker 2, pid=8996, tid=5212
[01] File "C:/Users/comba/AppData/Local/Programs/Python/Python37/lib/threading.py", line 865, in run() 
[02] File "C:/Users/comba/AppData/Local/Programs/Python/Python37/lib/site-packages/paste/httpserver.py", line 895, in worker_thread_callback() 
[03] File "C:/Users/comba/AppData/Local/Programs/Python/Python37/lib/site-packages/paste/httpserver.py", line 1069, in <lambda>() 
[04] File "C:/Users/comba/AppData/Local/Programs/Python/Python37/lib/site-packages/paste/httpserver.py", line 1085, in process_request_in_thread() 
[05] File "C:/Users/comba/AppData/Local/Programs/Python/Python37/lib/socketserver.py", line 357, in finish_request() 
[06] File "C:/Users/comba/AppData/Local/Programs/Python/Python37/lib/socketserver.py", line 717, in __init__() 
[07] File "C:/Users/comba/AppData/Local/Programs/Python/Python37/lib/site-packages/paste/httpserver.py", line 459, in handle() 
[08] File "C:/Users/comba/AppData/Local/Programs/Python/Python37/lib/http/server.py", line 426, in handle() 
[09] File "C:/Users/comba/AppData/Local/Programs/Python/Python37/lib/site-packages/paste/httpserver.py", line 454, in handle_one_request() 
[10] File "C:/Users/comba/AppData/Local/Programs/Python/Python37/lib/site-packages/paste/httpserver.py", line 304, in wsgi_execute() 
[11] File "C:/Users/comba/AppData/Local/Programs/Python/Python37/lib/site-packages/paste/translogger.py", line 69, in __call__() 
[12] File "C:/Users/comba/AppData/Local/Programs/Python/Python37/lib/site-packages/bottle.py", line 979, in __call__() 
[13] File "C:/Users/comba/AppData/Local/Programs/Python/Python37/lib/site-packages/bottle.py", line 954, in wsgi() 
[14] File "C:/Users/comba/AppData/Local/Programs/Python/Python37/lib/site-packages/bottle.py", line 862, in _handle() 
[15] File "C:/Users/comba/AppData/Local/Programs/Python/Python37/lib/site-packages/bottle.py", line 1742, in wrapper() 
[16] File "C:/Users/comba/Desktop/KLC/knowledgeCity/common/webutility.py", line 465, in _enable_cors() 
[17] File "C:/Users/comba/Desktop/KLC/knowledgeCity/common/webutility.py", line 481, in _enable_cors() 
[18] File "C:/Users/comba/Desktop/KLC/knowledgeCity/common/scadaUtility.py", line 45, in __call() 
[19] File "C:/Users/comba/Desktop/KLC/knowledgeCity/agvCtrl/main_agv.py", line 58, in urlApply() 
[20] File "C:/Users/comba/Desktop/KLC/knowledgeCity/agvCtrl/agvControl.py", line 1123, in apply() 
[21] File "C:/Users/comba/Desktop/KLC/knowledgeCity/common/lock.py", line 124, in _call() 
[22] File "C:/Users/comba/Desktop/KLC/knowledgeCity/common/lock.py", line 102, in release() 
[23] File "C:/Users/comba/Desktop/KLC/knowledgeCity/common/enhance.py", line 268, in getTrace() 
[24] File "C:/Users/comba/Desktop/KLC/knowledgeCity/common/enhance.py", line 248, in getThreadStack()
[INFO]2021-05-24 16:32:06,258: AGV02
[INFO]2021-05-24 16:32:06,258: [('comba-ZSC-F1-F3.LM121', 'AGV02')]
[DEBUG]2021-05-24 16:32:06,280: used 394ms 200 OK application/json;charset=utf-8, GET: http://127.0.0.1:8999/api/agv/apply?appName=akmTask&autoLock=False&exclude&loc=LM148&mapId=comba-ZSC-F1-F3&taskId=60ab5c2273dabd2bb4444a82&timeout=10
[INFO]2021-05-24 16:32:07,261: comba-ZSC-F1-F3.LM148 comba-ZSC-F1-F3.LM121
[INFO]2021-05-24 16:32:07,285: AGV02
[INFO]2021-05-24 16:32:07,303: 判断类型
[DEBUG]2021-05-24 16:32:07,440: GET: http://127.0.0.1:8999/api/agv/apply?appName=akmTask&autoLock=False&exclude=AGV02&loc=LM148&mapId=comba-ZSC-F1-F3&taskId=60ab5c2273dabd2bb4444a82&timeout=10 addr: 127.0.0.1
[ERROR]2021-05-24 16:32:07,613: connect AGV01 failed timed out
[ERROR]2021-05-24 16:32:07,618: connect 3F-ChaChe-AGV failed timed out
[ERROR]2021-05-24 16:32:07,624: connect Jiaju-AGV failed timed out
[DEBUG]2021-05-24 16:32:07,648: try connect AGV01 172.16.217.209:19204
[DEBUG]2021-05-24 16:32:07,672: try connect 3F-ChaChe-AGV 172.16.217.121:19204
[DEBUG]2021-05-24 16:32:07,702: try connect Jiaju-AGV 172.16.217.211:19204
[INFO]2021-05-24 16:32:07,816: apply AGV02 ,taskId: 60ab5c1373dabd2bb4444a81 ,loc comba-ZSC-F1-F3.LM148 ,autoLock False , used 1558 ms
[INFO]2021-05-24 16:32:07,840: AGV02
[WARN]2021-05-24 16:32:07,870: worker 3[tid:10032] <lock name:mapMgr.lock,<locked _thread.RLock object owner=10032 count=1 at 0x0000025FCC62C198>> ,hold 4969 ms
[INFO]2021-05-24 16:32:07,989: name=worker 3, pid=8996, tid=10032
[01] File "C:/Users/comba/AppData/Local/Programs/Python/Python37/lib/threading.py", line 865, in run() 
[02] File "C:/Users/comba/AppData/Local/Programs/Python/Python37/lib/site-packages/paste/httpserver.py", line 895, in worker_thread_callback() 
[03] File "C:/Users/comba/AppData/Local/Programs/Python/Python37/lib/site-packages/paste/httpserver.py", line 1069, in <lambda>() 
[04] File "C:/Users/comba/AppData/Local/Programs/Python/Python37/lib/site-packages/paste/httpserver.py", line 1085, in process_request_in_thread() 
[05] File "C:/Users/comba/AppData/Local/Programs/Python/Python37/lib/socketserver.py", line 357, in finish_request() 
[06] File "C:/Users/comba/AppData/Local/Programs/Python/Python37/lib/socketserver.py", line 717, in __init__() 
[07] File "C:/Users/comba/AppData/Local/Programs/Python/Python37/lib/site-packages/paste/httpserver.py", line 459, in handle() 
[08] File "C:/Users/comba/AppData/Local/Programs/Python/Python37/lib/http/server.py", line 426, in handle() 
[09] File "C:/Users/comba/AppData/Local/Programs/Python/Python37/lib/site-packages/paste/httpserver.py", line 454, in handle_one_request() 
[10] File "C:/Users/comba/AppData/Local/Programs/Python/Python37/lib/site-packages/paste/httpserver.py", line 304, in wsgi_execute() 
[11] File "C:/Users/comba/AppData/Local/Programs/Python/Python37/lib/site-packages/paste/translogger.py", line 69, in __call__() 
[12] File "C:/Users/comba/AppData/Local/Programs/Python/Python37/lib/site-packages/bottle.py", line 979, in __call__() 
[13] File "C:/Users/comba/AppData/Local/Programs/Python/Python37/lib/site-packages/bottle.py", line 954, in wsgi() 
[14] File "C:/Users/comba/AppData/Local/Programs/Python/Python37/lib/site-packages/bottle.py", line 862, in _handle() 
[15] File "C:/Users/comba/AppData/Local/Programs/Python/Python37/lib/site-packages/bottle.py", line 1742, in wrapper() 
[16] File "C:/Users/comba/Desktop/KLC/knowledgeCity/common/webutility.py", line 465, in _enable_cors() 
[17] File "C:/Users/comba/Desktop/KLC/knowledgeCity/common/webutility.py", line 481, in _enable_cors() 
[18] File "C:/Users/comba/Desktop/KLC/knowledgeCity/common/scadaUtility.py", line 45, in __call() 
[19] File "C:/Users/comba/Desktop/KLC/knowledgeCity/agvCtrl/main_agv.py", line 58, in urlApply() 
[20] File "C:/Users/comba/Desktop/KLC/knowledgeCity/agvCtrl/agvControl.py", line 1123, in apply() 
[21] File "C:/Users/comba/Desktop/KLC/knowledgeCity/common/lock.py", line 124, in _call() 
[22] File "C:/Users/comba/Desktop/KLC/knowledgeCity/common/lock.py", line 102, in release() 
[23] File "C:/Users/comba/Desktop/KLC/knowledgeCity/common/enhance.py", line 268, in getTrace() 
[24] File "C:/Users/comba/Desktop/KLC/knowledgeCity/common/enhance.py", line 248, in getThreadStack()
[INFO]2021-05-24 16:32:08,019: AGV02
[INFO]2021-05-24 16:32:08,025: []
[DEBUG]2021-05-24 16:32:08,049: used 609ms 200 OK application/json;charset=utf-8, GET: http://127.0.0.1:8999/api/agv/apply?appName=akmTask&autoLock=False&exclude&loc=LM148&mapId=comba-ZSC-F1-F3&taskId=60ab5c1373dabd2bb4444a81&timeout=10
[ERROR]2021-05-24 16:32:08,085: apply agv failed!  AGV02[exclude], taskId 60ab5c5873dabd2bb4444a87 loc comba-ZSC-F1-F3.LM148
[CRITICAL]2021-05-24 16:32:08,172: apply agv failed, count=0 cause a error: comba-ZSC-F1-F3.LM148找不到可用的小车
pid=8996, ppid=9052, tid=7004

[INFO]2021-05-24 16:32:08,184: []
[INFO]2021-05-24 16:32:08,190: comba-ZSC-F1-F3.LM148 comba-ZSC-F1-F3.LM121
[ERROR]2021-05-24 16:32:08,250: apply agv failed!  AGV02[exclude], taskId 60ab5c2273dabd2bb4444a82 loc comba-ZSC-F1-F3.LM148
[INFO]2021-05-24 16:32:08,292: AGV02
[ERROR]2021-05-24 16:32:17,758: connect AGV01 failed timed out
[ERROR]2021-05-24 16:32:17,818: connect Jiaju-AGV failed timed out
[ERROR]2021-05-24 16:32:17,830: connect 3F-ChaChe-AGV failed timed out
[WARN]2021-05-24 16:32:50,882: [*task[60ab5c5873dabd2bb4444a87][-] LM148(LM137) -> LM121(LM122) [waitForAgv]] apply agv failed: ('http get', 'http://127.0.0.1:8999/api/agv/apply', {'loc': 'LM148', 'exclude': 'AGV02', 'autoLock': False, 'mapId': 'comba-ZSC-F1-F3', 'taskId': '60ab5c5873dabd2bb4444a87', 'timeout': 10, 'appName': 'akmTask'}, 'error:', 'timed out')
[WARN]2021-05-24 16:32:52,404: [*task[60ab5c2273dabd2bb4444a82][-] LM148(LM137) -> LM121(LM122) [waitForAgv]] apply agv failed: ('http get', 'http://127.0.0.1:8999/api/agv/apply', {'loc': 'LM148', 'exclude': 'AGV02', 'autoLock': False, 'mapId': 'comba-ZSC-F1-F3', 'taskId': '60ab5c2273dabd2bb4444a82', 'timeout': 10, 'appName': 'akmTask'}, 'error:', 'timed out')
[WARN]2021-05-24 16:33:01,535: worker 6[tid:5724] <lock name:mapMgr.lock,<locked _thread.RLock object owner=5724 count=1 at 0x0000025FCC62C198>> ,hold 54077 ms
[INFO]2021-05-24 16:33:01,565: 判断类型
[INFO]2021-05-24 16:33:01,589: AGV01 checkLink failed 172.16.217.209 19204
[INFO]2021-05-24 16:33:01,619: 3F-ChaChe-AGV checkLink failed 172.16.217.121 19204
[INFO]2021-05-24 16:33:01,649: Jiaju-AGV checkLink failed 172.16.217.211 19204
[WARN]2021-05-24 16:33:01,787: agvThread.AGV01[tid:6860] <lock name:agv.AGV01.lock_status,<locked _thread.RLock object owner=6860 count=1 at 0x0000025FCEF1DD50>> ,hold 64181 ms
[DEBUG]2021-05-24 16:33:01,805: GET: http://127.0.0.1:8999/api/agv/apply?appName=akmTask&autoLock=False&exclude=AGV02&loc=LM148&mapId=comba-ZSC-F1-F3&taskId=60ab5c1373dabd2bb4444a81&timeout=10 addr: 127.0.0.1
[WARN]2021-05-24 16:33:01,811: agvThread.3F-ChaChe-AGV[tid:5612] <lock name:agv.3F-ChaChe-AGV.lock_status,<locked _thread.RLock object owner=5612 count=1 at 0x0000025FCEF1DF58>> ,hold 64199 ms
[INFO]2021-05-24 16:33:01,829: name=worker 6, pid=8996, tid=5724
[01] File "C:/Users/comba/AppData/Local/Programs/Python/Python37/lib/threading.py", line 865, in run() 
[02] File "C:/Users/comba/AppData/Local/Programs/Python/Python37/lib/site-packages/paste/httpserver.py", line 895, in worker_thread_callback() 
[03] File "C:/Users/comba/AppData/Local/Programs/Python/Python37/lib/site-packages/paste/httpserver.py", line 1069, in <lambda>() 
[04] File "C:/Users/comba/AppData/Local/Programs/Python/Python37/lib/site-packages/paste/httpserver.py", line 1085, in process_request_in_thread() 
[05] File "C:/Users/comba/AppData/Local/Programs/Python/Python37/lib/socketserver.py", line 357, in finish_request() 
[06] File "C:/Users/comba/AppData/Local/Programs/Python/Python37/lib/socketserver.py", line 717, in __init__() 
[07] File "C:/Users/comba/AppData/Local/Programs/Python/Python37/lib/site-packages/paste/httpserver.py", line 459, in handle() 
[08] File "C:/Users/comba/AppData/Local/Programs/Python/Python37/lib/http/server.py", line 426, in handle() 
[09] File "C:/Users/comba/AppData/Local/Programs/Python/Python37/lib/site-packages/paste/httpserver.py", line 454, in handle_one_request() 
[10] File "C:/Users/comba/AppData/Local/Programs/Python/Python37/lib/site-packages/paste/httpserver.py", line 304, in wsgi_execute() 
[11] File "C:/Users/comba/AppData/Local/Programs/Python/Python37/lib/site-packages/paste/translogger.py", line 69, in __call__() 
[12] File "C:/Users/comba/AppData/Local/Programs/Python/Python37/lib/site-packages/bottle.py", line 979, in __call__() 
[13] File "C:/Users/comba/AppData/Local/Programs/Python/Python37/lib/site-packages/bottle.py", line 954, in wsgi() 
[14] File "C:/Users/comba/AppData/Local/Programs/Python/Python37/lib/site-packages/bottle.py", line 862, in _handle() 
[15] File "C:/Users/comba/AppData/Local/Programs/Python/Python37/lib/site-packages/bottle.py", line 1742, in wrapper() 
[16] File "C:/Users/comba/Desktop/KLC/knowledgeCity/common/webutility.py", line 465, in _enable_cors() 
[17] File "C:/Users/comba/Desktop/KLC/knowledgeCity/common/webutility.py", line 481, in _enable_cors() 
[18] File "C:/Users/comba/Desktop/KLC/knowledgeCity/common/scadaUtility.py", line 45, in __call() 
[19] File "C:/Users/comba/Desktop/KLC/knowledgeCity/agvCtrl/main_agv.py", line 58, in urlApply() 
[20] File "C:/Users/comba/Desktop/KLC/knowledgeCity/agvCtrl/agvControl.py", line 1123, in apply() 
[21] File "C:/Users/comba/Desktop/KLC/knowledgeCity/common/lock.py", line 124, in _call() 
[22] File "C:/Users/comba/Desktop/KLC/knowledgeCity/common/lock.py", line 102, in release() 
[23] File "C:/Users/comba/Desktop/KLC/knowledgeCity/common/enhance.py", line 268, in getTrace() 
[24] File "C:/Users/comba/Desktop/KLC/knowledgeCity/common/enhance.py", line 248, in getThreadStack()
[WARN]2021-05-24 16:33:01,841: agvThread.Jiaju-AGV[tid:9724] <lock name:agv.Jiaju-AGV.lock_status,<locked _thread.RLock object owner=9724 count=1 at 0x0000025FCD457210>> ,hold 64221 ms
[INFO]2021-05-24 16:33:01,907: name=agvThread.AGV01, pid=8996, tid=6860
[01] File "C:/Users/comba/AppData/Local/Programs/Python/Python37/lib/threading.py", line 865, in run() 
[02] File "C:/Users/comba/Desktop/KLC/knowledgeCity/agvCtrl/agvList.py", line 566, in run() 
[03] File "../driver/seerAgv/agvCtrl.py", line 36, in checkLink() 
[04] File "../driver/seerAgv/agvApi.py", line 185, in checkLink() 
[05] File "C:/Users/comba/Desktop/KLC/knowledgeCity/common/lock.py", line 102, in release() 
[06] File "C:/Users/comba/Desktop/KLC/knowledgeCity/common/enhance.py", line 268, in getTrace() 
[07] File "C:/Users/comba/Desktop/KLC/knowledgeCity/common/enhance.py", line 248, in getThreadStack()
[CRITICAL]2021-05-24 16:33:01,976: apply agv failed, count=0 cause a error: comba-ZSC-F1-F3.LM148找不到可用的小车
pid=8996, ppid=9052, tid=5724

[WARN]2021-05-24 16:33:01,982: timer_thread[tid:6012] <lock name:mapMgr.lock,<locked _thread.RLock object owner=6012 count=1 at 0x0000025FCC62C198>> ,hold 53804 ms
[INFO]2021-05-24 16:33:02,006: name=agvThread.3F-ChaChe-AGV, pid=8996, tid=5612
[01] File "C:/Users/comba/AppData/Local/Programs/Python/Python37/lib/threading.py", line 865, in run() 
[02] File "C:/Users/comba/Desktop/KLC/knowledgeCity/agvCtrl/agvList.py", line 566, in run() 
[03] File "../driver/seerAgv/agvCtrl.py", line 36, in checkLink() 
[04] File "../driver/seerAgv/agvApi.py", line 185, in checkLink() 
[05] File "C:/Users/comba/Desktop/KLC/knowledgeCity/common/lock.py", line 102, in release() 
[06] File "C:/Users/comba/Desktop/KLC/knowledgeCity/common/enhance.py", line 268, in getTrace() 
[07] File "C:/Users/comba/Desktop/KLC/knowledgeCity/common/enhance.py", line 248, in getThreadStack()
[INFO]2021-05-24 16:33:02,071: name=agvThread.Jiaju-AGV, pid=8996, tid=9724
[01] File "C:/Users/comba/AppData/Local/Programs/Python/Python37/lib/threading.py", line 865, in run() 
[02] File "C:/Users/comba/Desktop/KLC/knowledgeCity/agvCtrl/agvList.py", line 566, in run() 
[03] File "../driver/seerAgv/agvCtrl.py", line 36, in checkLink() 
[04] File "../driver/seerAgv/agvApi.py", line 185, in checkLink() 
[05] File "C:/Users/comba/Desktop/KLC/knowledgeCity/common/lock.py", line 102, in release() 
[06] File "C:/Users/comba/Desktop/KLC/knowledgeCity/common/enhance.py", line 268, in getTrace() 
[07] File "C:/Users/comba/Desktop/KLC/knowledgeCity/common/enhance.py", line 248, in getThreadStack()
[INFO]2021-05-24 16:33:02,173: name=timer_thread, pid=8996, tid=6012
[01] File "C:/Users/comba/AppData/Local/Programs/Python/Python37/lib/threading.py", line 865, in run() 
[02] File "C:/Users/comba/Desktop/KLC/knowledgeCity/common/mytimer.py", line 113, in _loop() 
[03] File "C:/Users/comba/Desktop/KLC/knowledgeCity/agvCtrl/agvControl.py", line 191, in onCheckCharge() 
[04] File "C:/Users/comba/Desktop/KLC/knowledgeCity/agvCtrl/mapMgr.py", line 143, in checkDoorClose() 
[05] File "C:/Users/comba/Desktop/KLC/knowledgeCity/common/lock.py", line 124, in _call() 
[06] File "C:/Users/comba/Desktop/KLC/knowledgeCity/common/lock.py", line 102, in release() 
[07] File "C:/Users/comba/Desktop/KLC/knowledgeCity/common/enhance.py", line 268, in getTrace() 
[08] File "C:/Users/comba/Desktop/KLC/knowledgeCity/common/enhance.py", line 248, in getThreadStack()
[INFO]2021-05-24 16:33:02,239: []
[ERROR]2021-05-24 16:33:02,263: apply agv failed!  AGV02[exclude], taskId 60ab5c5873dabd2bb4444a87 loc comba-ZSC-F1-F3.LM148
[WARN]2021-05-24 16:33:02,311: worker 5[tid:7004] <lock name:mapMgr.lock,<locked _thread.RLock object owner=7004 count=1 at 0x0000025FCC62C198>> ,hold 54085 ms
[INFO]2021-05-24 16:33:02,418: name=worker 5, pid=8996, tid=7004
[01] File "C:/Users/comba/AppData/Local/Programs/Python/Python37/lib/threading.py", line 865, in run() 
[02] File "C:/Users/comba/AppData/Local/Programs/Python/Python37/lib/site-packages/paste/httpserver.py", line 895, in worker_thread_callback() 
[03] File "C:/Users/comba/AppData/Local/Programs/Python/Python37/lib/site-packages/paste/httpserver.py", line 1069, in <lambda>() 
[04] File "C:/Users/comba/AppData/Local/Programs/Python/Python37/lib/site-packages/paste/httpserver.py", line 1085, in process_request_in_thread() 
[05] File "C:/Users/comba/AppData/Local/Programs/Python/Python37/lib/socketserver.py", line 357, in finish_request() 
[06] File "C:/Users/comba/AppData/Local/Programs/Python/Python37/lib/socketserver.py", line 717, in __init__() 
[07] File "C:/Users/comba/AppData/Local/Programs/Python/Python37/lib/site-packages/paste/httpserver.py", line 459, in handle() 
[08] File "C:/Users/comba/AppData/Local/Programs/Python/Python37/lib/http/server.py", line 426, in handle() 
[09] File "C:/Users/comba/AppData/Local/Programs/Python/Python37/lib/site-packages/paste/httpserver.py", line 454, in handle_one_request() 
[10] File "C:/Users/comba/AppData/Local/Programs/Python/Python37/lib/site-packages/paste/httpserver.py", line 304, in wsgi_execute() 
[11] File "C:/Users/comba/AppData/Local/Programs/Python/Python37/lib/site-packages/paste/translogger.py", line 69, in __call__() 
[12] File "C:/Users/comba/AppData/Local/Programs/Python/Python37/lib/site-packages/bottle.py", line 979, in __call__() 
[13] File "C:/Users/comba/AppData/Local/Programs/Python/Python37/lib/site-packages/bottle.py", line 954, in wsgi() 
[14] File "C:/Users/comba/AppData/Local/Programs/Python/Python37/lib/site-packages/bottle.py", line 862, in _handle() 
[15] File "C:/Users/comba/AppData/Local/Programs/Python/Python37/lib/site-packages/bottle.py", line 1742, in wrapper() 
[16] File "C:/Users/comba/Desktop/KLC/knowledgeCity/common/webutility.py", line 465, in _enable_cors() 
[17] File "C:/Users/comba/Desktop/KLC/knowledgeCity/common/webutility.py", line 481, in _enable_cors() 
[18] File "C:/Users/comba/Desktop/KLC/knowledgeCity/common/scadaUtility.py", line 45, in __call() 
[19] File "C:/Users/comba/Desktop/KLC/knowledgeCity/agvCtrl/main_agv.py", line 58, in urlApply() 
[20] File "C:/Users/comba/Desktop/KLC/knowledgeCity/agvCtrl/agvControl.py", line 1123, in apply() 
[21] File "C:/Users/comba/Desktop/KLC/knowledgeCity/common/lock.py", line 124, in _call() 
[22] File "C:/Users/comba/Desktop/KLC/knowledgeCity/common/lock.py", line 102, in release() 
[23] File "C:/Users/comba/Desktop/KLC/knowledgeCity/common/enhance.py", line 268, in getTrace() 
[24] File "C:/Users/comba/Desktop/KLC/knowledgeCity/common/enhance.py", line 248, in getThreadStack()
[CRITICAL]2021-05-24 16:33:02,464: apply agv failed, count=1 cause a error: comba-ZSC-F1-F3.LM148找不到可用的小车
pid=8996, ppid=9052, tid=7004

[WARN]2021-05-24 16:33:02,464: agv.hasDeadlock[tid:9860] <lock name:mapMgr.lock,<locked _thread.RLock object owner=9860 count=1 at 0x0000025FCC62C198>> ,hold 49837 ms
[INFO]2021-05-24 16:33:02,555: name=agv.hasDeadlock, pid=8996, tid=9860
[01] File "C:/Users/comba/AppData/Local/Programs/Python/Python37/lib/threading.py", line 865, in run() 
[02] File "C:/Users/comba/Desktop/KLC/knowledgeCity/agvCtrl/agvControl.py", line 1013, in _threadFunc() 
[03] File "C:/Users/comba/Desktop/KLC/knowledgeCity/agvCtrl/agvControl.py", line 909, in hasDeadlock() 
[04] File "C:/Users/comba/Desktop/KLC/knowledgeCity/common/lock.py", line 124, in _call() 
[05] File "C:/Users/comba/Desktop/KLC/knowledgeCity/common/lock.py", line 102, in release() 
[06] File "C:/Users/comba/Desktop/KLC/knowledgeCity/common/enhance.py", line 268, in getTrace() 
[07] File "C:/Users/comba/Desktop/KLC/knowledgeCity/common/enhance.py", line 248, in getThreadStack()
[INFO]2021-05-24 16:33:02,622: []
[ERROR]2021-05-24 16:33:02,678: apply agv failed!  AGV02[exclude], taskId 60ab5c1373dabd2bb4444a81 loc comba-ZSC-F1-F3.LM148
[CRITICAL]2021-05-24 16:33:02,732: apply agv failed, count=0 cause a error: comba-ZSC-F1-F3.LM148找不到可用的小车
pid=8996, ppid=9052, tid=4020

[INFO]2021-05-24 16:33:02,738: []
[ERROR]2021-05-24 16:33:02,813: apply agv failed!  AGV02[exclude], taskId 60ab5c2273dabd2bb4444a82 loc comba-ZSC-F1-F3.LM148
[CRITICAL]2021-05-24 16:33:02,892: apply agv failed, count=1 cause a error: comba-ZSC-F1-F3.LM148找不到可用的小车
pid=8996, ppid=9052, tid=5724

[INFO]2021-05-24 16:33:02,892: []
[ERROR]2021-05-24 16:33:02,931: apply agv failed!  AGV02[exclude], taskId 60ab5c5873dabd2bb4444a87 loc comba-ZSC-F1-F3.LM148
[CRITICAL]2021-05-24 16:33:02,978: apply agv failed, count=2 cause a error: comba-ZSC-F1-F3.LM148找不到可用的小车
pid=8996, ppid=9052, tid=7004

[INFO]2021-05-24 16:33:02,978: []
[ERROR]2021-05-24 16:33:03,055: apply agv failed!  AGV02[exclude], taskId 60ab5c1373dabd2bb4444a81 loc comba-ZSC-F1-F3.LM148
[CRITICAL]2021-05-24 16:33:03,089: apply agv failed, count=1 cause a error: comba-ZSC-F1-F3.LM148找不到可用的小车
pid=8996, ppid=9052, tid=4020

[INFO]2021-05-24 16:33:03,095: []
[DEBUG]2021-05-24 16:33:03,125: send http_get: http://127.0.0.1:8999/api/remoteio/readDOList?id=upStation01
[ERROR]2021-05-24 16:33:03,172: apply agv failed!  AGV02[exclude], taskId 60ab5c2273dabd2bb4444a82 loc comba-ZSC-F1-F3.LM148
[CRITICAL]2021-05-24 16:33:03,265: apply agv failed, count=2 cause a error: comba-ZSC-F1-F3.LM148找不到可用的小车
pid=8996, ppid=9052, tid=5724

[INFO]2021-05-24 16:33:03,272: []
[ERROR]2021-05-24 16:33:03,344: apply agv failed!  AGV02[exclude], taskId 60ab5c5873dabd2bb4444a87 loc comba-ZSC-F1-F3.LM148
[CRITICAL]2021-05-24 16:33:03,371: apply agv failed, count=3 cause a error: comba-ZSC-F1-F3.LM148找不到可用的小车
pid=8996, ppid=9052, tid=7004

[INFO]2021-05-24 16:33:03,377: []
[ERROR]2021-05-24 16:33:03,466: apply agv failed!  AGV02[exclude], taskId 60ab5c1373dabd2bb4444a81 loc comba-ZSC-F1-F3.LM148
[CRITICAL]2021-05-24 16:33:03,493: apply agv failed, count=2 cause a error: comba-ZSC-F1-F3.LM148找不到可用的小车
pid=8996, ppid=9052, tid=4020

[INFO]2021-05-24 16:33:03,517: []
[ERROR]2021-05-24 16:33:03,582: apply agv failed!  AGV02[exclude], taskId 60ab5c2273dabd2bb4444a82 loc comba-ZSC-F1-F3.LM148
[CRITICAL]2021-05-24 16:33:03,621: apply agv failed, count=3 cause a error: comba-ZSC-F1-F3.LM148找不到可用的小车
pid=8996, ppid=9052, tid=5724

[INFO]2021-05-24 16:33:03,621: []
[DEBUG]2021-05-24 16:33:04,036: try connect AGV01 172.16.217.209:19204
[DEBUG]2021-05-24 16:33:04,173: try connect 3F-ChaChe-AGV 172.16.217.121:19204
[DEBUG]2021-05-24 16:33:04,209: try connect Jiaju-AGV 172.16.217.211:19204
[WARN]2021-05-24 16:33:06,670: scada.60ab5c5873dabd2bb4444a87[tid:9824] <locked _thread.RLock object owner=9824 count=1 at 0x0000025FCE99B300> ,hold 64050 ms
[WARN]2021-05-24 16:33:06,712: scada.60ab5c2273dabd2bb4444a82[tid:6584] <locked _thread.RLock object owner=6584 count=1 at 0x0000025FCE99B238> ,hold 64067 ms
[CRITICAL]2021-05-24 16:33:18,388: upStation01 init failed cause a error: ('http get', 'http://127.0.0.1:8999/api/remoteio/readDOList', {'id': 'upStation01'}, 'error:', 'timed out')
pid=8996, ppid=9052, tid=6012
Traceback (most recent call last):
  File "C:\Users\comba\Desktop\KLC\knowledgeCity\common\webutility.py", line 103, in http_get
    f = urllib.request.urlopen(u,timeout=timeout)
  File "C:\Users\comba\AppData\Local\Programs\Python\Python37\lib\urllib\request.py", line 222, in urlopen
    return opener.open(url, data, timeout)
  File "C:\Users\comba\AppData\Local\Programs\Python\Python37\lib\urllib\request.py", line 525, in open
    response = self._open(req, data)
  File "C:\Users\comba\AppData\Local\Programs\Python\Python37\lib\urllib\request.py", line 543, in _open
    '_open', req)
  File "C:\Users\comba\AppData\Local\Programs\Python\Python37\lib\urllib\request.py", line 503, in _call_chain
    result = func(*args)
  File "C:\Users\comba\AppData\Local\Programs\Python\Python37\lib\urllib\request.py", line 1345, in http_open
    return self.do_open(http.client.HTTPConnection, req)
  File "C:\Users\comba\AppData\Local\Programs\Python\Python37\lib\urllib\request.py", line 1320, in do_open
    r = h.getresponse()
  File "C:\Users\comba\AppData\Local\Programs\Python\Python37\lib\http\client.py", line 1321, in getresponse
    response.begin()
  File "C:\Users\comba\AppData\Local\Programs\Python\Python37\lib\http\client.py", line 296, in begin
    version, status, reason = self._read_status()
  File "C:\Users\comba\AppData\Local\Programs\Python\Python37\lib\http\client.py", line 257, in _read_status
    line = str(self.fp.readline(_MAXLINE + 1), "iso-8859-1")
  File "C:\Users\comba\AppData\Local\Programs\Python\Python37\lib\socket.py", line 589, in readinto
    return self._sock.recv_into(b)
socket.timeout: timed out

During handling of the above exception, another exception occurred:

Traceback (most recent call last):
  File "C:\Users\comba\Desktop\KLC\knowledgeCity\autoCtrl\deviceCtrl.py", line 175, in _checkInit
    s = ioApi.readDOList(devices[d][ioId])["status"]
  File "..\remoteio\remoteioApi.py", line 73, in readDOList
    return _remoteio('/api/remoteio/readDOList', id, param)
  File "..\remoteio\remoteioApi.py", line 100, in _remoteio
    return http_get(url + apiurl, param)
  File "..\remoteio\remoteioApi.py", line 16, in http_get
    r = webutility.http_get(url, param)
  File "C:\Users\comba\Desktop\KLC\knowledgeCity\common\webutility.py", line 105, in http_get
    raise Exception("http get",url,params,"error:",str(e))
Exception: ('http get', 'http://127.0.0.1:8999/api/remoteio/readDOList', {'id': 'upStation01'}, 'error:', 'timed out')

[CRITICAL]2021-05-24 16:33:24,398: [modbusApi: 172.16.167.221] execute fcode=1, addr=8256 exception:  cause a error: [WinError 10060] 由于连接方在一段时间后没有正确答复或连接的主机没有反应，连接尝试失败。
pid=8996, ppid=9052, tid=8792
Traceback (most recent call last):
  File "C:\Users\comba\Desktop\KLC\knowledgeCity\common\modbusapi.py", line 35, in __execute
    data = self.master.execute(self.__salveId, fcode, start, quantity_of_x=num, output_value=value)
  File "C:\Users\comba\AppData\Local\Programs\Python\Python37\lib\site-packages\modbus_tk\utils.py", line 39, in new
    raise excpt
  File "C:\Users\comba\AppData\Local\Programs\Python\Python37\lib\site-packages\modbus_tk\utils.py", line 37, in new
    ret = fcn(*args, **kwargs)
  File "C:\Users\comba\AppData\Local\Programs\Python\Python37\lib\site-packages\modbus_tk\modbus.py", line 152, in execute
    self.open()
  File "C:\Users\comba\AppData\Local\Programs\Python\Python37\lib\site-packages\modbus_tk\modbus.py", line 99, in open
    self._do_open()
  File "C:\Users\comba\AppData\Local\Programs\Python\Python37\lib\site-packages\modbus_tk\modbus_tcp.py", line 173, in _do_open
    self._sock.connect((self._host, self._port))
TimeoutError: [WinError 10060] 由于连接方在一段时间后没有正确答复或连接的主机没有反应，连接尝试失败。

[WARN]2021-05-24 16:33:46,812: [*task[60ab5c1373dabd2bb4444a81][-] LM148(LM137) -> LM121(LM122) [waitForAgv]] apply agv failed: ('http get', 'http://127.0.0.1:8999/api/agv/apply', {'loc': 'LM148', 'exclude': 'AGV02', 'autoLock': False, 'mapId': 'comba-ZSC-F1-F3', 'taskId': '60ab5c1373dabd2bb4444a81', 'timeout': 10, 'appName': 'akmTask'}, 'error:', 'timed out')
[ERROR]2021-05-24 16:34:03,560: try get lock failed! lock=<lock name:mapMgr.lock,<locked _thread.RLock object owner=7004 count=1 at 0x0000025FCC62C198>> name=worker 7 tid=4020
[ERROR]2021-05-24 16:34:12,635: try get lock failed! lock=<lock name:mapMgr.lock,<locked _thread.RLock object owner=7004 count=1 at 0x0000025FCC62C198>> name=agv.hasDeadlock tid=9860
