[CRITICAL]2021-04-30 12:03:05,776: agv thread cause a error: AGV03执行move AP668失败,taskId:608b811d73dabd41c8b62c1d_2
pid=16840, ppid=3324, tid=4420

[CRITICAL]2021-04-30 13:08:13,546: agvApi send task, agvId=AGV01 cause a error: [WinError 10054] 远程主机强迫关闭了一个现有的连接。
pid=16840, ppid=3324, tid=16856
Traceback (most recent call last):
  File "..\driver\seerAgv\agvApi.py", line 202, in task
    ret = _handle(agvId, API_PORT_TASK, type, data)
  File "..\driver\seerAgv\agvApi.py", line 251, in _handle
    result = _request(agvId, port, typeId, data)
  File "..\driver\seerAgv\agvApi.py", line 288, in _request
    result = sendCmd(agvId, buf, ip, port, type)
  File "..\driver\seerAgv\agvApi.py", line 296, in sendCmd
    _send(agvId,ip, port, buf.buf)
  File "..\driver\seerAgv\agvApi.py", line 380, in _send
    return tcpSocketLong.send(agvId,ip, port, buf)
  File "C:\Users\comba\Desktop\知识城地牛\knowledgeCity\common\tcpSocketLong.py", line 136, in send
    raise e
  File "C:\Users\comba\Desktop\知识城地牛\knowledgeCity\common\tcpSocketLong.py", line 131, in send
    c.send(sendData)
  File "C:\Users\comba\Desktop\知识城地牛\knowledgeCity\common\tcpSocketLong.py", line 82, in send
    self._socket.send(sendData)
ConnectionResetError: [WinError 10054] 远程主机强迫关闭了一个现有的连接。

[CRITICAL]2021-04-30 13:33:30,856: task [AGV01] [608b965c73dabd41c8b62d00] rollerFrontLoad failed cause a error: 'ret_code'
pid=16840, ppid=3324, tid=14668
Traceback (most recent call last):
  File "C:\Users\comba\Desktop\知识城地牛\knowledgeCity\autoCtrl\runTasks.py", line 1606, in rollerFrontLoad
    if ret["ret_code"] == 0:
KeyError: 'ret_code'

