[CRITICAL]2021-01-25 15:51:31,840: [modbusApi: 172.16.167.220] execute fcode=1, addr=8256 exception:  cause a error: timed out
pid=13168, ppid=5172, tid=14408
Traceback (most recent call last):
  File "E:\python_work\knowledgeCity\common\modbusapi.py", line 35, in __execute
    data = self.master.execute(self.__salveId, fcode, start, quantity_of_x=num, output_value=value)
  File "D:\Python\Python38\lib\site-packages\modbus_tk\utils.py", line 39, in new
    raise excpt
  File "D:\Python\Python38\lib\site-packages\modbus_tk\utils.py", line 37, in new
    ret = fcn(*args, **kwargs)
  File "D:\Python\Python38\lib\site-packages\modbus_tk\modbus.py", line 152, in execute
    self.open()
  File "D:\Python\Python38\lib\site-packages\modbus_tk\modbus.py", line 99, in open
    self._do_open()
  File "D:\Python\Python38\lib\site-packages\modbus_tk\modbus_tcp.py", line 173, in _do_open
    self._sock.connect((self._host, self._port))
socket.timeout: timed out

[CRITICAL]2021-01-25 15:51:31,856: downStation01 readDIList fail cause a error: timed out
pid=13168, ppid=5172, tid=14408
Traceback (most recent call last):
  File "E:\python_work\knowledgeCity\remoteio\remoteioMgr.py", line 262, in readDOList
    return self._read(M30, IO_LENTH)
  File "E:\python_work\knowledgeCity\common\lock.py", line 122, in _call
    return func(*p,**pp)
  File "E:\python_work\knowledgeCity\remoteio\remoteioMgr.py", line 314, in _read
    s = self.master.read(mdef.READ_COILS,addr, length)
  File "E:\python_work\knowledgeCity\common\modbusapi.py", line 45, in read
    return self.__execute(fcode, start, num)
  File "E:\python_work\knowledgeCity\common\modbusapi.py", line 35, in __execute
    data = self.master.execute(self.__salveId, fcode, start, quantity_of_x=num, output_value=value)
  File "D:\Python\Python38\lib\site-packages\modbus_tk\utils.py", line 39, in new
    raise excpt
  File "D:\Python\Python38\lib\site-packages\modbus_tk\utils.py", line 37, in new
    ret = fcn(*args, **kwargs)
  File "D:\Python\Python38\lib\site-packages\modbus_tk\modbus.py", line 152, in execute
    self.open()
  File "D:\Python\Python38\lib\site-packages\modbus_tk\modbus.py", line 99, in open
    self._do_open()
  File "D:\Python\Python38\lib\site-packages\modbus_tk\modbus_tcp.py", line 173, in _do_open
    self._sock.connect((self._host, self._port))
socket.timeout: timed out

[CRITICAL]2021-01-25 15:51:32,025: invoke <function urlReadDOList at 0x000001FE4B00D1F0> cause a error: timed out
pid=13168, ppid=5172, tid=14408
Traceback (most recent call last):
  File "E:\python_work\knowledgeCity\common\scadaUtility.py", line 45, in __call
    ret = func(*p,**pp)
  File "E:\python_work\knowledgeCity\remoteio\main_remoteio.py", line 87, in urlReadDOList
    return ioMgr.readDOList(id)
  File "E:\python_work\knowledgeCity\remoteio\remoteioMgr.py", line 158, in readDOList
    result=remoteioInfo.readDOList()
  File "E:\python_work\knowledgeCity\remoteio\remoteioMgr.py", line 262, in readDOList
    return self._read(M30, IO_LENTH)
  File "E:\python_work\knowledgeCity\common\lock.py", line 122, in _call
    return func(*p,**pp)
  File "E:\python_work\knowledgeCity\remoteio\remoteioMgr.py", line 314, in _read
    s = self.master.read(mdef.READ_COILS,addr, length)
  File "E:\python_work\knowledgeCity\common\modbusapi.py", line 45, in read
    return self.__execute(fcode, start, num)
  File "E:\python_work\knowledgeCity\common\modbusapi.py", line 35, in __execute
    data = self.master.execute(self.__salveId, fcode, start, quantity_of_x=num, output_value=value)
  File "D:\Python\Python38\lib\site-packages\modbus_tk\utils.py", line 39, in new
    raise excpt
  File "D:\Python\Python38\lib\site-packages\modbus_tk\utils.py", line 37, in new
    ret = fcn(*args, **kwargs)
  File "D:\Python\Python38\lib\site-packages\modbus_tk\modbus.py", line 152, in execute
    self.open()
  File "D:\Python\Python38\lib\site-packages\modbus_tk\modbus.py", line 99, in open
    self._do_open()
  File "D:\Python\Python38\lib\site-packages\modbus_tk\modbus_tcp.py", line 173, in _do_open
    self._sock.connect((self._host, self._port))
socket.timeout: timed out

[CRITICAL]2021-01-25 15:51:32,039: downStation01 init failed cause a error: timeout: timed out
pid=13168, ppid=5172, tid=15392
Traceback (most recent call last):
  File "E:\python_work\knowledgeCity\autoCtrl\deviceCtrl.py", line 175, in _checkInit
    s = ioApi.readDOList(devices[d][ioId])["status"]
  File "E:\python_work\knowledgeCity\remoteio\remoteioApi.py", line 73, in readDOList
    return _remoteio('/api/remoteio/readDOList', id, param)
  File "E:\python_work\knowledgeCity\remoteio\remoteioApi.py", line 100, in _remoteio
    return http_get(url + apiurl, param)
  File "E:\python_work\knowledgeCity\remoteio\remoteioApi.py", line 19, in http_get
    raise Exception(result["errormsg"])
Exception: timeout: timed out

[CRITICAL]2021-01-25 15:51:38,221: downStation01 readDIList fail cause a error: timed out
pid=13168, ppid=5172, tid=2356
Traceback (most recent call last):
  File "E:\python_work\knowledgeCity\remoteio\remoteioMgr.py", line 262, in readDOList
    return self._read(M30, IO_LENTH)
  File "E:\python_work\knowledgeCity\common\lock.py", line 122, in _call
    return func(*p,**pp)
  File "E:\python_work\knowledgeCity\remoteio\remoteioMgr.py", line 311, in _read
    self.master.open()
  File "E:\python_work\knowledgeCity\common\modbusapi.py", line 60, in open
    self.master.open()
  File "D:\Python\Python38\lib\site-packages\modbus_tk\modbus.py", line 99, in open
    self._do_open()
  File "D:\Python\Python38\lib\site-packages\modbus_tk\modbus_tcp.py", line 173, in _do_open
    self._sock.connect((self._host, self._port))
socket.timeout: timed out

[CRITICAL]2021-01-25 15:51:38,289: invoke <function urlReadDOList at 0x000001FE4B00D1F0> cause a error: timed out
pid=13168, ppid=5172, tid=2356
Traceback (most recent call last):
  File "E:\python_work\knowledgeCity\common\scadaUtility.py", line 45, in __call
    ret = func(*p,**pp)
  File "E:\python_work\knowledgeCity\remoteio\main_remoteio.py", line 87, in urlReadDOList
    return ioMgr.readDOList(id)
  File "E:\python_work\knowledgeCity\remoteio\remoteioMgr.py", line 158, in readDOList
    result=remoteioInfo.readDOList()
  File "E:\python_work\knowledgeCity\remoteio\remoteioMgr.py", line 262, in readDOList
    return self._read(M30, IO_LENTH)
  File "E:\python_work\knowledgeCity\common\lock.py", line 122, in _call
    return func(*p,**pp)
  File "E:\python_work\knowledgeCity\remoteio\remoteioMgr.py", line 311, in _read
    self.master.open()
  File "E:\python_work\knowledgeCity\common\modbusapi.py", line 60, in open
    self.master.open()
  File "D:\Python\Python38\lib\site-packages\modbus_tk\modbus.py", line 99, in open
    self._do_open()
  File "D:\Python\Python38\lib\site-packages\modbus_tk\modbus_tcp.py", line 173, in _do_open
    self._sock.connect((self._host, self._port))
socket.timeout: timed out

[CRITICAL]2021-01-25 15:51:38,377: readDIList error cause a error: timeout: timed out
pid=13168, ppid=5172, tid=15392
Traceback (most recent call last):
  File "E:\python_work\knowledgeCity\autoCtrl\deviceCtrl.py", line 79, in _monitorDevices
    s2 = ioApi.readDOList(devices[d]["io2"])["status"] #ÉÏ°å»ú
  File "E:\python_work\knowledgeCity\remoteio\remoteioApi.py", line 73, in readDOList
    return _remoteio('/api/remoteio/readDOList', id, param)
  File "E:\python_work\knowledgeCity\remoteio\remoteioApi.py", line 100, in _remoteio
    return http_get(url + apiurl, param)
  File "E:\python_work\knowledgeCity\remoteio\remoteioApi.py", line 19, in http_get
    raise Exception(result["errormsg"])
Exception: timeout: timed out

