[CRITICAL]2021-05-28 12:42:36,663: [modbusApi: 172.16.166.182] execute fcode=5, addr=16 exception:  cause a error: [WinError 10054] 远程主机强迫关闭了一个现有的连接。
pid=13216, ppid=9212, tid=3796
Traceback (most recent call last):
  File "C:\Users\comba\Desktop\KLC\knowledgeCity\common\modbusapi.py", line 35, in __execute
    data = self.master.execute(self.__salveId, fcode, start, quantity_of_x=num, output_value=value)
  File "C:\Users\comba\AppData\Local\Programs\Python\Python37\lib\site-packages\modbus_tk\utils.py", line 39, in new
    raise excpt
  File "C:\Users\comba\AppData\Local\Programs\Python\Python37\lib\site-packages\modbus_tk\utils.py", line 37, in new
    ret = fcn(*args, **kwargs)
  File "C:\Users\comba\AppData\Local\Programs\Python\Python37\lib\site-packages\modbus_tk\modbus.py", line 298, in execute
    response = self._recv(expected_length)
  File "C:\Users\comba\AppData\Local\Programs\Python\Python37\lib\site-packages\modbus_tk\modbus_tcp.py", line 216, in _recv
    rcv_byte = self._sock.recv(1)
ConnectionResetError: [WinError 10054] 远程主机强迫关闭了一个现有的连接。

[CRITICAL]2021-05-28 12:42:36,888: 3FLamp writeDO fail cause a error: [WinError 10054] 远程主机强迫关闭了一个现有的连接。
pid=13216, ppid=9212, tid=3796
Traceback (most recent call last):
  File "..\remoteio\remoteioMgr_old.py", line 109, in writeDO
    self._write(ioAddr, value)
  File "C:\Users\comba\Desktop\KLC\knowledgeCity\common\lock.py", line 122, in _call
    return func(*p,**pp)
  File "..\remoteio\remoteioMgr_old.py", line 186, in _write
    s = self.master.write(mdef.WRITE_SINGLE_COIL,addr,value)
  File "C:\Users\comba\Desktop\KLC\knowledgeCity\common\modbusapi.py", line 51, in write
    return self.__execute(fcode, start, num, value)
  File "C:\Users\comba\Desktop\KLC\knowledgeCity\common\modbusapi.py", line 35, in __execute
    data = self.master.execute(self.__salveId, fcode, start, quantity_of_x=num, output_value=value)
  File "C:\Users\comba\AppData\Local\Programs\Python\Python37\lib\site-packages\modbus_tk\utils.py", line 39, in new
    raise excpt
  File "C:\Users\comba\AppData\Local\Programs\Python\Python37\lib\site-packages\modbus_tk\utils.py", line 37, in new
    ret = fcn(*args, **kwargs)
  File "C:\Users\comba\AppData\Local\Programs\Python\Python37\lib\site-packages\modbus_tk\modbus.py", line 298, in execute
    response = self._recv(expected_length)
  File "C:\Users\comba\AppData\Local\Programs\Python\Python37\lib\site-packages\modbus_tk\modbus_tcp.py", line 216, in _recv
    rcv_byte = self._sock.recv(1)
ConnectionResetError: [WinError 10054] 远程主机强迫关闭了一个现有的连接。

[CRITICAL]2021-05-28 12:42:37,152: invoke timer func<function lock.<locals>.call.<locals>._call at 0x0000024CC93B7F28> cause a error: [WinError 10054] 远程主机强迫关闭了一个现有的连接。
pid=13216, ppid=9212, tid=3796
Traceback (most recent call last):
  File "C:\Users\comba\Desktop\KLC\knowledgeCity\common\mytimer.py", line 113, in _loop
    v.func(*v.args)
  File "C:\Users\comba\Desktop\KLC\knowledgeCity\common\lock.py", line 122, in _call
    return func(*p,**pp)
  File "C:\Users\comba\Desktop\KLC\knowledgeCity\autoCtrl\runTasks.py", line 257, in run
    checkLampStatus()
  File "C:\Users\comba\Desktop\KLC\knowledgeCity\autoCtrl\runTasks.py", line 188, in checkLampStatus
    ioMgr.writeDO('3FLamp', 1, 0)
  File "..\remoteio\remoteioMgr_old.py", line 65, in writeDO
    remoteioInfo.writeDO(index,value)
  File "..\remoteio\remoteioMgr_old.py", line 109, in writeDO
    self._write(ioAddr, value)
  File "C:\Users\comba\Desktop\KLC\knowledgeCity\common\lock.py", line 122, in _call
    return func(*p,**pp)
  File "..\remoteio\remoteioMgr_old.py", line 186, in _write
    s = self.master.write(mdef.WRITE_SINGLE_COIL,addr,value)
  File "C:\Users\comba\Desktop\KLC\knowledgeCity\common\modbusapi.py", line 51, in write
    return self.__execute(fcode, start, num, value)
  File "C:\Users\comba\Desktop\KLC\knowledgeCity\common\modbusapi.py", line 35, in __execute
    data = self.master.execute(self.__salveId, fcode, start, quantity_of_x=num, output_value=value)
  File "C:\Users\comba\AppData\Local\Programs\Python\Python37\lib\site-packages\modbus_tk\utils.py", line 39, in new
    raise excpt
  File "C:\Users\comba\AppData\Local\Programs\Python\Python37\lib\site-packages\modbus_tk\utils.py", line 37, in new
    ret = fcn(*args, **kwargs)
  File "C:\Users\comba\AppData\Local\Programs\Python\Python37\lib\site-packages\modbus_tk\modbus.py", line 298, in execute
    response = self._recv(expected_length)
  File "C:\Users\comba\AppData\Local\Programs\Python\Python37\lib\site-packages\modbus_tk\modbus_tcp.py", line 216, in _recv
    rcv_byte = self._sock.recv(1)
ConnectionResetError: [WinError 10054] 远程主机强迫关闭了一个现有的连接。

[CRITICAL]2021-05-28 12:43:29,240: [modbusApi: 172.16.166.182] execute fcode=5, addr=16 exception:  cause a error: [WinError 10054] 远程主机强迫关闭了一个现有的连接。
pid=13216, ppid=9212, tid=3796
Traceback (most recent call last):
  File "C:\Users\comba\Desktop\KLC\knowledgeCity\common\modbusapi.py", line 35, in __execute
    data = self.master.execute(self.__salveId, fcode, start, quantity_of_x=num, output_value=value)
  File "C:\Users\comba\AppData\Local\Programs\Python\Python37\lib\site-packages\modbus_tk\utils.py", line 39, in new
    raise excpt
  File "C:\Users\comba\AppData\Local\Programs\Python\Python37\lib\site-packages\modbus_tk\utils.py", line 37, in new
    ret = fcn(*args, **kwargs)
  File "C:\Users\comba\AppData\Local\Programs\Python\Python37\lib\site-packages\modbus_tk\modbus.py", line 298, in execute
    response = self._recv(expected_length)
  File "C:\Users\comba\AppData\Local\Programs\Python\Python37\lib\site-packages\modbus_tk\modbus_tcp.py", line 216, in _recv
    rcv_byte = self._sock.recv(1)
ConnectionResetError: [WinError 10054] 远程主机强迫关闭了一个现有的连接。

[CRITICAL]2021-05-28 12:43:29,441: 3FLamp writeDO fail cause a error: [WinError 10054] 远程主机强迫关闭了一个现有的连接。
pid=13216, ppid=9212, tid=3796
Traceback (most recent call last):
  File "..\remoteio\remoteioMgr_old.py", line 109, in writeDO
    self._write(ioAddr, value)
  File "C:\Users\comba\Desktop\KLC\knowledgeCity\common\lock.py", line 122, in _call
    return func(*p,**pp)
  File "..\remoteio\remoteioMgr_old.py", line 186, in _write
    s = self.master.write(mdef.WRITE_SINGLE_COIL,addr,value)
  File "C:\Users\comba\Desktop\KLC\knowledgeCity\common\modbusapi.py", line 51, in write
    return self.__execute(fcode, start, num, value)
  File "C:\Users\comba\Desktop\KLC\knowledgeCity\common\modbusapi.py", line 35, in __execute
    data = self.master.execute(self.__salveId, fcode, start, quantity_of_x=num, output_value=value)
  File "C:\Users\comba\AppData\Local\Programs\Python\Python37\lib\site-packages\modbus_tk\utils.py", line 39, in new
    raise excpt
  File "C:\Users\comba\AppData\Local\Programs\Python\Python37\lib\site-packages\modbus_tk\utils.py", line 37, in new
    ret = fcn(*args, **kwargs)
  File "C:\Users\comba\AppData\Local\Programs\Python\Python37\lib\site-packages\modbus_tk\modbus.py", line 298, in execute
    response = self._recv(expected_length)
  File "C:\Users\comba\AppData\Local\Programs\Python\Python37\lib\site-packages\modbus_tk\modbus_tcp.py", line 216, in _recv
    rcv_byte = self._sock.recv(1)
ConnectionResetError: [WinError 10054] 远程主机强迫关闭了一个现有的连接。

[CRITICAL]2021-05-28 12:43:29,712: invoke timer func<function lock.<locals>.call.<locals>._call at 0x0000024CC93B7F28> cause a error: [WinError 10054] 远程主机强迫关闭了一个现有的连接。
pid=13216, ppid=9212, tid=3796
Traceback (most recent call last):
  File "C:\Users\comba\Desktop\KLC\knowledgeCity\common\mytimer.py", line 113, in _loop
    v.func(*v.args)
  File "C:\Users\comba\Desktop\KLC\knowledgeCity\common\lock.py", line 122, in _call
    return func(*p,**pp)
  File "C:\Users\comba\Desktop\KLC\knowledgeCity\autoCtrl\runTasks.py", line 257, in run
    checkLampStatus()
  File "C:\Users\comba\Desktop\KLC\knowledgeCity\autoCtrl\runTasks.py", line 188, in checkLampStatus
    ioMgr.writeDO('3FLamp', 1, 0)
  File "..\remoteio\remoteioMgr_old.py", line 65, in writeDO
    remoteioInfo.writeDO(index,value)
  File "..\remoteio\remoteioMgr_old.py", line 109, in writeDO
    self._write(ioAddr, value)
  File "C:\Users\comba\Desktop\KLC\knowledgeCity\common\lock.py", line 122, in _call
    return func(*p,**pp)
  File "..\remoteio\remoteioMgr_old.py", line 186, in _write
    s = self.master.write(mdef.WRITE_SINGLE_COIL,addr,value)
  File "C:\Users\comba\Desktop\KLC\knowledgeCity\common\modbusapi.py", line 51, in write
    return self.__execute(fcode, start, num, value)
  File "C:\Users\comba\Desktop\KLC\knowledgeCity\common\modbusapi.py", line 35, in __execute
    data = self.master.execute(self.__salveId, fcode, start, quantity_of_x=num, output_value=value)
  File "C:\Users\comba\AppData\Local\Programs\Python\Python37\lib\site-packages\modbus_tk\utils.py", line 39, in new
    raise excpt
  File "C:\Users\comba\AppData\Local\Programs\Python\Python37\lib\site-packages\modbus_tk\utils.py", line 37, in new
    ret = fcn(*args, **kwargs)
  File "C:\Users\comba\AppData\Local\Programs\Python\Python37\lib\site-packages\modbus_tk\modbus.py", line 298, in execute
    response = self._recv(expected_length)
  File "C:\Users\comba\AppData\Local\Programs\Python\Python37\lib\site-packages\modbus_tk\modbus_tcp.py", line 216, in _recv
    rcv_byte = self._sock.recv(1)
ConnectionResetError: [WinError 10054] 远程主机强迫关闭了一个现有的连接。

[CRITICAL]2021-05-28 13:32:56,915: agvApi send task, agvId=AGV01 cause a error: [WinError 10054] 远程主机强迫关闭了一个现有的连接。
pid=13216, ppid=9212, tid=11276
Traceback (most recent call last):
  File "..\driver\seerAgv\agvApi.py", line 203, in task
    ret = _handle(agvId, API_PORT_TASK, type, data)
  File "..\driver\seerAgv\agvApi.py", line 252, in _handle
    result = _request(agvId, port, typeId, data)
  File "..\driver\seerAgv\agvApi.py", line 289, in _request
    result = sendCmd(agvId, buf, ip, port, type)
  File "..\driver\seerAgv\agvApi.py", line 297, in sendCmd
    _send(agvId,ip, port, buf.buf)
  File "..\driver\seerAgv\agvApi.py", line 381, in _send
    return tcpSocketLong.send(agvId,ip, port, buf)
  File "C:\Users\comba\Desktop\KLC\knowledgeCity\common\tcpSocketLong.py", line 136, in send
    raise e
  File "C:\Users\comba\Desktop\KLC\knowledgeCity\common\tcpSocketLong.py", line 131, in send
    c.send(sendData)
  File "C:\Users\comba\Desktop\KLC\knowledgeCity\common\tcpSocketLong.py", line 82, in send
    self._socket.send(sendData)
ConnectionResetError: [WinError 10054] 远程主机强迫关闭了一个现有的连接。

[CRITICAL]2021-05-28 13:34:06,917: task [AGV01] [60b0807d73dabd33a0b73db9] rollerFrontLoad failed cause a error: 'ret_code'
pid=13216, ppid=9212, tid=2760
Traceback (most recent call last):
  File "C:\Users\comba\Desktop\KLC\knowledgeCity\autoCtrl\runTasks.py", line 1732, in rollerFrontLoad
    if ret["ret_code"] == 0:
KeyError: 'ret_code'

[CRITICAL]2021-05-28 13:36:08,642: readStatus1, agvId:AGVwuliao cause a error: [WinError 10053] 你的主机中的软件中止了一个已建立的连接。
pid=13216, ppid=9212, tid=13596
Traceback (most recent call last):
  File "C:\Users\comba\Desktop\KLC\knowledgeCity\agvCtrl\agvList.py", line 894, in readStatus1
    self._checkReloc()
  File "C:\Users\comba\Desktop\KLC\knowledgeCity\agvCtrl\agvList.py", line 924, in _checkReloc
    self._confirmReloc()
  File "C:\Users\comba\Desktop\KLC\knowledgeCity\agvCtrl\agvList.py", line 472, in _confirmReloc
    agvCtrl.confirmReloc(self.agvId)
  File "..\driver\seerAgv\agvCtrl.py", line 63, in confirmReloc
    data= agvApi.ctrl(agvId,"robot_control_comfirmloc_req",None)
  File "..\driver\seerAgv\agvApi.py", line 191, in ctrl
    return _handle(agvId, API_PORT_CTRL, type, data)
  File "..\driver\seerAgv\agvApi.py", line 252, in _handle
    result = _request(agvId, port, typeId, data)
  File "..\driver\seerAgv\agvApi.py", line 289, in _request
    result = sendCmd(agvId, buf, ip, port, type)
  File "..\driver\seerAgv\agvApi.py", line 297, in sendCmd
    _send(agvId,ip, port, buf.buf)
  File "..\driver\seerAgv\agvApi.py", line 381, in _send
    return tcpSocketLong.send(agvId,ip, port, buf)
  File "C:\Users\comba\Desktop\KLC\knowledgeCity\common\tcpSocketLong.py", line 136, in send
    raise e
  File "C:\Users\comba\Desktop\KLC\knowledgeCity\common\tcpSocketLong.py", line 131, in send
    c.send(sendData)
  File "C:\Users\comba\Desktop\KLC\knowledgeCity\common\tcpSocketLong.py", line 82, in send
    self._socket.send(sendData)
ConnectionAbortedError: [WinError 10053] 你的主机中的软件中止了一个已建立的连接。

[CRITICAL]2021-05-28 13:36:35,573: handle AGVdiniu,error:[WinError 10054] 远程主机强迫关闭了一个现有的连接。 cause a error: [WinError 10054] 远程主机强迫关闭了一个现有的连接。
pid=13216, ppid=9212, tid=8224
Traceback (most recent call last):
  File "C:\Users\comba\Desktop\KLC\knowledgeCity\agvCtrl\agvList.py", line 636, in handle
    ret = obj.callback(obj.params)
  File "C:\Users\comba\Desktop\KLC\knowledgeCity\agvCtrl\agvControl.py", line 654, in oncheck
    agvInfo.move(agvElement.nextTargetPosName,timeout=params["timeout"],taskId=taskId,ignoreAngle=ignoreDir)
  File "C:\Users\comba\Desktop\KLC\knowledgeCity\agvCtrl\agvList.py", line 762, in move
    self.requireControl()
  File "C:\Users\comba\Desktop\KLC\knowledgeCity\agvCtrl\agvList.py", line 468, in requireControl
    agvCtrl.requireControl(self.agvId)
  File "..\driver\seerAgv\agvCtrl.py", line 717, in requireControl
    return agvApi.conf(agvId, "robot_config_require_req", None)
  File "..\driver\seerAgv\agvApi.py", line 214, in conf
    return _handle(agvId, API_PORT_CONFIG, type, data)
  File "..\driver\seerAgv\agvApi.py", line 252, in _handle
    result = _request(agvId, port, typeId, data)
  File "..\driver\seerAgv\agvApi.py", line 289, in _request
    result = sendCmd(agvId, buf, ip, port, type)
  File "..\driver\seerAgv\agvApi.py", line 297, in sendCmd
    _send(agvId,ip, port, buf.buf)
  File "..\driver\seerAgv\agvApi.py", line 381, in _send
    return tcpSocketLong.send(agvId,ip, port, buf)
  File "C:\Users\comba\Desktop\KLC\knowledgeCity\common\tcpSocketLong.py", line 136, in send
    raise e
  File "C:\Users\comba\Desktop\KLC\knowledgeCity\common\tcpSocketLong.py", line 131, in send
    c.send(sendData)
  File "C:\Users\comba\Desktop\KLC\knowledgeCity\common\tcpSocketLong.py", line 82, in send
    self._socket.send(sendData)
ConnectionResetError: [WinError 10054] 远程主机强迫关闭了一个现有的连接。

[CRITICAL]2021-05-28 13:36:36,804: agvApi send task, agvId=AGVdiniu cause a error: [WinError 10054] 远程主机强迫关闭了一个现有的连接。
pid=13216, ppid=9212, tid=8224
Traceback (most recent call last):
  File "..\driver\seerAgv\agvApi.py", line 203, in task
    ret = _handle(agvId, API_PORT_TASK, type, data)
  File "..\driver\seerAgv\agvApi.py", line 252, in _handle
    result = _request(agvId, port, typeId, data)
  File "..\driver\seerAgv\agvApi.py", line 289, in _request
    result = sendCmd(agvId, buf, ip, port, type)
  File "..\driver\seerAgv\agvApi.py", line 297, in sendCmd
    _send(agvId,ip, port, buf.buf)
  File "..\driver\seerAgv\agvApi.py", line 381, in _send
    return tcpSocketLong.send(agvId,ip, port, buf)
  File "C:\Users\comba\Desktop\KLC\knowledgeCity\common\tcpSocketLong.py", line 136, in send
    raise e
  File "C:\Users\comba\Desktop\KLC\knowledgeCity\common\tcpSocketLong.py", line 131, in send
    c.send(sendData)
  File "C:\Users\comba\Desktop\KLC\knowledgeCity\common\tcpSocketLong.py", line 82, in send
    self._socket.send(sendData)
ConnectionResetError: [WinError 10054] 远程主机强迫关闭了一个现有的连接。

[CRITICAL]2021-05-28 13:36:47,332: agv thread cause a error: AGVdiniu执行move LM116取消,taskId:home_3
pid=13216, ppid=9212, tid=8224

[CRITICAL]2021-05-28 13:39:21,708: agvApi send task, agvId=AGVdiniu cause a error: [WinError 10054] 远程主机强迫关闭了一个现有的连接。
pid=13216, ppid=9212, tid=8224
Traceback (most recent call last):
  File "..\driver\seerAgv\agvApi.py", line 203, in task
    ret = _handle(agvId, API_PORT_TASK, type, data)
  File "..\driver\seerAgv\agvApi.py", line 252, in _handle
    result = _request(agvId, port, typeId, data)
  File "..\driver\seerAgv\agvApi.py", line 289, in _request
    result = sendCmd(agvId, buf, ip, port, type)
  File "..\driver\seerAgv\agvApi.py", line 297, in sendCmd
    _send(agvId,ip, port, buf.buf)
  File "..\driver\seerAgv\agvApi.py", line 381, in _send
    return tcpSocketLong.send(agvId,ip, port, buf)
  File "C:\Users\comba\Desktop\KLC\knowledgeCity\common\tcpSocketLong.py", line 136, in send
    raise e
  File "C:\Users\comba\Desktop\KLC\knowledgeCity\common\tcpSocketLong.py", line 131, in send
    c.send(sendData)
  File "C:\Users\comba\Desktop\KLC\knowledgeCity\common\tcpSocketLong.py", line 82, in send
    self._socket.send(sendData)
ConnectionResetError: [WinError 10054] 远程主机强迫关闭了一个现有的连接。

