[CRITICAL]2021-04-26 10:49:47,160: apply agv failed, count=0 cause a error: can only concatenate str (not "list") to str
pid=10288, ppid=2392, tid=6920
Traceback (most recent call last):
  File "C:\Users\Administrator\Desktop\SVN\knowledgeCity\agvCtrl\agvControl.py", line 1125, in apply
    agvId = _apply(mapId, autoLock, exclude, loc, taskId=taskId,appName=appName)
  File "C:\Users\Administrator\Desktop\SVN\knowledgeCity\common\lock.py", line 122, in _call
    return func(*p,**pp)
  File "C:\Users\Administrator\Desktop\SVN\knowledgeCity\agvCtrl\agvControl.py", line 1081, in _apply
    log.info('------'+posList+'+++++++')
TypeError: can only concatenate str (not "list") to str

[CRITICAL]2021-04-26 10:49:47,728: apply agv failed, count=1 cause a error: can only concatenate str (not "list") to str
pid=10288, ppid=2392, tid=6920
Traceback (most recent call last):
  File "C:\Users\Administrator\Desktop\SVN\knowledgeCity\agvCtrl\agvControl.py", line 1125, in apply
    agvId = _apply(mapId, autoLock, exclude, loc, taskId=taskId,appName=appName)
  File "C:\Users\Administrator\Desktop\SVN\knowledgeCity\common\lock.py", line 122, in _call
    return func(*p,**pp)
  File "C:\Users\Administrator\Desktop\SVN\knowledgeCity\agvCtrl\agvControl.py", line 1081, in _apply
    log.info('------'+posList+'+++++++')
TypeError: can only concatenate str (not "list") to str

[CRITICAL]2021-04-26 10:49:48,379: apply agv failed, count=2 cause a error: can only concatenate str (not "list") to str
pid=10288, ppid=2392, tid=6920
Traceback (most recent call last):
  File "C:\Users\Administrator\Desktop\SVN\knowledgeCity\agvCtrl\agvControl.py", line 1125, in apply
    agvId = _apply(mapId, autoLock, exclude, loc, taskId=taskId,appName=appName)
  File "C:\Users\Administrator\Desktop\SVN\knowledgeCity\common\lock.py", line 122, in _call
    return func(*p,**pp)
  File "C:\Users\Administrator\Desktop\SVN\knowledgeCity\agvCtrl\agvControl.py", line 1081, in _apply
    log.info('------'+posList+'+++++++')
TypeError: can only concatenate str (not "list") to str

[CRITICAL]2021-04-26 10:49:49,708: apply agv failed, count=3 cause a error: can only concatenate str (not "list") to str
pid=10288, ppid=2392, tid=6920
Traceback (most recent call last):
  File "C:\Users\Administrator\Desktop\SVN\knowledgeCity\agvCtrl\agvControl.py", line 1125, in apply
    agvId = _apply(mapId, autoLock, exclude, loc, taskId=taskId,appName=appName)
  File "C:\Users\Administrator\Desktop\SVN\knowledgeCity\common\lock.py", line 122, in _call
    return func(*p,**pp)
  File "C:\Users\Administrator\Desktop\SVN\knowledgeCity\agvCtrl\agvControl.py", line 1081, in _apply
    log.info('------'+posList+'+++++++')
TypeError: can only concatenate str (not "list") to str

[CRITICAL]2021-04-26 10:49:51,337: apply agv failed, count=4 cause a error: can only concatenate str (not "list") to str
pid=10288, ppid=2392, tid=6920
Traceback (most recent call last):
  File "C:\Users\Administrator\Desktop\SVN\knowledgeCity\agvCtrl\agvControl.py", line 1125, in apply
    agvId = _apply(mapId, autoLock, exclude, loc, taskId=taskId,appName=appName)
  File "C:\Users\Administrator\Desktop\SVN\knowledgeCity\common\lock.py", line 122, in _call
    return func(*p,**pp)
  File "C:\Users\Administrator\Desktop\SVN\knowledgeCity\agvCtrl\agvControl.py", line 1081, in _apply
    log.info('------'+posList+'+++++++')
TypeError: can only concatenate str (not "list") to str

[CRITICAL]2021-04-26 10:49:51,656: apply failed, count=1 cause a error: ('apply agv failed3!', 'taskId', '60862a47b53912e08788145d', 'loc', 'AP666')
pid=10288, ppid=2392, tid=6920

[CRITICAL]2021-04-26 10:50:03,878: apply agv failed, count=0 cause a error: can only concatenate str (not "list") to str
pid=10288, ppid=2392, tid=5288
Traceback (most recent call last):
  File "C:\Users\Administrator\Desktop\SVN\knowledgeCity\agvCtrl\agvControl.py", line 1125, in apply
    agvId = _apply(mapId, autoLock, exclude, loc, taskId=taskId,appName=appName)
  File "C:\Users\Administrator\Desktop\SVN\knowledgeCity\common\lock.py", line 122, in _call
    return func(*p,**pp)
  File "C:\Users\Administrator\Desktop\SVN\knowledgeCity\agvCtrl\agvControl.py", line 1081, in _apply
    log.info('------'+posList+'+++++++')
TypeError: can only concatenate str (not "list") to str

[CRITICAL]2021-04-26 10:50:04,497: apply agv failed, count=1 cause a error: can only concatenate str (not "list") to str
pid=10288, ppid=2392, tid=5288
Traceback (most recent call last):
  File "C:\Users\Administrator\Desktop\SVN\knowledgeCity\agvCtrl\agvControl.py", line 1125, in apply
    agvId = _apply(mapId, autoLock, exclude, loc, taskId=taskId,appName=appName)
  File "C:\Users\Administrator\Desktop\SVN\knowledgeCity\common\lock.py", line 122, in _call
    return func(*p,**pp)
  File "C:\Users\Administrator\Desktop\SVN\knowledgeCity\agvCtrl\agvControl.py", line 1081, in _apply
    log.info('------'+posList+'+++++++')
TypeError: can only concatenate str (not "list") to str

[CRITICAL]2021-04-26 10:50:05,227: apply agv failed, count=2 cause a error: can only concatenate str (not "list") to str
pid=10288, ppid=2392, tid=5288
Traceback (most recent call last):
  File "C:\Users\Administrator\Desktop\SVN\knowledgeCity\agvCtrl\agvControl.py", line 1125, in apply
    agvId = _apply(mapId, autoLock, exclude, loc, taskId=taskId,appName=appName)
  File "C:\Users\Administrator\Desktop\SVN\knowledgeCity\common\lock.py", line 122, in _call
    return func(*p,**pp)
  File "C:\Users\Administrator\Desktop\SVN\knowledgeCity\agvCtrl\agvControl.py", line 1081, in _apply
    log.info('------'+posList+'+++++++')
TypeError: can only concatenate str (not "list") to str

[CRITICAL]2021-04-26 10:50:05,678: apply agv failed, count=3 cause a error: can only concatenate str (not "list") to str
pid=10288, ppid=2392, tid=5288
Traceback (most recent call last):
  File "C:\Users\Administrator\Desktop\SVN\knowledgeCity\agvCtrl\agvControl.py", line 1125, in apply
    agvId = _apply(mapId, autoLock, exclude, loc, taskId=taskId,appName=appName)
  File "C:\Users\Administrator\Desktop\SVN\knowledgeCity\common\lock.py", line 122, in _call
    return func(*p,**pp)
  File "C:\Users\Administrator\Desktop\SVN\knowledgeCity\agvCtrl\agvControl.py", line 1081, in _apply
    log.info('------'+posList+'+++++++')
TypeError: can only concatenate str (not "list") to str

[CRITICAL]2021-04-26 10:50:06,394: apply agv failed, count=4 cause a error: can only concatenate str (not "list") to str
pid=10288, ppid=2392, tid=5288
Traceback (most recent call last):
  File "C:\Users\Administrator\Desktop\SVN\knowledgeCity\agvCtrl\agvControl.py", line 1125, in apply
    agvId = _apply(mapId, autoLock, exclude, loc, taskId=taskId,appName=appName)
  File "C:\Users\Administrator\Desktop\SVN\knowledgeCity\common\lock.py", line 122, in _call
    return func(*p,**pp)
  File "C:\Users\Administrator\Desktop\SVN\knowledgeCity\agvCtrl\agvControl.py", line 1081, in _apply
    log.info('------'+posList+'+++++++')
TypeError: can only concatenate str (not "list") to str

[CRITICAL]2021-04-26 10:50:06,532: apply failed, count=1 cause a error: ('apply agv failed3!', 'taskId', '60862a47b53912e08788145d', 'loc', 'AP666')
pid=10288, ppid=2392, tid=5288

[CRITICAL]2021-04-26 10:50:18,684: apply agv failed, count=0 cause a error: can only concatenate str (not "list") to str
pid=10288, ppid=2392, tid=6744
Traceback (most recent call last):
  File "C:\Users\Administrator\Desktop\SVN\knowledgeCity\agvCtrl\agvControl.py", line 1125, in apply
    agvId = _apply(mapId, autoLock, exclude, loc, taskId=taskId,appName=appName)
  File "C:\Users\Administrator\Desktop\SVN\knowledgeCity\common\lock.py", line 122, in _call
    return func(*p,**pp)
  File "C:\Users\Administrator\Desktop\SVN\knowledgeCity\agvCtrl\agvControl.py", line 1081, in _apply
    log.info('------'+posList+'+++++++')
TypeError: can only concatenate str (not "list") to str

[CRITICAL]2021-04-26 10:50:19,679: apply agv failed, count=1 cause a error: can only concatenate str (not "list") to str
pid=10288, ppid=2392, tid=6744
Traceback (most recent call last):
  File "C:\Users\Administrator\Desktop\SVN\knowledgeCity\agvCtrl\agvControl.py", line 1125, in apply
    agvId = _apply(mapId, autoLock, exclude, loc, taskId=taskId,appName=appName)
  File "C:\Users\Administrator\Desktop\SVN\knowledgeCity\common\lock.py", line 122, in _call
    return func(*p,**pp)
  File "C:\Users\Administrator\Desktop\SVN\knowledgeCity\agvCtrl\agvControl.py", line 1081, in _apply
    log.info('------'+posList+'+++++++')
TypeError: can only concatenate str (not "list") to str

[CRITICAL]2021-04-26 10:50:20,513: apply agv failed, count=2 cause a error: can only concatenate str (not "list") to str
pid=10288, ppid=2392, tid=6744
Traceback (most recent call last):
  File "C:\Users\Administrator\Desktop\SVN\knowledgeCity\agvCtrl\agvControl.py", line 1125, in apply
    agvId = _apply(mapId, autoLock, exclude, loc, taskId=taskId,appName=appName)
  File "C:\Users\Administrator\Desktop\SVN\knowledgeCity\common\lock.py", line 122, in _call
    return func(*p,**pp)
  File "C:\Users\Administrator\Desktop\SVN\knowledgeCity\agvCtrl\agvControl.py", line 1081, in _apply
    log.info('------'+posList+'+++++++')
TypeError: can only concatenate str (not "list") to str

[CRITICAL]2021-04-26 10:50:21,270: apply agv failed, count=3 cause a error: can only concatenate str (not "list") to str
pid=10288, ppid=2392, tid=6744
Traceback (most recent call last):
  File "C:\Users\Administrator\Desktop\SVN\knowledgeCity\agvCtrl\agvControl.py", line 1125, in apply
    agvId = _apply(mapId, autoLock, exclude, loc, taskId=taskId,appName=appName)
  File "C:\Users\Administrator\Desktop\SVN\knowledgeCity\common\lock.py", line 122, in _call
    return func(*p,**pp)
  File "C:\Users\Administrator\Desktop\SVN\knowledgeCity\agvCtrl\agvControl.py", line 1081, in _apply
    log.info('------'+posList+'+++++++')
TypeError: can only concatenate str (not "list") to str

[CRITICAL]2021-04-26 10:50:22,104: apply agv failed, count=4 cause a error: can only concatenate str (not "list") to str
pid=10288, ppid=2392, tid=6744
Traceback (most recent call last):
  File "C:\Users\Administrator\Desktop\SVN\knowledgeCity\agvCtrl\agvControl.py", line 1125, in apply
    agvId = _apply(mapId, autoLock, exclude, loc, taskId=taskId,appName=appName)
  File "C:\Users\Administrator\Desktop\SVN\knowledgeCity\common\lock.py", line 122, in _call
    return func(*p,**pp)
  File "C:\Users\Administrator\Desktop\SVN\knowledgeCity\agvCtrl\agvControl.py", line 1081, in _apply
    log.info('------'+posList+'+++++++')
TypeError: can only concatenate str (not "list") to str

[CRITICAL]2021-04-26 10:50:22,282: apply failed, count=1 cause a error: ('apply agv failed3!', 'taskId', '60862a47b53912e08788145d', 'loc', 'AP666')
pid=10288, ppid=2392, tid=6744

