[INFO]2021-04-14 15:24:14,498: log files at C:\Users\Administrator\Desktop\SVN\knowledgeCity\common\log
[INFO]2021-04-14 15:24:14,499: find module agvCtrl.main_agv
[INFO]2021-04-14 15:24:14,500: find module agvDevice.main_agvDevice
[INFO]2021-04-14 15:24:14,500: find module alarm.main_alarm
[INFO]2021-04-14 15:24:14,500: find module auth.main_auth
[INFO]2021-04-14 15:24:14,501: find module autoCtrl.main_akmCtrl
[INFO]2021-04-14 15:24:14,501: find module door.main_door
[INFO]2021-04-14 15:24:14,501: find module elevator.main_elevator
[INFO]2021-04-14 15:24:14,502: find module remoteio.main_remoteio
[INFO]2021-04-14 15:24:14,504: import agvCtrl.main_agv
[ERROR]2021-04-14 15:24:14,608: mongo db is disabled
[INFO]2021-04-14 15:24:14,881: create lock <lock name:doorMgr.lock,<unlocked _thread.RLock object owner=0 count=0 at 0x000002B100CC30F8>>
[INFO]2021-04-14 15:24:14,886: create lock <lock name:door.lock,<unlocked _thread.RLock object owner=0 count=0 at 0x000002B100CC3260>>
[INFO]2021-04-14 15:24:14,985: create lock <lock name:timer.lock_2959249443752,<unlocked _thread.RLock object owner=0 count=0 at 0x000002B100FC7C88>>
[ERROR]2021-04-14 15:24:14,998: mqtt is disabled
[INFO]2021-04-14 15:24:14,999: mqtt: subscribe [alarm/raise/+]
[INFO]2021-04-14 15:24:15,000: mqtt: subscribe [alarm/clear/+]
[INFO]2021-04-14 15:24:15,030: create lock <lock name:elevatorMgr.lock,<unlocked _thread.RLock object owner=0 count=0 at 0x000002B1011A7490>>
[WARN]2021-04-14 15:24:15,041: use mockAgvCtrl
[INFO]2021-04-14 15:24:15,044: create lock <lock name:mapMgr.lock,<unlocked _thread.RLock object owner=0 count=0 at 0x000002B17F2498F0>>
[CRITICAL]2021-04-14 15:24:15,319: import main_agv failed, path: agvCtrl cause a error: 'gbk' codec can't decode byte 0x8c in position 597: illegal multibyte sequence
pid=12212, ppid=14668, tid=16632
Traceback (most recent call last):
  File "run_all.py", line 39, in findModule
    __import__(m[1])
  File "C:\Users\Administrator\Desktop\SVN\knowledgeCity\agvCtrl\main_agv.py", line 11, in <module>
    import agvControl
  File "C:\Users\Administrator\Desktop\SVN\knowledgeCity\agvCtrl\agvControl.py", line 10, in <module>
    import agvList
  File "C:\Users\Administrator\Desktop\SVN\knowledgeCity\agvCtrl\agvList.py", line 24, in <module>
    import agvDevice.rotationApi as rotationApi
  File "..\agvDevice\rotationApi.py", line 8, in <module>
    import main_agvDevice
  File "C:\Users\Administrator\Desktop\SVN\knowledgeCity\agvDevice\main_agvDevice.py", line 12, in <module>
    import rotationMgr
  File "C:\Users\Administrator\Desktop\SVN\knowledgeCity\agvDevice\rotationMgr.py", line 52, in <module>
    g_agvType = _loadAgvType()
  File "C:\Users\Administrator\Desktop\SVN\knowledgeCity\agvDevice\rotationMgr.py", line 48, in _loadAgvType
    aa = json.load(f)
  File "C:\Python37\lib\json\__init__.py", line 293, in load
    return loads(fp.read(),
UnicodeDecodeError: 'gbk' codec can't decode byte 0x8c in position 597: illegal multibyte sequence

[CRITICAL]2021-04-14 15:24:15,325: import main_agv failed, path: agvCtrl ,cause 'gbk' codec can't decode byte 0x8c in position 597: illegal multibyte sequence
