[INFO]2021-05-20 19:42:42,495: log files at C:\Users\comba\Desktop\KLC\knowledgeCity\common\log
[INFO]2021-05-20 19:42:42,495: find module agvCtrl.main_agv
[INFO]2021-05-20 19:42:42,495: find module agvDevice.main_agvDevice
[INFO]2021-05-20 19:42:42,496: find module alarm.main_alarm
[INFO]2021-05-20 19:42:42,496: find module auth.main_auth
[INFO]2021-05-20 19:42:42,496: find module autoCtrl.main_akmCtrl
[INFO]2021-05-20 19:42:42,497: find module door.main_door
[INFO]2021-05-20 19:42:42,497: find module elevator.main_elevator
[INFO]2021-05-20 19:42:42,497: find module feed.main_feed
[INFO]2021-05-20 19:42:42,497: find module remoteio.main_remoteio
[INFO]2021-05-20 19:42:42,498: import agvCtrl.main_agv
[INFO]2021-05-20 19:42:42,720: create lock <lock name:doorMgr.lock,<unlocked _thread.RLock object owner=0 count=0 at 0x000001C891D147B0>>
[INFO]2021-05-20 19:42:42,722: create lock <lock name:door.lock,<unlocked _thread.RLock object owner=0 count=0 at 0x000001C891D14918>>
[INFO]2021-05-20 19:42:42,768: create lock <lock name:timer.lock_1960953983048,<unlocked _thread.RLock object owner=0 count=0 at 0x000001C891F5F440>>
[ERROR]2021-05-20 19:42:42,775: mqtt is disabled
[INFO]2021-05-20 19:42:42,776: mqtt: subscribe [alarm/raise/+]
[INFO]2021-05-20 19:42:42,776: mqtt: subscribe [alarm/clear/+]
[INFO]2021-05-20 19:42:45,795: Mongodb connect to 127.0.0.1 port 27017
[INFO]2021-05-20 19:42:45,879: create lock <lock name:elevatorApi.tcp_lock,<unlocked _thread.RLock object owner=0 count=0 at 0x000001C892128B48>>
[INFO]2021-05-20 19:42:45,879: create lock <lock name:elevatorApi.g_lock,<unlocked _thread.RLock object owner=0 count=0 at 0x000001C892128788>>
[INFO]2021-05-20 19:42:45,881: create lock <lock name:elevatorMgr.lock,<unlocked _thread.RLock object owner=0 count=0 at 0x000001C892128300>>
[INFO]2021-05-20 19:42:45,904: create lock <lock name:agvserver,<unlocked _thread.RLock object owner=0 count=0 at 0x000001C89223E710>>
[INFO]2021-05-20 19:42:46,068: create lock <lock name:mapMgr.lock,<unlocked _thread.RLock object owner=0 count=0 at 0x000001C8904EC198>>
[INFO]2021-05-20 19:42:46,307: create lock <lock name:agvList.g_agvLock,<unlocked _thread.RLock object owner=0 count=0 at 0x000001C8922FFDF0>>
[INFO]2021-05-20 19:42:46,312: create lock <lock name:taskList.lock,<unlocked _thread.RLock object owner=0 count=0 at 0x000001C892347EE0>>
[INFO]2021-05-20 19:42:46,359: charge policy 0 , fix time
[INFO]2021-05-20 19:42:46,386: create lock <lock name:agvApi.g_lock,<unlocked _thread.RLock object owner=0 count=0 at 0x000001C8923BB210>>
[INFO]2021-05-20 19:42:46,826: start load map C:\Users\comba\Desktop\KLC\knowledgeCity\agvCtrl\projects\knowledgeCity\comba-ZSC-3F_0419.smap
[DEBUG]2021-05-20 19:42:46,917: elevator thread start
[INFO]2021-05-20 19:42:46,935: load map C:\Users\comba\Desktop\KLC\knowledgeCity\agvCtrl\projects\knowledgeCity\comba-ZSC-3F_0419.smap ,used 116 ms
[INFO]2021-05-20 19:42:46,943: start load map C:\Users\comba\Desktop\KLC\knowledgeCity\agvCtrl\projects\knowledgeCity\comba-ZSC-F1-F3.smap
[INFO]2021-05-20 19:42:47,090: load map C:\Users\comba\Desktop\KLC\knowledgeCity\agvCtrl\projects\knowledgeCity\comba-ZSC-F1-F3.smap ,used 154 ms
[INFO]2021-05-20 19:42:47,097: start load map C:\Users\comba\Desktop\KLC\knowledgeCity\agvCtrl\projects\knowledgeCity\comba-ZXC-3F.smap
[INFO]2021-05-20 19:42:47,174: load map C:\Users\comba\Desktop\KLC\knowledgeCity\agvCtrl\projects\knowledgeCity\comba-ZXC-3F.smap ,used 83 ms
[INFO]2021-05-20 19:42:47,181: start load map C:\Users\comba\Desktop\KLC\knowledgeCity\agvCtrl\projects\knowledgeCity\comba-ZXC-F3.smap
[INFO]2021-05-20 19:42:47,230: load map C:\Users\comba\Desktop\KLC\knowledgeCity\agvCtrl\projects\knowledgeCity\comba-ZXC-F3.smap ,used 55 ms
[INFO]2021-05-20 19:42:47,237: start load map C:\Users\comba\Desktop\KLC\knowledgeCity\agvCtrl\projects\knowledgeCity\office.smap
[INFO]2021-05-20 19:42:47,271: load map C:\Users\comba\Desktop\KLC\knowledgeCity\agvCtrl\projects\knowledgeCity\office.smap ,used 40 ms
[INFO]2021-05-20 19:42:47,274: import agvDevice.main_agvDevice
[INFO]2021-05-20 19:42:47,274: import alarm.main_alarm
[INFO]2021-05-20 19:42:47,275: import auth.main_auth
[INFO]2021-05-20 19:42:47,284: import autoCtrl.main_akmCtrl
[INFO]2021-05-20 19:42:47,305: create lock <lock name:agvApi.g_lock,<unlocked _thread.RLock object owner=0 count=0 at 0x000001C8927E8E18>>
[INFO]2021-05-20 19:42:47,313: create lock <lock name:runTasks.pre_lock,<unlocked _thread.RLock object owner=0 count=0 at 0x000001C8927E8C38>>
[INFO]2021-05-20 19:42:47,346: create lock <lock name:IOAlarm.s_lock,<unlocked _thread.RLock object owner=0 count=0 at 0x000001C8927C1D50>>
[INFO]2021-05-20 19:42:47,349: create lock <lock name:mapMgr.lock,<unlocked _thread.RLock object owner=0 count=0 at 0x000001C8928AF030>>
[INFO]2021-05-20 19:42:47,419: import door.main_door
[INFO]2021-05-20 19:42:47,427: import elevator.main_elevator
[INFO]2021-05-20 19:42:47,428: import feed.main_feed
[INFO]2021-05-20 19:42:48,018: create lock <lock name:feedTask.g_lock,<unlocked _thread.RLock object owner=0 count=0 at 0x000001C8929535A8>>
[INFO]2021-05-20 19:42:48,059: import remoteio.main_remoteio
[SUCC]2021-05-20 19:42:48,097: utility start, pid=8900, ppid=1764
[DEBUG]2021-05-20 19:42:48,098: create aliveObj upStation01 远程控制IO离线异常 timeout 120
[DEBUG]2021-05-20 19:42:48,099: start timer
[DEBUG]2021-05-20 19:42:48,099: create aliveObj downStation01 远程控制IO离线异常 timeout 120
[INFO]2021-05-20 19:42:48,113: load agv file: C:\Users\comba\Desktop\KLC\knowledgeCity\agvCtrl/projects/knowledgeCity/agv.cfg
[INFO]2021-05-20 19:42:48,113: create lock <lock name:agvList.Wuliao-AGV.lock,<unlocked _thread.RLock object owner=0 count=0 at 0x000001C89388A440>>
[DEBUG]2021-05-20 19:42:48,115: create aliveObj Wuliao-AGV AGV离线异常 timeout 300
[INFO]2021-05-20 19:42:48,116: Wuliao-AGV start agvList run thread
[INFO]2021-05-20 19:42:48,117: Wuliao-AGV start agvList run2 thread
[INFO]2021-05-20 19:42:48,118: create lock <lock name:agv.Wuliao-AGV.lock_status,<unlocked _thread.RLock object owner=0 count=0 at 0x000001C89388A9B8>>
[DEBUG]2021-05-20 19:42:48,119: try connect Wuliao-AGV 172.16.217.209:19204
[INFO]2021-05-20 19:42:48,121: create lock <lock name:agvList.3F-ChaChe-AGV.lock,<unlocked _thread.RLock object owner=0 count=0 at 0x000001C89388A9E0>>
[DEBUG]2021-05-20 19:42:48,123: create aliveObj 3F-ChaChe-AGV AGV离线异常 timeout 300
[INFO]2021-05-20 19:42:48,124: 3F-ChaChe-AGV start agvList run thread
[INFO]2021-05-20 19:42:48,124: 3F-ChaChe-AGV start agvList run2 thread
[INFO]2021-05-20 19:42:48,125: create lock <lock name:agvList.Jiaju-AGV.lock,<unlocked _thread.RLock object owner=0 count=0 at 0x000001C89388AB70>>
[INFO]2021-05-20 19:42:48,125: create lock <lock name:agv.3F-ChaChe-AGV.lock_status,<unlocked _thread.RLock object owner=0 count=0 at 0x000001C89388ABC0>>
[DEBUG]2021-05-20 19:42:48,127: try connect 3F-ChaChe-AGV 172.16.217.121:19204
[DEBUG]2021-05-20 19:42:48,128: create aliveObj Jiaju-AGV AGV离线异常 timeout 300
[INFO]2021-05-20 19:42:48,129: Jiaju-AGV start agvList run thread
[INFO]2021-05-20 19:42:48,129: Jiaju-AGV start agvList run2 thread
[INFO]2021-05-20 19:42:48,129: create lock <lock name:agvList.1F-ChaChe-AGV.lock,<unlocked _thread.RLock object owner=0 count=0 at 0x000001C89388ADF0>>
[INFO]2021-05-20 19:42:48,130: create lock <lock name:agv.Jiaju-AGV.lock_status,<unlocked _thread.RLock object owner=0 count=0 at 0x000001C89388AE40>>
[DEBUG]2021-05-20 19:42:48,131: try connect Jiaju-AGV 172.16.217.211:19204
[DEBUG]2021-05-20 19:42:48,132: create aliveObj 1F-ChaChe-AGV AGV离线异常 timeout 300
[INFO]2021-05-20 19:42:48,133: 1F-ChaChe-AGV start agvList run thread
[INFO]2021-05-20 19:42:48,133: 1F-ChaChe-AGV start agvList run2 thread
[WARN]2021-05-20 19:42:48,133: Local server start! version 3.7.0, path C:\Users\comba\Desktop\KLC\knowledgeCity\common, pid 8900
[INFO]2021-05-20 19:42:48,133: create lock <lock name:agv.1F-ChaChe-AGV.lock_status,<unlocked _thread.RLock object owner=0 count=0 at 0x000001C89388A3C8>>
[INFO]2021-05-20 19:42:48,134: add_ignore: taskStatus
[DEBUG]2021-05-20 19:42:48,134: try connect 1F-ChaChe-AGV 172.16.217.213:19204
[INFO]2021-05-20 19:42:48,205: Wuliao-AGV connected 172.16.217.209 19204
[INFO]2021-05-20 19:42:48,206: create lock <lock name:agv.Wuliao-AGV.lock_ctrl,<unlocked _thread.RLock object owner=0 count=0 at 0x000001C89388A8F0>>
[DEBUG]2021-05-20 19:42:48,206: try connect Wuliao-AGV 172.16.217.209:19205
[INFO]2021-05-20 19:42:48,211: Wuliao-AGV connected 172.16.217.209 19205
[INFO]2021-05-20 19:42:48,212: create lock <lock name:agv.Wuliao-AGV.lock_task,<unlocked _thread.RLock object owner=0 count=0 at 0x000001C89130BAD0>>
[DEBUG]2021-05-20 19:42:48,213: try connect Wuliao-AGV 172.16.217.209:19206
[INFO]2021-05-20 19:42:48,221: Wuliao-AGV connected 172.16.217.209 19206
[INFO]2021-05-20 19:42:48,222: create lock <lock name:agv.Wuliao-AGV.lock_conf,<unlocked _thread.RLock object owner=0 count=0 at 0x000001C89130BA08>>
[DEBUG]2021-05-20 19:42:48,222: try connect Wuliao-AGV 172.16.217.209:19207
[INFO]2021-05-20 19:42:48,232: Wuliao-AGV connected 172.16.217.209 19207
[INFO]2021-05-20 19:42:48,233: create lock <lock name:agv.Wuliao-AGV.lock_core,<unlocked _thread.RLock object owner=0 count=0 at 0x000001C89130BB70>>
[DEBUG]2021-05-20 19:42:48,234: try connect Wuliao-AGV 172.16.217.209:19208
[INFO]2021-05-20 19:42:48,241: Wuliao-AGV connected 172.16.217.209 19208
[INFO]2021-05-20 19:42:48,241: create lock <lock name:agv.Wuliao-AGV.lock_other,<unlocked _thread.RLock object owner=0 count=0 at 0x000001C89130BB48>>
[DEBUG]2021-05-20 19:42:48,243: try connect Wuliao-AGV 172.16.217.209:19210
[INFO]2021-05-20 19:42:48,247: Wuliao-AGV connected 172.16.217.209 19210
[INFO]2021-05-20 19:42:48,268: Wuliao-AGV current map comba-ZXC-F3
[INFO]2021-05-20 19:42:48,338: Wuliao-AGV is online
[DEBUG]2021-05-20 19:42:53,123: GET: http://127.0.0.1:8999/api/agv/init?appName=akmTask addr: 127.0.0.1
[INFO]2021-05-20 19:42:53,124: akmTask init client agvApi
[DEBUG]2021-05-20 19:42:53,126: used 3ms 200 OK application/json;charset=utf-8, GET: http://127.0.0.1:8999/api/agv/init?appName=akmTask
[DEBUG]2021-05-20 19:42:56,215: GET: http://127.0.0.1:8999/api/agv/startCharge?appName=akmTask addr: 127.0.0.1
[DEBUG]2021-05-20 19:42:56,267: used 52ms 200 OK application/json;charset=utf-8, GET: http://127.0.0.1:8999/api/agv/startCharge?appName=akmTask
[WARN]2021-05-20 19:42:56,337: timer_thread[tid:6688] <locked _thread.RLock object owner=6688 count=1 at 0x000001C8927E8490> ,hold 8235 ms
[INFO]2021-05-20 19:42:56,432: name=timer_thread, pid=8900, tid=6688
[01] File "C:/Users/comba/AppData/Local/Programs/Python/Python37/lib/threading.py", line 865, in run() 
[02] File "C:/Users/comba/Desktop/KLC/knowledgeCity/common/mytimer.py", line 113, in _loop() 
[03] File "C:/Users/comba/Desktop/KLC/knowledgeCity/common/lock.py", line 124, in _call() 
[04] File "C:/Users/comba/Desktop/KLC/knowledgeCity/common/lock.py", line 102, in release() 
[05] File "C:/Users/comba/Desktop/KLC/knowledgeCity/common/enhance.py", line 268, in getTrace() 
[06] File "C:/Users/comba/Desktop/KLC/knowledgeCity/common/enhance.py", line 248, in getThreadStack()
[DEBUG]2021-05-20 19:42:57,974: send http_get: http://127.0.0.1:8999/api/remoteio/readDOList?id=upStation01
[ERROR]2021-05-20 19:42:58,134: connect Jiaju-AGV failed timed out
[ERROR]2021-05-20 19:42:58,134: connect 3F-ChaChe-AGV failed timed out
[ERROR]2021-05-20 19:42:58,140: connect 1F-ChaChe-AGV failed timed out
[DEBUG]2021-05-20 19:42:58,158: try connect Jiaju-AGV 172.16.217.211:19204
[DEBUG]2021-05-20 19:42:58,187: try connect 3F-ChaChe-AGV 172.16.217.121:19204
[DEBUG]2021-05-20 19:42:58,211: try connect 1F-ChaChe-AGV 172.16.217.213:19204
[ERROR]2021-05-20 19:43:08,289: connect Jiaju-AGV failed timed out
[ERROR]2021-05-20 19:43:08,313: connect 3F-ChaChe-AGV failed timed out
[INFO]2021-05-20 19:43:08,331: Jiaju-AGV checkLink failed 172.16.217.211 19204
[ERROR]2021-05-20 19:43:08,372: connect 1F-ChaChe-AGV failed timed out
[INFO]2021-05-20 19:43:08,378: 3F-ChaChe-AGV checkLink failed 172.16.217.121 19204
[WARN]2021-05-20 19:43:08,396: agvThread.Jiaju-AGV[tid:9240] <lock name:agv.Jiaju-AGV.lock_status,<locked _thread.RLock object owner=9240 count=1 at 0x000001C89388AE40>> ,hold 20265 ms
[INFO]2021-05-20 19:43:08,431: 1F-ChaChe-AGV checkLink failed 172.16.217.213 19204
[WARN]2021-05-20 19:43:08,461: agvThread.3F-ChaChe-AGV[tid:4732] <lock name:agv.3F-ChaChe-AGV.lock_status,<locked _thread.RLock object owner=4732 count=1 at 0x000001C89388ABC0>> ,hold 20334 ms
[WARN]2021-05-20 19:43:08,518: agvThread.1F-ChaChe-AGV[tid:5608] <lock name:agv.1F-ChaChe-AGV.lock_status,<locked _thread.RLock object owner=5608 count=1 at 0x000001C89388A3C8>> ,hold 20384 ms
[INFO]2021-05-20 19:43:08,524: name=agvThread.Jiaju-AGV, pid=8900, tid=9240
[01] File "C:/Users/comba/AppData/Local/Programs/Python/Python37/lib/threading.py", line 865, in run() 
[02] File "C:/Users/comba/Desktop/KLC/knowledgeCity/agvCtrl/agvList.py", line 566, in run() 
[03] File "../driver/seerAgv/agvCtrl.py", line 36, in checkLink() 
[04] File "../driver/seerAgv/agvApi.py", line 185, in checkLink() 
[05] File "C:/Users/comba/Desktop/KLC/knowledgeCity/common/lock.py", line 102, in release() 
[06] File "C:/Users/comba/Desktop/KLC/knowledgeCity/common/enhance.py", line 268, in getTrace() 
[07] File "C:/Users/comba/Desktop/KLC/knowledgeCity/common/enhance.py", line 248, in getThreadStack()
[INFO]2021-05-20 19:43:08,583: name=agvThread.3F-ChaChe-AGV, pid=8900, tid=4732
[01] File "C:/Users/comba/AppData/Local/Programs/Python/Python37/lib/threading.py", line 865, in run() 
[02] File "C:/Users/comba/Desktop/KLC/knowledgeCity/agvCtrl/agvList.py", line 566, in run() 
[03] File "../driver/seerAgv/agvCtrl.py", line 36, in checkLink() 
[04] File "../driver/seerAgv/agvApi.py", line 185, in checkLink() 
[05] File "C:/Users/comba/Desktop/KLC/knowledgeCity/common/lock.py", line 102, in release() 
[06] File "C:/Users/comba/Desktop/KLC/knowledgeCity/common/enhance.py", line 268, in getTrace() 
[07] File "C:/Users/comba/Desktop/KLC/knowledgeCity/common/enhance.py", line 248, in getThreadStack()
[INFO]2021-05-20 19:43:08,630: name=agvThread.1F-ChaChe-AGV, pid=8900, tid=5608
[01] File "C:/Users/comba/AppData/Local/Programs/Python/Python37/lib/threading.py", line 865, in run() 
[02] File "C:/Users/comba/Desktop/KLC/knowledgeCity/agvCtrl/agvList.py", line 566, in run() 
[03] File "../driver/seerAgv/agvCtrl.py", line 36, in checkLink() 
[04] File "../driver/seerAgv/agvApi.py", line 185, in checkLink() 
[05] File "C:/Users/comba/Desktop/KLC/knowledgeCity/common/lock.py", line 102, in release() 
[06] File "C:/Users/comba/Desktop/KLC/knowledgeCity/common/enhance.py", line 268, in getTrace() 
[07] File "C:/Users/comba/Desktop/KLC/knowledgeCity/common/enhance.py", line 248, in getThreadStack()
[DEBUG]2021-05-20 19:43:10,635: try connect Jiaju-AGV 172.16.217.211:19204
[DEBUG]2021-05-20 19:43:10,664: try connect 3F-ChaChe-AGV 172.16.217.121:19204
[DEBUG]2021-05-20 19:43:10,703: try connect 1F-ChaChe-AGV 172.16.217.213:19204
[CRITICAL]2021-05-20 19:43:13,441: upStation01 init failed cause a error: ('http get', 'http://127.0.0.1:8999/api/remoteio/readDOList', {'id': 'upStation01'}, 'error:', 'timed out')
pid=8900, ppid=1764, tid=6688
Traceback (most recent call last):
  File "C:\Users\comba\Desktop\KLC\knowledgeCity\common\webutility.py", line 103, in http_get
    f = urllib.request.urlopen(u,timeout=timeout)
  File "C:\Users\comba\AppData\Local\Programs\Python\Python37\lib\urllib\request.py", line 222, in urlopen
    return opener.open(url, data, timeout)
  File "C:\Users\comba\AppData\Local\Programs\Python\Python37\lib\urllib\request.py", line 525, in open
    response = self._open(req, data)
  File "C:\Users\comba\AppData\Local\Programs\Python\Python37\lib\urllib\request.py", line 543, in _open
    '_open', req)
  File "C:\Users\comba\AppData\Local\Programs\Python\Python37\lib\urllib\request.py", line 503, in _call_chain
    result = func(*args)
  File "C:\Users\comba\AppData\Local\Programs\Python\Python37\lib\urllib\request.py", line 1345, in http_open
    return self.do_open(http.client.HTTPConnection, req)
  File "C:\Users\comba\AppData\Local\Programs\Python\Python37\lib\urllib\request.py", line 1320, in do_open
    r = h.getresponse()
  File "C:\Users\comba\AppData\Local\Programs\Python\Python37\lib\http\client.py", line 1321, in getresponse
    response.begin()
  File "C:\Users\comba\AppData\Local\Programs\Python\Python37\lib\http\client.py", line 296, in begin
    version, status, reason = self._read_status()
  File "C:\Users\comba\AppData\Local\Programs\Python\Python37\lib\http\client.py", line 257, in _read_status
    line = str(self.fp.readline(_MAXLINE + 1), "iso-8859-1")
  File "C:\Users\comba\AppData\Local\Programs\Python\Python37\lib\socket.py", line 589, in readinto
    return self._sock.recv_into(b)
socket.timeout: timed out

During handling of the above exception, another exception occurred:

Traceback (most recent call last):
  File "C:\Users\comba\Desktop\KLC\knowledgeCity\autoCtrl\deviceCtrl.py", line 175, in _checkInit
    s = ioApi.readDOList(devices[d][ioId])["status"]
  File "..\remoteio\remoteioApi.py", line 73, in readDOList
    return _remoteio('/api/remoteio/readDOList', id, param)
  File "..\remoteio\remoteioApi.py", line 100, in _remoteio
    return http_get(url + apiurl, param)
  File "..\remoteio\remoteioApi.py", line 16, in http_get
    r = webutility.http_get(url, param)
  File "C:\Users\comba\Desktop\KLC\knowledgeCity\common\webutility.py", line 105, in http_get
    raise Exception("http get",url,params,"error:",str(e))
Exception: ('http get', 'http://127.0.0.1:8999/api/remoteio/readDOList', {'id': 'upStation01'}, 'error:', 'timed out')

[DEBUG]2021-05-20 19:43:14,485: send http_get: http://127.0.0.1:8999/api/remoteio/readDOList?id=downStation01
[CRITICAL]2021-05-20 19:43:19,443: [modbusApi: 172.16.167.221] execute fcode=1, addr=8256 exception:  cause a error: [WinError 10060] 由于连接方在一段时间后没有正确答复或连接的主机没有反应，连接尝试失败。
pid=8900, ppid=1764, tid=980
Traceback (most recent call last):
  File "C:\Users\comba\Desktop\KLC\knowledgeCity\common\modbusapi.py", line 35, in __execute
    data = self.master.execute(self.__salveId, fcode, start, quantity_of_x=num, output_value=value)
  File "C:\Users\comba\AppData\Local\Programs\Python\Python37\lib\site-packages\modbus_tk\utils.py", line 39, in new
    raise excpt
  File "C:\Users\comba\AppData\Local\Programs\Python\Python37\lib\site-packages\modbus_tk\utils.py", line 37, in new
    ret = fcn(*args, **kwargs)
  File "C:\Users\comba\AppData\Local\Programs\Python\Python37\lib\site-packages\modbus_tk\modbus.py", line 152, in execute
    self.open()
  File "C:\Users\comba\AppData\Local\Programs\Python\Python37\lib\site-packages\modbus_tk\modbus.py", line 99, in open
    self._do_open()
  File "C:\Users\comba\AppData\Local\Programs\Python\Python37\lib\site-packages\modbus_tk\modbus_tcp.py", line 173, in _do_open
    self._sock.connect((self._host, self._port))
TimeoutError: [WinError 10060] 由于连接方在一段时间后没有正确答复或连接的主机没有反应，连接尝试失败。

[WARN]2021-05-20 19:43:19,491: worker 2[tid:980] <locked _thread.RLock object owner=980 count=1 at 0x000001C8927C13F0> ,hold 21351 ms
[INFO]2021-05-20 19:43:20,164: name=worker 2, pid=8900, tid=980
[01] File "C:/Users/comba/AppData/Local/Programs/Python/Python37/lib/threading.py", line 865, in run() 
[02] File "C:/Users/comba/AppData/Local/Programs/Python/Python37/lib/site-packages/paste/httpserver.py", line 895, in worker_thread_callback() 
[03] File "C:/Users/comba/AppData/Local/Programs/Python/Python37/lib/site-packages/paste/httpserver.py", line 1069, in <lambda>() 
[04] File "C:/Users/comba/AppData/Local/Programs/Python/Python37/lib/site-packages/paste/httpserver.py", line 1085, in process_request_in_thread() 
[05] File "C:/Users/comba/AppData/Local/Programs/Python/Python37/lib/socketserver.py", line 357, in finish_request() 
[06] File "C:/Users/comba/AppData/Local/Programs/Python/Python37/lib/socketserver.py", line 717, in __init__() 
[07] File "C:/Users/comba/AppData/Local/Programs/Python/Python37/lib/site-packages/paste/httpserver.py", line 459, in handle() 
[08] File "C:/Users/comba/AppData/Local/Programs/Python/Python37/lib/http/server.py", line 426, in handle() 
[09] File "C:/Users/comba/AppData/Local/Programs/Python/Python37/lib/site-packages/paste/httpserver.py", line 454, in handle_one_request() 
[10] File "C:/Users/comba/AppData/Local/Programs/Python/Python37/lib/site-packages/paste/httpserver.py", line 304, in wsgi_execute() 
[11] File "C:/Users/comba/AppData/Local/Programs/Python/Python37/lib/site-packages/paste/translogger.py", line 69, in __call__() 
[12] File "C:/Users/comba/AppData/Local/Programs/Python/Python37/lib/site-packages/bottle.py", line 979, in __call__() 
[13] File "C:/Users/comba/AppData/Local/Programs/Python/Python37/lib/site-packages/bottle.py", line 954, in wsgi() 
[14] File "C:/Users/comba/AppData/Local/Programs/Python/Python37/lib/site-packages/bottle.py", line 862, in _handle() 
[15] File "C:/Users/comba/AppData/Local/Programs/Python/Python37/lib/site-packages/bottle.py", line 1742, in wrapper() 
[16] File "C:/Users/comba/Desktop/KLC/knowledgeCity/common/webutility.py", line 465, in _enable_cors() 
[17] File "C:/Users/comba/Desktop/KLC/knowledgeCity/common/webutility.py", line 481, in _enable_cors() 
[18] File "C:/Users/comba/Desktop/KLC/knowledgeCity/common/scadaUtility.py", line 45, in __call() 
[19] File "C:/Users/comba/Desktop/KLC/knowledgeCity/remoteio/main_remoteio.py", line 87, in urlReadDOList() 
[20] File "../remoteio/remoteioMgr.py", line 158, in readDOList() 
[21] File "../remoteio/remoteioMgr.py", line 262, in readDOList() 
[22] File "C:/Users/comba/Desktop/KLC/knowledgeCity/common/lock.py", line 124, in _call() 
[23] File "C:/Users/comba/Desktop/KLC/knowledgeCity/common/lock.py", line 102, in release() 
[24] File "C:/Users/comba/Desktop/KLC/knowledgeCity/common/enhance.py", line 268, in getTrace() 
[25] File "C:/Users/comba/Desktop/KLC/knowledgeCity/common/enhance.py", line 248, in getThreadStack()
[CRITICAL]2021-05-20 19:43:20,297: upStation01 readDIList fail cause a error: [WinError 10060] 由于连接方在一段时间后没有正确答复或连接的主机没有反应，连接尝试失败。
pid=8900, ppid=1764, tid=980
Traceback (most recent call last):
  File "..\remoteio\remoteioMgr.py", line 262, in readDOList
    return self._read(M30, IO_LENTH)
  File "C:\Users\comba\Desktop\KLC\knowledgeCity\common\lock.py", line 122, in _call
    return func(*p,**pp)
  File "..\remoteio\remoteioMgr.py", line 314, in _read
    s = self.master.read(mdef.READ_COILS,addr, length)
  File "C:\Users\comba\Desktop\KLC\knowledgeCity\common\modbusapi.py", line 45, in read
    return self.__execute(fcode, start, num)
  File "C:\Users\comba\Desktop\KLC\knowledgeCity\common\modbusapi.py", line 35, in __execute
    data = self.master.execute(self.__salveId, fcode, start, quantity_of_x=num, output_value=value)
  File "C:\Users\comba\AppData\Local\Programs\Python\Python37\lib\site-packages\modbus_tk\utils.py", line 39, in new
    raise excpt
  File "C:\Users\comba\AppData\Local\Programs\Python\Python37\lib\site-packages\modbus_tk\utils.py", line 37, in new
    ret = fcn(*args, **kwargs)
  File "C:\Users\comba\AppData\Local\Programs\Python\Python37\lib\site-packages\modbus_tk\modbus.py", line 152, in execute
    self.open()
  File "C:\Users\comba\AppData\Local\Programs\Python\Python37\lib\site-packages\modbus_tk\modbus.py", line 99, in open
    self._do_open()
  File "C:\Users\comba\AppData\Local\Programs\Python\Python37\lib\site-packages\modbus_tk\modbus_tcp.py", line 173, in _do_open
    self._sock.connect((self._host, self._port))
TimeoutError: [WinError 10060] 由于连接方在一段时间后没有正确答复或连接的主机没有反应，连接尝试失败。

[CRITICAL]2021-05-20 19:43:20,406: invoke <function urlReadDOList at 0x000001C8912D2F28> cause a error: [WinError 10060] 由于连接方在一段时间后没有正确答复或连接的主机没有反应，连接尝试失败。
pid=8900, ppid=1764, tid=980
Traceback (most recent call last):
  File "C:\Users\comba\Desktop\KLC\knowledgeCity\common\scadaUtility.py", line 45, in __call
    ret = func(*p,**pp)
  File "C:\Users\comba\Desktop\KLC\knowledgeCity\remoteio\main_remoteio.py", line 87, in urlReadDOList
    return ioMgr.readDOList(id)
  File "..\remoteio\remoteioMgr.py", line 158, in readDOList
    result=remoteioInfo.readDOList()
  File "..\remoteio\remoteioMgr.py", line 262, in readDOList
    return self._read(M30, IO_LENTH)
  File "C:\Users\comba\Desktop\KLC\knowledgeCity\common\lock.py", line 122, in _call
    return func(*p,**pp)
  File "..\remoteio\remoteioMgr.py", line 314, in _read
    s = self.master.read(mdef.READ_COILS,addr, length)
  File "C:\Users\comba\Desktop\KLC\knowledgeCity\common\modbusapi.py", line 45, in read
    return self.__execute(fcode, start, num)
  File "C:\Users\comba\Desktop\KLC\knowledgeCity\common\modbusapi.py", line 35, in __execute
    data = self.master.execute(self.__salveId, fcode, start, quantity_of_x=num, output_value=value)
  File "C:\Users\comba\AppData\Local\Programs\Python\Python37\lib\site-packages\modbus_tk\utils.py", line 39, in new
    raise excpt
  File "C:\Users\comba\AppData\Local\Programs\Python\Python37\lib\site-packages\modbus_tk\utils.py", line 37, in new
    ret = fcn(*args, **kwargs)
  File "C:\Users\comba\AppData\Local\Programs\Python\Python37\lib\site-packages\modbus_tk\modbus.py", line 152, in execute
    self.open()
  File "C:\Users\comba\AppData\Local\Programs\Python\Python37\lib\site-packages\modbus_tk\modbus.py", line 99, in open
    self._do_open()
  File "C:\Users\comba\AppData\Local\Programs\Python\Python37\lib\site-packages\modbus_tk\modbus_tcp.py", line 173, in _do_open
    self._sock.connect((self._host, self._port))
TimeoutError: [WinError 10060] 由于连接方在一段时间后没有正确答复或连接的主机没有反应，连接尝试失败。

[ERROR]2021-05-20 19:43:20,674: connect Jiaju-AGV failed timed out
[INFO]2021-05-20 19:43:20,710: Jiaju-AGV checkLink failed 172.16.217.211 19204
[ERROR]2021-05-20 19:43:20,716: connect 3F-ChaChe-AGV failed timed out
[ERROR]2021-05-20 19:43:20,756: connect 1F-ChaChe-AGV failed timed out
[WARN]2021-05-20 19:43:20,774: agvThread.Jiaju-AGV[tid:9240] <lock name:agv.Jiaju-AGV.lock_status,<locked _thread.RLock object owner=9240 count=1 at 0x000001C89388AE40>> ,hold 10139 ms
[INFO]2021-05-20 19:43:20,798: 3F-ChaChe-AGV checkLink failed 172.16.217.121 19204
[INFO]2021-05-20 19:43:20,821: 1F-ChaChe-AGV checkLink failed 172.16.217.213 19204
[WARN]2021-05-20 19:43:20,880: agvThread.3F-ChaChe-AGV[tid:4732] <lock name:agv.3F-ChaChe-AGV.lock_status,<locked _thread.RLock object owner=4732 count=1 at 0x000001C89388ABC0>> ,hold 10216 ms
[INFO]2021-05-20 19:43:20,903: name=agvThread.Jiaju-AGV, pid=8900, tid=9240
[01] File "C:/Users/comba/AppData/Local/Programs/Python/Python37/lib/threading.py", line 865, in run() 
[02] File "C:/Users/comba/Desktop/KLC/knowledgeCity/agvCtrl/agvList.py", line 566, in run() 
[03] File "../driver/seerAgv/agvCtrl.py", line 36, in checkLink() 
[04] File "../driver/seerAgv/agvApi.py", line 185, in checkLink() 
[05] File "C:/Users/comba/Desktop/KLC/knowledgeCity/common/lock.py", line 102, in release() 
[06] File "C:/Users/comba/Desktop/KLC/knowledgeCity/common/enhance.py", line 268, in getTrace() 
[07] File "C:/Users/comba/Desktop/KLC/knowledgeCity/common/enhance.py", line 248, in getThreadStack()
[WARN]2021-05-20 19:43:20,909: agvThread.1F-ChaChe-AGV[tid:5608] <lock name:agv.1F-ChaChe-AGV.lock_status,<locked _thread.RLock object owner=5608 count=1 at 0x000001C89388A3C8>> ,hold 10206 ms
[INFO]2021-05-20 19:43:20,987: name=agvThread.3F-ChaChe-AGV, pid=8900, tid=4732
[01] File "C:/Users/comba/AppData/Local/Programs/Python/Python37/lib/threading.py", line 865, in run() 
[02] File "C:/Users/comba/Desktop/KLC/knowledgeCity/agvCtrl/agvList.py", line 566, in run() 
[03] File "../driver/seerAgv/agvCtrl.py", line 36, in checkLink() 
[04] File "../driver/seerAgv/agvApi.py", line 185, in checkLink() 
[05] File "C:/Users/comba/Desktop/KLC/knowledgeCity/common/lock.py", line 102, in release() 
[06] File "C:/Users/comba/Desktop/KLC/knowledgeCity/common/enhance.py", line 268, in getTrace() 
[07] File "C:/Users/comba/Desktop/KLC/knowledgeCity/common/enhance.py", line 248, in getThreadStack()
[INFO]2021-05-20 19:43:21,136: name=agvThread.1F-ChaChe-AGV, pid=8900, tid=5608
[01] File "C:/Users/comba/AppData/Local/Programs/Python/Python37/lib/threading.py", line 865, in run() 
[02] File "C:/Users/comba/Desktop/KLC/knowledgeCity/agvCtrl/agvList.py", line 566, in run() 
[03] File "../driver/seerAgv/agvCtrl.py", line 36, in checkLink() 
[04] File "../driver/seerAgv/agvApi.py", line 185, in checkLink() 
[05] File "C:/Users/comba/Desktop/KLC/knowledgeCity/common/lock.py", line 102, in release() 
[06] File "C:/Users/comba/Desktop/KLC/knowledgeCity/common/enhance.py", line 268, in getTrace() 
[07] File "C:/Users/comba/Desktop/KLC/knowledgeCity/common/enhance.py", line 248, in getThreadStack()
[DEBUG]2021-05-20 19:43:22,999: try connect Jiaju-AGV 172.16.217.211:19204
[DEBUG]2021-05-20 19:43:23,129: try connect 3F-ChaChe-AGV 172.16.217.121:19204
[DEBUG]2021-05-20 19:43:23,182: try connect 1F-ChaChe-AGV 172.16.217.213:19204
[CRITICAL]2021-05-20 19:43:29,631: downStation01 init failed cause a error: ('http get', 'http://127.0.0.1:8999/api/remoteio/readDOList', {'id': 'downStation01'}, 'error:', 'timed out')
pid=8900, ppid=1764, tid=6688
Traceback (most recent call last):
  File "C:\Users\comba\Desktop\KLC\knowledgeCity\common\webutility.py", line 103, in http_get
    f = urllib.request.urlopen(u,timeout=timeout)
  File "C:\Users\comba\AppData\Local\Programs\Python\Python37\lib\urllib\request.py", line 222, in urlopen
    return opener.open(url, data, timeout)
  File "C:\Users\comba\AppData\Local\Programs\Python\Python37\lib\urllib\request.py", line 525, in open
    response = self._open(req, data)
  File "C:\Users\comba\AppData\Local\Programs\Python\Python37\lib\urllib\request.py", line 543, in _open
    '_open', req)
  File "C:\Users\comba\AppData\Local\Programs\Python\Python37\lib\urllib\request.py", line 503, in _call_chain
    result = func(*args)
  File "C:\Users\comba\AppData\Local\Programs\Python\Python37\lib\urllib\request.py", line 1345, in http_open
    return self.do_open(http.client.HTTPConnection, req)
  File "C:\Users\comba\AppData\Local\Programs\Python\Python37\lib\urllib\request.py", line 1320, in do_open
    r = h.getresponse()
  File "C:\Users\comba\AppData\Local\Programs\Python\Python37\lib\http\client.py", line 1321, in getresponse
    response.begin()
  File "C:\Users\comba\AppData\Local\Programs\Python\Python37\lib\http\client.py", line 296, in begin
    version, status, reason = self._read_status()
  File "C:\Users\comba\AppData\Local\Programs\Python\Python37\lib\http\client.py", line 257, in _read_status
    line = str(self.fp.readline(_MAXLINE + 1), "iso-8859-1")
  File "C:\Users\comba\AppData\Local\Programs\Python\Python37\lib\socket.py", line 589, in readinto
    return self._sock.recv_into(b)
socket.timeout: timed out

During handling of the above exception, another exception occurred:

Traceback (most recent call last):
  File "C:\Users\comba\Desktop\KLC\knowledgeCity\autoCtrl\deviceCtrl.py", line 175, in _checkInit
    s = ioApi.readDOList(devices[d][ioId])["status"]
  File "..\remoteio\remoteioApi.py", line 73, in readDOList
    return _remoteio('/api/remoteio/readDOList', id, param)
  File "..\remoteio\remoteioApi.py", line 100, in _remoteio
    return http_get(url + apiurl, param)
  File "..\remoteio\remoteioApi.py", line 16, in http_get
    r = webutility.http_get(url, param)
  File "C:\Users\comba\Desktop\KLC\knowledgeCity\common\webutility.py", line 105, in http_get
    raise Exception("http get",url,params,"error:",str(e))
Exception: ('http get', 'http://127.0.0.1:8999/api/remoteio/readDOList', {'id': 'downStation01'}, 'error:', 'timed out')

[INFO]2021-05-20 19:43:30,711: init IO success
[DEBUG]2021-05-20 19:43:30,747: send http_get: http://127.0.0.1:8999/api/remoteio/readDOList?id=upStation01
[ERROR]2021-05-20 19:43:33,091: connect Jiaju-AGV failed timed out
[INFO]2021-05-20 19:43:33,114: Jiaju-AGV checkLink failed 172.16.217.211 19204
[WARN]2021-05-20 19:43:33,162: agvThread.Jiaju-AGV[tid:9240] <lock name:agv.Jiaju-AGV.lock_status,<locked _thread.RLock object owner=9240 count=1 at 0x000001C89388AE40>> ,hold 10163 ms
[ERROR]2021-05-20 19:43:33,180: connect 3F-ChaChe-AGV failed timed out
[ERROR]2021-05-20 19:43:33,249: connect 1F-ChaChe-AGV failed timed out
[INFO]2021-05-20 19:43:33,255: name=agvThread.Jiaju-AGV, pid=8900, tid=9240
[01] File "C:/Users/comba/AppData/Local/Programs/Python/Python37/lib/threading.py", line 865, in run() 
[02] File "C:/Users/comba/Desktop/KLC/knowledgeCity/agvCtrl/agvList.py", line 566, in run() 
[03] File "../driver/seerAgv/agvCtrl.py", line 36, in checkLink() 
[04] File "../driver/seerAgv/agvApi.py", line 185, in checkLink() 
[05] File "C:/Users/comba/Desktop/KLC/knowledgeCity/common/lock.py", line 102, in release() 
[06] File "C:/Users/comba/Desktop/KLC/knowledgeCity/common/enhance.py", line 268, in getTrace() 
[07] File "C:/Users/comba/Desktop/KLC/knowledgeCity/common/enhance.py", line 248, in getThreadStack()
[INFO]2021-05-20 19:43:33,284: 3F-ChaChe-AGV checkLink failed 172.16.217.121 19204
[INFO]2021-05-20 19:43:33,343: 1F-ChaChe-AGV checkLink failed 172.16.217.213 19204
[WARN]2021-05-20 19:43:33,420: agvThread.3F-ChaChe-AGV[tid:4732] <lock name:agv.3F-ChaChe-AGV.lock_status,<locked _thread.RLock object owner=4732 count=1 at 0x000001C89388ABC0>> ,hold 10291 ms
[WARN]2021-05-20 19:43:33,510: agvThread.1F-ChaChe-AGV[tid:5608] <lock name:agv.1F-ChaChe-AGV.lock_status,<locked _thread.RLock object owner=5608 count=1 at 0x000001C89388A3C8>> ,hold 10328 ms
[INFO]2021-05-20 19:43:33,693: name=agvThread.3F-ChaChe-AGV, pid=8900, tid=4732
[01] File "C:/Users/comba/AppData/Local/Programs/Python/Python37/lib/threading.py", line 865, in run() 
[02] File "C:/Users/comba/Desktop/KLC/knowledgeCity/agvCtrl/agvList.py", line 566, in run() 
[03] File "../driver/seerAgv/agvCtrl.py", line 36, in checkLink() 
[04] File "../driver/seerAgv/agvApi.py", line 185, in checkLink() 
[05] File "C:/Users/comba/Desktop/KLC/knowledgeCity/common/lock.py", line 102, in release() 
[06] File "C:/Users/comba/Desktop/KLC/knowledgeCity/common/enhance.py", line 268, in getTrace() 
[07] File "C:/Users/comba/Desktop/KLC/knowledgeCity/common/enhance.py", line 248, in getThreadStack()
[INFO]2021-05-20 19:43:33,711: name=agvThread.1F-ChaChe-AGV, pid=8900, tid=5608
[01] File "C:/Users/comba/AppData/Local/Programs/Python/Python37/lib/threading.py", line 865, in run() 
[02] File "C:/Users/comba/Desktop/KLC/knowledgeCity/agvCtrl/agvList.py", line 566, in run() 
[03] File "../driver/seerAgv/agvCtrl.py", line 36, in checkLink() 
[04] File "../driver/seerAgv/agvApi.py", line 185, in checkLink() 
[05] File "C:/Users/comba/Desktop/KLC/knowledgeCity/common/lock.py", line 102, in release() 
[06] File "C:/Users/comba/Desktop/KLC/knowledgeCity/common/enhance.py", line 268, in getTrace() 
[07] File "C:/Users/comba/Desktop/KLC/knowledgeCity/common/enhance.py", line 248, in getThreadStack()
[DEBUG]2021-05-20 19:43:35,430: try connect Jiaju-AGV 172.16.217.211:19204
[DEBUG]2021-05-20 19:43:35,768: try connect 3F-ChaChe-AGV 172.16.217.121:19204
[DEBUG]2021-05-20 19:43:35,833: try connect 1F-ChaChe-AGV 172.16.217.213:19204
[CRITICAL]2021-05-20 19:43:40,227: [modbusApi: 172.16.167.220] execute fcode=1, addr=8256 exception:  cause a error: [WinError 10060] 由于连接方在一段时间后没有正确答复或连接的主机没有反应，连接尝试失败。
pid=8900, ppid=1764, tid=9412
Traceback (most recent call last):
  File "C:\Users\comba\Desktop\KLC\knowledgeCity\common\modbusapi.py", line 35, in __execute
    data = self.master.execute(self.__salveId, fcode, start, quantity_of_x=num, output_value=value)
  File "C:\Users\comba\AppData\Local\Programs\Python\Python37\lib\site-packages\modbus_tk\utils.py", line 39, in new
    raise excpt
  File "C:\Users\comba\AppData\Local\Programs\Python\Python37\lib\site-packages\modbus_tk\utils.py", line 37, in new
    ret = fcn(*args, **kwargs)
  File "C:\Users\comba\AppData\Local\Programs\Python\Python37\lib\site-packages\modbus_tk\modbus.py", line 152, in execute
    self.open()
  File "C:\Users\comba\AppData\Local\Programs\Python\Python37\lib\site-packages\modbus_tk\modbus.py", line 99, in open
    self._do_open()
  File "C:\Users\comba\AppData\Local\Programs\Python\Python37\lib\site-packages\modbus_tk\modbus_tcp.py", line 173, in _do_open
    self._sock.connect((self._host, self._port))
TimeoutError: [WinError 10060] 由于连接方在一段时间后没有正确答复或连接的主机没有反应，连接尝试失败。

[WARN]2021-05-20 19:43:40,251: worker 3[tid:9412] <locked _thread.RLock object owner=9412 count=1 at 0x000001C8927C1350> ,hold 25653 ms
[INFO]2021-05-20 19:43:40,370: name=worker 3, pid=8900, tid=9412
[01] File "C:/Users/comba/AppData/Local/Programs/Python/Python37/lib/threading.py", line 865, in run() 
[02] File "C:/Users/comba/AppData/Local/Programs/Python/Python37/lib/site-packages/paste/httpserver.py", line 895, in worker_thread_callback() 
[03] File "C:/Users/comba/AppData/Local/Programs/Python/Python37/lib/site-packages/paste/httpserver.py", line 1069, in <lambda>() 
[04] File "C:/Users/comba/AppData/Local/Programs/Python/Python37/lib/site-packages/paste/httpserver.py", line 1085, in process_request_in_thread() 
[05] File "C:/Users/comba/AppData/Local/Programs/Python/Python37/lib/socketserver.py", line 357, in finish_request() 
[06] File "C:/Users/comba/AppData/Local/Programs/Python/Python37/lib/socketserver.py", line 717, in __init__() 
[07] File "C:/Users/comba/AppData/Local/Programs/Python/Python37/lib/site-packages/paste/httpserver.py", line 459, in handle() 
[08] File "C:/Users/comba/AppData/Local/Programs/Python/Python37/lib/http/server.py", line 426, in handle() 
[09] File "C:/Users/comba/AppData/Local/Programs/Python/Python37/lib/site-packages/paste/httpserver.py", line 454, in handle_one_request() 
[10] File "C:/Users/comba/AppData/Local/Programs/Python/Python37/lib/site-packages/paste/httpserver.py", line 304, in wsgi_execute() 
[11] File "C:/Users/comba/AppData/Local/Programs/Python/Python37/lib/site-packages/paste/translogger.py", line 69, in __call__() 
[12] File "C:/Users/comba/AppData/Local/Programs/Python/Python37/lib/site-packages/bottle.py", line 979, in __call__() 
[13] File "C:/Users/comba/AppData/Local/Programs/Python/Python37/lib/site-packages/bottle.py", line 954, in wsgi() 
[14] File "C:/Users/comba/AppData/Local/Programs/Python/Python37/lib/site-packages/bottle.py", line 862, in _handle() 
[15] File "C:/Users/comba/AppData/Local/Programs/Python/Python37/lib/site-packages/bottle.py", line 1742, in wrapper() 
[16] File "C:/Users/comba/Desktop/KLC/knowledgeCity/common/webutility.py", line 465, in _enable_cors() 
[17] File "C:/Users/comba/Desktop/KLC/knowledgeCity/common/webutility.py", line 481, in _enable_cors() 
[18] File "C:/Users/comba/Desktop/KLC/knowledgeCity/common/scadaUtility.py", line 45, in __call() 
[19] File "C:/Users/comba/Desktop/KLC/knowledgeCity/remoteio/main_remoteio.py", line 87, in urlReadDOList() 
[20] File "../remoteio/remoteioMgr.py", line 158, in readDOList() 
[21] File "../remoteio/remoteioMgr.py", line 262, in readDOList() 
[22] File "C:/Users/comba/Desktop/KLC/knowledgeCity/common/lock.py", line 124, in _call() 
[23] File "C:/Users/comba/Desktop/KLC/knowledgeCity/common/lock.py", line 102, in release() 
[24] File "C:/Users/comba/Desktop/KLC/knowledgeCity/common/enhance.py", line 268, in getTrace() 
[25] File "C:/Users/comba/Desktop/KLC/knowledgeCity/common/enhance.py", line 248, in getThreadStack()
[CRITICAL]2021-05-20 19:43:40,473: downStation01 readDIList fail cause a error: [WinError 10060] 由于连接方在一段时间后没有正确答复或连接的主机没有反应，连接尝试失败。
pid=8900, ppid=1764, tid=9412
Traceback (most recent call last):
  File "..\remoteio\remoteioMgr.py", line 262, in readDOList
    return self._read(M30, IO_LENTH)
  File "C:\Users\comba\Desktop\KLC\knowledgeCity\common\lock.py", line 122, in _call
    return func(*p,**pp)
  File "..\remoteio\remoteioMgr.py", line 314, in _read
    s = self.master.read(mdef.READ_COILS,addr, length)
  File "C:\Users\comba\Desktop\KLC\knowledgeCity\common\modbusapi.py", line 45, in read
    return self.__execute(fcode, start, num)
  File "C:\Users\comba\Desktop\KLC\knowledgeCity\common\modbusapi.py", line 35, in __execute
    data = self.master.execute(self.__salveId, fcode, start, quantity_of_x=num, output_value=value)
  File "C:\Users\comba\AppData\Local\Programs\Python\Python37\lib\site-packages\modbus_tk\utils.py", line 39, in new
    raise excpt
  File "C:\Users\comba\AppData\Local\Programs\Python\Python37\lib\site-packages\modbus_tk\utils.py", line 37, in new
    ret = fcn(*args, **kwargs)
  File "C:\Users\comba\AppData\Local\Programs\Python\Python37\lib\site-packages\modbus_tk\modbus.py", line 152, in execute
    self.open()
  File "C:\Users\comba\AppData\Local\Programs\Python\Python37\lib\site-packages\modbus_tk\modbus.py", line 99, in open
    self._do_open()
  File "C:\Users\comba\AppData\Local\Programs\Python\Python37\lib\site-packages\modbus_tk\modbus_tcp.py", line 173, in _do_open
    self._sock.connect((self._host, self._port))
TimeoutError: [WinError 10060] 由于连接方在一段时间后没有正确答复或连接的主机没有反应，连接尝试失败。

[CRITICAL]2021-05-20 19:43:40,594: invoke <function urlReadDOList at 0x000001C8912D2F28> cause a error: [WinError 10060] 由于连接方在一段时间后没有正确答复或连接的主机没有反应，连接尝试失败。
pid=8900, ppid=1764, tid=9412
Traceback (most recent call last):
  File "C:\Users\comba\Desktop\KLC\knowledgeCity\common\scadaUtility.py", line 45, in __call
    ret = func(*p,**pp)
  File "C:\Users\comba\Desktop\KLC\knowledgeCity\remoteio\main_remoteio.py", line 87, in urlReadDOList
    return ioMgr.readDOList(id)
  File "..\remoteio\remoteioMgr.py", line 158, in readDOList
    result=remoteioInfo.readDOList()
  File "..\remoteio\remoteioMgr.py", line 262, in readDOList
    return self._read(M30, IO_LENTH)
  File "C:\Users\comba\Desktop\KLC\knowledgeCity\common\lock.py", line 122, in _call
    return func(*p,**pp)
  File "..\remoteio\remoteioMgr.py", line 314, in _read
    s = self.master.read(mdef.READ_COILS,addr, length)
  File "C:\Users\comba\Desktop\KLC\knowledgeCity\common\modbusapi.py", line 45, in read
    return self.__execute(fcode, start, num)
  File "C:\Users\comba\Desktop\KLC\knowledgeCity\common\modbusapi.py", line 35, in __execute
    data = self.master.execute(self.__salveId, fcode, start, quantity_of_x=num, output_value=value)
  File "C:\Users\comba\AppData\Local\Programs\Python\Python37\lib\site-packages\modbus_tk\utils.py", line 39, in new
    raise excpt
  File "C:\Users\comba\AppData\Local\Programs\Python\Python37\lib\site-packages\modbus_tk\utils.py", line 37, in new
    ret = fcn(*args, **kwargs)
  File "C:\Users\comba\AppData\Local\Programs\Python\Python37\lib\site-packages\modbus_tk\modbus.py", line 152, in execute
    self.open()
  File "C:\Users\comba\AppData\Local\Programs\Python\Python37\lib\site-packages\modbus_tk\modbus.py", line 99, in open
    self._do_open()
  File "C:\Users\comba\AppData\Local\Programs\Python\Python37\lib\site-packages\modbus_tk\modbus_tcp.py", line 173, in _do_open
    self._sock.connect((self._host, self._port))
TimeoutError: [WinError 10060] 由于连接方在一段时间后没有正确答复或连接的主机没有反应，连接尝试失败。

[ERROR]2021-05-20 19:43:45,482: connect Jiaju-AGV failed timed out
[INFO]2021-05-20 19:43:45,513: Jiaju-AGV checkLink failed 172.16.217.211 19204
[WARN]2021-05-20 19:43:45,536: agvThread.Jiaju-AGV[tid:9240] <lock name:agv.Jiaju-AGV.lock_status,<locked _thread.RLock object owner=9240 count=1 at 0x000001C89388AE40>> ,hold 10106 ms
[INFO]2021-05-20 19:43:45,590: name=agvThread.Jiaju-AGV, pid=8900, tid=9240
[01] File "C:/Users/comba/AppData/Local/Programs/Python/Python37/lib/threading.py", line 865, in run() 
[02] File "C:/Users/comba/Desktop/KLC/knowledgeCity/agvCtrl/agvList.py", line 566, in run() 
[03] File "../driver/seerAgv/agvCtrl.py", line 36, in checkLink() 
[04] File "../driver/seerAgv/agvApi.py", line 185, in checkLink() 
[05] File "C:/Users/comba/Desktop/KLC/knowledgeCity/common/lock.py", line 102, in release() 
[06] File "C:/Users/comba/Desktop/KLC/knowledgeCity/common/enhance.py", line 268, in getTrace() 
[07] File "C:/Users/comba/Desktop/KLC/knowledgeCity/common/enhance.py", line 248, in getThreadStack()
[ERROR]2021-05-20 19:43:45,835: connect 3F-ChaChe-AGV failed timed out
[CRITICAL]2021-05-20 19:43:45,865: readDIList error cause a error: ('http get', 'http://127.0.0.1:8999/api/remoteio/readDOList', {'id': 'upStation01'}, 'error:', 'timed out')
pid=8900, ppid=1764, tid=6688
Traceback (most recent call last):
  File "C:\Users\comba\Desktop\KLC\knowledgeCity\common\webutility.py", line 103, in http_get
    f = urllib.request.urlopen(u,timeout=timeout)
  File "C:\Users\comba\AppData\Local\Programs\Python\Python37\lib\urllib\request.py", line 222, in urlopen
    return opener.open(url, data, timeout)
  File "C:\Users\comba\AppData\Local\Programs\Python\Python37\lib\urllib\request.py", line 525, in open
    response = self._open(req, data)
  File "C:\Users\comba\AppData\Local\Programs\Python\Python37\lib\urllib\request.py", line 543, in _open
    '_open', req)
  File "C:\Users\comba\AppData\Local\Programs\Python\Python37\lib\urllib\request.py", line 503, in _call_chain
    result = func(*args)
  File "C:\Users\comba\AppData\Local\Programs\Python\Python37\lib\urllib\request.py", line 1345, in http_open
    return self.do_open(http.client.HTTPConnection, req)
  File "C:\Users\comba\AppData\Local\Programs\Python\Python37\lib\urllib\request.py", line 1320, in do_open
    r = h.getresponse()
  File "C:\Users\comba\AppData\Local\Programs\Python\Python37\lib\http\client.py", line 1321, in getresponse
    response.begin()
  File "C:\Users\comba\AppData\Local\Programs\Python\Python37\lib\http\client.py", line 296, in begin
    version, status, reason = self._read_status()
  File "C:\Users\comba\AppData\Local\Programs\Python\Python37\lib\http\client.py", line 257, in _read_status
    line = str(self.fp.readline(_MAXLINE + 1), "iso-8859-1")
  File "C:\Users\comba\AppData\Local\Programs\Python\Python37\lib\socket.py", line 589, in readinto
    return self._sock.recv_into(b)
socket.timeout: timed out

During handling of the above exception, another exception occurred:

Traceback (most recent call last):
  File "C:\Users\comba\Desktop\KLC\knowledgeCity\autoCtrl\deviceCtrl.py", line 71, in _monitorDevices
    s1 = ioApi.readDOList(devices[d]["io1"])["status"] #上板机
  File "..\remoteio\remoteioApi.py", line 73, in readDOList
    return _remoteio('/api/remoteio/readDOList', id, param)
  File "..\remoteio\remoteioApi.py", line 100, in _remoteio
    return http_get(url + apiurl, param)
  File "..\remoteio\remoteioApi.py", line 16, in http_get
    r = webutility.http_get(url, param)
  File "C:\Users\comba\Desktop\KLC\knowledgeCity\common\webutility.py", line 105, in http_get
    raise Exception("http get",url,params,"error:",str(e))
Exception: ('http get', 'http://127.0.0.1:8999/api/remoteio/readDOList', {'id': 'upStation01'}, 'error:', 'timed out')

[ERROR]2021-05-20 19:43:45,871: connect 1F-ChaChe-AGV failed timed out
[INFO]2021-05-20 19:43:45,877: 3F-ChaChe-AGV checkLink failed 172.16.217.121 19204
[INFO]2021-05-20 19:43:45,988: 1F-ChaChe-AGV checkLink failed 172.16.217.213 19204
[WARN]2021-05-20 19:43:46,012: agvThread.3F-ChaChe-AGV[tid:4732] <lock name:agv.3F-ChaChe-AGV.lock_status,<locked _thread.RLock object owner=4732 count=1 at 0x000001C89388ABC0>> ,hold 10244 ms
[WARN]2021-05-20 19:43:46,065: agvThread.1F-ChaChe-AGV[tid:5608] <lock name:agv.1F-ChaChe-AGV.lock_status,<locked _thread.RLock object owner=5608 count=1 at 0x000001C89388A3C8>> ,hold 10232 ms
[INFO]2021-05-20 19:43:46,149: name=agvThread.3F-ChaChe-AGV, pid=8900, tid=4732
[01] File "C:/Users/comba/AppData/Local/Programs/Python/Python37/lib/threading.py", line 865, in run() 
[02] File "C:/Users/comba/Desktop/KLC/knowledgeCity/agvCtrl/agvList.py", line 566, in run() 
[03] File "../driver/seerAgv/agvCtrl.py", line 36, in checkLink() 
[04] File "../driver/seerAgv/agvApi.py", line 185, in checkLink() 
[05] File "C:/Users/comba/Desktop/KLC/knowledgeCity/common/lock.py", line 102, in release() 
[06] File "C:/Users/comba/Desktop/KLC/knowledgeCity/common/enhance.py", line 268, in getTrace() 
[07] File "C:/Users/comba/Desktop/KLC/knowledgeCity/common/enhance.py", line 248, in getThreadStack()
[INFO]2021-05-20 19:43:46,202: name=agvThread.1F-ChaChe-AGV, pid=8900, tid=5608
[01] File "C:/Users/comba/AppData/Local/Programs/Python/Python37/lib/threading.py", line 865, in run() 
[02] File "C:/Users/comba/Desktop/KLC/knowledgeCity/agvCtrl/agvList.py", line 566, in run() 
[03] File "../driver/seerAgv/agvCtrl.py", line 36, in checkLink() 
[04] File "../driver/seerAgv/agvApi.py", line 185, in checkLink() 
[05] File "C:/Users/comba/Desktop/KLC/knowledgeCity/common/lock.py", line 102, in release() 
[06] File "C:/Users/comba/Desktop/KLC/knowledgeCity/common/enhance.py", line 268, in getTrace() 
[07] File "C:/Users/comba/Desktop/KLC/knowledgeCity/common/enhance.py", line 248, in getThreadStack()
[INFO]2021-05-20 19:43:47,000: remoteio is alarm: []
[WARN]2021-05-20 19:43:47,324: clear alarm obj=3F-ChaChe-AGV, typeId=49999, id=60a642a6af163551e4b52149
[WARN]2021-05-20 19:43:47,434: clear alarm obj=Jiaju-AGV, typeId=49999, id=60a64351af163551e4b524e5
[WARN]2021-05-20 19:43:47,552: clear alarm obj=1F-ChaChe-AGV, typeId=49999, id=60a642a6af163551e4b5214b
[DEBUG]2021-05-20 19:43:47,658: try connect Jiaju-AGV 172.16.217.211:19204
[DEBUG]2021-05-20 19:43:48,186: try connect 3F-ChaChe-AGV 172.16.217.121:19204
[DEBUG]2021-05-20 19:43:48,234: try connect 1F-ChaChe-AGV 172.16.217.213:19204
[DEBUG]2021-05-20 19:43:48,684: send http_get: http://127.0.0.1:8999/api/remoteio/readDOList?id=upStation01
[WARN]2021-05-20 19:43:51,862: worker 4[tid:7844] <locked _thread.RLock object owner=7844 count=1 at 0x000001C8927C13F0> ,hold 21025 ms
[INFO]2021-05-20 19:43:51,992: name=worker 4, pid=8900, tid=7844
[01] File "C:/Users/comba/AppData/Local/Programs/Python/Python37/lib/threading.py", line 865, in run() 
[02] File "C:/Users/comba/AppData/Local/Programs/Python/Python37/lib/site-packages/paste/httpserver.py", line 895, in worker_thread_callback() 
[03] File "C:/Users/comba/AppData/Local/Programs/Python/Python37/lib/site-packages/paste/httpserver.py", line 1069, in <lambda>() 
[04] File "C:/Users/comba/AppData/Local/Programs/Python/Python37/lib/site-packages/paste/httpserver.py", line 1085, in process_request_in_thread() 
[05] File "C:/Users/comba/AppData/Local/Programs/Python/Python37/lib/socketserver.py", line 357, in finish_request() 
[06] File "C:/Users/comba/AppData/Local/Programs/Python/Python37/lib/socketserver.py", line 717, in __init__() 
[07] File "C:/Users/comba/AppData/Local/Programs/Python/Python37/lib/site-packages/paste/httpserver.py", line 459, in handle() 
[08] File "C:/Users/comba/AppData/Local/Programs/Python/Python37/lib/http/server.py", line 426, in handle() 
[09] File "C:/Users/comba/AppData/Local/Programs/Python/Python37/lib/site-packages/paste/httpserver.py", line 454, in handle_one_request() 
[10] File "C:/Users/comba/AppData/Local/Programs/Python/Python37/lib/site-packages/paste/httpserver.py", line 304, in wsgi_execute() 
[11] File "C:/Users/comba/AppData/Local/Programs/Python/Python37/lib/site-packages/paste/translogger.py", line 69, in __call__() 
[12] File "C:/Users/comba/AppData/Local/Programs/Python/Python37/lib/site-packages/bottle.py", line 979, in __call__() 
[13] File "C:/Users/comba/AppData/Local/Programs/Python/Python37/lib/site-packages/bottle.py", line 954, in wsgi() 
[14] File "C:/Users/comba/AppData/Local/Programs/Python/Python37/lib/site-packages/bottle.py", line 862, in _handle() 
[15] File "C:/Users/comba/AppData/Local/Programs/Python/Python37/lib/site-packages/bottle.py", line 1742, in wrapper() 
[16] File "C:/Users/comba/Desktop/KLC/knowledgeCity/common/webutility.py", line 465, in _enable_cors() 
[17] File "C:/Users/comba/Desktop/KLC/knowledgeCity/common/webutility.py", line 481, in _enable_cors() 
[18] File "C:/Users/comba/Desktop/KLC/knowledgeCity/common/scadaUtility.py", line 45, in __call() 
[19] File "C:/Users/comba/Desktop/KLC/knowledgeCity/remoteio/main_remoteio.py", line 87, in urlReadDOList() 
[20] File "../remoteio/remoteioMgr.py", line 158, in readDOList() 
[21] File "../remoteio/remoteioMgr.py", line 262, in readDOList() 
[22] File "C:/Users/comba/Desktop/KLC/knowledgeCity/common/lock.py", line 124, in _call() 
[23] File "C:/Users/comba/Desktop/KLC/knowledgeCity/common/lock.py", line 102, in release() 
[24] File "C:/Users/comba/Desktop/KLC/knowledgeCity/common/enhance.py", line 268, in getTrace() 
[25] File "C:/Users/comba/Desktop/KLC/knowledgeCity/common/enhance.py", line 248, in getThreadStack()
[CRITICAL]2021-05-20 19:43:52,089: upStation01 readDIList fail cause a error: [WinError 10060] 由于连接方在一段时间后没有正确答复或连接的主机没有反应，连接尝试失败。
pid=8900, ppid=1764, tid=7844
Traceback (most recent call last):
  File "..\remoteio\remoteioMgr.py", line 262, in readDOList
    return self._read(M30, IO_LENTH)
  File "C:\Users\comba\Desktop\KLC\knowledgeCity\common\lock.py", line 122, in _call
    return func(*p,**pp)
  File "..\remoteio\remoteioMgr.py", line 311, in _read
    self.master.open()
  File "C:\Users\comba\Desktop\KLC\knowledgeCity\common\modbusapi.py", line 60, in open
    self.master.open()
  File "C:\Users\comba\AppData\Local\Programs\Python\Python37\lib\site-packages\modbus_tk\modbus.py", line 99, in open
    self._do_open()
  File "C:\Users\comba\AppData\Local\Programs\Python\Python37\lib\site-packages\modbus_tk\modbus_tcp.py", line 173, in _do_open
    self._sock.connect((self._host, self._port))
TimeoutError: [WinError 10060] 由于连接方在一段时间后没有正确答复或连接的主机没有反应，连接尝试失败。

[CRITICAL]2021-05-20 19:43:52,181: invoke <function urlReadDOList at 0x000001C8912D2F28> cause a error: [WinError 10060] 由于连接方在一段时间后没有正确答复或连接的主机没有反应，连接尝试失败。
pid=8900, ppid=1764, tid=7844
Traceback (most recent call last):
  File "C:\Users\comba\Desktop\KLC\knowledgeCity\common\scadaUtility.py", line 45, in __call
    ret = func(*p,**pp)
  File "C:\Users\comba\Desktop\KLC\knowledgeCity\remoteio\main_remoteio.py", line 87, in urlReadDOList
    return ioMgr.readDOList(id)
  File "..\remoteio\remoteioMgr.py", line 158, in readDOList
    result=remoteioInfo.readDOList()
  File "..\remoteio\remoteioMgr.py", line 262, in readDOList
    return self._read(M30, IO_LENTH)
  File "C:\Users\comba\Desktop\KLC\knowledgeCity\common\lock.py", line 122, in _call
    return func(*p,**pp)
  File "..\remoteio\remoteioMgr.py", line 311, in _read
    self.master.open()
  File "C:\Users\comba\Desktop\KLC\knowledgeCity\common\modbusapi.py", line 60, in open
    self.master.open()
  File "C:\Users\comba\AppData\Local\Programs\Python\Python37\lib\site-packages\modbus_tk\modbus.py", line 99, in open
    self._do_open()
  File "C:\Users\comba\AppData\Local\Programs\Python\Python37\lib\site-packages\modbus_tk\modbus_tcp.py", line 173, in _do_open
    self._sock.connect((self._host, self._port))
TimeoutError: [WinError 10060] 由于连接方在一段时间后没有正确答复或连接的主机没有反应，连接尝试失败。

[ERROR]2021-05-20 19:43:57,729: connect Jiaju-AGV failed timed out
[INFO]2021-05-20 19:43:57,747: Jiaju-AGV checkLink failed 172.16.217.211 19204
[WARN]2021-05-20 19:43:57,789: agvThread.Jiaju-AGV[tid:9240] <lock name:agv.Jiaju-AGV.lock_status,<locked _thread.RLock object owner=9240 count=1 at 0x000001C89388AE40>> ,hold 10131 ms
[INFO]2021-05-20 19:43:57,848: name=agvThread.Jiaju-AGV, pid=8900, tid=9240
[01] File "C:/Users/comba/AppData/Local/Programs/Python/Python37/lib/threading.py", line 865, in run() 
[02] File "C:/Users/comba/Desktop/KLC/knowledgeCity/agvCtrl/agvList.py", line 566, in run() 
[03] File "../driver/seerAgv/agvCtrl.py", line 36, in checkLink() 
[04] File "../driver/seerAgv/agvApi.py", line 185, in checkLink() 
[05] File "C:/Users/comba/Desktop/KLC/knowledgeCity/common/lock.py", line 102, in release() 
[06] File "C:/Users/comba/Desktop/KLC/knowledgeCity/common/enhance.py", line 268, in getTrace() 
[07] File "C:/Users/comba/Desktop/KLC/knowledgeCity/common/enhance.py", line 248, in getThreadStack()
[ERROR]2021-05-20 19:43:58,288: connect 3F-ChaChe-AGV failed timed out
[INFO]2021-05-20 19:43:58,306: 3F-ChaChe-AGV checkLink failed 172.16.217.121 19204
[ERROR]2021-05-20 19:43:58,312: connect 1F-ChaChe-AGV failed timed out
[WARN]2021-05-20 19:43:58,336: agvThread.3F-ChaChe-AGV[tid:4732] <lock name:agv.3F-ChaChe-AGV.lock_status,<locked _thread.RLock object owner=4732 count=1 at 0x000001C89388ABC0>> ,hold 10150 ms
[INFO]2021-05-20 19:43:58,360: 1F-ChaChe-AGV checkLink failed 172.16.217.213 19204
[WARN]2021-05-20 19:43:58,412: agvThread.1F-ChaChe-AGV[tid:5608] <lock name:agv.1F-ChaChe-AGV.lock_status,<locked _thread.RLock object owner=5608 count=1 at 0x000001C89388A3C8>> ,hold 10178 ms
[INFO]2021-05-20 19:43:58,424: name=agvThread.3F-ChaChe-AGV, pid=8900, tid=4732
[01] File "C:/Users/comba/AppData/Local/Programs/Python/Python37/lib/threading.py", line 865, in run() 
[02] File "C:/Users/comba/Desktop/KLC/knowledgeCity/agvCtrl/agvList.py", line 566, in run() 
[03] File "../driver/seerAgv/agvCtrl.py", line 36, in checkLink() 
[04] File "../driver/seerAgv/agvApi.py", line 185, in checkLink() 
[05] File "C:/Users/comba/Desktop/KLC/knowledgeCity/common/lock.py", line 102, in release() 
[06] File "C:/Users/comba/Desktop/KLC/knowledgeCity/common/enhance.py", line 268, in getTrace() 
[07] File "C:/Users/comba/Desktop/KLC/knowledgeCity/common/enhance.py", line 248, in getThreadStack()
[INFO]2021-05-20 19:43:58,519: name=agvThread.1F-ChaChe-AGV, pid=8900, tid=5608
[01] File "C:/Users/comba/AppData/Local/Programs/Python/Python37/lib/threading.py", line 865, in run() 
[02] File "C:/Users/comba/Desktop/KLC/knowledgeCity/agvCtrl/agvList.py", line 566, in run() 
[03] File "../driver/seerAgv/agvCtrl.py", line 36, in checkLink() 
[04] File "../driver/seerAgv/agvApi.py", line 185, in checkLink() 
[05] File "C:/Users/comba/Desktop/KLC/knowledgeCity/common/lock.py", line 102, in release() 
[06] File "C:/Users/comba/Desktop/KLC/knowledgeCity/common/enhance.py", line 268, in getTrace() 
[07] File "C:/Users/comba/Desktop/KLC/knowledgeCity/common/enhance.py", line 248, in getThreadStack()
[DEBUG]2021-05-20 19:43:59,902: try connect Jiaju-AGV 172.16.217.211:19204
[DEBUG]2021-05-20 19:44:00,511: try connect 3F-ChaChe-AGV 172.16.217.121:19204
[DEBUG]2021-05-20 19:44:00,556: try connect 1F-ChaChe-AGV 172.16.217.213:19204
[CRITICAL]2021-05-20 19:44:03,829: readDIList error cause a error: ('http get', 'http://127.0.0.1:8999/api/remoteio/readDOList', {'id': 'upStation01'}, 'error:', 'timed out')
pid=8900, ppid=1764, tid=6688
Traceback (most recent call last):
  File "C:\Users\comba\Desktop\KLC\knowledgeCity\common\webutility.py", line 103, in http_get
    f = urllib.request.urlopen(u,timeout=timeout)
  File "C:\Users\comba\AppData\Local\Programs\Python\Python37\lib\urllib\request.py", line 222, in urlopen
    return opener.open(url, data, timeout)
  File "C:\Users\comba\AppData\Local\Programs\Python\Python37\lib\urllib\request.py", line 525, in open
    response = self._open(req, data)
  File "C:\Users\comba\AppData\Local\Programs\Python\Python37\lib\urllib\request.py", line 543, in _open
    '_open', req)
  File "C:\Users\comba\AppData\Local\Programs\Python\Python37\lib\urllib\request.py", line 503, in _call_chain
    result = func(*args)
  File "C:\Users\comba\AppData\Local\Programs\Python\Python37\lib\urllib\request.py", line 1345, in http_open
    return self.do_open(http.client.HTTPConnection, req)
  File "C:\Users\comba\AppData\Local\Programs\Python\Python37\lib\urllib\request.py", line 1320, in do_open
    r = h.getresponse()
  File "C:\Users\comba\AppData\Local\Programs\Python\Python37\lib\http\client.py", line 1321, in getresponse
    response.begin()
  File "C:\Users\comba\AppData\Local\Programs\Python\Python37\lib\http\client.py", line 296, in begin
    version, status, reason = self._read_status()
  File "C:\Users\comba\AppData\Local\Programs\Python\Python37\lib\http\client.py", line 257, in _read_status
    line = str(self.fp.readline(_MAXLINE + 1), "iso-8859-1")
  File "C:\Users\comba\AppData\Local\Programs\Python\Python37\lib\socket.py", line 589, in readinto
    return self._sock.recv_into(b)
socket.timeout: timed out

During handling of the above exception, another exception occurred:

Traceback (most recent call last):
  File "C:\Users\comba\Desktop\KLC\knowledgeCity\autoCtrl\deviceCtrl.py", line 71, in _monitorDevices
    s1 = ioApi.readDOList(devices[d]["io1"])["status"] #上板机
  File "..\remoteio\remoteioApi.py", line 73, in readDOList
    return _remoteio('/api/remoteio/readDOList', id, param)
  File "..\remoteio\remoteioApi.py", line 100, in _remoteio
    return http_get(url + apiurl, param)
  File "..\remoteio\remoteioApi.py", line 16, in http_get
    r = webutility.http_get(url, param)
  File "C:\Users\comba\Desktop\KLC\knowledgeCity\common\webutility.py", line 105, in http_get
    raise Exception("http get",url,params,"error:",str(e))
Exception: ('http get', 'http://127.0.0.1:8999/api/remoteio/readDOList', {'id': 'upStation01'}, 'error:', 'timed out')

[INFO]2021-05-20 19:44:04,920: remoteio is alarm: []
[DEBUG]2021-05-20 19:44:06,024: send http_get: http://127.0.0.1:8999/api/remoteio/readDOList?id=upStation01
[ERROR]2021-05-20 19:44:09,961: connect Jiaju-AGV failed timed out
[INFO]2021-05-20 19:44:09,997: Jiaju-AGV checkLink failed 172.16.217.211 19204
[WARN]2021-05-20 19:44:10,027: agvThread.Jiaju-AGV[tid:9240] <lock name:agv.Jiaju-AGV.lock_status,<locked _thread.RLock object owner=9240 count=1 at 0x000001C89388AE40>> ,hold 10125 ms
[INFO]2021-05-20 19:44:10,092: name=agvThread.Jiaju-AGV, pid=8900, tid=9240
[01] File "C:/Users/comba/AppData/Local/Programs/Python/Python37/lib/threading.py", line 865, in run() 
[02] File "C:/Users/comba/Desktop/KLC/knowledgeCity/agvCtrl/agvList.py", line 566, in run() 
[03] File "../driver/seerAgv/agvCtrl.py", line 36, in checkLink() 
[04] File "../driver/seerAgv/agvApi.py", line 185, in checkLink() 
[05] File "C:/Users/comba/Desktop/KLC/knowledgeCity/common/lock.py", line 102, in release() 
[06] File "C:/Users/comba/Desktop/KLC/knowledgeCity/common/enhance.py", line 268, in getTrace() 
[07] File "C:/Users/comba/Desktop/KLC/knowledgeCity/common/enhance.py", line 248, in getThreadStack()
[ERROR]2021-05-20 19:44:10,574: connect 3F-ChaChe-AGV failed timed out
[INFO]2021-05-20 19:44:10,609: 3F-ChaChe-AGV checkLink failed 172.16.217.121 19204
[ERROR]2021-05-20 19:44:10,625: connect 1F-ChaChe-AGV failed timed out
[WARN]2021-05-20 19:44:10,641: agvThread.3F-ChaChe-AGV[tid:4732] <lock name:agv.3F-ChaChe-AGV.lock_status,<locked _thread.RLock object owner=4732 count=1 at 0x000001C89388ABC0>> ,hold 10130 ms
[INFO]2021-05-20 19:44:10,687: 1F-ChaChe-AGV checkLink failed 172.16.217.213 19204
[WARN]2021-05-20 19:44:10,746: agvThread.1F-ChaChe-AGV[tid:5608] <lock name:agv.1F-ChaChe-AGV.lock_status,<locked _thread.RLock object owner=5608 count=1 at 0x000001C89388A3C8>> ,hold 10190 ms
[INFO]2021-05-20 19:44:10,794: name=agvThread.3F-ChaChe-AGV, pid=8900, tid=4732
[01] File "C:/Users/comba/AppData/Local/Programs/Python/Python37/lib/threading.py", line 865, in run() 
[02] File "C:/Users/comba/Desktop/KLC/knowledgeCity/agvCtrl/agvList.py", line 566, in run() 
[03] File "../driver/seerAgv/agvCtrl.py", line 36, in checkLink() 
[04] File "../driver/seerAgv/agvApi.py", line 185, in checkLink() 
[05] File "C:/Users/comba/Desktop/KLC/knowledgeCity/common/lock.py", line 102, in release() 
[06] File "C:/Users/comba/Desktop/KLC/knowledgeCity/common/enhance.py", line 268, in getTrace() 
[07] File "C:/Users/comba/Desktop/KLC/knowledgeCity/common/enhance.py", line 248, in getThreadStack()
[INFO]2021-05-20 19:44:10,866: name=agvThread.1F-ChaChe-AGV, pid=8900, tid=5608
[01] File "C:/Users/comba/AppData/Local/Programs/Python/Python37/lib/threading.py", line 865, in run() 
[02] File "C:/Users/comba/Desktop/KLC/knowledgeCity/agvCtrl/agvList.py", line 566, in run() 
[03] File "../driver/seerAgv/agvCtrl.py", line 36, in checkLink() 
[04] File "../driver/seerAgv/agvApi.py", line 185, in checkLink() 
[05] File "C:/Users/comba/Desktop/KLC/knowledgeCity/common/lock.py", line 102, in release() 
[06] File "C:/Users/comba/Desktop/KLC/knowledgeCity/common/enhance.py", line 268, in getTrace() 
[07] File "C:/Users/comba/Desktop/KLC/knowledgeCity/common/enhance.py", line 248, in getThreadStack()
[DEBUG]2021-05-20 19:44:12,130: try connect Jiaju-AGV 172.16.217.211:19204
[DEBUG]2021-05-20 19:44:12,845: try connect 3F-ChaChe-AGV 172.16.217.121:19204
[DEBUG]2021-05-20 19:44:12,910: try connect 1F-ChaChe-AGV 172.16.217.213:19204
[WARN]2021-05-20 19:44:13,075: worker 5[tid:6576] <locked _thread.RLock object owner=6576 count=1 at 0x000001C8927C13F0> ,hold 24283 ms
[INFO]2021-05-20 19:44:13,221: name=worker 5, pid=8900, tid=6576
[01] File "C:/Users/comba/AppData/Local/Programs/Python/Python37/lib/threading.py", line 865, in run() 
[02] File "C:/Users/comba/AppData/Local/Programs/Python/Python37/lib/site-packages/paste/httpserver.py", line 895, in worker_thread_callback() 
[03] File "C:/Users/comba/AppData/Local/Programs/Python/Python37/lib/site-packages/paste/httpserver.py", line 1069, in <lambda>() 
[04] File "C:/Users/comba/AppData/Local/Programs/Python/Python37/lib/site-packages/paste/httpserver.py", line 1085, in process_request_in_thread() 
[05] File "C:/Users/comba/AppData/Local/Programs/Python/Python37/lib/socketserver.py", line 357, in finish_request() 
[06] File "C:/Users/comba/AppData/Local/Programs/Python/Python37/lib/socketserver.py", line 717, in __init__() 
[07] File "C:/Users/comba/AppData/Local/Programs/Python/Python37/lib/site-packages/paste/httpserver.py", line 459, in handle() 
[08] File "C:/Users/comba/AppData/Local/Programs/Python/Python37/lib/http/server.py", line 426, in handle() 
[09] File "C:/Users/comba/AppData/Local/Programs/Python/Python37/lib/site-packages/paste/httpserver.py", line 454, in handle_one_request() 
[10] File "C:/Users/comba/AppData/Local/Programs/Python/Python37/lib/site-packages/paste/httpserver.py", line 304, in wsgi_execute() 
[11] File "C:/Users/comba/AppData/Local/Programs/Python/Python37/lib/site-packages/paste/translogger.py", line 69, in __call__() 
[12] File "C:/Users/comba/AppData/Local/Programs/Python/Python37/lib/site-packages/bottle.py", line 979, in __call__() 
[13] File "C:/Users/comba/AppData/Local/Programs/Python/Python37/lib/site-packages/bottle.py", line 954, in wsgi() 
[14] File "C:/Users/comba/AppData/Local/Programs/Python/Python37/lib/site-packages/bottle.py", line 862, in _handle() 
[15] File "C:/Users/comba/AppData/Local/Programs/Python/Python37/lib/site-packages/bottle.py", line 1742, in wrapper() 
[16] File "C:/Users/comba/Desktop/KLC/knowledgeCity/common/webutility.py", line 465, in _enable_cors() 
[17] File "C:/Users/comba/Desktop/KLC/knowledgeCity/common/webutility.py", line 481, in _enable_cors() 
[18] File "C:/Users/comba/Desktop/KLC/knowledgeCity/common/scadaUtility.py", line 45, in __call() 
[19] File "C:/Users/comba/Desktop/KLC/knowledgeCity/remoteio/main_remoteio.py", line 87, in urlReadDOList() 
[20] File "../remoteio/remoteioMgr.py", line 158, in readDOList() 
[21] File "../remoteio/remoteioMgr.py", line 262, in readDOList() 
[22] File "C:/Users/comba/Desktop/KLC/knowledgeCity/common/lock.py", line 124, in _call() 
[23] File "C:/Users/comba/Desktop/KLC/knowledgeCity/common/lock.py", line 102, in release() 
[24] File "C:/Users/comba/Desktop/KLC/knowledgeCity/common/enhance.py", line 268, in getTrace() 
[25] File "C:/Users/comba/Desktop/KLC/knowledgeCity/common/enhance.py", line 248, in getThreadStack()
[CRITICAL]2021-05-20 19:44:13,294: upStation01 readDIList fail cause a error: [WinError 10060] 由于连接方在一段时间后没有正确答复或连接的主机没有反应，连接尝试失败。
pid=8900, ppid=1764, tid=6576
Traceback (most recent call last):
  File "..\remoteio\remoteioMgr.py", line 262, in readDOList
    return self._read(M30, IO_LENTH)
  File "C:\Users\comba\Desktop\KLC\knowledgeCity\common\lock.py", line 122, in _call
    return func(*p,**pp)
  File "..\remoteio\remoteioMgr.py", line 311, in _read
    self.master.open()
  File "C:\Users\comba\Desktop\KLC\knowledgeCity\common\modbusapi.py", line 60, in open
    self.master.open()
  File "C:\Users\comba\AppData\Local\Programs\Python\Python37\lib\site-packages\modbus_tk\modbus.py", line 99, in open
    self._do_open()
  File "C:\Users\comba\AppData\Local\Programs\Python\Python37\lib\site-packages\modbus_tk\modbus_tcp.py", line 173, in _do_open
    self._sock.connect((self._host, self._port))
TimeoutError: [WinError 10060] 由于连接方在一段时间后没有正确答复或连接的主机没有反应，连接尝试失败。

[CRITICAL]2021-05-20 19:44:13,374: invoke <function urlReadDOList at 0x000001C8912D2F28> cause a error: [WinError 10060] 由于连接方在一段时间后没有正确答复或连接的主机没有反应，连接尝试失败。
pid=8900, ppid=1764, tid=6576
Traceback (most recent call last):
  File "C:\Users\comba\Desktop\KLC\knowledgeCity\common\scadaUtility.py", line 45, in __call
    ret = func(*p,**pp)
  File "C:\Users\comba\Desktop\KLC\knowledgeCity\remoteio\main_remoteio.py", line 87, in urlReadDOList
    return ioMgr.readDOList(id)
  File "..\remoteio\remoteioMgr.py", line 158, in readDOList
    result=remoteioInfo.readDOList()
  File "..\remoteio\remoteioMgr.py", line 262, in readDOList
    return self._read(M30, IO_LENTH)
  File "C:\Users\comba\Desktop\KLC\knowledgeCity\common\lock.py", line 122, in _call
    return func(*p,**pp)
  File "..\remoteio\remoteioMgr.py", line 311, in _read
    self.master.open()
  File "C:\Users\comba\Desktop\KLC\knowledgeCity\common\modbusapi.py", line 60, in open
    self.master.open()
  File "C:\Users\comba\AppData\Local\Programs\Python\Python37\lib\site-packages\modbus_tk\modbus.py", line 99, in open
    self._do_open()
  File "C:\Users\comba\AppData\Local\Programs\Python\Python37\lib\site-packages\modbus_tk\modbus_tcp.py", line 173, in _do_open
    self._sock.connect((self._host, self._port))
TimeoutError: [WinError 10060] 由于连接方在一段时间后没有正确答复或连接的主机没有反应，连接尝试失败。

[CRITICAL]2021-05-20 19:44:21,195: readDIList error cause a error: ('http get', 'http://127.0.0.1:8999/api/remoteio/readDOList', {'id': 'upStation01'}, 'error:', 'timed out')
pid=8900, ppid=1764, tid=6688
Traceback (most recent call last):
  File "C:\Users\comba\Desktop\KLC\knowledgeCity\common\webutility.py", line 103, in http_get
    f = urllib.request.urlopen(u,timeout=timeout)
  File "C:\Users\comba\AppData\Local\Programs\Python\Python37\lib\urllib\request.py", line 222, in urlopen
    return opener.open(url, data, timeout)
  File "C:\Users\comba\AppData\Local\Programs\Python\Python37\lib\urllib\request.py", line 525, in open
    response = self._open(req, data)
  File "C:\Users\comba\AppData\Local\Programs\Python\Python37\lib\urllib\request.py", line 543, in _open
    '_open', req)
  File "C:\Users\comba\AppData\Local\Programs\Python\Python37\lib\urllib\request.py", line 503, in _call_chain
    result = func(*args)
  File "C:\Users\comba\AppData\Local\Programs\Python\Python37\lib\urllib\request.py", line 1345, in http_open
    return self.do_open(http.client.HTTPConnection, req)
  File "C:\Users\comba\AppData\Local\Programs\Python\Python37\lib\urllib\request.py", line 1320, in do_open
    r = h.getresponse()
  File "C:\Users\comba\AppData\Local\Programs\Python\Python37\lib\http\client.py", line 1321, in getresponse
    response.begin()
  File "C:\Users\comba\AppData\Local\Programs\Python\Python37\lib\http\client.py", line 296, in begin
    version, status, reason = self._read_status()
  File "C:\Users\comba\AppData\Local\Programs\Python\Python37\lib\http\client.py", line 257, in _read_status
    line = str(self.fp.readline(_MAXLINE + 1), "iso-8859-1")
  File "C:\Users\comba\AppData\Local\Programs\Python\Python37\lib\socket.py", line 589, in readinto
    return self._sock.recv_into(b)
socket.timeout: timed out

During handling of the above exception, another exception occurred:

Traceback (most recent call last):
  File "C:\Users\comba\Desktop\KLC\knowledgeCity\autoCtrl\deviceCtrl.py", line 71, in _monitorDevices
    s1 = ioApi.readDOList(devices[d]["io1"])["status"] #上板机
  File "..\remoteio\remoteioApi.py", line 73, in readDOList
    return _remoteio('/api/remoteio/readDOList', id, param)
  File "..\remoteio\remoteioApi.py", line 100, in _remoteio
    return http_get(url + apiurl, param)
  File "..\remoteio\remoteioApi.py", line 16, in http_get
    r = webutility.http_get(url, param)
  File "C:\Users\comba\Desktop\KLC\knowledgeCity\common\webutility.py", line 105, in http_get
    raise Exception("http get",url,params,"error:",str(e))
Exception: ('http get', 'http://127.0.0.1:8999/api/remoteio/readDOList', {'id': 'upStation01'}, 'error:', 'timed out')

[ERROR]2021-05-20 19:44:22,251: connect Jiaju-AGV failed timed out
[INFO]2021-05-20 19:44:22,281: Jiaju-AGV checkLink failed 172.16.217.211 19204
[INFO]2021-05-20 19:44:22,306: remoteio is alarm: []
[WARN]2021-05-20 19:44:22,317: agvThread.Jiaju-AGV[tid:9240] <lock name:agv.Jiaju-AGV.lock_status,<locked _thread.RLock object owner=9240 count=1 at 0x000001C89388AE40>> ,hold 10187 ms
[INFO]2021-05-20 19:44:22,471: name=agvThread.Jiaju-AGV, pid=8900, tid=9240
[01] File "C:/Users/comba/AppData/Local/Programs/Python/Python37/lib/threading.py", line 865, in run() 
[02] File "C:/Users/comba/Desktop/KLC/knowledgeCity/agvCtrl/agvList.py", line 566, in run() 
[03] File "../driver/seerAgv/agvCtrl.py", line 36, in checkLink() 
[04] File "../driver/seerAgv/agvApi.py", line 185, in checkLink() 
[05] File "C:/Users/comba/Desktop/KLC/knowledgeCity/common/lock.py", line 102, in release() 
[06] File "C:/Users/comba/Desktop/KLC/knowledgeCity/common/enhance.py", line 268, in getTrace() 
[07] File "C:/Users/comba/Desktop/KLC/knowledgeCity/common/enhance.py", line 248, in getThreadStack()
