[INFO]2021-04-26 09:15:46,736: log files at C:\Users\Administrator\Desktop\SVN\knowledgeCity\common\log
[INFO]2021-04-26 09:15:46,736: find module agvCtrl.main_agv
[INFO]2021-04-26 09:15:46,737: find module agvDevice.main_agvDevice
[INFO]2021-04-26 09:15:46,737: find module alarm.main_alarm
[INFO]2021-04-26 09:15:46,737: find module auth.main_auth
[INFO]2021-04-26 09:15:46,738: find module autoCtrl.main_akmCtrl
[INFO]2021-04-26 09:15:46,738: find module door.main_door
[INFO]2021-04-26 09:15:46,738: find module elevator.main_elevator
[INFO]2021-04-26 09:15:46,739: find module remoteio.main_remoteio
[INFO]2021-04-26 09:15:46,745: import agvCtrl.main_agv
[INFO]2021-04-26 09:15:47,119: create lock <lock name:doorMgr.lock,<unlocked _thread.RLock object owner=0 count=0 at 0x0000015150CB30F8>>
[INFO]2021-04-26 09:15:47,122: create lock <lock name:door.lock,<unlocked _thread.RLock object owner=0 count=0 at 0x0000015150CB3260>>
[INFO]2021-04-26 09:15:47,219: create lock <lock name:timer.lock_1448763070952,<unlocked _thread.RLock object owner=0 count=0 at 0x0000015150FB6C60>>
[ERROR]2021-04-26 09:15:47,234: mqtt is disabled
[INFO]2021-04-26 09:15:47,234: mqtt: subscribe [alarm/raise/+]
[INFO]2021-04-26 09:15:47,235: mqtt: subscribe [alarm/clear/+]
[INFO]2021-04-26 09:15:50,279: Mongodb connect to 127.0.0.1 port 27017
[INFO]2021-04-26 09:15:50,308: create lock <lock name:elevatorMgr.lock,<unlocked _thread.RLock object owner=0 count=0 at 0x0000015151286418>>
[WARN]2021-04-26 09:15:50,325: use mockAgvCtrl
[INFO]2021-04-26 09:15:50,328: create lock <lock name:mapMgr.lock,<unlocked _thread.RLock object owner=0 count=0 at 0x000001514F2498F0>>
[INFO]2021-04-26 09:15:50,616: create lock <lock name:agvList.g_agvLock,<unlocked _thread.RLock object owner=0 count=0 at 0x0000015151358300>>
[INFO]2021-04-26 09:15:50,622: create lock <lock name:taskList.lock,<unlocked _thread.RLock object owner=0 count=0 at 0x00000151513706C0>>
[INFO]2021-04-26 09:15:50,677: charge policy 0 , fix time
[INFO]2021-04-26 09:15:50,710: create lock <lock name:agvApi.g_lock,<unlocked _thread.RLock object owner=0 count=0 at 0x0000015151370418>>
[INFO]2021-04-26 09:15:52,363: start load map C:\Users\Administrator\Desktop\SVN\knowledgeCity\agvCtrl\projects\test\20190911_F1.smap
[DEBUG]2021-04-26 09:15:52,581: create aliveObj DOOR40 门控离线异常 timeout 60
[DEBUG]2021-04-26 09:15:52,583: create aliveObj DOOR41 门控离线异常 timeout 60
[DEBUG]2021-04-26 09:15:52,598: elevator thread start
[INFO]2021-04-26 09:15:52,621: load map C:\Users\Administrator\Desktop\SVN\knowledgeCity\agvCtrl\projects\test\20190911_F1.smap ,used 267 ms
[INFO]2021-04-26 09:15:52,632: start load map C:\Users\Administrator\Desktop\SVN\knowledgeCity\agvCtrl\projects\test\408.smap
[INFO]2021-04-26 09:15:52,684: load map C:\Users\Administrator\Desktop\SVN\knowledgeCity\agvCtrl\projects\test\408.smap ,used 62 ms
[INFO]2021-04-26 09:15:52,695: start load map C:\Users\Administrator\Desktop\SVN\knowledgeCity\agvCtrl\projects\test\510.smap
[INFO]2021-04-26 09:15:52,769: load map C:\Users\Administrator\Desktop\SVN\knowledgeCity\agvCtrl\projects\test\510.smap ,used 83 ms
[INFO]2021-04-26 09:15:52,780: start load map C:\Users\Administrator\Desktop\SVN\knowledgeCity\agvCtrl\projects\test\8-222.smap
[INFO]2021-04-26 09:15:52,820: load map C:\Users\Administrator\Desktop\SVN\knowledgeCity\agvCtrl\projects\test\8-222.smap ,used 49 ms
[INFO]2021-04-26 09:15:52,831: start load map C:\Users\Administrator\Desktop\SVN\knowledgeCity\agvCtrl\projects\test\akmsmt.smap
[INFO]2021-04-26 09:15:52,878: load map C:\Users\Administrator\Desktop\SVN\knowledgeCity\agvCtrl\projects\test\akmsmt.smap ,used 56 ms
[INFO]2021-04-26 09:15:52,888: start load map C:\Users\Administrator\Desktop\SVN\knowledgeCity\agvCtrl\projects\test\akmsmtMap.smap
[INFO]2021-04-26 09:15:53,009: load map C:\Users\Administrator\Desktop\SVN\knowledgeCity\agvCtrl\projects\test\akmsmtMap.smap ,used 129 ms
[INFO]2021-04-26 09:15:53,021: start load map C:\Users\Administrator\Desktop\SVN\knowledgeCity\agvCtrl\projects\test\bell.smap
[INFO]2021-04-26 09:15:53,058: load map C:\Users\Administrator\Desktop\SVN\knowledgeCity\agvCtrl\projects\test\bell.smap ,used 47 ms
[INFO]2021-04-26 09:15:53,068: start load map C:\Users\Administrator\Desktop\SVN\knowledgeCity\agvCtrl\projects\test\big.smap
[INFO]2021-04-26 09:15:54,376: load map C:\Users\Administrator\Desktop\SVN\knowledgeCity\agvCtrl\projects\test\big.smap ,used 1316 ms
[INFO]2021-04-26 09:15:54,387: start load map C:\Users\Administrator\Desktop\SVN\knowledgeCity\agvCtrl\projects\test\comba-ZSC-3F_0419.smap
[INFO]2021-04-26 09:15:54,464: load map C:\Users\Administrator\Desktop\SVN\knowledgeCity\agvCtrl\projects\test\comba-ZSC-3F_0419.smap ,used 86 ms
[INFO]2021-04-26 09:15:54,478: start load map C:\Users\Administrator\Desktop\SVN\knowledgeCity\agvCtrl\projects\test\comba-ZSC-F1-F3.smap
[INFO]2021-04-26 09:15:54,673: load map C:\Users\Administrator\Desktop\SVN\knowledgeCity\agvCtrl\projects\test\comba-ZSC-F1-F3.smap ,used 207 ms
[INFO]2021-04-26 09:15:54,683: start load map C:\Users\Administrator\Desktop\SVN\knowledgeCity\agvCtrl\projects\test\comba-ZXC-3F.smap
[INFO]2021-04-26 09:15:54,761: load map C:\Users\Administrator\Desktop\SVN\knowledgeCity\agvCtrl\projects\test\comba-ZXC-3F.smap ,used 87 ms
[INFO]2021-04-26 09:15:54,772: start load map C:\Users\Administrator\Desktop\SVN\knowledgeCity\agvCtrl\projects\test\comba-ZXC-F3.smap
[INFO]2021-04-26 09:15:54,867: load map C:\Users\Administrator\Desktop\SVN\knowledgeCity\agvCtrl\projects\test\comba-ZXC-F3.smap ,used 104 ms
[INFO]2021-04-26 09:15:54,882: start load map C:\Users\Administrator\Desktop\SVN\knowledgeCity\agvCtrl\projects\test\desai-all-20191223.smap
[INFO]2021-04-26 09:15:55,005: load map C:\Users\Administrator\Desktop\SVN\knowledgeCity\agvCtrl\projects\test\desai-all-20191223.smap ,used 132 ms
[INFO]2021-04-26 09:15:55,016: start load map C:\Users\Administrator\Desktop\SVN\knowledgeCity\agvCtrl\projects\test\fp-neiwei.smap
[INFO]2021-04-26 09:15:55,191: load map C:\Users\Administrator\Desktop\SVN\knowledgeCity\agvCtrl\projects\test\fp-neiwei.smap ,used 184 ms
[INFO]2021-04-26 09:15:55,202: start load map C:\Users\Administrator\Desktop\SVN\knowledgeCity\agvCtrl\projects\test\fp20190712-1.smap
[DEBUG]2021-04-26 09:15:56,371: create aliveObj DOOR13 门控离线异常 timeout 60
[DEBUG]2021-04-26 09:15:56,373: create aliveObj DOOR23 门控离线异常 timeout 60
[DEBUG]2021-04-26 09:15:56,373: create aliveObj DOOR08 门控离线异常 timeout 60
[DEBUG]2021-04-26 09:15:56,374: create aliveObj DOOR09 门控离线异常 timeout 60
[DEBUG]2021-04-26 09:15:56,375: create aliveObj DOOR15 门控离线异常 timeout 60
[DEBUG]2021-04-26 09:15:56,376: create aliveObj DOOR07 门控离线异常 timeout 60
[DEBUG]2021-04-26 09:15:56,377: create aliveObj DOOR04 门控离线异常 timeout 60
[DEBUG]2021-04-26 09:15:56,378: create aliveObj DOOR06 门控离线异常 timeout 60
[DEBUG]2021-04-26 09:15:56,379: create aliveObj DOOR17 门控离线异常 timeout 60
[DEBUG]2021-04-26 09:15:56,379: create aliveObj DOOR18 门控离线异常 timeout 60
[DEBUG]2021-04-26 09:15:56,380: create aliveObj DOOR20 门控离线异常 timeout 60
[DEBUG]2021-04-26 09:15:56,380: create aliveObj DOOR25 门控离线异常 timeout 60
[DEBUG]2021-04-26 09:15:56,381: create aliveObj DOOR27 门控离线异常 timeout 60
[INFO]2021-04-26 09:15:56,417: load map C:\Users\Administrator\Desktop\SVN\knowledgeCity\agvCtrl\projects\test\fp20190712-1.smap ,used 1224 ms
[INFO]2021-04-26 09:15:56,428: start load map C:\Users\Administrator\Desktop\SVN\knowledgeCity\agvCtrl\projects\test\shuqin.smap
[INFO]2021-04-26 09:15:56,463: load map C:\Users\Administrator\Desktop\SVN\knowledgeCity\agvCtrl\projects\test\shuqin.smap ,used 43 ms
[INFO]2021-04-26 09:15:56,473: start load map C:\Users\Administrator\Desktop\SVN\knowledgeCity\agvCtrl\projects\test\test430.smap
[INFO]2021-04-26 09:15:56,523: load map C:\Users\Administrator\Desktop\SVN\knowledgeCity\agvCtrl\projects\test\test430.smap ,used 59 ms
[INFO]2021-04-26 09:15:56,533: start load map C:\Users\Administrator\Desktop\SVN\knowledgeCity\agvCtrl\projects\test\testdesay.smap
[INFO]2021-04-26 09:15:56,620: load map C:\Users\Administrator\Desktop\SVN\knowledgeCity\agvCtrl\projects\test\testdesay.smap ,used 96 ms
[INFO]2021-04-26 09:15:56,631: start load map C:\Users\Administrator\Desktop\SVN\knowledgeCity\agvCtrl\projects\test\testmap.smap
[INFO]2021-04-26 09:15:56,815: load map C:\Users\Administrator\Desktop\SVN\knowledgeCity\agvCtrl\projects\test\testmap.smap ,used 193 ms
[INFO]2021-04-26 09:15:56,828: start load map C:\Users\Administrator\Desktop\SVN\knowledgeCity\agvCtrl\projects\test\testscada.smap
[INFO]2021-04-26 09:15:56,896: load map C:\Users\Administrator\Desktop\SVN\knowledgeCity\agvCtrl\projects\test\testscada.smap ,used 79 ms
[WARN]2021-04-26 09:15:56,898: MainThread[tid:1408] <lock name:mapMgr.lock,<locked _thread.RLock object owner=1408 count=1 at 0x000001514F2498F0>> ,hold 6187 ms
[INFO]2021-04-26 09:15:56,902: name=MainThread, pid=13360, tid=1408
[01] File "run_all.py", line 57, in <module>() 
[02] File "run_all.py", line 39, in findModule() 
[03] File "<frozen importlib._bootstrap>", line 983, in _find_and_load() 
[04] File "<frozen importlib._bootstrap>", line 967, in _find_and_load_unlocked() 
[05] File "<frozen importlib._bootstrap>", line 677, in _load_unlocked() 
[06] File "<frozen importlib._bootstrap_external>", line 728, in exec_module() 
[07] File "<frozen importlib._bootstrap>", line 219, in _call_with_frames_removed() 
[08] File "C:/Users/Administrator/Desktop/SVN/knowledgeCity/agvCtrl/main_agv.py", line 22, in <module>() 
[09] File "C:/Users/Administrator/Desktop/SVN/knowledgeCity/common/lock.py", line 124, in _call() 
[10] File "C:/Users/Administrator/Desktop/SVN/knowledgeCity/common/lock.py", line 102, in release() 
[11] File "C:/Users/Administrator/Desktop/SVN/knowledgeCity/common/enhance.py", line 268, in getTrace() 
[12] File "C:/Users/Administrator/Desktop/SVN/knowledgeCity/common/enhance.py", line 248, in getThreadStack()
[INFO]2021-04-26 09:15:56,905: import agvDevice.main_agvDevice
[INFO]2021-04-26 09:15:56,906: import alarm.main_alarm
[INFO]2021-04-26 09:15:56,909: import auth.main_auth
[INFO]2021-04-26 09:15:56,916: import autoCtrl.main_akmCtrl
[INFO]2021-04-26 09:15:56,940: create lock <lock name:agvApi.g_lock,<unlocked _thread.RLock object owner=0 count=0 at 0x00000151556AB6C0>>
[INFO]2021-04-26 09:15:56,951: create lock <lock name:runTasks.pre_lock,<unlocked _thread.RLock object owner=0 count=0 at 0x00000151556F2A08>>
[INFO]2021-04-26 09:15:56,979: create lock <lock name:IOAlarm.s_lock,<unlocked _thread.RLock object owner=0 count=0 at 0x00000151556F2530>>
[INFO]2021-04-26 09:15:56,981: create lock <lock name:mapMgr.lock,<unlocked _thread.RLock object owner=0 count=0 at 0x0000015155941558>>
[INFO]2021-04-26 09:15:57,507: import door.main_door
[INFO]2021-04-26 09:15:57,523: import elevator.main_elevator
[INFO]2021-04-26 09:15:57,535: create lock <lock name:elevatorApi.tcp_lock,<unlocked _thread.RLock object owner=0 count=0 at 0x00000151500D0170>>
[INFO]2021-04-26 09:15:57,539: create lock <lock name:elevatorApi.g_lock,<unlocked _thread.RLock object owner=0 count=0 at 0x0000015155941D78>>
[INFO]2021-04-26 09:15:57,542: import remoteio.main_remoteio
[SUCC]2021-04-26 09:15:57,560: utility start, pid=13360, ppid=84
[DEBUG]2021-04-26 09:15:57,564: start timer
[INFO]2021-04-26 09:15:57,590: load agv file: C:\Users\Administrator\Desktop\SVN\knowledgeCity\agvCtrl/projects/test/agv.cfg
[INFO]2021-04-26 09:15:57,597: create lock <lock name:agvList.AGV01.lock,<unlocked _thread.RLock object owner=0 count=0 at 0x00000151500D05D0>>
[DEBUG]2021-04-26 09:15:57,602: create aliveObj AGV01 AGV离线异常 timeout 300
[INFO]2021-04-26 09:15:57,614: AGV01 start agvList run thread
[INFO]2021-04-26 09:15:57,615: AGV01 start agvList run2 thread
[INFO]2021-04-26 09:15:57,630: create lock <lock name:agvList.AGV03.lock,<unlocked _thread.RLock object owner=0 count=0 at 0x00000151500D09E0>>
[ERROR]2021-04-26 09:15:57,634: agv check init error False
[DEBUG]2021-04-26 09:15:57,640: create aliveObj AGV03 AGV离线异常 timeout 300
[INFO]2021-04-26 09:15:57,653: AGV03 start agvList run thread
[INFO]2021-04-26 09:15:57,655: AGV03 start agvList run2 thread
[INFO]2021-04-26 09:15:57,657: create lock <lock name:agvList.AGV04.lock,<unlocked _thread.RLock object owner=0 count=0 at 0x00000151500D0AD0>>
[INFO]2021-04-26 09:15:57,665: AGV03 current map comba-ZXC-3F
[INFO]2021-04-26 09:15:57,668: AGV03 is online
[DEBUG]2021-04-26 09:15:57,670: create aliveObj AGV04 AGV离线异常 timeout 300
[INFO]2021-04-26 09:15:57,680: AGV04 start agvList run thread
[INFO]2021-04-26 09:15:57,681: AGV04 start agvList run2 thread
[INFO]2021-04-26 09:15:57,682: create lock <lock name:agvList.AGV02.lock,<unlocked _thread.RLock object owner=0 count=0 at 0x00000151500D0DA0>>
[INFO]2021-04-26 09:15:57,691: AGV04 current map comba-ZXC-F3
[INFO]2021-04-26 09:15:57,694: AGV04 is online
[DEBUG]2021-04-26 09:15:57,696: create aliveObj AGV02 AGV离线异常 timeout 300
[INFO]2021-04-26 09:15:57,697: AGV02 start agvList run thread
[INFO]2021-04-26 09:15:57,698: AGV02 start agvList run2 thread
[INFO]2021-04-26 09:15:57,712: AGV02 current map comba-ZSC-F1-F3
[INFO]2021-04-26 09:15:57,716: AGV02 is online
[WARN]2021-04-26 09:15:57,760: Local server start! version 3.7.3, path C:\Users\Administrator\Desktop\SVN\knowledgeCity\common, pid 13360
[INFO]2021-04-26 09:15:57,762: add_ignore: taskStatus
[INFO]2021-04-26 09:15:58,142: AGV01 current map comba-ZXC-F3
[INFO]2021-04-26 09:15:58,145: AGV01 is online
[WARN]2021-04-26 09:15:59,482: clear alarm obj=DOOR13, typeId=39998, id=608536b4c46a9bdcd0d5f183
[DEBUG]2021-04-26 09:16:02,604: GET: http://127.0.0.1:8999/api/agv/init?appName=akmTask addr: 127.0.0.1
[INFO]2021-04-26 09:16:02,611: akmTask init client agvApi
[DEBUG]2021-04-26 09:16:02,627: used 23ms 200 OK application/json;charset=utf-8, GET: http://127.0.0.1:8999/api/agv/init?appName=akmTask
[DEBUG]2021-04-26 09:16:05,808: GET: http://127.0.0.1:8999/api/agv/startCharge?appName=akmTask addr: 127.0.0.1
[DEBUG]2021-04-26 09:16:05,888: used 80ms 200 OK application/json;charset=utf-8, GET: http://127.0.0.1:8999/api/agv/startCharge?appName=akmTask
[WARN]2021-04-26 09:16:06,062: timer_thread[tid:11948] <locked _thread.RLock object owner=11948 count=1 at 0x00000151556F29E0> ,hold 8477 ms
[INFO]2021-04-26 09:16:06,267: name=timer_thread, pid=13360, tid=11948
[01] File "C:/Python37/lib/threading.py", line 865, in run() 
[02] File "C:/Users/Administrator/Desktop/SVN/knowledgeCity/common/mytimer.py", line 113, in _loop() 
[03] File "C:/Users/Administrator/Desktop/SVN/knowledgeCity/common/lock.py", line 124, in _call() 
[04] File "C:/Users/Administrator/Desktop/SVN/knowledgeCity/common/lock.py", line 102, in release() 
[05] File "C:/Users/Administrator/Desktop/SVN/knowledgeCity/common/enhance.py", line 268, in getTrace() 
[06] File "C:/Users/Administrator/Desktop/SVN/knowledgeCity/common/enhance.py", line 248, in getThreadStack()
[WARN]2021-04-26 09:16:07,872: clear alarm obj=DOOR40, typeId=39998, id=6085365cc46a9bdcd0d5f0ee
[WARN]2021-04-26 09:16:08,211: clear alarm obj=DOOR41, typeId=39998, id=6085365cc46a9bdcd0d5f0f0
[WARN]2021-04-26 09:16:08,471: clear alarm obj=DOOR23, typeId=39998, id=6085366ac46a9bdcd0d5f106
[WARN]2021-04-26 09:16:08,783: clear alarm obj=DOOR08, typeId=39998, id=6085366ac46a9bdcd0d5f108
[WARN]2021-04-26 09:16:09,052: clear alarm obj=DOOR09, typeId=39998, id=6085366ac46a9bdcd0d5f10a
[WARN]2021-04-26 09:16:09,227: clear alarm obj=DOOR15, typeId=39998, id=6085366ac46a9bdcd0d5f10c
[WARN]2021-04-26 09:16:09,479: clear alarm obj=DOOR07, typeId=39998, id=6085366ac46a9bdcd0d5f10e
[WARN]2021-04-26 09:16:09,763: clear alarm obj=DOOR04, typeId=39998, id=6085366bc46a9bdcd0d5f110
[WARN]2021-04-26 09:16:10,203: clear alarm obj=DOOR06, typeId=39998, id=6085366bc46a9bdcd0d5f113
[WARN]2021-04-26 09:16:10,376: clear alarm obj=DOOR17, typeId=39998, id=6085366bc46a9bdcd0d5f115
[WARN]2021-04-26 09:16:10,578: clear alarm obj=DOOR18, typeId=39998, id=6085366bc46a9bdcd0d5f117
[WARN]2021-04-26 09:16:10,842: clear alarm obj=DOOR20, typeId=39998, id=6085366bc46a9bdcd0d5f119
[WARN]2021-04-26 09:16:11,154: clear alarm obj=DOOR25, typeId=39998, id=6085366bc46a9bdcd0d5f11b
[WARN]2021-04-26 09:16:11,448: clear alarm obj=DOOR27, typeId=39998, id=6085366bc46a9bdcd0d5f11d
[DEBUG]2021-04-26 09:16:11,960: send http_get: http://127.0.0.1:8999/api/remoteio/readDOList?id=upStation01
[DEBUG]2021-04-26 09:16:12,237: [return] use 277 ms,http_get: http://127.0.0.1:8999/api/remoteio/readDOList?id=upStation01
[DEBUG]2021-04-26 09:16:12,313: send http_get: http://127.0.0.1:8999/api/remoteio/readDOList?id=downStation01
[DEBUG]2021-04-26 09:16:12,565: [return] use 252 ms,http_get: http://127.0.0.1:8999/api/remoteio/readDOList?id=downStation01
[INFO]2021-04-26 09:16:12,672: init IO success
[DEBUG]2021-04-26 09:16:12,734: send http_get: http://127.0.0.1:8999/api/remoteio/readDOList?id=upStation01
[DEBUG]2021-04-26 09:16:13,011: [return] use 277 ms,http_get: http://127.0.0.1:8999/api/remoteio/readDOList?id=upStation01
[DEBUG]2021-04-26 09:16:13,105: send http_get: http://127.0.0.1:8999/api/remoteio/readDOList?id=downStation01
[DEBUG]2021-04-26 09:16:13,557: [return] use 452 ms,http_get: http://127.0.0.1:8999/api/remoteio/readDOList?id=downStation01
[INFO]2021-04-26 09:16:13,665: AAS产线 upStation01 [0, 0, 0, 0, 0, 0, 0, 0] downStation01 [0, 0, 0, 0, 0, 0, 0, 0]
[INFO]2021-04-26 09:16:14,875: remoteio is alarm: ['upStation01', 'downStation01']
[INFO]2021-04-26 09:16:19,576: remoteio is alarm: ['upStation01', 'downStation01']
[INFO]2021-04-26 09:16:30,665: remoteio is alarm: ['upStation01', 'downStation01']
[INFO]2021-04-26 09:16:41,829: remoteio is alarm: ['upStation01', 'downStation01']
[INFO]2021-04-26 09:16:53,207: remoteio is alarm: ['upStation01', 'downStation01']
[ERROR]2021-04-26 09:16:56,642: raise alarm obj=DOOR40, typeId=39998, desc=门控离线异常, id=60861488c46a9bdcd0d5f2a3
[ERROR]2021-04-26 09:16:56,766: raise alarm obj=DOOR41, typeId=39998, desc=门控离线异常, id=60861488c46a9bdcd0d5f2a5
[ERROR]2021-04-26 09:16:56,878: raise alarm obj=DOOR23, typeId=39998, desc=门控离线异常, id=60861488c46a9bdcd0d5f2a7
[ERROR]2021-04-26 09:16:56,988: raise alarm obj=DOOR08, typeId=39998, desc=门控离线异常, id=60861488c46a9bdcd0d5f2a9
[ERROR]2021-04-26 09:16:57,098: raise alarm obj=DOOR09, typeId=39998, desc=门控离线异常, id=60861489c46a9bdcd0d5f2ab
[ERROR]2021-04-26 09:16:57,175: raise alarm obj=DOOR15, typeId=39998, desc=门控离线异常, id=60861489c46a9bdcd0d5f2ad
[ERROR]2021-04-26 09:16:57,303: raise alarm obj=DOOR07, typeId=39998, desc=门控离线异常, id=60861489c46a9bdcd0d5f2af
[ERROR]2021-04-26 09:16:57,353: raise alarm obj=DOOR04, typeId=39998, desc=门控离线异常, id=60861489c46a9bdcd0d5f2b1
[ERROR]2021-04-26 09:16:57,397: raise alarm obj=DOOR06, typeId=39998, desc=门控离线异常, id=60861489c46a9bdcd0d5f2b3
[ERROR]2021-04-26 09:16:57,461: raise alarm obj=DOOR17, typeId=39998, desc=门控离线异常, id=60861489c46a9bdcd0d5f2b5
[ERROR]2021-04-26 09:16:57,525: raise alarm obj=DOOR18, typeId=39998, desc=门控离线异常, id=60861489c46a9bdcd0d5f2b7
[ERROR]2021-04-26 09:16:57,602: raise alarm obj=DOOR20, typeId=39998, desc=门控离线异常, id=60861489c46a9bdcd0d5f2b9
[ERROR]2021-04-26 09:16:57,760: raise alarm obj=DOOR25, typeId=39998, desc=门控离线异常, id=60861489c46a9bdcd0d5f2bb
[ERROR]2021-04-26 09:16:58,044: raise alarm obj=DOOR27, typeId=39998, desc=门控离线异常, id=60861489c46a9bdcd0d5f2be
[ERROR]2021-04-26 09:17:02,846: raise alarm obj=DOOR13, typeId=39998, desc=门控离线异常, id=6086148ec46a9bdcd0d5f2c7
[INFO]2021-04-26 09:17:04,171: remoteio is alarm: ['upStation01', 'downStation01', 'DOOR40', 'DOOR41', 'DOOR23', 'DOOR08', 'DOOR09', 'DOOR15', 'DOOR07', 'DOOR04', 'DOOR06', 'DOOR17', 'DOOR18', 'DOOR20', 'DOOR25', 'DOOR27', 'DOOR13']
[WARN]2021-04-26 09:17:07,881: clear alarm obj=DOOR13, typeId=39998, id=6086148ec46a9bdcd0d5f2c7
[INFO]2021-04-26 09:17:15,467: remoteio is alarm: ['upStation01', 'downStation01', 'DOOR40', 'DOOR41', 'DOOR23', 'DOOR08', 'DOOR09', 'DOOR15', 'DOOR07', 'DOOR04', 'DOOR06', 'DOOR17', 'DOOR18', 'DOOR20', 'DOOR25', 'DOOR27']
[INFO]2021-04-26 09:17:26,945: remoteio is alarm: ['upStation01', 'downStation01', 'DOOR40', 'DOOR41', 'DOOR23', 'DOOR08', 'DOOR09', 'DOOR15', 'DOOR07', 'DOOR04', 'DOOR06', 'DOOR17', 'DOOR18', 'DOOR20', 'DOOR25', 'DOOR27']
[INFO]2021-04-26 09:17:38,354: remoteio is alarm: ['upStation01', 'downStation01', 'DOOR40', 'DOOR41', 'DOOR23', 'DOOR08', 'DOOR09', 'DOOR15', 'DOOR07', 'DOOR04', 'DOOR06', 'DOOR17', 'DOOR18', 'DOOR20', 'DOOR25', 'DOOR27']
[INFO]2021-04-26 09:17:49,647: remoteio is alarm: ['upStation01', 'downStation01', 'DOOR40', 'DOOR41', 'DOOR23', 'DOOR08', 'DOOR09', 'DOOR15', 'DOOR07', 'DOOR04', 'DOOR06', 'DOOR17', 'DOOR18', 'DOOR20', 'DOOR25', 'DOOR27']
[INFO]2021-04-26 09:18:00,956: remoteio is alarm: ['upStation01', 'downStation01', 'DOOR40', 'DOOR41', 'DOOR23', 'DOOR08', 'DOOR09', 'DOOR15', 'DOOR07', 'DOOR04', 'DOOR06', 'DOOR17', 'DOOR18', 'DOOR20', 'DOOR25', 'DOOR27']
[ERROR]2021-04-26 09:18:11,369: raise alarm obj=DOOR13, typeId=39998, desc=门控离线异常, id=608614d3c46a9bdcd0d5f329
[INFO]2021-04-26 09:18:12,620: remoteio is alarm: ['upStation01', 'downStation01', 'DOOR40', 'DOOR41', 'DOOR23', 'DOOR08', 'DOOR09', 'DOOR15', 'DOOR07', 'DOOR04', 'DOOR06', 'DOOR17', 'DOOR18', 'DOOR20', 'DOOR25', 'DOOR27', 'DOOR13']
[WARN]2021-04-26 09:18:16,227: clear alarm obj=DOOR13, typeId=39998, id=608614d3c46a9bdcd0d5f329
[INFO]2021-04-26 09:18:23,575: remoteio is alarm: ['upStation01', 'downStation01', 'DOOR40', 'DOOR41', 'DOOR23', 'DOOR08', 'DOOR09', 'DOOR15', 'DOOR07', 'DOOR04', 'DOOR06', 'DOOR17', 'DOOR18', 'DOOR20', 'DOOR25', 'DOOR27']
[DEBUG]2021-04-26 09:18:31,567: GET: http://127.0.0.1:8999/api/scada/addTask?source=%E4%B8%89%E6%A5%BC%E4%B8%8A%E6%96%99%E7%82%B9&target=%E4%B8%89%E6%A5%BC%E4%B8%8B%E6%96%99%E7%82%B9 addr: 127.0.0.1
[INFO]2021-04-26 09:18:31,645: Scada send a task to the server from 三楼上料点 to 三楼下料点 payloadId: None
[INFO]2021-04-26 09:18:31,735: create task[608614e70815075f13b4e679]: type= scadaTask , 从三楼上料点运送货架到三楼下料点 {'source': '三楼上料点', 'target': '三楼下料点', 'payloadId': None, 'priority': 1, 'type': 'scadaTask', 'taskName': '从三楼上料点运送货架到三楼下料点', 'createTime': datetime.datetime(2021, 4, 26, 9, 18, 31, 693145), 'updateTime': datetime.datetime(2021, 4, 26, 9, 18, 31, 693145), 'startTime': None, 'endTime': None, 'status': 'waiting', 'step': 'waiting', 'msg': None, 'history': [], '_id': ObjectId('608614e70815075f13b4e679')}
[INFO]2021-04-26 09:18:31,803: 三楼下料点 三楼上料点
[INFO]2021-04-26 09:18:32,010: task[608614e70815075f13b4e679][-] AP666(LM101) -> AP668(LM115) [waiting] is inside False
[INFO]2021-04-26 09:18:32,090: task cmd: got a task from scada task[608614e70815075f13b4e679][-] AP666(LM101) -> AP668(LM115) [waiting]
[DEBUG]2021-04-26 09:18:32,169: used 602ms 200 OK application/json;charset=utf-8, GET: http://127.0.0.1:8999/api/scada/addTask?source=%E4%B8%89%E6%A5%BC%E4%B8%8A%E6%96%99%E7%82%B9&target=%E4%B8%89%E6%A5%BC%E4%B8%8B%E6%96%99%E7%82%B9
[DEBUG]2021-04-26 09:18:32,327: GET: http://127.0.0.1:8999/favicon.ico addr: 127.0.0.1
[DEBUG]2021-04-26 09:18:32,423: used 96ms 200 OK , GET: http://127.0.0.1:8999/favicon.ico
[INFO]2021-04-26 09:18:33,580: task[608614e70815075f13b4e679]:  start {'failMsg': '任务等待执行', 'startTime': datetime.datetime(2021, 4, 26, 9, 18, 33, 548182), 'updateTime': datetime.datetime(2021, 4, 26, 9, 18, 33, 548182), 'status': 'running'}
[INFO]2021-04-26 09:18:33,675: task: start task[608614e70815075f13b4e679][-] AP666(LM101) -> AP668(LM115) [waiting]
[INFO]2021-04-26 09:18:33,723: this is handle taskStep=============>waiting
[INFO]2021-04-26 09:18:33,785: task[608614e70815075f13b4e679] update info: {'failMsg': '等待分配小车', 'updateTime': datetime.datetime(2021, 4, 26, 9, 18, 33, 770585)}
[DEBUG]2021-04-26 09:18:33,865: task[608614e70815075f13b4e679][-] AP666(LM101) -> AP668(LM115) [waitForAgv] waiting -> waitForAgv
[CRITICAL]2021-04-26 09:18:33,946: invoke <function scadaTask._taskFunc at 0x0000015155921598> cause a error: 'akmTaskMgr' object has no attribute 'save'
pid=13360, ppid=84, tid=1760
Traceback (most recent call last):
  File "C:\Users\Administrator\Desktop\SVN\knowledgeCity\common\utility.py", line 167, in __call
    return func(*p,**pp)
  File "C:\Users\Administrator\Desktop\SVN\knowledgeCity\autoCtrl\runTasks.py", line 932, in _taskFunc
    g_taskMgr.save()
AttributeError: 'akmTaskMgr' object has no attribute 'save'

[INFO]2021-04-26 09:18:36,009: remoteio is alarm: ['upStation01', 'downStation01', 'DOOR40', 'DOOR41', 'DOOR23', 'DOOR08', 'DOOR09', 'DOOR15', 'DOOR07', 'DOOR04', 'DOOR06', 'DOOR17', 'DOOR18', 'DOOR20', 'DOOR25', 'DOOR27']
[INFO]2021-04-26 09:18:45,195: remoteio is alarm: ['upStation01', 'downStation01', 'DOOR40', 'DOOR41', 'DOOR23', 'DOOR08', 'DOOR09', 'DOOR15', 'DOOR07', 'DOOR04', 'DOOR06', 'DOOR17', 'DOOR18', 'DOOR20', 'DOOR25', 'DOOR27']
[INFO]2021-04-26 09:18:56,422: remoteio is alarm: ['upStation01', 'downStation01', 'DOOR40', 'DOOR41', 'DOOR23', 'DOOR08', 'DOOR09', 'DOOR15', 'DOOR07', 'DOOR04', 'DOOR06', 'DOOR17', 'DOOR18', 'DOOR20', 'DOOR25', 'DOOR27']
[INFO]2021-04-26 09:19:07,820: remoteio is alarm: ['upStation01', 'downStation01', 'DOOR40', 'DOOR41', 'DOOR23', 'DOOR08', 'DOOR09', 'DOOR15', 'DOOR07', 'DOOR04', 'DOOR06', 'DOOR17', 'DOOR18', 'DOOR20', 'DOOR25', 'DOOR27']
[ERROR]2021-04-26 09:19:18,188: raise alarm obj=DOOR13, typeId=39998, desc=门控离线异常, id=60861516c46a9bdcd0d5f392
[INFO]2021-04-26 09:19:19,561: remoteio is alarm: ['upStation01', 'downStation01', 'DOOR40', 'DOOR41', 'DOOR23', 'DOOR08', 'DOOR09', 'DOOR15', 'DOOR07', 'DOOR04', 'DOOR06', 'DOOR17', 'DOOR18', 'DOOR20', 'DOOR25', 'DOOR27', 'DOOR13']
[WARN]2021-04-26 09:19:25,160: clear alarm obj=DOOR13, typeId=39998, id=60861516c46a9bdcd0d5f392
[INFO]2021-04-26 09:19:30,807: remoteio is alarm: ['upStation01', 'downStation01', 'DOOR40', 'DOOR41', 'DOOR23', 'DOOR08', 'DOOR09', 'DOOR15', 'DOOR07', 'DOOR04', 'DOOR06', 'DOOR17', 'DOOR18', 'DOOR20', 'DOOR25', 'DOOR27']
[INFO]2021-04-26 09:19:42,204: remoteio is alarm: ['upStation01', 'downStation01', 'DOOR40', 'DOOR41', 'DOOR23', 'DOOR08', 'DOOR09', 'DOOR15', 'DOOR07', 'DOOR04', 'DOOR06', 'DOOR17', 'DOOR18', 'DOOR20', 'DOOR25', 'DOOR27']
[INFO]2021-04-26 09:19:53,566: remoteio is alarm: ['upStation01', 'downStation01', 'DOOR40', 'DOOR41', 'DOOR23', 'DOOR08', 'DOOR09', 'DOOR15', 'DOOR07', 'DOOR04', 'DOOR06', 'DOOR17', 'DOOR18', 'DOOR20', 'DOOR25', 'DOOR27']
[INFO]2021-04-26 09:20:04,890: remoteio is alarm: ['upStation01', 'downStation01', 'DOOR40', 'DOOR41', 'DOOR23', 'DOOR08', 'DOOR09', 'DOOR15', 'DOOR07', 'DOOR04', 'DOOR06', 'DOOR17', 'DOOR18', 'DOOR20', 'DOOR25', 'DOOR27']
[INFO]2021-04-26 09:20:16,145: remoteio is alarm: ['upStation01', 'downStation01', 'DOOR40', 'DOOR41', 'DOOR23', 'DOOR08', 'DOOR09', 'DOOR15', 'DOOR07', 'DOOR04', 'DOOR06', 'DOOR17', 'DOOR18', 'DOOR20', 'DOOR25', 'DOOR27']
[ERROR]2021-04-26 09:20:26,209: raise alarm obj=DOOR13, typeId=39998, desc=门控离线异常, id=6086155ac46a9bdcd0d5f3ee
[INFO]2021-04-26 09:20:27,456: remoteio is alarm: ['upStation01', 'downStation01', 'DOOR40', 'DOOR41', 'DOOR23', 'DOOR08', 'DOOR09', 'DOOR15', 'DOOR07', 'DOOR04', 'DOOR06', 'DOOR17', 'DOOR18', 'DOOR20', 'DOOR25', 'DOOR27', 'DOOR13']
[WARN]2021-04-26 09:20:33,330: clear alarm obj=DOOR13, typeId=39998, id=6086155ac46a9bdcd0d5f3ee
[INFO]2021-04-26 09:20:38,756: remoteio is alarm: ['upStation01', 'downStation01', 'DOOR40', 'DOOR41', 'DOOR23', 'DOOR08', 'DOOR09', 'DOOR15', 'DOOR07', 'DOOR04', 'DOOR06', 'DOOR17', 'DOOR18', 'DOOR20', 'DOOR25', 'DOOR27']
[INFO]2021-04-26 09:20:49,998: remoteio is alarm: ['upStation01', 'downStation01', 'DOOR40', 'DOOR41', 'DOOR23', 'DOOR08', 'DOOR09', 'DOOR15', 'DOOR07', 'DOOR04', 'DOOR06', 'DOOR17', 'DOOR18', 'DOOR20', 'DOOR25', 'DOOR27']
[INFO]2021-04-26 09:21:01,253: remoteio is alarm: ['upStation01', 'downStation01', 'DOOR40', 'DOOR41', 'DOOR23', 'DOOR08', 'DOOR09', 'DOOR15', 'DOOR07', 'DOOR04', 'DOOR06', 'DOOR17', 'DOOR18', 'DOOR20', 'DOOR25', 'DOOR27']
[INFO]2021-04-26 09:21:12,436: remoteio is alarm: ['upStation01', 'downStation01', 'DOOR40', 'DOOR41', 'DOOR23', 'DOOR08', 'DOOR09', 'DOOR15', 'DOOR07', 'DOOR04', 'DOOR06', 'DOOR17', 'DOOR18', 'DOOR20', 'DOOR25', 'DOOR27']
[INFO]2021-04-26 09:21:23,725: remoteio is alarm: ['upStation01', 'downStation01', 'DOOR40', 'DOOR41', 'DOOR23', 'DOOR08', 'DOOR09', 'DOOR15', 'DOOR07', 'DOOR04', 'DOOR06', 'DOOR17', 'DOOR18', 'DOOR20', 'DOOR25', 'DOOR27']
[ERROR]2021-04-26 09:21:33,766: raise alarm obj=DOOR13, typeId=39998, desc=门控离线异常, id=6086159dc46a9bdcd0d5f44c
[INFO]2021-04-26 09:21:35,206: remoteio is alarm: ['upStation01', 'downStation01', 'DOOR40', 'DOOR41', 'DOOR23', 'DOOR08', 'DOOR09', 'DOOR15', 'DOOR07', 'DOOR04', 'DOOR06', 'DOOR17', 'DOOR18', 'DOOR20', 'DOOR25', 'DOOR27', 'DOOR13']
[WARN]2021-04-26 09:21:41,782: clear alarm obj=DOOR13, typeId=39998, id=6086159dc46a9bdcd0d5f44c
[INFO]2021-04-26 09:21:46,406: remoteio is alarm: ['upStation01', 'downStation01', 'DOOR40', 'DOOR41', 'DOOR23', 'DOOR08', 'DOOR09', 'DOOR15', 'DOOR07', 'DOOR04', 'DOOR06', 'DOOR17', 'DOOR18', 'DOOR20', 'DOOR25', 'DOOR27']
[INFO]2021-04-26 09:21:57,748: remoteio is alarm: ['upStation01', 'downStation01', 'DOOR40', 'DOOR41', 'DOOR23', 'DOOR08', 'DOOR09', 'DOOR15', 'DOOR07', 'DOOR04', 'DOOR06', 'DOOR17', 'DOOR18', 'DOOR20', 'DOOR25', 'DOOR27']
[INFO]2021-04-26 09:22:09,154: remoteio is alarm: ['upStation01', 'downStation01', 'DOOR40', 'DOOR41', 'DOOR23', 'DOOR08', 'DOOR09', 'DOOR15', 'DOOR07', 'DOOR04', 'DOOR06', 'DOOR17', 'DOOR18', 'DOOR20', 'DOOR25', 'DOOR27']
[INFO]2021-04-26 09:22:20,421: remoteio is alarm: ['upStation01', 'downStation01', 'DOOR40', 'DOOR41', 'DOOR23', 'DOOR08', 'DOOR09', 'DOOR15', 'DOOR07', 'DOOR04', 'DOOR06', 'DOOR17', 'DOOR18', 'DOOR20', 'DOOR25', 'DOOR27']
[INFO]2021-04-26 09:22:31,623: remoteio is alarm: ['upStation01', 'downStation01', 'DOOR40', 'DOOR41', 'DOOR23', 'DOOR08', 'DOOR09', 'DOOR15', 'DOOR07', 'DOOR04', 'DOOR06', 'DOOR17', 'DOOR18', 'DOOR20', 'DOOR25', 'DOOR27']
[ERROR]2021-04-26 09:22:41,865: raise alarm obj=DOOR13, typeId=39998, desc=门控离线异常, id=608615e1c46a9bdcd0d5f4aa
[INFO]2021-04-26 09:22:43,215: remoteio is alarm: ['upStation01', 'downStation01', 'DOOR40', 'DOOR41', 'DOOR23', 'DOOR08', 'DOOR09', 'DOOR15', 'DOOR07', 'DOOR04', 'DOOR06', 'DOOR17', 'DOOR18', 'DOOR20', 'DOOR25', 'DOOR27', 'DOOR13']
[WARN]2021-04-26 09:22:50,817: clear alarm obj=DOOR13, typeId=39998, id=608615e1c46a9bdcd0d5f4aa
[INFO]2021-04-26 09:22:54,381: remoteio is alarm: ['upStation01', 'downStation01', 'DOOR40', 'DOOR41', 'DOOR23', 'DOOR08', 'DOOR09', 'DOOR15', 'DOOR07', 'DOOR04', 'DOOR06', 'DOOR17', 'DOOR18', 'DOOR20', 'DOOR25', 'DOOR27']
[INFO]2021-04-26 09:23:05,693: remoteio is alarm: ['upStation01', 'downStation01', 'DOOR40', 'DOOR41', 'DOOR23', 'DOOR08', 'DOOR09', 'DOOR15', 'DOOR07', 'DOOR04', 'DOOR06', 'DOOR17', 'DOOR18', 'DOOR20', 'DOOR25', 'DOOR27']
