[INFO]2021-02-26 10:10:57,763: log files at D:\akm\common\log
[INFO]2021-02-26 10:10:57,764: find module agvCtrl.main_agv
[INFO]2021-02-26 10:10:57,765: find module agvDevice.main_agvDevice
[INFO]2021-02-26 10:10:57,766: find module alarm.main_alarm
[INFO]2021-02-26 10:10:57,766: find module auth.main_auth
[INFO]2021-02-26 10:10:57,767: find module button.main_button
[INFO]2021-02-26 10:10:57,768: find module door.main_door
[INFO]2021-02-26 10:10:57,769: find module elevator.main_elevator
[INFO]2021-02-26 10:10:57,770: find module remoteio.main_remoteio
[INFO]2021-02-26 10:10:57,772: import agvCtrl.main_agv
[ERROR]2021-02-26 10:10:57,963: mongo db is disabled
[INFO]2021-02-26 10:10:58,499: create lock <lock name:doorMgr.lock,<unlocked _thread.RLock object owner=0 count=0 at 0x000001BC7062B690>>
[INFO]2021-02-26 10:10:58,503: create lock <lock name:door.lock,<unlocked _thread.RLock object owner=0 count=0 at 0x000001BC7062BED0>>
[INFO]2021-02-26 10:10:58,707: create lock <lock name:timer.lock_1908855151248,<unlocked _thread.RLock object owner=0 count=0 at 0x000001BC70A21C00>>
[ERROR]2021-02-26 10:10:58,725: mqtt is disabled
[INFO]2021-02-26 10:10:58,727: mqtt: subscribe [alarm/raise/+]
[INFO]2021-02-26 10:10:58,729: mqtt: subscribe [alarm/clear/+]
[INFO]2021-02-26 10:10:58,798: create lock <lock name:elevatorApi.g_lock,<unlocked _thread.RLock object owner=0 count=0 at 0x000001BC70BF2030>>
[INFO]2021-02-26 10:10:58,801: create lock <lock name:elevatorMgr.lock,<unlocked _thread.RLock object owner=0 count=0 at 0x000001BC70BEB3F0>>
[INFO]2021-02-26 10:10:58,818: create lock <lock name:agvserver,<unlocked _thread.RLock object owner=0 count=0 at 0x000001BC70C8BBD0>>
[INFO]2021-02-26 10:10:59,064: create lock <lock name:mapMgr.lock,<unlocked _thread.RLock object owner=0 count=0 at 0x000001BC70C50900>>
[INFO]2021-02-26 10:10:59,095: create lock <lock name:agvList.g_agvLock,<unlocked _thread.RLock object owner=0 count=0 at 0x000001BC70D69900>>
[INFO]2021-02-26 10:10:59,101: create lock <lock name:taskList.lock,<unlocked _thread.RLock object owner=0 count=0 at 0x000001BC70DAAB10>>
[INFO]2021-02-26 10:10:59,102: charge policy 0 , fix time
[INFO]2021-02-26 10:10:59,108: create lock <lock name:agvApi.g_lock,<unlocked _thread.RLock object owner=0 count=0 at 0x000001BC70DB66F0>>
[INFO]2021-02-26 10:11:00,700: start load map D:\akm\agvCtrl\projects\jacktest\1104.smap
[DEBUG]2021-02-26 10:11:00,713: elevator thread start
[INFO]2021-02-26 10:11:00,740: load map D:\akm\agvCtrl\projects\jacktest\1104.smap ,used 40 ms
[INFO]2021-02-26 10:11:00,743: start load map D:\akm\agvCtrl\projects\jacktest\1116.smap
[INFO]2021-02-26 10:11:00,846: load map D:\akm\agvCtrl\projects\jacktest\1116.smap ,used 103 ms
[INFO]2021-02-26 10:11:00,848: start load map D:\akm\agvCtrl\projects\jacktest\111902.smap
[INFO]2021-02-26 10:11:00,883: load map D:\akm\agvCtrl\projects\jacktest\111902.smap ,used 35 ms
[INFO]2021-02-26 10:11:00,885: start load map D:\akm\agvCtrl\projects\jacktest\1208.smap
[INFO]2021-02-26 10:11:00,991: load map D:\akm\agvCtrl\projects\jacktest\1208.smap ,used 106 ms
[INFO]2021-02-26 10:11:00,993: start load map D:\akm\agvCtrl\projects\jacktest\121.smap
[INFO]2021-02-26 10:11:01,029: load map D:\akm\agvCtrl\projects\jacktest\121.smap ,used 36 ms
[INFO]2021-02-26 10:11:01,031: start load map D:\akm\agvCtrl\projects\jacktest\floor50423.smap
[INFO]2021-02-26 10:11:01,173: load map D:\akm\agvCtrl\projects\jacktest\floor50423.smap ,used 142 ms
[INFO]2021-02-26 10:11:01,176: start load map D:\akm\agvCtrl\projects\jacktest\test0916.smap
[INFO]2021-02-26 10:11:02,539: load map D:\akm\agvCtrl\projects\jacktest\test0916.smap ,used 1364 ms
[INFO]2021-02-26 10:11:02,543: start load map D:\akm\agvCtrl\projects\jacktest\test20210201.smap
[INFO]2021-02-26 10:11:02,653: load map D:\akm\agvCtrl\projects\jacktest\test20210201.smap ,used 110 ms
[INFO]2021-02-26 10:11:02,656: start load map D:\akm\agvCtrl\projects\jacktest\testjack.smap
[INFO]2021-02-26 10:11:06,402: load map D:\akm\agvCtrl\projects\jacktest\testjack.smap ,used 3746 ms
[INFO]2021-02-26 10:11:06,404: start load map D:\akm\agvCtrl\projects\jacktest\untitled_20201015110847.smap
[INFO]2021-02-26 10:11:06,443: load map D:\akm\agvCtrl\projects\jacktest\untitled_20201015110847.smap ,used 39 ms
[INFO]2021-02-26 10:11:06,445: start load map D:\akm\agvCtrl\projects\jacktest\untitled_20201110144754.smap
[INFO]2021-02-26 10:11:06,487: load map D:\akm\agvCtrl\projects\jacktest\untitled_20201110144754.smap ,used 42 ms
[INFO]2021-02-26 10:11:06,489: start load map D:\akm\agvCtrl\projects\jacktest\untitled_20201214142850.smap
[INFO]2021-02-26 10:11:06,646: load map D:\akm\agvCtrl\projects\jacktest\untitled_20201214142850.smap ,used 157 ms
[INFO]2021-02-26 10:11:06,649: start load map D:\akm\agvCtrl\projects\jacktest\untitled_20210104155126.smap
[INFO]2021-02-26 10:11:06,835: load map D:\akm\agvCtrl\projects\jacktest\untitled_20210104155126.smap ,used 186 ms
[WARN]2021-02-26 10:11:06,837: MainThread[tid:1824] <lock name:mapMgr.lock,<locked _thread.RLock object owner=1824 count=1 at 0x000001BC70C50900>> ,hold 7728 ms
[INFO]2021-02-26 10:11:06,840: name=MainThread, pid=10012, tid=1824
[01] File "D:/akm/common/run_all.py", line 57, in <module>() 
[02] File "D:/akm/common/run_all.py", line 39, in findModule() 
[03] File "<frozen importlib._bootstrap>", line 991, in _find_and_load() 
[04] File "<frozen importlib._bootstrap>", line 975, in _find_and_load_unlocked() 
[05] File "<frozen importlib._bootstrap>", line 671, in _load_unlocked() 
[06] File "<frozen importlib._bootstrap_external>", line 783, in exec_module() 
[07] File "<frozen importlib._bootstrap>", line 219, in _call_with_frames_removed() 
[08] File "D:/akm/agvCtrl/main_agv.py", line 22, in <module>() 
[09] File "D:/akm/common/lock.py", line 124, in _call() 
[10] File "D:/akm/common/lock.py", line 102, in release() 
[11] File "D:/akm/common/enhance.py", line 268, in getTrace() 
[12] File "D:/akm/common/enhance.py", line 248, in getThreadStack()
[INFO]2021-02-26 10:11:06,849: import agvDevice.main_agvDevice
[INFO]2021-02-26 10:11:06,851: import alarm.main_alarm
[INFO]2021-02-26 10:11:06,852: import auth.main_auth
[INFO]2021-02-26 10:11:06,867: import button.main_button
[INFO]2021-02-26 10:11:06,881: create lock <lock name:agvApi.g_lock,<unlocked _thread.RLock object owner=0 count=0 at 0x000001BC72C52FC0>>
[INFO]2021-02-26 10:11:06,885: import door.main_door
[INFO]2021-02-26 10:11:06,892: import elevator.main_elevator
[INFO]2021-02-26 10:11:06,894: import remoteio.main_remoteio
[DEBUG]2021-02-26 10:11:06,907: create aliveObj load009 远程控制IO离线异常 timeout 60
[SUCC]2021-02-26 10:11:06,915: utility start, pid=10012, ppid=5900
[DEBUG]2021-02-26 10:11:06,920: create aliveObj unload009 远程控制IO离线异常 timeout 60
[DEBUG]2021-02-26 10:11:06,923: start timer
[DEBUG]2021-02-26 10:11:06,926: create aliveObj load0010 远程控制IO离线异常 timeout 60
[DEBUG]2021-02-26 10:11:06,935: create aliveObj unload0010 远程控制IO离线异常 timeout 60
[INFO]2021-02-26 10:11:06,935: load agv file: D:\akm\agvCtrl/projects/jacktest/agv.cfg
[DEBUG]2021-02-26 10:11:06,941: create aliveObj ZLAN01 远程控制IO离线异常 timeout 60
[INFO]2021-02-26 10:11:06,945: create lock <lock name:agvList.diniu01.lock,<unlocked _thread.RLock object owner=0 count=0 at 0x000001BC72BB1090>>
[DEBUG]2021-02-26 10:11:06,946: create aliveObj ZLAN02 远程控制IO离线异常 timeout 60
[DEBUG]2021-02-26 10:11:06,947: create aliveObj diniu01 AGV离线异常 timeout 300
[DEBUG]2021-02-26 10:11:06,950: create aliveObj ZLAN03 远程控制IO离线异常 timeout 60
[INFO]2021-02-26 10:11:06,952: diniu01 start agvList run thread
[INFO]2021-02-26 10:11:06,953: diniu01 start agvList run2 thread
[DEBUG]2021-02-26 10:11:06,954: create aliveObj ZLAN04 远程控制IO离线异常 timeout 60
[WARN]2021-02-26 10:11:06,955: Local server start! version 3.8.0, path D:\akm\common, pid 10012
[INFO]2021-02-26 10:11:06,955: create lock <lock name:agv.diniu01.lock_status,<unlocked _thread.RLock object owner=0 count=0 at 0x000001BC72D7E3C0>>
[DEBUG]2021-02-26 10:11:06,958: create aliveObj ZLAN05 远程控制IO离线异常 timeout 60
[INFO]2021-02-26 10:11:06,961: add_ignore: taskStatus
[DEBUG]2021-02-26 10:11:06,963: try connect diniu01 192.168.252.237:19204
[DEBUG]2021-02-26 10:11:06,963: create aliveObj ZLANTEST 远程控制IO离线异常 timeout 60
[INFO]2021-02-26 10:11:06,979: diniu01 connected 192.168.252.237 19204
[INFO]2021-02-26 10:11:06,981: create lock <lock name:agv.diniu01.lock_ctrl,<unlocked _thread.RLock object owner=0 count=0 at 0x000001BC72D7E4B0>>
[DEBUG]2021-02-26 10:11:06,983: try connect diniu01 192.168.252.237:19205
[INFO]2021-02-26 10:11:06,993: diniu01 connected 192.168.252.237 19205
[INFO]2021-02-26 10:11:06,995: create lock <lock name:agv.diniu01.lock_task,<unlocked _thread.RLock object owner=0 count=0 at 0x000001BC72D7EB70>>
[DEBUG]2021-02-26 10:11:06,997: try connect diniu01 192.168.252.237:19206
[INFO]2021-02-26 10:11:07,015: diniu01 connected 192.168.252.237 19206
[INFO]2021-02-26 10:11:07,017: create lock <lock name:agv.diniu01.lock_conf,<unlocked _thread.RLock object owner=0 count=0 at 0x000001BC72D7EED0>>
[DEBUG]2021-02-26 10:11:07,019: try connect diniu01 192.168.252.237:19207
[INFO]2021-02-26 10:11:07,050: diniu01 connected 192.168.252.237 19207
[INFO]2021-02-26 10:11:07,053: create lock <lock name:agv.diniu01.lock_core,<unlocked _thread.RLock object owner=0 count=0 at 0x000001BC71E58960>>
[DEBUG]2021-02-26 10:11:07,054: try connect diniu01 192.168.252.237:19208
[INFO]2021-02-26 10:11:07,066: diniu01 connected 192.168.252.237 19208
[INFO]2021-02-26 10:11:07,068: create lock <lock name:agv.diniu01.lock_other,<unlocked _thread.RLock object owner=0 count=0 at 0x000001BC71E58A80>>
[DEBUG]2021-02-26 10:11:07,070: try connect diniu01 192.168.252.237:19210
[INFO]2021-02-26 10:11:07,085: diniu01 connected 192.168.252.237 19210
[INFO]2021-02-26 10:11:07,129: diniu01 current map test20210201
[INFO]2021-02-26 10:11:07,157: diniu01 is online
[WARN]2021-02-26 10:11:09,935: diniu01 low battery charge,batteryLevel= 0.490 start charge level= 0.500
[WARN]2021-02-26 10:11:09,938: diniu01 battery 0.490 check failed: no_idle_2.981
[WARN]2021-02-26 10:11:19,947: diniu01 low battery charge,batteryLevel= 0.490 start charge level= 0.500
[INFO]2021-02-26 10:11:19,949: diniu01 battery 0.490 check success
[INFO]2021-02-26 10:11:19,967: Begin: diniu01 move from test20210201.2 to test20210201.10 by paths: [('test20210201', ['2', '1', '4', '5', '14', '16', '18', '20', '21', '13', '12', '11', '10'], 67.11345326059843)] task: charge_1 timeout 3600 used 11 ms
[INFO]2021-02-26 10:11:19,969: diniu01 start go charge,batteryLevel= 0.490 ,charge point= 10
[DEBUG]2021-02-26 10:11:20,958: agvInfo: diniu01 test20210201.2 move to test20210201.10 ,taskId charge_1
[INFO]2021-02-26 10:11:20,991: change status to waitNext:  10 10
[INFO]2021-02-26 10:11:21,496: waitNext 1----   ['2', '1', '4', '5', '14', '16', '18', '20', '21', '13', '12', '11', '10']
[INFO]2021-02-26 10:11:21,502: waitNext 2---  None
[INFO]2021-02-26 10:11:22,005: waitNext 1----  10 ['2', '1', '4', '5', '14', '16', '18', '20', '21', '13', '12', '11', '10']
[INFO]2021-02-26 10:11:22,007: change status to waitFinish:  10 10
[DEBUG]2021-02-26 10:11:34,233: diniu01 set loc test20210201.1 ,old 2 (-0.13,0.03)
