[INFO]2021-02-26 10:11:56,035: log files at D:\akm\common\log
[INFO]2021-02-26 10:11:56,036: add_ignore: taskStatus
[INFO]2021-02-26 10:12:16,880: name=MainThread, pid=8184, tid=5568
[01] File "D:/akm/common/run_all.py", line 60, in <module>() 
[02] File "D:/akm/common/webutility.py", line 324, in run() 
[03] File "C:/Python38/lib/site-packages/bottle.py", line 3092, in run() 
[04] File "D:/akm/common/utility.py", line 598, in exit() 
[05] File "D:/akm/common/enhance.py", line 266, in getTrace() 
[06] File "D:/akm/common/enhance.py", line 248, in getThreadStack()
[INFO]2021-02-26 10:12:16,889: lock info: count 0

try lock info: count 0
[ERROR]2021-02-26 10:12:16,897: user press Ctrl+C, print thread stack
[INFO]2021-02-26 10:13:52,838: name=MainThread, pid=8184, tid=5568
[01] File "D:/akm/common/run_all.py", line 60, in <module>() 
[02] File "D:/akm/common/webutility.py", line 324, in run() 
[03] File "C:/Python38/lib/site-packages/bottle.py", line 3092, in run() 
[04] File "D:/akm/common/utility.py", line 598, in exit() 
[05] File "D:/akm/common/enhance.py", line 266, in getTrace() 
[06] File "D:/akm/common/enhance.py", line 248, in getThreadStack()
[INFO]2021-02-26 10:13:52,840: lock info: count 0

try lock info: count 0
[ERROR]2021-02-26 10:13:52,841: user press Ctrl+C, print thread stack
[INFO]2021-02-26 10:13:53,971: name=MainThread, pid=8184, tid=5568
[01] File "D:/akm/common/run_all.py", line 60, in <module>() 
[02] File "D:/akm/common/webutility.py", line 324, in run() 
[03] File "C:/Python38/lib/site-packages/bottle.py", line 3092, in run() 
[04] File "D:/akm/common/utility.py", line 598, in exit() 
[05] File "D:/akm/common/enhance.py", line 266, in getTrace() 
[06] File "D:/akm/common/enhance.py", line 248, in getThreadStack()
[INFO]2021-02-26 10:13:53,976: lock info: count 0

try lock info: count 0
[ERROR]2021-02-26 10:13:53,978: user press Ctrl+C, print thread stack
