[INFO]2021-02-26 10:26:53,954: log files at D:\akm\common\log
[INFO]2021-02-26 10:26:53,956: find module agvCtrl.main_agv
[INFO]2021-02-26 10:26:53,957: find module agvDevice.main_agvDevice
[INFO]2021-02-26 10:26:53,958: find module alarm.main_alarm
[INFO]2021-02-26 10:26:53,959: find module auth.main_auth
[INFO]2021-02-26 10:26:53,959: find module button.main_button
[INFO]2021-02-26 10:26:53,960: find module door.main_door
[INFO]2021-02-26 10:26:53,961: find module elevator.main_elevator
[INFO]2021-02-26 10:26:53,961: find module remoteio.main_remoteio
[INFO]2021-02-26 10:26:53,962: import agvCtrl.main_agv
[ERROR]2021-02-26 10:26:54,143: mongo db is disabled
[INFO]2021-02-26 10:26:54,618: create lock <lock name:doorMgr.lock,<unlocked _thread.RLock object owner=0 count=0 at 0x000001ED0BB9B690>>
[INFO]2021-02-26 10:26:54,623: create lock <lock name:door.lock,<unlocked _thread.RLock object owner=0 count=0 at 0x000001ED0BB9BED0>>
[INFO]2021-02-26 10:26:54,816: create lock <lock name:timer.lock_2117619620544,<unlocked _thread.RLock object owner=0 count=0 at 0x000001ED0BF71C30>>
[ERROR]2021-02-26 10:26:54,838: mqtt is disabled
[INFO]2021-02-26 10:26:54,840: mqtt: subscribe [alarm/raise/+]
[INFO]2021-02-26 10:26:54,842: mqtt: subscribe [alarm/clear/+]
[INFO]2021-02-26 10:26:54,919: create lock <lock name:elevatorApi.g_lock,<unlocked _thread.RLock object owner=0 count=0 at 0x000001ED0C143060>>
[INFO]2021-02-26 10:26:54,922: create lock <lock name:elevatorMgr.lock,<unlocked _thread.RLock object owner=0 count=0 at 0x000001ED0C13B420>>
[INFO]2021-02-26 10:26:54,939: create lock <lock name:agvserver,<unlocked _thread.RLock object owner=0 count=0 at 0x000001ED0C1DBC00>>
[INFO]2021-02-26 10:26:55,199: create lock <lock name:mapMgr.lock,<unlocked _thread.RLock object owner=0 count=0 at 0x000001ED0C1A0930>>
[INFO]2021-02-26 10:26:55,228: create lock <lock name:agvList.g_agvLock,<unlocked _thread.RLock object owner=0 count=0 at 0x000001ED0C2B9930>>
[INFO]2021-02-26 10:26:55,233: create lock <lock name:taskList.lock,<unlocked _thread.RLock object owner=0 count=0 at 0x000001ED0C2F9B40>>
[INFO]2021-02-26 10:26:55,235: charge policy 0 , fix time
[INFO]2021-02-26 10:26:55,241: create lock <lock name:agvApi.g_lock,<unlocked _thread.RLock object owner=0 count=0 at 0x000001ED0C306720>>
[INFO]2021-02-26 10:26:56,653: start load map D:\akm\agvCtrl\projects\jacktest\1104.smap
[DEBUG]2021-02-26 10:26:56,666: elevator thread start
[INFO]2021-02-26 10:26:56,695: load map D:\akm\agvCtrl\projects\jacktest\1104.smap ,used 42 ms
[INFO]2021-02-26 10:26:56,697: start load map D:\akm\agvCtrl\projects\jacktest\1116.smap
[INFO]2021-02-26 10:26:56,801: load map D:\akm\agvCtrl\projects\jacktest\1116.smap ,used 104 ms
[INFO]2021-02-26 10:26:56,803: start load map D:\akm\agvCtrl\projects\jacktest\111902.smap
[INFO]2021-02-26 10:26:56,837: load map D:\akm\agvCtrl\projects\jacktest\111902.smap ,used 34 ms
[INFO]2021-02-26 10:26:56,840: start load map D:\akm\agvCtrl\projects\jacktest\1208.smap
[INFO]2021-02-26 10:26:56,946: load map D:\akm\agvCtrl\projects\jacktest\1208.smap ,used 106 ms
[INFO]2021-02-26 10:26:56,948: start load map D:\akm\agvCtrl\projects\jacktest\121.smap
[INFO]2021-02-26 10:26:56,981: load map D:\akm\agvCtrl\projects\jacktest\121.smap ,used 33 ms
[INFO]2021-02-26 10:26:56,983: start load map D:\akm\agvCtrl\projects\jacktest\floor50423.smap
[INFO]2021-02-26 10:26:57,125: load map D:\akm\agvCtrl\projects\jacktest\floor50423.smap ,used 142 ms
[INFO]2021-02-26 10:26:57,127: start load map D:\akm\agvCtrl\projects\jacktest\test0916.smap
[INFO]2021-02-26 10:26:58,342: load map D:\akm\agvCtrl\projects\jacktest\test0916.smap ,used 1215 ms
[INFO]2021-02-26 10:26:58,344: start load map D:\akm\agvCtrl\projects\jacktest\test20210201.smap
[INFO]2021-02-26 10:26:58,450: load map D:\akm\agvCtrl\projects\jacktest\test20210201.smap ,used 106 ms
[INFO]2021-02-26 10:26:58,452: start load map D:\akm\agvCtrl\projects\jacktest\testjack.smap
[INFO]2021-02-26 10:27:01,948: load map D:\akm\agvCtrl\projects\jacktest\testjack.smap ,used 3496 ms
[INFO]2021-02-26 10:27:01,950: start load map D:\akm\agvCtrl\projects\jacktest\untitled_20201015110847.smap
[INFO]2021-02-26 10:27:01,988: load map D:\akm\agvCtrl\projects\jacktest\untitled_20201015110847.smap ,used 38 ms
[INFO]2021-02-26 10:27:01,993: start load map D:\akm\agvCtrl\projects\jacktest\untitled_20201110144754.smap
[INFO]2021-02-26 10:27:02,022: load map D:\akm\agvCtrl\projects\jacktest\untitled_20201110144754.smap ,used 30 ms
[INFO]2021-02-26 10:27:02,024: start load map D:\akm\agvCtrl\projects\jacktest\untitled_20201214142850.smap
[INFO]2021-02-26 10:27:02,110: load map D:\akm\agvCtrl\projects\jacktest\untitled_20201214142850.smap ,used 86 ms
[INFO]2021-02-26 10:27:02,112: start load map D:\akm\agvCtrl\projects\jacktest\untitled_20210104155126.smap
[INFO]2021-02-26 10:27:02,202: load map D:\akm\agvCtrl\projects\jacktest\untitled_20210104155126.smap ,used 90 ms
[WARN]2021-02-26 10:27:02,204: MainThread[tid:7964] <lock name:mapMgr.lock,<locked _thread.RLock object owner=7964 count=1 at 0x000001ED0C1A0930>> ,hold 6961 ms
[INFO]2021-02-26 10:27:02,207: name=MainThread, pid=2828, tid=7964
[01] File "D:/akm/common/run_all.py", line 57, in <module>() 
[02] File "D:/akm/common/run_all.py", line 39, in findModule() 
[03] File "<frozen importlib._bootstrap>", line 991, in _find_and_load() 
[04] File "<frozen importlib._bootstrap>", line 975, in _find_and_load_unlocked() 
[05] File "<frozen importlib._bootstrap>", line 671, in _load_unlocked() 
[06] File "<frozen importlib._bootstrap_external>", line 783, in exec_module() 
[07] File "<frozen importlib._bootstrap>", line 219, in _call_with_frames_removed() 
[08] File "D:/akm/agvCtrl/main_agv.py", line 22, in <module>() 
[09] File "D:/akm/common/lock.py", line 124, in _call() 
[10] File "D:/akm/common/lock.py", line 102, in release() 
[11] File "D:/akm/common/enhance.py", line 268, in getTrace() 
[12] File "D:/akm/common/enhance.py", line 248, in getThreadStack()
[INFO]2021-02-26 10:27:02,216: import agvDevice.main_agvDevice
[INFO]2021-02-26 10:27:02,217: import alarm.main_alarm
[INFO]2021-02-26 10:27:02,219: import auth.main_auth
[INFO]2021-02-26 10:27:02,232: import button.main_button
[INFO]2021-02-26 10:27:02,247: create lock <lock name:agvApi.g_lock,<unlocked _thread.RLock object owner=0 count=0 at 0x000001ED0E1AA030>>
[INFO]2021-02-26 10:27:02,250: import door.main_door
[INFO]2021-02-26 10:27:02,255: import elevator.main_elevator
[INFO]2021-02-26 10:27:02,257: import remoteio.main_remoteio
[DEBUG]2021-02-26 10:27:02,270: create aliveObj load009 远程控制IO离线异常 timeout 60
[DEBUG]2021-02-26 10:27:02,280: create aliveObj unload009 远程控制IO离线异常 timeout 60
[SUCC]2021-02-26 10:27:02,280: utility start, pid=2828, ppid=9676
[DEBUG]2021-02-26 10:27:02,282: create aliveObj load0010 远程控制IO离线异常 timeout 60
[DEBUG]2021-02-26 10:27:02,284: start timer
[DEBUG]2021-02-26 10:27:02,286: create aliveObj unload0010 远程控制IO离线异常 timeout 60
[INFO]2021-02-26 10:27:02,290: load agv file: D:\akm\agvCtrl/projects/jacktest/agv.cfg
[DEBUG]2021-02-26 10:27:02,290: create aliveObj ZLAN01 远程控制IO离线异常 timeout 60
[INFO]2021-02-26 10:27:02,294: create lock <lock name:agvList.diniu01.lock,<unlocked _thread.RLock object owner=0 count=0 at 0x000001ED0E2BD7B0>>
[DEBUG]2021-02-26 10:27:02,296: create aliveObj ZLAN02 远程控制IO离线异常 timeout 60
[DEBUG]2021-02-26 10:27:02,298: create aliveObj diniu01 AGV离线异常 timeout 300
[DEBUG]2021-02-26 10:27:02,299: create aliveObj ZLAN03 远程控制IO离线异常 timeout 60
[INFO]2021-02-26 10:27:02,303: diniu01 start agvList run thread
[INFO]2021-02-26 10:27:02,303: diniu01 start agvList run2 thread
[WARN]2021-02-26 10:27:02,304: Local server start! version 3.8.0, path D:\akm\common, pid 2828
[DEBUG]2021-02-26 10:27:02,305: create aliveObj ZLAN04 远程控制IO离线异常 timeout 60
[INFO]2021-02-26 10:27:02,307: create lock <lock name:agv.diniu01.lock_status,<unlocked _thread.RLock object owner=0 count=0 at 0x000001ED0D39DB10>>
[INFO]2021-02-26 10:27:02,309: add_ignore: taskStatus
[DEBUG]2021-02-26 10:27:02,313: create aliveObj ZLAN05 远程控制IO离线异常 timeout 60
[DEBUG]2021-02-26 10:27:02,316: try connect diniu01 192.168.252.237:19204
[DEBUG]2021-02-26 10:27:02,326: create aliveObj ZLANTEST 远程控制IO离线异常 timeout 60
[INFO]2021-02-26 10:27:02,688: diniu01 connected 192.168.252.237 19204
[INFO]2021-02-26 10:27:02,698: create lock <lock name:agv.diniu01.lock_ctrl,<unlocked _thread.RLock object owner=0 count=0 at 0x000001ED0D39DB40>>
[DEBUG]2021-02-26 10:27:02,701: try connect diniu01 192.168.252.237:19205
[INFO]2021-02-26 10:27:03,212: diniu01 connected 192.168.252.237 19205
[INFO]2021-02-26 10:27:03,214: create lock <lock name:agv.diniu01.lock_task,<unlocked _thread.RLock object owner=0 count=0 at 0x000001ED0D39DB70>>
[DEBUG]2021-02-26 10:27:03,216: try connect diniu01 192.168.252.237:19206
[INFO]2021-02-26 10:27:03,294: diniu01 connected 192.168.252.237 19206
[INFO]2021-02-26 10:27:03,296: create lock <lock name:agv.diniu01.lock_conf,<unlocked _thread.RLock object owner=0 count=0 at 0x000001ED0D39DCF0>>
[DEBUG]2021-02-26 10:27:03,298: try connect diniu01 192.168.252.237:19207
[INFO]2021-02-26 10:27:03,312: diniu01 connected 192.168.252.237 19207
[INFO]2021-02-26 10:27:03,313: create lock <lock name:agv.diniu01.lock_core,<unlocked _thread.RLock object owner=0 count=0 at 0x000001ED0D3A5150>>
[DEBUG]2021-02-26 10:27:03,315: try connect diniu01 192.168.252.237:19208
[INFO]2021-02-26 10:27:03,378: diniu01 connected 192.168.252.237 19208
[INFO]2021-02-26 10:27:03,380: create lock <lock name:agv.diniu01.lock_other,<unlocked _thread.RLock object owner=0 count=0 at 0x000001ED0DF989F0>>
[DEBUG]2021-02-26 10:27:03,383: try connect diniu01 192.168.252.237:19210
[INFO]2021-02-26 10:27:03,400: diniu01 connected 192.168.252.237 19210
[INFO]2021-02-26 10:27:03,457: diniu01 current map test20210201
[INFO]2021-02-26 10:27:03,505: diniu01 is online
