[INFO]2021-02-26 14:12:00,524: log files at D:\akm\akmCtrl\log
[ERROR]2021-02-26 14:12:00,525: mongo db is disabled
[INFO]2021-02-26 14:12:01,095: create lock <lock name:doorMgr.lock,<unlocked _thread.RLock object owner=0 count=0 at 0x0000015F57233E10>>
[INFO]2021-02-26 14:12:01,102: create lock <lock name:door.lock,<unlocked _thread.RLock object owner=0 count=0 at 0x0000015F572406C0>>
[INFO]2021-02-26 14:12:01,362: create lock <lock name:timer.lock_1508996126992,<unlocked _thread.RLock object owner=0 count=0 at 0x0000015F572D9930>>
[INFO]2021-02-26 14:12:01,414: create lock <lock name:elevatorMgr.lock,<unlocked _thread.RLock object owner=0 count=0 at 0x0000015F57312180>>
[INFO]2021-02-26 14:12:01,431: create lock <lock name:agvserver,<unlocked _thread.RLock object owner=0 count=0 at 0x0000015F57364870>>
[INFO]2021-02-26 14:12:01,518: create lock <lock name:mapMgr.lock,<unlocked _thread.RLock object owner=0 count=0 at 0x0000015F57316120>>
[INFO]2021-02-26 14:12:01,539: create lock <lock name:agvApi.g_lock,<unlocked _thread.RLock object owner=0 count=0 at 0x0000015F5574DC00>>
[INFO]2021-02-26 14:12:07,737: {'agv': 'diniu01', 'loc': '2', 'result': 0, 'resultDesc': 'success', 'taskId': 'test20210201:2021-02-26 14:12:01----2----2021-02-26 14:12:07', 'timeoutSec': 1200} JackLoad
[INFO]2021-02-26 14:12:10,780: diniu01 2 running+++++++++++++++++++++++++++++
[INFO]2021-02-26 14:12:12,782: diniu01 2 running+++++++++++++++++++++++++++++
[INFO]2021-02-26 14:12:14,784: diniu01 2 running+++++++++++++++++++++++++++++
[INFO]2021-02-26 14:12:16,785: diniu01 2 running+++++++++++++++++++++++++++++
[INFO]2021-02-26 14:12:18,787: diniu01 2 running+++++++++++++++++++++++++++++
[INFO]2021-02-26 14:12:20,790: diniu01 2 running+++++++++++++++++++++++++++++
[INFO]2021-02-26 14:12:22,793: diniu01 2 running+++++++++++++++++++++++++++++
[INFO]2021-02-26 14:12:24,795: diniu01 2 running+++++++++++++++++++++++++++++
[INFO]2021-02-26 14:12:26,797: diniu01 2 running+++++++++++++++++++++++++++++
[INFO]2021-02-26 14:12:28,800: diniu01 2 running+++++++++++++++++++++++++++++
[INFO]2021-02-26 14:12:30,806: diniu01 2 running+++++++++++++++++++++++++++++
[INFO]2021-02-26 14:12:32,808: diniu01 2 running+++++++++++++++++++++++++++++
[INFO]2021-02-26 14:12:34,811: diniu01 2 running+++++++++++++++++++++++++++++
[INFO]2021-02-26 14:12:36,815: diniu01 2 running+++++++++++++++++++++++++++++
[INFO]2021-02-26 14:12:37,193: 2021-02-26 14:12:37.193110 diniu01 2 finish1  ----------------------------
[INFO]2021-02-26 14:12:38,823: {'agv': 'diniu01', 'loc': '9', 'result': 0, 'resultDesc': 'success', 'taskId': 'test20210201:2021-02-26 14:12:01----9----2021-02-26 14:12:38', 'timeoutSec': 1200} JackUnload
[INFO]2021-02-26 14:12:41,865: diniu01 9 running+++++++++++++++++++++++++++++
[INFO]2021-02-26 14:12:43,868: diniu01 9 running+++++++++++++++++++++++++++++
[INFO]2021-02-26 14:12:45,870: diniu01 9 running+++++++++++++++++++++++++++++
[INFO]2021-02-26 14:12:47,873: diniu01 9 running+++++++++++++++++++++++++++++
[INFO]2021-02-26 14:12:49,878: diniu01 9 running+++++++++++++++++++++++++++++
[INFO]2021-02-26 14:12:51,880: diniu01 9 running+++++++++++++++++++++++++++++
[INFO]2021-02-26 14:12:53,884: diniu01 9 running+++++++++++++++++++++++++++++
[INFO]2021-02-26 14:12:55,887: diniu01 9 running+++++++++++++++++++++++++++++
[INFO]2021-02-26 14:12:57,890: diniu01 9 running+++++++++++++++++++++++++++++
[INFO]2021-02-26 14:12:59,893: diniu01 9 running+++++++++++++++++++++++++++++
[INFO]2021-02-26 14:13:01,897: diniu01 9 running+++++++++++++++++++++++++++++
[INFO]2021-02-26 14:13:03,899: diniu01 9 running+++++++++++++++++++++++++++++
[INFO]2021-02-26 14:13:05,902: diniu01 9 running+++++++++++++++++++++++++++++
[INFO]2021-02-26 14:13:07,905: diniu01 9 running+++++++++++++++++++++++++++++
[INFO]2021-02-26 14:13:09,907: diniu01 9 running+++++++++++++++++++++++++++++
[INFO]2021-02-26 14:13:11,910: diniu01 9 running+++++++++++++++++++++++++++++
[INFO]2021-02-26 14:13:13,914: diniu01 9 running+++++++++++++++++++++++++++++
[INFO]2021-02-26 14:13:15,917: diniu01 9 running+++++++++++++++++++++++++++++
[INFO]2021-02-26 14:13:17,920: diniu01 9 running+++++++++++++++++++++++++++++
[INFO]2021-02-26 14:13:19,922: diniu01 9 running+++++++++++++++++++++++++++++
[INFO]2021-02-26 14:13:21,928: diniu01 9 running+++++++++++++++++++++++++++++
[INFO]2021-02-26 14:13:23,933: diniu01 9 running+++++++++++++++++++++++++++++
[INFO]2021-02-26 14:13:25,935: diniu01 9 running+++++++++++++++++++++++++++++
[INFO]2021-02-26 14:13:27,938: diniu01 9 running+++++++++++++++++++++++++++++
[INFO]2021-02-26 14:13:29,941: diniu01 9 running+++++++++++++++++++++++++++++
[INFO]2021-02-26 14:13:31,943: diniu01 9 running+++++++++++++++++++++++++++++
[INFO]2021-02-26 14:13:33,948: diniu01 9 running+++++++++++++++++++++++++++++
[INFO]2021-02-26 14:13:35,951: diniu01 9 running+++++++++++++++++++++++++++++
[INFO]2021-02-26 14:13:37,955: diniu01 9 running+++++++++++++++++++++++++++++
[INFO]2021-02-26 14:13:39,958: diniu01 9 running+++++++++++++++++++++++++++++
[INFO]2021-02-26 14:13:41,961: diniu01 9 running+++++++++++++++++++++++++++++
[INFO]2021-02-26 14:13:43,965: diniu01 9 running+++++++++++++++++++++++++++++
[INFO]2021-02-26 14:13:45,967: diniu01 9 running+++++++++++++++++++++++++++++
[INFO]2021-02-26 14:13:47,988: diniu01 9 running+++++++++++++++++++++++++++++
[INFO]2021-02-26 14:13:49,991: diniu01 9 running+++++++++++++++++++++++++++++
[INFO]2021-02-26 14:13:51,995: diniu01 9 running+++++++++++++++++++++++++++++
[INFO]2021-02-26 14:13:53,999: diniu01 9 running+++++++++++++++++++++++++++++
[INFO]2021-02-26 14:13:56,004: diniu01 9 running+++++++++++++++++++++++++++++
[INFO]2021-02-26 14:13:58,007: diniu01 9 running+++++++++++++++++++++++++++++
[INFO]2021-02-26 14:14:00,009: diniu01 9 running+++++++++++++++++++++++++++++
[INFO]2021-02-26 14:14:02,012: diniu01 9 running+++++++++++++++++++++++++++++
[INFO]2021-02-26 14:14:04,017: diniu01 9 running+++++++++++++++++++++++++++++
[INFO]2021-02-26 14:14:06,019: diniu01 9 running+++++++++++++++++++++++++++++
[INFO]2021-02-26 14:14:08,022: diniu01 9 running+++++++++++++++++++++++++++++
[INFO]2021-02-26 14:14:10,025: diniu01 9 running+++++++++++++++++++++++++++++
[INFO]2021-02-26 14:14:12,027: diniu01 9 running+++++++++++++++++++++++++++++
[INFO]2021-02-26 14:14:14,031: diniu01 9 running+++++++++++++++++++++++++++++
[INFO]2021-02-26 14:14:16,036: diniu01 9 running+++++++++++++++++++++++++++++
[INFO]2021-02-26 14:14:18,038: diniu01 9 running+++++++++++++++++++++++++++++
[INFO]2021-02-26 14:14:20,041: diniu01 9 running+++++++++++++++++++++++++++++
[INFO]2021-02-26 14:14:22,044: diniu01 9 running+++++++++++++++++++++++++++++
[INFO]2021-02-26 14:14:24,047: diniu01 9 running+++++++++++++++++++++++++++++
[INFO]2021-02-26 14:14:26,050: diniu01 9 running+++++++++++++++++++++++++++++
[INFO]2021-02-26 14:14:28,052: diniu01 9 running+++++++++++++++++++++++++++++
[INFO]2021-02-26 14:14:30,055: diniu01 9 running+++++++++++++++++++++++++++++
[INFO]2021-02-26 14:14:32,061: diniu01 9 running+++++++++++++++++++++++++++++
[INFO]2021-02-26 14:14:34,066: diniu01 9 running+++++++++++++++++++++++++++++
[INFO]2021-02-26 14:14:36,069: diniu01 9 running+++++++++++++++++++++++++++++
[INFO]2021-02-26 14:14:38,072: diniu01 9 running+++++++++++++++++++++++++++++
[INFO]2021-02-26 14:14:40,074: diniu01 9 running+++++++++++++++++++++++++++++
[INFO]2021-02-26 14:14:42,077: diniu01 9 running+++++++++++++++++++++++++++++
[INFO]2021-02-26 14:14:44,079: diniu01 9 running+++++++++++++++++++++++++++++
[INFO]2021-02-26 14:14:46,082: diniu01 9 running+++++++++++++++++++++++++++++
[INFO]2021-02-26 14:14:48,086: diniu01 9 running+++++++++++++++++++++++++++++
[INFO]2021-02-26 14:14:50,088: diniu01 9 running+++++++++++++++++++++++++++++
[INFO]2021-02-26 14:14:52,092: diniu01 9 running+++++++++++++++++++++++++++++
[INFO]2021-02-26 14:14:54,101: diniu01 9 running+++++++++++++++++++++++++++++
[INFO]2021-02-26 14:14:56,103: diniu01 9 running+++++++++++++++++++++++++++++
[INFO]2021-02-26 14:14:58,106: diniu01 9 running+++++++++++++++++++++++++++++
[INFO]2021-02-26 14:15:00,109: diniu01 9 running+++++++++++++++++++++++++++++
[INFO]2021-02-26 14:15:02,111: diniu01 9 running+++++++++++++++++++++++++++++
[INFO]2021-02-26 14:15:04,114: diniu01 9 running+++++++++++++++++++++++++++++
[INFO]2021-02-26 14:15:06,117: diniu01 9 running+++++++++++++++++++++++++++++
[INFO]2021-02-26 14:15:08,121: diniu01 9 running+++++++++++++++++++++++++++++
[INFO]2021-02-26 14:15:10,124: diniu01 9 running+++++++++++++++++++++++++++++
[INFO]2021-02-26 14:15:12,126: diniu01 9 running+++++++++++++++++++++++++++++
[INFO]2021-02-26 14:15:14,129: diniu01 9 running+++++++++++++++++++++++++++++
[INFO]2021-02-26 14:15:16,131: diniu01 9 running+++++++++++++++++++++++++++++
[INFO]2021-02-26 14:15:18,132: diniu01 9 running+++++++++++++++++++++++++++++
[INFO]2021-02-26 14:15:20,134: diniu01 9 running+++++++++++++++++++++++++++++
[INFO]2021-02-26 14:15:22,136: diniu01 9 running+++++++++++++++++++++++++++++
[INFO]2021-02-26 14:15:24,137: diniu01 9 running+++++++++++++++++++++++++++++
[INFO]2021-02-26 14:15:26,141: diniu01 9 running+++++++++++++++++++++++++++++
[INFO]2021-02-26 14:15:28,143: diniu01 9 running+++++++++++++++++++++++++++++
[INFO]2021-02-26 14:15:30,144: diniu01 9 running+++++++++++++++++++++++++++++
[INFO]2021-02-26 14:15:32,146: diniu01 9 running+++++++++++++++++++++++++++++
[INFO]2021-02-26 14:15:33,327: 2021-02-26 14:15:33.327226 diniu01 9 finish1  ----------------------------
[INFO]2021-02-26 14:15:34,155: {'agv': 'diniu01', 'loc': '1', 'result': 0, 'resultDesc': 'success', 'taskId': 'test20210201:2021-02-26 14:12:01----1----2021-02-26 14:15:34', 'timeoutSec': 1200}
[INFO]2021-02-26 14:15:37,199: diniu01 1 running+++++++++++++++++++++++++++++
[INFO]2021-02-26 14:15:39,200: diniu01 1 running+++++++++++++++++++++++++++++
[INFO]2021-02-26 14:15:41,202: diniu01 1 running+++++++++++++++++++++++++++++
[INFO]2021-02-26 14:15:43,205: diniu01 1 running+++++++++++++++++++++++++++++
[INFO]2021-02-26 14:15:45,207: diniu01 1 running+++++++++++++++++++++++++++++
[INFO]2021-02-26 14:15:47,209: diniu01 1 running+++++++++++++++++++++++++++++
[INFO]2021-02-26 14:15:49,210: diniu01 1 running+++++++++++++++++++++++++++++
[INFO]2021-02-26 14:15:51,212: diniu01 1 running+++++++++++++++++++++++++++++
[INFO]2021-02-26 14:15:53,216: diniu01 1 running+++++++++++++++++++++++++++++
[INFO]2021-02-26 14:15:55,219: diniu01 1 running+++++++++++++++++++++++++++++
[INFO]2021-02-26 14:15:57,221: diniu01 1 running+++++++++++++++++++++++++++++
[INFO]2021-02-26 14:15:59,225: diniu01 1 running+++++++++++++++++++++++++++++
[INFO]2021-02-26 14:16:01,226: diniu01 1 running+++++++++++++++++++++++++++++
[INFO]2021-02-26 14:16:03,228: diniu01 1 running+++++++++++++++++++++++++++++
[INFO]2021-02-26 14:16:05,229: diniu01 1 running+++++++++++++++++++++++++++++
[INFO]2021-02-26 14:16:07,231: diniu01 1 running+++++++++++++++++++++++++++++
[INFO]2021-02-26 14:16:09,233: diniu01 1 running+++++++++++++++++++++++++++++
[INFO]2021-02-26 14:16:11,237: diniu01 1 running+++++++++++++++++++++++++++++
[INFO]2021-02-26 14:16:13,238: diniu01 1 running+++++++++++++++++++++++++++++
[INFO]2021-02-26 14:16:15,240: diniu01 1 running+++++++++++++++++++++++++++++
[INFO]2021-02-26 14:16:17,243: diniu01 1 running+++++++++++++++++++++++++++++
[INFO]2021-02-26 14:16:19,245: diniu01 1 running+++++++++++++++++++++++++++++
[INFO]2021-02-26 14:16:21,247: diniu01 1 running+++++++++++++++++++++++++++++
[INFO]2021-02-26 14:16:23,248: diniu01 1 running+++++++++++++++++++++++++++++
[INFO]2021-02-26 14:16:25,250: diniu01 1 running+++++++++++++++++++++++++++++
[INFO]2021-02-26 14:16:27,252: diniu01 1 running+++++++++++++++++++++++++++++
[INFO]2021-02-26 14:16:29,253: diniu01 1 running+++++++++++++++++++++++++++++
[INFO]2021-02-26 14:16:31,255: diniu01 1 running+++++++++++++++++++++++++++++
[INFO]2021-02-26 14:16:33,259: diniu01 1 running+++++++++++++++++++++++++++++
[INFO]2021-02-26 14:16:35,260: diniu01 1 running+++++++++++++++++++++++++++++
[INFO]2021-02-26 14:16:37,262: diniu01 1 running+++++++++++++++++++++++++++++
[INFO]2021-02-26 14:16:39,263: diniu01 1 running+++++++++++++++++++++++++++++
[INFO]2021-02-26 14:16:41,265: diniu01 1 running+++++++++++++++++++++++++++++
[INFO]2021-02-26 14:16:43,267: diniu01 1 running+++++++++++++++++++++++++++++
[INFO]2021-02-26 14:16:45,271: diniu01 1 running+++++++++++++++++++++++++++++
[INFO]2021-02-26 14:16:47,272: diniu01 1 running+++++++++++++++++++++++++++++
[INFO]2021-02-26 14:16:49,274: diniu01 1 running+++++++++++++++++++++++++++++
[INFO]2021-02-26 14:16:51,275: diniu01 1 running+++++++++++++++++++++++++++++
[INFO]2021-02-26 14:16:53,277: diniu01 1 running+++++++++++++++++++++++++++++
[INFO]2021-02-26 14:16:55,279: diniu01 1 running+++++++++++++++++++++++++++++
[INFO]2021-02-26 14:16:57,280: diniu01 1 running+++++++++++++++++++++++++++++
[INFO]2021-02-26 14:16:59,282: diniu01 1 running+++++++++++++++++++++++++++++
[INFO]2021-02-26 14:17:01,284: diniu01 1 running+++++++++++++++++++++++++++++
[INFO]2021-02-26 14:17:03,285: diniu01 1 running+++++++++++++++++++++++++++++
[INFO]2021-02-26 14:17:05,287: diniu01 1 running+++++++++++++++++++++++++++++
[INFO]2021-02-26 14:17:07,289: diniu01 1 running+++++++++++++++++++++++++++++
[INFO]2021-02-26 14:17:09,290: diniu01 1 running+++++++++++++++++++++++++++++
[INFO]2021-02-26 14:17:11,292: diniu01 1 running+++++++++++++++++++++++++++++
[INFO]2021-02-26 14:17:13,294: diniu01 1 running+++++++++++++++++++++++++++++
[INFO]2021-02-26 14:17:15,295: diniu01 1 running+++++++++++++++++++++++++++++
[INFO]2021-02-26 14:17:17,299: diniu01 1 running+++++++++++++++++++++++++++++
[INFO]2021-02-26 14:17:19,300: diniu01 1 running+++++++++++++++++++++++++++++
[INFO]2021-02-26 14:17:21,302: diniu01 1 running+++++++++++++++++++++++++++++
[INFO]2021-02-26 14:17:23,304: diniu01 1 running+++++++++++++++++++++++++++++
[INFO]2021-02-26 14:17:25,305: diniu01 1 running+++++++++++++++++++++++++++++
[INFO]2021-02-26 14:17:27,307: diniu01 1 running+++++++++++++++++++++++++++++
[INFO]2021-02-26 14:17:29,311: diniu01 1 running+++++++++++++++++++++++++++++
[INFO]2021-02-26 14:17:31,312: diniu01 1 running+++++++++++++++++++++++++++++
[INFO]2021-02-26 14:17:33,314: diniu01 1 running+++++++++++++++++++++++++++++
[INFO]2021-02-26 14:17:35,316: diniu01 1 running+++++++++++++++++++++++++++++
[INFO]2021-02-26 14:17:37,317: diniu01 1 running+++++++++++++++++++++++++++++
[INFO]2021-02-26 14:17:39,319: diniu01 1 running+++++++++++++++++++++++++++++
[INFO]2021-02-26 14:17:41,323: diniu01 1 running+++++++++++++++++++++++++++++
[INFO]2021-02-26 14:17:43,324: diniu01 1 running+++++++++++++++++++++++++++++
[INFO]2021-02-26 14:17:45,328: diniu01 1 running+++++++++++++++++++++++++++++
[INFO]2021-02-26 14:17:47,330: diniu01 1 running+++++++++++++++++++++++++++++
[INFO]2021-02-26 14:17:49,331: diniu01 1 running+++++++++++++++++++++++++++++
[INFO]2021-02-26 14:17:51,333: diniu01 1 running+++++++++++++++++++++++++++++
[INFO]2021-02-26 14:17:53,335: diniu01 1 running+++++++++++++++++++++++++++++
[INFO]2021-02-26 14:17:55,337: diniu01 1 running+++++++++++++++++++++++++++++
[INFO]2021-02-26 14:17:57,339: diniu01 1 running+++++++++++++++++++++++++++++
[INFO]2021-02-26 14:17:59,342: diniu01 1 running+++++++++++++++++++++++++++++
[INFO]2021-02-26 14:18:01,344: diniu01 1 running+++++++++++++++++++++++++++++
[INFO]2021-02-26 14:18:03,346: diniu01 1 running+++++++++++++++++++++++++++++
[INFO]2021-02-26 14:18:05,347: diniu01 1 running+++++++++++++++++++++++++++++
[INFO]2021-02-26 14:18:07,349: diniu01 1 running+++++++++++++++++++++++++++++
[INFO]2021-02-26 14:18:09,352: diniu01 1 running+++++++++++++++++++++++++++++
[INFO]2021-02-26 14:18:11,355: diniu01 1 running+++++++++++++++++++++++++++++
[INFO]2021-02-26 14:18:13,041: 2021-02-26 14:18:13.041242 diniu01 1 finish1  ----------------------------
[INFO]2021-02-26 14:18:13,357: {'agv': 'diniu01', 'loc': '9', 'result': 0, 'resultDesc': 'success', 'taskId': 'test20210201:2021-02-26 14:12:01----9----2021-02-26 14:18:13', 'timeoutSec': 1200} JackLoad
[INFO]2021-02-26 14:18:16,380: diniu01 9 running+++++++++++++++++++++++++++++
[INFO]2021-02-26 14:18:18,384: diniu01 9 running+++++++++++++++++++++++++++++
[INFO]2021-02-26 14:18:20,385: diniu01 9 running+++++++++++++++++++++++++++++
[INFO]2021-02-26 14:18:22,387: diniu01 9 running+++++++++++++++++++++++++++++
[INFO]2021-02-26 14:18:24,390: diniu01 9 running+++++++++++++++++++++++++++++
[INFO]2021-02-26 14:18:26,393: diniu01 9 running+++++++++++++++++++++++++++++
[INFO]2021-02-26 14:18:28,395: diniu01 9 running+++++++++++++++++++++++++++++
[INFO]2021-02-26 14:18:30,396: diniu01 9 running+++++++++++++++++++++++++++++
[INFO]2021-02-26 14:18:32,398: diniu01 9 running+++++++++++++++++++++++++++++
[INFO]2021-02-26 14:18:34,400: diniu01 9 running+++++++++++++++++++++++++++++
[INFO]2021-02-26 14:18:36,401: diniu01 9 running+++++++++++++++++++++++++++++
[INFO]2021-02-26 14:18:38,403: diniu01 9 running+++++++++++++++++++++++++++++
[INFO]2021-02-26 14:18:40,405: diniu01 9 running+++++++++++++++++++++++++++++
[INFO]2021-02-26 14:18:42,406: diniu01 9 running+++++++++++++++++++++++++++++
[INFO]2021-02-26 14:18:44,408: diniu01 9 running+++++++++++++++++++++++++++++
[INFO]2021-02-26 14:18:46,411: diniu01 9 running+++++++++++++++++++++++++++++
[INFO]2021-02-26 14:18:48,413: diniu01 9 running+++++++++++++++++++++++++++++
[INFO]2021-02-26 14:18:50,415: diniu01 9 running+++++++++++++++++++++++++++++
[INFO]2021-02-26 14:18:52,416: diniu01 9 running+++++++++++++++++++++++++++++
[INFO]2021-02-26 14:18:54,418: diniu01 9 running+++++++++++++++++++++++++++++
[INFO]2021-02-26 14:18:56,420: diniu01 9 running+++++++++++++++++++++++++++++
[INFO]2021-02-26 14:18:58,421: diniu01 9 running+++++++++++++++++++++++++++++
[INFO]2021-02-26 14:19:00,423: diniu01 9 running+++++++++++++++++++++++++++++
[INFO]2021-02-26 14:19:02,425: diniu01 9 running+++++++++++++++++++++++++++++
[INFO]2021-02-26 14:19:04,428: diniu01 9 running+++++++++++++++++++++++++++++
[INFO]2021-02-26 14:19:06,429: diniu01 9 running+++++++++++++++++++++++++++++
[INFO]2021-02-26 14:19:08,431: diniu01 9 running+++++++++++++++++++++++++++++
[INFO]2021-02-26 14:19:10,432: diniu01 9 running+++++++++++++++++++++++++++++
[INFO]2021-02-26 14:19:12,434: diniu01 9 running+++++++++++++++++++++++++++++
[INFO]2021-02-26 14:19:14,436: diniu01 9 running+++++++++++++++++++++++++++++
[INFO]2021-02-26 14:19:16,437: diniu01 9 running+++++++++++++++++++++++++++++
[INFO]2021-02-26 14:19:18,439: diniu01 9 running+++++++++++++++++++++++++++++
[INFO]2021-02-26 14:19:20,441: diniu01 9 running+++++++++++++++++++++++++++++
[INFO]2021-02-26 14:19:22,444: diniu01 9 running+++++++++++++++++++++++++++++
[INFO]2021-02-26 14:19:24,446: diniu01 9 running+++++++++++++++++++++++++++++
[INFO]2021-02-26 14:19:26,450: diniu01 9 running+++++++++++++++++++++++++++++
[INFO]2021-02-26 14:19:28,452: diniu01 9 running+++++++++++++++++++++++++++++
[INFO]2021-02-26 14:19:30,454: diniu01 9 running+++++++++++++++++++++++++++++
[INFO]2021-02-26 14:19:32,455: diniu01 9 running+++++++++++++++++++++++++++++
[INFO]2021-02-26 14:19:34,457: diniu01 9 running+++++++++++++++++++++++++++++
[INFO]2021-02-26 14:19:36,459: diniu01 9 running+++++++++++++++++++++++++++++
[INFO]2021-02-26 14:19:38,460: diniu01 9 running+++++++++++++++++++++++++++++
[INFO]2021-02-26 14:19:40,462: diniu01 9 running+++++++++++++++++++++++++++++
[INFO]2021-02-26 14:19:42,464: diniu01 9 running+++++++++++++++++++++++++++++
[INFO]2021-02-26 14:19:44,465: diniu01 9 running+++++++++++++++++++++++++++++
[INFO]2021-02-26 14:19:46,469: diniu01 9 running+++++++++++++++++++++++++++++
[INFO]2021-02-26 14:19:48,471: diniu01 9 running+++++++++++++++++++++++++++++
[INFO]2021-02-26 14:19:50,472: diniu01 9 running+++++++++++++++++++++++++++++
[INFO]2021-02-26 14:19:52,474: diniu01 9 running+++++++++++++++++++++++++++++
[INFO]2021-02-26 14:19:54,476: diniu01 9 running+++++++++++++++++++++++++++++
[INFO]2021-02-26 14:19:56,477: diniu01 9 running+++++++++++++++++++++++++++++
[INFO]2021-02-26 14:19:58,479: diniu01 9 running+++++++++++++++++++++++++++++
[INFO]2021-02-26 14:20:00,481: diniu01 9 running+++++++++++++++++++++++++++++
[INFO]2021-02-26 14:20:02,484: diniu01 9 running+++++++++++++++++++++++++++++
[INFO]2021-02-26 14:20:04,487: diniu01 9 running+++++++++++++++++++++++++++++
[INFO]2021-02-26 14:20:06,489: diniu01 9 running+++++++++++++++++++++++++++++
[INFO]2021-02-26 14:20:08,491: diniu01 9 running+++++++++++++++++++++++++++++
[INFO]2021-02-26 14:20:10,493: diniu01 9 running+++++++++++++++++++++++++++++
[INFO]2021-02-26 14:20:12,494: diniu01 9 running+++++++++++++++++++++++++++++
[INFO]2021-02-26 14:20:14,496: diniu01 9 running+++++++++++++++++++++++++++++
[INFO]2021-02-26 14:20:16,498: diniu01 9 running+++++++++++++++++++++++++++++
[INFO]2021-02-26 14:20:18,502: diniu01 9 running+++++++++++++++++++++++++++++
[INFO]2021-02-26 14:20:20,506: diniu01 9 running+++++++++++++++++++++++++++++
[INFO]2021-02-26 14:20:22,508: diniu01 9 running+++++++++++++++++++++++++++++
[INFO]2021-02-26 14:20:24,509: diniu01 9 running+++++++++++++++++++++++++++++
[INFO]2021-02-26 14:20:26,511: diniu01 9 running+++++++++++++++++++++++++++++
[INFO]2021-02-26 14:20:28,513: diniu01 9 running+++++++++++++++++++++++++++++
[INFO]2021-02-26 14:20:30,514: diniu01 9 running+++++++++++++++++++++++++++++
[INFO]2021-02-26 14:20:32,516: diniu01 9 running+++++++++++++++++++++++++++++
[INFO]2021-02-26 14:20:34,518: diniu01 9 running+++++++++++++++++++++++++++++
[INFO]2021-02-26 14:20:36,519: diniu01 9 running+++++++++++++++++++++++++++++
[INFO]2021-02-26 14:20:38,521: diniu01 9 running+++++++++++++++++++++++++++++
[INFO]2021-02-26 14:20:40,523: diniu01 9 running+++++++++++++++++++++++++++++
[INFO]2021-02-26 14:20:42,524: diniu01 9 running+++++++++++++++++++++++++++++
[INFO]2021-02-26 14:20:44,526: diniu01 9 running+++++++++++++++++++++++++++++
[INFO]2021-02-26 14:20:46,527: diniu01 9 running+++++++++++++++++++++++++++++
[INFO]2021-02-26 14:20:48,530: diniu01 9 running+++++++++++++++++++++++++++++
[INFO]2021-02-26 14:20:50,532: diniu01 9 running+++++++++++++++++++++++++++++
[INFO]2021-02-26 14:20:52,534: diniu01 9 running+++++++++++++++++++++++++++++
[INFO]2021-02-26 14:20:54,537: diniu01 9 running+++++++++++++++++++++++++++++
[INFO]2021-02-26 14:20:56,539: diniu01 9 running+++++++++++++++++++++++++++++
[INFO]2021-02-26 14:20:58,542: diniu01 9 running+++++++++++++++++++++++++++++
[INFO]2021-02-26 14:21:00,544: diniu01 9 running+++++++++++++++++++++++++++++
[INFO]2021-02-26 14:21:02,546: diniu01 9 running+++++++++++++++++++++++++++++
[INFO]2021-02-26 14:21:04,547: diniu01 9 running+++++++++++++++++++++++++++++
[INFO]2021-02-26 14:21:06,549: diniu01 9 running+++++++++++++++++++++++++++++
[INFO]2021-02-26 14:21:08,551: diniu01 9 running+++++++++++++++++++++++++++++
[INFO]2021-02-26 14:21:10,552: diniu01 9 running+++++++++++++++++++++++++++++
[INFO]2021-02-26 14:21:12,554: diniu01 9 running+++++++++++++++++++++++++++++
[INFO]2021-02-26 14:21:14,555: diniu01 9 running+++++++++++++++++++++++++++++
[INFO]2021-02-26 14:21:16,557: diniu01 9 running+++++++++++++++++++++++++++++
[INFO]2021-02-26 14:21:18,559: diniu01 9 running+++++++++++++++++++++++++++++
[INFO]2021-02-26 14:21:20,561: diniu01 9 running+++++++++++++++++++++++++++++
[INFO]2021-02-26 14:21:22,562: diniu01 9 running+++++++++++++++++++++++++++++
[INFO]2021-02-26 14:21:24,564: diniu01 9 running+++++++++++++++++++++++++++++
[INFO]2021-02-26 14:21:26,565: diniu01 9 running+++++++++++++++++++++++++++++
[INFO]2021-02-26 14:21:28,567: diniu01 9 running+++++++++++++++++++++++++++++
[INFO]2021-02-26 14:21:30,569: diniu01 9 running+++++++++++++++++++++++++++++
[INFO]2021-02-26 14:21:32,570: diniu01 9 running+++++++++++++++++++++++++++++
[INFO]2021-02-26 14:21:34,572: diniu01 9 running+++++++++++++++++++++++++++++
[INFO]2021-02-26 14:21:36,575: diniu01 9 running+++++++++++++++++++++++++++++
[INFO]2021-02-26 14:21:38,576: diniu01 9 running+++++++++++++++++++++++++++++
[INFO]2021-02-26 14:21:40,578: diniu01 9 running+++++++++++++++++++++++++++++
[INFO]2021-02-26 14:21:42,580: diniu01 9 running+++++++++++++++++++++++++++++
[INFO]2021-02-26 14:21:44,581: diniu01 9 running+++++++++++++++++++++++++++++
[INFO]2021-02-26 14:21:46,583: diniu01 9 running+++++++++++++++++++++++++++++
[INFO]2021-02-26 14:21:48,585: diniu01 9 running+++++++++++++++++++++++++++++
[INFO]2021-02-26 14:21:50,586: diniu01 9 running+++++++++++++++++++++++++++++
[INFO]2021-02-26 14:21:52,588: diniu01 9 running+++++++++++++++++++++++++++++
[INFO]2021-02-26 14:21:54,590: diniu01 9 running+++++++++++++++++++++++++++++
[INFO]2021-02-26 14:21:56,593: diniu01 9 running+++++++++++++++++++++++++++++
[INFO]2021-02-26 14:21:58,595: diniu01 9 running+++++++++++++++++++++++++++++
[INFO]2021-02-26 14:22:00,596: diniu01 9 running+++++++++++++++++++++++++++++
[INFO]2021-02-26 14:22:02,598: diniu01 9 running+++++++++++++++++++++++++++++
[INFO]2021-02-26 14:22:04,600: diniu01 9 running+++++++++++++++++++++++++++++
[INFO]2021-02-26 14:22:06,601: diniu01 9 running+++++++++++++++++++++++++++++
[INFO]2021-02-26 14:22:08,605: diniu01 9 running+++++++++++++++++++++++++++++
[INFO]2021-02-26 14:22:10,609: diniu01 9 running+++++++++++++++++++++++++++++
[INFO]2021-02-26 14:22:12,511: 2021-02-26 14:22:12.511031 diniu01 9 finish1  ----------------------------
[INFO]2021-02-26 14:22:12,610: {'agv': 'diniu01', 'loc': '2', 'result': 0, 'resultDesc': 'success', 'taskId': 'test20210201:2021-02-26 14:12:01----2----2021-02-26 14:22:12', 'timeoutSec': 1200} JackUnload
[INFO]2021-02-26 14:22:15,634: diniu01 2 running+++++++++++++++++++++++++++++
[INFO]2021-02-26 14:22:17,636: diniu01 2 running+++++++++++++++++++++++++++++
[INFO]2021-02-26 14:22:19,638: diniu01 2 running+++++++++++++++++++++++++++++
[INFO]2021-02-26 14:22:21,639: diniu01 2 running+++++++++++++++++++++++++++++
[INFO]2021-02-26 14:22:23,641: diniu01 2 running+++++++++++++++++++++++++++++
[INFO]2021-02-26 14:22:25,642: diniu01 2 running+++++++++++++++++++++++++++++
[INFO]2021-02-26 14:22:27,646: diniu01 2 running+++++++++++++++++++++++++++++
[INFO]2021-02-26 14:22:29,649: diniu01 2 running+++++++++++++++++++++++++++++
[INFO]2021-02-26 14:22:31,650: diniu01 2 running+++++++++++++++++++++++++++++
[INFO]2021-02-26 14:22:33,652: diniu01 2 running+++++++++++++++++++++++++++++
[INFO]2021-02-26 14:22:35,654: diniu01 2 running+++++++++++++++++++++++++++++
[INFO]2021-02-26 14:22:37,655: diniu01 2 running+++++++++++++++++++++++++++++
[INFO]2021-02-26 14:22:39,656: diniu01 2 running+++++++++++++++++++++++++++++
[INFO]2021-02-26 14:22:41,658: diniu01 2 running+++++++++++++++++++++++++++++
[INFO]2021-02-26 14:22:43,660: diniu01 2 running+++++++++++++++++++++++++++++
[INFO]2021-02-26 14:22:45,662: diniu01 2 running+++++++++++++++++++++++++++++
[INFO]2021-02-26 14:22:47,664: diniu01 2 running+++++++++++++++++++++++++++++
[INFO]2021-02-26 14:22:49,665: diniu01 2 running+++++++++++++++++++++++++++++
[INFO]2021-02-26 14:22:51,667: diniu01 2 running+++++++++++++++++++++++++++++
[INFO]2021-02-26 14:22:53,669: diniu01 2 running+++++++++++++++++++++++++++++
[INFO]2021-02-26 14:22:55,670: diniu01 2 running+++++++++++++++++++++++++++++
[INFO]2021-02-26 14:22:57,672: diniu01 2 running+++++++++++++++++++++++++++++
[INFO]2021-02-26 14:22:59,674: diniu01 2 running+++++++++++++++++++++++++++++
[INFO]2021-02-26 14:23:01,675: diniu01 2 running+++++++++++++++++++++++++++++
[INFO]2021-02-26 14:23:03,678: diniu01 2 running+++++++++++++++++++++++++++++
[INFO]2021-02-26 14:23:05,679: diniu01 2 running+++++++++++++++++++++++++++++
[INFO]2021-02-26 14:23:07,681: diniu01 2 running+++++++++++++++++++++++++++++
[INFO]2021-02-26 14:23:09,683: diniu01 2 running+++++++++++++++++++++++++++++
[INFO]2021-02-26 14:23:11,684: diniu01 2 running+++++++++++++++++++++++++++++
[INFO]2021-02-26 14:23:13,686: diniu01 2 running+++++++++++++++++++++++++++++
[INFO]2021-02-26 14:23:15,688: diniu01 2 running+++++++++++++++++++++++++++++
[INFO]2021-02-26 14:23:17,689: diniu01 2 running+++++++++++++++++++++++++++++
[INFO]2021-02-26 14:23:19,691: diniu01 2 running+++++++++++++++++++++++++++++
[INFO]2021-02-26 14:23:21,693: diniu01 2 running+++++++++++++++++++++++++++++
[INFO]2021-02-26 14:23:23,694: diniu01 2 running+++++++++++++++++++++++++++++
[INFO]2021-02-26 14:23:25,696: diniu01 2 running+++++++++++++++++++++++++++++
[INFO]2021-02-26 14:23:27,698: diniu01 2 running+++++++++++++++++++++++++++++
[INFO]2021-02-26 14:23:29,699: diniu01 2 running+++++++++++++++++++++++++++++
[INFO]2021-02-26 14:23:31,701: diniu01 2 running+++++++++++++++++++++++++++++
[INFO]2021-02-26 14:23:33,702: diniu01 2 running+++++++++++++++++++++++++++++
[INFO]2021-02-26 14:23:35,705: diniu01 2 running+++++++++++++++++++++++++++++
[INFO]2021-02-26 14:23:37,707: diniu01 2 running+++++++++++++++++++++++++++++
[INFO]2021-02-26 14:23:39,708: diniu01 2 running+++++++++++++++++++++++++++++
[INFO]2021-02-26 14:23:41,710: diniu01 2 running+++++++++++++++++++++++++++++
[INFO]2021-02-26 14:23:43,712: diniu01 2 running+++++++++++++++++++++++++++++
[INFO]2021-02-26 14:23:45,713: diniu01 2 running+++++++++++++++++++++++++++++
[INFO]2021-02-26 14:23:47,715: diniu01 2 running+++++++++++++++++++++++++++++
[INFO]2021-02-26 14:23:49,717: diniu01 2 running+++++++++++++++++++++++++++++
[INFO]2021-02-26 14:23:51,718: diniu01 2 running+++++++++++++++++++++++++++++
[INFO]2021-02-26 14:23:53,720: diniu01 2 running+++++++++++++++++++++++++++++
[INFO]2021-02-26 14:23:55,722: diniu01 2 running+++++++++++++++++++++++++++++
[INFO]2021-02-26 14:23:57,723: diniu01 2 running+++++++++++++++++++++++++++++
[INFO]2021-02-26 14:23:59,725: diniu01 2 running+++++++++++++++++++++++++++++
[INFO]2021-02-26 14:24:01,727: diniu01 2 running+++++++++++++++++++++++++++++
[INFO]2021-02-26 14:24:03,728: diniu01 2 running+++++++++++++++++++++++++++++
[INFO]2021-02-26 14:24:05,730: diniu01 2 running+++++++++++++++++++++++++++++
[INFO]2021-02-26 14:24:07,733: diniu01 2 running+++++++++++++++++++++++++++++
[INFO]2021-02-26 14:24:09,736: diniu01 2 running+++++++++++++++++++++++++++++
