[INFO]2021-02-24 11:32:35,916: log files at D:\akm\akmCtrl\log
[ERROR]2021-02-24 11:32:35,917: mongo db is disabled
[INFO]2021-02-24 11:32:36,548: create lock <lock name:doorMgr.lock,<unlocked _thread.RLock object owner=0 count=0 at 0x0000016E023B3DE0>>
[INFO]2021-02-24 11:32:36,555: create lock <lock name:door.lock,<unlocked _thread.RLock object owner=0 count=0 at 0x0000016E023C0690>>
[INFO]2021-02-24 11:32:36,843: create lock <lock name:timer.lock_1571996141792,<unlocked _thread.RLock object owner=0 count=0 at 0x0000016E02458900>>
[INFO]2021-02-24 11:32:36,946: create lock <lock name:elevatorMgr.lock,<unlocked _thread.RLock object owner=0 count=0 at 0x0000016E024B2150>>
[INFO]2021-02-24 11:32:36,964: create lock <lock name:agvserver,<unlocked _thread.RLock object owner=0 count=0 at 0x0000016E02504840>>
[INFO]2021-02-24 11:32:37,033: create lock <lock name:mapMgr.lock,<unlocked _thread.RLock object owner=0 count=0 at 0x0000016E024B60F0>>
[INFO]2021-02-24 11:32:37,047: create lock <lock name:agvApi.g_lock,<unlocked _thread.RLock object owner=0 count=0 at 0x0000016E7E8FDC00>>
[INFO]2021-02-24 11:32:43,383: {'agv': 'diniu01', 'loc': '2', 'result': 0, 'resultDesc': 'success', 'taskId': 'test20210201:2021-02-24 11:32:37----2----2021-02-24 11:32:43', 'timeoutSec': 1200} JackLoad
[INFO]2021-02-24 11:32:46,426: diniu01 2 running+++++++++++++++++++++++++++++
[INFO]2021-02-24 11:32:48,428: diniu01 2 running+++++++++++++++++++++++++++++
[INFO]2021-02-24 11:32:50,429: diniu01 2 running+++++++++++++++++++++++++++++
[INFO]2021-02-24 11:32:52,431: diniu01 2 running+++++++++++++++++++++++++++++
[INFO]2021-02-24 11:32:54,433: diniu01 2 running+++++++++++++++++++++++++++++
[INFO]2021-02-24 11:32:56,434: diniu01 2 running+++++++++++++++++++++++++++++
[INFO]2021-02-24 11:32:58,436: diniu01 2 running+++++++++++++++++++++++++++++
[INFO]2021-02-24 11:33:00,436: diniu01 2 running+++++++++++++++++++++++++++++
[INFO]2021-02-24 11:33:02,438: diniu01 2 running+++++++++++++++++++++++++++++
[INFO]2021-02-24 11:33:04,440: diniu01 2 running+++++++++++++++++++++++++++++
[INFO]2021-02-24 11:33:06,443: diniu01 2 running+++++++++++++++++++++++++++++
[INFO]2021-02-24 11:33:08,445: diniu01 2 running+++++++++++++++++++++++++++++
[INFO]2021-02-24 11:33:10,447: diniu01 2 running+++++++++++++++++++++++++++++
[INFO]2021-02-24 11:33:12,434: 2021-02-24 11:33:12.434726 diniu01 2 finish1  ----------------------------
[INFO]2021-02-24 11:33:12,448: {'agv': 'diniu01', 'loc': '9', 'result': 0, 'resultDesc': 'success', 'taskId': 'test20210201:2021-02-24 11:32:37----9----2021-02-24 11:33:12', 'timeoutSec': 1200} JackUnload
[INFO]2021-02-24 11:33:15,462: diniu01 9 running+++++++++++++++++++++++++++++
[INFO]2021-02-24 11:33:17,464: diniu01 9 running+++++++++++++++++++++++++++++
[INFO]2021-02-24 11:33:19,465: diniu01 9 running+++++++++++++++++++++++++++++
[INFO]2021-02-24 11:33:21,467: diniu01 9 running+++++++++++++++++++++++++++++
[INFO]2021-02-24 11:33:23,469: diniu01 9 running+++++++++++++++++++++++++++++
[INFO]2021-02-24 11:33:25,471: diniu01 9 running+++++++++++++++++++++++++++++
[INFO]2021-02-24 11:33:27,473: diniu01 9 running+++++++++++++++++++++++++++++
[INFO]2021-02-24 11:33:29,475: diniu01 9 running+++++++++++++++++++++++++++++
[INFO]2021-02-24 11:33:31,476: diniu01 9 running+++++++++++++++++++++++++++++
[INFO]2021-02-24 11:33:33,478: diniu01 9 running+++++++++++++++++++++++++++++
[INFO]2021-02-24 11:33:35,480: diniu01 9 running+++++++++++++++++++++++++++++
[INFO]2021-02-24 11:33:37,481: diniu01 9 running+++++++++++++++++++++++++++++
[INFO]2021-02-24 11:33:39,483: diniu01 9 running+++++++++++++++++++++++++++++
[INFO]2021-02-24 11:33:41,485: diniu01 9 running+++++++++++++++++++++++++++++
[INFO]2021-02-24 11:33:43,486: diniu01 9 running+++++++++++++++++++++++++++++
[INFO]2021-02-24 11:33:45,488: diniu01 9 running+++++++++++++++++++++++++++++
[INFO]2021-02-24 11:33:47,490: diniu01 9 running+++++++++++++++++++++++++++++
[INFO]2021-02-24 11:33:49,491: diniu01 9 running+++++++++++++++++++++++++++++
[INFO]2021-02-24 11:33:51,493: diniu01 9 running+++++++++++++++++++++++++++++
[INFO]2021-02-24 11:33:53,495: diniu01 9 running+++++++++++++++++++++++++++++
[INFO]2021-02-24 11:33:55,497: diniu01 9 running+++++++++++++++++++++++++++++
[INFO]2021-02-24 11:33:57,499: diniu01 9 running+++++++++++++++++++++++++++++
[INFO]2021-02-24 11:33:59,500: diniu01 9 running+++++++++++++++++++++++++++++
[INFO]2021-02-24 11:34:01,502: diniu01 9 running+++++++++++++++++++++++++++++
[INFO]2021-02-24 11:34:03,504: diniu01 9 running+++++++++++++++++++++++++++++
[INFO]2021-02-24 11:34:05,505: diniu01 9 running+++++++++++++++++++++++++++++
[INFO]2021-02-24 11:34:07,507: diniu01 9 running+++++++++++++++++++++++++++++
[INFO]2021-02-24 11:34:09,509: diniu01 9 running+++++++++++++++++++++++++++++
[INFO]2021-02-24 11:34:11,510: diniu01 9 running+++++++++++++++++++++++++++++
[INFO]2021-02-24 11:34:13,512: diniu01 9 running+++++++++++++++++++++++++++++
[INFO]2021-02-24 11:34:15,516: diniu01 9 running+++++++++++++++++++++++++++++
[INFO]2021-02-24 11:34:17,517: diniu01 9 running+++++++++++++++++++++++++++++
[INFO]2021-02-24 11:34:19,519: diniu01 9 running+++++++++++++++++++++++++++++
[INFO]2021-02-24 11:34:21,521: diniu01 9 running+++++++++++++++++++++++++++++
[INFO]2021-02-24 11:34:23,522: diniu01 9 running+++++++++++++++++++++++++++++
[INFO]2021-02-24 11:34:25,524: diniu01 9 running+++++++++++++++++++++++++++++
[INFO]2021-02-24 11:34:27,526: diniu01 9 running+++++++++++++++++++++++++++++
[INFO]2021-02-24 11:34:29,527: diniu01 9 running+++++++++++++++++++++++++++++
[INFO]2021-02-24 11:34:31,529: diniu01 9 running+++++++++++++++++++++++++++++
[INFO]2021-02-24 11:34:33,530: diniu01 9 running+++++++++++++++++++++++++++++
[INFO]2021-02-24 11:34:35,532: diniu01 9 running+++++++++++++++++++++++++++++
[INFO]2021-02-24 11:34:37,534: diniu01 9 running+++++++++++++++++++++++++++++
[INFO]2021-02-24 11:34:39,536: diniu01 9 running+++++++++++++++++++++++++++++
[INFO]2021-02-24 11:34:41,537: diniu01 9 running+++++++++++++++++++++++++++++
[INFO]2021-02-24 11:34:43,539: diniu01 9 running+++++++++++++++++++++++++++++
[INFO]2021-02-24 11:34:45,541: diniu01 9 running+++++++++++++++++++++++++++++
[INFO]2021-02-24 11:34:47,543: diniu01 9 running+++++++++++++++++++++++++++++
[INFO]2021-02-24 11:34:49,545: diniu01 9 running+++++++++++++++++++++++++++++
[INFO]2021-02-24 11:34:51,546: diniu01 9 running+++++++++++++++++++++++++++++
[INFO]2021-02-24 11:34:53,550: diniu01 9 running+++++++++++++++++++++++++++++
[INFO]2021-02-24 11:34:55,552: diniu01 9 running+++++++++++++++++++++++++++++
[INFO]2021-02-24 11:34:57,553: diniu01 9 running+++++++++++++++++++++++++++++
[INFO]2021-02-24 11:34:59,555: diniu01 9 running+++++++++++++++++++++++++++++
[INFO]2021-02-24 11:35:01,556: diniu01 9 running+++++++++++++++++++++++++++++
[INFO]2021-02-24 11:35:03,558: diniu01 9 running+++++++++++++++++++++++++++++
[INFO]2021-02-24 11:35:05,559: diniu01 9 running+++++++++++++++++++++++++++++
[INFO]2021-02-24 11:35:07,561: diniu01 9 running+++++++++++++++++++++++++++++
[INFO]2021-02-24 11:35:09,563: diniu01 9 running+++++++++++++++++++++++++++++
[INFO]2021-02-24 11:35:11,565: diniu01 9 running+++++++++++++++++++++++++++++
[INFO]2021-02-24 11:35:13,566: diniu01 9 running+++++++++++++++++++++++++++++
[INFO]2021-02-24 11:35:15,568: diniu01 9 running+++++++++++++++++++++++++++++
[INFO]2021-02-24 11:35:17,570: diniu01 9 running+++++++++++++++++++++++++++++
[INFO]2021-02-24 11:35:19,573: diniu01 9 running+++++++++++++++++++++++++++++
[INFO]2021-02-24 11:35:21,575: diniu01 9 running+++++++++++++++++++++++++++++
[INFO]2021-02-24 11:35:23,577: diniu01 9 running+++++++++++++++++++++++++++++
[INFO]2021-02-24 11:35:25,578: diniu01 9 running+++++++++++++++++++++++++++++
[INFO]2021-02-24 11:35:27,581: diniu01 9 running+++++++++++++++++++++++++++++
[INFO]2021-02-24 11:35:29,583: diniu01 9 running+++++++++++++++++++++++++++++
[INFO]2021-02-24 11:35:31,584: diniu01 9 running+++++++++++++++++++++++++++++
[INFO]2021-02-24 11:35:33,587: diniu01 9 running+++++++++++++++++++++++++++++
[INFO]2021-02-24 11:35:35,590: diniu01 9 running+++++++++++++++++++++++++++++
[INFO]2021-02-24 11:35:37,591: diniu01 9 running+++++++++++++++++++++++++++++
[INFO]2021-02-24 11:35:39,593: diniu01 9 running+++++++++++++++++++++++++++++
[INFO]2021-02-24 11:35:41,594: diniu01 9 running+++++++++++++++++++++++++++++
[INFO]2021-02-24 11:35:43,597: diniu01 9 running+++++++++++++++++++++++++++++
[INFO]2021-02-24 11:35:45,599: diniu01 9 running+++++++++++++++++++++++++++++
[INFO]2021-02-24 11:35:47,602: diniu01 9 running+++++++++++++++++++++++++++++
[INFO]2021-02-24 11:35:49,604: diniu01 9 running+++++++++++++++++++++++++++++
[INFO]2021-02-24 11:35:51,606: diniu01 9 running+++++++++++++++++++++++++++++
[INFO]2021-02-24 11:35:53,607: diniu01 9 running+++++++++++++++++++++++++++++
[INFO]2021-02-24 11:35:55,610: diniu01 9 running+++++++++++++++++++++++++++++
[INFO]2021-02-24 11:35:57,612: diniu01 9 running+++++++++++++++++++++++++++++
[INFO]2021-02-24 11:35:59,614: diniu01 9 running+++++++++++++++++++++++++++++
[INFO]2021-02-24 11:36:01,616: diniu01 9 running+++++++++++++++++++++++++++++
[INFO]2021-02-24 11:36:03,618: diniu01 9 running+++++++++++++++++++++++++++++
[INFO]2021-02-24 11:36:05,619: diniu01 9 running+++++++++++++++++++++++++++++
[INFO]2021-02-24 11:36:07,555: 2021-02-24 11:36:07.555550 diniu01 9 finish1  ----------------------------
[INFO]2021-02-24 11:36:07,621: {'agv': 'diniu01', 'loc': '1', 'result': 0, 'resultDesc': 'success', 'taskId': 'test20210201:2021-02-24 11:32:37----1----2021-02-24 11:36:07', 'timeoutSec': 1200}
[INFO]2021-02-24 11:36:10,645: diniu01 1 running+++++++++++++++++++++++++++++
[INFO]2021-02-24 11:36:12,646: diniu01 1 running+++++++++++++++++++++++++++++
[INFO]2021-02-24 11:36:14,649: diniu01 1 running+++++++++++++++++++++++++++++
[INFO]2021-02-24 11:36:16,651: diniu01 1 running+++++++++++++++++++++++++++++
[INFO]2021-02-24 11:36:18,652: diniu01 1 running+++++++++++++++++++++++++++++
[INFO]2021-02-24 11:36:20,654: diniu01 1 running+++++++++++++++++++++++++++++
[INFO]2021-02-24 11:36:22,656: diniu01 1 running+++++++++++++++++++++++++++++
[INFO]2021-02-24 11:36:24,657: diniu01 1 running+++++++++++++++++++++++++++++
[INFO]2021-02-24 11:36:26,659: diniu01 1 running+++++++++++++++++++++++++++++
[INFO]2021-02-24 11:36:28,661: diniu01 1 running+++++++++++++++++++++++++++++
[INFO]2021-02-24 11:36:30,662: diniu01 1 running+++++++++++++++++++++++++++++
[INFO]2021-02-24 11:36:32,664: diniu01 1 running+++++++++++++++++++++++++++++
[INFO]2021-02-24 11:36:34,666: diniu01 1 running+++++++++++++++++++++++++++++
[INFO]2021-02-24 11:36:36,667: diniu01 1 running+++++++++++++++++++++++++++++
[INFO]2021-02-24 11:36:38,669: diniu01 1 running+++++++++++++++++++++++++++++
[INFO]2021-02-24 11:36:40,671: diniu01 1 running+++++++++++++++++++++++++++++
[INFO]2021-02-24 11:36:42,672: diniu01 1 running+++++++++++++++++++++++++++++
[INFO]2021-02-24 11:36:44,674: diniu01 1 running+++++++++++++++++++++++++++++
[INFO]2021-02-24 11:36:46,676: diniu01 1 running+++++++++++++++++++++++++++++
[INFO]2021-02-24 11:36:48,678: diniu01 1 running+++++++++++++++++++++++++++++
[INFO]2021-02-24 11:36:50,680: diniu01 1 running+++++++++++++++++++++++++++++
[INFO]2021-02-24 11:36:52,681: diniu01 1 running+++++++++++++++++++++++++++++
[INFO]2021-02-24 11:36:54,683: diniu01 1 running+++++++++++++++++++++++++++++
[INFO]2021-02-24 11:36:56,685: diniu01 1 running+++++++++++++++++++++++++++++
[INFO]2021-02-24 11:36:58,687: diniu01 1 running+++++++++++++++++++++++++++++
[INFO]2021-02-24 11:37:00,688: diniu01 1 running+++++++++++++++++++++++++++++
[INFO]2021-02-24 11:37:02,691: diniu01 1 running+++++++++++++++++++++++++++++
[INFO]2021-02-24 11:37:04,692: diniu01 1 running+++++++++++++++++++++++++++++
[INFO]2021-02-24 11:37:06,694: diniu01 1 running+++++++++++++++++++++++++++++
[INFO]2021-02-24 11:37:08,696: diniu01 1 running+++++++++++++++++++++++++++++
[INFO]2021-02-24 11:37:10,697: diniu01 1 running+++++++++++++++++++++++++++++
[INFO]2021-02-24 11:37:12,699: diniu01 1 running+++++++++++++++++++++++++++++
[INFO]2021-02-24 11:37:14,701: diniu01 1 running+++++++++++++++++++++++++++++
[INFO]2021-02-24 11:37:16,702: diniu01 1 running+++++++++++++++++++++++++++++
[INFO]2021-02-24 11:37:18,704: diniu01 1 running+++++++++++++++++++++++++++++
[INFO]2021-02-24 11:37:20,708: diniu01 1 running+++++++++++++++++++++++++++++
[INFO]2021-02-24 11:37:22,709: diniu01 1 running+++++++++++++++++++++++++++++
[INFO]2021-02-24 11:37:24,713: diniu01 1 running+++++++++++++++++++++++++++++
[INFO]2021-02-24 11:37:26,714: diniu01 1 running+++++++++++++++++++++++++++++
[INFO]2021-02-24 11:37:28,716: diniu01 1 running+++++++++++++++++++++++++++++
[INFO]2021-02-24 11:37:30,718: diniu01 1 running+++++++++++++++++++++++++++++
[INFO]2021-02-24 11:37:32,721: diniu01 1 running+++++++++++++++++++++++++++++
[INFO]2021-02-24 11:37:34,722: diniu01 1 running+++++++++++++++++++++++++++++
[INFO]2021-02-24 11:37:36,724: diniu01 1 running+++++++++++++++++++++++++++++
[INFO]2021-02-24 11:37:38,726: diniu01 1 running+++++++++++++++++++++++++++++
[INFO]2021-02-24 11:37:40,728: diniu01 1 running+++++++++++++++++++++++++++++
[INFO]2021-02-24 11:37:42,730: diniu01 1 running+++++++++++++++++++++++++++++
[INFO]2021-02-24 11:37:44,731: diniu01 1 running+++++++++++++++++++++++++++++
[INFO]2021-02-24 11:37:46,735: diniu01 1 running+++++++++++++++++++++++++++++
[INFO]2021-02-24 11:37:48,737: diniu01 1 running+++++++++++++++++++++++++++++
[INFO]2021-02-24 11:37:50,738: diniu01 1 running+++++++++++++++++++++++++++++
[INFO]2021-02-24 11:37:52,740: diniu01 1 running+++++++++++++++++++++++++++++
[INFO]2021-02-24 11:37:54,741: diniu01 1 running+++++++++++++++++++++++++++++
[INFO]2021-02-24 11:37:56,743: diniu01 1 running+++++++++++++++++++++++++++++
[INFO]2021-02-24 11:37:58,745: diniu01 1 running+++++++++++++++++++++++++++++
[INFO]2021-02-24 11:38:00,746: diniu01 1 running+++++++++++++++++++++++++++++
[INFO]2021-02-24 11:38:02,748: diniu01 1 running+++++++++++++++++++++++++++++
[INFO]2021-02-24 11:38:04,750: diniu01 1 running+++++++++++++++++++++++++++++
[INFO]2021-02-24 11:38:06,751: diniu01 1 running+++++++++++++++++++++++++++++
[INFO]2021-02-24 11:38:08,754: diniu01 1 running+++++++++++++++++++++++++++++
[INFO]2021-02-24 11:38:10,756: diniu01 1 running+++++++++++++++++++++++++++++
[INFO]2021-02-24 11:38:12,757: diniu01 1 running+++++++++++++++++++++++++++++
[INFO]2021-02-24 11:38:14,759: diniu01 1 running+++++++++++++++++++++++++++++
[INFO]2021-02-24 11:38:16,761: diniu01 1 running+++++++++++++++++++++++++++++
[INFO]2021-02-24 11:38:18,762: diniu01 1 running+++++++++++++++++++++++++++++
[INFO]2021-02-24 11:38:20,764: diniu01 1 running+++++++++++++++++++++++++++++
[INFO]2021-02-24 11:38:22,766: diniu01 1 running+++++++++++++++++++++++++++++
[INFO]2021-02-24 11:38:24,767: diniu01 1 running+++++++++++++++++++++++++++++
[INFO]2021-02-24 11:38:26,769: diniu01 1 running+++++++++++++++++++++++++++++
[INFO]2021-02-24 11:38:28,771: diniu01 1 running+++++++++++++++++++++++++++++
[INFO]2021-02-24 11:38:30,772: diniu01 1 running+++++++++++++++++++++++++++++
[INFO]2021-02-24 11:38:32,774: diniu01 1 running+++++++++++++++++++++++++++++
[INFO]2021-02-24 11:38:34,776: diniu01 1 running+++++++++++++++++++++++++++++
[INFO]2021-02-24 11:38:36,779: diniu01 1 running+++++++++++++++++++++++++++++
[INFO]2021-02-24 11:38:38,781: diniu01 1 running+++++++++++++++++++++++++++++
[INFO]2021-02-24 11:38:40,782: diniu01 1 running+++++++++++++++++++++++++++++
[INFO]2021-02-24 11:38:42,784: diniu01 1 running+++++++++++++++++++++++++++++
[INFO]2021-02-24 11:38:43,333: 2021-02-24 11:38:43.333087 diniu01 1 finish1  ----------------------------
[INFO]2021-02-24 11:38:44,792: {'agv': 'diniu01', 'loc': '9', 'result': 0, 'resultDesc': 'success', 'taskId': 'test20210201:2021-02-24 11:32:37----9----2021-02-24 11:38:44', 'timeoutSec': 1200} JackLoad
[INFO]2021-02-24 11:38:47,840: diniu01 9 running+++++++++++++++++++++++++++++
[INFO]2021-02-24 11:38:49,841: diniu01 9 running+++++++++++++++++++++++++++++
[INFO]2021-02-24 11:38:51,843: diniu01 9 running+++++++++++++++++++++++++++++
[INFO]2021-02-24 11:38:53,844: diniu01 9 running+++++++++++++++++++++++++++++
[INFO]2021-02-24 11:38:55,846: diniu01 9 running+++++++++++++++++++++++++++++
[INFO]2021-02-24 11:38:57,848: diniu01 9 running+++++++++++++++++++++++++++++
[INFO]2021-02-24 11:38:59,849: diniu01 9 running+++++++++++++++++++++++++++++
[INFO]2021-02-24 11:39:01,851: diniu01 9 running+++++++++++++++++++++++++++++
[INFO]2021-02-24 11:39:03,853: diniu01 9 running+++++++++++++++++++++++++++++
[INFO]2021-02-24 11:39:05,854: diniu01 9 running+++++++++++++++++++++++++++++
[INFO]2021-02-24 11:39:07,856: diniu01 9 running+++++++++++++++++++++++++++++
[INFO]2021-02-24 11:39:09,858: diniu01 9 running+++++++++++++++++++++++++++++
[INFO]2021-02-24 11:39:11,859: diniu01 9 running+++++++++++++++++++++++++++++
[INFO]2021-02-24 11:39:13,861: diniu01 9 running+++++++++++++++++++++++++++++
[INFO]2021-02-24 11:39:15,864: diniu01 9 running+++++++++++++++++++++++++++++
[INFO]2021-02-24 11:39:17,865: diniu01 9 running+++++++++++++++++++++++++++++
[INFO]2021-02-24 11:39:19,867: diniu01 9 running+++++++++++++++++++++++++++++
[INFO]2021-02-24 11:39:21,869: diniu01 9 running+++++++++++++++++++++++++++++
[INFO]2021-02-24 11:39:23,870: diniu01 9 running+++++++++++++++++++++++++++++
[INFO]2021-02-24 11:39:25,872: diniu01 9 running+++++++++++++++++++++++++++++
[INFO]2021-02-24 11:39:27,874: diniu01 9 running+++++++++++++++++++++++++++++
[INFO]2021-02-24 11:39:29,875: diniu01 9 running+++++++++++++++++++++++++++++
[INFO]2021-02-24 11:39:31,878: diniu01 9 running+++++++++++++++++++++++++++++
[INFO]2021-02-24 11:39:33,879: diniu01 9 running+++++++++++++++++++++++++++++
[INFO]2021-02-24 11:39:35,881: diniu01 9 running+++++++++++++++++++++++++++++
[INFO]2021-02-24 11:39:37,883: diniu01 9 running+++++++++++++++++++++++++++++
[INFO]2021-02-24 11:39:39,884: diniu01 9 running+++++++++++++++++++++++++++++
[INFO]2021-02-24 11:39:41,886: diniu01 9 running+++++++++++++++++++++++++++++
[INFO]2021-02-24 11:39:43,888: diniu01 9 running+++++++++++++++++++++++++++++
[INFO]2021-02-24 11:39:45,889: diniu01 9 running+++++++++++++++++++++++++++++
[INFO]2021-02-24 11:39:47,891: diniu01 9 running+++++++++++++++++++++++++++++
[INFO]2021-02-24 11:39:49,893: diniu01 9 running+++++++++++++++++++++++++++++
[INFO]2021-02-24 11:39:51,894: diniu01 9 running+++++++++++++++++++++++++++++
[INFO]2021-02-24 11:39:53,897: diniu01 9 running+++++++++++++++++++++++++++++
[INFO]2021-02-24 11:39:55,900: diniu01 9 running+++++++++++++++++++++++++++++
[INFO]2021-02-24 11:39:57,901: diniu01 9 running+++++++++++++++++++++++++++++
[INFO]2021-02-24 11:39:59,903: diniu01 9 running+++++++++++++++++++++++++++++
[INFO]2021-02-24 11:40:01,905: diniu01 9 running+++++++++++++++++++++++++++++
[INFO]2021-02-24 11:40:03,906: diniu01 9 running+++++++++++++++++++++++++++++
[INFO]2021-02-24 11:40:05,908: diniu01 9 running+++++++++++++++++++++++++++++
[INFO]2021-02-24 11:40:07,909: diniu01 9 running+++++++++++++++++++++++++++++
[INFO]2021-02-24 11:40:09,911: diniu01 9 running+++++++++++++++++++++++++++++
[INFO]2021-02-24 11:40:11,913: diniu01 9 running+++++++++++++++++++++++++++++
[INFO]2021-02-24 11:40:13,915: diniu01 9 running+++++++++++++++++++++++++++++
[INFO]2021-02-24 11:40:15,917: diniu01 9 running+++++++++++++++++++++++++++++
[INFO]2021-02-24 11:40:17,919: diniu01 9 running+++++++++++++++++++++++++++++
[INFO]2021-02-24 11:40:19,920: diniu01 9 running+++++++++++++++++++++++++++++
[INFO]2021-02-24 11:40:21,922: diniu01 9 running+++++++++++++++++++++++++++++
[INFO]2021-02-24 11:40:23,926: diniu01 9 running+++++++++++++++++++++++++++++
[INFO]2021-02-24 11:40:25,927: diniu01 9 running+++++++++++++++++++++++++++++
[INFO]2021-02-24 11:40:27,929: diniu01 9 running+++++++++++++++++++++++++++++
[INFO]2021-02-24 11:40:29,931: diniu01 9 running+++++++++++++++++++++++++++++
[INFO]2021-02-24 11:40:31,932: diniu01 9 running+++++++++++++++++++++++++++++
[INFO]2021-02-24 11:40:33,934: diniu01 9 running+++++++++++++++++++++++++++++
[INFO]2021-02-24 11:40:35,936: diniu01 9 running+++++++++++++++++++++++++++++
[INFO]2021-02-24 11:40:37,938: diniu01 9 running+++++++++++++++++++++++++++++
[INFO]2021-02-24 11:40:39,942: diniu01 9 running+++++++++++++++++++++++++++++
[INFO]2021-02-24 11:40:41,943: diniu01 9 running+++++++++++++++++++++++++++++
[INFO]2021-02-24 11:40:43,946: diniu01 9 running+++++++++++++++++++++++++++++
[INFO]2021-02-24 11:40:45,948: diniu01 9 running+++++++++++++++++++++++++++++
[INFO]2021-02-24 11:40:47,949: diniu01 9 running+++++++++++++++++++++++++++++
[INFO]2021-02-24 11:40:49,951: diniu01 9 running+++++++++++++++++++++++++++++
[INFO]2021-02-24 11:40:51,953: diniu01 9 running+++++++++++++++++++++++++++++
[INFO]2021-02-24 11:40:53,954: diniu01 9 running+++++++++++++++++++++++++++++
[INFO]2021-02-24 11:40:55,956: diniu01 9 running+++++++++++++++++++++++++++++
[INFO]2021-02-24 11:40:57,958: diniu01 9 running+++++++++++++++++++++++++++++
[INFO]2021-02-24 11:40:59,959: diniu01 9 running+++++++++++++++++++++++++++++
[INFO]2021-02-24 11:41:01,961: diniu01 9 running+++++++++++++++++++++++++++++
[INFO]2021-02-24 11:41:03,964: diniu01 9 running+++++++++++++++++++++++++++++
[INFO]2021-02-24 11:41:05,966: diniu01 9 running+++++++++++++++++++++++++++++
[INFO]2021-02-24 11:41:07,968: diniu01 9 running+++++++++++++++++++++++++++++
[INFO]2021-02-24 11:41:09,981: diniu01 9 running+++++++++++++++++++++++++++++
[INFO]2021-02-24 11:41:11,982: diniu01 9 running+++++++++++++++++++++++++++++
[INFO]2021-02-24 11:41:13,984: diniu01 9 running+++++++++++++++++++++++++++++
[INFO]2021-02-24 11:41:15,986: diniu01 9 running+++++++++++++++++++++++++++++
[INFO]2021-02-24 11:41:17,989: diniu01 9 running+++++++++++++++++++++++++++++
[INFO]2021-02-24 11:41:19,991: diniu01 9 running+++++++++++++++++++++++++++++
[INFO]2021-02-24 11:41:21,992: diniu01 9 running+++++++++++++++++++++++++++++
[INFO]2021-02-24 11:41:23,994: diniu01 9 running+++++++++++++++++++++++++++++
[INFO]2021-02-24 11:41:25,996: diniu01 9 running+++++++++++++++++++++++++++++
[INFO]2021-02-24 11:41:27,997: diniu01 9 running+++++++++++++++++++++++++++++
[INFO]2021-02-24 11:41:29,999: diniu01 9 running+++++++++++++++++++++++++++++
[INFO]2021-02-24 11:41:32,001: diniu01 9 running+++++++++++++++++++++++++++++
[INFO]2021-02-24 11:41:34,002: diniu01 9 running+++++++++++++++++++++++++++++
[INFO]2021-02-24 11:41:36,004: diniu01 9 running+++++++++++++++++++++++++++++
[INFO]2021-02-24 11:41:38,006: diniu01 9 running+++++++++++++++++++++++++++++
[INFO]2021-02-24 11:41:40,007: diniu01 9 running+++++++++++++++++++++++++++++
[INFO]2021-02-24 11:41:42,009: diniu01 9 running+++++++++++++++++++++++++++++
[INFO]2021-02-24 11:41:44,011: diniu01 9 running+++++++++++++++++++++++++++++
[INFO]2021-02-24 11:41:46,012: diniu01 9 running+++++++++++++++++++++++++++++
[INFO]2021-02-24 11:41:48,015: diniu01 9 running+++++++++++++++++++++++++++++
[INFO]2021-02-24 11:41:50,017: diniu01 9 running+++++++++++++++++++++++++++++
[INFO]2021-02-24 11:41:52,019: diniu01 9 running+++++++++++++++++++++++++++++
[INFO]2021-02-24 11:41:54,021: diniu01 9 running+++++++++++++++++++++++++++++
[INFO]2021-02-24 11:41:56,022: diniu01 9 running+++++++++++++++++++++++++++++
[INFO]2021-02-24 11:41:57,509: 2021-02-24 11:41:57.509967 diniu01 9 finish1  ----------------------------
[INFO]2021-02-24 11:41:58,030: {'agv': 'diniu01', 'loc': '2', 'result': 0, 'resultDesc': 'success', 'taskId': 'test20210201:2021-02-24 11:32:37----2----2021-02-24 11:41:58', 'timeoutSec': 1200} JackUnload
[INFO]2021-02-24 11:42:01,065: diniu01 2 running+++++++++++++++++++++++++++++
[INFO]2021-02-24 11:42:03,067: diniu01 2 running+++++++++++++++++++++++++++++
[INFO]2021-02-24 11:42:05,068: diniu01 2 running+++++++++++++++++++++++++++++
[INFO]2021-02-24 11:42:07,072: diniu01 2 running+++++++++++++++++++++++++++++
[INFO]2021-02-24 11:42:09,074: diniu01 2 running+++++++++++++++++++++++++++++
[INFO]2021-02-24 11:42:11,075: diniu01 2 running+++++++++++++++++++++++++++++
[INFO]2021-02-24 11:42:13,082: diniu01 2 running+++++++++++++++++++++++++++++
[INFO]2021-02-24 11:42:15,083: diniu01 2 running+++++++++++++++++++++++++++++
[INFO]2021-02-24 11:42:17,085: diniu01 2 running+++++++++++++++++++++++++++++
[INFO]2021-02-24 11:42:19,089: diniu01 2 running+++++++++++++++++++++++++++++
[INFO]2021-02-24 11:42:21,090: diniu01 2 running+++++++++++++++++++++++++++++
[INFO]2021-02-24 11:42:23,092: diniu01 2 running+++++++++++++++++++++++++++++
[INFO]2021-02-24 11:42:25,094: diniu01 2 running+++++++++++++++++++++++++++++
[INFO]2021-02-24 11:42:27,095: diniu01 2 running+++++++++++++++++++++++++++++
[INFO]2021-02-24 11:42:29,097: diniu01 2 running+++++++++++++++++++++++++++++
[INFO]2021-02-24 11:42:31,099: diniu01 2 running+++++++++++++++++++++++++++++
[INFO]2021-02-24 11:42:33,100: diniu01 2 running+++++++++++++++++++++++++++++
[INFO]2021-02-24 11:42:35,102: diniu01 2 running+++++++++++++++++++++++++++++
[INFO]2021-02-24 11:42:37,104: diniu01 2 running+++++++++++++++++++++++++++++
[INFO]2021-02-24 11:42:39,105: diniu01 2 running+++++++++++++++++++++++++++++
[INFO]2021-02-24 11:42:41,107: diniu01 2 running+++++++++++++++++++++++++++++
[INFO]2021-02-24 11:42:43,109: diniu01 2 running+++++++++++++++++++++++++++++
[INFO]2021-02-24 11:42:45,110: diniu01 2 running+++++++++++++++++++++++++++++
[INFO]2021-02-24 11:42:47,112: diniu01 2 running+++++++++++++++++++++++++++++
[INFO]2021-02-24 11:42:49,114: diniu01 2 running+++++++++++++++++++++++++++++
[INFO]2021-02-24 11:42:51,115: diniu01 2 running+++++++++++++++++++++++++++++
[INFO]2021-02-24 11:42:53,117: diniu01 2 running+++++++++++++++++++++++++++++
[INFO]2021-02-24 11:42:55,118: diniu01 2 running+++++++++++++++++++++++++++++
[INFO]2021-02-24 11:42:57,120: diniu01 2 running+++++++++++++++++++++++++++++
[INFO]2021-02-24 11:42:59,122: diniu01 2 running+++++++++++++++++++++++++++++
[INFO]2021-02-24 11:43:01,123: diniu01 2 running+++++++++++++++++++++++++++++
[INFO]2021-02-24 11:43:03,125: diniu01 2 running+++++++++++++++++++++++++++++
[INFO]2021-02-24 11:43:05,127: diniu01 2 running+++++++++++++++++++++++++++++
[INFO]2021-02-24 11:43:07,128: diniu01 2 running+++++++++++++++++++++++++++++
[INFO]2021-02-24 11:43:09,130: diniu01 2 running+++++++++++++++++++++++++++++
[INFO]2021-02-24 11:43:11,132: diniu01 2 running+++++++++++++++++++++++++++++
[INFO]2021-02-24 11:43:13,135: diniu01 2 running+++++++++++++++++++++++++++++
[INFO]2021-02-24 11:43:15,138: diniu01 2 running+++++++++++++++++++++++++++++
[INFO]2021-02-24 11:43:17,140: diniu01 2 running+++++++++++++++++++++++++++++
[INFO]2021-02-24 11:43:19,141: diniu01 2 running+++++++++++++++++++++++++++++
[INFO]2021-02-24 11:43:21,143: diniu01 2 running+++++++++++++++++++++++++++++
[INFO]2021-02-24 11:43:23,145: diniu01 2 running+++++++++++++++++++++++++++++
[INFO]2021-02-24 11:43:25,146: diniu01 2 running+++++++++++++++++++++++++++++
[INFO]2021-02-24 11:43:27,151: diniu01 2 running+++++++++++++++++++++++++++++
[INFO]2021-02-24 11:43:29,152: diniu01 2 running+++++++++++++++++++++++++++++
[INFO]2021-02-24 11:43:31,154: diniu01 2 running+++++++++++++++++++++++++++++
[INFO]2021-02-24 11:43:33,157: diniu01 2 running+++++++++++++++++++++++++++++
[INFO]2021-02-24 11:43:35,158: diniu01 2 running+++++++++++++++++++++++++++++
[INFO]2021-02-24 11:43:37,160: diniu01 2 running+++++++++++++++++++++++++++++
[INFO]2021-02-24 11:43:39,162: diniu01 2 running+++++++++++++++++++++++++++++
[INFO]2021-02-24 11:43:41,164: diniu01 2 running+++++++++++++++++++++++++++++
[INFO]2021-02-24 11:43:43,166: diniu01 2 running+++++++++++++++++++++++++++++
[INFO]2021-02-24 11:43:45,168: diniu01 2 running+++++++++++++++++++++++++++++
[INFO]2021-02-24 11:43:47,169: diniu01 2 running+++++++++++++++++++++++++++++
[INFO]2021-02-24 11:43:49,171: diniu01 2 running+++++++++++++++++++++++++++++
[INFO]2021-02-24 11:43:51,173: diniu01 2 running+++++++++++++++++++++++++++++
[INFO]2021-02-24 11:43:53,174: diniu01 2 running+++++++++++++++++++++++++++++
[INFO]2021-02-24 11:43:55,176: diniu01 2 running+++++++++++++++++++++++++++++
[INFO]2021-02-24 11:43:57,178: diniu01 2 running+++++++++++++++++++++++++++++
[INFO]2021-02-24 11:43:59,179: diniu01 2 running+++++++++++++++++++++++++++++
[INFO]2021-02-24 11:44:01,181: diniu01 2 running+++++++++++++++++++++++++++++
[INFO]2021-02-24 11:44:03,182: diniu01 2 running+++++++++++++++++++++++++++++
[INFO]2021-02-24 11:44:05,184: diniu01 2 running+++++++++++++++++++++++++++++
[INFO]2021-02-24 11:44:07,186: diniu01 2 running+++++++++++++++++++++++++++++
[INFO]2021-02-24 11:44:09,187: diniu01 2 running+++++++++++++++++++++++++++++
[INFO]2021-02-24 11:44:11,189: diniu01 2 running+++++++++++++++++++++++++++++
[INFO]2021-02-24 11:44:13,192: diniu01 2 running+++++++++++++++++++++++++++++
[INFO]2021-02-24 11:44:15,193: diniu01 2 running+++++++++++++++++++++++++++++
[INFO]2021-02-24 11:44:17,195: diniu01 2 running+++++++++++++++++++++++++++++
[INFO]2021-02-24 11:44:19,197: diniu01 2 running+++++++++++++++++++++++++++++
[INFO]2021-02-24 11:44:21,198: diniu01 2 running+++++++++++++++++++++++++++++
[INFO]2021-02-24 11:44:23,200: diniu01 2 running+++++++++++++++++++++++++++++
[INFO]2021-02-24 11:44:25,202: diniu01 2 running+++++++++++++++++++++++++++++
[INFO]2021-02-24 11:44:27,203: diniu01 2 running+++++++++++++++++++++++++++++
[INFO]2021-02-24 11:44:29,205: diniu01 2 running+++++++++++++++++++++++++++++
[INFO]2021-02-24 11:44:31,208: diniu01 2 running+++++++++++++++++++++++++++++
[INFO]2021-02-24 11:44:33,209: diniu01 2 running+++++++++++++++++++++++++++++
[INFO]2021-02-24 11:44:35,211: diniu01 2 running+++++++++++++++++++++++++++++
[INFO]2021-02-24 11:44:37,213: diniu01 2 running+++++++++++++++++++++++++++++
[INFO]2021-02-24 11:44:39,214: diniu01 2 running+++++++++++++++++++++++++++++
[INFO]2021-02-24 11:44:41,216: diniu01 2 running+++++++++++++++++++++++++++++
[INFO]2021-02-24 11:44:43,217: diniu01 2 running+++++++++++++++++++++++++++++
[INFO]2021-02-24 11:44:45,219: diniu01 2 running+++++++++++++++++++++++++++++
[INFO]2021-02-24 11:44:47,221: diniu01 2 running+++++++++++++++++++++++++++++
[INFO]2021-02-24 11:44:49,222: diniu01 2 running+++++++++++++++++++++++++++++
[INFO]2021-02-24 11:44:51,224: diniu01 2 running+++++++++++++++++++++++++++++
[INFO]2021-02-24 11:44:53,226: diniu01 2 running+++++++++++++++++++++++++++++
[INFO]2021-02-24 11:44:55,227: diniu01 2 running+++++++++++++++++++++++++++++
[INFO]2021-02-24 11:44:57,229: diniu01 2 running+++++++++++++++++++++++++++++
[INFO]2021-02-24 11:44:59,231: diniu01 2 running+++++++++++++++++++++++++++++
[INFO]2021-02-24 11:45:01,232: diniu01 2 running+++++++++++++++++++++++++++++
[INFO]2021-02-24 11:45:03,234: diniu01 2 running+++++++++++++++++++++++++++++
[INFO]2021-02-24 11:45:03,390: 2021-02-24 11:45:03.390025 diniu01 2 finish1  ----------------------------
[INFO]2021-02-24 11:45:05,242: {'agv': 'diniu01', 'loc': '20', 'result': 0, 'resultDesc': 'success', 'taskId': 'test20210201:2021-02-24 11:32:37----20----2021-02-24 11:45:05', 'timeoutSec': 1200}
[INFO]2021-02-24 11:45:08,293: diniu01 20 running+++++++++++++++++++++++++++++
[INFO]2021-02-24 11:45:10,295: diniu01 20 running+++++++++++++++++++++++++++++
[INFO]2021-02-24 11:45:12,297: diniu01 20 running+++++++++++++++++++++++++++++
[INFO]2021-02-24 11:45:14,299: diniu01 20 running+++++++++++++++++++++++++++++
[INFO]2021-02-24 11:45:16,300: diniu01 20 running+++++++++++++++++++++++++++++
[INFO]2021-02-24 11:45:18,302: diniu01 20 running+++++++++++++++++++++++++++++
[INFO]2021-02-24 11:45:20,303: diniu01 20 running+++++++++++++++++++++++++++++
[INFO]2021-02-24 11:45:22,305: diniu01 20 running+++++++++++++++++++++++++++++
[INFO]2021-02-24 11:45:24,307: diniu01 20 running+++++++++++++++++++++++++++++
[INFO]2021-02-24 11:45:26,308: diniu01 20 running+++++++++++++++++++++++++++++
[INFO]2021-02-24 11:45:28,310: diniu01 20 running+++++++++++++++++++++++++++++
[INFO]2021-02-24 11:45:30,312: diniu01 20 running+++++++++++++++++++++++++++++
[INFO]2021-02-24 11:45:32,313: diniu01 20 running+++++++++++++++++++++++++++++
[INFO]2021-02-24 11:45:34,316: diniu01 20 running+++++++++++++++++++++++++++++
[INFO]2021-02-24 11:45:36,317: diniu01 20 running+++++++++++++++++++++++++++++
[INFO]2021-02-24 11:45:38,319: diniu01 20 running+++++++++++++++++++++++++++++
[INFO]2021-02-24 11:45:40,323: diniu01 20 running+++++++++++++++++++++++++++++
[INFO]2021-02-24 11:45:42,324: diniu01 20 running+++++++++++++++++++++++++++++
[INFO]2021-02-24 11:45:44,327: diniu01 20 running+++++++++++++++++++++++++++++
[INFO]2021-02-24 11:45:46,329: diniu01 20 running+++++++++++++++++++++++++++++
[INFO]2021-02-24 11:45:48,330: diniu01 20 running+++++++++++++++++++++++++++++
[INFO]2021-02-24 11:45:50,332: diniu01 20 running+++++++++++++++++++++++++++++
[INFO]2021-02-24 11:45:52,334: diniu01 20 running+++++++++++++++++++++++++++++
[INFO]2021-02-24 11:45:54,335: diniu01 20 running+++++++++++++++++++++++++++++
[INFO]2021-02-24 11:45:56,337: diniu01 20 running+++++++++++++++++++++++++++++
[INFO]2021-02-24 11:45:58,339: diniu01 20 running+++++++++++++++++++++++++++++
[INFO]2021-02-24 11:46:00,340: diniu01 20 running+++++++++++++++++++++++++++++
[INFO]2021-02-24 11:46:02,342: diniu01 20 running+++++++++++++++++++++++++++++
[INFO]2021-02-24 11:46:04,344: diniu01 20 running+++++++++++++++++++++++++++++
[INFO]2021-02-24 11:46:06,345: diniu01 20 running+++++++++++++++++++++++++++++
[INFO]2021-02-24 11:46:08,347: diniu01 20 running+++++++++++++++++++++++++++++
[INFO]2021-02-24 11:46:10,350: diniu01 20 running+++++++++++++++++++++++++++++
[INFO]2021-02-24 11:46:12,351: diniu01 20 running+++++++++++++++++++++++++++++
[INFO]2021-02-24 11:46:14,354: diniu01 20 running+++++++++++++++++++++++++++++
[INFO]2021-02-24 11:46:16,355: diniu01 20 running+++++++++++++++++++++++++++++
[INFO]2021-02-24 11:46:18,357: diniu01 20 running+++++++++++++++++++++++++++++
[INFO]2021-02-24 11:46:20,359: diniu01 20 running+++++++++++++++++++++++++++++
[INFO]2021-02-24 11:46:22,361: diniu01 20 running+++++++++++++++++++++++++++++
[INFO]2021-02-24 11:46:24,362: diniu01 20 running+++++++++++++++++++++++++++++
[INFO]2021-02-24 11:46:26,366: diniu01 20 running+++++++++++++++++++++++++++++
[INFO]2021-02-24 11:46:28,367: diniu01 20 running+++++++++++++++++++++++++++++
[INFO]2021-02-24 11:46:30,369: diniu01 20 running+++++++++++++++++++++++++++++
[INFO]2021-02-24 11:46:32,371: diniu01 20 running+++++++++++++++++++++++++++++
[INFO]2021-02-24 11:46:34,373: diniu01 20 running+++++++++++++++++++++++++++++
[INFO]2021-02-24 11:46:36,376: diniu01 20 running+++++++++++++++++++++++++++++
[INFO]2021-02-24 11:46:38,378: diniu01 20 running+++++++++++++++++++++++++++++
[INFO]2021-02-24 11:46:40,380: diniu01 20 running+++++++++++++++++++++++++++++
[INFO]2021-02-24 11:46:42,382: diniu01 20 running+++++++++++++++++++++++++++++
[INFO]2021-02-24 11:46:44,384: diniu01 20 running+++++++++++++++++++++++++++++
[INFO]2021-02-24 11:46:46,385: diniu01 20 running+++++++++++++++++++++++++++++
[INFO]2021-02-24 11:46:48,387: diniu01 20 running+++++++++++++++++++++++++++++
[INFO]2021-02-24 11:46:50,388: diniu01 20 running+++++++++++++++++++++++++++++
[INFO]2021-02-24 11:46:52,390: diniu01 20 running+++++++++++++++++++++++++++++
[INFO]2021-02-24 11:46:54,392: diniu01 20 running+++++++++++++++++++++++++++++
[INFO]2021-02-24 11:46:56,393: diniu01 20 running+++++++++++++++++++++++++++++
[INFO]2021-02-24 11:46:58,395: diniu01 20 running+++++++++++++++++++++++++++++
[INFO]2021-02-24 11:46:59,547: 2021-02-24 11:46:59.547482 diniu01 20 finish1  ----------------------------
[INFO]2021-02-24 11:47:06,560: {'agv': 'diniu01', 'loc': '2', 'result': 0, 'resultDesc': 'success', 'taskId': 'test20210201:2021-02-24 11:47:00----2----2021-02-24 11:47:06', 'timeoutSec': 1200} JackLoad
[INFO]2021-02-24 11:47:09,604: diniu01 2 running+++++++++++++++++++++++++++++
[INFO]2021-02-24 11:47:11,606: diniu01 2 running+++++++++++++++++++++++++++++
[INFO]2021-02-24 11:47:13,607: diniu01 2 running+++++++++++++++++++++++++++++
[INFO]2021-02-24 11:47:15,609: diniu01 2 running+++++++++++++++++++++++++++++
[INFO]2021-02-24 11:47:17,611: diniu01 2 running+++++++++++++++++++++++++++++
[INFO]2021-02-24 11:47:19,612: diniu01 2 running+++++++++++++++++++++++++++++
[INFO]2021-02-24 11:47:21,613: diniu01 2 running+++++++++++++++++++++++++++++
[INFO]2021-02-24 11:47:23,616: diniu01 2 running+++++++++++++++++++++++++++++
[INFO]2021-02-24 11:47:25,617: diniu01 2 running+++++++++++++++++++++++++++++
[INFO]2021-02-24 11:47:27,619: diniu01 2 running+++++++++++++++++++++++++++++
[INFO]2021-02-24 11:47:29,621: diniu01 2 running+++++++++++++++++++++++++++++
[INFO]2021-02-24 11:47:31,622: diniu01 2 running+++++++++++++++++++++++++++++
[INFO]2021-02-24 11:47:33,624: diniu01 2 running+++++++++++++++++++++++++++++
[INFO]2021-02-24 11:47:35,626: diniu01 2 running+++++++++++++++++++++++++++++
[INFO]2021-02-24 11:47:37,627: diniu01 2 running+++++++++++++++++++++++++++++
[INFO]2021-02-24 11:47:39,629: diniu01 2 running+++++++++++++++++++++++++++++
[INFO]2021-02-24 11:47:41,630: diniu01 2 running+++++++++++++++++++++++++++++
[INFO]2021-02-24 11:47:43,633: diniu01 2 running+++++++++++++++++++++++++++++
[INFO]2021-02-24 11:47:45,635: diniu01 2 running+++++++++++++++++++++++++++++
[INFO]2021-02-24 11:47:47,636: diniu01 2 running+++++++++++++++++++++++++++++
[INFO]2021-02-24 11:47:49,638: diniu01 2 running+++++++++++++++++++++++++++++
[INFO]2021-02-24 11:47:51,640: diniu01 2 running+++++++++++++++++++++++++++++
[INFO]2021-02-24 11:47:53,641: diniu01 2 running+++++++++++++++++++++++++++++
[INFO]2021-02-24 11:47:55,643: diniu01 2 running+++++++++++++++++++++++++++++
[INFO]2021-02-24 11:47:57,645: diniu01 2 running+++++++++++++++++++++++++++++
[INFO]2021-02-24 11:47:59,646: diniu01 2 running+++++++++++++++++++++++++++++
[INFO]2021-02-24 11:48:01,648: diniu01 2 running+++++++++++++++++++++++++++++
[INFO]2021-02-24 11:48:03,650: diniu01 2 running+++++++++++++++++++++++++++++
[INFO]2021-02-24 11:48:05,651: diniu01 2 running+++++++++++++++++++++++++++++
[INFO]2021-02-24 11:48:07,653: diniu01 2 running+++++++++++++++++++++++++++++
[INFO]2021-02-24 11:48:09,655: diniu01 2 running+++++++++++++++++++++++++++++
[INFO]2021-02-24 11:48:11,656: diniu01 2 running+++++++++++++++++++++++++++++
[INFO]2021-02-24 11:48:13,658: diniu01 2 running+++++++++++++++++++++++++++++
[INFO]2021-02-24 11:48:15,660: diniu01 2 running+++++++++++++++++++++++++++++
[INFO]2021-02-24 11:48:17,661: diniu01 2 running+++++++++++++++++++++++++++++
[INFO]2021-02-24 11:48:19,663: diniu01 2 running+++++++++++++++++++++++++++++
[INFO]2021-02-24 11:48:21,664: diniu01 2 running+++++++++++++++++++++++++++++
[INFO]2021-02-24 11:48:23,666: diniu01 2 running+++++++++++++++++++++++++++++
[INFO]2021-02-24 11:48:25,670: diniu01 2 running+++++++++++++++++++++++++++++
[INFO]2021-02-24 11:48:27,671: diniu01 2 running+++++++++++++++++++++++++++++
[INFO]2021-02-24 11:48:29,673: diniu01 2 running+++++++++++++++++++++++++++++
[INFO]2021-02-24 11:48:31,675: diniu01 2 running+++++++++++++++++++++++++++++
[INFO]2021-02-24 11:48:33,676: diniu01 2 running+++++++++++++++++++++++++++++
[INFO]2021-02-24 11:48:35,678: diniu01 2 running+++++++++++++++++++++++++++++
[INFO]2021-02-24 11:48:37,680: diniu01 2 running+++++++++++++++++++++++++++++
[INFO]2021-02-24 11:48:39,681: diniu01 2 running+++++++++++++++++++++++++++++
[INFO]2021-02-24 11:48:41,683: diniu01 2 running+++++++++++++++++++++++++++++
[INFO]2021-02-24 11:48:43,685: diniu01 2 running+++++++++++++++++++++++++++++
[INFO]2021-02-24 11:48:45,686: diniu01 2 running+++++++++++++++++++++++++++++
[INFO]2021-02-24 11:48:47,689: diniu01 2 running+++++++++++++++++++++++++++++
[INFO]2021-02-24 11:48:49,692: diniu01 2 running+++++++++++++++++++++++++++++
[INFO]2021-02-24 11:48:51,693: diniu01 2 running+++++++++++++++++++++++++++++
[INFO]2021-02-24 11:48:53,694: diniu01 2 running+++++++++++++++++++++++++++++
[INFO]2021-02-24 11:48:55,695: diniu01 2 running+++++++++++++++++++++++++++++
[INFO]2021-02-24 11:48:57,696: diniu01 2 running+++++++++++++++++++++++++++++
[INFO]2021-02-24 11:48:59,699: diniu01 2 running+++++++++++++++++++++++++++++
[INFO]2021-02-24 11:49:01,700: diniu01 2 running+++++++++++++++++++++++++++++
[INFO]2021-02-24 11:49:03,702: diniu01 2 running+++++++++++++++++++++++++++++
[INFO]2021-02-24 11:49:05,704: diniu01 2 running+++++++++++++++++++++++++++++
[INFO]2021-02-24 11:49:07,706: diniu01 2 running+++++++++++++++++++++++++++++
[INFO]2021-02-24 11:49:09,707: diniu01 2 running+++++++++++++++++++++++++++++
[INFO]2021-02-24 11:49:11,709: diniu01 2 running+++++++++++++++++++++++++++++
[INFO]2021-02-24 11:49:13,710: diniu01 2 running+++++++++++++++++++++++++++++
[INFO]2021-02-24 11:49:15,712: diniu01 2 running+++++++++++++++++++++++++++++
[INFO]2021-02-24 11:49:17,714: diniu01 2 running+++++++++++++++++++++++++++++
[INFO]2021-02-24 11:49:19,715: diniu01 2 running+++++++++++++++++++++++++++++
[INFO]2021-02-24 11:49:21,717: diniu01 2 running+++++++++++++++++++++++++++++
[INFO]2021-02-24 11:49:23,719: diniu01 2 running+++++++++++++++++++++++++++++
[INFO]2021-02-24 11:49:25,722: diniu01 2 running+++++++++++++++++++++++++++++
[INFO]2021-02-24 11:49:27,724: diniu01 2 running+++++++++++++++++++++++++++++
[INFO]2021-02-24 11:49:29,726: diniu01 2 running+++++++++++++++++++++++++++++
[INFO]2021-02-24 11:49:31,728: diniu01 2 running+++++++++++++++++++++++++++++
[INFO]2021-02-24 11:49:33,733: diniu01 2 running+++++++++++++++++++++++++++++
[INFO]2021-02-24 11:49:35,734: diniu01 2 running+++++++++++++++++++++++++++++
[INFO]2021-02-24 11:49:37,738: diniu01 2 running+++++++++++++++++++++++++++++
[INFO]2021-02-24 11:49:39,740: diniu01 2 running+++++++++++++++++++++++++++++
[INFO]2021-02-24 11:49:41,741: diniu01 2 running+++++++++++++++++++++++++++++
[INFO]2021-02-24 11:49:42,150: 2021-02-24 11:49:42.150771 diniu01 2 finish1  ----------------------------
[INFO]2021-02-24 11:49:43,749: {'agv': 'diniu01', 'loc': '9', 'result': 0, 'resultDesc': 'success', 'taskId': 'test20210201:2021-02-24 11:47:00----9----2021-02-24 11:49:43', 'timeoutSec': 1200} JackUnload
[INFO]2021-02-24 11:49:46,790: diniu01 9 running+++++++++++++++++++++++++++++
[INFO]2021-02-24 11:49:48,792: diniu01 9 running+++++++++++++++++++++++++++++
[INFO]2021-02-24 11:49:50,793: diniu01 9 running+++++++++++++++++++++++++++++
[INFO]2021-02-24 11:49:52,795: diniu01 9 running+++++++++++++++++++++++++++++
[INFO]2021-02-24 11:49:54,796: diniu01 9 running+++++++++++++++++++++++++++++
[INFO]2021-02-24 11:49:56,798: diniu01 9 running+++++++++++++++++++++++++++++
[INFO]2021-02-24 11:49:58,800: diniu01 9 running+++++++++++++++++++++++++++++
[INFO]2021-02-24 11:50:00,801: diniu01 9 running+++++++++++++++++++++++++++++
[INFO]2021-02-24 11:50:02,803: diniu01 9 running+++++++++++++++++++++++++++++
[INFO]2021-02-24 11:50:04,807: diniu01 9 running+++++++++++++++++++++++++++++
[INFO]2021-02-24 11:50:06,808: diniu01 9 running+++++++++++++++++++++++++++++
[INFO]2021-02-24 11:50:08,810: diniu01 9 running+++++++++++++++++++++++++++++
[INFO]2021-02-24 11:50:10,812: diniu01 9 running+++++++++++++++++++++++++++++
[INFO]2021-02-24 11:50:12,813: diniu01 9 running+++++++++++++++++++++++++++++
[INFO]2021-02-24 11:50:14,815: diniu01 9 running+++++++++++++++++++++++++++++
[INFO]2021-02-24 11:50:16,817: diniu01 9 running+++++++++++++++++++++++++++++
[INFO]2021-02-24 11:50:18,818: diniu01 9 running+++++++++++++++++++++++++++++
[INFO]2021-02-24 11:50:20,820: diniu01 9 running+++++++++++++++++++++++++++++
[INFO]2021-02-24 11:50:22,822: diniu01 9 running+++++++++++++++++++++++++++++
[INFO]2021-02-24 11:50:24,823: diniu01 9 running+++++++++++++++++++++++++++++
[INFO]2021-02-24 11:50:26,825: diniu01 9 running+++++++++++++++++++++++++++++
[INFO]2021-02-24 11:50:28,827: diniu01 9 running+++++++++++++++++++++++++++++
[INFO]2021-02-24 11:50:30,828: diniu01 9 running+++++++++++++++++++++++++++++
[INFO]2021-02-24 11:50:32,830: diniu01 9 running+++++++++++++++++++++++++++++
[INFO]2021-02-24 11:50:34,832: diniu01 9 running+++++++++++++++++++++++++++++
[INFO]2021-02-24 11:50:36,833: diniu01 9 running+++++++++++++++++++++++++++++
[INFO]2021-02-24 11:50:38,836: diniu01 9 running+++++++++++++++++++++++++++++
[INFO]2021-02-24 11:50:40,837: diniu01 9 running+++++++++++++++++++++++++++++
[INFO]2021-02-24 11:50:42,839: diniu01 9 running+++++++++++++++++++++++++++++
[INFO]2021-02-24 11:50:44,841: diniu01 9 running+++++++++++++++++++++++++++++
[INFO]2021-02-24 11:50:46,842: diniu01 9 running+++++++++++++++++++++++++++++
[INFO]2021-02-24 11:50:48,844: diniu01 9 running+++++++++++++++++++++++++++++
[INFO]2021-02-24 11:50:50,846: diniu01 9 running+++++++++++++++++++++++++++++
[INFO]2021-02-24 11:50:52,848: diniu01 9 running+++++++++++++++++++++++++++++
[INFO]2021-02-24 11:50:54,850: diniu01 9 running+++++++++++++++++++++++++++++
[INFO]2021-02-24 11:50:56,852: diniu01 9 running+++++++++++++++++++++++++++++
[INFO]2021-02-24 11:50:58,853: diniu01 9 running+++++++++++++++++++++++++++++
[INFO]2021-02-24 11:51:00,855: diniu01 9 running+++++++++++++++++++++++++++++
[INFO]2021-02-24 11:51:02,857: diniu01 9 running+++++++++++++++++++++++++++++
[INFO]2021-02-24 11:51:04,857: diniu01 9 running+++++++++++++++++++++++++++++
[INFO]2021-02-24 11:51:06,859: diniu01 9 running+++++++++++++++++++++++++++++
[INFO]2021-02-24 11:51:08,860: diniu01 9 running+++++++++++++++++++++++++++++
[INFO]2021-02-24 11:51:10,862: diniu01 9 running+++++++++++++++++++++++++++++
[INFO]2021-02-24 11:51:12,864: diniu01 9 running+++++++++++++++++++++++++++++
[INFO]2021-02-24 11:51:14,865: diniu01 9 running+++++++++++++++++++++++++++++
[INFO]2021-02-24 11:51:16,867: diniu01 9 running+++++++++++++++++++++++++++++
[INFO]2021-02-24 11:51:18,871: diniu01 9 running+++++++++++++++++++++++++++++
[INFO]2021-02-24 11:51:20,872: diniu01 9 running+++++++++++++++++++++++++++++
[INFO]2021-02-24 11:51:22,874: diniu01 9 running+++++++++++++++++++++++++++++
[INFO]2021-02-24 11:51:24,879: diniu01 9 running+++++++++++++++++++++++++++++
[INFO]2021-02-24 11:51:26,880: diniu01 9 running+++++++++++++++++++++++++++++
[INFO]2021-02-24 11:51:28,882: diniu01 9 running+++++++++++++++++++++++++++++
[INFO]2021-02-24 11:51:30,884: diniu01 9 running+++++++++++++++++++++++++++++
[INFO]2021-02-24 11:51:32,885: diniu01 9 running+++++++++++++++++++++++++++++
[INFO]2021-02-24 11:51:34,887: diniu01 9 running+++++++++++++++++++++++++++++
[INFO]2021-02-24 11:51:36,889: diniu01 9 running+++++++++++++++++++++++++++++
[INFO]2021-02-24 11:51:38,890: diniu01 9 running+++++++++++++++++++++++++++++
[INFO]2021-02-24 11:51:40,892: diniu01 9 running+++++++++++++++++++++++++++++
[INFO]2021-02-24 11:51:42,894: diniu01 9 running+++++++++++++++++++++++++++++
[INFO]2021-02-24 11:51:44,895: diniu01 9 running+++++++++++++++++++++++++++++
[INFO]2021-02-24 11:51:46,897: diniu01 9 running+++++++++++++++++++++++++++++
[INFO]2021-02-24 11:51:48,898: diniu01 9 running+++++++++++++++++++++++++++++
[INFO]2021-02-24 11:51:50,904: diniu01 9 running+++++++++++++++++++++++++++++
[INFO]2021-02-24 11:51:52,906: diniu01 9 running+++++++++++++++++++++++++++++
[INFO]2021-02-24 11:51:54,907: diniu01 9 running+++++++++++++++++++++++++++++
[INFO]2021-02-24 11:51:56,909: diniu01 9 running+++++++++++++++++++++++++++++
[INFO]2021-02-24 11:51:58,911: diniu01 9 running+++++++++++++++++++++++++++++
[INFO]2021-02-24 11:52:00,913: diniu01 9 running+++++++++++++++++++++++++++++
[INFO]2021-02-24 11:52:02,915: diniu01 9 running+++++++++++++++++++++++++++++
[INFO]2021-02-24 11:52:04,917: diniu01 9 running+++++++++++++++++++++++++++++
[INFO]2021-02-24 11:52:06,918: diniu01 9 running+++++++++++++++++++++++++++++
[INFO]2021-02-24 11:52:08,920: diniu01 9 running+++++++++++++++++++++++++++++
[INFO]2021-02-24 11:52:10,922: diniu01 9 running+++++++++++++++++++++++++++++
[INFO]2021-02-24 11:52:12,924: diniu01 9 running+++++++++++++++++++++++++++++
[INFO]2021-02-24 11:52:14,926: diniu01 9 running+++++++++++++++++++++++++++++
[INFO]2021-02-24 11:52:16,928: diniu01 9 running+++++++++++++++++++++++++++++
[INFO]2021-02-24 11:52:18,929: diniu01 9 running+++++++++++++++++++++++++++++
[INFO]2021-02-24 11:52:20,932: diniu01 9 running+++++++++++++++++++++++++++++
[INFO]2021-02-24 11:52:22,934: diniu01 9 running+++++++++++++++++++++++++++++
[INFO]2021-02-24 11:52:24,936: diniu01 9 running+++++++++++++++++++++++++++++
[INFO]2021-02-24 11:52:26,938: diniu01 9 running+++++++++++++++++++++++++++++
[INFO]2021-02-24 11:52:28,940: diniu01 9 running+++++++++++++++++++++++++++++
[INFO]2021-02-24 11:52:30,941: diniu01 9 running+++++++++++++++++++++++++++++
[INFO]2021-02-24 11:52:32,943: diniu01 9 running+++++++++++++++++++++++++++++
[INFO]2021-02-24 11:52:34,944: diniu01 9 running+++++++++++++++++++++++++++++
[INFO]2021-02-24 11:52:36,946: diniu01 9 running+++++++++++++++++++++++++++++
[INFO]2021-02-24 11:52:38,948: diniu01 9 running+++++++++++++++++++++++++++++
[INFO]2021-02-24 11:52:40,949: diniu01 9 running+++++++++++++++++++++++++++++
[INFO]2021-02-24 11:52:42,825: 2021-02-24 11:52:42.825747 diniu01 9 finish1  ----------------------------
[INFO]2021-02-24 11:52:42,951: {'agv': 'diniu01', 'loc': '1', 'result': 0, 'resultDesc': 'success', 'taskId': 'test20210201:2021-02-24 11:47:00----1----2021-02-24 11:52:42', 'timeoutSec': 1200}
[INFO]2021-02-24 11:52:45,966: diniu01 1 running+++++++++++++++++++++++++++++
[INFO]2021-02-24 11:52:47,968: diniu01 1 running+++++++++++++++++++++++++++++
[INFO]2021-02-24 11:52:49,969: diniu01 1 running+++++++++++++++++++++++++++++
[INFO]2021-02-24 11:52:51,971: diniu01 1 running+++++++++++++++++++++++++++++
[INFO]2021-02-24 11:52:53,972: diniu01 1 running+++++++++++++++++++++++++++++
[INFO]2021-02-24 11:52:55,974: diniu01 1 running+++++++++++++++++++++++++++++
[INFO]2021-02-24 11:52:57,976: diniu01 1 running+++++++++++++++++++++++++++++
[INFO]2021-02-24 11:52:59,977: diniu01 1 running+++++++++++++++++++++++++++++
[INFO]2021-02-24 11:53:01,979: diniu01 1 running+++++++++++++++++++++++++++++
[INFO]2021-02-24 11:53:03,981: diniu01 1 running+++++++++++++++++++++++++++++
[INFO]2021-02-24 11:53:05,982: diniu01 1 running+++++++++++++++++++++++++++++
[INFO]2021-02-24 11:53:07,984: diniu01 1 running+++++++++++++++++++++++++++++
[INFO]2021-02-24 11:53:09,987: diniu01 1 running+++++++++++++++++++++++++++++
[INFO]2021-02-24 11:53:11,988: diniu01 1 running+++++++++++++++++++++++++++++
[INFO]2021-02-24 11:53:13,990: diniu01 1 running+++++++++++++++++++++++++++++
[INFO]2021-02-24 11:53:15,993: diniu01 1 running+++++++++++++++++++++++++++++
[INFO]2021-02-24 11:53:17,994: diniu01 1 running+++++++++++++++++++++++++++++
[INFO]2021-02-24 11:53:19,996: diniu01 1 running+++++++++++++++++++++++++++++
[INFO]2021-02-24 11:53:21,999: diniu01 1 running+++++++++++++++++++++++++++++
[INFO]2021-02-24 11:53:24,000: diniu01 1 running+++++++++++++++++++++++++++++
[INFO]2021-02-24 11:53:26,002: diniu01 1 running+++++++++++++++++++++++++++++
[INFO]2021-02-24 11:53:28,003: diniu01 1 running+++++++++++++++++++++++++++++
[INFO]2021-02-24 11:53:30,005: diniu01 1 running+++++++++++++++++++++++++++++
[INFO]2021-02-24 11:53:32,007: diniu01 1 running+++++++++++++++++++++++++++++
[INFO]2021-02-24 11:53:34,008: diniu01 1 running+++++++++++++++++++++++++++++
[INFO]2021-02-24 11:53:36,010: diniu01 1 running+++++++++++++++++++++++++++++
[INFO]2021-02-24 11:53:38,012: diniu01 1 running+++++++++++++++++++++++++++++
[INFO]2021-02-24 11:53:40,013: diniu01 1 running+++++++++++++++++++++++++++++
[INFO]2021-02-24 11:53:42,015: diniu01 1 running+++++++++++++++++++++++++++++
[INFO]2021-02-24 11:53:44,017: diniu01 1 running+++++++++++++++++++++++++++++
[INFO]2021-02-24 11:53:46,018: diniu01 1 running+++++++++++++++++++++++++++++
[INFO]2021-02-24 11:53:48,020: diniu01 1 running+++++++++++++++++++++++++++++
[INFO]2021-02-24 11:53:50,022: diniu01 1 running+++++++++++++++++++++++++++++
[INFO]2021-02-24 11:53:52,023: diniu01 1 running+++++++++++++++++++++++++++++
[INFO]2021-02-24 11:53:54,025: diniu01 1 running+++++++++++++++++++++++++++++
[INFO]2021-02-24 11:53:56,027: diniu01 1 running+++++++++++++++++++++++++++++
[INFO]2021-02-24 11:53:58,028: diniu01 1 running+++++++++++++++++++++++++++++
[INFO]2021-02-24 11:54:00,030: diniu01 1 running+++++++++++++++++++++++++++++
[INFO]2021-02-24 11:54:02,033: diniu01 1 running+++++++++++++++++++++++++++++
[INFO]2021-02-24 11:54:04,035: diniu01 1 running+++++++++++++++++++++++++++++
[INFO]2021-02-24 11:54:06,037: diniu01 1 running+++++++++++++++++++++++++++++
[INFO]2021-02-24 11:54:08,038: diniu01 1 running+++++++++++++++++++++++++++++
[INFO]2021-02-24 11:54:10,040: diniu01 1 running+++++++++++++++++++++++++++++
[INFO]2021-02-24 11:54:12,042: diniu01 1 running+++++++++++++++++++++++++++++
[INFO]2021-02-24 11:54:14,044: diniu01 1 running+++++++++++++++++++++++++++++
[INFO]2021-02-24 11:54:16,046: diniu01 1 running+++++++++++++++++++++++++++++
[INFO]2021-02-24 11:54:18,048: diniu01 1 running+++++++++++++++++++++++++++++
[INFO]2021-02-24 11:54:20,051: diniu01 1 running+++++++++++++++++++++++++++++
[INFO]2021-02-24 11:54:22,054: diniu01 1 running+++++++++++++++++++++++++++++
[INFO]2021-02-24 11:54:24,056: diniu01 1 running+++++++++++++++++++++++++++++
[INFO]2021-02-24 11:54:26,057: diniu01 1 running+++++++++++++++++++++++++++++
[INFO]2021-02-24 11:54:28,059: diniu01 1 running+++++++++++++++++++++++++++++
[INFO]2021-02-24 11:54:30,061: diniu01 1 running+++++++++++++++++++++++++++++
[INFO]2021-02-24 11:54:32,063: diniu01 1 running+++++++++++++++++++++++++++++
[INFO]2021-02-24 11:54:34,065: diniu01 1 running+++++++++++++++++++++++++++++
[INFO]2021-02-24 11:54:36,068: diniu01 1 running+++++++++++++++++++++++++++++
[INFO]2021-02-24 11:54:38,069: diniu01 1 running+++++++++++++++++++++++++++++
[INFO]2021-02-24 11:54:40,071: diniu01 1 running+++++++++++++++++++++++++++++
[INFO]2021-02-24 11:54:42,073: diniu01 1 running+++++++++++++++++++++++++++++
[INFO]2021-02-24 11:54:44,074: diniu01 1 running+++++++++++++++++++++++++++++
[INFO]2021-02-24 11:54:46,076: diniu01 1 running+++++++++++++++++++++++++++++
[INFO]2021-02-24 11:54:48,078: diniu01 1 running+++++++++++++++++++++++++++++
[INFO]2021-02-24 11:54:50,079: diniu01 1 running+++++++++++++++++++++++++++++
[INFO]2021-02-24 11:54:52,081: diniu01 1 running+++++++++++++++++++++++++++++
[INFO]2021-02-24 11:54:54,083: diniu01 1 running+++++++++++++++++++++++++++++
[INFO]2021-02-24 11:54:56,085: diniu01 1 running+++++++++++++++++++++++++++++
[INFO]2021-02-24 11:54:58,087: diniu01 1 running+++++++++++++++++++++++++++++
[INFO]2021-02-24 11:55:00,088: diniu01 1 running+++++++++++++++++++++++++++++
[INFO]2021-02-24 11:55:02,090: diniu01 1 running+++++++++++++++++++++++++++++
[INFO]2021-02-24 11:55:04,092: diniu01 1 running+++++++++++++++++++++++++++++
[INFO]2021-02-24 11:55:06,093: diniu01 1 running+++++++++++++++++++++++++++++
[INFO]2021-02-24 11:55:08,095: diniu01 1 running+++++++++++++++++++++++++++++
[INFO]2021-02-24 11:55:10,098: diniu01 1 running+++++++++++++++++++++++++++++
[INFO]2021-02-24 11:55:12,099: diniu01 1 running+++++++++++++++++++++++++++++
[INFO]2021-02-24 11:55:14,101: diniu01 1 running+++++++++++++++++++++++++++++
[INFO]2021-02-24 11:55:16,103: diniu01 1 running+++++++++++++++++++++++++++++
[INFO]2021-02-24 11:55:18,105: diniu01 1 running+++++++++++++++++++++++++++++
[INFO]2021-02-24 11:55:19,858: 2021-02-24 11:55:19.858928 diniu01 1 finish1  ----------------------------
[INFO]2021-02-24 11:55:20,107: {'agv': 'diniu01', 'loc': '9', 'result': 0, 'resultDesc': 'success', 'taskId': 'test20210201:2021-02-24 11:47:00----9----2021-02-24 11:55:20', 'timeoutSec': 1200} JackLoad
[INFO]2021-02-24 11:55:23,122: diniu01 9 running+++++++++++++++++++++++++++++
[INFO]2021-02-24 11:55:25,123: diniu01 9 running+++++++++++++++++++++++++++++
[INFO]2021-02-24 11:55:27,125: diniu01 9 running+++++++++++++++++++++++++++++
[INFO]2021-02-24 11:55:29,127: diniu01 9 running+++++++++++++++++++++++++++++
[INFO]2021-02-24 11:55:31,128: diniu01 9 running+++++++++++++++++++++++++++++
[INFO]2021-02-24 11:55:33,130: diniu01 9 running+++++++++++++++++++++++++++++
[INFO]2021-02-24 11:55:35,133: diniu01 9 running+++++++++++++++++++++++++++++
[INFO]2021-02-24 11:55:37,134: diniu01 9 running+++++++++++++++++++++++++++++
[INFO]2021-02-24 11:55:39,136: diniu01 9 running+++++++++++++++++++++++++++++
[INFO]2021-02-24 11:55:41,138: diniu01 9 running+++++++++++++++++++++++++++++
[INFO]2021-02-24 11:55:43,139: diniu01 9 running+++++++++++++++++++++++++++++
[INFO]2021-02-24 11:55:45,141: diniu01 9 running+++++++++++++++++++++++++++++
[INFO]2021-02-24 11:55:47,142: diniu01 9 running+++++++++++++++++++++++++++++
[INFO]2021-02-24 11:55:49,145: diniu01 9 running+++++++++++++++++++++++++++++
[INFO]2021-02-24 11:55:51,147: diniu01 9 running+++++++++++++++++++++++++++++
[INFO]2021-02-24 11:55:53,148: diniu01 9 running+++++++++++++++++++++++++++++
[INFO]2021-02-24 11:55:55,151: diniu01 9 running+++++++++++++++++++++++++++++
[INFO]2021-02-24 11:55:57,153: diniu01 9 running+++++++++++++++++++++++++++++
[INFO]2021-02-24 11:55:59,154: diniu01 9 running+++++++++++++++++++++++++++++
[INFO]2021-02-24 11:56:01,156: diniu01 9 running+++++++++++++++++++++++++++++
[INFO]2021-02-24 11:56:03,158: diniu01 9 running+++++++++++++++++++++++++++++
[INFO]2021-02-24 11:56:05,159: diniu01 9 running+++++++++++++++++++++++++++++
[INFO]2021-02-24 11:56:07,162: diniu01 9 running+++++++++++++++++++++++++++++
[INFO]2021-02-24 11:56:09,164: diniu01 9 running+++++++++++++++++++++++++++++
[INFO]2021-02-24 11:56:11,165: diniu01 9 running+++++++++++++++++++++++++++++
[INFO]2021-02-24 11:56:13,167: diniu01 9 running+++++++++++++++++++++++++++++
[INFO]2021-02-24 11:56:15,169: diniu01 9 running+++++++++++++++++++++++++++++
[INFO]2021-02-24 11:56:17,170: diniu01 9 running+++++++++++++++++++++++++++++
[INFO]2021-02-24 11:56:19,172: diniu01 9 running+++++++++++++++++++++++++++++
[INFO]2021-02-24 11:56:21,176: diniu01 9 running+++++++++++++++++++++++++++++
[INFO]2021-02-24 11:56:23,177: diniu01 9 running+++++++++++++++++++++++++++++
[INFO]2021-02-24 11:56:25,180: diniu01 9 running+++++++++++++++++++++++++++++
[INFO]2021-02-24 11:56:27,181: diniu01 9 running+++++++++++++++++++++++++++++
[INFO]2021-02-24 11:56:29,183: diniu01 9 running+++++++++++++++++++++++++++++
[INFO]2021-02-24 11:56:31,185: diniu01 9 running+++++++++++++++++++++++++++++
[INFO]2021-02-24 11:56:33,186: diniu01 9 running+++++++++++++++++++++++++++++
[INFO]2021-02-24 11:56:35,188: diniu01 9 running+++++++++++++++++++++++++++++
[INFO]2021-02-24 11:56:37,190: diniu01 9 running+++++++++++++++++++++++++++++
[INFO]2021-02-24 11:56:39,191: diniu01 9 running+++++++++++++++++++++++++++++
[INFO]2021-02-24 11:56:41,193: diniu01 9 running+++++++++++++++++++++++++++++
[INFO]2021-02-24 11:56:43,195: diniu01 9 running+++++++++++++++++++++++++++++
[INFO]2021-02-24 11:56:45,196: diniu01 9 running+++++++++++++++++++++++++++++
[INFO]2021-02-24 11:56:47,198: diniu01 9 running+++++++++++++++++++++++++++++
[INFO]2021-02-24 11:56:49,200: diniu01 9 running+++++++++++++++++++++++++++++
[INFO]2021-02-24 11:56:51,201: diniu01 9 running+++++++++++++++++++++++++++++
[INFO]2021-02-24 11:56:53,203: diniu01 9 running+++++++++++++++++++++++++++++
[INFO]2021-02-24 11:56:55,205: diniu01 9 running+++++++++++++++++++++++++++++
[INFO]2021-02-24 11:56:57,206: diniu01 9 running+++++++++++++++++++++++++++++
[INFO]2021-02-24 11:56:59,208: diniu01 9 running+++++++++++++++++++++++++++++
[INFO]2021-02-24 11:57:01,209: diniu01 9 running+++++++++++++++++++++++++++++
[INFO]2021-02-24 11:57:03,211: diniu01 9 running+++++++++++++++++++++++++++++
[INFO]2021-02-24 11:57:05,213: diniu01 9 running+++++++++++++++++++++++++++++
[INFO]2021-02-24 11:57:07,214: diniu01 9 running+++++++++++++++++++++++++++++
[INFO]2021-02-24 11:57:09,216: diniu01 9 running+++++++++++++++++++++++++++++
[INFO]2021-02-24 11:57:11,218: diniu01 9 running+++++++++++++++++++++++++++++
[INFO]2021-02-24 11:57:13,219: diniu01 9 running+++++++++++++++++++++++++++++
[INFO]2021-02-24 11:57:15,222: diniu01 9 running+++++++++++++++++++++++++++++
[INFO]2021-02-24 11:57:17,224: diniu01 9 running+++++++++++++++++++++++++++++
[INFO]2021-02-24 11:57:19,225: diniu01 9 running+++++++++++++++++++++++++++++
[INFO]2021-02-24 11:57:21,228: diniu01 9 running+++++++++++++++++++++++++++++
[INFO]2021-02-24 11:57:23,230: diniu01 9 running+++++++++++++++++++++++++++++
[INFO]2021-02-24 11:57:25,231: diniu01 9 running+++++++++++++++++++++++++++++
[INFO]2021-02-24 11:57:27,233: diniu01 9 running+++++++++++++++++++++++++++++
[INFO]2021-02-24 11:57:29,235: diniu01 9 running+++++++++++++++++++++++++++++
[INFO]2021-02-24 11:57:31,236: diniu01 9 running+++++++++++++++++++++++++++++
[INFO]2021-02-24 11:57:33,238: diniu01 9 running+++++++++++++++++++++++++++++
[INFO]2021-02-24 11:57:35,240: diniu01 9 running+++++++++++++++++++++++++++++
[INFO]2021-02-24 11:57:37,241: diniu01 9 running+++++++++++++++++++++++++++++
[INFO]2021-02-24 11:57:39,243: diniu01 9 running+++++++++++++++++++++++++++++
[INFO]2021-02-24 11:57:41,244: diniu01 9 running+++++++++++++++++++++++++++++
[INFO]2021-02-24 11:57:43,246: diniu01 9 running+++++++++++++++++++++++++++++
[INFO]2021-02-24 11:57:45,248: diniu01 9 running+++++++++++++++++++++++++++++
[INFO]2021-02-24 11:57:47,249: diniu01 9 running+++++++++++++++++++++++++++++
[INFO]2021-02-24 11:57:49,251: diniu01 9 running+++++++++++++++++++++++++++++
[INFO]2021-02-24 11:57:51,253: diniu01 9 running+++++++++++++++++++++++++++++
[INFO]2021-02-24 11:57:53,254: diniu01 9 running+++++++++++++++++++++++++++++
[INFO]2021-02-24 11:57:55,256: diniu01 9 running+++++++++++++++++++++++++++++
[INFO]2021-02-24 11:57:57,258: diniu01 9 running+++++++++++++++++++++++++++++
[INFO]2021-02-24 11:57:59,259: diniu01 9 running+++++++++++++++++++++++++++++
[INFO]2021-02-24 11:58:01,261: diniu01 9 running+++++++++++++++++++++++++++++
[INFO]2021-02-24 11:58:03,263: diniu01 9 running+++++++++++++++++++++++++++++
[INFO]2021-02-24 11:58:05,264: diniu01 9 running+++++++++++++++++++++++++++++
[INFO]2021-02-24 11:58:07,266: diniu01 9 running+++++++++++++++++++++++++++++
[INFO]2021-02-24 11:58:09,268: diniu01 9 running+++++++++++++++++++++++++++++
[INFO]2021-02-24 11:58:11,269: diniu01 9 running+++++++++++++++++++++++++++++
[INFO]2021-02-24 11:58:13,271: diniu01 9 running+++++++++++++++++++++++++++++
[INFO]2021-02-24 11:58:15,273: diniu01 9 running+++++++++++++++++++++++++++++
[INFO]2021-02-24 11:58:17,274: diniu01 9 running+++++++++++++++++++++++++++++
[INFO]2021-02-24 11:58:19,276: diniu01 9 running+++++++++++++++++++++++++++++
[INFO]2021-02-24 11:58:21,278: diniu01 9 running+++++++++++++++++++++++++++++
[INFO]2021-02-24 11:58:23,281: diniu01 9 running+++++++++++++++++++++++++++++
[INFO]2021-02-24 11:58:25,283: diniu01 9 running+++++++++++++++++++++++++++++
[INFO]2021-02-24 11:58:27,284: diniu01 9 running+++++++++++++++++++++++++++++
[INFO]2021-02-24 11:58:28,452: 2021-02-24 11:58:28.452734 diniu01 9 finish1  ----------------------------
[INFO]2021-02-24 11:58:29,292: {'agv': 'diniu01', 'loc': '2', 'result': 0, 'resultDesc': 'success', 'taskId': 'test20210201:2021-02-24 11:47:00----2----2021-02-24 11:58:29', 'timeoutSec': 1200} JackUnload
[INFO]2021-02-24 11:58:32,341: diniu01 2 running+++++++++++++++++++++++++++++
[INFO]2021-02-24 11:58:34,343: diniu01 2 running+++++++++++++++++++++++++++++
[INFO]2021-02-24 11:58:36,344: diniu01 2 running+++++++++++++++++++++++++++++
[INFO]2021-02-24 11:58:38,346: diniu01 2 running+++++++++++++++++++++++++++++
[INFO]2021-02-24 11:58:40,349: diniu01 2 running+++++++++++++++++++++++++++++
[INFO]2021-02-24 11:58:42,351: diniu01 2 running+++++++++++++++++++++++++++++
[INFO]2021-02-24 11:58:44,354: diniu01 2 running+++++++++++++++++++++++++++++
[INFO]2021-02-24 11:58:46,355: diniu01 2 running+++++++++++++++++++++++++++++
[INFO]2021-02-24 11:58:48,357: diniu01 2 running+++++++++++++++++++++++++++++
[INFO]2021-02-24 11:58:50,359: diniu01 2 running+++++++++++++++++++++++++++++
[INFO]2021-02-24 11:58:52,360: diniu01 2 running+++++++++++++++++++++++++++++
[INFO]2021-02-24 11:58:54,364: diniu01 2 running+++++++++++++++++++++++++++++
[INFO]2021-02-24 11:58:56,366: diniu01 2 running+++++++++++++++++++++++++++++
[INFO]2021-02-24 11:58:58,367: diniu01 2 running+++++++++++++++++++++++++++++
[INFO]2021-02-24 11:59:00,369: diniu01 2 running+++++++++++++++++++++++++++++
[INFO]2021-02-24 11:59:02,372: diniu01 2 running+++++++++++++++++++++++++++++
[INFO]2021-02-24 11:59:04,373: diniu01 2 running+++++++++++++++++++++++++++++
[INFO]2021-02-24 11:59:06,375: diniu01 2 running+++++++++++++++++++++++++++++
[INFO]2021-02-24 11:59:08,377: diniu01 2 running+++++++++++++++++++++++++++++
[INFO]2021-02-24 11:59:10,378: diniu01 2 running+++++++++++++++++++++++++++++
[INFO]2021-02-24 11:59:12,380: diniu01 2 running+++++++++++++++++++++++++++++
[INFO]2021-02-24 11:59:14,382: diniu01 2 running+++++++++++++++++++++++++++++
[INFO]2021-02-24 11:59:16,385: diniu01 2 running+++++++++++++++++++++++++++++
[INFO]2021-02-24 11:59:18,387: diniu01 2 running+++++++++++++++++++++++++++++
[INFO]2021-02-24 11:59:20,388: diniu01 2 running+++++++++++++++++++++++++++++
[INFO]2021-02-24 11:59:22,390: diniu01 2 running+++++++++++++++++++++++++++++
[INFO]2021-02-24 11:59:24,392: diniu01 2 running+++++++++++++++++++++++++++++
[INFO]2021-02-24 11:59:26,393: diniu01 2 running+++++++++++++++++++++++++++++
[INFO]2021-02-24 11:59:28,395: diniu01 2 running+++++++++++++++++++++++++++++
[INFO]2021-02-24 11:59:30,398: diniu01 2 running+++++++++++++++++++++++++++++
[INFO]2021-02-24 11:59:32,399: diniu01 2 running+++++++++++++++++++++++++++++
[INFO]2021-02-24 11:59:34,401: diniu01 2 running+++++++++++++++++++++++++++++
[INFO]2021-02-24 11:59:36,403: diniu01 2 running+++++++++++++++++++++++++++++
[INFO]2021-02-24 11:59:38,404: diniu01 2 running+++++++++++++++++++++++++++++
[INFO]2021-02-24 11:59:40,406: diniu01 2 running+++++++++++++++++++++++++++++
[INFO]2021-02-24 11:59:42,408: diniu01 2 running+++++++++++++++++++++++++++++
[INFO]2021-02-24 11:59:44,411: diniu01 2 running+++++++++++++++++++++++++++++
[INFO]2021-02-24 11:59:46,413: diniu01 2 running+++++++++++++++++++++++++++++
[INFO]2021-02-24 11:59:48,414: diniu01 2 running+++++++++++++++++++++++++++++
[INFO]2021-02-24 11:59:50,416: diniu01 2 running+++++++++++++++++++++++++++++
[INFO]2021-02-24 11:59:52,418: diniu01 2 running+++++++++++++++++++++++++++++
[INFO]2021-02-24 11:59:54,419: diniu01 2 running+++++++++++++++++++++++++++++
[INFO]2021-02-24 11:59:56,421: diniu01 2 running+++++++++++++++++++++++++++++
[INFO]2021-02-24 11:59:58,423: diniu01 2 running+++++++++++++++++++++++++++++
[INFO]2021-02-24 12:00:00,425: diniu01 2 running+++++++++++++++++++++++++++++
[INFO]2021-02-24 12:00:02,426: diniu01 2 running+++++++++++++++++++++++++++++
[INFO]2021-02-24 12:00:04,428: diniu01 2 running+++++++++++++++++++++++++++++
[INFO]2021-02-24 12:00:06,429: diniu01 2 running+++++++++++++++++++++++++++++
[INFO]2021-02-24 12:00:08,431: diniu01 2 running+++++++++++++++++++++++++++++
[INFO]2021-02-24 12:00:10,433: diniu01 2 running+++++++++++++++++++++++++++++
[INFO]2021-02-24 12:00:12,434: diniu01 2 running+++++++++++++++++++++++++++++
[INFO]2021-02-24 12:00:14,436: diniu01 2 running+++++++++++++++++++++++++++++
[INFO]2021-02-24 12:00:16,438: diniu01 2 running+++++++++++++++++++++++++++++
[INFO]2021-02-24 12:00:18,439: diniu01 2 running+++++++++++++++++++++++++++++
[INFO]2021-02-24 12:00:20,440: diniu01 2 running+++++++++++++++++++++++++++++
[INFO]2021-02-24 12:00:22,442: diniu01 2 running+++++++++++++++++++++++++++++
[INFO]2021-02-24 12:00:24,444: diniu01 2 running+++++++++++++++++++++++++++++
[INFO]2021-02-24 12:00:26,446: diniu01 2 running+++++++++++++++++++++++++++++
[INFO]2021-02-24 12:00:28,447: diniu01 2 running+++++++++++++++++++++++++++++
[INFO]2021-02-24 12:00:30,449: diniu01 2 running+++++++++++++++++++++++++++++
[INFO]2021-02-24 12:00:32,451: diniu01 2 running+++++++++++++++++++++++++++++
[INFO]2021-02-24 12:00:34,452: diniu01 2 running+++++++++++++++++++++++++++++
[INFO]2021-02-24 12:00:36,454: diniu01 2 running+++++++++++++++++++++++++++++
[INFO]2021-02-24 12:00:38,456: diniu01 2 running+++++++++++++++++++++++++++++
[INFO]2021-02-24 12:00:40,457: diniu01 2 running+++++++++++++++++++++++++++++
[INFO]2021-02-24 12:00:42,459: diniu01 2 running+++++++++++++++++++++++++++++
[INFO]2021-02-24 12:00:44,461: diniu01 2 running+++++++++++++++++++++++++++++
[INFO]2021-02-24 12:00:46,462: diniu01 2 running+++++++++++++++++++++++++++++
[INFO]2021-02-24 12:00:48,464: diniu01 2 running+++++++++++++++++++++++++++++
[INFO]2021-02-24 12:00:50,466: diniu01 2 running+++++++++++++++++++++++++++++
[INFO]2021-02-24 12:00:52,467: diniu01 2 running+++++++++++++++++++++++++++++
[INFO]2021-02-24 12:00:54,469: diniu01 2 running+++++++++++++++++++++++++++++
[INFO]2021-02-24 12:00:56,471: diniu01 2 running+++++++++++++++++++++++++++++
[INFO]2021-02-24 12:00:58,472: diniu01 2 running+++++++++++++++++++++++++++++
[INFO]2021-02-24 12:01:00,474: diniu01 2 running+++++++++++++++++++++++++++++
[INFO]2021-02-24 12:01:02,475: diniu01 2 running+++++++++++++++++++++++++++++
[INFO]2021-02-24 12:01:04,477: diniu01 2 running+++++++++++++++++++++++++++++
[INFO]2021-02-24 12:01:06,479: diniu01 2 running+++++++++++++++++++++++++++++
[INFO]2021-02-24 12:01:08,480: diniu01 2 running+++++++++++++++++++++++++++++
[INFO]2021-02-24 12:01:10,482: diniu01 2 running+++++++++++++++++++++++++++++
[INFO]2021-02-24 12:01:12,484: diniu01 2 running+++++++++++++++++++++++++++++
[INFO]2021-02-24 12:01:14,486: diniu01 2 running+++++++++++++++++++++++++++++
[INFO]2021-02-24 12:01:16,489: diniu01 2 running+++++++++++++++++++++++++++++
[INFO]2021-02-24 12:01:18,491: diniu01 2 running+++++++++++++++++++++++++++++
[INFO]2021-02-24 12:01:20,492: diniu01 2 running+++++++++++++++++++++++++++++
[INFO]2021-02-24 12:01:22,494: diniu01 2 running+++++++++++++++++++++++++++++
[INFO]2021-02-24 12:01:24,496: diniu01 2 running+++++++++++++++++++++++++++++
[INFO]2021-02-24 12:01:26,497: diniu01 2 running+++++++++++++++++++++++++++++
[INFO]2021-02-24 12:01:28,501: diniu01 2 running+++++++++++++++++++++++++++++
[INFO]2021-02-24 12:01:30,503: diniu01 2 running+++++++++++++++++++++++++++++
[INFO]2021-02-24 12:01:32,504: diniu01 2 running+++++++++++++++++++++++++++++
[INFO]2021-02-24 12:01:32,677: 2021-02-24 12:01:32.677218 diniu01 2 finish1  ----------------------------
[INFO]2021-02-24 12:01:34,514: {'agv': 'diniu01', 'loc': '20', 'result': 0, 'resultDesc': 'success', 'taskId': 'test20210201:2021-02-24 11:47:00----20----2021-02-24 12:01:34', 'timeoutSec': 1200}
[INFO]2021-02-24 12:01:37,549: diniu01 20 running+++++++++++++++++++++++++++++
[INFO]2021-02-24 12:01:39,551: diniu01 20 running+++++++++++++++++++++++++++++
[INFO]2021-02-24 12:01:41,553: diniu01 20 running+++++++++++++++++++++++++++++
[INFO]2021-02-24 12:01:43,555: diniu01 20 running+++++++++++++++++++++++++++++
[INFO]2021-02-24 12:01:45,556: diniu01 20 running+++++++++++++++++++++++++++++
[INFO]2021-02-24 12:01:47,558: diniu01 20 running+++++++++++++++++++++++++++++
[INFO]2021-02-24 12:01:49,560: diniu01 20 running+++++++++++++++++++++++++++++
[INFO]2021-02-24 12:01:51,561: diniu01 20 running+++++++++++++++++++++++++++++
[INFO]2021-02-24 12:01:53,563: diniu01 20 running+++++++++++++++++++++++++++++
[INFO]2021-02-24 12:01:55,565: diniu01 20 running+++++++++++++++++++++++++++++
[INFO]2021-02-24 12:01:57,566: diniu01 20 running+++++++++++++++++++++++++++++
[INFO]2021-02-24 12:01:59,568: diniu01 20 running+++++++++++++++++++++++++++++
[INFO]2021-02-24 12:02:01,569: diniu01 20 running+++++++++++++++++++++++++++++
[INFO]2021-02-24 12:02:03,571: diniu01 20 running+++++++++++++++++++++++++++++
[INFO]2021-02-24 12:02:05,573: diniu01 20 running+++++++++++++++++++++++++++++
[INFO]2021-02-24 12:02:07,574: diniu01 20 running+++++++++++++++++++++++++++++
[INFO]2021-02-24 12:02:09,576: diniu01 20 running+++++++++++++++++++++++++++++
[INFO]2021-02-24 12:02:11,578: diniu01 20 running+++++++++++++++++++++++++++++
[INFO]2021-02-24 12:02:13,580: diniu01 20 running+++++++++++++++++++++++++++++
[INFO]2021-02-24 12:02:15,582: diniu01 20 running+++++++++++++++++++++++++++++
[INFO]2021-02-24 12:02:17,584: diniu01 20 running+++++++++++++++++++++++++++++
[INFO]2021-02-24 12:02:19,585: diniu01 20 running+++++++++++++++++++++++++++++
[INFO]2021-02-24 12:02:21,587: diniu01 20 running+++++++++++++++++++++++++++++
[INFO]2021-02-24 12:02:23,589: diniu01 20 running+++++++++++++++++++++++++++++
[INFO]2021-02-24 12:02:25,590: diniu01 20 running+++++++++++++++++++++++++++++
[INFO]2021-02-24 12:02:27,592: diniu01 20 running+++++++++++++++++++++++++++++
[INFO]2021-02-24 12:02:29,594: diniu01 20 running+++++++++++++++++++++++++++++
[INFO]2021-02-24 12:02:31,595: diniu01 20 running+++++++++++++++++++++++++++++
[INFO]2021-02-24 12:02:33,597: diniu01 20 running+++++++++++++++++++++++++++++
[INFO]2021-02-24 12:02:35,599: diniu01 20 running+++++++++++++++++++++++++++++
[INFO]2021-02-24 12:02:37,600: diniu01 20 running+++++++++++++++++++++++++++++
[INFO]2021-02-24 12:02:39,602: diniu01 20 running+++++++++++++++++++++++++++++
[INFO]2021-02-24 12:02:41,603: diniu01 20 running+++++++++++++++++++++++++++++
[INFO]2021-02-24 12:02:43,605: diniu01 20 running+++++++++++++++++++++++++++++
[INFO]2021-02-24 12:02:45,607: diniu01 20 running+++++++++++++++++++++++++++++
[INFO]2021-02-24 12:02:47,609: diniu01 20 running+++++++++++++++++++++++++++++
[INFO]2021-02-24 12:02:49,610: diniu01 20 running+++++++++++++++++++++++++++++
[INFO]2021-02-24 12:02:51,612: diniu01 20 running+++++++++++++++++++++++++++++
[INFO]2021-02-24 12:02:53,614: diniu01 20 running+++++++++++++++++++++++++++++
[INFO]2021-02-24 12:02:55,615: diniu01 20 running+++++++++++++++++++++++++++++
[INFO]2021-02-24 12:02:57,617: diniu01 20 running+++++++++++++++++++++++++++++
[INFO]2021-02-24 12:02:59,619: diniu01 20 running+++++++++++++++++++++++++++++
[INFO]2021-02-24 12:03:01,621: diniu01 20 running+++++++++++++++++++++++++++++
[INFO]2021-02-24 12:03:03,623: diniu01 20 running+++++++++++++++++++++++++++++
[INFO]2021-02-24 12:03:05,624: diniu01 20 running+++++++++++++++++++++++++++++
[INFO]2021-02-24 12:03:07,626: diniu01 20 running+++++++++++++++++++++++++++++
[INFO]2021-02-24 12:03:09,628: diniu01 20 running+++++++++++++++++++++++++++++
[INFO]2021-02-24 12:03:11,629: diniu01 20 running+++++++++++++++++++++++++++++
[INFO]2021-02-24 12:03:13,631: diniu01 20 running+++++++++++++++++++++++++++++
[INFO]2021-02-24 12:03:15,633: diniu01 20 running+++++++++++++++++++++++++++++
[INFO]2021-02-24 12:03:17,634: diniu01 20 running+++++++++++++++++++++++++++++
[INFO]2021-02-24 12:03:19,636: diniu01 20 running+++++++++++++++++++++++++++++
[INFO]2021-02-24 12:03:21,637: diniu01 20 running+++++++++++++++++++++++++++++
[INFO]2021-02-24 12:03:23,639: diniu01 20 running+++++++++++++++++++++++++++++
[INFO]2021-02-24 12:03:25,641: diniu01 20 running+++++++++++++++++++++++++++++
[INFO]2021-02-24 12:03:27,642: diniu01 20 running+++++++++++++++++++++++++++++
[INFO]2021-02-24 12:03:29,644: diniu01 20 running+++++++++++++++++++++++++++++
[INFO]2021-02-24 12:03:30,566: 2021-02-24 12:03:30.566047 diniu01 20 finish1  ----------------------------
[INFO]2021-02-24 12:03:37,783: {'agv': 'diniu01', 'loc': '2', 'result': 0, 'resultDesc': 'success', 'taskId': 'test20210201:2021-02-24 12:03:31----2----2021-02-24 12:03:37', 'timeoutSec': 1200} JackLoad
[INFO]2021-02-24 12:03:40,827: diniu01 2 running+++++++++++++++++++++++++++++
[INFO]2021-02-24 12:03:42,829: diniu01 2 running+++++++++++++++++++++++++++++
[INFO]2021-02-24 12:03:44,831: diniu01 2 running+++++++++++++++++++++++++++++
[INFO]2021-02-24 12:03:46,833: diniu01 2 running+++++++++++++++++++++++++++++
[INFO]2021-02-24 12:03:48,835: diniu01 2 running+++++++++++++++++++++++++++++
[INFO]2021-02-24 12:03:50,836: diniu01 2 running+++++++++++++++++++++++++++++
[INFO]2021-02-24 12:03:52,838: diniu01 2 running+++++++++++++++++++++++++++++
[INFO]2021-02-24 12:03:54,840: diniu01 2 running+++++++++++++++++++++++++++++
[INFO]2021-02-24 12:03:56,841: diniu01 2 running+++++++++++++++++++++++++++++
[INFO]2021-02-24 12:03:58,843: diniu01 2 running+++++++++++++++++++++++++++++
[INFO]2021-02-24 12:04:00,845: diniu01 2 running+++++++++++++++++++++++++++++
[INFO]2021-02-24 12:04:02,846: diniu01 2 running+++++++++++++++++++++++++++++
[INFO]2021-02-24 12:04:04,848: diniu01 2 running+++++++++++++++++++++++++++++
[INFO]2021-02-24 12:04:06,851: diniu01 2 running+++++++++++++++++++++++++++++
[INFO]2021-02-24 12:04:08,852: diniu01 2 running+++++++++++++++++++++++++++++
[INFO]2021-02-24 12:04:10,854: diniu01 2 running+++++++++++++++++++++++++++++
[INFO]2021-02-24 12:04:12,856: diniu01 2 running+++++++++++++++++++++++++++++
[INFO]2021-02-24 12:04:14,857: diniu01 2 running+++++++++++++++++++++++++++++
[INFO]2021-02-24 12:04:16,859: diniu01 2 running+++++++++++++++++++++++++++++
[INFO]2021-02-24 12:04:18,861: diniu01 2 running+++++++++++++++++++++++++++++
[INFO]2021-02-24 12:04:20,863: diniu01 2 running+++++++++++++++++++++++++++++
[INFO]2021-02-24 12:04:22,865: diniu01 2 running+++++++++++++++++++++++++++++
[INFO]2021-02-24 12:04:24,867: diniu01 2 running+++++++++++++++++++++++++++++
[INFO]2021-02-24 12:04:26,869: diniu01 2 running+++++++++++++++++++++++++++++
[INFO]2021-02-24 12:04:28,871: diniu01 2 running+++++++++++++++++++++++++++++
[INFO]2021-02-24 12:04:30,872: diniu01 2 running+++++++++++++++++++++++++++++
[INFO]2021-02-24 12:04:32,874: diniu01 2 running+++++++++++++++++++++++++++++
[INFO]2021-02-24 12:04:34,876: diniu01 2 running+++++++++++++++++++++++++++++
[INFO]2021-02-24 12:04:36,877: diniu01 2 running+++++++++++++++++++++++++++++
[INFO]2021-02-24 12:04:38,879: diniu01 2 running+++++++++++++++++++++++++++++
[INFO]2021-02-24 12:04:40,881: diniu01 2 running+++++++++++++++++++++++++++++
[INFO]2021-02-24 12:04:42,882: diniu01 2 running+++++++++++++++++++++++++++++
[INFO]2021-02-24 12:04:44,884: diniu01 2 running+++++++++++++++++++++++++++++
[INFO]2021-02-24 12:04:46,887: diniu01 2 running+++++++++++++++++++++++++++++
[INFO]2021-02-24 12:04:48,888: diniu01 2 running+++++++++++++++++++++++++++++
[INFO]2021-02-24 12:04:50,890: diniu01 2 running+++++++++++++++++++++++++++++
[INFO]2021-02-24 12:04:52,892: diniu01 2 running+++++++++++++++++++++++++++++
[INFO]2021-02-24 12:04:54,893: diniu01 2 running+++++++++++++++++++++++++++++
[INFO]2021-02-24 12:04:56,895: diniu01 2 running+++++++++++++++++++++++++++++
[INFO]2021-02-24 12:04:58,896: diniu01 2 running+++++++++++++++++++++++++++++
[INFO]2021-02-24 12:05:00,901: diniu01 2 running+++++++++++++++++++++++++++++
[INFO]2021-02-24 12:05:02,903: diniu01 2 running+++++++++++++++++++++++++++++
[INFO]2021-02-24 12:05:04,904: diniu01 2 running+++++++++++++++++++++++++++++
[INFO]2021-02-24 12:05:06,906: diniu01 2 running+++++++++++++++++++++++++++++
[INFO]2021-02-24 12:05:08,908: diniu01 2 running+++++++++++++++++++++++++++++
[INFO]2021-02-24 12:05:10,909: diniu01 2 running+++++++++++++++++++++++++++++
[INFO]2021-02-24 12:05:12,912: diniu01 2 running+++++++++++++++++++++++++++++
[INFO]2021-02-24 12:05:14,914: diniu01 2 running+++++++++++++++++++++++++++++
[INFO]2021-02-24 12:05:16,915: diniu01 2 running+++++++++++++++++++++++++++++
[INFO]2021-02-24 12:05:18,917: diniu01 2 running+++++++++++++++++++++++++++++
[INFO]2021-02-24 12:05:20,919: diniu01 2 running+++++++++++++++++++++++++++++
[INFO]2021-02-24 12:05:22,920: diniu01 2 running+++++++++++++++++++++++++++++
[INFO]2021-02-24 12:05:24,922: diniu01 2 running+++++++++++++++++++++++++++++
[INFO]2021-02-24 12:05:26,924: diniu01 2 running+++++++++++++++++++++++++++++
[INFO]2021-02-24 12:05:28,925: diniu01 2 running+++++++++++++++++++++++++++++
[INFO]2021-02-24 12:05:30,927: diniu01 2 running+++++++++++++++++++++++++++++
[INFO]2021-02-24 12:05:32,928: diniu01 2 running+++++++++++++++++++++++++++++
[INFO]2021-02-24 12:05:34,930: diniu01 2 running+++++++++++++++++++++++++++++
[INFO]2021-02-24 12:05:36,932: diniu01 2 running+++++++++++++++++++++++++++++
[INFO]2021-02-24 12:05:38,934: diniu01 2 running+++++++++++++++++++++++++++++
[INFO]2021-02-24 12:05:40,936: diniu01 2 running+++++++++++++++++++++++++++++
[INFO]2021-02-24 12:05:42,938: diniu01 2 running+++++++++++++++++++++++++++++
[INFO]2021-02-24 12:05:44,940: diniu01 2 running+++++++++++++++++++++++++++++
[INFO]2021-02-24 12:05:46,942: diniu01 2 running+++++++++++++++++++++++++++++
[INFO]2021-02-24 12:05:48,944: diniu01 2 running+++++++++++++++++++++++++++++
[INFO]2021-02-24 12:05:50,947: diniu01 2 running+++++++++++++++++++++++++++++
[INFO]2021-02-24 12:05:52,949: diniu01 2 running+++++++++++++++++++++++++++++
[INFO]2021-02-24 12:05:54,951: diniu01 2 running+++++++++++++++++++++++++++++
[INFO]2021-02-24 12:05:56,952: diniu01 2 running+++++++++++++++++++++++++++++
[INFO]2021-02-24 12:05:58,954: diniu01 2 running+++++++++++++++++++++++++++++
[INFO]2021-02-24 12:06:00,958: diniu01 2 running+++++++++++++++++++++++++++++
[INFO]2021-02-24 12:06:02,960: diniu01 2 running+++++++++++++++++++++++++++++
[INFO]2021-02-24 12:06:04,962: diniu01 2 running+++++++++++++++++++++++++++++
[INFO]2021-02-24 12:06:06,963: diniu01 2 running+++++++++++++++++++++++++++++
[INFO]2021-02-24 12:06:08,965: diniu01 2 running+++++++++++++++++++++++++++++
[INFO]2021-02-24 12:06:10,967: diniu01 2 running+++++++++++++++++++++++++++++
[INFO]2021-02-24 12:06:12,968: diniu01 2 running+++++++++++++++++++++++++++++
[INFO]2021-02-24 12:06:14,972: diniu01 2 running+++++++++++++++++++++++++++++
[INFO]2021-02-24 12:06:16,974: diniu01 2 running+++++++++++++++++++++++++++++
[INFO]2021-02-24 12:06:18,120: 2021-02-24 12:06:18.120104 diniu01 2 finish1  ----------------------------
[INFO]2021-02-24 12:06:18,981: {'agv': 'diniu01', 'loc': '9', 'result': 0, 'resultDesc': 'success', 'taskId': 'test20210201:2021-02-24 12:03:31----9----2021-02-24 12:06:18', 'timeoutSec': 1200} JackUnload
[INFO]2021-02-24 12:06:22,031: diniu01 9 running+++++++++++++++++++++++++++++
[INFO]2021-02-24 12:06:24,033: diniu01 9 running+++++++++++++++++++++++++++++
[INFO]2021-02-24 12:06:26,034: diniu01 9 running+++++++++++++++++++++++++++++
[INFO]2021-02-24 12:06:28,036: diniu01 9 running+++++++++++++++++++++++++++++
[INFO]2021-02-24 12:06:30,038: diniu01 9 running+++++++++++++++++++++++++++++
[INFO]2021-02-24 12:06:32,039: diniu01 9 running+++++++++++++++++++++++++++++
[INFO]2021-02-24 12:06:34,041: diniu01 9 running+++++++++++++++++++++++++++++
[INFO]2021-02-24 12:06:36,043: diniu01 9 running+++++++++++++++++++++++++++++
[INFO]2021-02-24 12:06:38,044: diniu01 9 running+++++++++++++++++++++++++++++
[INFO]2021-02-24 12:06:40,046: diniu01 9 running+++++++++++++++++++++++++++++
[INFO]2021-02-24 12:06:42,048: diniu01 9 running+++++++++++++++++++++++++++++
[INFO]2021-02-24 12:06:44,049: diniu01 9 running+++++++++++++++++++++++++++++
[INFO]2021-02-24 12:06:46,051: diniu01 9 running+++++++++++++++++++++++++++++
[INFO]2021-02-24 12:06:48,053: diniu01 9 running+++++++++++++++++++++++++++++
[INFO]2021-02-24 12:06:50,054: diniu01 9 running+++++++++++++++++++++++++++++
[INFO]2021-02-24 12:06:52,057: diniu01 9 running+++++++++++++++++++++++++++++
[INFO]2021-02-24 12:06:54,059: diniu01 9 running+++++++++++++++++++++++++++++
[INFO]2021-02-24 12:06:56,060: diniu01 9 running+++++++++++++++++++++++++++++
[INFO]2021-02-24 12:06:58,062: diniu01 9 running+++++++++++++++++++++++++++++
[INFO]2021-02-24 12:07:00,064: diniu01 9 running+++++++++++++++++++++++++++++
[INFO]2021-02-24 12:07:02,066: diniu01 9 running+++++++++++++++++++++++++++++
[INFO]2021-02-24 12:07:04,068: diniu01 9 running+++++++++++++++++++++++++++++
[INFO]2021-02-24 12:07:06,069: diniu01 9 running+++++++++++++++++++++++++++++
[INFO]2021-02-24 12:07:08,071: diniu01 9 running+++++++++++++++++++++++++++++
[INFO]2021-02-24 12:07:10,073: diniu01 9 running+++++++++++++++++++++++++++++
[INFO]2021-02-24 12:07:12,073: diniu01 9 running+++++++++++++++++++++++++++++
[INFO]2021-02-24 12:07:14,075: diniu01 9 running+++++++++++++++++++++++++++++
[INFO]2021-02-24 12:07:16,077: diniu01 9 running+++++++++++++++++++++++++++++
[INFO]2021-02-24 12:07:18,078: diniu01 9 running+++++++++++++++++++++++++++++
[INFO]2021-02-24 12:07:20,081: diniu01 9 running+++++++++++++++++++++++++++++
[INFO]2021-02-24 12:07:22,084: diniu01 9 running+++++++++++++++++++++++++++++
[INFO]2021-02-24 12:07:24,085: diniu01 9 running+++++++++++++++++++++++++++++
[INFO]2021-02-24 12:07:26,087: diniu01 9 running+++++++++++++++++++++++++++++
[INFO]2021-02-24 12:07:28,089: diniu01 9 running+++++++++++++++++++++++++++++
[INFO]2021-02-24 12:07:30,090: diniu01 9 running+++++++++++++++++++++++++++++
[INFO]2021-02-24 12:07:32,092: diniu01 9 running+++++++++++++++++++++++++++++
[INFO]2021-02-24 12:07:34,094: diniu01 9 running+++++++++++++++++++++++++++++
[INFO]2021-02-24 12:07:36,095: diniu01 9 running+++++++++++++++++++++++++++++
[INFO]2021-02-24 12:07:38,097: diniu01 9 running+++++++++++++++++++++++++++++
[INFO]2021-02-24 12:07:40,098: diniu01 9 running+++++++++++++++++++++++++++++
[INFO]2021-02-24 12:07:42,103: diniu01 9 running+++++++++++++++++++++++++++++
[INFO]2021-02-24 12:07:44,105: diniu01 9 running+++++++++++++++++++++++++++++
[INFO]2021-02-24 12:07:46,107: diniu01 9 running+++++++++++++++++++++++++++++
[INFO]2021-02-24 12:07:48,108: diniu01 9 running+++++++++++++++++++++++++++++
[INFO]2021-02-24 12:07:50,110: diniu01 9 running+++++++++++++++++++++++++++++
[INFO]2021-02-24 12:07:52,111: diniu01 9 running+++++++++++++++++++++++++++++
[INFO]2021-02-24 12:07:54,113: diniu01 9 running+++++++++++++++++++++++++++++
[INFO]2021-02-24 12:07:56,115: diniu01 9 running+++++++++++++++++++++++++++++
[INFO]2021-02-24 12:07:58,116: diniu01 9 running+++++++++++++++++++++++++++++
[INFO]2021-02-24 12:08:00,118: diniu01 9 running+++++++++++++++++++++++++++++
[INFO]2021-02-24 12:08:02,120: diniu01 9 running+++++++++++++++++++++++++++++
[INFO]2021-02-24 12:08:04,121: diniu01 9 running+++++++++++++++++++++++++++++
[INFO]2021-02-24 12:08:06,123: diniu01 9 running+++++++++++++++++++++++++++++
[INFO]2021-02-24 12:08:08,125: diniu01 9 running+++++++++++++++++++++++++++++
[INFO]2021-02-24 12:08:10,126: diniu01 9 running+++++++++++++++++++++++++++++
[INFO]2021-02-24 12:08:12,128: diniu01 9 running+++++++++++++++++++++++++++++
[INFO]2021-02-24 12:08:14,129: diniu01 9 running+++++++++++++++++++++++++++++
[INFO]2021-02-24 12:08:16,131: diniu01 9 running+++++++++++++++++++++++++++++
[INFO]2021-02-24 12:08:18,134: diniu01 9 running+++++++++++++++++++++++++++++
[INFO]2021-02-24 12:08:20,136: diniu01 9 running+++++++++++++++++++++++++++++
[INFO]2021-02-24 12:08:22,137: diniu01 9 running+++++++++++++++++++++++++++++
[INFO]2021-02-24 12:08:24,139: diniu01 9 running+++++++++++++++++++++++++++++
[INFO]2021-02-24 12:08:26,141: diniu01 9 running+++++++++++++++++++++++++++++
[INFO]2021-02-24 12:08:28,142: diniu01 9 running+++++++++++++++++++++++++++++
[INFO]2021-02-24 12:08:30,144: diniu01 9 running+++++++++++++++++++++++++++++
[INFO]2021-02-24 12:08:32,145: diniu01 9 running+++++++++++++++++++++++++++++
[INFO]2021-02-24 12:08:34,147: diniu01 9 running+++++++++++++++++++++++++++++
[INFO]2021-02-24 12:08:36,149: diniu01 9 running+++++++++++++++++++++++++++++
[INFO]2021-02-24 12:08:38,150: diniu01 9 running+++++++++++++++++++++++++++++
[INFO]2021-02-24 12:08:40,152: diniu01 9 running+++++++++++++++++++++++++++++
[INFO]2021-02-24 12:08:42,154: diniu01 9 running+++++++++++++++++++++++++++++
[INFO]2021-02-24 12:08:44,155: diniu01 9 running+++++++++++++++++++++++++++++
[INFO]2021-02-24 12:08:46,156: diniu01 9 running+++++++++++++++++++++++++++++
[INFO]2021-02-24 12:08:48,157: diniu01 9 running+++++++++++++++++++++++++++++
[INFO]2021-02-24 12:08:50,159: diniu01 9 running+++++++++++++++++++++++++++++
[INFO]2021-02-24 12:08:52,161: diniu01 9 running+++++++++++++++++++++++++++++
[INFO]2021-02-24 12:08:54,162: diniu01 9 running+++++++++++++++++++++++++++++
[INFO]2021-02-24 12:08:56,164: diniu01 9 running+++++++++++++++++++++++++++++
[INFO]2021-02-24 12:08:58,166: diniu01 9 running+++++++++++++++++++++++++++++
[INFO]2021-02-24 12:09:00,168: diniu01 9 running+++++++++++++++++++++++++++++
[INFO]2021-02-24 12:09:02,170: diniu01 9 running+++++++++++++++++++++++++++++
[INFO]2021-02-24 12:09:04,172: diniu01 9 running+++++++++++++++++++++++++++++
[INFO]2021-02-24 12:09:06,174: diniu01 9 running+++++++++++++++++++++++++++++
[INFO]2021-02-24 12:09:08,176: diniu01 9 running+++++++++++++++++++++++++++++
[INFO]2021-02-24 12:09:10,178: diniu01 9 running+++++++++++++++++++++++++++++
[INFO]2021-02-24 12:09:12,179: diniu01 9 running+++++++++++++++++++++++++++++
[INFO]2021-02-24 12:09:14,183: diniu01 9 running+++++++++++++++++++++++++++++
[INFO]2021-02-24 12:09:14,517: 2021-02-24 12:09:14.516519 diniu01 9 finish1  ----------------------------
[INFO]2021-02-24 12:09:16,192: {'agv': 'diniu01', 'loc': '1', 'result': 0, 'resultDesc': 'success', 'taskId': 'test20210201:2021-02-24 12:03:31----1----2021-02-24 12:09:16', 'timeoutSec': 1200}
[INFO]2021-02-24 12:09:19,234: diniu01 1 running+++++++++++++++++++++++++++++
[INFO]2021-02-24 12:09:21,237: diniu01 1 running+++++++++++++++++++++++++++++
[INFO]2021-02-24 12:09:23,238: diniu01 1 running+++++++++++++++++++++++++++++
[INFO]2021-02-24 12:09:25,239: diniu01 1 running+++++++++++++++++++++++++++++
[INFO]2021-02-24 12:09:27,242: diniu01 1 running+++++++++++++++++++++++++++++
[INFO]2021-02-24 12:09:29,244: diniu01 1 running+++++++++++++++++++++++++++++
[INFO]2021-02-24 12:09:31,245: diniu01 1 running+++++++++++++++++++++++++++++
[INFO]2021-02-24 12:09:33,247: diniu01 1 running+++++++++++++++++++++++++++++
[INFO]2021-02-24 12:09:35,249: diniu01 1 running+++++++++++++++++++++++++++++
[INFO]2021-02-24 12:09:37,250: diniu01 1 running+++++++++++++++++++++++++++++
[INFO]2021-02-24 12:09:39,252: diniu01 1 running+++++++++++++++++++++++++++++
[INFO]2021-02-24 12:09:41,254: diniu01 1 running+++++++++++++++++++++++++++++
[INFO]2021-02-24 12:09:43,255: diniu01 1 running+++++++++++++++++++++++++++++
[INFO]2021-02-24 12:09:45,258: diniu01 1 running+++++++++++++++++++++++++++++
[INFO]2021-02-24 12:09:47,259: diniu01 1 running+++++++++++++++++++++++++++++
[INFO]2021-02-24 12:09:49,261: diniu01 1 running+++++++++++++++++++++++++++++
[INFO]2021-02-24 12:09:51,266: diniu01 1 running+++++++++++++++++++++++++++++
[INFO]2021-02-24 12:09:53,337: diniu01 1 running+++++++++++++++++++++++++++++
[INFO]2021-02-24 12:09:55,339: diniu01 1 running+++++++++++++++++++++++++++++
[INFO]2021-02-24 12:09:57,341: diniu01 1 running+++++++++++++++++++++++++++++
[INFO]2021-02-24 12:09:59,342: diniu01 1 running+++++++++++++++++++++++++++++
[INFO]2021-02-24 12:10:01,344: diniu01 1 running+++++++++++++++++++++++++++++
[INFO]2021-02-24 12:10:03,346: diniu01 1 running+++++++++++++++++++++++++++++
[INFO]2021-02-24 12:10:05,348: diniu01 1 running+++++++++++++++++++++++++++++
[INFO]2021-02-24 12:10:07,350: diniu01 1 running+++++++++++++++++++++++++++++
[INFO]2021-02-24 12:10:09,351: diniu01 1 running+++++++++++++++++++++++++++++
[INFO]2021-02-24 12:10:11,353: diniu01 1 running+++++++++++++++++++++++++++++
[INFO]2021-02-24 12:10:13,355: diniu01 1 running+++++++++++++++++++++++++++++
[INFO]2021-02-24 12:10:15,356: diniu01 1 running+++++++++++++++++++++++++++++
[INFO]2021-02-24 12:10:17,358: diniu01 1 running+++++++++++++++++++++++++++++
[INFO]2021-02-24 12:10:19,360: diniu01 1 running+++++++++++++++++++++++++++++
[INFO]2021-02-24 12:10:21,361: diniu01 1 running+++++++++++++++++++++++++++++
[INFO]2021-02-24 12:10:23,363: diniu01 1 running+++++++++++++++++++++++++++++
[INFO]2021-02-24 12:10:25,365: diniu01 1 running+++++++++++++++++++++++++++++
[INFO]2021-02-24 12:10:27,366: diniu01 1 running+++++++++++++++++++++++++++++
[INFO]2021-02-24 12:10:29,368: diniu01 1 running+++++++++++++++++++++++++++++
[INFO]2021-02-24 12:10:31,370: diniu01 1 running+++++++++++++++++++++++++++++
[INFO]2021-02-24 12:10:33,371: diniu01 1 running+++++++++++++++++++++++++++++
[INFO]2021-02-24 12:10:35,373: diniu01 1 running+++++++++++++++++++++++++++++
[INFO]2021-02-24 12:10:37,374: diniu01 1 running+++++++++++++++++++++++++++++
[INFO]2021-02-24 12:10:39,377: diniu01 1 running+++++++++++++++++++++++++++++
[INFO]2021-02-24 12:10:41,379: diniu01 1 running+++++++++++++++++++++++++++++
[INFO]2021-02-24 12:10:43,380: diniu01 1 running+++++++++++++++++++++++++++++
[INFO]2021-02-24 12:10:45,384: diniu01 1 running+++++++++++++++++++++++++++++
[INFO]2021-02-24 12:10:47,386: diniu01 1 running+++++++++++++++++++++++++++++
[INFO]2021-02-24 12:10:49,387: diniu01 1 running+++++++++++++++++++++++++++++
[INFO]2021-02-24 12:10:51,389: diniu01 1 running+++++++++++++++++++++++++++++
[INFO]2021-02-24 12:10:53,391: diniu01 1 running+++++++++++++++++++++++++++++
[INFO]2021-02-24 12:10:55,392: diniu01 1 running+++++++++++++++++++++++++++++
[INFO]2021-02-24 12:10:57,394: diniu01 1 running+++++++++++++++++++++++++++++
[INFO]2021-02-24 12:10:59,396: diniu01 1 running+++++++++++++++++++++++++++++
[INFO]2021-02-24 12:11:01,397: diniu01 1 running+++++++++++++++++++++++++++++
[INFO]2021-02-24 12:11:03,399: diniu01 1 running+++++++++++++++++++++++++++++
[INFO]2021-02-24 12:11:05,401: diniu01 1 running+++++++++++++++++++++++++++++
[INFO]2021-02-24 12:11:07,402: diniu01 1 running+++++++++++++++++++++++++++++
[INFO]2021-02-24 12:11:09,404: diniu01 1 running+++++++++++++++++++++++++++++
[INFO]2021-02-24 12:11:11,406: diniu01 1 running+++++++++++++++++++++++++++++
[INFO]2021-02-24 12:11:13,407: diniu01 1 running+++++++++++++++++++++++++++++
[INFO]2021-02-24 12:11:15,410: diniu01 1 running+++++++++++++++++++++++++++++
[INFO]2021-02-24 12:11:17,412: diniu01 1 running+++++++++++++++++++++++++++++
