[INFO]2021-03-02 10:35:24,100: log files at D:\akm\akmCtrl\log
[ERROR]2021-03-02 10:35:24,110: mongo db is disabled
[INFO]2021-03-02 10:35:24,838: create lock <lock name:doorMgr.lock,<unlocked _thread.RLock object owner=0 count=0 at 0x000001FEC5EE3E10>>
[INFO]2021-03-02 10:35:24,846: create lock <lock name:door.lock,<unlocked _thread.RLock object owner=0 count=0 at 0x000001FEC5EF06C0>>
[INFO]2021-03-02 10:35:25,214: create lock <lock name:timer.lock_2193754982672,<unlocked _thread.RLock object owner=0 count=0 at 0x000001FEC5FC8930>>
[INFO]2021-03-02 10:35:25,324: create lock <lock name:elevatorMgr.lock,<unlocked _thread.RLock object owner=0 count=0 at 0x000001FEC6002180>>
[INFO]2021-03-02 10:35:25,346: create lock <lock name:agvserver,<unlocked _thread.RLock object owner=0 count=0 at 0x000001FEC6054870>>
[INFO]2021-03-02 10:35:25,552: create lock <lock name:mapMgr.lock,<unlocked _thread.RLock object owner=0 count=0 at 0x000001FEC6005120>>
[INFO]2021-03-02 10:35:25,582: create lock <lock name:agvApi.g_lock,<unlocked _thread.RLock object owner=0 count=0 at 0x000001FEC442DC00>>
[INFO]2021-03-02 10:35:32,084: {'agv': 'diniu01', 'loc': '2', 'result': 0, 'resultDesc': 'success', 'taskId': 'test20210201:2021-03-02 10:35:25----2----2021-03-02 10:35:32', 'timeoutSec': 1200} JackLoad
[INFO]2021-03-02 10:35:35,131: diniu01 2 running+++++++++++++++++++++++++++++
[INFO]2021-03-02 10:35:37,133: diniu01 2 running+++++++++++++++++++++++++++++
[INFO]2021-03-02 10:35:39,135: diniu01 2 running+++++++++++++++++++++++++++++
[INFO]2021-03-02 10:35:41,143: diniu01 2 running+++++++++++++++++++++++++++++
[INFO]2021-03-02 10:35:43,174: diniu01 2 running+++++++++++++++++++++++++++++
[INFO]2021-03-02 10:35:45,177: diniu01 2 running+++++++++++++++++++++++++++++
[INFO]2021-03-02 10:35:47,181: diniu01 2 running+++++++++++++++++++++++++++++
[INFO]2021-03-02 10:35:49,184: diniu01 2 running+++++++++++++++++++++++++++++
[INFO]2021-03-02 10:35:51,189: diniu01 2 running+++++++++++++++++++++++++++++
[INFO]2021-03-02 10:35:53,193: diniu01 2 running+++++++++++++++++++++++++++++
[INFO]2021-03-02 10:35:55,196: diniu01 2 running+++++++++++++++++++++++++++++
[INFO]2021-03-02 10:35:57,208: diniu01 2 running+++++++++++++++++++++++++++++
[INFO]2021-03-02 10:35:59,211: diniu01 2 running+++++++++++++++++++++++++++++
[INFO]2021-03-02 10:36:01,214: diniu01 2 running+++++++++++++++++++++++++++++
[INFO]2021-03-02 10:36:01,912: 2021-03-02 10:36:01.912220 diniu01 2 finish1  ----------------------------
[INFO]2021-03-02 10:36:03,223: {'agv': 'diniu01', 'loc': '9', 'result': 0, 'resultDesc': 'success', 'taskId': 'test20210201:2021-03-02 10:35:25----9----2021-03-02 10:36:03', 'timeoutSec': 1200} JackUnload
[INFO]2021-03-02 10:36:06,274: diniu01 9 running+++++++++++++++++++++++++++++
[INFO]2021-03-02 10:36:08,276: diniu01 9 running+++++++++++++++++++++++++++++
[INFO]2021-03-02 10:36:10,278: diniu01 9 running+++++++++++++++++++++++++++++
[INFO]2021-03-02 10:36:12,281: diniu01 9 running+++++++++++++++++++++++++++++
[INFO]2021-03-02 10:36:14,284: diniu01 9 running+++++++++++++++++++++++++++++
[INFO]2021-03-02 10:36:16,286: diniu01 9 running+++++++++++++++++++++++++++++
[INFO]2021-03-02 10:36:18,289: diniu01 9 running+++++++++++++++++++++++++++++
[INFO]2021-03-02 10:36:20,292: diniu01 9 running+++++++++++++++++++++++++++++
[INFO]2021-03-02 10:36:22,294: diniu01 9 running+++++++++++++++++++++++++++++
[INFO]2021-03-02 10:36:24,298: diniu01 9 running+++++++++++++++++++++++++++++
[INFO]2021-03-02 10:36:26,299: diniu01 9 running+++++++++++++++++++++++++++++
[INFO]2021-03-02 10:36:28,302: diniu01 9 running+++++++++++++++++++++++++++++
[INFO]2021-03-02 10:36:30,305: diniu01 9 running+++++++++++++++++++++++++++++
[INFO]2021-03-02 10:36:32,309: diniu01 9 running+++++++++++++++++++++++++++++
[INFO]2021-03-02 10:36:34,317: diniu01 9 running+++++++++++++++++++++++++++++
[INFO]2021-03-02 10:36:36,361: diniu01 9 running+++++++++++++++++++++++++++++
[INFO]2021-03-02 10:36:38,363: diniu01 9 running+++++++++++++++++++++++++++++
[INFO]2021-03-02 10:36:40,366: diniu01 9 running+++++++++++++++++++++++++++++
[INFO]2021-03-02 10:36:42,368: diniu01 9 running+++++++++++++++++++++++++++++
[INFO]2021-03-02 10:36:44,377: diniu01 9 running+++++++++++++++++++++++++++++
[INFO]2021-03-02 10:36:46,412: diniu01 9 running+++++++++++++++++++++++++++++
[INFO]2021-03-02 10:36:48,414: diniu01 9 running+++++++++++++++++++++++++++++
[INFO]2021-03-02 10:36:50,417: diniu01 9 running+++++++++++++++++++++++++++++
[INFO]2021-03-02 10:36:52,421: diniu01 9 running+++++++++++++++++++++++++++++
[INFO]2021-03-02 10:36:54,423: diniu01 9 running+++++++++++++++++++++++++++++
[INFO]2021-03-02 10:36:56,427: diniu01 9 running+++++++++++++++++++++++++++++
[INFO]2021-03-02 10:36:58,429: diniu01 9 running+++++++++++++++++++++++++++++
[INFO]2021-03-02 10:37:00,439: diniu01 9 running+++++++++++++++++++++++++++++
[INFO]2021-03-02 10:37:02,443: diniu01 9 running+++++++++++++++++++++++++++++
[INFO]2021-03-02 10:37:04,445: diniu01 9 running+++++++++++++++++++++++++++++
[INFO]2021-03-02 10:37:06,448: diniu01 9 running+++++++++++++++++++++++++++++
[INFO]2021-03-02 10:37:08,452: diniu01 9 running+++++++++++++++++++++++++++++
[INFO]2021-03-02 10:37:10,454: diniu01 9 running+++++++++++++++++++++++++++++
[INFO]2021-03-02 10:37:12,457: diniu01 9 running+++++++++++++++++++++++++++++
[INFO]2021-03-02 10:37:14,460: diniu01 9 running+++++++++++++++++++++++++++++
[INFO]2021-03-02 10:37:16,462: diniu01 9 running+++++++++++++++++++++++++++++
[INFO]2021-03-02 10:37:18,465: diniu01 9 running+++++++++++++++++++++++++++++
[INFO]2021-03-02 10:37:20,468: diniu01 9 running+++++++++++++++++++++++++++++
[INFO]2021-03-02 10:37:22,470: diniu01 9 running+++++++++++++++++++++++++++++
[INFO]2021-03-02 10:37:24,473: diniu01 9 running+++++++++++++++++++++++++++++
[INFO]2021-03-02 10:37:26,475: diniu01 9 running+++++++++++++++++++++++++++++
[INFO]2021-03-02 10:37:28,483: diniu01 9 running+++++++++++++++++++++++++++++
[INFO]2021-03-02 10:37:30,487: diniu01 9 running+++++++++++++++++++++++++++++
[INFO]2021-03-02 10:37:32,490: diniu01 9 running+++++++++++++++++++++++++++++
[INFO]2021-03-02 10:37:34,493: diniu01 9 running+++++++++++++++++++++++++++++
[INFO]2021-03-02 10:37:36,497: diniu01 9 running+++++++++++++++++++++++++++++
[INFO]2021-03-02 10:37:38,499: diniu01 9 running+++++++++++++++++++++++++++++
[INFO]2021-03-02 10:37:40,501: diniu01 9 running+++++++++++++++++++++++++++++
[INFO]2021-03-02 10:37:42,504: diniu01 9 running+++++++++++++++++++++++++++++
[INFO]2021-03-02 10:37:44,506: diniu01 9 running+++++++++++++++++++++++++++++
[INFO]2021-03-02 10:37:46,510: diniu01 9 running+++++++++++++++++++++++++++++
[INFO]2021-03-02 10:37:48,514: diniu01 9 running+++++++++++++++++++++++++++++
[INFO]2021-03-02 10:37:50,518: diniu01 9 running+++++++++++++++++++++++++++++
[INFO]2021-03-02 10:37:52,521: diniu01 9 running+++++++++++++++++++++++++++++
[INFO]2021-03-02 10:37:54,523: diniu01 9 running+++++++++++++++++++++++++++++
[INFO]2021-03-02 10:37:56,526: diniu01 9 running+++++++++++++++++++++++++++++
[INFO]2021-03-02 10:37:58,530: diniu01 9 running+++++++++++++++++++++++++++++
[INFO]2021-03-02 10:38:00,532: diniu01 9 running+++++++++++++++++++++++++++++
[INFO]2021-03-02 10:38:02,535: diniu01 9 running+++++++++++++++++++++++++++++
[INFO]2021-03-02 10:38:04,538: diniu01 9 running+++++++++++++++++++++++++++++
[INFO]2021-03-02 10:38:06,539: diniu01 9 running+++++++++++++++++++++++++++++
[INFO]2021-03-02 10:38:08,541: diniu01 9 running+++++++++++++++++++++++++++++
[INFO]2021-03-02 10:38:10,543: diniu01 9 running+++++++++++++++++++++++++++++
[INFO]2021-03-02 10:38:12,545: diniu01 9 running+++++++++++++++++++++++++++++
[INFO]2021-03-02 10:38:14,546: diniu01 9 running+++++++++++++++++++++++++++++
[INFO]2021-03-02 10:38:16,548: diniu01 9 running+++++++++++++++++++++++++++++
[INFO]2021-03-02 10:38:18,549: diniu01 9 running+++++++++++++++++++++++++++++
[INFO]2021-03-02 10:38:20,551: diniu01 9 running+++++++++++++++++++++++++++++
[INFO]2021-03-02 10:38:22,553: diniu01 9 running+++++++++++++++++++++++++++++
[INFO]2021-03-02 10:38:24,554: diniu01 9 running+++++++++++++++++++++++++++++
[INFO]2021-03-02 10:38:26,556: diniu01 9 running+++++++++++++++++++++++++++++
[INFO]2021-03-02 10:38:28,558: diniu01 9 running+++++++++++++++++++++++++++++
[INFO]2021-03-02 10:38:30,559: diniu01 9 running+++++++++++++++++++++++++++++
[INFO]2021-03-02 10:38:32,561: diniu01 9 running+++++++++++++++++++++++++++++
[INFO]2021-03-02 10:38:34,565: diniu01 9 running+++++++++++++++++++++++++++++
[INFO]2021-03-02 10:38:36,566: diniu01 9 running+++++++++++++++++++++++++++++
[INFO]2021-03-02 10:38:38,568: diniu01 9 running+++++++++++++++++++++++++++++
[INFO]2021-03-02 10:38:40,569: diniu01 9 running+++++++++++++++++++++++++++++
[INFO]2021-03-02 10:38:42,571: diniu01 9 running+++++++++++++++++++++++++++++
[INFO]2021-03-02 10:38:44,573: diniu01 9 running+++++++++++++++++++++++++++++
[INFO]2021-03-02 10:38:46,574: diniu01 9 running+++++++++++++++++++++++++++++
[INFO]2021-03-02 10:38:48,576: diniu01 9 running+++++++++++++++++++++++++++++
[INFO]2021-03-02 10:38:50,579: diniu01 9 running+++++++++++++++++++++++++++++
[INFO]2021-03-02 10:38:52,580: diniu01 9 running+++++++++++++++++++++++++++++
[INFO]2021-03-02 10:38:54,582: diniu01 9 running+++++++++++++++++++++++++++++
[INFO]2021-03-02 10:38:55,860: 2021-03-02 10:38:55.860056 diniu01 9 finish1  ----------------------------
[INFO]2021-03-02 10:38:56,590: {'agv': 'diniu01', 'loc': '1', 'result': 0, 'resultDesc': 'success', 'taskId': 'test20210201:2021-03-02 10:35:25----1----2021-03-02 10:38:56', 'timeoutSec': 1200}
[INFO]2021-03-02 10:38:59,635: diniu01 1 running+++++++++++++++++++++++++++++
[INFO]2021-03-02 10:39:01,668: diniu01 1 running+++++++++++++++++++++++++++++
[INFO]2021-03-02 10:39:03,670: diniu01 1 running+++++++++++++++++++++++++++++
[INFO]2021-03-02 10:39:05,671: diniu01 1 running+++++++++++++++++++++++++++++
[INFO]2021-03-02 10:39:07,673: diniu01 1 running+++++++++++++++++++++++++++++
[INFO]2021-03-02 10:39:09,676: diniu01 1 running+++++++++++++++++++++++++++++
[INFO]2021-03-02 10:39:11,677: diniu01 1 running+++++++++++++++++++++++++++++
[INFO]2021-03-02 10:39:13,679: diniu01 1 running+++++++++++++++++++++++++++++
[INFO]2021-03-02 10:39:15,685: diniu01 1 running+++++++++++++++++++++++++++++
[INFO]2021-03-02 10:39:17,687: diniu01 1 running+++++++++++++++++++++++++++++
[INFO]2021-03-02 10:39:19,692: diniu01 1 running+++++++++++++++++++++++++++++
[INFO]2021-03-02 10:39:21,787: diniu01 1 running+++++++++++++++++++++++++++++
[INFO]2021-03-02 10:39:23,789: diniu01 1 running+++++++++++++++++++++++++++++
[INFO]2021-03-02 10:39:25,790: diniu01 1 running+++++++++++++++++++++++++++++
[INFO]2021-03-02 10:39:27,792: diniu01 1 running+++++++++++++++++++++++++++++
[INFO]2021-03-02 10:39:29,794: diniu01 1 running+++++++++++++++++++++++++++++
[INFO]2021-03-02 10:39:31,795: diniu01 1 running+++++++++++++++++++++++++++++
[INFO]2021-03-02 10:39:33,797: diniu01 1 running+++++++++++++++++++++++++++++
[INFO]2021-03-02 10:39:35,800: diniu01 1 running+++++++++++++++++++++++++++++
[INFO]2021-03-02 10:39:37,811: diniu01 1 running+++++++++++++++++++++++++++++
[INFO]2021-03-02 10:39:39,814: diniu01 1 running+++++++++++++++++++++++++++++
[INFO]2021-03-02 10:39:41,817: diniu01 1 running+++++++++++++++++++++++++++++
[INFO]2021-03-02 10:39:43,819: diniu01 1 running+++++++++++++++++++++++++++++
[INFO]2021-03-02 10:39:45,822: diniu01 1 running+++++++++++++++++++++++++++++
[INFO]2021-03-02 10:39:47,823: diniu01 1 running+++++++++++++++++++++++++++++
[INFO]2021-03-02 10:39:49,825: diniu01 1 running+++++++++++++++++++++++++++++
[INFO]2021-03-02 10:39:51,827: diniu01 1 running+++++++++++++++++++++++++++++
[INFO]2021-03-02 10:39:53,828: diniu01 1 running+++++++++++++++++++++++++++++
[INFO]2021-03-02 10:39:55,830: diniu01 1 running+++++++++++++++++++++++++++++
[INFO]2021-03-02 10:39:57,832: diniu01 1 running+++++++++++++++++++++++++++++
[INFO]2021-03-02 10:39:59,833: diniu01 1 running+++++++++++++++++++++++++++++
[INFO]2021-03-02 10:40:01,835: diniu01 1 running+++++++++++++++++++++++++++++
[INFO]2021-03-02 10:40:03,837: diniu01 1 running+++++++++++++++++++++++++++++
[INFO]2021-03-02 10:40:05,838: diniu01 1 running+++++++++++++++++++++++++++++
[INFO]2021-03-02 10:40:07,842: diniu01 1 running+++++++++++++++++++++++++++++
[INFO]2021-03-02 10:40:09,844: diniu01 1 running+++++++++++++++++++++++++++++
[INFO]2021-03-02 10:40:11,845: diniu01 1 running+++++++++++++++++++++++++++++
[INFO]2021-03-02 10:40:13,847: diniu01 1 running+++++++++++++++++++++++++++++
[INFO]2021-03-02 10:40:15,849: diniu01 1 running+++++++++++++++++++++++++++++
[INFO]2021-03-02 10:40:17,850: diniu01 1 running+++++++++++++++++++++++++++++
[INFO]2021-03-02 10:40:19,852: diniu01 1 running+++++++++++++++++++++++++++++
[INFO]2021-03-02 10:40:21,853: diniu01 1 running+++++++++++++++++++++++++++++
[INFO]2021-03-02 10:40:23,855: diniu01 1 running+++++++++++++++++++++++++++++
[INFO]2021-03-02 10:40:25,858: diniu01 1 running+++++++++++++++++++++++++++++
[INFO]2021-03-02 10:40:27,859: diniu01 1 running+++++++++++++++++++++++++++++
[INFO]2021-03-02 10:40:29,861: diniu01 1 running+++++++++++++++++++++++++++++
[INFO]2021-03-02 10:40:31,863: diniu01 1 running+++++++++++++++++++++++++++++
[INFO]2021-03-02 10:40:33,864: diniu01 1 running+++++++++++++++++++++++++++++
[INFO]2021-03-02 10:40:35,866: diniu01 1 running+++++++++++++++++++++++++++++
[INFO]2021-03-02 10:40:37,869: diniu01 1 running+++++++++++++++++++++++++++++
[INFO]2021-03-02 10:40:39,870: diniu01 1 running+++++++++++++++++++++++++++++
[INFO]2021-03-02 10:40:41,872: diniu01 1 running+++++++++++++++++++++++++++++
[INFO]2021-03-02 10:40:43,874: diniu01 1 running+++++++++++++++++++++++++++++
[INFO]2021-03-02 10:40:45,883: diniu01 1 running+++++++++++++++++++++++++++++
[INFO]2021-03-02 10:40:47,925: diniu01 1 running+++++++++++++++++++++++++++++
[INFO]2021-03-02 10:40:49,926: diniu01 1 running+++++++++++++++++++++++++++++
[INFO]2021-03-02 10:40:51,928: diniu01 1 running+++++++++++++++++++++++++++++
[INFO]2021-03-02 10:40:53,930: diniu01 1 running+++++++++++++++++++++++++++++
[INFO]2021-03-02 10:40:55,931: diniu01 1 running+++++++++++++++++++++++++++++
[INFO]2021-03-02 10:40:57,933: diniu01 1 running+++++++++++++++++++++++++++++
[INFO]2021-03-02 10:40:59,935: diniu01 1 running+++++++++++++++++++++++++++++
[INFO]2021-03-02 10:41:01,937: diniu01 1 running+++++++++++++++++++++++++++++
[INFO]2021-03-02 10:41:03,939: diniu01 1 running+++++++++++++++++++++++++++++
[INFO]2021-03-02 10:41:05,940: diniu01 1 running+++++++++++++++++++++++++++++
[INFO]2021-03-02 10:41:07,942: diniu01 1 running+++++++++++++++++++++++++++++
[INFO]2021-03-02 10:41:09,944: diniu01 1 running+++++++++++++++++++++++++++++
[INFO]2021-03-02 10:41:11,945: diniu01 1 running+++++++++++++++++++++++++++++
[INFO]2021-03-02 10:41:13,947: diniu01 1 running+++++++++++++++++++++++++++++
[INFO]2021-03-02 10:41:15,949: diniu01 1 running+++++++++++++++++++++++++++++
[INFO]2021-03-02 10:41:17,950: diniu01 1 running+++++++++++++++++++++++++++++
[INFO]2021-03-02 10:41:19,952: diniu01 1 running+++++++++++++++++++++++++++++
[INFO]2021-03-02 10:41:21,954: diniu01 1 running+++++++++++++++++++++++++++++
[INFO]2021-03-02 10:41:23,955: diniu01 1 running+++++++++++++++++++++++++++++
[INFO]2021-03-02 10:41:25,959: diniu01 1 running+++++++++++++++++++++++++++++
[INFO]2021-03-02 10:41:27,961: diniu01 1 running+++++++++++++++++++++++++++++
[INFO]2021-03-02 10:41:29,963: diniu01 1 running+++++++++++++++++++++++++++++
[INFO]2021-03-02 10:41:31,965: diniu01 1 running+++++++++++++++++++++++++++++
[INFO]2021-03-02 10:41:32,373: 2021-03-02 10:41:32.373222 diniu01 1 finish1  ----------------------------
[INFO]2021-03-02 10:41:33,975: {'agv': 'diniu01', 'loc': '9', 'result': 0, 'resultDesc': 'success', 'taskId': 'test20210201:2021-03-02 10:35:25----9----2021-03-02 10:41:33', 'timeoutSec': 1200} JackLoad
[INFO]2021-03-02 10:41:37,020: diniu01 9 running+++++++++++++++++++++++++++++
[INFO]2021-03-02 10:41:39,022: diniu01 9 running+++++++++++++++++++++++++++++
[INFO]2021-03-02 10:41:41,024: diniu01 9 running+++++++++++++++++++++++++++++
[INFO]2021-03-02 10:41:43,032: diniu01 9 running+++++++++++++++++++++++++++++
[INFO]2021-03-02 10:41:45,090: diniu01 9 running+++++++++++++++++++++++++++++
[INFO]2021-03-02 10:41:47,092: diniu01 9 running+++++++++++++++++++++++++++++
[INFO]2021-03-02 10:41:49,099: diniu01 9 running+++++++++++++++++++++++++++++
[INFO]2021-03-02 10:41:51,101: diniu01 9 running+++++++++++++++++++++++++++++
[INFO]2021-03-02 10:41:53,102: diniu01 9 running+++++++++++++++++++++++++++++
[INFO]2021-03-02 10:41:55,104: diniu01 9 running+++++++++++++++++++++++++++++
[INFO]2021-03-02 10:41:57,106: diniu01 9 running+++++++++++++++++++++++++++++
[INFO]2021-03-02 10:41:59,108: diniu01 9 running+++++++++++++++++++++++++++++
[INFO]2021-03-02 10:42:01,118: diniu01 9 running+++++++++++++++++++++++++++++
[INFO]2021-03-02 10:42:03,127: diniu01 9 running+++++++++++++++++++++++++++++
[INFO]2021-03-02 10:42:05,132: diniu01 9 running+++++++++++++++++++++++++++++
[INFO]2021-03-02 10:42:07,136: diniu01 9 running+++++++++++++++++++++++++++++
[INFO]2021-03-02 10:42:09,143: diniu01 9 running+++++++++++++++++++++++++++++
[INFO]2021-03-02 10:42:11,145: diniu01 9 running+++++++++++++++++++++++++++++
[INFO]2021-03-02 10:42:13,167: diniu01 9 running+++++++++++++++++++++++++++++
[INFO]2021-03-02 10:42:15,177: diniu01 9 running+++++++++++++++++++++++++++++
[INFO]2021-03-02 10:42:17,189: diniu01 9 running+++++++++++++++++++++++++++++
[INFO]2021-03-02 10:42:19,190: diniu01 9 running+++++++++++++++++++++++++++++
[INFO]2021-03-02 10:42:21,193: diniu01 9 running+++++++++++++++++++++++++++++
[INFO]2021-03-02 10:42:23,195: diniu01 9 running+++++++++++++++++++++++++++++
[INFO]2021-03-02 10:42:25,196: diniu01 9 running+++++++++++++++++++++++++++++
[INFO]2021-03-02 10:42:27,198: diniu01 9 running+++++++++++++++++++++++++++++
[INFO]2021-03-02 10:42:29,200: diniu01 9 running+++++++++++++++++++++++++++++
[INFO]2021-03-02 10:42:31,203: diniu01 9 running+++++++++++++++++++++++++++++
[INFO]2021-03-02 10:42:33,239: diniu01 9 running+++++++++++++++++++++++++++++
[INFO]2021-03-02 10:42:35,245: diniu01 9 running+++++++++++++++++++++++++++++
[INFO]2021-03-02 10:42:37,344: diniu01 9 running+++++++++++++++++++++++++++++
[INFO]2021-03-02 10:42:39,367: diniu01 9 running+++++++++++++++++++++++++++++
[INFO]2021-03-02 10:42:41,451: diniu01 9 running+++++++++++++++++++++++++++++
[INFO]2021-03-02 10:42:43,453: diniu01 9 running+++++++++++++++++++++++++++++
[INFO]2021-03-02 10:42:45,459: diniu01 9 running+++++++++++++++++++++++++++++
[INFO]2021-03-02 10:42:47,461: diniu01 9 running+++++++++++++++++++++++++++++
[INFO]2021-03-02 10:42:49,463: diniu01 9 running+++++++++++++++++++++++++++++
[INFO]2021-03-02 10:42:51,465: diniu01 9 running+++++++++++++++++++++++++++++
[INFO]2021-03-02 10:42:53,467: diniu01 9 running+++++++++++++++++++++++++++++
[INFO]2021-03-02 10:42:55,468: diniu01 9 running+++++++++++++++++++++++++++++
[INFO]2021-03-02 10:42:57,470: diniu01 9 running+++++++++++++++++++++++++++++
[INFO]2021-03-02 10:42:59,472: diniu01 9 running+++++++++++++++++++++++++++++
[INFO]2021-03-02 10:43:01,473: diniu01 9 running+++++++++++++++++++++++++++++
[INFO]2021-03-02 10:43:03,475: diniu01 9 running+++++++++++++++++++++++++++++
[INFO]2021-03-02 10:43:05,477: diniu01 9 running+++++++++++++++++++++++++++++
[INFO]2021-03-02 10:43:07,478: diniu01 9 running+++++++++++++++++++++++++++++
[INFO]2021-03-02 10:43:09,480: diniu01 9 running+++++++++++++++++++++++++++++
[INFO]2021-03-02 10:43:11,483: diniu01 9 running+++++++++++++++++++++++++++++
[INFO]2021-03-02 10:43:13,485: diniu01 9 running+++++++++++++++++++++++++++++
[INFO]2021-03-02 10:43:15,487: diniu01 9 running+++++++++++++++++++++++++++++
[INFO]2021-03-02 10:43:17,488: diniu01 9 running+++++++++++++++++++++++++++++
[INFO]2021-03-02 10:43:19,490: diniu01 9 running+++++++++++++++++++++++++++++
[INFO]2021-03-02 10:43:21,492: diniu01 9 running+++++++++++++++++++++++++++++
[INFO]2021-03-02 10:43:23,494: diniu01 9 running+++++++++++++++++++++++++++++
[INFO]2021-03-02 10:43:25,505: diniu01 9 running+++++++++++++++++++++++++++++
[INFO]2021-03-02 10:43:27,521: diniu01 9 running+++++++++++++++++++++++++++++
[INFO]2021-03-02 10:43:29,522: diniu01 9 running+++++++++++++++++++++++++++++
[INFO]2021-03-02 10:43:31,531: diniu01 9 running+++++++++++++++++++++++++++++
[INFO]2021-03-02 10:43:33,550: diniu01 9 running+++++++++++++++++++++++++++++
[INFO]2021-03-02 10:43:35,552: diniu01 9 running+++++++++++++++++++++++++++++
[INFO]2021-03-02 10:43:37,554: diniu01 9 running+++++++++++++++++++++++++++++
[INFO]2021-03-02 10:43:39,555: diniu01 9 running+++++++++++++++++++++++++++++
[INFO]2021-03-02 10:43:41,557: diniu01 9 running+++++++++++++++++++++++++++++
[INFO]2021-03-02 10:43:43,559: diniu01 9 running+++++++++++++++++++++++++++++
[INFO]2021-03-02 10:43:45,560: diniu01 9 running+++++++++++++++++++++++++++++
[INFO]2021-03-02 10:43:47,562: diniu01 9 running+++++++++++++++++++++++++++++
[INFO]2021-03-02 10:43:49,565: diniu01 9 running+++++++++++++++++++++++++++++
[INFO]2021-03-02 10:43:51,566: diniu01 9 running+++++++++++++++++++++++++++++
[INFO]2021-03-02 10:43:53,568: diniu01 9 running+++++++++++++++++++++++++++++
[INFO]2021-03-02 10:43:55,570: diniu01 9 running+++++++++++++++++++++++++++++
[INFO]2021-03-02 10:43:57,571: diniu01 9 running+++++++++++++++++++++++++++++
[INFO]2021-03-02 10:43:59,573: diniu01 9 running+++++++++++++++++++++++++++++
[INFO]2021-03-02 10:44:01,574: diniu01 9 running+++++++++++++++++++++++++++++
[INFO]2021-03-02 10:44:03,576: diniu01 9 running+++++++++++++++++++++++++++++
[INFO]2021-03-02 10:44:05,578: diniu01 9 running+++++++++++++++++++++++++++++
[INFO]2021-03-02 10:44:07,579: diniu01 9 running+++++++++++++++++++++++++++++
[INFO]2021-03-02 10:44:09,581: diniu01 9 running+++++++++++++++++++++++++++++
[INFO]2021-03-02 10:44:11,583: diniu01 9 running+++++++++++++++++++++++++++++
[INFO]2021-03-02 10:44:13,584: diniu01 9 running+++++++++++++++++++++++++++++
[INFO]2021-03-02 10:44:15,596: diniu01 9 running+++++++++++++++++++++++++++++
[INFO]2021-03-02 10:44:17,598: diniu01 9 running+++++++++++++++++++++++++++++
[INFO]2021-03-02 10:44:19,599: diniu01 9 running+++++++++++++++++++++++++++++
[INFO]2021-03-02 10:44:21,601: diniu01 9 running+++++++++++++++++++++++++++++
[INFO]2021-03-02 10:44:23,603: diniu01 9 running+++++++++++++++++++++++++++++
[INFO]2021-03-02 10:44:25,616: diniu01 9 running+++++++++++++++++++++++++++++
[INFO]2021-03-02 10:44:27,666: diniu01 9 running+++++++++++++++++++++++++++++
[INFO]2021-03-02 10:44:29,667: diniu01 9 running+++++++++++++++++++++++++++++
[INFO]2021-03-02 10:44:31,669: diniu01 9 running+++++++++++++++++++++++++++++
[INFO]2021-03-02 10:44:33,671: diniu01 9 running+++++++++++++++++++++++++++++
[INFO]2021-03-02 10:44:35,672: diniu01 9 running+++++++++++++++++++++++++++++
[INFO]2021-03-02 10:44:37,678: diniu01 9 running+++++++++++++++++++++++++++++
[INFO]2021-03-02 10:44:39,679: diniu01 9 running+++++++++++++++++++++++++++++
[INFO]2021-03-02 10:44:41,682: diniu01 9 running+++++++++++++++++++++++++++++
[INFO]2021-03-02 10:44:43,684: diniu01 9 running+++++++++++++++++++++++++++++
[INFO]2021-03-02 10:44:44,119: 2021-03-02 10:44:44.119106 diniu01 9 finish1  ----------------------------
[INFO]2021-03-02 10:44:45,694: {'agv': 'diniu01', 'loc': '2', 'result': 0, 'resultDesc': 'success', 'taskId': 'test20210201:2021-03-02 10:35:25----2----2021-03-02 10:44:45', 'timeoutSec': 1200} JackUnload
[INFO]2021-03-02 10:44:48,743: diniu01 2 running+++++++++++++++++++++++++++++
[INFO]2021-03-02 10:44:50,758: diniu01 2 running+++++++++++++++++++++++++++++
[INFO]2021-03-02 10:44:52,759: diniu01 2 running+++++++++++++++++++++++++++++
[INFO]2021-03-02 10:44:54,761: diniu01 2 running+++++++++++++++++++++++++++++
[INFO]2021-03-02 10:44:56,767: diniu01 2 running+++++++++++++++++++++++++++++
[INFO]2021-03-02 10:44:58,769: diniu01 2 running+++++++++++++++++++++++++++++
[INFO]2021-03-02 10:45:00,863: diniu01 2 running+++++++++++++++++++++++++++++
[INFO]2021-03-02 10:45:02,864: diniu01 2 running+++++++++++++++++++++++++++++
[INFO]2021-03-02 10:45:04,866: diniu01 2 running+++++++++++++++++++++++++++++
[INFO]2021-03-02 10:45:06,876: diniu01 2 running+++++++++++++++++++++++++++++
[INFO]2021-03-02 10:45:08,975: diniu01 2 running+++++++++++++++++++++++++++++
[INFO]2021-03-02 10:45:11,082: diniu01 2 running+++++++++++++++++++++++++++++
[INFO]2021-03-02 10:45:13,084: diniu01 2 running+++++++++++++++++++++++++++++
[INFO]2021-03-02 10:45:15,100: diniu01 2 running+++++++++++++++++++++++++++++
[INFO]2021-03-02 10:45:17,102: diniu01 2 running+++++++++++++++++++++++++++++
[INFO]2021-03-02 10:45:19,104: diniu01 2 running+++++++++++++++++++++++++++++
[INFO]2021-03-02 10:45:21,111: diniu01 2 running+++++++++++++++++++++++++++++
[INFO]2021-03-02 10:45:23,112: diniu01 2 running+++++++++++++++++++++++++++++
[INFO]2021-03-02 10:45:25,114: diniu01 2 running+++++++++++++++++++++++++++++
[INFO]2021-03-02 10:45:27,116: diniu01 2 running+++++++++++++++++++++++++++++
[INFO]2021-03-02 10:45:29,117: diniu01 2 running+++++++++++++++++++++++++++++
[INFO]2021-03-02 10:45:31,119: diniu01 2 running+++++++++++++++++++++++++++++
[INFO]2021-03-02 10:45:33,121: diniu01 2 running+++++++++++++++++++++++++++++
[INFO]2021-03-02 10:45:35,122: diniu01 2 running+++++++++++++++++++++++++++++
[INFO]2021-03-02 10:45:37,124: diniu01 2 running+++++++++++++++++++++++++++++
[INFO]2021-03-02 10:45:39,125: diniu01 2 running+++++++++++++++++++++++++++++
[INFO]2021-03-02 10:45:41,127: diniu01 2 running+++++++++++++++++++++++++++++
[INFO]2021-03-02 10:45:43,129: diniu01 2 running+++++++++++++++++++++++++++++
[INFO]2021-03-02 10:45:45,130: diniu01 2 running+++++++++++++++++++++++++++++
[INFO]2021-03-02 10:45:47,132: diniu01 2 running+++++++++++++++++++++++++++++
[INFO]2021-03-02 10:45:49,134: diniu01 2 running+++++++++++++++++++++++++++++
[INFO]2021-03-02 10:45:51,141: diniu01 2 running+++++++++++++++++++++++++++++
[INFO]2021-03-02 10:45:53,144: diniu01 2 running+++++++++++++++++++++++++++++
[INFO]2021-03-02 10:45:55,146: diniu01 2 running+++++++++++++++++++++++++++++
[INFO]2021-03-02 10:45:57,147: diniu01 2 running+++++++++++++++++++++++++++++
[INFO]2021-03-02 10:45:59,151: diniu01 2 running+++++++++++++++++++++++++++++
[INFO]2021-03-02 10:46:01,152: diniu01 2 running+++++++++++++++++++++++++++++
[INFO]2021-03-02 10:46:03,154: diniu01 2 running+++++++++++++++++++++++++++++
[INFO]2021-03-02 10:46:05,158: diniu01 2 running+++++++++++++++++++++++++++++
[INFO]2021-03-02 10:46:07,159: diniu01 2 running+++++++++++++++++++++++++++++
[INFO]2021-03-02 10:46:09,161: diniu01 2 running+++++++++++++++++++++++++++++
[INFO]2021-03-02 10:46:11,163: diniu01 2 running+++++++++++++++++++++++++++++
[INFO]2021-03-02 10:46:13,164: diniu01 2 running+++++++++++++++++++++++++++++
[INFO]2021-03-02 10:46:15,166: diniu01 2 running+++++++++++++++++++++++++++++
[INFO]2021-03-02 10:46:17,168: diniu01 2 running+++++++++++++++++++++++++++++
[INFO]2021-03-02 10:46:19,169: diniu01 2 running+++++++++++++++++++++++++++++
[INFO]2021-03-02 10:46:21,171: diniu01 2 running+++++++++++++++++++++++++++++
[INFO]2021-03-02 10:46:23,173: diniu01 2 running+++++++++++++++++++++++++++++
[INFO]2021-03-02 10:46:25,174: diniu01 2 running+++++++++++++++++++++++++++++
[INFO]2021-03-02 10:46:27,176: diniu01 2 running+++++++++++++++++++++++++++++
[INFO]2021-03-02 10:46:29,177: diniu01 2 running+++++++++++++++++++++++++++++
[INFO]2021-03-02 10:46:31,179: diniu01 2 running+++++++++++++++++++++++++++++
[INFO]2021-03-02 10:46:33,181: diniu01 2 running+++++++++++++++++++++++++++++
[INFO]2021-03-02 10:46:35,182: diniu01 2 running+++++++++++++++++++++++++++++
[INFO]2021-03-02 10:46:37,184: diniu01 2 running+++++++++++++++++++++++++++++
[INFO]2021-03-02 10:46:39,186: diniu01 2 running+++++++++++++++++++++++++++++
[INFO]2021-03-02 10:46:41,187: diniu01 2 running+++++++++++++++++++++++++++++
[INFO]2021-03-02 10:46:43,189: diniu01 2 running+++++++++++++++++++++++++++++
[INFO]2021-03-02 10:46:45,192: diniu01 2 running+++++++++++++++++++++++++++++
[INFO]2021-03-02 10:46:47,193: diniu01 2 running+++++++++++++++++++++++++++++
[INFO]2021-03-02 10:46:49,195: diniu01 2 running+++++++++++++++++++++++++++++
[INFO]2021-03-02 10:46:51,197: diniu01 2 running+++++++++++++++++++++++++++++
[INFO]2021-03-02 10:46:53,198: diniu01 2 running+++++++++++++++++++++++++++++
[INFO]2021-03-02 10:46:55,200: diniu01 2 running+++++++++++++++++++++++++++++
[INFO]2021-03-02 10:46:57,201: diniu01 2 running+++++++++++++++++++++++++++++
[INFO]2021-03-02 10:46:59,203: diniu01 2 running+++++++++++++++++++++++++++++
[INFO]2021-03-02 10:47:01,205: diniu01 2 running+++++++++++++++++++++++++++++
[INFO]2021-03-02 10:47:03,206: diniu01 2 running+++++++++++++++++++++++++++++
[INFO]2021-03-02 10:47:05,208: diniu01 2 running+++++++++++++++++++++++++++++
[INFO]2021-03-02 10:47:07,210: diniu01 2 running+++++++++++++++++++++++++++++
[INFO]2021-03-02 10:47:09,211: diniu01 2 running+++++++++++++++++++++++++++++
[INFO]2021-03-02 10:47:11,213: diniu01 2 running+++++++++++++++++++++++++++++
[INFO]2021-03-02 10:47:13,215: diniu01 2 running+++++++++++++++++++++++++++++
[INFO]2021-03-02 10:47:15,216: diniu01 2 running+++++++++++++++++++++++++++++
[INFO]2021-03-02 10:47:17,218: diniu01 2 running+++++++++++++++++++++++++++++
[INFO]2021-03-02 10:47:19,221: diniu01 2 running+++++++++++++++++++++++++++++
[INFO]2021-03-02 10:47:21,222: diniu01 2 running+++++++++++++++++++++++++++++
[INFO]2021-03-02 10:47:23,224: diniu01 2 running+++++++++++++++++++++++++++++
[INFO]2021-03-02 10:47:25,225: diniu01 2 running+++++++++++++++++++++++++++++
[INFO]2021-03-02 10:47:27,227: diniu01 2 running+++++++++++++++++++++++++++++
[INFO]2021-03-02 10:47:29,229: diniu01 2 running+++++++++++++++++++++++++++++
[INFO]2021-03-02 10:47:31,230: diniu01 2 running+++++++++++++++++++++++++++++
[INFO]2021-03-02 10:47:33,232: diniu01 2 running+++++++++++++++++++++++++++++
[INFO]2021-03-02 10:47:35,234: diniu01 2 running+++++++++++++++++++++++++++++
[INFO]2021-03-02 10:47:37,236: diniu01 2 running+++++++++++++++++++++++++++++
[INFO]2021-03-02 10:47:39,238: diniu01 2 running+++++++++++++++++++++++++++++
[INFO]2021-03-02 10:47:41,240: diniu01 2 running+++++++++++++++++++++++++++++
[INFO]2021-03-02 10:47:43,241: diniu01 2 running+++++++++++++++++++++++++++++
[INFO]2021-03-02 10:47:43,717: 2021-03-02 10:47:43.717491 diniu01 2 finish1  ----------------------------
[INFO]2021-03-02 10:47:45,268: {'agv': 'diniu01', 'loc': '20', 'result': 0, 'resultDesc': 'success', 'taskId': 'test20210201:2021-03-02 10:35:25----20----2021-03-02 10:47:45', 'timeoutSec': 1200}
[INFO]2021-03-02 10:47:48,334: diniu01 20 running+++++++++++++++++++++++++++++
[INFO]2021-03-02 10:47:50,335: diniu01 20 running+++++++++++++++++++++++++++++
[INFO]2021-03-02 10:47:52,337: diniu01 20 running+++++++++++++++++++++++++++++
[INFO]2021-03-02 10:47:54,345: diniu01 20 running+++++++++++++++++++++++++++++
[INFO]2021-03-02 10:47:56,362: diniu01 20 running+++++++++++++++++++++++++++++
[INFO]2021-03-02 10:47:58,364: diniu01 20 running+++++++++++++++++++++++++++++
[INFO]2021-03-02 10:48:00,365: diniu01 20 running+++++++++++++++++++++++++++++
[INFO]2021-03-02 10:48:02,367: diniu01 20 running+++++++++++++++++++++++++++++
[INFO]2021-03-02 10:48:04,376: diniu01 20 running+++++++++++++++++++++++++++++
[INFO]2021-03-02 10:48:06,378: diniu01 20 running+++++++++++++++++++++++++++++
[INFO]2021-03-02 10:48:08,480: diniu01 20 running+++++++++++++++++++++++++++++
[INFO]2021-03-02 10:48:10,492: diniu01 20 running+++++++++++++++++++++++++++++
[INFO]2021-03-02 10:48:12,507: diniu01 20 running+++++++++++++++++++++++++++++
[INFO]2021-03-02 10:48:14,516: diniu01 20 running+++++++++++++++++++++++++++++
[INFO]2021-03-02 10:48:16,528: diniu01 20 running+++++++++++++++++++++++++++++
[INFO]2021-03-02 10:48:18,613: diniu01 20 running+++++++++++++++++++++++++++++
[INFO]2021-03-02 10:48:20,619: diniu01 20 running+++++++++++++++++++++++++++++
[INFO]2021-03-02 10:48:22,677: diniu01 20 running+++++++++++++++++++++++++++++
[INFO]2021-03-02 10:48:24,692: diniu01 20 running+++++++++++++++++++++++++++++
[INFO]2021-03-02 10:48:26,694: diniu01 20 running+++++++++++++++++++++++++++++
[INFO]2021-03-02 10:48:28,697: diniu01 20 running+++++++++++++++++++++++++++++
[INFO]2021-03-02 10:48:30,699: diniu01 20 running+++++++++++++++++++++++++++++
[INFO]2021-03-02 10:48:32,703: diniu01 20 running+++++++++++++++++++++++++++++
[INFO]2021-03-02 10:48:34,708: diniu01 20 running+++++++++++++++++++++++++++++
[INFO]2021-03-02 10:48:36,709: diniu01 20 running+++++++++++++++++++++++++++++
[INFO]2021-03-02 10:48:38,719: diniu01 20 running+++++++++++++++++++++++++++++
[INFO]2021-03-02 10:48:40,721: diniu01 20 running+++++++++++++++++++++++++++++
[INFO]2021-03-02 10:48:42,723: diniu01 20 running+++++++++++++++++++++++++++++
[INFO]2021-03-02 10:48:44,725: diniu01 20 running+++++++++++++++++++++++++++++
[INFO]2021-03-02 10:48:46,726: diniu01 20 running+++++++++++++++++++++++++++++
[INFO]2021-03-02 10:48:48,728: diniu01 20 running+++++++++++++++++++++++++++++
[INFO]2021-03-02 10:48:50,736: diniu01 20 running+++++++++++++++++++++++++++++
[INFO]2021-03-02 10:48:52,737: diniu01 20 running+++++++++++++++++++++++++++++
[INFO]2021-03-02 10:48:54,739: diniu01 20 running+++++++++++++++++++++++++++++
[INFO]2021-03-02 10:48:56,741: diniu01 20 running+++++++++++++++++++++++++++++
[INFO]2021-03-02 10:48:58,742: diniu01 20 running+++++++++++++++++++++++++++++
[INFO]2021-03-02 10:49:00,746: diniu01 20 running+++++++++++++++++++++++++++++
[INFO]2021-03-02 10:49:02,749: diniu01 20 running+++++++++++++++++++++++++++++
[INFO]2021-03-02 10:49:04,750: diniu01 20 running+++++++++++++++++++++++++++++
[INFO]2021-03-02 10:49:06,752: diniu01 20 running+++++++++++++++++++++++++++++
[INFO]2021-03-02 10:49:08,753: diniu01 20 running+++++++++++++++++++++++++++++
[INFO]2021-03-02 10:49:10,755: diniu01 20 running+++++++++++++++++++++++++++++
[INFO]2021-03-02 10:49:12,757: diniu01 20 running+++++++++++++++++++++++++++++
[INFO]2021-03-02 10:49:14,758: diniu01 20 running+++++++++++++++++++++++++++++
[INFO]2021-03-02 10:49:16,760: diniu01 20 running+++++++++++++++++++++++++++++
[INFO]2021-03-02 10:49:18,767: diniu01 20 running+++++++++++++++++++++++++++++
[INFO]2021-03-02 10:49:20,769: diniu01 20 running+++++++++++++++++++++++++++++
[INFO]2021-03-02 10:49:22,771: diniu01 20 running+++++++++++++++++++++++++++++
[INFO]2021-03-02 10:49:24,773: diniu01 20 running+++++++++++++++++++++++++++++
[INFO]2021-03-02 10:49:26,774: diniu01 20 running+++++++++++++++++++++++++++++
[INFO]2021-03-02 10:49:28,777: diniu01 20 running+++++++++++++++++++++++++++++
[INFO]2021-03-02 10:49:30,778: diniu01 20 running+++++++++++++++++++++++++++++
[INFO]2021-03-02 10:49:32,780: diniu01 20 running+++++++++++++++++++++++++++++
[INFO]2021-03-02 10:49:34,782: diniu01 20 running+++++++++++++++++++++++++++++
[INFO]2021-03-02 10:49:36,783: diniu01 20 running+++++++++++++++++++++++++++++
[INFO]2021-03-02 10:49:38,785: diniu01 20 running+++++++++++++++++++++++++++++
[INFO]2021-03-02 10:49:39,170: 2021-03-02 10:49:39.170539 diniu01 20 finish1  ----------------------------
[INFO]2021-03-02 10:49:47,091: {'agv': 'diniu01', 'loc': '2', 'result': 0, 'resultDesc': 'success', 'taskId': 'test20210201:2021-03-02 10:49:40----2----2021-03-02 10:49:47', 'timeoutSec': 1200} JackLoad
[INFO]2021-03-02 10:49:50,349: diniu01 2 running+++++++++++++++++++++++++++++
[INFO]2021-03-02 10:49:52,351: diniu01 2 running+++++++++++++++++++++++++++++
[INFO]2021-03-02 10:49:54,364: diniu01 2 running+++++++++++++++++++++++++++++
[INFO]2021-03-02 10:49:56,366: diniu01 2 running+++++++++++++++++++++++++++++
[INFO]2021-03-02 10:49:58,368: diniu01 2 running+++++++++++++++++++++++++++++
[INFO]2021-03-02 10:50:00,374: diniu01 2 running+++++++++++++++++++++++++++++
[INFO]2021-03-02 10:50:02,450: diniu01 2 running+++++++++++++++++++++++++++++
[INFO]2021-03-02 10:50:04,456: diniu01 2 running+++++++++++++++++++++++++++++
[INFO]2021-03-02 10:50:06,458: diniu01 2 running+++++++++++++++++++++++++++++
[INFO]2021-03-02 10:50:08,460: diniu01 2 running+++++++++++++++++++++++++++++
[INFO]2021-03-02 10:50:10,461: diniu01 2 running+++++++++++++++++++++++++++++
[INFO]2021-03-02 10:50:12,463: diniu01 2 running+++++++++++++++++++++++++++++
[INFO]2021-03-02 10:50:14,465: diniu01 2 running+++++++++++++++++++++++++++++
[INFO]2021-03-02 10:50:16,466: diniu01 2 running+++++++++++++++++++++++++++++
[INFO]2021-03-02 10:50:18,468: diniu01 2 running+++++++++++++++++++++++++++++
[INFO]2021-03-02 10:50:20,470: diniu01 2 running+++++++++++++++++++++++++++++
[INFO]2021-03-02 10:50:22,471: diniu01 2 running+++++++++++++++++++++++++++++
[INFO]2021-03-02 10:50:24,473: diniu01 2 running+++++++++++++++++++++++++++++
[INFO]2021-03-02 10:50:26,474: diniu01 2 running+++++++++++++++++++++++++++++
[INFO]2021-03-02 10:50:28,476: diniu01 2 running+++++++++++++++++++++++++++++
[INFO]2021-03-02 10:50:30,478: diniu01 2 running+++++++++++++++++++++++++++++
[INFO]2021-03-02 10:50:32,481: diniu01 2 running+++++++++++++++++++++++++++++
[INFO]2021-03-02 10:50:34,483: diniu01 2 running+++++++++++++++++++++++++++++
[INFO]2021-03-02 10:50:36,486: diniu01 2 running+++++++++++++++++++++++++++++
[INFO]2021-03-02 10:50:38,487: diniu01 2 running+++++++++++++++++++++++++++++
[INFO]2021-03-02 10:50:40,489: diniu01 2 running+++++++++++++++++++++++++++++
[INFO]2021-03-02 10:50:42,491: diniu01 2 running+++++++++++++++++++++++++++++
[INFO]2021-03-02 10:50:44,492: diniu01 2 running+++++++++++++++++++++++++++++
[INFO]2021-03-02 10:50:46,494: diniu01 2 running+++++++++++++++++++++++++++++
[INFO]2021-03-02 10:50:48,496: diniu01 2 running+++++++++++++++++++++++++++++
[INFO]2021-03-02 10:50:50,497: diniu01 2 running+++++++++++++++++++++++++++++
[INFO]2021-03-02 10:50:52,499: diniu01 2 running+++++++++++++++++++++++++++++
[INFO]2021-03-02 10:50:54,500: diniu01 2 running+++++++++++++++++++++++++++++
[INFO]2021-03-02 10:50:56,502: diniu01 2 running+++++++++++++++++++++++++++++
[INFO]2021-03-02 10:50:58,504: diniu01 2 running+++++++++++++++++++++++++++++
[INFO]2021-03-02 10:51:00,505: diniu01 2 running+++++++++++++++++++++++++++++
[INFO]2021-03-02 10:51:02,507: diniu01 2 running+++++++++++++++++++++++++++++
[INFO]2021-03-02 10:51:04,509: diniu01 2 running+++++++++++++++++++++++++++++
[INFO]2021-03-02 10:51:06,512: diniu01 2 running+++++++++++++++++++++++++++++
[INFO]2021-03-02 10:51:08,518: diniu01 2 running+++++++++++++++++++++++++++++
[INFO]2021-03-02 10:51:10,520: diniu01 2 running+++++++++++++++++++++++++++++
[INFO]2021-03-02 10:51:12,521: diniu01 2 running+++++++++++++++++++++++++++++
[INFO]2021-03-02 10:51:14,523: diniu01 2 running+++++++++++++++++++++++++++++
[INFO]2021-03-02 10:51:16,525: diniu01 2 running+++++++++++++++++++++++++++++
[INFO]2021-03-02 10:51:18,526: diniu01 2 running+++++++++++++++++++++++++++++
[INFO]2021-03-02 10:51:20,528: diniu01 2 running+++++++++++++++++++++++++++++
[INFO]2021-03-02 10:51:22,529: diniu01 2 running+++++++++++++++++++++++++++++
[INFO]2021-03-02 10:51:24,531: diniu01 2 running+++++++++++++++++++++++++++++
[INFO]2021-03-02 10:51:26,533: diniu01 2 running+++++++++++++++++++++++++++++
[INFO]2021-03-02 10:51:28,534: diniu01 2 running+++++++++++++++++++++++++++++
[INFO]2021-03-02 10:51:30,536: diniu01 2 running+++++++++++++++++++++++++++++
[INFO]2021-03-02 10:51:32,557: diniu01 2 running+++++++++++++++++++++++++++++
[INFO]2021-03-02 10:51:34,584: diniu01 2 running+++++++++++++++++++++++++++++
[INFO]2021-03-02 10:51:36,586: diniu01 2 running+++++++++++++++++++++++++++++
[INFO]2021-03-02 10:51:38,587: diniu01 2 running+++++++++++++++++++++++++++++
[INFO]2021-03-02 10:51:40,589: diniu01 2 running+++++++++++++++++++++++++++++
[INFO]2021-03-02 10:51:42,591: diniu01 2 running+++++++++++++++++++++++++++++
[INFO]2021-03-02 10:51:44,592: diniu01 2 running+++++++++++++++++++++++++++++
[INFO]2021-03-02 10:51:46,594: diniu01 2 running+++++++++++++++++++++++++++++
[INFO]2021-03-02 10:51:48,596: diniu01 2 running+++++++++++++++++++++++++++++
[INFO]2021-03-02 10:51:50,597: diniu01 2 running+++++++++++++++++++++++++++++
[INFO]2021-03-02 10:51:52,599: diniu01 2 running+++++++++++++++++++++++++++++
[INFO]2021-03-02 10:51:54,601: diniu01 2 running+++++++++++++++++++++++++++++
[INFO]2021-03-02 10:51:56,602: diniu01 2 running+++++++++++++++++++++++++++++
[INFO]2021-03-02 10:51:58,604: diniu01 2 running+++++++++++++++++++++++++++++
[INFO]2021-03-02 10:52:00,607: diniu01 2 running+++++++++++++++++++++++++++++
[INFO]2021-03-02 10:52:02,608: diniu01 2 running+++++++++++++++++++++++++++++
[INFO]2021-03-02 10:52:04,610: diniu01 2 running+++++++++++++++++++++++++++++
[INFO]2021-03-02 10:52:06,611: diniu01 2 running+++++++++++++++++++++++++++++
[INFO]2021-03-02 10:52:08,614: diniu01 2 running+++++++++++++++++++++++++++++
[INFO]2021-03-02 10:52:10,617: diniu01 2 running+++++++++++++++++++++++++++++
[INFO]2021-03-02 10:52:12,618: diniu01 2 running+++++++++++++++++++++++++++++
[INFO]2021-03-02 10:52:14,620: diniu01 2 running+++++++++++++++++++++++++++++
[INFO]2021-03-02 10:52:16,622: diniu01 2 running+++++++++++++++++++++++++++++
[INFO]2021-03-02 10:52:18,623: diniu01 2 running+++++++++++++++++++++++++++++
[INFO]2021-03-02 10:52:20,625: diniu01 2 running+++++++++++++++++++++++++++++
[INFO]2021-03-02 10:52:22,627: diniu01 2 running+++++++++++++++++++++++++++++
[INFO]2021-03-02 10:52:24,276: 2021-03-02 10:52:24.275709 diniu01 2 finish1  ----------------------------
[INFO]2021-03-02 10:52:24,628: {'agv': 'diniu01', 'loc': '9', 'result': 0, 'resultDesc': 'success', 'taskId': 'test20210201:2021-03-02 10:49:40----9----2021-03-02 10:52:24', 'timeoutSec': 1200} JackUnload
[INFO]2021-03-02 10:52:27,645: diniu01 9 running+++++++++++++++++++++++++++++
[INFO]2021-03-02 10:52:29,647: diniu01 9 running+++++++++++++++++++++++++++++
[INFO]2021-03-02 10:52:31,648: diniu01 9 running+++++++++++++++++++++++++++++
[INFO]2021-03-02 10:52:33,650: diniu01 9 running+++++++++++++++++++++++++++++
[INFO]2021-03-02 10:52:35,652: diniu01 9 running+++++++++++++++++++++++++++++
[INFO]2021-03-02 10:52:37,653: diniu01 9 running+++++++++++++++++++++++++++++
[INFO]2021-03-02 10:52:39,655: diniu01 9 running+++++++++++++++++++++++++++++
[INFO]2021-03-02 10:52:41,657: diniu01 9 running+++++++++++++++++++++++++++++
[INFO]2021-03-02 10:52:43,662: diniu01 9 running+++++++++++++++++++++++++++++
[INFO]2021-03-02 10:52:45,717: diniu01 9 running+++++++++++++++++++++++++++++
[INFO]2021-03-02 10:52:47,718: diniu01 9 running+++++++++++++++++++++++++++++
[INFO]2021-03-02 10:52:49,720: diniu01 9 running+++++++++++++++++++++++++++++
[INFO]2021-03-02 10:52:51,722: diniu01 9 running+++++++++++++++++++++++++++++
[INFO]2021-03-02 10:52:53,723: diniu01 9 running+++++++++++++++++++++++++++++
[INFO]2021-03-02 10:52:55,725: diniu01 9 running+++++++++++++++++++++++++++++
[INFO]2021-03-02 10:52:57,727: diniu01 9 running+++++++++++++++++++++++++++++
[INFO]2021-03-02 10:52:59,728: diniu01 9 running+++++++++++++++++++++++++++++
[INFO]2021-03-02 10:53:01,730: diniu01 9 running+++++++++++++++++++++++++++++
[INFO]2021-03-02 10:53:03,732: diniu01 9 running+++++++++++++++++++++++++++++
[INFO]2021-03-02 10:53:05,733: diniu01 9 running+++++++++++++++++++++++++++++
[INFO]2021-03-02 10:53:07,736: diniu01 9 running+++++++++++++++++++++++++++++
[INFO]2021-03-02 10:53:09,738: diniu01 9 running+++++++++++++++++++++++++++++
[INFO]2021-03-02 10:53:11,739: diniu01 9 running+++++++++++++++++++++++++++++
[INFO]2021-03-02 10:53:13,741: diniu01 9 running+++++++++++++++++++++++++++++
[INFO]2021-03-02 10:53:15,742: diniu01 9 running+++++++++++++++++++++++++++++
[INFO]2021-03-02 10:53:17,744: diniu01 9 running+++++++++++++++++++++++++++++
[INFO]2021-03-02 10:53:19,746: diniu01 9 running+++++++++++++++++++++++++++++
[INFO]2021-03-02 10:53:21,747: diniu01 9 running+++++++++++++++++++++++++++++
[INFO]2021-03-02 10:53:23,749: diniu01 9 running+++++++++++++++++++++++++++++
[INFO]2021-03-02 10:53:25,751: diniu01 9 running+++++++++++++++++++++++++++++
[INFO]2021-03-02 10:53:27,752: diniu01 9 running+++++++++++++++++++++++++++++
[INFO]2021-03-02 10:53:29,754: diniu01 9 running+++++++++++++++++++++++++++++
[INFO]2021-03-02 10:53:31,756: diniu01 9 running+++++++++++++++++++++++++++++
[INFO]2021-03-02 10:53:33,757: diniu01 9 running+++++++++++++++++++++++++++++
[INFO]2021-03-02 10:53:35,759: diniu01 9 running+++++++++++++++++++++++++++++
[INFO]2021-03-02 10:53:37,761: diniu01 9 running+++++++++++++++++++++++++++++
[INFO]2021-03-02 10:53:39,762: diniu01 9 running+++++++++++++++++++++++++++++
[INFO]2021-03-02 10:53:41,765: diniu01 9 running+++++++++++++++++++++++++++++
[INFO]2021-03-02 10:53:43,766: diniu01 9 running+++++++++++++++++++++++++++++
[INFO]2021-03-02 10:53:45,768: diniu01 9 running+++++++++++++++++++++++++++++
[INFO]2021-03-02 10:53:47,770: diniu01 9 running+++++++++++++++++++++++++++++
[INFO]2021-03-02 10:53:49,771: diniu01 9 running+++++++++++++++++++++++++++++
[INFO]2021-03-02 10:53:51,773: diniu01 9 running+++++++++++++++++++++++++++++
[INFO]2021-03-02 10:53:53,775: diniu01 9 running+++++++++++++++++++++++++++++
[INFO]2021-03-02 10:53:55,776: diniu01 9 running+++++++++++++++++++++++++++++
[INFO]2021-03-02 10:53:57,778: diniu01 9 running+++++++++++++++++++++++++++++
[INFO]2021-03-02 10:53:59,780: diniu01 9 running+++++++++++++++++++++++++++++
[INFO]2021-03-02 10:54:01,781: diniu01 9 running+++++++++++++++++++++++++++++
[INFO]2021-03-02 10:54:03,783: diniu01 9 running+++++++++++++++++++++++++++++
[INFO]2021-03-02 10:54:05,785: diniu01 9 running+++++++++++++++++++++++++++++
[INFO]2021-03-02 10:54:07,786: diniu01 9 running+++++++++++++++++++++++++++++
[INFO]2021-03-02 10:54:09,788: diniu01 9 running+++++++++++++++++++++++++++++
[INFO]2021-03-02 10:54:11,789: diniu01 9 running+++++++++++++++++++++++++++++
[INFO]2021-03-02 10:54:13,791: diniu01 9 running+++++++++++++++++++++++++++++
[INFO]2021-03-02 10:54:15,794: diniu01 9 running+++++++++++++++++++++++++++++
[INFO]2021-03-02 10:54:17,795: diniu01 9 running+++++++++++++++++++++++++++++
[INFO]2021-03-02 10:54:19,797: diniu01 9 running+++++++++++++++++++++++++++++
[INFO]2021-03-02 10:54:21,800: diniu01 9 running+++++++++++++++++++++++++++++
[INFO]2021-03-02 10:54:23,801: diniu01 9 running+++++++++++++++++++++++++++++
[INFO]2021-03-02 10:54:25,803: diniu01 9 running+++++++++++++++++++++++++++++
[INFO]2021-03-02 10:54:27,805: diniu01 9 running+++++++++++++++++++++++++++++
[INFO]2021-03-02 10:54:29,806: diniu01 9 running+++++++++++++++++++++++++++++
[INFO]2021-03-02 10:54:31,808: diniu01 9 running+++++++++++++++++++++++++++++
[INFO]2021-03-02 10:54:33,810: diniu01 9 running+++++++++++++++++++++++++++++
[INFO]2021-03-02 10:54:35,811: diniu01 9 running+++++++++++++++++++++++++++++
[INFO]2021-03-02 10:54:37,815: diniu01 9 running+++++++++++++++++++++++++++++
[INFO]2021-03-02 10:54:39,816: diniu01 9 running+++++++++++++++++++++++++++++
[INFO]2021-03-02 10:54:41,818: diniu01 9 running+++++++++++++++++++++++++++++
[INFO]2021-03-02 10:54:43,820: diniu01 9 running+++++++++++++++++++++++++++++
[INFO]2021-03-02 10:54:45,821: diniu01 9 running+++++++++++++++++++++++++++++
[INFO]2021-03-02 10:54:47,830: diniu01 9 running+++++++++++++++++++++++++++++
[INFO]2021-03-02 10:54:49,832: diniu01 9 running+++++++++++++++++++++++++++++
[INFO]2021-03-02 10:54:51,833: diniu01 9 running+++++++++++++++++++++++++++++
[INFO]2021-03-02 10:54:53,835: diniu01 9 running+++++++++++++++++++++++++++++
[INFO]2021-03-02 10:54:55,837: diniu01 9 running+++++++++++++++++++++++++++++
[INFO]2021-03-02 10:54:57,838: diniu01 9 running+++++++++++++++++++++++++++++
[INFO]2021-03-02 10:54:59,840: diniu01 9 running+++++++++++++++++++++++++++++
[INFO]2021-03-02 10:55:01,842: diniu01 9 running+++++++++++++++++++++++++++++
[INFO]2021-03-02 10:55:03,843: diniu01 9 running+++++++++++++++++++++++++++++
[INFO]2021-03-02 10:55:05,845: diniu01 9 running+++++++++++++++++++++++++++++
[INFO]2021-03-02 10:55:07,847: diniu01 9 running+++++++++++++++++++++++++++++
[INFO]2021-03-02 10:55:09,848: diniu01 9 running+++++++++++++++++++++++++++++
[INFO]2021-03-02 10:55:11,850: diniu01 9 running+++++++++++++++++++++++++++++
[INFO]2021-03-02 10:55:13,851: diniu01 9 running+++++++++++++++++++++++++++++
[INFO]2021-03-02 10:55:15,853: diniu01 9 running+++++++++++++++++++++++++++++
[INFO]2021-03-02 10:55:17,855: diniu01 9 running+++++++++++++++++++++++++++++
[INFO]2021-03-02 10:55:19,856: diniu01 9 running+++++++++++++++++++++++++++++
[INFO]2021-03-02 10:55:21,858: diniu01 9 running+++++++++++++++++++++++++++++
[INFO]2021-03-02 10:55:22,272: 2021-03-02 10:55:22.272383 diniu01 9 finish1  ----------------------------
[INFO]2021-03-02 10:55:23,866: {'agv': 'diniu01', 'loc': '1', 'result': 0, 'resultDesc': 'success', 'taskId': 'test20210201:2021-03-02 10:49:40----1----2021-03-02 10:55:23', 'timeoutSec': 1200}
[INFO]2021-03-02 10:55:26,929: diniu01 1 running+++++++++++++++++++++++++++++
[INFO]2021-03-02 10:55:28,941: diniu01 1 running+++++++++++++++++++++++++++++
[INFO]2021-03-02 10:55:30,943: diniu01 1 running+++++++++++++++++++++++++++++
[INFO]2021-03-02 10:55:32,950: diniu01 1 running+++++++++++++++++++++++++++++
[INFO]2021-03-02 10:55:35,036: diniu01 1 running+++++++++++++++++++++++++++++
[INFO]2021-03-02 10:55:37,068: diniu01 1 running+++++++++++++++++++++++++++++
[INFO]2021-03-02 10:55:39,070: diniu01 1 running+++++++++++++++++++++++++++++
[INFO]2021-03-02 10:55:41,077: diniu01 1 running+++++++++++++++++++++++++++++
[INFO]2021-03-02 10:55:43,090: diniu01 1 running+++++++++++++++++++++++++++++
[INFO]2021-03-02 10:55:45,178: diniu01 1 running+++++++++++++++++++++++++++++
[INFO]2021-03-02 10:55:47,179: diniu01 1 running+++++++++++++++++++++++++++++
[INFO]2021-03-02 10:55:49,181: diniu01 1 running+++++++++++++++++++++++++++++
[INFO]2021-03-02 10:55:51,183: diniu01 1 running+++++++++++++++++++++++++++++
[INFO]2021-03-02 10:55:53,184: diniu01 1 running+++++++++++++++++++++++++++++
[INFO]2021-03-02 10:55:55,186: diniu01 1 running+++++++++++++++++++++++++++++
[INFO]2021-03-02 10:55:57,187: diniu01 1 running+++++++++++++++++++++++++++++
[INFO]2021-03-02 10:55:59,189: diniu01 1 running+++++++++++++++++++++++++++++
[INFO]2021-03-02 10:56:01,194: diniu01 1 running+++++++++++++++++++++++++++++
[INFO]2021-03-02 10:56:03,196: diniu01 1 running+++++++++++++++++++++++++++++
[INFO]2021-03-02 10:56:05,198: diniu01 1 running+++++++++++++++++++++++++++++
[INFO]2021-03-02 10:56:07,200: diniu01 1 running+++++++++++++++++++++++++++++
[INFO]2021-03-02 10:56:09,203: diniu01 1 running+++++++++++++++++++++++++++++
[INFO]2021-03-02 10:56:11,206: diniu01 1 running+++++++++++++++++++++++++++++
[INFO]2021-03-02 10:56:13,208: diniu01 1 running+++++++++++++++++++++++++++++
[INFO]2021-03-02 10:56:15,209: diniu01 1 running+++++++++++++++++++++++++++++
[INFO]2021-03-02 10:56:17,211: diniu01 1 running+++++++++++++++++++++++++++++
[INFO]2021-03-02 10:56:19,213: diniu01 1 running+++++++++++++++++++++++++++++
[INFO]2021-03-02 10:56:21,215: diniu01 1 running+++++++++++++++++++++++++++++
[INFO]2021-03-02 10:56:23,218: diniu01 1 running+++++++++++++++++++++++++++++
[INFO]2021-03-02 10:56:25,219: diniu01 1 running+++++++++++++++++++++++++++++
[INFO]2021-03-02 10:56:27,221: diniu01 1 running+++++++++++++++++++++++++++++
[INFO]2021-03-02 10:56:29,223: diniu01 1 running+++++++++++++++++++++++++++++
[INFO]2021-03-02 10:56:31,224: diniu01 1 running+++++++++++++++++++++++++++++
[INFO]2021-03-02 10:56:33,226: diniu01 1 running+++++++++++++++++++++++++++++
[INFO]2021-03-02 10:56:35,229: diniu01 1 running+++++++++++++++++++++++++++++
[INFO]2021-03-02 10:56:37,236: diniu01 1 running+++++++++++++++++++++++++++++
[INFO]2021-03-02 10:56:39,239: diniu01 1 running+++++++++++++++++++++++++++++
[INFO]2021-03-02 10:56:41,241: diniu01 1 running+++++++++++++++++++++++++++++
[INFO]2021-03-02 10:56:43,242: diniu01 1 running+++++++++++++++++++++++++++++
[INFO]2021-03-02 10:56:45,244: diniu01 1 running+++++++++++++++++++++++++++++
[INFO]2021-03-02 10:56:47,245: diniu01 1 running+++++++++++++++++++++++++++++
[INFO]2021-03-02 10:56:49,247: diniu01 1 running+++++++++++++++++++++++++++++
[INFO]2021-03-02 10:56:51,249: diniu01 1 running+++++++++++++++++++++++++++++
[INFO]2021-03-02 10:56:53,250: diniu01 1 running+++++++++++++++++++++++++++++
[INFO]2021-03-02 10:56:55,252: diniu01 1 running+++++++++++++++++++++++++++++
[INFO]2021-03-02 10:56:57,254: diniu01 1 running+++++++++++++++++++++++++++++
[INFO]2021-03-02 10:56:59,255: diniu01 1 running+++++++++++++++++++++++++++++
[INFO]2021-03-02 10:57:01,257: diniu01 1 running+++++++++++++++++++++++++++++
[INFO]2021-03-02 10:57:03,259: diniu01 1 running+++++++++++++++++++++++++++++
[INFO]2021-03-02 10:57:05,260: diniu01 1 running+++++++++++++++++++++++++++++
[INFO]2021-03-02 10:57:07,262: diniu01 1 running+++++++++++++++++++++++++++++
[INFO]2021-03-02 10:57:09,264: diniu01 1 running+++++++++++++++++++++++++++++
[INFO]2021-03-02 10:57:11,267: diniu01 1 running+++++++++++++++++++++++++++++
[INFO]2021-03-02 10:57:13,270: diniu01 1 running+++++++++++++++++++++++++++++
[INFO]2021-03-02 10:57:15,271: diniu01 1 running+++++++++++++++++++++++++++++
[INFO]2021-03-02 10:57:17,273: diniu01 1 running+++++++++++++++++++++++++++++
[INFO]2021-03-02 10:57:19,275: diniu01 1 running+++++++++++++++++++++++++++++
[INFO]2021-03-02 10:57:21,276: diniu01 1 running+++++++++++++++++++++++++++++
[INFO]2021-03-02 10:57:23,278: diniu01 1 running+++++++++++++++++++++++++++++
[INFO]2021-03-02 10:57:25,280: diniu01 1 running+++++++++++++++++++++++++++++
[INFO]2021-03-02 10:57:27,281: diniu01 1 running+++++++++++++++++++++++++++++
[INFO]2021-03-02 10:57:29,283: diniu01 1 running+++++++++++++++++++++++++++++
[INFO]2021-03-02 10:57:31,285: diniu01 1 running+++++++++++++++++++++++++++++
[INFO]2021-03-02 10:57:33,286: diniu01 1 running+++++++++++++++++++++++++++++
[INFO]2021-03-02 10:57:35,293: diniu01 1 running+++++++++++++++++++++++++++++
[INFO]2021-03-02 10:57:37,343: diniu01 1 running+++++++++++++++++++++++++++++
[INFO]2021-03-02 10:57:39,345: diniu01 1 running+++++++++++++++++++++++++++++
[INFO]2021-03-02 10:57:41,347: diniu01 1 running+++++++++++++++++++++++++++++
[INFO]2021-03-02 10:57:43,348: diniu01 1 running+++++++++++++++++++++++++++++
[INFO]2021-03-02 10:57:45,350: diniu01 1 running+++++++++++++++++++++++++++++
[INFO]2021-03-02 10:57:47,352: diniu01 1 running+++++++++++++++++++++++++++++
[INFO]2021-03-02 10:57:49,354: diniu01 1 running+++++++++++++++++++++++++++++
[INFO]2021-03-02 10:57:51,357: diniu01 1 running+++++++++++++++++++++++++++++
[INFO]2021-03-02 10:57:53,359: diniu01 1 running+++++++++++++++++++++++++++++
[INFO]2021-03-02 10:57:55,361: diniu01 1 running+++++++++++++++++++++++++++++
[INFO]2021-03-02 10:57:57,363: diniu01 1 running+++++++++++++++++++++++++++++
[INFO]2021-03-02 10:57:59,364: diniu01 1 running+++++++++++++++++++++++++++++
[INFO]2021-03-02 10:58:01,366: diniu01 1 running+++++++++++++++++++++++++++++
[INFO]2021-03-02 10:58:01,621: 2021-03-02 10:58:01.621960 diniu01 1 finish1  ----------------------------
[INFO]2021-03-02 10:58:03,374: {'agv': 'diniu01', 'loc': '9', 'result': 0, 'resultDesc': 'success', 'taskId': 'test20210201:2021-03-02 10:49:40----9----2021-03-02 10:58:03', 'timeoutSec': 1200} JackLoad
[INFO]2021-03-02 10:58:06,436: diniu01 9 running+++++++++++++++++++++++++++++
[INFO]2021-03-02 10:58:08,443: diniu01 9 running+++++++++++++++++++++++++++++
[INFO]2021-03-02 10:58:10,457: diniu01 9 running+++++++++++++++++++++++++++++
[INFO]2021-03-02 10:58:12,458: diniu01 9 running+++++++++++++++++++++++++++++
[INFO]2021-03-02 10:58:14,460: diniu01 9 running+++++++++++++++++++++++++++++
[INFO]2021-03-02 10:58:16,462: diniu01 9 running+++++++++++++++++++++++++++++
[INFO]2021-03-02 10:58:18,470: diniu01 9 running+++++++++++++++++++++++++++++
[INFO]2021-03-02 10:58:20,566: diniu01 9 running+++++++++++++++++++++++++++++
[INFO]2021-03-02 10:58:22,658: diniu01 9 running+++++++++++++++++++++++++++++
[INFO]2021-03-02 10:58:24,662: diniu01 9 running+++++++++++++++++++++++++++++
[INFO]2021-03-02 10:58:26,663: diniu01 9 running+++++++++++++++++++++++++++++
[INFO]2021-03-02 10:58:28,665: diniu01 9 running+++++++++++++++++++++++++++++
[INFO]2021-03-02 10:58:30,671: diniu01 9 running+++++++++++++++++++++++++++++
[INFO]2021-03-02 10:58:32,672: diniu01 9 running+++++++++++++++++++++++++++++
[INFO]2021-03-02 10:58:34,674: diniu01 9 running+++++++++++++++++++++++++++++
[INFO]2021-03-02 10:58:36,676: diniu01 9 running+++++++++++++++++++++++++++++
[INFO]2021-03-02 10:58:38,677: diniu01 9 running+++++++++++++++++++++++++++++
[INFO]2021-03-02 10:58:40,679: diniu01 9 running+++++++++++++++++++++++++++++
[INFO]2021-03-02 10:58:42,689: diniu01 9 running+++++++++++++++++++++++++++++
[INFO]2021-03-02 10:58:44,724: diniu01 9 running+++++++++++++++++++++++++++++
[INFO]2021-03-02 10:58:46,773: diniu01 9 running+++++++++++++++++++++++++++++
[INFO]2021-03-02 10:58:48,774: diniu01 9 running+++++++++++++++++++++++++++++
[INFO]2021-03-02 10:58:50,795: diniu01 9 running+++++++++++++++++++++++++++++
[INFO]2021-03-02 10:58:52,806: diniu01 9 running+++++++++++++++++++++++++++++
[INFO]2021-03-02 10:58:54,808: diniu01 9 running+++++++++++++++++++++++++++++
[INFO]2021-03-02 10:58:56,810: diniu01 9 running+++++++++++++++++++++++++++++
[INFO]2021-03-02 10:58:58,816: diniu01 9 running+++++++++++++++++++++++++++++
[INFO]2021-03-02 10:59:00,818: diniu01 9 running+++++++++++++++++++++++++++++
[INFO]2021-03-02 10:59:02,820: diniu01 9 running+++++++++++++++++++++++++++++
[INFO]2021-03-02 10:59:04,821: diniu01 9 running+++++++++++++++++++++++++++++
[INFO]2021-03-02 10:59:06,825: diniu01 9 running+++++++++++++++++++++++++++++
[INFO]2021-03-02 10:59:08,831: diniu01 9 running+++++++++++++++++++++++++++++
[INFO]2021-03-02 10:59:10,832: diniu01 9 running+++++++++++++++++++++++++++++
[INFO]2021-03-02 10:59:12,834: diniu01 9 running+++++++++++++++++++++++++++++
[INFO]2021-03-02 10:59:14,836: diniu01 9 running+++++++++++++++++++++++++++++
[INFO]2021-03-02 10:59:16,837: diniu01 9 running+++++++++++++++++++++++++++++
[INFO]2021-03-02 10:59:18,839: diniu01 9 running+++++++++++++++++++++++++++++
[INFO]2021-03-02 10:59:20,840: diniu01 9 running+++++++++++++++++++++++++++++
[INFO]2021-03-02 10:59:22,855: diniu01 9 running+++++++++++++++++++++++++++++
[INFO]2021-03-02 10:59:24,936: diniu01 9 running+++++++++++++++++++++++++++++
[INFO]2021-03-02 10:59:26,937: diniu01 9 running+++++++++++++++++++++++++++++
[INFO]2021-03-02 10:59:28,958: diniu01 9 running+++++++++++++++++++++++++++++
[INFO]2021-03-02 10:59:30,970: diniu01 9 running+++++++++++++++++++++++++++++
[INFO]2021-03-02 10:59:32,972: diniu01 9 running+++++++++++++++++++++++++++++
[INFO]2021-03-02 10:59:34,974: diniu01 9 running+++++++++++++++++++++++++++++
[INFO]2021-03-02 10:59:36,975: diniu01 9 running+++++++++++++++++++++++++++++
[INFO]2021-03-02 10:59:38,977: diniu01 9 running+++++++++++++++++++++++++++++
[INFO]2021-03-02 10:59:40,986: diniu01 9 running+++++++++++++++++++++++++++++
[INFO]2021-03-02 10:59:42,991: diniu01 9 running+++++++++++++++++++++++++++++
[INFO]2021-03-02 10:59:44,993: diniu01 9 running+++++++++++++++++++++++++++++
[INFO]2021-03-02 10:59:46,995: diniu01 9 running+++++++++++++++++++++++++++++
[INFO]2021-03-02 10:59:48,996: diniu01 9 running+++++++++++++++++++++++++++++
[INFO]2021-03-02 10:59:50,998: diniu01 9 running+++++++++++++++++++++++++++++
[INFO]2021-03-02 10:59:52,999: diniu01 9 running+++++++++++++++++++++++++++++
[INFO]2021-03-02 10:59:55,002: diniu01 9 running+++++++++++++++++++++++++++++
[INFO]2021-03-02 10:59:57,004: diniu01 9 running+++++++++++++++++++++++++++++
[INFO]2021-03-02 10:59:59,007: diniu01 9 running+++++++++++++++++++++++++++++
[INFO]2021-03-02 11:00:01,011: diniu01 9 running+++++++++++++++++++++++++++++
[INFO]2021-03-02 11:00:03,013: diniu01 9 running+++++++++++++++++++++++++++++
[INFO]2021-03-02 11:00:05,014: diniu01 9 running+++++++++++++++++++++++++++++
[INFO]2021-03-02 11:00:07,016: diniu01 9 running+++++++++++++++++++++++++++++
[INFO]2021-03-02 11:00:09,018: diniu01 9 running+++++++++++++++++++++++++++++
[INFO]2021-03-02 11:00:11,019: diniu01 9 running+++++++++++++++++++++++++++++
[INFO]2021-03-02 11:00:13,021: diniu01 9 running+++++++++++++++++++++++++++++
[INFO]2021-03-02 11:00:15,022: diniu01 9 running+++++++++++++++++++++++++++++
[INFO]2021-03-02 11:00:17,024: diniu01 9 running+++++++++++++++++++++++++++++
[INFO]2021-03-02 11:00:19,026: diniu01 9 running+++++++++++++++++++++++++++++
[INFO]2021-03-02 11:00:21,027: diniu01 9 running+++++++++++++++++++++++++++++
[INFO]2021-03-02 11:00:23,029: diniu01 9 running+++++++++++++++++++++++++++++
[INFO]2021-03-02 11:00:25,031: diniu01 9 running+++++++++++++++++++++++++++++
[INFO]2021-03-02 11:00:27,032: diniu01 9 running+++++++++++++++++++++++++++++
[INFO]2021-03-02 11:00:29,034: diniu01 9 running+++++++++++++++++++++++++++++
[INFO]2021-03-02 11:00:31,036: diniu01 9 running+++++++++++++++++++++++++++++
[INFO]2021-03-02 11:00:33,037: diniu01 9 running+++++++++++++++++++++++++++++
[INFO]2021-03-02 11:00:35,039: diniu01 9 running+++++++++++++++++++++++++++++
[INFO]2021-03-02 11:00:37,041: diniu01 9 running+++++++++++++++++++++++++++++
[INFO]2021-03-02 11:00:39,042: diniu01 9 running+++++++++++++++++++++++++++++
[INFO]2021-03-02 11:00:41,044: diniu01 9 running+++++++++++++++++++++++++++++
[INFO]2021-03-02 11:00:43,045: diniu01 9 running+++++++++++++++++++++++++++++
[INFO]2021-03-02 11:00:45,051: diniu01 9 running+++++++++++++++++++++++++++++
[INFO]2021-03-02 11:00:47,053: diniu01 9 running+++++++++++++++++++++++++++++
[INFO]2021-03-02 11:00:49,054: diniu01 9 running+++++++++++++++++++++++++++++
[INFO]2021-03-02 11:00:51,056: diniu01 9 running+++++++++++++++++++++++++++++
[INFO]2021-03-02 11:00:53,058: diniu01 9 running+++++++++++++++++++++++++++++
[INFO]2021-03-02 11:00:55,059: diniu01 9 running+++++++++++++++++++++++++++++
[INFO]2021-03-02 11:00:57,061: diniu01 9 running+++++++++++++++++++++++++++++
[INFO]2021-03-02 11:00:59,063: diniu01 9 running+++++++++++++++++++++++++++++
[INFO]2021-03-02 11:01:01,064: diniu01 9 running+++++++++++++++++++++++++++++
[INFO]2021-03-02 11:01:03,066: diniu01 9 running+++++++++++++++++++++++++++++
[INFO]2021-03-02 11:01:05,068: diniu01 9 running+++++++++++++++++++++++++++++
[INFO]2021-03-02 11:01:07,069: diniu01 9 running+++++++++++++++++++++++++++++
[INFO]2021-03-02 11:01:09,071: diniu01 9 running+++++++++++++++++++++++++++++
[INFO]2021-03-02 11:01:11,073: diniu01 9 running+++++++++++++++++++++++++++++
[INFO]2021-03-02 11:01:13,076: diniu01 9 running+++++++++++++++++++++++++++++
[INFO]2021-03-02 11:01:14,267: 2021-03-02 11:01:14.267433 diniu01 9 finish1  ----------------------------
[INFO]2021-03-02 11:01:15,086: {'agv': 'diniu01', 'loc': '2', 'result': 0, 'resultDesc': 'success', 'taskId': 'test20210201:2021-03-02 10:49:40----2----2021-03-02 11:01:15', 'timeoutSec': 1200} JackUnload
[INFO]2021-03-02 11:01:18,132: diniu01 2 running+++++++++++++++++++++++++++++
[INFO]2021-03-02 11:01:20,133: diniu01 2 running+++++++++++++++++++++++++++++
[INFO]2021-03-02 11:01:22,135: diniu01 2 running+++++++++++++++++++++++++++++
[INFO]2021-03-02 11:01:24,138: diniu01 2 running+++++++++++++++++++++++++++++
[INFO]2021-03-02 11:01:26,139: diniu01 2 running+++++++++++++++++++++++++++++
[INFO]2021-03-02 11:01:28,141: diniu01 2 running+++++++++++++++++++++++++++++
[INFO]2021-03-02 11:01:30,142: diniu01 2 running+++++++++++++++++++++++++++++
[INFO]2021-03-02 11:01:32,145: diniu01 2 running+++++++++++++++++++++++++++++
[INFO]2021-03-02 11:01:34,147: diniu01 2 running+++++++++++++++++++++++++++++
[INFO]2021-03-02 11:01:36,148: diniu01 2 running+++++++++++++++++++++++++++++
[INFO]2021-03-02 11:01:38,150: diniu01 2 running+++++++++++++++++++++++++++++
[INFO]2021-03-02 11:01:40,152: diniu01 2 running+++++++++++++++++++++++++++++
[INFO]2021-03-02 11:01:42,153: diniu01 2 running+++++++++++++++++++++++++++++
[INFO]2021-03-02 11:01:44,155: diniu01 2 running+++++++++++++++++++++++++++++
[INFO]2021-03-02 11:01:46,157: diniu01 2 running+++++++++++++++++++++++++++++
[INFO]2021-03-02 11:01:48,158: diniu01 2 running+++++++++++++++++++++++++++++
[INFO]2021-03-02 11:01:50,160: diniu01 2 running+++++++++++++++++++++++++++++
[INFO]2021-03-02 11:01:52,162: diniu01 2 running+++++++++++++++++++++++++++++
[INFO]2021-03-02 11:01:54,163: diniu01 2 running+++++++++++++++++++++++++++++
[INFO]2021-03-02 11:01:56,167: diniu01 2 running+++++++++++++++++++++++++++++
[INFO]2021-03-02 11:01:58,169: diniu01 2 running+++++++++++++++++++++++++++++
[INFO]2021-03-02 11:02:00,171: diniu01 2 running+++++++++++++++++++++++++++++
[INFO]2021-03-02 11:02:02,173: diniu01 2 running+++++++++++++++++++++++++++++
[INFO]2021-03-02 11:02:04,174: diniu01 2 running+++++++++++++++++++++++++++++
[INFO]2021-03-02 11:02:06,176: diniu01 2 running+++++++++++++++++++++++++++++
[INFO]2021-03-02 11:02:08,178: diniu01 2 running+++++++++++++++++++++++++++++
[INFO]2021-03-02 11:02:10,179: diniu01 2 running+++++++++++++++++++++++++++++
[INFO]2021-03-02 11:02:12,181: diniu01 2 running+++++++++++++++++++++++++++++
[INFO]2021-03-02 11:02:14,183: diniu01 2 running+++++++++++++++++++++++++++++
[INFO]2021-03-02 11:02:16,184: diniu01 2 running+++++++++++++++++++++++++++++
[INFO]2021-03-02 11:02:18,186: diniu01 2 running+++++++++++++++++++++++++++++
[INFO]2021-03-02 11:02:20,188: diniu01 2 running+++++++++++++++++++++++++++++
[INFO]2021-03-02 11:02:22,189: diniu01 2 running+++++++++++++++++++++++++++++
[INFO]2021-03-02 11:02:24,191: diniu01 2 running+++++++++++++++++++++++++++++
[INFO]2021-03-02 11:02:26,192: diniu01 2 running+++++++++++++++++++++++++++++
[INFO]2021-03-02 11:02:28,194: diniu01 2 running+++++++++++++++++++++++++++++
[INFO]2021-03-02 11:02:30,203: diniu01 2 running+++++++++++++++++++++++++++++
[INFO]2021-03-02 11:02:32,205: diniu01 2 running+++++++++++++++++++++++++++++
[INFO]2021-03-02 11:02:34,207: diniu01 2 running+++++++++++++++++++++++++++++
[INFO]2021-03-02 11:02:36,209: diniu01 2 running+++++++++++++++++++++++++++++
[INFO]2021-03-02 11:02:38,210: diniu01 2 running+++++++++++++++++++++++++++++
[INFO]2021-03-02 11:02:40,212: diniu01 2 running+++++++++++++++++++++++++++++
[INFO]2021-03-02 11:02:42,214: diniu01 2 running+++++++++++++++++++++++++++++
[INFO]2021-03-02 11:02:44,215: diniu01 2 running+++++++++++++++++++++++++++++
[INFO]2021-03-02 11:02:46,217: diniu01 2 running+++++++++++++++++++++++++++++
[INFO]2021-03-02 11:02:48,219: diniu01 2 running+++++++++++++++++++++++++++++
[INFO]2021-03-02 11:02:50,220: diniu01 2 running+++++++++++++++++++++++++++++
[INFO]2021-03-02 11:02:52,222: diniu01 2 running+++++++++++++++++++++++++++++
[INFO]2021-03-02 11:02:54,223: diniu01 2 running+++++++++++++++++++++++++++++
[INFO]2021-03-02 11:02:56,225: diniu01 2 running+++++++++++++++++++++++++++++
[INFO]2021-03-02 11:02:58,227: diniu01 2 running+++++++++++++++++++++++++++++
[INFO]2021-03-02 11:03:00,232: diniu01 2 running+++++++++++++++++++++++++++++
[INFO]2021-03-02 11:03:02,234: diniu01 2 running+++++++++++++++++++++++++++++
[INFO]2021-03-02 11:03:04,236: diniu01 2 running+++++++++++++++++++++++++++++
[INFO]2021-03-02 11:03:06,237: diniu01 2 running+++++++++++++++++++++++++++++
[INFO]2021-03-02 11:03:08,239: diniu01 2 running+++++++++++++++++++++++++++++
[INFO]2021-03-02 11:03:10,241: diniu01 2 running+++++++++++++++++++++++++++++
[INFO]2021-03-02 11:03:12,242: diniu01 2 running+++++++++++++++++++++++++++++
[INFO]2021-03-02 11:03:14,244: diniu01 2 running+++++++++++++++++++++++++++++
[INFO]2021-03-02 11:03:16,246: diniu01 2 running+++++++++++++++++++++++++++++
[INFO]2021-03-02 11:03:18,247: diniu01 2 running+++++++++++++++++++++++++++++
[INFO]2021-03-02 11:03:20,249: diniu01 2 running+++++++++++++++++++++++++++++
[INFO]2021-03-02 11:03:22,250: diniu01 2 running+++++++++++++++++++++++++++++
[INFO]2021-03-02 11:03:24,252: diniu01 2 running+++++++++++++++++++++++++++++
[INFO]2021-03-02 11:03:26,254: diniu01 2 running+++++++++++++++++++++++++++++
[INFO]2021-03-02 11:03:28,255: diniu01 2 running+++++++++++++++++++++++++++++
[INFO]2021-03-02 11:03:30,257: diniu01 2 running+++++++++++++++++++++++++++++
[INFO]2021-03-02 11:03:32,259: diniu01 2 running+++++++++++++++++++++++++++++
[INFO]2021-03-02 11:03:34,260: diniu01 2 running+++++++++++++++++++++++++++++
[INFO]2021-03-02 11:03:36,262: diniu01 2 running+++++++++++++++++++++++++++++
[INFO]2021-03-02 11:03:38,264: diniu01 2 running+++++++++++++++++++++++++++++
[INFO]2021-03-02 11:03:40,268: diniu01 2 running+++++++++++++++++++++++++++++
[INFO]2021-03-02 11:03:42,270: diniu01 2 running+++++++++++++++++++++++++++++
[INFO]2021-03-02 11:03:44,272: diniu01 2 running+++++++++++++++++++++++++++++
[INFO]2021-03-02 11:03:46,273: diniu01 2 running+++++++++++++++++++++++++++++
[INFO]2021-03-02 11:03:48,275: diniu01 2 running+++++++++++++++++++++++++++++
[INFO]2021-03-02 11:03:50,276: diniu01 2 running+++++++++++++++++++++++++++++
[INFO]2021-03-02 11:03:52,278: diniu01 2 running+++++++++++++++++++++++++++++
[INFO]2021-03-02 11:03:54,281: diniu01 2 running+++++++++++++++++++++++++++++
[INFO]2021-03-02 11:03:56,282: diniu01 2 running+++++++++++++++++++++++++++++
[INFO]2021-03-02 11:03:58,284: diniu01 2 running+++++++++++++++++++++++++++++
[INFO]2021-03-02 11:04:00,286: diniu01 2 running+++++++++++++++++++++++++++++
[INFO]2021-03-02 11:04:02,287: diniu01 2 running+++++++++++++++++++++++++++++
[INFO]2021-03-02 11:04:04,289: diniu01 2 running+++++++++++++++++++++++++++++
[INFO]2021-03-02 11:04:06,291: diniu01 2 running+++++++++++++++++++++++++++++
[INFO]2021-03-02 11:04:08,293: diniu01 2 running+++++++++++++++++++++++++++++
[INFO]2021-03-02 11:04:10,295: diniu01 2 running+++++++++++++++++++++++++++++
[INFO]2021-03-02 11:04:12,297: diniu01 2 running+++++++++++++++++++++++++++++
[INFO]2021-03-02 11:04:14,301: diniu01 2 running+++++++++++++++++++++++++++++
[INFO]2021-03-02 11:04:16,303: diniu01 2 running+++++++++++++++++++++++++++++
[INFO]2021-03-02 11:04:18,304: diniu01 2 running+++++++++++++++++++++++++++++
[INFO]2021-03-02 11:04:20,308: diniu01 2 running+++++++++++++++++++++++++++++
[INFO]2021-03-02 11:04:21,558: 2021-03-02 11:04:21.558236 diniu01 2 finish1  ----------------------------
[INFO]2021-03-02 11:04:22,343: {'agv': 'diniu01', 'loc': '20', 'result': 0, 'resultDesc': 'success', 'taskId': 'test20210201:2021-03-02 10:49:40----20----2021-03-02 11:04:22', 'timeoutSec': 1200}
[INFO]2021-03-02 11:04:25,398: diniu01 20 running+++++++++++++++++++++++++++++
[INFO]2021-03-02 11:04:27,414: diniu01 20 running+++++++++++++++++++++++++++++
[INFO]2021-03-02 11:04:29,503: diniu01 20 running+++++++++++++++++++++++++++++
[INFO]2021-03-02 11:04:31,506: diniu01 20 running+++++++++++++++++++++++++++++
[INFO]2021-03-02 11:04:33,508: diniu01 20 running+++++++++++++++++++++++++++++
[INFO]2021-03-02 11:04:35,509: diniu01 20 running+++++++++++++++++++++++++++++
[INFO]2021-03-02 11:04:37,516: diniu01 20 running+++++++++++++++++++++++++++++
[INFO]2021-03-02 11:04:39,519: diniu01 20 running+++++++++++++++++++++++++++++
[INFO]2021-03-02 11:04:41,520: diniu01 20 running+++++++++++++++++++++++++++++
[INFO]2021-03-02 11:04:43,522: diniu01 20 running+++++++++++++++++++++++++++++
[INFO]2021-03-02 11:04:45,524: diniu01 20 running+++++++++++++++++++++++++++++
[INFO]2021-03-02 11:04:47,525: diniu01 20 running+++++++++++++++++++++++++++++
[INFO]2021-03-02 11:04:49,533: diniu01 20 running+++++++++++++++++++++++++++++
[INFO]2021-03-02 11:04:51,536: diniu01 20 running+++++++++++++++++++++++++++++
[INFO]2021-03-02 11:04:53,537: diniu01 20 running+++++++++++++++++++++++++++++
[INFO]2021-03-02 11:04:55,549: diniu01 20 running+++++++++++++++++++++++++++++
[INFO]2021-03-02 11:04:57,594: diniu01 20 running+++++++++++++++++++++++++++++
[INFO]2021-03-02 11:04:59,598: diniu01 20 running+++++++++++++++++++++++++++++
[INFO]2021-03-02 11:05:01,605: diniu01 20 running+++++++++++++++++++++++++++++
[INFO]2021-03-02 11:05:03,606: diniu01 20 running+++++++++++++++++++++++++++++
[INFO]2021-03-02 11:05:05,609: diniu01 20 running+++++++++++++++++++++++++++++
[INFO]2021-03-02 11:05:07,673: diniu01 20 running+++++++++++++++++++++++++++++
[INFO]2021-03-02 11:05:09,675: diniu01 20 running+++++++++++++++++++++++++++++
[INFO]2021-03-02 11:05:11,681: diniu01 20 running+++++++++++++++++++++++++++++
[INFO]2021-03-02 11:05:13,682: diniu01 20 running+++++++++++++++++++++++++++++
[INFO]2021-03-02 11:05:15,689: diniu01 20 running+++++++++++++++++++++++++++++
[INFO]2021-03-02 11:05:17,691: diniu01 20 running+++++++++++++++++++++++++++++
[INFO]2021-03-02 11:05:19,692: diniu01 20 running+++++++++++++++++++++++++++++
[INFO]2021-03-02 11:05:21,694: diniu01 20 running+++++++++++++++++++++++++++++
[INFO]2021-03-02 11:05:23,715: diniu01 20 running+++++++++++++++++++++++++++++
[INFO]2021-03-02 11:05:25,788: diniu01 20 running+++++++++++++++++++++++++++++
[INFO]2021-03-02 11:05:27,790: diniu01 20 running+++++++++++++++++++++++++++++
[INFO]2021-03-02 11:05:29,791: diniu01 20 running+++++++++++++++++++++++++++++
[INFO]2021-03-02 11:05:31,793: diniu01 20 running+++++++++++++++++++++++++++++
[INFO]2021-03-02 11:05:33,794: diniu01 20 running+++++++++++++++++++++++++++++
[INFO]2021-03-02 11:05:35,797: diniu01 20 running+++++++++++++++++++++++++++++
[INFO]2021-03-02 11:05:37,799: diniu01 20 running+++++++++++++++++++++++++++++
[INFO]2021-03-02 11:05:39,800: diniu01 20 running+++++++++++++++++++++++++++++
[INFO]2021-03-02 11:05:41,802: diniu01 20 running+++++++++++++++++++++++++++++
[INFO]2021-03-02 11:05:43,804: diniu01 20 running+++++++++++++++++++++++++++++
[INFO]2021-03-02 11:05:45,805: diniu01 20 running+++++++++++++++++++++++++++++
[INFO]2021-03-02 11:05:47,807: diniu01 20 running+++++++++++++++++++++++++++++
[INFO]2021-03-02 11:05:49,809: diniu01 20 running+++++++++++++++++++++++++++++
[INFO]2021-03-02 11:05:51,810: diniu01 20 running+++++++++++++++++++++++++++++
[INFO]2021-03-02 11:05:53,812: diniu01 20 running+++++++++++++++++++++++++++++
[INFO]2021-03-02 11:05:55,814: diniu01 20 running+++++++++++++++++++++++++++++
[INFO]2021-03-02 11:05:57,815: diniu01 20 running+++++++++++++++++++++++++++++
[INFO]2021-03-02 11:05:59,817: diniu01 20 running+++++++++++++++++++++++++++++
[INFO]2021-03-02 11:06:01,818: diniu01 20 running+++++++++++++++++++++++++++++
[INFO]2021-03-02 11:06:03,820: diniu01 20 running+++++++++++++++++++++++++++++
[INFO]2021-03-02 11:06:05,822: diniu01 20 running+++++++++++++++++++++++++++++
[INFO]2021-03-02 11:06:07,823: diniu01 20 running+++++++++++++++++++++++++++++
[INFO]2021-03-02 11:06:09,827: diniu01 20 running+++++++++++++++++++++++++++++
[INFO]2021-03-02 11:06:11,829: diniu01 20 running+++++++++++++++++++++++++++++
[INFO]2021-03-02 11:06:13,830: diniu01 20 running+++++++++++++++++++++++++++++
[INFO]2021-03-02 11:06:15,832: diniu01 20 running+++++++++++++++++++++++++++++
[INFO]2021-03-02 11:06:17,834: diniu01 20 running+++++++++++++++++++++++++++++
[INFO]2021-03-02 11:06:19,049: 2021-03-02 11:06:19.049826 diniu01 20 finish1  ----------------------------
[INFO]2021-03-02 11:06:26,065: {'agv': 'diniu01', 'loc': '2', 'result': 0, 'resultDesc': 'success', 'taskId': 'test20210201:2021-03-02 11:06:19----2----2021-03-02 11:06:26', 'timeoutSec': 1200} JackLoad
[INFO]2021-03-02 11:06:29,121: diniu01 2 running+++++++++++++++++++++++++++++
[INFO]2021-03-02 11:06:31,129: diniu01 2 running+++++++++++++++++++++++++++++
[INFO]2021-03-02 11:06:33,191: diniu01 2 running+++++++++++++++++++++++++++++
[INFO]2021-03-02 11:06:35,272: diniu01 2 running+++++++++++++++++++++++++++++
[INFO]2021-03-02 11:06:37,274: diniu01 2 running+++++++++++++++++++++++++++++
[INFO]2021-03-02 11:06:39,275: diniu01 2 running+++++++++++++++++++++++++++++
[INFO]2021-03-02 11:06:41,277: diniu01 2 running+++++++++++++++++++++++++++++
[INFO]2021-03-02 11:06:43,278: diniu01 2 running+++++++++++++++++++++++++++++
[INFO]2021-03-02 11:06:45,300: diniu01 2 running+++++++++++++++++++++++++++++
[INFO]2021-03-02 11:06:47,374: diniu01 2 running+++++++++++++++++++++++++++++
[INFO]2021-03-02 11:06:49,375: diniu01 2 running+++++++++++++++++++++++++++++
[INFO]2021-03-02 11:06:51,377: diniu01 2 running+++++++++++++++++++++++++++++
[INFO]2021-03-02 11:06:53,378: diniu01 2 running+++++++++++++++++++++++++++++
[INFO]2021-03-02 11:06:55,380: diniu01 2 running+++++++++++++++++++++++++++++
[INFO]2021-03-02 11:06:57,382: diniu01 2 running+++++++++++++++++++++++++++++
[INFO]2021-03-02 11:06:59,388: diniu01 2 running+++++++++++++++++++++++++++++
[INFO]2021-03-02 11:07:01,393: diniu01 2 running+++++++++++++++++++++++++++++
[INFO]2021-03-02 11:07:03,398: diniu01 2 running+++++++++++++++++++++++++++++
[INFO]2021-03-02 11:07:05,399: diniu01 2 running+++++++++++++++++++++++++++++
[INFO]2021-03-02 11:07:07,401: diniu01 2 running+++++++++++++++++++++++++++++
[INFO]2021-03-02 11:07:09,403: diniu01 2 running+++++++++++++++++++++++++++++
[INFO]2021-03-02 11:07:11,407: diniu01 2 running+++++++++++++++++++++++++++++
[INFO]2021-03-02 11:07:13,409: diniu01 2 running+++++++++++++++++++++++++++++
[INFO]2021-03-02 11:07:15,411: diniu01 2 running+++++++++++++++++++++++++++++
[INFO]2021-03-02 11:07:17,412: diniu01 2 running+++++++++++++++++++++++++++++
[INFO]2021-03-02 11:07:19,414: diniu01 2 running+++++++++++++++++++++++++++++
[INFO]2021-03-02 11:07:21,415: diniu01 2 running+++++++++++++++++++++++++++++
[INFO]2021-03-02 11:07:23,419: diniu01 2 running+++++++++++++++++++++++++++++
[INFO]2021-03-02 11:07:25,421: diniu01 2 running+++++++++++++++++++++++++++++
[INFO]2021-03-02 11:07:27,422: diniu01 2 running+++++++++++++++++++++++++++++
[INFO]2021-03-02 11:07:29,425: diniu01 2 running+++++++++++++++++++++++++++++
[INFO]2021-03-02 11:07:31,427: diniu01 2 running+++++++++++++++++++++++++++++
[INFO]2021-03-02 11:07:33,428: diniu01 2 running+++++++++++++++++++++++++++++
[INFO]2021-03-02 11:07:35,430: diniu01 2 running+++++++++++++++++++++++++++++
[INFO]2021-03-02 11:07:37,432: diniu01 2 running+++++++++++++++++++++++++++++
[INFO]2021-03-02 11:07:39,433: diniu01 2 running+++++++++++++++++++++++++++++
[INFO]2021-03-02 11:07:41,435: diniu01 2 running+++++++++++++++++++++++++++++
[INFO]2021-03-02 11:07:43,437: diniu01 2 running+++++++++++++++++++++++++++++
[INFO]2021-03-02 11:07:45,440: diniu01 2 running+++++++++++++++++++++++++++++
[INFO]2021-03-02 11:07:47,444: diniu01 2 running+++++++++++++++++++++++++++++
[INFO]2021-03-02 11:07:49,453: diniu01 2 running+++++++++++++++++++++++++++++
[INFO]2021-03-02 11:07:51,458: diniu01 2 running+++++++++++++++++++++++++++++
[INFO]2021-03-02 11:07:53,460: diniu01 2 running+++++++++++++++++++++++++++++
[INFO]2021-03-02 11:07:55,462: diniu01 2 running+++++++++++++++++++++++++++++
[INFO]2021-03-02 11:07:57,464: diniu01 2 running+++++++++++++++++++++++++++++
[INFO]2021-03-02 11:07:59,468: diniu01 2 running+++++++++++++++++++++++++++++
[INFO]2021-03-02 11:08:01,469: diniu01 2 running+++++++++++++++++++++++++++++
[INFO]2021-03-02 11:08:03,471: diniu01 2 running+++++++++++++++++++++++++++++
[INFO]2021-03-02 11:08:05,473: diniu01 2 running+++++++++++++++++++++++++++++
[INFO]2021-03-02 11:08:07,474: diniu01 2 running+++++++++++++++++++++++++++++
[INFO]2021-03-02 11:08:09,476: diniu01 2 running+++++++++++++++++++++++++++++
[INFO]2021-03-02 11:08:11,479: diniu01 2 running+++++++++++++++++++++++++++++
[INFO]2021-03-02 11:08:13,486: diniu01 2 running+++++++++++++++++++++++++++++
[INFO]2021-03-02 11:08:15,488: diniu01 2 running+++++++++++++++++++++++++++++
[INFO]2021-03-02 11:08:17,489: diniu01 2 running+++++++++++++++++++++++++++++
[INFO]2021-03-02 11:08:19,491: diniu01 2 running+++++++++++++++++++++++++++++
[INFO]2021-03-02 11:08:21,493: diniu01 2 running+++++++++++++++++++++++++++++
[INFO]2021-03-02 11:08:23,494: diniu01 2 running+++++++++++++++++++++++++++++
[INFO]2021-03-02 11:08:25,496: diniu01 2 running+++++++++++++++++++++++++++++
[INFO]2021-03-02 11:08:27,498: diniu01 2 running+++++++++++++++++++++++++++++
[INFO]2021-03-02 11:08:29,499: diniu01 2 running+++++++++++++++++++++++++++++
[INFO]2021-03-02 11:08:31,501: diniu01 2 running+++++++++++++++++++++++++++++
[INFO]2021-03-02 11:08:33,503: diniu01 2 running+++++++++++++++++++++++++++++
[INFO]2021-03-02 11:08:35,504: diniu01 2 running+++++++++++++++++++++++++++++
[INFO]2021-03-02 11:08:37,506: diniu01 2 running+++++++++++++++++++++++++++++
[INFO]2021-03-02 11:08:39,511: diniu01 2 running+++++++++++++++++++++++++++++
[INFO]2021-03-02 11:08:41,517: diniu01 2 running+++++++++++++++++++++++++++++
[INFO]2021-03-02 11:08:43,519: diniu01 2 running+++++++++++++++++++++++++++++
[INFO]2021-03-02 11:08:45,520: diniu01 2 running+++++++++++++++++++++++++++++
[INFO]2021-03-02 11:08:47,522: diniu01 2 running+++++++++++++++++++++++++++++
[INFO]2021-03-02 11:08:49,524: diniu01 2 running+++++++++++++++++++++++++++++
[INFO]2021-03-02 11:08:51,525: diniu01 2 running+++++++++++++++++++++++++++++
[INFO]2021-03-02 11:08:53,527: diniu01 2 running+++++++++++++++++++++++++++++
[INFO]2021-03-02 11:08:55,529: diniu01 2 running+++++++++++++++++++++++++++++
[INFO]2021-03-02 11:08:57,530: diniu01 2 running+++++++++++++++++++++++++++++
[INFO]2021-03-02 11:08:59,532: diniu01 2 running+++++++++++++++++++++++++++++
[INFO]2021-03-02 11:09:01,534: diniu01 2 running+++++++++++++++++++++++++++++
[INFO]2021-03-02 11:09:03,535: diniu01 2 running+++++++++++++++++++++++++++++
[INFO]2021-03-02 11:09:03,735: 2021-03-02 11:09:03.735123 diniu01 2 finish1  ----------------------------
[INFO]2021-03-02 11:09:05,544: {'agv': 'diniu01', 'loc': '9', 'result': 0, 'resultDesc': 'success', 'taskId': 'test20210201:2021-03-02 11:06:19----9----2021-03-02 11:09:05', 'timeoutSec': 1200} JackUnload
[INFO]2021-03-02 11:09:08,616: diniu01 9 running+++++++++++++++++++++++++++++
[INFO]2021-03-02 11:09:10,617: diniu01 9 running+++++++++++++++++++++++++++++
[INFO]2021-03-02 11:09:12,619: diniu01 9 running+++++++++++++++++++++++++++++
[INFO]2021-03-02 11:09:14,620: diniu01 9 running+++++++++++++++++++++++++++++
[INFO]2021-03-02 11:09:16,622: diniu01 9 running+++++++++++++++++++++++++++++
[INFO]2021-03-02 11:09:18,624: diniu01 9 running+++++++++++++++++++++++++++++
[INFO]2021-03-02 11:09:20,625: diniu01 9 running+++++++++++++++++++++++++++++
[INFO]2021-03-02 11:09:22,627: diniu01 9 running+++++++++++++++++++++++++++++
[INFO]2021-03-02 11:09:24,629: diniu01 9 running+++++++++++++++++++++++++++++
[INFO]2021-03-02 11:09:26,630: diniu01 9 running+++++++++++++++++++++++++++++
[INFO]2021-03-02 11:09:28,632: diniu01 9 running+++++++++++++++++++++++++++++
[INFO]2021-03-02 11:09:30,634: diniu01 9 running+++++++++++++++++++++++++++++
[INFO]2021-03-02 11:09:32,635: diniu01 9 running+++++++++++++++++++++++++++++
[INFO]2021-03-02 11:09:34,637: diniu01 9 running+++++++++++++++++++++++++++++
[INFO]2021-03-02 11:09:36,640: diniu01 9 running+++++++++++++++++++++++++++++
[INFO]2021-03-02 11:09:38,641: diniu01 9 running+++++++++++++++++++++++++++++
[INFO]2021-03-02 11:09:40,643: diniu01 9 running+++++++++++++++++++++++++++++
[INFO]2021-03-02 11:09:42,644: diniu01 9 running+++++++++++++++++++++++++++++
[INFO]2021-03-02 11:09:44,646: diniu01 9 running+++++++++++++++++++++++++++++
[INFO]2021-03-02 11:09:46,648: diniu01 9 running+++++++++++++++++++++++++++++
[INFO]2021-03-02 11:09:48,649: diniu01 9 running+++++++++++++++++++++++++++++
[INFO]2021-03-02 11:09:50,651: diniu01 9 running+++++++++++++++++++++++++++++
[INFO]2021-03-02 11:09:52,653: diniu01 9 running+++++++++++++++++++++++++++++
[INFO]2021-03-02 11:09:54,654: diniu01 9 running+++++++++++++++++++++++++++++
[INFO]2021-03-02 11:09:56,656: diniu01 9 running+++++++++++++++++++++++++++++
[INFO]2021-03-02 11:09:58,658: diniu01 9 running+++++++++++++++++++++++++++++
[INFO]2021-03-02 11:10:00,659: diniu01 9 running+++++++++++++++++++++++++++++
[INFO]2021-03-02 11:10:02,661: diniu01 9 running+++++++++++++++++++++++++++++
[INFO]2021-03-02 11:10:04,663: diniu01 9 running+++++++++++++++++++++++++++++
[INFO]2021-03-02 11:10:06,664: diniu01 9 running+++++++++++++++++++++++++++++
[INFO]2021-03-02 11:10:08,673: diniu01 9 running+++++++++++++++++++++++++++++
[INFO]2021-03-02 11:10:10,678: diniu01 9 running+++++++++++++++++++++++++++++
[INFO]2021-03-02 11:10:12,680: diniu01 9 running+++++++++++++++++++++++++++++
[INFO]2021-03-02 11:10:14,682: diniu01 9 running+++++++++++++++++++++++++++++
[INFO]2021-03-02 11:10:16,683: diniu01 9 running+++++++++++++++++++++++++++++
[INFO]2021-03-02 11:10:18,685: diniu01 9 running+++++++++++++++++++++++++++++
[INFO]2021-03-02 11:10:20,687: diniu01 9 running+++++++++++++++++++++++++++++
[INFO]2021-03-02 11:10:22,688: diniu01 9 running+++++++++++++++++++++++++++++
[INFO]2021-03-02 11:10:24,690: diniu01 9 running+++++++++++++++++++++++++++++
[INFO]2021-03-02 11:10:26,693: diniu01 9 running+++++++++++++++++++++++++++++
[INFO]2021-03-02 11:10:28,694: diniu01 9 running+++++++++++++++++++++++++++++
[INFO]2021-03-02 11:10:30,705: diniu01 9 running+++++++++++++++++++++++++++++
[INFO]2021-03-02 11:10:32,708: diniu01 9 running+++++++++++++++++++++++++++++
[INFO]2021-03-02 11:10:34,710: diniu01 9 running+++++++++++++++++++++++++++++
[INFO]2021-03-02 11:10:36,712: diniu01 9 running+++++++++++++++++++++++++++++
[INFO]2021-03-02 11:10:38,713: diniu01 9 running+++++++++++++++++++++++++++++
[INFO]2021-03-02 11:10:40,715: diniu01 9 running+++++++++++++++++++++++++++++
[INFO]2021-03-02 11:10:42,717: diniu01 9 running+++++++++++++++++++++++++++++
[INFO]2021-03-02 11:10:44,718: diniu01 9 running+++++++++++++++++++++++++++++
[INFO]2021-03-02 11:10:46,720: diniu01 9 running+++++++++++++++++++++++++++++
[INFO]2021-03-02 11:10:48,722: diniu01 9 running+++++++++++++++++++++++++++++
[INFO]2021-03-02 11:10:50,733: diniu01 9 running+++++++++++++++++++++++++++++
[INFO]2021-03-02 11:10:52,749: diniu01 9 running+++++++++++++++++++++++++++++
[INFO]2021-03-02 11:10:54,751: diniu01 9 running+++++++++++++++++++++++++++++
[INFO]2021-03-02 11:10:56,752: diniu01 9 running+++++++++++++++++++++++++++++
[INFO]2021-03-02 11:10:58,754: diniu01 9 running+++++++++++++++++++++++++++++
[INFO]2021-03-02 11:11:00,755: diniu01 9 running+++++++++++++++++++++++++++++
[INFO]2021-03-02 11:11:02,757: diniu01 9 running+++++++++++++++++++++++++++++
[INFO]2021-03-02 11:11:04,760: diniu01 9 running+++++++++++++++++++++++++++++
[INFO]2021-03-02 11:11:06,762: diniu01 9 running+++++++++++++++++++++++++++++
[INFO]2021-03-02 11:11:08,766: diniu01 9 running+++++++++++++++++++++++++++++
[INFO]2021-03-02 11:11:10,768: diniu01 9 running+++++++++++++++++++++++++++++
[INFO]2021-03-02 11:11:12,769: diniu01 9 running+++++++++++++++++++++++++++++
[INFO]2021-03-02 11:11:14,771: diniu01 9 running+++++++++++++++++++++++++++++
[INFO]2021-03-02 11:11:16,773: diniu01 9 running+++++++++++++++++++++++++++++
[INFO]2021-03-02 11:11:18,774: diniu01 9 running+++++++++++++++++++++++++++++
[INFO]2021-03-02 11:11:20,776: diniu01 9 running+++++++++++++++++++++++++++++
[INFO]2021-03-02 11:11:22,778: diniu01 9 running+++++++++++++++++++++++++++++
[INFO]2021-03-02 11:11:24,779: diniu01 9 running+++++++++++++++++++++++++++++
[INFO]2021-03-02 11:11:26,782: diniu01 9 running+++++++++++++++++++++++++++++
[INFO]2021-03-02 11:11:28,783: diniu01 9 running+++++++++++++++++++++++++++++
[INFO]2021-03-02 11:11:30,785: diniu01 9 running+++++++++++++++++++++++++++++
[INFO]2021-03-02 11:11:32,787: diniu01 9 running+++++++++++++++++++++++++++++
[INFO]2021-03-02 11:11:34,788: diniu01 9 running+++++++++++++++++++++++++++++
[INFO]2021-03-02 11:11:36,790: diniu01 9 running+++++++++++++++++++++++++++++
[INFO]2021-03-02 11:11:38,792: diniu01 9 running+++++++++++++++++++++++++++++
[INFO]2021-03-02 11:11:40,793: diniu01 9 running+++++++++++++++++++++++++++++
[INFO]2021-03-02 11:11:42,795: diniu01 9 running+++++++++++++++++++++++++++++
[INFO]2021-03-02 11:11:44,798: diniu01 9 running+++++++++++++++++++++++++++++
[INFO]2021-03-02 11:11:46,799: diniu01 9 running+++++++++++++++++++++++++++++
[INFO]2021-03-02 11:11:48,801: diniu01 9 running+++++++++++++++++++++++++++++
[INFO]2021-03-02 11:11:50,803: diniu01 9 running+++++++++++++++++++++++++++++
[INFO]2021-03-02 11:11:52,804: diniu01 9 running+++++++++++++++++++++++++++++
[INFO]2021-03-02 11:11:54,806: diniu01 9 running+++++++++++++++++++++++++++++
[INFO]2021-03-02 11:11:56,807: diniu01 9 running+++++++++++++++++++++++++++++
[INFO]2021-03-02 11:11:58,809: diniu01 9 running+++++++++++++++++++++++++++++
[INFO]2021-03-02 11:11:59,009: 2021-03-02 11:11:59.009083 diniu01 9 finish1  ----------------------------
[INFO]2021-03-02 11:12:00,819: {'agv': 'diniu01', 'loc': '1', 'result': 0, 'resultDesc': 'success', 'taskId': 'test20210201:2021-03-02 11:06:19----1----2021-03-02 11:12:00', 'timeoutSec': 1200}
[INFO]2021-03-02 11:12:03,873: diniu01 1 running+++++++++++++++++++++++++++++
[INFO]2021-03-02 11:12:05,875: diniu01 1 running+++++++++++++++++++++++++++++
[INFO]2021-03-02 11:12:07,881: diniu01 1 running+++++++++++++++++++++++++++++
[INFO]2021-03-02 11:12:09,889: diniu01 1 running+++++++++++++++++++++++++++++
[INFO]2021-03-02 11:12:11,897: diniu01 1 running+++++++++++++++++++++++++++++
[INFO]2021-03-02 11:12:13,984: diniu01 1 running+++++++++++++++++++++++++++++
[INFO]2021-03-02 11:12:15,986: diniu01 1 running+++++++++++++++++++++++++++++
[INFO]2021-03-02 11:12:17,989: diniu01 1 running+++++++++++++++++++++++++++++
[INFO]2021-03-02 11:12:19,990: diniu01 1 running+++++++++++++++++++++++++++++
[INFO]2021-03-02 11:12:21,992: diniu01 1 running+++++++++++++++++++++++++++++
[INFO]2021-03-02 11:12:23,994: diniu01 1 running+++++++++++++++++++++++++++++
[INFO]2021-03-02 11:12:25,995: diniu01 1 running+++++++++++++++++++++++++++++
[INFO]2021-03-02 11:12:27,997: diniu01 1 running+++++++++++++++++++++++++++++
[INFO]2021-03-02 11:12:30,002: diniu01 1 running+++++++++++++++++++++++++++++
[INFO]2021-03-02 11:12:32,023: diniu01 1 running+++++++++++++++++++++++++++++
[INFO]2021-03-02 11:12:34,025: diniu01 1 running+++++++++++++++++++++++++++++
[INFO]2021-03-02 11:12:36,028: diniu01 1 running+++++++++++++++++++++++++++++
[INFO]2021-03-02 11:12:38,029: diniu01 1 running+++++++++++++++++++++++++++++
[INFO]2021-03-02 11:12:40,031: diniu01 1 running+++++++++++++++++++++++++++++
[INFO]2021-03-02 11:12:42,032: diniu01 1 running+++++++++++++++++++++++++++++
[INFO]2021-03-02 11:12:44,034: diniu01 1 running+++++++++++++++++++++++++++++
[INFO]2021-03-02 11:12:46,048: diniu01 1 running+++++++++++++++++++++++++++++
[INFO]2021-03-02 11:12:48,086: diniu01 1 running+++++++++++++++++++++++++++++
[INFO]2021-03-02 11:12:50,088: diniu01 1 running+++++++++++++++++++++++++++++
[INFO]2021-03-02 11:12:52,091: diniu01 1 running+++++++++++++++++++++++++++++
[INFO]2021-03-02 11:12:54,093: diniu01 1 running+++++++++++++++++++++++++++++
[INFO]2021-03-02 11:12:56,097: diniu01 1 running+++++++++++++++++++++++++++++
[INFO]2021-03-02 11:12:58,098: diniu01 1 running+++++++++++++++++++++++++++++
[INFO]2021-03-02 11:13:00,101: diniu01 1 running+++++++++++++++++++++++++++++
[INFO]2021-03-02 11:13:02,104: diniu01 1 running+++++++++++++++++++++++++++++
[INFO]2021-03-02 11:13:04,105: diniu01 1 running+++++++++++++++++++++++++++++
[INFO]2021-03-02 11:13:06,107: diniu01 1 running+++++++++++++++++++++++++++++
[INFO]2021-03-02 11:13:08,109: diniu01 1 running+++++++++++++++++++++++++++++
[INFO]2021-03-02 11:13:10,111: diniu01 1 running+++++++++++++++++++++++++++++
[INFO]2021-03-02 11:13:12,113: diniu01 1 running+++++++++++++++++++++++++++++
[INFO]2021-03-02 11:13:14,115: diniu01 1 running+++++++++++++++++++++++++++++
[INFO]2021-03-02 11:13:16,116: diniu01 1 running+++++++++++++++++++++++++++++
[INFO]2021-03-02 11:13:18,118: diniu01 1 running+++++++++++++++++++++++++++++
[INFO]2021-03-02 11:13:20,120: diniu01 1 running+++++++++++++++++++++++++++++
[INFO]2021-03-02 11:13:22,121: diniu01 1 running+++++++++++++++++++++++++++++
[INFO]2021-03-02 11:13:24,123: diniu01 1 running+++++++++++++++++++++++++++++
[INFO]2021-03-02 11:13:26,124: diniu01 1 running+++++++++++++++++++++++++++++
[INFO]2021-03-02 11:13:28,126: diniu01 1 running+++++++++++++++++++++++++++++
[INFO]2021-03-02 11:13:30,128: diniu01 1 running+++++++++++++++++++++++++++++
[INFO]2021-03-02 11:13:32,129: diniu01 1 running+++++++++++++++++++++++++++++
[INFO]2021-03-02 11:13:34,131: diniu01 1 running+++++++++++++++++++++++++++++
[INFO]2021-03-02 11:13:36,133: diniu01 1 running+++++++++++++++++++++++++++++
[INFO]2021-03-02 11:13:38,135: diniu01 1 running+++++++++++++++++++++++++++++
[INFO]2021-03-02 11:13:40,137: diniu01 1 running+++++++++++++++++++++++++++++
[INFO]2021-03-02 11:13:42,139: diniu01 1 running+++++++++++++++++++++++++++++
[INFO]2021-03-02 11:13:44,141: diniu01 1 running+++++++++++++++++++++++++++++
[INFO]2021-03-02 11:13:46,143: diniu01 1 running+++++++++++++++++++++++++++++
[INFO]2021-03-02 11:13:48,145: diniu01 1 running+++++++++++++++++++++++++++++
[INFO]2021-03-02 11:13:50,146: diniu01 1 running+++++++++++++++++++++++++++++
[INFO]2021-03-02 11:13:52,148: diniu01 1 running+++++++++++++++++++++++++++++
[INFO]2021-03-02 11:13:54,151: diniu01 1 running+++++++++++++++++++++++++++++
[INFO]2021-03-02 11:13:56,153: diniu01 1 running+++++++++++++++++++++++++++++
[INFO]2021-03-02 11:13:58,157: diniu01 1 running+++++++++++++++++++++++++++++
[INFO]2021-03-02 11:14:00,160: diniu01 1 running+++++++++++++++++++++++++++++
[INFO]2021-03-02 11:14:02,162: diniu01 1 running+++++++++++++++++++++++++++++
[INFO]2021-03-02 11:14:04,162: diniu01 1 running+++++++++++++++++++++++++++++
[INFO]2021-03-02 11:14:06,165: diniu01 1 running+++++++++++++++++++++++++++++
