[INFO]2021-03-05 15:24:22,873: log files at D:\akm\akmCtrl\log
[ERROR]2021-03-05 15:24:22,874: mongo db is disabled
[INFO]2021-03-05 15:24:23,481: create lock <lock name:doorMgr.lock,<unlocked _thread.RLock object owner=0 count=0 at 0x0000024D94DA2DE0>>
[INFO]2021-03-05 15:24:23,488: create lock <lock name:door.lock,<unlocked _thread.RLock object owner=0 count=0 at 0x0000024D94DB0690>>
[INFO]2021-03-05 15:24:23,830: create lock <lock name:timer.lock_2532233746656,<unlocked _thread.RLock object owner=0 count=0 at 0x0000024D94E49900>>
[INFO]2021-03-05 15:24:23,955: create lock <lock name:elevatorMgr.lock,<unlocked _thread.RLock object owner=0 count=0 at 0x0000024D94E82150>>
[INFO]2021-03-05 15:24:23,972: create lock <lock name:agvserver,<unlocked _thread.RLock object owner=0 count=0 at 0x0000024D94ED48A0>>
[INFO]2021-03-05 15:24:24,060: create lock <lock name:mapMgr.lock,<unlocked _thread.RLock object owner=0 count=0 at 0x0000024D94E860F0>>
[INFO]2021-03-05 15:24:24,082: create lock <lock name:agvApi.g_lock,<unlocked _thread.RLock object owner=0 count=0 at 0x0000024D932ADC00>>
[INFO]2021-03-05 15:24:30,393: {'agv': 'diniu01', 'loc': '5', 'result': 0, 'resultDesc': 'success', 'taskId': 'test0305:2021-03-05 15:24:24----5----2021-03-05 15:24:30', 'timeoutSec': 1200}
[INFO]2021-03-05 15:24:33,457: diniu01 5 running+++++++++++++++++++++++++++++
[INFO]2021-03-05 15:24:35,466: diniu01 5 running+++++++++++++++++++++++++++++
[INFO]2021-03-05 15:24:37,468: diniu01 5 running+++++++++++++++++++++++++++++
[INFO]2021-03-05 15:24:39,470: diniu01 5 running+++++++++++++++++++++++++++++
[INFO]2021-03-05 15:24:41,472: diniu01 5 running+++++++++++++++++++++++++++++
[INFO]2021-03-05 15:24:43,475: diniu01 5 running+++++++++++++++++++++++++++++
[INFO]2021-03-05 15:24:45,479: diniu01 5 running+++++++++++++++++++++++++++++
[INFO]2021-03-05 15:24:47,485: diniu01 5 running+++++++++++++++++++++++++++++
[INFO]2021-03-05 15:24:49,492: diniu01 5 running+++++++++++++++++++++++++++++
[INFO]2021-03-05 15:24:51,496: diniu01 5 running+++++++++++++++++++++++++++++
[INFO]2021-03-05 15:24:53,498: diniu01 5 running+++++++++++++++++++++++++++++
[INFO]2021-03-05 15:24:55,501: diniu01 5 running+++++++++++++++++++++++++++++
[INFO]2021-03-05 15:24:57,504: diniu01 5 running+++++++++++++++++++++++++++++
[INFO]2021-03-05 15:24:59,516: diniu01 5 running+++++++++++++++++++++++++++++
[INFO]2021-03-05 15:25:01,522: diniu01 5 running+++++++++++++++++++++++++++++
[INFO]2021-03-05 15:25:03,526: diniu01 5 running+++++++++++++++++++++++++++++
[INFO]2021-03-05 15:25:05,529: diniu01 5 running+++++++++++++++++++++++++++++
[INFO]2021-03-05 15:25:07,534: diniu01 5 running+++++++++++++++++++++++++++++
[INFO]2021-03-05 15:25:09,537: diniu01 5 running+++++++++++++++++++++++++++++
[INFO]2021-03-05 15:25:11,543: diniu01 5 running+++++++++++++++++++++++++++++
[INFO]2021-03-05 15:25:13,267: 2021-03-05 15:25:13.267739 diniu01 5 finish1  ----------------------------
[DEBUG]2021-03-05 15:25:13,545: send http_get: http://127.0.0.1:8999/api/agv/jackup?agv=diniu01&loc=None&timeoutSec=90
[DEBUG]2021-03-05 15:25:15,407: [return] use 1862 ms,http_get: http://127.0.0.1:8999/api/agv/jackup?agv=diniu01&loc=None&timeoutSec=90
[DEBUG]2021-03-05 15:25:18,443: send http_get: http://127.0.0.1:8999/api/agv/jackdown?agv=diniu01&loc=None&timeoutSec=90
[DEBUG]2021-03-05 15:25:20,478: [return] use 2035 ms,http_get: http://127.0.0.1:8999/api/agv/jackdown?agv=diniu01&loc=None&timeoutSec=90
[INFO]2021-03-05 15:25:20,506: {'agv': 'diniu01', 'loc': '7', 'result': 0, 'resultDesc': 'success', 'taskId': 'test0305:2021-03-05 15:24:24----7----2021-03-05 15:25:20', 'timeoutSec': 1200}
[INFO]2021-03-05 15:25:23,559: diniu01 7 running+++++++++++++++++++++++++++++
[INFO]2021-03-05 15:25:25,563: diniu01 7 running+++++++++++++++++++++++++++++
[INFO]2021-03-05 15:25:27,567: diniu01 7 running+++++++++++++++++++++++++++++
[INFO]2021-03-05 15:25:29,570: diniu01 7 running+++++++++++++++++++++++++++++
[INFO]2021-03-05 15:25:31,573: diniu01 7 running+++++++++++++++++++++++++++++
[INFO]2021-03-05 15:25:33,577: diniu01 7 running+++++++++++++++++++++++++++++
[INFO]2021-03-05 15:25:35,580: diniu01 7 running+++++++++++++++++++++++++++++
[INFO]2021-03-05 15:25:37,582: diniu01 7 running+++++++++++++++++++++++++++++
[INFO]2021-03-05 15:25:39,585: diniu01 7 running+++++++++++++++++++++++++++++
[INFO]2021-03-05 15:25:41,588: diniu01 7 running+++++++++++++++++++++++++++++
[INFO]2021-03-05 15:25:43,590: diniu01 7 running+++++++++++++++++++++++++++++
[INFO]2021-03-05 15:25:45,593: diniu01 7 running+++++++++++++++++++++++++++++
[INFO]2021-03-05 15:25:47,596: diniu01 7 running+++++++++++++++++++++++++++++
[INFO]2021-03-05 15:25:49,600: diniu01 7 running+++++++++++++++++++++++++++++
[INFO]2021-03-05 15:25:51,608: diniu01 7 running+++++++++++++++++++++++++++++
[INFO]2021-03-05 15:25:53,612: diniu01 7 running+++++++++++++++++++++++++++++
[INFO]2021-03-05 15:25:55,619: diniu01 7 running+++++++++++++++++++++++++++++
[INFO]2021-03-05 15:25:57,625: diniu01 7 running+++++++++++++++++++++++++++++
[INFO]2021-03-05 15:25:59,629: diniu01 7 running+++++++++++++++++++++++++++++
[INFO]2021-03-05 15:26:01,634: diniu01 7 running+++++++++++++++++++++++++++++
[INFO]2021-03-05 15:26:03,636: diniu01 7 running+++++++++++++++++++++++++++++
[INFO]2021-03-05 15:26:05,640: diniu01 7 running+++++++++++++++++++++++++++++
[INFO]2021-03-05 15:26:07,643: diniu01 7 running+++++++++++++++++++++++++++++
[INFO]2021-03-05 15:26:09,645: diniu01 7 running+++++++++++++++++++++++++++++
[INFO]2021-03-05 15:26:10,896: 2021-03-05 15:26:10.896509 diniu01 7 finish1  ----------------------------
[DEBUG]2021-03-05 15:26:11,657: send http_get: http://127.0.0.1:8999/api/agv/jackup?agv=diniu01&loc=None&timeoutSec=90
[DEBUG]2021-03-05 15:26:13,582: [return] use 1925 ms,http_get: http://127.0.0.1:8999/api/agv/jackup?agv=diniu01&loc=None&timeoutSec=90
[DEBUG]2021-03-05 15:26:16,619: send http_get: http://127.0.0.1:8999/api/agv/jackdown?agv=diniu01&loc=None&timeoutSec=90
[DEBUG]2021-03-05 15:26:18,513: [return] use 1894 ms,http_get: http://127.0.0.1:8999/api/agv/jackdown?agv=diniu01&loc=None&timeoutSec=90
[CRITICAL]2021-03-05 15:26:21,751: apply cause a error: 
pid=10876, ppid=2072, tid=6116
Traceback (most recent call last):
  File "D:\akm\akmCtrl\test2.py", line 156, in test_agv66
    agvId = agvApi.apply(taskId, map, "18")
  File "./..\agvCtrl\agvApi.py", line 91, in apply
    assert 'agvId' in result
AssertionError

[CRITICAL]2021-03-05 15:26:29,977: apply cause a error: 
pid=10876, ppid=2072, tid=6116
Traceback (most recent call last):
  File "D:\akm\akmCtrl\test2.py", line 156, in test_agv66
    agvId = agvApi.apply(taskId, map, "18")
  File "./..\agvCtrl\agvApi.py", line 91, in apply
    assert 'agvId' in result
AssertionError

[CRITICAL]2021-03-05 15:26:38,196: apply cause a error: 
pid=10876, ppid=2072, tid=6116
Traceback (most recent call last):
  File "D:\akm\akmCtrl\test2.py", line 156, in test_agv66
    agvId = agvApi.apply(taskId, map, "18")
  File "./..\agvCtrl\agvApi.py", line 91, in apply
    assert 'agvId' in result
AssertionError

[CRITICAL]2021-03-05 15:26:46,416: apply cause a error: 
pid=10876, ppid=2072, tid=6116
Traceback (most recent call last):
  File "D:\akm\akmCtrl\test2.py", line 156, in test_agv66
    agvId = agvApi.apply(taskId, map, "18")
  File "./..\agvCtrl\agvApi.py", line 91, in apply
    assert 'agvId' in result
AssertionError

[CRITICAL]2021-03-05 15:26:54,633: apply cause a error: 
pid=10876, ppid=2072, tid=6116
Traceback (most recent call last):
  File "D:\akm\akmCtrl\test2.py", line 156, in test_agv66
    agvId = agvApi.apply(taskId, map, "18")
  File "./..\agvCtrl\agvApi.py", line 91, in apply
    assert 'agvId' in result
AssertionError

[CRITICAL]2021-03-05 15:27:02,856: apply cause a error: 
pid=10876, ppid=2072, tid=6116
Traceback (most recent call last):
  File "D:\akm\akmCtrl\test2.py", line 156, in test_agv66
    agvId = agvApi.apply(taskId, map, "18")
  File "./..\agvCtrl\agvApi.py", line 91, in apply
    assert 'agvId' in result
AssertionError

[CRITICAL]2021-03-05 15:27:11,105: apply cause a error: 
pid=10876, ppid=2072, tid=6116
Traceback (most recent call last):
  File "D:\akm\akmCtrl\test2.py", line 156, in test_agv66
    agvId = agvApi.apply(taskId, map, "18")
  File "./..\agvCtrl\agvApi.py", line 91, in apply
    assert 'agvId' in result
AssertionError

[CRITICAL]2021-03-05 15:27:19,307: apply cause a error: 
pid=10876, ppid=2072, tid=6116
Traceback (most recent call last):
  File "D:\akm\akmCtrl\test2.py", line 156, in test_agv66
    agvId = agvApi.apply(taskId, map, "18")
  File "./..\agvCtrl\agvApi.py", line 91, in apply
    assert 'agvId' in result
AssertionError

[CRITICAL]2021-03-05 15:27:27,515: apply cause a error: 
pid=10876, ppid=2072, tid=6116
Traceback (most recent call last):
  File "D:\akm\akmCtrl\test2.py", line 156, in test_agv66
    agvId = agvApi.apply(taskId, map, "18")
  File "./..\agvCtrl\agvApi.py", line 91, in apply
    assert 'agvId' in result
AssertionError

[CRITICAL]2021-03-05 15:27:35,746: apply cause a error: 
pid=10876, ppid=2072, tid=6116
Traceback (most recent call last):
  File "D:\akm\akmCtrl\test2.py", line 156, in test_agv66
    agvId = agvApi.apply(taskId, map, "18")
  File "./..\agvCtrl\agvApi.py", line 91, in apply
    assert 'agvId' in result
AssertionError

[CRITICAL]2021-03-05 15:27:43,955: apply cause a error: 
pid=10876, ppid=2072, tid=6116
Traceback (most recent call last):
  File "D:\akm\akmCtrl\test2.py", line 156, in test_agv66
    agvId = agvApi.apply(taskId, map, "18")
  File "./..\agvCtrl\agvApi.py", line 91, in apply
    assert 'agvId' in result
AssertionError

[CRITICAL]2021-03-05 15:27:52,184: apply cause a error: 
pid=10876, ppid=2072, tid=6116
Traceback (most recent call last):
  File "D:\akm\akmCtrl\test2.py", line 156, in test_agv66
    agvId = agvApi.apply(taskId, map, "18")
  File "./..\agvCtrl\agvApi.py", line 91, in apply
    assert 'agvId' in result
AssertionError

[CRITICAL]2021-03-05 15:28:00,408: apply cause a error: 
pid=10876, ppid=2072, tid=6116
Traceback (most recent call last):
  File "D:\akm\akmCtrl\test2.py", line 156, in test_agv66
    agvId = agvApi.apply(taskId, map, "18")
  File "./..\agvCtrl\agvApi.py", line 91, in apply
    assert 'agvId' in result
AssertionError

[CRITICAL]2021-03-05 15:28:08,615: apply cause a error: 
pid=10876, ppid=2072, tid=6116
Traceback (most recent call last):
  File "D:\akm\akmCtrl\test2.py", line 156, in test_agv66
    agvId = agvApi.apply(taskId, map, "18")
  File "./..\agvCtrl\agvApi.py", line 91, in apply
    assert 'agvId' in result
AssertionError

[CRITICAL]2021-03-05 15:28:16,852: apply cause a error: 
pid=10876, ppid=2072, tid=6116
Traceback (most recent call last):
  File "D:\akm\akmCtrl\test2.py", line 156, in test_agv66
    agvId = agvApi.apply(taskId, map, "18")
  File "./..\agvCtrl\agvApi.py", line 91, in apply
    assert 'agvId' in result
AssertionError

[CRITICAL]2021-03-05 15:28:24,442: apply cause a error: ('http get', 'http://127.0.0.1:8999/api/agv/apply', {'loc': '18', 'exclude': '', 'autoLock': False, 'mapId': 'test0305', 'taskId': 'test0305:2021-03-05 15:28:21', 'timeout': 15, 'appName': 'feed2'}, 'error:', '[WinError 10054] 远程主机强迫关闭了一个现有的连接。')
pid=10876, ppid=2072, tid=6116
Traceback (most recent call last):
  File "../common\webutility.py", line 103, in http_get
    f = urllib.request.urlopen(u,timeout=timeout)
  File "C:\Python38\lib\urllib\request.py", line 222, in urlopen
    return opener.open(url, data, timeout)
  File "C:\Python38\lib\urllib\request.py", line 525, in open
    response = self._open(req, data)
  File "C:\Python38\lib\urllib\request.py", line 542, in _open
    result = self._call_chain(self.handle_open, protocol, protocol +
  File "C:\Python38\lib\urllib\request.py", line 502, in _call_chain
    result = func(*args)
  File "C:\Python38\lib\urllib\request.py", line 1346, in http_open
    return self.do_open(http.client.HTTPConnection, req)
  File "C:\Python38\lib\urllib\request.py", line 1321, in do_open
    r = h.getresponse()
  File "C:\Python38\lib\http\client.py", line 1322, in getresponse
    response.begin()
  File "C:\Python38\lib\http\client.py", line 303, in begin
    version, status, reason = self._read_status()
  File "C:\Python38\lib\http\client.py", line 264, in _read_status
    line = str(self.fp.readline(_MAXLINE + 1), "iso-8859-1")
  File "C:\Python38\lib\socket.py", line 669, in readinto
    return self._sock.recv_into(b)
ConnectionResetError: [WinError 10054] 远程主机强迫关闭了一个现有的连接。

During handling of the above exception, another exception occurred:

Traceback (most recent call last):
  File "D:\akm\akmCtrl\test2.py", line 156, in test_agv66
    agvId = agvApi.apply(taskId, map, "18")
  File "./..\agvCtrl\agvApi.py", line 90, in apply
    result = _http_get(url + '/api/agv/apply', param)
  File "./..\agvCtrl\agvApi.py", line 61, in _http_get
    r = webutility.http_get(url, param, timeout=45,writelog=False)
  File "../common\webutility.py", line 105, in http_get
    raise Exception("http get",url,params,"error:",str(e))
Exception: ('http get', 'http://127.0.0.1:8999/api/agv/apply', {'loc': '18', 'exclude': '', 'autoLock': False, 'mapId': 'test0305', 'taskId': 'test0305:2021-03-05 15:28:21', 'timeout': 15, 'appName': 'feed2'}, 'error:', '[WinError 10054] 远程主机强迫关闭了一个现有的连接。')

