[INFO]2021-03-17 08:42:16,814: log files at C:\Users\Administrator\Desktop\SVN\fastclient\common\log
[INFO]2021-03-17 08:42:16,815: find module account.main_account
[INFO]2021-03-17 08:42:16,816: find module agvDevice.main_agvDevice
[INFO]2021-03-17 08:42:16,817: find module alarm.main_alarm
[INFO]2021-03-17 08:42:16,818: find module auth.main_auth
[INFO]2021-03-17 08:42:16,820: find module feed.main_feed
[INFO]2021-03-17 08:42:16,821: find module scadaCtrl.main_scadaCtrl
[INFO]2021-03-17 08:42:16,822: find module scadaCtrlEle.main_scadaCtrl
[INFO]2021-03-17 08:42:16,823: import account.main_account
[ERROR]2021-03-17 08:42:17,021: mongo db is disabled
[INFO]2021-03-17 08:42:17,025: import agvDevice.main_agvDevice
[INFO]2021-03-17 08:42:17,028: import alarm.main_alarm
[INFO]2021-03-17 08:42:17,137: create lock <lock name:timer.lock_2586565965080,<unlocked _thread.RLock object owner=0 count=0 at 0x0000025A3B53C5F8>>
[ERROR]2021-03-17 08:42:17,149: mqtt is disabled
[INFO]2021-03-17 08:42:17,150: mqtt: subscribe [alarm/raise/+]
[INFO]2021-03-17 08:42:17,150: mqtt: subscribe [alarm/clear/+]
[INFO]2021-03-17 08:42:17,187: import auth.main_auth
[INFO]2021-03-17 08:42:17,194: import feed.main_feed
[INFO]2021-03-17 08:42:17,201: create lock <lock name:feedTask.g_lock,<unlocked _thread.RLock object owner=0 count=0 at 0x0000025A3B6DF918>>
[INFO]2021-03-17 08:42:17,204: create lock <lock name:agvApi.g_lock,<unlocked _thread.RLock object owner=0 count=0 at 0x0000025A3B6DFD00>>
[INFO]2021-03-17 08:42:17,266: import scadaCtrl.main_scadaCtrl
[INFO]2021-03-17 08:42:17,273: create lock <lock name:agvApi.g_lock,<unlocked _thread.RLock object owner=0 count=0 at 0x0000025A3B7AEBC0>>
[INFO]2021-03-17 08:42:17,313: create lock <lock name:runTasks.g_lock,<unlocked _thread.RLock object owner=0 count=0 at 0x0000025A3B7AEC60>>
[INFO]2021-03-17 08:42:17,316: create lock <lock name:runTasks.pre_lock,<unlocked _thread.RLock object owner=0 count=0 at 0x0000025A3B7AE8F0>>
[INFO]2021-03-17 08:42:20,333: Mongodb connect to 127.0.0.1 port 27017
[WARNING]2021-03-17 08:42:20,354: MainThread[tid:9596] <lock name:runTasks.g_lock,<locked _thread.RLock object owner=9596 count=1 at 0x0000025A3B7AEC60>> ,hold 3035 ms
[INFO]2021-03-17 08:42:20,357: name=MainThread, pid=4588, tid=9596
[01] File "C:/Users/Administrator/Desktop/SVN/fastclient/common/run_all.py", line 57, in <module>() 
[02] File "C:/Users/Administrator/Desktop/SVN/fastclient/common/run_all.py", line 39, in findModule() 
[03] File "<frozen importlib._bootstrap>", line 983, in _find_and_load() 
[04] File "<frozen importlib._bootstrap>", line 967, in _find_and_load_unlocked() 
[05] File "<frozen importlib._bootstrap>", line 677, in _load_unlocked() 
[06] File "<frozen importlib._bootstrap_external>", line 728, in exec_module() 
[07] File "<frozen importlib._bootstrap>", line 219, in _call_with_frames_removed() 
[08] File "C:/Users/Administrator/Desktop/SVN/fastclient/scadaCtrl/main_scadaCtrl.py", line 18, in <module>() 
[09] File "<frozen importlib._bootstrap>", line 983, in _find_and_load() 
[10] File "<frozen importlib._bootstrap>", line 967, in _find_and_load_unlocked() 
[11] File "<frozen importlib._bootstrap>", line 677, in _load_unlocked() 
[12] File "<frozen importlib._bootstrap_external>", line 728, in exec_module() 
[13] File "<frozen importlib._bootstrap>", line 219, in _call_with_frames_removed() 
[14] File "C:/Users/Administrator/Desktop/SVN/fastclient/scadaCtrl/runTasks.py", line 1129, in <module>() 
[15] File "C:/Users/Administrator/Desktop/SVN/fastclient/scadaCtrl/runTasks.py", line 995, in __init__() 
[16] File "C:/Users/Administrator/Desktop/SVN/fastclient/common/lock.py", line 122, in _call() 
[17] File "C:/Users/Administrator/Desktop/SVN/fastclient/common/lock.py", line 100, in release() 
[18] File "C:/Users/Administrator/Desktop/SVN/fastclient/common/enhance.py", line 258, in getTrace() 
[19] File "C:/Users/Administrator/Desktop/SVN/fastclient/common/enhance.py", line 240, in getThreadStack()
[INFO]2021-03-17 08:42:20,362: import scadaCtrlEle.main_scadaCtrl
[SUCC]2021-03-17 08:42:20,374: utility start, pid=4588, ppid=12476
[DEBUG]2021-03-17 08:42:20,376: start timer
[INFO]2021-03-17 08:42:20,379: add_ignore: taskStatus
[INFO]2021-03-17 08:42:20,381: add_ignore: api/elevator/status
[INFO]2021-03-17 08:42:20,383: add_ignore: scada/getTask
[CRITICAL]2021-03-17 08:42:22,433: agvApi.init cause a error: ('http get', 'http://127.0.0.1:5551/api/agv/init', {'appName': 'scadaTask'}, 'error:', '<urlopen error [WinError 10061] 由于目标计算机积极拒绝，无法连接。>')
pid=4588, ppid=12476, tid=9404
Traceback (most recent call last):
  File "C:\Python37\lib\urllib\request.py", line 1317, in do_open
    encode_chunked=req.has_header('Transfer-encoding'))
  File "C:\Python37\lib\http\client.py", line 1229, in request
    self._send_request(method, url, body, headers, encode_chunked)
  File "C:\Python37\lib\http\client.py", line 1275, in _send_request
    self.endheaders(body, encode_chunked=encode_chunked)
  File "C:\Python37\lib\http\client.py", line 1224, in endheaders
    self._send_output(message_body, encode_chunked=encode_chunked)
  File "C:\Python37\lib\http\client.py", line 1016, in _send_output
    self.send(msg)
  File "C:\Python37\lib\http\client.py", line 956, in send
    self.connect()
  File "C:\Python37\lib\http\client.py", line 928, in connect
    (self.host,self.port), self.timeout, self.source_address)
  File "C:\Python37\lib\socket.py", line 727, in create_connection
    raise err
  File "C:\Python37\lib\socket.py", line 716, in create_connection
    sock.connect(sa)
ConnectionRefusedError: [WinError 10061] 由于目标计算机积极拒绝，无法连接。

During handling of the above exception, another exception occurred:

Traceback (most recent call last):
  File "C:\Users\Administrator\Desktop\SVN\fastclient\common\webutility.py", line 103, in http_get
    f = urllib.request.urlopen(u,timeout=timeout)
  File "C:\Python37\lib\urllib\request.py", line 222, in urlopen
    return opener.open(url, data, timeout)
  File "C:\Python37\lib\urllib\request.py", line 525, in open
    response = self._open(req, data)
  File "C:\Python37\lib\urllib\request.py", line 543, in _open
    '_open', req)
  File "C:\Python37\lib\urllib\request.py", line 503, in _call_chain
    result = func(*args)
  File "C:\Python37\lib\urllib\request.py", line 1345, in http_open
    return self.do_open(http.client.HTTPConnection, req)
  File "C:\Python37\lib\urllib\request.py", line 1319, in do_open
    raise URLError(err)
urllib.error.URLError: <urlopen error [WinError 10061] 由于目标计算机积极拒绝，无法连接。>

During handling of the above exception, another exception occurred:

Traceback (most recent call last):
  File "../agvCtrl\agvApi.py", line 39, in init
    _http_get(url + '/api/agv/init', param)
  File "../agvCtrl\agvApi.py", line 60, in _http_get
    r = webutility.http_get(url, param, timeout=45,writelog=False)
  File "C:\Users\Administrator\Desktop\SVN\fastclient\common\webutility.py", line 105, in http_get
    raise Exception("http get",url,params,"error:",str(e))
Exception: ('http get', 'http://127.0.0.1:5551/api/agv/init', {'appName': 'scadaTask'}, 'error:', '<urlopen error [WinError 10061] 由于目标计算机积极拒绝，无法连接。>')

[CRITICAL]2021-03-17 08:42:25,518: agvApi.init cause a error: ('http get', 'http://127.0.0.1:5551/api/agv/init', {'appName': 'scadaTask'}, 'error:', '<urlopen error [WinError 10061] 由于目标计算机积极拒绝，无法连接。>')
pid=4588, ppid=12476, tid=9404
Traceback (most recent call last):
  File "C:\Python37\lib\urllib\request.py", line 1317, in do_open
    encode_chunked=req.has_header('Transfer-encoding'))
  File "C:\Python37\lib\http\client.py", line 1229, in request
    self._send_request(method, url, body, headers, encode_chunked)
  File "C:\Python37\lib\http\client.py", line 1275, in _send_request
    self.endheaders(body, encode_chunked=encode_chunked)
  File "C:\Python37\lib\http\client.py", line 1224, in endheaders
    self._send_output(message_body, encode_chunked=encode_chunked)
  File "C:\Python37\lib\http\client.py", line 1016, in _send_output
    self.send(msg)
  File "C:\Python37\lib\http\client.py", line 956, in send
    self.connect()
  File "C:\Python37\lib\http\client.py", line 928, in connect
    (self.host,self.port), self.timeout, self.source_address)
  File "C:\Python37\lib\socket.py", line 727, in create_connection
    raise err
  File "C:\Python37\lib\socket.py", line 716, in create_connection
    sock.connect(sa)
ConnectionRefusedError: [WinError 10061] 由于目标计算机积极拒绝，无法连接。

During handling of the above exception, another exception occurred:

Traceback (most recent call last):
  File "C:\Users\Administrator\Desktop\SVN\fastclient\common\webutility.py", line 103, in http_get
    f = urllib.request.urlopen(u,timeout=timeout)
  File "C:\Python37\lib\urllib\request.py", line 222, in urlopen
    return opener.open(url, data, timeout)
  File "C:\Python37\lib\urllib\request.py", line 525, in open
    response = self._open(req, data)
  File "C:\Python37\lib\urllib\request.py", line 543, in _open
    '_open', req)
  File "C:\Python37\lib\urllib\request.py", line 503, in _call_chain
    result = func(*args)
  File "C:\Python37\lib\urllib\request.py", line 1345, in http_open
    return self.do_open(http.client.HTTPConnection, req)
  File "C:\Python37\lib\urllib\request.py", line 1319, in do_open
    raise URLError(err)
urllib.error.URLError: <urlopen error [WinError 10061] 由于目标计算机积极拒绝，无法连接。>

During handling of the above exception, another exception occurred:

Traceback (most recent call last):
  File "../agvCtrl\agvApi.py", line 39, in init
    _http_get(url + '/api/agv/init', param)
  File "../agvCtrl\agvApi.py", line 60, in _http_get
    r = webutility.http_get(url, param, timeout=45,writelog=False)
  File "C:\Users\Administrator\Desktop\SVN\fastclient\common\webutility.py", line 105, in http_get
    raise Exception("http get",url,params,"error:",str(e))
Exception: ('http get', 'http://127.0.0.1:5551/api/agv/init', {'appName': 'scadaTask'}, 'error:', '<urlopen error [WinError 10061] 由于目标计算机积极拒绝，无法连接。>')

[CRITICAL]2021-03-17 08:42:28,606: agvApi.init cause a error: ('http get', 'http://127.0.0.1:5551/api/agv/init', {'appName': 'scadaTask'}, 'error:', '<urlopen error [WinError 10061] 由于目标计算机积极拒绝，无法连接。>')
pid=4588, ppid=12476, tid=9404
Traceback (most recent call last):
  File "C:\Python37\lib\urllib\request.py", line 1317, in do_open
    encode_chunked=req.has_header('Transfer-encoding'))
  File "C:\Python37\lib\http\client.py", line 1229, in request
    self._send_request(method, url, body, headers, encode_chunked)
  File "C:\Python37\lib\http\client.py", line 1275, in _send_request
    self.endheaders(body, encode_chunked=encode_chunked)
  File "C:\Python37\lib\http\client.py", line 1224, in endheaders
    self._send_output(message_body, encode_chunked=encode_chunked)
  File "C:\Python37\lib\http\client.py", line 1016, in _send_output
    self.send(msg)
  File "C:\Python37\lib\http\client.py", line 956, in send
    self.connect()
  File "C:\Python37\lib\http\client.py", line 928, in connect
    (self.host,self.port), self.timeout, self.source_address)
  File "C:\Python37\lib\socket.py", line 727, in create_connection
    raise err
  File "C:\Python37\lib\socket.py", line 716, in create_connection
    sock.connect(sa)
ConnectionRefusedError: [WinError 10061] 由于目标计算机积极拒绝，无法连接。

During handling of the above exception, another exception occurred:

Traceback (most recent call last):
  File "C:\Users\Administrator\Desktop\SVN\fastclient\common\webutility.py", line 103, in http_get
    f = urllib.request.urlopen(u,timeout=timeout)
  File "C:\Python37\lib\urllib\request.py", line 222, in urlopen
    return opener.open(url, data, timeout)
  File "C:\Python37\lib\urllib\request.py", line 525, in open
    response = self._open(req, data)
  File "C:\Python37\lib\urllib\request.py", line 543, in _open
    '_open', req)
  File "C:\Python37\lib\urllib\request.py", line 503, in _call_chain
    result = func(*args)
  File "C:\Python37\lib\urllib\request.py", line 1345, in http_open
    return self.do_open(http.client.HTTPConnection, req)
  File "C:\Python37\lib\urllib\request.py", line 1319, in do_open
    raise URLError(err)
urllib.error.URLError: <urlopen error [WinError 10061] 由于目标计算机积极拒绝，无法连接。>

During handling of the above exception, another exception occurred:

Traceback (most recent call last):
  File "../agvCtrl\agvApi.py", line 39, in init
    _http_get(url + '/api/agv/init', param)
  File "../agvCtrl\agvApi.py", line 60, in _http_get
    r = webutility.http_get(url, param, timeout=45,writelog=False)
  File "C:\Users\Administrator\Desktop\SVN\fastclient\common\webutility.py", line 105, in http_get
    raise Exception("http get",url,params,"error:",str(e))
Exception: ('http get', 'http://127.0.0.1:5551/api/agv/init', {'appName': 'scadaTask'}, 'error:', '<urlopen error [WinError 10061] 由于目标计算机积极拒绝，无法连接。>')

[CRITICAL]2021-03-17 08:42:31,667: agvApi.init cause a error: ('http get', 'http://127.0.0.1:5551/api/agv/init', {'appName': 'scadaTask'}, 'error:', '<urlopen error [WinError 10061] 由于目标计算机积极拒绝，无法连接。>')
pid=4588, ppid=12476, tid=9404
Traceback (most recent call last):
  File "C:\Python37\lib\urllib\request.py", line 1317, in do_open
    encode_chunked=req.has_header('Transfer-encoding'))
  File "C:\Python37\lib\http\client.py", line 1229, in request
    self._send_request(method, url, body, headers, encode_chunked)
  File "C:\Python37\lib\http\client.py", line 1275, in _send_request
    self.endheaders(body, encode_chunked=encode_chunked)
  File "C:\Python37\lib\http\client.py", line 1224, in endheaders
    self._send_output(message_body, encode_chunked=encode_chunked)
  File "C:\Python37\lib\http\client.py", line 1016, in _send_output
    self.send(msg)
  File "C:\Python37\lib\http\client.py", line 956, in send
    self.connect()
  File "C:\Python37\lib\http\client.py", line 928, in connect
    (self.host,self.port), self.timeout, self.source_address)
  File "C:\Python37\lib\socket.py", line 727, in create_connection
    raise err
  File "C:\Python37\lib\socket.py", line 716, in create_connection
    sock.connect(sa)
ConnectionRefusedError: [WinError 10061] 由于目标计算机积极拒绝，无法连接。

During handling of the above exception, another exception occurred:

Traceback (most recent call last):
  File "C:\Users\Administrator\Desktop\SVN\fastclient\common\webutility.py", line 103, in http_get
    f = urllib.request.urlopen(u,timeout=timeout)
  File "C:\Python37\lib\urllib\request.py", line 222, in urlopen
    return opener.open(url, data, timeout)
  File "C:\Python37\lib\urllib\request.py", line 525, in open
    response = self._open(req, data)
  File "C:\Python37\lib\urllib\request.py", line 543, in _open
    '_open', req)
  File "C:\Python37\lib\urllib\request.py", line 503, in _call_chain
    result = func(*args)
  File "C:\Python37\lib\urllib\request.py", line 1345, in http_open
    return self.do_open(http.client.HTTPConnection, req)
  File "C:\Python37\lib\urllib\request.py", line 1319, in do_open
    raise URLError(err)
urllib.error.URLError: <urlopen error [WinError 10061] 由于目标计算机积极拒绝，无法连接。>

During handling of the above exception, another exception occurred:

Traceback (most recent call last):
  File "../agvCtrl\agvApi.py", line 39, in init
    _http_get(url + '/api/agv/init', param)
  File "../agvCtrl\agvApi.py", line 60, in _http_get
    r = webutility.http_get(url, param, timeout=45,writelog=False)
  File "C:\Users\Administrator\Desktop\SVN\fastclient\common\webutility.py", line 105, in http_get
    raise Exception("http get",url,params,"error:",str(e))
Exception: ('http get', 'http://127.0.0.1:5551/api/agv/init', {'appName': 'scadaTask'}, 'error:', '<urlopen error [WinError 10061] 由于目标计算机积极拒绝，无法连接。>')

[CRITICAL]2021-03-17 08:42:34,747: agvApi.init cause a error: ('http get', 'http://127.0.0.1:5551/api/agv/init', {'appName': 'scadaTask'}, 'error:', '<urlopen error [WinError 10061] 由于目标计算机积极拒绝，无法连接。>')
pid=4588, ppid=12476, tid=9404
Traceback (most recent call last):
  File "C:\Python37\lib\urllib\request.py", line 1317, in do_open
    encode_chunked=req.has_header('Transfer-encoding'))
  File "C:\Python37\lib\http\client.py", line 1229, in request
    self._send_request(method, url, body, headers, encode_chunked)
  File "C:\Python37\lib\http\client.py", line 1275, in _send_request
    self.endheaders(body, encode_chunked=encode_chunked)
  File "C:\Python37\lib\http\client.py", line 1224, in endheaders
    self._send_output(message_body, encode_chunked=encode_chunked)
  File "C:\Python37\lib\http\client.py", line 1016, in _send_output
    self.send(msg)
  File "C:\Python37\lib\http\client.py", line 956, in send
    self.connect()
  File "C:\Python37\lib\http\client.py", line 928, in connect
    (self.host,self.port), self.timeout, self.source_address)
  File "C:\Python37\lib\socket.py", line 727, in create_connection
    raise err
  File "C:\Python37\lib\socket.py", line 716, in create_connection
    sock.connect(sa)
ConnectionRefusedError: [WinError 10061] 由于目标计算机积极拒绝，无法连接。

During handling of the above exception, another exception occurred:

Traceback (most recent call last):
  File "C:\Users\Administrator\Desktop\SVN\fastclient\common\webutility.py", line 103, in http_get
    f = urllib.request.urlopen(u,timeout=timeout)
  File "C:\Python37\lib\urllib\request.py", line 222, in urlopen
    return opener.open(url, data, timeout)
  File "C:\Python37\lib\urllib\request.py", line 525, in open
    response = self._open(req, data)
  File "C:\Python37\lib\urllib\request.py", line 543, in _open
    '_open', req)
  File "C:\Python37\lib\urllib\request.py", line 503, in _call_chain
    result = func(*args)
  File "C:\Python37\lib\urllib\request.py", line 1345, in http_open
    return self.do_open(http.client.HTTPConnection, req)
  File "C:\Python37\lib\urllib\request.py", line 1319, in do_open
    raise URLError(err)
urllib.error.URLError: <urlopen error [WinError 10061] 由于目标计算机积极拒绝，无法连接。>

During handling of the above exception, another exception occurred:

Traceback (most recent call last):
  File "../agvCtrl\agvApi.py", line 39, in init
    _http_get(url + '/api/agv/init', param)
  File "../agvCtrl\agvApi.py", line 60, in _http_get
    r = webutility.http_get(url, param, timeout=45,writelog=False)
  File "C:\Users\Administrator\Desktop\SVN\fastclient\common\webutility.py", line 105, in http_get
    raise Exception("http get",url,params,"error:",str(e))
Exception: ('http get', 'http://127.0.0.1:5551/api/agv/init', {'appName': 'scadaTask'}, 'error:', '<urlopen error [WinError 10061] 由于目标计算机积极拒绝，无法连接。>')

[CRITICAL]2021-03-17 08:42:37,823: agvApi.init cause a error: ('http get', 'http://127.0.0.1:5551/api/agv/init', {'appName': 'scadaTask'}, 'error:', '<urlopen error [WinError 10061] 由于目标计算机积极拒绝，无法连接。>')
pid=4588, ppid=12476, tid=9404
Traceback (most recent call last):
  File "C:\Python37\lib\urllib\request.py", line 1317, in do_open
    encode_chunked=req.has_header('Transfer-encoding'))
  File "C:\Python37\lib\http\client.py", line 1229, in request
    self._send_request(method, url, body, headers, encode_chunked)
  File "C:\Python37\lib\http\client.py", line 1275, in _send_request
    self.endheaders(body, encode_chunked=encode_chunked)
  File "C:\Python37\lib\http\client.py", line 1224, in endheaders
    self._send_output(message_body, encode_chunked=encode_chunked)
  File "C:\Python37\lib\http\client.py", line 1016, in _send_output
    self.send(msg)
  File "C:\Python37\lib\http\client.py", line 956, in send
    self.connect()
  File "C:\Python37\lib\http\client.py", line 928, in connect
    (self.host,self.port), self.timeout, self.source_address)
  File "C:\Python37\lib\socket.py", line 727, in create_connection
    raise err
  File "C:\Python37\lib\socket.py", line 716, in create_connection
    sock.connect(sa)
ConnectionRefusedError: [WinError 10061] 由于目标计算机积极拒绝，无法连接。

During handling of the above exception, another exception occurred:

Traceback (most recent call last):
  File "C:\Users\Administrator\Desktop\SVN\fastclient\common\webutility.py", line 103, in http_get
    f = urllib.request.urlopen(u,timeout=timeout)
  File "C:\Python37\lib\urllib\request.py", line 222, in urlopen
    return opener.open(url, data, timeout)
  File "C:\Python37\lib\urllib\request.py", line 525, in open
    response = self._open(req, data)
  File "C:\Python37\lib\urllib\request.py", line 543, in _open
    '_open', req)
  File "C:\Python37\lib\urllib\request.py", line 503, in _call_chain
    result = func(*args)
  File "C:\Python37\lib\urllib\request.py", line 1345, in http_open
    return self.do_open(http.client.HTTPConnection, req)
  File "C:\Python37\lib\urllib\request.py", line 1319, in do_open
    raise URLError(err)
urllib.error.URLError: <urlopen error [WinError 10061] 由于目标计算机积极拒绝，无法连接。>

During handling of the above exception, another exception occurred:

Traceback (most recent call last):
  File "../agvCtrl\agvApi.py", line 39, in init
    _http_get(url + '/api/agv/init', param)
  File "../agvCtrl\agvApi.py", line 60, in _http_get
    r = webutility.http_get(url, param, timeout=45,writelog=False)
  File "C:\Users\Administrator\Desktop\SVN\fastclient\common\webutility.py", line 105, in http_get
    raise Exception("http get",url,params,"error:",str(e))
Exception: ('http get', 'http://127.0.0.1:5551/api/agv/init', {'appName': 'scadaTask'}, 'error:', '<urlopen error [WinError 10061] 由于目标计算机积极拒绝，无法连接。>')

[CRITICAL]2021-03-17 08:42:40,887: agvApi.init cause a error: ('http get', 'http://127.0.0.1:5551/api/agv/init', {'appName': 'scadaTask'}, 'error:', '<urlopen error [WinError 10061] 由于目标计算机积极拒绝，无法连接。>')
pid=4588, ppid=12476, tid=9404
Traceback (most recent call last):
  File "C:\Python37\lib\urllib\request.py", line 1317, in do_open
    encode_chunked=req.has_header('Transfer-encoding'))
  File "C:\Python37\lib\http\client.py", line 1229, in request
    self._send_request(method, url, body, headers, encode_chunked)
  File "C:\Python37\lib\http\client.py", line 1275, in _send_request
    self.endheaders(body, encode_chunked=encode_chunked)
  File "C:\Python37\lib\http\client.py", line 1224, in endheaders
    self._send_output(message_body, encode_chunked=encode_chunked)
  File "C:\Python37\lib\http\client.py", line 1016, in _send_output
    self.send(msg)
  File "C:\Python37\lib\http\client.py", line 956, in send
    self.connect()
  File "C:\Python37\lib\http\client.py", line 928, in connect
    (self.host,self.port), self.timeout, self.source_address)
  File "C:\Python37\lib\socket.py", line 727, in create_connection
    raise err
  File "C:\Python37\lib\socket.py", line 716, in create_connection
    sock.connect(sa)
ConnectionRefusedError: [WinError 10061] 由于目标计算机积极拒绝，无法连接。

During handling of the above exception, another exception occurred:

Traceback (most recent call last):
  File "C:\Users\Administrator\Desktop\SVN\fastclient\common\webutility.py", line 103, in http_get
    f = urllib.request.urlopen(u,timeout=timeout)
  File "C:\Python37\lib\urllib\request.py", line 222, in urlopen
    return opener.open(url, data, timeout)
  File "C:\Python37\lib\urllib\request.py", line 525, in open
    response = self._open(req, data)
  File "C:\Python37\lib\urllib\request.py", line 543, in _open
    '_open', req)
  File "C:\Python37\lib\urllib\request.py", line 503, in _call_chain
    result = func(*args)
  File "C:\Python37\lib\urllib\request.py", line 1345, in http_open
    return self.do_open(http.client.HTTPConnection, req)
  File "C:\Python37\lib\urllib\request.py", line 1319, in do_open
    raise URLError(err)
urllib.error.URLError: <urlopen error [WinError 10061] 由于目标计算机积极拒绝，无法连接。>

During handling of the above exception, another exception occurred:

Traceback (most recent call last):
  File "../agvCtrl\agvApi.py", line 39, in init
    _http_get(url + '/api/agv/init', param)
  File "../agvCtrl\agvApi.py", line 60, in _http_get
    r = webutility.http_get(url, param, timeout=45,writelog=False)
  File "C:\Users\Administrator\Desktop\SVN\fastclient\common\webutility.py", line 105, in http_get
    raise Exception("http get",url,params,"error:",str(e))
Exception: ('http get', 'http://127.0.0.1:5551/api/agv/init', {'appName': 'scadaTask'}, 'error:', '<urlopen error [WinError 10061] 由于目标计算机积极拒绝，无法连接。>')

