[CRITICAL]2021-03-17 10:41:31,463: agvApi.init cause a error: ('http get', 'http://127.0.0.1:5551/api/agv/init', {'appName': 'scadaTask'}, 'error:', '<urlopen error [WinError 10061] 由于目标计算机积极拒绝，无法连接。>')
pid=12660, ppid=12520, tid=1660
Traceback (most recent call last):
  File "C:\Python37\lib\urllib\request.py", line 1317, in do_open
    encode_chunked=req.has_header('Transfer-encoding'))
  File "C:\Python37\lib\http\client.py", line 1229, in request
    self._send_request(method, url, body, headers, encode_chunked)
  File "C:\Python37\lib\http\client.py", line 1275, in _send_request
    self.endheaders(body, encode_chunked=encode_chunked)
  File "C:\Python37\lib\http\client.py", line 1224, in endheaders
    self._send_output(message_body, encode_chunked=encode_chunked)
  File "C:\Python37\lib\http\client.py", line 1016, in _send_output
    self.send(msg)
  File "C:\Python37\lib\http\client.py", line 956, in send
    self.connect()
  File "C:\Python37\lib\http\client.py", line 928, in connect
    (self.host,self.port), self.timeout, self.source_address)
  File "C:\Python37\lib\socket.py", line 727, in create_connection
    raise err
  File "C:\Python37\lib\socket.py", line 716, in create_connection
    sock.connect(sa)
ConnectionRefusedError: [WinError 10061] 由于目标计算机积极拒绝，无法连接。

During handling of the above exception, another exception occurred:

Traceback (most recent call last):
  File "C:\Users\Administrator\Desktop\SVN\fastclient\common\webutility.py", line 103, in http_get
    f = urllib.request.urlopen(u,timeout=timeout)
  File "C:\Python37\lib\urllib\request.py", line 222, in urlopen
    return opener.open(url, data, timeout)
  File "C:\Python37\lib\urllib\request.py", line 525, in open
    response = self._open(req, data)
  File "C:\Python37\lib\urllib\request.py", line 543, in _open
    '_open', req)
  File "C:\Python37\lib\urllib\request.py", line 503, in _call_chain
    result = func(*args)
  File "C:\Python37\lib\urllib\request.py", line 1345, in http_open
    return self.do_open(http.client.HTTPConnection, req)
  File "C:\Python37\lib\urllib\request.py", line 1319, in do_open
    raise URLError(err)
urllib.error.URLError: <urlopen error [WinError 10061] 由于目标计算机积极拒绝，无法连接。>

During handling of the above exception, another exception occurred:

Traceback (most recent call last):
  File "../agvCtrl\agvApi.py", line 39, in init
    _http_get(url + '/api/agv/init', param)
  File "../agvCtrl\agvApi.py", line 60, in _http_get
    r = webutility.http_get(url, param, timeout=45,writelog=False)
  File "C:\Users\Administrator\Desktop\SVN\fastclient\common\webutility.py", line 105, in http_get
    raise Exception("http get",url,params,"error:",str(e))
Exception: ('http get', 'http://127.0.0.1:5551/api/agv/init', {'appName': 'scadaTask'}, 'error:', '<urlopen error [WinError 10061] 由于目标计算机积极拒绝，无法连接。>')

[CRITICAL]2021-03-17 10:41:34,525: agvApi.init cause a error: ('http get', 'http://127.0.0.1:5551/api/agv/init', {'appName': 'scadaTask'}, 'error:', '<urlopen error [WinError 10061] 由于目标计算机积极拒绝，无法连接。>')
pid=12660, ppid=12520, tid=1660
Traceback (most recent call last):
  File "C:\Python37\lib\urllib\request.py", line 1317, in do_open
    encode_chunked=req.has_header('Transfer-encoding'))
  File "C:\Python37\lib\http\client.py", line 1229, in request
    self._send_request(method, url, body, headers, encode_chunked)
  File "C:\Python37\lib\http\client.py", line 1275, in _send_request
    self.endheaders(body, encode_chunked=encode_chunked)
  File "C:\Python37\lib\http\client.py", line 1224, in endheaders
    self._send_output(message_body, encode_chunked=encode_chunked)
  File "C:\Python37\lib\http\client.py", line 1016, in _send_output
    self.send(msg)
  File "C:\Python37\lib\http\client.py", line 956, in send
    self.connect()
  File "C:\Python37\lib\http\client.py", line 928, in connect
    (self.host,self.port), self.timeout, self.source_address)
  File "C:\Python37\lib\socket.py", line 727, in create_connection
    raise err
  File "C:\Python37\lib\socket.py", line 716, in create_connection
    sock.connect(sa)
ConnectionRefusedError: [WinError 10061] 由于目标计算机积极拒绝，无法连接。

During handling of the above exception, another exception occurred:

Traceback (most recent call last):
  File "C:\Users\Administrator\Desktop\SVN\fastclient\common\webutility.py", line 103, in http_get
    f = urllib.request.urlopen(u,timeout=timeout)
  File "C:\Python37\lib\urllib\request.py", line 222, in urlopen
    return opener.open(url, data, timeout)
  File "C:\Python37\lib\urllib\request.py", line 525, in open
    response = self._open(req, data)
  File "C:\Python37\lib\urllib\request.py", line 543, in _open
    '_open', req)
  File "C:\Python37\lib\urllib\request.py", line 503, in _call_chain
    result = func(*args)
  File "C:\Python37\lib\urllib\request.py", line 1345, in http_open
    return self.do_open(http.client.HTTPConnection, req)
  File "C:\Python37\lib\urllib\request.py", line 1319, in do_open
    raise URLError(err)
urllib.error.URLError: <urlopen error [WinError 10061] 由于目标计算机积极拒绝，无法连接。>

During handling of the above exception, another exception occurred:

Traceback (most recent call last):
  File "../agvCtrl\agvApi.py", line 39, in init
    _http_get(url + '/api/agv/init', param)
  File "../agvCtrl\agvApi.py", line 60, in _http_get
    r = webutility.http_get(url, param, timeout=45,writelog=False)
  File "C:\Users\Administrator\Desktop\SVN\fastclient\common\webutility.py", line 105, in http_get
    raise Exception("http get",url,params,"error:",str(e))
Exception: ('http get', 'http://127.0.0.1:5551/api/agv/init', {'appName': 'scadaTask'}, 'error:', '<urlopen error [WinError 10061] 由于目标计算机积极拒绝，无法连接。>')

[CRITICAL]2021-03-17 10:43:30,011: taskFunc2:task[60516cc56c05b148fff58795][AGV01] AP188(LM190) -> AP185(LM186) [startMovePreSrc] cause a error: Exception: fp20190712-1.AP788->fp20190712-1.LM190 路径不存在1,agvId=AGV01
pid=12660, ppid=12520, tid=12176
Traceback (most recent call last):
  File "C:\Users\Administrator\Desktop\SVN\fastclient\scadaCtrl\runTasks.py", line 745, in _taskFunc
    elif not self.handle():
  File "C:\Users\Administrator\Desktop\SVN\fastclient\common\lock.py", line 120, in _call
    return func(*p,**pp)
  File "C:\Users\Administrator\Desktop\SVN\fastclient\scadaCtrl\runTasks.py", line 590, in handle
    if not self._moveAgvPrepoint():
  File "C:\Users\Administrator\Desktop\SVN\fastclient\scadaCtrl\runTasks.py", line 847, in _moveAgvPrepoint
    raise e
  File "C:\Users\Administrator\Desktop\SVN\fastclient\scadaCtrl\runTasks.py", line 842, in _moveAgvPrepoint
    agvApi.moveJackdown(self.agvId, self.param["floorId"]+'.'+self.param["location"], self.onFinish, self.param,stepCallback=stepCallback)
  File "../agvCtrl\agvApi.py", line 187, in moveJackdown
    return move(agvId,loc,finishCallback,paramObj,stepCallback)
  File "../agvCtrl\agvApi.py", line 169, in move
    _http_get(url + '/api/agv/move', paramObj)
  File "../agvCtrl\agvApi.py", line 63, in _http_get
    raise Exception(result["errormsg"])
Exception: Exception: fp20190712-1.AP788->fp20190712-1.LM190 路径不存在1,agvId=AGV01

