[INFO]2021-03-16 14:37:44,157: log files at C:\Users\Administrator\Desktop\SVN\fastclient\common\log
[INFO]2021-03-16 14:37:44,160: find module account.main_account
[INFO]2021-03-16 14:37:44,161: find module agvDevice.main_agvDevice
[INFO]2021-03-16 14:37:44,162: find module alarm.main_alarm
[INFO]2021-03-16 14:37:44,163: find module auth.main_auth
[INFO]2021-03-16 14:37:44,165: find module feed.main_feed
[INFO]2021-03-16 14:37:44,167: find module scadaCtrl.main_scadaCtrl
[INFO]2021-03-16 14:37:44,169: find module scadaCtrlEle.main_scadaCtrl
[INFO]2021-03-16 14:37:44,170: import account.main_account
[ERROR]2021-03-16 14:37:44,263: mongo db is disabled
[INFO]2021-03-16 14:37:44,265: import agvDevice.main_agvDevice
[INFO]2021-03-16 14:37:44,267: import alarm.main_alarm
[INFO]2021-03-16 14:37:44,359: create lock <lock name:timer.lock_2196153923232,<unlocked _thread.RLock object owner=0 count=0 at 0x000001FF54F4D648>>
[ERROR]2021-03-16 14:37:44,370: mqtt is disabled
[INFO]2021-03-16 14:37:44,371: mqtt: subscribe [alarm/raise/+]
[INFO]2021-03-16 14:37:44,371: mqtt: subscribe [alarm/clear/+]
[INFO]2021-03-16 14:37:44,404: import auth.main_auth
[INFO]2021-03-16 14:37:44,410: import feed.main_feed
[INFO]2021-03-16 14:37:44,416: create lock <lock name:feedTask.g_lock,<unlocked _thread.RLock object owner=0 count=0 at 0x000001FF550F0968>>
[INFO]2021-03-16 14:37:44,419: create lock <lock name:agvApi.g_lock,<unlocked _thread.RLock object owner=0 count=0 at 0x000001FF550F0D50>>
[INFO]2021-03-16 14:37:44,481: import scadaCtrl.main_scadaCtrl
[INFO]2021-03-16 14:37:44,489: create lock <lock name:agvApi.g_lock,<unlocked _thread.RLock object owner=0 count=0 at 0x000001FF551BDC10>>
[INFO]2021-03-16 14:37:44,527: create lock <lock name:runTasks.g_lock,<unlocked _thread.RLock object owner=0 count=0 at 0x000001FF551BDCB0>>
[INFO]2021-03-16 14:37:44,529: create lock <lock name:runTasks.pre_lock,<unlocked _thread.RLock object owner=0 count=0 at 0x000001FF551BD940>>
[INFO]2021-03-16 14:37:47,539: Mongodb connect to 127.0.0.1 port 27017
[WARNING]2021-03-16 14:37:47,580: MainThread[tid:12584] <lock name:runTasks.g_lock,<locked _thread.RLock object owner=12584 count=1 at 0x000001FF551BDCB0>> ,hold 3049 ms
[INFO]2021-03-16 14:37:47,589: name=MainThread, pid=3768, tid=12584
[01] File "run_all.py", line 57, in <module>() 
[02] File "run_all.py", line 39, in findModule() 
[03] File "<frozen importlib._bootstrap>", line 983, in _find_and_load() 
[04] File "<frozen importlib._bootstrap>", line 967, in _find_and_load_unlocked() 
[05] File "<frozen importlib._bootstrap>", line 677, in _load_unlocked() 
[06] File "<frozen importlib._bootstrap_external>", line 728, in exec_module() 
[07] File "<frozen importlib._bootstrap>", line 219, in _call_with_frames_removed() 
[08] File "C:/Users/Administrator/Desktop/SVN/fastclient/scadaCtrl/main_scadaCtrl.py", line 18, in <module>() 
[09] File "<frozen importlib._bootstrap>", line 983, in _find_and_load() 
[10] File "<frozen importlib._bootstrap>", line 967, in _find_and_load_unlocked() 
[11] File "<frozen importlib._bootstrap>", line 677, in _load_unlocked() 
[12] File "<frozen importlib._bootstrap_external>", line 728, in exec_module() 
[13] File "<frozen importlib._bootstrap>", line 219, in _call_with_frames_removed() 
[14] File "C:/Users/Administrator/Desktop/SVN/fastclient/scadaCtrl/runTasks.py", line 1129, in <module>() 
[15] File "C:/Users/Administrator/Desktop/SVN/fastclient/scadaCtrl/runTasks.py", line 995, in __init__() 
[16] File "C:/Users/Administrator/Desktop/SVN/fastclient/common/lock.py", line 122, in _call() 
[17] File "C:/Users/Administrator/Desktop/SVN/fastclient/common/lock.py", line 100, in release() 
[18] File "C:/Users/Administrator/Desktop/SVN/fastclient/common/enhance.py", line 258, in getTrace() 
[19] File "C:/Users/Administrator/Desktop/SVN/fastclient/common/enhance.py", line 240, in getThreadStack()
[INFO]2021-03-16 14:37:47,599: import scadaCtrlEle.main_scadaCtrl
[SUCC]2021-03-16 14:37:47,621: utility start, pid=3768, ppid=13528
[DEBUG]2021-03-16 14:37:47,624: start timer
[INFO]2021-03-16 14:37:47,634: add_ignore: taskStatus
[INFO]2021-03-16 14:37:47,640: add_ignore: api/elevator/status
[INFO]2021-03-16 14:37:47,643: add_ignore: scada/getTask
[CRITICAL]2021-03-16 14:37:49,715: agvApi.init cause a error: ('http get', 'http://127.0.0.1:5551/api/agv/init', {'appName': 'scadaTask'}, 'error:', '<urlopen error [WinError 10061] 由于目标计算机积极拒绝，无法连接。>')
pid=3768, ppid=13528, tid=13792
Traceback (most recent call last):
  File "C:\Python37\lib\urllib\request.py", line 1317, in do_open
    encode_chunked=req.has_header('Transfer-encoding'))
  File "C:\Python37\lib\http\client.py", line 1229, in request
    self._send_request(method, url, body, headers, encode_chunked)
  File "C:\Python37\lib\http\client.py", line 1275, in _send_request
    self.endheaders(body, encode_chunked=encode_chunked)
  File "C:\Python37\lib\http\client.py", line 1224, in endheaders
    self._send_output(message_body, encode_chunked=encode_chunked)
  File "C:\Python37\lib\http\client.py", line 1016, in _send_output
    self.send(msg)
  File "C:\Python37\lib\http\client.py", line 956, in send
    self.connect()
  File "C:\Python37\lib\http\client.py", line 928, in connect
    (self.host,self.port), self.timeout, self.source_address)
  File "C:\Python37\lib\socket.py", line 727, in create_connection
    raise err
  File "C:\Python37\lib\socket.py", line 716, in create_connection
    sock.connect(sa)
ConnectionRefusedError: [WinError 10061] 由于目标计算机积极拒绝，无法连接。

During handling of the above exception, another exception occurred:

Traceback (most recent call last):
  File "C:\Users\Administrator\Desktop\SVN\fastclient\common\webutility.py", line 103, in http_get
    f = urllib.request.urlopen(u,timeout=timeout)
  File "C:\Python37\lib\urllib\request.py", line 222, in urlopen
    return opener.open(url, data, timeout)
  File "C:\Python37\lib\urllib\request.py", line 525, in open
    response = self._open(req, data)
  File "C:\Python37\lib\urllib\request.py", line 543, in _open
    '_open', req)
  File "C:\Python37\lib\urllib\request.py", line 503, in _call_chain
    result = func(*args)
  File "C:\Python37\lib\urllib\request.py", line 1345, in http_open
    return self.do_open(http.client.HTTPConnection, req)
  File "C:\Python37\lib\urllib\request.py", line 1319, in do_open
    raise URLError(err)
urllib.error.URLError: <urlopen error [WinError 10061] 由于目标计算机积极拒绝，无法连接。>

During handling of the above exception, another exception occurred:

Traceback (most recent call last):
  File "../agvCtrl\agvApi.py", line 39, in init
    _http_get(url + '/api/agv/init', param)
  File "../agvCtrl\agvApi.py", line 60, in _http_get
    r = webutility.http_get(url, param, timeout=45,writelog=False)
  File "C:\Users\Administrator\Desktop\SVN\fastclient\common\webutility.py", line 105, in http_get
    raise Exception("http get",url,params,"error:",str(e))
Exception: ('http get', 'http://127.0.0.1:5551/api/agv/init', {'appName': 'scadaTask'}, 'error:', '<urlopen error [WinError 10061] 由于目标计算机积极拒绝，无法连接。>')

[CRITICAL]2021-03-16 14:37:52,788: agvApi.init cause a error: ('http get', 'http://127.0.0.1:5551/api/agv/init', {'appName': 'scadaTask'}, 'error:', '<urlopen error [WinError 10061] 由于目标计算机积极拒绝，无法连接。>')
pid=3768, ppid=13528, tid=13792
Traceback (most recent call last):
  File "C:\Python37\lib\urllib\request.py", line 1317, in do_open
    encode_chunked=req.has_header('Transfer-encoding'))
  File "C:\Python37\lib\http\client.py", line 1229, in request
    self._send_request(method, url, body, headers, encode_chunked)
  File "C:\Python37\lib\http\client.py", line 1275, in _send_request
    self.endheaders(body, encode_chunked=encode_chunked)
  File "C:\Python37\lib\http\client.py", line 1224, in endheaders
    self._send_output(message_body, encode_chunked=encode_chunked)
  File "C:\Python37\lib\http\client.py", line 1016, in _send_output
    self.send(msg)
  File "C:\Python37\lib\http\client.py", line 956, in send
    self.connect()
  File "C:\Python37\lib\http\client.py", line 928, in connect
    (self.host,self.port), self.timeout, self.source_address)
  File "C:\Python37\lib\socket.py", line 727, in create_connection
    raise err
  File "C:\Python37\lib\socket.py", line 716, in create_connection
    sock.connect(sa)
ConnectionRefusedError: [WinError 10061] 由于目标计算机积极拒绝，无法连接。

During handling of the above exception, another exception occurred:

Traceback (most recent call last):
  File "C:\Users\Administrator\Desktop\SVN\fastclient\common\webutility.py", line 103, in http_get
    f = urllib.request.urlopen(u,timeout=timeout)
  File "C:\Python37\lib\urllib\request.py", line 222, in urlopen
    return opener.open(url, data, timeout)
  File "C:\Python37\lib\urllib\request.py", line 525, in open
    response = self._open(req, data)
  File "C:\Python37\lib\urllib\request.py", line 543, in _open
    '_open', req)
  File "C:\Python37\lib\urllib\request.py", line 503, in _call_chain
    result = func(*args)
  File "C:\Python37\lib\urllib\request.py", line 1345, in http_open
    return self.do_open(http.client.HTTPConnection, req)
  File "C:\Python37\lib\urllib\request.py", line 1319, in do_open
    raise URLError(err)
urllib.error.URLError: <urlopen error [WinError 10061] 由于目标计算机积极拒绝，无法连接。>

During handling of the above exception, another exception occurred:

Traceback (most recent call last):
  File "../agvCtrl\agvApi.py", line 39, in init
    _http_get(url + '/api/agv/init', param)
  File "../agvCtrl\agvApi.py", line 60, in _http_get
    r = webutility.http_get(url, param, timeout=45,writelog=False)
  File "C:\Users\Administrator\Desktop\SVN\fastclient\common\webutility.py", line 105, in http_get
    raise Exception("http get",url,params,"error:",str(e))
Exception: ('http get', 'http://127.0.0.1:5551/api/agv/init', {'appName': 'scadaTask'}, 'error:', '<urlopen error [WinError 10061] 由于目标计算机积极拒绝，无法连接。>')

[CRITICAL]2021-03-16 14:37:55,887: agvApi.init cause a error: ('http get', 'http://127.0.0.1:5551/api/agv/init', {'appName': 'scadaTask'}, 'error:', '<urlopen error [WinError 10061] 由于目标计算机积极拒绝，无法连接。>')
pid=3768, ppid=13528, tid=13792
Traceback (most recent call last):
  File "C:\Python37\lib\urllib\request.py", line 1317, in do_open
    encode_chunked=req.has_header('Transfer-encoding'))
  File "C:\Python37\lib\http\client.py", line 1229, in request
    self._send_request(method, url, body, headers, encode_chunked)
  File "C:\Python37\lib\http\client.py", line 1275, in _send_request
    self.endheaders(body, encode_chunked=encode_chunked)
  File "C:\Python37\lib\http\client.py", line 1224, in endheaders
    self._send_output(message_body, encode_chunked=encode_chunked)
  File "C:\Python37\lib\http\client.py", line 1016, in _send_output
    self.send(msg)
  File "C:\Python37\lib\http\client.py", line 956, in send
    self.connect()
  File "C:\Python37\lib\http\client.py", line 928, in connect
    (self.host,self.port), self.timeout, self.source_address)
  File "C:\Python37\lib\socket.py", line 727, in create_connection
    raise err
  File "C:\Python37\lib\socket.py", line 716, in create_connection
    sock.connect(sa)
ConnectionRefusedError: [WinError 10061] 由于目标计算机积极拒绝，无法连接。

During handling of the above exception, another exception occurred:

Traceback (most recent call last):
  File "C:\Users\Administrator\Desktop\SVN\fastclient\common\webutility.py", line 103, in http_get
    f = urllib.request.urlopen(u,timeout=timeout)
  File "C:\Python37\lib\urllib\request.py", line 222, in urlopen
    return opener.open(url, data, timeout)
  File "C:\Python37\lib\urllib\request.py", line 525, in open
    response = self._open(req, data)
  File "C:\Python37\lib\urllib\request.py", line 543, in _open
    '_open', req)
  File "C:\Python37\lib\urllib\request.py", line 503, in _call_chain
    result = func(*args)
  File "C:\Python37\lib\urllib\request.py", line 1345, in http_open
    return self.do_open(http.client.HTTPConnection, req)
  File "C:\Python37\lib\urllib\request.py", line 1319, in do_open
    raise URLError(err)
urllib.error.URLError: <urlopen error [WinError 10061] 由于目标计算机积极拒绝，无法连接。>

During handling of the above exception, another exception occurred:

Traceback (most recent call last):
  File "../agvCtrl\agvApi.py", line 39, in init
    _http_get(url + '/api/agv/init', param)
  File "../agvCtrl\agvApi.py", line 60, in _http_get
    r = webutility.http_get(url, param, timeout=45,writelog=False)
  File "C:\Users\Administrator\Desktop\SVN\fastclient\common\webutility.py", line 105, in http_get
    raise Exception("http get",url,params,"error:",str(e))
Exception: ('http get', 'http://127.0.0.1:5551/api/agv/init', {'appName': 'scadaTask'}, 'error:', '<urlopen error [WinError 10061] 由于目标计算机积极拒绝，无法连接。>')

[CRITICAL]2021-03-16 14:38:01,229: agvApi.init cause a error: ('http get', 'http://127.0.0.1:5551/api/agv/init', {'appName': 'scadaTask'}, 'error:', '<urlopen error [WinError 10061] 由于目标计算机积极拒绝，无法连接。>')
pid=3768, ppid=13528, tid=13792
Traceback (most recent call last):
  File "C:\Python37\lib\urllib\request.py", line 1317, in do_open
    encode_chunked=req.has_header('Transfer-encoding'))
  File "C:\Python37\lib\http\client.py", line 1229, in request
    self._send_request(method, url, body, headers, encode_chunked)
  File "C:\Python37\lib\http\client.py", line 1275, in _send_request
    self.endheaders(body, encode_chunked=encode_chunked)
  File "C:\Python37\lib\http\client.py", line 1224, in endheaders
    self._send_output(message_body, encode_chunked=encode_chunked)
  File "C:\Python37\lib\http\client.py", line 1016, in _send_output
    self.send(msg)
  File "C:\Python37\lib\http\client.py", line 956, in send
    self.connect()
  File "C:\Python37\lib\http\client.py", line 928, in connect
    (self.host,self.port), self.timeout, self.source_address)
  File "C:\Python37\lib\socket.py", line 727, in create_connection
    raise err
  File "C:\Python37\lib\socket.py", line 716, in create_connection
    sock.connect(sa)
ConnectionRefusedError: [WinError 10061] 由于目标计算机积极拒绝，无法连接。

During handling of the above exception, another exception occurred:

Traceback (most recent call last):
  File "C:\Users\Administrator\Desktop\SVN\fastclient\common\webutility.py", line 103, in http_get
    f = urllib.request.urlopen(u,timeout=timeout)
  File "C:\Python37\lib\urllib\request.py", line 222, in urlopen
    return opener.open(url, data, timeout)
  File "C:\Python37\lib\urllib\request.py", line 525, in open
    response = self._open(req, data)
  File "C:\Python37\lib\urllib\request.py", line 543, in _open
    '_open', req)
  File "C:\Python37\lib\urllib\request.py", line 503, in _call_chain
    result = func(*args)
  File "C:\Python37\lib\urllib\request.py", line 1345, in http_open
    return self.do_open(http.client.HTTPConnection, req)
  File "C:\Python37\lib\urllib\request.py", line 1319, in do_open
    raise URLError(err)
urllib.error.URLError: <urlopen error [WinError 10061] 由于目标计算机积极拒绝，无法连接。>

During handling of the above exception, another exception occurred:

Traceback (most recent call last):
  File "../agvCtrl\agvApi.py", line 39, in init
    _http_get(url + '/api/agv/init', param)
  File "../agvCtrl\agvApi.py", line 60, in _http_get
    r = webutility.http_get(url, param, timeout=45,writelog=False)
  File "C:\Users\Administrator\Desktop\SVN\fastclient\common\webutility.py", line 105, in http_get
    raise Exception("http get",url,params,"error:",str(e))
Exception: ('http get', 'http://127.0.0.1:5551/api/agv/init', {'appName': 'scadaTask'}, 'error:', '<urlopen error [WinError 10061] 由于目标计算机积极拒绝，无法连接。>')

[CRITICAL]2021-03-16 14:38:04,296: agvApi.init cause a error: ('http get', 'http://127.0.0.1:5551/api/agv/init', {'appName': 'scadaTask'}, 'error:', '<urlopen error [WinError 10061] 由于目标计算机积极拒绝，无法连接。>')
pid=3768, ppid=13528, tid=13792
Traceback (most recent call last):
  File "C:\Python37\lib\urllib\request.py", line 1317, in do_open
    encode_chunked=req.has_header('Transfer-encoding'))
  File "C:\Python37\lib\http\client.py", line 1229, in request
    self._send_request(method, url, body, headers, encode_chunked)
  File "C:\Python37\lib\http\client.py", line 1275, in _send_request
    self.endheaders(body, encode_chunked=encode_chunked)
  File "C:\Python37\lib\http\client.py", line 1224, in endheaders
    self._send_output(message_body, encode_chunked=encode_chunked)
  File "C:\Python37\lib\http\client.py", line 1016, in _send_output
    self.send(msg)
  File "C:\Python37\lib\http\client.py", line 956, in send
    self.connect()
  File "C:\Python37\lib\http\client.py", line 928, in connect
    (self.host,self.port), self.timeout, self.source_address)
  File "C:\Python37\lib\socket.py", line 727, in create_connection
    raise err
  File "C:\Python37\lib\socket.py", line 716, in create_connection
    sock.connect(sa)
ConnectionRefusedError: [WinError 10061] 由于目标计算机积极拒绝，无法连接。

During handling of the above exception, another exception occurred:

Traceback (most recent call last):
  File "C:\Users\Administrator\Desktop\SVN\fastclient\common\webutility.py", line 103, in http_get
    f = urllib.request.urlopen(u,timeout=timeout)
  File "C:\Python37\lib\urllib\request.py", line 222, in urlopen
    return opener.open(url, data, timeout)
  File "C:\Python37\lib\urllib\request.py", line 525, in open
    response = self._open(req, data)
  File "C:\Python37\lib\urllib\request.py", line 543, in _open
    '_open', req)
  File "C:\Python37\lib\urllib\request.py", line 503, in _call_chain
    result = func(*args)
  File "C:\Python37\lib\urllib\request.py", line 1345, in http_open
    return self.do_open(http.client.HTTPConnection, req)
  File "C:\Python37\lib\urllib\request.py", line 1319, in do_open
    raise URLError(err)
urllib.error.URLError: <urlopen error [WinError 10061] 由于目标计算机积极拒绝，无法连接。>

During handling of the above exception, another exception occurred:

Traceback (most recent call last):
  File "../agvCtrl\agvApi.py", line 39, in init
    _http_get(url + '/api/agv/init', param)
  File "../agvCtrl\agvApi.py", line 60, in _http_get
    r = webutility.http_get(url, param, timeout=45,writelog=False)
  File "C:\Users\Administrator\Desktop\SVN\fastclient\common\webutility.py", line 105, in http_get
    raise Exception("http get",url,params,"error:",str(e))
Exception: ('http get', 'http://127.0.0.1:5551/api/agv/init', {'appName': 'scadaTask'}, 'error:', '<urlopen error [WinError 10061] 由于目标计算机积极拒绝，无法连接。>')

[CRITICAL]2021-03-16 14:38:07,393: agvApi.init cause a error: ('http get', 'http://127.0.0.1:5551/api/agv/init', {'appName': 'scadaTask'}, 'error:', '<urlopen error [WinError 10061] 由于目标计算机积极拒绝，无法连接。>')
pid=3768, ppid=13528, tid=13792
Traceback (most recent call last):
  File "C:\Python37\lib\urllib\request.py", line 1317, in do_open
    encode_chunked=req.has_header('Transfer-encoding'))
  File "C:\Python37\lib\http\client.py", line 1229, in request
    self._send_request(method, url, body, headers, encode_chunked)
  File "C:\Python37\lib\http\client.py", line 1275, in _send_request
    self.endheaders(body, encode_chunked=encode_chunked)
  File "C:\Python37\lib\http\client.py", line 1224, in endheaders
    self._send_output(message_body, encode_chunked=encode_chunked)
  File "C:\Python37\lib\http\client.py", line 1016, in _send_output
    self.send(msg)
  File "C:\Python37\lib\http\client.py", line 956, in send
    self.connect()
  File "C:\Python37\lib\http\client.py", line 928, in connect
    (self.host,self.port), self.timeout, self.source_address)
  File "C:\Python37\lib\socket.py", line 727, in create_connection
    raise err
  File "C:\Python37\lib\socket.py", line 716, in create_connection
    sock.connect(sa)
ConnectionRefusedError: [WinError 10061] 由于目标计算机积极拒绝，无法连接。

During handling of the above exception, another exception occurred:

Traceback (most recent call last):
  File "C:\Users\Administrator\Desktop\SVN\fastclient\common\webutility.py", line 103, in http_get
    f = urllib.request.urlopen(u,timeout=timeout)
  File "C:\Python37\lib\urllib\request.py", line 222, in urlopen
    return opener.open(url, data, timeout)
  File "C:\Python37\lib\urllib\request.py", line 525, in open
    response = self._open(req, data)
  File "C:\Python37\lib\urllib\request.py", line 543, in _open
    '_open', req)
  File "C:\Python37\lib\urllib\request.py", line 503, in _call_chain
    result = func(*args)
  File "C:\Python37\lib\urllib\request.py", line 1345, in http_open
    return self.do_open(http.client.HTTPConnection, req)
  File "C:\Python37\lib\urllib\request.py", line 1319, in do_open
    raise URLError(err)
urllib.error.URLError: <urlopen error [WinError 10061] 由于目标计算机积极拒绝，无法连接。>

During handling of the above exception, another exception occurred:

Traceback (most recent call last):
  File "../agvCtrl\agvApi.py", line 39, in init
    _http_get(url + '/api/agv/init', param)
  File "../agvCtrl\agvApi.py", line 60, in _http_get
    r = webutility.http_get(url, param, timeout=45,writelog=False)
  File "C:\Users\Administrator\Desktop\SVN\fastclient\common\webutility.py", line 105, in http_get
    raise Exception("http get",url,params,"error:",str(e))
Exception: ('http get', 'http://127.0.0.1:5551/api/agv/init', {'appName': 'scadaTask'}, 'error:', '<urlopen error [WinError 10061] 由于目标计算机积极拒绝，无法连接。>')

[CRITICAL]2021-03-16 14:38:10,488: agvApi.init cause a error: ('http get', 'http://127.0.0.1:5551/api/agv/init', {'appName': 'scadaTask'}, 'error:', '<urlopen error [WinError 10061] 由于目标计算机积极拒绝，无法连接。>')
pid=3768, ppid=13528, tid=13792
Traceback (most recent call last):
  File "C:\Python37\lib\urllib\request.py", line 1317, in do_open
    encode_chunked=req.has_header('Transfer-encoding'))
  File "C:\Python37\lib\http\client.py", line 1229, in request
    self._send_request(method, url, body, headers, encode_chunked)
  File "C:\Python37\lib\http\client.py", line 1275, in _send_request
    self.endheaders(body, encode_chunked=encode_chunked)
  File "C:\Python37\lib\http\client.py", line 1224, in endheaders
    self._send_output(message_body, encode_chunked=encode_chunked)
  File "C:\Python37\lib\http\client.py", line 1016, in _send_output
    self.send(msg)
  File "C:\Python37\lib\http\client.py", line 956, in send
    self.connect()
  File "C:\Python37\lib\http\client.py", line 928, in connect
    (self.host,self.port), self.timeout, self.source_address)
  File "C:\Python37\lib\socket.py", line 727, in create_connection
    raise err
  File "C:\Python37\lib\socket.py", line 716, in create_connection
    sock.connect(sa)
ConnectionRefusedError: [WinError 10061] 由于目标计算机积极拒绝，无法连接。

During handling of the above exception, another exception occurred:

Traceback (most recent call last):
  File "C:\Users\Administrator\Desktop\SVN\fastclient\common\webutility.py", line 103, in http_get
    f = urllib.request.urlopen(u,timeout=timeout)
  File "C:\Python37\lib\urllib\request.py", line 222, in urlopen
    return opener.open(url, data, timeout)
  File "C:\Python37\lib\urllib\request.py", line 525, in open
    response = self._open(req, data)
  File "C:\Python37\lib\urllib\request.py", line 543, in _open
    '_open', req)
  File "C:\Python37\lib\urllib\request.py", line 503, in _call_chain
    result = func(*args)
  File "C:\Python37\lib\urllib\request.py", line 1345, in http_open
    return self.do_open(http.client.HTTPConnection, req)
  File "C:\Python37\lib\urllib\request.py", line 1319, in do_open
    raise URLError(err)
urllib.error.URLError: <urlopen error [WinError 10061] 由于目标计算机积极拒绝，无法连接。>

During handling of the above exception, another exception occurred:

Traceback (most recent call last):
  File "../agvCtrl\agvApi.py", line 39, in init
    _http_get(url + '/api/agv/init', param)
  File "../agvCtrl\agvApi.py", line 60, in _http_get
    r = webutility.http_get(url, param, timeout=45,writelog=False)
  File "C:\Users\Administrator\Desktop\SVN\fastclient\common\webutility.py", line 105, in http_get
    raise Exception("http get",url,params,"error:",str(e))
Exception: ('http get', 'http://127.0.0.1:5551/api/agv/init', {'appName': 'scadaTask'}, 'error:', '<urlopen error [WinError 10061] 由于目标计算机积极拒绝，无法连接。>')

[CRITICAL]2021-03-16 14:38:13,565: agvApi.init cause a error: ('http get', 'http://127.0.0.1:5551/api/agv/init', {'appName': 'scadaTask'}, 'error:', '<urlopen error [WinError 10061] 由于目标计算机积极拒绝，无法连接。>')
pid=3768, ppid=13528, tid=13792
Traceback (most recent call last):
  File "C:\Python37\lib\urllib\request.py", line 1317, in do_open
    encode_chunked=req.has_header('Transfer-encoding'))
  File "C:\Python37\lib\http\client.py", line 1229, in request
    self._send_request(method, url, body, headers, encode_chunked)
  File "C:\Python37\lib\http\client.py", line 1275, in _send_request
    self.endheaders(body, encode_chunked=encode_chunked)
  File "C:\Python37\lib\http\client.py", line 1224, in endheaders
    self._send_output(message_body, encode_chunked=encode_chunked)
  File "C:\Python37\lib\http\client.py", line 1016, in _send_output
    self.send(msg)
  File "C:\Python37\lib\http\client.py", line 956, in send
    self.connect()
  File "C:\Python37\lib\http\client.py", line 928, in connect
    (self.host,self.port), self.timeout, self.source_address)
  File "C:\Python37\lib\socket.py", line 727, in create_connection
    raise err
  File "C:\Python37\lib\socket.py", line 716, in create_connection
    sock.connect(sa)
ConnectionRefusedError: [WinError 10061] 由于目标计算机积极拒绝，无法连接。

During handling of the above exception, another exception occurred:

Traceback (most recent call last):
  File "C:\Users\Administrator\Desktop\SVN\fastclient\common\webutility.py", line 103, in http_get
    f = urllib.request.urlopen(u,timeout=timeout)
  File "C:\Python37\lib\urllib\request.py", line 222, in urlopen
    return opener.open(url, data, timeout)
  File "C:\Python37\lib\urllib\request.py", line 525, in open
    response = self._open(req, data)
  File "C:\Python37\lib\urllib\request.py", line 543, in _open
    '_open', req)
  File "C:\Python37\lib\urllib\request.py", line 503, in _call_chain
    result = func(*args)
  File "C:\Python37\lib\urllib\request.py", line 1345, in http_open
    return self.do_open(http.client.HTTPConnection, req)
  File "C:\Python37\lib\urllib\request.py", line 1319, in do_open
    raise URLError(err)
urllib.error.URLError: <urlopen error [WinError 10061] 由于目标计算机积极拒绝，无法连接。>

During handling of the above exception, another exception occurred:

Traceback (most recent call last):
  File "../agvCtrl\agvApi.py", line 39, in init
    _http_get(url + '/api/agv/init', param)
  File "../agvCtrl\agvApi.py", line 60, in _http_get
    r = webutility.http_get(url, param, timeout=45,writelog=False)
  File "C:\Users\Administrator\Desktop\SVN\fastclient\common\webutility.py", line 105, in http_get
    raise Exception("http get",url,params,"error:",str(e))
Exception: ('http get', 'http://127.0.0.1:5551/api/agv/init', {'appName': 'scadaTask'}, 'error:', '<urlopen error [WinError 10061] 由于目标计算机积极拒绝，无法连接。>')

[CRITICAL]2021-03-16 14:38:16,648: agvApi.init cause a error: ('http get', 'http://127.0.0.1:5551/api/agv/init', {'appName': 'scadaTask'}, 'error:', '<urlopen error [WinError 10061] 由于目标计算机积极拒绝，无法连接。>')
pid=3768, ppid=13528, tid=13792
Traceback (most recent call last):
  File "C:\Python37\lib\urllib\request.py", line 1317, in do_open
    encode_chunked=req.has_header('Transfer-encoding'))
  File "C:\Python37\lib\http\client.py", line 1229, in request
    self._send_request(method, url, body, headers, encode_chunked)
  File "C:\Python37\lib\http\client.py", line 1275, in _send_request
    self.endheaders(body, encode_chunked=encode_chunked)
  File "C:\Python37\lib\http\client.py", line 1224, in endheaders
    self._send_output(message_body, encode_chunked=encode_chunked)
  File "C:\Python37\lib\http\client.py", line 1016, in _send_output
    self.send(msg)
  File "C:\Python37\lib\http\client.py", line 956, in send
    self.connect()
  File "C:\Python37\lib\http\client.py", line 928, in connect
    (self.host,self.port), self.timeout, self.source_address)
  File "C:\Python37\lib\socket.py", line 727, in create_connection
    raise err
  File "C:\Python37\lib\socket.py", line 716, in create_connection
    sock.connect(sa)
ConnectionRefusedError: [WinError 10061] 由于目标计算机积极拒绝，无法连接。

During handling of the above exception, another exception occurred:

Traceback (most recent call last):
  File "C:\Users\Administrator\Desktop\SVN\fastclient\common\webutility.py", line 103, in http_get
    f = urllib.request.urlopen(u,timeout=timeout)
  File "C:\Python37\lib\urllib\request.py", line 222, in urlopen
    return opener.open(url, data, timeout)
  File "C:\Python37\lib\urllib\request.py", line 525, in open
    response = self._open(req, data)
  File "C:\Python37\lib\urllib\request.py", line 543, in _open
    '_open', req)
  File "C:\Python37\lib\urllib\request.py", line 503, in _call_chain
    result = func(*args)
  File "C:\Python37\lib\urllib\request.py", line 1345, in http_open
    return self.do_open(http.client.HTTPConnection, req)
  File "C:\Python37\lib\urllib\request.py", line 1319, in do_open
    raise URLError(err)
urllib.error.URLError: <urlopen error [WinError 10061] 由于目标计算机积极拒绝，无法连接。>

During handling of the above exception, another exception occurred:

Traceback (most recent call last):
  File "../agvCtrl\agvApi.py", line 39, in init
    _http_get(url + '/api/agv/init', param)
  File "../agvCtrl\agvApi.py", line 60, in _http_get
    r = webutility.http_get(url, param, timeout=45,writelog=False)
  File "C:\Users\Administrator\Desktop\SVN\fastclient\common\webutility.py", line 105, in http_get
    raise Exception("http get",url,params,"error:",str(e))
Exception: ('http get', 'http://127.0.0.1:5551/api/agv/init', {'appName': 'scadaTask'}, 'error:', '<urlopen error [WinError 10061] 由于目标计算机积极拒绝，无法连接。>')

[CRITICAL]2021-03-16 14:38:19,728: agvApi.init cause a error: ('http get', 'http://127.0.0.1:5551/api/agv/init', {'appName': 'scadaTask'}, 'error:', '<urlopen error [WinError 10061] 由于目标计算机积极拒绝，无法连接。>')
pid=3768, ppid=13528, tid=13792
Traceback (most recent call last):
  File "C:\Python37\lib\urllib\request.py", line 1317, in do_open
    encode_chunked=req.has_header('Transfer-encoding'))
  File "C:\Python37\lib\http\client.py", line 1229, in request
    self._send_request(method, url, body, headers, encode_chunked)
  File "C:\Python37\lib\http\client.py", line 1275, in _send_request
    self.endheaders(body, encode_chunked=encode_chunked)
  File "C:\Python37\lib\http\client.py", line 1224, in endheaders
    self._send_output(message_body, encode_chunked=encode_chunked)
  File "C:\Python37\lib\http\client.py", line 1016, in _send_output
    self.send(msg)
  File "C:\Python37\lib\http\client.py", line 956, in send
    self.connect()
  File "C:\Python37\lib\http\client.py", line 928, in connect
    (self.host,self.port), self.timeout, self.source_address)
  File "C:\Python37\lib\socket.py", line 727, in create_connection
    raise err
  File "C:\Python37\lib\socket.py", line 716, in create_connection
    sock.connect(sa)
ConnectionRefusedError: [WinError 10061] 由于目标计算机积极拒绝，无法连接。

During handling of the above exception, another exception occurred:

Traceback (most recent call last):
  File "C:\Users\Administrator\Desktop\SVN\fastclient\common\webutility.py", line 103, in http_get
    f = urllib.request.urlopen(u,timeout=timeout)
  File "C:\Python37\lib\urllib\request.py", line 222, in urlopen
    return opener.open(url, data, timeout)
  File "C:\Python37\lib\urllib\request.py", line 525, in open
    response = self._open(req, data)
  File "C:\Python37\lib\urllib\request.py", line 543, in _open
    '_open', req)
  File "C:\Python37\lib\urllib\request.py", line 503, in _call_chain
    result = func(*args)
  File "C:\Python37\lib\urllib\request.py", line 1345, in http_open
    return self.do_open(http.client.HTTPConnection, req)
  File "C:\Python37\lib\urllib\request.py", line 1319, in do_open
    raise URLError(err)
urllib.error.URLError: <urlopen error [WinError 10061] 由于目标计算机积极拒绝，无法连接。>

During handling of the above exception, another exception occurred:

Traceback (most recent call last):
  File "../agvCtrl\agvApi.py", line 39, in init
    _http_get(url + '/api/agv/init', param)
  File "../agvCtrl\agvApi.py", line 60, in _http_get
    r = webutility.http_get(url, param, timeout=45,writelog=False)
  File "C:\Users\Administrator\Desktop\SVN\fastclient\common\webutility.py", line 105, in http_get
    raise Exception("http get",url,params,"error:",str(e))
Exception: ('http get', 'http://127.0.0.1:5551/api/agv/init', {'appName': 'scadaTask'}, 'error:', '<urlopen error [WinError 10061] 由于目标计算机积极拒绝，无法连接。>')

[CRITICAL]2021-03-16 14:38:22,803: agvApi.init cause a error: ('http get', 'http://127.0.0.1:5551/api/agv/init', {'appName': 'scadaTask'}, 'error:', '<urlopen error [WinError 10061] 由于目标计算机积极拒绝，无法连接。>')
pid=3768, ppid=13528, tid=13792
Traceback (most recent call last):
  File "C:\Python37\lib\urllib\request.py", line 1317, in do_open
    encode_chunked=req.has_header('Transfer-encoding'))
  File "C:\Python37\lib\http\client.py", line 1229, in request
    self._send_request(method, url, body, headers, encode_chunked)
  File "C:\Python37\lib\http\client.py", line 1275, in _send_request
    self.endheaders(body, encode_chunked=encode_chunked)
  File "C:\Python37\lib\http\client.py", line 1224, in endheaders
    self._send_output(message_body, encode_chunked=encode_chunked)
  File "C:\Python37\lib\http\client.py", line 1016, in _send_output
    self.send(msg)
  File "C:\Python37\lib\http\client.py", line 956, in send
    self.connect()
  File "C:\Python37\lib\http\client.py", line 928, in connect
    (self.host,self.port), self.timeout, self.source_address)
  File "C:\Python37\lib\socket.py", line 727, in create_connection
    raise err
  File "C:\Python37\lib\socket.py", line 716, in create_connection
    sock.connect(sa)
ConnectionRefusedError: [WinError 10061] 由于目标计算机积极拒绝，无法连接。

During handling of the above exception, another exception occurred:

Traceback (most recent call last):
  File "C:\Users\Administrator\Desktop\SVN\fastclient\common\webutility.py", line 103, in http_get
    f = urllib.request.urlopen(u,timeout=timeout)
  File "C:\Python37\lib\urllib\request.py", line 222, in urlopen
    return opener.open(url, data, timeout)
  File "C:\Python37\lib\urllib\request.py", line 525, in open
    response = self._open(req, data)
  File "C:\Python37\lib\urllib\request.py", line 543, in _open
    '_open', req)
  File "C:\Python37\lib\urllib\request.py", line 503, in _call_chain
    result = func(*args)
  File "C:\Python37\lib\urllib\request.py", line 1345, in http_open
    return self.do_open(http.client.HTTPConnection, req)
  File "C:\Python37\lib\urllib\request.py", line 1319, in do_open
    raise URLError(err)
urllib.error.URLError: <urlopen error [WinError 10061] 由于目标计算机积极拒绝，无法连接。>

During handling of the above exception, another exception occurred:

Traceback (most recent call last):
  File "../agvCtrl\agvApi.py", line 39, in init
    _http_get(url + '/api/agv/init', param)
  File "../agvCtrl\agvApi.py", line 60, in _http_get
    r = webutility.http_get(url, param, timeout=45,writelog=False)
  File "C:\Users\Administrator\Desktop\SVN\fastclient\common\webutility.py", line 105, in http_get
    raise Exception("http get",url,params,"error:",str(e))
Exception: ('http get', 'http://127.0.0.1:5551/api/agv/init', {'appName': 'scadaTask'}, 'error:', '<urlopen error [WinError 10061] 由于目标计算机积极拒绝，无法连接。>')

[CRITICAL]2021-03-16 14:38:25,901: agvApi.init cause a error: ('http get', 'http://127.0.0.1:5551/api/agv/init', {'appName': 'scadaTask'}, 'error:', '<urlopen error [WinError 10061] 由于目标计算机积极拒绝，无法连接。>')
pid=3768, ppid=13528, tid=13792
Traceback (most recent call last):
  File "C:\Python37\lib\urllib\request.py", line 1317, in do_open
    encode_chunked=req.has_header('Transfer-encoding'))
  File "C:\Python37\lib\http\client.py", line 1229, in request
    self._send_request(method, url, body, headers, encode_chunked)
  File "C:\Python37\lib\http\client.py", line 1275, in _send_request
    self.endheaders(body, encode_chunked=encode_chunked)
  File "C:\Python37\lib\http\client.py", line 1224, in endheaders
    self._send_output(message_body, encode_chunked=encode_chunked)
  File "C:\Python37\lib\http\client.py", line 1016, in _send_output
    self.send(msg)
  File "C:\Python37\lib\http\client.py", line 956, in send
    self.connect()
  File "C:\Python37\lib\http\client.py", line 928, in connect
    (self.host,self.port), self.timeout, self.source_address)
  File "C:\Python37\lib\socket.py", line 727, in create_connection
    raise err
  File "C:\Python37\lib\socket.py", line 716, in create_connection
    sock.connect(sa)
ConnectionRefusedError: [WinError 10061] 由于目标计算机积极拒绝，无法连接。

During handling of the above exception, another exception occurred:

Traceback (most recent call last):
  File "C:\Users\Administrator\Desktop\SVN\fastclient\common\webutility.py", line 103, in http_get
    f = urllib.request.urlopen(u,timeout=timeout)
  File "C:\Python37\lib\urllib\request.py", line 222, in urlopen
    return opener.open(url, data, timeout)
  File "C:\Python37\lib\urllib\request.py", line 525, in open
    response = self._open(req, data)
  File "C:\Python37\lib\urllib\request.py", line 543, in _open
    '_open', req)
  File "C:\Python37\lib\urllib\request.py", line 503, in _call_chain
    result = func(*args)
  File "C:\Python37\lib\urllib\request.py", line 1345, in http_open
    return self.do_open(http.client.HTTPConnection, req)
  File "C:\Python37\lib\urllib\request.py", line 1319, in do_open
    raise URLError(err)
urllib.error.URLError: <urlopen error [WinError 10061] 由于目标计算机积极拒绝，无法连接。>

During handling of the above exception, another exception occurred:

Traceback (most recent call last):
  File "../agvCtrl\agvApi.py", line 39, in init
    _http_get(url + '/api/agv/init', param)
  File "../agvCtrl\agvApi.py", line 60, in _http_get
    r = webutility.http_get(url, param, timeout=45,writelog=False)
  File "C:\Users\Administrator\Desktop\SVN\fastclient\common\webutility.py", line 105, in http_get
    raise Exception("http get",url,params,"error:",str(e))
Exception: ('http get', 'http://127.0.0.1:5551/api/agv/init', {'appName': 'scadaTask'}, 'error:', '<urlopen error [WinError 10061] 由于目标计算机积极拒绝，无法连接。>')

[CRITICAL]2021-03-16 14:38:28,952: agvApi.init cause a error: ('http get', 'http://127.0.0.1:5551/api/agv/init', {'appName': 'scadaTask'}, 'error:', '<urlopen error [WinError 10061] 由于目标计算机积极拒绝，无法连接。>')
pid=3768, ppid=13528, tid=13792
Traceback (most recent call last):
  File "C:\Python37\lib\urllib\request.py", line 1317, in do_open
    encode_chunked=req.has_header('Transfer-encoding'))
  File "C:\Python37\lib\http\client.py", line 1229, in request
    self._send_request(method, url, body, headers, encode_chunked)
  File "C:\Python37\lib\http\client.py", line 1275, in _send_request
    self.endheaders(body, encode_chunked=encode_chunked)
  File "C:\Python37\lib\http\client.py", line 1224, in endheaders
    self._send_output(message_body, encode_chunked=encode_chunked)
  File "C:\Python37\lib\http\client.py", line 1016, in _send_output
    self.send(msg)
  File "C:\Python37\lib\http\client.py", line 956, in send
    self.connect()
  File "C:\Python37\lib\http\client.py", line 928, in connect
    (self.host,self.port), self.timeout, self.source_address)
  File "C:\Python37\lib\socket.py", line 727, in create_connection
    raise err
  File "C:\Python37\lib\socket.py", line 716, in create_connection
    sock.connect(sa)
ConnectionRefusedError: [WinError 10061] 由于目标计算机积极拒绝，无法连接。

During handling of the above exception, another exception occurred:

Traceback (most recent call last):
  File "C:\Users\Administrator\Desktop\SVN\fastclient\common\webutility.py", line 103, in http_get
    f = urllib.request.urlopen(u,timeout=timeout)
  File "C:\Python37\lib\urllib\request.py", line 222, in urlopen
    return opener.open(url, data, timeout)
  File "C:\Python37\lib\urllib\request.py", line 525, in open
    response = self._open(req, data)
  File "C:\Python37\lib\urllib\request.py", line 543, in _open
    '_open', req)
  File "C:\Python37\lib\urllib\request.py", line 503, in _call_chain
    result = func(*args)
  File "C:\Python37\lib\urllib\request.py", line 1345, in http_open
    return self.do_open(http.client.HTTPConnection, req)
  File "C:\Python37\lib\urllib\request.py", line 1319, in do_open
    raise URLError(err)
urllib.error.URLError: <urlopen error [WinError 10061] 由于目标计算机积极拒绝，无法连接。>

During handling of the above exception, another exception occurred:

Traceback (most recent call last):
  File "../agvCtrl\agvApi.py", line 39, in init
    _http_get(url + '/api/agv/init', param)
  File "../agvCtrl\agvApi.py", line 60, in _http_get
    r = webutility.http_get(url, param, timeout=45,writelog=False)
  File "C:\Users\Administrator\Desktop\SVN\fastclient\common\webutility.py", line 105, in http_get
    raise Exception("http get",url,params,"error:",str(e))
Exception: ('http get', 'http://127.0.0.1:5551/api/agv/init', {'appName': 'scadaTask'}, 'error:', '<urlopen error [WinError 10061] 由于目标计算机积极拒绝，无法连接。>')

[CRITICAL]2021-03-16 14:38:32,034: agvApi.init cause a error: ('http get', 'http://127.0.0.1:5551/api/agv/init', {'appName': 'scadaTask'}, 'error:', '<urlopen error [WinError 10061] 由于目标计算机积极拒绝，无法连接。>')
pid=3768, ppid=13528, tid=13792
Traceback (most recent call last):
  File "C:\Python37\lib\urllib\request.py", line 1317, in do_open
    encode_chunked=req.has_header('Transfer-encoding'))
  File "C:\Python37\lib\http\client.py", line 1229, in request
    self._send_request(method, url, body, headers, encode_chunked)
  File "C:\Python37\lib\http\client.py", line 1275, in _send_request
    self.endheaders(body, encode_chunked=encode_chunked)
  File "C:\Python37\lib\http\client.py", line 1224, in endheaders
    self._send_output(message_body, encode_chunked=encode_chunked)
  File "C:\Python37\lib\http\client.py", line 1016, in _send_output
    self.send(msg)
  File "C:\Python37\lib\http\client.py", line 956, in send
    self.connect()
  File "C:\Python37\lib\http\client.py", line 928, in connect
    (self.host,self.port), self.timeout, self.source_address)
  File "C:\Python37\lib\socket.py", line 727, in create_connection
    raise err
  File "C:\Python37\lib\socket.py", line 716, in create_connection
    sock.connect(sa)
ConnectionRefusedError: [WinError 10061] 由于目标计算机积极拒绝，无法连接。

During handling of the above exception, another exception occurred:

Traceback (most recent call last):
  File "C:\Users\Administrator\Desktop\SVN\fastclient\common\webutility.py", line 103, in http_get
    f = urllib.request.urlopen(u,timeout=timeout)
  File "C:\Python37\lib\urllib\request.py", line 222, in urlopen
    return opener.open(url, data, timeout)
  File "C:\Python37\lib\urllib\request.py", line 525, in open
    response = self._open(req, data)
  File "C:\Python37\lib\urllib\request.py", line 543, in _open
    '_open', req)
  File "C:\Python37\lib\urllib\request.py", line 503, in _call_chain
    result = func(*args)
  File "C:\Python37\lib\urllib\request.py", line 1345, in http_open
    return self.do_open(http.client.HTTPConnection, req)
  File "C:\Python37\lib\urllib\request.py", line 1319, in do_open
    raise URLError(err)
urllib.error.URLError: <urlopen error [WinError 10061] 由于目标计算机积极拒绝，无法连接。>

During handling of the above exception, another exception occurred:

Traceback (most recent call last):
  File "../agvCtrl\agvApi.py", line 39, in init
    _http_get(url + '/api/agv/init', param)
  File "../agvCtrl\agvApi.py", line 60, in _http_get
    r = webutility.http_get(url, param, timeout=45,writelog=False)
  File "C:\Users\Administrator\Desktop\SVN\fastclient\common\webutility.py", line 105, in http_get
    raise Exception("http get",url,params,"error:",str(e))
Exception: ('http get', 'http://127.0.0.1:5551/api/agv/init', {'appName': 'scadaTask'}, 'error:', '<urlopen error [WinError 10061] 由于目标计算机积极拒绝，无法连接。>')

[CRITICAL]2021-03-16 14:38:35,124: agvApi.init cause a error: ('http get', 'http://127.0.0.1:5551/api/agv/init', {'appName': 'scadaTask'}, 'error:', '<urlopen error [WinError 10061] 由于目标计算机积极拒绝，无法连接。>')
pid=3768, ppid=13528, tid=13792
Traceback (most recent call last):
  File "C:\Python37\lib\urllib\request.py", line 1317, in do_open
    encode_chunked=req.has_header('Transfer-encoding'))
  File "C:\Python37\lib\http\client.py", line 1229, in request
    self._send_request(method, url, body, headers, encode_chunked)
  File "C:\Python37\lib\http\client.py", line 1275, in _send_request
    self.endheaders(body, encode_chunked=encode_chunked)
  File "C:\Python37\lib\http\client.py", line 1224, in endheaders
    self._send_output(message_body, encode_chunked=encode_chunked)
  File "C:\Python37\lib\http\client.py", line 1016, in _send_output
    self.send(msg)
  File "C:\Python37\lib\http\client.py", line 956, in send
    self.connect()
  File "C:\Python37\lib\http\client.py", line 928, in connect
    (self.host,self.port), self.timeout, self.source_address)
  File "C:\Python37\lib\socket.py", line 727, in create_connection
    raise err
  File "C:\Python37\lib\socket.py", line 716, in create_connection
    sock.connect(sa)
ConnectionRefusedError: [WinError 10061] 由于目标计算机积极拒绝，无法连接。

During handling of the above exception, another exception occurred:

Traceback (most recent call last):
  File "C:\Users\Administrator\Desktop\SVN\fastclient\common\webutility.py", line 103, in http_get
    f = urllib.request.urlopen(u,timeout=timeout)
  File "C:\Python37\lib\urllib\request.py", line 222, in urlopen
    return opener.open(url, data, timeout)
  File "C:\Python37\lib\urllib\request.py", line 525, in open
    response = self._open(req, data)
  File "C:\Python37\lib\urllib\request.py", line 543, in _open
    '_open', req)
  File "C:\Python37\lib\urllib\request.py", line 503, in _call_chain
    result = func(*args)
  File "C:\Python37\lib\urllib\request.py", line 1345, in http_open
    return self.do_open(http.client.HTTPConnection, req)
  File "C:\Python37\lib\urllib\request.py", line 1319, in do_open
    raise URLError(err)
urllib.error.URLError: <urlopen error [WinError 10061] 由于目标计算机积极拒绝，无法连接。>

During handling of the above exception, another exception occurred:

Traceback (most recent call last):
  File "../agvCtrl\agvApi.py", line 39, in init
    _http_get(url + '/api/agv/init', param)
  File "../agvCtrl\agvApi.py", line 60, in _http_get
    r = webutility.http_get(url, param, timeout=45,writelog=False)
  File "C:\Users\Administrator\Desktop\SVN\fastclient\common\webutility.py", line 105, in http_get
    raise Exception("http get",url,params,"error:",str(e))
Exception: ('http get', 'http://127.0.0.1:5551/api/agv/init', {'appName': 'scadaTask'}, 'error:', '<urlopen error [WinError 10061] 由于目标计算机积极拒绝，无法连接。>')

[CRITICAL]2021-03-16 14:38:38,201: agvApi.init cause a error: ('http get', 'http://127.0.0.1:5551/api/agv/init', {'appName': 'scadaTask'}, 'error:', '<urlopen error [WinError 10061] 由于目标计算机积极拒绝，无法连接。>')
pid=3768, ppid=13528, tid=13792
Traceback (most recent call last):
  File "C:\Python37\lib\urllib\request.py", line 1317, in do_open
    encode_chunked=req.has_header('Transfer-encoding'))
  File "C:\Python37\lib\http\client.py", line 1229, in request
    self._send_request(method, url, body, headers, encode_chunked)
  File "C:\Python37\lib\http\client.py", line 1275, in _send_request
    self.endheaders(body, encode_chunked=encode_chunked)
  File "C:\Python37\lib\http\client.py", line 1224, in endheaders
    self._send_output(message_body, encode_chunked=encode_chunked)
  File "C:\Python37\lib\http\client.py", line 1016, in _send_output
    self.send(msg)
  File "C:\Python37\lib\http\client.py", line 956, in send
    self.connect()
  File "C:\Python37\lib\http\client.py", line 928, in connect
    (self.host,self.port), self.timeout, self.source_address)
  File "C:\Python37\lib\socket.py", line 727, in create_connection
    raise err
  File "C:\Python37\lib\socket.py", line 716, in create_connection
    sock.connect(sa)
ConnectionRefusedError: [WinError 10061] 由于目标计算机积极拒绝，无法连接。

During handling of the above exception, another exception occurred:

Traceback (most recent call last):
  File "C:\Users\Administrator\Desktop\SVN\fastclient\common\webutility.py", line 103, in http_get
    f = urllib.request.urlopen(u,timeout=timeout)
  File "C:\Python37\lib\urllib\request.py", line 222, in urlopen
    return opener.open(url, data, timeout)
  File "C:\Python37\lib\urllib\request.py", line 525, in open
    response = self._open(req, data)
  File "C:\Python37\lib\urllib\request.py", line 543, in _open
    '_open', req)
  File "C:\Python37\lib\urllib\request.py", line 503, in _call_chain
    result = func(*args)
  File "C:\Python37\lib\urllib\request.py", line 1345, in http_open
    return self.do_open(http.client.HTTPConnection, req)
  File "C:\Python37\lib\urllib\request.py", line 1319, in do_open
    raise URLError(err)
urllib.error.URLError: <urlopen error [WinError 10061] 由于目标计算机积极拒绝，无法连接。>

During handling of the above exception, another exception occurred:

Traceback (most recent call last):
  File "../agvCtrl\agvApi.py", line 39, in init
    _http_get(url + '/api/agv/init', param)
  File "../agvCtrl\agvApi.py", line 60, in _http_get
    r = webutility.http_get(url, param, timeout=45,writelog=False)
  File "C:\Users\Administrator\Desktop\SVN\fastclient\common\webutility.py", line 105, in http_get
    raise Exception("http get",url,params,"error:",str(e))
Exception: ('http get', 'http://127.0.0.1:5551/api/agv/init', {'appName': 'scadaTask'}, 'error:', '<urlopen error [WinError 10061] 由于目标计算机积极拒绝，无法连接。>')

[CRITICAL]2021-03-16 14:38:41,295: agvApi.init cause a error: ('http get', 'http://127.0.0.1:5551/api/agv/init', {'appName': 'scadaTask'}, 'error:', '<urlopen error [WinError 10061] 由于目标计算机积极拒绝，无法连接。>')
pid=3768, ppid=13528, tid=13792
Traceback (most recent call last):
  File "C:\Python37\lib\urllib\request.py", line 1317, in do_open
    encode_chunked=req.has_header('Transfer-encoding'))
  File "C:\Python37\lib\http\client.py", line 1229, in request
    self._send_request(method, url, body, headers, encode_chunked)
  File "C:\Python37\lib\http\client.py", line 1275, in _send_request
    self.endheaders(body, encode_chunked=encode_chunked)
  File "C:\Python37\lib\http\client.py", line 1224, in endheaders
    self._send_output(message_body, encode_chunked=encode_chunked)
  File "C:\Python37\lib\http\client.py", line 1016, in _send_output
    self.send(msg)
  File "C:\Python37\lib\http\client.py", line 956, in send
    self.connect()
  File "C:\Python37\lib\http\client.py", line 928, in connect
    (self.host,self.port), self.timeout, self.source_address)
  File "C:\Python37\lib\socket.py", line 727, in create_connection
    raise err
  File "C:\Python37\lib\socket.py", line 716, in create_connection
    sock.connect(sa)
ConnectionRefusedError: [WinError 10061] 由于目标计算机积极拒绝，无法连接。

During handling of the above exception, another exception occurred:

Traceback (most recent call last):
  File "C:\Users\Administrator\Desktop\SVN\fastclient\common\webutility.py", line 103, in http_get
    f = urllib.request.urlopen(u,timeout=timeout)
  File "C:\Python37\lib\urllib\request.py", line 222, in urlopen
    return opener.open(url, data, timeout)
  File "C:\Python37\lib\urllib\request.py", line 525, in open
    response = self._open(req, data)
  File "C:\Python37\lib\urllib\request.py", line 543, in _open
    '_open', req)
  File "C:\Python37\lib\urllib\request.py", line 503, in _call_chain
    result = func(*args)
  File "C:\Python37\lib\urllib\request.py", line 1345, in http_open
    return self.do_open(http.client.HTTPConnection, req)
  File "C:\Python37\lib\urllib\request.py", line 1319, in do_open
    raise URLError(err)
urllib.error.URLError: <urlopen error [WinError 10061] 由于目标计算机积极拒绝，无法连接。>

During handling of the above exception, another exception occurred:

Traceback (most recent call last):
  File "../agvCtrl\agvApi.py", line 39, in init
    _http_get(url + '/api/agv/init', param)
  File "../agvCtrl\agvApi.py", line 60, in _http_get
    r = webutility.http_get(url, param, timeout=45,writelog=False)
  File "C:\Users\Administrator\Desktop\SVN\fastclient\common\webutility.py", line 105, in http_get
    raise Exception("http get",url,params,"error:",str(e))
Exception: ('http get', 'http://127.0.0.1:5551/api/agv/init', {'appName': 'scadaTask'}, 'error:', '<urlopen error [WinError 10061] 由于目标计算机积极拒绝，无法连接。>')

