[INFO]2020-12-29 17:41:24,277: log files at E:\python_work\akm\akmCtrl\log
[INFO]2020-12-29 17:41:24,277: create lock <lock name:doorMgr.lock,<unlocked _thread.RLock object owner=0 count=0 at 0x000002ED76A00DB0>>
[INFO]2020-12-29 17:41:24,281: create lock <lock name:door.lock,<unlocked _thread.RLock object owner=0 count=0 at 0x000002ED76A0ADB0>>
[INFO]2020-12-29 17:41:24,510: create lock <lock name:timer.lock_3218921425600,<unlocked _thread.RLock object owner=0 count=0 at 0x000002ED76AB0AE0>>
[INFO]2020-12-29 17:41:24,552: create lock <lock name:elevatorMgr.lock,<unlocked _thread.RLock object owner=0 count=0 at 0x000002ED76AEB330>>
[INFO]2020-12-29 17:41:24,566: create lock <lock name:agvserver,<unlocked _thread.RLock object owner=0 count=0 at 0x000002ED76B3B990>>
[INFO]2020-12-29 17:41:24,814: create lock <lock name:mapMgr.lock,<unlocked _thread.RLock object owner=0 count=0 at 0x000002ED76AF0180>>
[INFO]2020-12-29 17:41:24,857: create lock <lock name:agvApi.g_lock,<unlocked _thread.RLock object owner=0 count=0 at 0x000002ED75134BA0>>
[CRITICAL]2020-12-29 17:41:28,214: apply cause a error: 
pid=19752, ppid=10508, tid=14744
Traceback (most recent call last):
  File "E:\python_work\akm\akmCtrl\test2.py", line 161, in test_agv66
    agvId = agvApi.apply(taskId, map, "LM7",filterFunc=filterFunC)
  File "./..\agvCtrl\agvApi.py", line 91, in apply
    assert 'agvId' in result
AssertionError

[CRITICAL]2020-12-29 17:41:36,734: apply cause a error: 
pid=19752, ppid=10508, tid=14744
Traceback (most recent call last):
  File "E:\python_work\akm\akmCtrl\test2.py", line 161, in test_agv66
    agvId = agvApi.apply(taskId, map, "LM7",filterFunc=filterFunC)
  File "./..\agvCtrl\agvApi.py", line 91, in apply
    assert 'agvId' in result
AssertionError

[CRITICAL]2020-12-29 17:41:45,133: apply cause a error: 
pid=19752, ppid=10508, tid=14744
Traceback (most recent call last):
  File "E:\python_work\akm\akmCtrl\test2.py", line 161, in test_agv66
    agvId = agvApi.apply(taskId, map, "LM7",filterFunc=filterFunC)
  File "./..\agvCtrl\agvApi.py", line 91, in apply
    assert 'agvId' in result
AssertionError

