[INFO]2021-04-21 08:48:11,458: log files at E:\projects_by_myself\MeiWei\common\log
[INFO]2021-04-21 08:48:11,459: find module account.main_account
[INFO]2021-04-21 08:48:11,460: find module agvCtrl.main_agv
[INFO]2021-04-21 08:48:11,462: find module agvDevice.main_agvDevice
[INFO]2021-04-21 08:48:11,463: find module akmCtrl.main_akmCtrl
[INFO]2021-04-21 08:48:11,464: find module alarm.main_alarm
[INFO]2021-04-21 08:48:11,465: find module auth.main_auth
[INFO]2021-04-21 08:48:11,466: find module door.main_door
[INFO]2021-04-21 08:48:11,468: find module elevator.main_elevator
[INFO]2021-04-21 08:48:11,469: find module feed.main_feed
[INFO]2021-04-21 08:48:11,471: find module remoteio.main_remoteio
[INFO]2021-04-21 08:48:11,473: import account.main_account
[INFO]2021-04-21 08:48:11,730: import agvCtrl.main_agv
[INFO]2021-04-21 08:48:14,558: create lock <lock name:doorMgr.lock,<unlocked _thread.RLock object owner=0 count=0 at 0x000001AF3E41BEA0>>
[INFO]2021-04-21 08:48:16,538: create lock <lock name:door.lock,<unlocked _thread.RLock object owner=0 count=0 at 0x000001AF3E43B420>>
[INFO]2021-04-21 08:48:16,993: create lock <lock name:timer.lock_1852182069744,<unlocked _thread.RLock object owner=0 count=0 at 0x000001AF3EA78360>>
[ERROR]2021-04-21 08:48:17,055: mqtt is disabled
[INFO]2021-04-21 08:48:17,056: mqtt: subscribe [alarm/raise/+]
[INFO]2021-04-21 08:48:17,057: mqtt: subscribe [alarm/clear/+]
[INFO]2021-04-21 08:48:20,269: Mongodb connect to 127.0.0.1 port 27017
[INFO]2021-04-21 08:48:20,410: create lock <lock name:elevatorMgr.lock,<unlocked _thread.RLock object owner=0 count=0 at 0x000001AF3EC88D50>>
[WARNING]2021-04-21 08:48:20,454: use mockAgvCtrl
[INFO]2021-04-21 08:48:20,469: create lock <lock name:mapMgr.lock,<unlocked _thread.RLock object owner=0 count=0 at 0x000001AF3CD03360>>
[INFO]2021-04-21 08:48:20,912: create lock <lock name:agvList.g_agvLock,<unlocked _thread.RLock object owner=0 count=0 at 0x000001AF3ED23660>>
[INFO]2021-04-21 08:48:20,941: create lock <lock name:taskList.lock,<unlocked _thread.RLock object owner=0 count=0 at 0x000001AF3FD964B0>>
[INFO]2021-04-21 08:48:21,023: charge policy 1 , fix time
[INFO]2021-04-21 08:48:21,058: create lock <lock name:agvApi.g_lock,<unlocked _thread.RLock object owner=0 count=0 at 0x000001AF3FDA0090>>
[INFO]2021-04-21 08:48:21,538: start load map E:\projects_by_myself\MeiWei\agvCtrl\projects\test\AKM2F.smap
[DEBUG]2021-04-21 08:48:21,923: elevator thread start
[INFO]2021-04-21 08:48:21,978: load map E:\projects_by_myself\MeiWei\agvCtrl\projects\test\AKM2F.smap ,used 450 ms
[INFO]2021-04-21 08:48:21,995: start load map E:\projects_by_myself\MeiWei\agvCtrl\projects\test\akmsmt.smap
[INFO]2021-04-21 08:48:22,067: load map E:\projects_by_myself\MeiWei\agvCtrl\projects\test\akmsmt.smap ,used 88 ms
[INFO]2021-04-21 08:48:22,079: start load map E:\projects_by_myself\MeiWei\agvCtrl\projects\test\akmsmtMap.smap
[INFO]2021-04-21 08:48:22,233: load map E:\projects_by_myself\MeiWei\agvCtrl\projects\test\akmsmtMap.smap ,used 165 ms
[INFO]2021-04-21 08:48:22,244: start load map E:\projects_by_myself\MeiWei\agvCtrl\projects\test\desai-all-20191223.smap
[INFO]2021-04-21 08:48:22,434: load map E:\projects_by_myself\MeiWei\agvCtrl\projects\test\desai-all-20191223.smap ,used 199 ms
[INFO]2021-04-21 08:48:22,438: import agvDevice.main_agvDevice
[INFO]2021-04-21 08:48:22,439: import akmCtrl.main_akmCtrl
[INFO]2021-04-21 08:48:22,496: create lock <lock name:runTasks.g_lock,<unlocked _thread.RLock object owner=0 count=0 at 0x000001AF3D7A6240>>
[INFO]2021-04-21 08:48:22,539: create lock <lock name:agvApi.g_lock,<unlocked _thread.RLock object owner=0 count=0 at 0x000001AF3D7D64E0>>
[INFO]2021-04-21 08:48:22,550: create lock <lock name:runTasks.pre_lock,<unlocked _thread.RLock object owner=0 count=0 at 0x000001AF3D78DD80>>
[INFO]2021-04-21 08:48:22,554: create lock <lock name:timer.lock_1852203016592,<unlocked _thread.RLock object owner=0 count=0 at 0x000001AF3FE72480>>
[INFO]2021-04-21 08:48:22,557: create lock <lock name:mapMgr.lock,<unlocked _thread.RLock object owner=0 count=0 at 0x000001AF3D7F2A20>>
[INFO]2021-04-21 08:48:22,636: import alarm.main_alarm
[INFO]2021-04-21 08:48:22,639: import auth.main_auth
[INFO]2021-04-21 08:48:22,654: import door.main_door
[INFO]2021-04-21 08:48:22,667: import elevator.main_elevator
[INFO]2021-04-21 08:48:22,690: create lock <lock name:elevatorApi.g_lock,<unlocked _thread.RLock object owner=0 count=0 at 0x000001AF3D885060>>
[INFO]2021-04-21 08:48:22,692: import feed.main_feed
[INFO]2021-04-21 08:48:22,724: create lock <lock name:feedTask.g_lock,<unlocked _thread.RLock object owner=0 count=0 at 0x000001AF3D8945A0>>
[INFO]2021-04-21 08:48:22,820: import remoteio.main_remoteio
[SUCC]2021-04-21 08:48:22,864: utility start, pid=11212, ppid=10216
[DEBUG]2021-04-21 08:48:22,866: start timer
[INFO]2021-04-21 08:48:22,891: load agv file: E:\projects_by_myself\MeiWei\agvCtrl/projects/test/agv.cfg
[INFO]2021-04-21 08:48:22,893: create lock <lock name:agvList.AGV30.lock,<unlocked _thread.RLock object owner=0 count=0 at 0x000001AF404B6FC0>>
[DEBUG]2021-04-21 08:48:22,898: create aliveObj AGV30 AGV离线异常 timeout 300
[INFO]2021-04-21 08:48:22,931: AGV30 start agvList run thread
[INFO]2021-04-21 08:48:22,931: AGV30 start agvList run2 thread
[ERROR]2021-04-21 08:48:22,947: agv check init error False
[DEBUG]2021-04-21 08:48:22,959: start timer
[INFO]2021-04-21 08:48:22,981: add_ignore: taskStatus
[INFO]2021-04-21 08:48:22,982: add_ignore: api/elevator/status
[INFO]2021-04-21 08:48:22,984: add_ignore: scada/getTask
[INFO]2021-04-21 08:48:23,527: AGV30 current map AKM2F
[INFO]2021-04-21 08:48:23,967: AGV30 is online
[DEBUG]2021-04-21 08:48:27,322: GET: http://127.0.0.1:5551/api/agv/init?appName=scadaTask_meiwei addr: 127.0.0.1
[INFO]2021-04-21 08:48:27,326: scadaTask_meiwei init client agvApi
[DEBUG]2021-04-21 08:48:27,332: used 10ms 200 OK application/json;charset=utf-8, GET: http://127.0.0.1:5551/api/agv/init?appName=scadaTask_meiwei
[DEBUG]2021-04-21 08:48:30,522: GET: http://127.0.0.1:5551/api/agv/startCharge?appName=scadaTask_meiwei addr: 127.0.0.1
[DEBUG]2021-04-21 08:48:30,601: used 79ms 200 OK application/json;charset=utf-8, GET: http://127.0.0.1:5551/api/agv/startCharge?appName=scadaTask_meiwei
[WARNING]2021-04-21 08:48:30,825: timer_thread[tid:764] <lock name:runTasks.g_lock,<locked _thread.RLock object owner=764 count=1 at 0x000001AF3D7A6240>> ,hold 5090 ms
[INFO]2021-04-21 08:48:31,239: name=timer_thread, pid=11212, tid=764
[01] File "E:/Users/Administrator/AppData/Local/Programs/Python/Python38/lib/threading.py", line 870, in run() 
[02] File "../common/mytimer.py", line 113, in _loop() 
[03] File "../common/lock.py", line 122, in _call() 
[04] File "../common/lock.py", line 100, in release() 
[05] File "E:/projects_by_myself/MeiWei/common/enhance.py", line 258, in getTrace() 
[06] File "E:/projects_by_myself/MeiWei/common/enhance.py", line 240, in getThreadStack()
[INFO]2021-04-21 08:48:51,366: user press moveAgv AGV30 button
[INFO]2021-04-21 08:48:55,351: user press moveAgv AGV30 button
[DEBUG]2021-04-21 08:49:04,652: lock:  AGV30 taskId user_1618966144652 app user
[WARNING]2021-04-21 08:49:05,729: AGV30 clear task finish, cur= AKM2F.AP29 task_status= 0
[INFO]2021-04-21 08:49:07,129: Begin: AGV30 move from AKM2F.AP29 to AKM2F.AP32 by paths: [('AKM2F', ['AP29', 'LM31', 'LM30', 'LM34', 'AP32'], 4.568999999999999)] task: user_1618966144652 timeout 150 used 1321 ms
[DEBUG]2021-04-21 08:49:08,563: agvInfo: AGV30 AKM2F.AP29 move to AKM2F.LM31 ,taskId user_1618966144652
[DEBUG]2021-04-21 08:49:10,585: AGV30 turn to wait check cur AP29 next LM30 0.626 False
[DEBUG]2021-04-21 08:49:11,604: AGV30 set loc AKM2F.LM31 ,old AP29 (-13.81,-15.15)
[DEBUG]2021-04-21 08:49:12,052: agvInfo: AGV30 AKM2F.LM31 move to AKM2F.LM30 ,taskId user_1618966144652
[DEBUG]2021-04-21 08:49:14,856: AGV30 turn to wait check cur LM31 next LM34 0.950 False
[DEBUG]2021-04-21 08:49:15,939: AGV30 set loc AKM2F.LM30 ,old LM31 (-13.86,-13.99)
[DEBUG]2021-04-21 08:49:16,354: agvInfo: AGV30 AKM2F.LM30 move to AKM2F.LM34 ,taskId user_1618966144652
[DEBUG]2021-04-21 08:49:21,257: AGV30 turn to wait check cur LM30 next AP32 0.756 False
[DEBUG]2021-04-21 08:49:21,894: AGV30 set loc AKM2F.LM34 ,old LM30 (-14.99,-13.99)
[DEBUG]2021-04-21 08:49:22,708: agvInfo: AGV30 AKM2F.LM34 move to AKM2F.AP32 ,taskId user_1618966144652
[WARNING]2021-04-21 08:49:25,972: AGV30 waitFinish: loc is diff LM34 AP32 task_status= 2
[WARNING]2021-04-21 08:49:26,640: AGV30 waitFinish: loc is diff LM34 AP32 task_status= 2
[DEBUG]2021-04-21 08:49:26,878: AGV30 set loc AKM2F.AP32 ,old LM34 (-15.16,-12.97)
[WARNING]2021-04-21 08:49:27,799: AGV30 clearTask: reset lockTaskId user_1618966144652 app user
[SUCC]2021-04-21 08:49:28,979: Finish:  AGV30 arrived AKM2F.AP32 ,task: user_1618966144652
[INFO]2021-04-21 08:49:50,116: user press moveAgv AGV30 button
[DEBUG]2021-04-21 08:50:33,738: GET: http://127.0.0.1:5551/api/scada/test01 addr: 127.0.0.1
[DEBUG]2021-04-21 08:50:33,848: used 110ms 200 OK application/json;charset=utf-8, GET: http://127.0.0.1:5551/api/scada/test01
[DEBUG]2021-04-21 08:52:27,189: GET: http://127.0.0.1:5551/api/scada/addTaskByPad?source=%E4%BA%8C%E6%A5%BC%E5%B7%A5%E4%BD%8D_02&target=%E4%BA%8C%E6%A5%BC%E6%B5%8B%E8%AF%95%E7%82%B9 addr: 127.0.0.1
[INFO]2021-04-21 08:52:27,867: log files at E:\projects_by_myself\MeiWei\common\log
[INFO]2021-04-21 08:52:27,867: log files at E:\projects_by_myself\MeiWei\common\log
[INFO]2021-04-21 08:52:28,024: create task[607f774b2c7ead5b96adcfc3]: type= scadaTask , 从二楼工位_02运送货架到二楼测试点 {'source': '二楼工位_02', 'target': '二楼测试点', 'payloadId': None, 'priority': 1, 'type': 'scadaTask', 'taskName': '从二楼工位_02运送货架到二楼测试点', 'createTime': datetime.datetime(2021, 4, 21, 8, 52, 27, 300298), 'updateTime': datetime.datetime(2021, 4, 21, 8, 52, 27, 300298), 'startTime': None, 'endTime': None, 'status': 'waiting', 'step': 'waiting', 'failMsg': None, 'history': [], '_id': ObjectId('607f774b2c7ead5b96adcfc3')}
[INFO]2021-04-21 08:52:28,024: create task[607f774b2c7ead5b96adcfc3]: type= scadaTask , 从二楼工位_02运送货架到二楼测试点 {'source': '二楼工位_02', 'target': '二楼测试点', 'payloadId': None, 'priority': 1, 'type': 'scadaTask', 'taskName': '从二楼工位_02运送货架到二楼测试点', 'createTime': datetime.datetime(2021, 4, 21, 8, 52, 27, 300298), 'updateTime': datetime.datetime(2021, 4, 21, 8, 52, 27, 300298), 'startTime': None, 'endTime': None, 'status': 'waiting', 'step': 'waiting', 'failMsg': None, 'history': [], '_id': ObjectId('607f774b2c7ead5b96adcfc3')}
[DEBUG]2021-04-21 08:52:28,468: used 1278ms 200 OK application/json;charset=utf-8, GET: http://127.0.0.1:5551/api/scada/addTaskByPad?source=%E4%BA%8C%E6%A5%BC%E5%B7%A5%E4%BD%8D_02&target=%E4%BA%8C%E6%A5%BC%E6%B5%8B%E8%AF%95%E7%82%B9
[INFO]2021-04-21 08:52:28,592: task[607f774b2c7ead5b96adcfc3]:  start {'failMsg': '任务等待执行', 'startTime': datetime.datetime(2021, 4, 21, 8, 52, 28, 547038), 'updateTime': datetime.datetime(2021, 4, 21, 8, 52, 28, 547038), 'status': 'running'}
[DEBUG]2021-04-21 08:52:28,468: used 1278ms 200 OK application/json;charset=utf-8, GET: http://127.0.0.1:5551/api/scada/addTaskByPad?source=%E4%BA%8C%E6%A5%BC%E5%B7%A5%E4%BD%8D_02&target=%E4%BA%8C%E6%A5%BC%E6%B5%8B%E8%AF%95%E7%82%B9
[INFO]2021-04-21 08:52:28,592: task[607f774b2c7ead5b96adcfc3]:  start {'failMsg': '任务等待执行', 'startTime': datetime.datetime(2021, 4, 21, 8, 52, 28, 547038), 'updateTime': datetime.datetime(2021, 4, 21, 8, 52, 28, 547038), 'status': 'running'}
[INFO]2021-04-21 08:52:28,859: task: start task[607f774b2c7ead5b96adcfc3][-] AP32(LM34) -> LM9(LM9) [waiting]
[INFO]2021-04-21 08:52:28,859: task: start task[607f774b2c7ead5b96adcfc3][-] AP32(LM34) -> LM9(LM9) [waiting]
[INFO]2021-04-21 08:52:29,218: task[607f774b2c7ead5b96adcfc3] update info: {'failMsg': '等待分配小车', 'updateTime': datetime.datetime(2021, 4, 21, 8, 52, 29, 171430)}
[INFO]2021-04-21 08:52:29,218: task[607f774b2c7ead5b96adcfc3] update info: {'failMsg': '等待分配小车', 'updateTime': datetime.datetime(2021, 4, 21, 8, 52, 29, 171430)}
[DEBUG]2021-04-21 08:52:29,441: task[607f774b2c7ead5b96adcfc3][-] AP32(LM34) -> LM9(LM9) [waitForAgv] waiting -> waitForAgv
[DEBUG]2021-04-21 08:52:29,441: task[607f774b2c7ead5b96adcfc3][-] AP32(LM34) -> LM9(LM9) [waitForAgv] waiting -> waitForAgv
[DEBUG]2021-04-21 08:52:30,570: GET: http://127.0.0.1:5551/api/agv/apply?appName=scadaTask_meiwei&autoLock=False&exclude&loc=LM34&mapId=AKM2F&taskId=607f774b2c7ead5b96adcfc3&timeout=10 addr: 127.0.0.1
[DEBUG]2021-04-21 08:52:30,570: GET: http://127.0.0.1:5551/api/agv/apply?appName=scadaTask_meiwei&autoLock=False&exclude&loc=LM34&mapId=AKM2F&taskId=607f774b2c7ead5b96adcfc3&timeout=10 addr: 127.0.0.1
[ERROR]2021-04-21 08:52:30,777: apply agv failed!  AGV30[locked2[user]] taskId 607f774b2c7ead5b96adcfc3 loc AKM2F.LM34
[ERROR]2021-04-21 08:52:30,777: apply agv failed!  AGV30[locked2[user]] taskId 607f774b2c7ead5b96adcfc3 loc AKM2F.LM34
[CRITICAL]2021-04-21 08:52:31,053: apply agv failed, count=0 cause a error: AKM2F.LM34找不到可用的小车
pid=11212, ppid=10216, tid=13756

[CRITICAL]2021-04-21 08:52:31,053: apply agv failed, count=0 cause a error: AKM2F.LM34找不到可用的小车
pid=11212, ppid=10216, tid=13756

[ERROR]2021-04-21 08:52:31,253: apply agv failed!  AGV30[locked2[user]] taskId 607f774b2c7ead5b96adcfc3 loc AKM2F.LM34
[ERROR]2021-04-21 08:52:31,253: apply agv failed!  AGV30[locked2[user]] taskId 607f774b2c7ead5b96adcfc3 loc AKM2F.LM34
[CRITICAL]2021-04-21 08:52:31,448: apply agv failed, count=1 cause a error: AKM2F.LM34找不到可用的小车
pid=11212, ppid=10216, tid=13756

[CRITICAL]2021-04-21 08:52:31,448: apply agv failed, count=1 cause a error: AKM2F.LM34找不到可用的小车
pid=11212, ppid=10216, tid=13756

[ERROR]2021-04-21 08:52:31,634: apply agv failed!  AGV30[locked2[user]] taskId 607f774b2c7ead5b96adcfc3 loc AKM2F.LM34
[ERROR]2021-04-21 08:52:31,634: apply agv failed!  AGV30[locked2[user]] taskId 607f774b2c7ead5b96adcfc3 loc AKM2F.LM34
[CRITICAL]2021-04-21 08:52:31,783: apply agv failed, count=2 cause a error: AKM2F.LM34找不到可用的小车
pid=11212, ppid=10216, tid=13756

[CRITICAL]2021-04-21 08:52:31,783: apply agv failed, count=2 cause a error: AKM2F.LM34找不到可用的小车
pid=11212, ppid=10216, tid=13756

[ERROR]2021-04-21 08:52:32,002: apply agv failed!  AGV30[locked2[user]] taskId 607f774b2c7ead5b96adcfc3 loc AKM2F.LM34
[ERROR]2021-04-21 08:52:32,002: apply agv failed!  AGV30[locked2[user]] taskId 607f774b2c7ead5b96adcfc3 loc AKM2F.LM34
[CRITICAL]2021-04-21 08:52:32,164: apply agv failed, count=3 cause a error: AKM2F.LM34找不到可用的小车
pid=11212, ppid=10216, tid=13756

[CRITICAL]2021-04-21 08:52:32,164: apply agv failed, count=3 cause a error: AKM2F.LM34找不到可用的小车
pid=11212, ppid=10216, tid=13756

[ERROR]2021-04-21 08:52:32,558: apply agv failed!  AGV30[locked2[user]] taskId 607f774b2c7ead5b96adcfc3 loc AKM2F.LM34
[ERROR]2021-04-21 08:52:32,558: apply agv failed!  AGV30[locked2[user]] taskId 607f774b2c7ead5b96adcfc3 loc AKM2F.LM34
[CRITICAL]2021-04-21 08:52:32,676: apply agv failed, count=4 cause a error: AKM2F.LM34找不到可用的小车
pid=11212, ppid=10216, tid=13756

[CRITICAL]2021-04-21 08:52:32,676: apply agv failed, count=4 cause a error: AKM2F.LM34找不到可用的小车
pid=11212, ppid=10216, tid=13756

[CRITICAL]2021-04-21 08:52:32,893: apply failed, count=1 cause a error: ('apply agv failed3!', 'taskId', '607f774b2c7ead5b96adcfc3', 'loc', 'LM34')
pid=11212, ppid=10216, tid=13756

[CRITICAL]2021-04-21 08:52:32,893: apply failed, count=1 cause a error: ('apply agv failed3!', 'taskId', '607f774b2c7ead5b96adcfc3', 'loc', 'LM34')
pid=11212, ppid=10216, tid=13756

[ERROR]2021-04-21 08:52:36,102: apply agv timeout
[ERROR]2021-04-21 08:52:36,102: apply agv timeout
[DEBUG]2021-04-21 08:52:36,321: used 5751ms 200 OK application/json;charset=utf-8, GET: http://127.0.0.1:5551/api/agv/apply?appName=scadaTask_meiwei&autoLock=False&exclude&loc=LM34&mapId=AKM2F&taskId=607f774b2c7ead5b96adcfc3&timeout=10
[DEBUG]2021-04-21 08:52:36,321: used 5751ms 200 OK application/json;charset=utf-8, GET: http://127.0.0.1:5551/api/agv/apply?appName=scadaTask_meiwei&autoLock=False&exclude&loc=LM34&mapId=AKM2F&taskId=607f774b2c7ead5b96adcfc3&timeout=10
[WARNING]2021-04-21 08:52:36,545: [task[607f774b2c7ead5b96adcfc3][-] AP32(LM34) -> LM9(LM9) [waitForAgv]] apply agv failed:
[WARNING]2021-04-21 08:52:36,545: [task[607f774b2c7ead5b96adcfc3][-] AP32(LM34) -> LM9(LM9) [waitForAgv]] apply agv failed:
[WARNING]2021-04-21 08:52:41,684: scada.607f774b2c7ead5b96adcfc3[tid:416] <locked _thread.RLock object owner=416 count=1 at 0x000001AF478EF870> ,hold 11336 ms
[WARNING]2021-04-21 08:52:41,684: scada.607f774b2c7ead5b96adcfc3[tid:416] <locked _thread.RLock object owner=416 count=1 at 0x000001AF478EF870> ,hold 11336 ms
[INFO]2021-04-21 08:52:42,239: name=scada.607f774b2c7ead5b96adcfc3, pid=11212, tid=416
[01] File "E:/Users/Administrator/AppData/Local/Programs/Python/Python38/lib/threading.py", line 870, in run() 
[02] File "../common/utility.py", line 167, in __call() 
[03] File "E:/projects_by_myself/MeiWei/akmCtrl/beans/scadaTaskBean.py", line 563, in _taskFunc() 
[04] File "../common/lock.py", line 122, in _call() 
[05] File "../common/lock.py", line 100, in release() 
[06] File "E:/projects_by_myself/MeiWei/common/enhance.py", line 258, in getTrace() 
[07] File "E:/projects_by_myself/MeiWei/common/enhance.py", line 240, in getThreadStack()
[INFO]2021-04-21 08:52:42,239: name=scada.607f774b2c7ead5b96adcfc3, pid=11212, tid=416
[01] File "E:/Users/Administrator/AppData/Local/Programs/Python/Python38/lib/threading.py", line 870, in run() 
[02] File "../common/utility.py", line 167, in __call() 
[03] File "E:/projects_by_myself/MeiWei/akmCtrl/beans/scadaTaskBean.py", line 563, in _taskFunc() 
[04] File "../common/lock.py", line 122, in _call() 
[05] File "../common/lock.py", line 100, in release() 
[06] File "E:/projects_by_myself/MeiWei/common/enhance.py", line 258, in getTrace() 
[07] File "E:/projects_by_myself/MeiWei/common/enhance.py", line 240, in getThreadStack()
[INFO]2021-04-21 08:52:42,428: task[607f774b2c7ead5b96adcfc3][-] AP32(LM34) -> LM9(LM9) [waitForAgv] waitForAgv error
[INFO]2021-04-21 08:52:42,428: task[607f774b2c7ead5b96adcfc3][-] AP32(LM34) -> LM9(LM9) [waitForAgv] waitForAgv error
[DEBUG]2021-04-21 08:52:44,701: GET: http://127.0.0.1:5551/api/agv/apply?appName=scadaTask_meiwei&autoLock=False&exclude&loc=LM34&mapId=AKM2F&taskId=607f774b2c7ead5b96adcfc3&timeout=10 addr: 127.0.0.1
[DEBUG]2021-04-21 08:52:44,701: GET: http://127.0.0.1:5551/api/agv/apply?appName=scadaTask_meiwei&autoLock=False&exclude&loc=LM34&mapId=AKM2F&taskId=607f774b2c7ead5b96adcfc3&timeout=10 addr: 127.0.0.1
[ERROR]2021-04-21 08:52:44,849: apply agv failed!  AGV30[locked2[user]] taskId 607f774b2c7ead5b96adcfc3 loc AKM2F.LM34
[ERROR]2021-04-21 08:52:44,849: apply agv failed!  AGV30[locked2[user]] taskId 607f774b2c7ead5b96adcfc3 loc AKM2F.LM34
[CRITICAL]2021-04-21 08:52:44,952: apply agv failed, count=0 cause a error: AKM2F.LM34找不到可用的小车
pid=11212, ppid=10216, tid=17884

[CRITICAL]2021-04-21 08:52:44,952: apply agv failed, count=0 cause a error: AKM2F.LM34找不到可用的小车
pid=11212, ppid=10216, tid=17884

[ERROR]2021-04-21 08:52:45,194: apply agv failed!  AGV30[locked2[user]] taskId 607f774b2c7ead5b96adcfc3 loc AKM2F.LM34
[ERROR]2021-04-21 08:52:45,194: apply agv failed!  AGV30[locked2[user]] taskId 607f774b2c7ead5b96adcfc3 loc AKM2F.LM34
[CRITICAL]2021-04-21 08:52:45,360: apply agv failed, count=1 cause a error: AKM2F.LM34找不到可用的小车
pid=11212, ppid=10216, tid=17884

[CRITICAL]2021-04-21 08:52:45,360: apply agv failed, count=1 cause a error: AKM2F.LM34找不到可用的小车
pid=11212, ppid=10216, tid=17884

[ERROR]2021-04-21 08:52:45,543: apply agv failed!  AGV30[locked2[user]] taskId 607f774b2c7ead5b96adcfc3 loc AKM2F.LM34
[ERROR]2021-04-21 08:52:45,543: apply agv failed!  AGV30[locked2[user]] taskId 607f774b2c7ead5b96adcfc3 loc AKM2F.LM34
[CRITICAL]2021-04-21 08:52:45,710: apply agv failed, count=2 cause a error: AKM2F.LM34找不到可用的小车
pid=11212, ppid=10216, tid=17884

[CRITICAL]2021-04-21 08:52:45,710: apply agv failed, count=2 cause a error: AKM2F.LM34找不到可用的小车
pid=11212, ppid=10216, tid=17884

[ERROR]2021-04-21 08:52:45,971: apply agv failed!  AGV30[locked2[user]] taskId 607f774b2c7ead5b96adcfc3 loc AKM2F.LM34
[ERROR]2021-04-21 08:52:45,971: apply agv failed!  AGV30[locked2[user]] taskId 607f774b2c7ead5b96adcfc3 loc AKM2F.LM34
[CRITICAL]2021-04-21 08:52:46,140: apply agv failed, count=3 cause a error: AKM2F.LM34找不到可用的小车
pid=11212, ppid=10216, tid=17884

[CRITICAL]2021-04-21 08:52:46,140: apply agv failed, count=3 cause a error: AKM2F.LM34找不到可用的小车
pid=11212, ppid=10216, tid=17884

[ERROR]2021-04-21 08:52:46,378: apply agv failed!  AGV30[locked2[user]] taskId 607f774b2c7ead5b96adcfc3 loc AKM2F.LM34
[ERROR]2021-04-21 08:52:46,378: apply agv failed!  AGV30[locked2[user]] taskId 607f774b2c7ead5b96adcfc3 loc AKM2F.LM34
[CRITICAL]2021-04-21 08:52:46,561: apply agv failed, count=4 cause a error: AKM2F.LM34找不到可用的小车
pid=11212, ppid=10216, tid=17884

[CRITICAL]2021-04-21 08:52:46,561: apply agv failed, count=4 cause a error: AKM2F.LM34找不到可用的小车
pid=11212, ppid=10216, tid=17884

[CRITICAL]2021-04-21 08:52:46,767: apply failed, count=1 cause a error: ('apply agv failed3!', 'taskId', '607f774b2c7ead5b96adcfc3', 'loc', 'LM34')
pid=11212, ppid=10216, tid=17884

[CRITICAL]2021-04-21 08:52:46,767: apply failed, count=1 cause a error: ('apply agv failed3!', 'taskId', '607f774b2c7ead5b96adcfc3', 'loc', 'LM34')
pid=11212, ppid=10216, tid=17884

[ERROR]2021-04-21 08:52:50,075: apply agv timeout
[ERROR]2021-04-21 08:52:50,075: apply agv timeout
[DEBUG]2021-04-21 08:52:50,344: used 5643ms 200 OK application/json;charset=utf-8, GET: http://127.0.0.1:5551/api/agv/apply?appName=scadaTask_meiwei&autoLock=False&exclude&loc=LM34&mapId=AKM2F&taskId=607f774b2c7ead5b96adcfc3&timeout=10
[DEBUG]2021-04-21 08:52:50,344: used 5643ms 200 OK application/json;charset=utf-8, GET: http://127.0.0.1:5551/api/agv/apply?appName=scadaTask_meiwei&autoLock=False&exclude&loc=LM34&mapId=AKM2F&taskId=607f774b2c7ead5b96adcfc3&timeout=10
[WARNING]2021-04-21 08:52:50,613: [task[607f774b2c7ead5b96adcfc3][-] AP32(LM34) -> LM9(LM9) [waitForAgv]] apply agv failed:
[WARNING]2021-04-21 08:52:50,613: [task[607f774b2c7ead5b96adcfc3][-] AP32(LM34) -> LM9(LM9) [waitForAgv]] apply agv failed:
[WARNING]2021-04-21 08:52:55,772: scada.607f774b2c7ead5b96adcfc3[tid:416] <locked _thread.RLock object owner=416 count=1 at 0x000001AF478EF870> ,hold 11114 ms
[WARNING]2021-04-21 08:52:55,772: scada.607f774b2c7ead5b96adcfc3[tid:416] <locked _thread.RLock object owner=416 count=1 at 0x000001AF478EF870> ,hold 11114 ms
[INFO]2021-04-21 08:52:56,043: name=scada.607f774b2c7ead5b96adcfc3, pid=11212, tid=416
[01] File "E:/Users/Administrator/AppData/Local/Programs/Python/Python38/lib/threading.py", line 870, in run() 
[02] File "../common/utility.py", line 167, in __call() 
[03] File "E:/projects_by_myself/MeiWei/akmCtrl/beans/scadaTaskBean.py", line 563, in _taskFunc() 
[04] File "../common/lock.py", line 122, in _call() 
[05] File "../common/lock.py", line 100, in release() 
[06] File "E:/projects_by_myself/MeiWei/common/enhance.py", line 258, in getTrace() 
[07] File "E:/projects_by_myself/MeiWei/common/enhance.py", line 240, in getThreadStack()
[INFO]2021-04-21 08:52:56,043: name=scada.607f774b2c7ead5b96adcfc3, pid=11212, tid=416
[01] File "E:/Users/Administrator/AppData/Local/Programs/Python/Python38/lib/threading.py", line 870, in run() 
[02] File "../common/utility.py", line 167, in __call() 
[03] File "E:/projects_by_myself/MeiWei/akmCtrl/beans/scadaTaskBean.py", line 563, in _taskFunc() 
[04] File "../common/lock.py", line 122, in _call() 
[05] File "../common/lock.py", line 100, in release() 
[06] File "E:/projects_by_myself/MeiWei/common/enhance.py", line 258, in getTrace() 
[07] File "E:/projects_by_myself/MeiWei/common/enhance.py", line 240, in getThreadStack()
[INFO]2021-04-21 08:52:56,250: task[607f774b2c7ead5b96adcfc3][-] AP32(LM34) -> LM9(LM9) [waitForAgv] waitForAgv error
[INFO]2021-04-21 08:52:56,250: task[607f774b2c7ead5b96adcfc3][-] AP32(LM34) -> LM9(LM9) [waitForAgv] waitForAgv error
[DEBUG]2021-04-21 08:52:58,623: GET: http://127.0.0.1:5551/api/agv/apply?appName=scadaTask_meiwei&autoLock=False&exclude&loc=LM34&mapId=AKM2F&taskId=607f774b2c7ead5b96adcfc3&timeout=10 addr: 127.0.0.1
[DEBUG]2021-04-21 08:52:58,623: GET: http://127.0.0.1:5551/api/agv/apply?appName=scadaTask_meiwei&autoLock=False&exclude&loc=LM34&mapId=AKM2F&taskId=607f774b2c7ead5b96adcfc3&timeout=10 addr: 127.0.0.1
[ERROR]2021-04-21 08:52:58,779: apply agv failed!  AGV30[locked2[user]] taskId 607f774b2c7ead5b96adcfc3 loc AKM2F.LM34
[ERROR]2021-04-21 08:52:58,779: apply agv failed!  AGV30[locked2[user]] taskId 607f774b2c7ead5b96adcfc3 loc AKM2F.LM34
[CRITICAL]2021-04-21 08:52:58,972: apply agv failed, count=0 cause a error: AKM2F.LM34找不到可用的小车
pid=11212, ppid=10216, tid=10920

[CRITICAL]2021-04-21 08:52:58,972: apply agv failed, count=0 cause a error: AKM2F.LM34找不到可用的小车
pid=11212, ppid=10216, tid=10920

[ERROR]2021-04-21 08:52:59,271: apply agv failed!  AGV30[locked2[user]] taskId 607f774b2c7ead5b96adcfc3 loc AKM2F.LM34
[ERROR]2021-04-21 08:52:59,271: apply agv failed!  AGV30[locked2[user]] taskId 607f774b2c7ead5b96adcfc3 loc AKM2F.LM34
[CRITICAL]2021-04-21 08:52:59,497: apply agv failed, count=1 cause a error: AKM2F.LM34找不到可用的小车
pid=11212, ppid=10216, tid=10920

[CRITICAL]2021-04-21 08:52:59,497: apply agv failed, count=1 cause a error: AKM2F.LM34找不到可用的小车
pid=11212, ppid=10216, tid=10920

[ERROR]2021-04-21 08:52:59,764: apply agv failed!  AGV30[locked2[user]] taskId 607f774b2c7ead5b96adcfc3 loc AKM2F.LM34
[ERROR]2021-04-21 08:52:59,764: apply agv failed!  AGV30[locked2[user]] taskId 607f774b2c7ead5b96adcfc3 loc AKM2F.LM34
[CRITICAL]2021-04-21 08:52:59,957: apply agv failed, count=2 cause a error: AKM2F.LM34找不到可用的小车
pid=11212, ppid=10216, tid=10920

[CRITICAL]2021-04-21 08:52:59,957: apply agv failed, count=2 cause a error: AKM2F.LM34找不到可用的小车
pid=11212, ppid=10216, tid=10920

[ERROR]2021-04-21 08:53:00,207: apply agv failed!  AGV30[locked2[user]] taskId 607f774b2c7ead5b96adcfc3 loc AKM2F.LM34
[ERROR]2021-04-21 08:53:00,207: apply agv failed!  AGV30[locked2[user]] taskId 607f774b2c7ead5b96adcfc3 loc AKM2F.LM34
[CRITICAL]2021-04-21 08:53:00,483: apply agv failed, count=3 cause a error: AKM2F.LM34找不到可用的小车
pid=11212, ppid=10216, tid=10920

[CRITICAL]2021-04-21 08:53:00,483: apply agv failed, count=3 cause a error: AKM2F.LM34找不到可用的小车
pid=11212, ppid=10216, tid=10920

[ERROR]2021-04-21 08:53:00,747: apply agv failed!  AGV30[locked2[user]] taskId 607f774b2c7ead5b96adcfc3 loc AKM2F.LM34
[ERROR]2021-04-21 08:53:00,747: apply agv failed!  AGV30[locked2[user]] taskId 607f774b2c7ead5b96adcfc3 loc AKM2F.LM34
[CRITICAL]2021-04-21 08:53:00,989: apply agv failed, count=4 cause a error: AKM2F.LM34找不到可用的小车
pid=11212, ppid=10216, tid=10920

[CRITICAL]2021-04-21 08:53:00,989: apply agv failed, count=4 cause a error: AKM2F.LM34找不到可用的小车
pid=11212, ppid=10216, tid=10920

[CRITICAL]2021-04-21 08:53:01,227: apply failed, count=1 cause a error: ('apply agv failed3!', 'taskId', '607f774b2c7ead5b96adcfc3', 'loc', 'LM34')
pid=11212, ppid=10216, tid=10920

[CRITICAL]2021-04-21 08:53:01,227: apply failed, count=1 cause a error: ('apply agv failed3!', 'taskId', '607f774b2c7ead5b96adcfc3', 'loc', 'LM34')
pid=11212, ppid=10216, tid=10920

[ERROR]2021-04-21 08:53:04,579: apply agv timeout
[ERROR]2021-04-21 08:53:04,579: apply agv timeout
[DEBUG]2021-04-21 08:53:04,800: used 6176ms 200 OK application/json;charset=utf-8, GET: http://127.0.0.1:5551/api/agv/apply?appName=scadaTask_meiwei&autoLock=False&exclude&loc=LM34&mapId=AKM2F&taskId=607f774b2c7ead5b96adcfc3&timeout=10
[DEBUG]2021-04-21 08:53:04,800: used 6176ms 200 OK application/json;charset=utf-8, GET: http://127.0.0.1:5551/api/agv/apply?appName=scadaTask_meiwei&autoLock=False&exclude&loc=LM34&mapId=AKM2F&taskId=607f774b2c7ead5b96adcfc3&timeout=10
[WARNING]2021-04-21 08:53:05,054: [task[607f774b2c7ead5b96adcfc3][-] AP32(LM34) -> LM9(LM9) [waitForAgv]] apply agv failed:
[WARNING]2021-04-21 08:53:05,054: [task[607f774b2c7ead5b96adcfc3][-] AP32(LM34) -> LM9(LM9) [waitForAgv]] apply agv failed:
[WARNING]2021-04-21 08:53:10,188: scada.607f774b2c7ead5b96adcfc3[tid:416] <locked _thread.RLock object owner=416 count=1 at 0x000001AF478EF870> ,hold 11725 ms
[WARNING]2021-04-21 08:53:10,188: scada.607f774b2c7ead5b96adcfc3[tid:416] <locked _thread.RLock object owner=416 count=1 at 0x000001AF478EF870> ,hold 11725 ms
[INFO]2021-04-21 08:53:10,439: name=scada.607f774b2c7ead5b96adcfc3, pid=11212, tid=416
[01] File "E:/Users/Administrator/AppData/Local/Programs/Python/Python38/lib/threading.py", line 870, in run() 
[02] File "../common/utility.py", line 167, in __call() 
[03] File "E:/projects_by_myself/MeiWei/akmCtrl/beans/scadaTaskBean.py", line 563, in _taskFunc() 
[04] File "../common/lock.py", line 122, in _call() 
[05] File "../common/lock.py", line 100, in release() 
[06] File "E:/projects_by_myself/MeiWei/common/enhance.py", line 258, in getTrace() 
[07] File "E:/projects_by_myself/MeiWei/common/enhance.py", line 240, in getThreadStack()
[INFO]2021-04-21 08:53:10,439: name=scada.607f774b2c7ead5b96adcfc3, pid=11212, tid=416
[01] File "E:/Users/Administrator/AppData/Local/Programs/Python/Python38/lib/threading.py", line 870, in run() 
[02] File "../common/utility.py", line 167, in __call() 
[03] File "E:/projects_by_myself/MeiWei/akmCtrl/beans/scadaTaskBean.py", line 563, in _taskFunc() 
[04] File "../common/lock.py", line 122, in _call() 
[05] File "../common/lock.py", line 100, in release() 
[06] File "E:/projects_by_myself/MeiWei/common/enhance.py", line 258, in getTrace() 
[07] File "E:/projects_by_myself/MeiWei/common/enhance.py", line 240, in getThreadStack()
[INFO]2021-04-21 08:53:10,708: task[607f774b2c7ead5b96adcfc3][-] AP32(LM34) -> LM9(LM9) [waitForAgv] waitForAgv error
[INFO]2021-04-21 08:53:10,708: task[607f774b2c7ead5b96adcfc3][-] AP32(LM34) -> LM9(LM9) [waitForAgv] waitForAgv error
[DEBUG]2021-04-21 08:53:13,291: GET: http://127.0.0.1:5551/api/agv/apply?appName=scadaTask_meiwei&autoLock=False&exclude&loc=LM34&mapId=AKM2F&taskId=607f774b2c7ead5b96adcfc3&timeout=10 addr: 127.0.0.1
[DEBUG]2021-04-21 08:53:13,291: GET: http://127.0.0.1:5551/api/agv/apply?appName=scadaTask_meiwei&autoLock=False&exclude&loc=LM34&mapId=AKM2F&taskId=607f774b2c7ead5b96adcfc3&timeout=10 addr: 127.0.0.1
[ERROR]2021-04-21 08:53:13,403: apply agv failed!  AGV30[locked2[user]] taskId 607f774b2c7ead5b96adcfc3 loc AKM2F.LM34
[ERROR]2021-04-21 08:53:13,403: apply agv failed!  AGV30[locked2[user]] taskId 607f774b2c7ead5b96adcfc3 loc AKM2F.LM34
[CRITICAL]2021-04-21 08:53:13,647: apply agv failed, count=0 cause a error: AKM2F.LM34找不到可用的小车
pid=11212, ppid=10216, tid=2036

[CRITICAL]2021-04-21 08:53:13,647: apply agv failed, count=0 cause a error: AKM2F.LM34找不到可用的小车
pid=11212, ppid=10216, tid=2036

[ERROR]2021-04-21 08:53:14,008: apply agv failed!  AGV30[locked2[user]] taskId 607f774b2c7ead5b96adcfc3 loc AKM2F.LM34
[ERROR]2021-04-21 08:53:14,008: apply agv failed!  AGV30[locked2[user]] taskId 607f774b2c7ead5b96adcfc3 loc AKM2F.LM34
[CRITICAL]2021-04-21 08:53:14,253: apply agv failed, count=1 cause a error: AKM2F.LM34找不到可用的小车
pid=11212, ppid=10216, tid=2036

[CRITICAL]2021-04-21 08:53:14,253: apply agv failed, count=1 cause a error: AKM2F.LM34找不到可用的小车
pid=11212, ppid=10216, tid=2036

[ERROR]2021-04-21 08:53:14,532: apply agv failed!  AGV30[locked2[user]] taskId 607f774b2c7ead5b96adcfc3 loc AKM2F.LM34
[ERROR]2021-04-21 08:53:14,532: apply agv failed!  AGV30[locked2[user]] taskId 607f774b2c7ead5b96adcfc3 loc AKM2F.LM34
[CRITICAL]2021-04-21 08:53:14,778: apply agv failed, count=2 cause a error: AKM2F.LM34找不到可用的小车
pid=11212, ppid=10216, tid=2036

[CRITICAL]2021-04-21 08:53:14,778: apply agv failed, count=2 cause a error: AKM2F.LM34找不到可用的小车
pid=11212, ppid=10216, tid=2036

[ERROR]2021-04-21 08:53:14,958: apply agv failed!  AGV30[locked2[user]] taskId 607f774b2c7ead5b96adcfc3 loc AKM2F.LM34
[ERROR]2021-04-21 08:53:14,958: apply agv failed!  AGV30[locked2[user]] taskId 607f774b2c7ead5b96adcfc3 loc AKM2F.LM34
[CRITICAL]2021-04-21 08:53:15,139: apply agv failed, count=3 cause a error: AKM2F.LM34找不到可用的小车
pid=11212, ppid=10216, tid=2036

[CRITICAL]2021-04-21 08:53:15,139: apply agv failed, count=3 cause a error: AKM2F.LM34找不到可用的小车
pid=11212, ppid=10216, tid=2036

[ERROR]2021-04-21 08:53:15,334: apply agv failed!  AGV30[locked2[user]] taskId 607f774b2c7ead5b96adcfc3 loc AKM2F.LM34
[ERROR]2021-04-21 08:53:15,334: apply agv failed!  AGV30[locked2[user]] taskId 607f774b2c7ead5b96adcfc3 loc AKM2F.LM34
[CRITICAL]2021-04-21 08:53:15,502: apply agv failed, count=4 cause a error: AKM2F.LM34找不到可用的小车
pid=11212, ppid=10216, tid=2036

[CRITICAL]2021-04-21 08:53:15,502: apply agv failed, count=4 cause a error: AKM2F.LM34找不到可用的小车
pid=11212, ppid=10216, tid=2036

[CRITICAL]2021-04-21 08:53:15,754: apply failed, count=1 cause a error: ('apply agv failed3!', 'taskId', '607f774b2c7ead5b96adcfc3', 'loc', 'LM34')
pid=11212, ppid=10216, tid=2036

[CRITICAL]2021-04-21 08:53:15,754: apply failed, count=1 cause a error: ('apply agv failed3!', 'taskId', '607f774b2c7ead5b96adcfc3', 'loc', 'LM34')
pid=11212, ppid=10216, tid=2036

[INFO]2021-04-21 08:53:18,429: user press unlock AGV30 button
[INFO]2021-04-21 08:53:18,429: user press unlock AGV30 button
[DEBUG]2021-04-21 08:53:18,587: unlock: AGV30 taskId None app user force True
[DEBUG]2021-04-21 08:53:18,587: unlock: AGV30 taskId None app user force True
[ERROR]2021-04-21 08:53:19,010: apply agv timeout
[ERROR]2021-04-21 08:53:19,010: apply agv timeout
[DEBUG]2021-04-21 08:53:19,217: used 5926ms 200 OK application/json;charset=utf-8, GET: http://127.0.0.1:5551/api/agv/apply?appName=scadaTask_meiwei&autoLock=False&exclude&loc=LM34&mapId=AKM2F&taskId=607f774b2c7ead5b96adcfc3&timeout=10
[DEBUG]2021-04-21 08:53:19,217: used 5926ms 200 OK application/json;charset=utf-8, GET: http://127.0.0.1:5551/api/agv/apply?appName=scadaTask_meiwei&autoLock=False&exclude&loc=LM34&mapId=AKM2F&taskId=607f774b2c7ead5b96adcfc3&timeout=10
[WARNING]2021-04-21 08:53:19,423: [task[607f774b2c7ead5b96adcfc3][-] AP32(LM34) -> LM9(LM9) [waitForAgv]] apply agv failed:
[WARNING]2021-04-21 08:53:19,423: [task[607f774b2c7ead5b96adcfc3][-] AP32(LM34) -> LM9(LM9) [waitForAgv]] apply agv failed:
[WARNING]2021-04-21 08:53:24,691: scada.607f774b2c7ead5b96adcfc3[tid:416] <locked _thread.RLock object owner=416 count=1 at 0x000001AF478EF870> ,hold 11671 ms
[WARNING]2021-04-21 08:53:24,691: scada.607f774b2c7ead5b96adcfc3[tid:416] <locked _thread.RLock object owner=416 count=1 at 0x000001AF478EF870> ,hold 11671 ms
[INFO]2021-04-21 08:53:25,090: name=scada.607f774b2c7ead5b96adcfc3, pid=11212, tid=416
[01] File "E:/Users/Administrator/AppData/Local/Programs/Python/Python38/lib/threading.py", line 870, in run() 
[02] File "../common/utility.py", line 167, in __call() 
[03] File "E:/projects_by_myself/MeiWei/akmCtrl/beans/scadaTaskBean.py", line 563, in _taskFunc() 
[04] File "../common/lock.py", line 122, in _call() 
[05] File "../common/lock.py", line 100, in release() 
[06] File "E:/projects_by_myself/MeiWei/common/enhance.py", line 258, in getTrace() 
[07] File "E:/projects_by_myself/MeiWei/common/enhance.py", line 240, in getThreadStack()
[INFO]2021-04-21 08:53:25,090: name=scada.607f774b2c7ead5b96adcfc3, pid=11212, tid=416
[01] File "E:/Users/Administrator/AppData/Local/Programs/Python/Python38/lib/threading.py", line 870, in run() 
[02] File "../common/utility.py", line 167, in __call() 
[03] File "E:/projects_by_myself/MeiWei/akmCtrl/beans/scadaTaskBean.py", line 563, in _taskFunc() 
[04] File "../common/lock.py", line 122, in _call() 
[05] File "../common/lock.py", line 100, in release() 
[06] File "E:/projects_by_myself/MeiWei/common/enhance.py", line 258, in getTrace() 
[07] File "E:/projects_by_myself/MeiWei/common/enhance.py", line 240, in getThreadStack()
[INFO]2021-04-21 08:53:25,329: task[607f774b2c7ead5b96adcfc3][-] AP32(LM34) -> LM9(LM9) [waitForAgv] waitForAgv error
[INFO]2021-04-21 08:53:25,329: task[607f774b2c7ead5b96adcfc3][-] AP32(LM34) -> LM9(LM9) [waitForAgv] waitForAgv error
[DEBUG]2021-04-21 08:53:27,683: GET: http://127.0.0.1:5551/api/agv/apply?appName=scadaTask_meiwei&autoLock=False&exclude&loc=LM34&mapId=AKM2F&taskId=607f774b2c7ead5b96adcfc3&timeout=10 addr: 127.0.0.1
[DEBUG]2021-04-21 08:53:27,683: GET: http://127.0.0.1:5551/api/agv/apply?appName=scadaTask_meiwei&autoLock=False&exclude&loc=LM34&mapId=AKM2F&taskId=607f774b2c7ead5b96adcfc3&timeout=10 addr: 127.0.0.1
[INFO]2021-04-21 08:53:31,722: apply AGV30 ,taskId: 607f774b2c7ead5b96adcfc3 ,loc AKM2F.LM34 ,autoLock False , used 3770 ms
[INFO]2021-04-21 08:53:31,722: apply AGV30 ,taskId: 607f774b2c7ead5b96adcfc3 ,loc AKM2F.LM34 ,autoLock False , used 3770 ms
[WARNING]2021-04-21 08:53:31,866: worker 8[tid:18336] <lock name:mapMgr.lock,<locked _thread.RLock object owner=18336 count=1 at 0x000001AF3CD03360>> ,hold 3914 ms
[WARNING]2021-04-21 08:53:31,866: worker 8[tid:18336] <lock name:mapMgr.lock,<locked _thread.RLock object owner=18336 count=1 at 0x000001AF3CD03360>> ,hold 3914 ms
[INFO]2021-04-21 08:53:32,291: name=worker 8, pid=11212, tid=18336
[01] File "E:/Users/Administrator/AppData/Local/Programs/Python/Python38/lib/threading.py", line 870, in run() 
[02] File "E:/Users/Administrator/AppData/Local/Programs/Python/Python38/lib/site-packages/paste/httpserver.py", line 903, in worker_thread_callback() 
[03] File "E:/Users/Administrator/AppData/Local/Programs/Python/Python38/lib/site-packages/paste/httpserver.py", line 1077, in <lambda>() 
[04] File "E:/Users/Administrator/AppData/Local/Programs/Python/Python38/lib/site-packages/paste/httpserver.py", line 1092, in process_request_in_thread() 
[05] File "E:/Users/Administrator/AppData/Local/Programs/Python/Python38/lib/socketserver.py", line 360, in finish_request() 
[06] File "E:/Users/Administrator/AppData/Local/Programs/Python/Python38/lib/socketserver.py", line 720, in __init__() 
[07] File "E:/Users/Administrator/AppData/Local/Programs/Python/Python38/lib/site-packages/paste/httpserver.py", line 460, in handle() 
[08] File "E:/Users/Administrator/AppData/Local/Programs/Python/Python38/lib/http/server.py", line 427, in handle() 
[09] File "E:/Users/Administrator/AppData/Local/Programs/Python/Python38/lib/site-packages/paste/httpserver.py", line 455, in handle_one_request() 
[10] File "E:/Users/Administrator/AppData/Local/Programs/Python/Python38/lib/site-packages/paste/httpserver.py", line 304, in wsgi_execute() 
[11] File "E:/Users/Administrator/AppData/Local/Programs/Python/Python38/lib/site-packages/paste/translogger.py", line 69, in __call__() 
[12] File "E:/Users/Administrator/AppData/Local/Programs/Python/Python38/lib/site-packages/bottle.py", line 985, in __call__() 
[13] File "E:/Users/Administrator/AppData/Local/Programs/Python/Python38/lib/site-packages/bottle.py", line 960, in wsgi() 
[14] File "E:/Users/Administrator/AppData/Local/Programs/Python/Python38/lib/site-packages/bottle.py", line 868, in _handle() 
[15] File "E:/Users/Administrator/AppData/Local/Programs/Python/Python38/lib/site-packages/bottle.py", line 1748, in wrapper() 
[16] File "E:/projects_by_myself/MeiWei/common/webutility.py", line 465, in _enable_cors() 
[17] File "E:/projects_by_myself/MeiWei/common/webutility.py", line 481, in _enable_cors() 
[18] File "E:/projects_by_myself/MeiWei/common/scadaUtility.py", line 45, in __call() 
[19] File "E:/projects_by_myself/MeiWei/agvCtrl/main_agv.py", line 58, in urlApply() 
[20] File "E:/projects_by_myself/MeiWei/agvCtrl/agvControl.py", line 1111, in apply() 
[21] File "E:/projects_by_myself/MeiWei/common/lock.py", line 122, in _call() 
[22] File "E:/projects_by_myself/MeiWei/common/lock.py", line 100, in release() 
[23] File "E:/projects_by_myself/MeiWei/common/enhance.py", line 258, in getTrace() 
[24] File "E:/projects_by_myself/MeiWei/common/enhance.py", line 240, in getThreadStack()
[INFO]2021-04-21 08:53:32,291: name=worker 8, pid=11212, tid=18336
[01] File "E:/Users/Administrator/AppData/Local/Programs/Python/Python38/lib/threading.py", line 870, in run() 
[02] File "E:/Users/Administrator/AppData/Local/Programs/Python/Python38/lib/site-packages/paste/httpserver.py", line 903, in worker_thread_callback() 
[03] File "E:/Users/Administrator/AppData/Local/Programs/Python/Python38/lib/site-packages/paste/httpserver.py", line 1077, in <lambda>() 
[04] File "E:/Users/Administrator/AppData/Local/Programs/Python/Python38/lib/site-packages/paste/httpserver.py", line 1092, in process_request_in_thread() 
[05] File "E:/Users/Administrator/AppData/Local/Programs/Python/Python38/lib/socketserver.py", line 360, in finish_request() 
[06] File "E:/Users/Administrator/AppData/Local/Programs/Python/Python38/lib/socketserver.py", line 720, in __init__() 
[07] File "E:/Users/Administrator/AppData/Local/Programs/Python/Python38/lib/site-packages/paste/httpserver.py", line 460, in handle() 
[08] File "E:/Users/Administrator/AppData/Local/Programs/Python/Python38/lib/http/server.py", line 427, in handle() 
[09] File "E:/Users/Administrator/AppData/Local/Programs/Python/Python38/lib/site-packages/paste/httpserver.py", line 455, in handle_one_request() 
[10] File "E:/Users/Administrator/AppData/Local/Programs/Python/Python38/lib/site-packages/paste/httpserver.py", line 304, in wsgi_execute() 
[11] File "E:/Users/Administrator/AppData/Local/Programs/Python/Python38/lib/site-packages/paste/translogger.py", line 69, in __call__() 
[12] File "E:/Users/Administrator/AppData/Local/Programs/Python/Python38/lib/site-packages/bottle.py", line 985, in __call__() 
[13] File "E:/Users/Administrator/AppData/Local/Programs/Python/Python38/lib/site-packages/bottle.py", line 960, in wsgi() 
[14] File "E:/Users/Administrator/AppData/Local/Programs/Python/Python38/lib/site-packages/bottle.py", line 868, in _handle() 
[15] File "E:/Users/Administrator/AppData/Local/Programs/Python/Python38/lib/site-packages/bottle.py", line 1748, in wrapper() 
[16] File "E:/projects_by_myself/MeiWei/common/webutility.py", line 465, in _enable_cors() 
[17] File "E:/projects_by_myself/MeiWei/common/webutility.py", line 481, in _enable_cors() 
[18] File "E:/projects_by_myself/MeiWei/common/scadaUtility.py", line 45, in __call() 
[19] File "E:/projects_by_myself/MeiWei/agvCtrl/main_agv.py", line 58, in urlApply() 
[20] File "E:/projects_by_myself/MeiWei/agvCtrl/agvControl.py", line 1111, in apply() 
[21] File "E:/projects_by_myself/MeiWei/common/lock.py", line 122, in _call() 
[22] File "E:/projects_by_myself/MeiWei/common/lock.py", line 100, in release() 
[23] File "E:/projects_by_myself/MeiWei/common/enhance.py", line 258, in getTrace() 
[24] File "E:/projects_by_myself/MeiWei/common/enhance.py", line 240, in getThreadStack()
[DEBUG]2021-04-21 08:53:32,531: used 4847ms 200 OK application/json;charset=utf-8, GET: http://127.0.0.1:5551/api/agv/apply?appName=scadaTask_meiwei&autoLock=False&exclude&loc=LM34&mapId=AKM2F&taskId=607f774b2c7ead5b96adcfc3&timeout=10
[WARNING]2021-04-21 08:53:32,531: agv.hasDeadlock[tid:2584] <lock name:mapMgr.lock,<locked _thread.RLock object owner=2584 count=1 at 0x000001AF3CD03360>> ,hold 4021 ms
[DEBUG]2021-04-21 08:53:32,531: used 4847ms 200 OK application/json;charset=utf-8, GET: http://127.0.0.1:5551/api/agv/apply?appName=scadaTask_meiwei&autoLock=False&exclude&loc=LM34&mapId=AKM2F&taskId=607f774b2c7ead5b96adcfc3&timeout=10
[WARNING]2021-04-21 08:53:32,531: agv.hasDeadlock[tid:2584] <lock name:mapMgr.lock,<locked _thread.RLock object owner=2584 count=1 at 0x000001AF3CD03360>> ,hold 4021 ms
[INFO]2021-04-21 08:53:32,991: name=agv.hasDeadlock, pid=11212, tid=2584
[01] File "E:/Users/Administrator/AppData/Local/Programs/Python/Python38/lib/threading.py", line 870, in run() 
[02] File "E:/projects_by_myself/MeiWei/agvCtrl/agvControl.py", line 1006, in _threadFunc() 
[03] File "E:/projects_by_myself/MeiWei/agvCtrl/agvControl.py", line 902, in hasDeadlock() 
[04] File "E:/projects_by_myself/MeiWei/common/lock.py", line 122, in _call() 
[05] File "E:/projects_by_myself/MeiWei/common/lock.py", line 100, in release() 
[06] File "E:/projects_by_myself/MeiWei/common/enhance.py", line 258, in getTrace() 
[07] File "E:/projects_by_myself/MeiWei/common/enhance.py", line 240, in getThreadStack()
[DEBUG]2021-04-21 08:53:33,055: GET: http://127.0.0.1:5551/api/agv/lock?agv=AGV30&appName=scadaTask_meiwei&taskId=607f774b2c7ead5b96adcfc3 addr: 127.0.0.1
[INFO]2021-04-21 08:53:32,991: name=agv.hasDeadlock, pid=11212, tid=2584
[01] File "E:/Users/Administrator/AppData/Local/Programs/Python/Python38/lib/threading.py", line 870, in run() 
[02] File "E:/projects_by_myself/MeiWei/agvCtrl/agvControl.py", line 1006, in _threadFunc() 
[03] File "E:/projects_by_myself/MeiWei/agvCtrl/agvControl.py", line 902, in hasDeadlock() 
[04] File "E:/projects_by_myself/MeiWei/common/lock.py", line 122, in _call() 
[05] File "E:/projects_by_myself/MeiWei/common/lock.py", line 100, in release() 
[06] File "E:/projects_by_myself/MeiWei/common/enhance.py", line 258, in getTrace() 
[07] File "E:/projects_by_myself/MeiWei/common/enhance.py", line 240, in getThreadStack()
[DEBUG]2021-04-21 08:53:33,055: GET: http://127.0.0.1:5551/api/agv/lock?agv=AGV30&appName=scadaTask_meiwei&taskId=607f774b2c7ead5b96adcfc3 addr: 127.0.0.1
[DEBUG]2021-04-21 08:53:33,326: lock:  AGV30 taskId 607f774b2c7ead5b96adcfc3 app scadaTask_meiwei
[DEBUG]2021-04-21 08:53:33,326: lock:  AGV30 taskId 607f774b2c7ead5b96adcfc3 app scadaTask_meiwei
[WARNING]2021-04-21 08:53:34,514: AGV30 clear task finish, cur= AKM2F.AP32 task_status= 0
[WARNING]2021-04-21 08:53:34,514: AGV30 clear task finish, cur= AKM2F.AP32 task_status= 0
[DEBUG]2021-04-21 08:53:34,705: used 1650ms 200 OK application/json;charset=utf-8, GET: http://127.0.0.1:5551/api/agv/lock?agv=AGV30&appName=scadaTask_meiwei&taskId=607f774b2c7ead5b96adcfc3
[DEBUG]2021-04-21 08:53:34,705: used 1650ms 200 OK application/json;charset=utf-8, GET: http://127.0.0.1:5551/api/agv/lock?agv=AGV30&appName=scadaTask_meiwei&taskId=607f774b2c7ead5b96adcfc3
[INFO]2021-04-21 08:53:34,958: task[607f774b2c7ead5b96adcfc3][-] AP32(LM34) -> LM9(LM9) [waitForAgv] apply AGV30
[INFO]2021-04-21 08:53:34,958: task[607f774b2c7ead5b96adcfc3][-] AP32(LM34) -> LM9(LM9) [waitForAgv] apply AGV30
[INFO]2021-04-21 08:53:35,068: task[607f774b2c7ead5b96adcfc3] update info: {'agvId': 'AGV30', 'failMsg': '成功分配小车AGV30,检测顶升下降', 'updateTime': datetime.datetime(2021, 4, 21, 8, 53, 35, 54836)}
[INFO]2021-04-21 08:53:35,068: task[607f774b2c7ead5b96adcfc3] update info: {'agvId': 'AGV30', 'failMsg': '成功分配小车AGV30,检测顶升下降', 'updateTime': datetime.datetime(2021, 4, 21, 8, 53, 35, 54836)}
[WARNING]2021-04-21 08:53:35,272: scada.607f774b2c7ead5b96adcfc3[tid:416] <locked _thread.RLock object owner=416 count=1 at 0x000001AF478EF870> ,hold 7748 ms
[WARNING]2021-04-21 08:53:35,272: scada.607f774b2c7ead5b96adcfc3[tid:416] <locked _thread.RLock object owner=416 count=1 at 0x000001AF478EF870> ,hold 7748 ms
[INFO]2021-04-21 08:53:35,509: name=scada.607f774b2c7ead5b96adcfc3, pid=11212, tid=416
[01] File "E:/Users/Administrator/AppData/Local/Programs/Python/Python38/lib/threading.py", line 870, in run() 
[02] File "../common/utility.py", line 167, in __call() 
[03] File "E:/projects_by_myself/MeiWei/akmCtrl/beans/scadaTaskBean.py", line 563, in _taskFunc() 
[04] File "../common/lock.py", line 122, in _call() 
[05] File "../common/lock.py", line 100, in release() 
[06] File "E:/projects_by_myself/MeiWei/common/enhance.py", line 258, in getTrace() 
[07] File "E:/projects_by_myself/MeiWei/common/enhance.py", line 240, in getThreadStack()
[INFO]2021-04-21 08:53:35,509: name=scada.607f774b2c7ead5b96adcfc3, pid=11212, tid=416
[01] File "E:/Users/Administrator/AppData/Local/Programs/Python/Python38/lib/threading.py", line 870, in run() 
[02] File "../common/utility.py", line 167, in __call() 
[03] File "E:/projects_by_myself/MeiWei/akmCtrl/beans/scadaTaskBean.py", line 563, in _taskFunc() 
[04] File "../common/lock.py", line 122, in _call() 
[05] File "../common/lock.py", line 100, in release() 
[06] File "E:/projects_by_myself/MeiWei/common/enhance.py", line 258, in getTrace() 
[07] File "E:/projects_by_myself/MeiWei/common/enhance.py", line 240, in getThreadStack()
[DEBUG]2021-04-21 08:53:35,713: task[607f774b2c7ead5b96adcfc3][AGV30] AP32(LM34) -> LM9(LM9) [initJackdown] waitForAgv -> initJackdown
[DEBUG]2021-04-21 08:53:35,713: task[607f774b2c7ead5b96adcfc3][AGV30] AP32(LM34) -> LM9(LM9) [initJackdown] waitForAgv -> initJackdown
[INFO]2021-04-21 08:53:36,255: task[607f774b2c7ead5b96adcfc3][AGV30] AP32(LM34) -> LM9(LM9) [initJackdown] _jackDown
[INFO]2021-04-21 08:53:36,255: task[607f774b2c7ead5b96adcfc3][AGV30] AP32(LM34) -> LM9(LM9) [initJackdown] _jackDown
[DEBUG]2021-04-21 08:53:36,431: send http_get: http://127.0.0.1:5551/api/agv/jackdown?agv=AGV30&loc=None&timeoutSec=90
[DEBUG]2021-04-21 08:53:36,431: send http_get: http://127.0.0.1:5551/api/agv/jackdown?agv=AGV30&loc=None&timeoutSec=90
[DEBUG]2021-04-21 08:53:36,714: GET: http://127.0.0.1:5551/api/agv/jackdown?agv=AGV30&loc=None&timeoutSec=90 addr: 127.0.0.1
[DEBUG]2021-04-21 08:53:36,714: GET: http://127.0.0.1:5551/api/agv/jackdown?agv=AGV30&loc=None&timeoutSec=90 addr: 127.0.0.1
[INFO]2021-04-21 08:53:36,890: _jack in jackMgr: AGV30 down [{'id': 0, 'source': 'normal', 'status': True}, {'id': 1, 'source': 'normal', 'status': True}]
[INFO]2021-04-21 08:53:36,890: _jack in jackMgr: AGV30 down [{'id': 0, 'source': 'normal', 'status': True}, {'id': 1, 'source': 'normal', 'status': True}]
[INFO]2021-04-21 08:53:37,238: AGV30 jack down status:  1
[INFO]2021-04-21 08:53:37,238: AGV30 jack down status:  1
[DEBUG]2021-04-21 08:53:37,446: used 732ms 200 OK application/json;charset=utf-8, GET: http://127.0.0.1:5551/api/agv/jackdown?agv=AGV30&loc=None&timeoutSec=90
[DEBUG]2021-04-21 08:53:37,446: used 732ms 200 OK application/json;charset=utf-8, GET: http://127.0.0.1:5551/api/agv/jackdown?agv=AGV30&loc=None&timeoutSec=90
[DEBUG]2021-04-21 08:53:37,685: [return] use 1253 ms,http_get: http://127.0.0.1:5551/api/agv/jackdown?agv=AGV30&loc=None&timeoutSec=90
[DEBUG]2021-04-21 08:53:37,685: [return] use 1253 ms,http_get: http://127.0.0.1:5551/api/agv/jackdown?agv=AGV30&loc=None&timeoutSec=90
[INFO]2021-04-21 08:53:37,846: task[607f774b2c7ead5b96adcfc3] update info: {'failMsg': '前往二楼工位_02工位点拉取货架', 'updateTime': datetime.datetime(2021, 4, 21, 8, 53, 37, 844644)}
[INFO]2021-04-21 08:53:37,846: task[607f774b2c7ead5b96adcfc3] update info: {'failMsg': '前往二楼工位_02工位点拉取货架', 'updateTime': datetime.datetime(2021, 4, 21, 8, 53, 37, 844644)}
[DEBUG]2021-04-21 08:53:38,031: task[607f774b2c7ead5b96adcfc3][AGV30] AP32(LM34) -> LM9(LM9) [startMoveJackup] initJackdown -> startMoveJackup
[DEBUG]2021-04-21 08:53:38,031: task[607f774b2c7ead5b96adcfc3][AGV30] AP32(LM34) -> LM9(LM9) [startMoveJackup] initJackdown -> startMoveJackup
[DEBUG]2021-04-21 08:53:38,621: GET: http://127.0.0.1:5551/api/agv/move?WorkPlace=None&agv=AGV30&agvId=AGV30&appName=scadaTask_meiwei&direction=None&floorId=AKM2F&isRotate&loc=AKM2F.AP32&location=AP32&p_direction=0.0&pgv_type=1&recognize=False&seer_jackup=JackLoad&taskId=607f774b2c7ead5b96adcfc3_2&taskType=scadaTask&timeoutSec=86400&use_pgv=False addr: 127.0.0.1
[DEBUG]2021-04-21 08:53:38,621: GET: http://127.0.0.1:5551/api/agv/move?WorkPlace=None&agv=AGV30&agvId=AGV30&appName=scadaTask_meiwei&direction=None&floorId=AKM2F&isRotate&loc=AKM2F.AP32&location=AP32&p_direction=0.0&pgv_type=1&recognize=False&seer_jackup=JackLoad&taskId=607f774b2c7ead5b96adcfc3_2&taskType=scadaTask&timeoutSec=86400&use_pgv=False addr: 127.0.0.1
[DEBUG]2021-04-21 08:53:38,647: agvInfo: AGV30 AKM2F.AP32 move jackup to AKM2F.AP32 ,taskId 607f774b2c7ead5b96adcfc3_2
[DEBUG]2021-04-21 08:53:38,647: agvInfo: AGV30 AKM2F.AP32 move jackup to AKM2F.AP32 ,taskId 607f774b2c7ead5b96adcfc3_2
[DEBUG]2021-04-21 08:53:38,651: task[607f774b2c7ead5b96adcfc3][AGV30] AP32(LM34) -> LM9(LM9) [loadPlayload] startMoveJackup -> loadPlayload
[DEBUG]2021-04-21 08:53:38,651: task[607f774b2c7ead5b96adcfc3][AGV30] AP32(LM34) -> LM9(LM9) [loadPlayload] startMoveJackup -> loadPlayload
[ERROR]2021-04-21 08:53:39,024: mock: AGV30 原地移动 AP32
[ERROR]2021-04-21 08:53:39,024: mock: AGV30 原地移动 AP32
[INFO]2021-04-21 08:53:39,139: task: move finish callback task[607f774b2c7ead5b96adcfc3][AGV30] AP32(LM34) -> LM9(LM9) [loadPlayload]
[INFO]2021-04-21 08:53:39,139: task: move finish callback task[607f774b2c7ead5b96adcfc3][AGV30] AP32(LM34) -> LM9(LM9) [loadPlayload]
[INFO]2021-04-21 08:53:39,146: task[607f774b2c7ead5b96adcfc3] update info: {'failMsg': 'AGV顶升', 'updateTime': datetime.datetime(2021, 4, 21, 8, 53, 39, 143520)}
[INFO]2021-04-21 08:53:39,146: task[607f774b2c7ead5b96adcfc3] update info: {'failMsg': 'AGV顶升', 'updateTime': datetime.datetime(2021, 4, 21, 8, 53, 39, 143520)}
[DEBUG]2021-04-21 08:53:39,263: task[607f774b2c7ead5b96adcfc3][AGV30] AP32(LM34) -> LM9(LM9) [loadPlayload_jackup] loadPlayload_readqr -> loadPlayload_jackup
[DEBUG]2021-04-21 08:53:39,263: task[607f774b2c7ead5b96adcfc3][AGV30] AP32(LM34) -> LM9(LM9) [loadPlayload_jackup] loadPlayload_readqr -> loadPlayload_jackup
[INFO]2021-04-21 08:53:39,585: task[607f774b2c7ead5b96adcfc3][AGV30] AP32(LM34) -> LM9(LM9) [loadPlayload_jackup] _jackUp
[INFO]2021-04-21 08:53:39,585: task[607f774b2c7ead5b96adcfc3][AGV30] AP32(LM34) -> LM9(LM9) [loadPlayload_jackup] _jackUp
[DEBUG]2021-04-21 08:53:39,593: send http_get: http://127.0.0.1:5551/api/agv/jackup?agv=AGV30&loc=None&timeoutSec=90
[DEBUG]2021-04-21 08:53:39,593: send http_get: http://127.0.0.1:5551/api/agv/jackup?agv=AGV30&loc=None&timeoutSec=90
[DEBUG]2021-04-21 08:53:39,599: GET: http://127.0.0.1:5551/api/agv/jackup?agv=AGV30&loc=None&timeoutSec=90 addr: 127.0.0.1
[DEBUG]2021-04-21 08:53:39,599: GET: http://127.0.0.1:5551/api/agv/jackup?agv=AGV30&loc=None&timeoutSec=90 addr: 127.0.0.1
[INFO]2021-04-21 08:53:39,607: _jack in jackMgr: AGV30 up [{'id': 0, 'source': 'normal', 'status': True}, {'id': 1, 'source': 'normal', 'status': True}]
[INFO]2021-04-21 08:53:39,607: _jack in jackMgr: AGV30 up [{'id': 0, 'source': 'normal', 'status': True}, {'id': 1, 'source': 'normal', 'status': True}]
[INFO]2021-04-21 08:53:39,611: AGV30 jack up status:  1
[INFO]2021-04-21 08:53:39,611: AGV30 jack up status:  1
[DEBUG]2021-04-21 08:53:39,615: used 16ms 200 OK application/json;charset=utf-8, GET: http://127.0.0.1:5551/api/agv/jackup?agv=AGV30&loc=None&timeoutSec=90
[DEBUG]2021-04-21 08:53:39,615: used 16ms 200 OK application/json;charset=utf-8, GET: http://127.0.0.1:5551/api/agv/jackup?agv=AGV30&loc=None&timeoutSec=90
[DEBUG]2021-04-21 08:53:39,622: [return] use 29 ms,http_get: http://127.0.0.1:5551/api/agv/jackup?agv=AGV30&loc=None&timeoutSec=90
[DEBUG]2021-04-21 08:53:39,622: [return] use 29 ms,http_get: http://127.0.0.1:5551/api/agv/jackup?agv=AGV30&loc=None&timeoutSec=90
[INFO]2021-04-21 08:53:39,628: task[607f774b2c7ead5b96adcfc3] update info: {'failMsg': '等待二楼测试点工位点锁', 'updateTime': datetime.datetime(2021, 4, 21, 8, 53, 39, 626847)}
[INFO]2021-04-21 08:53:39,628: task[607f774b2c7ead5b96adcfc3] update info: {'failMsg': '等待二楼测试点工位点锁', 'updateTime': datetime.datetime(2021, 4, 21, 8, 53, 39, 626847)}
[DEBUG]2021-04-21 08:53:39,636: task[607f774b2c7ead5b96adcfc3][AGV30] AP32(LM34) -> LM9(LM9) [waitDestPreLoc] loadPlayload_jackup -> waitDestPreLoc
[DEBUG]2021-04-21 08:53:39,636: task[607f774b2c7ead5b96adcfc3][AGV30] AP32(LM34) -> LM9(LM9) [waitDestPreLoc] loadPlayload_jackup -> waitDestPreLoc
[INFO]2021-04-21 08:53:39,945: task: prepoint locked  607f774b2c7ead5b96adcfc3 AKM2F.LM9
[INFO]2021-04-21 08:53:39,945: task: prepoint locked  607f774b2c7ead5b96adcfc3 AKM2F.LM9
[INFO]2021-04-21 08:53:40,180: task[607f774b2c7ead5b96adcfc3] update info: {'failMsg': '前往LM9工位点放下货架', 'updateTime': datetime.datetime(2021, 4, 21, 8, 53, 40, 116896)}
[INFO]2021-04-21 08:53:40,180: task[607f774b2c7ead5b96adcfc3] update info: {'failMsg': '前往LM9工位点放下货架', 'updateTime': datetime.datetime(2021, 4, 21, 8, 53, 40, 116896)}
[DEBUG]2021-04-21 08:53:40,337: task[607f774b2c7ead5b96adcfc3][AGV30] AP32(LM34) -> LM9(LM9) [movePreSource] waitDestPreLoc -> movePreSource
[DEBUG]2021-04-21 08:53:40,337: task[607f774b2c7ead5b96adcfc3][AGV30] AP32(LM34) -> LM9(LM9) [movePreSource] waitDestPreLoc -> movePreSource
[DEBUG]2021-04-21 08:53:40,913: GET: http://127.0.0.1:5551/api/agv/move?WorkPlace=None&agv=AGV30&agvId=AGV30&appName=scadaTask_meiwei&direction=None&floorId=AKM2F&isRotate&loc=AKM2F.LM9&location=LM9&p_direction=0.0&pgv_type=1&recognize=False&result=True&resultDesc=None&taskId=607f774b2c7ead5b96adcfc3_3&taskType=scadaTask&timeoutSec=86400&use_pgv=False addr: 127.0.0.1
[DEBUG]2021-04-21 08:53:40,913: GET: http://127.0.0.1:5551/api/agv/move?WorkPlace=None&agv=AGV30&agvId=AGV30&appName=scadaTask_meiwei&direction=None&floorId=AKM2F&isRotate&loc=AKM2F.LM9&location=LM9&p_direction=0.0&pgv_type=1&recognize=False&result=True&resultDesc=None&taskId=607f774b2c7ead5b96adcfc3_3&taskType=scadaTask&timeoutSec=86400&use_pgv=False addr: 127.0.0.1
[WARNING]2021-04-21 08:53:40,916: AGV30 is running, task_status= 2 ,running taskId=  ,taskId= 607f774b2c7ead5b96adcfc3_3
[WARNING]2021-04-21 08:53:40,916: AGV30 is running, task_status= 2 ,running taskId=  ,taskId= 607f774b2c7ead5b96adcfc3_3
[ERROR]2021-04-21 08:54:11,247: AGV30 clear task failed
[ERROR]2021-04-21 08:54:11,247: AGV30 clear task failed
[WARNING]2021-04-21 08:54:11,251: AGV30 clear task finish, cur= AKM2F.AP32 task_status= 2
[WARNING]2021-04-21 08:54:11,251: AGV30 clear task finish, cur= AKM2F.AP32 task_status= 2
[INFO]2021-04-21 08:54:11,271: Begin: AGV30 move from AKM2F.AP32 to AKM2F.LM9 by paths: [('AKM2F', ['AP32', 'LM34', 'LM39', 'LM37', 'LM18', 'LM40', 'LM17', 'LM16', 'LM44', 'LM43', 'LM14', 'LM13', 'LM12', 'LM11', 'LM9'], 51.33450817088753)] task: 607f774b2c7ead5b96adcfc3_3 timeout 86400 used 30355 ms
[INFO]2021-04-21 08:54:11,271: Begin: AGV30 move from AKM2F.AP32 to AKM2F.LM9 by paths: [('AKM2F', ['AP32', 'LM34', 'LM39', 'LM37', 'LM18', 'LM40', 'LM17', 'LM16', 'LM44', 'LM43', 'LM14', 'LM13', 'LM12', 'LM11', 'LM9'], 51.33450817088753)] task: 607f774b2c7ead5b96adcfc3_3 timeout 86400 used 30355 ms
[WARNING]2021-04-21 08:54:11,277: scada.607f774b2c7ead5b96adcfc3[tid:416] <locked _thread.RLock object owner=416 count=1 at 0x000001AF478EF870> ,hold 30382 ms
[WARNING]2021-04-21 08:54:11,277: scada.607f774b2c7ead5b96adcfc3[tid:416] <locked _thread.RLock object owner=416 count=1 at 0x000001AF478EF870> ,hold 30382 ms
[INFO]2021-04-21 08:54:11,282: name=scada.607f774b2c7ead5b96adcfc3, pid=11212, tid=416
[01] File "E:/Users/Administrator/AppData/Local/Programs/Python/Python38/lib/threading.py", line 870, in run() 
[02] File "../common/utility.py", line 167, in __call() 
[03] File "E:/projects_by_myself/MeiWei/akmCtrl/beans/scadaTaskBean.py", line 563, in _taskFunc() 
[04] File "../common/lock.py", line 122, in _call() 
[05] File "../common/lock.py", line 100, in release() 
[06] File "E:/projects_by_myself/MeiWei/common/enhance.py", line 258, in getTrace() 
[07] File "E:/projects_by_myself/MeiWei/common/enhance.py", line 240, in getThreadStack()
[INFO]2021-04-21 08:54:11,282: name=scada.607f774b2c7ead5b96adcfc3, pid=11212, tid=416
[01] File "E:/Users/Administrator/AppData/Local/Programs/Python/Python38/lib/threading.py", line 870, in run() 
[02] File "../common/utility.py", line 167, in __call() 
[03] File "E:/projects_by_myself/MeiWei/akmCtrl/beans/scadaTaskBean.py", line 563, in _taskFunc() 
[04] File "../common/lock.py", line 122, in _call() 
[05] File "../common/lock.py", line 100, in release() 
[06] File "E:/projects_by_myself/MeiWei/common/enhance.py", line 258, in getTrace() 
[07] File "E:/projects_by_myself/MeiWei/common/enhance.py", line 240, in getThreadStack()
[DEBUG]2021-04-21 08:54:11,289: task[607f774b2c7ead5b96adcfc3][AGV30] AP32(LM34) -> LM9(LM9) [movePreSourceStep] movePreSource -> movePreSourceStep
[DEBUG]2021-04-21 08:54:11,289: task[607f774b2c7ead5b96adcfc3][AGV30] AP32(LM34) -> LM9(LM9) [movePreSourceStep] movePreSource -> movePreSourceStep
[DEBUG]2021-04-21 08:54:11,855: agvInfo: AGV30 AKM2F.AP32 move to AKM2F.LM34 ,taskId 607f774b2c7ead5b96adcfc3_3
[DEBUG]2021-04-21 08:54:11,855: agvInfo: AGV30 AKM2F.AP32 move to AKM2F.LM34 ,taskId 607f774b2c7ead5b96adcfc3_3
[DEBUG]2021-04-21 08:54:12,887: AGV30 turn to wait check cur AP32 next LM39 0.801 False
[DEBUG]2021-04-21 08:54:12,887: AGV30 turn to wait check cur AP32 next LM39 0.801 False
[DEBUG]2021-04-21 08:54:13,462: agvInfo: AGV30 AKM2F.AP32 move to AKM2F.LM39 ,taskId 607f774b2c7ead5b96adcfc3_3
[DEBUG]2021-04-21 08:54:13,462: agvInfo: AGV30 AKM2F.AP32 move to AKM2F.LM39 ,taskId 607f774b2c7ead5b96adcfc3_3
[DEBUG]2021-04-21 08:54:13,807: AGV30 set loc AKM2F.LM34 ,old AP32 (-15.16,-13.99)
[DEBUG]2021-04-21 08:54:13,807: AGV30 set loc AKM2F.LM34 ,old AP32 (-15.16,-13.99)
[DEBUG]2021-04-21 08:54:13,987: AGV30 choise next pos cur LM34 next LM37 pre LM39 2.755 False
[DEBUG]2021-04-21 08:54:13,987: AGV30 choise next pos cur LM34 next LM37 pre LM39 2.755 False
[DEBUG]2021-04-21 08:54:13,991: AGV30 turn to wait check cur LM34 next LM37 2.755 False
[DEBUG]2021-04-21 08:54:13,991: AGV30 turn to wait check cur LM34 next LM37 2.755 False
[DEBUG]2021-04-21 08:54:14,593: agvInfo: AGV30 AKM2F.LM34 move to AKM2F.LM37 ,taskId 607f774b2c7ead5b96adcfc3_3
[DEBUG]2021-04-21 08:54:14,593: agvInfo: AGV30 AKM2F.LM34 move to AKM2F.LM37 ,taskId 607f774b2c7ead5b96adcfc3_3
[DEBUG]2021-04-21 08:54:16,378: AGV30 set loc AKM2F.LM39 ,old LM34 (-15.16,-15.31)
[DEBUG]2021-04-21 08:54:16,378: AGV30 set loc AKM2F.LM39 ,old LM34 (-15.16,-15.31)
[DEBUG]2021-04-21 08:54:17,671: AGV30 turn to wait check cur LM39 next LM18 0.584 False
[DEBUG]2021-04-21 08:54:17,671: AGV30 turn to wait check cur LM39 next LM18 0.584 False
[DEBUG]2021-04-21 08:54:17,923: AGV30 set loc AKM2F.LM37 ,old LM39 (-15.16,-16.64)
[DEBUG]2021-04-21 08:54:17,923: AGV30 set loc AKM2F.LM37 ,old LM39 (-15.16,-16.64)
[DEBUG]2021-04-21 08:54:18,229: agvInfo: AGV30 AKM2F.LM37 move to AKM2F.LM18 ,taskId 607f774b2c7ead5b96adcfc3_3
[DEBUG]2021-04-21 08:54:18,229: agvInfo: AGV30 AKM2F.LM37 move to AKM2F.LM18 ,taskId 607f774b2c7ead5b96adcfc3_3
[DEBUG]2021-04-21 08:54:22,854: AGV30 turn to wait check cur LM37 next LM40 0.953 False
[DEBUG]2021-04-21 08:54:22,854: AGV30 turn to wait check cur LM37 next LM40 0.953 False
[DEBUG]2021-04-21 08:54:23,441: agvInfo: AGV30 AKM2F.LM37 move to AKM2F.LM40 ,taskId 607f774b2c7ead5b96adcfc3_3
[DEBUG]2021-04-21 08:54:23,441: agvInfo: AGV30 AKM2F.LM37 move to AKM2F.LM40 ,taskId 607f774b2c7ead5b96adcfc3_3
[DEBUG]2021-04-21 08:54:23,572: AGV30 set loc AKM2F.LM18 ,old LM37 (-18.27,-16.74)
[DEBUG]2021-04-21 08:54:23,572: AGV30 set loc AKM2F.LM18 ,old LM37 (-18.27,-16.74)
[DEBUG]2021-04-21 08:54:23,964: AGV30 choise next pos cur LM18 next LM17 pre LM40 14.419 True
[DEBUG]2021-04-21 08:54:23,964: AGV30 choise next pos cur LM18 next LM17 pre LM40 14.419 True
[DEBUG]2021-04-21 08:54:23,969: AGV30 turn to wait check cur LM18 next LM17 14.419 True
[DEBUG]2021-04-21 08:54:23,969: AGV30 turn to wait check cur LM18 next LM17 14.419 True
[DEBUG]2021-04-21 08:54:24,526: agvInfo: AGV30 AKM2F.LM18 move to AKM2F.LM17 ,taskId 607f774b2c7ead5b96adcfc3_3
[DEBUG]2021-04-21 08:54:24,526: agvInfo: AGV30 AKM2F.LM18 move to AKM2F.LM17 ,taskId 607f774b2c7ead5b96adcfc3_3
[DEBUG]2021-04-21 08:54:30,681: AGV30 choise next pos cur LM18 next LM16 pre LM17 11.901 False
[DEBUG]2021-04-21 08:54:30,681: AGV30 choise next pos cur LM18 next LM16 pre LM17 11.901 False
[DEBUG]2021-04-21 08:54:30,686: AGV30 turn to wait check cur LM18 next LM16 11.901 False
[DEBUG]2021-04-21 08:54:30,686: AGV30 turn to wait check cur LM18 next LM16 11.901 False
[DEBUG]2021-04-21 08:54:31,226: agvInfo: AGV30 AKM2F.LM18 move to AKM2F.LM16 ,taskId 607f774b2c7ead5b96adcfc3_3
[DEBUG]2021-04-21 08:54:31,226: agvInfo: AGV30 AKM2F.LM18 move to AKM2F.LM16 ,taskId 607f774b2c7ead5b96adcfc3_3
[DEBUG]2021-04-21 08:54:31,287: AGV30 set loc AKM2F.LM40 ,old LM18 (-18.37,-22.31)
[DEBUG]2021-04-21 08:54:31,287: AGV30 set loc AKM2F.LM40 ,old LM18 (-18.37,-22.31)
[DEBUG]2021-04-21 08:54:42,081: AGV30 set loc AKM2F.LM17 ,old LM40 (-18.37,-31.01)
[DEBUG]2021-04-21 08:54:42,081: AGV30 set loc AKM2F.LM17 ,old LM40 (-18.37,-31.01)
[DEBUG]2021-04-21 08:54:44,562: AGV30 turn to wait check cur LM17 next LM44 0.766 False
[DEBUG]2021-04-21 08:54:44,562: AGV30 turn to wait check cur LM17 next LM44 0.766 False
[DEBUG]2021-04-21 08:54:45,108: agvInfo: AGV30 AKM2F.LM17 move to AKM2F.LM44 ,taskId 607f774b2c7ead5b96adcfc3_3
[DEBUG]2021-04-21 08:54:45,108: agvInfo: AGV30 AKM2F.LM17 move to AKM2F.LM44 ,taskId 607f774b2c7ead5b96adcfc3_3
[DEBUG]2021-04-21 08:54:45,153: AGV30 set loc AKM2F.LM16 ,old LM17 (-18.37,-33.41)
[DEBUG]2021-04-21 08:54:45,153: AGV30 set loc AKM2F.LM16 ,old LM17 (-18.37,-33.41)
[DEBUG]2021-04-21 08:54:45,627: AGV30 choise next pos cur LM16 next LM43 pre LM44 5.449 True
[DEBUG]2021-04-21 08:54:45,627: AGV30 choise next pos cur LM16 next LM43 pre LM44 5.449 True
[DEBUG]2021-04-21 08:54:45,637: AGV30 choise next pos cur LM16 next LM14 pre LM43 7.285 False
[DEBUG]2021-04-21 08:54:45,637: AGV30 choise next pos cur LM16 next LM14 pre LM43 7.285 False
[DEBUG]2021-04-21 08:54:45,643: AGV30 turn to wait check cur LM16 next LM14 7.285 False
[DEBUG]2021-04-21 08:54:45,643: AGV30 turn to wait check cur LM16 next LM14 7.285 False
[DEBUG]2021-04-21 08:54:46,238: agvInfo: AGV30 AKM2F.LM16 move to AKM2F.LM14 ,taskId 607f774b2c7ead5b96adcfc3_3
[DEBUG]2021-04-21 08:54:46,238: agvInfo: AGV30 AKM2F.LM16 move to AKM2F.LM14 ,taskId 607f774b2c7ead5b96adcfc3_3
[DEBUG]2021-04-21 08:54:48,819: AGV30 set loc AKM2F.LM44 ,old LM16 (-16.51,-33.44)
[DEBUG]2021-04-21 08:54:48,819: AGV30 set loc AKM2F.LM44 ,old LM16 (-16.51,-33.44)
[DEBUG]2021-04-21 08:54:54,966: AGV30 turn to wait check cur LM44 next LM13 0.816 False
[DEBUG]2021-04-21 08:54:54,966: AGV30 turn to wait check cur LM44 next LM13 0.816 False
[DEBUG]2021-04-21 08:54:55,514: agvInfo: AGV30 AKM2F.LM44 move to AKM2F.LM13 ,taskId 607f774b2c7ead5b96adcfc3_3
[DEBUG]2021-04-21 08:54:55,515: AGV30 set loc AKM2F.LM14 ,old LM44 (-11.08,-33.41)
[DEBUG]2021-04-21 08:54:55,514: agvInfo: AGV30 AKM2F.LM44 move to AKM2F.LM13 ,taskId 607f774b2c7ead5b96adcfc3_3
[DEBUG]2021-04-21 08:54:55,515: AGV30 set loc AKM2F.LM14 ,old LM44 (-11.08,-33.41)
[DEBUG]2021-04-21 08:54:56,030: AGV30 choise next pos cur LM14 next LM12 pre LM13 7.933 True
[DEBUG]2021-04-21 08:54:56,030: AGV30 choise next pos cur LM14 next LM12 pre LM13 7.933 True
[DEBUG]2021-04-21 08:54:56,034: AGV30 choise next pos cur LM14 next LM11 pre LM12 12.547 True
[DEBUG]2021-04-21 08:54:56,034: AGV30 choise next pos cur LM14 next LM11 pre LM12 12.547 True
[DEBUG]2021-04-21 08:54:56,036: AGV30 turn to wait check cur LM14 next LM11 12.547 True
[DEBUG]2021-04-21 08:54:56,036: AGV30 turn to wait check cur LM14 next LM11 12.547 True
[DEBUG]2021-04-21 08:54:56,582: agvInfo: AGV30 AKM2F.LM14 move to AKM2F.LM11 ,taskId 607f774b2c7ead5b96adcfc3_3
[DEBUG]2021-04-21 08:54:56,582: agvInfo: AGV30 AKM2F.LM14 move to AKM2F.LM11 ,taskId 607f774b2c7ead5b96adcfc3_3
[DEBUG]2021-04-21 08:55:00,170: AGV30 choise next pos cur LM14 next LM9 pre LM11 17.788 False
[DEBUG]2021-04-21 08:55:00,170: AGV30 choise next pos cur LM14 next LM9 pre LM11 17.788 False
[DEBUG]2021-04-21 08:55:00,176: AGV30 turn to wait check cur LM14 next LM9 17.788 False
[DEBUG]2021-04-21 08:55:00,176: AGV30 turn to wait check cur LM14 next LM9 17.788 False
[DEBUG]2021-04-21 08:55:00,653: AGV30 set loc AKM2F.LM13 ,old LM14 (-11.08,-30.44)
[DEBUG]2021-04-21 08:55:00,653: AGV30 set loc AKM2F.LM13 ,old LM14 (-11.08,-30.44)
[DEBUG]2021-04-21 08:55:00,719: agvInfo: AGV30 AKM2F.LM13 move to AKM2F.LM9 ,taskId 607f774b2c7ead5b96adcfc3_3
[DEBUG]2021-04-21 08:55:00,719: agvInfo: AGV30 AKM2F.LM13 move to AKM2F.LM9 ,taskId 607f774b2c7ead5b96adcfc3_3
[DEBUG]2021-04-21 08:55:06,805: AGV30 set loc AKM2F.LM12 ,old LM13 (-11.08,-25.47)
[DEBUG]2021-04-21 08:55:06,805: AGV30 set loc AKM2F.LM12 ,old LM13 (-11.08,-25.47)
[DEBUG]2021-04-21 08:55:12,911: AGV30 set loc AKM2F.LM11 ,old LM12 (-11.08,-20.71)
[DEBUG]2021-04-21 08:55:12,911: AGV30 set loc AKM2F.LM11 ,old LM12 (-11.08,-20.71)
[WARNING]2021-04-21 08:55:13,480: AGV30 waitFinish: loc is diff LM11 LM9 task_status= 2
[WARNING]2021-04-21 08:55:13,480: AGV30 waitFinish: loc is diff LM11 LM9 task_status= 2
[WARNING]2021-04-21 08:55:13,989: AGV30 waitFinish: loc is diff LM11 LM9 task_status= 2
[WARNING]2021-04-21 08:55:13,989: AGV30 waitFinish: loc is diff LM11 LM9 task_status= 2
[WARNING]2021-04-21 08:55:14,497: AGV30 waitFinish: loc is diff LM11 LM9 task_status= 2
[WARNING]2021-04-21 08:55:14,497: AGV30 waitFinish: loc is diff LM11 LM9 task_status= 2
[WARNING]2021-04-21 08:55:15,007: AGV30 waitFinish: loc is diff LM11 LM9 task_status= 2
[WARNING]2021-04-21 08:55:15,007: AGV30 waitFinish: loc is diff LM11 LM9 task_status= 2
[WARNING]2021-04-21 08:55:15,513: AGV30 waitFinish: loc is diff LM11 LM9 task_status= 2
[WARNING]2021-04-21 08:55:15,513: AGV30 waitFinish: loc is diff LM11 LM9 task_status= 2
[WARNING]2021-04-21 08:55:16,026: AGV30 waitFinish: loc is diff LM11 LM9 task_status= 2
[WARNING]2021-04-21 08:55:16,026: AGV30 waitFinish: loc is diff LM11 LM9 task_status= 2
[WARNING]2021-04-21 08:55:16,539: AGV30 waitFinish: loc is diff LM11 LM9 task_status= 2
[WARNING]2021-04-21 08:55:16,539: AGV30 waitFinish: loc is diff LM11 LM9 task_status= 2
[WARNING]2021-04-21 08:55:17,059: AGV30 waitFinish: loc is diff LM11 LM9 task_status= 2
[WARNING]2021-04-21 08:55:17,059: AGV30 waitFinish: loc is diff LM11 LM9 task_status= 2
[WARNING]2021-04-21 08:55:17,573: AGV30 waitFinish: loc is diff LM11 LM9 task_status= 2
[WARNING]2021-04-21 08:55:17,573: AGV30 waitFinish: loc is diff LM11 LM9 task_status= 2
[WARNING]2021-04-21 08:55:18,090: AGV30 waitFinish: loc is diff LM11 LM9 task_status= 2
[WARNING]2021-04-21 08:55:18,090: AGV30 waitFinish: loc is diff LM11 LM9 task_status= 2
[WARNING]2021-04-21 08:55:18,605: AGV30 waitFinish: loc is diff LM11 LM9 task_status= 2
[WARNING]2021-04-21 08:55:18,605: AGV30 waitFinish: loc is diff LM11 LM9 task_status= 2
[WARNING]2021-04-21 08:55:19,118: AGV30 waitFinish: loc is diff LM11 LM9 task_status= 2
[WARNING]2021-04-21 08:55:19,118: AGV30 waitFinish: loc is diff LM11 LM9 task_status= 2
[WARNING]2021-04-21 08:55:19,633: AGV30 waitFinish: loc is diff LM11 LM9 task_status= 2
[WARNING]2021-04-21 08:55:19,633: AGV30 waitFinish: loc is diff LM11 LM9 task_status= 2
[WARNING]2021-04-21 08:55:20,152: AGV30 waitFinish: loc is diff LM11 LM9 task_status= 2
[WARNING]2021-04-21 08:55:20,152: AGV30 waitFinish: loc is diff LM11 LM9 task_status= 2
[WARNING]2021-04-21 08:55:20,666: AGV30 waitFinish: loc is diff LM11 LM9 task_status= 2
[WARNING]2021-04-21 08:55:20,666: AGV30 waitFinish: loc is diff LM11 LM9 task_status= 2
[WARNING]2021-04-21 08:55:21,183: AGV30 waitFinish: loc is diff LM11 LM9 task_status= 2
[WARNING]2021-04-21 08:55:21,183: AGV30 waitFinish: loc is diff LM11 LM9 task_status= 2
[WARNING]2021-04-21 08:55:21,696: AGV30 waitFinish: loc is diff LM11 LM9 task_status= 2
[WARNING]2021-04-21 08:55:21,696: AGV30 waitFinish: loc is diff LM11 LM9 task_status= 2
[WARNING]2021-04-21 08:55:22,212: AGV30 waitFinish: loc is diff LM11 LM9 task_status= 2
[WARNING]2021-04-21 08:55:22,212: AGV30 waitFinish: loc is diff LM11 LM9 task_status= 2
[DEBUG]2021-04-21 08:55:22,633: AGV30 set loc AKM2F.LM9 ,old LM11 (-11.08,-13.05)
[DEBUG]2021-04-21 08:55:22,633: AGV30 set loc AKM2F.LM9 ,old LM11 (-11.08,-13.05)
[SUCC]2021-04-21 08:55:23,740: Finish:  AGV30 arrived AKM2F.LM9 ,task: 607f774b2c7ead5b96adcfc3_3
[SUCC]2021-04-21 08:55:23,740: Finish:  AGV30 arrived AKM2F.LM9 ,task: 607f774b2c7ead5b96adcfc3_3
[INFO]2021-04-21 08:55:24,148: task: move finish callback task[607f774b2c7ead5b96adcfc3][AGV30] AP32(LM34) -> LM9(LM9) [movePreSourceStep]
[INFO]2021-04-21 08:55:24,148: task: move finish callback task[607f774b2c7ead5b96adcfc3][AGV30] AP32(LM34) -> LM9(LM9) [movePreSourceStep]
[DEBUG]2021-04-21 08:55:24,164: GET: http://127.0.0.1:5551/api/agv/move?WorkPlace=None&agv=AGV30&agvId=AGV30&appName=scadaTask_meiwei&direction=None&floorId=AKM2F&isRotate&loc=AKM2F.LM9&location=LM9&p_direction=0.0&pgv_type=1&recognize=False&result=True&resultDesc=None&seer_jackup=JackUnload&taskId=607f774b2c7ead5b96adcfc3_4&taskType=scadaTask&timeoutSec=86400&use_pgv=False addr: 127.0.0.1
[DEBUG]2021-04-21 08:55:24,164: GET: http://127.0.0.1:5551/api/agv/move?WorkPlace=None&agv=AGV30&agvId=AGV30&appName=scadaTask_meiwei&direction=None&floorId=AKM2F&isRotate&loc=AKM2F.LM9&location=LM9&p_direction=0.0&pgv_type=1&recognize=False&result=True&resultDesc=None&seer_jackup=JackUnload&taskId=607f774b2c7ead5b96adcfc3_4&taskType=scadaTask&timeoutSec=86400&use_pgv=False addr: 127.0.0.1
[DEBUG]2021-04-21 08:55:24,170: agvInfo: AGV30 AKM2F.LM9 move jackdown to AKM2F.LM9 ,taskId 607f774b2c7ead5b96adcfc3_4
[DEBUG]2021-04-21 08:55:24,170: agvInfo: AGV30 AKM2F.LM9 move jackdown to AKM2F.LM9 ,taskId 607f774b2c7ead5b96adcfc3_4
[DEBUG]2021-04-21 08:55:24,174: used 10ms 200 OK application/json;charset=utf-8, GET: http://127.0.0.1:5551/api/agv/move?WorkPlace=None&agv=AGV30&agvId=AGV30&appName=scadaTask_meiwei&direction=None&floorId=AKM2F&isRotate&loc=AKM2F.LM9&location=LM9&p_direction=0.0&pgv_type=1&recognize=False&result=True&resultDesc=None&seer_jackup=JackUnload&taskId=607f774b2c7ead5b96adcfc3_4&taskType=scadaTask&timeoutSec=86400&use_pgv=False
[DEBUG]2021-04-21 08:55:24,174: used 10ms 200 OK application/json;charset=utf-8, GET: http://127.0.0.1:5551/api/agv/move?WorkPlace=None&agv=AGV30&agvId=AGV30&appName=scadaTask_meiwei&direction=None&floorId=AKM2F&isRotate&loc=AKM2F.LM9&location=LM9&p_direction=0.0&pgv_type=1&recognize=False&result=True&resultDesc=None&seer_jackup=JackUnload&taskId=607f774b2c7ead5b96adcfc3_4&taskType=scadaTask&timeoutSec=86400&use_pgv=False
[INFO]2021-04-21 08:55:24,184: task[607f774b2c7ead5b96adcfc3] update info: {'step': 'dropPayload', 'updateTime': datetime.datetime(2021, 4, 21, 8, 55, 24, 182344)}
[INFO]2021-04-21 08:55:24,184: task[607f774b2c7ead5b96adcfc3] update info: {'step': 'dropPayload', 'updateTime': datetime.datetime(2021, 4, 21, 8, 55, 24, 182344)}
[DEBUG]2021-04-21 08:55:24,189: task[607f774b2c7ead5b96adcfc3][AGV30] AP32(LM34) -> LM9(LM9) [dropPayload] dropPayloadMove -> dropPayload
[DEBUG]2021-04-21 08:55:24,189: task[607f774b2c7ead5b96adcfc3][AGV30] AP32(LM34) -> LM9(LM9) [dropPayload] dropPayloadMove -> dropPayload
[ERROR]2021-04-21 08:55:24,473: mock: AGV30 原地移动 LM9
[ERROR]2021-04-21 08:55:24,473: mock: AGV30 原地移动 LM9
[INFO]2021-04-21 08:55:24,665: task: move finish callback task[607f774b2c7ead5b96adcfc3][AGV30] AP32(LM34) -> LM9(LM9) [dropPayload]
[INFO]2021-04-21 08:55:24,665: task: move finish callback task[607f774b2c7ead5b96adcfc3][AGV30] AP32(LM34) -> LM9(LM9) [dropPayload]
[INFO]2021-04-21 08:55:24,671: task[607f774b2c7ead5b96adcfc3] update info: {'failMsg': '放下货架，旋转顶升机构初始化', 'updateTime': datetime.datetime(2021, 4, 21, 8, 55, 24, 669895)}
[INFO]2021-04-21 08:55:24,671: task[607f774b2c7ead5b96adcfc3] update info: {'failMsg': '放下货架，旋转顶升机构初始化', 'updateTime': datetime.datetime(2021, 4, 21, 8, 55, 24, 669895)}
[INFO]2021-04-21 08:55:24,816: task[607f774b2c7ead5b96adcfc3][AGV30] AP32(LM34) -> LM9(LM9) [dropPayloadJackdown] _jackDown
[INFO]2021-04-21 08:55:24,816: task[607f774b2c7ead5b96adcfc3][AGV30] AP32(LM34) -> LM9(LM9) [dropPayloadJackdown] _jackDown
[DEBUG]2021-04-21 08:55:24,819: send http_get: http://127.0.0.1:5551/api/agv/jackdown?agv=AGV30&loc=None&timeoutSec=90
[DEBUG]2021-04-21 08:55:24,819: send http_get: http://127.0.0.1:5551/api/agv/jackdown?agv=AGV30&loc=None&timeoutSec=90
[DEBUG]2021-04-21 08:55:24,847: GET: http://127.0.0.1:5551/api/agv/jackdown?agv=AGV30&loc=None&timeoutSec=90 addr: 127.0.0.1
[DEBUG]2021-04-21 08:55:24,847: GET: http://127.0.0.1:5551/api/agv/jackdown?agv=AGV30&loc=None&timeoutSec=90 addr: 127.0.0.1
[INFO]2021-04-21 08:55:24,850: _jack in jackMgr: AGV30 down [{'id': 0, 'source': 'normal', 'status': True}, {'id': 1, 'source': 'normal', 'status': True}]
[INFO]2021-04-21 08:55:24,850: _jack in jackMgr: AGV30 down [{'id': 0, 'source': 'normal', 'status': True}, {'id': 1, 'source': 'normal', 'status': True}]
[INFO]2021-04-21 08:55:24,852: AGV30 jack down status:  1
[INFO]2021-04-21 08:55:24,852: AGV30 jack down status:  1
[DEBUG]2021-04-21 08:55:24,855: used 8ms 200 OK application/json;charset=utf-8, GET: http://127.0.0.1:5551/api/agv/jackdown?agv=AGV30&loc=None&timeoutSec=90
[DEBUG]2021-04-21 08:55:24,855: used 8ms 200 OK application/json;charset=utf-8, GET: http://127.0.0.1:5551/api/agv/jackdown?agv=AGV30&loc=None&timeoutSec=90
[DEBUG]2021-04-21 08:55:24,858: [return] use 39 ms,http_get: http://127.0.0.1:5551/api/agv/jackdown?agv=AGV30&loc=None&timeoutSec=90
[DEBUG]2021-04-21 08:55:24,858: [return] use 39 ms,http_get: http://127.0.0.1:5551/api/agv/jackdown?agv=AGV30&loc=None&timeoutSec=90
[DEBUG]2021-04-21 08:55:24,861: task[607f774b2c7ead5b96adcfc3][AGV30] AP32(LM34) -> LM9(LM9) [dropPayloadReset] dropPayloadJackdown -> dropPayloadReset
[DEBUG]2021-04-21 08:55:24,861: task[607f774b2c7ead5b96adcfc3][AGV30] AP32(LM34) -> LM9(LM9) [dropPayloadReset] dropPayloadJackdown -> dropPayloadReset
[INFO]2021-04-21 08:55:25,172: task[607f774b2c7ead5b96adcfc3][AGV30] AP32(LM34) -> LM9(LM9) [dropPayloadReset] rotationClear
[INFO]2021-04-21 08:55:25,172: task[607f774b2c7ead5b96adcfc3][AGV30] AP32(LM34) -> LM9(LM9) [dropPayloadReset] rotationClear
[DEBUG]2021-04-21 08:55:25,181: send http_get: http://127.0.0.1:5551/api/agv/rotationclear?agv=AGV30&timeoutSec=30
[DEBUG]2021-04-21 08:55:25,181: send http_get: http://127.0.0.1:5551/api/agv/rotationclear?agv=AGV30&timeoutSec=30
[DEBUG]2021-04-21 08:55:25,238: GET: http://127.0.0.1:5551/api/agv/rotationclear?agv=AGV30&timeoutSec=30 addr: 127.0.0.1
[DEBUG]2021-04-21 08:55:25,238: GET: http://127.0.0.1:5551/api/agv/rotationclear?agv=AGV30&timeoutSec=30 addr: 127.0.0.1
[INFO]2021-04-21 08:55:26,397: _rotation in rotationMgr: AGV30 None [{'id': 0, 'source': 'normal', 'status': True}, {'id': 1, 'source': 'normal', 'status': True}]
[INFO]2021-04-21 08:55:26,397: _rotation in rotationMgr: AGV30 None [{'id': 0, 'source': 'normal', 'status': True}, {'id': 1, 'source': 'normal', 'status': True}]
[INFO]2021-04-21 08:55:26,716: AGV30 rotation clear status: 1
[INFO]2021-04-21 08:55:26,716: AGV30 rotation clear status: 1
[DEBUG]2021-04-21 08:55:26,923: used 1686ms 200 OK application/json;charset=utf-8, GET: http://127.0.0.1:5551/api/agv/rotationclear?agv=AGV30&timeoutSec=30
[DEBUG]2021-04-21 08:55:26,923: used 1686ms 200 OK application/json;charset=utf-8, GET: http://127.0.0.1:5551/api/agv/rotationclear?agv=AGV30&timeoutSec=30
[DEBUG]2021-04-21 08:55:27,193: [return] use 2012 ms,http_get: http://127.0.0.1:5551/api/agv/rotationclear?agv=AGV30&timeoutSec=30
[DEBUG]2021-04-21 08:55:27,193: [return] use 2012 ms,http_get: http://127.0.0.1:5551/api/agv/rotationclear?agv=AGV30&timeoutSec=30
[INFO]2021-04-21 08:55:27,448: task[607f774b2c7ead5b96adcfc3]:  successed {'step': 'finish', 'failMsg': '任务成功', 'endTime': datetime.datetime(2021, 4, 21, 8, 55, 27, 400437), 'status': 'success'}
[INFO]2021-04-21 08:55:27,448: task[607f774b2c7ead5b96adcfc3]:  successed {'step': 'finish', 'failMsg': '任务成功', 'endTime': datetime.datetime(2021, 4, 21, 8, 55, 27, 400437), 'status': 'success'}
[DEBUG]2021-04-21 08:55:27,635: task[607f774b2c7ead5b96adcfc3][AGV30] AP32(LM34) -> LM9(LM9) [finish] dropPayloadReset -> finish
[DEBUG]2021-04-21 08:55:27,635: task[607f774b2c7ead5b96adcfc3][AGV30] AP32(LM34) -> LM9(LM9) [finish] dropPayloadReset -> finish
[INFO]2021-04-21 08:55:28,204: task[607f774b2c7ead5b96adcfc3][AGV30] AP32(LM34) -> LM9(LM9) [finish] AGV30 release task, release agv True True False
[INFO]2021-04-21 08:55:28,204: task[607f774b2c7ead5b96adcfc3][AGV30] AP32(LM34) -> LM9(LM9) [finish] AGV30 release task, release agv True True False
[DEBUG]2021-04-21 08:55:28,571: GET: http://127.0.0.1:5551/api/agv/isLocked?agv=AGV30&appName=scadaTask_meiwei&taskId=607f774b2c7ead5b96adcfc3 addr: 127.0.0.1
[DEBUG]2021-04-21 08:55:28,571: GET: http://127.0.0.1:5551/api/agv/isLocked?agv=AGV30&appName=scadaTask_meiwei&taskId=607f774b2c7ead5b96adcfc3 addr: 127.0.0.1
[DEBUG]2021-04-21 08:55:28,727: used 156ms 200 OK application/json;charset=utf-8, GET: http://127.0.0.1:5551/api/agv/isLocked?agv=AGV30&appName=scadaTask_meiwei&taskId=607f774b2c7ead5b96adcfc3
[DEBUG]2021-04-21 08:55:28,727: used 156ms 200 OK application/json;charset=utf-8, GET: http://127.0.0.1:5551/api/agv/isLocked?agv=AGV30&appName=scadaTask_meiwei&taskId=607f774b2c7ead5b96adcfc3
[DEBUG]2021-04-21 08:55:29,063: GET: http://127.0.0.1:5551/api/agv/release?agv=AGV30&appName=scadaTask_meiwei&force=False&taskId=607f774b2c7ead5b96adcfc3 addr: 127.0.0.1
[DEBUG]2021-04-21 08:55:29,063: GET: http://127.0.0.1:5551/api/agv/release?agv=AGV30&appName=scadaTask_meiwei&force=False&taskId=607f774b2c7ead5b96adcfc3 addr: 127.0.0.1
[DEBUG]2021-04-21 08:55:29,222: unlock: AGV30 taskId 607f774b2c7ead5b96adcfc3 app scadaTask_meiwei force False
[DEBUG]2021-04-21 08:55:29,222: unlock: AGV30 taskId 607f774b2c7ead5b96adcfc3 app scadaTask_meiwei force False
[DEBUG]2021-04-21 08:55:29,441: used 378ms 200 OK application/json;charset=utf-8, GET: http://127.0.0.1:5551/api/agv/release?agv=AGV30&appName=scadaTask_meiwei&force=False&taskId=607f774b2c7ead5b96adcfc3
[DEBUG]2021-04-21 08:55:29,441: used 378ms 200 OK application/json;charset=utf-8, GET: http://127.0.0.1:5551/api/agv/release?agv=AGV30&appName=scadaTask_meiwei&force=False&taskId=607f774b2c7ead5b96adcfc3
[INFO]2021-04-21 08:55:29,664: task[607f774b2c7ead5b96adcfc3][AGV30] AP32(LM34) -> LM9(LM9) [finish] let AGV30 gohome
[INFO]2021-04-21 08:55:29,664: task[607f774b2c7ead5b96adcfc3][AGV30] AP32(LM34) -> LM9(LM9) [finish] let AGV30 gohome
[DEBUG]2021-04-21 08:55:30,013: GET: http://127.0.0.1:5551/api/agv/goHome?agv=AGV30&appName=scadaTask_meiwei&force=False&timeout=10800 addr: 127.0.0.1
[DEBUG]2021-04-21 08:55:30,013: GET: http://127.0.0.1:5551/api/agv/goHome?agv=AGV30&appName=scadaTask_meiwei&force=False&timeout=10800 addr: 127.0.0.1
[CRITICAL]2021-04-21 08:55:30,252: invoke <function urlGoHome at 0x000001AF401EA550> cause a error: 小车任务未结束2，调用goHome失败,agvId=AGV30
pid=11212, ppid=10216, tid=15704
Traceback (most recent call last):
  File "E:\projects_by_myself\MeiWei\common\scadaUtility.py", line 45, in __call
    ret = func(*p,**pp)
  File "E:\projects_by_myself\MeiWei\agvCtrl\main_agv.py", line 99, in urlGoHome
    agvControl.goHome(agvId=agvId,force=force,timeout=timeout)
  File "E:\projects_by_myself\MeiWei\agvCtrl\agvControl.py", line 1300, in goHome
    raise Exception("小车任务未结束2，调用goHome失败,agvId="+agv.agvId)
Exception: 小车任务未结束2，调用goHome失败,agvId=AGV30

[CRITICAL]2021-04-21 08:55:30,252: invoke <function urlGoHome at 0x000001AF401EA550> cause a error: 小车任务未结束2，调用goHome失败,agvId=AGV30
pid=11212, ppid=10216, tid=15704
Traceback (most recent call last):
  File "E:\projects_by_myself\MeiWei\common\scadaUtility.py", line 45, in __call
    ret = func(*p,**pp)
  File "E:\projects_by_myself\MeiWei\agvCtrl\main_agv.py", line 99, in urlGoHome
    agvControl.goHome(agvId=agvId,force=force,timeout=timeout)
  File "E:\projects_by_myself\MeiWei\agvCtrl\agvControl.py", line 1300, in goHome
    raise Exception("小车任务未结束2，调用goHome失败,agvId="+agv.agvId)
Exception: 小车任务未结束2，调用goHome失败,agvId=AGV30

[DEBUG]2021-04-21 08:55:30,521: used 508ms 200 OK application/json;charset=utf-8, GET: http://127.0.0.1:5551/api/agv/goHome?agv=AGV30&appName=scadaTask_meiwei&force=False&timeout=10800
[DEBUG]2021-04-21 08:55:30,521: used 508ms 200 OK application/json;charset=utf-8, GET: http://127.0.0.1:5551/api/agv/goHome?agv=AGV30&appName=scadaTask_meiwei&force=False&timeout=10800
[CRITICAL]2021-04-21 08:55:30,823: task[607f774b2c7ead5b96adcfc3][AGV30] AP32(LM34) -> LM9(LM9) [finish]task release cause a error: Exception: 小车任务未结束2，调用goHome失败,agvId=AGV30
pid=11212, ppid=10216, tid=416
Traceback (most recent call last):
  File "E:\projects_by_myself\MeiWei\akmCtrl\beans\scadaTaskBean.py", line 601, in _release
    agvApi.goHome(self.agvId, force=False, timeout=60 * 60 * 3)
  File "..\agvCtrl\agvApi.py", line 129, in goHome
    _http_get(url + '/api/agv/goHome', param)
  File "..\agvCtrl\agvApi.py", line 64, in _http_get
    raise Exception(result["errormsg"])
Exception: Exception: 小车任务未结束2，调用goHome失败,agvId=AGV30

[CRITICAL]2021-04-21 08:55:30,823: task[607f774b2c7ead5b96adcfc3][AGV30] AP32(LM34) -> LM9(LM9) [finish]task release cause a error: Exception: 小车任务未结束2，调用goHome失败,agvId=AGV30
pid=11212, ppid=10216, tid=416
Traceback (most recent call last):
  File "E:\projects_by_myself\MeiWei\akmCtrl\beans\scadaTaskBean.py", line 601, in _release
    agvApi.goHome(self.agvId, force=False, timeout=60 * 60 * 3)
  File "..\agvCtrl\agvApi.py", line 129, in goHome
    _http_get(url + '/api/agv/goHome', param)
  File "..\agvCtrl\agvApi.py", line 64, in _http_get
    raise Exception(result["errormsg"])
Exception: Exception: 小车任务未结束2，调用goHome失败,agvId=AGV30

[INFO]2021-04-21 08:55:31,077: task: prepoint released2  607f774b2c7ead5b96adcfc3 AKM2F.LM9
[INFO]2021-04-21 08:55:31,077: task: prepoint released2  607f774b2c7ead5b96adcfc3 AKM2F.LM9
[WARNING]2021-04-21 08:55:31,283: scada.607f774b2c7ead5b96adcfc3[tid:416] <lock name:runTasks.g_lock,<locked _thread.RLock object owner=416 count=1 at 0x000001AF3D7A6240>> ,hold 3079 ms
[WARNING]2021-04-21 08:55:31,283: scada.607f774b2c7ead5b96adcfc3[tid:416] <lock name:runTasks.g_lock,<locked _thread.RLock object owner=416 count=1 at 0x000001AF3D7A6240>> ,hold 3079 ms
[INFO]2021-04-21 08:55:31,426: name=scada.607f774b2c7ead5b96adcfc3, pid=11212, tid=416
[01] File "E:/Users/Administrator/AppData/Local/Programs/Python/Python38/lib/threading.py", line 870, in run() 
[02] File "../common/utility.py", line 167, in __call() 
[03] File "E:/projects_by_myself/MeiWei/akmCtrl/beans/scadaTaskBean.py", line 560, in _taskFunc() 
[04] File "../common/lock.py", line 122, in _call() 
[05] File "../common/lock.py", line 100, in release() 
[06] File "E:/projects_by_myself/MeiWei/common/enhance.py", line 258, in getTrace() 
[07] File "E:/projects_by_myself/MeiWei/common/enhance.py", line 240, in getThreadStack()
[INFO]2021-04-21 08:55:31,426: name=scada.607f774b2c7ead5b96adcfc3, pid=11212, tid=416
[01] File "E:/Users/Administrator/AppData/Local/Programs/Python/Python38/lib/threading.py", line 870, in run() 
[02] File "../common/utility.py", line 167, in __call() 
[03] File "E:/projects_by_myself/MeiWei/akmCtrl/beans/scadaTaskBean.py", line 560, in _taskFunc() 
[04] File "../common/lock.py", line 122, in _call() 
[05] File "../common/lock.py", line 100, in release() 
[06] File "E:/projects_by_myself/MeiWei/common/enhance.py", line 258, in getTrace() 
[07] File "E:/projects_by_myself/MeiWei/common/enhance.py", line 240, in getThreadStack()
[INFO]2021-04-21 08:55:31,663: task: stop task[607f774b2c7ead5b96adcfc3][AGV30] AP32(LM34) -> LM9(LM9) [finish]
[DEBUG]2021-04-21 08:55:31,710: task: delete task 607f774b2c7ead5b96adcfc3
[INFO]2021-04-21 08:55:31,663: task: stop task[607f774b2c7ead5b96adcfc3][AGV30] AP32(LM34) -> LM9(LM9) [finish]
[DEBUG]2021-04-21 08:55:31,710: task: delete task 607f774b2c7ead5b96adcfc3
[INFO]2021-04-21 08:57:48,630: user press gohome AGV30 button
[INFO]2021-04-21 08:57:48,630: user press gohome AGV30 button
[ERROR]2021-04-21 08:58:19,659: AGV30 clear task failed
[ERROR]2021-04-21 08:58:19,659: AGV30 clear task failed
[WARNING]2021-04-21 08:58:19,819: AGV30 clear task finish, cur= AKM2F.LM9 task_status= 2
[WARNING]2021-04-21 08:58:19,819: AGV30 clear task finish, cur= AKM2F.LM9 task_status= 2
[DEBUG]2021-04-21 08:58:19,977: lock:  AGV30 taskId force_home_1 app gohomeforce
[DEBUG]2021-04-21 08:58:19,977: lock:  AGV30 taskId force_home_1 app gohomeforce
[ERROR]2021-04-21 08:58:45,839: user press Ctrl+C, system quit!
[ERROR]2021-04-21 08:58:45,839: user press Ctrl+C, system quit!
[WARNING]2021-04-21 08:58:45,999: runTask:stop save file
[ERROR]2021-04-21 08:58:46,047: user press Ctrl+C, system quit!
[ERROR]2021-04-21 08:58:46,047: user press Ctrl+C, system quit!
[WARNING]2021-04-21 08:58:46,203: runTask:stop save file
[WARNING]2021-04-21 08:58:46,203: runTask:stop save file
[ERROR]2021-04-21 08:58:46,362: process exited, living 0:10:23.888823 seconds
[ERROR]2021-04-21 08:58:46,362: process exited, living 0:10:23.888823 seconds
