[INFO]2021-04-26 15:52:22,601: log files at E:\projects_by_myself\backup\MeiWei_back_0421\common\log
[INFO]2021-04-26 15:52:22,603: find module account.main_account
[INFO]2021-04-26 15:52:22,604: find module agvCtrl.main_agv
[INFO]2021-04-26 15:52:22,605: find module agvDevice.main_agvDevice
[INFO]2021-04-26 15:52:22,606: find module akmCtrl.main_akmCtrl
[INFO]2021-04-26 15:52:22,608: find module alarm.main_alarm
[INFO]2021-04-26 15:52:22,609: find module auth.main_auth
[INFO]2021-04-26 15:52:22,610: find module door.main_door
[INFO]2021-04-26 15:52:22,611: find module elevator.main_elevator
[INFO]2021-04-26 15:52:22,613: find module feed.main_feed
[INFO]2021-04-26 15:52:22,614: find module remoteio.main_remoteio
[INFO]2021-04-26 15:52:22,616: import account.main_account
[INFO]2021-04-26 15:52:22,702: import agvCtrl.main_agv
[INFO]2021-04-26 15:52:23,038: create lock <lock name:doorMgr.lock,<unlocked _thread.RLock object owner=0 count=0 at 0x000002436E8F5EA0>>
[INFO]2021-04-26 15:52:23,919: create lock <lock name:door.lock,<unlocked _thread.RLock object owner=0 count=0 at 0x000002436E909420>>
[INFO]2021-04-26 15:52:24,033: create lock <lock name:timer.lock_2488647651920,<unlocked _thread.RLock object owner=0 count=0 at 0x000002436EF593C0>>
[ERROR]2021-04-26 15:52:24,046: mqtt is disabled
[INFO]2021-04-26 15:52:24,046: mqtt: subscribe [alarm/raise/+]
[INFO]2021-04-26 15:52:24,048: mqtt: subscribe [alarm/clear/+]
[INFO]2021-04-26 15:52:27,087: Mongodb connect to 127.0.0.1 port 27017
[INFO]2021-04-26 15:52:27,113: create lock <lock name:elevatorMgr.lock,<unlocked _thread.RLock object owner=0 count=0 at 0x000002436F16ADB0>>
[WARNING]2021-04-26 15:52:27,127: use mockAgvCtrl
[INFO]2021-04-26 15:52:27,130: create lock <lock name:mapMgr.lock,<unlocked _thread.RLock object owner=0 count=0 at 0x000002436D1E4360>>
[INFO]2021-04-26 15:52:27,479: create lock <lock name:agvList.g_agvLock,<unlocked _thread.RLock object owner=0 count=0 at 0x000002436F211C90>>
[INFO]2021-04-26 15:52:27,482: create lock <lock name:taskList.lock,<unlocked _thread.RLock object owner=0 count=0 at 0x000002436F22F720>>
[INFO]2021-04-26 15:52:27,551: charge policy 1 , fix time
[INFO]2021-04-26 15:52:27,585: create lock <lock name:agvApi.g_lock,<unlocked _thread.RLock object owner=0 count=0 at 0x000002436F239300>>
[INFO]2021-04-26 15:52:28,132: start load map E:\projects_by_myself\backup\MeiWei_back_0421\agvCtrl\projects\test\AKM2F.smap
[DEBUG]2021-04-26 15:52:28,257: elevator thread start
[INFO]2021-04-26 15:52:28,287: load map E:\projects_by_myself\backup\MeiWei_back_0421\agvCtrl\projects\test\AKM2F.smap ,used 164 ms
[INFO]2021-04-26 15:52:28,298: start load map E:\projects_by_myself\backup\MeiWei_back_0421\agvCtrl\projects\test\akmsmt.smap
[INFO]2021-04-26 15:52:28,355: load map E:\projects_by_myself\backup\MeiWei_back_0421\agvCtrl\projects\test\akmsmt.smap ,used 67 ms
[INFO]2021-04-26 15:52:28,372: start load map E:\projects_by_myself\backup\MeiWei_back_0421\agvCtrl\projects\test\akmsmtMap.smap
[INFO]2021-04-26 15:52:28,500: load map E:\projects_by_myself\backup\MeiWei_back_0421\agvCtrl\projects\test\akmsmtMap.smap ,used 144 ms
[INFO]2021-04-26 15:52:28,510: start load map E:\projects_by_myself\backup\MeiWei_back_0421\agvCtrl\projects\test\desai-all-20191223.smap
[INFO]2021-04-26 15:52:28,664: load map E:\projects_by_myself\backup\MeiWei_back_0421\agvCtrl\projects\test\desai-all-20191223.smap ,used 162 ms
[INFO]2021-04-26 15:52:28,675: start load map E:\projects_by_myself\backup\MeiWei_back_0421\agvCtrl\projects\test\meiwei423.smap
[INFO]2021-04-26 15:52:28,726: load map E:\projects_by_myself\backup\MeiWei_back_0421\agvCtrl\projects\test\meiwei423.smap ,used 61 ms
[INFO]2021-04-26 15:52:28,738: start load map E:\projects_by_myself\backup\MeiWei_back_0421\agvCtrl\projects\test\untitled_20210420032952.smap
[INFO]2021-04-26 15:52:28,782: load map E:\projects_by_myself\backup\MeiWei_back_0421\agvCtrl\projects\test\untitled_20210420032952.smap ,used 54 ms
[INFO]2021-04-26 15:52:28,787: import agvDevice.main_agvDevice
[INFO]2021-04-26 15:52:28,790: import akmCtrl.main_akmCtrl
[INFO]2021-04-26 15:52:28,810: create lock <lock name:runTasks.g_lock,<unlocked _thread.RLock object owner=0 count=0 at 0x000002437056ADE0>>
[INFO]2021-04-26 15:52:28,824: create lock <lock name:agvApi.g_lock,<unlocked _thread.RLock object owner=0 count=0 at 0x000002436F27D8A0>>
[INFO]2021-04-26 15:52:28,842: create lock <lock name:runTasks.pre_lock,<unlocked _thread.RLock object owner=0 count=0 at 0x000002437053F630>>
[INFO]2021-04-26 15:52:28,844: create lock <lock name:timer.lock_2488670663680,<unlocked _thread.RLock object owner=0 count=0 at 0x000002437054B240>>
[INFO]2021-04-26 15:52:28,847: create lock <lock name:mapMgr.lock,<unlocked _thread.RLock object owner=0 count=0 at 0x000002436DD04B70>>
[INFO]2021-04-26 15:52:29,593: import alarm.main_alarm
[INFO]2021-04-26 15:52:29,594: import auth.main_auth
[INFO]2021-04-26 15:52:29,607: import door.main_door
[INFO]2021-04-26 15:52:29,610: import elevator.main_elevator
[INFO]2021-04-26 15:52:29,614: create lock <lock name:elevatorApi.g_lock,<unlocked _thread.RLock object owner=0 count=0 at 0x0000024373DE5C30>>
[INFO]2021-04-26 15:52:29,616: import feed.main_feed
[INFO]2021-04-26 15:52:29,626: create lock <lock name:feedTask.g_lock,<unlocked _thread.RLock object owner=0 count=0 at 0x0000024373DFA8D0>>
[INFO]2021-04-26 15:52:29,680: import remoteio.main_remoteio
[SUCC]2021-04-26 15:52:29,691: utility start, pid=9408, ppid=4424
[DEBUG]2021-04-26 15:52:29,693: start timer
[INFO]2021-04-26 15:52:29,700: load agv file: E:\projects_by_myself\backup\MeiWei_back_0421\agvCtrl/projects/test/agv.cfg
[INFO]2021-04-26 15:52:29,702: create lock <lock name:agvList.AGV30.lock,<unlocked _thread.RLock object owner=0 count=0 at 0x0000024373E15A50>>
[DEBUG]2021-04-26 15:52:29,705: create aliveObj AGV30 AGV离线异常 timeout 300
[INFO]2021-04-26 15:52:29,707: AGV30 start agvList run thread
[INFO]2021-04-26 15:52:29,707: AGV30 start agvList run2 thread
[ERROR]2021-04-26 15:52:29,716: agv check init error False
[DEBUG]2021-04-26 15:52:29,717: start timer
[INFO]2021-04-26 15:52:29,724: add_ignore: taskStatus
[INFO]2021-04-26 15:52:29,725: add_ignore: api/elevator/status
[INFO]2021-04-26 15:52:29,726: add_ignore: scada/getTask
[INFO]2021-04-26 15:52:30,224: AGV30 current map meiwei423
[INFO]2021-04-26 15:52:30,257: AGV30 is online
[DEBUG]2021-04-26 15:52:30,729: GET: http://127.0.0.1:5551/api/agv/init?appName=MeiWeiTask addr: 127.0.0.1
[INFO]2021-04-26 15:52:30,744: MeiWeiTask init client agvApi
[DEBUG]2021-04-26 15:52:30,746: used 17ms 200 OK application/json;charset=utf-8, GET: http://127.0.0.1:5551/api/agv/init?appName=MeiWeiTask
[DEBUG]2021-04-26 15:52:32,936: GET: http://127.0.0.1:5551/api/scada/addTaskByPad?source=MeiWeiSource&target=MeiWeiTarget addr: 127.0.0.1
[DEBUG]2021-04-26 15:52:33,902: GET: http://127.0.0.1:5551/api/agv/startCharge?appName=MeiWeiTask addr: 127.0.0.1
[DEBUG]2021-04-26 15:52:33,966: used 64ms 200 OK application/json;charset=utf-8, GET: http://127.0.0.1:5551/api/agv/startCharge?appName=MeiWeiTask
[WARNING]2021-04-26 15:52:34,090: timer_thread[tid:2680] <lock name:runTasks.g_lock,<locked _thread.RLock object owner=2680 count=1 at 0x000002437056ADE0>> ,hold 3364 ms
[INFO]2021-04-26 15:52:34,681: name=timer_thread, pid=9408, tid=2680
[01] File "E:/Users/Administrator/AppData/Local/Programs/Python/Python38/lib/threading.py", line 870, in run() 
[02] File "../common/mytimer.py", line 113, in _loop() 
[03] File "../common/lock.py", line 122, in _call() 
[04] File "../common/lock.py", line 100, in release() 
[05] File "E:/projects_by_myself/backup/MeiWei_back_0421/common/enhance.py", line 258, in getTrace() 
[06] File "E:/projects_by_myself/backup/MeiWei_back_0421/common/enhance.py", line 240, in getThreadStack()
[INFO]2021-04-26 15:52:35,534: create task[6086714336cd2e1f0f7172fa]: type= scadaTask , 从MeiWeiSource运送货架到MeiWeiTarget {'source': 'MeiWeiSource', 'target': 'MeiWeiTarget', 'payloadId': None, 'priority': 1, 'type': 'scadaTask', 'taskName': '从MeiWeiSource运送货架到MeiWeiTarget', 'createTime': datetime.datetime(2021, 4, 26, 15, 52, 35, 1484), 'updateTime': datetime.datetime(2021, 4, 26, 15, 52, 35, 1484), 'startTime': None, 'endTime': None, 'status': 'waiting', 'step': 'waiting', 'failMsg': None, 'history': [], '_id': ObjectId('6086714336cd2e1f0f7172fa')}
[INFO]2021-04-26 15:52:36,045: task[6086714336cd2e1f0f7172fa]:  start {'failMsg': '任务等待执行', 'startTime': datetime.datetime(2021, 4, 26, 15, 52, 36, 13776), 'updateTime': datetime.datetime(2021, 4, 26, 15, 52, 36, 13776), 'status': 'running'}
[INFO]2021-04-26 15:52:36,203: task: start task[6086714336cd2e1f0f7172fa][-] 6(1) -> 7(8) [waiting]
[INFO]2021-04-26 15:52:36,299: task[6086714336cd2e1f0f7172fa] update info: {'failMsg': '等待分配小车', 'updateTime': datetime.datetime(2021, 4, 26, 15, 52, 36, 267099)}
[DEBUG]2021-04-26 15:52:36,362: task[6086714336cd2e1f0f7172fa][-] 6(1) -> 7(8) [waitForAgv] waiting -> waitForAgv
[INFO]2021-04-26 15:52:37,719: ******************url********************: http://127.0.0.1:5551
[DEBUG]2021-04-26 15:52:37,924: GET: http://127.0.0.1:5551/api/agv/apply?appName=MeiWeiTask&autoLock=False&exclude&loc=1&mapId=meiwei423&taskId=6086714336cd2e1f0f7172fa&timeout=10 addr: 127.0.0.1
[INFO]2021-04-26 15:52:42,114: apply AGV30 ,taskId: 6086714336cd2e1f0f7172fa ,loc meiwei423.1 ,autoLock False , used 4110 ms
[WARNING]2021-04-26 15:52:42,178: worker 3[tid:14660] <lock name:mapMgr.lock,<locked _thread.RLock object owner=14660 count=1 at 0x000002436D1E4360>> ,hold 4174 ms
[INFO]2021-04-26 15:52:42,529: name=worker 3, pid=9408, tid=14660
[01] File "E:/Users/Administrator/AppData/Local/Programs/Python/Python38/lib/threading.py", line 870, in run() 
[02] File "E:/Users/Administrator/AppData/Local/Programs/Python/Python38/lib/site-packages/paste/httpserver.py", line 903, in worker_thread_callback() 
[03] File "E:/Users/Administrator/AppData/Local/Programs/Python/Python38/lib/site-packages/paste/httpserver.py", line 1077, in <lambda>() 
[04] File "E:/Users/Administrator/AppData/Local/Programs/Python/Python38/lib/site-packages/paste/httpserver.py", line 1092, in process_request_in_thread() 
[05] File "E:/Users/Administrator/AppData/Local/Programs/Python/Python38/lib/socketserver.py", line 360, in finish_request() 
[06] File "E:/Users/Administrator/AppData/Local/Programs/Python/Python38/lib/socketserver.py", line 720, in __init__() 
[07] File "E:/Users/Administrator/AppData/Local/Programs/Python/Python38/lib/site-packages/paste/httpserver.py", line 460, in handle() 
[08] File "E:/Users/Administrator/AppData/Local/Programs/Python/Python38/lib/http/server.py", line 427, in handle() 
[09] File "E:/Users/Administrator/AppData/Local/Programs/Python/Python38/lib/site-packages/paste/httpserver.py", line 455, in handle_one_request() 
[10] File "E:/Users/Administrator/AppData/Local/Programs/Python/Python38/lib/site-packages/paste/httpserver.py", line 304, in wsgi_execute() 
[11] File "E:/Users/Administrator/AppData/Local/Programs/Python/Python38/lib/site-packages/paste/translogger.py", line 69, in __call__() 
[12] File "E:/Users/Administrator/AppData/Local/Programs/Python/Python38/lib/site-packages/bottle.py", line 985, in __call__() 
[13] File "E:/Users/Administrator/AppData/Local/Programs/Python/Python38/lib/site-packages/bottle.py", line 960, in wsgi() 
[14] File "E:/Users/Administrator/AppData/Local/Programs/Python/Python38/lib/site-packages/bottle.py", line 868, in _handle() 
[15] File "E:/Users/Administrator/AppData/Local/Programs/Python/Python38/lib/site-packages/bottle.py", line 1748, in wrapper() 
[16] File "E:/projects_by_myself/backup/MeiWei_back_0421/common/webutility.py", line 466, in _enable_cors() 
[17] File "E:/projects_by_myself/backup/MeiWei_back_0421/common/webutility.py", line 482, in _enable_cors() 
[18] File "E:/projects_by_myself/backup/MeiWei_back_0421/common/scadaUtility.py", line 45, in __call() 
[19] File "E:/projects_by_myself/backup/MeiWei_back_0421/agvCtrl/main_agv.py", line 58, in urlApply() 
[20] File "E:/projects_by_myself/backup/MeiWei_back_0421/agvCtrl/agvControl.py", line 1124, in apply() 
[21] File "E:/projects_by_myself/backup/MeiWei_back_0421/common/lock.py", line 122, in _call() 
[22] File "E:/projects_by_myself/backup/MeiWei_back_0421/common/lock.py", line 100, in release() 
[23] File "E:/projects_by_myself/backup/MeiWei_back_0421/common/enhance.py", line 258, in getTrace() 
[24] File "E:/projects_by_myself/backup/MeiWei_back_0421/common/enhance.py", line 240, in getThreadStack()
[DEBUG]2021-04-26 15:52:42,690: used 4765ms 200 OK application/json;charset=utf-8, GET: http://127.0.0.1:5551/api/agv/apply?appName=MeiWeiTask&autoLock=False&exclude&loc=1&mapId=meiwei423&taskId=6086714336cd2e1f0f7172fa&timeout=10
[DEBUG]2021-04-26 15:52:42,908: GET: http://127.0.0.1:5551/api/agv/lock?agv=AGV30&appName=MeiWeiTask&taskId=6086714336cd2e1f0f7172fa addr: 127.0.0.1
[DEBUG]2021-04-26 15:52:43,020: lock:  AGV30 taskId 6086714336cd2e1f0f7172fa app MeiWeiTask
[WARNING]2021-04-26 15:52:44,121: AGV30 clear task finish, cur= meiwei423.9 task_status= 0
[DEBUG]2021-04-26 15:52:44,170: used 1262ms 200 OK application/json;charset=utf-8, GET: http://127.0.0.1:5551/api/agv/lock?agv=AGV30&appName=MeiWeiTask&taskId=6086714336cd2e1f0f7172fa
[INFO]2021-04-26 15:52:44,311: task[6086714336cd2e1f0f7172fa][-] 6(1) -> 7(8) [waitForAgv] apply AGV30
[INFO]2021-04-26 15:52:44,407: task[6086714336cd2e1f0f7172fa] update info: {'agvId': 'AGV30', 'failMsg': '成功分配小车AGV30,检测顶升下降', 'updateTime': datetime.datetime(2021, 4, 26, 15, 52, 44, 375268)}
[WARNING]2021-04-26 15:52:44,487: scada.6086714336cd2e1f0f7172fa[tid:12408] <locked _thread.RLock object owner=12408 count=1 at 0x0000024378203C30> ,hold 6768 ms
[INFO]2021-04-26 15:52:44,884: name=scada.6086714336cd2e1f0f7172fa, pid=9408, tid=12408
[01] File "E:/Users/Administrator/AppData/Local/Programs/Python/Python38/lib/threading.py", line 870, in run() 
[02] File "../common/utility.py", line 167, in __call() 
[03] File "E:/projects_by_myself/backup/MeiWei_back_0421/akmCtrl/beans/scadaTaskBean.py", line 547, in _taskFunc() 
[04] File "../common/lock.py", line 122, in _call() 
[05] File "../common/lock.py", line 100, in release() 
[06] File "E:/projects_by_myself/backup/MeiWei_back_0421/common/enhance.py", line 258, in getTrace() 
[07] File "E:/projects_by_myself/backup/MeiWei_back_0421/common/enhance.py", line 240, in getThreadStack()
[DEBUG]2021-04-26 15:52:45,156: task[6086714336cd2e1f0f7172fa][AGV30] 6(1) -> 7(8) [initJackdown] waitForAgv -> initJackdown
[INFO]2021-04-26 15:52:45,617: task[6086714336cd2e1f0f7172fa][AGV30] 6(1) -> 7(8) [initJackdown] _jackDown
[INFO]2021-04-26 15:52:45,696: ************run jackDownOld********************
[INFO]2021-04-26 15:52:46,922: task[6086714336cd2e1f0f7172fa] update info: {'failMsg': '前往MeiWeiSource工位点拉取货架', 'updateTime': datetime.datetime(2021, 4, 26, 15, 52, 46, 794980)}
[DEBUG]2021-04-26 15:52:47,050: task[6086714336cd2e1f0f7172fa][AGV30] 6(1) -> 7(8) [moveToPreSrc] initJackdown -> moveToPreSrc
[INFO]2021-04-26 15:52:47,557: ***************调用move方法
[DEBUG]2021-04-26 15:52:47,656: GET: http://127.0.0.1:5551/api/agv/move?WorkPlace=None&agv=AGV30&agvId=AGV30&appName=MeiWeiTask&floorId=meiwei423&isRotate&loc=meiwei423.1&location=1&taskId=6086714336cd2e1f0f7172fa_2&taskType=scadaTask&timeoutSec=86400 addr: 127.0.0.1
[INFO]2021-04-26 15:52:47,687: Begin: AGV30 move from meiwei423.9 to meiwei423.1 by paths: [('meiwei423', ['9', '7', '8', '6', '1'], 26.065498026668134)] task: 6086714336cd2e1f0f7172fa_2 timeout 86400 used 26 ms
[INFO]2021-04-26 15:52:47,689: 移动到source的前置点 1
[DEBUG]2021-04-26 15:52:47,691: task[6086714336cd2e1f0f7172fa][AGV30] 6(1) -> 7(8) [moveToPreSrc_onfinish] moveToPreSrc -> moveToPreSrc_onfinish
[WARNING]2021-04-26 15:52:48,382: AGV30 clear task,taskId= 6086714336cd2e1f0f7172fa_2 map= meiwei423 paths= 9,7,8,6,1 task_status= 0
[WARNING]2021-04-26 15:52:49,389: AGV30 clear task finish, cur= meiwei423.9 task_status= 0
[CRITICAL]2021-04-26 15:52:49,407: agv thread cause a error: check() got an unexpected keyword argument 'blockPath'
pid=9408, ppid=4424, tid=12128
Traceback (most recent call last):
  File "E:\projects_by_myself\backup\MeiWei_back_0421\agvCtrl\agvList.py", line 617, in handle
    ret = obj.callback(obj.params)
  File "E:\projects_by_myself\backup\MeiWei_back_0421\agvCtrl\agvControl.py", line 637, in oncheck
    if not checkAgv(agvInfo.curTarget,paths[-1]):
  File "E:\projects_by_myself\backup\MeiWei_back_0421\common\lock.py", line 120, in _call
    return func(*p,**pp)
  File "E:\projects_by_myself\backup\MeiWei_back_0421\agvCtrl\agvControl.py", line 407, in checkAgv
    if not agvElement.check(mapMgr.getAgvList(agvElement.mapId),blockPath=None):
TypeError: check() got an unexpected keyword argument 'blockPath'

[ERROR]2021-04-26 15:52:49,411: AGV30 failed to arrived meiwei423.1 ,task: 6086714336cd2e1f0f7172fa_2 error check() got an unexpected keyword argument 'blockPath'
[INFO]2021-04-26 15:52:49,719: task: move finish callback task[6086714336cd2e1f0f7172fa][AGV30] 6(1) -> 7(8) [moveToPreSrc_onfinish]
[WARNING]2021-04-26 15:52:49,722: task[6086714336cd2e1f0f7172fa]:  error {'failMsg': "check() got an unexpected keyword argument 'blockPath'", 'endTime': datetime.datetime(2021, 4, 26, 15, 52, 49, 721773), 'status': 'error'}
[INFO]2021-04-26 15:52:49,872: task[6086714336cd2e1f0f7172fa][AGV30] 6(1) -> 7(8) [moveToPreSrc_onfinish] AGV30 release task, release agv True True False
[DEBUG]2021-04-26 15:52:49,890: GET: http://127.0.0.1:5551/api/agv/isLocked?agv=AGV30&appName=MeiWeiTask&taskId=6086714336cd2e1f0f7172fa addr: 127.0.0.1
[DEBUG]2021-04-26 15:52:49,895: used 5ms 200 OK application/json;charset=utf-8, GET: http://127.0.0.1:5551/api/agv/isLocked?agv=AGV30&appName=MeiWeiTask&taskId=6086714336cd2e1f0f7172fa
[DEBUG]2021-04-26 15:52:49,901: GET: http://127.0.0.1:5551/api/agv/release?agv=AGV30&appName=MeiWeiTask&force=False&taskId=6086714336cd2e1f0f7172fa addr: 127.0.0.1
[DEBUG]2021-04-26 15:52:49,903: unlock: AGV30 taskId 6086714336cd2e1f0f7172fa app MeiWeiTask force False
[DEBUG]2021-04-26 15:52:49,906: used 5ms 200 OK application/json;charset=utf-8, GET: http://127.0.0.1:5551/api/agv/release?agv=AGV30&appName=MeiWeiTask&force=False&taskId=6086714336cd2e1f0f7172fa
[INFO]2021-04-26 15:52:49,907: task[6086714336cd2e1f0f7172fa][AGV30] 6(1) -> 7(8) [moveToPreSrc_onfinish] let AGV30 gohome
[DEBUG]2021-04-26 15:52:49,934: GET: http://127.0.0.1:5551/api/agv/goHome?agv=AGV30&appName=MeiWeiTask&force=False&timeout=10800 addr: 127.0.0.1
[INFO]2021-04-26 15:52:49,937: AGV30 is in home loc meiwei423.9
[DEBUG]2021-04-26 15:52:49,939: used 5ms 200 OK application/json;charset=utf-8, GET: http://127.0.0.1:5551/api/agv/goHome?agv=AGV30&appName=MeiWeiTask&force=False&timeout=10800
[INFO]2021-04-26 15:52:49,941: task: stop task[6086714336cd2e1f0f7172fa][-] 6(1) -> 7(8) [moveToPreSrc_onfinish]
[ERROR]2021-04-26 15:58:41,409: user press Ctrl+C, system quit!
[ERROR]2021-04-26 15:58:41,590: user press Ctrl+C, system quit!
