[INFO]2021-04-20 16:48:38,724: log files at E:\projects_by_myself\MeiWei\common\log
[INFO]2021-04-20 16:48:38,725: find module account.main_account
[INFO]2021-04-20 16:48:38,726: find module agvCtrl.main_agv
[INFO]2021-04-20 16:48:38,727: find module agvDevice.main_agvDevice
[INFO]2021-04-20 16:48:38,728: find module akmCtrl.main_akmCtrl
[INFO]2021-04-20 16:48:38,729: find module alarm.main_alarm
[INFO]2021-04-20 16:48:38,730: find module auth.main_auth
[INFO]2021-04-20 16:48:38,731: find module door.main_door
[INFO]2021-04-20 16:48:38,732: find module elevator.main_elevator
[INFO]2021-04-20 16:48:38,733: find module feed.main_feed
[INFO]2021-04-20 16:48:38,735: find module remoteio.main_remoteio
[INFO]2021-04-20 16:48:38,736: import account.main_account
[INFO]2021-04-20 16:48:38,837: import agvCtrl.main_agv
[INFO]2021-04-20 16:48:39,689: create lock <lock name:doorMgr.lock,<unlocked _thread.RLock object owner=0 count=0 at 0x00000250B806BEA0>>
[INFO]2021-04-20 16:48:40,537: create lock <lock name:door.lock,<unlocked _thread.RLock object owner=0 count=0 at 0x00000250B808B420>>
[INFO]2021-04-20 16:48:40,660: create lock <lock name:timer.lock_2545714692688,<unlocked _thread.RLock object owner=0 count=0 at 0x00000250B86B83C0>>
[ERROR]2021-04-20 16:48:40,674: mqtt is disabled
[INFO]2021-04-20 16:48:40,674: mqtt: subscribe [alarm/raise/+]
[INFO]2021-04-20 16:48:40,677: mqtt: subscribe [alarm/clear/+]
[INFO]2021-04-20 16:48:43,724: Mongodb connect to 127.0.0.1 port 27017
[INFO]2021-04-20 16:48:43,751: create lock <lock name:elevatorMgr.lock,<unlocked _thread.RLock object owner=0 count=0 at 0x00000250B88C8DB0>>
[WARNING]2021-04-20 16:48:43,764: use mockAgvCtrl
[INFO]2021-04-20 16:48:43,766: create lock <lock name:mapMgr.lock,<unlocked _thread.RLock object owner=0 count=0 at 0x00000250B6923360>>
[INFO]2021-04-20 16:48:44,094: create lock <lock name:agvList.g_agvLock,<unlocked _thread.RLock object owner=0 count=0 at 0x00000250B89636C0>>
[INFO]2021-04-20 16:48:44,098: create lock <lock name:taskList.lock,<unlocked _thread.RLock object owner=0 count=0 at 0x00000250B8A05510>>
[INFO]2021-04-20 16:48:44,161: charge policy 1 , fix time
[INFO]2021-04-20 16:48:44,199: create lock <lock name:agvApi.g_lock,<unlocked _thread.RLock object owner=0 count=0 at 0x00000250B8A100F0>>
[INFO]2021-04-20 16:48:44,537: start load map E:\projects_by_myself\MeiWei\agvCtrl\projects\test\AKM2F.smap
[DEBUG]2021-04-20 16:48:44,653: elevator thread start
[INFO]2021-04-20 16:48:44,674: load map E:\projects_by_myself\MeiWei\agvCtrl\projects\test\AKM2F.smap ,used 146 ms
[INFO]2021-04-20 16:48:44,684: start load map E:\projects_by_myself\MeiWei\agvCtrl\projects\test\akmsmt.smap
[INFO]2021-04-20 16:48:44,737: load map E:\projects_by_myself\MeiWei\agvCtrl\projects\test\akmsmt.smap ,used 61 ms
[INFO]2021-04-20 16:48:44,747: start load map E:\projects_by_myself\MeiWei\agvCtrl\projects\test\akmsmtMap.smap
[INFO]2021-04-20 16:48:44,878: load map E:\projects_by_myself\MeiWei\agvCtrl\projects\test\akmsmtMap.smap ,used 140 ms
[INFO]2021-04-20 16:48:44,888: start load map E:\projects_by_myself\MeiWei\agvCtrl\projects\test\desai-all-20191223.smap
[INFO]2021-04-20 16:48:45,040: load map E:\projects_by_myself\MeiWei\agvCtrl\projects\test\desai-all-20191223.smap ,used 160 ms
[INFO]2021-04-20 16:48:45,044: import agvDevice.main_agvDevice
[INFO]2021-04-20 16:48:45,046: import akmCtrl.main_akmCtrl
[INFO]2021-04-20 16:48:45,055: create lock <lock name:feedTask.g_lock,<unlocked _thread.RLock object owner=0 count=0 at 0x00000250B8DAB9F0>>
[INFO]2021-04-20 16:48:45,059: create lock <lock name:agvApi.g_lock,<unlocked _thread.RLock object owner=0 count=0 at 0x00000250B73A7360>>
[INFO]2021-04-20 16:48:45,606: create lock <lock name:runTasks.g_lock,<unlocked _thread.RLock object owner=0 count=0 at 0x00000250BA76C6F0>>
[INFO]2021-04-20 16:48:45,626: create lock <lock name:runTasks.pre_lock,<unlocked _thread.RLock object owner=0 count=0 at 0x00000250BA767FC0>>
[INFO]2021-04-20 16:48:45,638: create lock <lock name:timer.lock_2545759025664,<unlocked _thread.RLock object owner=0 count=0 at 0x00000250BB0FFA50>>
[INFO]2021-04-20 16:48:45,641: create lock <lock name:mapMgr.lock,<unlocked _thread.RLock object owner=0 count=0 at 0x00000250BB11B5D0>>
[INFO]2021-04-20 16:48:45,679: import alarm.main_alarm
[INFO]2021-04-20 16:48:45,681: import auth.main_auth
[INFO]2021-04-20 16:48:45,687: import door.main_door
[INFO]2021-04-20 16:48:45,690: import elevator.main_elevator
[INFO]2021-04-20 16:48:45,694: create lock <lock name:elevatorApi.g_lock,<unlocked _thread.RLock object owner=0 count=0 at 0x00000250BB1FDC90>>
[INFO]2021-04-20 16:48:45,695: import feed.main_feed
[INFO]2021-04-20 16:48:45,700: import remoteio.main_remoteio
[SUCC]2021-04-20 16:48:45,710: utility start, pid=14640, ppid=10084
[DEBUG]2021-04-20 16:48:45,711: start timer
[INFO]2021-04-20 16:48:45,719: load agv file: E:\projects_by_myself\MeiWei\agvCtrl/projects/test/agv.cfg
[INFO]2021-04-20 16:48:45,720: create lock <lock name:agvList.AGV30.lock,<unlocked _thread.RLock object owner=0 count=0 at 0x00000250BB21F690>>
[DEBUG]2021-04-20 16:48:45,724: create aliveObj AGV30 AGV¿Îœﬂ“Ï≥£ timeout 300
[INFO]2021-04-20 16:48:45,725: AGV30 start agvList run thread
[INFO]2021-04-20 16:48:45,726: AGV30 start agvList run2 thread
[ERROR]2021-04-20 16:48:45,735: agv check init error False
[DEBUG]2021-04-20 16:48:45,736: start timer
[INFO]2021-04-20 16:48:45,746: add_ignore: taskStatus
[INFO]2021-04-20 16:48:45,747: add_ignore: api/elevator/status
[INFO]2021-04-20 16:48:45,748: add_ignore: scada/getTask
[INFO]2021-04-20 16:48:46,238: AGV30 current map AKM2F
[INFO]2021-04-20 16:48:46,240: AGV30 is online
[CRITICAL]2021-04-20 16:48:47,762: invoke timer func<function lock.<locals>.call.<locals>._call at 0x00000250BB112CA0> cause a error: name 'g_init' is not defined
pid=14640, ppid=10084, tid=10464
Traceback (most recent call last):
  File "..\common\mytimer.py", line 113, in _loop
    v.func(*v.args)
  File "..\common\lock.py", line 120, in _call
    return func(*p,**pp)
  File "E:\projects_by_myself\MeiWei\akmCtrl\runTasks01.py", line 45, in run
    if not g_init:
NameError: name 'g_init' is not defined

[CRITICAL]2021-04-20 16:48:49,797: invoke timer func<function lock.<locals>.call.<locals>._call at 0x00000250BB112CA0> cause a error: name 'g_init' is not defined
pid=14640, ppid=10084, tid=10464
Traceback (most recent call last):
  File "..\common\mytimer.py", line 113, in _loop
    v.func(*v.args)
  File "..\common\lock.py", line 120, in _call
    return func(*p,**pp)
  File "E:\projects_by_myself\MeiWei\akmCtrl\runTasks01.py", line 45, in run
    if not g_init:
NameError: name 'g_init' is not defined

[CRITICAL]2021-04-20 16:48:51,822: invoke timer func<function lock.<locals>.call.<locals>._call at 0x00000250BB112CA0> cause a error: name 'g_init' is not defined
pid=14640, ppid=10084, tid=10464
Traceback (most recent call last):
  File "..\common\mytimer.py", line 113, in _loop
    v.func(*v.args)
  File "..\common\lock.py", line 120, in _call
    return func(*p,**pp)
  File "E:\projects_by_myself\MeiWei\akmCtrl\runTasks01.py", line 45, in run
    if not g_init:
NameError: name 'g_init' is not defined

[CRITICAL]2021-04-20 16:48:53,854: invoke timer func<function lock.<locals>.call.<locals>._call at 0x00000250BB112CA0> cause a error: name 'g_init' is not defined
pid=14640, ppid=10084, tid=10464
Traceback (most recent call last):
  File "..\common\mytimer.py", line 113, in _loop
    v.func(*v.args)
  File "..\common\lock.py", line 120, in _call
    return func(*p,**pp)
  File "E:\projects_by_myself\MeiWei\akmCtrl\runTasks01.py", line 45, in run
    if not g_init:
NameError: name 'g_init' is not defined

[INFO]2021-04-20 16:48:54,815: startCharge is false
[INFO]2021-04-20 16:48:55,271: name=worker 9, pid=14640, tid=6228
[01] File "E:/Users/Administrator/AppData/Local/Programs/Python/Python38/lib/threading.py", line 870, in run() 
[02] File "E:/Users/Administrator/AppData/Local/Programs/Python/Python38/lib/site-packages/paste/httpserver.py", line 891, in worker_thread_callback() 
[03] File "E:/Users/Administrator/AppData/Local/Programs/Python/Python38/lib/queue.py", line 170, in get() 
[04] File "E:/Users/Administrator/AppData/Local/Programs/Python/Python38/lib/threading.py", line 302, in wait() 

name=worker 8, pid=14640, tid=4120
[01] File "E:/Users/Administrator/AppData/Local/Programs/Python/Python38/lib/threading.py", line 870, in run() 
[02] File "E:/Users/Administrator/AppData/Local/Programs/Python/Python38/lib/site-packages/paste/httpserver.py", line 891, in worker_thread_callback() 
[03] File "E:/Users/Administrator/AppData/Local/Programs/Python/Python38/lib/queue.py", line 170, in get() 
[04] File "E:/Users/Administrator/AppData/Local/Programs/Python/Python38/lib/threading.py", line 302, in wait() 

name=worker 7, pid=14640, tid=7064
[01] File "E:/Users/Administrator/AppData/Local/Programs/Python/Python38/lib/threading.py", line 870, in run() 
[02] File "E:/Users/Administrator/AppData/Local/Programs/Python/Python38/lib/site-packages/paste/httpserver.py", line 891, in worker_thread_callback() 
[03] File "E:/Users/Administrator/AppData/Local/Programs/Python/Python38/lib/queue.py", line 170, in get() 
[04] File "E:/Users/Administrator/AppData/Local/Programs/Python/Python38/lib/threading.py", line 302, in wait() 

name=worker 6, pid=14640, tid=16940
[01] File "E:/Users/Administrator/AppData/Local/Programs/Python/Python38/lib/threading.py", line 870, in run() 
[02] File "E:/Users/Administrator/AppData/Local/Programs/Python/Python38/lib/site-packages/paste/httpserver.py", line 891, in worker_thread_callback() 
[03] File "E:/Users/Administrator/AppData/Local/Programs/Python/Python38/lib/queue.py", line 170, in get() 
[04] File "E:/Users/Administrator/AppData/Local/Programs/Python/Python38/lib/threading.py", line 302, in wait() 

name=worker 5, pid=14640, tid=1316
[01] File "E:/Users/Administrator/AppData/Local/Programs/Python/Python38/lib/threading.py", line 870, in run() 
[02] File "E:/Users/Administrator/AppData/Local/Programs/Python/Python38/lib/site-packages/paste/httpserver.py", line 891, in worker_thread_callback() 
[03] File "E:/Users/Administrator/AppData/Local/Programs/Python/Python38/lib/queue.py", line 170, in get() 
[04] File "E:/Users/Administrator/AppData/Local/Programs/Python/Python38/lib/threading.py", line 302, in wait() 

name=worker 4, pid=14640, tid=18388
[01] File "E:/Users/Administrator/AppData/Local/Programs/Python/Python38/lib/threading.py", line 870, in run() 
[02] File "E:/Users/Administrator/AppData/Local/Programs/Python/Python38/lib/site-packages/paste/httpserver.py", line 891, in worker_thread_callback() 
[03] File "E:/Users/Administrator/AppData/Local/Programs/Python/Python38/lib/queue.py", line 170, in get() 
[04] File "E:/Users/Administrator/AppData/Local/Programs/Python/Python38/lib/threading.py", line 302, in wait() 

name=worker 3, pid=14640, tid=13080
[01] File "E:/Users/Administrator/AppData/Local/Programs/Python/Python38/lib/threading.py", line 870, in run() 
[02] File "E:/Users/Administrator/AppData/Local/Programs/Python/Python38/lib/site-packages/paste/httpserver.py", line 891, in worker_thread_callback() 
[03] File "E:/Users/Administrator/AppData/Local/Programs/Python/Python38/lib/queue.py", line 170, in get() 
[04] File "E:/Users/Administrator/AppData/Local/Programs/Python/Python38/lib/threading.py", line 302, in wait() 

name=worker 2, pid=14640, tid=10692
[01] File "E:/Users/Administrator/AppData/Local/Programs/Python/Python38/lib/threading.py", line 870, in run() 
[02] File "E:/Users/Administrator/AppData/Local/Programs/Python/Python38/lib/site-packages/paste/httpserver.py", line 891, in worker_thread_callback() 
[03] File "E:/Users/Administrator/AppData/Local/Programs/Python/Python38/lib/queue.py", line 170, in get() 
[04] File "E:/Users/Administrator/AppData/Local/Programs/Python/Python38/lib/threading.py", line 302, in wait() 

name=worker 1, pid=14640, tid=9924
[01] File "E:/Users/Administrator/AppData/Local/Programs/Python/Python38/lib/threading.py", line 870, in run() 
[02] File "E:/Users/Administrator/AppData/Local/Programs/Python/Python38/lib/site-packages/paste/httpserver.py", line 891, in worker_thread_callback() 
[03] File "E:/Users/Administrator/AppData/Local/Programs/Python/Python38/lib/queue.py", line 170, in get() 
[04] File "E:/Users/Administrator/AppData/Local/Programs/Python/Python38/lib/threading.py", line 302, in wait() 

name=worker 0, pid=14640, tid=3792
[01] File "E:/Users/Administrator/AppData/Local/Programs/Python/Python38/lib/threading.py", line 870, in run() 
[02] File "E:/Users/Administrator/AppData/Local/Programs/Python/Python38/lib/site-packages/paste/httpserver.py", line 891, in worker_thread_callback() 
[03] File "E:/Users/Administrator/AppData/Local/Programs/Python/Python38/lib/queue.py", line 170, in get() 
[04] File "E:/Users/Administrator/AppData/Local/Programs/Python/Python38/lib/threading.py", line 302, in wait() 

name=timer_thread, pid=14640, tid=10464
[01] File "E:/Users/Administrator/AppData/Local/Programs/Python/Python38/lib/threading.py", line 870, in run() 
[02] File "../common/mytimer.py", line 117, in _loop() 

name=agvThread2.AGV30, pid=14640, tid=18028
[01] File "E:/Users/Administrator/AppData/Local/Programs/Python/Python38/lib/threading.py", line 870, in run() 
[02] File "E:/projects_by_myself/MeiWei/agvCtrl/agvList.py", line 601, in run2() 

name=agvThread.AGV30, pid=14640, tid=6164
[01] File "E:/Users/Administrator/AppData/Local/Programs/Python/Python38/lib/threading.py", line 870, in run() 
[02] File "E:/projects_by_myself/MeiWei/agvCtrl/agvList.py", line 589, in run() 

name=timer_thread, pid=14640, tid=14176
[01] File "E:/Users/Administrator/AppData/Local/Programs/Python/Python38/lib/threading.py", line 870, in run() 
[02] File "E:/projects_by_myself/MeiWei/common/mytimer.py", line 117, in _loop() 

name=Thread-1, pid=14640, tid=11576
[01] File "E:/Users/Administrator/AppData/Local/Programs/Python/Python38/lib/threading.py", line 870, in run() 
[02] File "E:/projects_by_myself/MeiWei/agvCtrl/main_agv.py", line 328, in showThread() 
[03] File "E:/projects_by_myself/MeiWei/agvCtrl/agvControl.py", line 1345, in show() 
[04] File "E:/projects_by_myself/MeiWei/agvCtrl/mainFrame.py", line 236, in show() 

name=door.desai-all-20191223.ping, pid=14640, tid=6160
[01] File "E:/Users/Administrator/AppData/Local/Programs/Python/Python38/lib/threading.py", line 870, in run() 
[02] File "E:/projects_by_myself/MeiWei/agvCtrl/doorMgr.py", line 194, in check() 

name=door.desai-all-20191223, pid=14640, tid=15060
[01] File "E:/Users/Administrator/AppData/Local/Programs/Python/Python38/lib/threading.py", line 870, in run() 
[02] File "E:/projects_by_myself/MeiWei/agvCtrl/doorMgr.py", line 185, in run() 

name=door.akmsmtMap.ping, pid=14640, tid=1876
[01] File "E:/Users/Administrator/AppData/Local/Programs/Python/Python38/lib/threading.py", line 870, in run() 
[02] File "E:/projects_by_myself/MeiWei/agvCtrl/doorMgr.py", line 194, in check() 

name=door.akmsmtMap, pid=14640, tid=15068
[01] File "E:/Users/Administrator/AppData/Local/Programs/Python/Python38/lib/threading.py", line 870, in run() 
[02] File "E:/projects_by_myself/MeiWei/agvCtrl/doorMgr.py", line 185, in run() 

name=door.akmsmt.ping, pid=14640, tid=1052
[01] File "E:/Users/Administrator/AppData/Local/Programs/Python/Python38/lib/threading.py", line 870, in run() 
[02] File "E:/projects_by_myself/MeiWei/agvCtrl/doorMgr.py", line 194, in check() 

name=door.akmsmt, pid=14640, tid=544
[01] File "E:/Users/Administrator/AppData/Local/Programs/Python/Python38/lib/threading.py", line 870, in run() 
[02] File "E:/projects_by_myself/MeiWei/agvCtrl/doorMgr.py", line 185, in run() 

name=elevator.keep, pid=14640, tid=9920
[01] File "E:/Users/Administrator/AppData/Local/Programs/Python/Python38/lib/threading.py", line 870, in run() 
[02] File "E:/projects_by_myself/MeiWei/agvCtrl/elevatorMgr.py", line 497, in keepOpenThread() 

name=door.AKM2F.ping, pid=14640, tid=13496
[01] File "E:/Users/Administrator/AppData/Local/Programs/Python/Python38/lib/threading.py", line 870, in run() 
[02] File "E:/projects_by_myself/MeiWei/agvCtrl/doorMgr.py", line 194, in check() 

name=door.AKM2F, pid=14640, tid=10440
[01] File "E:/Users/Administrator/AppData/Local/Programs/Python/Python38/lib/threading.py", line 870, in run() 
[02] File "E:/projects_by_myself/MeiWei/agvCtrl/doorMgr.py", line 185, in run() 

name=pymongo_kill_cursors_thread, pid=14640, tid=7852
[01] File "E:/Users/Administrator/AppData/Local/Programs/Python/Python38/lib/threading.py", line 870, in run() 
[02] File "E:/Users/Administrator/AppData/Local/Programs/Python/Python38/lib/site-packages/pymongo/periodic_executor.py", line 140, in _run() 

name=pymongo_server_monitor_thread, pid=14640, tid=14540
[01] File "E:/Users/Administrator/AppData/Local/Programs/Python/Python38/lib/threading.py", line 870, in run() 
[02] File "E:/Users/Administrator/AppData/Local/Programs/Python/Python38/lib/site-packages/pymongo/periodic_executor.py", line 140, in _run() 

name=tcplisten.port_6789, pid=14640, tid=5100
[01] File "E:/Users/Administrator/AppData/Local/Programs/Python/Python38/lib/threading.py", line 870, in run() 
[02] File "E:/projects_by_myself/MeiWei/common/tcpSocket.py", line 65, in _acceptThread() 
[03] File "E:/Users/Administrator/AppData/Local/Programs/Python/Python38/lib/socket.py", line 292, in accept() 

name=MainThread, pid=14640, tid=1736
[01] File "run_all.py", line 60, in <module>() 
[02] File "E:/projects_by_myself/MeiWei/common/webutility.py", line 320, in run() 
[03] File "E:/Users/Administrator/AppData/Local/Programs/Python/Python38/lib/site-packages/bottle.py", line 3137, in run() 
[04] File "E:/Users/Administrator/AppData/Local/Programs/Python/Python38/lib/site-packages/bottle.py", line 2829, in run() 
[05] File "E:/Users/Administrator/AppData/Local/Programs/Python/Python38/lib/site-packages/paste/httpserver.py", line 1361, in serve() 
[06] File "E:/Users/Administrator/AppData/Local/Programs/Python/Python38/lib/site-packages/paste/httpserver.py", line 1107, in serve_forever() 
[07] File "E:/Users/Administrator/AppData/Local/Programs/Python/Python38/lib/socketserver.py", line 294, in handle_request() 
[08] File "E:/Users/Administrator/AppData/Local/Programs/Python/Python38/lib/selectors.py", line 323, in select() 
[09] File "E:/Users/Administrator/AppData/Local/Programs/Python/Python38/lib/selectors.py", line 314, in _select() 
[10] File "../common/utility.py", line 598, in exit() 
[11] File "E:/projects_by_myself/MeiWei/common/enhance.py", line 256, in getTrace() 
[12] File "E:/projects_by_myself/MeiWei/common/enhance.py", line 240, in getThreadStack()
[INFO]2021-04-20 16:48:55,277: lock info: count 0

try lock info: count 0
[ERROR]2021-04-20 16:48:55,279: user press Ctrl+C, print thread stack
[CRITICAL]2021-04-20 16:48:55,882: invoke timer func<function lock.<locals>.call.<locals>._call at 0x00000250BB112CA0> cause a error: name 'g_init' is not defined
pid=14640, ppid=10084, tid=10464
Traceback (most recent call last):
  File "..\common\mytimer.py", line 113, in _loop
    v.func(*v.args)
  File "..\common\lock.py", line 120, in _call
    return func(*p,**pp)
  File "E:\projects_by_myself\MeiWei\akmCtrl\runTasks01.py", line 45, in run
    if not g_init:
NameError: name 'g_init' is not defined

[INFO]2021-04-20 16:48:56,290: name=worker 9, pid=14640, tid=6228
[01] File "E:/Users/Administrator/AppData/Local/Programs/Python/Python38/lib/threading.py", line 870, in run() 
[02] File "E:/Users/Administrator/AppData/Local/Programs/Python/Python38/lib/site-packages/paste/httpserver.py", line 891, in worker_thread_callback() 
[03] File "E:/Users/Administrator/AppData/Local/Programs/Python/Python38/lib/queue.py", line 170, in get() 
[04] File "E:/Users/Administrator/AppData/Local/Programs/Python/Python38/lib/threading.py", line 302, in wait() 

name=worker 8, pid=14640, tid=4120
[01] File "E:/Users/Administrator/AppData/Local/Programs/Python/Python38/lib/threading.py", line 870, in run() 
[02] File "E:/Users/Administrator/AppData/Local/Programs/Python/Python38/lib/site-packages/paste/httpserver.py", line 891, in worker_thread_callback() 
[03] File "E:/Users/Administrator/AppData/Local/Programs/Python/Python38/lib/queue.py", line 170, in get() 
[04] File "E:/Users/Administrator/AppData/Local/Programs/Python/Python38/lib/threading.py", line 302, in wait() 

name=worker 7, pid=14640, tid=7064
[01] File "E:/Users/Administrator/AppData/Local/Programs/Python/Python38/lib/threading.py", line 870, in run() 
[02] File "E:/Users/Administrator/AppData/Local/Programs/Python/Python38/lib/site-packages/paste/httpserver.py", line 891, in worker_thread_callback() 
[03] File "E:/Users/Administrator/AppData/Local/Programs/Python/Python38/lib/queue.py", line 170, in get() 
[04] File "E:/Users/Administrator/AppData/Local/Programs/Python/Python38/lib/threading.py", line 302, in wait() 

name=worker 6, pid=14640, tid=16940
[01] File "E:/Users/Administrator/AppData/Local/Programs/Python/Python38/lib/threading.py", line 870, in run() 
[02] File "E:/Users/Administrator/AppData/Local/Programs/Python/Python38/lib/site-packages/paste/httpserver.py", line 891, in worker_thread_callback() 
[03] File "E:/Users/Administrator/AppData/Local/Programs/Python/Python38/lib/queue.py", line 170, in get() 
[04] File "E:/Users/Administrator/AppData/Local/Programs/Python/Python38/lib/threading.py", line 302, in wait() 

name=worker 5, pid=14640, tid=1316
[01] File "E:/Users/Administrator/AppData/Local/Programs/Python/Python38/lib/threading.py", line 870, in run() 
[02] File "E:/Users/Administrator/AppData/Local/Programs/Python/Python38/lib/site-packages/paste/httpserver.py", line 891, in worker_thread_callback() 
[03] File "E:/Users/Administrator/AppData/Local/Programs/Python/Python38/lib/queue.py", line 170, in get() 
[04] File "E:/Users/Administrator/AppData/Local/Programs/Python/Python38/lib/threading.py", line 302, in wait() 

name=worker 4, pid=14640, tid=18388
[01] File "E:/Users/Administrator/AppData/Local/Programs/Python/Python38/lib/threading.py", line 870, in run() 
[02] File "E:/Users/Administrator/AppData/Local/Programs/Python/Python38/lib/site-packages/paste/httpserver.py", line 891, in worker_thread_callback() 
[03] File "E:/Users/Administrator/AppData/Local/Programs/Python/Python38/lib/queue.py", line 170, in get() 
[04] File "E:/Users/Administrator/AppData/Local/Programs/Python/Python38/lib/threading.py", line 302, in wait() 

name=worker 3, pid=14640, tid=13080
[01] File "E:/Users/Administrator/AppData/Local/Programs/Python/Python38/lib/threading.py", line 870, in run() 
[02] File "E:/Users/Administrator/AppData/Local/Programs/Python/Python38/lib/site-packages/paste/httpserver.py", line 891, in worker_thread_callback() 
[03] File "E:/Users/Administrator/AppData/Local/Programs/Python/Python38/lib/queue.py", line 170, in get() 
[04] File "E:/Users/Administrator/AppData/Local/Programs/Python/Python38/lib/threading.py", line 302, in wait() 

name=worker 2, pid=14640, tid=10692
[01] File "E:/Users/Administrator/AppData/Local/Programs/Python/Python38/lib/threading.py", line 870, in run() 
[02] File "E:/Users/Administrator/AppData/Local/Programs/Python/Python38/lib/site-packages/paste/httpserver.py", line 891, in worker_thread_callback() 
[03] File "E:/Users/Administrator/AppData/Local/Programs/Python/Python38/lib/queue.py", line 170, in get() 
[04] File "E:/Users/Administrator/AppData/Local/Programs/Python/Python38/lib/threading.py", line 302, in wait() 

name=worker 1, pid=14640, tid=9924
[01] File "E:/Users/Administrator/AppData/Local/Programs/Python/Python38/lib/threading.py", line 870, in run() 
[02] File "E:/Users/Administrator/AppData/Local/Programs/Python/Python38/lib/site-packages/paste/httpserver.py", line 891, in worker_thread_callback() 
[03] File "E:/Users/Administrator/AppData/Local/Programs/Python/Python38/lib/queue.py", line 170, in get() 
[04] File "E:/Users/Administrator/AppData/Local/Programs/Python/Python38/lib/threading.py", line 302, in wait() 

name=worker 0, pid=14640, tid=3792
[01] File "E:/Users/Administrator/AppData/Local/Programs/Python/Python38/lib/threading.py", line 870, in run() 
[02] File "E:/Users/Administrator/AppData/Local/Programs/Python/Python38/lib/site-packages/paste/httpserver.py", line 891, in worker_thread_callback() 
[03] File "E:/Users/Administrator/AppData/Local/Programs/Python/Python38/lib/queue.py", line 170, in get() 
[04] File "E:/Users/Administrator/AppData/Local/Programs/Python/Python38/lib/threading.py", line 302, in wait() 

name=timer_thread, pid=14640, tid=10464
[01] File "E:/Users/Administrator/AppData/Local/Programs/Python/Python38/lib/threading.py", line 870, in run() 
[02] File "../common/mytimer.py", line 117, in _loop() 

name=agvThread2.AGV30, pid=14640, tid=18028
[01] File "E:/Users/Administrator/AppData/Local/Programs/Python/Python38/lib/threading.py", line 870, in run() 
[02] File "E:/projects_by_myself/MeiWei/agvCtrl/agvList.py", line 601, in run2() 

name=agvThread.AGV30, pid=14640, tid=6164
[01] File "E:/Users/Administrator/AppData/Local/Programs/Python/Python38/lib/threading.py", line 870, in run() 
[02] File "E:/projects_by_myself/MeiWei/agvCtrl/agvList.py", line 589, in run() 

name=timer_thread, pid=14640, tid=14176
[01] File "E:/Users/Administrator/AppData/Local/Programs/Python/Python38/lib/threading.py", line 870, in run() 
[02] File "E:/projects_by_myself/MeiWei/common/mytimer.py", line 117, in _loop() 

name=Thread-1, pid=14640, tid=11576
[01] File "E:/Users/Administrator/AppData/Local/Programs/Python/Python38/lib/threading.py", line 870, in run() 
[02] File "E:/projects_by_myself/MeiWei/agvCtrl/main_agv.py", line 328, in showThread() 
[03] File "E:/projects_by_myself/MeiWei/agvCtrl/agvControl.py", line 1345, in show() 
[04] File "E:/projects_by_myself/MeiWei/agvCtrl/mainFrame.py", line 236, in show() 

name=door.desai-all-20191223.ping, pid=14640, tid=6160
[01] File "E:/Users/Administrator/AppData/Local/Programs/Python/Python38/lib/threading.py", line 870, in run() 
[02] File "E:/projects_by_myself/MeiWei/agvCtrl/doorMgr.py", line 194, in check() 

name=door.desai-all-20191223, pid=14640, tid=15060
[01] File "E:/Users/Administrator/AppData/Local/Programs/Python/Python38/lib/threading.py", line 870, in run() 
[02] File "E:/projects_by_myself/MeiWei/agvCtrl/doorMgr.py", line 185, in run() 

name=door.akmsmtMap.ping, pid=14640, tid=1876
[01] File "E:/Users/Administrator/AppData/Local/Programs/Python/Python38/lib/threading.py", line 870, in run() 
[02] File "E:/projects_by_myself/MeiWei/agvCtrl/doorMgr.py", line 194, in check() 

name=door.akmsmtMap, pid=14640, tid=15068
[01] File "E:/Users/Administrator/AppData/Local/Programs/Python/Python38/lib/threading.py", line 870, in run() 
[02] File "E:/projects_by_myself/MeiWei/agvCtrl/doorMgr.py", line 185, in run() 

name=door.akmsmt.ping, pid=14640, tid=1052
[01] File "E:/Users/Administrator/AppData/Local/Programs/Python/Python38/lib/threading.py", line 870, in run() 
[02] File "E:/projects_by_myself/MeiWei/agvCtrl/doorMgr.py", line 194, in check() 

name=door.akmsmt, pid=14640, tid=544
[01] File "E:/Users/Administrator/AppData/Local/Programs/Python/Python38/lib/threading.py", line 870, in run() 
[02] File "E:/projects_by_myself/MeiWei/agvCtrl/doorMgr.py", line 185, in run() 

name=elevator.keep, pid=14640, tid=9920
[01] File "E:/Users/Administrator/AppData/Local/Programs/Python/Python38/lib/threading.py", line 870, in run() 
[02] File "E:/projects_by_myself/MeiWei/agvCtrl/elevatorMgr.py", line 497, in keepOpenThread() 

name=door.AKM2F.ping, pid=14640, tid=13496
[01] File "E:/Users/Administrator/AppData/Local/Programs/Python/Python38/lib/threading.py", line 870, in run() 
[02] File "E:/projects_by_myself/MeiWei/agvCtrl/doorMgr.py", line 194, in check() 

name=door.AKM2F, pid=14640, tid=10440
[01] File "E:/Users/Administrator/AppData/Local/Programs/Python/Python38/lib/threading.py", line 870, in run() 
[02] File "E:/projects_by_myself/MeiWei/agvCtrl/doorMgr.py", line 185, in run() 

name=pymongo_kill_cursors_thread, pid=14640, tid=7852
[01] File "E:/Users/Administrator/AppData/Local/Programs/Python/Python38/lib/threading.py", line 870, in run() 
[02] File "E:/Users/Administrator/AppData/Local/Programs/Python/Python38/lib/site-packages/pymongo/periodic_executor.py", line 140, in _run() 

name=pymongo_server_monitor_thread, pid=14640, tid=14540
[01] File "E:/Users/Administrator/AppData/Local/Programs/Python/Python38/lib/threading.py", line 870, in run() 
[02] File "E:/Users/Administrator/AppData/Local/Programs/Python/Python38/lib/site-packages/pymongo/periodic_executor.py", line 140, in _run() 

name=tcplisten.port_6789, pid=14640, tid=5100
[01] File "E:/Users/Administrator/AppData/Local/Programs/Python/Python38/lib/threading.py", line 870, in run() 
[02] File "E:/projects_by_myself/MeiWei/common/tcpSocket.py", line 65, in _acceptThread() 
[03] File "E:/Users/Administrator/AppData/Local/Programs/Python/Python38/lib/socket.py", line 292, in accept() 

name=MainThread, pid=14640, tid=1736
[01] File "run_all.py", line 60, in <module>() 
[02] File "E:/projects_by_myself/MeiWei/common/webutility.py", line 320, in run() 
[03] File "E:/Users/Administrator/AppData/Local/Programs/Python/Python38/lib/site-packages/bottle.py", line 3137, in run() 
[04] File "E:/Users/Administrator/AppData/Local/Programs/Python/Python38/lib/site-packages/bottle.py", line 2829, in run() 
[05] File "E:/Users/Administrator/AppData/Local/Programs/Python/Python38/lib/site-packages/paste/httpserver.py", line 1361, in serve() 
[06] File "E:/Users/Administrator/AppData/Local/Programs/Python/Python38/lib/site-packages/paste/httpserver.py", line 1107, in serve_forever() 
[07] File "E:/Users/Administrator/AppData/Local/Programs/Python/Python38/lib/socketserver.py", line 294, in handle_request() 
[08] File "E:/Users/Administrator/AppData/Local/Programs/Python/Python38/lib/selectors.py", line 323, in select() 
[09] File "E:/Users/Administrator/AppData/Local/Programs/Python/Python38/lib/selectors.py", line 314, in _select() 
[10] File "../common/utility.py", line 598, in exit() 
[11] File "E:/projects_by_myself/MeiWei/common/enhance.py", line 256, in getTrace() 
[12] File "E:/projects_by_myself/MeiWei/common/enhance.py", line 240, in getThreadStack()
[INFO]2021-04-20 16:48:56,297: lock info: count 0

try lock info: count 0
[ERROR]2021-04-20 16:48:56,298: user press Ctrl+C, print thread stack
[INFO]2021-04-20 16:48:57,329: name=worker 9, pid=14640, tid=6228
[01] File "E:/Users/Administrator/AppData/Local/Programs/Python/Python38/lib/threading.py", line 870, in run() 
[02] File "E:/Users/Administrator/AppData/Local/Programs/Python/Python38/lib/site-packages/paste/httpserver.py", line 891, in worker_thread_callback() 
[03] File "E:/Users/Administrator/AppData/Local/Programs/Python/Python38/lib/queue.py", line 170, in get() 
[04] File "E:/Users/Administrator/AppData/Local/Programs/Python/Python38/lib/threading.py", line 302, in wait() 

name=worker 8, pid=14640, tid=4120
[01] File "E:/Users/Administrator/AppData/Local/Programs/Python/Python38/lib/threading.py", line 870, in run() 
[02] File "E:/Users/Administrator/AppData/Local/Programs/Python/Python38/lib/site-packages/paste/httpserver.py", line 891, in worker_thread_callback() 
[03] File "E:/Users/Administrator/AppData/Local/Programs/Python/Python38/lib/queue.py", line 170, in get() 
[04] File "E:/Users/Administrator/AppData/Local/Programs/Python/Python38/lib/threading.py", line 302, in wait() 

name=worker 7, pid=14640, tid=7064
[01] File "E:/Users/Administrator/AppData/Local/Programs/Python/Python38/lib/threading.py", line 870, in run() 
[02] File "E:/Users/Administrator/AppData/Local/Programs/Python/Python38/lib/site-packages/paste/httpserver.py", line 891, in worker_thread_callback() 
[03] File "E:/Users/Administrator/AppData/Local/Programs/Python/Python38/lib/queue.py", line 170, in get() 
[04] File "E:/Users/Administrator/AppData/Local/Programs/Python/Python38/lib/threading.py", line 302, in wait() 

name=worker 6, pid=14640, tid=16940
[01] File "E:/Users/Administrator/AppData/Local/Programs/Python/Python38/lib/threading.py", line 870, in run() 
[02] File "E:/Users/Administrator/AppData/Local/Programs/Python/Python38/lib/site-packages/paste/httpserver.py", line 891, in worker_thread_callback() 
[03] File "E:/Users/Administrator/AppData/Local/Programs/Python/Python38/lib/queue.py", line 170, in get() 
[04] File "E:/Users/Administrator/AppData/Local/Programs/Python/Python38/lib/threading.py", line 302, in wait() 

name=worker 5, pid=14640, tid=1316
[01] File "E:/Users/Administrator/AppData/Local/Programs/Python/Python38/lib/threading.py", line 870, in run() 
[02] File "E:/Users/Administrator/AppData/Local/Programs/Python/Python38/lib/site-packages/paste/httpserver.py", line 891, in worker_thread_callback() 
[03] File "E:/Users/Administrator/AppData/Local/Programs/Python/Python38/lib/queue.py", line 170, in get() 
[04] File "E:/Users/Administrator/AppData/Local/Programs/Python/Python38/lib/threading.py", line 302, in wait() 

name=worker 4, pid=14640, tid=18388
[01] File "E:/Users/Administrator/AppData/Local/Programs/Python/Python38/lib/threading.py", line 870, in run() 
[02] File "E:/Users/Administrator/AppData/Local/Programs/Python/Python38/lib/site-packages/paste/httpserver.py", line 891, in worker_thread_callback() 
[03] File "E:/Users/Administrator/AppData/Local/Programs/Python/Python38/lib/queue.py", line 170, in get() 
[04] File "E:/Users/Administrator/AppData/Local/Programs/Python/Python38/lib/threading.py", line 302, in wait() 

name=worker 3, pid=14640, tid=13080
[01] File "E:/Users/Administrator/AppData/Local/Programs/Python/Python38/lib/threading.py", line 870, in run() 
[02] File "E:/Users/Administrator/AppData/Local/Programs/Python/Python38/lib/site-packages/paste/httpserver.py", line 891, in worker_thread_callback() 
[03] File "E:/Users/Administrator/AppData/Local/Programs/Python/Python38/lib/queue.py", line 170, in get() 
[04] File "E:/Users/Administrator/AppData/Local/Programs/Python/Python38/lib/threading.py", line 302, in wait() 

name=worker 2, pid=14640, tid=10692
[01] File "E:/Users/Administrator/AppData/Local/Programs/Python/Python38/lib/threading.py", line 870, in run() 
[02] File "E:/Users/Administrator/AppData/Local/Programs/Python/Python38/lib/site-packages/paste/httpserver.py", line 891, in worker_thread_callback() 
[03] File "E:/Users/Administrator/AppData/Local/Programs/Python/Python38/lib/queue.py", line 170, in get() 
[04] File "E:/Users/Administrator/AppData/Local/Programs/Python/Python38/lib/threading.py", line 302, in wait() 

name=worker 1, pid=14640, tid=9924
[01] File "E:/Users/Administrator/AppData/Local/Programs/Python/Python38/lib/threading.py", line 870, in run() 
[02] File "E:/Users/Administrator/AppData/Local/Programs/Python/Python38/lib/site-packages/paste/httpserver.py", line 891, in worker_thread_callback() 
[03] File "E:/Users/Administrator/AppData/Local/Programs/Python/Python38/lib/queue.py", line 170, in get() 
[04] File "E:/Users/Administrator/AppData/Local/Programs/Python/Python38/lib/threading.py", line 302, in wait() 

name=worker 0, pid=14640, tid=3792
[01] File "E:/Users/Administrator/AppData/Local/Programs/Python/Python38/lib/threading.py", line 870, in run() 
[02] File "E:/Users/Administrator/AppData/Local/Programs/Python/Python38/lib/site-packages/paste/httpserver.py", line 891, in worker_thread_callback() 
[03] File "E:/Users/Administrator/AppData/Local/Programs/Python/Python38/lib/queue.py", line 170, in get() 
[04] File "E:/Users/Administrator/AppData/Local/Programs/Python/Python38/lib/threading.py", line 302, in wait() 

name=timer_thread, pid=14640, tid=10464
[01] File "E:/Users/Administrator/AppData/Local/Programs/Python/Python38/lib/threading.py", line 870, in run() 
[02] File "../common/mytimer.py", line 117, in _loop() 

name=agvThread2.AGV30, pid=14640, tid=18028
[01] File "E:/Users/Administrator/AppData/Local/Programs/Python/Python38/lib/threading.py", line 870, in run() 
[02] File "E:/projects_by_myself/MeiWei/agvCtrl/agvList.py", line 601, in run2() 

name=agvThread.AGV30, pid=14640, tid=6164
[01] File "E:/Users/Administrator/AppData/Local/Programs/Python/Python38/lib/threading.py", line 870, in run() 
[02] File "E:/projects_by_myself/MeiWei/agvCtrl/agvList.py", line 589, in run() 

name=timer_thread, pid=14640, tid=14176
[01] File "E:/Users/Administrator/AppData/Local/Programs/Python/Python38/lib/threading.py", line 870, in run() 
[02] File "E:/projects_by_myself/MeiWei/common/mytimer.py", line 117, in _loop() 

name=Thread-1, pid=14640, tid=11576
[01] File "E:/Users/Administrator/AppData/Local/Programs/Python/Python38/lib/threading.py", line 870, in run() 
[02] File "E:/projects_by_myself/MeiWei/agvCtrl/main_agv.py", line 328, in showThread() 
[03] File "E:/projects_by_myself/MeiWei/agvCtrl/agvControl.py", line 1345, in show() 
[04] File "E:/projects_by_myself/MeiWei/agvCtrl/mainFrame.py", line 236, in show() 

name=door.desai-all-20191223.ping, pid=14640, tid=6160
[01] File "E:/Users/Administrator/AppData/Local/Programs/Python/Python38/lib/threading.py", line 870, in run() 
[02] File "E:/projects_by_myself/MeiWei/agvCtrl/doorMgr.py", line 194, in check() 

name=door.desai-all-20191223, pid=14640, tid=15060
[01] File "E:/Users/Administrator/AppData/Local/Programs/Python/Python38/lib/threading.py", line 870, in run() 
[02] File "E:/projects_by_myself/MeiWei/agvCtrl/doorMgr.py", line 185, in run() 

name=door.akmsmtMap.ping, pid=14640, tid=1876
[01] File "E:/Users/Administrator/AppData/Local/Programs/Python/Python38/lib/threading.py", line 870, in run() 
[02] File "E:/projects_by_myself/MeiWei/agvCtrl/doorMgr.py", line 194, in check() 

name=door.akmsmtMap, pid=14640, tid=15068
[01] File "E:/Users/Administrator/AppData/Local/Programs/Python/Python38/lib/threading.py", line 870, in run() 
[02] File "E:/projects_by_myself/MeiWei/agvCtrl/doorMgr.py", line 185, in run() 

name=door.akmsmt.ping, pid=14640, tid=1052
[01] File "E:/Users/Administrator/AppData/Local/Programs/Python/Python38/lib/threading.py", line 870, in run() 
[02] File "E:/projects_by_myself/MeiWei/agvCtrl/doorMgr.py", line 194, in check() 

name=door.akmsmt, pid=14640, tid=544
[01] File "E:/Users/Administrator/AppData/Local/Programs/Python/Python38/lib/threading.py", line 870, in run() 
[02] File "E:/projects_by_myself/MeiWei/agvCtrl/doorMgr.py", line 185, in run() 

name=elevator.keep, pid=14640, tid=9920
[01] File "E:/Users/Administrator/AppData/Local/Programs/Python/Python38/lib/threading.py", line 870, in run() 
[02] File "E:/projects_by_myself/MeiWei/agvCtrl/elevatorMgr.py", line 497, in keepOpenThread() 

name=door.AKM2F.ping, pid=14640, tid=13496
[01] File "E:/Users/Administrator/AppData/Local/Programs/Python/Python38/lib/threading.py", line 870, in run() 
[02] File "E:/projects_by_myself/MeiWei/agvCtrl/doorMgr.py", line 194, in check() 

name=door.AKM2F, pid=14640, tid=10440
[01] File "E:/Users/Administrator/AppData/Local/Programs/Python/Python38/lib/threading.py", line 870, in run() 
[02] File "E:/projects_by_myself/MeiWei/agvCtrl/doorMgr.py", line 185, in run() 

name=pymongo_kill_cursors_thread, pid=14640, tid=7852
[01] File "E:/Users/Administrator/AppData/Local/Programs/Python/Python38/lib/threading.py", line 870, in run() 
[02] File "E:/Users/Administrator/AppData/Local/Programs/Python/Python38/lib/site-packages/pymongo/periodic_executor.py", line 140, in _run() 

name=pymongo_server_monitor_thread, pid=14640, tid=14540
[01] File "E:/Users/Administrator/AppData/Local/Programs/Python/Python38/lib/threading.py", line 870, in run() 
[02] File "E:/Users/Administrator/AppData/Local/Programs/Python/Python38/lib/site-packages/pymongo/periodic_executor.py", line 140, in _run() 

name=tcplisten.port_6789, pid=14640, tid=5100
[01] File "E:/Users/Administrator/AppData/Local/Programs/Python/Python38/lib/threading.py", line 870, in run() 
[02] File "E:/projects_by_myself/MeiWei/common/tcpSocket.py", line 65, in _acceptThread() 
[03] File "E:/Users/Administrator/AppData/Local/Programs/Python/Python38/lib/socket.py", line 292, in accept() 

name=MainThread, pid=14640, tid=1736
[01] File "run_all.py", line 60, in <module>() 
[02] File "E:/projects_by_myself/MeiWei/common/webutility.py", line 320, in run() 
[03] File "E:/Users/Administrator/AppData/Local/Programs/Python/Python38/lib/site-packages/bottle.py", line 3137, in run() 
[04] File "E:/Users/Administrator/AppData/Local/Programs/Python/Python38/lib/site-packages/bottle.py", line 2829, in run() 
[05] File "E:/Users/Administrator/AppData/Local/Programs/Python/Python38/lib/site-packages/paste/httpserver.py", line 1361, in serve() 
[06] File "E:/Users/Administrator/AppData/Local/Programs/Python/Python38/lib/site-packages/paste/httpserver.py", line 1107, in serve_forever() 
[07] File "E:/Users/Administrator/AppData/Local/Programs/Python/Python38/lib/socketserver.py", line 294, in handle_request() 
[08] File "E:/Users/Administrator/AppData/Local/Programs/Python/Python38/lib/selectors.py", line 323, in select() 
[09] File "E:/Users/Administrator/AppData/Local/Programs/Python/Python38/lib/selectors.py", line 314, in _select() 
[10] File "../common/utility.py", line 598, in exit() 
[11] File "E:/projects_by_myself/MeiWei/common/enhance.py", line 256, in getTrace() 
[12] File "E:/projects_by_myself/MeiWei/common/enhance.py", line 240, in getThreadStack()
[INFO]2021-04-20 16:48:57,342: lock info: count 0

try lock info: count 0
[ERROR]2021-04-20 16:48:57,343: user press Ctrl+C, system quit!
[INFO]2021-04-20 16:48:57,392: log files at E:\projects_by_myself\MeiWei\common\log
[INFO]2021-04-20 16:48:57,392: log files at E:\projects_by_myself\MeiWei\common\log
[WARNING]2021-04-20 16:48:57,394: runTask:stop save file
[WARNING]2021-04-20 16:48:57,394: runTask:stop save file
[ERROR]2021-04-20 16:48:57,396: process exited, living 0:00:11.771766 seconds
[ERROR]2021-04-20 16:48:57,396: process exited, living 0:00:11.771766 seconds
