[INFO]2021-06-08 11:11:51,547: log files at C:\Users\Administrator\Desktop\SVN\美维\MeiWei_back_0421\common\log
[INFO]2021-06-08 11:11:51,548: find module account.main_account
[INFO]2021-06-08 11:11:51,549: find module agvCtrl.main_agv
[INFO]2021-06-08 11:11:51,550: find module agvDevice.main_agvDevice
[INFO]2021-06-08 11:11:51,551: find module akmCtrl.main_akmCtrl
[INFO]2021-06-08 11:11:51,551: find module alarm.main_alarm
[INFO]2021-06-08 11:11:51,551: find module auth.main_auth
[INFO]2021-06-08 11:11:51,552: find module door.main_door
[INFO]2021-06-08 11:11:51,552: find module elevator.main_elevator
[INFO]2021-06-08 11:11:51,556: find module feed.main_feed
[INFO]2021-06-08 11:11:51,557: find module remoteio.main_remoteio
[INFO]2021-06-08 11:11:51,558: import account.main_account
[INFO]2021-06-08 11:11:51,697: import agvCtrl.main_agv
[INFO]2021-06-08 11:11:52,025: create lock <lock name:doorMgr.lock,<unlocked _thread.RLock object owner=0 count=0 at 0x000001AC6649EDA0>>
[INFO]2021-06-08 11:11:52,040: create lock <lock name:door.lock,<unlocked _thread.RLock object owner=0 count=0 at 0x000001AC664E40A8>>
[INFO]2021-06-08 11:11:52,164: create lock <lock name:timer.lock_1839966125696,<unlocked _thread.RLock object owner=0 count=0 at 0x000001AC66806C38>>
[ERROR]2021-06-08 11:11:52,179: mqtt is disabled
[INFO]2021-06-08 11:11:52,180: mqtt: subscribe [alarm/raise/+]
[INFO]2021-06-08 11:11:52,180: mqtt: subscribe [alarm/clear/+]
[INFO]2021-06-08 11:11:55,224: Mongodb connect to 127.0.0.1 port 27017
[INFO]2021-06-08 11:11:55,282: create lock <lock name:elevatorMgr.lock,<unlocked _thread.RLock object owner=0 count=0 at 0x000001AC66AD50F8>>
[WARNING]2021-06-08 11:11:55,318: use mockAgvCtrl
[INFO]2021-06-08 11:11:55,327: create lock <lock name:mapMgr.lock,<unlocked _thread.RLock object owner=0 count=0 at 0x000001AC64CDDC88>>
[INFO]2021-06-08 11:11:55,755: create lock <lock name:agvList.g_agvLock,<unlocked _thread.RLock object owner=0 count=0 at 0x000001AC66B85058>>
[INFO]2021-06-08 11:11:55,761: create lock <lock name:taskList.lock,<unlocked _thread.RLock object owner=0 count=0 at 0x000001AC66B85F80>>
[INFO]2021-06-08 11:11:55,829: charge policy 1 , fix time
[INFO]2021-06-08 11:11:55,875: create lock <lock name:agvApi.g_lock,<unlocked _thread.RLock object owner=0 count=0 at 0x000001AC66C000F8>>
[INFO]2021-06-08 11:11:56,786: start load map C:\Users\Administrator\Desktop\SVN\美维\MeiWei_back_0421\agvCtrl\projects\test\AKM2F.smap
[DEBUG]2021-06-08 11:11:57,042: elevator thread start
[INFO]2021-06-08 11:11:57,109: load map C:\Users\Administrator\Desktop\SVN\美维\MeiWei_back_0421\agvCtrl\projects\test\AKM2F.smap ,used 342 ms
[INFO]2021-06-08 11:11:57,142: start load map C:\Users\Administrator\Desktop\SVN\美维\MeiWei_back_0421\agvCtrl\projects\test\akmsmt.smap
[INFO]2021-06-08 11:11:57,268: load map C:\Users\Administrator\Desktop\SVN\美维\MeiWei_back_0421\agvCtrl\projects\test\akmsmt.smap ,used 155 ms
[INFO]2021-06-08 11:11:57,300: start load map C:\Users\Administrator\Desktop\SVN\美维\MeiWei_back_0421\agvCtrl\projects\test\akmsmtMap.smap
[INFO]2021-06-08 11:11:57,467: load map C:\Users\Administrator\Desktop\SVN\美维\MeiWei_back_0421\agvCtrl\projects\test\akmsmtMap.smap ,used 194 ms
[INFO]2021-06-08 11:11:57,482: start load map C:\Users\Administrator\Desktop\SVN\美维\MeiWei_back_0421\agvCtrl\projects\test\desai-all-20191223.smap
[INFO]2021-06-08 11:11:57,657: load map C:\Users\Administrator\Desktop\SVN\美维\MeiWei_back_0421\agvCtrl\projects\test\desai-all-20191223.smap ,used 187 ms
[INFO]2021-06-08 11:11:57,673: start load map C:\Users\Administrator\Desktop\SVN\美维\MeiWei_back_0421\agvCtrl\projects\test\meiwei423.smap
[INFO]2021-06-08 11:11:57,832: load map C:\Users\Administrator\Desktop\SVN\美维\MeiWei_back_0421\agvCtrl\projects\test\meiwei423.smap ,used 173 ms
[INFO]2021-06-08 11:11:57,845: start load map C:\Users\Administrator\Desktop\SVN\美维\MeiWei_back_0421\agvCtrl\projects\test\meiwei428.smap
[INFO]2021-06-08 11:11:57,957: load map C:\Users\Administrator\Desktop\SVN\美维\MeiWei_back_0421\agvCtrl\projects\test\meiwei428.smap ,used 123 ms
[INFO]2021-06-08 11:11:57,966: import agvDevice.main_agvDevice
[INFO]2021-06-08 11:11:57,967: import akmCtrl.main_akmCtrl
[INFO]2021-06-08 11:11:58,053: create lock <lock name:runTasks.g_lock,<unlocked _thread.RLock object owner=0 count=0 at 0x000001AC6709D1C0>>
[INFO]2021-06-08 11:11:58,085: create lock <lock name:agvApi.g_lock,<unlocked _thread.RLock object owner=0 count=0 at 0x000001AC671445F8>>
[INFO]2021-06-08 11:11:58,148: create lock <lock name:runTasks.pre_lock,<unlocked _thread.RLock object owner=0 count=0 at 0x000001AC67076C10>>
[INFO]2021-06-08 11:11:58,160: create lock <lock name:timer.lock_1839973317488,<unlocked _thread.RLock object owner=0 count=0 at 0x000001AC6705B3C8>>
[INFO]2021-06-08 11:11:58,168: create lock <lock name:mapMgr.lock,<unlocked _thread.RLock object owner=0 count=0 at 0x000001AC658D2288>>
[INFO]2021-06-08 11:11:58,300: import alarm.main_alarm
[INFO]2021-06-08 11:11:58,308: import auth.main_auth
[INFO]2021-06-08 11:11:59,940: import door.main_door
[INFO]2021-06-08 11:11:59,985: import elevator.main_elevator
[INFO]2021-06-08 11:12:00,023: create lock <lock name:elevatorApi.g_lock,<unlocked _thread.RLock object owner=0 count=0 at 0x000001AC658D2D78>>
[INFO]2021-06-08 11:12:00,032: import feed.main_feed
[INFO]2021-06-08 11:12:00,076: IP: 127.0.0.1 port: 10001
[INFO]2021-06-08 11:12:00,080: ------------准备start--------
[INFO]2021-06-08 11:12:00,082: <tcpSocket.server object at 0x000001AC67EF5470>
[INFO]2021-06-08 11:12:00,083: import remoteio.main_remoteio
[SUCC]2021-06-08 11:12:00,102: utility start, pid=2784, ppid=4744
[DEBUG]2021-06-08 11:12:00,103: start timer
[INFO]2021-06-08 11:12:00,115: load agv file: C:\Users\Administrator\Desktop\SVN\美维\MeiWei_back_0421\agvCtrl/projects/test/agv.cfg
[INFO]2021-06-08 11:12:00,117: create lock <lock name:agvList.AGV30.lock,<unlocked _thread.RLock object owner=0 count=0 at 0x000001AC67FAE350>>
[DEBUG]2021-06-08 11:12:00,120: create aliveObj AGV30 AGV离线异常 timeout 300
[INFO]2021-06-08 11:12:00,122: AGV30 start agvList run thread
[INFO]2021-06-08 11:12:00,123: AGV30 start agvList run2 thread
[ERROR]2021-06-08 11:12:00,132: agv check init error False
[DEBUG]2021-06-08 11:12:00,134: start timer
[INFO]2021-06-08 11:12:00,143: add_ignore: taskStatus
[INFO]2021-06-08 11:12:00,145: add_ignore: api/elevator/status
[INFO]2021-06-08 11:12:00,157: add_ignore: scada/getTask
[INFO]2021-06-08 11:12:00,639: AGV30 current map meiwei428
[INFO]2021-06-08 11:12:00,645: AGV30 is online
[DEBUG]2021-06-08 11:12:00,660: GET: http://127.0.0.1:5551/api/agv/init?appName=MeiWeiTask addr: 127.0.0.1
[INFO]2021-06-08 11:12:00,668: MeiWeiTask init client agvApi
[DEBUG]2021-06-08 11:12:00,681: used 21ms 200 OK application/json;charset=utf-8, GET: http://127.0.0.1:5551/api/agv/init?appName=MeiWeiTask
[DEBUG]2021-06-08 11:12:03,893: GET: http://127.0.0.1:5551/api/agv/startCharge?appName=MeiWeiTask addr: 127.0.0.1
[DEBUG]2021-06-08 11:12:03,986: used 93ms 200 OK application/json;charset=utf-8, GET: http://127.0.0.1:5551/api/agv/startCharge?appName=MeiWeiTask
[WARNING]2021-06-08 11:12:04,176: timer_thread[tid:17548] <lock name:runTasks.g_lock,<locked _thread.RLock object owner=17548 count=1 at 0x000001AC6709D1C0>> ,hold 4039 ms
[INFO]2021-06-08 11:12:04,354: name=timer_thread, pid=2784, tid=17548
[01] File "C:/Python37/lib/threading.py", line 865, in run() 
[02] File "../common/mytimer.py", line 113, in _loop() 
[03] File "../common/lock.py", line 122, in _call() 
[04] File "../common/lock.py", line 100, in release() 
[05] File "C:/Users/Administrator/Desktop/SVN/美维/MeiWei_back_0421/common/enhance.py", line 258, in getTrace() 
[06] File "C:/Users/Administrator/Desktop/SVN/美维/MeiWei_back_0421/common/enhance.py", line 240, in getThreadStack()
[CRITICAL]2021-06-08 11:12:10,195: ======ooooo cause a error: timed out
pid=2784, ppid=4744, tid=17324
Traceback (most recent call last):
  File "C:\Users\Administrator\Desktop\SVN\美维\MeiWei_back_0421\common\tcpSocket.py", line 67, in _acceptThread
    sock,addr = self._socket.accept()
  File "C:\Python37\lib\socket.py", line 212, in accept
    fd, addr = self._accept()
socket.timeout: timed out

[CRITICAL]2021-06-08 11:12:20,421: ======ooooo cause a error: timed out
pid=2784, ppid=4744, tid=17324
Traceback (most recent call last):
  File "C:\Users\Administrator\Desktop\SVN\美维\MeiWei_back_0421\common\tcpSocket.py", line 67, in _acceptThread
    sock,addr = self._socket.accept()
  File "C:\Python37\lib\socket.py", line 212, in accept
    fd, addr = self._accept()
socket.timeout: timed out

