[INFO]2021-06-10 23:21:37,945: log files at C:\Users\Administrator\Desktop\SVN\美维\MeiWei_back_0421\common\log
[INFO]2021-06-10 23:21:37,946: find module account.main_account
[INFO]2021-06-10 23:21:37,947: find module agvCtrl.main_agv
[INFO]2021-06-10 23:21:37,948: find module agvDevice.main_agvDevice
[INFO]2021-06-10 23:21:37,949: find module akmCtrl.main_akmCtrl
[INFO]2021-06-10 23:21:37,949: find module alarm.main_alarm
[INFO]2021-06-10 23:21:37,950: find module auth.main_auth
[INFO]2021-06-10 23:21:37,950: find module door.main_door
[INFO]2021-06-10 23:21:37,950: find module elevator.main_elevator
[INFO]2021-06-10 23:21:37,951: find module feed.main_feed
[INFO]2021-06-10 23:21:37,951: find module remoteio.main_remoteio
[INFO]2021-06-10 23:21:37,951: import account.main_account
[INFO]2021-06-10 23:21:38,042: import agvCtrl.main_agv
[INFO]2021-06-10 23:21:38,341: create lock <lock name:doorMgr.lock,<unlocked _thread.RLock object owner=0 count=0 at 0x000002549413EDA0>>
[INFO]2021-06-10 23:21:38,342: ------acceptCallback-------------->>>> add
[INFO]2021-06-10 23:21:38,343: -------------------self._listenThread------------- <Thread(tcplisten.port_6789, initial)>
[INFO]2021-06-10 23:21:38,344: ----------------------------------try---------------------
[INFO]2021-06-10 23:21:38,358: create lock <lock name:door.lock,<unlocked _thread.RLock object owner=0 count=0 at 0x000002549413EF08>>
[INFO]2021-06-10 23:21:38,453: create lock <lock name:timer.lock_2562288885832,<unlocked _thread.RLock object owner=0 count=0 at 0x00000254944B3BC0>>
[ERROR]2021-06-10 23:21:38,468: mqtt is disabled
[INFO]2021-06-10 23:21:38,469: mqtt: subscribe [alarm/raise/+]
[INFO]2021-06-10 23:21:38,470: mqtt: subscribe [alarm/clear/+]
[INFO]2021-06-10 23:21:41,512: Mongodb connect to 127.0.0.1 port 27017
[INFO]2021-06-10 23:21:41,538: create lock <lock name:elevatorMgr.lock,<unlocked _thread.RLock object owner=0 count=0 at 0x0000025494777058>>
[WARNING]2021-06-10 23:21:41,550: use mockAgvCtrl
[INFO]2021-06-10 23:21:41,553: create lock <lock name:mapMgr.lock,<unlocked _thread.RLock object owner=0 count=0 at 0x000002549297EC88>>
[INFO]2021-06-10 23:21:41,854: create lock <lock name:agvList.g_agvLock,<unlocked _thread.RLock object owner=0 count=0 at 0x00000254948290A8>>
[INFO]2021-06-10 23:21:41,859: create lock <lock name:taskList.lock,<unlocked _thread.RLock object owner=0 count=0 at 0x0000025494829F08>>
[INFO]2021-06-10 23:21:41,926: charge policy 1 , fix time
[INFO]2021-06-10 23:21:41,964: create lock <lock name:agvApi.g_lock,<unlocked _thread.RLock object owner=0 count=0 at 0x00000254948A33C8>>
[INFO]2021-06-10 23:21:42,610: start load map C:\Users\Administrator\Desktop\SVN\美维\MeiWei_back_0421\agvCtrl\projects\test\AKM2F.smap
[DEBUG]2021-06-10 23:21:42,713: elevator thread start
[INFO]2021-06-10 23:21:42,732: load map C:\Users\Administrator\Desktop\SVN\美维\MeiWei_back_0421\agvCtrl\projects\test\AKM2F.smap ,used 131 ms
[INFO]2021-06-10 23:21:42,741: start load map C:\Users\Administrator\Desktop\SVN\美维\MeiWei_back_0421\agvCtrl\projects\test\akmsmt.smap
[INFO]2021-06-10 23:21:42,795: load map C:\Users\Administrator\Desktop\SVN\美维\MeiWei_back_0421\agvCtrl\projects\test\akmsmt.smap ,used 62 ms
[INFO]2021-06-10 23:21:42,807: start load map C:\Users\Administrator\Desktop\SVN\美维\MeiWei_back_0421\agvCtrl\projects\test\akmsmtMap.smap
[INFO]2021-06-10 23:21:42,935: load map C:\Users\Administrator\Desktop\SVN\美维\MeiWei_back_0421\agvCtrl\projects\test\akmsmtMap.smap ,used 138 ms
[INFO]2021-06-10 23:21:42,945: start load map C:\Users\Administrator\Desktop\SVN\美维\MeiWei_back_0421\agvCtrl\projects\test\desai-all-20191223.smap
[INFO]2021-06-10 23:21:43,080: load map C:\Users\Administrator\Desktop\SVN\美维\MeiWei_back_0421\agvCtrl\projects\test\desai-all-20191223.smap ,used 144 ms
[INFO]2021-06-10 23:21:43,091: start load map C:\Users\Administrator\Desktop\SVN\美维\MeiWei_back_0421\agvCtrl\projects\test\meiwei423.smap
[INFO]2021-06-10 23:21:43,159: load map C:\Users\Administrator\Desktop\SVN\美维\MeiWei_back_0421\agvCtrl\projects\test\meiwei423.smap ,used 77 ms
[INFO]2021-06-10 23:21:43,170: start load map C:\Users\Administrator\Desktop\SVN\美维\MeiWei_back_0421\agvCtrl\projects\test\meiwei428.smap
[INFO]2021-06-10 23:21:43,219: load map C:\Users\Administrator\Desktop\SVN\美维\MeiWei_back_0421\agvCtrl\projects\test\meiwei428.smap ,used 58 ms
[INFO]2021-06-10 23:21:43,224: import agvDevice.main_agvDevice
[INFO]2021-06-10 23:21:43,225: import akmCtrl.main_akmCtrl
[INFO]2021-06-10 23:21:43,251: create lock <lock name:runTasks.g_lock,<unlocked _thread.RLock object owner=0 count=0 at 0x0000025494D35120>>
[INFO]2021-06-10 23:21:43,260: create lock <lock name:agvApi.g_lock,<unlocked _thread.RLock object owner=0 count=0 at 0x0000025494D67558>>
[INFO]2021-06-10 23:21:43,278: create lock <lock name:runTasks.pre_lock,<unlocked _thread.RLock object owner=0 count=0 at 0x0000025494C37C38>>
[INFO]2021-06-10 23:21:43,281: create lock <lock name:timer.lock_2562272347080,<unlocked _thread.RLock object owner=0 count=0 at 0x000002549354A468>>
[INFO]2021-06-10 23:21:43,284: create lock <lock name:mapMgr.lock,<unlocked _thread.RLock object owner=0 count=0 at 0x0000025493575198>>
[INFO]2021-06-10 23:21:43,321: import alarm.main_alarm
[INFO]2021-06-10 23:21:43,324: import auth.main_auth
[INFO]2021-06-10 23:21:43,691: import door.main_door
[INFO]2021-06-10 23:21:43,731: import elevator.main_elevator
[INFO]2021-06-10 23:21:43,751: create lock <lock name:elevatorApi.g_lock,<unlocked _thread.RLock object owner=0 count=0 at 0x0000025493575CD8>>
[INFO]2021-06-10 23:21:43,752: import feed.main_feed
[INFO]2021-06-10 23:21:43,777: IP: 127.0.0.1 port: 10001
[INFO]2021-06-10 23:21:44,094: ----------------准备打印------------
[INFO]2021-06-10 23:21:46,670: load agv file: C:\Users\Administrator\Desktop\SVN\美维\MeiWei_back_0421\agvCtrl/projects/test/agv.cfg
[INFO]2021-06-10 23:21:46,672: create lock <lock name:agvList.AGV30.lock,<unlocked _thread.RLock object owner=0 count=0 at 0x0000025495BF33F0>>
[DEBUG]2021-06-10 23:21:46,677: create aliveObj AGV30 AGV离线异常 timeout 300
[INFO]2021-06-10 23:21:46,679: AGV30 start agvList run thread
[INFO]2021-06-10 23:21:46,679: AGV30 start agvList run2 thread
[ERROR]2021-06-10 23:21:46,684: agv check init error False
[INFO]2021-06-10 23:21:47,194: AGV30 current map meiwei428
[INFO]2021-06-10 23:21:47,197: AGV30 is online
[INFO]2021-06-10 23:21:52,694: b'\xaf\x17\x06\x04\x02\xdf'
[INFO]2021-06-10 23:21:52,696: ----------------准备打印------------
[INFO]2021-06-10 23:21:53,009: b'\xaf\x17\x06\x04\x00\xdf'
[INFO]2021-06-10 23:21:53,011: ----------------准备打印------------
[CRITICAL]2021-06-10 23:22:03,024: import main_feed failed, path: feed cause a error: timed out
pid=20260, ppid=3316, tid=5904
Traceback (most recent call last):
  File "run_all.py", line 39, in findModule
    __import__(m[1])
  File "C:\Users\Administrator\Desktop\SVN\美维\MeiWei_back_0421\feed\main_feed.py", line 363, in <module>
    main()
  File "C:\Users\Administrator\Desktop\SVN\美维\MeiWei_back_0421\feed\main_feed.py", line 254, in main
    EasySocket(ip= '0.0.0.0', port=10001)
  File "C:\Users\Administrator\Desktop\SVN\美维\MeiWei_back_0421\feed\main_feed.py", line 247, in EasySocket
    receiveData = clientSocket.recv(512)
socket.timeout: timed out

[CRITICAL]2021-06-10 23:22:03,031: import main_feed failed, path: feed ,cause timed out
