[INFO]2021-06-10 21:45:36,167: log files at C:\Users\Administrator\Desktop\SVN\美维\MeiWei_back_0421\common\log
[INFO]2021-06-10 21:45:36,170: find module account.main_account
[INFO]2021-06-10 21:45:36,172: find module agvCtrl.main_agv
[INFO]2021-06-10 21:45:36,174: find module agvDevice.main_agvDevice
[INFO]2021-06-10 21:45:36,180: find module akmCtrl.main_akmCtrl
[INFO]2021-06-10 21:45:36,182: find module alarm.main_alarm
[INFO]2021-06-10 21:45:36,184: find module auth.main_auth
[INFO]2021-06-10 21:45:36,186: find module door.main_door
[INFO]2021-06-10 21:45:36,188: find module elevator.main_elevator
[INFO]2021-06-10 21:45:36,190: find module feed.main_feed
[INFO]2021-06-10 21:45:36,195: find module remoteio.main_remoteio
[INFO]2021-06-10 21:45:36,197: import account.main_account
[INFO]2021-06-10 21:45:36,539: import agvCtrl.main_agv
[INFO]2021-06-10 21:45:37,618: create lock <lock name:doorMgr.lock,<unlocked _thread.RLock object owner=0 count=0 at 0x000002675757EDA0>>
[INFO]2021-06-10 21:45:37,621: ------acceptCallback-------------->>>> add
[INFO]2021-06-10 21:45:37,624: -------------------self._listenThread------------- <Thread(tcplisten.port_6789, initial)>
[INFO]2021-06-10 21:45:37,628: ----------------------------------try---------------------
[INFO]2021-06-10 21:45:37,690: create lock <lock name:door.lock,<unlocked _thread.RLock object owner=0 count=0 at 0x000002675757EF08>>
[INFO]2021-06-10 21:45:38,031: create lock <lock name:timer.lock_2642874273520,<unlocked _thread.RLock object owner=0 count=0 at 0x00000267578F4BE8>>
[ERROR]2021-06-10 21:45:38,082: mqtt is disabled
[INFO]2021-06-10 21:45:38,087: mqtt: subscribe [alarm/raise/+]
[INFO]2021-06-10 21:45:38,091: mqtt: subscribe [alarm/clear/+]
[INFO]2021-06-10 21:45:41,204: Mongodb connect to 127.0.0.1 port 27017
[INFO]2021-06-10 21:45:41,249: create lock <lock name:elevatorMgr.lock,<unlocked _thread.RLock object owner=0 count=0 at 0x0000026757BB70A8>>
[WARNING]2021-06-10 21:45:41,289: use mockAgvCtrl
[INFO]2021-06-10 21:45:41,302: create lock <lock name:mapMgr.lock,<unlocked _thread.RLock object owner=0 count=0 at 0x0000026755DBEC88>>
[INFO]2021-06-10 21:45:41,731: create lock <lock name:agvList.g_agvLock,<unlocked _thread.RLock object owner=0 count=0 at 0x0000026757C68058>>
[INFO]2021-06-10 21:45:41,737: create lock <lock name:taskList.lock,<unlocked _thread.RLock object owner=0 count=0 at 0x0000026757C68BE8>>
[INFO]2021-06-10 21:45:41,832: charge policy 1 , fix time
[INFO]2021-06-10 21:45:41,867: create lock <lock name:agvApi.g_lock,<unlocked _thread.RLock object owner=0 count=0 at 0x0000026757CE2418>>
[INFO]2021-06-10 21:45:42,651: start load map C:\Users\Administrator\Desktop\SVN\美维\MeiWei_back_0421\agvCtrl\projects\test\AKM2F.smap
[DEBUG]2021-06-10 21:45:42,850: elevator thread start
[INFO]2021-06-10 21:45:42,871: load map C:\Users\Administrator\Desktop\SVN\美维\MeiWei_back_0421\agvCtrl\projects\test\AKM2F.smap ,used 229 ms
[INFO]2021-06-10 21:45:42,882: start load map C:\Users\Administrator\Desktop\SVN\美维\MeiWei_back_0421\agvCtrl\projects\test\akmsmt.smap
[INFO]2021-06-10 21:45:43,045: load map C:\Users\Administrator\Desktop\SVN\美维\MeiWei_back_0421\agvCtrl\projects\test\akmsmt.smap ,used 171 ms
[INFO]2021-06-10 21:45:43,093: start load map C:\Users\Administrator\Desktop\SVN\美维\MeiWei_back_0421\agvCtrl\projects\test\akmsmtMap.smap
[INFO]2021-06-10 21:45:43,317: load map C:\Users\Administrator\Desktop\SVN\美维\MeiWei_back_0421\agvCtrl\projects\test\akmsmtMap.smap ,used 267 ms
[INFO]2021-06-10 21:45:43,328: start load map C:\Users\Administrator\Desktop\SVN\美维\MeiWei_back_0421\agvCtrl\projects\test\desai-all-20191223.smap
[INFO]2021-06-10 21:45:43,613: load map C:\Users\Administrator\Desktop\SVN\美维\MeiWei_back_0421\agvCtrl\projects\test\desai-all-20191223.smap ,used 294 ms
[INFO]2021-06-10 21:45:43,624: start load map C:\Users\Administrator\Desktop\SVN\美维\MeiWei_back_0421\agvCtrl\projects\test\meiwei423.smap
[INFO]2021-06-10 21:45:43,737: load map C:\Users\Administrator\Desktop\SVN\美维\MeiWei_back_0421\agvCtrl\projects\test\meiwei423.smap ,used 122 ms
[INFO]2021-06-10 21:45:43,749: start load map C:\Users\Administrator\Desktop\SVN\美维\MeiWei_back_0421\agvCtrl\projects\test\meiwei428.smap
[INFO]2021-06-10 21:45:43,844: load map C:\Users\Administrator\Desktop\SVN\美维\MeiWei_back_0421\agvCtrl\projects\test\meiwei428.smap ,used 105 ms
[INFO]2021-06-10 21:45:43,857: import agvDevice.main_agvDevice
[INFO]2021-06-10 21:45:43,861: import akmCtrl.main_akmCtrl
[INFO]2021-06-10 21:45:43,951: create lock <lock name:runTasks.g_lock,<unlocked _thread.RLock object owner=0 count=0 at 0x00000267581B4120>>
[INFO]2021-06-10 21:45:43,987: create lock <lock name:agvApi.g_lock,<unlocked _thread.RLock object owner=0 count=0 at 0x00000267581E55A8>>
[INFO]2021-06-10 21:45:44,060: create lock <lock name:runTasks.pre_lock,<unlocked _thread.RLock object owner=0 count=0 at 0x0000026758115BC0>>
[INFO]2021-06-10 21:45:44,072: create lock <lock name:timer.lock_2642881194584,<unlocked _thread.RLock object owner=0 count=0 at 0x00000267580FA378>>
[INFO]2021-06-10 21:45:44,081: create lock <lock name:mapMgr.lock,<unlocked _thread.RLock object owner=0 count=0 at 0x00000267569B4238>>
[INFO]2021-06-10 21:45:44,189: import alarm.main_alarm
[INFO]2021-06-10 21:45:44,202: import auth.main_auth
[INFO]2021-06-10 21:45:46,059: import door.main_door
[INFO]2021-06-10 21:45:46,066: import elevator.main_elevator
[INFO]2021-06-10 21:45:46,081: create lock <lock name:elevatorApi.g_lock,<unlocked _thread.RLock object owner=0 count=0 at 0x00000267569B4D28>>
[INFO]2021-06-10 21:45:46,086: import feed.main_feed
[INFO]2021-06-10 21:45:46,150: IP: 127.0.0.1 port: 10001
[INFO]2021-06-10 21:45:46,160: ------------准备start--------
[INFO]2021-06-10 21:45:48,789: load agv file: C:\Users\Administrator\Desktop\SVN\美维\MeiWei_back_0421\agvCtrl/projects/test/agv.cfg
[INFO]2021-06-10 21:45:48,793: create lock <lock name:agvList.AGV30.lock,<unlocked _thread.RLock object owner=0 count=0 at 0x00000267590A33C8>>
[DEBUG]2021-06-10 21:45:48,806: create aliveObj AGV30 AGV离线异常 timeout 300
[INFO]2021-06-10 21:45:48,812: AGV30 start agvList run thread
[INFO]2021-06-10 21:45:48,812: AGV30 start agvList run2 thread
[ERROR]2021-06-10 21:45:48,833: agv check init error False
[INFO]2021-06-10 21:45:49,343: AGV30 current map meiwei428
[INFO]2021-06-10 21:45:49,364: AGV30 is online
[INFO]2021-06-10 21:45:56,170: import remoteio.main_remoteio
[SUCC]2021-06-10 21:45:56,221: utility start, pid=22664, ppid=16300
[DEBUG]2021-06-10 21:45:56,226: start timer
[DEBUG]2021-06-10 21:45:56,235: start timer
[INFO]2021-06-10 21:45:56,256: startCharge is false
[INFO]2021-06-10 21:45:56,270: add_ignore: taskStatus
[INFO]2021-06-10 21:45:56,274: add_ignore: api/elevator/status
[INFO]2021-06-10 21:45:56,277: add_ignore: scada/getTask
[CRITICAL]2021-06-10 21:45:58,391: agvApi.init cause a error: ('http get', 'http://127.0.0.1:5551/api/agv/init', {'appName': 'MeiWeiTask'}, 'error:', '<urlopen error [WinError 10061] 由于目标计算机积极拒绝，无法连接。>')
pid=22664, ppid=16300, tid=20044
Traceback (most recent call last):
  File "C:\Python37\lib\urllib\request.py", line 1317, in do_open
    encode_chunked=req.has_header('Transfer-encoding'))
  File "C:\Python37\lib\http\client.py", line 1229, in request
    self._send_request(method, url, body, headers, encode_chunked)
  File "C:\Python37\lib\http\client.py", line 1275, in _send_request
    self.endheaders(body, encode_chunked=encode_chunked)
  File "C:\Python37\lib\http\client.py", line 1224, in endheaders
    self._send_output(message_body, encode_chunked=encode_chunked)
  File "C:\Python37\lib\http\client.py", line 1016, in _send_output
    self.send(msg)
  File "C:\Python37\lib\http\client.py", line 956, in send
    self.connect()
  File "C:\Python37\lib\http\client.py", line 928, in connect
    (self.host,self.port), self.timeout, self.source_address)
  File "C:\Python37\lib\socket.py", line 727, in create_connection
    raise err
  File "C:\Python37\lib\socket.py", line 716, in create_connection
    sock.connect(sa)
ConnectionRefusedError: [WinError 10061] 由于目标计算机积极拒绝，无法连接。

During handling of the above exception, another exception occurred:

Traceback (most recent call last):
  File "C:\Users\Administrator\Desktop\SVN\美维\MeiWei_back_0421\common\webutility.py", line 103, in http_get
    f = urllib.request.urlopen(u,timeout=timeout)
  File "C:\Python37\lib\urllib\request.py", line 222, in urlopen
    return opener.open(url, data, timeout)
  File "C:\Python37\lib\urllib\request.py", line 525, in open
    response = self._open(req, data)
  File "C:\Python37\lib\urllib\request.py", line 543, in _open
    '_open', req)
  File "C:\Python37\lib\urllib\request.py", line 503, in _call_chain
    result = func(*args)
  File "C:\Python37\lib\urllib\request.py", line 1345, in http_open
    return self.do_open(http.client.HTTPConnection, req)
  File "C:\Python37\lib\urllib\request.py", line 1319, in do_open
    raise URLError(err)
urllib.error.URLError: <urlopen error [WinError 10061] 由于目标计算机积极拒绝，无法连接。>

During handling of the above exception, another exception occurred:

Traceback (most recent call last):
  File "..\agvCtrl\agvApi.py", line 40, in init
    _http_get(url + '/api/agv/init', param)
  File "..\agvCtrl\agvApi.py", line 61, in _http_get
    r = webutility.http_get(url, param, timeout=45,writelog=False)
  File "C:\Users\Administrator\Desktop\SVN\美维\MeiWei_back_0421\common\webutility.py", line 105, in http_get
    raise Exception("http get",url,params,"error:",str(e))
Exception: ('http get', 'http://127.0.0.1:5551/api/agv/init', {'appName': 'MeiWeiTask'}, 'error:', '<urlopen error [WinError 10061] 由于目标计算机积极拒绝，无法连接。>')

[DEBUG]2021-06-10 21:45:59,404: GET: http://127.0.0.1:5551/api/agv/init?appName=MeiWeiTask addr: 127.0.0.1
[INFO]2021-06-10 21:45:59,411: MeiWeiTask init client agvApi
[DEBUG]2021-06-10 21:45:59,416: used 12ms 200 OK application/json;charset=utf-8, GET: http://127.0.0.1:5551/api/agv/init?appName=MeiWeiTask
[DEBUG]2021-06-10 21:46:02,513: GET: http://127.0.0.1:5551/api/agv/startCharge?appName=MeiWeiTask addr: 127.0.0.1
[DEBUG]2021-06-10 21:46:02,590: used 77ms 200 OK application/json;charset=utf-8, GET: http://127.0.0.1:5551/api/agv/startCharge?appName=MeiWeiTask
[WARNING]2021-06-10 21:46:02,732: timer_thread[tid:20044] <lock name:runTasks.g_lock,<locked _thread.RLock object owner=20044 count=1 at 0x00000267581B4120>> ,hold 6491 ms
[INFO]2021-06-10 21:46:03,106: name=timer_thread, pid=22664, tid=20044
[01] File "C:/Python37/lib/threading.py", line 865, in run() 
[02] File "../common/mytimer.py", line 113, in _loop() 
[03] File "../common/lock.py", line 122, in _call() 
[04] File "../common/lock.py", line 100, in release() 
[05] File "C:/Users/Administrator/Desktop/SVN/美维/MeiWei_back_0421/common/enhance.py", line 258, in getTrace() 
[06] File "C:/Users/Administrator/Desktop/SVN/美维/MeiWei_back_0421/common/enhance.py", line 240, in getThreadStack()
