[INFO]2021-04-26 09:59:29,020: log files at E:\projects_by_myself\backup\MeiWei_back_0421\common\log
[INFO]2021-04-26 09:59:29,021: find module account.main_account
[INFO]2021-04-26 09:59:29,023: find module agvCtrl.main_agv
[INFO]2021-04-26 09:59:29,024: find module agvDevice.main_agvDevice
[INFO]2021-04-26 09:59:29,025: find module akmCtrl.main_akmCtrl
[INFO]2021-04-26 09:59:29,027: find module alarm.main_alarm
[INFO]2021-04-26 09:59:29,028: find module auth.main_auth
[INFO]2021-04-26 09:59:29,029: find module door.main_door
[INFO]2021-04-26 09:59:29,030: find module elevator.main_elevator
[INFO]2021-04-26 09:59:29,032: find module feed.main_feed
[INFO]2021-04-26 09:59:29,034: find module remoteio.main_remoteio
[INFO]2021-04-26 09:59:29,035: import account.main_account
[INFO]2021-04-26 09:59:29,124: import agvCtrl.main_agv
[INFO]2021-04-26 09:59:29,492: create lock <lock name:doorMgr.lock,<unlocked _thread.RLock object owner=0 count=0 at 0x000001F3470E6EA0>>
[INFO]2021-04-26 09:59:30,390: create lock <lock name:door.lock,<unlocked _thread.RLock object owner=0 count=0 at 0x000001F3470F9420>>
[INFO]2021-04-26 09:59:30,499: create lock <lock name:timer.lock_2144387437088,<unlocked _thread.RLock object owner=0 count=0 at 0x000001F347739390>>
[ERROR]2021-04-26 09:59:30,511: mqtt is disabled
[INFO]2021-04-26 09:59:30,513: mqtt: subscribe [alarm/raise/+]
[INFO]2021-04-26 09:59:30,513: mqtt: subscribe [alarm/clear/+]
[INFO]2021-04-26 09:59:33,562: Mongodb connect to 127.0.0.1 port 27017
[INFO]2021-04-26 09:59:33,610: create lock <lock name:elevatorApi.g_lock,<unlocked _thread.RLock object owner=0 count=0 at 0x000001F347955A50>>
[INFO]2021-04-26 09:59:33,613: create lock <lock name:elevatorMgr.lock,<unlocked _thread.RLock object owner=0 count=0 at 0x000001F347949DB0>>
[INFO]2021-04-26 09:59:33,823: create lock <lock name:mapMgr.lock,<unlocked _thread.RLock object owner=0 count=0 at 0x000001F3479639F0>>
[INFO]2021-04-26 09:59:34,108: create lock <lock name:agvList.g_agvLock,<unlocked _thread.RLock object owner=0 count=0 at 0x000001F3489EC5D0>>
[INFO]2021-04-26 09:59:34,112: create lock <lock name:taskList.lock,<unlocked _thread.RLock object owner=0 count=0 at 0x000001F348A8C4E0>>
[INFO]2021-04-26 09:59:34,119: create lock <lock name:runTasks.g_lock,<unlocked _thread.RLock object owner=0 count=0 at 0x000001F348A8CAB0>>
[INFO]2021-04-26 09:59:34,195: charge policy 1 , fix time
[INFO]2021-04-26 09:59:34,228: create lock <lock name:agvApi.g_lock,<unlocked _thread.RLock object owner=0 count=0 at 0x000001F348A9F4B0>>
[INFO]2021-04-26 09:59:34,781: start load map E:\projects_by_myself\backup\MeiWei_back_0421\agvCtrl\projects\AKMfloor\AKM2F.smap
[DEBUG]2021-04-26 09:59:34,904: elevator thread start
[INFO]2021-04-26 09:59:34,924: load map E:\projects_by_myself\backup\MeiWei_back_0421\agvCtrl\projects\AKMfloor\AKM2F.smap ,used 153 ms
[INFO]2021-04-26 09:59:34,937: start load map E:\projects_by_myself\backup\MeiWei_back_0421\agvCtrl\projects\AKMfloor\AKM4F.smap
[INFO]2021-04-26 09:59:35,010: load map E:\projects_by_myself\backup\MeiWei_back_0421\agvCtrl\projects\AKMfloor\AKM4F.smap ,used 85 ms
[INFO]2021-04-26 09:59:35,021: start load map E:\projects_by_myself\backup\MeiWei_back_0421\agvCtrl\projects\AKMfloor\akmsmtMap.smap
[INFO]2021-04-26 09:59:35,230: load map E:\projects_by_myself\backup\MeiWei_back_0421\agvCtrl\projects\AKMfloor\akmsmtMap.smap ,used 219 ms
[INFO]2021-04-26 09:59:35,244: start load map E:\projects_by_myself\backup\MeiWei_back_0421\agvCtrl\projects\AKMfloor\meiwei423.smap
[INFO]2021-04-26 09:59:35,326: load map E:\projects_by_myself\backup\MeiWei_back_0421\agvCtrl\projects\AKMfloor\meiwei423.smap ,used 94 ms
[INFO]2021-04-26 09:59:35,338: start load map E:\projects_by_myself\backup\MeiWei_back_0421\agvCtrl\projects\AKMfloor\untitled_20210420032952.smap
[INFO]2021-04-26 09:59:35,380: load map E:\projects_by_myself\backup\MeiWei_back_0421\agvCtrl\projects\AKMfloor\untitled_20210420032952.smap ,used 52 ms
[INFO]2021-04-26 09:59:35,385: import agvDevice.main_agvDevice
[INFO]2021-04-26 09:59:35,386: import akmCtrl.main_akmCtrl
[INFO]2021-04-26 09:59:35,410: create lock <lock name:agvApi.g_lock,<unlocked _thread.RLock object owner=0 count=0 at 0x000001F348D7AF00>>
[INFO]2021-04-26 09:59:35,432: create lock <lock name:runTasks.pre_lock,<unlocked _thread.RLock object owner=0 count=0 at 0x000001F34656A4E0>>
[INFO]2021-04-26 09:59:35,435: create lock <lock name:timer.lock_2144367668192,<unlocked _thread.RLock object owner=0 count=0 at 0x000001F34645ECC0>>
[INFO]2021-04-26 09:59:35,437: create lock <lock name:mapMgr.lock,<unlocked _thread.RLock object owner=0 count=0 at 0x000001F349096870>>
[INFO]2021-04-26 09:59:36,086: import alarm.main_alarm
[INFO]2021-04-26 09:59:36,088: import auth.main_auth
[INFO]2021-04-26 09:59:36,118: import door.main_door
[INFO]2021-04-26 09:59:36,122: import elevator.main_elevator
[INFO]2021-04-26 09:59:36,123: import feed.main_feed
[INFO]2021-04-26 09:59:36,135: create lock <lock name:feedTask.g_lock,<unlocked _thread.RLock object owner=0 count=0 at 0x000001F349E93270>>
[INFO]2021-04-26 09:59:36,184: import remoteio.main_remoteio
[SUCC]2021-04-26 09:59:36,197: utility start, pid=15424, ppid=15032
[DEBUG]2021-04-26 09:59:36,198: start timer
[INFO]2021-04-26 09:59:36,210: load agv file: E:\projects_by_myself\backup\MeiWei_back_0421\agvCtrl/projects/AKMfloor/agv.cfg
[INFO]2021-04-26 09:59:36,211: create lock <lock name:agvList.AGV30.lock,<unlocked _thread.RLock object owner=0 count=0 at 0x000001F349EB10F0>>
[DEBUG]2021-04-26 09:59:36,216: create aliveObj AGV30 AGVÀëÏßÒì³£ timeout 300
[INFO]2021-04-26 09:59:36,217: AGV30 start agvList run thread
[INFO]2021-04-26 09:59:36,217: AGV30 start agvList run2 thread
[INFO]2021-04-26 09:59:36,218: create lock <lock name:agv.AGV30.lock_status,<unlocked _thread.RLock object owner=0 count=0 at 0x000001F349EB18D0>>
[DEBUG]2021-04-26 09:59:36,220: try connect AGV30 192.168.8.68:19204
[DEBUG]2021-04-26 09:59:36,223: start timer
[INFO]2021-04-26 09:59:36,224: add_ignore: taskStatus
[INFO]2021-04-26 09:59:36,225: add_ignore: api/elevator/status
[INFO]2021-04-26 09:59:36,226: add_ignore: scada/getTask
[INFO]2021-04-26 09:59:36,262: AGV30 connected 192.168.8.68 19204
[INFO]2021-04-26 09:59:36,263: create lock <lock name:agv.AGV30.lock_ctrl,<unlocked _thread.RLock object owner=0 count=0 at 0x000001F349EB1330>>
[DEBUG]2021-04-26 09:59:36,264: try connect AGV30 192.168.8.68:19205
[INFO]2021-04-26 09:59:36,298: AGV30 connected 192.168.8.68 19205
[INFO]2021-04-26 09:59:36,300: create lock <lock name:agv.AGV30.lock_task,<unlocked _thread.RLock object owner=0 count=0 at 0x000001F349EB1990>>
[DEBUG]2021-04-26 09:59:36,301: try connect AGV30 192.168.8.68:19206
[INFO]2021-04-26 09:59:36,333: AGV30 connected 192.168.8.68 19206
[INFO]2021-04-26 09:59:36,334: create lock <lock name:agv.AGV30.lock_conf,<unlocked _thread.RLock object owner=0 count=0 at 0x000001F349EB1AE0>>
[DEBUG]2021-04-26 09:59:36,336: try connect AGV30 192.168.8.68:19207
[INFO]2021-04-26 09:59:36,369: AGV30 connected 192.168.8.68 19207
[INFO]2021-04-26 09:59:36,370: create lock <lock name:agv.AGV30.lock_core,<unlocked _thread.RLock object owner=0 count=0 at 0x000001F349EEA1B0>>
[DEBUG]2021-04-26 09:59:36,371: try connect AGV30 192.168.8.68:19208
[INFO]2021-04-26 09:59:36,398: AGV30 connected 192.168.8.68 19208
[INFO]2021-04-26 09:59:36,399: create lock <lock name:agv.AGV30.lock_other,<unlocked _thread.RLock object owner=0 count=0 at 0x000001F349EEA270>>
[DEBUG]2021-04-26 09:59:36,400: try connect AGV30 192.168.8.68:19210
[INFO]2021-04-26 09:59:36,434: AGV30 connected 192.168.8.68 19210
[INFO]2021-04-26 09:59:36,522: AGV30 current map meiwei423
[INFO]2021-04-26 09:59:36,578: AGV30 is online
[INFO]2021-04-26 09:59:37,099: AGV30 require control
[DEBUG]2021-04-26 09:59:37,255: GET: http://127.0.0.1:5551/api/agv/init?appName=MeiWeiTask addr: 127.0.0.1
[INFO]2021-04-26 09:59:37,259: **********************×´Ì¬************: False
[INFO]2021-04-26 09:59:37,261: MeiWeiTask init client agvApi
[DEBUG]2021-04-26 09:59:37,265: used 10ms 200 OK application/json;charset=utf-8, GET: http://127.0.0.1:5551/api/agv/init?appName=MeiWeiTask
[DEBUG]2021-04-26 09:59:40,382: GET: http://127.0.0.1:5551/api/agv/startCharge?appName=MeiWeiTask addr: 127.0.0.1
[DEBUG]2021-04-26 09:59:40,446: used 64ms 200 OK application/json;charset=utf-8, GET: http://127.0.0.1:5551/api/agv/startCharge?appName=MeiWeiTask
[WARNING]2021-04-26 09:59:40,572: timer_thread[tid:14016] <lock name:runTasks.g_lock,<locked _thread.RLock object owner=14016 count=1 at 0x000001F348A8CAB0>> ,hold 3334 ms
[INFO]2021-04-26 09:59:40,889: name=timer_thread, pid=15424, tid=14016
[01] File "E:/Users/Administrator/AppData/Local/Programs/Python/Python38/lib/threading.py", line 870, in run() 
[02] File "../common/mytimer.py", line 113, in _loop() 
[03] File "../common/lock.py", line 122, in _call() 
[04] File "../common/lock.py", line 100, in release() 
[05] File "E:/projects_by_myself/backup/MeiWei_back_0421/common/enhance.py", line 258, in getTrace() 
[06] File "E:/projects_by_myself/backup/MeiWei_back_0421/common/enhance.py", line 240, in getThreadStack()
[INFO]2021-04-26 10:01:47,730: AGV30 require control
[ERROR]2021-04-26 10:02:28,737: process exited, living 0:02:59.782580 seconds
[ERROR]2021-04-26 10:04:48,781: user press Ctrl+C, system quit!
[WARNING]2021-04-26 10:04:48,786: runTask:stop save file
[ERROR]2021-04-26 10:04:48,788: process exited, living 0:05:13.394521 seconds
