[INFO]2021-04-21 10:16:00,526: log files at E:\projects_by_myself\MeiWei\common\log
[INFO]2021-04-21 10:16:00,527: find module account.main_account
[INFO]2021-04-21 10:16:00,528: find module agvCtrl.main_agv
[INFO]2021-04-21 10:16:00,529: find module agvDevice.main_agvDevice
[INFO]2021-04-21 10:16:00,530: find module akmCtrl.main_akmCtrl
[INFO]2021-04-21 10:16:00,532: find module alarm.main_alarm
[INFO]2021-04-21 10:16:00,533: find module auth.main_auth
[INFO]2021-04-21 10:16:00,534: find module door.main_door
[INFO]2021-04-21 10:16:00,534: find module elevator.main_elevator
[INFO]2021-04-21 10:16:00,535: find module feed.main_feed
[INFO]2021-04-21 10:16:00,536: find module remoteio.main_remoteio
[INFO]2021-04-21 10:16:00,537: import account.main_account
[INFO]2021-04-21 10:16:00,623: import agvCtrl.main_agv
[INFO]2021-04-21 10:16:01,491: create lock <lock name:doorMgr.lock,<unlocked _thread.RLock object owner=0 count=0 at 0x0000020040B09EA0>>
[INFO]2021-04-21 10:16:02,404: create lock <lock name:door.lock,<unlocked _thread.RLock object owner=0 count=0 at 0x0000020040B2A420>>
[INFO]2021-04-21 10:16:02,513: create lock <lock name:timer.lock_2200115376624,<unlocked _thread.RLock object owner=0 count=0 at 0x0000020041187360>>
[ERROR]2021-04-21 10:16:02,526: mqtt is disabled
[INFO]2021-04-21 10:16:02,527: mqtt: subscribe [alarm/raise/+]
[INFO]2021-04-21 10:16:02,528: mqtt: subscribe [alarm/clear/+]
[INFO]2021-04-21 10:16:05,575: Mongodb connect to 127.0.0.1 port 27017
[INFO]2021-04-21 10:16:05,602: create lock <lock name:elevatorMgr.lock,<unlocked _thread.RLock object owner=0 count=0 at 0x0000020041397D50>>
[WARNING]2021-04-21 10:16:05,625: use mockAgvCtrl
[INFO]2021-04-21 10:16:05,628: create lock <lock name:mapMgr.lock,<unlocked _thread.RLock object owner=0 count=0 at 0x000002003FBFD3C0>>
[INFO]2021-04-21 10:16:06,046: create lock <lock name:agvList.g_agvLock,<unlocked _thread.RLock object owner=0 count=0 at 0x00000200429E0AB0>>
[INFO]2021-04-21 10:16:06,052: create lock <lock name:taskList.lock,<unlocked _thread.RLock object owner=0 count=0 at 0x000002004242B720>>
[INFO]2021-04-21 10:16:06,140: charge policy 1 , fix time
[INFO]2021-04-21 10:16:06,176: create lock <lock name:agvApi.g_lock,<unlocked _thread.RLock object owner=0 count=0 at 0x0000020042434300>>
[INFO]2021-04-21 10:16:06,507: start load map E:\projects_by_myself\MeiWei\agvCtrl\projects\test\AKM2F.smap
[DEBUG]2021-04-21 10:16:06,628: elevator thread start
[INFO]2021-04-21 10:16:06,647: load map E:\projects_by_myself\MeiWei\agvCtrl\projects\test\AKM2F.smap ,used 150 ms
[INFO]2021-04-21 10:16:06,659: start load map E:\projects_by_myself\MeiWei\agvCtrl\projects\test\akmsmt.smap
[INFO]2021-04-21 10:16:06,716: load map E:\projects_by_myself\MeiWei\agvCtrl\projects\test\akmsmt.smap ,used 67 ms
[INFO]2021-04-21 10:16:06,729: start load map E:\projects_by_myself\MeiWei\agvCtrl\projects\test\akmsmtMap.smap
[INFO]2021-04-21 10:16:06,862: load map E:\projects_by_myself\MeiWei\agvCtrl\projects\test\akmsmtMap.smap ,used 145 ms
[INFO]2021-04-21 10:16:06,874: start load map E:\projects_by_myself\MeiWei\agvCtrl\projects\test\desai-all-20191223.smap
[INFO]2021-04-21 10:16:07,007: load map E:\projects_by_myself\MeiWei\agvCtrl\projects\test\desai-all-20191223.smap ,used 143 ms
[INFO]2021-04-21 10:16:07,012: import agvDevice.main_agvDevice
[INFO]2021-04-21 10:16:07,015: import akmCtrl.main_akmCtrl
[INFO]2021-04-21 10:16:07,078: create lock <lock name:runTasks.g_lock,<unlocked _thread.RLock object owner=0 count=0 at 0x0000020043C2DB40>>
[INFO]2021-04-21 10:16:07,092: create lock <lock name:agvApi.g_lock,<unlocked _thread.RLock object owner=0 count=0 at 0x00000200425937E0>>
[INFO]2021-04-21 10:16:07,101: create lock <lock name:runTasks.pre_lock,<unlocked _thread.RLock object owner=0 count=0 at 0x0000020043C3DF60>>
[INFO]2021-04-21 10:16:07,102: create lock <lock name:timer.lock_2200140119392,<unlocked _thread.RLock object owner=0 count=0 at 0x000002004291FF60>>
[INFO]2021-04-21 10:16:07,104: create lock <lock name:mapMgr.lock,<unlocked _thread.RLock object owner=0 count=0 at 0x00000200425B05A0>>
[INFO]2021-04-21 10:16:08,006: import alarm.main_alarm
[INFO]2021-04-21 10:16:08,008: import auth.main_auth
[INFO]2021-04-21 10:16:08,017: import door.main_door
[INFO]2021-04-21 10:16:08,020: import elevator.main_elevator
[INFO]2021-04-21 10:16:08,025: create lock <lock name:elevatorApi.g_lock,<unlocked _thread.RLock object owner=0 count=0 at 0x00000200459CAAE0>>
[INFO]2021-04-21 10:16:08,026: import feed.main_feed
[INFO]2021-04-21 10:16:08,038: create lock <lock name:feedTask.g_lock,<unlocked _thread.RLock object owner=0 count=0 at 0x00000200459DC780>>
[INFO]2021-04-21 10:16:08,091: import remoteio.main_remoteio
[SUCC]2021-04-21 10:16:08,101: utility start, pid=16076, ppid=11592
[DEBUG]2021-04-21 10:16:08,102: start timer
[INFO]2021-04-21 10:16:08,111: load agv file: E:\projects_by_myself\MeiWei\agvCtrl/projects/test/agv.cfg
[INFO]2021-04-21 10:16:08,112: create lock <lock name:agvList.AGV30.lock,<unlocked _thread.RLock object owner=0 count=0 at 0x0000020047AE54B0>>
[DEBUG]2021-04-21 10:16:08,114: create aliveObj AGV30 AGV离线异常 timeout 300
[INFO]2021-04-21 10:16:08,116: AGV30 start agvList run thread
[INFO]2021-04-21 10:16:08,117: AGV30 start agvList run2 thread
[ERROR]2021-04-21 10:16:08,125: agv check init error False
[DEBUG]2021-04-21 10:16:08,127: start timer
[INFO]2021-04-21 10:16:08,137: add_ignore: taskStatus
[INFO]2021-04-21 10:16:08,138: add_ignore: api/elevator/status
[INFO]2021-04-21 10:16:08,139: add_ignore: scada/getTask
[INFO]2021-04-21 10:16:08,630: AGV30 current map AKM2F
[INFO]2021-04-21 10:16:08,633: AGV30 is online
[DEBUG]2021-04-21 10:16:08,650: GET: http://127.0.0.1:5551/api/agv/init?appName=scadaTask_meiwei addr: 127.0.0.1
[INFO]2021-04-21 10:16:08,654: scadaTask_meiwei init client agvApi
[DEBUG]2021-04-21 10:16:08,659: used 9ms 200 OK application/json;charset=utf-8, GET: http://127.0.0.1:5551/api/agv/init?appName=scadaTask_meiwei
[DEBUG]2021-04-21 10:16:11,896: GET: http://127.0.0.1:5551/api/agv/startCharge?appName=scadaTask_meiwei addr: 127.0.0.1
[DEBUG]2021-04-21 10:16:11,976: used 80ms 200 OK application/json;charset=utf-8, GET: http://127.0.0.1:5551/api/agv/startCharge?appName=scadaTask_meiwei
[WARNING]2021-04-21 10:16:12,039: timer_thread[tid:9560] <lock name:runTasks.g_lock,<locked _thread.RLock object owner=9560 count=1 at 0x0000020043C2DB40>> ,hold 3911 ms
[INFO]2021-04-21 10:16:12,338: name=timer_thread, pid=16076, tid=9560
[01] File "E:/Users/Administrator/AppData/Local/Programs/Python/Python38/lib/threading.py", line 870, in run() 
[02] File "../common/mytimer.py", line 113, in _loop() 
[03] File "../common/lock.py", line 122, in _call() 
[04] File "../common/lock.py", line 100, in release() 
[05] File "E:/projects_by_myself/MeiWei/common/enhance.py", line 258, in getTrace() 
[06] File "E:/projects_by_myself/MeiWei/common/enhance.py", line 240, in getThreadStack()
[DEBUG]2021-04-21 10:16:35,537: GET: http://127.0.0.1:5551/api/scada/addTaskByPad?source=%E4%BA%8C%E6%A5%BC%E5%BE%85%E5%91%BD_02&target=%E4%BA%8C%E6%A5%BC%E6%B5%8B%E8%AF%95%E7%82%B9 addr: 127.0.0.1
[INFO]2021-04-21 10:16:35,943: log files at E:\projects_by_myself\MeiWei\common\log
[INFO]2021-04-21 10:16:35,943: log files at E:\projects_by_myself\MeiWei\common\log
[INFO]2021-04-21 10:16:36,179: create task[607f8b032e6ed28d866e369f]: type= scadaTask , 从二楼待命_02运送货架到二楼测试点 {'source': '二楼待命_02', 'target': '二楼测试点', 'payloadId': None, 'priority': 1, 'type': 'scadaTask', 'taskName': '从二楼待命_02运送货架到二楼测试点', 'createTime': datetime.datetime(2021, 4, 21, 10, 16, 35, 616221), 'updateTime': datetime.datetime(2021, 4, 21, 10, 16, 35, 616221), 'startTime': None, 'endTime': None, 'status': 'waiting', 'step': 'waiting', 'failMsg': None, 'history': [], '_id': ObjectId('607f8b032e6ed28d866e369f')}
[INFO]2021-04-21 10:16:36,179: create task[607f8b032e6ed28d866e369f]: type= scadaTask , 从二楼待命_02运送货架到二楼测试点 {'source': '二楼待命_02', 'target': '二楼测试点', 'payloadId': None, 'priority': 1, 'type': 'scadaTask', 'taskName': '从二楼待命_02运送货架到二楼测试点', 'createTime': datetime.datetime(2021, 4, 21, 10, 16, 35, 616221), 'updateTime': datetime.datetime(2021, 4, 21, 10, 16, 35, 616221), 'startTime': None, 'endTime': None, 'status': 'waiting', 'step': 'waiting', 'failMsg': None, 'history': [], '_id': ObjectId('607f8b032e6ed28d866e369f')}
[DEBUG]2021-04-21 10:16:36,513: used 976ms 200 OK application/json;charset=utf-8, GET: http://127.0.0.1:5551/api/scada/addTaskByPad?source=%E4%BA%8C%E6%A5%BC%E5%BE%85%E5%91%BD_02&target=%E4%BA%8C%E6%A5%BC%E6%B5%8B%E8%AF%95%E7%82%B9
[DEBUG]2021-04-21 10:16:36,513: used 976ms 200 OK application/json;charset=utf-8, GET: http://127.0.0.1:5551/api/scada/addTaskByPad?source=%E4%BA%8C%E6%A5%BC%E5%BE%85%E5%91%BD_02&target=%E4%BA%8C%E6%A5%BC%E6%B5%8B%E8%AF%95%E7%82%B9
[INFO]2021-04-21 10:16:36,624: task[607f8b032e6ed28d866e369f]:  start {'failMsg': '任务等待执行', 'startTime': datetime.datetime(2021, 4, 21, 10, 16, 36, 560924), 'updateTime': datetime.datetime(2021, 4, 21, 10, 16, 36, 560924), 'status': 'running'}
[INFO]2021-04-21 10:16:36,624: task[607f8b032e6ed28d866e369f]:  start {'failMsg': '任务等待执行', 'startTime': datetime.datetime(2021, 4, 21, 10, 16, 36, 560924), 'updateTime': datetime.datetime(2021, 4, 21, 10, 16, 36, 560924), 'status': 'running'}
[INFO]2021-04-21 10:16:36,876: task: start task[607f8b032e6ed28d866e369f][-] AP29() -> LM9(LM9) [waiting]
[INFO]2021-04-21 10:16:36,876: task: start task[607f8b032e6ed28d866e369f][-] AP29() -> LM9(LM9) [waiting]
[INFO]2021-04-21 10:16:37,049: task[607f8b032e6ed28d866e369f] update info: {'failMsg': '等待分配小车', 'updateTime': datetime.datetime(2021, 4, 21, 10, 16, 37, 33882)}
[INFO]2021-04-21 10:16:37,049: task[607f8b032e6ed28d866e369f] update info: {'failMsg': '等待分配小车', 'updateTime': datetime.datetime(2021, 4, 21, 10, 16, 37, 33882)}
[DEBUG]2021-04-21 10:16:37,254: task[607f8b032e6ed28d866e369f][-] AP29() -> LM9(LM9) [waitForAgv] waiting -> waitForAgv
[DEBUG]2021-04-21 10:16:37,254: task[607f8b032e6ed28d866e369f][-] AP29() -> LM9(LM9) [waitForAgv] waiting -> waitForAgv
[DEBUG]2021-04-21 10:16:38,414: GET: http://127.0.0.1:5551/api/agv/apply?appName=scadaTask_meiwei&autoLock=False&exclude&loc&mapId=AKM2F&taskId=607f8b032e6ed28d866e369f&timeout=10 addr: 127.0.0.1
[DEBUG]2021-04-21 10:16:38,414: GET: http://127.0.0.1:5551/api/agv/apply?appName=scadaTask_meiwei&autoLock=False&exclude&loc&mapId=AKM2F&taskId=607f8b032e6ed28d866e369f&timeout=10 addr: 127.0.0.1
[CRITICAL]2021-04-21 10:16:38,619: apply agv failed, count=0 cause a error: 'NoneType' object has no attribute 'find'
pid=16076, ppid=11592, tid=7500
Traceback (most recent call last):
  File "E:\projects_by_myself\MeiWei\agvCtrl\agvControl.py", line 1111, in apply
    agvId = _apply(mapId, autoLock, exclude, loc, taskId=taskId,appName=appName)
  File "E:\projects_by_myself\MeiWei\common\lock.py", line 120, in _call
    return func(*p,**pp)
  File "E:\projects_by_myself\MeiWei\agvCtrl\agvControl.py", line 1033, in _apply
    mapId2,loc = mapMgr.decodeLoc(loc)
  File "E:\projects_by_myself\MeiWei\agvCtrl\mapMgr.py", line 83, in decodeLoc
    index = loc.find(".")
AttributeError: 'NoneType' object has no attribute 'find'

[CRITICAL]2021-04-21 10:16:38,619: apply agv failed, count=0 cause a error: 'NoneType' object has no attribute 'find'
pid=16076, ppid=11592, tid=7500
Traceback (most recent call last):
  File "E:\projects_by_myself\MeiWei\agvCtrl\agvControl.py", line 1111, in apply
    agvId = _apply(mapId, autoLock, exclude, loc, taskId=taskId,appName=appName)
  File "E:\projects_by_myself\MeiWei\common\lock.py", line 120, in _call
    return func(*p,**pp)
  File "E:\projects_by_myself\MeiWei\agvCtrl\agvControl.py", line 1033, in _apply
    mapId2,loc = mapMgr.decodeLoc(loc)
  File "E:\projects_by_myself\MeiWei\agvCtrl\mapMgr.py", line 83, in decodeLoc
    index = loc.find(".")
AttributeError: 'NoneType' object has no attribute 'find'

[CRITICAL]2021-04-21 10:16:39,014: apply agv failed, count=1 cause a error: 'NoneType' object has no attribute 'find'
pid=16076, ppid=11592, tid=7500
Traceback (most recent call last):
  File "E:\projects_by_myself\MeiWei\agvCtrl\agvControl.py", line 1111, in apply
    agvId = _apply(mapId, autoLock, exclude, loc, taskId=taskId,appName=appName)
  File "E:\projects_by_myself\MeiWei\common\lock.py", line 120, in _call
    return func(*p,**pp)
  File "E:\projects_by_myself\MeiWei\agvCtrl\agvControl.py", line 1033, in _apply
    mapId2,loc = mapMgr.decodeLoc(loc)
  File "E:\projects_by_myself\MeiWei\agvCtrl\mapMgr.py", line 83, in decodeLoc
    index = loc.find(".")
AttributeError: 'NoneType' object has no attribute 'find'

[CRITICAL]2021-04-21 10:16:39,014: apply agv failed, count=1 cause a error: 'NoneType' object has no attribute 'find'
pid=16076, ppid=11592, tid=7500
Traceback (most recent call last):
  File "E:\projects_by_myself\MeiWei\agvCtrl\agvControl.py", line 1111, in apply
    agvId = _apply(mapId, autoLock, exclude, loc, taskId=taskId,appName=appName)
  File "E:\projects_by_myself\MeiWei\common\lock.py", line 120, in _call
    return func(*p,**pp)
  File "E:\projects_by_myself\MeiWei\agvCtrl\agvControl.py", line 1033, in _apply
    mapId2,loc = mapMgr.decodeLoc(loc)
  File "E:\projects_by_myself\MeiWei\agvCtrl\mapMgr.py", line 83, in decodeLoc
    index = loc.find(".")
AttributeError: 'NoneType' object has no attribute 'find'

[CRITICAL]2021-04-21 10:16:39,315: apply agv failed, count=2 cause a error: 'NoneType' object has no attribute 'find'
pid=16076, ppid=11592, tid=7500
Traceback (most recent call last):
  File "E:\projects_by_myself\MeiWei\agvCtrl\agvControl.py", line 1111, in apply
    agvId = _apply(mapId, autoLock, exclude, loc, taskId=taskId,appName=appName)
  File "E:\projects_by_myself\MeiWei\common\lock.py", line 120, in _call
    return func(*p,**pp)
  File "E:\projects_by_myself\MeiWei\agvCtrl\agvControl.py", line 1033, in _apply
    mapId2,loc = mapMgr.decodeLoc(loc)
  File "E:\projects_by_myself\MeiWei\agvCtrl\mapMgr.py", line 83, in decodeLoc
    index = loc.find(".")
AttributeError: 'NoneType' object has no attribute 'find'

[CRITICAL]2021-04-21 10:16:39,315: apply agv failed, count=2 cause a error: 'NoneType' object has no attribute 'find'
pid=16076, ppid=11592, tid=7500
Traceback (most recent call last):
  File "E:\projects_by_myself\MeiWei\agvCtrl\agvControl.py", line 1111, in apply
    agvId = _apply(mapId, autoLock, exclude, loc, taskId=taskId,appName=appName)
  File "E:\projects_by_myself\MeiWei\common\lock.py", line 120, in _call
    return func(*p,**pp)
  File "E:\projects_by_myself\MeiWei\agvCtrl\agvControl.py", line 1033, in _apply
    mapId2,loc = mapMgr.decodeLoc(loc)
  File "E:\projects_by_myself\MeiWei\agvCtrl\mapMgr.py", line 83, in decodeLoc
    index = loc.find(".")
AttributeError: 'NoneType' object has no attribute 'find'

[CRITICAL]2021-04-21 10:16:39,633: apply agv failed, count=3 cause a error: 'NoneType' object has no attribute 'find'
pid=16076, ppid=11592, tid=7500
Traceback (most recent call last):
  File "E:\projects_by_myself\MeiWei\agvCtrl\agvControl.py", line 1111, in apply
    agvId = _apply(mapId, autoLock, exclude, loc, taskId=taskId,appName=appName)
  File "E:\projects_by_myself\MeiWei\common\lock.py", line 120, in _call
    return func(*p,**pp)
  File "E:\projects_by_myself\MeiWei\agvCtrl\agvControl.py", line 1033, in _apply
    mapId2,loc = mapMgr.decodeLoc(loc)
  File "E:\projects_by_myself\MeiWei\agvCtrl\mapMgr.py", line 83, in decodeLoc
    index = loc.find(".")
AttributeError: 'NoneType' object has no attribute 'find'

[CRITICAL]2021-04-21 10:16:39,633: apply agv failed, count=3 cause a error: 'NoneType' object has no attribute 'find'
pid=16076, ppid=11592, tid=7500
Traceback (most recent call last):
  File "E:\projects_by_myself\MeiWei\agvCtrl\agvControl.py", line 1111, in apply
    agvId = _apply(mapId, autoLock, exclude, loc, taskId=taskId,appName=appName)
  File "E:\projects_by_myself\MeiWei\common\lock.py", line 120, in _call
    return func(*p,**pp)
  File "E:\projects_by_myself\MeiWei\agvCtrl\agvControl.py", line 1033, in _apply
    mapId2,loc = mapMgr.decodeLoc(loc)
  File "E:\projects_by_myself\MeiWei\agvCtrl\mapMgr.py", line 83, in decodeLoc
    index = loc.find(".")
AttributeError: 'NoneType' object has no attribute 'find'

[CRITICAL]2021-04-21 10:16:39,949: apply agv failed, count=4 cause a error: 'NoneType' object has no attribute 'find'
pid=16076, ppid=11592, tid=7500
Traceback (most recent call last):
  File "E:\projects_by_myself\MeiWei\agvCtrl\agvControl.py", line 1111, in apply
    agvId = _apply(mapId, autoLock, exclude, loc, taskId=taskId,appName=appName)
  File "E:\projects_by_myself\MeiWei\common\lock.py", line 120, in _call
    return func(*p,**pp)
  File "E:\projects_by_myself\MeiWei\agvCtrl\agvControl.py", line 1033, in _apply
    mapId2,loc = mapMgr.decodeLoc(loc)
  File "E:\projects_by_myself\MeiWei\agvCtrl\mapMgr.py", line 83, in decodeLoc
    index = loc.find(".")
AttributeError: 'NoneType' object has no attribute 'find'

[CRITICAL]2021-04-21 10:16:39,949: apply agv failed, count=4 cause a error: 'NoneType' object has no attribute 'find'
pid=16076, ppid=11592, tid=7500
Traceback (most recent call last):
  File "E:\projects_by_myself\MeiWei\agvCtrl\agvControl.py", line 1111, in apply
    agvId = _apply(mapId, autoLock, exclude, loc, taskId=taskId,appName=appName)
  File "E:\projects_by_myself\MeiWei\common\lock.py", line 120, in _call
    return func(*p,**pp)
  File "E:\projects_by_myself\MeiWei\agvCtrl\agvControl.py", line 1033, in _apply
    mapId2,loc = mapMgr.decodeLoc(loc)
  File "E:\projects_by_myself\MeiWei\agvCtrl\mapMgr.py", line 83, in decodeLoc
    index = loc.find(".")
AttributeError: 'NoneType' object has no attribute 'find'

[CRITICAL]2021-04-21 10:16:40,159: apply failed, count=1 cause a error: ('apply agv failed3!', 'taskId', '607f8b032e6ed28d866e369f', 'loc', None)
pid=16076, ppid=11592, tid=7500

[CRITICAL]2021-04-21 10:16:40,159: apply failed, count=1 cause a error: ('apply agv failed3!', 'taskId', '607f8b032e6ed28d866e369f', 'loc', None)
pid=16076, ppid=11592, tid=7500

[ERROR]2021-04-21 10:16:43,356: apply agv timeout
[ERROR]2021-04-21 10:16:43,356: apply agv timeout
[DEBUG]2021-04-21 10:16:43,595: used 5181ms 200 OK application/json;charset=utf-8, GET: http://127.0.0.1:5551/api/agv/apply?appName=scadaTask_meiwei&autoLock=False&exclude&loc&mapId=AKM2F&taskId=607f8b032e6ed28d866e369f&timeout=10
[DEBUG]2021-04-21 10:16:43,595: used 5181ms 200 OK application/json;charset=utf-8, GET: http://127.0.0.1:5551/api/agv/apply?appName=scadaTask_meiwei&autoLock=False&exclude&loc&mapId=AKM2F&taskId=607f8b032e6ed28d866e369f&timeout=10
[WARNING]2021-04-21 10:16:43,976: [task[607f8b032e6ed28d866e369f][-] AP29() -> LM9(LM9) [waitForAgv]] apply agv failed:
[WARNING]2021-04-21 10:16:43,976: [task[607f8b032e6ed28d866e369f][-] AP29() -> LM9(LM9) [waitForAgv]] apply agv failed:
[WARNING]2021-04-21 10:16:49,212: scada.607f8b032e6ed28d866e369f[tid:6436] <locked _thread.RLock object owner=6436 count=1 at 0x000002004313CD80> ,hold 10911 ms
[WARNING]2021-04-21 10:16:49,212: scada.607f8b032e6ed28d866e369f[tid:6436] <locked _thread.RLock object owner=6436 count=1 at 0x000002004313CD80> ,hold 10911 ms
[INFO]2021-04-21 10:16:49,800: name=scada.607f8b032e6ed28d866e369f, pid=16076, tid=6436
[01] File "E:/Users/Administrator/AppData/Local/Programs/Python/Python38/lib/threading.py", line 870, in run() 
[02] File "../common/utility.py", line 167, in __call() 
[03] File "E:/projects_by_myself/MeiWei/akmCtrl/beans/scadaTaskBean.py", line 563, in _taskFunc() 
[04] File "../common/lock.py", line 122, in _call() 
[05] File "../common/lock.py", line 100, in release() 
[06] File "E:/projects_by_myself/MeiWei/common/enhance.py", line 258, in getTrace() 
[07] File "E:/projects_by_myself/MeiWei/common/enhance.py", line 240, in getThreadStack()
[INFO]2021-04-21 10:16:49,800: name=scada.607f8b032e6ed28d866e369f, pid=16076, tid=6436
[01] File "E:/Users/Administrator/AppData/Local/Programs/Python/Python38/lib/threading.py", line 870, in run() 
[02] File "../common/utility.py", line 167, in __call() 
[03] File "E:/projects_by_myself/MeiWei/akmCtrl/beans/scadaTaskBean.py", line 563, in _taskFunc() 
[04] File "../common/lock.py", line 122, in _call() 
[05] File "../common/lock.py", line 100, in release() 
[06] File "E:/projects_by_myself/MeiWei/common/enhance.py", line 258, in getTrace() 
[07] File "E:/projects_by_myself/MeiWei/common/enhance.py", line 240, in getThreadStack()
[INFO]2021-04-21 10:16:50,086: task[607f8b032e6ed28d866e369f][-] AP29() -> LM9(LM9) [waitForAgv] waitForAgv error
[INFO]2021-04-21 10:16:50,086: task[607f8b032e6ed28d866e369f][-] AP29() -> LM9(LM9) [waitForAgv] waitForAgv error
[DEBUG]2021-04-21 10:16:52,418: GET: http://127.0.0.1:5551/api/agv/apply?appName=scadaTask_meiwei&autoLock=False&exclude&loc&mapId=AKM2F&taskId=607f8b032e6ed28d866e369f&timeout=10 addr: 127.0.0.1
[DEBUG]2021-04-21 10:16:52,418: GET: http://127.0.0.1:5551/api/agv/apply?appName=scadaTask_meiwei&autoLock=False&exclude&loc&mapId=AKM2F&taskId=607f8b032e6ed28d866e369f&timeout=10 addr: 127.0.0.1
[CRITICAL]2021-04-21 10:16:52,655: apply agv failed, count=0 cause a error: 'NoneType' object has no attribute 'find'
pid=16076, ppid=11592, tid=2932
Traceback (most recent call last):
  File "E:\projects_by_myself\MeiWei\agvCtrl\agvControl.py", line 1111, in apply
    agvId = _apply(mapId, autoLock, exclude, loc, taskId=taskId,appName=appName)
  File "E:\projects_by_myself\MeiWei\common\lock.py", line 120, in _call
    return func(*p,**pp)
  File "E:\projects_by_myself\MeiWei\agvCtrl\agvControl.py", line 1033, in _apply
    mapId2,loc = mapMgr.decodeLoc(loc)
  File "E:\projects_by_myself\MeiWei\agvCtrl\mapMgr.py", line 83, in decodeLoc
    index = loc.find(".")
AttributeError: 'NoneType' object has no attribute 'find'

[CRITICAL]2021-04-21 10:16:52,655: apply agv failed, count=0 cause a error: 'NoneType' object has no attribute 'find'
pid=16076, ppid=11592, tid=2932
Traceback (most recent call last):
  File "E:\projects_by_myself\MeiWei\agvCtrl\agvControl.py", line 1111, in apply
    agvId = _apply(mapId, autoLock, exclude, loc, taskId=taskId,appName=appName)
  File "E:\projects_by_myself\MeiWei\common\lock.py", line 120, in _call
    return func(*p,**pp)
  File "E:\projects_by_myself\MeiWei\agvCtrl\agvControl.py", line 1033, in _apply
    mapId2,loc = mapMgr.decodeLoc(loc)
  File "E:\projects_by_myself\MeiWei\agvCtrl\mapMgr.py", line 83, in decodeLoc
    index = loc.find(".")
AttributeError: 'NoneType' object has no attribute 'find'

[CRITICAL]2021-04-21 10:16:52,926: apply agv failed, count=1 cause a error: 'NoneType' object has no attribute 'find'
pid=16076, ppid=11592, tid=2932
Traceback (most recent call last):
  File "E:\projects_by_myself\MeiWei\agvCtrl\agvControl.py", line 1111, in apply
    agvId = _apply(mapId, autoLock, exclude, loc, taskId=taskId,appName=appName)
  File "E:\projects_by_myself\MeiWei\common\lock.py", line 120, in _call
    return func(*p,**pp)
  File "E:\projects_by_myself\MeiWei\agvCtrl\agvControl.py", line 1033, in _apply
    mapId2,loc = mapMgr.decodeLoc(loc)
  File "E:\projects_by_myself\MeiWei\agvCtrl\mapMgr.py", line 83, in decodeLoc
    index = loc.find(".")
AttributeError: 'NoneType' object has no attribute 'find'

[CRITICAL]2021-04-21 10:16:52,926: apply agv failed, count=1 cause a error: 'NoneType' object has no attribute 'find'
pid=16076, ppid=11592, tid=2932
Traceback (most recent call last):
  File "E:\projects_by_myself\MeiWei\agvCtrl\agvControl.py", line 1111, in apply
    agvId = _apply(mapId, autoLock, exclude, loc, taskId=taskId,appName=appName)
  File "E:\projects_by_myself\MeiWei\common\lock.py", line 120, in _call
    return func(*p,**pp)
  File "E:\projects_by_myself\MeiWei\agvCtrl\agvControl.py", line 1033, in _apply
    mapId2,loc = mapMgr.decodeLoc(loc)
  File "E:\projects_by_myself\MeiWei\agvCtrl\mapMgr.py", line 83, in decodeLoc
    index = loc.find(".")
AttributeError: 'NoneType' object has no attribute 'find'

[CRITICAL]2021-04-21 10:16:53,241: apply agv failed, count=2 cause a error: 'NoneType' object has no attribute 'find'
pid=16076, ppid=11592, tid=2932
Traceback (most recent call last):
  File "E:\projects_by_myself\MeiWei\agvCtrl\agvControl.py", line 1111, in apply
    agvId = _apply(mapId, autoLock, exclude, loc, taskId=taskId,appName=appName)
  File "E:\projects_by_myself\MeiWei\common\lock.py", line 120, in _call
    return func(*p,**pp)
  File "E:\projects_by_myself\MeiWei\agvCtrl\agvControl.py", line 1033, in _apply
    mapId2,loc = mapMgr.decodeLoc(loc)
  File "E:\projects_by_myself\MeiWei\agvCtrl\mapMgr.py", line 83, in decodeLoc
    index = loc.find(".")
AttributeError: 'NoneType' object has no attribute 'find'

[CRITICAL]2021-04-21 10:16:53,241: apply agv failed, count=2 cause a error: 'NoneType' object has no attribute 'find'
pid=16076, ppid=11592, tid=2932
Traceback (most recent call last):
  File "E:\projects_by_myself\MeiWei\agvCtrl\agvControl.py", line 1111, in apply
    agvId = _apply(mapId, autoLock, exclude, loc, taskId=taskId,appName=appName)
  File "E:\projects_by_myself\MeiWei\common\lock.py", line 120, in _call
    return func(*p,**pp)
  File "E:\projects_by_myself\MeiWei\agvCtrl\agvControl.py", line 1033, in _apply
    mapId2,loc = mapMgr.decodeLoc(loc)
  File "E:\projects_by_myself\MeiWei\agvCtrl\mapMgr.py", line 83, in decodeLoc
    index = loc.find(".")
AttributeError: 'NoneType' object has no attribute 'find'

[CRITICAL]2021-04-21 10:16:53,461: apply agv failed, count=3 cause a error: 'NoneType' object has no attribute 'find'
pid=16076, ppid=11592, tid=2932
Traceback (most recent call last):
  File "E:\projects_by_myself\MeiWei\agvCtrl\agvControl.py", line 1111, in apply
    agvId = _apply(mapId, autoLock, exclude, loc, taskId=taskId,appName=appName)
  File "E:\projects_by_myself\MeiWei\common\lock.py", line 120, in _call
    return func(*p,**pp)
  File "E:\projects_by_myself\MeiWei\agvCtrl\agvControl.py", line 1033, in _apply
    mapId2,loc = mapMgr.decodeLoc(loc)
  File "E:\projects_by_myself\MeiWei\agvCtrl\mapMgr.py", line 83, in decodeLoc
    index = loc.find(".")
AttributeError: 'NoneType' object has no attribute 'find'

[CRITICAL]2021-04-21 10:16:53,461: apply agv failed, count=3 cause a error: 'NoneType' object has no attribute 'find'
pid=16076, ppid=11592, tid=2932
Traceback (most recent call last):
  File "E:\projects_by_myself\MeiWei\agvCtrl\agvControl.py", line 1111, in apply
    agvId = _apply(mapId, autoLock, exclude, loc, taskId=taskId,appName=appName)
  File "E:\projects_by_myself\MeiWei\common\lock.py", line 120, in _call
    return func(*p,**pp)
  File "E:\projects_by_myself\MeiWei\agvCtrl\agvControl.py", line 1033, in _apply
    mapId2,loc = mapMgr.decodeLoc(loc)
  File "E:\projects_by_myself\MeiWei\agvCtrl\mapMgr.py", line 83, in decodeLoc
    index = loc.find(".")
AttributeError: 'NoneType' object has no attribute 'find'

[CRITICAL]2021-04-21 10:16:53,764: apply agv failed, count=4 cause a error: 'NoneType' object has no attribute 'find'
pid=16076, ppid=11592, tid=2932
Traceback (most recent call last):
  File "E:\projects_by_myself\MeiWei\agvCtrl\agvControl.py", line 1111, in apply
    agvId = _apply(mapId, autoLock, exclude, loc, taskId=taskId,appName=appName)
  File "E:\projects_by_myself\MeiWei\common\lock.py", line 120, in _call
    return func(*p,**pp)
  File "E:\projects_by_myself\MeiWei\agvCtrl\agvControl.py", line 1033, in _apply
    mapId2,loc = mapMgr.decodeLoc(loc)
  File "E:\projects_by_myself\MeiWei\agvCtrl\mapMgr.py", line 83, in decodeLoc
    index = loc.find(".")
AttributeError: 'NoneType' object has no attribute 'find'

[CRITICAL]2021-04-21 10:16:53,764: apply agv failed, count=4 cause a error: 'NoneType' object has no attribute 'find'
pid=16076, ppid=11592, tid=2932
Traceback (most recent call last):
  File "E:\projects_by_myself\MeiWei\agvCtrl\agvControl.py", line 1111, in apply
    agvId = _apply(mapId, autoLock, exclude, loc, taskId=taskId,appName=appName)
  File "E:\projects_by_myself\MeiWei\common\lock.py", line 120, in _call
    return func(*p,**pp)
  File "E:\projects_by_myself\MeiWei\agvCtrl\agvControl.py", line 1033, in _apply
    mapId2,loc = mapMgr.decodeLoc(loc)
  File "E:\projects_by_myself\MeiWei\agvCtrl\mapMgr.py", line 83, in decodeLoc
    index = loc.find(".")
AttributeError: 'NoneType' object has no attribute 'find'

[CRITICAL]2021-04-21 10:16:54,058: apply failed, count=1 cause a error: ('apply agv failed3!', 'taskId', '607f8b032e6ed28d866e369f', 'loc', None)
pid=16076, ppid=11592, tid=2932

[CRITICAL]2021-04-21 10:16:54,058: apply failed, count=1 cause a error: ('apply agv failed3!', 'taskId', '607f8b032e6ed28d866e369f', 'loc', None)
pid=16076, ppid=11592, tid=2932

[ERROR]2021-04-21 10:16:57,285: apply agv timeout
[ERROR]2021-04-21 10:16:57,285: apply agv timeout
[DEBUG]2021-04-21 10:16:57,443: used 5025ms 200 OK application/json;charset=utf-8, GET: http://127.0.0.1:5551/api/agv/apply?appName=scadaTask_meiwei&autoLock=False&exclude&loc&mapId=AKM2F&taskId=607f8b032e6ed28d866e369f&timeout=10
[DEBUG]2021-04-21 10:16:57,443: used 5025ms 200 OK application/json;charset=utf-8, GET: http://127.0.0.1:5551/api/agv/apply?appName=scadaTask_meiwei&autoLock=False&exclude&loc&mapId=AKM2F&taskId=607f8b032e6ed28d866e369f&timeout=10
[WARNING]2021-04-21 10:16:57,646: [task[607f8b032e6ed28d866e369f][-] AP29() -> LM9(LM9) [waitForAgv]] apply agv failed:
[WARNING]2021-04-21 10:16:57,646: [task[607f8b032e6ed28d866e369f][-] AP29() -> LM9(LM9) [waitForAgv]] apply agv failed:
[WARNING]2021-04-21 10:17:02,759: scada.607f8b032e6ed28d866e369f[tid:6436] <locked _thread.RLock object owner=6436 count=1 at 0x000002004313CD80> ,hold 10483 ms
[WARNING]2021-04-21 10:17:02,759: scada.607f8b032e6ed28d866e369f[tid:6436] <locked _thread.RLock object owner=6436 count=1 at 0x000002004313CD80> ,hold 10483 ms
[INFO]2021-04-21 10:17:03,069: name=scada.607f8b032e6ed28d866e369f, pid=16076, tid=6436
[01] File "E:/Users/Administrator/AppData/Local/Programs/Python/Python38/lib/threading.py", line 870, in run() 
[02] File "../common/utility.py", line 167, in __call() 
[03] File "E:/projects_by_myself/MeiWei/akmCtrl/beans/scadaTaskBean.py", line 563, in _taskFunc() 
[04] File "../common/lock.py", line 122, in _call() 
[05] File "../common/lock.py", line 100, in release() 
[06] File "E:/projects_by_myself/MeiWei/common/enhance.py", line 258, in getTrace() 
[07] File "E:/projects_by_myself/MeiWei/common/enhance.py", line 240, in getThreadStack()
[INFO]2021-04-21 10:17:03,069: name=scada.607f8b032e6ed28d866e369f, pid=16076, tid=6436
[01] File "E:/Users/Administrator/AppData/Local/Programs/Python/Python38/lib/threading.py", line 870, in run() 
[02] File "../common/utility.py", line 167, in __call() 
[03] File "E:/projects_by_myself/MeiWei/akmCtrl/beans/scadaTaskBean.py", line 563, in _taskFunc() 
[04] File "../common/lock.py", line 122, in _call() 
[05] File "../common/lock.py", line 100, in release() 
[06] File "E:/projects_by_myself/MeiWei/common/enhance.py", line 258, in getTrace() 
[07] File "E:/projects_by_myself/MeiWei/common/enhance.py", line 240, in getThreadStack()
[INFO]2021-04-21 10:17:03,313: task[607f8b032e6ed28d866e369f][-] AP29() -> LM9(LM9) [waitForAgv] waitForAgv error
[INFO]2021-04-21 10:17:03,313: task[607f8b032e6ed28d866e369f][-] AP29() -> LM9(LM9) [waitForAgv] waitForAgv error
[DEBUG]2021-04-21 10:17:05,607: GET: http://127.0.0.1:5551/api/agv/apply?appName=scadaTask_meiwei&autoLock=False&exclude&loc&mapId=AKM2F&taskId=607f8b032e6ed28d866e369f&timeout=10 addr: 127.0.0.1
[DEBUG]2021-04-21 10:17:05,607: GET: http://127.0.0.1:5551/api/agv/apply?appName=scadaTask_meiwei&autoLock=False&exclude&loc&mapId=AKM2F&taskId=607f8b032e6ed28d866e369f&timeout=10 addr: 127.0.0.1
[CRITICAL]2021-04-21 10:17:06,005: apply agv failed, count=0 cause a error: 'NoneType' object has no attribute 'find'
pid=16076, ppid=11592, tid=8408
Traceback (most recent call last):
  File "E:\projects_by_myself\MeiWei\agvCtrl\agvControl.py", line 1111, in apply
    agvId = _apply(mapId, autoLock, exclude, loc, taskId=taskId,appName=appName)
  File "E:\projects_by_myself\MeiWei\common\lock.py", line 120, in _call
    return func(*p,**pp)
  File "E:\projects_by_myself\MeiWei\agvCtrl\agvControl.py", line 1033, in _apply
    mapId2,loc = mapMgr.decodeLoc(loc)
  File "E:\projects_by_myself\MeiWei\agvCtrl\mapMgr.py", line 83, in decodeLoc
    index = loc.find(".")
AttributeError: 'NoneType' object has no attribute 'find'

[CRITICAL]2021-04-21 10:17:06,005: apply agv failed, count=0 cause a error: 'NoneType' object has no attribute 'find'
pid=16076, ppid=11592, tid=8408
Traceback (most recent call last):
  File "E:\projects_by_myself\MeiWei\agvCtrl\agvControl.py", line 1111, in apply
    agvId = _apply(mapId, autoLock, exclude, loc, taskId=taskId,appName=appName)
  File "E:\projects_by_myself\MeiWei\common\lock.py", line 120, in _call
    return func(*p,**pp)
  File "E:\projects_by_myself\MeiWei\agvCtrl\agvControl.py", line 1033, in _apply
    mapId2,loc = mapMgr.decodeLoc(loc)
  File "E:\projects_by_myself\MeiWei\agvCtrl\mapMgr.py", line 83, in decodeLoc
    index = loc.find(".")
AttributeError: 'NoneType' object has no attribute 'find'

[CRITICAL]2021-04-21 10:17:06,419: apply agv failed, count=1 cause a error: 'NoneType' object has no attribute 'find'
pid=16076, ppid=11592, tid=8408
Traceback (most recent call last):
  File "E:\projects_by_myself\MeiWei\agvCtrl\agvControl.py", line 1111, in apply
    agvId = _apply(mapId, autoLock, exclude, loc, taskId=taskId,appName=appName)
  File "E:\projects_by_myself\MeiWei\common\lock.py", line 120, in _call
    return func(*p,**pp)
  File "E:\projects_by_myself\MeiWei\agvCtrl\agvControl.py", line 1033, in _apply
    mapId2,loc = mapMgr.decodeLoc(loc)
  File "E:\projects_by_myself\MeiWei\agvCtrl\mapMgr.py", line 83, in decodeLoc
    index = loc.find(".")
AttributeError: 'NoneType' object has no attribute 'find'

[CRITICAL]2021-04-21 10:17:06,419: apply agv failed, count=1 cause a error: 'NoneType' object has no attribute 'find'
pid=16076, ppid=11592, tid=8408
Traceback (most recent call last):
  File "E:\projects_by_myself\MeiWei\agvCtrl\agvControl.py", line 1111, in apply
    agvId = _apply(mapId, autoLock, exclude, loc, taskId=taskId,appName=appName)
  File "E:\projects_by_myself\MeiWei\common\lock.py", line 120, in _call
    return func(*p,**pp)
  File "E:\projects_by_myself\MeiWei\agvCtrl\agvControl.py", line 1033, in _apply
    mapId2,loc = mapMgr.decodeLoc(loc)
  File "E:\projects_by_myself\MeiWei\agvCtrl\mapMgr.py", line 83, in decodeLoc
    index = loc.find(".")
AttributeError: 'NoneType' object has no attribute 'find'

[CRITICAL]2021-04-21 10:17:06,705: apply agv failed, count=2 cause a error: 'NoneType' object has no attribute 'find'
pid=16076, ppid=11592, tid=8408
Traceback (most recent call last):
  File "E:\projects_by_myself\MeiWei\agvCtrl\agvControl.py", line 1111, in apply
    agvId = _apply(mapId, autoLock, exclude, loc, taskId=taskId,appName=appName)
  File "E:\projects_by_myself\MeiWei\common\lock.py", line 120, in _call
    return func(*p,**pp)
  File "E:\projects_by_myself\MeiWei\agvCtrl\agvControl.py", line 1033, in _apply
    mapId2,loc = mapMgr.decodeLoc(loc)
  File "E:\projects_by_myself\MeiWei\agvCtrl\mapMgr.py", line 83, in decodeLoc
    index = loc.find(".")
AttributeError: 'NoneType' object has no attribute 'find'

[CRITICAL]2021-04-21 10:17:06,705: apply agv failed, count=2 cause a error: 'NoneType' object has no attribute 'find'
pid=16076, ppid=11592, tid=8408
Traceback (most recent call last):
  File "E:\projects_by_myself\MeiWei\agvCtrl\agvControl.py", line 1111, in apply
    agvId = _apply(mapId, autoLock, exclude, loc, taskId=taskId,appName=appName)
  File "E:\projects_by_myself\MeiWei\common\lock.py", line 120, in _call
    return func(*p,**pp)
  File "E:\projects_by_myself\MeiWei\agvCtrl\agvControl.py", line 1033, in _apply
    mapId2,loc = mapMgr.decodeLoc(loc)
  File "E:\projects_by_myself\MeiWei\agvCtrl\mapMgr.py", line 83, in decodeLoc
    index = loc.find(".")
AttributeError: 'NoneType' object has no attribute 'find'

[CRITICAL]2021-04-21 10:17:07,040: apply agv failed, count=3 cause a error: 'NoneType' object has no attribute 'find'
pid=16076, ppid=11592, tid=8408
Traceback (most recent call last):
  File "E:\projects_by_myself\MeiWei\agvCtrl\agvControl.py", line 1111, in apply
    agvId = _apply(mapId, autoLock, exclude, loc, taskId=taskId,appName=appName)
  File "E:\projects_by_myself\MeiWei\common\lock.py", line 120, in _call
    return func(*p,**pp)
  File "E:\projects_by_myself\MeiWei\agvCtrl\agvControl.py", line 1033, in _apply
    mapId2,loc = mapMgr.decodeLoc(loc)
  File "E:\projects_by_myself\MeiWei\agvCtrl\mapMgr.py", line 83, in decodeLoc
    index = loc.find(".")
AttributeError: 'NoneType' object has no attribute 'find'

[CRITICAL]2021-04-21 10:17:07,040: apply agv failed, count=3 cause a error: 'NoneType' object has no attribute 'find'
pid=16076, ppid=11592, tid=8408
Traceback (most recent call last):
  File "E:\projects_by_myself\MeiWei\agvCtrl\agvControl.py", line 1111, in apply
    agvId = _apply(mapId, autoLock, exclude, loc, taskId=taskId,appName=appName)
  File "E:\projects_by_myself\MeiWei\common\lock.py", line 120, in _call
    return func(*p,**pp)
  File "E:\projects_by_myself\MeiWei\agvCtrl\agvControl.py", line 1033, in _apply
    mapId2,loc = mapMgr.decodeLoc(loc)
  File "E:\projects_by_myself\MeiWei\agvCtrl\mapMgr.py", line 83, in decodeLoc
    index = loc.find(".")
AttributeError: 'NoneType' object has no attribute 'find'

[CRITICAL]2021-04-21 10:17:07,387: apply agv failed, count=4 cause a error: 'NoneType' object has no attribute 'find'
pid=16076, ppid=11592, tid=8408
Traceback (most recent call last):
  File "E:\projects_by_myself\MeiWei\agvCtrl\agvControl.py", line 1111, in apply
    agvId = _apply(mapId, autoLock, exclude, loc, taskId=taskId,appName=appName)
  File "E:\projects_by_myself\MeiWei\common\lock.py", line 120, in _call
    return func(*p,**pp)
  File "E:\projects_by_myself\MeiWei\agvCtrl\agvControl.py", line 1033, in _apply
    mapId2,loc = mapMgr.decodeLoc(loc)
  File "E:\projects_by_myself\MeiWei\agvCtrl\mapMgr.py", line 83, in decodeLoc
    index = loc.find(".")
AttributeError: 'NoneType' object has no attribute 'find'

[CRITICAL]2021-04-21 10:17:07,387: apply agv failed, count=4 cause a error: 'NoneType' object has no attribute 'find'
pid=16076, ppid=11592, tid=8408
Traceback (most recent call last):
  File "E:\projects_by_myself\MeiWei\agvCtrl\agvControl.py", line 1111, in apply
    agvId = _apply(mapId, autoLock, exclude, loc, taskId=taskId,appName=appName)
  File "E:\projects_by_myself\MeiWei\common\lock.py", line 120, in _call
    return func(*p,**pp)
  File "E:\projects_by_myself\MeiWei\agvCtrl\agvControl.py", line 1033, in _apply
    mapId2,loc = mapMgr.decodeLoc(loc)
  File "E:\projects_by_myself\MeiWei\agvCtrl\mapMgr.py", line 83, in decodeLoc
    index = loc.find(".")
AttributeError: 'NoneType' object has no attribute 'find'

[CRITICAL]2021-04-21 10:17:07,611: apply failed, count=1 cause a error: ('apply agv failed3!', 'taskId', '607f8b032e6ed28d866e369f', 'loc', None)
pid=16076, ppid=11592, tid=8408

[CRITICAL]2021-04-21 10:17:07,611: apply failed, count=1 cause a error: ('apply agv failed3!', 'taskId', '607f8b032e6ed28d866e369f', 'loc', None)
pid=16076, ppid=11592, tid=8408

[ERROR]2021-04-21 10:17:10,852: apply agv timeout
[ERROR]2021-04-21 10:17:10,852: apply agv timeout
[DEBUG]2021-04-21 10:17:11,029: used 5421ms 200 OK application/json;charset=utf-8, GET: http://127.0.0.1:5551/api/agv/apply?appName=scadaTask_meiwei&autoLock=False&exclude&loc&mapId=AKM2F&taskId=607f8b032e6ed28d866e369f&timeout=10
[DEBUG]2021-04-21 10:17:11,029: used 5421ms 200 OK application/json;charset=utf-8, GET: http://127.0.0.1:5551/api/agv/apply?appName=scadaTask_meiwei&autoLock=False&exclude&loc&mapId=AKM2F&taskId=607f8b032e6ed28d866e369f&timeout=10
[WARNING]2021-04-21 10:17:11,201: [task[607f8b032e6ed28d866e369f][-] AP29() -> LM9(LM9) [waitForAgv]] apply agv failed:
[WARNING]2021-04-21 10:17:11,201: [task[607f8b032e6ed28d866e369f][-] AP29() -> LM9(LM9) [waitForAgv]] apply agv failed:
[WARNING]2021-04-21 10:17:16,383: scada.607f8b032e6ed28d866e369f[tid:6436] <locked _thread.RLock object owner=6436 count=1 at 0x000002004313CD80> ,hold 10856 ms
[WARNING]2021-04-21 10:17:16,383: scada.607f8b032e6ed28d866e369f[tid:6436] <locked _thread.RLock object owner=6436 count=1 at 0x000002004313CD80> ,hold 10856 ms
[INFO]2021-04-21 10:17:16,635: name=scada.607f8b032e6ed28d866e369f, pid=16076, tid=6436
[01] File "E:/Users/Administrator/AppData/Local/Programs/Python/Python38/lib/threading.py", line 870, in run() 
[02] File "../common/utility.py", line 167, in __call() 
[03] File "E:/projects_by_myself/MeiWei/akmCtrl/beans/scadaTaskBean.py", line 563, in _taskFunc() 
[04] File "../common/lock.py", line 122, in _call() 
[05] File "../common/lock.py", line 100, in release() 
[06] File "E:/projects_by_myself/MeiWei/common/enhance.py", line 258, in getTrace() 
[07] File "E:/projects_by_myself/MeiWei/common/enhance.py", line 240, in getThreadStack()
[INFO]2021-04-21 10:17:16,635: name=scada.607f8b032e6ed28d866e369f, pid=16076, tid=6436
[01] File "E:/Users/Administrator/AppData/Local/Programs/Python/Python38/lib/threading.py", line 870, in run() 
[02] File "../common/utility.py", line 167, in __call() 
[03] File "E:/projects_by_myself/MeiWei/akmCtrl/beans/scadaTaskBean.py", line 563, in _taskFunc() 
[04] File "../common/lock.py", line 122, in _call() 
[05] File "../common/lock.py", line 100, in release() 
[06] File "E:/projects_by_myself/MeiWei/common/enhance.py", line 258, in getTrace() 
[07] File "E:/projects_by_myself/MeiWei/common/enhance.py", line 240, in getThreadStack()
[INFO]2021-04-21 10:17:16,825: task[607f8b032e6ed28d866e369f][-] AP29() -> LM9(LM9) [waitForAgv] waitForAgv error
[INFO]2021-04-21 10:17:16,825: task[607f8b032e6ed28d866e369f][-] AP29() -> LM9(LM9) [waitForAgv] waitForAgv error
[DEBUG]2021-04-21 10:17:19,122: GET: http://127.0.0.1:5551/api/agv/apply?appName=scadaTask_meiwei&autoLock=False&exclude&loc&mapId=AKM2F&taskId=607f8b032e6ed28d866e369f&timeout=10 addr: 127.0.0.1
[DEBUG]2021-04-21 10:17:19,122: GET: http://127.0.0.1:5551/api/agv/apply?appName=scadaTask_meiwei&autoLock=False&exclude&loc&mapId=AKM2F&taskId=607f8b032e6ed28d866e369f&timeout=10 addr: 127.0.0.1
[CRITICAL]2021-04-21 10:17:19,312: apply agv failed, count=0 cause a error: 'NoneType' object has no attribute 'find'
pid=16076, ppid=11592, tid=8964
Traceback (most recent call last):
  File "E:\projects_by_myself\MeiWei\agvCtrl\agvControl.py", line 1111, in apply
    agvId = _apply(mapId, autoLock, exclude, loc, taskId=taskId,appName=appName)
  File "E:\projects_by_myself\MeiWei\common\lock.py", line 120, in _call
    return func(*p,**pp)
  File "E:\projects_by_myself\MeiWei\agvCtrl\agvControl.py", line 1033, in _apply
    mapId2,loc = mapMgr.decodeLoc(loc)
  File "E:\projects_by_myself\MeiWei\agvCtrl\mapMgr.py", line 83, in decodeLoc
    index = loc.find(".")
AttributeError: 'NoneType' object has no attribute 'find'

[CRITICAL]2021-04-21 10:17:19,312: apply agv failed, count=0 cause a error: 'NoneType' object has no attribute 'find'
pid=16076, ppid=11592, tid=8964
Traceback (most recent call last):
  File "E:\projects_by_myself\MeiWei\agvCtrl\agvControl.py", line 1111, in apply
    agvId = _apply(mapId, autoLock, exclude, loc, taskId=taskId,appName=appName)
  File "E:\projects_by_myself\MeiWei\common\lock.py", line 120, in _call
    return func(*p,**pp)
  File "E:\projects_by_myself\MeiWei\agvCtrl\agvControl.py", line 1033, in _apply
    mapId2,loc = mapMgr.decodeLoc(loc)
  File "E:\projects_by_myself\MeiWei\agvCtrl\mapMgr.py", line 83, in decodeLoc
    index = loc.find(".")
AttributeError: 'NoneType' object has no attribute 'find'

[CRITICAL]2021-04-21 10:17:19,630: apply agv failed, count=1 cause a error: 'NoneType' object has no attribute 'find'
pid=16076, ppid=11592, tid=8964
Traceback (most recent call last):
  File "E:\projects_by_myself\MeiWei\agvCtrl\agvControl.py", line 1111, in apply
    agvId = _apply(mapId, autoLock, exclude, loc, taskId=taskId,appName=appName)
  File "E:\projects_by_myself\MeiWei\common\lock.py", line 120, in _call
    return func(*p,**pp)
  File "E:\projects_by_myself\MeiWei\agvCtrl\agvControl.py", line 1033, in _apply
    mapId2,loc = mapMgr.decodeLoc(loc)
  File "E:\projects_by_myself\MeiWei\agvCtrl\mapMgr.py", line 83, in decodeLoc
    index = loc.find(".")
AttributeError: 'NoneType' object has no attribute 'find'

[CRITICAL]2021-04-21 10:17:19,630: apply agv failed, count=1 cause a error: 'NoneType' object has no attribute 'find'
pid=16076, ppid=11592, tid=8964
Traceback (most recent call last):
  File "E:\projects_by_myself\MeiWei\agvCtrl\agvControl.py", line 1111, in apply
    agvId = _apply(mapId, autoLock, exclude, loc, taskId=taskId,appName=appName)
  File "E:\projects_by_myself\MeiWei\common\lock.py", line 120, in _call
    return func(*p,**pp)
  File "E:\projects_by_myself\MeiWei\agvCtrl\agvControl.py", line 1033, in _apply
    mapId2,loc = mapMgr.decodeLoc(loc)
  File "E:\projects_by_myself\MeiWei\agvCtrl\mapMgr.py", line 83, in decodeLoc
    index = loc.find(".")
AttributeError: 'NoneType' object has no attribute 'find'

[CRITICAL]2021-04-21 10:17:19,886: apply agv failed, count=2 cause a error: 'NoneType' object has no attribute 'find'
pid=16076, ppid=11592, tid=8964
Traceback (most recent call last):
  File "E:\projects_by_myself\MeiWei\agvCtrl\agvControl.py", line 1111, in apply
    agvId = _apply(mapId, autoLock, exclude, loc, taskId=taskId,appName=appName)
  File "E:\projects_by_myself\MeiWei\common\lock.py", line 120, in _call
    return func(*p,**pp)
  File "E:\projects_by_myself\MeiWei\agvCtrl\agvControl.py", line 1033, in _apply
    mapId2,loc = mapMgr.decodeLoc(loc)
  File "E:\projects_by_myself\MeiWei\agvCtrl\mapMgr.py", line 83, in decodeLoc
    index = loc.find(".")
AttributeError: 'NoneType' object has no attribute 'find'

[CRITICAL]2021-04-21 10:17:19,886: apply agv failed, count=2 cause a error: 'NoneType' object has no attribute 'find'
pid=16076, ppid=11592, tid=8964
Traceback (most recent call last):
  File "E:\projects_by_myself\MeiWei\agvCtrl\agvControl.py", line 1111, in apply
    agvId = _apply(mapId, autoLock, exclude, loc, taskId=taskId,appName=appName)
  File "E:\projects_by_myself\MeiWei\common\lock.py", line 120, in _call
    return func(*p,**pp)
  File "E:\projects_by_myself\MeiWei\agvCtrl\agvControl.py", line 1033, in _apply
    mapId2,loc = mapMgr.decodeLoc(loc)
  File "E:\projects_by_myself\MeiWei\agvCtrl\mapMgr.py", line 83, in decodeLoc
    index = loc.find(".")
AttributeError: 'NoneType' object has no attribute 'find'

[CRITICAL]2021-04-21 10:17:20,181: apply agv failed, count=3 cause a error: 'NoneType' object has no attribute 'find'
pid=16076, ppid=11592, tid=8964
Traceback (most recent call last):
  File "E:\projects_by_myself\MeiWei\agvCtrl\agvControl.py", line 1111, in apply
    agvId = _apply(mapId, autoLock, exclude, loc, taskId=taskId,appName=appName)
  File "E:\projects_by_myself\MeiWei\common\lock.py", line 120, in _call
    return func(*p,**pp)
  File "E:\projects_by_myself\MeiWei\agvCtrl\agvControl.py", line 1033, in _apply
    mapId2,loc = mapMgr.decodeLoc(loc)
  File "E:\projects_by_myself\MeiWei\agvCtrl\mapMgr.py", line 83, in decodeLoc
    index = loc.find(".")
AttributeError: 'NoneType' object has no attribute 'find'

[CRITICAL]2021-04-21 10:17:20,181: apply agv failed, count=3 cause a error: 'NoneType' object has no attribute 'find'
pid=16076, ppid=11592, tid=8964
Traceback (most recent call last):
  File "E:\projects_by_myself\MeiWei\agvCtrl\agvControl.py", line 1111, in apply
    agvId = _apply(mapId, autoLock, exclude, loc, taskId=taskId,appName=appName)
  File "E:\projects_by_myself\MeiWei\common\lock.py", line 120, in _call
    return func(*p,**pp)
  File "E:\projects_by_myself\MeiWei\agvCtrl\agvControl.py", line 1033, in _apply
    mapId2,loc = mapMgr.decodeLoc(loc)
  File "E:\projects_by_myself\MeiWei\agvCtrl\mapMgr.py", line 83, in decodeLoc
    index = loc.find(".")
AttributeError: 'NoneType' object has no attribute 'find'

[CRITICAL]2021-04-21 10:17:20,558: apply agv failed, count=4 cause a error: 'NoneType' object has no attribute 'find'
pid=16076, ppid=11592, tid=8964
Traceback (most recent call last):
  File "E:\projects_by_myself\MeiWei\agvCtrl\agvControl.py", line 1111, in apply
    agvId = _apply(mapId, autoLock, exclude, loc, taskId=taskId,appName=appName)
  File "E:\projects_by_myself\MeiWei\common\lock.py", line 120, in _call
    return func(*p,**pp)
  File "E:\projects_by_myself\MeiWei\agvCtrl\agvControl.py", line 1033, in _apply
    mapId2,loc = mapMgr.decodeLoc(loc)
  File "E:\projects_by_myself\MeiWei\agvCtrl\mapMgr.py", line 83, in decodeLoc
    index = loc.find(".")
AttributeError: 'NoneType' object has no attribute 'find'

[CRITICAL]2021-04-21 10:17:20,558: apply agv failed, count=4 cause a error: 'NoneType' object has no attribute 'find'
pid=16076, ppid=11592, tid=8964
Traceback (most recent call last):
  File "E:\projects_by_myself\MeiWei\agvCtrl\agvControl.py", line 1111, in apply
    agvId = _apply(mapId, autoLock, exclude, loc, taskId=taskId,appName=appName)
  File "E:\projects_by_myself\MeiWei\common\lock.py", line 120, in _call
    return func(*p,**pp)
  File "E:\projects_by_myself\MeiWei\agvCtrl\agvControl.py", line 1033, in _apply
    mapId2,loc = mapMgr.decodeLoc(loc)
  File "E:\projects_by_myself\MeiWei\agvCtrl\mapMgr.py", line 83, in decodeLoc
    index = loc.find(".")
AttributeError: 'NoneType' object has no attribute 'find'

[CRITICAL]2021-04-21 10:17:20,850: apply failed, count=1 cause a error: ('apply agv failed3!', 'taskId', '607f8b032e6ed28d866e369f', 'loc', None)
pid=16076, ppid=11592, tid=8964

[CRITICAL]2021-04-21 10:17:20,850: apply failed, count=1 cause a error: ('apply agv failed3!', 'taskId', '607f8b032e6ed28d866e369f', 'loc', None)
pid=16076, ppid=11592, tid=8964

[ERROR]2021-04-21 10:17:24,142: apply agv timeout
[ERROR]2021-04-21 10:17:24,142: apply agv timeout
[DEBUG]2021-04-21 10:17:24,315: used 5193ms 200 OK application/json;charset=utf-8, GET: http://127.0.0.1:5551/api/agv/apply?appName=scadaTask_meiwei&autoLock=False&exclude&loc&mapId=AKM2F&taskId=607f8b032e6ed28d866e369f&timeout=10
[DEBUG]2021-04-21 10:17:24,315: used 5193ms 200 OK application/json;charset=utf-8, GET: http://127.0.0.1:5551/api/agv/apply?appName=scadaTask_meiwei&autoLock=False&exclude&loc&mapId=AKM2F&taskId=607f8b032e6ed28d866e369f&timeout=10
[WARNING]2021-04-21 10:17:24,535: [task[607f8b032e6ed28d866e369f][-] AP29() -> LM9(LM9) [waitForAgv]] apply agv failed:
[WARNING]2021-04-21 10:17:24,535: [task[607f8b032e6ed28d866e369f][-] AP29() -> LM9(LM9) [waitForAgv]] apply agv failed:
[ERROR]2021-04-21 10:17:25,331: user press Ctrl+C, system quit!
[ERROR]2021-04-21 10:17:25,331: user press Ctrl+C, system quit!
[WARNING]2021-04-21 10:17:25,442: runTask:stop save file
[WARNING]2021-04-21 10:17:25,442: runTask:stop save file
[ERROR]2021-04-21 10:17:25,628: process exited, living 0:01:18.597802 seconds
[ERROR]2021-04-21 10:17:25,628: process exited, living 0:01:18.597802 seconds
