[INFO]2021-04-27 16:11:55,156: log files at E:\projects_by_myself\backup\MeiWei_back_0421\common\log
[INFO]2021-04-27 16:11:55,157: find module account.main_account
[INFO]2021-04-27 16:11:55,158: find module agvCtrl.main_agv
[INFO]2021-04-27 16:11:55,159: find module agvDevice.main_agvDevice
[INFO]2021-04-27 16:11:55,161: find module akmCtrl.main_akmCtrl
[INFO]2021-04-27 16:11:55,162: find module alarm.main_alarm
[INFO]2021-04-27 16:11:55,163: find module auth.main_auth
[INFO]2021-04-27 16:11:55,164: find module button.main_button
[INFO]2021-04-27 16:11:55,165: find module door.main_door
[INFO]2021-04-27 16:11:55,167: find module elevator.main_elevator
[INFO]2021-04-27 16:11:55,168: find module feed.main_feed_0427
[INFO]2021-04-27 16:11:55,170: find module remoteio.main_remoteio
[INFO]2021-04-27 16:11:55,171: import account.main_account
[INFO]2021-04-27 16:11:55,259: import agvCtrl.main_agv
[INFO]2021-04-27 16:11:55,594: create lock <lock name:doorMgr.lock,<unlocked _thread.RLock object owner=0 count=0 at 0x000001A7842D6F00>>
[INFO]2021-04-27 16:11:56,481: create lock <lock name:door.lock,<unlocked _thread.RLock object owner=0 count=0 at 0x000001A7842EE480>>
[INFO]2021-04-27 16:11:56,592: create lock <lock name:timer.lock_1818995438160,<unlocked _thread.RLock object owner=0 count=0 at 0x000001A78493B3C0>>
[ERROR]2021-04-27 16:11:56,604: mqtt is disabled
[INFO]2021-04-27 16:11:56,606: mqtt: subscribe [alarm/raise/+]
[INFO]2021-04-27 16:11:56,607: mqtt: subscribe [alarm/clear/+]
[INFO]2021-04-27 16:11:59,648: Mongodb connect to 127.0.0.1 port 27017
[INFO]2021-04-27 16:11:59,685: create lock <lock name:elevatorApi.g_lock,<unlocked _thread.RLock object owner=0 count=0 at 0x000001A784B56A80>>
[INFO]2021-04-27 16:11:59,688: create lock <lock name:elevatorMgr.lock,<unlocked _thread.RLock object owner=0 count=0 at 0x000001A784B4CDE0>>
[INFO]2021-04-27 16:11:59,880: create lock <lock name:mapMgr.lock,<unlocked _thread.RLock object owner=0 count=0 at 0x000001A784B64A20>>
[INFO]2021-04-27 16:12:00,171: create lock <lock name:agvList.g_agvLock,<unlocked _thread.RLock object owner=0 count=0 at 0x000001A784C20630>>
[INFO]2021-04-27 16:12:00,173: create lock <lock name:taskList.lock,<unlocked _thread.RLock object owner=0 count=0 at 0x000001A784CC0900>>
[INFO]2021-04-27 16:12:00,245: charge policy 1 , fix time
[INFO]2021-04-27 16:12:00,283: create lock <lock name:agvApi.g_lock,<unlocked _thread.RLock object owner=0 count=0 at 0x000001A784CCB4E0>>
[INFO]2021-04-27 16:12:00,838: start load map E:\projects_by_myself\backup\MeiWei_back_0421\agvCtrl\projects\AKMfloor\AKM2F.smap
[DEBUG]2021-04-27 16:12:00,950: elevator thread start
[INFO]2021-04-27 16:12:00,973: load map E:\projects_by_myself\backup\MeiWei_back_0421\agvCtrl\projects\AKMfloor\AKM2F.smap ,used 145 ms
[INFO]2021-04-27 16:12:00,983: start load map E:\projects_by_myself\backup\MeiWei_back_0421\agvCtrl\projects\AKMfloor\AKM4F.smap
[INFO]2021-04-27 16:12:01,059: load map E:\projects_by_myself\backup\MeiWei_back_0421\agvCtrl\projects\AKMfloor\AKM4F.smap ,used 85 ms
[INFO]2021-04-27 16:12:01,072: start load map E:\projects_by_myself\backup\MeiWei_back_0421\agvCtrl\projects\AKMfloor\akmsmtMap.smap
[INFO]2021-04-27 16:12:01,288: load map E:\projects_by_myself\backup\MeiWei_back_0421\agvCtrl\projects\AKMfloor\akmsmtMap.smap ,used 228 ms
[INFO]2021-04-27 16:12:01,297: start load map E:\projects_by_myself\backup\MeiWei_back_0421\agvCtrl\projects\AKMfloor\meiwei423.smap
[INFO]2021-04-27 16:12:01,374: load map E:\projects_by_myself\backup\MeiWei_back_0421\agvCtrl\projects\AKMfloor\meiwei423.smap ,used 86 ms
[INFO]2021-04-27 16:12:01,386: start load map E:\projects_by_myself\backup\MeiWei_back_0421\agvCtrl\projects\AKMfloor\untitled_20210420032952.smap
[INFO]2021-04-27 16:12:01,425: load map E:\projects_by_myself\backup\MeiWei_back_0421\agvCtrl\projects\AKMfloor\untitled_20210420032952.smap ,used 49 ms
[INFO]2021-04-27 16:12:01,430: import agvDevice.main_agvDevice
[INFO]2021-04-27 16:12:01,432: import akmCtrl.main_akmCtrl
[INFO]2021-04-27 16:12:01,451: create lock <lock name:runTasks.g_lock,<unlocked _thread.RLock object owner=0 count=0 at 0x000001A78373F0C0>>
[INFO]2021-04-27 16:12:01,466: create lock <lock name:agvApi.g_lock,<unlocked _thread.RLock object owner=0 count=0 at 0x000001A786147780>>
[INFO]2021-04-27 16:12:01,484: create lock <lock name:runTasks.pre_lock,<unlocked _thread.RLock object owner=0 count=0 at 0x000001A78743A960>>
[INFO]2021-04-27 16:12:01,486: create lock <lock name:timer.lock_1818976329840,<unlocked _thread.RLock object owner=0 count=0 at 0x000001A783702360>>
[INFO]2021-04-27 16:12:01,488: create lock <lock name:mapMgr.lock,<unlocked _thread.RLock object owner=0 count=0 at 0x000001A786269E40>>
[INFO]2021-04-27 16:12:01,957: import alarm.main_alarm
[INFO]2021-04-27 16:12:01,958: import auth.main_auth
[INFO]2021-04-27 16:12:01,968: import button.main_button
[INFO]2021-04-27 16:12:01,990: *******************进入按钮main方法
[INFO]2021-04-27 16:12:01,992: import door.main_door
[INFO]2021-04-27 16:12:01,996: import elevator.main_elevator
[INFO]2021-04-27 16:12:01,997: import feed.main_feed_0427
[INFO]2021-04-27 16:12:02,006: create lock <lock name:feedTask.g_lock,<unlocked _thread.RLock object owner=0 count=0 at 0x000001A7884921E0>>
[INFO]2021-04-27 16:12:02,077: import remoteio.main_remoteio
[SUCC]2021-04-27 16:12:02,088: utility start, pid=11488, ppid=17380
[DEBUG]2021-04-27 16:12:02,089: start timer
[INFO]2021-04-27 16:12:02,100: load agv file: E:\projects_by_myself\backup\MeiWei_back_0421\agvCtrl/projects/AKMfloor/agv.cfg
[INFO]2021-04-27 16:12:02,101: create lock <lock name:agvList.AGV30.lock,<unlocked _thread.RLock object owner=0 count=0 at 0x000001A7884AD210>>
[DEBUG]2021-04-27 16:12:02,104: create aliveObj AGV30 AGV离线异常 timeout 300
[INFO]2021-04-27 16:12:02,106: AGV30 start agvList run thread
[INFO]2021-04-27 16:12:02,106: AGV30 start agvList run2 thread
[INFO]2021-04-27 16:12:02,107: create lock <lock name:agv.AGV30.lock_status,<unlocked _thread.RLock object owner=0 count=0 at 0x000001A7884C5420>>
[DEBUG]2021-04-27 16:12:02,108: try connect AGV30 192.168.8.68:19204
[DEBUG]2021-04-27 16:12:02,110: start timer
[INFO]2021-04-27 16:12:02,112: add_ignore: taskStatus
[INFO]2021-04-27 16:12:02,112: add_ignore: api/elevator/status
[INFO]2021-04-27 16:12:02,113: add_ignore: scada/getTask
[DEBUG]2021-04-27 16:12:03,132: GET: http://127.0.0.1:5551/api/agv/init?appName=MeiWeiTask addr: 127.0.0.1
[INFO]2021-04-27 16:12:03,135: MeiWeiTask init client agvApi
[DEBUG]2021-04-27 16:12:03,141: used 8ms 200 OK application/json;charset=utf-8, GET: http://127.0.0.1:5551/api/agv/init?appName=MeiWeiTask
[DEBUG]2021-04-27 16:12:06,332: GET: http://127.0.0.1:5551/api/agv/startCharge?appName=MeiWeiTask addr: 127.0.0.1
[DEBUG]2021-04-27 16:12:06,411: used 79ms 200 OK application/json;charset=utf-8, GET: http://127.0.0.1:5551/api/agv/startCharge?appName=MeiWeiTask
[WARNING]2021-04-27 16:12:06,506: timer_thread[tid:16344] <lock name:runTasks.g_lock,<locked _thread.RLock object owner=16344 count=1 at 0x000001A78373F0C0>> ,hold 3382 ms
[INFO]2021-04-27 16:12:06,858: name=timer_thread, pid=11488, tid=16344
[01] File "E:/Users/Administrator/AppData/Local/Programs/Python/Python38/lib/threading.py", line 870, in run() 
[02] File "../common/mytimer.py", line 113, in _loop() 
[03] File "../common/lock.py", line 122, in _call() 
[04] File "../common/lock.py", line 100, in release() 
[05] File "E:/projects_by_myself/backup/MeiWei_back_0421/common/enhance.py", line 258, in getTrace() 
[06] File "E:/projects_by_myself/backup/MeiWei_back_0421/common/enhance.py", line 240, in getThreadStack()
[ERROR]2021-04-27 16:12:12,127: connect AGV30 failed timed out
[DEBUG]2021-04-27 16:12:12,221: try connect AGV30 192.168.8.68:19204
[ERROR]2021-04-27 16:12:22,395: connect AGV30 failed timed out
[INFO]2021-04-27 16:12:22,489: AGV30 checkLink failed 192.168.8.68 19204
[WARNING]2021-04-27 16:12:22,599: agvThread.AGV30[tid:14252] <lock name:agv.AGV30.lock_status,<locked _thread.RLock object owner=14252 count=1 at 0x000001A7884C5420>> ,hold 20491 ms
[INFO]2021-04-27 16:12:22,804: name=agvThread.AGV30, pid=11488, tid=14252
[01] File "E:/Users/Administrator/AppData/Local/Programs/Python/Python38/lib/threading.py", line 870, in run() 
[02] File "E:/projects_by_myself/backup/MeiWei_back_0421/agvCtrl/agvList.py", line 570, in run() 
[03] File "../driver/seerAgv_0427/agvCtrl.py", line 43, in checkLink() 
[04] File "../driver/seerAgv_0427/agvApi.py", line 186, in checkLink() 
[05] File "E:/projects_by_myself/backup/MeiWei_back_0421/common/lock.py", line 100, in release() 
[06] File "E:/projects_by_myself/backup/MeiWei_back_0421/common/enhance.py", line 258, in getTrace() 
[07] File "E:/projects_by_myself/backup/MeiWei_back_0421/common/enhance.py", line 240, in getThreadStack()
[DEBUG]2021-04-27 16:12:24,919: try connect AGV30 192.168.8.68:19204
[ERROR]2021-04-27 16:12:35,072: connect AGV30 failed timed out
[INFO]2021-04-27 16:12:35,152: AGV30 checkLink failed 192.168.8.68 19204
[WARNING]2021-04-27 16:12:35,261: agvThread.AGV30[tid:14252] <lock name:agv.AGV30.lock_status,<locked _thread.RLock object owner=14252 count=1 at 0x000001A7884C5420>> ,hold 10342 ms
[INFO]2021-04-27 16:12:35,403: name=agvThread.AGV30, pid=11488, tid=14252
[01] File "E:/Users/Administrator/AppData/Local/Programs/Python/Python38/lib/threading.py", line 870, in run() 
[02] File "E:/projects_by_myself/backup/MeiWei_back_0421/agvCtrl/agvList.py", line 570, in run() 
[03] File "../driver/seerAgv_0427/agvCtrl.py", line 43, in checkLink() 
[04] File "../driver/seerAgv_0427/agvApi.py", line 186, in checkLink() 
[05] File "E:/projects_by_myself/backup/MeiWei_back_0421/common/lock.py", line 100, in release() 
[06] File "E:/projects_by_myself/backup/MeiWei_back_0421/common/enhance.py", line 258, in getTrace() 
[07] File "E:/projects_by_myself/backup/MeiWei_back_0421/common/enhance.py", line 240, in getThreadStack()
[DEBUG]2021-04-27 16:12:37,538: try connect AGV30 192.168.8.68:19204
[ERROR]2021-04-27 16:12:47,695: connect AGV30 failed timed out
[INFO]2021-04-27 16:12:47,790: AGV30 checkLink failed 192.168.8.68 19204
[WARNING]2021-04-27 16:12:47,869: agvThread.AGV30[tid:14252] <lock name:agv.AGV30.lock_status,<locked _thread.RLock object owner=14252 count=1 at 0x000001A7884C5420>> ,hold 10331 ms
[INFO]2021-04-27 16:12:48,043: name=agvThread.AGV30, pid=11488, tid=14252
[01] File "E:/Users/Administrator/AppData/Local/Programs/Python/Python38/lib/threading.py", line 870, in run() 
[02] File "E:/projects_by_myself/backup/MeiWei_back_0421/agvCtrl/agvList.py", line 570, in run() 
[03] File "../driver/seerAgv_0427/agvCtrl.py", line 43, in checkLink() 
[04] File "../driver/seerAgv_0427/agvApi.py", line 186, in checkLink() 
[05] File "E:/projects_by_myself/backup/MeiWei_back_0421/common/lock.py", line 100, in release() 
[06] File "E:/projects_by_myself/backup/MeiWei_back_0421/common/enhance.py", line 258, in getTrace() 
[07] File "E:/projects_by_myself/backup/MeiWei_back_0421/common/enhance.py", line 240, in getThreadStack()
[DEBUG]2021-04-27 16:12:50,141: try connect AGV30 192.168.8.68:19204
[ERROR]2021-04-27 16:13:00,433: connect AGV30 failed timed out
[INFO]2021-04-27 16:13:00,529: AGV30 checkLink failed 192.168.8.68 19204
[WARNING]2021-04-27 16:13:00,609: agvThread.AGV30[tid:14252] <lock name:agv.AGV30.lock_status,<locked _thread.RLock object owner=14252 count=1 at 0x000001A7884C5420>> ,hold 10468 ms
[INFO]2021-04-27 16:13:00,785: name=agvThread.AGV30, pid=11488, tid=14252
[01] File "E:/Users/Administrator/AppData/Local/Programs/Python/Python38/lib/threading.py", line 870, in run() 
[02] File "E:/projects_by_myself/backup/MeiWei_back_0421/agvCtrl/agvList.py", line 570, in run() 
[03] File "../driver/seerAgv_0427/agvCtrl.py", line 43, in checkLink() 
[04] File "../driver/seerAgv_0427/agvApi.py", line 186, in checkLink() 
[05] File "E:/projects_by_myself/backup/MeiWei_back_0421/common/lock.py", line 100, in release() 
[06] File "E:/projects_by_myself/backup/MeiWei_back_0421/common/enhance.py", line 258, in getTrace() 
[07] File "E:/projects_by_myself/backup/MeiWei_back_0421/common/enhance.py", line 240, in getThreadStack()
[DEBUG]2021-04-27 16:13:02,929: try connect AGV30 192.168.8.68:19204
[ERROR]2021-04-27 16:13:13,077: connect AGV30 failed timed out
[INFO]2021-04-27 16:13:13,157: AGV30 checkLink failed 192.168.8.68 19204
[WARNING]2021-04-27 16:13:13,237: agvThread.AGV30[tid:14252] <lock name:agv.AGV30.lock_status,<locked _thread.RLock object owner=14252 count=1 at 0x000001A7884C5420>> ,hold 10308 ms
[INFO]2021-04-27 16:13:13,524: name=agvThread.AGV30, pid=11488, tid=14252
[01] File "E:/Users/Administrator/AppData/Local/Programs/Python/Python38/lib/threading.py", line 870, in run() 
[02] File "E:/projects_by_myself/backup/MeiWei_back_0421/agvCtrl/agvList.py", line 570, in run() 
[03] File "../driver/seerAgv_0427/agvCtrl.py", line 43, in checkLink() 
[04] File "../driver/seerAgv_0427/agvApi.py", line 186, in checkLink() 
[05] File "E:/projects_by_myself/backup/MeiWei_back_0421/common/lock.py", line 100, in release() 
[06] File "E:/projects_by_myself/backup/MeiWei_back_0421/common/enhance.py", line 258, in getTrace() 
[07] File "E:/projects_by_myself/backup/MeiWei_back_0421/common/enhance.py", line 240, in getThreadStack()
[DEBUG]2021-04-27 16:13:15,649: try connect AGV30 192.168.8.68:19204
[ERROR]2021-04-27 16:13:25,771: connect AGV30 failed timed out
[INFO]2021-04-27 16:13:25,867: AGV30 checkLink failed 192.168.8.68 19204
[WARNING]2021-04-27 16:13:25,961: agvThread.AGV30[tid:14252] <lock name:agv.AGV30.lock_status,<locked _thread.RLock object owner=14252 count=1 at 0x000001A7884C5420>> ,hold 10312 ms
[INFO]2021-04-27 16:13:26,136: name=agvThread.AGV30, pid=11488, tid=14252
[01] File "E:/Users/Administrator/AppData/Local/Programs/Python/Python38/lib/threading.py", line 870, in run() 
[02] File "E:/projects_by_myself/backup/MeiWei_back_0421/agvCtrl/agvList.py", line 570, in run() 
[03] File "../driver/seerAgv_0427/agvCtrl.py", line 43, in checkLink() 
[04] File "../driver/seerAgv_0427/agvApi.py", line 186, in checkLink() 
[05] File "E:/projects_by_myself/backup/MeiWei_back_0421/common/lock.py", line 100, in release() 
[06] File "E:/projects_by_myself/backup/MeiWei_back_0421/common/enhance.py", line 258, in getTrace() 
[07] File "E:/projects_by_myself/backup/MeiWei_back_0421/common/enhance.py", line 240, in getThreadStack()
[DEBUG]2021-04-27 16:13:28,243: try connect AGV30 192.168.8.68:19204
[ERROR]2021-04-27 16:13:38,464: connect AGV30 failed timed out
[INFO]2021-04-27 16:13:38,544: AGV30 checkLink failed 192.168.8.68 19204
[WARNING]2021-04-27 16:13:38,640: agvThread.AGV30[tid:14252] <lock name:agv.AGV30.lock_status,<locked _thread.RLock object owner=14252 count=1 at 0x000001A7884C5420>> ,hold 10397 ms
[INFO]2021-04-27 16:13:38,783: name=agvThread.AGV30, pid=11488, tid=14252
[01] File "E:/Users/Administrator/AppData/Local/Programs/Python/Python38/lib/threading.py", line 870, in run() 
[02] File "E:/projects_by_myself/backup/MeiWei_back_0421/agvCtrl/agvList.py", line 570, in run() 
[03] File "../driver/seerAgv_0427/agvCtrl.py", line 43, in checkLink() 
[04] File "../driver/seerAgv_0427/agvApi.py", line 186, in checkLink() 
[05] File "E:/projects_by_myself/backup/MeiWei_back_0421/common/lock.py", line 100, in release() 
[06] File "E:/projects_by_myself/backup/MeiWei_back_0421/common/enhance.py", line 258, in getTrace() 
[07] File "E:/projects_by_myself/backup/MeiWei_back_0421/common/enhance.py", line 240, in getThreadStack()
[DEBUG]2021-04-27 16:13:40,906: try connect AGV30 192.168.8.68:19204
[ERROR]2021-04-27 16:13:51,073: connect AGV30 failed timed out
[INFO]2021-04-27 16:13:51,153: AGV30 checkLink failed 192.168.8.68 19204
[WARNING]2021-04-27 16:13:51,248: agvThread.AGV30[tid:14252] <lock name:agv.AGV30.lock_status,<locked _thread.RLock object owner=14252 count=1 at 0x000001A7884C5420>> ,hold 10342 ms
[INFO]2021-04-27 16:13:51,423: name=agvThread.AGV30, pid=11488, tid=14252
[01] File "E:/Users/Administrator/AppData/Local/Programs/Python/Python38/lib/threading.py", line 870, in run() 
[02] File "E:/projects_by_myself/backup/MeiWei_back_0421/agvCtrl/agvList.py", line 570, in run() 
[03] File "../driver/seerAgv_0427/agvCtrl.py", line 43, in checkLink() 
[04] File "../driver/seerAgv_0427/agvApi.py", line 186, in checkLink() 
[05] File "E:/projects_by_myself/backup/MeiWei_back_0421/common/lock.py", line 100, in release() 
[06] File "E:/projects_by_myself/backup/MeiWei_back_0421/common/enhance.py", line 258, in getTrace() 
[07] File "E:/projects_by_myself/backup/MeiWei_back_0421/common/enhance.py", line 240, in getThreadStack()
[DEBUG]2021-04-27 16:13:53,532: try connect AGV30 192.168.8.68:19204
[ERROR]2021-04-27 16:14:03,632: connect AGV30 failed timed out
[INFO]2021-04-27 16:14:03,760: AGV30 checkLink failed 192.168.8.68 19204
[WARNING]2021-04-27 16:14:03,856: agvThread.AGV30[tid:14252] <lock name:agv.AGV30.lock_status,<locked _thread.RLock object owner=14252 count=1 at 0x000001A7884C5420>> ,hold 10324 ms
[INFO]2021-04-27 16:14:04,047: name=agvThread.AGV30, pid=11488, tid=14252
[01] File "E:/Users/Administrator/AppData/Local/Programs/Python/Python38/lib/threading.py", line 870, in run() 
[02] File "E:/projects_by_myself/backup/MeiWei_back_0421/agvCtrl/agvList.py", line 570, in run() 
[03] File "../driver/seerAgv_0427/agvCtrl.py", line 43, in checkLink() 
[04] File "../driver/seerAgv_0427/agvApi.py", line 186, in checkLink() 
[05] File "E:/projects_by_myself/backup/MeiWei_back_0421/common/lock.py", line 100, in release() 
[06] File "E:/projects_by_myself/backup/MeiWei_back_0421/common/enhance.py", line 258, in getTrace() 
[07] File "E:/projects_by_myself/backup/MeiWei_back_0421/common/enhance.py", line 240, in getThreadStack()
[DEBUG]2021-04-27 16:14:06,153: try connect AGV30 192.168.8.68:19204
[ERROR]2021-04-27 16:14:16,304: connect AGV30 failed timed out
[INFO]2021-04-27 16:14:16,383: AGV30 checkLink failed 192.168.8.68 19204
[WARNING]2021-04-27 16:14:16,495: agvThread.AGV30[tid:14252] <lock name:agv.AGV30.lock_status,<locked _thread.RLock object owner=14252 count=1 at 0x000001A7884C5420>> ,hold 10342 ms
[INFO]2021-04-27 16:14:16,671: name=agvThread.AGV30, pid=11488, tid=14252
[01] File "E:/Users/Administrator/AppData/Local/Programs/Python/Python38/lib/threading.py", line 870, in run() 
[02] File "E:/projects_by_myself/backup/MeiWei_back_0421/agvCtrl/agvList.py", line 570, in run() 
[03] File "../driver/seerAgv_0427/agvCtrl.py", line 43, in checkLink() 
[04] File "../driver/seerAgv_0427/agvApi.py", line 186, in checkLink() 
[05] File "E:/projects_by_myself/backup/MeiWei_back_0421/common/lock.py", line 100, in release() 
[06] File "E:/projects_by_myself/backup/MeiWei_back_0421/common/enhance.py", line 258, in getTrace() 
[07] File "E:/projects_by_myself/backup/MeiWei_back_0421/common/enhance.py", line 240, in getThreadStack()
[DEBUG]2021-04-27 16:14:18,815: try connect AGV30 192.168.8.68:19204
[ERROR]2021-04-27 16:14:28,942: connect AGV30 failed timed out
[INFO]2021-04-27 16:14:29,038: AGV30 checkLink failed 192.168.8.68 19204
[WARNING]2021-04-27 16:14:29,118: agvThread.AGV30[tid:14252] <lock name:agv.AGV30.lock_status,<locked _thread.RLock object owner=14252 count=1 at 0x000001A7884C5420>> ,hold 10303 ms
[INFO]2021-04-27 16:14:29,325: name=agvThread.AGV30, pid=11488, tid=14252
[01] File "E:/Users/Administrator/AppData/Local/Programs/Python/Python38/lib/threading.py", line 870, in run() 
[02] File "E:/projects_by_myself/backup/MeiWei_back_0421/agvCtrl/agvList.py", line 570, in run() 
[03] File "../driver/seerAgv_0427/agvCtrl.py", line 43, in checkLink() 
[04] File "../driver/seerAgv_0427/agvApi.py", line 186, in checkLink() 
[05] File "E:/projects_by_myself/backup/MeiWei_back_0421/common/lock.py", line 100, in release() 
[06] File "E:/projects_by_myself/backup/MeiWei_back_0421/common/enhance.py", line 258, in getTrace() 
[07] File "E:/projects_by_myself/backup/MeiWei_back_0421/common/enhance.py", line 240, in getThreadStack()
[DEBUG]2021-04-27 16:14:31,461: try connect AGV30 192.168.8.68:19204
[ERROR]2021-04-27 16:14:41,586: connect AGV30 failed timed out
[INFO]2021-04-27 16:14:41,698: AGV30 checkLink failed 192.168.8.68 19204
[WARNING]2021-04-27 16:14:41,778: agvThread.AGV30[tid:14252] <lock name:agv.AGV30.lock_status,<locked _thread.RLock object owner=14252 count=1 at 0x000001A7884C5420>> ,hold 10317 ms
[INFO]2021-04-27 16:14:41,953: name=agvThread.AGV30, pid=11488, tid=14252
[01] File "E:/Users/Administrator/AppData/Local/Programs/Python/Python38/lib/threading.py", line 870, in run() 
[02] File "E:/projects_by_myself/backup/MeiWei_back_0421/agvCtrl/agvList.py", line 570, in run() 
[03] File "../driver/seerAgv_0427/agvCtrl.py", line 43, in checkLink() 
[04] File "../driver/seerAgv_0427/agvApi.py", line 186, in checkLink() 
[05] File "E:/projects_by_myself/backup/MeiWei_back_0421/common/lock.py", line 100, in release() 
[06] File "E:/projects_by_myself/backup/MeiWei_back_0421/common/enhance.py", line 258, in getTrace() 
[07] File "E:/projects_by_myself/backup/MeiWei_back_0421/common/enhance.py", line 240, in getThreadStack()
[DEBUG]2021-04-27 16:14:44,050: try connect AGV30 192.168.8.68:19204
[ERROR]2021-04-27 16:14:54,249: connect AGV30 failed timed out
[INFO]2021-04-27 16:14:54,312: AGV30 checkLink failed 192.168.8.68 19204
[WARNING]2021-04-27 16:14:54,374: agvThread.AGV30[tid:14252] <lock name:agv.AGV30.lock_status,<locked _thread.RLock object owner=14252 count=1 at 0x000001A7884C5420>> ,hold 10324 ms
[INFO]2021-04-27 16:14:54,518: name=agvThread.AGV30, pid=11488, tid=14252
[01] File "E:/Users/Administrator/AppData/Local/Programs/Python/Python38/lib/threading.py", line 870, in run() 
[02] File "E:/projects_by_myself/backup/MeiWei_back_0421/agvCtrl/agvList.py", line 570, in run() 
[03] File "../driver/seerAgv_0427/agvCtrl.py", line 43, in checkLink() 
[04] File "../driver/seerAgv_0427/agvApi.py", line 186, in checkLink() 
[05] File "E:/projects_by_myself/backup/MeiWei_back_0421/common/lock.py", line 100, in release() 
[06] File "E:/projects_by_myself/backup/MeiWei_back_0421/common/enhance.py", line 258, in getTrace() 
[07] File "E:/projects_by_myself/backup/MeiWei_back_0421/common/enhance.py", line 240, in getThreadStack()
[DEBUG]2021-04-27 16:14:56,628: try connect AGV30 192.168.8.68:19204
[ERROR]2021-04-27 16:15:06,740: connect AGV30 failed timed out
[INFO]2021-04-27 16:15:06,836: AGV30 checkLink failed 192.168.8.68 19204
[WARNING]2021-04-27 16:15:06,914: agvThread.AGV30[tid:14252] <lock name:agv.AGV30.lock_status,<locked _thread.RLock object owner=14252 count=1 at 0x000001A7884C5420>> ,hold 10286 ms
[INFO]2021-04-27 16:15:07,088: name=agvThread.AGV30, pid=11488, tid=14252
[01] File "E:/Users/Administrator/AppData/Local/Programs/Python/Python38/lib/threading.py", line 870, in run() 
[02] File "E:/projects_by_myself/backup/MeiWei_back_0421/agvCtrl/agvList.py", line 570, in run() 
[03] File "../driver/seerAgv_0427/agvCtrl.py", line 43, in checkLink() 
[04] File "../driver/seerAgv_0427/agvApi.py", line 186, in checkLink() 
[05] File "E:/projects_by_myself/backup/MeiWei_back_0421/common/lock.py", line 100, in release() 
[06] File "E:/projects_by_myself/backup/MeiWei_back_0421/common/enhance.py", line 258, in getTrace() 
[07] File "E:/projects_by_myself/backup/MeiWei_back_0421/common/enhance.py", line 240, in getThreadStack()
[DEBUG]2021-04-27 16:15:09,219: try connect AGV30 192.168.8.68:19204
[ERROR]2021-04-27 16:15:19,364: connect AGV30 failed timed out
[INFO]2021-04-27 16:15:19,443: AGV30 checkLink failed 192.168.8.68 19204
[WARNING]2021-04-27 16:15:19,538: agvThread.AGV30[tid:14252] <lock name:agv.AGV30.lock_status,<locked _thread.RLock object owner=14252 count=1 at 0x000001A7884C5420>> ,hold 10319 ms
[INFO]2021-04-27 16:15:19,730: name=agvThread.AGV30, pid=11488, tid=14252
[01] File "E:/Users/Administrator/AppData/Local/Programs/Python/Python38/lib/threading.py", line 870, in run() 
[02] File "E:/projects_by_myself/backup/MeiWei_back_0421/agvCtrl/agvList.py", line 570, in run() 
[03] File "../driver/seerAgv_0427/agvCtrl.py", line 43, in checkLink() 
[04] File "../driver/seerAgv_0427/agvApi.py", line 186, in checkLink() 
[05] File "E:/projects_by_myself/backup/MeiWei_back_0421/common/lock.py", line 100, in release() 
[06] File "E:/projects_by_myself/backup/MeiWei_back_0421/common/enhance.py", line 258, in getTrace() 
[07] File "E:/projects_by_myself/backup/MeiWei_back_0421/common/enhance.py", line 240, in getThreadStack()
[DEBUG]2021-04-27 16:15:21,846: try connect AGV30 192.168.8.68:19204
[ERROR]2021-04-27 16:15:32,025: connect AGV30 failed timed out
[INFO]2021-04-27 16:15:32,088: AGV30 checkLink failed 192.168.8.68 19204
[WARNING]2021-04-27 16:15:32,204: agvThread.AGV30[tid:14252] <lock name:agv.AGV30.lock_status,<locked _thread.RLock object owner=14252 count=1 at 0x000001A7884C5420>> ,hold 10358 ms
[INFO]2021-04-27 16:15:32,539: name=agvThread.AGV30, pid=11488, tid=14252
[01] File "E:/Users/Administrator/AppData/Local/Programs/Python/Python38/lib/threading.py", line 870, in run() 
[02] File "E:/projects_by_myself/backup/MeiWei_back_0421/agvCtrl/agvList.py", line 570, in run() 
[03] File "../driver/seerAgv_0427/agvCtrl.py", line 43, in checkLink() 
[04] File "../driver/seerAgv_0427/agvApi.py", line 186, in checkLink() 
[05] File "E:/projects_by_myself/backup/MeiWei_back_0421/common/lock.py", line 100, in release() 
[06] File "E:/projects_by_myself/backup/MeiWei_back_0421/common/enhance.py", line 258, in getTrace() 
[07] File "E:/projects_by_myself/backup/MeiWei_back_0421/common/enhance.py", line 240, in getThreadStack()
[DEBUG]2021-04-27 16:15:34,683: try connect AGV30 192.168.8.68:19204
[ERROR]2021-04-27 16:15:44,872: connect AGV30 failed timed out
[INFO]2021-04-27 16:15:44,967: AGV30 checkLink failed 192.168.8.68 19204
[WARNING]2021-04-27 16:15:45,029: agvThread.AGV30[tid:14252] <lock name:agv.AGV30.lock_status,<locked _thread.RLock object owner=14252 count=1 at 0x000001A7884C5420>> ,hold 10346 ms
[INFO]2021-04-27 16:15:45,155: name=agvThread.AGV30, pid=11488, tid=14252
[01] File "E:/Users/Administrator/AppData/Local/Programs/Python/Python38/lib/threading.py", line 870, in run() 
[02] File "E:/projects_by_myself/backup/MeiWei_back_0421/agvCtrl/agvList.py", line 570, in run() 
[03] File "../driver/seerAgv_0427/agvCtrl.py", line 43, in checkLink() 
[04] File "../driver/seerAgv_0427/agvApi.py", line 186, in checkLink() 
[05] File "E:/projects_by_myself/backup/MeiWei_back_0421/common/lock.py", line 100, in release() 
[06] File "E:/projects_by_myself/backup/MeiWei_back_0421/common/enhance.py", line 258, in getTrace() 
[07] File "E:/projects_by_myself/backup/MeiWei_back_0421/common/enhance.py", line 240, in getThreadStack()
[DEBUG]2021-04-27 16:15:47,242: try connect AGV30 192.168.8.68:19204
[ERROR]2021-04-27 16:15:57,397: connect AGV30 failed timed out
[INFO]2021-04-27 16:15:57,537: AGV30 checkLink failed 192.168.8.68 19204
[WARNING]2021-04-27 16:15:57,632: agvThread.AGV30[tid:14252] <lock name:agv.AGV30.lock_status,<locked _thread.RLock object owner=14252 count=1 at 0x000001A7884C5420>> ,hold 10390 ms
[INFO]2021-04-27 16:15:57,822: name=agvThread.AGV30, pid=11488, tid=14252
[01] File "E:/Users/Administrator/AppData/Local/Programs/Python/Python38/lib/threading.py", line 870, in run() 
[02] File "E:/projects_by_myself/backup/MeiWei_back_0421/agvCtrl/agvList.py", line 570, in run() 
[03] File "../driver/seerAgv_0427/agvCtrl.py", line 43, in checkLink() 
[04] File "../driver/seerAgv_0427/agvApi.py", line 186, in checkLink() 
[05] File "E:/projects_by_myself/backup/MeiWei_back_0421/common/lock.py", line 100, in release() 
[06] File "E:/projects_by_myself/backup/MeiWei_back_0421/common/enhance.py", line 258, in getTrace() 
[07] File "E:/projects_by_myself/backup/MeiWei_back_0421/common/enhance.py", line 240, in getThreadStack()
[DEBUG]2021-04-27 16:15:59,928: try connect AGV30 192.168.8.68:19204
[ERROR]2021-04-27 16:16:10,031: connect AGV30 failed timed out
[INFO]2021-04-27 16:16:10,094: AGV30 checkLink failed 192.168.8.68 19204
[WARNING]2021-04-27 16:16:10,188: agvThread.AGV30[tid:14252] <lock name:agv.AGV30.lock_status,<locked _thread.RLock object owner=14252 count=1 at 0x000001A7884C5420>> ,hold 10260 ms
[INFO]2021-04-27 16:16:10,331: name=agvThread.AGV30, pid=11488, tid=14252
[01] File "E:/Users/Administrator/AppData/Local/Programs/Python/Python38/lib/threading.py", line 870, in run() 
[02] File "E:/projects_by_myself/backup/MeiWei_back_0421/agvCtrl/agvList.py", line 570, in run() 
[03] File "../driver/seerAgv_0427/agvCtrl.py", line 43, in checkLink() 
[04] File "../driver/seerAgv_0427/agvApi.py", line 186, in checkLink() 
[05] File "E:/projects_by_myself/backup/MeiWei_back_0421/common/lock.py", line 100, in release() 
[06] File "E:/projects_by_myself/backup/MeiWei_back_0421/common/enhance.py", line 258, in getTrace() 
[07] File "E:/projects_by_myself/backup/MeiWei_back_0421/common/enhance.py", line 240, in getThreadStack()
[DEBUG]2021-04-27 16:16:12,444: try connect AGV30 192.168.8.68:19204
[ERROR]2021-04-27 16:16:22,593: connect AGV30 failed timed out
[INFO]2021-04-27 16:16:22,689: AGV30 checkLink failed 192.168.8.68 19204
[WARNING]2021-04-27 16:16:22,767: agvThread.AGV30[tid:14252] <lock name:agv.AGV30.lock_status,<locked _thread.RLock object owner=14252 count=1 at 0x000001A7884C5420>> ,hold 10323 ms
[INFO]2021-04-27 16:16:22,938: name=agvThread.AGV30, pid=11488, tid=14252
[01] File "E:/Users/Administrator/AppData/Local/Programs/Python/Python38/lib/threading.py", line 870, in run() 
[02] File "E:/projects_by_myself/backup/MeiWei_back_0421/agvCtrl/agvList.py", line 570, in run() 
[03] File "../driver/seerAgv_0427/agvCtrl.py", line 43, in checkLink() 
[04] File "../driver/seerAgv_0427/agvApi.py", line 186, in checkLink() 
[05] File "E:/projects_by_myself/backup/MeiWei_back_0421/common/lock.py", line 100, in release() 
[06] File "E:/projects_by_myself/backup/MeiWei_back_0421/common/enhance.py", line 258, in getTrace() 
[07] File "E:/projects_by_myself/backup/MeiWei_back_0421/common/enhance.py", line 240, in getThreadStack()
[DEBUG]2021-04-27 16:16:25,097: try connect AGV30 192.168.8.68:19204
[ERROR]2021-04-27 16:16:35,287: connect AGV30 failed timed out
[INFO]2021-04-27 16:16:35,383: AGV30 checkLink failed 192.168.8.68 19204
[WARNING]2021-04-27 16:16:35,461: agvThread.AGV30[tid:14252] <lock name:agv.AGV30.lock_status,<locked _thread.RLock object owner=14252 count=1 at 0x000001A7884C5420>> ,hold 10364 ms
[INFO]2021-04-27 16:16:35,633: name=agvThread.AGV30, pid=11488, tid=14252
[01] File "E:/Users/Administrator/AppData/Local/Programs/Python/Python38/lib/threading.py", line 870, in run() 
[02] File "E:/projects_by_myself/backup/MeiWei_back_0421/agvCtrl/agvList.py", line 570, in run() 
[03] File "../driver/seerAgv_0427/agvCtrl.py", line 43, in checkLink() 
[04] File "../driver/seerAgv_0427/agvApi.py", line 186, in checkLink() 
[05] File "E:/projects_by_myself/backup/MeiWei_back_0421/common/lock.py", line 100, in release() 
[06] File "E:/projects_by_myself/backup/MeiWei_back_0421/common/enhance.py", line 258, in getTrace() 
[07] File "E:/projects_by_myself/backup/MeiWei_back_0421/common/enhance.py", line 240, in getThreadStack()
[DEBUG]2021-04-27 16:16:37,746: try connect AGV30 192.168.8.68:19204
[ERROR]2021-04-27 16:16:47,914: connect AGV30 failed timed out
[INFO]2021-04-27 16:16:48,009: AGV30 checkLink failed 192.168.8.68 19204
[WARNING]2021-04-27 16:16:48,105: agvThread.AGV30[tid:14252] <lock name:agv.AGV30.lock_status,<locked _thread.RLock object owner=14252 count=1 at 0x000001A7884C5420>> ,hold 10359 ms
[INFO]2021-04-27 16:16:48,264: name=agvThread.AGV30, pid=11488, tid=14252
[01] File "E:/Users/Administrator/AppData/Local/Programs/Python/Python38/lib/threading.py", line 870, in run() 
[02] File "E:/projects_by_myself/backup/MeiWei_back_0421/agvCtrl/agvList.py", line 570, in run() 
[03] File "../driver/seerAgv_0427/agvCtrl.py", line 43, in checkLink() 
[04] File "../driver/seerAgv_0427/agvApi.py", line 186, in checkLink() 
[05] File "E:/projects_by_myself/backup/MeiWei_back_0421/common/lock.py", line 100, in release() 
[06] File "E:/projects_by_myself/backup/MeiWei_back_0421/common/enhance.py", line 258, in getTrace() 
[07] File "E:/projects_by_myself/backup/MeiWei_back_0421/common/enhance.py", line 240, in getThreadStack()
[DEBUG]2021-04-27 16:16:50,345: try connect AGV30 192.168.8.68:19204
[ERROR]2021-04-27 16:17:00,504: connect AGV30 failed timed out
[INFO]2021-04-27 16:17:00,615: AGV30 checkLink failed 192.168.8.68 19204
[WARNING]2021-04-27 16:17:00,727: agvThread.AGV30[tid:14252] <lock name:agv.AGV30.lock_status,<locked _thread.RLock object owner=14252 count=1 at 0x000001A7884C5420>> ,hold 10382 ms
[INFO]2021-04-27 16:17:00,903: name=agvThread.AGV30, pid=11488, tid=14252
[01] File "E:/Users/Administrator/AppData/Local/Programs/Python/Python38/lib/threading.py", line 870, in run() 
[02] File "E:/projects_by_myself/backup/MeiWei_back_0421/agvCtrl/agvList.py", line 570, in run() 
[03] File "../driver/seerAgv_0427/agvCtrl.py", line 43, in checkLink() 
[04] File "../driver/seerAgv_0427/agvApi.py", line 186, in checkLink() 
[05] File "E:/projects_by_myself/backup/MeiWei_back_0421/common/lock.py", line 100, in release() 
[06] File "E:/projects_by_myself/backup/MeiWei_back_0421/common/enhance.py", line 258, in getTrace() 
[07] File "E:/projects_by_myself/backup/MeiWei_back_0421/common/enhance.py", line 240, in getThreadStack()
[DEBUG]2021-04-27 16:17:03,019: try connect AGV30 192.168.8.68:19204
[ERROR]2021-04-27 16:17:03,986: raise alarm obj=AGV30, typeId=49999, desc=AGV离线异常, id=6087c87f32371f6cf59b61b3
[ERROR]2021-04-27 16:17:06,618: process exited, living 0:05:11.586184 seconds
[INFO]2021-04-27 16:17:10,019: name=agv.hasDeadlock, pid=11488, tid=13732
[01] File "E:/Users/Administrator/AppData/Local/Programs/Python/Python38/lib/threading.py", line 870, in run() 
[02] File "E:/projects_by_myself/backup/MeiWei_back_0421/agvCtrl/agvControl.py", line 1024, in _threadFunc() 

name=worker 9, pid=11488, tid=7052
[01] File "E:/Users/Administrator/AppData/Local/Programs/Python/Python38/lib/threading.py", line 870, in run() 
[02] File "E:/Users/Administrator/AppData/Local/Programs/Python/Python38/lib/site-packages/paste/httpserver.py", line 891, in worker_thread_callback() 
[03] File "E:/Users/Administrator/AppData/Local/Programs/Python/Python38/lib/queue.py", line 170, in get() 
[04] File "E:/Users/Administrator/AppData/Local/Programs/Python/Python38/lib/threading.py", line 302, in wait() 

name=worker 8, pid=11488, tid=4652
[01] File "E:/Users/Administrator/AppData/Local/Programs/Python/Python38/lib/threading.py", line 870, in run() 
[02] File "E:/Users/Administrator/AppData/Local/Programs/Python/Python38/lib/site-packages/paste/httpserver.py", line 891, in worker_thread_callback() 
[03] File "E:/Users/Administrator/AppData/Local/Programs/Python/Python38/lib/queue.py", line 170, in get() 
[04] File "E:/Users/Administrator/AppData/Local/Programs/Python/Python38/lib/threading.py", line 302, in wait() 

name=worker 7, pid=11488, tid=13364
[01] File "E:/Users/Administrator/AppData/Local/Programs/Python/Python38/lib/threading.py", line 870, in run() 
[02] File "E:/Users/Administrator/AppData/Local/Programs/Python/Python38/lib/site-packages/paste/httpserver.py", line 891, in worker_thread_callback() 
[03] File "E:/Users/Administrator/AppData/Local/Programs/Python/Python38/lib/queue.py", line 170, in get() 
[04] File "E:/Users/Administrator/AppData/Local/Programs/Python/Python38/lib/threading.py", line 302, in wait() 

name=worker 6, pid=11488, tid=3088
[01] File "E:/Users/Administrator/AppData/Local/Programs/Python/Python38/lib/threading.py", line 870, in run() 
[02] File "E:/Users/Administrator/AppData/Local/Programs/Python/Python38/lib/site-packages/paste/httpserver.py", line 891, in worker_thread_callback() 
[03] File "E:/Users/Administrator/AppData/Local/Programs/Python/Python38/lib/queue.py", line 170, in get() 
[04] File "E:/Users/Administrator/AppData/Local/Programs/Python/Python38/lib/threading.py", line 302, in wait() 

name=worker 5, pid=11488, tid=9468
[01] File "E:/Users/Administrator/AppData/Local/Programs/Python/Python38/lib/threading.py", line 870, in run() 
[02] File "E:/Users/Administrator/AppData/Local/Programs/Python/Python38/lib/site-packages/paste/httpserver.py", line 891, in worker_thread_callback() 
[03] File "E:/Users/Administrator/AppData/Local/Programs/Python/Python38/lib/queue.py", line 170, in get() 
[04] File "E:/Users/Administrator/AppData/Local/Programs/Python/Python38/lib/threading.py", line 302, in wait() 

name=worker 4, pid=11488, tid=14664
[01] File "E:/Users/Administrator/AppData/Local/Programs/Python/Python38/lib/threading.py", line 870, in run() 
[02] File "E:/Users/Administrator/AppData/Local/Programs/Python/Python38/lib/site-packages/paste/httpserver.py", line 891, in worker_thread_callback() 
[03] File "E:/Users/Administrator/AppData/Local/Programs/Python/Python38/lib/queue.py", line 170, in get() 
[04] File "E:/Users/Administrator/AppData/Local/Programs/Python/Python38/lib/threading.py", line 302, in wait() 

name=worker 3, pid=11488, tid=8188
[01] File "E:/Users/Administrator/AppData/Local/Programs/Python/Python38/lib/threading.py", line 870, in run() 
[02] File "E:/Users/Administrator/AppData/Local/Programs/Python/Python38/lib/site-packages/paste/httpserver.py", line 891, in worker_thread_callback() 
[03] File "E:/Users/Administrator/AppData/Local/Programs/Python/Python38/lib/queue.py", line 170, in get() 
[04] File "E:/Users/Administrator/AppData/Local/Programs/Python/Python38/lib/threading.py", line 302, in wait() 

name=worker 2, pid=11488, tid=9380
[01] File "E:/Users/Administrator/AppData/Local/Programs/Python/Python38/lib/threading.py", line 870, in run() 
[02] File "E:/Users/Administrator/AppData/Local/Programs/Python/Python38/lib/site-packages/paste/httpserver.py", line 891, in worker_thread_callback() 
[03] File "E:/Users/Administrator/AppData/Local/Programs/Python/Python38/lib/queue.py", line 170, in get() 
[04] File "E:/Users/Administrator/AppData/Local/Programs/Python/Python38/lib/threading.py", line 302, in wait() 

name=worker 1, pid=11488, tid=7488
[01] File "E:/Users/Administrator/AppData/Local/Programs/Python/Python38/lib/threading.py", line 870, in run() 
[02] File "E:/Users/Administrator/AppData/Local/Programs/Python/Python38/lib/site-packages/paste/httpserver.py", line 891, in worker_thread_callback() 
[03] File "E:/Users/Administrator/AppData/Local/Programs/Python/Python38/lib/queue.py", line 170, in get() 
[04] File "E:/Users/Administrator/AppData/Local/Programs/Python/Python38/lib/threading.py", line 302, in wait() 

name=worker 0, pid=11488, tid=18272
[01] File "E:/Users/Administrator/AppData/Local/Programs/Python/Python38/lib/threading.py", line 870, in run() 
[02] File "E:/Users/Administrator/AppData/Local/Programs/Python/Python38/lib/site-packages/paste/httpserver.py", line 891, in worker_thread_callback() 
[03] File "E:/Users/Administrator/AppData/Local/Programs/Python/Python38/lib/queue.py", line 170, in get() 
[04] File "E:/Users/Administrator/AppData/Local/Programs/Python/Python38/lib/threading.py", line 302, in wait() 

name=agvThread.AGV30, pid=11488, tid=14252
[01] File "E:/Users/Administrator/AppData/Local/Programs/Python/Python38/lib/threading.py", line 870, in run() 
[02] File "E:/projects_by_myself/backup/MeiWei_back_0421/agvCtrl/agvList.py", line 570, in run() 
[03] File "../driver/seerAgv_0427/agvCtrl.py", line 43, in checkLink() 
[04] File "../driver/seerAgv_0427/agvApi.py", line 180, in checkLink() 
[05] File "../driver/seerAgv_0427/agvApi.py", line 379, in _getClient() 
[06] File "E:/projects_by_myself/backup/MeiWei_back_0421/common/tcpSocketLong.py", line 126, in _getClient() 
[07] File "E:/projects_by_myself/backup/MeiWei_back_0421/common/tcpSocketLong.py", line 27, in doConnect() 

name=tcplisten.port_1001, pid=11488, tid=12384
[01] File "E:/Users/Administrator/AppData/Local/Programs/Python/Python38/lib/threading.py", line 870, in run() 
[02] File "E:/projects_by_myself/backup/MeiWei_back_0421/common/tcpSocket.py", line 66, in _acceptThread() 
[03] File "E:/Users/Administrator/AppData/Local/Programs/Python/Python38/lib/socket.py", line 292, in accept() 

name=pymongo_kill_cursors_thread, pid=11488, tid=12372
[01] File "E:/Users/Administrator/AppData/Local/Programs/Python/Python38/lib/threading.py", line 870, in run() 
[02] File "E:/Users/Administrator/AppData/Local/Programs/Python/Python38/lib/site-packages/pymongo/periodic_executor.py", line 140, in _run() 

name=pymongo_server_monitor_thread, pid=11488, tid=10092
[01] File "E:/Users/Administrator/AppData/Local/Programs/Python/Python38/lib/threading.py", line 870, in run() 
[02] File "E:/Users/Administrator/AppData/Local/Programs/Python/Python38/lib/site-packages/pymongo/periodic_executor.py", line 140, in _run() 

name=tcplisten.port_6789, pid=11488, tid=8528
[01] File "E:/Users/Administrator/AppData/Local/Programs/Python/Python38/lib/threading.py", line 870, in run() 
[02] File "E:/projects_by_myself/backup/MeiWei_back_0421/common/tcpSocket.py", line 66, in _acceptThread() 
[03] File "E:/Users/Administrator/AppData/Local/Programs/Python/Python38/lib/socket.py", line 292, in accept() 

name=MainThread, pid=11488, tid=11600
[01] File "run_all.py", line 60, in <module>() 
[02] File "E:/projects_by_myself/backup/MeiWei_back_0421/common/webutility.py", line 321, in run() 
[03] File "E:/Users/Administrator/AppData/Local/Programs/Python/Python38/lib/site-packages/bottle.py", line 3137, in run() 
[04] File "E:/Users/Administrator/AppData/Local/Programs/Python/Python38/lib/site-packages/bottle.py", line 2829, in run() 
[05] File "E:/Users/Administrator/AppData/Local/Programs/Python/Python38/lib/site-packages/paste/httpserver.py", line 1361, in serve() 
[06] File "E:/Users/Administrator/AppData/Local/Programs/Python/Python38/lib/site-packages/paste/httpserver.py", line 1107, in serve_forever() 
[07] File "E:/Users/Administrator/AppData/Local/Programs/Python/Python38/lib/socketserver.py", line 294, in handle_request() 
[08] File "E:/Users/Administrator/AppData/Local/Programs/Python/Python38/lib/selectors.py", line 323, in select() 
[09] File "E:/Users/Administrator/AppData/Local/Programs/Python/Python38/lib/selectors.py", line 314, in _select() 
[10] File "../common/utility.py", line 598, in exit() 
[11] File "E:/projects_by_myself/backup/MeiWei_back_0421/common/enhance.py", line 256, in getTrace() 
[12] File "E:/projects_by_myself/backup/MeiWei_back_0421/common/enhance.py", line 240, in getThreadStack()
[INFO]2021-04-27 16:17:10,028: lock info: count 1
agvThread.AGV30[tid:14252] <lock name:agv.AGV30.lock_status,<locked _thread.RLock object owner=14252 count=1 at 0x000001A7884C5420>> ,hold 7009 ms

try lock info: count 0
[ERROR]2021-04-27 16:17:10,033: user press Ctrl+C, print thread stack
[INFO]2021-04-27 16:17:11,055: name=agv.hasDeadlock, pid=11488, tid=13732
[01] File "E:/Users/Administrator/AppData/Local/Programs/Python/Python38/lib/threading.py", line 870, in run() 
[02] File "E:/projects_by_myself/backup/MeiWei_back_0421/agvCtrl/agvControl.py", line 1024, in _threadFunc() 

name=worker 9, pid=11488, tid=7052
[01] File "E:/Users/Administrator/AppData/Local/Programs/Python/Python38/lib/threading.py", line 870, in run() 
[02] File "E:/Users/Administrator/AppData/Local/Programs/Python/Python38/lib/site-packages/paste/httpserver.py", line 891, in worker_thread_callback() 
[03] File "E:/Users/Administrator/AppData/Local/Programs/Python/Python38/lib/queue.py", line 170, in get() 
[04] File "E:/Users/Administrator/AppData/Local/Programs/Python/Python38/lib/threading.py", line 302, in wait() 

name=worker 8, pid=11488, tid=4652
[01] File "E:/Users/Administrator/AppData/Local/Programs/Python/Python38/lib/threading.py", line 870, in run() 
[02] File "E:/Users/Administrator/AppData/Local/Programs/Python/Python38/lib/site-packages/paste/httpserver.py", line 891, in worker_thread_callback() 
[03] File "E:/Users/Administrator/AppData/Local/Programs/Python/Python38/lib/queue.py", line 170, in get() 
[04] File "E:/Users/Administrator/AppData/Local/Programs/Python/Python38/lib/threading.py", line 302, in wait() 

name=worker 7, pid=11488, tid=13364
[01] File "E:/Users/Administrator/AppData/Local/Programs/Python/Python38/lib/threading.py", line 870, in run() 
[02] File "E:/Users/Administrator/AppData/Local/Programs/Python/Python38/lib/site-packages/paste/httpserver.py", line 891, in worker_thread_callback() 
[03] File "E:/Users/Administrator/AppData/Local/Programs/Python/Python38/lib/queue.py", line 170, in get() 
[04] File "E:/Users/Administrator/AppData/Local/Programs/Python/Python38/lib/threading.py", line 302, in wait() 

name=worker 6, pid=11488, tid=3088
[01] File "E:/Users/Administrator/AppData/Local/Programs/Python/Python38/lib/threading.py", line 870, in run() 
[02] File "E:/Users/Administrator/AppData/Local/Programs/Python/Python38/lib/site-packages/paste/httpserver.py", line 891, in worker_thread_callback() 
[03] File "E:/Users/Administrator/AppData/Local/Programs/Python/Python38/lib/queue.py", line 170, in get() 
[04] File "E:/Users/Administrator/AppData/Local/Programs/Python/Python38/lib/threading.py", line 302, in wait() 

name=worker 5, pid=11488, tid=9468
[01] File "E:/Users/Administrator/AppData/Local/Programs/Python/Python38/lib/threading.py", line 870, in run() 
[02] File "E:/Users/Administrator/AppData/Local/Programs/Python/Python38/lib/site-packages/paste/httpserver.py", line 891, in worker_thread_callback() 
[03] File "E:/Users/Administrator/AppData/Local/Programs/Python/Python38/lib/queue.py", line 170, in get() 
[04] File "E:/Users/Administrator/AppData/Local/Programs/Python/Python38/lib/threading.py", line 302, in wait() 

name=worker 4, pid=11488, tid=14664
[01] File "E:/Users/Administrator/AppData/Local/Programs/Python/Python38/lib/threading.py", line 870, in run() 
[02] File "E:/Users/Administrator/AppData/Local/Programs/Python/Python38/lib/site-packages/paste/httpserver.py", line 891, in worker_thread_callback() 
[03] File "E:/Users/Administrator/AppData/Local/Programs/Python/Python38/lib/queue.py", line 170, in get() 
[04] File "E:/Users/Administrator/AppData/Local/Programs/Python/Python38/lib/threading.py", line 302, in wait() 

name=worker 3, pid=11488, tid=8188
[01] File "E:/Users/Administrator/AppData/Local/Programs/Python/Python38/lib/threading.py", line 870, in run() 
[02] File "E:/Users/Administrator/AppData/Local/Programs/Python/Python38/lib/site-packages/paste/httpserver.py", line 891, in worker_thread_callback() 
[03] File "E:/Users/Administrator/AppData/Local/Programs/Python/Python38/lib/queue.py", line 170, in get() 
[04] File "E:/Users/Administrator/AppData/Local/Programs/Python/Python38/lib/threading.py", line 302, in wait() 

name=worker 2, pid=11488, tid=9380
[01] File "E:/Users/Administrator/AppData/Local/Programs/Python/Python38/lib/threading.py", line 870, in run() 
[02] File "E:/Users/Administrator/AppData/Local/Programs/Python/Python38/lib/site-packages/paste/httpserver.py", line 891, in worker_thread_callback() 
[03] File "E:/Users/Administrator/AppData/Local/Programs/Python/Python38/lib/queue.py", line 170, in get() 
[04] File "E:/Users/Administrator/AppData/Local/Programs/Python/Python38/lib/threading.py", line 302, in wait() 

name=worker 1, pid=11488, tid=7488
[01] File "E:/Users/Administrator/AppData/Local/Programs/Python/Python38/lib/threading.py", line 870, in run() 
[02] File "E:/Users/Administrator/AppData/Local/Programs/Python/Python38/lib/site-packages/paste/httpserver.py", line 891, in worker_thread_callback() 
[03] File "E:/Users/Administrator/AppData/Local/Programs/Python/Python38/lib/queue.py", line 170, in get() 
[04] File "E:/Users/Administrator/AppData/Local/Programs/Python/Python38/lib/threading.py", line 302, in wait() 

name=worker 0, pid=11488, tid=18272
[01] File "E:/Users/Administrator/AppData/Local/Programs/Python/Python38/lib/threading.py", line 870, in run() 
[02] File "E:/Users/Administrator/AppData/Local/Programs/Python/Python38/lib/site-packages/paste/httpserver.py", line 891, in worker_thread_callback() 
[03] File "E:/Users/Administrator/AppData/Local/Programs/Python/Python38/lib/queue.py", line 170, in get() 
[04] File "E:/Users/Administrator/AppData/Local/Programs/Python/Python38/lib/threading.py", line 302, in wait() 

name=agvThread.AGV30, pid=11488, tid=14252
[01] File "E:/Users/Administrator/AppData/Local/Programs/Python/Python38/lib/threading.py", line 870, in run() 
[02] File "E:/projects_by_myself/backup/MeiWei_back_0421/agvCtrl/agvList.py", line 570, in run() 
[03] File "../driver/seerAgv_0427/agvCtrl.py", line 43, in checkLink() 
[04] File "../driver/seerAgv_0427/agvApi.py", line 180, in checkLink() 
[05] File "../driver/seerAgv_0427/agvApi.py", line 379, in _getClient() 
[06] File "E:/projects_by_myself/backup/MeiWei_back_0421/common/tcpSocketLong.py", line 126, in _getClient() 
[07] File "E:/projects_by_myself/backup/MeiWei_back_0421/common/tcpSocketLong.py", line 27, in doConnect() 

name=tcplisten.port_1001, pid=11488, tid=12384
[01] File "E:/Users/Administrator/AppData/Local/Programs/Python/Python38/lib/threading.py", line 870, in run() 
[02] File "E:/projects_by_myself/backup/MeiWei_back_0421/common/tcpSocket.py", line 66, in _acceptThread() 
[03] File "E:/Users/Administrator/AppData/Local/Programs/Python/Python38/lib/socket.py", line 292, in accept() 

name=pymongo_kill_cursors_thread, pid=11488, tid=12372
[01] File "E:/Users/Administrator/AppData/Local/Programs/Python/Python38/lib/threading.py", line 870, in run() 
[02] File "E:/Users/Administrator/AppData/Local/Programs/Python/Python38/lib/site-packages/pymongo/periodic_executor.py", line 140, in _run() 

name=pymongo_server_monitor_thread, pid=11488, tid=10092
[01] File "E:/Users/Administrator/AppData/Local/Programs/Python/Python38/lib/threading.py", line 870, in run() 
[02] File "E:/Users/Administrator/AppData/Local/Programs/Python/Python38/lib/site-packages/pymongo/periodic_executor.py", line 140, in _run() 

name=tcplisten.port_6789, pid=11488, tid=8528
[01] File "E:/Users/Administrator/AppData/Local/Programs/Python/Python38/lib/threading.py", line 870, in run() 
[02] File "E:/projects_by_myself/backup/MeiWei_back_0421/common/tcpSocket.py", line 66, in _acceptThread() 
[03] File "E:/Users/Administrator/AppData/Local/Programs/Python/Python38/lib/socket.py", line 292, in accept() 

name=MainThread, pid=11488, tid=11600
[01] File "run_all.py", line 60, in <module>() 
[02] File "E:/projects_by_myself/backup/MeiWei_back_0421/common/webutility.py", line 321, in run() 
[03] File "E:/Users/Administrator/AppData/Local/Programs/Python/Python38/lib/site-packages/bottle.py", line 3137, in run() 
[04] File "E:/Users/Administrator/AppData/Local/Programs/Python/Python38/lib/site-packages/bottle.py", line 2829, in run() 
[05] File "E:/Users/Administrator/AppData/Local/Programs/Python/Python38/lib/site-packages/paste/httpserver.py", line 1361, in serve() 
[06] File "E:/Users/Administrator/AppData/Local/Programs/Python/Python38/lib/site-packages/paste/httpserver.py", line 1107, in serve_forever() 
[07] File "E:/Users/Administrator/AppData/Local/Programs/Python/Python38/lib/socketserver.py", line 294, in handle_request() 
[08] File "E:/Users/Administrator/AppData/Local/Programs/Python/Python38/lib/selectors.py", line 323, in select() 
[09] File "E:/Users/Administrator/AppData/Local/Programs/Python/Python38/lib/selectors.py", line 314, in _select() 
[10] File "../common/utility.py", line 598, in exit() 
[11] File "E:/projects_by_myself/backup/MeiWei_back_0421/common/enhance.py", line 256, in getTrace() 
[12] File "E:/projects_by_myself/backup/MeiWei_back_0421/common/enhance.py", line 240, in getThreadStack()
[INFO]2021-04-27 16:17:11,075: lock info: count 1
agvThread.AGV30[tid:14252] <lock name:agv.AGV30.lock_status,<locked _thread.RLock object owner=14252 count=1 at 0x000001A7884C5420>> ,hold 8056 ms

try lock info: count 0
[ERROR]2021-04-27 16:17:11,078: user press Ctrl+C, print thread stack
[INFO]2021-04-27 16:17:12,091: name=agv.hasDeadlock, pid=11488, tid=13732
[01] File "E:/Users/Administrator/AppData/Local/Programs/Python/Python38/lib/threading.py", line 870, in run() 
[02] File "E:/projects_by_myself/backup/MeiWei_back_0421/agvCtrl/agvControl.py", line 1024, in _threadFunc() 

name=worker 9, pid=11488, tid=7052
[01] File "E:/Users/Administrator/AppData/Local/Programs/Python/Python38/lib/threading.py", line 870, in run() 
[02] File "E:/Users/Administrator/AppData/Local/Programs/Python/Python38/lib/site-packages/paste/httpserver.py", line 891, in worker_thread_callback() 
[03] File "E:/Users/Administrator/AppData/Local/Programs/Python/Python38/lib/queue.py", line 170, in get() 
[04] File "E:/Users/Administrator/AppData/Local/Programs/Python/Python38/lib/threading.py", line 302, in wait() 

name=worker 8, pid=11488, tid=4652
[01] File "E:/Users/Administrator/AppData/Local/Programs/Python/Python38/lib/threading.py", line 870, in run() 
[02] File "E:/Users/Administrator/AppData/Local/Programs/Python/Python38/lib/site-packages/paste/httpserver.py", line 891, in worker_thread_callback() 
[03] File "E:/Users/Administrator/AppData/Local/Programs/Python/Python38/lib/queue.py", line 170, in get() 
[04] File "E:/Users/Administrator/AppData/Local/Programs/Python/Python38/lib/threading.py", line 302, in wait() 

name=worker 7, pid=11488, tid=13364
[01] File "E:/Users/Administrator/AppData/Local/Programs/Python/Python38/lib/threading.py", line 870, in run() 
[02] File "E:/Users/Administrator/AppData/Local/Programs/Python/Python38/lib/site-packages/paste/httpserver.py", line 891, in worker_thread_callback() 
[03] File "E:/Users/Administrator/AppData/Local/Programs/Python/Python38/lib/queue.py", line 170, in get() 
[04] File "E:/Users/Administrator/AppData/Local/Programs/Python/Python38/lib/threading.py", line 302, in wait() 

name=worker 6, pid=11488, tid=3088
[01] File "E:/Users/Administrator/AppData/Local/Programs/Python/Python38/lib/threading.py", line 870, in run() 
[02] File "E:/Users/Administrator/AppData/Local/Programs/Python/Python38/lib/site-packages/paste/httpserver.py", line 891, in worker_thread_callback() 
[03] File "E:/Users/Administrator/AppData/Local/Programs/Python/Python38/lib/queue.py", line 170, in get() 
[04] File "E:/Users/Administrator/AppData/Local/Programs/Python/Python38/lib/threading.py", line 302, in wait() 

name=worker 5, pid=11488, tid=9468
[01] File "E:/Users/Administrator/AppData/Local/Programs/Python/Python38/lib/threading.py", line 870, in run() 
[02] File "E:/Users/Administrator/AppData/Local/Programs/Python/Python38/lib/site-packages/paste/httpserver.py", line 891, in worker_thread_callback() 
[03] File "E:/Users/Administrator/AppData/Local/Programs/Python/Python38/lib/queue.py", line 170, in get() 
[04] File "E:/Users/Administrator/AppData/Local/Programs/Python/Python38/lib/threading.py", line 302, in wait() 

name=worker 4, pid=11488, tid=14664
[01] File "E:/Users/Administrator/AppData/Local/Programs/Python/Python38/lib/threading.py", line 870, in run() 
[02] File "E:/Users/Administrator/AppData/Local/Programs/Python/Python38/lib/site-packages/paste/httpserver.py", line 891, in worker_thread_callback() 
[03] File "E:/Users/Administrator/AppData/Local/Programs/Python/Python38/lib/queue.py", line 170, in get() 
[04] File "E:/Users/Administrator/AppData/Local/Programs/Python/Python38/lib/threading.py", line 302, in wait() 

name=worker 3, pid=11488, tid=8188
[01] File "E:/Users/Administrator/AppData/Local/Programs/Python/Python38/lib/threading.py", line 870, in run() 
[02] File "E:/Users/Administrator/AppData/Local/Programs/Python/Python38/lib/site-packages/paste/httpserver.py", line 891, in worker_thread_callback() 
[03] File "E:/Users/Administrator/AppData/Local/Programs/Python/Python38/lib/queue.py", line 170, in get() 
[04] File "E:/Users/Administrator/AppData/Local/Programs/Python/Python38/lib/threading.py", line 302, in wait() 

name=worker 2, pid=11488, tid=9380
[01] File "E:/Users/Administrator/AppData/Local/Programs/Python/Python38/lib/threading.py", line 870, in run() 
[02] File "E:/Users/Administrator/AppData/Local/Programs/Python/Python38/lib/site-packages/paste/httpserver.py", line 891, in worker_thread_callback() 
[03] File "E:/Users/Administrator/AppData/Local/Programs/Python/Python38/lib/queue.py", line 170, in get() 
[04] File "E:/Users/Administrator/AppData/Local/Programs/Python/Python38/lib/threading.py", line 302, in wait() 

name=worker 1, pid=11488, tid=7488
[01] File "E:/Users/Administrator/AppData/Local/Programs/Python/Python38/lib/threading.py", line 870, in run() 
[02] File "E:/Users/Administrator/AppData/Local/Programs/Python/Python38/lib/site-packages/paste/httpserver.py", line 891, in worker_thread_callback() 
[03] File "E:/Users/Administrator/AppData/Local/Programs/Python/Python38/lib/queue.py", line 170, in get() 
[04] File "E:/Users/Administrator/AppData/Local/Programs/Python/Python38/lib/threading.py", line 302, in wait() 

name=worker 0, pid=11488, tid=18272
[01] File "E:/Users/Administrator/AppData/Local/Programs/Python/Python38/lib/threading.py", line 870, in run() 
[02] File "E:/Users/Administrator/AppData/Local/Programs/Python/Python38/lib/site-packages/paste/httpserver.py", line 891, in worker_thread_callback() 
[03] File "E:/Users/Administrator/AppData/Local/Programs/Python/Python38/lib/queue.py", line 170, in get() 
[04] File "E:/Users/Administrator/AppData/Local/Programs/Python/Python38/lib/threading.py", line 302, in wait() 

name=agvThread.AGV30, pid=11488, tid=14252
[01] File "E:/Users/Administrator/AppData/Local/Programs/Python/Python38/lib/threading.py", line 870, in run() 
[02] File "E:/projects_by_myself/backup/MeiWei_back_0421/agvCtrl/agvList.py", line 570, in run() 
[03] File "../driver/seerAgv_0427/agvCtrl.py", line 43, in checkLink() 
[04] File "../driver/seerAgv_0427/agvApi.py", line 180, in checkLink() 
[05] File "../driver/seerAgv_0427/agvApi.py", line 379, in _getClient() 
[06] File "E:/projects_by_myself/backup/MeiWei_back_0421/common/tcpSocketLong.py", line 126, in _getClient() 
[07] File "E:/projects_by_myself/backup/MeiWei_back_0421/common/tcpSocketLong.py", line 27, in doConnect() 

name=tcplisten.port_1001, pid=11488, tid=12384
[01] File "E:/Users/Administrator/AppData/Local/Programs/Python/Python38/lib/threading.py", line 870, in run() 
[02] File "E:/projects_by_myself/backup/MeiWei_back_0421/common/tcpSocket.py", line 66, in _acceptThread() 
[03] File "E:/Users/Administrator/AppData/Local/Programs/Python/Python38/lib/socket.py", line 292, in accept() 

name=pymongo_kill_cursors_thread, pid=11488, tid=12372
[01] File "E:/Users/Administrator/AppData/Local/Programs/Python/Python38/lib/threading.py", line 870, in run() 
[02] File "E:/Users/Administrator/AppData/Local/Programs/Python/Python38/lib/site-packages/pymongo/periodic_executor.py", line 140, in _run() 

name=pymongo_server_monitor_thread, pid=11488, tid=10092
[01] File "E:/Users/Administrator/AppData/Local/Programs/Python/Python38/lib/threading.py", line 870, in run() 
[02] File "E:/Users/Administrator/AppData/Local/Programs/Python/Python38/lib/site-packages/pymongo/periodic_executor.py", line 140, in _run() 

name=tcplisten.port_6789, pid=11488, tid=8528
[01] File "E:/Users/Administrator/AppData/Local/Programs/Python/Python38/lib/threading.py", line 870, in run() 
[02] File "E:/projects_by_myself/backup/MeiWei_back_0421/common/tcpSocket.py", line 66, in _acceptThread() 
[03] File "E:/Users/Administrator/AppData/Local/Programs/Python/Python38/lib/socket.py", line 292, in accept() 

name=MainThread, pid=11488, tid=11600
[01] File "run_all.py", line 60, in <module>() 
[02] File "E:/projects_by_myself/backup/MeiWei_back_0421/common/webutility.py", line 321, in run() 
[03] File "E:/Users/Administrator/AppData/Local/Programs/Python/Python38/lib/site-packages/bottle.py", line 3137, in run() 
[04] File "E:/Users/Administrator/AppData/Local/Programs/Python/Python38/lib/site-packages/bottle.py", line 2829, in run() 
[05] File "E:/Users/Administrator/AppData/Local/Programs/Python/Python38/lib/site-packages/paste/httpserver.py", line 1361, in serve() 
[06] File "E:/Users/Administrator/AppData/Local/Programs/Python/Python38/lib/site-packages/paste/httpserver.py", line 1107, in serve_forever() 
[07] File "E:/Users/Administrator/AppData/Local/Programs/Python/Python38/lib/socketserver.py", line 294, in handle_request() 
[08] File "E:/Users/Administrator/AppData/Local/Programs/Python/Python38/lib/selectors.py", line 323, in select() 
[09] File "E:/Users/Administrator/AppData/Local/Programs/Python/Python38/lib/selectors.py", line 314, in _select() 
[10] File "../common/utility.py", line 598, in exit() 
[11] File "E:/projects_by_myself/backup/MeiWei_back_0421/common/enhance.py", line 256, in getTrace() 
[12] File "E:/projects_by_myself/backup/MeiWei_back_0421/common/enhance.py", line 240, in getThreadStack()
[INFO]2021-04-27 16:17:12,097: lock info: count 1
agvThread.AGV30[tid:14252] <lock name:agv.AGV30.lock_status,<locked _thread.RLock object owner=14252 count=1 at 0x000001A7884C5420>> ,hold 9078 ms

try lock info: count 0
[ERROR]2021-04-27 16:17:12,098: user press Ctrl+C, print thread stack
[INFO]2021-04-27 16:17:13,110: name=agv.hasDeadlock, pid=11488, tid=13732
[01] File "E:/Users/Administrator/AppData/Local/Programs/Python/Python38/lib/threading.py", line 870, in run() 
[02] File "E:/projects_by_myself/backup/MeiWei_back_0421/agvCtrl/agvControl.py", line 1024, in _threadFunc() 

name=worker 9, pid=11488, tid=7052
[01] File "E:/Users/Administrator/AppData/Local/Programs/Python/Python38/lib/threading.py", line 870, in run() 
[02] File "E:/Users/Administrator/AppData/Local/Programs/Python/Python38/lib/site-packages/paste/httpserver.py", line 891, in worker_thread_callback() 
[03] File "E:/Users/Administrator/AppData/Local/Programs/Python/Python38/lib/queue.py", line 170, in get() 
[04] File "E:/Users/Administrator/AppData/Local/Programs/Python/Python38/lib/threading.py", line 302, in wait() 

name=worker 8, pid=11488, tid=4652
[01] File "E:/Users/Administrator/AppData/Local/Programs/Python/Python38/lib/threading.py", line 870, in run() 
[02] File "E:/Users/Administrator/AppData/Local/Programs/Python/Python38/lib/site-packages/paste/httpserver.py", line 891, in worker_thread_callback() 
[03] File "E:/Users/Administrator/AppData/Local/Programs/Python/Python38/lib/queue.py", line 170, in get() 
[04] File "E:/Users/Administrator/AppData/Local/Programs/Python/Python38/lib/threading.py", line 302, in wait() 

name=worker 7, pid=11488, tid=13364
[01] File "E:/Users/Administrator/AppData/Local/Programs/Python/Python38/lib/threading.py", line 870, in run() 
[02] File "E:/Users/Administrator/AppData/Local/Programs/Python/Python38/lib/site-packages/paste/httpserver.py", line 891, in worker_thread_callback() 
[03] File "E:/Users/Administrator/AppData/Local/Programs/Python/Python38/lib/queue.py", line 170, in get() 
[04] File "E:/Users/Administrator/AppData/Local/Programs/Python/Python38/lib/threading.py", line 302, in wait() 

name=worker 6, pid=11488, tid=3088
[01] File "E:/Users/Administrator/AppData/Local/Programs/Python/Python38/lib/threading.py", line 870, in run() 
[02] File "E:/Users/Administrator/AppData/Local/Programs/Python/Python38/lib/site-packages/paste/httpserver.py", line 891, in worker_thread_callback() 
[03] File "E:/Users/Administrator/AppData/Local/Programs/Python/Python38/lib/queue.py", line 170, in get() 
[04] File "E:/Users/Administrator/AppData/Local/Programs/Python/Python38/lib/threading.py", line 302, in wait() 

name=worker 5, pid=11488, tid=9468
[01] File "E:/Users/Administrator/AppData/Local/Programs/Python/Python38/lib/threading.py", line 870, in run() 
[02] File "E:/Users/Administrator/AppData/Local/Programs/Python/Python38/lib/site-packages/paste/httpserver.py", line 891, in worker_thread_callback() 
[03] File "E:/Users/Administrator/AppData/Local/Programs/Python/Python38/lib/queue.py", line 170, in get() 
[04] File "E:/Users/Administrator/AppData/Local/Programs/Python/Python38/lib/threading.py", line 302, in wait() 

name=worker 4, pid=11488, tid=14664
[01] File "E:/Users/Administrator/AppData/Local/Programs/Python/Python38/lib/threading.py", line 870, in run() 
[02] File "E:/Users/Administrator/AppData/Local/Programs/Python/Python38/lib/site-packages/paste/httpserver.py", line 891, in worker_thread_callback() 
[03] File "E:/Users/Administrator/AppData/Local/Programs/Python/Python38/lib/queue.py", line 170, in get() 
[04] File "E:/Users/Administrator/AppData/Local/Programs/Python/Python38/lib/threading.py", line 302, in wait() 

name=worker 3, pid=11488, tid=8188
[01] File "E:/Users/Administrator/AppData/Local/Programs/Python/Python38/lib/threading.py", line 870, in run() 
[02] File "E:/Users/Administrator/AppData/Local/Programs/Python/Python38/lib/site-packages/paste/httpserver.py", line 891, in worker_thread_callback() 
[03] File "E:/Users/Administrator/AppData/Local/Programs/Python/Python38/lib/queue.py", line 170, in get() 
[04] File "E:/Users/Administrator/AppData/Local/Programs/Python/Python38/lib/threading.py", line 302, in wait() 

name=worker 2, pid=11488, tid=9380
[01] File "E:/Users/Administrator/AppData/Local/Programs/Python/Python38/lib/threading.py", line 870, in run() 
[02] File "E:/Users/Administrator/AppData/Local/Programs/Python/Python38/lib/site-packages/paste/httpserver.py", line 891, in worker_thread_callback() 
[03] File "E:/Users/Administrator/AppData/Local/Programs/Python/Python38/lib/queue.py", line 170, in get() 
[04] File "E:/Users/Administrator/AppData/Local/Programs/Python/Python38/lib/threading.py", line 302, in wait() 

name=worker 1, pid=11488, tid=7488
[01] File "E:/Users/Administrator/AppData/Local/Programs/Python/Python38/lib/threading.py", line 870, in run() 
[02] File "E:/Users/Administrator/AppData/Local/Programs/Python/Python38/lib/site-packages/paste/httpserver.py", line 891, in worker_thread_callback() 
[03] File "E:/Users/Administrator/AppData/Local/Programs/Python/Python38/lib/queue.py", line 170, in get() 
[04] File "E:/Users/Administrator/AppData/Local/Programs/Python/Python38/lib/threading.py", line 302, in wait() 

name=worker 0, pid=11488, tid=18272
[01] File "E:/Users/Administrator/AppData/Local/Programs/Python/Python38/lib/threading.py", line 870, in run() 
[02] File "E:/Users/Administrator/AppData/Local/Programs/Python/Python38/lib/site-packages/paste/httpserver.py", line 891, in worker_thread_callback() 
[03] File "E:/Users/Administrator/AppData/Local/Programs/Python/Python38/lib/queue.py", line 170, in get() 
[04] File "E:/Users/Administrator/AppData/Local/Programs/Python/Python38/lib/threading.py", line 302, in wait() 

name=agvThread.AGV30, pid=11488, tid=14252
[01] File "E:/Users/Administrator/AppData/Local/Programs/Python/Python38/lib/threading.py", line 870, in run() 
[02] File "E:/projects_by_myself/backup/MeiWei_back_0421/agvCtrl/agvList.py", line 570, in run() 
[03] File "../driver/seerAgv_0427/agvCtrl.py", line 43, in checkLink() 
[04] File "../driver/seerAgv_0427/agvApi.py", line 180, in checkLink() 
[05] File "../driver/seerAgv_0427/agvApi.py", line 379, in _getClient() 
[06] File "E:/projects_by_myself/backup/MeiWei_back_0421/common/tcpSocketLong.py", line 126, in _getClient() 
[07] File "E:/projects_by_myself/backup/MeiWei_back_0421/common/tcpSocketLong.py", line 27, in doConnect() 

name=tcplisten.port_1001, pid=11488, tid=12384
[01] File "E:/Users/Administrator/AppData/Local/Programs/Python/Python38/lib/threading.py", line 870, in run() 
[02] File "E:/projects_by_myself/backup/MeiWei_back_0421/common/tcpSocket.py", line 66, in _acceptThread() 
[03] File "E:/Users/Administrator/AppData/Local/Programs/Python/Python38/lib/socket.py", line 292, in accept() 

name=pymongo_kill_cursors_thread, pid=11488, tid=12372
[01] File "E:/Users/Administrator/AppData/Local/Programs/Python/Python38/lib/threading.py", line 870, in run() 
[02] File "E:/Users/Administrator/AppData/Local/Programs/Python/Python38/lib/site-packages/pymongo/periodic_executor.py", line 140, in _run() 

name=pymongo_server_monitor_thread, pid=11488, tid=10092
[01] File "E:/Users/Administrator/AppData/Local/Programs/Python/Python38/lib/threading.py", line 870, in run() 
[02] File "E:/Users/Administrator/AppData/Local/Programs/Python/Python38/lib/site-packages/pymongo/periodic_executor.py", line 140, in _run() 

name=tcplisten.port_6789, pid=11488, tid=8528
[01] File "E:/Users/Administrator/AppData/Local/Programs/Python/Python38/lib/threading.py", line 870, in run() 
[02] File "E:/projects_by_myself/backup/MeiWei_back_0421/common/tcpSocket.py", line 66, in _acceptThread() 
[03] File "E:/Users/Administrator/AppData/Local/Programs/Python/Python38/lib/socket.py", line 292, in accept() 

name=MainThread, pid=11488, tid=11600
[01] File "run_all.py", line 60, in <module>() 
[02] File "E:/projects_by_myself/backup/MeiWei_back_0421/common/webutility.py", line 321, in run() 
[03] File "E:/Users/Administrator/AppData/Local/Programs/Python/Python38/lib/site-packages/bottle.py", line 3137, in run() 
[04] File "E:/Users/Administrator/AppData/Local/Programs/Python/Python38/lib/site-packages/bottle.py", line 2829, in run() 
[05] File "E:/Users/Administrator/AppData/Local/Programs/Python/Python38/lib/site-packages/paste/httpserver.py", line 1361, in serve() 
[06] File "E:/Users/Administrator/AppData/Local/Programs/Python/Python38/lib/site-packages/paste/httpserver.py", line 1107, in serve_forever() 
[07] File "E:/Users/Administrator/AppData/Local/Programs/Python/Python38/lib/socketserver.py", line 294, in handle_request() 
[08] File "E:/Users/Administrator/AppData/Local/Programs/Python/Python38/lib/selectors.py", line 323, in select() 
[09] File "E:/Users/Administrator/AppData/Local/Programs/Python/Python38/lib/selectors.py", line 314, in _select() 
[10] File "../common/utility.py", line 598, in exit() 
[11] File "E:/projects_by_myself/backup/MeiWei_back_0421/common/enhance.py", line 256, in getTrace() 
[12] File "E:/projects_by_myself/backup/MeiWei_back_0421/common/enhance.py", line 240, in getThreadStack()
[INFO]2021-04-27 16:17:13,128: lock info: count 1
agvThread.AGV30[tid:14252] <lock name:agv.AGV30.lock_status,<locked _thread.RLock object owner=14252 count=1 at 0x000001A7884C5420>> ,hold 10109 ms

try lock info: count 0
[ERROR]2021-04-27 16:17:13,135: user press Ctrl+C, print thread stack
[ERROR]2021-04-27 16:17:13,177: connect AGV30 failed timed out
[INFO]2021-04-27 16:17:13,178: AGV30 checkLink failed 192.168.8.68 19204
[WARNING]2021-04-27 16:17:13,179: agvThread.AGV30[tid:14252] <lock name:agv.AGV30.lock_status,<locked _thread.RLock object owner=14252 count=1 at 0x000001A7884C5420>> ,hold 10160 ms
[INFO]2021-04-27 16:17:13,181: name=agvThread.AGV30, pid=11488, tid=14252
[01] File "E:/Users/Administrator/AppData/Local/Programs/Python/Python38/lib/threading.py", line 870, in run() 
[02] File "E:/projects_by_myself/backup/MeiWei_back_0421/agvCtrl/agvList.py", line 570, in run() 
[03] File "../driver/seerAgv_0427/agvCtrl.py", line 43, in checkLink() 
[04] File "../driver/seerAgv_0427/agvApi.py", line 186, in checkLink() 
[05] File "E:/projects_by_myself/backup/MeiWei_back_0421/common/lock.py", line 100, in release() 
[06] File "E:/projects_by_myself/backup/MeiWei_back_0421/common/enhance.py", line 258, in getTrace() 
[07] File "E:/projects_by_myself/backup/MeiWei_back_0421/common/enhance.py", line 240, in getThreadStack()
[INFO]2021-04-27 16:17:14,158: name=worker 9, pid=11488, tid=7052
[01] File "E:/Users/Administrator/AppData/Local/Programs/Python/Python38/lib/threading.py", line 870, in run() 
[02] File "E:/Users/Administrator/AppData/Local/Programs/Python/Python38/lib/site-packages/paste/httpserver.py", line 891, in worker_thread_callback() 
[03] File "E:/Users/Administrator/AppData/Local/Programs/Python/Python38/lib/queue.py", line 170, in get() 
[04] File "E:/Users/Administrator/AppData/Local/Programs/Python/Python38/lib/threading.py", line 302, in wait() 

name=worker 8, pid=11488, tid=4652
[01] File "E:/Users/Administrator/AppData/Local/Programs/Python/Python38/lib/threading.py", line 870, in run() 
[02] File "E:/Users/Administrator/AppData/Local/Programs/Python/Python38/lib/site-packages/paste/httpserver.py", line 891, in worker_thread_callback() 
[03] File "E:/Users/Administrator/AppData/Local/Programs/Python/Python38/lib/queue.py", line 170, in get() 
[04] File "E:/Users/Administrator/AppData/Local/Programs/Python/Python38/lib/threading.py", line 302, in wait() 

name=worker 7, pid=11488, tid=13364
[01] File "E:/Users/Administrator/AppData/Local/Programs/Python/Python38/lib/threading.py", line 870, in run() 
[02] File "E:/Users/Administrator/AppData/Local/Programs/Python/Python38/lib/site-packages/paste/httpserver.py", line 891, in worker_thread_callback() 
[03] File "E:/Users/Administrator/AppData/Local/Programs/Python/Python38/lib/queue.py", line 170, in get() 
[04] File "E:/Users/Administrator/AppData/Local/Programs/Python/Python38/lib/threading.py", line 302, in wait() 

name=worker 6, pid=11488, tid=3088
[01] File "E:/Users/Administrator/AppData/Local/Programs/Python/Python38/lib/threading.py", line 870, in run() 
[02] File "E:/Users/Administrator/AppData/Local/Programs/Python/Python38/lib/site-packages/paste/httpserver.py", line 891, in worker_thread_callback() 
[03] File "E:/Users/Administrator/AppData/Local/Programs/Python/Python38/lib/queue.py", line 170, in get() 
[04] File "E:/Users/Administrator/AppData/Local/Programs/Python/Python38/lib/threading.py", line 302, in wait() 

name=worker 5, pid=11488, tid=9468
[01] File "E:/Users/Administrator/AppData/Local/Programs/Python/Python38/lib/threading.py", line 870, in run() 
[02] File "E:/Users/Administrator/AppData/Local/Programs/Python/Python38/lib/site-packages/paste/httpserver.py", line 891, in worker_thread_callback() 
[03] File "E:/Users/Administrator/AppData/Local/Programs/Python/Python38/lib/queue.py", line 170, in get() 
[04] File "E:/Users/Administrator/AppData/Local/Programs/Python/Python38/lib/threading.py", line 302, in wait() 

name=worker 4, pid=11488, tid=14664
[01] File "E:/Users/Administrator/AppData/Local/Programs/Python/Python38/lib/threading.py", line 870, in run() 
[02] File "E:/Users/Administrator/AppData/Local/Programs/Python/Python38/lib/site-packages/paste/httpserver.py", line 891, in worker_thread_callback() 
[03] File "E:/Users/Administrator/AppData/Local/Programs/Python/Python38/lib/queue.py", line 170, in get() 
[04] File "E:/Users/Administrator/AppData/Local/Programs/Python/Python38/lib/threading.py", line 302, in wait() 

name=worker 3, pid=11488, tid=8188
[01] File "E:/Users/Administrator/AppData/Local/Programs/Python/Python38/lib/threading.py", line 870, in run() 
[02] File "E:/Users/Administrator/AppData/Local/Programs/Python/Python38/lib/site-packages/paste/httpserver.py", line 891, in worker_thread_callback() 
[03] File "E:/Users/Administrator/AppData/Local/Programs/Python/Python38/lib/queue.py", line 170, in get() 
[04] File "E:/Users/Administrator/AppData/Local/Programs/Python/Python38/lib/threading.py", line 302, in wait() 

name=worker 2, pid=11488, tid=9380
[01] File "E:/Users/Administrator/AppData/Local/Programs/Python/Python38/lib/threading.py", line 870, in run() 
[02] File "E:/Users/Administrator/AppData/Local/Programs/Python/Python38/lib/site-packages/paste/httpserver.py", line 891, in worker_thread_callback() 
[03] File "E:/Users/Administrator/AppData/Local/Programs/Python/Python38/lib/queue.py", line 170, in get() 
[04] File "E:/Users/Administrator/AppData/Local/Programs/Python/Python38/lib/threading.py", line 302, in wait() 

name=worker 1, pid=11488, tid=7488
[01] File "E:/Users/Administrator/AppData/Local/Programs/Python/Python38/lib/threading.py", line 870, in run() 
[02] File "E:/Users/Administrator/AppData/Local/Programs/Python/Python38/lib/site-packages/paste/httpserver.py", line 891, in worker_thread_callback() 
[03] File "E:/Users/Administrator/AppData/Local/Programs/Python/Python38/lib/queue.py", line 170, in get() 
[04] File "E:/Users/Administrator/AppData/Local/Programs/Python/Python38/lib/threading.py", line 302, in wait() 

name=worker 0, pid=11488, tid=18272
[01] File "E:/Users/Administrator/AppData/Local/Programs/Python/Python38/lib/threading.py", line 870, in run() 
[02] File "E:/Users/Administrator/AppData/Local/Programs/Python/Python38/lib/site-packages/paste/httpserver.py", line 891, in worker_thread_callback() 
[03] File "E:/Users/Administrator/AppData/Local/Programs/Python/Python38/lib/queue.py", line 170, in get() 
[04] File "E:/Users/Administrator/AppData/Local/Programs/Python/Python38/lib/threading.py", line 302, in wait() 

name=agvThread.AGV30, pid=11488, tid=14252
[01] File "E:/Users/Administrator/AppData/Local/Programs/Python/Python38/lib/threading.py", line 870, in run() 
[02] File "E:/projects_by_myself/backup/MeiWei_back_0421/agvCtrl/agvList.py", line 576, in run() 

name=tcplisten.port_1001, pid=11488, tid=12384
[01] File "E:/Users/Administrator/AppData/Local/Programs/Python/Python38/lib/threading.py", line 870, in run() 
[02] File "E:/projects_by_myself/backup/MeiWei_back_0421/common/tcpSocket.py", line 66, in _acceptThread() 
[03] File "E:/Users/Administrator/AppData/Local/Programs/Python/Python38/lib/socket.py", line 292, in accept() 

name=pymongo_kill_cursors_thread, pid=11488, tid=12372
[01] File "E:/Users/Administrator/AppData/Local/Programs/Python/Python38/lib/threading.py", line 870, in run() 
[02] File "E:/Users/Administrator/AppData/Local/Programs/Python/Python38/lib/site-packages/pymongo/periodic_executor.py", line 140, in _run() 

name=pymongo_server_monitor_thread, pid=11488, tid=10092
[01] File "E:/Users/Administrator/AppData/Local/Programs/Python/Python38/lib/threading.py", line 870, in run() 
[02] File "E:/Users/Administrator/AppData/Local/Programs/Python/Python38/lib/site-packages/pymongo/periodic_executor.py", line 140, in _run() 

name=tcplisten.port_6789, pid=11488, tid=8528
[01] File "E:/Users/Administrator/AppData/Local/Programs/Python/Python38/lib/threading.py", line 870, in run() 
[02] File "E:/projects_by_myself/backup/MeiWei_back_0421/common/tcpSocket.py", line 66, in _acceptThread() 
[03] File "E:/Users/Administrator/AppData/Local/Programs/Python/Python38/lib/socket.py", line 292, in accept() 

name=MainThread, pid=11488, tid=11600
[01] File "run_all.py", line 60, in <module>() 
[02] File "E:/projects_by_myself/backup/MeiWei_back_0421/common/webutility.py", line 321, in run() 
[03] File "E:/Users/Administrator/AppData/Local/Programs/Python/Python38/lib/site-packages/bottle.py", line 3137, in run() 
[04] File "E:/Users/Administrator/AppData/Local/Programs/Python/Python38/lib/site-packages/bottle.py", line 2829, in run() 
[05] File "E:/Users/Administrator/AppData/Local/Programs/Python/Python38/lib/site-packages/paste/httpserver.py", line 1361, in serve() 
[06] File "E:/Users/Administrator/AppData/Local/Programs/Python/Python38/lib/site-packages/paste/httpserver.py", line 1107, in serve_forever() 
[07] File "E:/Users/Administrator/AppData/Local/Programs/Python/Python38/lib/socketserver.py", line 294, in handle_request() 
[08] File "E:/Users/Administrator/AppData/Local/Programs/Python/Python38/lib/selectors.py", line 323, in select() 
[09] File "E:/Users/Administrator/AppData/Local/Programs/Python/Python38/lib/selectors.py", line 314, in _select() 
[10] File "../common/utility.py", line 598, in exit() 
[11] File "E:/projects_by_myself/backup/MeiWei_back_0421/common/enhance.py", line 256, in getTrace() 
[12] File "E:/projects_by_myself/backup/MeiWei_back_0421/common/enhance.py", line 240, in getThreadStack()
[INFO]2021-04-27 16:17:14,168: lock info: count 0

try lock info: count 0
[ERROR]2021-04-27 16:17:14,171: user press Ctrl+C, print thread stack
[INFO]2021-04-27 16:17:15,186: name=worker 9, pid=11488, tid=7052
[01] File "E:/Users/Administrator/AppData/Local/Programs/Python/Python38/lib/threading.py", line 870, in run() 
[02] File "E:/Users/Administrator/AppData/Local/Programs/Python/Python38/lib/site-packages/paste/httpserver.py", line 891, in worker_thread_callback() 
[03] File "E:/Users/Administrator/AppData/Local/Programs/Python/Python38/lib/queue.py", line 170, in get() 
[04] File "E:/Users/Administrator/AppData/Local/Programs/Python/Python38/lib/threading.py", line 302, in wait() 

name=worker 8, pid=11488, tid=4652
[01] File "E:/Users/Administrator/AppData/Local/Programs/Python/Python38/lib/threading.py", line 870, in run() 
[02] File "E:/Users/Administrator/AppData/Local/Programs/Python/Python38/lib/site-packages/paste/httpserver.py", line 891, in worker_thread_callback() 
[03] File "E:/Users/Administrator/AppData/Local/Programs/Python/Python38/lib/queue.py", line 170, in get() 
[04] File "E:/Users/Administrator/AppData/Local/Programs/Python/Python38/lib/threading.py", line 302, in wait() 

name=worker 7, pid=11488, tid=13364
[01] File "E:/Users/Administrator/AppData/Local/Programs/Python/Python38/lib/threading.py", line 870, in run() 
[02] File "E:/Users/Administrator/AppData/Local/Programs/Python/Python38/lib/site-packages/paste/httpserver.py", line 891, in worker_thread_callback() 
[03] File "E:/Users/Administrator/AppData/Local/Programs/Python/Python38/lib/queue.py", line 170, in get() 
[04] File "E:/Users/Administrator/AppData/Local/Programs/Python/Python38/lib/threading.py", line 302, in wait() 

name=worker 6, pid=11488, tid=3088
[01] File "E:/Users/Administrator/AppData/Local/Programs/Python/Python38/lib/threading.py", line 870, in run() 
[02] File "E:/Users/Administrator/AppData/Local/Programs/Python/Python38/lib/site-packages/paste/httpserver.py", line 891, in worker_thread_callback() 
[03] File "E:/Users/Administrator/AppData/Local/Programs/Python/Python38/lib/queue.py", line 170, in get() 
[04] File "E:/Users/Administrator/AppData/Local/Programs/Python/Python38/lib/threading.py", line 302, in wait() 

name=worker 5, pid=11488, tid=9468
[01] File "E:/Users/Administrator/AppData/Local/Programs/Python/Python38/lib/threading.py", line 870, in run() 
[02] File "E:/Users/Administrator/AppData/Local/Programs/Python/Python38/lib/site-packages/paste/httpserver.py", line 891, in worker_thread_callback() 
[03] File "E:/Users/Administrator/AppData/Local/Programs/Python/Python38/lib/queue.py", line 170, in get() 
[04] File "E:/Users/Administrator/AppData/Local/Programs/Python/Python38/lib/threading.py", line 302, in wait() 

name=worker 4, pid=11488, tid=14664
[01] File "E:/Users/Administrator/AppData/Local/Programs/Python/Python38/lib/threading.py", line 870, in run() 
[02] File "E:/Users/Administrator/AppData/Local/Programs/Python/Python38/lib/site-packages/paste/httpserver.py", line 891, in worker_thread_callback() 
[03] File "E:/Users/Administrator/AppData/Local/Programs/Python/Python38/lib/queue.py", line 170, in get() 
[04] File "E:/Users/Administrator/AppData/Local/Programs/Python/Python38/lib/threading.py", line 302, in wait() 

name=worker 3, pid=11488, tid=8188
[01] File "E:/Users/Administrator/AppData/Local/Programs/Python/Python38/lib/threading.py", line 870, in run() 
[02] File "E:/Users/Administrator/AppData/Local/Programs/Python/Python38/lib/site-packages/paste/httpserver.py", line 891, in worker_thread_callback() 
[03] File "E:/Users/Administrator/AppData/Local/Programs/Python/Python38/lib/queue.py", line 170, in get() 
[04] File "E:/Users/Administrator/AppData/Local/Programs/Python/Python38/lib/threading.py", line 302, in wait() 

name=worker 2, pid=11488, tid=9380
[01] File "E:/Users/Administrator/AppData/Local/Programs/Python/Python38/lib/threading.py", line 870, in run() 
[02] File "E:/Users/Administrator/AppData/Local/Programs/Python/Python38/lib/site-packages/paste/httpserver.py", line 891, in worker_thread_callback() 
[03] File "E:/Users/Administrator/AppData/Local/Programs/Python/Python38/lib/queue.py", line 170, in get() 
[04] File "E:/Users/Administrator/AppData/Local/Programs/Python/Python38/lib/threading.py", line 302, in wait() 

name=worker 1, pid=11488, tid=7488
[01] File "E:/Users/Administrator/AppData/Local/Programs/Python/Python38/lib/threading.py", line 870, in run() 
[02] File "E:/Users/Administrator/AppData/Local/Programs/Python/Python38/lib/site-packages/paste/httpserver.py", line 891, in worker_thread_callback() 
[03] File "E:/Users/Administrator/AppData/Local/Programs/Python/Python38/lib/queue.py", line 170, in get() 
[04] File "E:/Users/Administrator/AppData/Local/Programs/Python/Python38/lib/threading.py", line 302, in wait() 

name=worker 0, pid=11488, tid=18272
[01] File "E:/Users/Administrator/AppData/Local/Programs/Python/Python38/lib/threading.py", line 870, in run() 
[02] File "E:/Users/Administrator/AppData/Local/Programs/Python/Python38/lib/site-packages/paste/httpserver.py", line 891, in worker_thread_callback() 
[03] File "E:/Users/Administrator/AppData/Local/Programs/Python/Python38/lib/queue.py", line 170, in get() 
[04] File "E:/Users/Administrator/AppData/Local/Programs/Python/Python38/lib/threading.py", line 302, in wait() 

name=agvThread.AGV30, pid=11488, tid=14252
[01] File "E:/Users/Administrator/AppData/Local/Programs/Python/Python38/lib/threading.py", line 870, in run() 
[02] File "E:/projects_by_myself/backup/MeiWei_back_0421/agvCtrl/agvList.py", line 576, in run() 

name=tcplisten.port_1001, pid=11488, tid=12384
[01] File "E:/Users/Administrator/AppData/Local/Programs/Python/Python38/lib/threading.py", line 870, in run() 
[02] File "E:/projects_by_myself/backup/MeiWei_back_0421/common/tcpSocket.py", line 66, in _acceptThread() 
[03] File "E:/Users/Administrator/AppData/Local/Programs/Python/Python38/lib/socket.py", line 292, in accept() 

name=pymongo_kill_cursors_thread, pid=11488, tid=12372
[01] File "E:/Users/Administrator/AppData/Local/Programs/Python/Python38/lib/threading.py", line 870, in run() 
[02] File "E:/Users/Administrator/AppData/Local/Programs/Python/Python38/lib/site-packages/pymongo/periodic_executor.py", line 140, in _run() 

name=pymongo_server_monitor_thread, pid=11488, tid=10092
[01] File "E:/Users/Administrator/AppData/Local/Programs/Python/Python38/lib/threading.py", line 870, in run() 
[02] File "E:/Users/Administrator/AppData/Local/Programs/Python/Python38/lib/site-packages/pymongo/periodic_executor.py", line 140, in _run() 

name=tcplisten.port_6789, pid=11488, tid=8528
[01] File "E:/Users/Administrator/AppData/Local/Programs/Python/Python38/lib/threading.py", line 870, in run() 
[02] File "E:/projects_by_myself/backup/MeiWei_back_0421/common/tcpSocket.py", line 66, in _acceptThread() 
[03] File "E:/Users/Administrator/AppData/Local/Programs/Python/Python38/lib/socket.py", line 292, in accept() 

name=MainThread, pid=11488, tid=11600
[01] File "run_all.py", line 60, in <module>() 
[02] File "E:/projects_by_myself/backup/MeiWei_back_0421/common/webutility.py", line 321, in run() 
[03] File "E:/Users/Administrator/AppData/Local/Programs/Python/Python38/lib/site-packages/bottle.py", line 3137, in run() 
[04] File "E:/Users/Administrator/AppData/Local/Programs/Python/Python38/lib/site-packages/bottle.py", line 2829, in run() 
[05] File "E:/Users/Administrator/AppData/Local/Programs/Python/Python38/lib/site-packages/paste/httpserver.py", line 1361, in serve() 
[06] File "E:/Users/Administrator/AppData/Local/Programs/Python/Python38/lib/site-packages/paste/httpserver.py", line 1107, in serve_forever() 
[07] File "E:/Users/Administrator/AppData/Local/Programs/Python/Python38/lib/socketserver.py", line 294, in handle_request() 
[08] File "E:/Users/Administrator/AppData/Local/Programs/Python/Python38/lib/selectors.py", line 323, in select() 
[09] File "E:/Users/Administrator/AppData/Local/Programs/Python/Python38/lib/selectors.py", line 314, in _select() 
[10] File "../common/utility.py", line 598, in exit() 
[11] File "E:/projects_by_myself/backup/MeiWei_back_0421/common/enhance.py", line 256, in getTrace() 
[12] File "E:/projects_by_myself/backup/MeiWei_back_0421/common/enhance.py", line 240, in getThreadStack()
[ERROR]2021-04-27 16:17:15,204: user press Ctrl+C, system quit!
[WARNING]2021-04-27 16:17:15,207: runTask:stop save file
[ERROR]2021-04-27 16:17:15,212: process exited, living 0:05:13.768731 seconds
