[INFO]2021-04-25 14:49:46,044: log files at E:\projects_by_myself\backup\MeiWei_back_0421\common\log
[INFO]2021-04-25 14:49:46,046: find module account.main_account
[INFO]2021-04-25 14:49:46,047: find module agvCtrl.main_agv
[INFO]2021-04-25 14:49:46,048: find module agvDevice.main_agvDevice
[INFO]2021-04-25 14:49:46,049: find module akmCtrl.main_akmCtrl
[INFO]2021-04-25 14:49:46,050: find module alarm.main_alarm
[INFO]2021-04-25 14:49:46,053: find module auth.main_auth
[INFO]2021-04-25 14:49:46,054: find module door.main_door
[INFO]2021-04-25 14:49:46,055: find module elevator.main_elevator
[INFO]2021-04-25 14:49:46,058: find module feed.main_feed
[INFO]2021-04-25 14:49:46,058: find module remoteio.main_remoteio
[INFO]2021-04-25 14:49:46,060: import account.main_account
[INFO]2021-04-25 14:49:46,154: import agvCtrl.main_agv
[INFO]2021-04-25 14:49:47,041: create lock <lock name:doorMgr.lock,<unlocked _thread.RLock object owner=0 count=0 at 0x000001CA96ED6EA0>>
[INFO]2021-04-25 14:49:48,020: create lock <lock name:door.lock,<unlocked _thread.RLock object owner=0 count=0 at 0x000001CA96EE9420>>
[INFO]2021-04-25 14:49:48,138: create lock <lock name:timer.lock_1969633858080,<unlocked _thread.RLock object owner=0 count=0 at 0x000001CA97539390>>
[ERROR]2021-04-25 14:49:48,151: mqtt is disabled
[INFO]2021-04-25 14:49:48,152: mqtt: subscribe [alarm/raise/+]
[INFO]2021-04-25 14:49:48,153: mqtt: subscribe [alarm/clear/+]
[INFO]2021-04-25 14:49:51,186: Mongodb connect to 127.0.0.1 port 27017
[INFO]2021-04-25 14:49:51,228: create lock <lock name:elevatorMgr.lock,<unlocked _thread.RLock object owner=0 count=0 at 0x000001CA9774AD80>>
[WARNING]2021-04-25 14:49:51,254: use mockAgvCtrl
[INFO]2021-04-25 14:49:51,260: create lock <lock name:mapMgr.lock,<unlocked _thread.RLock object owner=0 count=0 at 0x000001CA957C4360>>
[INFO]2021-04-25 14:49:51,651: create lock <lock name:agvList.g_agvLock,<unlocked _thread.RLock object owner=0 count=0 at 0x000001CA977B4C00>>
[INFO]2021-04-25 14:49:51,655: create lock <lock name:taskList.lock,<unlocked _thread.RLock object owner=0 count=0 at 0x000001CA9879F8D0>>
[INFO]2021-04-25 14:49:51,729: charge policy 1 , fix time
[INFO]2021-04-25 14:49:51,764: create lock <lock name:agvApi.g_lock,<unlocked _thread.RLock object owner=0 count=0 at 0x000001CA987A94B0>>
[INFO]2021-04-25 14:49:52,329: start load map E:\projects_by_myself\backup\MeiWei_back_0421\agvCtrl\projects\test\AKM2F.smap
[DEBUG]2021-04-25 14:49:52,459: elevator thread start
[INFO]2021-04-25 14:49:52,480: load map E:\projects_by_myself\backup\MeiWei_back_0421\agvCtrl\projects\test\AKM2F.smap ,used 162 ms
[INFO]2021-04-25 14:49:52,493: start load map E:\projects_by_myself\backup\MeiWei_back_0421\agvCtrl\projects\test\akmsmt.smap
[INFO]2021-04-25 14:49:52,543: load map E:\projects_by_myself\backup\MeiWei_back_0421\agvCtrl\projects\test\akmsmt.smap ,used 62 ms
[INFO]2021-04-25 14:49:52,558: start load map E:\projects_by_myself\backup\MeiWei_back_0421\agvCtrl\projects\test\akmsmtMap.smap
[INFO]2021-04-25 14:49:52,700: load map E:\projects_by_myself\backup\MeiWei_back_0421\agvCtrl\projects\test\akmsmtMap.smap ,used 153 ms
[INFO]2021-04-25 14:49:52,711: start load map E:\projects_by_myself\backup\MeiWei_back_0421\agvCtrl\projects\test\desai-all-20191223.smap
[INFO]2021-04-25 14:49:52,868: load map E:\projects_by_myself\backup\MeiWei_back_0421\agvCtrl\projects\test\desai-all-20191223.smap ,used 167 ms
[INFO]2021-04-25 14:49:52,879: start load map E:\projects_by_myself\backup\MeiWei_back_0421\agvCtrl\projects\test\meiwei423.smap
[INFO]2021-04-25 14:49:52,926: load map E:\projects_by_myself\backup\MeiWei_back_0421\agvCtrl\projects\test\meiwei423.smap ,used 56 ms
[INFO]2021-04-25 14:49:52,939: start load map E:\projects_by_myself\backup\MeiWei_back_0421\agvCtrl\projects\test\untitled_20210420032952.smap
[INFO]2021-04-25 14:49:53,257: load map E:\projects_by_myself\backup\MeiWei_back_0421\agvCtrl\projects\test\untitled_20210420032952.smap ,used 331 ms
[INFO]2021-04-25 14:49:53,261: import agvDevice.main_agvDevice
[INFO]2021-04-25 14:49:53,263: import akmCtrl.main_akmCtrl
[INFO]2021-04-25 14:49:53,283: create lock <lock name:runTasks.g_lock,<unlocked _thread.RLock object owner=0 count=0 at 0x000001CA98BF8750>>
[INFO]2021-04-25 14:49:53,298: create lock <lock name:agvApi.g_lock,<unlocked _thread.RLock object owner=0 count=0 at 0x000001CA98CD2060>>
[INFO]2021-04-25 14:49:53,316: create lock <lock name:runTasks.pre_lock,<unlocked _thread.RLock object owner=0 count=0 at 0x000001CA9913FBA0>>
[INFO]2021-04-25 14:49:53,318: create lock <lock name:timer.lock_1969663244848,<unlocked _thread.RLock object owner=0 count=0 at 0x000001CA9913F0F0>>
[INFO]2021-04-25 14:49:53,320: create lock <lock name:mapMgr.lock,<unlocked _thread.RLock object owner=0 count=0 at 0x000001CA98D0D600>>
[INFO]2021-04-25 14:49:54,089: import alarm.main_alarm
[INFO]2021-04-25 14:49:54,090: import auth.main_auth
[INFO]2021-04-25 14:49:54,102: import door.main_door
[INFO]2021-04-25 14:49:54,105: import elevator.main_elevator
[INFO]2021-04-25 14:49:54,110: create lock <lock name:elevatorApi.g_lock,<unlocked _thread.RLock object owner=0 count=0 at 0x000001CA9C4377B0>>
[INFO]2021-04-25 14:49:54,112: import feed.main_feed
[INFO]2021-04-25 14:49:54,122: create lock <lock name:feedTask.g_lock,<unlocked _thread.RLock object owner=0 count=0 at 0x000001CA9C43ECF0>>
[INFO]2021-04-25 14:49:54,172: import remoteio.main_remoteio
[SUCC]2021-04-25 14:49:54,184: utility start, pid=5632, ppid=6652
[DEBUG]2021-04-25 14:49:54,186: start timer
[INFO]2021-04-25 14:49:54,193: load agv file: E:\projects_by_myself\backup\MeiWei_back_0421\agvCtrl/projects/test/agv.cfg
[INFO]2021-04-25 14:49:54,195: create lock <lock name:agvList.AGV30.lock,<unlocked _thread.RLock object owner=0 count=0 at 0x000001CA9C44C330>>
[DEBUG]2021-04-25 14:49:54,198: create aliveObj AGV30 AGV离线异常 timeout 300
[INFO]2021-04-25 14:49:54,200: AGV30 start agvList run thread
[INFO]2021-04-25 14:49:54,200: AGV30 start agvList run2 thread
[ERROR]2021-04-25 14:49:54,208: agv check init error False
[DEBUG]2021-04-25 14:49:54,210: start timer
[INFO]2021-04-25 14:49:54,217: add_ignore: taskStatus
[INFO]2021-04-25 14:49:54,218: add_ignore: api/elevator/status
[INFO]2021-04-25 14:49:54,219: add_ignore: scada/getTask
[INFO]2021-04-25 14:49:54,714: AGV30 current map meiwei423
[INFO]2021-04-25 14:49:54,716: AGV30 is online
[DEBUG]2021-04-25 14:49:55,331: GET: http://127.0.0.1:5551/api/agv/init?appName=MeiWeiTask addr: 127.0.0.1
[INFO]2021-04-25 14:49:55,332: **********************状态************: True
[INFO]2021-04-25 14:49:55,333: MeiWeiTask init client agvApi
[DEBUG]2021-04-25 14:49:55,335: used 4ms 200 OK application/json;charset=utf-8, GET: http://127.0.0.1:5551/api/agv/init?appName=MeiWeiTask
[DEBUG]2021-04-25 14:49:58,491: GET: http://127.0.0.1:5551/api/agv/startCharge?appName=MeiWeiTask addr: 127.0.0.1
[DEBUG]2021-04-25 14:49:58,604: used 113ms 200 OK application/json;charset=utf-8, GET: http://127.0.0.1:5551/api/agv/startCharge?appName=MeiWeiTask
[WARNING]2021-04-25 14:49:58,727: timer_thread[tid:4740] <lock name:runTasks.g_lock,<locked _thread.RLock object owner=4740 count=1 at 0x000001CA98BF8750>> ,hold 3400 ms
[INFO]2021-04-25 14:49:58,980: name=timer_thread, pid=5632, tid=4740
[01] File "E:/Users/Administrator/AppData/Local/Programs/Python/Python38/lib/threading.py", line 870, in run() 
[02] File "../common/mytimer.py", line 113, in _loop() 
[03] File "../common/lock.py", line 122, in _call() 
[04] File "../common/lock.py", line 100, in release() 
[05] File "E:/projects_by_myself/backup/MeiWei_back_0421/common/enhance.py", line 258, in getTrace() 
[06] File "E:/projects_by_myself/backup/MeiWei_back_0421/common/enhance.py", line 240, in getThreadStack()
[DEBUG]2021-04-25 14:50:15,392: GET: http://127.0.0.1:5551/api/scada/addTaskByPad?source=MeiWeiSource&target=MeiWeiTarget addr: 127.0.0.1
[INFO]2021-04-25 14:50:15,487: create task[60851127b0fb3c5994c1c5d2]: type= scadaTask , 从MeiWeiSource运送货架到MeiWeiTarget {'source': 'MeiWeiSource', 'target': 'MeiWeiTarget', 'payloadId': None, 'priority': 1, 'type': 'scadaTask', 'taskName': '从MeiWeiSource运送货架到MeiWeiTarget', 'createTime': datetime.datetime(2021, 4, 25, 14, 50, 15, 471239), 'updateTime': datetime.datetime(2021, 4, 25, 14, 50, 15, 471239), 'startTime': None, 'endTime': None, 'status': 'waiting', 'step': 'waiting', 'failMsg': None, 'history': [], '_id': ObjectId('60851127b0fb3c5994c1c5d2')}
[DEBUG]2021-04-25 14:50:15,754: used 362ms 200 OK application/json;charset=utf-8, GET: http://127.0.0.1:5551/api/scada/addTaskByPad?source=MeiWeiSource&target=MeiWeiTarget
[INFO]2021-04-25 14:50:16,089: task[60851127b0fb3c5994c1c5d2]:  start {'failMsg': '任务等待执行', 'startTime': datetime.datetime(2021, 4, 25, 14, 50, 16, 44708), 'updateTime': datetime.datetime(2021, 4, 25, 14, 50, 16, 44708), 'status': 'running'}
[INFO]2021-04-25 14:50:16,169: task: start task[60851127b0fb3c5994c1c5d2][-] 6(1) -> 7(8) [waiting]
[INFO]2021-04-25 14:50:16,328: task[60851127b0fb3c5994c1c5d2] update info: {'failMsg': '等待分配小车', 'updateTime': datetime.datetime(2021, 4, 25, 14, 50, 16, 249161)}
[DEBUG]2021-04-25 14:50:16,472: task[60851127b0fb3c5994c1c5d2][-] 6(1) -> 7(8) [waitForAgv] waiting -> waitForAgv
[DEBUG]2021-04-25 14:50:17,760: GET: http://127.0.0.1:5551/api/agv/apply?appName=MeiWeiTask&autoLock=False&exclude&loc=1&mapId=meiwei423&taskId=60851127b0fb3c5994c1c5d2&timeout=10 addr: 127.0.0.1
[INFO]2021-04-25 14:50:22,111: apply AGV30 ,taskId: 60851127b0fb3c5994c1c5d2 ,loc meiwei423.1 ,autoLock False , used 4274 ms
[WARNING]2021-04-25 14:50:22,190: worker 3[tid:13556] <lock name:mapMgr.lock,<locked _thread.RLock object owner=13556 count=1 at 0x000001CA957C4360>> ,hold 4353 ms
[INFO]2021-04-25 14:50:22,446: name=worker 3, pid=5632, tid=13556
[01] File "E:/Users/Administrator/AppData/Local/Programs/Python/Python38/lib/threading.py", line 870, in run() 
[02] File "E:/Users/Administrator/AppData/Local/Programs/Python/Python38/lib/site-packages/paste/httpserver.py", line 903, in worker_thread_callback() 
[03] File "E:/Users/Administrator/AppData/Local/Programs/Python/Python38/lib/site-packages/paste/httpserver.py", line 1077, in <lambda>() 
[04] File "E:/Users/Administrator/AppData/Local/Programs/Python/Python38/lib/site-packages/paste/httpserver.py", line 1092, in process_request_in_thread() 
[05] File "E:/Users/Administrator/AppData/Local/Programs/Python/Python38/lib/socketserver.py", line 360, in finish_request() 
[06] File "E:/Users/Administrator/AppData/Local/Programs/Python/Python38/lib/socketserver.py", line 720, in __init__() 
[07] File "E:/Users/Administrator/AppData/Local/Programs/Python/Python38/lib/site-packages/paste/httpserver.py", line 460, in handle() 
[08] File "E:/Users/Administrator/AppData/Local/Programs/Python/Python38/lib/http/server.py", line 427, in handle() 
[09] File "E:/Users/Administrator/AppData/Local/Programs/Python/Python38/lib/site-packages/paste/httpserver.py", line 455, in handle_one_request() 
[10] File "E:/Users/Administrator/AppData/Local/Programs/Python/Python38/lib/site-packages/paste/httpserver.py", line 304, in wsgi_execute() 
[11] File "E:/Users/Administrator/AppData/Local/Programs/Python/Python38/lib/site-packages/paste/translogger.py", line 69, in __call__() 
[12] File "E:/Users/Administrator/AppData/Local/Programs/Python/Python38/lib/site-packages/bottle.py", line 985, in __call__() 
[13] File "E:/Users/Administrator/AppData/Local/Programs/Python/Python38/lib/site-packages/bottle.py", line 960, in wsgi() 
[14] File "E:/Users/Administrator/AppData/Local/Programs/Python/Python38/lib/site-packages/bottle.py", line 868, in _handle() 
[15] File "E:/Users/Administrator/AppData/Local/Programs/Python/Python38/lib/site-packages/bottle.py", line 1748, in wrapper() 
[16] File "E:/projects_by_myself/backup/MeiWei_back_0421/common/webutility.py", line 465, in _enable_cors() 
[17] File "E:/projects_by_myself/backup/MeiWei_back_0421/common/webutility.py", line 481, in _enable_cors() 
[18] File "E:/projects_by_myself/backup/MeiWei_back_0421/common/scadaUtility.py", line 45, in __call() 
[19] File "E:/projects_by_myself/backup/MeiWei_back_0421/agvCtrl/main_agv.py", line 58, in urlApply() 
[20] File "E:/projects_by_myself/backup/MeiWei_back_0421/agvCtrl/agvControl.py", line 1111, in apply() 
[21] File "E:/projects_by_myself/backup/MeiWei_back_0421/common/lock.py", line 122, in _call() 
[22] File "E:/projects_by_myself/backup/MeiWei_back_0421/common/lock.py", line 100, in release() 
[23] File "E:/projects_by_myself/backup/MeiWei_back_0421/common/enhance.py", line 258, in getTrace() 
[24] File "E:/projects_by_myself/backup/MeiWei_back_0421/common/enhance.py", line 240, in getThreadStack()
[DEBUG]2021-04-25 14:50:22,556: used 4796ms 200 OK application/json;charset=utf-8, GET: http://127.0.0.1:5551/api/agv/apply?appName=MeiWeiTask&autoLock=False&exclude&loc=1&mapId=meiwei423&taskId=60851127b0fb3c5994c1c5d2&timeout=10
[DEBUG]2021-04-25 14:50:22,840: GET: http://127.0.0.1:5551/api/agv/lock?agv=AGV30&appName=MeiWeiTask&taskId=60851127b0fb3c5994c1c5d2 addr: 127.0.0.1
[DEBUG]2021-04-25 14:50:22,932: lock:  AGV30 taskId 60851127b0fb3c5994c1c5d2 app MeiWeiTask
[WARNING]2021-04-25 14:50:24,047: AGV30 clear task finish, cur= meiwei423.9 task_status= 0
[DEBUG]2021-04-25 14:50:24,143: used 1303ms 200 OK application/json;charset=utf-8, GET: http://127.0.0.1:5551/api/agv/lock?agv=AGV30&appName=MeiWeiTask&taskId=60851127b0fb3c5994c1c5d2
[INFO]2021-04-25 14:50:24,269: task[60851127b0fb3c5994c1c5d2][-] 6(1) -> 7(8) [waitForAgv] apply AGV30
[INFO]2021-04-25 14:50:24,349: task[60851127b0fb3c5994c1c5d2] update info: {'agvId': 'AGV30', 'failMsg': '成功分配小车AGV30,检测顶升下降', 'updateTime': datetime.datetime(2021, 4, 25, 14, 50, 24, 347098)}
[WARNING]2021-04-25 14:50:24,426: scada.60851127b0fb3c5994c1c5d2[tid:3472] <locked _thread.RLock object owner=3472 count=1 at 0x000001CAA0AB3420> ,hold 6779 ms
[INFO]2021-04-25 14:50:24,838: name=scada.60851127b0fb3c5994c1c5d2, pid=5632, tid=3472
[01] File "E:/Users/Administrator/AppData/Local/Programs/Python/Python38/lib/threading.py", line 870, in run() 
[02] File "../common/utility.py", line 167, in __call() 
[03] File "E:/projects_by_myself/backup/MeiWei_back_0421/akmCtrl/beans/scadaTaskBean.py", line 617, in _taskFunc() 
[04] File "../common/lock.py", line 122, in _call() 
[05] File "../common/lock.py", line 100, in release() 
[06] File "E:/projects_by_myself/backup/MeiWei_back_0421/common/enhance.py", line 258, in getTrace() 
[07] File "E:/projects_by_myself/backup/MeiWei_back_0421/common/enhance.py", line 240, in getThreadStack()
[DEBUG]2021-04-25 14:50:25,011: task[60851127b0fb3c5994c1c5d2][AGV30] 6(1) -> 7(8) [initJackdown] waitForAgv -> initJackdown
[INFO]2021-04-25 14:50:25,488: task[60851127b0fb3c5994c1c5d2][AGV30] 6(1) -> 7(8) [initJackdown] _jackDown
[INFO]2021-04-25 14:50:25,567: ************run jackDownOld********************
[INFO]2021-04-25 14:50:26,705: task[60851127b0fb3c5994c1c5d2] update info: {'failMsg': '前往MeiWeiSource工位点的前置点拉取货架', 'updateTime': datetime.datetime(2021, 4, 25, 14, 50, 26, 674632)}
[DEBUG]2021-04-25 14:50:26,909: task[60851127b0fb3c5994c1c5d2][AGV30] 6(1) -> 7(8) [moveToPreSrc] initJackdown -> moveToPreSrc
[DEBUG]2021-04-25 14:50:27,468: GET: http://127.0.0.1:5551/api/agv/move?WorkPlace=None&agv=AGV30&agvId=AGV30&appName=MeiWeiTask&floorId=meiwei423&isRotate&loc=meiwei423.1&location=1&taskId=60851127b0fb3c5994c1c5d2_moveToPreSrc&taskType=scadaTask&timeoutSec=86400 addr: 127.0.0.1
[INFO]2021-04-25 14:50:27,477: Begin: AGV30 move from meiwei423.9 to meiwei423.1 by paths: [('meiwei423', ['9', '7', '8', '6', '1'], 26.065498026668134)] task: 60851127b0fb3c5994c1c5d2_moveToPreSrc timeout 86400 used 7 ms
[DEBUG]2021-04-25 14:50:27,478: used 10ms 200 OK application/json;charset=utf-8, GET: http://127.0.0.1:5551/api/agv/move?WorkPlace=None&agv=AGV30&agvId=AGV30&appName=MeiWeiTask&floorId=meiwei423&isRotate&loc=meiwei423.1&location=1&taskId=60851127b0fb3c5994c1c5d2_moveToPreSrc&taskType=scadaTask&timeoutSec=86400
[INFO]2021-04-25 14:50:27,482: 移动到source的前置点 1
[DEBUG]2021-04-25 14:50:27,483: task[60851127b0fb3c5994c1c5d2][AGV30] 6(1) -> 7(8) [moveToPreSrc_onfinish] moveToPreSrc -> moveToPreSrc_onfinish
[DEBUG]2021-04-25 14:50:28,145: agvInfo: AGV30 meiwei423.9 move to meiwei423.7 ,taskId 60851127b0fb3c5994c1c5d2_moveToPreSrc
[INFO]2021-04-25 14:50:28,148: 
[DEBUG]2021-04-25 14:50:28,690: AGV30 choise next pos cur 9 next 8 pre 7 5.017 True
[DEBUG]2021-04-25 14:50:28,705: AGV30 choise next pos cur 9 next 6 pre 8 25.235 False
[DEBUG]2021-04-25 14:50:28,736: AGV30 turn to wait check cur 9 next 6 25.235 False
[DEBUG]2021-04-25 14:50:29,302: agvInfo: AGV30 meiwei423.9 move to meiwei423.6 ,taskId 60851127b0fb3c5994c1c5d2_moveToPreSrc
[INFO]2021-04-25 14:50:29,304: 
[DEBUG]2021-04-25 14:50:35,175: AGV30 set loc meiwei423.7 ,old 9 (23.51,0.77)
[DEBUG]2021-04-25 14:50:36,722: AGV30 set loc meiwei423.8 ,old 7 (22.21,0.72)
[INFO]2021-04-25 14:50:47,005: name=mock.move, pid=5632, tid=17188
[01] File "E:/Users/Administrator/AppData/Local/Programs/Python/Python38/lib/threading.py", line 870, in run() 
[02] File "../driver/seerAgv/mockAgvCtrl.py", line 298, in moveFunc() 
[03] File "../driver/seerAgv/mockAgvCtrl.py", line 331, in move() 
[04] File "../driver/seerAgv/mockAgvCtrl.py", line 287, in moveLine() 

name=scada.60851127b0fb3c5994c1c5d2, pid=5632, tid=3472
[01] File "E:/Users/Administrator/AppData/Local/Programs/Python/Python38/lib/threading.py", line 870, in run() 
[02] File "../common/utility.py", line 167, in __call() 
[03] File "E:/projects_by_myself/backup/MeiWei_back_0421/akmCtrl/beans/scadaTaskBean.py", line 632, in _taskFunc() 

name=worker 9, pid=5632, tid=17936
[01] File "E:/Users/Administrator/AppData/Local/Programs/Python/Python38/lib/threading.py", line 870, in run() 
[02] File "E:/Users/Administrator/AppData/Local/Programs/Python/Python38/lib/site-packages/paste/httpserver.py", line 891, in worker_thread_callback() 
[03] File "E:/Users/Administrator/AppData/Local/Programs/Python/Python38/lib/queue.py", line 170, in get() 
[04] File "E:/Users/Administrator/AppData/Local/Programs/Python/Python38/lib/threading.py", line 302, in wait() 

name=worker 8, pid=5632, tid=9128
[01] File "E:/Users/Administrator/AppData/Local/Programs/Python/Python38/lib/threading.py", line 870, in run() 
[02] File "E:/Users/Administrator/AppData/Local/Programs/Python/Python38/lib/site-packages/paste/httpserver.py", line 891, in worker_thread_callback() 
[03] File "E:/Users/Administrator/AppData/Local/Programs/Python/Python38/lib/queue.py", line 170, in get() 
[04] File "E:/Users/Administrator/AppData/Local/Programs/Python/Python38/lib/threading.py", line 302, in wait() 

name=worker 7, pid=5632, tid=14832
[01] File "E:/Users/Administrator/AppData/Local/Programs/Python/Python38/lib/threading.py", line 870, in run() 
[02] File "E:/Users/Administrator/AppData/Local/Programs/Python/Python38/lib/site-packages/paste/httpserver.py", line 891, in worker_thread_callback() 
[03] File "E:/Users/Administrator/AppData/Local/Programs/Python/Python38/lib/queue.py", line 170, in get() 
[04] File "E:/Users/Administrator/AppData/Local/Programs/Python/Python38/lib/threading.py", line 302, in wait() 

name=worker 6, pid=5632, tid=13888
[01] File "E:/Users/Administrator/AppData/Local/Programs/Python/Python38/lib/threading.py", line 870, in run() 
[02] File "E:/Users/Administrator/AppData/Local/Programs/Python/Python38/lib/site-packages/paste/httpserver.py", line 891, in worker_thread_callback() 
[03] File "E:/Users/Administrator/AppData/Local/Programs/Python/Python38/lib/queue.py", line 170, in get() 
[04] File "E:/Users/Administrator/AppData/Local/Programs/Python/Python38/lib/threading.py", line 302, in wait() 

name=worker 5, pid=5632, tid=7476
[01] File "E:/Users/Administrator/AppData/Local/Programs/Python/Python38/lib/threading.py", line 870, in run() 
[02] File "E:/Users/Administrator/AppData/Local/Programs/Python/Python38/lib/site-packages/paste/httpserver.py", line 891, in worker_thread_callback() 
[03] File "E:/Users/Administrator/AppData/Local/Programs/Python/Python38/lib/queue.py", line 170, in get() 
[04] File "E:/Users/Administrator/AppData/Local/Programs/Python/Python38/lib/threading.py", line 302, in wait() 

name=worker 4, pid=5632, tid=9172
[01] File "E:/Users/Administrator/AppData/Local/Programs/Python/Python38/lib/threading.py", line 870, in run() 
[02] File "E:/Users/Administrator/AppData/Local/Programs/Python/Python38/lib/site-packages/paste/httpserver.py", line 891, in worker_thread_callback() 
[03] File "E:/Users/Administrator/AppData/Local/Programs/Python/Python38/lib/queue.py", line 170, in get() 
[04] File "E:/Users/Administrator/AppData/Local/Programs/Python/Python38/lib/threading.py", line 302, in wait() 

name=worker 3, pid=5632, tid=13556
[01] File "E:/Users/Administrator/AppData/Local/Programs/Python/Python38/lib/threading.py", line 870, in run() 
[02] File "E:/Users/Administrator/AppData/Local/Programs/Python/Python38/lib/site-packages/paste/httpserver.py", line 891, in worker_thread_callback() 
[03] File "E:/Users/Administrator/AppData/Local/Programs/Python/Python38/lib/queue.py", line 170, in get() 
[04] File "E:/Users/Administrator/AppData/Local/Programs/Python/Python38/lib/threading.py", line 302, in wait() 

name=worker 2, pid=5632, tid=11316
[01] File "E:/Users/Administrator/AppData/Local/Programs/Python/Python38/lib/threading.py", line 870, in run() 
[02] File "E:/Users/Administrator/AppData/Local/Programs/Python/Python38/lib/site-packages/paste/httpserver.py", line 891, in worker_thread_callback() 
[03] File "E:/Users/Administrator/AppData/Local/Programs/Python/Python38/lib/queue.py", line 170, in get() 
[04] File "E:/Users/Administrator/AppData/Local/Programs/Python/Python38/lib/threading.py", line 302, in wait() 

name=worker 1, pid=5632, tid=9856
[01] File "E:/Users/Administrator/AppData/Local/Programs/Python/Python38/lib/threading.py", line 870, in run() 
[02] File "E:/Users/Administrator/AppData/Local/Programs/Python/Python38/lib/site-packages/paste/httpserver.py", line 891, in worker_thread_callback() 
[03] File "E:/Users/Administrator/AppData/Local/Programs/Python/Python38/lib/queue.py", line 170, in get() 
[04] File "E:/Users/Administrator/AppData/Local/Programs/Python/Python38/lib/threading.py", line 302, in wait() 

name=worker 0, pid=5632, tid=9972
[01] File "E:/Users/Administrator/AppData/Local/Programs/Python/Python38/lib/threading.py", line 870, in run() 
[02] File "E:/Users/Administrator/AppData/Local/Programs/Python/Python38/lib/site-packages/paste/httpserver.py", line 891, in worker_thread_callback() 
[03] File "E:/Users/Administrator/AppData/Local/Programs/Python/Python38/lib/queue.py", line 170, in get() 
[04] File "E:/Users/Administrator/AppData/Local/Programs/Python/Python38/lib/threading.py", line 302, in wait() 

name=timer_thread, pid=5632, tid=4740
[01] File "E:/Users/Administrator/AppData/Local/Programs/Python/Python38/lib/threading.py", line 870, in run() 
[02] File "../common/mytimer.py", line 117, in _loop() 

name=Thread-1, pid=5632, tid=5624
[01] File "E:/Users/Administrator/AppData/Local/Programs/Python/Python38/lib/threading.py", line 870, in run() 
[02] File "E:/projects_by_myself/backup/MeiWei_back_0421/agvCtrl/main_agv.py", line 332, in showThread() 
[03] File "E:/projects_by_myself/backup/MeiWei_back_0421/agvCtrl/agvControl.py", line 1346, in show() 
[04] File "E:/projects_by_myself/backup/MeiWei_back_0421/agvCtrl/mainFrame.py", line 236, in show() 
[05] File "E:/projects_by_myself/backup/MeiWei_back_0421/agvCtrl/mainFrame.py", line 53, in closeEvent() 
[06] File "E:/projects_by_myself/backup/MeiWei_back_0421/common/utility.py", line 581, in finish() 
[07] File "../driver/seerAgv/mockAgvCtrl.py", line 782, in fini() 
[08] File "E:/Users/Administrator/AppData/Local/Programs/Python/Python38/lib/threading.py", line 1011, in join() 
[09] File "E:/Users/Administrator/AppData/Local/Programs/Python/Python38/lib/threading.py", line 1027, in _wait_for_tstate_lock() 

name=pymongo_kill_cursors_thread, pid=5632, tid=12204
[01] File "E:/Users/Administrator/AppData/Local/Programs/Python/Python38/lib/threading.py", line 870, in run() 
[02] File "E:/Users/Administrator/AppData/Local/Programs/Python/Python38/lib/site-packages/pymongo/periodic_executor.py", line 140, in _run() 

name=pymongo_server_monitor_thread, pid=5632, tid=10156
[01] File "E:/Users/Administrator/AppData/Local/Programs/Python/Python38/lib/threading.py", line 870, in run() 
[02] File "E:/Users/Administrator/AppData/Local/Programs/Python/Python38/lib/site-packages/pymongo/periodic_executor.py", line 140, in _run() 

name=tcplisten.port_6789, pid=5632, tid=17492
[01] File "E:/Users/Administrator/AppData/Local/Programs/Python/Python38/lib/threading.py", line 870, in run() 
[02] File "E:/projects_by_myself/backup/MeiWei_back_0421/common/tcpSocket.py", line 65, in _acceptThread() 
[03] File "E:/Users/Administrator/AppData/Local/Programs/Python/Python38/lib/socket.py", line 292, in accept() 

name=MainThread, pid=5632, tid=9312
[01] File "run_all.py", line 60, in <module>() 
[02] File "E:/projects_by_myself/backup/MeiWei_back_0421/common/webutility.py", line 320, in run() 
[03] File "E:/Users/Administrator/AppData/Local/Programs/Python/Python38/lib/site-packages/bottle.py", line 3137, in run() 
[04] File "E:/Users/Administrator/AppData/Local/Programs/Python/Python38/lib/site-packages/bottle.py", line 2829, in run() 
[05] File "E:/Users/Administrator/AppData/Local/Programs/Python/Python38/lib/site-packages/paste/httpserver.py", line 1361, in serve() 
[06] File "E:/Users/Administrator/AppData/Local/Programs/Python/Python38/lib/site-packages/paste/httpserver.py", line 1107, in serve_forever() 
[07] File "E:/Users/Administrator/AppData/Local/Programs/Python/Python38/lib/socketserver.py", line 294, in handle_request() 
[08] File "E:/Users/Administrator/AppData/Local/Programs/Python/Python38/lib/selectors.py", line 323, in select() 
[09] File "E:/Users/Administrator/AppData/Local/Programs/Python/Python38/lib/selectors.py", line 314, in _select() 
[10] File "../common/utility.py", line 598, in exit() 
[11] File "E:/projects_by_myself/backup/MeiWei_back_0421/common/enhance.py", line 256, in getTrace() 
[12] File "E:/projects_by_myself/backup/MeiWei_back_0421/common/enhance.py", line 240, in getThreadStack()
[INFO]2021-04-25 14:50:47,029: lock info: count 0

try lock info: count 0
[ERROR]2021-04-25 14:50:47,033: user press Ctrl+C, print thread stack
[INFO]2021-04-25 14:50:48,051: name=mock.move, pid=5632, tid=17188
[01] File "E:/Users/Administrator/AppData/Local/Programs/Python/Python38/lib/threading.py", line 870, in run() 
[02] File "../driver/seerAgv/mockAgvCtrl.py", line 298, in moveFunc() 
[03] File "../driver/seerAgv/mockAgvCtrl.py", line 331, in move() 
[04] File "../driver/seerAgv/mockAgvCtrl.py", line 287, in moveLine() 

name=scada.60851127b0fb3c5994c1c5d2, pid=5632, tid=3472
[01] File "E:/Users/Administrator/AppData/Local/Programs/Python/Python38/lib/threading.py", line 870, in run() 
[02] File "../common/utility.py", line 167, in __call() 
[03] File "E:/projects_by_myself/backup/MeiWei_back_0421/akmCtrl/beans/scadaTaskBean.py", line 632, in _taskFunc() 

name=worker 9, pid=5632, tid=17936
[01] File "E:/Users/Administrator/AppData/Local/Programs/Python/Python38/lib/threading.py", line 870, in run() 
[02] File "E:/Users/Administrator/AppData/Local/Programs/Python/Python38/lib/site-packages/paste/httpserver.py", line 891, in worker_thread_callback() 
[03] File "E:/Users/Administrator/AppData/Local/Programs/Python/Python38/lib/queue.py", line 170, in get() 
[04] File "E:/Users/Administrator/AppData/Local/Programs/Python/Python38/lib/threading.py", line 302, in wait() 

name=worker 8, pid=5632, tid=9128
[01] File "E:/Users/Administrator/AppData/Local/Programs/Python/Python38/lib/threading.py", line 870, in run() 
[02] File "E:/Users/Administrator/AppData/Local/Programs/Python/Python38/lib/site-packages/paste/httpserver.py", line 891, in worker_thread_callback() 
[03] File "E:/Users/Administrator/AppData/Local/Programs/Python/Python38/lib/queue.py", line 170, in get() 
[04] File "E:/Users/Administrator/AppData/Local/Programs/Python/Python38/lib/threading.py", line 302, in wait() 

name=worker 7, pid=5632, tid=14832
[01] File "E:/Users/Administrator/AppData/Local/Programs/Python/Python38/lib/threading.py", line 870, in run() 
[02] File "E:/Users/Administrator/AppData/Local/Programs/Python/Python38/lib/site-packages/paste/httpserver.py", line 891, in worker_thread_callback() 
[03] File "E:/Users/Administrator/AppData/Local/Programs/Python/Python38/lib/queue.py", line 170, in get() 
[04] File "E:/Users/Administrator/AppData/Local/Programs/Python/Python38/lib/threading.py", line 302, in wait() 

name=worker 6, pid=5632, tid=13888
[01] File "E:/Users/Administrator/AppData/Local/Programs/Python/Python38/lib/threading.py", line 870, in run() 
[02] File "E:/Users/Administrator/AppData/Local/Programs/Python/Python38/lib/site-packages/paste/httpserver.py", line 891, in worker_thread_callback() 
[03] File "E:/Users/Administrator/AppData/Local/Programs/Python/Python38/lib/queue.py", line 170, in get() 
[04] File "E:/Users/Administrator/AppData/Local/Programs/Python/Python38/lib/threading.py", line 302, in wait() 

name=worker 5, pid=5632, tid=7476
[01] File "E:/Users/Administrator/AppData/Local/Programs/Python/Python38/lib/threading.py", line 870, in run() 
[02] File "E:/Users/Administrator/AppData/Local/Programs/Python/Python38/lib/site-packages/paste/httpserver.py", line 891, in worker_thread_callback() 
[03] File "E:/Users/Administrator/AppData/Local/Programs/Python/Python38/lib/queue.py", line 170, in get() 
[04] File "E:/Users/Administrator/AppData/Local/Programs/Python/Python38/lib/threading.py", line 302, in wait() 

name=worker 4, pid=5632, tid=9172
[01] File "E:/Users/Administrator/AppData/Local/Programs/Python/Python38/lib/threading.py", line 870, in run() 
[02] File "E:/Users/Administrator/AppData/Local/Programs/Python/Python38/lib/site-packages/paste/httpserver.py", line 891, in worker_thread_callback() 
[03] File "E:/Users/Administrator/AppData/Local/Programs/Python/Python38/lib/queue.py", line 170, in get() 
[04] File "E:/Users/Administrator/AppData/Local/Programs/Python/Python38/lib/threading.py", line 302, in wait() 

name=worker 3, pid=5632, tid=13556
[01] File "E:/Users/Administrator/AppData/Local/Programs/Python/Python38/lib/threading.py", line 870, in run() 
[02] File "E:/Users/Administrator/AppData/Local/Programs/Python/Python38/lib/site-packages/paste/httpserver.py", line 891, in worker_thread_callback() 
[03] File "E:/Users/Administrator/AppData/Local/Programs/Python/Python38/lib/queue.py", line 170, in get() 
[04] File "E:/Users/Administrator/AppData/Local/Programs/Python/Python38/lib/threading.py", line 302, in wait() 

name=worker 2, pid=5632, tid=11316
[01] File "E:/Users/Administrator/AppData/Local/Programs/Python/Python38/lib/threading.py", line 870, in run() 
[02] File "E:/Users/Administrator/AppData/Local/Programs/Python/Python38/lib/site-packages/paste/httpserver.py", line 891, in worker_thread_callback() 
[03] File "E:/Users/Administrator/AppData/Local/Programs/Python/Python38/lib/queue.py", line 170, in get() 
[04] File "E:/Users/Administrator/AppData/Local/Programs/Python/Python38/lib/threading.py", line 302, in wait() 

name=worker 1, pid=5632, tid=9856
[01] File "E:/Users/Administrator/AppData/Local/Programs/Python/Python38/lib/threading.py", line 870, in run() 
[02] File "E:/Users/Administrator/AppData/Local/Programs/Python/Python38/lib/site-packages/paste/httpserver.py", line 891, in worker_thread_callback() 
[03] File "E:/Users/Administrator/AppData/Local/Programs/Python/Python38/lib/queue.py", line 170, in get() 
[04] File "E:/Users/Administrator/AppData/Local/Programs/Python/Python38/lib/threading.py", line 302, in wait() 

name=worker 0, pid=5632, tid=9972
[01] File "E:/Users/Administrator/AppData/Local/Programs/Python/Python38/lib/threading.py", line 870, in run() 
[02] File "E:/Users/Administrator/AppData/Local/Programs/Python/Python38/lib/site-packages/paste/httpserver.py", line 891, in worker_thread_callback() 
[03] File "E:/Users/Administrator/AppData/Local/Programs/Python/Python38/lib/queue.py", line 170, in get() 
[04] File "E:/Users/Administrator/AppData/Local/Programs/Python/Python38/lib/threading.py", line 302, in wait() 

name=timer_thread, pid=5632, tid=4740
[01] File "E:/Users/Administrator/AppData/Local/Programs/Python/Python38/lib/threading.py", line 870, in run() 
[02] File "../common/mytimer.py", line 117, in _loop() 

name=Thread-1, pid=5632, tid=5624
[01] File "E:/Users/Administrator/AppData/Local/Programs/Python/Python38/lib/threading.py", line 870, in run() 
[02] File "E:/projects_by_myself/backup/MeiWei_back_0421/agvCtrl/main_agv.py", line 332, in showThread() 
[03] File "E:/projects_by_myself/backup/MeiWei_back_0421/agvCtrl/agvControl.py", line 1346, in show() 
[04] File "E:/projects_by_myself/backup/MeiWei_back_0421/agvCtrl/mainFrame.py", line 236, in show() 
[05] File "E:/projects_by_myself/backup/MeiWei_back_0421/agvCtrl/mainFrame.py", line 53, in closeEvent() 
[06] File "E:/projects_by_myself/backup/MeiWei_back_0421/common/utility.py", line 581, in finish() 
[07] File "../driver/seerAgv/mockAgvCtrl.py", line 782, in fini() 
[08] File "E:/Users/Administrator/AppData/Local/Programs/Python/Python38/lib/threading.py", line 1011, in join() 
[09] File "E:/Users/Administrator/AppData/Local/Programs/Python/Python38/lib/threading.py", line 1027, in _wait_for_tstate_lock() 

name=pymongo_kill_cursors_thread, pid=5632, tid=12204
[01] File "E:/Users/Administrator/AppData/Local/Programs/Python/Python38/lib/threading.py", line 870, in run() 
[02] File "E:/Users/Administrator/AppData/Local/Programs/Python/Python38/lib/site-packages/pymongo/periodic_executor.py", line 140, in _run() 

name=pymongo_server_monitor_thread, pid=5632, tid=10156
[01] File "E:/Users/Administrator/AppData/Local/Programs/Python/Python38/lib/threading.py", line 870, in run() 
[02] File "E:/Users/Administrator/AppData/Local/Programs/Python/Python38/lib/site-packages/pymongo/periodic_executor.py", line 140, in _run() 

name=tcplisten.port_6789, pid=5632, tid=17492
[01] File "E:/Users/Administrator/AppData/Local/Programs/Python/Python38/lib/threading.py", line 870, in run() 
[02] File "E:/projects_by_myself/backup/MeiWei_back_0421/common/tcpSocket.py", line 65, in _acceptThread() 
[03] File "E:/Users/Administrator/AppData/Local/Programs/Python/Python38/lib/socket.py", line 292, in accept() 

name=MainThread, pid=5632, tid=9312
[01] File "run_all.py", line 60, in <module>() 
[02] File "E:/projects_by_myself/backup/MeiWei_back_0421/common/webutility.py", line 320, in run() 
[03] File "E:/Users/Administrator/AppData/Local/Programs/Python/Python38/lib/site-packages/bottle.py", line 3137, in run() 
[04] File "E:/Users/Administrator/AppData/Local/Programs/Python/Python38/lib/site-packages/bottle.py", line 2829, in run() 
[05] File "E:/Users/Administrator/AppData/Local/Programs/Python/Python38/lib/site-packages/paste/httpserver.py", line 1361, in serve() 
[06] File "E:/Users/Administrator/AppData/Local/Programs/Python/Python38/lib/site-packages/paste/httpserver.py", line 1107, in serve_forever() 
[07] File "E:/Users/Administrator/AppData/Local/Programs/Python/Python38/lib/socketserver.py", line 294, in handle_request() 
[08] File "E:/Users/Administrator/AppData/Local/Programs/Python/Python38/lib/selectors.py", line 323, in select() 
[09] File "E:/Users/Administrator/AppData/Local/Programs/Python/Python38/lib/selectors.py", line 314, in _select() 
[10] File "../common/utility.py", line 598, in exit() 
[11] File "E:/projects_by_myself/backup/MeiWei_back_0421/common/enhance.py", line 256, in getTrace() 
[12] File "E:/projects_by_myself/backup/MeiWei_back_0421/common/enhance.py", line 240, in getThreadStack()
[INFO]2021-04-25 14:50:48,074: lock info: count 0

try lock info: count 0
[ERROR]2021-04-25 14:50:48,081: user press Ctrl+C, print thread stack
[INFO]2021-04-25 14:50:50,103: name=mock.move, pid=5632, tid=17188
[01] File "E:/Users/Administrator/AppData/Local/Programs/Python/Python38/lib/threading.py", line 870, in run() 
[02] File "../driver/seerAgv/mockAgvCtrl.py", line 298, in moveFunc() 
[03] File "../driver/seerAgv/mockAgvCtrl.py", line 331, in move() 
[04] File "../driver/seerAgv/mockAgvCtrl.py", line 287, in moveLine() 

name=scada.60851127b0fb3c5994c1c5d2, pid=5632, tid=3472
[01] File "E:/Users/Administrator/AppData/Local/Programs/Python/Python38/lib/threading.py", line 870, in run() 
[02] File "../common/utility.py", line 167, in __call() 
[03] File "E:/projects_by_myself/backup/MeiWei_back_0421/akmCtrl/beans/scadaTaskBean.py", line 632, in _taskFunc() 

name=worker 9, pid=5632, tid=17936
[01] File "E:/Users/Administrator/AppData/Local/Programs/Python/Python38/lib/threading.py", line 870, in run() 
[02] File "E:/Users/Administrator/AppData/Local/Programs/Python/Python38/lib/site-packages/paste/httpserver.py", line 891, in worker_thread_callback() 
[03] File "E:/Users/Administrator/AppData/Local/Programs/Python/Python38/lib/queue.py", line 170, in get() 
[04] File "E:/Users/Administrator/AppData/Local/Programs/Python/Python38/lib/threading.py", line 302, in wait() 

name=worker 8, pid=5632, tid=9128
[01] File "E:/Users/Administrator/AppData/Local/Programs/Python/Python38/lib/threading.py", line 870, in run() 
[02] File "E:/Users/Administrator/AppData/Local/Programs/Python/Python38/lib/site-packages/paste/httpserver.py", line 891, in worker_thread_callback() 
[03] File "E:/Users/Administrator/AppData/Local/Programs/Python/Python38/lib/queue.py", line 170, in get() 
[04] File "E:/Users/Administrator/AppData/Local/Programs/Python/Python38/lib/threading.py", line 302, in wait() 

name=worker 7, pid=5632, tid=14832
[01] File "E:/Users/Administrator/AppData/Local/Programs/Python/Python38/lib/threading.py", line 870, in run() 
[02] File "E:/Users/Administrator/AppData/Local/Programs/Python/Python38/lib/site-packages/paste/httpserver.py", line 891, in worker_thread_callback() 
[03] File "E:/Users/Administrator/AppData/Local/Programs/Python/Python38/lib/queue.py", line 170, in get() 
[04] File "E:/Users/Administrator/AppData/Local/Programs/Python/Python38/lib/threading.py", line 302, in wait() 

name=worker 6, pid=5632, tid=13888
[01] File "E:/Users/Administrator/AppData/Local/Programs/Python/Python38/lib/threading.py", line 870, in run() 
[02] File "E:/Users/Administrator/AppData/Local/Programs/Python/Python38/lib/site-packages/paste/httpserver.py", line 891, in worker_thread_callback() 
[03] File "E:/Users/Administrator/AppData/Local/Programs/Python/Python38/lib/queue.py", line 170, in get() 
[04] File "E:/Users/Administrator/AppData/Local/Programs/Python/Python38/lib/threading.py", line 302, in wait() 

name=worker 5, pid=5632, tid=7476
[01] File "E:/Users/Administrator/AppData/Local/Programs/Python/Python38/lib/threading.py", line 870, in run() 
[02] File "E:/Users/Administrator/AppData/Local/Programs/Python/Python38/lib/site-packages/paste/httpserver.py", line 891, in worker_thread_callback() 
[03] File "E:/Users/Administrator/AppData/Local/Programs/Python/Python38/lib/queue.py", line 170, in get() 
[04] File "E:/Users/Administrator/AppData/Local/Programs/Python/Python38/lib/threading.py", line 302, in wait() 

name=worker 4, pid=5632, tid=9172
[01] File "E:/Users/Administrator/AppData/Local/Programs/Python/Python38/lib/threading.py", line 870, in run() 
[02] File "E:/Users/Administrator/AppData/Local/Programs/Python/Python38/lib/site-packages/paste/httpserver.py", line 891, in worker_thread_callback() 
[03] File "E:/Users/Administrator/AppData/Local/Programs/Python/Python38/lib/queue.py", line 170, in get() 
[04] File "E:/Users/Administrator/AppData/Local/Programs/Python/Python38/lib/threading.py", line 302, in wait() 

name=worker 3, pid=5632, tid=13556
[01] File "E:/Users/Administrator/AppData/Local/Programs/Python/Python38/lib/threading.py", line 870, in run() 
[02] File "E:/Users/Administrator/AppData/Local/Programs/Python/Python38/lib/site-packages/paste/httpserver.py", line 891, in worker_thread_callback() 
[03] File "E:/Users/Administrator/AppData/Local/Programs/Python/Python38/lib/queue.py", line 170, in get() 
[04] File "E:/Users/Administrator/AppData/Local/Programs/Python/Python38/lib/threading.py", line 302, in wait() 

name=worker 2, pid=5632, tid=11316
[01] File "E:/Users/Administrator/AppData/Local/Programs/Python/Python38/lib/threading.py", line 870, in run() 
[02] File "E:/Users/Administrator/AppData/Local/Programs/Python/Python38/lib/site-packages/paste/httpserver.py", line 891, in worker_thread_callback() 
[03] File "E:/Users/Administrator/AppData/Local/Programs/Python/Python38/lib/queue.py", line 170, in get() 
[04] File "E:/Users/Administrator/AppData/Local/Programs/Python/Python38/lib/threading.py", line 302, in wait() 

name=worker 1, pid=5632, tid=9856
[01] File "E:/Users/Administrator/AppData/Local/Programs/Python/Python38/lib/threading.py", line 870, in run() 
[02] File "E:/Users/Administrator/AppData/Local/Programs/Python/Python38/lib/site-packages/paste/httpserver.py", line 891, in worker_thread_callback() 
[03] File "E:/Users/Administrator/AppData/Local/Programs/Python/Python38/lib/queue.py", line 170, in get() 
[04] File "E:/Users/Administrator/AppData/Local/Programs/Python/Python38/lib/threading.py", line 302, in wait() 

name=worker 0, pid=5632, tid=9972
[01] File "E:/Users/Administrator/AppData/Local/Programs/Python/Python38/lib/threading.py", line 870, in run() 
[02] File "E:/Users/Administrator/AppData/Local/Programs/Python/Python38/lib/site-packages/paste/httpserver.py", line 891, in worker_thread_callback() 
[03] File "E:/Users/Administrator/AppData/Local/Programs/Python/Python38/lib/queue.py", line 170, in get() 
[04] File "E:/Users/Administrator/AppData/Local/Programs/Python/Python38/lib/threading.py", line 302, in wait() 

name=timer_thread, pid=5632, tid=4740
[01] File "E:/Users/Administrator/AppData/Local/Programs/Python/Python38/lib/threading.py", line 870, in run() 
[02] File "../common/mytimer.py", line 117, in _loop() 

name=Thread-1, pid=5632, tid=5624
[01] File "E:/Users/Administrator/AppData/Local/Programs/Python/Python38/lib/threading.py", line 870, in run() 
[02] File "E:/projects_by_myself/backup/MeiWei_back_0421/agvCtrl/main_agv.py", line 332, in showThread() 
[03] File "E:/projects_by_myself/backup/MeiWei_back_0421/agvCtrl/agvControl.py", line 1346, in show() 
[04] File "E:/projects_by_myself/backup/MeiWei_back_0421/agvCtrl/mainFrame.py", line 236, in show() 
[05] File "E:/projects_by_myself/backup/MeiWei_back_0421/agvCtrl/mainFrame.py", line 53, in closeEvent() 
[06] File "E:/projects_by_myself/backup/MeiWei_back_0421/common/utility.py", line 581, in finish() 
[07] File "../driver/seerAgv/mockAgvCtrl.py", line 782, in fini() 
[08] File "E:/Users/Administrator/AppData/Local/Programs/Python/Python38/lib/threading.py", line 1011, in join() 
[09] File "E:/Users/Administrator/AppData/Local/Programs/Python/Python38/lib/threading.py", line 1027, in _wait_for_tstate_lock() 

name=pymongo_kill_cursors_thread, pid=5632, tid=12204
[01] File "E:/Users/Administrator/AppData/Local/Programs/Python/Python38/lib/threading.py", line 870, in run() 
[02] File "E:/Users/Administrator/AppData/Local/Programs/Python/Python38/lib/site-packages/pymongo/periodic_executor.py", line 140, in _run() 

name=pymongo_server_monitor_thread, pid=5632, tid=10156
[01] File "E:/Users/Administrator/AppData/Local/Programs/Python/Python38/lib/threading.py", line 870, in run() 
[02] File "E:/Users/Administrator/AppData/Local/Programs/Python/Python38/lib/site-packages/pymongo/periodic_executor.py", line 140, in _run() 

name=tcplisten.port_6789, pid=5632, tid=17492
[01] File "E:/Users/Administrator/AppData/Local/Programs/Python/Python38/lib/threading.py", line 870, in run() 
[02] File "E:/projects_by_myself/backup/MeiWei_back_0421/common/tcpSocket.py", line 65, in _acceptThread() 
[03] File "E:/Users/Administrator/AppData/Local/Programs/Python/Python38/lib/socket.py", line 292, in accept() 

name=MainThread, pid=5632, tid=9312
[01] File "run_all.py", line 60, in <module>() 
[02] File "E:/projects_by_myself/backup/MeiWei_back_0421/common/webutility.py", line 320, in run() 
[03] File "E:/Users/Administrator/AppData/Local/Programs/Python/Python38/lib/site-packages/bottle.py", line 3137, in run() 
[04] File "E:/Users/Administrator/AppData/Local/Programs/Python/Python38/lib/site-packages/bottle.py", line 2829, in run() 
[05] File "E:/Users/Administrator/AppData/Local/Programs/Python/Python38/lib/site-packages/paste/httpserver.py", line 1361, in serve() 
[06] File "E:/Users/Administrator/AppData/Local/Programs/Python/Python38/lib/site-packages/paste/httpserver.py", line 1107, in serve_forever() 
[07] File "E:/Users/Administrator/AppData/Local/Programs/Python/Python38/lib/socketserver.py", line 294, in handle_request() 
[08] File "E:/Users/Administrator/AppData/Local/Programs/Python/Python38/lib/selectors.py", line 323, in select() 
[09] File "E:/Users/Administrator/AppData/Local/Programs/Python/Python38/lib/selectors.py", line 314, in _select() 
[10] File "../common/utility.py", line 598, in exit() 
[11] File "E:/projects_by_myself/backup/MeiWei_back_0421/common/enhance.py", line 256, in getTrace() 
[12] File "E:/projects_by_myself/backup/MeiWei_back_0421/common/enhance.py", line 240, in getThreadStack()
[INFO]2021-04-25 14:50:50,131: lock info: count 0

try lock info: count 0
[ERROR]2021-04-25 14:50:50,141: user press Ctrl+C, print thread stack
[INFO]2021-04-25 14:50:51,159: name=mock.move, pid=5632, tid=17188
[01] File "E:/Users/Administrator/AppData/Local/Programs/Python/Python38/lib/threading.py", line 870, in run() 
[02] File "../driver/seerAgv/mockAgvCtrl.py", line 298, in moveFunc() 
[03] File "../driver/seerAgv/mockAgvCtrl.py", line 331, in move() 
[04] File "../driver/seerAgv/mockAgvCtrl.py", line 287, in moveLine() 

name=scada.60851127b0fb3c5994c1c5d2, pid=5632, tid=3472
[01] File "E:/Users/Administrator/AppData/Local/Programs/Python/Python38/lib/threading.py", line 870, in run() 
[02] File "../common/utility.py", line 167, in __call() 
[03] File "E:/projects_by_myself/backup/MeiWei_back_0421/akmCtrl/beans/scadaTaskBean.py", line 632, in _taskFunc() 

name=worker 9, pid=5632, tid=17936
[01] File "E:/Users/Administrator/AppData/Local/Programs/Python/Python38/lib/threading.py", line 870, in run() 
[02] File "E:/Users/Administrator/AppData/Local/Programs/Python/Python38/lib/site-packages/paste/httpserver.py", line 891, in worker_thread_callback() 
[03] File "E:/Users/Administrator/AppData/Local/Programs/Python/Python38/lib/queue.py", line 170, in get() 
[04] File "E:/Users/Administrator/AppData/Local/Programs/Python/Python38/lib/threading.py", line 302, in wait() 

name=worker 8, pid=5632, tid=9128
[01] File "E:/Users/Administrator/AppData/Local/Programs/Python/Python38/lib/threading.py", line 870, in run() 
[02] File "E:/Users/Administrator/AppData/Local/Programs/Python/Python38/lib/site-packages/paste/httpserver.py", line 891, in worker_thread_callback() 
[03] File "E:/Users/Administrator/AppData/Local/Programs/Python/Python38/lib/queue.py", line 170, in get() 
[04] File "E:/Users/Administrator/AppData/Local/Programs/Python/Python38/lib/threading.py", line 302, in wait() 

name=worker 7, pid=5632, tid=14832
[01] File "E:/Users/Administrator/AppData/Local/Programs/Python/Python38/lib/threading.py", line 870, in run() 
[02] File "E:/Users/Administrator/AppData/Local/Programs/Python/Python38/lib/site-packages/paste/httpserver.py", line 891, in worker_thread_callback() 
[03] File "E:/Users/Administrator/AppData/Local/Programs/Python/Python38/lib/queue.py", line 170, in get() 
[04] File "E:/Users/Administrator/AppData/Local/Programs/Python/Python38/lib/threading.py", line 302, in wait() 

name=worker 6, pid=5632, tid=13888
[01] File "E:/Users/Administrator/AppData/Local/Programs/Python/Python38/lib/threading.py", line 870, in run() 
[02] File "E:/Users/Administrator/AppData/Local/Programs/Python/Python38/lib/site-packages/paste/httpserver.py", line 891, in worker_thread_callback() 
[03] File "E:/Users/Administrator/AppData/Local/Programs/Python/Python38/lib/queue.py", line 170, in get() 
[04] File "E:/Users/Administrator/AppData/Local/Programs/Python/Python38/lib/threading.py", line 302, in wait() 

name=worker 5, pid=5632, tid=7476
[01] File "E:/Users/Administrator/AppData/Local/Programs/Python/Python38/lib/threading.py", line 870, in run() 
[02] File "E:/Users/Administrator/AppData/Local/Programs/Python/Python38/lib/site-packages/paste/httpserver.py", line 891, in worker_thread_callback() 
[03] File "E:/Users/Administrator/AppData/Local/Programs/Python/Python38/lib/queue.py", line 170, in get() 
[04] File "E:/Users/Administrator/AppData/Local/Programs/Python/Python38/lib/threading.py", line 302, in wait() 

name=worker 4, pid=5632, tid=9172
[01] File "E:/Users/Administrator/AppData/Local/Programs/Python/Python38/lib/threading.py", line 870, in run() 
[02] File "E:/Users/Administrator/AppData/Local/Programs/Python/Python38/lib/site-packages/paste/httpserver.py", line 891, in worker_thread_callback() 
[03] File "E:/Users/Administrator/AppData/Local/Programs/Python/Python38/lib/queue.py", line 170, in get() 
[04] File "E:/Users/Administrator/AppData/Local/Programs/Python/Python38/lib/threading.py", line 302, in wait() 

name=worker 3, pid=5632, tid=13556
[01] File "E:/Users/Administrator/AppData/Local/Programs/Python/Python38/lib/threading.py", line 870, in run() 
[02] File "E:/Users/Administrator/AppData/Local/Programs/Python/Python38/lib/site-packages/paste/httpserver.py", line 891, in worker_thread_callback() 
[03] File "E:/Users/Administrator/AppData/Local/Programs/Python/Python38/lib/queue.py", line 170, in get() 
[04] File "E:/Users/Administrator/AppData/Local/Programs/Python/Python38/lib/threading.py", line 302, in wait() 

name=worker 2, pid=5632, tid=11316
[01] File "E:/Users/Administrator/AppData/Local/Programs/Python/Python38/lib/threading.py", line 870, in run() 
[02] File "E:/Users/Administrator/AppData/Local/Programs/Python/Python38/lib/site-packages/paste/httpserver.py", line 891, in worker_thread_callback() 
[03] File "E:/Users/Administrator/AppData/Local/Programs/Python/Python38/lib/queue.py", line 170, in get() 
[04] File "E:/Users/Administrator/AppData/Local/Programs/Python/Python38/lib/threading.py", line 302, in wait() 

name=worker 1, pid=5632, tid=9856
[01] File "E:/Users/Administrator/AppData/Local/Programs/Python/Python38/lib/threading.py", line 870, in run() 
[02] File "E:/Users/Administrator/AppData/Local/Programs/Python/Python38/lib/site-packages/paste/httpserver.py", line 891, in worker_thread_callback() 
[03] File "E:/Users/Administrator/AppData/Local/Programs/Python/Python38/lib/queue.py", line 170, in get() 
[04] File "E:/Users/Administrator/AppData/Local/Programs/Python/Python38/lib/threading.py", line 302, in wait() 

name=worker 0, pid=5632, tid=9972
[01] File "E:/Users/Administrator/AppData/Local/Programs/Python/Python38/lib/threading.py", line 870, in run() 
[02] File "E:/Users/Administrator/AppData/Local/Programs/Python/Python38/lib/site-packages/paste/httpserver.py", line 891, in worker_thread_callback() 
[03] File "E:/Users/Administrator/AppData/Local/Programs/Python/Python38/lib/queue.py", line 170, in get() 
[04] File "E:/Users/Administrator/AppData/Local/Programs/Python/Python38/lib/threading.py", line 302, in wait() 

name=timer_thread, pid=5632, tid=4740
[01] File "E:/Users/Administrator/AppData/Local/Programs/Python/Python38/lib/threading.py", line 870, in run() 
[02] File "../common/mytimer.py", line 117, in _loop() 

name=Thread-1, pid=5632, tid=5624
[01] File "E:/Users/Administrator/AppData/Local/Programs/Python/Python38/lib/threading.py", line 870, in run() 
[02] File "E:/projects_by_myself/backup/MeiWei_back_0421/agvCtrl/main_agv.py", line 332, in showThread() 
[03] File "E:/projects_by_myself/backup/MeiWei_back_0421/agvCtrl/agvControl.py", line 1346, in show() 
[04] File "E:/projects_by_myself/backup/MeiWei_back_0421/agvCtrl/mainFrame.py", line 236, in show() 
[05] File "E:/projects_by_myself/backup/MeiWei_back_0421/agvCtrl/mainFrame.py", line 53, in closeEvent() 
[06] File "E:/projects_by_myself/backup/MeiWei_back_0421/common/utility.py", line 581, in finish() 
[07] File "../driver/seerAgv/mockAgvCtrl.py", line 782, in fini() 
[08] File "E:/Users/Administrator/AppData/Local/Programs/Python/Python38/lib/threading.py", line 1011, in join() 
[09] File "E:/Users/Administrator/AppData/Local/Programs/Python/Python38/lib/threading.py", line 1027, in _wait_for_tstate_lock() 

name=pymongo_kill_cursors_thread, pid=5632, tid=12204
[01] File "E:/Users/Administrator/AppData/Local/Programs/Python/Python38/lib/threading.py", line 870, in run() 
[02] File "E:/Users/Administrator/AppData/Local/Programs/Python/Python38/lib/site-packages/pymongo/periodic_executor.py", line 140, in _run() 

name=pymongo_server_monitor_thread, pid=5632, tid=10156
[01] File "E:/Users/Administrator/AppData/Local/Programs/Python/Python38/lib/threading.py", line 870, in run() 
[02] File "E:/Users/Administrator/AppData/Local/Programs/Python/Python38/lib/site-packages/pymongo/periodic_executor.py", line 140, in _run() 

name=tcplisten.port_6789, pid=5632, tid=17492
[01] File "E:/Users/Administrator/AppData/Local/Programs/Python/Python38/lib/threading.py", line 870, in run() 
[02] File "E:/projects_by_myself/backup/MeiWei_back_0421/common/tcpSocket.py", line 65, in _acceptThread() 
[03] File "E:/Users/Administrator/AppData/Local/Programs/Python/Python38/lib/socket.py", line 292, in accept() 

name=MainThread, pid=5632, tid=9312
[01] File "run_all.py", line 60, in <module>() 
[02] File "E:/projects_by_myself/backup/MeiWei_back_0421/common/webutility.py", line 320, in run() 
[03] File "E:/Users/Administrator/AppData/Local/Programs/Python/Python38/lib/site-packages/bottle.py", line 3137, in run() 
[04] File "E:/Users/Administrator/AppData/Local/Programs/Python/Python38/lib/site-packages/bottle.py", line 2829, in run() 
[05] File "E:/Users/Administrator/AppData/Local/Programs/Python/Python38/lib/site-packages/paste/httpserver.py", line 1361, in serve() 
[06] File "E:/Users/Administrator/AppData/Local/Programs/Python/Python38/lib/site-packages/paste/httpserver.py", line 1107, in serve_forever() 
[07] File "E:/Users/Administrator/AppData/Local/Programs/Python/Python38/lib/socketserver.py", line 294, in handle_request() 
[08] File "E:/Users/Administrator/AppData/Local/Programs/Python/Python38/lib/selectors.py", line 323, in select() 
[09] File "E:/Users/Administrator/AppData/Local/Programs/Python/Python38/lib/selectors.py", line 314, in _select() 
[10] File "../common/utility.py", line 598, in exit() 
[11] File "E:/projects_by_myself/backup/MeiWei_back_0421/common/enhance.py", line 256, in getTrace() 
[12] File "E:/projects_by_myself/backup/MeiWei_back_0421/common/enhance.py", line 240, in getThreadStack()
[INFO]2021-04-25 14:50:51,182: lock info: count 0

try lock info: count 0
[ERROR]2021-04-25 14:50:51,190: user press Ctrl+C, print thread stack
[INFO]2021-04-25 14:50:53,219: name=mock.move, pid=5632, tid=17188
[01] File "E:/Users/Administrator/AppData/Local/Programs/Python/Python38/lib/threading.py", line 870, in run() 
[02] File "../driver/seerAgv/mockAgvCtrl.py", line 298, in moveFunc() 
[03] File "../driver/seerAgv/mockAgvCtrl.py", line 331, in move() 
[04] File "../driver/seerAgv/mockAgvCtrl.py", line 287, in moveLine() 

name=scada.60851127b0fb3c5994c1c5d2, pid=5632, tid=3472
[01] File "E:/Users/Administrator/AppData/Local/Programs/Python/Python38/lib/threading.py", line 870, in run() 
[02] File "../common/utility.py", line 167, in __call() 
[03] File "E:/projects_by_myself/backup/MeiWei_back_0421/akmCtrl/beans/scadaTaskBean.py", line 632, in _taskFunc() 

name=worker 9, pid=5632, tid=17936
[01] File "E:/Users/Administrator/AppData/Local/Programs/Python/Python38/lib/threading.py", line 870, in run() 
[02] File "E:/Users/Administrator/AppData/Local/Programs/Python/Python38/lib/site-packages/paste/httpserver.py", line 891, in worker_thread_callback() 
[03] File "E:/Users/Administrator/AppData/Local/Programs/Python/Python38/lib/queue.py", line 170, in get() 
[04] File "E:/Users/Administrator/AppData/Local/Programs/Python/Python38/lib/threading.py", line 302, in wait() 

name=worker 8, pid=5632, tid=9128
[01] File "E:/Users/Administrator/AppData/Local/Programs/Python/Python38/lib/threading.py", line 870, in run() 
[02] File "E:/Users/Administrator/AppData/Local/Programs/Python/Python38/lib/site-packages/paste/httpserver.py", line 891, in worker_thread_callback() 
[03] File "E:/Users/Administrator/AppData/Local/Programs/Python/Python38/lib/queue.py", line 170, in get() 
[04] File "E:/Users/Administrator/AppData/Local/Programs/Python/Python38/lib/threading.py", line 302, in wait() 

name=worker 7, pid=5632, tid=14832
[01] File "E:/Users/Administrator/AppData/Local/Programs/Python/Python38/lib/threading.py", line 870, in run() 
[02] File "E:/Users/Administrator/AppData/Local/Programs/Python/Python38/lib/site-packages/paste/httpserver.py", line 891, in worker_thread_callback() 
[03] File "E:/Users/Administrator/AppData/Local/Programs/Python/Python38/lib/queue.py", line 170, in get() 
[04] File "E:/Users/Administrator/AppData/Local/Programs/Python/Python38/lib/threading.py", line 302, in wait() 

name=worker 6, pid=5632, tid=13888
[01] File "E:/Users/Administrator/AppData/Local/Programs/Python/Python38/lib/threading.py", line 870, in run() 
[02] File "E:/Users/Administrator/AppData/Local/Programs/Python/Python38/lib/site-packages/paste/httpserver.py", line 891, in worker_thread_callback() 
[03] File "E:/Users/Administrator/AppData/Local/Programs/Python/Python38/lib/queue.py", line 170, in get() 
[04] File "E:/Users/Administrator/AppData/Local/Programs/Python/Python38/lib/threading.py", line 302, in wait() 

name=worker 5, pid=5632, tid=7476
[01] File "E:/Users/Administrator/AppData/Local/Programs/Python/Python38/lib/threading.py", line 870, in run() 
[02] File "E:/Users/Administrator/AppData/Local/Programs/Python/Python38/lib/site-packages/paste/httpserver.py", line 891, in worker_thread_callback() 
[03] File "E:/Users/Administrator/AppData/Local/Programs/Python/Python38/lib/queue.py", line 170, in get() 
[04] File "E:/Users/Administrator/AppData/Local/Programs/Python/Python38/lib/threading.py", line 302, in wait() 

name=worker 4, pid=5632, tid=9172
[01] File "E:/Users/Administrator/AppData/Local/Programs/Python/Python38/lib/threading.py", line 870, in run() 
[02] File "E:/Users/Administrator/AppData/Local/Programs/Python/Python38/lib/site-packages/paste/httpserver.py", line 891, in worker_thread_callback() 
[03] File "E:/Users/Administrator/AppData/Local/Programs/Python/Python38/lib/queue.py", line 170, in get() 
[04] File "E:/Users/Administrator/AppData/Local/Programs/Python/Python38/lib/threading.py", line 302, in wait() 

name=worker 3, pid=5632, tid=13556
[01] File "E:/Users/Administrator/AppData/Local/Programs/Python/Python38/lib/threading.py", line 870, in run() 
[02] File "E:/Users/Administrator/AppData/Local/Programs/Python/Python38/lib/site-packages/paste/httpserver.py", line 891, in worker_thread_callback() 
[03] File "E:/Users/Administrator/AppData/Local/Programs/Python/Python38/lib/queue.py", line 170, in get() 
[04] File "E:/Users/Administrator/AppData/Local/Programs/Python/Python38/lib/threading.py", line 302, in wait() 

name=worker 2, pid=5632, tid=11316
[01] File "E:/Users/Administrator/AppData/Local/Programs/Python/Python38/lib/threading.py", line 870, in run() 
[02] File "E:/Users/Administrator/AppData/Local/Programs/Python/Python38/lib/site-packages/paste/httpserver.py", line 891, in worker_thread_callback() 
[03] File "E:/Users/Administrator/AppData/Local/Programs/Python/Python38/lib/queue.py", line 170, in get() 
[04] File "E:/Users/Administrator/AppData/Local/Programs/Python/Python38/lib/threading.py", line 302, in wait() 

name=worker 1, pid=5632, tid=9856
[01] File "E:/Users/Administrator/AppData/Local/Programs/Python/Python38/lib/threading.py", line 870, in run() 
[02] File "E:/Users/Administrator/AppData/Local/Programs/Python/Python38/lib/site-packages/paste/httpserver.py", line 891, in worker_thread_callback() 
[03] File "E:/Users/Administrator/AppData/Local/Programs/Python/Python38/lib/queue.py", line 170, in get() 
[04] File "E:/Users/Administrator/AppData/Local/Programs/Python/Python38/lib/threading.py", line 302, in wait() 

name=worker 0, pid=5632, tid=9972
[01] File "E:/Users/Administrator/AppData/Local/Programs/Python/Python38/lib/threading.py", line 870, in run() 
[02] File "E:/Users/Administrator/AppData/Local/Programs/Python/Python38/lib/site-packages/paste/httpserver.py", line 891, in worker_thread_callback() 
[03] File "E:/Users/Administrator/AppData/Local/Programs/Python/Python38/lib/queue.py", line 170, in get() 
[04] File "E:/Users/Administrator/AppData/Local/Programs/Python/Python38/lib/threading.py", line 302, in wait() 

name=timer_thread, pid=5632, tid=4740
[01] File "E:/Users/Administrator/AppData/Local/Programs/Python/Python38/lib/threading.py", line 870, in run() 
[02] File "../common/mytimer.py", line 117, in _loop() 

name=Thread-1, pid=5632, tid=5624
[01] File "E:/Users/Administrator/AppData/Local/Programs/Python/Python38/lib/threading.py", line 870, in run() 
[02] File "E:/projects_by_myself/backup/MeiWei_back_0421/agvCtrl/main_agv.py", line 332, in showThread() 
[03] File "E:/projects_by_myself/backup/MeiWei_back_0421/agvCtrl/agvControl.py", line 1346, in show() 
[04] File "E:/projects_by_myself/backup/MeiWei_back_0421/agvCtrl/mainFrame.py", line 236, in show() 
[05] File "E:/projects_by_myself/backup/MeiWei_back_0421/agvCtrl/mainFrame.py", line 53, in closeEvent() 
[06] File "E:/projects_by_myself/backup/MeiWei_back_0421/common/utility.py", line 581, in finish() 
[07] File "../driver/seerAgv/mockAgvCtrl.py", line 782, in fini() 
[08] File "E:/Users/Administrator/AppData/Local/Programs/Python/Python38/lib/threading.py", line 1011, in join() 
[09] File "E:/Users/Administrator/AppData/Local/Programs/Python/Python38/lib/threading.py", line 1027, in _wait_for_tstate_lock() 

name=pymongo_kill_cursors_thread, pid=5632, tid=12204
[01] File "E:/Users/Administrator/AppData/Local/Programs/Python/Python38/lib/threading.py", line 870, in run() 
[02] File "E:/Users/Administrator/AppData/Local/Programs/Python/Python38/lib/site-packages/pymongo/periodic_executor.py", line 140, in _run() 

name=pymongo_server_monitor_thread, pid=5632, tid=10156
[01] File "E:/Users/Administrator/AppData/Local/Programs/Python/Python38/lib/threading.py", line 870, in run() 
[02] File "E:/Users/Administrator/AppData/Local/Programs/Python/Python38/lib/site-packages/pymongo/periodic_executor.py", line 140, in _run() 

name=tcplisten.port_6789, pid=5632, tid=17492
[01] File "E:/Users/Administrator/AppData/Local/Programs/Python/Python38/lib/threading.py", line 870, in run() 
[02] File "E:/projects_by_myself/backup/MeiWei_back_0421/common/tcpSocket.py", line 65, in _acceptThread() 
[03] File "E:/Users/Administrator/AppData/Local/Programs/Python/Python38/lib/socket.py", line 292, in accept() 

name=MainThread, pid=5632, tid=9312
[01] File "run_all.py", line 60, in <module>() 
[02] File "E:/projects_by_myself/backup/MeiWei_back_0421/common/webutility.py", line 320, in run() 
[03] File "E:/Users/Administrator/AppData/Local/Programs/Python/Python38/lib/site-packages/bottle.py", line 3137, in run() 
[04] File "E:/Users/Administrator/AppData/Local/Programs/Python/Python38/lib/site-packages/bottle.py", line 2829, in run() 
[05] File "E:/Users/Administrator/AppData/Local/Programs/Python/Python38/lib/site-packages/paste/httpserver.py", line 1361, in serve() 
[06] File "E:/Users/Administrator/AppData/Local/Programs/Python/Python38/lib/site-packages/paste/httpserver.py", line 1107, in serve_forever() 
[07] File "E:/Users/Administrator/AppData/Local/Programs/Python/Python38/lib/socketserver.py", line 294, in handle_request() 
[08] File "E:/Users/Administrator/AppData/Local/Programs/Python/Python38/lib/selectors.py", line 323, in select() 
[09] File "E:/Users/Administrator/AppData/Local/Programs/Python/Python38/lib/selectors.py", line 314, in _select() 
[10] File "../common/utility.py", line 598, in exit() 
[11] File "E:/projects_by_myself/backup/MeiWei_back_0421/common/enhance.py", line 256, in getTrace() 
[12] File "E:/projects_by_myself/backup/MeiWei_back_0421/common/enhance.py", line 240, in getThreadStack()
[INFO]2021-04-25 14:50:53,236: lock info: count 0

try lock info: count 0
[ERROR]2021-04-25 14:50:53,238: user press Ctrl+C, print thread stack
[INFO]2021-04-25 14:50:54,261: name=mock.move, pid=5632, tid=17188
[01] File "E:/Users/Administrator/AppData/Local/Programs/Python/Python38/lib/threading.py", line 870, in run() 
[02] File "../driver/seerAgv/mockAgvCtrl.py", line 298, in moveFunc() 
[03] File "../driver/seerAgv/mockAgvCtrl.py", line 331, in move() 
[04] File "../driver/seerAgv/mockAgvCtrl.py", line 287, in moveLine() 

name=scada.60851127b0fb3c5994c1c5d2, pid=5632, tid=3472
[01] File "E:/Users/Administrator/AppData/Local/Programs/Python/Python38/lib/threading.py", line 870, in run() 
[02] File "../common/utility.py", line 167, in __call() 
[03] File "E:/projects_by_myself/backup/MeiWei_back_0421/akmCtrl/beans/scadaTaskBean.py", line 632, in _taskFunc() 

name=worker 9, pid=5632, tid=17936
[01] File "E:/Users/Administrator/AppData/Local/Programs/Python/Python38/lib/threading.py", line 870, in run() 
[02] File "E:/Users/Administrator/AppData/Local/Programs/Python/Python38/lib/site-packages/paste/httpserver.py", line 891, in worker_thread_callback() 
[03] File "E:/Users/Administrator/AppData/Local/Programs/Python/Python38/lib/queue.py", line 170, in get() 
[04] File "E:/Users/Administrator/AppData/Local/Programs/Python/Python38/lib/threading.py", line 302, in wait() 

name=worker 8, pid=5632, tid=9128
[01] File "E:/Users/Administrator/AppData/Local/Programs/Python/Python38/lib/threading.py", line 870, in run() 
[02] File "E:/Users/Administrator/AppData/Local/Programs/Python/Python38/lib/site-packages/paste/httpserver.py", line 891, in worker_thread_callback() 
[03] File "E:/Users/Administrator/AppData/Local/Programs/Python/Python38/lib/queue.py", line 170, in get() 
[04] File "E:/Users/Administrator/AppData/Local/Programs/Python/Python38/lib/threading.py", line 302, in wait() 

name=worker 7, pid=5632, tid=14832
[01] File "E:/Users/Administrator/AppData/Local/Programs/Python/Python38/lib/threading.py", line 870, in run() 
[02] File "E:/Users/Administrator/AppData/Local/Programs/Python/Python38/lib/site-packages/paste/httpserver.py", line 891, in worker_thread_callback() 
[03] File "E:/Users/Administrator/AppData/Local/Programs/Python/Python38/lib/queue.py", line 170, in get() 
[04] File "E:/Users/Administrator/AppData/Local/Programs/Python/Python38/lib/threading.py", line 302, in wait() 

name=worker 6, pid=5632, tid=13888
[01] File "E:/Users/Administrator/AppData/Local/Programs/Python/Python38/lib/threading.py", line 870, in run() 
[02] File "E:/Users/Administrator/AppData/Local/Programs/Python/Python38/lib/site-packages/paste/httpserver.py", line 891, in worker_thread_callback() 
[03] File "E:/Users/Administrator/AppData/Local/Programs/Python/Python38/lib/queue.py", line 170, in get() 
[04] File "E:/Users/Administrator/AppData/Local/Programs/Python/Python38/lib/threading.py", line 302, in wait() 

name=worker 5, pid=5632, tid=7476
[01] File "E:/Users/Administrator/AppData/Local/Programs/Python/Python38/lib/threading.py", line 870, in run() 
[02] File "E:/Users/Administrator/AppData/Local/Programs/Python/Python38/lib/site-packages/paste/httpserver.py", line 891, in worker_thread_callback() 
[03] File "E:/Users/Administrator/AppData/Local/Programs/Python/Python38/lib/queue.py", line 170, in get() 
[04] File "E:/Users/Administrator/AppData/Local/Programs/Python/Python38/lib/threading.py", line 302, in wait() 

name=worker 4, pid=5632, tid=9172
[01] File "E:/Users/Administrator/AppData/Local/Programs/Python/Python38/lib/threading.py", line 870, in run() 
[02] File "E:/Users/Administrator/AppData/Local/Programs/Python/Python38/lib/site-packages/paste/httpserver.py", line 891, in worker_thread_callback() 
[03] File "E:/Users/Administrator/AppData/Local/Programs/Python/Python38/lib/queue.py", line 170, in get() 
[04] File "E:/Users/Administrator/AppData/Local/Programs/Python/Python38/lib/threading.py", line 302, in wait() 

name=worker 3, pid=5632, tid=13556
[01] File "E:/Users/Administrator/AppData/Local/Programs/Python/Python38/lib/threading.py", line 870, in run() 
[02] File "E:/Users/Administrator/AppData/Local/Programs/Python/Python38/lib/site-packages/paste/httpserver.py", line 891, in worker_thread_callback() 
[03] File "E:/Users/Administrator/AppData/Local/Programs/Python/Python38/lib/queue.py", line 170, in get() 
[04] File "E:/Users/Administrator/AppData/Local/Programs/Python/Python38/lib/threading.py", line 302, in wait() 

name=worker 2, pid=5632, tid=11316
[01] File "E:/Users/Administrator/AppData/Local/Programs/Python/Python38/lib/threading.py", line 870, in run() 
[02] File "E:/Users/Administrator/AppData/Local/Programs/Python/Python38/lib/site-packages/paste/httpserver.py", line 891, in worker_thread_callback() 
[03] File "E:/Users/Administrator/AppData/Local/Programs/Python/Python38/lib/queue.py", line 170, in get() 
[04] File "E:/Users/Administrator/AppData/Local/Programs/Python/Python38/lib/threading.py", line 302, in wait() 

name=worker 1, pid=5632, tid=9856
[01] File "E:/Users/Administrator/AppData/Local/Programs/Python/Python38/lib/threading.py", line 870, in run() 
[02] File "E:/Users/Administrator/AppData/Local/Programs/Python/Python38/lib/site-packages/paste/httpserver.py", line 891, in worker_thread_callback() 
[03] File "E:/Users/Administrator/AppData/Local/Programs/Python/Python38/lib/queue.py", line 170, in get() 
[04] File "E:/Users/Administrator/AppData/Local/Programs/Python/Python38/lib/threading.py", line 302, in wait() 

name=worker 0, pid=5632, tid=9972
[01] File "E:/Users/Administrator/AppData/Local/Programs/Python/Python38/lib/threading.py", line 870, in run() 
[02] File "E:/Users/Administrator/AppData/Local/Programs/Python/Python38/lib/site-packages/paste/httpserver.py", line 891, in worker_thread_callback() 
[03] File "E:/Users/Administrator/AppData/Local/Programs/Python/Python38/lib/queue.py", line 170, in get() 
[04] File "E:/Users/Administrator/AppData/Local/Programs/Python/Python38/lib/threading.py", line 302, in wait() 

name=timer_thread, pid=5632, tid=4740
[01] File "E:/Users/Administrator/AppData/Local/Programs/Python/Python38/lib/threading.py", line 870, in run() 
[02] File "../common/mytimer.py", line 117, in _loop() 

name=Thread-1, pid=5632, tid=5624
[01] File "E:/Users/Administrator/AppData/Local/Programs/Python/Python38/lib/threading.py", line 870, in run() 
[02] File "E:/projects_by_myself/backup/MeiWei_back_0421/agvCtrl/main_agv.py", line 332, in showThread() 
[03] File "E:/projects_by_myself/backup/MeiWei_back_0421/agvCtrl/agvControl.py", line 1346, in show() 
[04] File "E:/projects_by_myself/backup/MeiWei_back_0421/agvCtrl/mainFrame.py", line 236, in show() 
[05] File "E:/projects_by_myself/backup/MeiWei_back_0421/agvCtrl/mainFrame.py", line 53, in closeEvent() 
[06] File "E:/projects_by_myself/backup/MeiWei_back_0421/common/utility.py", line 581, in finish() 
[07] File "../driver/seerAgv/mockAgvCtrl.py", line 782, in fini() 
[08] File "E:/Users/Administrator/AppData/Local/Programs/Python/Python38/lib/threading.py", line 1011, in join() 
[09] File "E:/Users/Administrator/AppData/Local/Programs/Python/Python38/lib/threading.py", line 1027, in _wait_for_tstate_lock() 

name=pymongo_kill_cursors_thread, pid=5632, tid=12204
[01] File "E:/Users/Administrator/AppData/Local/Programs/Python/Python38/lib/threading.py", line 870, in run() 
[02] File "E:/Users/Administrator/AppData/Local/Programs/Python/Python38/lib/site-packages/pymongo/periodic_executor.py", line 140, in _run() 

name=pymongo_server_monitor_thread, pid=5632, tid=10156
[01] File "E:/Users/Administrator/AppData/Local/Programs/Python/Python38/lib/threading.py", line 870, in run() 
[02] File "E:/Users/Administrator/AppData/Local/Programs/Python/Python38/lib/site-packages/pymongo/periodic_executor.py", line 140, in _run() 

name=tcplisten.port_6789, pid=5632, tid=17492
[01] File "E:/Users/Administrator/AppData/Local/Programs/Python/Python38/lib/threading.py", line 870, in run() 
[02] File "E:/projects_by_myself/backup/MeiWei_back_0421/common/tcpSocket.py", line 65, in _acceptThread() 
[03] File "E:/Users/Administrator/AppData/Local/Programs/Python/Python38/lib/socket.py", line 292, in accept() 

name=MainThread, pid=5632, tid=9312
[01] File "run_all.py", line 60, in <module>() 
[02] File "E:/projects_by_myself/backup/MeiWei_back_0421/common/webutility.py", line 320, in run() 
[03] File "E:/Users/Administrator/AppData/Local/Programs/Python/Python38/lib/site-packages/bottle.py", line 3137, in run() 
[04] File "E:/Users/Administrator/AppData/Local/Programs/Python/Python38/lib/site-packages/bottle.py", line 2829, in run() 
[05] File "E:/Users/Administrator/AppData/Local/Programs/Python/Python38/lib/site-packages/paste/httpserver.py", line 1361, in serve() 
[06] File "E:/Users/Administrator/AppData/Local/Programs/Python/Python38/lib/site-packages/paste/httpserver.py", line 1107, in serve_forever() 
[07] File "E:/Users/Administrator/AppData/Local/Programs/Python/Python38/lib/socketserver.py", line 294, in handle_request() 
[08] File "E:/Users/Administrator/AppData/Local/Programs/Python/Python38/lib/selectors.py", line 323, in select() 
[09] File "E:/Users/Administrator/AppData/Local/Programs/Python/Python38/lib/selectors.py", line 314, in _select() 
[10] File "../common/utility.py", line 598, in exit() 
[11] File "E:/projects_by_myself/backup/MeiWei_back_0421/common/enhance.py", line 256, in getTrace() 
[12] File "E:/projects_by_myself/backup/MeiWei_back_0421/common/enhance.py", line 240, in getThreadStack()
[ERROR]2021-04-25 14:50:54,285: user press Ctrl+C, system quit!
[WARNING]2021-04-25 14:50:54,291: runTask:stop save file
[ERROR]2021-04-25 14:50:54,298: process exited, living 0:01:01.021143 seconds
