[CRITICAL]2021-06-12 19:42:36,150: invoke <function scadaTask._taskFunc at 0x0000020495B23620> cause a error: 'NoneType' object is not subscriptable
pid=5828, ppid=12816, tid=8484
Traceback (most recent call last):
  File "C:\Users\Administrator\Desktop\SVN\美维\MeiWei_back_0421\akmCtrl\beans\scadaTaskBean.py", line 807, in _taskFunc
    log.debug(str(self), old, "->", self.taskStep)
  File "C:\Users\Administrator\Desktop\SVN\美维\MeiWei_back_0421\akmCtrl\beans\scadaTaskBean.py", line 167, in __str__
    self.taskId, a, self.s_info["location"], self.s_info["prepoint"], self.t_info["location"],
TypeError: 'NoneType' object is not subscriptable

During handling of the above exception, another exception occurred:

Traceback (most recent call last):
  File "..\common\utility.py", line 167, in __call
    return func(*p,**pp)
  File "C:\Users\Administrator\Desktop\SVN\美维\MeiWei_back_0421\akmCtrl\beans\scadaTaskBean.py", line 813, in _taskFunc
    log.exception("taskFunc2:" + str(self), e)
  File "C:\Users\Administrator\Desktop\SVN\美维\MeiWei_back_0421\akmCtrl\beans\scadaTaskBean.py", line 167, in __str__
    self.taskId, a, self.s_info["location"], self.s_info["prepoint"], self.t_info["location"],
TypeError: 'NoneType' object is not subscriptable

[CRITICAL]2021-06-12 19:42:50,648: 192.168.3.105:10001 <--> 192.168.3.106:50375 time out cause a error: <tcpSocket.client object at 0x0000020497318AC8>
pid=5828, ppid=12816, tid=14456
Traceback (most recent call last):
  File "C:\Users\Administrator\Desktop\SVN\美维\MeiWei_back_0421\feed\main_feed.py", line 131, in _handle
    data = client.recv(6)
  File "C:\Users\Administrator\Desktop\SVN\美维\MeiWei_back_0421\common\tcpSocket.py", line 179, in recv
    recvdata = self._socket.recv(bufferLen if remainLen > bufferLen else remainLen)
socket.timeout: timed out

