[INFO]2021-06-10 23:19:01,115: log files at C:\Users\Administrator\Desktop\SVN\美维\MeiWei_back_0421\common\log
[INFO]2021-06-10 23:19:01,115: find module account.main_account
[INFO]2021-06-10 23:19:01,116: find module agvCtrl.main_agv
[INFO]2021-06-10 23:19:01,117: find module agvDevice.main_agvDevice
[INFO]2021-06-10 23:19:01,117: find module akmCtrl.main_akmCtrl
[INFO]2021-06-10 23:19:01,117: find module alarm.main_alarm
[INFO]2021-06-10 23:19:01,118: find module auth.main_auth
[INFO]2021-06-10 23:19:01,118: find module door.main_door
[INFO]2021-06-10 23:19:01,118: find module elevator.main_elevator
[INFO]2021-06-10 23:19:01,119: find module feed.main_feed
[INFO]2021-06-10 23:19:01,119: find module remoteio.main_remoteio
[INFO]2021-06-10 23:19:01,119: import account.main_account
[INFO]2021-06-10 23:19:01,201: import agvCtrl.main_agv
[INFO]2021-06-10 23:19:01,495: create lock <lock name:doorMgr.lock,<unlocked _thread.RLock object owner=0 count=0 at 0x000002C56BCCEDA0>>
[INFO]2021-06-10 23:19:01,496: ------acceptCallback-------------->>>> add
[INFO]2021-06-10 23:19:01,497: -------------------self._listenThread------------- <Thread(tcplisten.port_6789, initial)>
[INFO]2021-06-10 23:19:01,499: ----------------------------------try---------------------
[INFO]2021-06-10 23:19:01,513: create lock <lock name:door.lock,<unlocked _thread.RLock object owner=0 count=0 at 0x000002C56BCCEF08>>
[INFO]2021-06-10 23:19:01,606: create lock <lock name:timer.lock_3046944411432,<unlocked _thread.RLock object owner=0 count=0 at 0x000002C56C044BC0>>
[ERROR]2021-06-10 23:19:01,620: mqtt is disabled
[INFO]2021-06-10 23:19:01,621: mqtt: subscribe [alarm/raise/+]
[INFO]2021-06-10 23:19:01,622: mqtt: subscribe [alarm/clear/+]
[INFO]2021-06-10 23:19:04,663: Mongodb connect to 127.0.0.1 port 27017
[INFO]2021-06-10 23:19:04,686: create lock <lock name:elevatorMgr.lock,<unlocked _thread.RLock object owner=0 count=0 at 0x000002C56C308058>>
[WARNING]2021-06-10 23:19:04,695: use mockAgvCtrl
[INFO]2021-06-10 23:19:04,698: create lock <lock name:mapMgr.lock,<unlocked _thread.RLock object owner=0 count=0 at 0x000002C56A50EC88>>
[INFO]2021-06-10 23:19:04,974: create lock <lock name:agvList.g_agvLock,<unlocked _thread.RLock object owner=0 count=0 at 0x000002C56C3B80A8>>
[INFO]2021-06-10 23:19:04,978: create lock <lock name:taskList.lock,<unlocked _thread.RLock object owner=0 count=0 at 0x000002C56C3B8F08>>
[INFO]2021-06-10 23:19:05,039: charge policy 1 , fix time
[INFO]2021-06-10 23:19:05,072: create lock <lock name:agvApi.g_lock,<unlocked _thread.RLock object owner=0 count=0 at 0x000002C56C4333C8>>
[INFO]2021-06-10 23:19:05,704: start load map C:\Users\Administrator\Desktop\SVN\美维\MeiWei_back_0421\agvCtrl\projects\test\AKM2F.smap
[DEBUG]2021-06-10 23:19:05,805: elevator thread start
[INFO]2021-06-10 23:19:05,825: load map C:\Users\Administrator\Desktop\SVN\美维\MeiWei_back_0421\agvCtrl\projects\test\AKM2F.smap ,used 130 ms
[INFO]2021-06-10 23:19:05,835: start load map C:\Users\Administrator\Desktop\SVN\美维\MeiWei_back_0421\agvCtrl\projects\test\akmsmt.smap
[INFO]2021-06-10 23:19:05,882: load map C:\Users\Administrator\Desktop\SVN\美维\MeiWei_back_0421\agvCtrl\projects\test\akmsmt.smap ,used 56 ms
[INFO]2021-06-10 23:19:05,893: start load map C:\Users\Administrator\Desktop\SVN\美维\MeiWei_back_0421\agvCtrl\projects\test\akmsmtMap.smap
[INFO]2021-06-10 23:19:06,012: load map C:\Users\Administrator\Desktop\SVN\美维\MeiWei_back_0421\agvCtrl\projects\test\akmsmtMap.smap ,used 128 ms
[INFO]2021-06-10 23:19:06,022: start load map C:\Users\Administrator\Desktop\SVN\美维\MeiWei_back_0421\agvCtrl\projects\test\desai-all-20191223.smap
[INFO]2021-06-10 23:19:06,133: load map C:\Users\Administrator\Desktop\SVN\美维\MeiWei_back_0421\agvCtrl\projects\test\desai-all-20191223.smap ,used 120 ms
[INFO]2021-06-10 23:19:06,144: start load map C:\Users\Administrator\Desktop\SVN\美维\MeiWei_back_0421\agvCtrl\projects\test\meiwei423.smap
[INFO]2021-06-10 23:19:06,209: load map C:\Users\Administrator\Desktop\SVN\美维\MeiWei_back_0421\agvCtrl\projects\test\meiwei423.smap ,used 74 ms
[INFO]2021-06-10 23:19:06,219: start load map C:\Users\Administrator\Desktop\SVN\美维\MeiWei_back_0421\agvCtrl\projects\test\meiwei428.smap
[INFO]2021-06-10 23:19:06,271: load map C:\Users\Administrator\Desktop\SVN\美维\MeiWei_back_0421\agvCtrl\projects\test\meiwei428.smap ,used 60 ms
[INFO]2021-06-10 23:19:06,277: import agvDevice.main_agvDevice
[INFO]2021-06-10 23:19:06,279: import akmCtrl.main_akmCtrl
[INFO]2021-06-10 23:19:06,301: create lock <lock name:runTasks.g_lock,<unlocked _thread.RLock object owner=0 count=0 at 0x000002C56C906120>>
[INFO]2021-06-10 23:19:06,310: create lock <lock name:agvApi.g_lock,<unlocked _thread.RLock object owner=0 count=0 at 0x000002C56C936558>>
[INFO]2021-06-10 23:19:06,327: create lock <lock name:runTasks.pre_lock,<unlocked _thread.RLock object owner=0 count=0 at 0x000002C56C808CD8>>
[INFO]2021-06-10 23:19:06,329: create lock <lock name:timer.lock_3046927917464,<unlocked _thread.RLock object owner=0 count=0 at 0x000002C56B0D94E0>>
[INFO]2021-06-10 23:19:06,332: create lock <lock name:mapMgr.lock,<unlocked _thread.RLock object owner=0 count=0 at 0x000002C56B103198>>
[INFO]2021-06-10 23:19:06,374: import alarm.main_alarm
[INFO]2021-06-10 23:19:06,377: import auth.main_auth
[INFO]2021-06-10 23:19:06,764: import door.main_door
[INFO]2021-06-10 23:19:06,782: import elevator.main_elevator
[INFO]2021-06-10 23:19:06,785: create lock <lock name:elevatorApi.g_lock,<unlocked _thread.RLock object owner=0 count=0 at 0x000002C56B103CD8>>
[INFO]2021-06-10 23:19:06,786: import feed.main_feed
[INFO]2021-06-10 23:19:06,816: IP: 127.0.0.1 port: 10001
[INFO]2021-06-10 23:19:08,185: ----------------准备打印------------
[INFO]2021-06-10 23:19:09,699: load agv file: C:\Users\Administrator\Desktop\SVN\美维\MeiWei_back_0421\agvCtrl/projects/test/agv.cfg
[INFO]2021-06-10 23:19:09,701: create lock <lock name:agvList.AGV30.lock,<unlocked _thread.RLock object owner=0 count=0 at 0x000002C56D7A6328>>
[DEBUG]2021-06-10 23:19:09,705: create aliveObj AGV30 AGV离线异常 timeout 300
[INFO]2021-06-10 23:19:09,706: AGV30 start agvList run thread
[INFO]2021-06-10 23:19:09,707: AGV30 start agvList run2 thread
[ERROR]2021-06-10 23:19:09,711: agv check init error False
[INFO]2021-06-10 23:19:10,213: AGV30 current map meiwei428
[INFO]2021-06-10 23:19:10,218: AGV30 is online
[INFO]2021-06-10 23:19:10,748: b'\xaf\x17\x06\x04\x01\xdf'
[CRITICAL]2021-06-10 23:19:20,769: import main_feed failed, path: feed cause a error: timed out
pid=4116, ppid=22044, tid=15072
Traceback (most recent call last):
  File "run_all.py", line 39, in findModule
    __import__(m[1])
  File "C:\Users\Administrator\Desktop\SVN\美维\MeiWei_back_0421\feed\main_feed.py", line 363, in <module>
    main()
  File "C:\Users\Administrator\Desktop\SVN\美维\MeiWei_back_0421\feed\main_feed.py", line 254, in main
    EasySocket(ip= '0.0.0.0', port=10001)
  File "C:\Users\Administrator\Desktop\SVN\美维\MeiWei_back_0421\feed\main_feed.py", line 245, in EasySocket
    clientSocket, clientInfo = serverSocket.accept()
  File "C:\Python37\lib\socket.py", line 212, in accept
    fd, addr = self._accept()
socket.timeout: timed out

[CRITICAL]2021-06-10 23:19:20,774: import main_feed failed, path: feed ,cause timed out
