[CRITICAL]2021-04-22 09:34:55,049: agvApi step callback cause a error: 'dict' object is not callable
pid=5212, ppid=3292, tid=788
Traceback (most recent call last):
  File "..\agvCtrl\agvApi.py", line 262, in _checkFinish
    t.stepCallback(t.params,t.status)
TypeError: 'dict' object is not callable

[CRITICAL]2021-04-22 09:34:57,144: agvApi step callback cause a error: 'dict' object is not callable
pid=5212, ppid=3292, tid=788
Traceback (most recent call last):
  File "..\agvCtrl\agvApi.py", line 262, in _checkFinish
    t.stepCallback(t.params,t.status)
TypeError: 'dict' object is not callable

[CRITICAL]2021-04-22 09:34:59,772: agvApi step callback cause a error: 'dict' object is not callable
pid=5212, ppid=3292, tid=788
Traceback (most recent call last):
  File "..\agvCtrl\agvApi.py", line 262, in _checkFinish
    t.stepCallback(t.params,t.status)
TypeError: 'dict' object is not callable

[CRITICAL]2021-04-22 09:35:02,411: agvApi step callback cause a error: 'dict' object is not callable
pid=5212, ppid=3292, tid=788
Traceback (most recent call last):
  File "..\agvCtrl\agvApi.py", line 262, in _checkFinish
    t.stepCallback(t.params,t.status)
TypeError: 'dict' object is not callable

[CRITICAL]2021-04-22 09:35:07,109: agvApi step callback cause a error: 'dict' object is not callable
pid=5212, ppid=3292, tid=788
Traceback (most recent call last):
  File "..\agvCtrl\agvApi.py", line 262, in _checkFinish
    t.stepCallback(t.params,t.status)
TypeError: 'dict' object is not callable

[CRITICAL]2021-04-22 09:35:08,171: agvApi step callback cause a error: 'dict' object is not callable
pid=5212, ppid=3292, tid=788
Traceback (most recent call last):
  File "..\agvCtrl\agvApi.py", line 262, in _checkFinish
    t.stepCallback(t.params,t.status)
TypeError: 'dict' object is not callable

[CRITICAL]2021-04-22 09:35:13,964: agvApi step callback cause a error: 'dict' object is not callable
pid=5212, ppid=3292, tid=788
Traceback (most recent call last):
  File "..\agvCtrl\agvApi.py", line 262, in _checkFinish
    t.stepCallback(t.params,t.status)
TypeError: 'dict' object is not callable

