[INFO]2021-06-07 16:52:15,223: log files at C:\Users\Administrator\Desktop\SVN\美维\MeiWei_back_0421\common\log
[INFO]2021-06-07 16:52:15,224: find module account.main_account
[INFO]2021-06-07 16:52:15,225: find module agvCtrl.main_agv
[INFO]2021-06-07 16:52:15,225: find module agvDevice.main_agvDevice
[INFO]2021-06-07 16:52:15,226: find module akmCtrl.main_akmCtrl
[INFO]2021-06-07 16:52:15,226: find module alarm.main_alarm
[INFO]2021-06-07 16:52:15,227: find module auth.main_auth
[INFO]2021-06-07 16:52:15,227: find module door.main_door
[INFO]2021-06-07 16:52:15,229: find module elevator.main_elevator
[INFO]2021-06-07 16:52:15,231: find module feed.main_feed
[INFO]2021-06-07 16:52:15,232: find module feed.main_feed_0427
[INFO]2021-06-07 16:52:15,233: find module remoteio.main_remoteio
[INFO]2021-06-07 16:52:15,233: import account.main_account
[INFO]2021-06-07 16:52:15,330: import agvCtrl.main_agv
[INFO]2021-06-07 16:52:16,329: create lock <lock name:doorMgr.lock,<unlocked _thread.RLock object owner=0 count=0 at 0x0000026C0698EDA0>>
[INFO]2021-06-07 16:52:16,381: create lock <lock name:door.lock,<unlocked _thread.RLock object owner=0 count=0 at 0x0000026C0698EF58>>
[INFO]2021-06-07 16:52:16,626: create lock <lock name:timer.lock_2662994411192,<unlocked _thread.RLock object owner=0 count=0 at 0x0000026C06CF7C60>>
[ERROR]2021-06-07 16:52:16,670: mqtt is disabled
[INFO]2021-06-07 16:52:16,673: mqtt: subscribe [alarm/raise/+]
[INFO]2021-06-07 16:52:16,675: mqtt: subscribe [alarm/clear/+]
[INFO]2021-06-07 16:52:19,816: Mongodb connect to 127.0.0.1 port 27017
[INFO]2021-06-07 16:52:19,848: create lock <lock name:elevatorMgr.lock,<unlocked _thread.RLock object owner=0 count=0 at 0x0000026C06FC8120>>
[WARNING]2021-06-07 16:52:19,894: use mockAgvCtrl
[INFO]2021-06-07 16:52:19,917: create lock <lock name:mapMgr.lock,<unlocked _thread.RLock object owner=0 count=0 at 0x0000026C7F1CDC88>>
[INFO]2021-06-07 16:52:20,550: create lock <lock name:agvList.g_agvLock,<unlocked _thread.RLock object owner=0 count=0 at 0x0000026C07079058>>
[INFO]2021-06-07 16:52:20,565: create lock <lock name:taskList.lock,<unlocked _thread.RLock object owner=0 count=0 at 0x0000026C07079E68>>
[INFO]2021-06-07 16:52:20,792: charge policy 1 , fix time
[INFO]2021-06-07 16:52:20,831: create lock <lock name:agvApi.g_lock,<unlocked _thread.RLock object owner=0 count=0 at 0x0000026C070EF260>>
[INFO]2021-06-07 16:52:22,036: start load map C:\Users\Administrator\Desktop\SVN\美维\MeiWei_back_0421\agvCtrl\projects\test\AKM2F.smap
[DEBUG]2021-06-07 16:52:22,288: elevator thread start
[INFO]2021-06-07 16:52:22,354: load map C:\Users\Administrator\Desktop\SVN\美维\MeiWei_back_0421\agvCtrl\projects\test\AKM2F.smap ,used 328 ms
[INFO]2021-06-07 16:52:22,389: start load map C:\Users\Administrator\Desktop\SVN\美维\MeiWei_back_0421\agvCtrl\projects\test\akmsmt.smap
[INFO]2021-06-07 16:52:22,444: load map C:\Users\Administrator\Desktop\SVN\美维\MeiWei_back_0421\agvCtrl\projects\test\akmsmt.smap ,used 85 ms
[INFO]2021-06-07 16:52:22,475: start load map C:\Users\Administrator\Desktop\SVN\美维\MeiWei_back_0421\agvCtrl\projects\test\akmsmtMap.smap
[INFO]2021-06-07 16:52:22,652: load map C:\Users\Administrator\Desktop\SVN\美维\MeiWei_back_0421\agvCtrl\projects\test\akmsmtMap.smap ,used 206 ms
[INFO]2021-06-07 16:52:22,673: start load map C:\Users\Administrator\Desktop\SVN\美维\MeiWei_back_0421\agvCtrl\projects\test\desai-all-20191223.smap
[INFO]2021-06-07 16:52:23,012: load map C:\Users\Administrator\Desktop\SVN\美维\MeiWei_back_0421\agvCtrl\projects\test\desai-all-20191223.smap ,used 358 ms
[INFO]2021-06-07 16:52:23,041: start load map C:\Users\Administrator\Desktop\SVN\美维\MeiWei_back_0421\agvCtrl\projects\test\meiwei423.smap
[INFO]2021-06-07 16:52:23,247: load map C:\Users\Administrator\Desktop\SVN\美维\MeiWei_back_0421\agvCtrl\projects\test\meiwei423.smap ,used 233 ms
[INFO]2021-06-07 16:52:23,294: start load map C:\Users\Administrator\Desktop\SVN\美维\MeiWei_back_0421\agvCtrl\projects\test\meiwei428.smap
[INFO]2021-06-07 16:52:23,513: load map C:\Users\Administrator\Desktop\SVN\美维\MeiWei_back_0421\agvCtrl\projects\test\meiwei428.smap ,used 260 ms
[INFO]2021-06-07 16:52:23,522: import agvDevice.main_agvDevice
[INFO]2021-06-07 16:52:23,524: import akmCtrl.main_akmCtrl
[INFO]2021-06-07 16:52:23,596: create lock <lock name:runTasks.g_lock,<unlocked _thread.RLock object owner=0 count=0 at 0x0000026C07612878>>
[INFO]2021-06-07 16:52:23,649: create lock <lock name:agvApi.g_lock,<unlocked _thread.RLock object owner=0 count=0 at 0x0000026C07945030>>
[INFO]2021-06-07 16:52:23,691: create lock <lock name:runTasks.pre_lock,<unlocked _thread.RLock object owner=0 count=0 at 0x0000026C07612440>>
[INFO]2021-06-07 16:52:23,727: create lock <lock name:timer.lock_2663001271656,<unlocked _thread.RLock object owner=0 count=0 at 0x0000026C0754E738>>
[INFO]2021-06-07 16:52:23,734: create lock <lock name:mapMgr.lock,<unlocked _thread.RLock object owner=0 count=0 at 0x0000026C079712B0>>
[INFO]2021-06-07 16:52:23,959: import alarm.main_alarm
[INFO]2021-06-07 16:52:24,177: import auth.main_auth
[INFO]2021-06-07 16:52:26,014: import door.main_door
[INFO]2021-06-07 16:52:26,026: import elevator.main_elevator
[INFO]2021-06-07 16:52:26,088: create lock <lock name:elevatorApi.g_lock,<unlocked _thread.RLock object owner=0 count=0 at 0x0000026C07971DA0>>
[INFO]2021-06-07 16:52:26,090: import feed.main_feed
[INFO]2021-06-07 16:52:26,218: IP: 0.0.0.0 port: 10001
[INFO]2021-06-07 16:52:26,270: import feed.main_feed_0427
[INFO]2021-06-07 16:52:26,296: create lock <lock name:feedTask.g_lock,<unlocked _thread.RLock object owner=0 count=0 at 0x0000026C07E1E3C8>>
[INFO]2021-06-07 16:52:26,405: import remoteio.main_remoteio
[SUCC]2021-06-07 16:52:26,427: utility start, pid=15392, ppid=6832
[DEBUG]2021-06-07 16:52:26,430: start timer
[INFO]2021-06-07 16:52:26,445: load agv file: C:\Users\Administrator\Desktop\SVN\美维\MeiWei_back_0421\agvCtrl/projects/test/agv.cfg
[INFO]2021-06-07 16:52:26,468: create lock <lock name:agvList.AGV30.lock,<unlocked _thread.RLock object owner=0 count=0 at 0x0000026C07E1EC10>>
[DEBUG]2021-06-07 16:52:26,475: create aliveObj AGV30 AGV离线异常 timeout 300
[INFO]2021-06-07 16:52:26,478: AGV30 start agvList run thread
[INFO]2021-06-07 16:52:26,503: AGV30 start agvList run2 thread
[ERROR]2021-06-07 16:52:26,517: agv check init error False
[DEBUG]2021-06-07 16:52:26,519: start timer
[INFO]2021-06-07 16:52:26,537: add_ignore: taskStatus
[INFO]2021-06-07 16:52:26,552: add_ignore: api/elevator/status
[INFO]2021-06-07 16:52:26,555: add_ignore: scada/getTask
[INFO]2021-06-07 16:52:27,034: AGV30 current map meiwei428
[INFO]2021-06-07 16:52:27,039: AGV30 is online
[DEBUG]2021-06-07 16:52:28,082: GET: http://127.0.0.1:5551/api/agv/init?appName=MeiWeiTask addr: 127.0.0.1
[INFO]2021-06-07 16:52:28,088: MeiWeiTask init client agvApi
[DEBUG]2021-06-07 16:52:28,109: used 28ms 200 OK application/json;charset=utf-8, GET: http://127.0.0.1:5551/api/agv/init?appName=MeiWeiTask
[INFO]2021-06-07 16:52:31,628: startCharge is false
[DEBUG]2021-06-07 16:52:31,645: GET: http://127.0.0.1:5551/api/agv/startCharge?appName=MeiWeiTask addr: 127.0.0.1
[DEBUG]2021-06-07 16:52:31,895: used 250ms 200 OK application/json;charset=utf-8, GET: http://127.0.0.1:5551/api/agv/startCharge?appName=MeiWeiTask
[WARNING]2021-06-07 16:52:32,020: timer_thread[tid:13376] <lock name:runTasks.g_lock,<locked _thread.RLock object owner=13376 count=1 at 0x0000026C07612878>> ,hold 5496 ms
[INFO]2021-06-07 16:52:32,303: name=timer_thread, pid=15392, tid=13376
[01] File "C:/Python37/lib/threading.py", line 865, in run() 
[02] File "../common/mytimer.py", line 113, in _loop() 
[03] File "../common/lock.py", line 122, in _call() 
[04] File "../common/lock.py", line 100, in release() 
[05] File "C:/Users/Administrator/Desktop/SVN/美维/MeiWei_back_0421/common/enhance.py", line 258, in getTrace() 
[06] File "C:/Users/Administrator/Desktop/SVN/美维/MeiWei_back_0421/common/enhance.py", line 240, in getThreadStack()
