[INFO]2021-05-11 10:51:22,795: log files at E:\projects_by_myself\backup\MeiWei_back_0421\common\log
[INFO]2021-05-11 10:51:22,796: find module account.main_account
[INFO]2021-05-11 10:51:22,797: find module agvCtrl.main_agv
[INFO]2021-05-11 10:51:22,797: find module agvDevice.main_agvDevice
[INFO]2021-05-11 10:51:22,798: find module akmCtrl.main_akmCtrl
[INFO]2021-05-11 10:51:22,798: find module alarm.main_alarm
[INFO]2021-05-11 10:51:22,799: find module auth.main_auth
[INFO]2021-05-11 10:51:22,799: find module door.main_door
[INFO]2021-05-11 10:51:22,800: find module elevator.main_elevator
[INFO]2021-05-11 10:51:22,805: find module feed.main_feed
[INFO]2021-05-11 10:51:22,806: find module feed.main_feed_0427
[INFO]2021-05-11 10:51:22,807: find module remoteio.main_remoteio
[INFO]2021-05-11 10:51:22,807: import account.main_account
[INFO]2021-05-11 10:51:22,902: import agvCtrl.main_agv
[INFO]2021-05-11 10:51:23,771: create lock <lock name:doorMgr.lock,<unlocked _thread.RLock object owner=0 count=0 at 0x000001CA0DAC5090>>
[INFO]2021-05-11 10:51:24,633: create lock <lock name:door.lock,<unlocked _thread.RLock object owner=0 count=0 at 0x000001CA0DAD05D0>>
[INFO]2021-05-11 10:51:24,747: create lock <lock name:timer.lock_1967331148800,<unlocked _thread.RLock object owner=0 count=0 at 0x000001CA0E130570>>
[ERROR]2021-05-11 10:51:24,760: mqtt is disabled
[INFO]2021-05-11 10:51:24,761: mqtt: subscribe [alarm/raise/+]
[INFO]2021-05-11 10:51:24,763: mqtt: subscribe [alarm/clear/+]
[INFO]2021-05-11 10:51:27,799: Mongodb connect to 127.0.0.1 port 27017
[INFO]2021-05-11 10:51:27,823: create lock <lock name:elevatorMgr.lock,<unlocked _thread.RLock object owner=0 count=0 at 0x000001CA0E33EF60>>
[WARNING]2021-05-11 10:51:27,833: use mockAgvCtrl
[INFO]2021-05-11 10:51:27,836: create lock <lock name:mapMgr.lock,<unlocked _thread.RLock object owner=0 count=0 at 0x000001CA0C3A4510>>
[INFO]2021-05-11 10:51:28,179: create lock <lock name:agvList.g_agvLock,<unlocked _thread.RLock object owner=0 count=0 at 0x000001CA0E3D99F0>>
[INFO]2021-05-11 10:51:28,185: create lock <lock name:taskList.lock,<unlocked _thread.RLock object owner=0 count=0 at 0x000001CA0E481F30>>
[INFO]2021-05-11 10:51:28,259: charge policy 1 , fix time
[INFO]2021-05-11 10:51:28,295: create lock <lock name:agvApi.g_lock,<unlocked _thread.RLock object owner=0 count=0 at 0x000001CA0E48CB10>>
[INFO]2021-05-11 10:51:29,018: start load map E:\projects_by_myself\backup\MeiWei_back_0421\agvCtrl\projects\test\AKM2F.smap
[DEBUG]2021-05-11 10:51:29,130: elevator thread start
[INFO]2021-05-11 10:51:29,152: load map E:\projects_by_myself\backup\MeiWei_back_0421\agvCtrl\projects\test\AKM2F.smap ,used 142 ms
[INFO]2021-05-11 10:51:29,162: start load map E:\projects_by_myself\backup\MeiWei_back_0421\agvCtrl\projects\test\akmsmt.smap
[INFO]2021-05-11 10:51:29,217: load map E:\projects_by_myself\backup\MeiWei_back_0421\agvCtrl\projects\test\akmsmt.smap ,used 63 ms
[INFO]2021-05-11 10:51:29,228: start load map E:\projects_by_myself\backup\MeiWei_back_0421\agvCtrl\projects\test\akmsmtMap.smap
[INFO]2021-05-11 10:51:29,358: load map E:\projects_by_myself\backup\MeiWei_back_0421\agvCtrl\projects\test\akmsmtMap.smap ,used 141 ms
[INFO]2021-05-11 10:51:29,368: start load map E:\projects_by_myself\backup\MeiWei_back_0421\agvCtrl\projects\test\desai-all-20191223.smap
[INFO]2021-05-11 10:51:29,516: load map E:\projects_by_myself\backup\MeiWei_back_0421\agvCtrl\projects\test\desai-all-20191223.smap ,used 157 ms
[INFO]2021-05-11 10:51:29,526: start load map E:\projects_by_myself\backup\MeiWei_back_0421\agvCtrl\projects\test\meiwei423.smap
[INFO]2021-05-11 10:51:29,577: load map E:\projects_by_myself\backup\MeiWei_back_0421\agvCtrl\projects\test\meiwei423.smap ,used 60 ms
[INFO]2021-05-11 10:51:29,590: start load map E:\projects_by_myself\backup\MeiWei_back_0421\agvCtrl\projects\test\meiwei428.smap
[INFO]2021-05-11 10:51:29,650: load map E:\projects_by_myself\backup\MeiWei_back_0421\agvCtrl\projects\test\meiwei428.smap ,used 70 ms
[INFO]2021-05-11 10:51:29,655: import agvDevice.main_agvDevice
[INFO]2021-05-11 10:51:29,658: import akmCtrl.main_akmCtrl
[INFO]2021-05-11 10:51:29,677: create lock <lock name:runTasks.g_lock,<unlocked _thread.RLock object owner=0 count=0 at 0x000001CA0CE31F30>>
[INFO]2021-05-11 10:51:29,691: create lock <lock name:agvApi.g_lock,<unlocked _thread.RLock object owner=0 count=0 at 0x000001CA0CE769C0>>
[INFO]2021-05-11 10:51:29,711: create lock <lock name:runTasks.pre_lock,<unlocked _thread.RLock object owner=0 count=0 at 0x000001CA0F8AD9C0>>
[INFO]2021-05-11 10:51:29,712: create lock <lock name:timer.lock_1967355827680,<unlocked _thread.RLock object owner=0 count=0 at 0x000001CA0F8B94E0>>
[INFO]2021-05-11 10:51:29,714: create lock <lock name:mapMgr.lock,<unlocked _thread.RLock object owner=0 count=0 at 0x000001CA0CEB5510>>
[INFO]2021-05-11 10:51:30,327: import alarm.main_alarm
[INFO]2021-05-11 10:51:30,328: import auth.main_auth
[INFO]2021-05-11 10:51:30,339: import door.main_door
[INFO]2021-05-11 10:51:30,342: import elevator.main_elevator
[INFO]2021-05-11 10:51:30,347: create lock <lock name:elevatorApi.g_lock,<unlocked _thread.RLock object owner=0 count=0 at 0x000001CA104836C0>>
[INFO]2021-05-11 10:51:30,348: import feed.main_feed
[INFO]2021-05-11 10:51:30,373: IP: 0.0.0.0 port: 10001
[INFO]2021-05-11 10:51:30,374: import feed.main_feed_0427
[INFO]2021-05-11 10:51:30,384: create lock <lock name:feedTask.g_lock,<unlocked _thread.RLock object owner=0 count=0 at 0x000001CA1049F6C0>>
[INFO]2021-05-11 10:51:30,437: import remoteio.main_remoteio
[SUCC]2021-05-11 10:51:30,448: utility start, pid=15428, ppid=15900
[DEBUG]2021-05-11 10:51:30,449: start timer
[INFO]2021-05-11 10:51:30,457: load agv file: E:\projects_by_myself\backup\MeiWei_back_0421\agvCtrl/projects/test/agv.cfg
[INFO]2021-05-11 10:51:30,458: create lock <lock name:agvList.AGV30.lock,<unlocked _thread.RLock object owner=0 count=0 at 0x000001CA13050870>>
[DEBUG]2021-05-11 10:51:30,461: create aliveObj AGV30 AGV离线异常 timeout 300
[INFO]2021-05-11 10:51:30,463: AGV30 start agvList run thread
[INFO]2021-05-11 10:51:30,463: AGV30 start agvList run2 thread
[ERROR]2021-05-11 10:51:30,471: agv check init error False
[DEBUG]2021-05-11 10:51:30,472: start timer
[INFO]2021-05-11 10:51:30,477: add_ignore: taskStatus
[INFO]2021-05-11 10:51:30,478: add_ignore: api/elevator/status
[INFO]2021-05-11 10:51:30,479: add_ignore: scada/getTask
[INFO]2021-05-11 10:51:30,972: AGV30 current map meiwei428
[INFO]2021-05-11 10:51:30,973: AGV30 is online
[WARNING]2021-05-11 10:51:31,008: clear alarm obj=AGV30, typeId=4002, id=6094c4f232371f6cf59bf225
[INFO]2021-05-11 10:51:31,121: tcp server [0.0.0.0][10001] ,connectedLen: 1, tcp connected : 192.168.252.164:10001 <--> 192.168.252.165:51703
[INFO]2021-05-11 10:51:31,152: **************回复线程启动**************
[DEBUG]2021-05-11 10:51:31,491: GET: http://127.0.0.1:5551/api/agv/init?appName=MeiWeiTask addr: 127.0.0.1
[INFO]2021-05-11 10:51:31,505: MeiWeiTask init client agvApi
[DEBUG]2021-05-11 10:51:31,507: used 17ms 200 OK application/json;charset=utf-8, GET: http://127.0.0.1:5551/api/agv/init?appName=MeiWeiTask
[DEBUG]2021-05-11 10:51:34,734: GET: http://127.0.0.1:5551/api/agv/startCharge?appName=MeiWeiTask addr: 127.0.0.1
[DEBUG]2021-05-11 10:51:34,814: used 80ms 200 OK application/json;charset=utf-8, GET: http://127.0.0.1:5551/api/agv/startCharge?appName=MeiWeiTask
[WARNING]2021-05-11 10:51:34,941: timer_thread[tid:9388] <lock name:runTasks.g_lock,<locked _thread.RLock object owner=9388 count=1 at 0x000001CA0CE31F30>> ,hold 3454 ms
[INFO]2021-05-11 10:51:35,260: name=timer_thread, pid=15428, tid=9388
[01] File "E:/Users/Administrator/AppData/Local/Programs/Python/Python38/lib/threading.py", line 870, in run() 
[02] File "../common/mytimer.py", line 113, in _loop() 
[03] File "../common/lock.py", line 122, in _call() 
[04] File "../common/lock.py", line 100, in release() 
[05] File "E:/projects_by_myself/backup/MeiWei_back_0421/common/enhance.py", line 258, in getTrace() 
[06] File "E:/projects_by_myself/backup/MeiWei_back_0421/common/enhance.py", line 240, in getThreadStack()
[INFO]2021-05-11 10:52:24,208: 按钮任务状态： False
[INFO]2021-05-11 10:52:24,288: ****************接受到的数据**************： staticDevID: 1 devID: 223 keyID: 1
[INFO]2021-05-11 10:52:24,383: 没有相应的按钮任务，请勿随意点击按钮： 1 bt_1 15
[INFO]2021-05-11 10:52:25,835: 信息*********map: meiwei423 agvId AGV30 tyepe: move loc p1
[INFO]2021-05-11 10:52:25,929: 1 号工位放行
[INFO]2021-05-11 10:56:32,713: tcp server [0.0.0.0][10001] ,connectedLen: 2, tcp connected : 192.168.252.164:10001 <--> 192.168.252.165:51704
[INFO]2021-05-11 10:56:32,807: **************回复线程启动**************
[INFO]2021-05-11 10:59:35,061: 按钮任务状态： False
[INFO]2021-05-11 10:59:35,157: ****************接受到的数据**************： staticDevID: 1 devID: 223 keyID: 2
[INFO]2021-05-11 10:59:35,221: 没有相应的按钮任务，请勿随意点击按钮： 2 bt_1 15
[INFO]2021-05-11 10:59:37,016: 信息*********map: meiwei423 agvId AGV30 tyepe: move loc p2
[INFO]2021-05-11 10:59:37,128: 2 号工位放行
[INFO]2021-05-11 10:59:38,816: 按钮任务状态： False
[INFO]2021-05-11 10:59:38,864: ****************接受到的数据**************： staticDevID: 1 devID: 223 keyID: 3
[INFO]2021-05-11 10:59:38,910: 没有相应的按钮任务，请勿随意点击按钮： 3 bt_1 15
[INFO]2021-05-11 10:59:40,307: 信息*********map: meiwei423 agvId AGV30 tyepe: move loc p2
[INFO]2021-05-11 10:59:40,371: 3 号工位放行
[INFO]2021-05-11 11:01:16,272: 按钮任务状态： False
[INFO]2021-05-11 11:01:16,352: ****************接受到的数据**************： staticDevID: 1 devID: 223 keyID: 1
[INFO]2021-05-11 11:01:16,431: 没有相应的按钮任务，请勿随意点击按钮： 1 bt_1 15
[INFO]2021-05-11 11:01:18,197: 信息*********map: meiwei423 agvId AGV30 tyepe: move loc p1
[INFO]2021-05-11 11:01:18,213: 1 号工位放行
[INFO]2021-05-11 11:01:18,338: 按钮任务状态： False
[INFO]2021-05-11 11:01:18,463: ****************接受到的数据**************： staticDevID: 1 devID: 223 keyID: 3
[INFO]2021-05-11 11:01:18,524: 没有相应的按钮任务，请勿随意点击按钮： 3 bt_1 15
[INFO]2021-05-11 11:01:19,851: 信息*********map: meiwei423 agvId AGV30 tyepe: move loc p2
[INFO]2021-05-11 11:01:19,915: 3 号工位放行
[INFO]2021-05-11 11:01:28,294: 按钮任务状态： False
[INFO]2021-05-11 11:01:28,373: ****************接受到的数据**************： staticDevID: 1 devID: 223 keyID: 4
[INFO]2021-05-11 11:01:28,484: 测试添加任务，起点和目的地，固化在下面的方法中
[INFO]2021-05-11 11:01:28,564: *****unload 任务***** 6
[INFO]2021-05-11 11:01:28,675: create task[6099f3884c95b8b7075fd091]: type= scadaTask , 从MeiWeiSource运送货架到MeiWeiTarget {'source': 'MeiWeiSource', 'target': 'MeiWeiTarget', 'payloadId': None, 'priority': 1, 'type': 'scadaTask', 'taskName': '从MeiWeiSource运送货架到MeiWeiTarget', 'createTime': datetime.datetime(2021, 5, 11, 11, 1, 28, 627884), 'updateTime': datetime.datetime(2021, 5, 11, 11, 1, 28, 627884), 'startTime': None, 'endTime': None, 'status': 'waiting', 'step': 'waiting', 'failMsg': None, 'history': [], '_id': ObjectId('6099f3884c95b8b7075fd091')}
[INFO]2021-05-11 11:01:29,262: task[6099f3884c95b8b7075fd091]:  start {'failMsg': '任务等待执行', 'startTime': datetime.datetime(2021, 5, 11, 11, 1, 29, 214356), 'updateTime': datetime.datetime(2021, 5, 11, 11, 1, 29, 214356), 'status': 'running'}
[INFO]2021-05-11 11:01:29,356: task: start task[6099f3884c95b8b7075fd091][-] 6(1) -> 7(8) [waiting]
[INFO]2021-05-11 11:01:29,468: task[6099f3884c95b8b7075fd091] update info: {'failMsg': '等待分配小车', 'updateTime': datetime.datetime(2021, 5, 11, 11, 1, 29, 436761)}
[DEBUG]2021-05-11 11:01:29,516: task[6099f3884c95b8b7075fd091][-] 6(1) -> 7(8) [waitForAgv] waiting -> waitForAgv
[INFO]2021-05-11 11:01:30,135: 信息*********map: meiwei423 agvId AGV30 tyepe: release loc home
[INFO]2021-05-11 11:01:30,214: 4 号工位放行
[INFO]2021-05-11 11:01:30,927: ******************url********************: http://127.0.0.1:5551
[DEBUG]2021-05-11 11:01:31,308: GET: http://127.0.0.1:5551/api/agv/apply?appName=MeiWeiTask&autoLock=False&exclude&loc=1&mapId=meiwei428&taskId=6099f3884c95b8b7075fd091&timeout=10 addr: 127.0.0.1
[INFO]2021-05-11 11:01:33,758: tcp server [0.0.0.0][10001] ,connectedLen: 3, tcp connected : 192.168.252.164:10001 <--> 192.168.252.165:51705
[INFO]2021-05-11 11:01:33,930: **************回复线程启动**************
[INFO]2021-05-11 11:01:36,248: apply AGV30 ,taskId: 6099f3884c95b8b7075fd091 ,loc meiwei428.1 ,autoLock False , used 4830 ms
[WARNING]2021-05-11 11:01:36,342: worker 2[tid:12596] <lock name:mapMgr.lock,<locked _thread.RLock object owner=12596 count=1 at 0x000001CA0C3A4510>> ,hold 4924 ms
[INFO]2021-05-11 11:01:36,564: name=worker 2, pid=15428, tid=12596
[01] File "E:/Users/Administrator/AppData/Local/Programs/Python/Python38/lib/threading.py", line 870, in run() 
[02] File "E:/Users/Administrator/AppData/Local/Programs/Python/Python38/lib/site-packages/paste/httpserver.py", line 903, in worker_thread_callback() 
[03] File "E:/Users/Administrator/AppData/Local/Programs/Python/Python38/lib/site-packages/paste/httpserver.py", line 1077, in <lambda>() 
[04] File "E:/Users/Administrator/AppData/Local/Programs/Python/Python38/lib/site-packages/paste/httpserver.py", line 1092, in process_request_in_thread() 
[05] File "E:/Users/Administrator/AppData/Local/Programs/Python/Python38/lib/socketserver.py", line 360, in finish_request() 
[06] File "E:/Users/Administrator/AppData/Local/Programs/Python/Python38/lib/socketserver.py", line 720, in __init__() 
[07] File "E:/Users/Administrator/AppData/Local/Programs/Python/Python38/lib/site-packages/paste/httpserver.py", line 460, in handle() 
[08] File "E:/Users/Administrator/AppData/Local/Programs/Python/Python38/lib/http/server.py", line 427, in handle() 
[09] File "E:/Users/Administrator/AppData/Local/Programs/Python/Python38/lib/site-packages/paste/httpserver.py", line 455, in handle_one_request() 
[10] File "E:/Users/Administrator/AppData/Local/Programs/Python/Python38/lib/site-packages/paste/httpserver.py", line 304, in wsgi_execute() 
[11] File "E:/Users/Administrator/AppData/Local/Programs/Python/Python38/lib/site-packages/paste/translogger.py", line 69, in __call__() 
[12] File "E:/Users/Administrator/AppData/Local/Programs/Python/Python38/lib/site-packages/bottle.py", line 985, in __call__() 
[13] File "E:/Users/Administrator/AppData/Local/Programs/Python/Python38/lib/site-packages/bottle.py", line 960, in wsgi() 
[14] File "E:/Users/Administrator/AppData/Local/Programs/Python/Python38/lib/site-packages/bottle.py", line 868, in _handle() 
[15] File "E:/Users/Administrator/AppData/Local/Programs/Python/Python38/lib/site-packages/bottle.py", line 1748, in wrapper() 
[16] File "E:/projects_by_myself/backup/MeiWei_back_0421/common/webutility.py", line 466, in _enable_cors() 
[17] File "E:/projects_by_myself/backup/MeiWei_back_0421/common/webutility.py", line 482, in _enable_cors() 
[18] File "E:/projects_by_myself/backup/MeiWei_back_0421/common/scadaUtility.py", line 45, in __call() 
[19] File "E:/projects_by_myself/backup/MeiWei_back_0421/agvCtrl/main_agv.py", line 58, in urlApply() 
[20] File "E:/projects_by_myself/backup/MeiWei_back_0421/agvCtrl/agvControl.py", line 1125, in apply() 
[21] File "E:/projects_by_myself/backup/MeiWei_back_0421/common/lock.py", line 122, in _call() 
[22] File "E:/projects_by_myself/backup/MeiWei_back_0421/common/lock.py", line 100, in release() 
[23] File "E:/projects_by_myself/backup/MeiWei_back_0421/common/enhance.py", line 258, in getTrace() 
[24] File "E:/projects_by_myself/backup/MeiWei_back_0421/common/enhance.py", line 240, in getThreadStack()
[DEBUG]2021-05-11 11:01:36,675: used 5367ms 200 OK application/json;charset=utf-8, GET: http://127.0.0.1:5551/api/agv/apply?appName=MeiWeiTask&autoLock=False&exclude&loc=1&mapId=meiwei428&taskId=6099f3884c95b8b7075fd091&timeout=10
[DEBUG]2021-05-11 11:01:37,042: GET: http://127.0.0.1:5551/api/agv/lock?agv=AGV30&appName=MeiWeiTask&taskId=6099f3884c95b8b7075fd091 addr: 127.0.0.1
[DEBUG]2021-05-11 11:01:37,090: lock:  AGV30 taskId 6099f3884c95b8b7075fd091 app MeiWeiTask
[WARNING]2021-05-11 11:01:38,198: AGV30 clear task finish, cur= meiwei428.9 task_status= 0
[DEBUG]2021-05-11 11:01:38,278: used 1236ms 200 OK application/json;charset=utf-8, GET: http://127.0.0.1:5551/api/agv/lock?agv=AGV30&appName=MeiWeiTask&taskId=6099f3884c95b8b7075fd091
[INFO]2021-05-11 11:01:38,435: task[6099f3884c95b8b7075fd091][-] 6(1) -> 7(8) [waitForAgv] apply AGV30
[INFO]2021-05-11 11:01:38,576: task[6099f3884c95b8b7075fd091] update info: {'agvId': 'AGV30', 'failMsg': '成功分配小车AGV30,检测顶升下降', 'updateTime': datetime.datetime(2021, 5, 11, 11, 1, 38, 528683)}
[WARNING]2021-05-11 11:01:38,639: scada.6099f3884c95b8b7075fd091[tid:16064] <locked _thread.RLock object owner=16064 count=1 at 0x000001CA155BE4E0> ,hold 7712 ms
[INFO]2021-05-11 11:01:39,166: name=scada.6099f3884c95b8b7075fd091, pid=15428, tid=16064
[01] File "E:/Users/Administrator/AppData/Local/Programs/Python/Python38/lib/threading.py", line 870, in run() 
[02] File "../common/utility.py", line 167, in __call() 
[03] File "E:/projects_by_myself/backup/MeiWei_back_0421/akmCtrl/beans/scadaTaskBean.py", line 763, in _taskFunc() 
[04] File "../common/lock.py", line 122, in _call() 
[05] File "../common/lock.py", line 100, in release() 
[06] File "E:/projects_by_myself/backup/MeiWei_back_0421/common/enhance.py", line 258, in getTrace() 
[07] File "E:/projects_by_myself/backup/MeiWei_back_0421/common/enhance.py", line 240, in getThreadStack()
[DEBUG]2021-05-11 11:01:39,277: task[6099f3884c95b8b7075fd091][AGV30] 6(1) -> 7(8) [initJackdown] waitForAgv -> initJackdown
[INFO]2021-05-11 11:01:39,753: task[6099f3884c95b8b7075fd091][AGV30] 6(1) -> 7(8) [initJackdown] _jackDown
[DEBUG]2021-05-11 11:01:39,817: send http_get: http://127.0.0.1:5551/api/agv/jackdownOld?agv=AGV30&loc=None&timeoutSec=90
[DEBUG]2021-05-11 11:01:40,103: GET: http://127.0.0.1:5551/api/agv/jackdownOld?agv=AGV30&loc=None&timeoutSec=90 addr: 127.0.0.1
[INFO]2021-05-11 11:01:40,180: ************run jackDownOld********************
[DEBUG]2021-05-11 11:01:41,357: used 1254ms 200 OK application/json;charset=utf-8, GET: http://127.0.0.1:5551/api/agv/jackdownOld?agv=AGV30&loc=None&timeoutSec=90
[DEBUG]2021-05-11 11:01:41,564: [return] use 1747 ms,http_get: http://127.0.0.1:5551/api/agv/jackdownOld?agv=AGV30&loc=None&timeoutSec=90
[INFO]2021-05-11 11:01:41,724: task[6099f3884c95b8b7075fd091] update info: {'failMsg': '前往MeiWeiSource工位点拉取货架', 'updateTime': datetime.datetime(2021, 5, 11, 11, 1, 41, 676316)}
[DEBUG]2021-05-11 11:01:41,772: task[6099f3884c95b8b7075fd091][AGV30] 6(1) -> 7(8) [moveToPreSrc] initJackdown -> moveToPreSrc
[INFO]2021-05-11 11:01:42,263: ***************调用move方法
[DEBUG]2021-05-11 11:01:42,362: GET: http://127.0.0.1:5551/api/agv/move?WorkPlace=None&agv=AGV30&agvId=AGV30&appName=MeiWeiTask&floorId=meiwei428&isRotate&loc=meiwei428.1&location=1&taskId=6099f3884c95b8b7075fd091_2&taskType=scadaTask&timeoutSec=86400 addr: 127.0.0.1
[INFO]2021-05-11 11:01:42,384: Begin: AGV30 move from meiwei428.9 to meiwei428.1 by paths: [('meiwei428', ['9', '7', '12', '11', '10', '8', '6', '1'], 26.067652066750853)] task: 6099f3884c95b8b7075fd091_2 timeout 86400 used 19 ms
[DEBUG]2021-05-11 11:01:42,386: used 24ms 200 OK application/json;charset=utf-8, GET: http://127.0.0.1:5551/api/agv/move?WorkPlace=None&agv=AGV30&agvId=AGV30&appName=MeiWeiTask&floorId=meiwei428&isRotate&loc=meiwei428.1&location=1&taskId=6099f3884c95b8b7075fd091_2&taskType=scadaTask&timeoutSec=86400
[INFO]2021-05-11 11:01:42,390: 移动到source的前置点 1
[DEBUG]2021-05-11 11:01:42,395: task[6099f3884c95b8b7075fd091][AGV30] 6(1) -> 7(8) [moveToPreSrc_onfinish] moveToPreSrc -> moveToPreSrc_onfinish
[DEBUG]2021-05-11 11:01:43,393: agvInfo: AGV30 meiwei428.9 move to meiwei428.1 ,taskId 6099f3884c95b8b7075fd091_2
[DEBUG]2021-05-11 11:01:50,291: AGV30 set loc meiwei428.7 ,old 9 (23.66,0.77)
[DEBUG]2021-05-11 11:01:52,830: AGV30 set loc meiwei428.12 ,old 7 (21.57,0.68)
[DEBUG]2021-05-11 11:01:55,884: AGV30 set loc meiwei428.11 ,old 12 (19.18,0.56)
[DEBUG]2021-05-11 11:01:59,936: AGV30 set loc meiwei428.8 ,old 11 (15.95,0.56)
[DEBUG]2021-05-11 11:02:17,190: AGV30 set loc meiwei428.6 ,old 8 (2.30,0.27)
[DEBUG]2021-05-11 11:02:19,208: AGV30 set loc meiwei428.1 ,old 6 (2.12,1.10)
[SUCC]2021-05-11 11:02:20,500: Finish:  AGV30 arrived meiwei428.1 ,task: 6099f3884c95b8b7075fd091_2
[INFO]2021-05-11 11:02:20,566: task: move finish callback task[6099f3884c95b8b7075fd091][AGV30] 6(1) -> 7(8) [moveToPreSrc_onfinish]
[INFO]2021-05-11 11:02:20,568: ***********上料，已到达source前置*************
[INFO]2021-05-11 11:02:20,660: ***************调用_moveJackup方法
[DEBUG]2021-05-11 11:02:20,663: GET: http://127.0.0.1:5551/api/agv/move?WorkPlace=None&agv=AGV30&agvId=AGV30&appName=MeiWeiTask&direction=None&floorId=meiwei428&isRotate&loc=meiwei428.6&location=6&p_direction=0.0&recognize=False&result=True&resultDesc=None&seer_jackup=JackLoad&taskId=6099f3884c95b8b7075fd091_3&taskType=scadaTask&timeoutSec=86400&use_pgv=False addr: 127.0.0.1
[INFO]2021-05-11 11:02:20,678: Begin: AGV30 move from meiwei428.1 to meiwei428.6 by paths: [('meiwei428', ['1', '6'], 0.8303840339922958)] task: 6099f3884c95b8b7075fd091_3 timeout 86400 used 13 ms
[DEBUG]2021-05-11 11:02:20,680: used 16ms 200 OK application/json;charset=utf-8, GET: http://127.0.0.1:5551/api/agv/move?WorkPlace=None&agv=AGV30&agvId=AGV30&appName=MeiWeiTask&direction=None&floorId=meiwei428&isRotate&loc=meiwei428.6&location=6&p_direction=0.0&recognize=False&result=True&resultDesc=None&seer_jackup=JackLoad&taskId=6099f3884c95b8b7075fd091_3&taskType=scadaTask&timeoutSec=86400&use_pgv=False
[INFO]2021-05-11 11:02:20,681: ==============================runTasks._moveJackup()结束====================================
[DEBUG]2021-05-11 11:02:20,683: task[6099f3884c95b8b7075fd091][AGV30] 6(1) -> 7(8) [loadPlayload] startMoveJackup -> loadPlayload
[INFO]2021-05-11 11:02:21,541: ------------------------根据agvControl中的_func来到agvList中的moveJackup---------------999--------
[DEBUG]2021-05-11 11:02:21,543: agvInfo: AGV30 meiwei428.1 move jackup to meiwei428.6 ,taskId 6099f3884c95b8b7075fd091_3
[DEBUG]2021-05-11 11:02:23,254: AGV30 set loc meiwei428.6 ,old 1 (2.15,0.27)
[SUCC]2021-05-11 11:02:24,587: Finish:  AGV30 arrived meiwei428.6 ,task: 6099f3884c95b8b7075fd091_3
[INFO]2021-05-11 11:02:24,638: task: move finish callback task[6099f3884c95b8b7075fd091][AGV30] 6(1) -> 7(8) [loadPlayload]
[INFO]2021-05-11 11:02:24,640: ***************进入onFinish.loadPlayload**********************
[INFO]2021-05-11 11:02:24,642: task[6099f3884c95b8b7075fd091] update info: {'failMsg': 'AGV顶升', 'updateTime': datetime.datetime(2021, 5, 11, 11, 2, 24, 641590)}
[INFO]2021-05-11 11:02:24,643: *********发送下料到位信号********* 0,0,1,0
[INFO]2021-05-11 11:02:24,644: 当前信号： {'status': [0, 0, 0, 0, 0, 0, 0, 0]}
[INFO]2021-05-11 11:02:24,645: 无离开下料位信号，继续等待： 2021-05-11 11:02:24
[INFO]2021-05-11 11:02:24,646: 等待次数: 1
[INFO]2021-05-11 11:02:25,160: 当前信号： {'status': [0, 0, 0, 0, 0, 0, 0, 0]}
[INFO]2021-05-11 11:02:25,162: 无离开下料位信号，继续等待： 2021-05-11 11:02:25
[INFO]2021-05-11 11:02:25,163: 等待次数: 2
[INFO]2021-05-11 11:02:25,668: 当前信号： {'status': [0, 0, 0, 0, 0, 0, 0, 0]}
[INFO]2021-05-11 11:02:25,669: 无离开下料位信号，继续等待： 2021-05-11 11:02:25
[INFO]2021-05-11 11:02:25,671: 等待次数: 3
[INFO]2021-05-11 11:02:26,187: 当前信号： {'status': [0, 0, 0, 0, 0, 0, 0, 0]}
[INFO]2021-05-11 11:02:26,189: 无离开下料位信号，继续等待： 2021-05-11 11:02:26
[INFO]2021-05-11 11:02:26,190: 等待次数: 4
[INFO]2021-05-11 11:02:26,696: 当前信号： {'status': [0, 0, 0, 0, 0, 0, 0, 0]}
[INFO]2021-05-11 11:02:26,698: 无离开下料位信号，继续等待： 2021-05-11 11:02:26
[INFO]2021-05-11 11:02:26,699: 等待次数: 5
[INFO]2021-05-11 11:02:27,202: 当前信号： {'status': [0, 0, 0, 0, 0, 0, 0, 0]}
[INFO]2021-05-11 11:02:27,204: 无离开下料位信号，继续等待： 2021-05-11 11:02:27
[INFO]2021-05-11 11:02:27,205: 等待次数: 6
[INFO]2021-05-11 11:02:27,710: 当前信号： {'status': [0, 0, 0, 0, 0, 0, 0, 0]}
[INFO]2021-05-11 11:02:27,711: 无离开下料位信号，继续等待： 2021-05-11 11:02:27
[INFO]2021-05-11 11:02:27,712: 等待次数: 7
[INFO]2021-05-11 11:02:28,217: 当前信号： {'status': [0, 0, 0, 0, 0, 0, 0, 0]}
[INFO]2021-05-11 11:02:28,219: 无离开下料位信号，继续等待： 2021-05-11 11:02:28
[INFO]2021-05-11 11:02:28,220: 等待次数: 8
[INFO]2021-05-11 11:02:28,726: 当前信号： {'status': [0, 0, 0, 0, 0, 0, 0, 0]}
[INFO]2021-05-11 11:02:28,727: 无离开下料位信号，继续等待： 2021-05-11 11:02:28
[INFO]2021-05-11 11:02:28,728: 等待次数: 9
[INFO]2021-05-11 11:02:29,232: 当前信号： {'status': [0, 0, 0, 0, 0, 0, 0, 0]}
[INFO]2021-05-11 11:02:29,234: 无离开下料位信号，继续等待： 2021-05-11 11:02:29
[INFO]2021-05-11 11:02:29,235: 等待次数: 10
[INFO]2021-05-11 11:02:29,741: 当前信号： {'status': [0, 0, 0, 0, 0, 0, 0, 0]}
[INFO]2021-05-11 11:02:29,743: 无离开下料位信号，继续等待： 2021-05-11 11:02:29
[INFO]2021-05-11 11:02:29,744: 等待次数: 11
[INFO]2021-05-11 11:02:30,252: 当前信号： {'status': [0, 0, 0, 0, 0, 0, 0, 0]}
[INFO]2021-05-11 11:02:30,253: 无离开下料位信号，继续等待： 2021-05-11 11:02:30
[INFO]2021-05-11 11:02:30,254: 等待次数: 12
[INFO]2021-05-11 11:02:30,762: 当前信号： {'status': [0, 0, 0, 0, 0, 0, 0, 0]}
[INFO]2021-05-11 11:02:30,764: 无离开下料位信号，继续等待： 2021-05-11 11:02:30
[INFO]2021-05-11 11:02:30,765: 等待次数: 13
[INFO]2021-05-11 11:02:31,281: 当前信号： {'status': [0, 0, 0, 0, 0, 0, 0, 0]}
[INFO]2021-05-11 11:02:31,283: 无离开下料位信号，继续等待： 2021-05-11 11:02:31
[INFO]2021-05-11 11:02:31,284: 等待次数: 14
[INFO]2021-05-11 11:02:31,790: 当前信号： {'status': [0, 0, 0, 0, 0, 0, 0, 0]}
[INFO]2021-05-11 11:02:31,792: 无离开下料位信号，继续等待： 2021-05-11 11:02:31
[INFO]2021-05-11 11:02:31,793: 等待次数: 15
[INFO]2021-05-11 11:02:31,794: ****等待15次无离开信号****
[WARNING]2021-05-11 11:02:31,796: Thread-3[tid:15712] <locked _thread.RLock object owner=15712 count=1 at 0x000001CA155BE4E0> ,hold 7158 ms
[INFO]2021-05-11 11:02:31,798: name=Thread-3, pid=15428, tid=15712
[01] File "E:/Users/Administrator/AppData/Local/Programs/Python/Python38/lib/threading.py", line 870, in run() 
[02] File "../agvCtrl/agvApi.py", line 279, in _checkFinish() 
[03] File "../common/lock.py", line 122, in _call() 
[04] File "../common/lock.py", line 100, in release() 
[05] File "E:/projects_by_myself/backup/MeiWei_back_0421/common/enhance.py", line 258, in getTrace() 
[06] File "E:/projects_by_myself/backup/MeiWei_back_0421/common/enhance.py", line 240, in getThreadStack()
[WARNING]2021-05-11 11:02:31,800: scada.6099f3884c95b8b7075fd091[tid:16064] <locked _thread.RLock object owner=16064 count=1 at 0x000001CA155BE4E0> ,hold 7087 ms
[INFO]2021-05-11 11:02:31,802: name=scada.6099f3884c95b8b7075fd091, pid=15428, tid=16064
[01] File "E:/Users/Administrator/AppData/Local/Programs/Python/Python38/lib/threading.py", line 870, in run() 
[02] File "../common/utility.py", line 167, in __call() 
[03] File "E:/projects_by_myself/backup/MeiWei_back_0421/akmCtrl/beans/scadaTaskBean.py", line 763, in _taskFunc() 
[04] File "../common/lock.py", line 122, in _call() 
[05] File "../common/lock.py", line 100, in release() 
[06] File "E:/projects_by_myself/backup/MeiWei_back_0421/common/enhance.py", line 258, in getTrace() 
[07] File "E:/projects_by_myself/backup/MeiWei_back_0421/common/enhance.py", line 240, in getThreadStack()
[DEBUG]2021-05-11 11:02:31,804: task[6099f3884c95b8b7075fd091][AGV30] 6(1) -> 7(8) [loadPlayload_jackup] loadPlayload_readqr -> loadPlayload_jackup
[INFO]2021-05-11 11:02:32,121: task[6099f3884c95b8b7075fd091][AGV30] 6(1) -> 7(8) [loadPlayload_jackup] _jackUp
[DEBUG]2021-05-11 11:02:32,123: send http_get: http://127.0.0.1:5551/api/agv/jackupOld?agv=AGV30&loc=None&timeoutSec=90
[DEBUG]2021-05-11 11:02:32,126: GET: http://127.0.0.1:5551/api/agv/jackupOld?agv=AGV30&loc=None&timeoutSec=90 addr: 127.0.0.1
[INFO]2021-05-11 11:02:32,127: ************run jackUpOld********************
[DEBUG]2021-05-11 11:02:33,158: used 1032ms 200 OK application/json;charset=utf-8, GET: http://127.0.0.1:5551/api/agv/jackupOld?agv=AGV30&loc=None&timeoutSec=90
[DEBUG]2021-05-11 11:02:33,362: [return] use 1239 ms,http_get: http://127.0.0.1:5551/api/agv/jackupOld?agv=AGV30&loc=None&timeoutSec=90
[INFO]2021-05-11 11:02:33,537: task[6099f3884c95b8b7075fd091] update info: {'failMsg': '等待MeiWeiTarget工位点锁', 'updateTime': datetime.datetime(2021, 5, 11, 11, 2, 33, 473577)}
[DEBUG]2021-05-11 11:02:33,665: task[6099f3884c95b8b7075fd091][AGV30] 6(1) -> 7(8) [waitDestPreLoc] loadPlayload_jackup -> waitDestPreLoc
[INFO]2021-05-11 11:02:34,153: task: prepoint locked  6099f3884c95b8b7075fd091 meiwei428.7
[INFO]2021-05-11 11:02:34,279: task[6099f3884c95b8b7075fd091] update info: {'failMsg': '前往7工位点放下货架', 'updateTime': datetime.datetime(2021, 5, 11, 11, 2, 34, 217548)}
[DEBUG]2021-05-11 11:02:34,405: task[6099f3884c95b8b7075fd091][AGV30] 6(1) -> 7(8) [movePreSource] waitDestPreLoc -> movePreSource
[INFO]2021-05-11 11:02:34,883: *************进入目的地的前置点***********
[INFO]2021-05-11 11:02:34,978: ***************调用move方法
[DEBUG]2021-05-11 11:02:35,059: GET: http://127.0.0.1:5551/api/agv/move?WorkPlace=None&agv=AGV30&agvId=AGV30&appName=MeiWeiTask&direction=None&floorId=meiwei428&isRotate&loc=meiwei428.8&location=8&p_direction=0.0&recognize=False&result=True&resultDesc=None&taskId=6099f3884c95b8b7075fd091_4&taskType=scadaTask&timeoutSec=86400&use_pgv=False addr: 127.0.0.1
[INFO]2021-05-11 11:02:35,092: Begin: AGV30 move from meiwei428.6 to meiwei428.8 by paths: [('meiwei428', ['6', '8'], 13.796457493088086)] task: 6099f3884c95b8b7075fd091_4 timeout 86400 used 29 ms
[DEBUG]2021-05-11 11:02:35,096: task[6099f3884c95b8b7075fd091][AGV30] 6(1) -> 7(8) [movePreSourceStep] movePreSource -> movePreSourceStep
[DEBUG]2021-05-11 11:02:35,821: agvInfo: AGV30 meiwei428.6 move to meiwei428.8 ,taskId 6099f3884c95b8b7075fd091_4
[DEBUG]2021-05-11 11:02:55,413: AGV30 set loc meiwei428.8 ,old 6 (15.84,0.56)
[WARNING]2021-05-11 11:02:55,606: AGV30 waitFinish status error: 8 ,target= 8 task_status= 2
[SUCC]2021-05-11 11:02:57,124: Finish:  AGV30 arrived meiwei428.8 ,task: 6099f3884c95b8b7075fd091_4
[INFO]2021-05-11 11:02:57,567: task: move finish callback task[6099f3884c95b8b7075fd091][AGV30] 6(1) -> 7(8) [movePreSourceStep]
[INFO]2021-05-11 11:02:57,569: *****发送完全离开了下料点的信号***** 0,0,0,1
[INFO]2021-05-11 11:02:57,570: *****三个工位点移动*****
[INFO]2021-05-11 11:02:57,571: *****移动到下料工作站1*****
[INFO]2021-05-11 11:02:57,613: ***************调用move方法
[DEBUG]2021-05-11 11:02:57,616: GET: http://127.0.0.1:5551/api/agv/move?WorkPlace=None&agv=AGV30&agvId=AGV30&appName=MeiWeiTask&direction=None&floorId=meiwei428&isRotate&loc=meiwei428.10&location=10&p_direction=0.0&recognize=False&result=True&resultDesc=None&taskId=6099f3884c95b8b7075fd091_5&taskType=scadaTask&timeoutSec=86400&use_pgv=False addr: 127.0.0.1
[INFO]2021-05-11 11:02:57,631: Begin: AGV30 move from meiwei428.8 to meiwei428.10 by paths: [('meiwei428', ['8', '10'], 1.8044640304941097)] task: 6099f3884c95b8b7075fd091_5 timeout 86400 used 13 ms
[DEBUG]2021-05-11 11:02:57,632: used 16ms 200 OK application/json;charset=utf-8, GET: http://127.0.0.1:5551/api/agv/move?WorkPlace=None&agv=AGV30&agvId=AGV30&appName=MeiWeiTask&direction=None&floorId=meiwei428&isRotate&loc=meiwei428.10&location=10&p_direction=0.0&recognize=False&result=True&resultDesc=None&taskId=6099f3884c95b8b7075fd091_5&taskType=scadaTask&timeoutSec=86400&use_pgv=False
[DEBUG]2021-05-11 11:02:57,634: task[6099f3884c95b8b7075fd091][AGV30] 6(1) -> 7(8) [move2workstation1_onfinish] move2workstation1 -> move2workstation1_onfinish
[DEBUG]2021-05-11 11:02:58,662: agvInfo: AGV30 meiwei428.8 move to meiwei428.10 ,taskId 6099f3884c95b8b7075fd091_5
[DEBUG]2021-05-11 11:03:02,035: AGV30 set loc meiwei428.10 ,old 8 (17.75,0.56)
[SUCC]2021-05-11 11:03:03,232: Finish:  AGV30 arrived meiwei428.10 ,task: 6099f3884c95b8b7075fd091_5
[INFO]2021-05-11 11:03:03,695: task: move finish callback task[6099f3884c95b8b7075fd091][AGV30] 6(1) -> 7(8) [move2workstation1_onfinish]
[INFO]2021-05-11 11:03:03,696: ****移动到下料工作站1****
[INFO]2021-05-11 11:03:03,697: ***工作站1等待放行信号， None 2021-05-11 11:03:03
[CRITICAL]2021-05-11 11:03:03,704: agvApi finish callback cause a error: 'NoneType' object is not subscriptable
pid=15428, ppid=15900, tid=15712
Traceback (most recent call last):
  File "..\agvCtrl\agvApi.py", line 279, in _checkFinish
    t.finishCallback(t.params)
  File "..\common\lock.py", line 120, in _call
    return func(*p,**pp)
  File "E:\projects_by_myself\backup\MeiWei_back_0421\akmCtrl\beans\scadaTaskBean.py", line 413, in onFinish
    if self.btns["btns"]["bt_1"] != 1:      #假设是按钮
TypeError: 'NoneType' object is not subscriptable

[INFO]2021-05-11 11:03:03,834: 进入move2workstation2
[INFO]2021-05-11 11:03:03,835: ***************调用move方法
[DEBUG]2021-05-11 11:03:03,838: GET: http://127.0.0.1:5551/api/agv/move?WorkPlace=None&agv=AGV30&agvId=AGV30&appName=MeiWeiTask&direction=None&floorId=meiwei428&isRotate&loc=meiwei428.11&location=11&p_direction=0.0&recognize=False&result=True&resultDesc=None&taskId=6099f3884c95b8b7075fd091_5&taskType=scadaTask&timeoutSec=86400&use_pgv=False addr: 127.0.0.1
[INFO]2021-05-11 11:03:03,853: Begin: AGV30 move from meiwei428.10 to meiwei428.11 by paths: [('meiwei428', ['10', '11'], 1.4304758833316882)] task: 6099f3884c95b8b7075fd091_5 timeout 86400 used 14 ms
[DEBUG]2021-05-11 11:03:03,854: used 16ms 200 OK application/json;charset=utf-8, GET: http://127.0.0.1:5551/api/agv/move?WorkPlace=None&agv=AGV30&agvId=AGV30&appName=MeiWeiTask&direction=None&floorId=meiwei428&isRotate&loc=meiwei428.11&location=11&p_direction=0.0&recognize=False&result=True&resultDesc=None&taskId=6099f3884c95b8b7075fd091_5&taskType=scadaTask&timeoutSec=86400&use_pgv=False
[DEBUG]2021-05-11 11:03:03,856: task[6099f3884c95b8b7075fd091][AGV30] 6(1) -> 7(8) [move2workstation2_onfinish] move2workstation2 -> move2workstation2_onfinish
[DEBUG]2021-05-11 11:03:04,774: agvInfo: AGV30 meiwei428.10 move to meiwei428.11 ,taskId 6099f3884c95b8b7075fd091_5
[DEBUG]2021-05-11 11:03:06,617: AGV30 set loc meiwei428.11 ,old 10 (19.13,0.56)
[WARNING]2021-05-11 11:03:06,813: AGV30 waitFinish status error: 11 ,target= 11 task_status= 2
[SUCC]2021-05-11 11:03:08,344: Finish:  AGV30 arrived meiwei428.11 ,task: 6099f3884c95b8b7075fd091_5
[INFO]2021-05-11 11:03:08,808: task: move finish callback task[6099f3884c95b8b7075fd091][AGV30] 6(1) -> 7(8) [move2workstation2_onfinish]
[INFO]2021-05-11 11:03:08,809: ****移动到下料工作站2****
[INFO]2021-05-11 11:03:08,810: ***工作站2等待放行信号， None 2021-05-11 11:03:08
[CRITICAL]2021-05-11 11:03:08,817: agvApi finish callback cause a error: 'NoneType' object is not subscriptable
pid=15428, ppid=15900, tid=15712
Traceback (most recent call last):
  File "..\agvCtrl\agvApi.py", line 279, in _checkFinish
    t.finishCallback(t.params)
  File "..\common\lock.py", line 120, in _call
    return func(*p,**pp)
  File "E:\projects_by_myself\backup\MeiWei_back_0421\akmCtrl\beans\scadaTaskBean.py", line 428, in onFinish
    if self.btns["btns"]["bt_1"] != 2:      #这里需要修改成self.btns["btns"]["bt_2"] !=1
TypeError: 'NoneType' object is not subscriptable

[INFO]2021-05-11 11:03:08,853: ***************调用move方法
[DEBUG]2021-05-11 11:03:08,857: GET: http://127.0.0.1:5551/api/agv/move?WorkPlace=None&agv=AGV30&agvId=AGV30&appName=MeiWeiTask&direction=None&floorId=meiwei428&isRotate&loc=meiwei428.12&location=12&p_direction=0.0&recognize=False&result=True&resultDesc=None&taskId=6099f3884c95b8b7075fd091_6&taskType=scadaTask&timeoutSec=86400&use_pgv=False addr: 127.0.0.1
[INFO]2021-05-11 11:03:08,870: Begin: AGV30 move from meiwei428.11 to meiwei428.12 by paths: [('meiwei428', ['11', '12'], 2.4404248984163965)] task: 6099f3884c95b8b7075fd091_6 timeout 86400 used 12 ms
[DEBUG]2021-05-11 11:03:08,872: used 15ms 200 OK application/json;charset=utf-8, GET: http://127.0.0.1:5551/api/agv/move?WorkPlace=None&agv=AGV30&agvId=AGV30&appName=MeiWeiTask&direction=None&floorId=meiwei428&isRotate&loc=meiwei428.12&location=12&p_direction=0.0&recognize=False&result=True&resultDesc=None&taskId=6099f3884c95b8b7075fd091_6&taskType=scadaTask&timeoutSec=86400&use_pgv=False
[DEBUG]2021-05-11 11:03:08,875: task[6099f3884c95b8b7075fd091][AGV30] 6(1) -> 7(8) [move2workstation3_onfinish] move2workstation3 -> move2workstation3_onfinish
[DEBUG]2021-05-11 11:03:09,885: agvInfo: AGV30 meiwei428.11 move to meiwei428.12 ,taskId 6099f3884c95b8b7075fd091_6
[INFO]2021-05-11 11:03:11,474: name=mock.move, pid=15428, tid=18000
[01] File "E:/Users/Administrator/AppData/Local/Programs/Python/Python38/lib/threading.py", line 870, in run() 
[02] File "../driver/seerAgv_0427/mockAgvCtrl.py", line 298, in moveFunc() 
[03] File "../driver/seerAgv_0427/mockAgvCtrl.py", line 331, in move() 
[04] File "../driver/seerAgv_0427/mockAgvCtrl.py", line 287, in moveLine() 

name=Thread-5, pid=15428, tid=7040
[01] File "E:/Users/Administrator/AppData/Local/Programs/Python/Python38/lib/threading.py", line 870, in run() 
[02] File "E:/projects_by_myself/backup/MeiWei_back_0421/feed/main_feed.py", line 107, in _handle() 
[03] File "E:/projects_by_myself/backup/MeiWei_back_0421/common/tcpSocket.py", line 166, in recv() 

name=scada.6099f3884c95b8b7075fd091, pid=15428, tid=16064
[01] File "E:/Users/Administrator/AppData/Local/Programs/Python/Python38/lib/threading.py", line 870, in run() 
[02] File "../common/utility.py", line 167, in __call() 
[03] File "E:/projects_by_myself/backup/MeiWei_back_0421/akmCtrl/beans/scadaTaskBean.py", line 778, in _taskFunc() 

name=Thread-4, pid=15428, tid=11160
[01] File "E:/Users/Administrator/AppData/Local/Programs/Python/Python38/lib/threading.py", line 870, in run() 
[02] File "E:/projects_by_myself/backup/MeiWei_back_0421/feed/main_feed.py", line 107, in _handle() 
[03] File "E:/projects_by_myself/backup/MeiWei_back_0421/common/tcpSocket.py", line 166, in recv() 

name=Thread-3, pid=15428, tid=15712
[01] File "E:/Users/Administrator/AppData/Local/Programs/Python/Python38/lib/threading.py", line 870, in run() 
[02] File "../agvCtrl/agvApi.py", line 244, in _checkFinish() 
[03] File "../agvCtrl/agvApi.py", line 74, in getTaskStatus() 
[04] File "../agvCtrl/agvApi.py", line 61, in _http_get() 
[05] File "E:/projects_by_myself/backup/MeiWei_back_0421/common/webutility.py", line 103, in http_get() 
[06] File "E:/Users/Administrator/AppData/Local/Programs/Python/Python38/lib/urllib/request.py", line 222, in urlopen() 
[07] File "E:/Users/Administrator/AppData/Local/Programs/Python/Python38/lib/urllib/request.py", line 525, in open() 
[08] File "E:/Users/Administrator/AppData/Local/Programs/Python/Python38/lib/urllib/request.py", line 542, in _open() 
[09] File "E:/Users/Administrator/AppData/Local/Programs/Python/Python38/lib/urllib/request.py", line 502, in _call_chain() 
[10] File "E:/Users/Administrator/AppData/Local/Programs/Python/Python38/lib/urllib/request.py", line 1383, in http_open() 
[11] File "E:/Users/Administrator/AppData/Local/Programs/Python/Python38/lib/urllib/request.py", line 1358, in do_open() 
[12] File "E:/Users/Administrator/AppData/Local/Programs/Python/Python38/lib/http/client.py", line 1347, in getresponse() 
[13] File "E:/Users/Administrator/AppData/Local/Programs/Python/Python38/lib/http/client.py", line 307, in begin() 
[14] File "E:/Users/Administrator/AppData/Local/Programs/Python/Python38/lib/http/client.py", line 268, in _read_status() 
[15] File "E:/Users/Administrator/AppData/Local/Programs/Python/Python38/lib/socket.py", line 669, in readinto() 

name=agv.hasDeadlock, pid=15428, tid=2716
[01] File "E:/Users/Administrator/AppData/Local/Programs/Python/Python38/lib/threading.py", line 870, in run() 
[02] File "E:/projects_by_myself/backup/MeiWei_back_0421/agvCtrl/agvControl.py", line 1024, in _threadFunc() 

name=Thread-2, pid=15428, tid=15584
[01] File "E:/Users/Administrator/AppData/Local/Programs/Python/Python38/lib/threading.py", line 870, in run() 
[02] File "E:/projects_by_myself/backup/MeiWei_back_0421/feed/main_feed.py", line 107, in _handle() 
[03] File "E:/projects_by_myself/backup/MeiWei_back_0421/common/tcpSocket.py", line 166, in recv() 

name=worker 9, pid=15428, tid=6472
[01] File "E:/Users/Administrator/AppData/Local/Programs/Python/Python38/lib/threading.py", line 870, in run() 
[02] File "E:/Users/Administrator/AppData/Local/Programs/Python/Python38/lib/site-packages/paste/httpserver.py", line 891, in worker_thread_callback() 
[03] File "E:/Users/Administrator/AppData/Local/Programs/Python/Python38/lib/queue.py", line 170, in get() 
[04] File "E:/Users/Administrator/AppData/Local/Programs/Python/Python38/lib/threading.py", line 302, in wait() 

name=worker 8, pid=15428, tid=1280
[01] File "E:/Users/Administrator/AppData/Local/Programs/Python/Python38/lib/threading.py", line 870, in run() 
[02] File "E:/Users/Administrator/AppData/Local/Programs/Python/Python38/lib/site-packages/paste/httpserver.py", line 891, in worker_thread_callback() 
[03] File "E:/Users/Administrator/AppData/Local/Programs/Python/Python38/lib/queue.py", line 170, in get() 
[04] File "E:/Users/Administrator/AppData/Local/Programs/Python/Python38/lib/threading.py", line 302, in wait() 

name=worker 7, pid=15428, tid=3532
[01] File "E:/Users/Administrator/AppData/Local/Programs/Python/Python38/lib/threading.py", line 870, in run() 
[02] File "E:/Users/Administrator/AppData/Local/Programs/Python/Python38/lib/site-packages/paste/httpserver.py", line 891, in worker_thread_callback() 
[03] File "E:/Users/Administrator/AppData/Local/Programs/Python/Python38/lib/queue.py", line 170, in get() 
[04] File "E:/Users/Administrator/AppData/Local/Programs/Python/Python38/lib/threading.py", line 302, in wait() 

name=worker 6, pid=15428, tid=16220
[01] File "E:/Users/Administrator/AppData/Local/Programs/Python/Python38/lib/threading.py", line 870, in run() 
[02] File "E:/Users/Administrator/AppData/Local/Programs/Python/Python38/lib/site-packages/paste/httpserver.py", line 891, in worker_thread_callback() 
[03] File "E:/Users/Administrator/AppData/Local/Programs/Python/Python38/lib/queue.py", line 170, in get() 
[04] File "E:/Users/Administrator/AppData/Local/Programs/Python/Python38/lib/threading.py", line 302, in wait() 

name=worker 5, pid=15428, tid=18196
[01] File "E:/Users/Administrator/AppData/Local/Programs/Python/Python38/lib/threading.py", line 870, in run() 
[02] File "E:/Users/Administrator/AppData/Local/Programs/Python/Python38/lib/site-packages/paste/httpserver.py", line 891, in worker_thread_callback() 
[03] File "E:/Users/Administrator/AppData/Local/Programs/Python/Python38/lib/queue.py", line 170, in get() 
[04] File "E:/Users/Administrator/AppData/Local/Programs/Python/Python38/lib/threading.py", line 302, in wait() 

name=worker 4, pid=15428, tid=9048
[01] File "E:/Users/Administrator/AppData/Local/Programs/Python/Python38/lib/threading.py", line 870, in run() 
[02] File "E:/Users/Administrator/AppData/Local/Programs/Python/Python38/lib/site-packages/paste/httpserver.py", line 891, in worker_thread_callback() 
[03] File "E:/Users/Administrator/AppData/Local/Programs/Python/Python38/lib/queue.py", line 170, in get() 
[04] File "E:/Users/Administrator/AppData/Local/Programs/Python/Python38/lib/threading.py", line 302, in wait() 

name=worker 3, pid=15428, tid=15772
[01] File "E:/Users/Administrator/AppData/Local/Programs/Python/Python38/lib/threading.py", line 870, in run() 
[02] File "E:/Users/Administrator/AppData/Local/Programs/Python/Python38/lib/site-packages/paste/httpserver.py", line 891, in worker_thread_callback() 
[03] File "E:/Users/Administrator/AppData/Local/Programs/Python/Python38/lib/queue.py", line 170, in get() 
[04] File "E:/Users/Administrator/AppData/Local/Programs/Python/Python38/lib/threading.py", line 302, in wait() 

name=worker 2, pid=15428, tid=12596
[01] File "E:/Users/Administrator/AppData/Local/Programs/Python/Python38/lib/threading.py", line 870, in run() 
[02] File "E:/Users/Administrator/AppData/Local/Programs/Python/Python38/lib/site-packages/paste/httpserver.py", line 891, in worker_thread_callback() 
[03] File "E:/Users/Administrator/AppData/Local/Programs/Python/Python38/lib/queue.py", line 170, in get() 
[04] File "E:/Users/Administrator/AppData/Local/Programs/Python/Python38/lib/threading.py", line 302, in wait() 

name=worker 1, pid=15428, tid=3868
[01] File "E:/Users/Administrator/AppData/Local/Programs/Python/Python38/lib/threading.py", line 870, in run() 
[02] File "E:/Users/Administrator/AppData/Local/Programs/Python/Python38/lib/site-packages/paste/httpserver.py", line 891, in worker_thread_callback() 
[03] File "E:/Users/Administrator/AppData/Local/Programs/Python/Python38/lib/queue.py", line 170, in get() 
[04] File "E:/Users/Administrator/AppData/Local/Programs/Python/Python38/lib/threading.py", line 302, in wait() 

name=worker 0, pid=15428, tid=996
[01] File "E:/Users/Administrator/AppData/Local/Programs/Python/Python38/lib/threading.py", line 870, in run() 
[02] File "E:/Users/Administrator/AppData/Local/Programs/Python/Python38/lib/site-packages/paste/httpserver.py", line 891, in worker_thread_callback() 
[03] File "E:/Users/Administrator/AppData/Local/Programs/Python/Python38/lib/queue.py", line 170, in get() 
[04] File "E:/Users/Administrator/AppData/Local/Programs/Python/Python38/lib/threading.py", line 302, in wait() 

name=timer_thread, pid=15428, tid=9388
[01] File "E:/Users/Administrator/AppData/Local/Programs/Python/Python38/lib/threading.py", line 870, in run() 
[02] File "../common/mytimer.py", line 117, in _loop() 

name=agvThread2.AGV30, pid=15428, tid=16376
[01] File "E:/Users/Administrator/AppData/Local/Programs/Python/Python38/lib/threading.py", line 870, in run() 
[02] File "E:/projects_by_myself/backup/MeiWei_back_0421/agvCtrl/agvList.py", line 601, in run2() 

name=agvThread.AGV30, pid=15428, tid=5796
[01] File "E:/Users/Administrator/AppData/Local/Programs/Python/Python38/lib/threading.py", line 870, in run() 
[02] File "E:/projects_by_myself/backup/MeiWei_back_0421/agvCtrl/agvList.py", line 589, in run() 

name=timer_thread, pid=15428, tid=15004
[01] File "E:/Users/Administrator/AppData/Local/Programs/Python/Python38/lib/threading.py", line 870, in run() 
[02] File "E:/projects_by_myself/backup/MeiWei_back_0421/common/mytimer.py", line 117, in _loop() 

name=tcplisten.port_10001, pid=15428, tid=16620
[01] File "E:/Users/Administrator/AppData/Local/Programs/Python/Python38/lib/threading.py", line 870, in run() 
[02] File "E:/projects_by_myself/backup/MeiWei_back_0421/common/tcpSocket.py", line 66, in _acceptThread() 
[03] File "E:/Users/Administrator/AppData/Local/Programs/Python/Python38/lib/socket.py", line 292, in accept() 

name=Thread-1, pid=15428, tid=13840
[01] File "E:/Users/Administrator/AppData/Local/Programs/Python/Python38/lib/threading.py", line 870, in run() 
[02] File "E:/projects_by_myself/backup/MeiWei_back_0421/agvCtrl/main_agv.py", line 332, in showThread() 
[03] File "E:/projects_by_myself/backup/MeiWei_back_0421/agvCtrl/agvControl.py", line 1369, in show() 
[04] File "E:/projects_by_myself/backup/MeiWei_back_0421/agvCtrl/mainFrame.py", line 236, in show() 

name=door.meiwei428.ping, pid=15428, tid=17064
[01] File "E:/Users/Administrator/AppData/Local/Programs/Python/Python38/lib/threading.py", line 870, in run() 
[02] File "E:/projects_by_myself/backup/MeiWei_back_0421/agvCtrl/doorMgr.py", line 194, in check() 

name=door.meiwei428, pid=15428, tid=5256
[01] File "E:/Users/Administrator/AppData/Local/Programs/Python/Python38/lib/threading.py", line 870, in run() 
[02] File "E:/projects_by_myself/backup/MeiWei_back_0421/agvCtrl/doorMgr.py", line 185, in run() 

name=door.meiwei423.ping, pid=15428, tid=14932
[01] File "E:/Users/Administrator/AppData/Local/Programs/Python/Python38/lib/threading.py", line 870, in run() 
[02] File "E:/projects_by_myself/backup/MeiWei_back_0421/agvCtrl/doorMgr.py", line 194, in check() 

name=door.meiwei423, pid=15428, tid=14084
[01] File "E:/Users/Administrator/AppData/Local/Programs/Python/Python38/lib/threading.py", line 870, in run() 
[02] File "E:/projects_by_myself/backup/MeiWei_back_0421/agvCtrl/doorMgr.py", line 185, in run() 

name=door.desai-all-20191223.ping, pid=15428, tid=5712
[01] File "E:/Users/Administrator/AppData/Local/Programs/Python/Python38/lib/threading.py", line 870, in run() 
[02] File "E:/projects_by_myself/backup/MeiWei_back_0421/agvCtrl/doorMgr.py", line 194, in check() 

name=door.desai-all-20191223, pid=15428, tid=15024
[01] File "E:/Users/Administrator/AppData/Local/Programs/Python/Python38/lib/threading.py", line 870, in run() 
[02] File "E:/projects_by_myself/backup/MeiWei_back_0421/agvCtrl/doorMgr.py", line 185, in run() 

name=door.akmsmtMap.ping, pid=15428, tid=7720
[01] File "E:/Users/Administrator/AppData/Local/Programs/Python/Python38/lib/threading.py", line 870, in run() 
[02] File "E:/projects_by_myself/backup/MeiWei_back_0421/agvCtrl/doorMgr.py", line 194, in check() 

name=door.akmsmtMap, pid=15428, tid=17648
[01] File "E:/Users/Administrator/AppData/Local/Programs/Python/Python38/lib/threading.py", line 870, in run() 
[02] File "E:/projects_by_myself/backup/MeiWei_back_0421/agvCtrl/doorMgr.py", line 185, in run() 

name=door.akmsmt.ping, pid=15428, tid=5152
[01] File "E:/Users/Administrator/AppData/Local/Programs/Python/Python38/lib/threading.py", line 870, in run() 
[02] File "E:/projects_by_myself/backup/MeiWei_back_0421/agvCtrl/doorMgr.py", line 194, in check() 

name=door.akmsmt, pid=15428, tid=14780
[01] File "E:/Users/Administrator/AppData/Local/Programs/Python/Python38/lib/threading.py", line 870, in run() 
[02] File "E:/projects_by_myself/backup/MeiWei_back_0421/agvCtrl/doorMgr.py", line 185, in run() 

name=elevator.keep, pid=15428, tid=1700
[01] File "E:/Users/Administrator/AppData/Local/Programs/Python/Python38/lib/threading.py", line 870, in run() 
[02] File "E:/projects_by_myself/backup/MeiWei_back_0421/agvCtrl/elevatorMgr.py", line 497, in keepOpenThread() 

name=door.AKM2F.ping, pid=15428, tid=14304
[01] File "E:/Users/Administrator/AppData/Local/Programs/Python/Python38/lib/threading.py", line 870, in run() 
[02] File "E:/projects_by_myself/backup/MeiWei_back_0421/agvCtrl/doorMgr.py", line 194, in check() 

name=door.AKM2F, pid=15428, tid=16788
[01] File "E:/Users/Administrator/AppData/Local/Programs/Python/Python38/lib/threading.py", line 870, in run() 
[02] File "E:/projects_by_myself/backup/MeiWei_back_0421/agvCtrl/doorMgr.py", line 185, in run() 

name=pymongo_kill_cursors_thread, pid=15428, tid=9076
[01] File "E:/Users/Administrator/AppData/Local/Programs/Python/Python38/lib/threading.py", line 870, in run() 
[02] File "E:/Users/Administrator/AppData/Local/Programs/Python/Python38/lib/site-packages/pymongo/periodic_executor.py", line 140, in _run() 

name=pymongo_server_monitor_thread, pid=15428, tid=10180
[01] File "E:/Users/Administrator/AppData/Local/Programs/Python/Python38/lib/threading.py", line 870, in run() 
[02] File "E:/Users/Administrator/AppData/Local/Programs/Python/Python38/lib/site-packages/pymongo/periodic_executor.py", line 140, in _run() 

name=tcplisten.port_6789, pid=15428, tid=17652
[01] File "E:/Users/Administrator/AppData/Local/Programs/Python/Python38/lib/threading.py", line 870, in run() 
[02] File "E:/projects_by_myself/backup/MeiWei_back_0421/common/tcpSocket.py", line 66, in _acceptThread() 
[03] File "E:/Users/Administrator/AppData/Local/Programs/Python/Python38/lib/socket.py", line 292, in accept() 

name=MainThread, pid=15428, tid=4064
[01] File "run_all.py", line 60, in <module>() 
[02] File "E:/projects_by_myself/backup/MeiWei_back_0421/common/webutility.py", line 321, in run() 
[03] File "E:/Users/Administrator/AppData/Local/Programs/Python/Python38/lib/site-packages/bottle.py", line 3137, in run() 
[04] File "E:/Users/Administrator/AppData/Local/Programs/Python/Python38/lib/site-packages/bottle.py", line 2829, in run() 
[05] File "E:/Users/Administrator/AppData/Local/Programs/Python/Python38/lib/site-packages/paste/httpserver.py", line 1361, in serve() 
[06] File "E:/Users/Administrator/AppData/Local/Programs/Python/Python38/lib/site-packages/paste/httpserver.py", line 1107, in serve_forever() 
[07] File "E:/Users/Administrator/AppData/Local/Programs/Python/Python38/lib/socketserver.py", line 294, in handle_request() 
[08] File "E:/Users/Administrator/AppData/Local/Programs/Python/Python38/lib/selectors.py", line 323, in select() 
[09] File "E:/Users/Administrator/AppData/Local/Programs/Python/Python38/lib/selectors.py", line 314, in _select() 
[10] File "../common/utility.py", line 598, in exit() 
[11] File "E:/projects_by_myself/backup/MeiWei_back_0421/common/enhance.py", line 256, in getTrace() 
[12] File "E:/projects_by_myself/backup/MeiWei_back_0421/common/enhance.py", line 240, in getThreadStack()
[INFO]2021-05-11 11:03:11,489: lock info: count 0

try lock info: count 0
[ERROR]2021-05-11 11:03:11,490: user press Ctrl+C, print thread stack
[INFO]2021-05-11 11:03:12,030: name=mock.move, pid=15428, tid=18000
[01] File "E:/Users/Administrator/AppData/Local/Programs/Python/Python38/lib/threading.py", line 870, in run() 
[02] File "../driver/seerAgv_0427/mockAgvCtrl.py", line 298, in moveFunc() 
[03] File "../driver/seerAgv_0427/mockAgvCtrl.py", line 331, in move() 
[04] File "../driver/seerAgv_0427/mockAgvCtrl.py", line 287, in moveLine() 

name=Thread-5, pid=15428, tid=7040
[01] File "E:/Users/Administrator/AppData/Local/Programs/Python/Python38/lib/threading.py", line 870, in run() 
[02] File "E:/projects_by_myself/backup/MeiWei_back_0421/feed/main_feed.py", line 107, in _handle() 
[03] File "E:/projects_by_myself/backup/MeiWei_back_0421/common/tcpSocket.py", line 166, in recv() 

name=scada.6099f3884c95b8b7075fd091, pid=15428, tid=16064
[01] File "E:/Users/Administrator/AppData/Local/Programs/Python/Python38/lib/threading.py", line 870, in run() 
[02] File "../common/utility.py", line 167, in __call() 
[03] File "E:/projects_by_myself/backup/MeiWei_back_0421/akmCtrl/beans/scadaTaskBean.py", line 778, in _taskFunc() 

name=Thread-4, pid=15428, tid=11160
[01] File "E:/Users/Administrator/AppData/Local/Programs/Python/Python38/lib/threading.py", line 870, in run() 
[02] File "E:/projects_by_myself/backup/MeiWei_back_0421/feed/main_feed.py", line 107, in _handle() 
[03] File "E:/projects_by_myself/backup/MeiWei_back_0421/common/tcpSocket.py", line 166, in recv() 

name=Thread-3, pid=15428, tid=15712
[01] File "E:/Users/Administrator/AppData/Local/Programs/Python/Python38/lib/threading.py", line 870, in run() 
[02] File "../agvCtrl/agvApi.py", line 244, in _checkFinish() 
[03] File "../agvCtrl/agvApi.py", line 74, in getTaskStatus() 
[04] File "../agvCtrl/agvApi.py", line 61, in _http_get() 
[05] File "E:/projects_by_myself/backup/MeiWei_back_0421/common/webutility.py", line 103, in http_get() 
[06] File "E:/Users/Administrator/AppData/Local/Programs/Python/Python38/lib/urllib/request.py", line 222, in urlopen() 
[07] File "E:/Users/Administrator/AppData/Local/Programs/Python/Python38/lib/urllib/request.py", line 525, in open() 
[08] File "E:/Users/Administrator/AppData/Local/Programs/Python/Python38/lib/urllib/request.py", line 542, in _open() 
[09] File "E:/Users/Administrator/AppData/Local/Programs/Python/Python38/lib/urllib/request.py", line 502, in _call_chain() 
[10] File "E:/Users/Administrator/AppData/Local/Programs/Python/Python38/lib/urllib/request.py", line 1383, in http_open() 
[11] File "E:/Users/Administrator/AppData/Local/Programs/Python/Python38/lib/urllib/request.py", line 1358, in do_open() 
[12] File "E:/Users/Administrator/AppData/Local/Programs/Python/Python38/lib/http/client.py", line 1255, in request() 
[13] File "E:/Users/Administrator/AppData/Local/Programs/Python/Python38/lib/http/client.py", line 1301, in _send_request() 
[14] File "E:/Users/Administrator/AppData/Local/Programs/Python/Python38/lib/http/client.py", line 1250, in endheaders() 
[15] File "E:/Users/Administrator/AppData/Local/Programs/Python/Python38/lib/http/client.py", line 1053, in _send_output() 
[16] File "E:/Users/Administrator/AppData/Local/Programs/Python/Python38/lib/http/client.py", line 977, in send() 
[17] File "E:/Users/Administrator/AppData/Local/Programs/Python/Python38/lib/http/client.py", line 926, in connect() 
[18] File "E:/Users/Administrator/AppData/Local/Programs/Python/Python38/lib/socket.py", line 799, in create_connection() 

name=agv.hasDeadlock, pid=15428, tid=2716
[01] File "E:/Users/Administrator/AppData/Local/Programs/Python/Python38/lib/threading.py", line 870, in run() 
[02] File "E:/projects_by_myself/backup/MeiWei_back_0421/agvCtrl/agvControl.py", line 1024, in _threadFunc() 

name=Thread-2, pid=15428, tid=15584
[01] File "E:/Users/Administrator/AppData/Local/Programs/Python/Python38/lib/threading.py", line 870, in run() 
[02] File "E:/projects_by_myself/backup/MeiWei_back_0421/feed/main_feed.py", line 107, in _handle() 
[03] File "E:/projects_by_myself/backup/MeiWei_back_0421/common/tcpSocket.py", line 166, in recv() 

name=worker 9, pid=15428, tid=6472
[01] File "E:/Users/Administrator/AppData/Local/Programs/Python/Python38/lib/threading.py", line 870, in run() 
[02] File "E:/Users/Administrator/AppData/Local/Programs/Python/Python38/lib/site-packages/paste/httpserver.py", line 891, in worker_thread_callback() 
[03] File "E:/Users/Administrator/AppData/Local/Programs/Python/Python38/lib/queue.py", line 170, in get() 
[04] File "E:/Users/Administrator/AppData/Local/Programs/Python/Python38/lib/threading.py", line 302, in wait() 

name=worker 8, pid=15428, tid=1280
[01] File "E:/Users/Administrator/AppData/Local/Programs/Python/Python38/lib/threading.py", line 870, in run() 
[02] File "E:/Users/Administrator/AppData/Local/Programs/Python/Python38/lib/site-packages/paste/httpserver.py", line 891, in worker_thread_callback() 
[03] File "E:/Users/Administrator/AppData/Local/Programs/Python/Python38/lib/queue.py", line 170, in get() 
[04] File "E:/Users/Administrator/AppData/Local/Programs/Python/Python38/lib/threading.py", line 302, in wait() 

name=worker 7, pid=15428, tid=3532
[01] File "E:/Users/Administrator/AppData/Local/Programs/Python/Python38/lib/threading.py", line 870, in run() 
[02] File "E:/Users/Administrator/AppData/Local/Programs/Python/Python38/lib/site-packages/paste/httpserver.py", line 891, in worker_thread_callback() 
[03] File "E:/Users/Administrator/AppData/Local/Programs/Python/Python38/lib/queue.py", line 170, in get() 
[04] File "E:/Users/Administrator/AppData/Local/Programs/Python/Python38/lib/threading.py", line 302, in wait() 

name=worker 6, pid=15428, tid=16220
[01] File "E:/Users/Administrator/AppData/Local/Programs/Python/Python38/lib/threading.py", line 870, in run() 
[02] File "E:/Users/Administrator/AppData/Local/Programs/Python/Python38/lib/site-packages/paste/httpserver.py", line 891, in worker_thread_callback() 
[03] File "E:/Users/Administrator/AppData/Local/Programs/Python/Python38/lib/queue.py", line 170, in get() 
[04] File "E:/Users/Administrator/AppData/Local/Programs/Python/Python38/lib/threading.py", line 302, in wait() 

name=worker 5, pid=15428, tid=18196
[01] File "E:/Users/Administrator/AppData/Local/Programs/Python/Python38/lib/threading.py", line 870, in run() 
[02] File "E:/Users/Administrator/AppData/Local/Programs/Python/Python38/lib/site-packages/paste/httpserver.py", line 891, in worker_thread_callback() 
[03] File "E:/Users/Administrator/AppData/Local/Programs/Python/Python38/lib/queue.py", line 170, in get() 
[04] File "E:/Users/Administrator/AppData/Local/Programs/Python/Python38/lib/threading.py", line 302, in wait() 

name=worker 4, pid=15428, tid=9048
[01] File "E:/Users/Administrator/AppData/Local/Programs/Python/Python38/lib/threading.py", line 870, in run() 
[02] File "E:/Users/Administrator/AppData/Local/Programs/Python/Python38/lib/site-packages/paste/httpserver.py", line 891, in worker_thread_callback() 
[03] File "E:/Users/Administrator/AppData/Local/Programs/Python/Python38/lib/queue.py", line 170, in get() 
[04] File "E:/Users/Administrator/AppData/Local/Programs/Python/Python38/lib/threading.py", line 302, in wait() 

name=worker 3, pid=15428, tid=15772
[01] File "E:/Users/Administrator/AppData/Local/Programs/Python/Python38/lib/threading.py", line 870, in run() 
[02] File "E:/Users/Administrator/AppData/Local/Programs/Python/Python38/lib/site-packages/paste/httpserver.py", line 891, in worker_thread_callback() 
[03] File "E:/Users/Administrator/AppData/Local/Programs/Python/Python38/lib/queue.py", line 170, in get() 
[04] File "E:/Users/Administrator/AppData/Local/Programs/Python/Python38/lib/threading.py", line 302, in wait() 

name=worker 2, pid=15428, tid=12596
[01] File "E:/Users/Administrator/AppData/Local/Programs/Python/Python38/lib/threading.py", line 870, in run() 
[02] File "E:/Users/Administrator/AppData/Local/Programs/Python/Python38/lib/site-packages/paste/httpserver.py", line 891, in worker_thread_callback() 
[03] File "E:/Users/Administrator/AppData/Local/Programs/Python/Python38/lib/queue.py", line 170, in get() 
[04] File "E:/Users/Administrator/AppData/Local/Programs/Python/Python38/lib/threading.py", line 302, in wait() 

name=worker 1, pid=15428, tid=3868
[01] File "E:/Users/Administrator/AppData/Local/Programs/Python/Python38/lib/threading.py", line 870, in run() 
[02] File "E:/Users/Administrator/AppData/Local/Programs/Python/Python38/lib/site-packages/paste/httpserver.py", line 891, in worker_thread_callback() 
[03] File "E:/Users/Administrator/AppData/Local/Programs/Python/Python38/lib/queue.py", line 170, in get() 
[04] File "E:/Users/Administrator/AppData/Local/Programs/Python/Python38/lib/threading.py", line 302, in wait() 

name=worker 0, pid=15428, tid=996
[01] File "E:/Users/Administrator/AppData/Local/Programs/Python/Python38/lib/threading.py", line 870, in run() 
[02] File "E:/Users/Administrator/AppData/Local/Programs/Python/Python38/lib/site-packages/paste/httpserver.py", line 891, in worker_thread_callback() 
[03] File "E:/Users/Administrator/AppData/Local/Programs/Python/Python38/lib/queue.py", line 170, in get() 
[04] File "E:/Users/Administrator/AppData/Local/Programs/Python/Python38/lib/threading.py", line 302, in wait() 

name=timer_thread, pid=15428, tid=9388
[01] File "E:/Users/Administrator/AppData/Local/Programs/Python/Python38/lib/threading.py", line 870, in run() 
[02] File "../common/mytimer.py", line 117, in _loop() 

name=agvThread2.AGV30, pid=15428, tid=16376
[01] File "E:/Users/Administrator/AppData/Local/Programs/Python/Python38/lib/threading.py", line 870, in run() 
[02] File "E:/projects_by_myself/backup/MeiWei_back_0421/agvCtrl/agvList.py", line 601, in run2() 

name=agvThread.AGV30, pid=15428, tid=5796
[01] File "E:/Users/Administrator/AppData/Local/Programs/Python/Python38/lib/threading.py", line 870, in run() 
[02] File "E:/projects_by_myself/backup/MeiWei_back_0421/agvCtrl/agvList.py", line 589, in run() 

name=timer_thread, pid=15428, tid=15004
[01] File "E:/Users/Administrator/AppData/Local/Programs/Python/Python38/lib/threading.py", line 870, in run() 
[02] File "E:/projects_by_myself/backup/MeiWei_back_0421/common/mytimer.py", line 117, in _loop() 

name=tcplisten.port_10001, pid=15428, tid=16620
[01] File "E:/Users/Administrator/AppData/Local/Programs/Python/Python38/lib/threading.py", line 870, in run() 
[02] File "E:/projects_by_myself/backup/MeiWei_back_0421/common/tcpSocket.py", line 66, in _acceptThread() 
[03] File "E:/Users/Administrator/AppData/Local/Programs/Python/Python38/lib/socket.py", line 292, in accept() 

name=Thread-1, pid=15428, tid=13840
[01] File "E:/Users/Administrator/AppData/Local/Programs/Python/Python38/lib/threading.py", line 870, in run() 
[02] File "E:/projects_by_myself/backup/MeiWei_back_0421/agvCtrl/main_agv.py", line 332, in showThread() 
[03] File "E:/projects_by_myself/backup/MeiWei_back_0421/agvCtrl/agvControl.py", line 1369, in show() 
[04] File "E:/projects_by_myself/backup/MeiWei_back_0421/agvCtrl/mainFrame.py", line 236, in show() 

name=door.meiwei428.ping, pid=15428, tid=17064
[01] File "E:/Users/Administrator/AppData/Local/Programs/Python/Python38/lib/threading.py", line 870, in run() 
[02] File "E:/projects_by_myself/backup/MeiWei_back_0421/agvCtrl/doorMgr.py", line 194, in check() 

name=door.meiwei428, pid=15428, tid=5256
[01] File "E:/Users/Administrator/AppData/Local/Programs/Python/Python38/lib/threading.py", line 870, in run() 
[02] File "E:/projects_by_myself/backup/MeiWei_back_0421/agvCtrl/doorMgr.py", line 185, in run() 

name=door.meiwei423.ping, pid=15428, tid=14932
[01] File "E:/Users/Administrator/AppData/Local/Programs/Python/Python38/lib/threading.py", line 870, in run() 
[02] File "E:/projects_by_myself/backup/MeiWei_back_0421/agvCtrl/doorMgr.py", line 194, in check() 

name=door.meiwei423, pid=15428, tid=14084
[01] File "E:/Users/Administrator/AppData/Local/Programs/Python/Python38/lib/threading.py", line 870, in run() 
[02] File "E:/projects_by_myself/backup/MeiWei_back_0421/agvCtrl/doorMgr.py", line 185, in run() 

name=door.desai-all-20191223.ping, pid=15428, tid=5712
[01] File "E:/Users/Administrator/AppData/Local/Programs/Python/Python38/lib/threading.py", line 870, in run() 
[02] File "E:/projects_by_myself/backup/MeiWei_back_0421/agvCtrl/doorMgr.py", line 194, in check() 

name=door.desai-all-20191223, pid=15428, tid=15024
[01] File "E:/Users/Administrator/AppData/Local/Programs/Python/Python38/lib/threading.py", line 870, in run() 
[02] File "E:/projects_by_myself/backup/MeiWei_back_0421/agvCtrl/doorMgr.py", line 185, in run() 

name=door.akmsmtMap.ping, pid=15428, tid=7720
[01] File "E:/Users/Administrator/AppData/Local/Programs/Python/Python38/lib/threading.py", line 870, in run() 
[02] File "E:/projects_by_myself/backup/MeiWei_back_0421/agvCtrl/doorMgr.py", line 194, in check() 

name=door.akmsmtMap, pid=15428, tid=17648
[01] File "E:/Users/Administrator/AppData/Local/Programs/Python/Python38/lib/threading.py", line 870, in run() 
[02] File "E:/projects_by_myself/backup/MeiWei_back_0421/agvCtrl/doorMgr.py", line 185, in run() 

name=door.akmsmt.ping, pid=15428, tid=5152
[01] File "E:/Users/Administrator/AppData/Local/Programs/Python/Python38/lib/threading.py", line 870, in run() 
[02] File "E:/projects_by_myself/backup/MeiWei_back_0421/agvCtrl/doorMgr.py", line 194, in check() 

name=door.akmsmt, pid=15428, tid=14780
[01] File "E:/Users/Administrator/AppData/Local/Programs/Python/Python38/lib/threading.py", line 870, in run() 
[02] File "E:/projects_by_myself/backup/MeiWei_back_0421/agvCtrl/doorMgr.py", line 185, in run() 

name=elevator.keep, pid=15428, tid=1700
[01] File "E:/Users/Administrator/AppData/Local/Programs/Python/Python38/lib/threading.py", line 870, in run() 
[02] File "E:/projects_by_myself/backup/MeiWei_back_0421/agvCtrl/elevatorMgr.py", line 497, in keepOpenThread() 

name=door.AKM2F.ping, pid=15428, tid=14304
[01] File "E:/Users/Administrator/AppData/Local/Programs/Python/Python38/lib/threading.py", line 870, in run() 
[02] File "E:/projects_by_myself/backup/MeiWei_back_0421/agvCtrl/doorMgr.py", line 194, in check() 

name=door.AKM2F, pid=15428, tid=16788
[01] File "E:/Users/Administrator/AppData/Local/Programs/Python/Python38/lib/threading.py", line 870, in run() 
[02] File "E:/projects_by_myself/backup/MeiWei_back_0421/agvCtrl/doorMgr.py", line 185, in run() 

name=pymongo_kill_cursors_thread, pid=15428, tid=9076
[01] File "E:/Users/Administrator/AppData/Local/Programs/Python/Python38/lib/threading.py", line 870, in run() 
[02] File "E:/Users/Administrator/AppData/Local/Programs/Python/Python38/lib/site-packages/pymongo/periodic_executor.py", line 140, in _run() 

name=pymongo_server_monitor_thread, pid=15428, tid=10180
[01] File "E:/Users/Administrator/AppData/Local/Programs/Python/Python38/lib/threading.py", line 870, in run() 
[02] File "E:/Users/Administrator/AppData/Local/Programs/Python/Python38/lib/site-packages/pymongo/periodic_executor.py", line 140, in _run() 

name=tcplisten.port_6789, pid=15428, tid=17652
[01] File "E:/Users/Administrator/AppData/Local/Programs/Python/Python38/lib/threading.py", line 870, in run() 
[02] File "E:/projects_by_myself/backup/MeiWei_back_0421/common/tcpSocket.py", line 66, in _acceptThread() 
[03] File "E:/Users/Administrator/AppData/Local/Programs/Python/Python38/lib/socket.py", line 292, in accept() 

name=MainThread, pid=15428, tid=4064
[01] File "run_all.py", line 60, in <module>() 
[02] File "E:/projects_by_myself/backup/MeiWei_back_0421/common/webutility.py", line 321, in run() 
[03] File "E:/Users/Administrator/AppData/Local/Programs/Python/Python38/lib/site-packages/bottle.py", line 3137, in run() 
[04] File "E:/Users/Administrator/AppData/Local/Programs/Python/Python38/lib/site-packages/bottle.py", line 2829, in run() 
[05] File "E:/Users/Administrator/AppData/Local/Programs/Python/Python38/lib/site-packages/paste/httpserver.py", line 1361, in serve() 
[06] File "E:/Users/Administrator/AppData/Local/Programs/Python/Python38/lib/site-packages/paste/httpserver.py", line 1107, in serve_forever() 
[07] File "E:/Users/Administrator/AppData/Local/Programs/Python/Python38/lib/socketserver.py", line 294, in handle_request() 
[08] File "E:/Users/Administrator/AppData/Local/Programs/Python/Python38/lib/selectors.py", line 323, in select() 
[09] File "E:/Users/Administrator/AppData/Local/Programs/Python/Python38/lib/selectors.py", line 314, in _select() 
[10] File "../common/utility.py", line 598, in exit() 
[11] File "E:/projects_by_myself/backup/MeiWei_back_0421/common/enhance.py", line 256, in getTrace() 
[12] File "E:/projects_by_myself/backup/MeiWei_back_0421/common/enhance.py", line 240, in getThreadStack()
[INFO]2021-05-11 11:03:12,045: lock info: count 0

try lock info: count 0
[ERROR]2021-05-11 11:03:12,050: user press Ctrl+C, print thread stack
[INFO]2021-05-11 11:03:13,092: name=mock.move, pid=15428, tid=18000
[01] File "E:/Users/Administrator/AppData/Local/Programs/Python/Python38/lib/threading.py", line 870, in run() 
[02] File "../driver/seerAgv_0427/mockAgvCtrl.py", line 298, in moveFunc() 
[03] File "../driver/seerAgv_0427/mockAgvCtrl.py", line 331, in move() 
[04] File "../driver/seerAgv_0427/mockAgvCtrl.py", line 287, in moveLine() 

name=Thread-5, pid=15428, tid=7040
[01] File "E:/Users/Administrator/AppData/Local/Programs/Python/Python38/lib/threading.py", line 870, in run() 
[02] File "E:/projects_by_myself/backup/MeiWei_back_0421/feed/main_feed.py", line 107, in _handle() 
[03] File "E:/projects_by_myself/backup/MeiWei_back_0421/common/tcpSocket.py", line 166, in recv() 

name=scada.6099f3884c95b8b7075fd091, pid=15428, tid=16064
[01] File "E:/Users/Administrator/AppData/Local/Programs/Python/Python38/lib/threading.py", line 870, in run() 
[02] File "../common/utility.py", line 167, in __call() 
[03] File "E:/projects_by_myself/backup/MeiWei_back_0421/akmCtrl/beans/scadaTaskBean.py", line 778, in _taskFunc() 

name=Thread-4, pid=15428, tid=11160
[01] File "E:/Users/Administrator/AppData/Local/Programs/Python/Python38/lib/threading.py", line 870, in run() 
[02] File "E:/projects_by_myself/backup/MeiWei_back_0421/feed/main_feed.py", line 107, in _handle() 
[03] File "E:/projects_by_myself/backup/MeiWei_back_0421/common/tcpSocket.py", line 166, in recv() 

name=Thread-3, pid=15428, tid=15712
[01] File "E:/Users/Administrator/AppData/Local/Programs/Python/Python38/lib/threading.py", line 870, in run() 
[02] File "../agvCtrl/agvApi.py", line 244, in _checkFinish() 
[03] File "../agvCtrl/agvApi.py", line 74, in getTaskStatus() 
[04] File "../agvCtrl/agvApi.py", line 61, in _http_get() 
[05] File "E:/projects_by_myself/backup/MeiWei_back_0421/common/webutility.py", line 103, in http_get() 
[06] File "E:/Users/Administrator/AppData/Local/Programs/Python/Python38/lib/urllib/request.py", line 222, in urlopen() 
[07] File "E:/Users/Administrator/AppData/Local/Programs/Python/Python38/lib/urllib/request.py", line 525, in open() 
[08] File "E:/Users/Administrator/AppData/Local/Programs/Python/Python38/lib/urllib/request.py", line 542, in _open() 
[09] File "E:/Users/Administrator/AppData/Local/Programs/Python/Python38/lib/urllib/request.py", line 502, in _call_chain() 
[10] File "E:/Users/Administrator/AppData/Local/Programs/Python/Python38/lib/urllib/request.py", line 1383, in http_open() 
[11] File "E:/Users/Administrator/AppData/Local/Programs/Python/Python38/lib/urllib/request.py", line 1358, in do_open() 
[12] File "E:/Users/Administrator/AppData/Local/Programs/Python/Python38/lib/http/client.py", line 1255, in request() 
[13] File "E:/Users/Administrator/AppData/Local/Programs/Python/Python38/lib/http/client.py", line 1301, in _send_request() 
[14] File "E:/Users/Administrator/AppData/Local/Programs/Python/Python38/lib/http/client.py", line 1250, in endheaders() 
[15] File "E:/Users/Administrator/AppData/Local/Programs/Python/Python38/lib/http/client.py", line 1053, in _send_output() 
[16] File "E:/Users/Administrator/AppData/Local/Programs/Python/Python38/lib/http/client.py", line 977, in send() 
[17] File "E:/Users/Administrator/AppData/Local/Programs/Python/Python38/lib/http/client.py", line 926, in connect() 
[18] File "E:/Users/Administrator/AppData/Local/Programs/Python/Python38/lib/socket.py", line 799, in create_connection() 

name=agv.hasDeadlock, pid=15428, tid=2716
[01] File "E:/Users/Administrator/AppData/Local/Programs/Python/Python38/lib/threading.py", line 870, in run() 
[02] File "E:/projects_by_myself/backup/MeiWei_back_0421/agvCtrl/agvControl.py", line 1024, in _threadFunc() 

name=Thread-2, pid=15428, tid=15584
[01] File "E:/Users/Administrator/AppData/Local/Programs/Python/Python38/lib/threading.py", line 870, in run() 
[02] File "E:/projects_by_myself/backup/MeiWei_back_0421/feed/main_feed.py", line 107, in _handle() 
[03] File "E:/projects_by_myself/backup/MeiWei_back_0421/common/tcpSocket.py", line 166, in recv() 

name=worker 9, pid=15428, tid=6472
[01] File "E:/Users/Administrator/AppData/Local/Programs/Python/Python38/lib/threading.py", line 870, in run() 
[02] File "E:/Users/Administrator/AppData/Local/Programs/Python/Python38/lib/site-packages/paste/httpserver.py", line 891, in worker_thread_callback() 
[03] File "E:/Users/Administrator/AppData/Local/Programs/Python/Python38/lib/queue.py", line 170, in get() 
[04] File "E:/Users/Administrator/AppData/Local/Programs/Python/Python38/lib/threading.py", line 302, in wait() 

name=worker 8, pid=15428, tid=1280
[01] File "E:/Users/Administrator/AppData/Local/Programs/Python/Python38/lib/threading.py", line 870, in run() 
[02] File "E:/Users/Administrator/AppData/Local/Programs/Python/Python38/lib/site-packages/paste/httpserver.py", line 891, in worker_thread_callback() 
[03] File "E:/Users/Administrator/AppData/Local/Programs/Python/Python38/lib/queue.py", line 170, in get() 
[04] File "E:/Users/Administrator/AppData/Local/Programs/Python/Python38/lib/threading.py", line 302, in wait() 

name=worker 7, pid=15428, tid=3532
[01] File "E:/Users/Administrator/AppData/Local/Programs/Python/Python38/lib/threading.py", line 870, in run() 
[02] File "E:/Users/Administrator/AppData/Local/Programs/Python/Python38/lib/site-packages/paste/httpserver.py", line 891, in worker_thread_callback() 
[03] File "E:/Users/Administrator/AppData/Local/Programs/Python/Python38/lib/queue.py", line 170, in get() 
[04] File "E:/Users/Administrator/AppData/Local/Programs/Python/Python38/lib/threading.py", line 302, in wait() 

name=worker 6, pid=15428, tid=16220
[01] File "E:/Users/Administrator/AppData/Local/Programs/Python/Python38/lib/threading.py", line 870, in run() 
[02] File "E:/Users/Administrator/AppData/Local/Programs/Python/Python38/lib/site-packages/paste/httpserver.py", line 891, in worker_thread_callback() 
[03] File "E:/Users/Administrator/AppData/Local/Programs/Python/Python38/lib/queue.py", line 170, in get() 
[04] File "E:/Users/Administrator/AppData/Local/Programs/Python/Python38/lib/threading.py", line 302, in wait() 

name=worker 5, pid=15428, tid=18196
[01] File "E:/Users/Administrator/AppData/Local/Programs/Python/Python38/lib/threading.py", line 870, in run() 
[02] File "E:/Users/Administrator/AppData/Local/Programs/Python/Python38/lib/site-packages/paste/httpserver.py", line 891, in worker_thread_callback() 
[03] File "E:/Users/Administrator/AppData/Local/Programs/Python/Python38/lib/queue.py", line 170, in get() 
[04] File "E:/Users/Administrator/AppData/Local/Programs/Python/Python38/lib/threading.py", line 302, in wait() 

name=worker 4, pid=15428, tid=9048
[01] File "E:/Users/Administrator/AppData/Local/Programs/Python/Python38/lib/threading.py", line 870, in run() 
[02] File "E:/Users/Administrator/AppData/Local/Programs/Python/Python38/lib/site-packages/paste/httpserver.py", line 891, in worker_thread_callback() 
[03] File "E:/Users/Administrator/AppData/Local/Programs/Python/Python38/lib/queue.py", line 170, in get() 
[04] File "E:/Users/Administrator/AppData/Local/Programs/Python/Python38/lib/threading.py", line 302, in wait() 

name=worker 3, pid=15428, tid=15772
[01] File "E:/Users/Administrator/AppData/Local/Programs/Python/Python38/lib/threading.py", line 870, in run() 
[02] File "E:/Users/Administrator/AppData/Local/Programs/Python/Python38/lib/site-packages/paste/httpserver.py", line 891, in worker_thread_callback() 
[03] File "E:/Users/Administrator/AppData/Local/Programs/Python/Python38/lib/queue.py", line 170, in get() 
[04] File "E:/Users/Administrator/AppData/Local/Programs/Python/Python38/lib/threading.py", line 302, in wait() 

name=worker 2, pid=15428, tid=12596
[01] File "E:/Users/Administrator/AppData/Local/Programs/Python/Python38/lib/threading.py", line 870, in run() 
[02] File "E:/Users/Administrator/AppData/Local/Programs/Python/Python38/lib/site-packages/paste/httpserver.py", line 891, in worker_thread_callback() 
[03] File "E:/Users/Administrator/AppData/Local/Programs/Python/Python38/lib/queue.py", line 170, in get() 
[04] File "E:/Users/Administrator/AppData/Local/Programs/Python/Python38/lib/threading.py", line 302, in wait() 

name=worker 1, pid=15428, tid=3868
[01] File "E:/Users/Administrator/AppData/Local/Programs/Python/Python38/lib/threading.py", line 870, in run() 
[02] File "E:/Users/Administrator/AppData/Local/Programs/Python/Python38/lib/site-packages/paste/httpserver.py", line 891, in worker_thread_callback() 
[03] File "E:/Users/Administrator/AppData/Local/Programs/Python/Python38/lib/queue.py", line 170, in get() 
[04] File "E:/Users/Administrator/AppData/Local/Programs/Python/Python38/lib/threading.py", line 302, in wait() 

name=worker 0, pid=15428, tid=996
[01] File "E:/Users/Administrator/AppData/Local/Programs/Python/Python38/lib/threading.py", line 870, in run() 
[02] File "E:/Users/Administrator/AppData/Local/Programs/Python/Python38/lib/site-packages/paste/httpserver.py", line 891, in worker_thread_callback() 
[03] File "E:/Users/Administrator/AppData/Local/Programs/Python/Python38/lib/queue.py", line 170, in get() 
[04] File "E:/Users/Administrator/AppData/Local/Programs/Python/Python38/lib/threading.py", line 302, in wait() 

name=timer_thread, pid=15428, tid=9388
[01] File "E:/Users/Administrator/AppData/Local/Programs/Python/Python38/lib/threading.py", line 870, in run() 
[02] File "../common/mytimer.py", line 117, in _loop() 

name=agvThread2.AGV30, pid=15428, tid=16376
[01] File "E:/Users/Administrator/AppData/Local/Programs/Python/Python38/lib/threading.py", line 870, in run() 
[02] File "E:/projects_by_myself/backup/MeiWei_back_0421/agvCtrl/agvList.py", line 601, in run2() 

name=agvThread.AGV30, pid=15428, tid=5796
[01] File "E:/Users/Administrator/AppData/Local/Programs/Python/Python38/lib/threading.py", line 870, in run() 
[02] File "E:/projects_by_myself/backup/MeiWei_back_0421/agvCtrl/agvList.py", line 589, in run() 

name=timer_thread, pid=15428, tid=15004
[01] File "E:/Users/Administrator/AppData/Local/Programs/Python/Python38/lib/threading.py", line 870, in run() 
[02] File "E:/projects_by_myself/backup/MeiWei_back_0421/common/mytimer.py", line 117, in _loop() 

name=tcplisten.port_10001, pid=15428, tid=16620
[01] File "E:/Users/Administrator/AppData/Local/Programs/Python/Python38/lib/threading.py", line 870, in run() 
[02] File "E:/projects_by_myself/backup/MeiWei_back_0421/common/tcpSocket.py", line 66, in _acceptThread() 
[03] File "E:/Users/Administrator/AppData/Local/Programs/Python/Python38/lib/socket.py", line 292, in accept() 

name=Thread-1, pid=15428, tid=13840
[01] File "E:/Users/Administrator/AppData/Local/Programs/Python/Python38/lib/threading.py", line 870, in run() 
[02] File "E:/projects_by_myself/backup/MeiWei_back_0421/agvCtrl/main_agv.py", line 332, in showThread() 
[03] File "E:/projects_by_myself/backup/MeiWei_back_0421/agvCtrl/agvControl.py", line 1369, in show() 
[04] File "E:/projects_by_myself/backup/MeiWei_back_0421/agvCtrl/mainFrame.py", line 236, in show() 

name=door.meiwei428.ping, pid=15428, tid=17064
[01] File "E:/Users/Administrator/AppData/Local/Programs/Python/Python38/lib/threading.py", line 870, in run() 
[02] File "E:/projects_by_myself/backup/MeiWei_back_0421/agvCtrl/doorMgr.py", line 194, in check() 

name=door.meiwei428, pid=15428, tid=5256
[01] File "E:/Users/Administrator/AppData/Local/Programs/Python/Python38/lib/threading.py", line 870, in run() 
[02] File "E:/projects_by_myself/backup/MeiWei_back_0421/agvCtrl/doorMgr.py", line 185, in run() 

name=door.meiwei423.ping, pid=15428, tid=14932
[01] File "E:/Users/Administrator/AppData/Local/Programs/Python/Python38/lib/threading.py", line 870, in run() 
[02] File "E:/projects_by_myself/backup/MeiWei_back_0421/agvCtrl/doorMgr.py", line 194, in check() 

name=door.meiwei423, pid=15428, tid=14084
[01] File "E:/Users/Administrator/AppData/Local/Programs/Python/Python38/lib/threading.py", line 870, in run() 
[02] File "E:/projects_by_myself/backup/MeiWei_back_0421/agvCtrl/doorMgr.py", line 185, in run() 

name=door.desai-all-20191223.ping, pid=15428, tid=5712
[01] File "E:/Users/Administrator/AppData/Local/Programs/Python/Python38/lib/threading.py", line 870, in run() 
[02] File "E:/projects_by_myself/backup/MeiWei_back_0421/agvCtrl/doorMgr.py", line 194, in check() 

name=door.desai-all-20191223, pid=15428, tid=15024
[01] File "E:/Users/Administrator/AppData/Local/Programs/Python/Python38/lib/threading.py", line 870, in run() 
[02] File "E:/projects_by_myself/backup/MeiWei_back_0421/agvCtrl/doorMgr.py", line 185, in run() 

name=door.akmsmtMap.ping, pid=15428, tid=7720
[01] File "E:/Users/Administrator/AppData/Local/Programs/Python/Python38/lib/threading.py", line 870, in run() 
[02] File "E:/projects_by_myself/backup/MeiWei_back_0421/agvCtrl/doorMgr.py", line 194, in check() 

name=door.akmsmtMap, pid=15428, tid=17648
[01] File "E:/Users/Administrator/AppData/Local/Programs/Python/Python38/lib/threading.py", line 870, in run() 
[02] File "E:/projects_by_myself/backup/MeiWei_back_0421/agvCtrl/doorMgr.py", line 185, in run() 

name=door.akmsmt.ping, pid=15428, tid=5152
[01] File "E:/Users/Administrator/AppData/Local/Programs/Python/Python38/lib/threading.py", line 870, in run() 
[02] File "E:/projects_by_myself/backup/MeiWei_back_0421/agvCtrl/doorMgr.py", line 194, in check() 

name=door.akmsmt, pid=15428, tid=14780
[01] File "E:/Users/Administrator/AppData/Local/Programs/Python/Python38/lib/threading.py", line 870, in run() 
[02] File "E:/projects_by_myself/backup/MeiWei_back_0421/agvCtrl/doorMgr.py", line 185, in run() 

name=elevator.keep, pid=15428, tid=1700
[01] File "E:/Users/Administrator/AppData/Local/Programs/Python/Python38/lib/threading.py", line 870, in run() 
[02] File "E:/projects_by_myself/backup/MeiWei_back_0421/agvCtrl/elevatorMgr.py", line 497, in keepOpenThread() 

name=door.AKM2F.ping, pid=15428, tid=14304
[01] File "E:/Users/Administrator/AppData/Local/Programs/Python/Python38/lib/threading.py", line 870, in run() 
[02] File "E:/projects_by_myself/backup/MeiWei_back_0421/agvCtrl/doorMgr.py", line 194, in check() 

name=door.AKM2F, pid=15428, tid=16788
[01] File "E:/Users/Administrator/AppData/Local/Programs/Python/Python38/lib/threading.py", line 870, in run() 
[02] File "E:/projects_by_myself/backup/MeiWei_back_0421/agvCtrl/doorMgr.py", line 185, in run() 

name=pymongo_kill_cursors_thread, pid=15428, tid=9076
[01] File "E:/Users/Administrator/AppData/Local/Programs/Python/Python38/lib/threading.py", line 870, in run() 
[02] File "E:/Users/Administrator/AppData/Local/Programs/Python/Python38/lib/site-packages/pymongo/periodic_executor.py", line 140, in _run() 

name=pymongo_server_monitor_thread, pid=15428, tid=10180
[01] File "E:/Users/Administrator/AppData/Local/Programs/Python/Python38/lib/threading.py", line 870, in run() 
[02] File "E:/Users/Administrator/AppData/Local/Programs/Python/Python38/lib/site-packages/pymongo/periodic_executor.py", line 140, in _run() 

name=tcplisten.port_6789, pid=15428, tid=17652
[01] File "E:/Users/Administrator/AppData/Local/Programs/Python/Python38/lib/threading.py", line 870, in run() 
[02] File "E:/projects_by_myself/backup/MeiWei_back_0421/common/tcpSocket.py", line 66, in _acceptThread() 
[03] File "E:/Users/Administrator/AppData/Local/Programs/Python/Python38/lib/socket.py", line 292, in accept() 

name=MainThread, pid=15428, tid=4064
[01] File "run_all.py", line 60, in <module>() 
[02] File "E:/projects_by_myself/backup/MeiWei_back_0421/common/webutility.py", line 321, in run() 
[03] File "E:/Users/Administrator/AppData/Local/Programs/Python/Python38/lib/site-packages/bottle.py", line 3137, in run() 
[04] File "E:/Users/Administrator/AppData/Local/Programs/Python/Python38/lib/site-packages/bottle.py", line 2829, in run() 
[05] File "E:/Users/Administrator/AppData/Local/Programs/Python/Python38/lib/site-packages/paste/httpserver.py", line 1361, in serve() 
[06] File "E:/Users/Administrator/AppData/Local/Programs/Python/Python38/lib/site-packages/paste/httpserver.py", line 1107, in serve_forever() 
[07] File "E:/Users/Administrator/AppData/Local/Programs/Python/Python38/lib/socketserver.py", line 294, in handle_request() 
[08] File "E:/Users/Administrator/AppData/Local/Programs/Python/Python38/lib/selectors.py", line 323, in select() 
[09] File "E:/Users/Administrator/AppData/Local/Programs/Python/Python38/lib/selectors.py", line 314, in _select() 
[10] File "../common/utility.py", line 598, in exit() 
[11] File "E:/projects_by_myself/backup/MeiWei_back_0421/common/enhance.py", line 256, in getTrace() 
[12] File "E:/projects_by_myself/backup/MeiWei_back_0421/common/enhance.py", line 240, in getThreadStack()
[ERROR]2021-05-11 11:03:13,108: user press Ctrl+C, system quit!
[WARNING]2021-05-11 11:03:13,113: runTask:stop save file
[ERROR]2021-05-11 11:03:13,114: process exited, living 0:11:43.444755 seconds
