[INFO]2021-04-27 11:40:30,262: log files at E:\projects_by_myself\backup\MeiWei_back_0421\common\log
[INFO]2021-04-27 11:40:30,262: find module account.main_account
[INFO]2021-04-27 11:40:30,264: find module agvCtrl.main_agv
[INFO]2021-04-27 11:40:30,264: find module agvDevice.main_agvDevice
[INFO]2021-04-27 11:40:30,265: find module akmCtrl.main_akmCtrl
[INFO]2021-04-27 11:40:30,267: find module alarm.main_alarm
[INFO]2021-04-27 11:40:30,270: find module auth.main_auth
[INFO]2021-04-27 11:40:30,270: find module door.main_door
[INFO]2021-04-27 11:40:30,271: find module elevator.main_elevator
[INFO]2021-04-27 11:40:30,272: find module feed.main_feed
[INFO]2021-04-27 11:40:30,272: find module remoteio.main_remoteio
[INFO]2021-04-27 11:40:30,273: import account.main_account
[INFO]2021-04-27 11:40:30,365: import agvCtrl.main_agv
[INFO]2021-04-27 11:40:30,739: create lock <lock name:doorMgr.lock,<unlocked _thread.RLock object owner=0 count=0 at 0x00000229996C7EA0>>
[INFO]2021-04-27 11:40:31,664: create lock <lock name:door.lock,<unlocked _thread.RLock object owner=0 count=0 at 0x00000229996DC420>>
[INFO]2021-04-27 11:40:31,776: create lock <lock name:timer.lock_2377697628800,<unlocked _thread.RLock object owner=0 count=0 at 0x0000022999D293F0>>
[ERROR]2021-04-27 11:40:31,788: mqtt is disabled
[INFO]2021-04-27 11:40:31,789: mqtt: subscribe [alarm/raise/+]
[INFO]2021-04-27 11:40:31,790: mqtt: subscribe [alarm/clear/+]
[INFO]2021-04-27 11:40:34,830: Mongodb connect to 127.0.0.1 port 27017
[INFO]2021-04-27 11:40:34,859: create lock <lock name:elevatorMgr.lock,<unlocked _thread.RLock object owner=0 count=0 at 0x000002299AF09DE0>>
[WARNING]2021-04-27 11:40:34,902: use mockAgvCtrl
[INFO]2021-04-27 11:40:34,905: create lock <lock name:mapMgr.lock,<unlocked _thread.RLock object owner=0 count=0 at 0x0000022997F94A80>>
[INFO]2021-04-27 11:40:35,307: create lock <lock name:agvList.g_agvLock,<unlocked _thread.RLock object owner=0 count=0 at 0x000002299B587C00>>
[INFO]2021-04-27 11:40:35,310: create lock <lock name:taskList.lock,<unlocked _thread.RLock object owner=0 count=0 at 0x000002299B1DB1B0>>
[INFO]2021-04-27 11:40:35,377: charge policy 1 , fix time
[INFO]2021-04-27 11:40:35,412: create lock <lock name:agvApi.g_lock,<unlocked _thread.RLock object owner=0 count=0 at 0x000002299B1DBD50>>
[INFO]2021-04-27 11:40:35,963: start load map E:\projects_by_myself\backup\MeiWei_back_0421\agvCtrl\projects\test\AKM2F.smap
[DEBUG]2021-04-27 11:40:36,080: elevator thread start
[INFO]2021-04-27 11:40:36,100: load map E:\projects_by_myself\backup\MeiWei_back_0421\agvCtrl\projects\test\AKM2F.smap ,used 148 ms
[INFO]2021-04-27 11:40:36,109: start load map E:\projects_by_myself\backup\MeiWei_back_0421\agvCtrl\projects\test\akmsmt.smap
[INFO]2021-04-27 11:40:36,163: load map E:\projects_by_myself\backup\MeiWei_back_0421\agvCtrl\projects\test\akmsmt.smap ,used 63 ms
[INFO]2021-04-27 11:40:36,175: start load map E:\projects_by_myself\backup\MeiWei_back_0421\agvCtrl\projects\test\akmsmtMap.smap
[INFO]2021-04-27 11:40:36,315: load map E:\projects_by_myself\backup\MeiWei_back_0421\agvCtrl\projects\test\akmsmtMap.smap ,used 151 ms
[INFO]2021-04-27 11:40:36,325: start load map E:\projects_by_myself\backup\MeiWei_back_0421\agvCtrl\projects\test\desai-all-20191223.smap
[INFO]2021-04-27 11:40:36,482: load map E:\projects_by_myself\backup\MeiWei_back_0421\agvCtrl\projects\test\desai-all-20191223.smap ,used 166 ms
[INFO]2021-04-27 11:40:36,493: start load map E:\projects_by_myself\backup\MeiWei_back_0421\agvCtrl\projects\test\meiwei423.smap
[INFO]2021-04-27 11:40:36,548: load map E:\projects_by_myself\backup\MeiWei_back_0421\agvCtrl\projects\test\meiwei423.smap ,used 64 ms
[INFO]2021-04-27 11:40:36,560: start load map E:\projects_by_myself\backup\MeiWei_back_0421\agvCtrl\projects\test\untitled_20210420032952.smap
[INFO]2021-04-27 11:40:36,605: load map E:\projects_by_myself\backup\MeiWei_back_0421\agvCtrl\projects\test\untitled_20210420032952.smap ,used 56 ms
[INFO]2021-04-27 11:40:36,609: import agvDevice.main_agvDevice
[INFO]2021-04-27 11:40:36,614: import akmCtrl.main_akmCtrl
[INFO]2021-04-27 11:40:36,636: create lock <lock name:runTasks.g_lock,<unlocked _thread.RLock object owner=0 count=0 at 0x000002299B1BFC30>>
[INFO]2021-04-27 11:40:36,650: create lock <lock name:agvApi.g_lock,<unlocked _thread.RLock object owner=0 count=0 at 0x000002299B041960>>
[INFO]2021-04-27 11:40:36,668: create lock <lock name:runTasks.pre_lock,<unlocked _thread.RLock object owner=0 count=0 at 0x000002299B197330>>
[INFO]2021-04-27 11:40:36,670: create lock <lock name:timer.lock_2377719068464,<unlocked _thread.RLock object owner=0 count=0 at 0x000002299B19B480>>
[INFO]2021-04-27 11:40:36,671: create lock <lock name:mapMgr.lock,<unlocked _thread.RLock object owner=0 count=0 at 0x000002299825B030>>
[INFO]2021-04-27 11:40:37,382: import alarm.main_alarm
[INFO]2021-04-27 11:40:37,385: import auth.main_auth
[INFO]2021-04-27 11:40:37,398: import door.main_door
[INFO]2021-04-27 11:40:37,401: import elevator.main_elevator
[INFO]2021-04-27 11:40:37,405: create lock <lock name:elevatorApi.g_lock,<unlocked _thread.RLock object owner=0 count=0 at 0x000002299EBBE2A0>>
[INFO]2021-04-27 11:40:37,406: import feed.main_feed
[INFO]2021-04-27 11:40:37,417: create lock <lock name:feedTask.g_lock,<unlocked _thread.RLock object owner=0 count=0 at 0x000002299EBC5F00>>
[INFO]2021-04-27 11:40:37,469: import remoteio.main_remoteio
[SUCC]2021-04-27 11:40:37,480: utility start, pid=8908, ppid=12552
[DEBUG]2021-04-27 11:40:37,482: start timer
[INFO]2021-04-27 11:40:37,489: load agv file: E:\projects_by_myself\backup\MeiWei_back_0421\agvCtrl/projects/test/agv.cfg
[INFO]2021-04-27 11:40:37,490: create lock <lock name:agvList.AGV30.lock,<unlocked _thread.RLock object owner=0 count=0 at 0x000002299EBEF180>>
[DEBUG]2021-04-27 11:40:37,493: create aliveObj AGV30 AGV离线异常 timeout 300
[INFO]2021-04-27 11:40:37,494: AGV30 start agvList run thread
[INFO]2021-04-27 11:40:37,494: AGV30 start agvList run2 thread
[ERROR]2021-04-27 11:40:37,502: agv check init error False
[DEBUG]2021-04-27 11:40:37,504: start timer
[INFO]2021-04-27 11:40:37,510: add_ignore: taskStatus
[INFO]2021-04-27 11:40:37,511: add_ignore: api/elevator/status
[INFO]2021-04-27 11:40:37,511: add_ignore: scada/getTask
[INFO]2021-04-27 11:40:38,014: AGV30 current map meiwei423
[INFO]2021-04-27 11:40:38,069: AGV30 is online
[DEBUG]2021-04-27 11:40:38,518: GET: http://127.0.0.1:5551/api/agv/init?appName=MeiWeiTask addr: 127.0.0.1
[INFO]2021-04-27 11:40:38,524: MeiWeiTask init client agvApi
[DEBUG]2021-04-27 11:40:38,526: used 8ms 200 OK application/json;charset=utf-8, GET: http://127.0.0.1:5551/api/agv/init?appName=MeiWeiTask
[DEBUG]2021-04-27 11:40:41,354: GET: http://127.0.0.1:5551/api/scada/addTaskByPad?source=MeiWeiSource&target=MeiWeiTarget addr: 127.0.0.1
[DEBUG]2021-04-27 11:40:41,718: GET: http://127.0.0.1:5551/api/agv/startCharge?appName=MeiWeiTask addr: 127.0.0.1
[DEBUG]2021-04-27 11:40:41,781: used 63ms 200 OK application/json;charset=utf-8, GET: http://127.0.0.1:5551/api/agv/startCharge?appName=MeiWeiTask
[WARNING]2021-04-27 11:40:41,956: timer_thread[tid:4092] <lock name:runTasks.g_lock,<locked _thread.RLock object owner=4092 count=1 at 0x000002299B1BFC30>> ,hold 3442 ms
[INFO]2021-04-27 11:40:42,194: name=timer_thread, pid=8908, tid=4092
[01] File "E:/Users/Administrator/AppData/Local/Programs/Python/Python38/lib/threading.py", line 870, in run() 
[02] File "../common/mytimer.py", line 113, in _loop() 
[03] File "../common/lock.py", line 122, in _call() 
[04] File "../common/lock.py", line 100, in release() 
[05] File "E:/projects_by_myself/backup/MeiWei_back_0421/common/enhance.py", line 258, in getTrace() 
[06] File "E:/projects_by_myself/backup/MeiWei_back_0421/common/enhance.py", line 240, in getThreadStack()
[INFO]2021-04-27 11:40:42,382: create task[608787ba08e9e59dcba84dcb]: type= scadaTask , 从MeiWeiSource运送货架到MeiWeiTarget {'source': 'MeiWeiSource', 'target': 'MeiWeiTarget', 'payloadId': None, 'priority': 1, 'type': 'scadaTask', 'taskName': '从MeiWeiSource运送货架到MeiWeiTarget', 'createTime': datetime.datetime(2021, 4, 27, 11, 40, 42, 305660), 'updateTime': datetime.datetime(2021, 4, 27, 11, 40, 42, 305660), 'startTime': None, 'endTime': None, 'status': 'waiting', 'step': 'waiting', 'failMsg': None, 'history': [], '_id': ObjectId('608787ba08e9e59dcba84dcb')}
[INFO]2021-04-27 11:40:43,433: task[608787ba08e9e59dcba84dcb]:  start {'failMsg': '任务等待执行', 'startTime': datetime.datetime(2021, 4, 27, 11, 40, 43, 418685), 'updateTime': datetime.datetime(2021, 4, 27, 11, 40, 43, 418685), 'status': 'running'}
[INFO]2021-04-27 11:40:43,544: task: start task[608787ba08e9e59dcba84dcb][-] 6(1) -> 7(8) [waiting]
[INFO]2021-04-27 11:40:43,653: task[608787ba08e9e59dcba84dcb] update info: {'failMsg': '等待分配小车', 'updateTime': datetime.datetime(2021, 4, 27, 11, 40, 43, 623198)}
[DEBUG]2021-04-27 11:40:43,796: task[608787ba08e9e59dcba84dcb][-] 6(1) -> 7(8) [waitForAgv] waiting -> waitForAgv
[INFO]2021-04-27 11:40:45,194: ******************url********************: http://127.0.0.1:5551
[DEBUG]2021-04-27 11:40:45,288: GET: http://127.0.0.1:5551/api/agv/apply?appName=MeiWeiTask&autoLock=False&exclude&loc=1&mapId=meiwei423&taskId=608787ba08e9e59dcba84dcb&timeout=10 addr: 127.0.0.1
[INFO]2021-04-27 11:40:48,307: apply AGV30 ,taskId: 608787ba08e9e59dcba84dcb ,loc meiwei423.1 ,autoLock False , used 2956 ms
[WARNING]2021-04-27 11:40:48,355: worker 3[tid:8184] <lock name:mapMgr.lock,<locked _thread.RLock object owner=8184 count=1 at 0x0000022997F94A80>> ,hold 3004 ms
[INFO]2021-04-27 11:40:48,703: name=worker 3, pid=8908, tid=8184
[01] File "E:/Users/Administrator/AppData/Local/Programs/Python/Python38/lib/threading.py", line 870, in run() 
[02] File "E:/Users/Administrator/AppData/Local/Programs/Python/Python38/lib/site-packages/paste/httpserver.py", line 903, in worker_thread_callback() 
[03] File "E:/Users/Administrator/AppData/Local/Programs/Python/Python38/lib/site-packages/paste/httpserver.py", line 1077, in <lambda>() 
[04] File "E:/Users/Administrator/AppData/Local/Programs/Python/Python38/lib/site-packages/paste/httpserver.py", line 1092, in process_request_in_thread() 
[05] File "E:/Users/Administrator/AppData/Local/Programs/Python/Python38/lib/socketserver.py", line 360, in finish_request() 
[06] File "E:/Users/Administrator/AppData/Local/Programs/Python/Python38/lib/socketserver.py", line 720, in __init__() 
[07] File "E:/Users/Administrator/AppData/Local/Programs/Python/Python38/lib/site-packages/paste/httpserver.py", line 460, in handle() 
[08] File "E:/Users/Administrator/AppData/Local/Programs/Python/Python38/lib/http/server.py", line 427, in handle() 
[09] File "E:/Users/Administrator/AppData/Local/Programs/Python/Python38/lib/site-packages/paste/httpserver.py", line 455, in handle_one_request() 
[10] File "E:/Users/Administrator/AppData/Local/Programs/Python/Python38/lib/site-packages/paste/httpserver.py", line 304, in wsgi_execute() 
[11] File "E:/Users/Administrator/AppData/Local/Programs/Python/Python38/lib/site-packages/paste/translogger.py", line 69, in __call__() 
[12] File "E:/Users/Administrator/AppData/Local/Programs/Python/Python38/lib/site-packages/bottle.py", line 985, in __call__() 
[13] File "E:/Users/Administrator/AppData/Local/Programs/Python/Python38/lib/site-packages/bottle.py", line 960, in wsgi() 
[14] File "E:/Users/Administrator/AppData/Local/Programs/Python/Python38/lib/site-packages/bottle.py", line 868, in _handle() 
[15] File "E:/Users/Administrator/AppData/Local/Programs/Python/Python38/lib/site-packages/bottle.py", line 1748, in wrapper() 
[16] File "E:/projects_by_myself/backup/MeiWei_back_0421/common/webutility.py", line 466, in _enable_cors() 
[17] File "E:/projects_by_myself/backup/MeiWei_back_0421/common/webutility.py", line 482, in _enable_cors() 
[18] File "E:/projects_by_myself/backup/MeiWei_back_0421/common/scadaUtility.py", line 45, in __call() 
[19] File "E:/projects_by_myself/backup/MeiWei_back_0421/agvCtrl/main_agv.py", line 58, in urlApply() 
[20] File "E:/projects_by_myself/backup/MeiWei_back_0421/agvCtrl/agvControl.py", line 1108, in apply() 
[21] File "E:/projects_by_myself/backup/MeiWei_back_0421/common/lock.py", line 122, in _call() 
[22] File "E:/projects_by_myself/backup/MeiWei_back_0421/common/lock.py", line 100, in release() 
[23] File "E:/projects_by_myself/backup/MeiWei_back_0421/common/enhance.py", line 258, in getTrace() 
[24] File "E:/projects_by_myself/backup/MeiWei_back_0421/common/enhance.py", line 240, in getThreadStack()
[DEBUG]2021-04-27 11:40:48,828: used 3540ms 200 OK application/json;charset=utf-8, GET: http://127.0.0.1:5551/api/agv/apply?appName=MeiWeiTask&autoLock=False&exclude&loc=1&mapId=meiwei423&taskId=608787ba08e9e59dcba84dcb&timeout=10
[WARNING]2021-04-27 11:40:48,892: timer_thread[tid:13480] <lock name:mapMgr.lock,<locked _thread.RLock object owner=13480 count=1 at 0x0000022997F94A80>> ,hold 3194 ms
[DEBUG]2021-04-27 11:40:49,190: GET: http://127.0.0.1:5551/api/agv/lock?agv=AGV30&appName=MeiWeiTask&taskId=608787ba08e9e59dcba84dcb addr: 127.0.0.1
[DEBUG]2021-04-27 11:40:49,332: lock:  AGV30 taskId 608787ba08e9e59dcba84dcb app MeiWeiTask
[INFO]2021-04-27 11:40:49,347: name=timer_thread, pid=8908, tid=13480
[01] File "E:/Users/Administrator/AppData/Local/Programs/Python/Python38/lib/threading.py", line 870, in run() 
[02] File "E:/projects_by_myself/backup/MeiWei_back_0421/common/mytimer.py", line 113, in _loop() 
[03] File "E:/projects_by_myself/backup/MeiWei_back_0421/agvCtrl/agvControl.py", line 191, in onCheckCharge() 
[04] File "E:/projects_by_myself/backup/MeiWei_back_0421/agvCtrl/mapMgr.py", line 142, in checkDoorClose() 
[05] File "E:/projects_by_myself/backup/MeiWei_back_0421/common/lock.py", line 122, in _call() 
[06] File "E:/projects_by_myself/backup/MeiWei_back_0421/common/lock.py", line 100, in release() 
[07] File "E:/projects_by_myself/backup/MeiWei_back_0421/common/enhance.py", line 258, in getTrace() 
[08] File "E:/projects_by_myself/backup/MeiWei_back_0421/common/enhance.py", line 240, in getThreadStack()
[WARNING]2021-04-27 11:40:50,463: AGV30 clear task finish, cur= meiwei423.9 task_status= 0
[DEBUG]2021-04-27 11:40:50,542: used 1352ms 200 OK application/json;charset=utf-8, GET: http://127.0.0.1:5551/api/agv/lock?agv=AGV30&appName=MeiWeiTask&taskId=608787ba08e9e59dcba84dcb
[INFO]2021-04-27 11:40:50,653: task[608787ba08e9e59dcba84dcb][-] 6(1) -> 7(8) [waitForAgv] apply AGV30
[INFO]2021-04-27 11:40:50,763: task[608787ba08e9e59dcba84dcb] update info: {'agvId': 'AGV30', 'failMsg': '成功分配小车AGV30,检测顶升下降', 'updateTime': datetime.datetime(2021, 4, 27, 11, 40, 50, 748238)}
[WARNING]2021-04-27 11:40:50,840: scada.608787ba08e9e59dcba84dcb[tid:17676] <locked _thread.RLock object owner=17676 count=1 at 0x00000229A0CEDAE0> ,hold 5646 ms
[INFO]2021-04-27 11:40:51,249: name=scada.608787ba08e9e59dcba84dcb, pid=8908, tid=17676
[01] File "E:/Users/Administrator/AppData/Local/Programs/Python/Python38/lib/threading.py", line 870, in run() 
[02] File "../common/utility.py", line 167, in __call() 
[03] File "E:/projects_by_myself/backup/MeiWei_back_0421/akmCtrl/beans/scadaTaskBean.py", line 549, in _taskFunc() 
[04] File "../common/lock.py", line 122, in _call() 
[05] File "../common/lock.py", line 100, in release() 
[06] File "E:/projects_by_myself/backup/MeiWei_back_0421/common/enhance.py", line 258, in getTrace() 
[07] File "E:/projects_by_myself/backup/MeiWei_back_0421/common/enhance.py", line 240, in getThreadStack()
[DEBUG]2021-04-27 11:40:51,377: task[608787ba08e9e59dcba84dcb][AGV30] 6(1) -> 7(8) [initJackdown] waitForAgv -> initJackdown
[INFO]2021-04-27 11:40:51,854: task[608787ba08e9e59dcba84dcb][AGV30] 6(1) -> 7(8) [initJackdown] _jackDown
[DEBUG]2021-04-27 11:40:51,966: send http_get: http://127.0.0.1:5551/api/agv/jackdownOld?agv=AGV30&loc=None&timeoutSec=90
[DEBUG]2021-04-27 11:40:52,253: GET: http://127.0.0.1:5551/api/agv/jackdownOld?agv=AGV30&loc=None&timeoutSec=90 addr: 127.0.0.1
[INFO]2021-04-27 11:40:52,348: ************run jackDownOld********************
[DEBUG]2021-04-27 11:40:53,457: used 1204ms 200 OK application/json;charset=utf-8, GET: http://127.0.0.1:5551/api/agv/jackdownOld?agv=AGV30&loc=None&timeoutSec=90
[DEBUG]2021-04-27 11:40:53,648: [return] use 1682 ms,http_get: http://127.0.0.1:5551/api/agv/jackdownOld?agv=AGV30&loc=None&timeoutSec=90
[INFO]2021-04-27 11:40:53,760: task[608787ba08e9e59dcba84dcb] update info: {'failMsg': '前往MeiWeiSource工位点拉取货架', 'updateTime': datetime.datetime(2021, 4, 27, 11, 40, 53, 712301)}
[DEBUG]2021-04-27 11:40:53,839: task[608787ba08e9e59dcba84dcb][AGV30] 6(1) -> 7(8) [moveToPreSrc] initJackdown -> moveToPreSrc
[INFO]2021-04-27 11:40:54,348: ***************调用move方法
[DEBUG]2021-04-27 11:40:54,430: GET: http://127.0.0.1:5551/api/agv/move?WorkPlace=None&agv=AGV30&agvId=AGV30&appName=MeiWeiTask&floorId=meiwei423&isRotate&loc=meiwei423.1&location=1&taskId=608787ba08e9e59dcba84dcb_2&taskType=scadaTask&timeoutSec=86400 addr: 127.0.0.1
[INFO]2021-04-27 11:40:54,434: -------------------------根据move函数会根据main_agv.py来到agvControl函数中的move中----------555---------
[INFO]2021-04-27 11:40:54,435: ---------------------move函数中的_func()函数中-------------------------666--------------------
[INFO]2021-04-27 11:40:54,436: -------------------------6666中的if判断是否进入agvList.py中的moveJackup函数----------------------------
[INFO]2021-04-27 11:40:54,436: 9 1 meiwei423 meiwei423
[INFO]2021-04-27 11:40:54,437: -------------------------------pass------------------------------
[INFO]2021-04-27 11:40:54,442: Begin: AGV30 move from meiwei423.9 to meiwei423.1 by paths: [('meiwei423', ['9', '7', '8', '6', '1'], 26.065498026668134)] task: 608787ba08e9e59dcba84dcb_2 timeout 86400 used 7 ms
[INFO]2021-04-27 11:40:54,444: 移动到source的前置点 1
[DEBUG]2021-04-27 11:40:54,446: task[608787ba08e9e59dcba84dcb][AGV30] 6(1) -> 7(8) [moveToPreSrc_onfinish] moveToPreSrc -> moveToPreSrc_onfinish
[DEBUG]2021-04-27 11:40:55,164: agvInfo: AGV30 meiwei423.9 move to meiwei423.7 ,taskId 608787ba08e9e59dcba84dcb_2
[DEBUG]2021-04-27 11:40:55,683: AGV30 choise next pos cur 9 next 8 pre 7 5.017 True
[DEBUG]2021-04-27 11:40:55,686: AGV30 choise next pos cur 9 next 6 pre 8 25.235 False
[DEBUG]2021-04-27 11:40:55,687: AGV30 turn to wait check cur 9 next 6 25.235 False
[DEBUG]2021-04-27 11:40:56,359: agvInfo: AGV30 meiwei423.9 move to meiwei423.6 ,taskId 608787ba08e9e59dcba84dcb_2
[DEBUG]2021-04-27 11:41:02,145: AGV30 set loc meiwei423.7 ,old 9 (23.56,0.77)
[DEBUG]2021-04-27 11:41:03,696: AGV30 set loc meiwei423.8 ,old 7 (22.26,0.73)
[DEBUG]2021-04-27 11:41:28,244: AGV30 turn to wait check cur 8 next 1 0.901 False
[DEBUG]2021-04-27 11:41:28,788: agvInfo: AGV30 meiwei423.8 move to meiwei423.1 ,taskId 608787ba08e9e59dcba84dcb_2
[DEBUG]2021-04-27 11:41:28,820: AGV30 set loc meiwei423.6 ,old 8 (2.25,0.27)
[WARNING]2021-04-27 11:41:30,350: AGV30 waitFinish: loc is diff 6 1 task_status= 2
[DEBUG]2021-04-27 11:41:30,365: AGV30 set loc meiwei423.1 ,old 6 (2.13,0.94)
[SUCC]2021-04-27 11:41:32,398: Finish:  AGV30 arrived meiwei423.1 ,task: 608787ba08e9e59dcba84dcb_2
[INFO]2021-04-27 11:41:32,811: task: move finish callback task[608787ba08e9e59dcba84dcb][AGV30] 6(1) -> 7(8) [moveToPreSrc_onfinish]
[INFO]2021-04-27 11:41:32,813: **********等待料盒信号*************
[INFO]2021-04-27 11:41:33,074: ***************调用_moveJackup方法
[DEBUG]2021-04-27 11:41:33,080: GET: http://127.0.0.1:5551/api/agv/move?WorkPlace=None&agv=AGV30&agvId=AGV30&appName=MeiWeiTask&direction=None&floorId=meiwei423&isRotate&loc=meiwei423.6&location=6&p_direction=0.0&recognize=False&result=True&resultDesc=None&seer_jackup=JackLoad&taskId=608787ba08e9e59dcba84dcb_3&taskType=scadaTask&timeoutSec=86400&use_pgv=False addr: 127.0.0.1
[INFO]2021-04-27 11:41:33,085: -------------------------根据move函数会根据main_agv.py来到agvControl函数中的move中----------555---------
[INFO]2021-04-27 11:41:33,088: ---------------------move函数中的_func()函数中-------------------------666--------------------
[INFO]2021-04-27 11:41:33,094: -------------------------6666中的if判断是否进入agvList.py中的moveJackup函数----------------------------
[INFO]2021-04-27 11:41:33,095: 1 6 meiwei423 meiwei423
[INFO]2021-04-27 11:41:33,096: -------------------------------pass------------------------------
[INFO]2021-04-27 11:41:33,114: Begin: AGV30 move from meiwei423.1 to meiwei423.6 by paths: [('meiwei423', ['1', '6'], 0.8303840339922958)] task: 608787ba08e9e59dcba84dcb_3 timeout 86400 used 26 ms
[DEBUG]2021-04-27 11:41:33,116: used 36ms 200 OK application/json;charset=utf-8, GET: http://127.0.0.1:5551/api/agv/move?WorkPlace=None&agv=AGV30&agvId=AGV30&appName=MeiWeiTask&direction=None&floorId=meiwei423&isRotate&loc=meiwei423.6&location=6&p_direction=0.0&recognize=False&result=True&resultDesc=None&seer_jackup=JackLoad&taskId=608787ba08e9e59dcba84dcb_3&taskType=scadaTask&timeoutSec=86400&use_pgv=False
[INFO]2021-04-27 11:41:33,120: ==============================runTasks._moveJackup()结束====================================
[DEBUG]2021-04-27 11:41:33,122: task[608787ba08e9e59dcba84dcb][AGV30] 6(1) -> 7(8) [loadPlayload] startMoveJackup -> loadPlayload
[INFO]2021-04-27 11:41:33,947: ----------实际上可能move走的是agvContrl中的oncheck函数这里进去moveJackup-----------------------------
[INFO]2021-04-27 11:41:33,949: ------------------------根据agvControl中的_func来到agvList中的moveJackup---------------999--------
[DEBUG]2021-04-27 11:41:33,950: agvInfo: AGV30 meiwei423.1 move jackup to meiwei423.6 ,taskId 608787ba08e9e59dcba84dcb_3
[DEBUG]2021-04-27 11:41:35,508: AGV30 set loc meiwei423.6 ,old 1 (2.15,0.32)
[SUCC]2021-04-27 11:41:37,534: Finish:  AGV30 arrived meiwei423.6 ,task: 608787ba08e9e59dcba84dcb_3
[INFO]2021-04-27 11:41:37,997: task: move finish callback task[608787ba08e9e59dcba84dcb][AGV30] 6(1) -> 7(8) [loadPlayload]
[INFO]2021-04-27 11:41:37,999: ***************进入onFinish.loadPlayload**********************
[INFO]2021-04-27 11:41:38,004: task[608787ba08e9e59dcba84dcb] update info: {'failMsg': 'AGV顶升', 'updateTime': datetime.datetime(2021, 4, 27, 11, 41, 38, 1181)}
[DEBUG]2021-04-27 11:41:38,132: task[608787ba08e9e59dcba84dcb][AGV30] 6(1) -> 7(8) [loadPlayload_jackup] loadPlayload_readqr -> loadPlayload_jackup
[INFO]2021-04-27 11:41:38,446: task[608787ba08e9e59dcba84dcb][AGV30] 6(1) -> 7(8) [loadPlayload_jackup] _jackUp
[DEBUG]2021-04-27 11:41:38,451: send http_get: http://127.0.0.1:5551/api/agv/jackupOld?agv=AGV30&loc=None&timeoutSec=90
[DEBUG]2021-04-27 11:41:38,478: GET: http://127.0.0.1:5551/api/agv/jackupOld?agv=AGV30&loc=None&timeoutSec=90 addr: 127.0.0.1
[INFO]2021-04-27 11:41:38,481: ************run jackUpOld********************
[DEBUG]2021-04-27 11:41:39,503: used 1025ms 200 OK application/json;charset=utf-8, GET: http://127.0.0.1:5551/api/agv/jackupOld?agv=AGV30&loc=None&timeoutSec=90
[DEBUG]2021-04-27 11:41:39,692: [return] use 1241 ms,http_get: http://127.0.0.1:5551/api/agv/jackupOld?agv=AGV30&loc=None&timeoutSec=90
[INFO]2021-04-27 11:41:39,850: task[608787ba08e9e59dcba84dcb] update info: {'failMsg': '等待MeiWeiTarget工位点锁', 'updateTime': datetime.datetime(2021, 4, 27, 11, 41, 39, 772231)}
[DEBUG]2021-04-27 11:41:39,911: task[608787ba08e9e59dcba84dcb][AGV30] 6(1) -> 7(8) [waitDestPreLoc] loadPlayload_jackup -> waitDestPreLoc
[INFO]2021-04-27 11:41:40,401: task: prepoint locked  608787ba08e9e59dcba84dcb meiwei423.7
[INFO]2021-04-27 11:41:40,529: task[608787ba08e9e59dcba84dcb] update info: {'failMsg': '前往7工位点放下货架', 'updateTime': datetime.datetime(2021, 4, 27, 11, 41, 40, 497431)}
[DEBUG]2021-04-27 11:41:40,625: task[608787ba08e9e59dcba84dcb][AGV30] 6(1) -> 7(8) [movePreSource] waitDestPreLoc -> movePreSource
[INFO]2021-04-27 11:41:41,117: ***************进入目的地的前置点************
[INFO]2021-04-27 11:41:41,213: ***************调用move方法
[DEBUG]2021-04-27 11:41:41,295: GET: http://127.0.0.1:5551/api/agv/move?WorkPlace=None&agv=AGV30&agvId=AGV30&appName=MeiWeiTask&direction=None&floorId=meiwei423&isRotate&loc=meiwei423.8&location=8&p_direction=0.0&recognize=False&result=True&resultDesc=None&taskId=608787ba08e9e59dcba84dcb_4&taskType=scadaTask&timeoutSec=86400&use_pgv=False addr: 127.0.0.1
[INFO]2021-04-27 11:41:41,309: -------------------------根据move函数会根据main_agv.py来到agvControl函数中的move中----------555---------
[INFO]2021-04-27 11:41:41,312: ---------------------move函数中的_func()函数中-------------------------666--------------------
[INFO]2021-04-27 11:41:41,314: -------------------------6666中的if判断是否进入agvList.py中的moveJackup函数----------------------------
[INFO]2021-04-27 11:41:41,314: 6 8 meiwei423 meiwei423
[INFO]2021-04-27 11:41:41,315: -------------------------------pass------------------------------
[INFO]2021-04-27 11:41:41,325: Begin: AGV30 move from meiwei423.6 to meiwei423.8 by paths: [('meiwei423', ['6', '8'], 20.21778345454478)] task: 608787ba08e9e59dcba84dcb_4 timeout 86400 used 13 ms
[DEBUG]2021-04-27 11:41:41,326: task[608787ba08e9e59dcba84dcb][AGV30] 6(1) -> 7(8) [movePreSourceStep] movePreSource -> movePreSourceStep
[DEBUG]2021-04-27 11:41:42,161: agvInfo: AGV30 meiwei423.6 move to meiwei423.8 ,taskId 608787ba08e9e59dcba84dcb_4
[WARNING]2021-04-27 11:41:43,181: AGV30 waitFinish: loc is diff 6 8 task_status= 2
[WARNING]2021-04-27 11:41:43,699: AGV30 waitFinish: loc is diff 6 8 task_status= 2
[WARNING]2021-04-27 11:41:44,213: AGV30 waitFinish: loc is diff 6 8 task_status= 2
[WARNING]2021-04-27 11:41:44,719: AGV30 waitFinish: loc is diff 6 8 task_status= 2
[WARNING]2021-04-27 11:41:45,228: AGV30 waitFinish: loc is diff 6 8 task_status= 2
[WARNING]2021-04-27 11:41:45,731: AGV30 waitFinish: loc is diff 6 8 task_status= 2
[WARNING]2021-04-27 11:41:46,247: AGV30 waitFinish: loc is diff 6 8 task_status= 2
[WARNING]2021-04-27 11:41:46,765: AGV30 waitFinish: loc is diff 6 8 task_status= 2
[WARNING]2021-04-27 11:41:47,279: AGV30 waitFinish: loc is diff 6 8 task_status= 2
[WARNING]2021-04-27 11:41:47,797: AGV30 waitFinish: loc is diff 6 8 task_status= 2
[WARNING]2021-04-27 11:41:48,373: AGV30 waitFinish: loc is diff 6 8 task_status= 2
[WARNING]2021-04-27 11:41:48,915: AGV30 waitFinish: loc is diff 6 8 task_status= 2
[WARNING]2021-04-27 11:41:49,428: AGV30 waitFinish: loc is diff 6 8 task_status= 2
[WARNING]2021-04-27 11:41:49,946: AGV30 waitFinish: loc is diff 6 8 task_status= 2
[WARNING]2021-04-27 11:41:50,461: AGV30 waitFinish: loc is diff 6 8 task_status= 2
[WARNING]2021-04-27 11:41:50,975: AGV30 waitFinish: loc is diff 6 8 task_status= 2
[WARNING]2021-04-27 11:41:51,488: AGV30 waitFinish: loc is diff 6 8 task_status= 2
[WARNING]2021-04-27 11:41:52,007: AGV30 waitFinish: loc is diff 6 8 task_status= 2
[WARNING]2021-04-27 11:41:52,522: AGV30 waitFinish: loc is diff 6 8 task_status= 2
[WARNING]2021-04-27 11:41:53,037: AGV30 waitFinish: loc is diff 6 8 task_status= 2
[WARNING]2021-04-27 11:41:53,548: AGV30 waitFinish: loc is diff 6 8 task_status= 2
[WARNING]2021-04-27 11:41:54,052: AGV30 waitFinish: loc is diff 6 8 task_status= 2
[WARNING]2021-04-27 11:41:54,566: AGV30 waitFinish: loc is diff 6 8 task_status= 2
[WARNING]2021-04-27 11:41:55,078: AGV30 waitFinish: loc is diff 6 8 task_status= 2
[WARNING]2021-04-27 11:41:55,594: AGV30 waitFinish: loc is diff 6 8 task_status= 2
[WARNING]2021-04-27 11:41:56,108: AGV30 waitFinish: loc is diff 6 8 task_status= 2
[WARNING]2021-04-27 11:41:56,623: AGV30 waitFinish: loc is diff 6 8 task_status= 2
[WARNING]2021-04-27 11:41:57,138: AGV30 waitFinish: loc is diff 6 8 task_status= 2
[WARNING]2021-04-27 11:41:57,654: AGV30 waitFinish: loc is diff 6 8 task_status= 2
[WARNING]2021-04-27 11:41:58,168: AGV30 waitFinish: loc is diff 6 8 task_status= 2
[WARNING]2021-04-27 11:41:58,680: AGV30 waitFinish: loc is diff 6 8 task_status= 2
[WARNING]2021-04-27 11:41:59,195: AGV30 waitFinish: loc is diff 6 8 task_status= 2
[WARNING]2021-04-27 11:41:59,707: AGV30 waitFinish: loc is diff 6 8 task_status= 2
[WARNING]2021-04-27 11:42:00,223: AGV30 waitFinish: loc is diff 6 8 task_status= 2
[WARNING]2021-04-27 11:42:00,742: AGV30 waitFinish: loc is diff 6 8 task_status= 2
[WARNING]2021-04-27 11:42:01,266: AGV30 waitFinish: loc is diff 6 8 task_status= 2
[WARNING]2021-04-27 11:42:01,783: AGV30 waitFinish: loc is diff 6 8 task_status= 2
[WARNING]2021-04-27 11:42:02,297: AGV30 waitFinish: loc is diff 6 8 task_status= 2
[WARNING]2021-04-27 11:42:02,815: AGV30 waitFinish: loc is diff 6 8 task_status= 2
[WARNING]2021-04-27 11:42:03,325: AGV30 waitFinish: loc is diff 6 8 task_status= 2
[WARNING]2021-04-27 11:42:03,842: AGV30 waitFinish: loc is diff 6 8 task_status= 2
[WARNING]2021-04-27 11:42:04,356: AGV30 waitFinish: loc is diff 6 8 task_status= 2
[WARNING]2021-04-27 11:42:04,875: AGV30 waitFinish: loc is diff 6 8 task_status= 2
[WARNING]2021-04-27 11:42:05,388: AGV30 waitFinish: loc is diff 6 8 task_status= 2
[WARNING]2021-04-27 11:42:05,901: AGV30 waitFinish: loc is diff 6 8 task_status= 2
[WARNING]2021-04-27 11:42:06,414: AGV30 waitFinish: loc is diff 6 8 task_status= 2
[WARNING]2021-04-27 11:42:06,917: AGV30 waitFinish: loc is diff 6 8 task_status= 2
[WARNING]2021-04-27 11:42:07,420: AGV30 waitFinish: loc is diff 6 8 task_status= 2
[WARNING]2021-04-27 11:42:07,923: AGV30 waitFinish: loc is diff 6 8 task_status= 2
[WARNING]2021-04-27 11:42:08,428: AGV30 waitFinish: loc is diff 6 8 task_status= 2
[WARNING]2021-04-27 11:42:08,947: AGV30 waitFinish: loc is diff 6 8 task_status= 2
[WARNING]2021-04-27 11:42:09,464: AGV30 waitFinish: loc is diff 6 8 task_status= 2
[DEBUG]2021-04-27 11:42:09,869: AGV30 set loc meiwei423.8 ,old 6 (22.36,0.73)
[SUCC]2021-04-27 11:42:10,998: Finish:  AGV30 arrived meiwei423.8 ,task: 608787ba08e9e59dcba84dcb_4
[INFO]2021-04-27 11:42:11,287: task: move finish callback task[608787ba08e9e59dcba84dcb][AGV30] 6(1) -> 7(8) [movePreSourceStep]
[INFO]2021-04-27 11:42:11,289: ********************************目的地前置点的onFinish位置********************
[INFO]2021-04-27 11:42:11,291: 等待对接信号！ 2021-04-27 11:42:11
[INFO]2021-04-27 11:42:14,303: 等待对接信号！ 2021-04-27 11:42:14
[INFO]2021-04-27 11:42:17,305: 等待对接信号！ 2021-04-27 11:42:17
[INFO]2021-04-27 11:42:17,308: 检测到进去的信号，进入工位取料
[WARNING]2021-04-27 11:42:17,309: Thread-2[tid:1884] <locked _thread.RLock object owner=1884 count=1 at 0x00000229A0CEDAE0> ,hold 6022 ms
[INFO]2021-04-27 11:42:17,312: name=Thread-2, pid=8908, tid=1884
[01] File "E:/Users/Administrator/AppData/Local/Programs/Python/Python38/lib/threading.py", line 870, in run() 
[02] File "../agvCtrl/agvApi.py", line 279, in _checkFinish() 
[03] File "../common/lock.py", line 122, in _call() 
[04] File "../common/lock.py", line 100, in release() 
[05] File "E:/projects_by_myself/backup/MeiWei_back_0421/common/enhance.py", line 258, in getTrace() 
[06] File "E:/projects_by_myself/backup/MeiWei_back_0421/common/enhance.py", line 240, in getThreadStack()
[INFO]2021-04-27 11:42:17,314: ***************调用_moveJackdown方法
[DEBUG]2021-04-27 11:42:17,338: GET: http://127.0.0.1:5551/api/agv/move?WorkPlace=None&agv=AGV30&agvId=AGV30&appName=MeiWeiTask&direction=None&floorId=meiwei423&isRotate&loc=meiwei423.7&location=7&p_direction=0.0&recognize=False&result=True&resultDesc=None&seer_jackup=JackUnload&taskId=608787ba08e9e59dcba84dcb_5&taskType=scadaTask&timeoutSec=86400&use_pgv=False addr: 127.0.0.1
[INFO]2021-04-27 11:42:17,342: -------------------------根据move函数会根据main_agv.py来到agvControl函数中的move中----------555---------
[INFO]2021-04-27 11:42:17,350: ---------------------move函数中的_func()函数中-------------------------666--------------------
[INFO]2021-04-27 11:42:17,352: -------------------------6666中的if判断是否进入agvList.py中的moveJackup函数----------------------------
[INFO]2021-04-27 11:42:17,356: 8 7 meiwei423 meiwei423
[INFO]2021-04-27 11:42:17,357: -------------------------------pass------------------------------
[INFO]2021-04-27 11:42:17,376: Begin: AGV30 move from meiwei423.8 to meiwei423.7 by paths: [('meiwei423', ['8', '7'], 1.1429417289360195)] task: 608787ba08e9e59dcba84dcb_5 timeout 86400 used 26 ms
[DEBUG]2021-04-27 11:42:17,378: used 40ms 200 OK application/json;charset=utf-8, GET: http://127.0.0.1:5551/api/agv/move?WorkPlace=None&agv=AGV30&agvId=AGV30&appName=MeiWeiTask&direction=None&floorId=meiwei423&isRotate&loc=meiwei423.7&location=7&p_direction=0.0&recognize=False&result=True&resultDesc=None&seer_jackup=JackUnload&taskId=608787ba08e9e59dcba84dcb_5&taskType=scadaTask&timeoutSec=86400&use_pgv=False
[INFO]2021-04-27 11:42:17,384: task[608787ba08e9e59dcba84dcb] update info: {'step': 'dropPayload', 'updateTime': datetime.datetime(2021, 4, 27, 11, 42, 17, 381129)}
[INFO]2021-04-27 11:42:17,386: 当前步骤： dropPayload
[WARNING]2021-04-27 11:42:17,389: scada.608787ba08e9e59dcba84dcb[tid:17676] <locked _thread.RLock object owner=17676 count=1 at 0x00000229A0CEDAE0> ,hold 5949 ms
[INFO]2021-04-27 11:42:17,400: name=scada.608787ba08e9e59dcba84dcb, pid=8908, tid=17676
[01] File "E:/Users/Administrator/AppData/Local/Programs/Python/Python38/lib/threading.py", line 870, in run() 
[02] File "../common/utility.py", line 167, in __call() 
[03] File "E:/projects_by_myself/backup/MeiWei_back_0421/akmCtrl/beans/scadaTaskBean.py", line 549, in _taskFunc() 
[04] File "../common/lock.py", line 122, in _call() 
[05] File "../common/lock.py", line 100, in release() 
[06] File "E:/projects_by_myself/backup/MeiWei_back_0421/common/enhance.py", line 258, in getTrace() 
[07] File "E:/projects_by_myself/backup/MeiWei_back_0421/common/enhance.py", line 240, in getThreadStack()
[DEBUG]2021-04-27 11:42:17,404: task[608787ba08e9e59dcba84dcb][AGV30] 6(1) -> 7(8) [dropPayload] movePreSourceStep -> dropPayload
[INFO]2021-04-27 11:42:18,147: ------------------------根据agvControl中的_func来到agvList中的moveJackdown---------------999--------
[DEBUG]2021-04-27 11:42:18,150: agvInfo: AGV30 meiwei423.8 move jackdown to meiwei423.7 ,taskId 608787ba08e9e59dcba84dcb_5
[WARNING]2021-04-27 11:42:19,691: AGV30 waitFinish: loc is diff 8 7 task_status= 2
[DEBUG]2021-04-27 11:42:20,114: AGV30 set loc meiwei423.7 ,old 8 (23.40,0.76)
[SUCC]2021-04-27 11:42:23,261: Finish:  AGV30 arrived meiwei423.7 ,task: 608787ba08e9e59dcba84dcb_5
[INFO]2021-04-27 11:42:23,519: task: move finish callback task[608787ba08e9e59dcba84dcb][AGV30] 6(1) -> 7(8) [dropPayload]
[INFO]2021-04-27 11:42:23,521: ******************假设是顶升*******************
[INFO]2021-04-27 11:42:23,525: task[608787ba08e9e59dcba84dcb] update info: {'failMsg': '放下货架，旋转顶升机构初始化', 'updateTime': datetime.datetime(2021, 4, 27, 11, 42, 23, 523139)}
[INFO]2021-04-27 11:42:23,669: task[608787ba08e9e59dcba84dcb][AGV30] 6(1) -> 7(8) [dropPayloadJackdown] _jackDown
[DEBUG]2021-04-27 11:42:23,673: send http_get: http://127.0.0.1:5551/api/agv/jackdownOld?agv=AGV30&loc=None&timeoutSec=90
[DEBUG]2021-04-27 11:42:23,677: GET: http://127.0.0.1:5551/api/agv/jackdownOld?agv=AGV30&loc=None&timeoutSec=90 addr: 127.0.0.1
[INFO]2021-04-27 11:42:23,679: ************run jackDownOld********************
[DEBUG]2021-04-27 11:42:24,692: used 1016ms 200 OK application/json;charset=utf-8, GET: http://127.0.0.1:5551/api/agv/jackdownOld?agv=AGV30&loc=None&timeoutSec=90
[DEBUG]2021-04-27 11:42:24,884: [return] use 1211 ms,http_get: http://127.0.0.1:5551/api/agv/jackdownOld?agv=AGV30&loc=None&timeoutSec=90
[DEBUG]2021-04-27 11:42:24,964: task[608787ba08e9e59dcba84dcb][AGV30] 6(1) -> 7(8) [dropPayloadReset] dropPayloadJackdown -> dropPayloadReset
[INFO]2021-04-27 11:42:25,421: task[608787ba08e9e59dcba84dcb][AGV30] 6(1) -> 7(8) [dropPayloadReset] rotationClear
[DEBUG]2021-04-27 11:42:25,501: send http_get: http://127.0.0.1:5551/api/agv/rotationclear?agv=AGV30&timeoutSec=30
[DEBUG]2021-04-27 11:42:25,850: GET: http://127.0.0.1:5551/api/agv/rotationclear?agv=AGV30&timeoutSec=30 addr: 127.0.0.1
[INFO]2021-04-27 11:42:26,945: _rotation in rotationMgr: AGV30 None [{'id': 0, 'source': 'normal', 'status': True}, {'id': 1, 'source': 'normal', 'status': True}]
[INFO]2021-04-27 11:42:27,166: AGV30 rotation clear status: 1
[DEBUG]2021-04-27 11:42:27,307: used 1457ms 200 OK application/json;charset=utf-8, GET: http://127.0.0.1:5551/api/agv/rotationclear?agv=AGV30&timeoutSec=30
[DEBUG]2021-04-27 11:42:27,483: [return] use 1982 ms,http_get: http://127.0.0.1:5551/api/agv/rotationclear?agv=AGV30&timeoutSec=30
[INFO]2021-04-27 11:42:27,622: task[608787ba08e9e59dcba84dcb]:  successed {'step': 'finish', 'failMsg': '任务成功', 'endTime': datetime.datetime(2021, 4, 27, 11, 42, 27, 593162), 'status': 'success'}
[DEBUG]2021-04-27 11:42:27,700: task[608787ba08e9e59dcba84dcb][AGV30] 6(1) -> 7(8) [finish] dropPayloadReset -> finish
[INFO]2021-04-27 11:42:28,205: task[608787ba08e9e59dcba84dcb][AGV30] 6(1) -> 7(8) [finish] AGV30 release task, release agv True True False
[DEBUG]2021-04-27 11:42:28,521: GET: http://127.0.0.1:5551/api/agv/isLocked?agv=AGV30&appName=MeiWeiTask&taskId=608787ba08e9e59dcba84dcb addr: 127.0.0.1
[DEBUG]2021-04-27 11:42:28,617: used 96ms 200 OK application/json;charset=utf-8, GET: http://127.0.0.1:5551/api/agv/isLocked?agv=AGV30&appName=MeiWeiTask&taskId=608787ba08e9e59dcba84dcb
[DEBUG]2021-04-27 11:42:28,963: GET: http://127.0.0.1:5551/api/agv/release?agv=AGV30&appName=MeiWeiTask&force=False&taskId=608787ba08e9e59dcba84dcb addr: 127.0.0.1
[DEBUG]2021-04-27 11:42:29,043: unlock: AGV30 taskId 608787ba08e9e59dcba84dcb app MeiWeiTask force False
[DEBUG]2021-04-27 11:42:29,154: used 191ms 200 OK application/json;charset=utf-8, GET: http://127.0.0.1:5551/api/agv/release?agv=AGV30&appName=MeiWeiTask&force=False&taskId=608787ba08e9e59dcba84dcb
[INFO]2021-04-27 11:42:29,264: task[608787ba08e9e59dcba84dcb][AGV30] 6(1) -> 7(8) [finish] let AGV30 gohome
[DEBUG]2021-04-27 11:42:29,519: GET: http://127.0.0.1:5551/api/agv/goHome?agv=AGV30&appName=MeiWeiTask&force=False&timeout=10800 addr: 127.0.0.1
[INFO]2021-04-27 11:42:29,630: AGV30 gohome home_1 force False taskId home_1 : AGV30.7 -> meiwei423.9
[INFO]2021-04-27 11:42:29,790: -------------------------根据move函数会根据main_agv.py来到agvControl函数中的move中----------555---------
[INFO]2021-04-27 11:42:30,074: ---------------------move函数中的_func()函数中-------------------------666--------------------
[INFO]2021-04-27 11:42:30,154: -------------------------6666中的if判断是否进入agvList.py中的moveJackup函数----------------------------
[INFO]2021-04-27 11:42:30,280: 7 9 meiwei423 meiwei423
[INFO]2021-04-27 11:42:30,360: -------------------------------pass------------------------------
[INFO]2021-04-27 11:42:32,029: Begin: AGV30 move from meiwei423.7 to meiwei423.9 by paths: [('meiwei423', ['7', '9'], 3.87438880919504)] task: home_1 timeout 10800 used 1955 ms
[DEBUG]2021-04-27 11:42:32,109: used 2590ms 200 OK application/json;charset=utf-8, GET: http://127.0.0.1:5551/api/agv/goHome?agv=AGV30&appName=MeiWeiTask&force=False&timeout=10800
[INFO]2021-04-27 11:42:32,300: task: prepoint released2  608787ba08e9e59dcba84dcb meiwei423.7
[WARNING]2021-04-27 11:42:32,380: scada.608787ba08e9e59dcba84dcb[tid:17676] <lock name:runTasks.g_lock,<locked _thread.RLock object owner=17676 count=1 at 0x000002299B1BFC30>> ,hold 4175 ms
[INFO]2021-04-27 11:42:32,539: name=scada.608787ba08e9e59dcba84dcb, pid=8908, tid=17676
[01] File "E:/Users/Administrator/AppData/Local/Programs/Python/Python38/lib/threading.py", line 870, in run() 
[02] File "../common/utility.py", line 167, in __call() 
[03] File "E:/projects_by_myself/backup/MeiWei_back_0421/akmCtrl/beans/scadaTaskBean.py", line 546, in _taskFunc() 
[04] File "../common/lock.py", line 122, in _call() 
[05] File "../common/lock.py", line 100, in release() 
[06] File "E:/projects_by_myself/backup/MeiWei_back_0421/common/enhance.py", line 258, in getTrace() 
[07] File "E:/projects_by_myself/backup/MeiWei_back_0421/common/enhance.py", line 240, in getThreadStack()
[INFO]2021-04-27 11:42:32,650: task: stop task[608787ba08e9e59dcba84dcb][-] 6(1) -> 7(8) [finish]
[DEBUG]2021-04-27 11:42:32,665: task: delete task 608787ba08e9e59dcba84dcb
[WARNING]2021-04-27 11:42:32,823: timer_thread[tid:4092] <lock name:runTasks.g_lock,<locked _thread.RLock object owner=4092 count=1 at 0x000002299B1BFC30>> ,hold 3748 ms
[INFO]2021-04-27 11:42:32,965: name=timer_thread, pid=8908, tid=4092
[01] File "E:/Users/Administrator/AppData/Local/Programs/Python/Python38/lib/threading.py", line 870, in run() 
[02] File "../common/mytimer.py", line 113, in _loop() 
[03] File "../common/lock.py", line 122, in _call() 
[04] File "../common/lock.py", line 100, in release() 
[05] File "E:/projects_by_myself/backup/MeiWei_back_0421/common/enhance.py", line 258, in getTrace() 
[06] File "E:/projects_by_myself/backup/MeiWei_back_0421/common/enhance.py", line 240, in getThreadStack()
[DEBUG]2021-04-27 11:42:33,886: agvInfo: AGV30 meiwei423.7 move to meiwei423.9 ,taskId home_1
[WARNING]2021-04-27 11:42:35,516: AGV30 waitFinish: loc is diff 7 9 task_status= 2
[WARNING]2021-04-27 11:42:36,135: AGV30 waitFinish: loc is diff 7 9 task_status= 2
[WARNING]2021-04-27 11:42:36,773: AGV30 waitFinish: loc is diff 7 9 task_status= 2
[WARNING]2021-04-27 11:42:37,409: AGV30 waitFinish: loc is diff 7 9 task_status= 2
[WARNING]2021-04-27 11:42:38,078: AGV30 waitFinish: loc is diff 7 9 task_status= 2
[WARNING]2021-04-27 11:42:38,701: AGV30 waitFinish: loc is diff 7 9 task_status= 2
[WARNING]2021-04-27 11:42:39,256: AGV30 waitFinish: loc is diff 7 9 task_status= 2
[WARNING]2021-04-27 11:42:39,861: AGV30 waitFinish: loc is diff 7 9 task_status= 2
[DEBUG]2021-04-27 11:42:40,276: AGV30 set loc meiwei423.9 ,old 7 (27.38,0.85)
[SUCC]2021-04-27 11:42:41,593: Finish:  AGV30 arrived meiwei423.9 ,task: home_1
[DEBUG]2021-04-27 11:42:41,657: unlock: AGV30 taskId None app None force False
[ERROR]2021-04-27 11:42:55,967: user press Ctrl+C, system quit!
[WARNING]2021-04-27 11:42:56,092: runTask:stop save file
[ERROR]2021-04-27 11:42:56,154: process exited, living 0:02:19.526923 seconds
