[INFO]2021-06-07 16:27:26,701: log files at C:\Users\Administrator\Desktop\SVN\美维\MeiWei_back_0421\common\log
[INFO]2021-06-07 16:27:26,702: find module account.main_account
[INFO]2021-06-07 16:27:26,702: find module agvCtrl.main_agv
[INFO]2021-06-07 16:27:26,704: find module agvDevice.main_agvDevice
[INFO]2021-06-07 16:27:26,704: find module akmCtrl.main_akmCtrl
[INFO]2021-06-07 16:27:26,705: find module alarm.main_alarm
[INFO]2021-06-07 16:27:26,705: find module auth.main_auth
[INFO]2021-06-07 16:27:26,705: find module door.main_door
[INFO]2021-06-07 16:27:26,706: find module elevator.main_elevator
[INFO]2021-06-07 16:27:26,709: find module feed.main_feed
[INFO]2021-06-07 16:27:26,710: find module feed.main_feed_0427
[INFO]2021-06-07 16:27:26,710: find module remoteio.main_remoteio
[INFO]2021-06-07 16:27:26,710: import account.main_account
[INFO]2021-06-07 16:27:26,794: import agvCtrl.main_agv
[INFO]2021-06-07 16:27:27,101: create lock <lock name:doorMgr.lock,<unlocked _thread.RLock object owner=0 count=0 at 0x0000023890E7ED78>>
[INFO]2021-06-07 16:27:27,115: create lock <lock name:door.lock,<unlocked _thread.RLock object owner=0 count=0 at 0x0000023890E7EF30>>
[INFO]2021-06-07 16:27:27,211: create lock <lock name:timer.lock_2443834569224,<unlocked _thread.RLock object owner=0 count=0 at 0x00000238911E6C38>>
[ERROR]2021-06-07 16:27:27,223: mqtt is disabled
[INFO]2021-06-07 16:27:27,223: mqtt: subscribe [alarm/raise/+]
[INFO]2021-06-07 16:27:27,223: mqtt: subscribe [alarm/clear/+]
[INFO]2021-06-07 16:27:30,256: Mongodb connect to 127.0.0.1 port 27017
[INFO]2021-06-07 16:27:30,282: create lock <lock name:elevatorMgr.lock,<unlocked _thread.RLock object owner=0 count=0 at 0x00000238914B80F8>>
[WARNING]2021-06-07 16:27:30,312: use mockAgvCtrl
[INFO]2021-06-07 16:27:30,315: create lock <lock name:mapMgr.lock,<unlocked _thread.RLock object owner=0 count=0 at 0x000002388F6BEC60>>
[INFO]2021-06-07 16:27:30,586: create lock <lock name:agvList.g_agvLock,<unlocked _thread.RLock object owner=0 count=0 at 0x0000023891568058>>
[INFO]2021-06-07 16:27:30,592: create lock <lock name:taskList.lock,<unlocked _thread.RLock object owner=0 count=0 at 0x0000023891568F80>>
[INFO]2021-06-07 16:27:30,650: charge policy 1 , fix time
[INFO]2021-06-07 16:27:30,684: create lock <lock name:agvApi.g_lock,<unlocked _thread.RLock object owner=0 count=0 at 0x00000238915DF0F8>>
[INFO]2021-06-07 16:27:31,320: start load map C:\Users\Administrator\Desktop\SVN\美维\MeiWei_back_0421\agvCtrl\projects\test\AKM2F.smap
[DEBUG]2021-06-07 16:27:31,446: elevator thread start
[INFO]2021-06-07 16:27:31,462: load map C:\Users\Administrator\Desktop\SVN\美维\MeiWei_back_0421\agvCtrl\projects\test\AKM2F.smap ,used 152 ms
[INFO]2021-06-07 16:27:31,491: start load map C:\Users\Administrator\Desktop\SVN\美维\MeiWei_back_0421\agvCtrl\projects\test\akmsmt.smap
[INFO]2021-06-07 16:27:31,540: load map C:\Users\Administrator\Desktop\SVN\美维\MeiWei_back_0421\agvCtrl\projects\test\akmsmt.smap ,used 68 ms
[INFO]2021-06-07 16:27:31,549: start load map C:\Users\Administrator\Desktop\SVN\美维\MeiWei_back_0421\agvCtrl\projects\test\akmsmtMap.smap
[INFO]2021-06-07 16:27:31,702: load map C:\Users\Administrator\Desktop\SVN\美维\MeiWei_back_0421\agvCtrl\projects\test\akmsmtMap.smap ,used 161 ms
[INFO]2021-06-07 16:27:31,712: start load map C:\Users\Administrator\Desktop\SVN\美维\MeiWei_back_0421\agvCtrl\projects\test\desai-all-20191223.smap
[INFO]2021-06-07 16:27:31,835: load map C:\Users\Administrator\Desktop\SVN\美维\MeiWei_back_0421\agvCtrl\projects\test\desai-all-20191223.smap ,used 131 ms
[INFO]2021-06-07 16:27:31,845: start load map C:\Users\Administrator\Desktop\SVN\美维\MeiWei_back_0421\agvCtrl\projects\test\meiwei423.smap
[INFO]2021-06-07 16:27:31,925: load map C:\Users\Administrator\Desktop\SVN\美维\MeiWei_back_0421\agvCtrl\projects\test\meiwei423.smap ,used 89 ms
[INFO]2021-06-07 16:27:31,937: start load map C:\Users\Administrator\Desktop\SVN\美维\MeiWei_back_0421\agvCtrl\projects\test\meiwei428.smap
[INFO]2021-06-07 16:27:31,989: load map C:\Users\Administrator\Desktop\SVN\美维\MeiWei_back_0421\agvCtrl\projects\test\meiwei428.smap ,used 63 ms
[INFO]2021-06-07 16:27:32,002: import agvDevice.main_agvDevice
[INFO]2021-06-07 16:27:32,003: import akmCtrl.main_akmCtrl
[INFO]2021-06-07 16:27:32,027: create lock <lock name:runTasks.g_lock,<unlocked _thread.RLock object owner=0 count=0 at 0x0000023891AB24B8>>
[INFO]2021-06-07 16:27:32,040: create lock <lock name:agvApi.g_lock,<unlocked _thread.RLock object owner=0 count=0 at 0x0000023891B56990>>
[INFO]2021-06-07 16:27:32,059: create lock <lock name:runTasks.pre_lock,<unlocked _thread.RLock object owner=0 count=0 at 0x0000023891A17E90>>
[INFO]2021-06-07 16:27:32,061: create lock <lock name:timer.lock_2442025083792,<unlocked _thread.RLock object owner=0 count=0 at 0x00000238919FE580>>
[INFO]2021-06-07 16:27:32,094: create lock <lock name:mapMgr.lock,<unlocked _thread.RLock object owner=0 count=0 at 0x00000238902B3288>>
[INFO]2021-06-07 16:27:32,564: import alarm.main_alarm
[INFO]2021-06-07 16:27:32,578: import auth.main_auth
[INFO]2021-06-07 16:27:32,585: import door.main_door
[INFO]2021-06-07 16:27:32,665: import elevator.main_elevator
[INFO]2021-06-07 16:27:32,747: create lock <lock name:elevatorApi.g_lock,<unlocked _thread.RLock object owner=0 count=0 at 0x00000238902B3D78>>
[INFO]2021-06-07 16:27:32,748: import feed.main_feed
[INFO]2021-06-07 16:27:32,798: IP: 0.0.0.0 port: 777
[CRITICAL]2021-06-07 16:27:32,805: import main_feed failed, path: feed cause a error: [WinError 10013] 以一种访问权限不允许的方式做了一个访问套接字的尝试。
pid=6772, ppid=12432, tid=7704
Traceback (most recent call last):
  File "run_all.py", line 39, in findModule
    __import__(m[1])
  File "C:\Users\Administrator\Desktop\SVN\美维\MeiWei_back_0421\feed\main_feed.py", line 281, in <module>
    main()
  File "C:\Users\Administrator\Desktop\SVN\美维\MeiWei_back_0421\feed\main_feed.py", line 177, in main
    buttonSer = tcpSocket.server(ip, port, connectLen=100, acceptCallback=response)
  File "C:\Users\Administrator\Desktop\SVN\美维\MeiWei_back_0421\common\tcpSocket.py", line 34, in __init__
    self._socket.bind(self._addr)
OSError: [WinError 10013] 以一种访问权限不允许的方式做了一个访问套接字的尝试。

[CRITICAL]2021-06-07 16:27:32,852: import main_feed failed, path: feed ,cause [WinError 10013] 以一种访问权限不允许的方式做了一个访问套接字的尝试。
[INFO]2021-06-07 16:27:35,453: load agv file: C:\Users\Administrator\Desktop\SVN\美维\MeiWei_back_0421\agvCtrl/projects/test/agv.cfg
[INFO]2021-06-07 16:27:35,456: create lock <lock name:agvList.AGV30.lock,<unlocked _thread.RLock object owner=0 count=0 at 0x00000238919B7CD8>>
[DEBUG]2021-06-07 16:27:35,490: create aliveObj AGV30 AGV离线异常 timeout 300
[INFO]2021-06-07 16:27:35,492: AGV30 start agvList run thread
[INFO]2021-06-07 16:27:35,492: AGV30 start agvList run2 thread
[ERROR]2021-06-07 16:27:35,498: agv check init error False
[INFO]2021-06-07 16:27:36,003: AGV30 current map meiwei428
[INFO]2021-06-07 16:27:36,005: AGV30 is online
