[CRITICAL]2021-04-20 17:30:09,427: agvApi step callback cause a error: 'dict' object is not callable
pid=13896, ppid=5756, tid=10732
Traceback (most recent call last):
  File "..\agvCtrl\agvApi.py", line 261, in _checkFinish
    t.stepCallback(t.params,t.status)
TypeError: 'dict' object is not callable

[CRITICAL]2021-04-20 17:30:09,427: agvApi step callback cause a error: 'dict' object is not callable
pid=13896, ppid=5756, tid=10732
Traceback (most recent call last):
  File "..\agvCtrl\agvApi.py", line 261, in _checkFinish
    t.stepCallback(t.params,t.status)
TypeError: 'dict' object is not callable

[CRITICAL]2021-04-20 17:30:11,524: agvApi step callback cause a error: 'dict' object is not callable
pid=13896, ppid=5756, tid=10732
Traceback (most recent call last):
  File "..\agvCtrl\agvApi.py", line 261, in _checkFinish
    t.stepCallback(t.params,t.status)
TypeError: 'dict' object is not callable

[CRITICAL]2021-04-20 17:30:11,524: agvApi step callback cause a error: 'dict' object is not callable
pid=13896, ppid=5756, tid=10732
Traceback (most recent call last):
  File "..\agvCtrl\agvApi.py", line 261, in _checkFinish
    t.stepCallback(t.params,t.status)
TypeError: 'dict' object is not callable

[CRITICAL]2021-04-20 17:30:13,631: agvApi step callback cause a error: 'dict' object is not callable
pid=13896, ppid=5756, tid=10732
Traceback (most recent call last):
  File "..\agvCtrl\agvApi.py", line 261, in _checkFinish
    t.stepCallback(t.params,t.status)
TypeError: 'dict' object is not callable

[CRITICAL]2021-04-20 17:30:13,631: agvApi step callback cause a error: 'dict' object is not callable
pid=13896, ppid=5756, tid=10732
Traceback (most recent call last):
  File "..\agvCtrl\agvApi.py", line 261, in _checkFinish
    t.stepCallback(t.params,t.status)
TypeError: 'dict' object is not callable

[CRITICAL]2021-04-20 17:30:15,717: agvApi step callback cause a error: 'dict' object is not callable
pid=13896, ppid=5756, tid=10732
Traceback (most recent call last):
  File "..\agvCtrl\agvApi.py", line 261, in _checkFinish
    t.stepCallback(t.params,t.status)
TypeError: 'dict' object is not callable

[CRITICAL]2021-04-20 17:30:15,717: agvApi step callback cause a error: 'dict' object is not callable
pid=13896, ppid=5756, tid=10732
Traceback (most recent call last):
  File "..\agvCtrl\agvApi.py", line 261, in _checkFinish
    t.stepCallback(t.params,t.status)
TypeError: 'dict' object is not callable

