[INFO]2021-03-25 13:55:22,231: log files at D:\python_work\AKMfloor\common\log
[INFO]2021-03-25 13:55:22,232: find module account.main_account
[INFO]2021-03-25 13:55:22,232: find module agvCtrl.main_agv
[INFO]2021-03-25 13:55:22,232: find module agvDevice.main_agvDevice
[INFO]2021-03-25 13:55:22,232: find module alarm.main_alarm
[INFO]2021-03-25 13:55:22,233: find module auth.main_auth
[INFO]2021-03-25 13:55:22,233: find module door.main_door
[INFO]2021-03-25 13:55:22,233: find module elevator.main_elevator
[INFO]2021-03-25 13:55:22,233: find module feed.main_feed
[INFO]2021-03-25 13:55:22,234: find module menu.main_menu
[INFO]2021-03-25 13:55:22,234: find module pharmapackCtrl.main_scadaCtrl
[INFO]2021-03-25 13:55:22,234: find module webFront.main_web
[INFO]2021-03-25 13:55:22,235: find module wmqtt.main_wmqtt
[INFO]2021-03-25 13:55:22,235: import account.main_account
[INFO]2021-03-25 13:55:22,475: import agvCtrl.main_agv
[INFO]2021-03-25 13:55:23,616: create lock <lock name:doorMgr.lock,<unlocked _thread.RLock object owner=0 count=0 at 0x0000013E8D341AE0>>
[INFO]2021-03-25 13:55:23,623: create lock <lock name:door.lock,<unlocked _thread.RLock object owner=0 count=0 at 0x0000013E8D351420>>
[INFO]2021-03-25 13:55:23,750: create lock <lock name:timer.lock_1368171847056,<unlocked _thread.RLock object owner=0 count=0 at 0x0000013E8D659ED0>>
[ERROR]2021-03-25 13:55:23,770: mqtt is disabled
[INFO]2021-03-25 13:55:23,770: mqtt: subscribe [alarm/raise/+]
[INFO]2021-03-25 13:55:23,770: mqtt: subscribe [alarm/clear/+]
[INFO]2021-03-25 13:55:26,803: Mongodb connect to 127.0.0.1 port 27017
[INFO]2021-03-25 13:55:26,881: create lock <lock name:elevatorApi.g_lock,<unlocked _thread.RLock object owner=0 count=0 at 0x0000013E8D8BA510>>
[INFO]2021-03-25 13:55:26,884: create lock <lock name:elevatorMgr.lock,<unlocked _thread.RLock object owner=0 count=0 at 0x0000013E8D8AC8D0>>
[INFO]2021-03-25 13:55:27,914: create lock <lock name:mapMgr.lock,<unlocked _thread.RLock object owner=0 count=0 at 0x0000013E8D8C4480>>
[INFO]2021-03-25 13:55:28,529: create lock <lock name:agvList.g_agvLock,<unlocked _thread.RLock object owner=0 count=0 at 0x0000013E8D9632A0>>
[INFO]2021-03-25 13:55:28,533: create lock <lock name:taskList.lock,<unlocked _thread.RLock object owner=0 count=0 at 0x0000013E8DA05330>>
[INFO]2021-03-25 13:55:28,612: charge policy 1 , fix time
[INFO]2021-03-25 13:55:28,648: create lock <lock name:agvApi.g_lock,<unlocked _thread.RLock object owner=0 count=0 at 0x0000013E8DA05ED0>>
[INFO]2021-03-25 13:55:29,140: start load map D:\python_work\AKMfloor\agvCtrl\projects\AKMfloor\AKM2F.smap
[DEBUG]2021-03-25 13:55:29,283: elevator thread start
[INFO]2021-03-25 13:55:29,332: load map D:\python_work\AKMfloor\agvCtrl\projects\AKMfloor\AKM2F.smap ,used 203 ms
[INFO]2021-03-25 13:55:29,379: start load map D:\python_work\AKMfloor\agvCtrl\projects\AKMfloor\AKM4F.smap
[INFO]2021-03-25 13:55:29,617: load map D:\python_work\AKMfloor\agvCtrl\projects\AKMfloor\AKM4F.smap ,used 283 ms
[INFO]2021-03-25 13:55:29,629: import agvDevice.main_agvDevice
[INFO]2021-03-25 13:55:29,630: import alarm.main_alarm
[INFO]2021-03-25 13:55:29,631: import auth.main_auth
[INFO]2021-03-25 13:55:29,673: import door.main_door
[INFO]2021-03-25 13:55:29,684: import elevator.main_elevator
[INFO]2021-03-25 13:55:29,685: import feed.main_feed
[INFO]2021-03-25 13:55:29,733: create lock <lock name:feedTask.g_lock,<unlocked _thread.RLock object owner=0 count=0 at 0x0000013E8DCC43C0>>
[INFO]2021-03-25 13:55:29,742: create lock <lock name:agvApi.g_lock,<unlocked _thread.RLock object owner=0 count=0 at 0x0000013E8DCD4270>>
[INFO]2021-03-25 13:55:31,689: import menu.main_menu
[INFO]2021-03-25 13:55:31,703: import pharmapackCtrl.main_scadaCtrl
[INFO]2021-03-25 13:55:32,048: create lock <lock name:runTasks.g_lock,<unlocked _thread.RLock object owner=0 count=0 at 0x0000013E8F97E2A0>>
[INFO]2021-03-25 13:55:32,049: create lock <lock name:runTasks.pre_lock,<unlocked _thread.RLock object owner=0 count=0 at 0x0000013E8F97ED20>>
[INFO]2021-03-25 13:55:32,087: recover can release agv *task[605c24548f0ddbc349ddb396][AGV03] AP13(LM15) -> AP14(LM16) [loadPlayload]
[INFO]2021-03-25 13:55:32,088: load task: *task[605c24548f0ddbc349ddb396][-] AP13(LM15) -> AP14(LM16) [waiting]
[INFO]2021-03-25 13:55:32,092: import webFront.main_web
[INFO]2021-03-25 13:55:32,112: import wmqtt.main_wmqtt
[SUCC]2021-03-25 13:55:32,153: utility start, pid=14264, ppid=9204
[DEBUG]2021-03-25 13:55:32,154: start timer
[INFO]2021-03-25 13:55:32,192: load agv file: D:\python_work\AKMfloor\agvCtrl/projects/AKMfloor/agv.cfg
[INFO]2021-03-25 13:55:32,195: create lock <lock name:agvList.AGV03.lock,<unlocked _thread.RLock object owner=0 count=0 at 0x0000013E90188C30>>
[DEBUG]2021-03-25 13:55:32,202: create aliveObj AGV03 AGV离线异常 timeout 300
[INFO]2021-03-25 13:55:32,203: AGV03 start agvList run thread
[INFO]2021-03-25 13:55:32,203: create lock <lock name:agv.AGV03.lock_status,<unlocked _thread.RLock object owner=0 count=0 at 0x0000013E90190A50>>
[INFO]2021-03-25 13:55:32,204: AGV03 start agvList run2 thread
[DEBUG]2021-03-25 13:55:32,205: try connect AGV03 192.168.20.182:19204
[INFO]2021-03-25 13:55:32,212: add_ignore: taskStatus
[INFO]2021-03-25 13:55:32,212: add_ignore: api/elevator/status
[INFO]2021-03-25 13:55:32,212: add_ignore: scada/getTask
[INFO]2021-03-25 13:55:32,224: AGV03 connected 192.168.20.182 19204
[INFO]2021-03-25 13:55:32,224: create lock <lock name:agv.AGV03.lock_ctrl,<unlocked _thread.RLock object owner=0 count=0 at 0x0000013E90190A80>>
[DEBUG]2021-03-25 13:55:32,225: try connect AGV03 192.168.20.182:19205
[INFO]2021-03-25 13:55:32,240: AGV03 connected 192.168.20.182 19205
[INFO]2021-03-25 13:55:32,241: create lock <lock name:agv.AGV03.lock_task,<unlocked _thread.RLock object owner=0 count=0 at 0x0000013E90190AB0>>
[DEBUG]2021-03-25 13:55:32,242: try connect AGV03 192.168.20.182:19206
[INFO]2021-03-25 13:55:32,252: AGV03 connected 192.168.20.182 19206
[INFO]2021-03-25 13:55:32,252: create lock <lock name:agv.AGV03.lock_conf,<unlocked _thread.RLock object owner=0 count=0 at 0x0000013E90190C00>>
[DEBUG]2021-03-25 13:55:32,253: try connect AGV03 192.168.20.182:19207
[INFO]2021-03-25 13:55:32,261: AGV03 connected 192.168.20.182 19207
[INFO]2021-03-25 13:55:32,262: create lock <lock name:agv.AGV03.lock_core,<unlocked _thread.RLock object owner=0 count=0 at 0x0000013E919D2900>>
[DEBUG]2021-03-25 13:55:32,263: try connect AGV03 192.168.20.182:19208
[INFO]2021-03-25 13:55:32,270: AGV03 connected 192.168.20.182 19208
[INFO]2021-03-25 13:55:32,271: create lock <lock name:agv.AGV03.lock_other,<unlocked _thread.RLock object owner=0 count=0 at 0x0000013E919D29C0>>
[DEBUG]2021-03-25 13:55:32,273: try connect AGV03 192.168.20.182:19210
[INFO]2021-03-25 13:55:32,279: AGV03 connected 192.168.20.182 19210
[INFO]2021-03-25 13:55:32,316: AGV03 current map AKM4F
[INFO]2021-03-25 13:55:32,342: AGV03 is online
[WARNING]2021-03-25 13:55:32,366: clear alarm obj=AGV03, typeId=54070, id=605c247a07e2e631304f40a8
[CRITICAL]2021-03-25 13:55:36,199: agvApi.init cause a error: ('http get', 'http://127.0.0.1:5551/api/agv/init', {'appName': 'scadaTask'}, 'error:', '<urlopen error [WinError 10061] 由于目标计算机积极拒绝，无法连接。>')
pid=14264, ppid=9204, tid=7740
Traceback (most recent call last):
  File "C:\Python38\lib\urllib\request.py", line 1317, in do_open
    h.request(req.get_method(), req.selector, req.data, headers,
  File "C:\Python38\lib\http\client.py", line 1230, in request
    self._send_request(method, url, body, headers, encode_chunked)
  File "C:\Python38\lib\http\client.py", line 1276, in _send_request
    self.endheaders(body, encode_chunked=encode_chunked)
  File "C:\Python38\lib\http\client.py", line 1225, in endheaders
    self._send_output(message_body, encode_chunked=encode_chunked)
  File "C:\Python38\lib\http\client.py", line 1004, in _send_output
    self.send(msg)
  File "C:\Python38\lib\http\client.py", line 944, in send
    self.connect()
  File "C:\Python38\lib\http\client.py", line 915, in connect
    self.sock = self._create_connection(
  File "C:\Python38\lib\socket.py", line 807, in create_connection
    raise err
  File "C:\Python38\lib\socket.py", line 796, in create_connection
    sock.connect(sa)
ConnectionRefusedError: [WinError 10061] 由于目标计算机积极拒绝，无法连接。

During handling of the above exception, another exception occurred:

Traceback (most recent call last):
  File "D:\python_work\AKMfloor\common\webutility.py", line 103, in http_get
    f = urllib.request.urlopen(u,timeout=timeout)
  File "C:\Python38\lib\urllib\request.py", line 222, in urlopen
    return opener.open(url, data, timeout)
  File "C:\Python38\lib\urllib\request.py", line 525, in open
    response = self._open(req, data)
  File "C:\Python38\lib\urllib\request.py", line 542, in _open
    result = self._call_chain(self.handle_open, protocol, protocol +
  File "C:\Python38\lib\urllib\request.py", line 502, in _call_chain
    result = func(*args)
  File "C:\Python38\lib\urllib\request.py", line 1346, in http_open
    return self.do_open(http.client.HTTPConnection, req)
  File "C:\Python38\lib\urllib\request.py", line 1320, in do_open
    raise URLError(err)
urllib.error.URLError: <urlopen error [WinError 10061] 由于目标计算机积极拒绝，无法连接。>

During handling of the above exception, another exception occurred:

Traceback (most recent call last):
  File "D:\python_work\AKMfloor\agvCtrl\agvApi.py", line 40, in init
    _http_get(url + '/api/agv/init', param)
  File "D:\python_work\AKMfloor\agvCtrl\agvApi.py", line 61, in _http_get
    r = webutility.http_get(url, param, timeout=45,writelog=False)
  File "D:\python_work\AKMfloor\common\webutility.py", line 105, in http_get
    raise Exception("http get",url,params,"error:",str(e))
Exception: ('http get', 'http://127.0.0.1:5551/api/agv/init', {'appName': 'scadaTask'}, 'error:', '<urlopen error [WinError 10061] 由于目标计算机积极拒绝，无法连接。>')

[CRITICAL]2021-03-25 13:55:39,233: agvApi.init cause a error: ('http get', 'http://127.0.0.1:5551/api/agv/init', {'appName': 'scadaTask'}, 'error:', '<urlopen error [WinError 10061] 由于目标计算机积极拒绝，无法连接。>')
pid=14264, ppid=9204, tid=7740
Traceback (most recent call last):
  File "C:\Python38\lib\urllib\request.py", line 1317, in do_open
    h.request(req.get_method(), req.selector, req.data, headers,
  File "C:\Python38\lib\http\client.py", line 1230, in request
    self._send_request(method, url, body, headers, encode_chunked)
  File "C:\Python38\lib\http\client.py", line 1276, in _send_request
    self.endheaders(body, encode_chunked=encode_chunked)
  File "C:\Python38\lib\http\client.py", line 1225, in endheaders
    self._send_output(message_body, encode_chunked=encode_chunked)
  File "C:\Python38\lib\http\client.py", line 1004, in _send_output
    self.send(msg)
  File "C:\Python38\lib\http\client.py", line 944, in send
    self.connect()
  File "C:\Python38\lib\http\client.py", line 915, in connect
    self.sock = self._create_connection(
  File "C:\Python38\lib\socket.py", line 807, in create_connection
    raise err
  File "C:\Python38\lib\socket.py", line 796, in create_connection
    sock.connect(sa)
ConnectionRefusedError: [WinError 10061] 由于目标计算机积极拒绝，无法连接。

During handling of the above exception, another exception occurred:

Traceback (most recent call last):
  File "D:\python_work\AKMfloor\common\webutility.py", line 103, in http_get
    f = urllib.request.urlopen(u,timeout=timeout)
  File "C:\Python38\lib\urllib\request.py", line 222, in urlopen
    return opener.open(url, data, timeout)
  File "C:\Python38\lib\urllib\request.py", line 525, in open
    response = self._open(req, data)
  File "C:\Python38\lib\urllib\request.py", line 542, in _open
    result = self._call_chain(self.handle_open, protocol, protocol +
  File "C:\Python38\lib\urllib\request.py", line 502, in _call_chain
    result = func(*args)
  File "C:\Python38\lib\urllib\request.py", line 1346, in http_open
    return self.do_open(http.client.HTTPConnection, req)
  File "C:\Python38\lib\urllib\request.py", line 1320, in do_open
    raise URLError(err)
urllib.error.URLError: <urlopen error [WinError 10061] 由于目标计算机积极拒绝，无法连接。>

During handling of the above exception, another exception occurred:

Traceback (most recent call last):
  File "D:\python_work\AKMfloor\agvCtrl\agvApi.py", line 40, in init
    _http_get(url + '/api/agv/init', param)
  File "D:\python_work\AKMfloor\agvCtrl\agvApi.py", line 61, in _http_get
    r = webutility.http_get(url, param, timeout=45,writelog=False)
  File "D:\python_work\AKMfloor\common\webutility.py", line 105, in http_get
    raise Exception("http get",url,params,"error:",str(e))
Exception: ('http get', 'http://127.0.0.1:5551/api/agv/init', {'appName': 'scadaTask'}, 'error:', '<urlopen error [WinError 10061] 由于目标计算机积极拒绝，无法连接。>')

[CRITICAL]2021-03-25 13:55:42,275: agvApi.init cause a error: ('http get', 'http://127.0.0.1:5551/api/agv/init', {'appName': 'scadaTask'}, 'error:', '<urlopen error [WinError 10061] 由于目标计算机积极拒绝，无法连接。>')
pid=14264, ppid=9204, tid=7740
Traceback (most recent call last):
  File "C:\Python38\lib\urllib\request.py", line 1317, in do_open
    h.request(req.get_method(), req.selector, req.data, headers,
  File "C:\Python38\lib\http\client.py", line 1230, in request
    self._send_request(method, url, body, headers, encode_chunked)
  File "C:\Python38\lib\http\client.py", line 1276, in _send_request
    self.endheaders(body, encode_chunked=encode_chunked)
  File "C:\Python38\lib\http\client.py", line 1225, in endheaders
    self._send_output(message_body, encode_chunked=encode_chunked)
  File "C:\Python38\lib\http\client.py", line 1004, in _send_output
    self.send(msg)
  File "C:\Python38\lib\http\client.py", line 944, in send
    self.connect()
  File "C:\Python38\lib\http\client.py", line 915, in connect
    self.sock = self._create_connection(
  File "C:\Python38\lib\socket.py", line 807, in create_connection
    raise err
  File "C:\Python38\lib\socket.py", line 796, in create_connection
    sock.connect(sa)
ConnectionRefusedError: [WinError 10061] 由于目标计算机积极拒绝，无法连接。

During handling of the above exception, another exception occurred:

Traceback (most recent call last):
  File "D:\python_work\AKMfloor\common\webutility.py", line 103, in http_get
    f = urllib.request.urlopen(u,timeout=timeout)
  File "C:\Python38\lib\urllib\request.py", line 222, in urlopen
    return opener.open(url, data, timeout)
  File "C:\Python38\lib\urllib\request.py", line 525, in open
    response = self._open(req, data)
  File "C:\Python38\lib\urllib\request.py", line 542, in _open
    result = self._call_chain(self.handle_open, protocol, protocol +
  File "C:\Python38\lib\urllib\request.py", line 502, in _call_chain
    result = func(*args)
  File "C:\Python38\lib\urllib\request.py", line 1346, in http_open
    return self.do_open(http.client.HTTPConnection, req)
  File "C:\Python38\lib\urllib\request.py", line 1320, in do_open
    raise URLError(err)
urllib.error.URLError: <urlopen error [WinError 10061] 由于目标计算机积极拒绝，无法连接。>

During handling of the above exception, another exception occurred:

Traceback (most recent call last):
  File "D:\python_work\AKMfloor\agvCtrl\agvApi.py", line 40, in init
    _http_get(url + '/api/agv/init', param)
  File "D:\python_work\AKMfloor\agvCtrl\agvApi.py", line 61, in _http_get
    r = webutility.http_get(url, param, timeout=45,writelog=False)
  File "D:\python_work\AKMfloor\common\webutility.py", line 105, in http_get
    raise Exception("http get",url,params,"error:",str(e))
Exception: ('http get', 'http://127.0.0.1:5551/api/agv/init', {'appName': 'scadaTask'}, 'error:', '<urlopen error [WinError 10061] 由于目标计算机积极拒绝，无法连接。>')

[CRITICAL]2021-03-25 13:55:45,319: agvApi.init cause a error: ('http get', 'http://127.0.0.1:5551/api/agv/init', {'appName': 'scadaTask'}, 'error:', '<urlopen error [WinError 10061] 由于目标计算机积极拒绝，无法连接。>')
pid=14264, ppid=9204, tid=7740
Traceback (most recent call last):
  File "C:\Python38\lib\urllib\request.py", line 1317, in do_open
    h.request(req.get_method(), req.selector, req.data, headers,
  File "C:\Python38\lib\http\client.py", line 1230, in request
    self._send_request(method, url, body, headers, encode_chunked)
  File "C:\Python38\lib\http\client.py", line 1276, in _send_request
    self.endheaders(body, encode_chunked=encode_chunked)
  File "C:\Python38\lib\http\client.py", line 1225, in endheaders
    self._send_output(message_body, encode_chunked=encode_chunked)
  File "C:\Python38\lib\http\client.py", line 1004, in _send_output
    self.send(msg)
  File "C:\Python38\lib\http\client.py", line 944, in send
    self.connect()
  File "C:\Python38\lib\http\client.py", line 915, in connect
    self.sock = self._create_connection(
  File "C:\Python38\lib\socket.py", line 807, in create_connection
    raise err
  File "C:\Python38\lib\socket.py", line 796, in create_connection
    sock.connect(sa)
ConnectionRefusedError: [WinError 10061] 由于目标计算机积极拒绝，无法连接。

During handling of the above exception, another exception occurred:

Traceback (most recent call last):
  File "D:\python_work\AKMfloor\common\webutility.py", line 103, in http_get
    f = urllib.request.urlopen(u,timeout=timeout)
  File "C:\Python38\lib\urllib\request.py", line 222, in urlopen
    return opener.open(url, data, timeout)
  File "C:\Python38\lib\urllib\request.py", line 525, in open
    response = self._open(req, data)
  File "C:\Python38\lib\urllib\request.py", line 542, in _open
    result = self._call_chain(self.handle_open, protocol, protocol +
  File "C:\Python38\lib\urllib\request.py", line 502, in _call_chain
    result = func(*args)
  File "C:\Python38\lib\urllib\request.py", line 1346, in http_open
    return self.do_open(http.client.HTTPConnection, req)
  File "C:\Python38\lib\urllib\request.py", line 1320, in do_open
    raise URLError(err)
urllib.error.URLError: <urlopen error [WinError 10061] 由于目标计算机积极拒绝，无法连接。>

During handling of the above exception, another exception occurred:

Traceback (most recent call last):
  File "D:\python_work\AKMfloor\agvCtrl\agvApi.py", line 40, in init
    _http_get(url + '/api/agv/init', param)
  File "D:\python_work\AKMfloor\agvCtrl\agvApi.py", line 61, in _http_get
    r = webutility.http_get(url, param, timeout=45,writelog=False)
  File "D:\python_work\AKMfloor\common\webutility.py", line 105, in http_get
    raise Exception("http get",url,params,"error:",str(e))
Exception: ('http get', 'http://127.0.0.1:5551/api/agv/init', {'appName': 'scadaTask'}, 'error:', '<urlopen error [WinError 10061] 由于目标计算机积极拒绝，无法连接。>')

[CRITICAL]2021-03-25 13:55:48,354: agvApi.init cause a error: ('http get', 'http://127.0.0.1:5551/api/agv/init', {'appName': 'scadaTask'}, 'error:', '<urlopen error [WinError 10061] 由于目标计算机积极拒绝，无法连接。>')
pid=14264, ppid=9204, tid=7740
Traceback (most recent call last):
  File "C:\Python38\lib\urllib\request.py", line 1317, in do_open
    h.request(req.get_method(), req.selector, req.data, headers,
  File "C:\Python38\lib\http\client.py", line 1230, in request
    self._send_request(method, url, body, headers, encode_chunked)
  File "C:\Python38\lib\http\client.py", line 1276, in _send_request
    self.endheaders(body, encode_chunked=encode_chunked)
  File "C:\Python38\lib\http\client.py", line 1225, in endheaders
    self._send_output(message_body, encode_chunked=encode_chunked)
  File "C:\Python38\lib\http\client.py", line 1004, in _send_output
    self.send(msg)
  File "C:\Python38\lib\http\client.py", line 944, in send
    self.connect()
  File "C:\Python38\lib\http\client.py", line 915, in connect
    self.sock = self._create_connection(
  File "C:\Python38\lib\socket.py", line 807, in create_connection
    raise err
  File "C:\Python38\lib\socket.py", line 796, in create_connection
    sock.connect(sa)
ConnectionRefusedError: [WinError 10061] 由于目标计算机积极拒绝，无法连接。

During handling of the above exception, another exception occurred:

Traceback (most recent call last):
  File "D:\python_work\AKMfloor\common\webutility.py", line 103, in http_get
    f = urllib.request.urlopen(u,timeout=timeout)
  File "C:\Python38\lib\urllib\request.py", line 222, in urlopen
    return opener.open(url, data, timeout)
  File "C:\Python38\lib\urllib\request.py", line 525, in open
    response = self._open(req, data)
  File "C:\Python38\lib\urllib\request.py", line 542, in _open
    result = self._call_chain(self.handle_open, protocol, protocol +
  File "C:\Python38\lib\urllib\request.py", line 502, in _call_chain
    result = func(*args)
  File "C:\Python38\lib\urllib\request.py", line 1346, in http_open
    return self.do_open(http.client.HTTPConnection, req)
  File "C:\Python38\lib\urllib\request.py", line 1320, in do_open
    raise URLError(err)
urllib.error.URLError: <urlopen error [WinError 10061] 由于目标计算机积极拒绝，无法连接。>

During handling of the above exception, another exception occurred:

Traceback (most recent call last):
  File "D:\python_work\AKMfloor\agvCtrl\agvApi.py", line 40, in init
    _http_get(url + '/api/agv/init', param)
  File "D:\python_work\AKMfloor\agvCtrl\agvApi.py", line 61, in _http_get
    r = webutility.http_get(url, param, timeout=45,writelog=False)
  File "D:\python_work\AKMfloor\common\webutility.py", line 105, in http_get
    raise Exception("http get",url,params,"error:",str(e))
Exception: ('http get', 'http://127.0.0.1:5551/api/agv/init', {'appName': 'scadaTask'}, 'error:', '<urlopen error [WinError 10061] 由于目标计算机积极拒绝，无法连接。>')

[DEBUG]2021-03-25 13:55:49,872: GET: http://127.0.0.1:5551/api/agv/init?appName=scadaTask addr: 127.0.0.1
[INFO]2021-03-25 13:55:49,874: scadaTask init client agvApi
[DEBUG]2021-03-25 13:55:49,876: used 4ms 200 OK application/json;charset=utf-8, GET: http://127.0.0.1:5551/api/agv/init?appName=scadaTask
[INFO]2021-03-25 13:55:49,882: task recover: add task *task[605c24548f0ddbc349ddb396][-] AP13(LM15) -> AP14(LM16) [waiting]
[DEBUG]2021-03-25 13:55:52,954: GET: http://127.0.0.1:5551/api/agv/startCharge?appName=scadaTask addr: 127.0.0.1
[DEBUG]2021-03-25 13:55:53,018: used 63ms 200 OK application/json;charset=utf-8, GET: http://127.0.0.1:5551/api/agv/startCharge?appName=scadaTask
[INFO]2021-03-25 13:55:53,108: task[605c24548f0ddbc349ddb396]:  start {'failMsg': '任务等待执行', 'startTime': datetime.datetime(2021, 3, 25, 13, 55, 53, 94490), 'updateTime': datetime.datetime(2021, 3, 25, 13, 55, 53, 94490), 'status': 'running'}
[INFO]2021-03-25 13:55:53,138: task: start *task[605c24548f0ddbc349ddb396][-] AP13(LM15) -> AP14(LM16) [waiting]
[INFO]2021-03-25 13:55:53,181: task[605c24548f0ddbc349ddb396] update info: {'failMsg': '等待分配小车', 'updateTime': datetime.datetime(2021, 3, 25, 13, 55, 53, 168361)}
[DEBUG]2021-03-25 13:55:53,228: *task[605c24548f0ddbc349ddb396][-] AP13(LM15) -> AP14(LM16) [waitForAgv] waiting -> waitForAgv
[WARNING]2021-03-25 13:55:54,151: timer_thread[tid:7740] <lock name:runTasks.g_lock,<locked _thread.RLock object owner=7740 count=1 at 0x0000013E8F97E2A0>> ,hold 19979 ms
[INFO]2021-03-25 13:55:54,237: name=timer_thread, pid=14264, tid=7740
[01] File "C:/Python38/lib/threading.py", line 870, in run() 
[02] File "D:/python_work/AKMfloor/common/mytimer.py", line 113, in _loop() 
[03] File "D:/python_work/AKMfloor/common/lock.py", line 122, in _call() 
[04] File "D:/python_work/AKMfloor/common/lock.py", line 100, in release() 
[05] File "D:/python_work/AKMfloor/common/enhance.py", line 258, in getTrace() 
[06] File "D:/python_work/AKMfloor/common/enhance.py", line 240, in getThreadStack()
[DEBUG]2021-03-25 13:55:54,732: GET: http://127.0.0.1:5551/api/agv/apply?appName=scadaTask&autoLock=False&exclude&loc=AP13&mapId=AKM4F&taskId=605c24548f0ddbc349ddb396&timeout=10 addr: 127.0.0.1
[INFO]2021-03-25 13:55:56,343: apply AGV03 ,taskId: 605c24548f0ddbc349ddb396 ,loc AKM4F.AP13 ,autoLock False , used 1587 ms
[WARNING]2021-03-25 13:55:56,379: AGV03 low battery charge,batteryLevel= 0.472 start charge level= 0.500
[INFO]2021-03-25 13:55:56,424: AGV03 battery 0.472 check success
[WARNING]2021-03-25 13:55:56,437: AGV03 Can't find charge point at AKM4F battery: 0.472
[DEBUG]2021-03-25 13:55:56,453: GET: http://127.0.0.1:5551/api/agv/lock?agv=AGV03&appName=scadaTask&taskId=605c24548f0ddbc349ddb396 addr: 127.0.0.1
[DEBUG]2021-03-25 13:55:56,483: lock:  AGV03 taskId 605c24548f0ddbc349ddb396 app scadaTask
[WARNING]2021-03-25 13:55:57,512: AGV03 clear task finish, cur= AKM4F.LM15 task_status= 4
[DEBUG]2021-03-25 13:55:57,543: used 1091ms 200 OK application/json;charset=utf-8, GET: http://127.0.0.1:5551/api/agv/lock?agv=AGV03&appName=scadaTask&taskId=605c24548f0ddbc349ddb396
[INFO]2021-03-25 13:55:57,608: *task[605c24548f0ddbc349ddb396][-] AP13(LM15) -> AP14(LM16) [waitForAgv] apply AGV03
[INFO]2021-03-25 13:55:57,676: task[605c24548f0ddbc349ddb396] update info: {'agvId': 'AGV03', 'failMsg': '成功分配小车AGV03,检测顶升下降', 'updateTime': datetime.datetime(2021, 3, 25, 13, 55, 57, 652224)}
[WARNING]2021-03-25 13:55:57,706: scada.605c24548f0ddbc349ddb396[tid:8420] <locked _thread.RLock object owner=8420 count=1 at 0x0000013E90172330> ,hold 3101 ms
[INFO]2021-03-25 13:55:57,766: name=scada.605c24548f0ddbc349ddb396, pid=14264, tid=8420
[01] File "C:/Python38/lib/threading.py", line 870, in run() 
[02] File "D:/python_work/AKMfloor/common/utility.py", line 167, in __call() 
[03] File "D:/python_work/AKMfloor/pharmapackCtrl/runTasks.py", line 725, in _taskFunc() 
[04] File "D:/python_work/AKMfloor/common/lock.py", line 122, in _call() 
[05] File "D:/python_work/AKMfloor/common/lock.py", line 100, in release() 
[06] File "D:/python_work/AKMfloor/common/enhance.py", line 258, in getTrace() 
[07] File "D:/python_work/AKMfloor/common/enhance.py", line 240, in getThreadStack()
[DEBUG]2021-03-25 13:55:57,794: *task[605c24548f0ddbc349ddb396][AGV03] AP13(LM15) -> AP14(LM16) [initJackdown] waitForAgv -> initJackdown
[INFO]2021-03-25 13:55:58,155: *task[605c24548f0ddbc349ddb396][AGV03] AP13(LM15) -> AP14(LM16) [initJackdown] _jackDown
[DEBUG]2021-03-25 13:55:58,179: send http_get: http://127.0.0.1:5551/api/agv/jackdown?agv=AGV03&loc=None&timeoutSec=90
[DEBUG]2021-03-25 13:55:58,262: GET: http://127.0.0.1:5551/api/agv/jackdown?agv=AGV03&loc=None&timeoutSec=90 addr: 127.0.0.1
[INFO]2021-03-25 13:55:59,825: _jack in jackMgr: AGV03 down [{'id': 0, 'source': 'normal', 'status': True}, {'id': 1, 'source': 'normal', 'status': True}, {'id': 2, 'source': 'normal', 'status': True}, {'id': 3, 'source': 'normal', 'status': True}, {'id': 4, 'source': 'normal', 'status': True}, {'id': 5, 'source': 'normal', 'status': True}, {'id': 6, 'source': 'normal', 'status': True}, {'id': 7, 'source': 'normal', 'status': True}, {'id': 17, 'source': 'reserve', 'status': False}, {'id': 20, 'source': 'modbus', 'status': False}, {'id': 21, 'source': 'modbus', 'status': False}, {'id': 22, 'source': 'modbus', 'status': False}, {'id': 23, 'source': 'modbus', 'status': False}, {'id': 24, 'source': 'modbus', 'status': False}, {'id': 25, 'source': 'modbus', 'status': False}, {'id': 26, 'source': 'modbus', 'status': False}, {'id': 27, 'source': 'modbus', 'status': False}, {'id': 30, 'source': 'modbus', 'status': False}, {'id': 31, 'source': 'modbus', 'status': False}, {'id': 32, 'source': 'modbus', 'status': True}, {'id': 33, 'source': 'modbus', 'status': True}, {'id': 34, 'source': 'modbus', 'status': False}, {'id': 35, 'source': 'modbus', 'status': False}, {'id': 36, 'source': 'modbus', 'status': False}, {'id': 37, 'source': 'modbus', 'status': True}]
[INFO]2021-03-25 13:55:59,927: AGV03 jack down status:  True
[DEBUG]2021-03-25 13:55:59,954: used 85ms 200 OK application/json;charset=utf-8, GET: http://127.0.0.1:5551/api/agv/jackdown?agv=AGV03&loc=None&timeoutSec=90
[DEBUG]2021-03-25 13:56:00,004: [return] use 1825 ms,http_get: http://127.0.0.1:5551/api/agv/jackdown?agv=AGV03&loc=None&timeoutSec=90
[INFO]2021-03-25 13:56:00,051: task[605c24548f0ddbc349ddb396] update info: {'failMsg': '前往四楼Test1工位点拉取货架', 'updateTime': datetime.datetime(2021, 3, 25, 13, 56, 0, 44217)}
[DEBUG]2021-03-25 13:56:00,057: *task[605c24548f0ddbc349ddb396][AGV03] AP13(LM15) -> AP14(LM16) [startMoveJackup] initJackdown -> startMoveJackup
[DEBUG]2021-03-25 13:56:00,438: GET: http://127.0.0.1:5551/api/agv/move?WorkPlace=None&agv=AGV03&agvId=AGV03&appName=scadaTask&direction=None&floorId=AKM4F&isRotate&loc=AKM4F.AP13&location=AP13&p_direction=0.0&pgv_type=1&recognize=False&seer_jackup=JackLoad&taskId=605c24548f0ddbc349ddb396_2&taskType=scadaTask&timeoutSec=86400&use_pgv=True addr: 127.0.0.1
[INFO]2021-03-25 13:56:00,452: Begin: AGV03 move from AKM4F.LM15 to AKM4F.AP13 by paths: [('AKM4F', ['LM15', 'AP13'], 1.358)] task: 605c24548f0ddbc349ddb396_2 timeout 86400 used 13 ms
[DEBUG]2021-03-25 13:56:00,454: *task[605c24548f0ddbc349ddb396][AGV03] AP13(LM15) -> AP14(LM16) [loadPlayload] startMoveJackup -> loadPlayload
