[CRITICAL]2021-04-27 17:05:21,433: : 192.168.252.237:10001 <--> 192.168.252.242:60394 time out cause a error: <tcpSocket.client object at 0x00000257853C15E0>
pid=12240, ppid=17380, tid=12492
Traceback (most recent call last):
  File "E:\projects_by_myself\backup\MeiWei_back_0421\feed\main_feed.py", line 50, in _handle
    data = client.recv(128)
  File "E:\projects_by_myself\backup\MeiWei_back_0421\common\tcpSocket.py", line 165, in recv
    recvdata = self._socket.recv(bufferLen if remainLen > bufferLen else remainLen)
socket.timeout: timed out

[CRITICAL]2021-04-27 17:05:33,012: : 192.168.252.237:10001 <--> 192.168.252.242:60395 time out cause a error: <tcpSocket.client object at 0x0000025787E92850>
pid=12240, ppid=17380, tid=14716
Traceback (most recent call last):
  File "E:\projects_by_myself\backup\MeiWei_back_0421\feed\main_feed.py", line 50, in _handle
    data = client.recv(128)
  File "E:\projects_by_myself\backup\MeiWei_back_0421\common\tcpSocket.py", line 165, in recv
    recvdata = self._socket.recv(bufferLen if remainLen > bufferLen else remainLen)
socket.timeout: timed out

[CRITICAL]2021-04-27 17:05:43,568: : 192.168.252.237:10001 <--> 192.168.252.242:60396 time out cause a error: <tcpSocket.client object at 0x0000025787E92A00>
pid=12240, ppid=17380, tid=1988
Traceback (most recent call last):
  File "E:\projects_by_myself\backup\MeiWei_back_0421\feed\main_feed.py", line 50, in _handle
    data = client.recv(128)
  File "E:\projects_by_myself\backup\MeiWei_back_0421\common\tcpSocket.py", line 165, in recv
    recvdata = self._socket.recv(bufferLen if remainLen > bufferLen else remainLen)
socket.timeout: timed out

[CRITICAL]2021-04-27 17:05:54,073: : 192.168.252.237:10001 <--> 192.168.252.242:60397 time out cause a error: <tcpSocket.client object at 0x00000257853C15E0>
pid=12240, ppid=17380, tid=11924
Traceback (most recent call last):
  File "E:\projects_by_myself\backup\MeiWei_back_0421\feed\main_feed.py", line 50, in _handle
    data = client.recv(128)
  File "E:\projects_by_myself\backup\MeiWei_back_0421\common\tcpSocket.py", line 165, in recv
    recvdata = self._socket.recv(bufferLen if remainLen > bufferLen else remainLen)
socket.timeout: timed out

[CRITICAL]2021-04-27 17:06:24,897: : 192.168.252.237:10001 <--> 192.168.252.242:60398 error:  cause a error: 'int' object has no attribute 'lower'
pid=12240, ppid=17380, tid=14172
Traceback (most recent call last):
  File "E:\projects_by_myself\backup\MeiWei_back_0421\feed\main_feed.py", line 59, in _handle
    getButtonInfo(devID,keyID)
  File "E:\projects_by_myself\backup\MeiWei_back_0421\feed\main_feed.py", line 131, in getButtonInfo
    type,source,target = local.get(devID,keyID).split(",")
  File "E:\projects_by_myself\backup\MeiWei_back_0421\common\local.py", line 84, in get
    return _get_cfg().get(section,key,default)
  File "E:\projects_by_myself\backup\MeiWei_back_0421\common\config.py", line 103, in get
    if self.has_key(section,key):
  File "E:\projects_by_myself\backup\MeiWei_back_0421\common\config.py", line 93, in has_key
    if not self.has_section(section.lower()):
AttributeError: 'int' object has no attribute 'lower'

[CRITICAL]2021-04-27 17:06:46,210: : 192.168.252.237:10001 <--> 192.168.252.242:60399 error:  cause a error: 'int' object has no attribute 'lower'
pid=12240, ppid=17380, tid=18132
Traceback (most recent call last):
  File "E:\projects_by_myself\backup\MeiWei_back_0421\feed\main_feed.py", line 59, in _handle
    getButtonInfo(devID,keyID)
  File "E:\projects_by_myself\backup\MeiWei_back_0421\feed\main_feed.py", line 131, in getButtonInfo
    type,source,target = local.get(devID,keyID).split(",")
  File "E:\projects_by_myself\backup\MeiWei_back_0421\common\local.py", line 84, in get
    return _get_cfg().get(section,key,default)
  File "E:\projects_by_myself\backup\MeiWei_back_0421\common\config.py", line 103, in get
    if self.has_key(section,key):
  File "E:\projects_by_myself\backup\MeiWei_back_0421\common\config.py", line 93, in has_key
    if not self.has_section(section.lower()):
AttributeError: 'int' object has no attribute 'lower'

[CRITICAL]2021-04-27 17:07:01,219: : 192.168.252.237:10001 <--> 192.168.252.242:60400 time out cause a error: <tcpSocket.client object at 0x0000025787EB1730>
pid=12240, ppid=17380, tid=12120
Traceback (most recent call last):
  File "E:\projects_by_myself\backup\MeiWei_back_0421\feed\main_feed.py", line 50, in _handle
    data = client.recv(128)
  File "E:\projects_by_myself\backup\MeiWei_back_0421\common\tcpSocket.py", line 165, in recv
    recvdata = self._socket.recv(bufferLen if remainLen > bufferLen else remainLen)
socket.timeout: timed out

