[CRITICAL]2021-04-21 10:16:38,619: apply agv failed, count=0 cause a error: 'NoneType' object has no attribute 'find'
pid=16076, ppid=11592, tid=7500
Traceback (most recent call last):
  File "E:\projects_by_myself\MeiWei\agvCtrl\agvControl.py", line 1111, in apply
    agvId = _apply(mapId, autoLock, exclude, loc, taskId=taskId,appName=appName)
  File "E:\projects_by_myself\MeiWei\common\lock.py", line 120, in _call
    return func(*p,**pp)
  File "E:\projects_by_myself\MeiWei\agvCtrl\agvControl.py", line 1033, in _apply
    mapId2,loc = mapMgr.decodeLoc(loc)
  File "E:\projects_by_myself\MeiWei\agvCtrl\mapMgr.py", line 83, in decodeLoc
    index = loc.find(".")
AttributeError: 'NoneType' object has no attribute 'find'

[CRITICAL]2021-04-21 10:16:38,619: apply agv failed, count=0 cause a error: 'NoneType' object has no attribute 'find'
pid=16076, ppid=11592, tid=7500
Traceback (most recent call last):
  File "E:\projects_by_myself\MeiWei\agvCtrl\agvControl.py", line 1111, in apply
    agvId = _apply(mapId, autoLock, exclude, loc, taskId=taskId,appName=appName)
  File "E:\projects_by_myself\MeiWei\common\lock.py", line 120, in _call
    return func(*p,**pp)
  File "E:\projects_by_myself\MeiWei\agvCtrl\agvControl.py", line 1033, in _apply
    mapId2,loc = mapMgr.decodeLoc(loc)
  File "E:\projects_by_myself\MeiWei\agvCtrl\mapMgr.py", line 83, in decodeLoc
    index = loc.find(".")
AttributeError: 'NoneType' object has no attribute 'find'

[CRITICAL]2021-04-21 10:16:39,014: apply agv failed, count=1 cause a error: 'NoneType' object has no attribute 'find'
pid=16076, ppid=11592, tid=7500
Traceback (most recent call last):
  File "E:\projects_by_myself\MeiWei\agvCtrl\agvControl.py", line 1111, in apply
    agvId = _apply(mapId, autoLock, exclude, loc, taskId=taskId,appName=appName)
  File "E:\projects_by_myself\MeiWei\common\lock.py", line 120, in _call
    return func(*p,**pp)
  File "E:\projects_by_myself\MeiWei\agvCtrl\agvControl.py", line 1033, in _apply
    mapId2,loc = mapMgr.decodeLoc(loc)
  File "E:\projects_by_myself\MeiWei\agvCtrl\mapMgr.py", line 83, in decodeLoc
    index = loc.find(".")
AttributeError: 'NoneType' object has no attribute 'find'

[CRITICAL]2021-04-21 10:16:39,014: apply agv failed, count=1 cause a error: 'NoneType' object has no attribute 'find'
pid=16076, ppid=11592, tid=7500
Traceback (most recent call last):
  File "E:\projects_by_myself\MeiWei\agvCtrl\agvControl.py", line 1111, in apply
    agvId = _apply(mapId, autoLock, exclude, loc, taskId=taskId,appName=appName)
  File "E:\projects_by_myself\MeiWei\common\lock.py", line 120, in _call
    return func(*p,**pp)
  File "E:\projects_by_myself\MeiWei\agvCtrl\agvControl.py", line 1033, in _apply
    mapId2,loc = mapMgr.decodeLoc(loc)
  File "E:\projects_by_myself\MeiWei\agvCtrl\mapMgr.py", line 83, in decodeLoc
    index = loc.find(".")
AttributeError: 'NoneType' object has no attribute 'find'

[CRITICAL]2021-04-21 10:16:39,315: apply agv failed, count=2 cause a error: 'NoneType' object has no attribute 'find'
pid=16076, ppid=11592, tid=7500
Traceback (most recent call last):
  File "E:\projects_by_myself\MeiWei\agvCtrl\agvControl.py", line 1111, in apply
    agvId = _apply(mapId, autoLock, exclude, loc, taskId=taskId,appName=appName)
  File "E:\projects_by_myself\MeiWei\common\lock.py", line 120, in _call
    return func(*p,**pp)
  File "E:\projects_by_myself\MeiWei\agvCtrl\agvControl.py", line 1033, in _apply
    mapId2,loc = mapMgr.decodeLoc(loc)
  File "E:\projects_by_myself\MeiWei\agvCtrl\mapMgr.py", line 83, in decodeLoc
    index = loc.find(".")
AttributeError: 'NoneType' object has no attribute 'find'

[CRITICAL]2021-04-21 10:16:39,315: apply agv failed, count=2 cause a error: 'NoneType' object has no attribute 'find'
pid=16076, ppid=11592, tid=7500
Traceback (most recent call last):
  File "E:\projects_by_myself\MeiWei\agvCtrl\agvControl.py", line 1111, in apply
    agvId = _apply(mapId, autoLock, exclude, loc, taskId=taskId,appName=appName)
  File "E:\projects_by_myself\MeiWei\common\lock.py", line 120, in _call
    return func(*p,**pp)
  File "E:\projects_by_myself\MeiWei\agvCtrl\agvControl.py", line 1033, in _apply
    mapId2,loc = mapMgr.decodeLoc(loc)
  File "E:\projects_by_myself\MeiWei\agvCtrl\mapMgr.py", line 83, in decodeLoc
    index = loc.find(".")
AttributeError: 'NoneType' object has no attribute 'find'

[CRITICAL]2021-04-21 10:16:39,633: apply agv failed, count=3 cause a error: 'NoneType' object has no attribute 'find'
pid=16076, ppid=11592, tid=7500
Traceback (most recent call last):
  File "E:\projects_by_myself\MeiWei\agvCtrl\agvControl.py", line 1111, in apply
    agvId = _apply(mapId, autoLock, exclude, loc, taskId=taskId,appName=appName)
  File "E:\projects_by_myself\MeiWei\common\lock.py", line 120, in _call
    return func(*p,**pp)
  File "E:\projects_by_myself\MeiWei\agvCtrl\agvControl.py", line 1033, in _apply
    mapId2,loc = mapMgr.decodeLoc(loc)
  File "E:\projects_by_myself\MeiWei\agvCtrl\mapMgr.py", line 83, in decodeLoc
    index = loc.find(".")
AttributeError: 'NoneType' object has no attribute 'find'

[CRITICAL]2021-04-21 10:16:39,633: apply agv failed, count=3 cause a error: 'NoneType' object has no attribute 'find'
pid=16076, ppid=11592, tid=7500
Traceback (most recent call last):
  File "E:\projects_by_myself\MeiWei\agvCtrl\agvControl.py", line 1111, in apply
    agvId = _apply(mapId, autoLock, exclude, loc, taskId=taskId,appName=appName)
  File "E:\projects_by_myself\MeiWei\common\lock.py", line 120, in _call
    return func(*p,**pp)
  File "E:\projects_by_myself\MeiWei\agvCtrl\agvControl.py", line 1033, in _apply
    mapId2,loc = mapMgr.decodeLoc(loc)
  File "E:\projects_by_myself\MeiWei\agvCtrl\mapMgr.py", line 83, in decodeLoc
    index = loc.find(".")
AttributeError: 'NoneType' object has no attribute 'find'

[CRITICAL]2021-04-21 10:16:39,949: apply agv failed, count=4 cause a error: 'NoneType' object has no attribute 'find'
pid=16076, ppid=11592, tid=7500
Traceback (most recent call last):
  File "E:\projects_by_myself\MeiWei\agvCtrl\agvControl.py", line 1111, in apply
    agvId = _apply(mapId, autoLock, exclude, loc, taskId=taskId,appName=appName)
  File "E:\projects_by_myself\MeiWei\common\lock.py", line 120, in _call
    return func(*p,**pp)
  File "E:\projects_by_myself\MeiWei\agvCtrl\agvControl.py", line 1033, in _apply
    mapId2,loc = mapMgr.decodeLoc(loc)
  File "E:\projects_by_myself\MeiWei\agvCtrl\mapMgr.py", line 83, in decodeLoc
    index = loc.find(".")
AttributeError: 'NoneType' object has no attribute 'find'

[CRITICAL]2021-04-21 10:16:39,949: apply agv failed, count=4 cause a error: 'NoneType' object has no attribute 'find'
pid=16076, ppid=11592, tid=7500
Traceback (most recent call last):
  File "E:\projects_by_myself\MeiWei\agvCtrl\agvControl.py", line 1111, in apply
    agvId = _apply(mapId, autoLock, exclude, loc, taskId=taskId,appName=appName)
  File "E:\projects_by_myself\MeiWei\common\lock.py", line 120, in _call
    return func(*p,**pp)
  File "E:\projects_by_myself\MeiWei\agvCtrl\agvControl.py", line 1033, in _apply
    mapId2,loc = mapMgr.decodeLoc(loc)
  File "E:\projects_by_myself\MeiWei\agvCtrl\mapMgr.py", line 83, in decodeLoc
    index = loc.find(".")
AttributeError: 'NoneType' object has no attribute 'find'

[CRITICAL]2021-04-21 10:16:40,159: apply failed, count=1 cause a error: ('apply agv failed3!', 'taskId', '607f8b032e6ed28d866e369f', 'loc', None)
pid=16076, ppid=11592, tid=7500

[CRITICAL]2021-04-21 10:16:40,159: apply failed, count=1 cause a error: ('apply agv failed3!', 'taskId', '607f8b032e6ed28d866e369f', 'loc', None)
pid=16076, ppid=11592, tid=7500

[CRITICAL]2021-04-21 10:16:52,655: apply agv failed, count=0 cause a error: 'NoneType' object has no attribute 'find'
pid=16076, ppid=11592, tid=2932
Traceback (most recent call last):
  File "E:\projects_by_myself\MeiWei\agvCtrl\agvControl.py", line 1111, in apply
    agvId = _apply(mapId, autoLock, exclude, loc, taskId=taskId,appName=appName)
  File "E:\projects_by_myself\MeiWei\common\lock.py", line 120, in _call
    return func(*p,**pp)
  File "E:\projects_by_myself\MeiWei\agvCtrl\agvControl.py", line 1033, in _apply
    mapId2,loc = mapMgr.decodeLoc(loc)
  File "E:\projects_by_myself\MeiWei\agvCtrl\mapMgr.py", line 83, in decodeLoc
    index = loc.find(".")
AttributeError: 'NoneType' object has no attribute 'find'

[CRITICAL]2021-04-21 10:16:52,655: apply agv failed, count=0 cause a error: 'NoneType' object has no attribute 'find'
pid=16076, ppid=11592, tid=2932
Traceback (most recent call last):
  File "E:\projects_by_myself\MeiWei\agvCtrl\agvControl.py", line 1111, in apply
    agvId = _apply(mapId, autoLock, exclude, loc, taskId=taskId,appName=appName)
  File "E:\projects_by_myself\MeiWei\common\lock.py", line 120, in _call
    return func(*p,**pp)
  File "E:\projects_by_myself\MeiWei\agvCtrl\agvControl.py", line 1033, in _apply
    mapId2,loc = mapMgr.decodeLoc(loc)
  File "E:\projects_by_myself\MeiWei\agvCtrl\mapMgr.py", line 83, in decodeLoc
    index = loc.find(".")
AttributeError: 'NoneType' object has no attribute 'find'

[CRITICAL]2021-04-21 10:16:52,926: apply agv failed, count=1 cause a error: 'NoneType' object has no attribute 'find'
pid=16076, ppid=11592, tid=2932
Traceback (most recent call last):
  File "E:\projects_by_myself\MeiWei\agvCtrl\agvControl.py", line 1111, in apply
    agvId = _apply(mapId, autoLock, exclude, loc, taskId=taskId,appName=appName)
  File "E:\projects_by_myself\MeiWei\common\lock.py", line 120, in _call
    return func(*p,**pp)
  File "E:\projects_by_myself\MeiWei\agvCtrl\agvControl.py", line 1033, in _apply
    mapId2,loc = mapMgr.decodeLoc(loc)
  File "E:\projects_by_myself\MeiWei\agvCtrl\mapMgr.py", line 83, in decodeLoc
    index = loc.find(".")
AttributeError: 'NoneType' object has no attribute 'find'

[CRITICAL]2021-04-21 10:16:52,926: apply agv failed, count=1 cause a error: 'NoneType' object has no attribute 'find'
pid=16076, ppid=11592, tid=2932
Traceback (most recent call last):
  File "E:\projects_by_myself\MeiWei\agvCtrl\agvControl.py", line 1111, in apply
    agvId = _apply(mapId, autoLock, exclude, loc, taskId=taskId,appName=appName)
  File "E:\projects_by_myself\MeiWei\common\lock.py", line 120, in _call
    return func(*p,**pp)
  File "E:\projects_by_myself\MeiWei\agvCtrl\agvControl.py", line 1033, in _apply
    mapId2,loc = mapMgr.decodeLoc(loc)
  File "E:\projects_by_myself\MeiWei\agvCtrl\mapMgr.py", line 83, in decodeLoc
    index = loc.find(".")
AttributeError: 'NoneType' object has no attribute 'find'

[CRITICAL]2021-04-21 10:16:53,241: apply agv failed, count=2 cause a error: 'NoneType' object has no attribute 'find'
pid=16076, ppid=11592, tid=2932
Traceback (most recent call last):
  File "E:\projects_by_myself\MeiWei\agvCtrl\agvControl.py", line 1111, in apply
    agvId = _apply(mapId, autoLock, exclude, loc, taskId=taskId,appName=appName)
  File "E:\projects_by_myself\MeiWei\common\lock.py", line 120, in _call
    return func(*p,**pp)
  File "E:\projects_by_myself\MeiWei\agvCtrl\agvControl.py", line 1033, in _apply
    mapId2,loc = mapMgr.decodeLoc(loc)
  File "E:\projects_by_myself\MeiWei\agvCtrl\mapMgr.py", line 83, in decodeLoc
    index = loc.find(".")
AttributeError: 'NoneType' object has no attribute 'find'

[CRITICAL]2021-04-21 10:16:53,241: apply agv failed, count=2 cause a error: 'NoneType' object has no attribute 'find'
pid=16076, ppid=11592, tid=2932
Traceback (most recent call last):
  File "E:\projects_by_myself\MeiWei\agvCtrl\agvControl.py", line 1111, in apply
    agvId = _apply(mapId, autoLock, exclude, loc, taskId=taskId,appName=appName)
  File "E:\projects_by_myself\MeiWei\common\lock.py", line 120, in _call
    return func(*p,**pp)
  File "E:\projects_by_myself\MeiWei\agvCtrl\agvControl.py", line 1033, in _apply
    mapId2,loc = mapMgr.decodeLoc(loc)
  File "E:\projects_by_myself\MeiWei\agvCtrl\mapMgr.py", line 83, in decodeLoc
    index = loc.find(".")
AttributeError: 'NoneType' object has no attribute 'find'

[CRITICAL]2021-04-21 10:16:53,461: apply agv failed, count=3 cause a error: 'NoneType' object has no attribute 'find'
pid=16076, ppid=11592, tid=2932
Traceback (most recent call last):
  File "E:\projects_by_myself\MeiWei\agvCtrl\agvControl.py", line 1111, in apply
    agvId = _apply(mapId, autoLock, exclude, loc, taskId=taskId,appName=appName)
  File "E:\projects_by_myself\MeiWei\common\lock.py", line 120, in _call
    return func(*p,**pp)
  File "E:\projects_by_myself\MeiWei\agvCtrl\agvControl.py", line 1033, in _apply
    mapId2,loc = mapMgr.decodeLoc(loc)
  File "E:\projects_by_myself\MeiWei\agvCtrl\mapMgr.py", line 83, in decodeLoc
    index = loc.find(".")
AttributeError: 'NoneType' object has no attribute 'find'

[CRITICAL]2021-04-21 10:16:53,461: apply agv failed, count=3 cause a error: 'NoneType' object has no attribute 'find'
pid=16076, ppid=11592, tid=2932
Traceback (most recent call last):
  File "E:\projects_by_myself\MeiWei\agvCtrl\agvControl.py", line 1111, in apply
    agvId = _apply(mapId, autoLock, exclude, loc, taskId=taskId,appName=appName)
  File "E:\projects_by_myself\MeiWei\common\lock.py", line 120, in _call
    return func(*p,**pp)
  File "E:\projects_by_myself\MeiWei\agvCtrl\agvControl.py", line 1033, in _apply
    mapId2,loc = mapMgr.decodeLoc(loc)
  File "E:\projects_by_myself\MeiWei\agvCtrl\mapMgr.py", line 83, in decodeLoc
    index = loc.find(".")
AttributeError: 'NoneType' object has no attribute 'find'

[CRITICAL]2021-04-21 10:16:53,764: apply agv failed, count=4 cause a error: 'NoneType' object has no attribute 'find'
pid=16076, ppid=11592, tid=2932
Traceback (most recent call last):
  File "E:\projects_by_myself\MeiWei\agvCtrl\agvControl.py", line 1111, in apply
    agvId = _apply(mapId, autoLock, exclude, loc, taskId=taskId,appName=appName)
  File "E:\projects_by_myself\MeiWei\common\lock.py", line 120, in _call
    return func(*p,**pp)
  File "E:\projects_by_myself\MeiWei\agvCtrl\agvControl.py", line 1033, in _apply
    mapId2,loc = mapMgr.decodeLoc(loc)
  File "E:\projects_by_myself\MeiWei\agvCtrl\mapMgr.py", line 83, in decodeLoc
    index = loc.find(".")
AttributeError: 'NoneType' object has no attribute 'find'

[CRITICAL]2021-04-21 10:16:53,764: apply agv failed, count=4 cause a error: 'NoneType' object has no attribute 'find'
pid=16076, ppid=11592, tid=2932
Traceback (most recent call last):
  File "E:\projects_by_myself\MeiWei\agvCtrl\agvControl.py", line 1111, in apply
    agvId = _apply(mapId, autoLock, exclude, loc, taskId=taskId,appName=appName)
  File "E:\projects_by_myself\MeiWei\common\lock.py", line 120, in _call
    return func(*p,**pp)
  File "E:\projects_by_myself\MeiWei\agvCtrl\agvControl.py", line 1033, in _apply
    mapId2,loc = mapMgr.decodeLoc(loc)
  File "E:\projects_by_myself\MeiWei\agvCtrl\mapMgr.py", line 83, in decodeLoc
    index = loc.find(".")
AttributeError: 'NoneType' object has no attribute 'find'

[CRITICAL]2021-04-21 10:16:54,058: apply failed, count=1 cause a error: ('apply agv failed3!', 'taskId', '607f8b032e6ed28d866e369f', 'loc', None)
pid=16076, ppid=11592, tid=2932

[CRITICAL]2021-04-21 10:16:54,058: apply failed, count=1 cause a error: ('apply agv failed3!', 'taskId', '607f8b032e6ed28d866e369f', 'loc', None)
pid=16076, ppid=11592, tid=2932

[CRITICAL]2021-04-21 10:17:06,005: apply agv failed, count=0 cause a error: 'NoneType' object has no attribute 'find'
pid=16076, ppid=11592, tid=8408
Traceback (most recent call last):
  File "E:\projects_by_myself\MeiWei\agvCtrl\agvControl.py", line 1111, in apply
    agvId = _apply(mapId, autoLock, exclude, loc, taskId=taskId,appName=appName)
  File "E:\projects_by_myself\MeiWei\common\lock.py", line 120, in _call
    return func(*p,**pp)
  File "E:\projects_by_myself\MeiWei\agvCtrl\agvControl.py", line 1033, in _apply
    mapId2,loc = mapMgr.decodeLoc(loc)
  File "E:\projects_by_myself\MeiWei\agvCtrl\mapMgr.py", line 83, in decodeLoc
    index = loc.find(".")
AttributeError: 'NoneType' object has no attribute 'find'

[CRITICAL]2021-04-21 10:17:06,005: apply agv failed, count=0 cause a error: 'NoneType' object has no attribute 'find'
pid=16076, ppid=11592, tid=8408
Traceback (most recent call last):
  File "E:\projects_by_myself\MeiWei\agvCtrl\agvControl.py", line 1111, in apply
    agvId = _apply(mapId, autoLock, exclude, loc, taskId=taskId,appName=appName)
  File "E:\projects_by_myself\MeiWei\common\lock.py", line 120, in _call
    return func(*p,**pp)
  File "E:\projects_by_myself\MeiWei\agvCtrl\agvControl.py", line 1033, in _apply
    mapId2,loc = mapMgr.decodeLoc(loc)
  File "E:\projects_by_myself\MeiWei\agvCtrl\mapMgr.py", line 83, in decodeLoc
    index = loc.find(".")
AttributeError: 'NoneType' object has no attribute 'find'

[CRITICAL]2021-04-21 10:17:06,419: apply agv failed, count=1 cause a error: 'NoneType' object has no attribute 'find'
pid=16076, ppid=11592, tid=8408
Traceback (most recent call last):
  File "E:\projects_by_myself\MeiWei\agvCtrl\agvControl.py", line 1111, in apply
    agvId = _apply(mapId, autoLock, exclude, loc, taskId=taskId,appName=appName)
  File "E:\projects_by_myself\MeiWei\common\lock.py", line 120, in _call
    return func(*p,**pp)
  File "E:\projects_by_myself\MeiWei\agvCtrl\agvControl.py", line 1033, in _apply
    mapId2,loc = mapMgr.decodeLoc(loc)
  File "E:\projects_by_myself\MeiWei\agvCtrl\mapMgr.py", line 83, in decodeLoc
    index = loc.find(".")
AttributeError: 'NoneType' object has no attribute 'find'

[CRITICAL]2021-04-21 10:17:06,419: apply agv failed, count=1 cause a error: 'NoneType' object has no attribute 'find'
pid=16076, ppid=11592, tid=8408
Traceback (most recent call last):
  File "E:\projects_by_myself\MeiWei\agvCtrl\agvControl.py", line 1111, in apply
    agvId = _apply(mapId, autoLock, exclude, loc, taskId=taskId,appName=appName)
  File "E:\projects_by_myself\MeiWei\common\lock.py", line 120, in _call
    return func(*p,**pp)
  File "E:\projects_by_myself\MeiWei\agvCtrl\agvControl.py", line 1033, in _apply
    mapId2,loc = mapMgr.decodeLoc(loc)
  File "E:\projects_by_myself\MeiWei\agvCtrl\mapMgr.py", line 83, in decodeLoc
    index = loc.find(".")
AttributeError: 'NoneType' object has no attribute 'find'

[CRITICAL]2021-04-21 10:17:06,705: apply agv failed, count=2 cause a error: 'NoneType' object has no attribute 'find'
pid=16076, ppid=11592, tid=8408
Traceback (most recent call last):
  File "E:\projects_by_myself\MeiWei\agvCtrl\agvControl.py", line 1111, in apply
    agvId = _apply(mapId, autoLock, exclude, loc, taskId=taskId,appName=appName)
  File "E:\projects_by_myself\MeiWei\common\lock.py", line 120, in _call
    return func(*p,**pp)
  File "E:\projects_by_myself\MeiWei\agvCtrl\agvControl.py", line 1033, in _apply
    mapId2,loc = mapMgr.decodeLoc(loc)
  File "E:\projects_by_myself\MeiWei\agvCtrl\mapMgr.py", line 83, in decodeLoc
    index = loc.find(".")
AttributeError: 'NoneType' object has no attribute 'find'

[CRITICAL]2021-04-21 10:17:06,705: apply agv failed, count=2 cause a error: 'NoneType' object has no attribute 'find'
pid=16076, ppid=11592, tid=8408
Traceback (most recent call last):
  File "E:\projects_by_myself\MeiWei\agvCtrl\agvControl.py", line 1111, in apply
    agvId = _apply(mapId, autoLock, exclude, loc, taskId=taskId,appName=appName)
  File "E:\projects_by_myself\MeiWei\common\lock.py", line 120, in _call
    return func(*p,**pp)
  File "E:\projects_by_myself\MeiWei\agvCtrl\agvControl.py", line 1033, in _apply
    mapId2,loc = mapMgr.decodeLoc(loc)
  File "E:\projects_by_myself\MeiWei\agvCtrl\mapMgr.py", line 83, in decodeLoc
    index = loc.find(".")
AttributeError: 'NoneType' object has no attribute 'find'

[CRITICAL]2021-04-21 10:17:07,040: apply agv failed, count=3 cause a error: 'NoneType' object has no attribute 'find'
pid=16076, ppid=11592, tid=8408
Traceback (most recent call last):
  File "E:\projects_by_myself\MeiWei\agvCtrl\agvControl.py", line 1111, in apply
    agvId = _apply(mapId, autoLock, exclude, loc, taskId=taskId,appName=appName)
  File "E:\projects_by_myself\MeiWei\common\lock.py", line 120, in _call
    return func(*p,**pp)
  File "E:\projects_by_myself\MeiWei\agvCtrl\agvControl.py", line 1033, in _apply
    mapId2,loc = mapMgr.decodeLoc(loc)
  File "E:\projects_by_myself\MeiWei\agvCtrl\mapMgr.py", line 83, in decodeLoc
    index = loc.find(".")
AttributeError: 'NoneType' object has no attribute 'find'

[CRITICAL]2021-04-21 10:17:07,040: apply agv failed, count=3 cause a error: 'NoneType' object has no attribute 'find'
pid=16076, ppid=11592, tid=8408
Traceback (most recent call last):
  File "E:\projects_by_myself\MeiWei\agvCtrl\agvControl.py", line 1111, in apply
    agvId = _apply(mapId, autoLock, exclude, loc, taskId=taskId,appName=appName)
  File "E:\projects_by_myself\MeiWei\common\lock.py", line 120, in _call
    return func(*p,**pp)
  File "E:\projects_by_myself\MeiWei\agvCtrl\agvControl.py", line 1033, in _apply
    mapId2,loc = mapMgr.decodeLoc(loc)
  File "E:\projects_by_myself\MeiWei\agvCtrl\mapMgr.py", line 83, in decodeLoc
    index = loc.find(".")
AttributeError: 'NoneType' object has no attribute 'find'

[CRITICAL]2021-04-21 10:17:07,387: apply agv failed, count=4 cause a error: 'NoneType' object has no attribute 'find'
pid=16076, ppid=11592, tid=8408
Traceback (most recent call last):
  File "E:\projects_by_myself\MeiWei\agvCtrl\agvControl.py", line 1111, in apply
    agvId = _apply(mapId, autoLock, exclude, loc, taskId=taskId,appName=appName)
  File "E:\projects_by_myself\MeiWei\common\lock.py", line 120, in _call
    return func(*p,**pp)
  File "E:\projects_by_myself\MeiWei\agvCtrl\agvControl.py", line 1033, in _apply
    mapId2,loc = mapMgr.decodeLoc(loc)
  File "E:\projects_by_myself\MeiWei\agvCtrl\mapMgr.py", line 83, in decodeLoc
    index = loc.find(".")
AttributeError: 'NoneType' object has no attribute 'find'

[CRITICAL]2021-04-21 10:17:07,387: apply agv failed, count=4 cause a error: 'NoneType' object has no attribute 'find'
pid=16076, ppid=11592, tid=8408
Traceback (most recent call last):
  File "E:\projects_by_myself\MeiWei\agvCtrl\agvControl.py", line 1111, in apply
    agvId = _apply(mapId, autoLock, exclude, loc, taskId=taskId,appName=appName)
  File "E:\projects_by_myself\MeiWei\common\lock.py", line 120, in _call
    return func(*p,**pp)
  File "E:\projects_by_myself\MeiWei\agvCtrl\agvControl.py", line 1033, in _apply
    mapId2,loc = mapMgr.decodeLoc(loc)
  File "E:\projects_by_myself\MeiWei\agvCtrl\mapMgr.py", line 83, in decodeLoc
    index = loc.find(".")
AttributeError: 'NoneType' object has no attribute 'find'

[CRITICAL]2021-04-21 10:17:07,611: apply failed, count=1 cause a error: ('apply agv failed3!', 'taskId', '607f8b032e6ed28d866e369f', 'loc', None)
pid=16076, ppid=11592, tid=8408

[CRITICAL]2021-04-21 10:17:07,611: apply failed, count=1 cause a error: ('apply agv failed3!', 'taskId', '607f8b032e6ed28d866e369f', 'loc', None)
pid=16076, ppid=11592, tid=8408

[CRITICAL]2021-04-21 10:17:19,312: apply agv failed, count=0 cause a error: 'NoneType' object has no attribute 'find'
pid=16076, ppid=11592, tid=8964
Traceback (most recent call last):
  File "E:\projects_by_myself\MeiWei\agvCtrl\agvControl.py", line 1111, in apply
    agvId = _apply(mapId, autoLock, exclude, loc, taskId=taskId,appName=appName)
  File "E:\projects_by_myself\MeiWei\common\lock.py", line 120, in _call
    return func(*p,**pp)
  File "E:\projects_by_myself\MeiWei\agvCtrl\agvControl.py", line 1033, in _apply
    mapId2,loc = mapMgr.decodeLoc(loc)
  File "E:\projects_by_myself\MeiWei\agvCtrl\mapMgr.py", line 83, in decodeLoc
    index = loc.find(".")
AttributeError: 'NoneType' object has no attribute 'find'

[CRITICAL]2021-04-21 10:17:19,312: apply agv failed, count=0 cause a error: 'NoneType' object has no attribute 'find'
pid=16076, ppid=11592, tid=8964
Traceback (most recent call last):
  File "E:\projects_by_myself\MeiWei\agvCtrl\agvControl.py", line 1111, in apply
    agvId = _apply(mapId, autoLock, exclude, loc, taskId=taskId,appName=appName)
  File "E:\projects_by_myself\MeiWei\common\lock.py", line 120, in _call
    return func(*p,**pp)
  File "E:\projects_by_myself\MeiWei\agvCtrl\agvControl.py", line 1033, in _apply
    mapId2,loc = mapMgr.decodeLoc(loc)
  File "E:\projects_by_myself\MeiWei\agvCtrl\mapMgr.py", line 83, in decodeLoc
    index = loc.find(".")
AttributeError: 'NoneType' object has no attribute 'find'

[CRITICAL]2021-04-21 10:17:19,630: apply agv failed, count=1 cause a error: 'NoneType' object has no attribute 'find'
pid=16076, ppid=11592, tid=8964
Traceback (most recent call last):
  File "E:\projects_by_myself\MeiWei\agvCtrl\agvControl.py", line 1111, in apply
    agvId = _apply(mapId, autoLock, exclude, loc, taskId=taskId,appName=appName)
  File "E:\projects_by_myself\MeiWei\common\lock.py", line 120, in _call
    return func(*p,**pp)
  File "E:\projects_by_myself\MeiWei\agvCtrl\agvControl.py", line 1033, in _apply
    mapId2,loc = mapMgr.decodeLoc(loc)
  File "E:\projects_by_myself\MeiWei\agvCtrl\mapMgr.py", line 83, in decodeLoc
    index = loc.find(".")
AttributeError: 'NoneType' object has no attribute 'find'

[CRITICAL]2021-04-21 10:17:19,630: apply agv failed, count=1 cause a error: 'NoneType' object has no attribute 'find'
pid=16076, ppid=11592, tid=8964
Traceback (most recent call last):
  File "E:\projects_by_myself\MeiWei\agvCtrl\agvControl.py", line 1111, in apply
    agvId = _apply(mapId, autoLock, exclude, loc, taskId=taskId,appName=appName)
  File "E:\projects_by_myself\MeiWei\common\lock.py", line 120, in _call
    return func(*p,**pp)
  File "E:\projects_by_myself\MeiWei\agvCtrl\agvControl.py", line 1033, in _apply
    mapId2,loc = mapMgr.decodeLoc(loc)
  File "E:\projects_by_myself\MeiWei\agvCtrl\mapMgr.py", line 83, in decodeLoc
    index = loc.find(".")
AttributeError: 'NoneType' object has no attribute 'find'

[CRITICAL]2021-04-21 10:17:19,886: apply agv failed, count=2 cause a error: 'NoneType' object has no attribute 'find'
pid=16076, ppid=11592, tid=8964
Traceback (most recent call last):
  File "E:\projects_by_myself\MeiWei\agvCtrl\agvControl.py", line 1111, in apply
    agvId = _apply(mapId, autoLock, exclude, loc, taskId=taskId,appName=appName)
  File "E:\projects_by_myself\MeiWei\common\lock.py", line 120, in _call
    return func(*p,**pp)
  File "E:\projects_by_myself\MeiWei\agvCtrl\agvControl.py", line 1033, in _apply
    mapId2,loc = mapMgr.decodeLoc(loc)
  File "E:\projects_by_myself\MeiWei\agvCtrl\mapMgr.py", line 83, in decodeLoc
    index = loc.find(".")
AttributeError: 'NoneType' object has no attribute 'find'

[CRITICAL]2021-04-21 10:17:19,886: apply agv failed, count=2 cause a error: 'NoneType' object has no attribute 'find'
pid=16076, ppid=11592, tid=8964
Traceback (most recent call last):
  File "E:\projects_by_myself\MeiWei\agvCtrl\agvControl.py", line 1111, in apply
    agvId = _apply(mapId, autoLock, exclude, loc, taskId=taskId,appName=appName)
  File "E:\projects_by_myself\MeiWei\common\lock.py", line 120, in _call
    return func(*p,**pp)
  File "E:\projects_by_myself\MeiWei\agvCtrl\agvControl.py", line 1033, in _apply
    mapId2,loc = mapMgr.decodeLoc(loc)
  File "E:\projects_by_myself\MeiWei\agvCtrl\mapMgr.py", line 83, in decodeLoc
    index = loc.find(".")
AttributeError: 'NoneType' object has no attribute 'find'

[CRITICAL]2021-04-21 10:17:20,181: apply agv failed, count=3 cause a error: 'NoneType' object has no attribute 'find'
pid=16076, ppid=11592, tid=8964
Traceback (most recent call last):
  File "E:\projects_by_myself\MeiWei\agvCtrl\agvControl.py", line 1111, in apply
    agvId = _apply(mapId, autoLock, exclude, loc, taskId=taskId,appName=appName)
  File "E:\projects_by_myself\MeiWei\common\lock.py", line 120, in _call
    return func(*p,**pp)
  File "E:\projects_by_myself\MeiWei\agvCtrl\agvControl.py", line 1033, in _apply
    mapId2,loc = mapMgr.decodeLoc(loc)
  File "E:\projects_by_myself\MeiWei\agvCtrl\mapMgr.py", line 83, in decodeLoc
    index = loc.find(".")
AttributeError: 'NoneType' object has no attribute 'find'

[CRITICAL]2021-04-21 10:17:20,181: apply agv failed, count=3 cause a error: 'NoneType' object has no attribute 'find'
pid=16076, ppid=11592, tid=8964
Traceback (most recent call last):
  File "E:\projects_by_myself\MeiWei\agvCtrl\agvControl.py", line 1111, in apply
    agvId = _apply(mapId, autoLock, exclude, loc, taskId=taskId,appName=appName)
  File "E:\projects_by_myself\MeiWei\common\lock.py", line 120, in _call
    return func(*p,**pp)
  File "E:\projects_by_myself\MeiWei\agvCtrl\agvControl.py", line 1033, in _apply
    mapId2,loc = mapMgr.decodeLoc(loc)
  File "E:\projects_by_myself\MeiWei\agvCtrl\mapMgr.py", line 83, in decodeLoc
    index = loc.find(".")
AttributeError: 'NoneType' object has no attribute 'find'

[CRITICAL]2021-04-21 10:17:20,558: apply agv failed, count=4 cause a error: 'NoneType' object has no attribute 'find'
pid=16076, ppid=11592, tid=8964
Traceback (most recent call last):
  File "E:\projects_by_myself\MeiWei\agvCtrl\agvControl.py", line 1111, in apply
    agvId = _apply(mapId, autoLock, exclude, loc, taskId=taskId,appName=appName)
  File "E:\projects_by_myself\MeiWei\common\lock.py", line 120, in _call
    return func(*p,**pp)
  File "E:\projects_by_myself\MeiWei\agvCtrl\agvControl.py", line 1033, in _apply
    mapId2,loc = mapMgr.decodeLoc(loc)
  File "E:\projects_by_myself\MeiWei\agvCtrl\mapMgr.py", line 83, in decodeLoc
    index = loc.find(".")
AttributeError: 'NoneType' object has no attribute 'find'

[CRITICAL]2021-04-21 10:17:20,558: apply agv failed, count=4 cause a error: 'NoneType' object has no attribute 'find'
pid=16076, ppid=11592, tid=8964
Traceback (most recent call last):
  File "E:\projects_by_myself\MeiWei\agvCtrl\agvControl.py", line 1111, in apply
    agvId = _apply(mapId, autoLock, exclude, loc, taskId=taskId,appName=appName)
  File "E:\projects_by_myself\MeiWei\common\lock.py", line 120, in _call
    return func(*p,**pp)
  File "E:\projects_by_myself\MeiWei\agvCtrl\agvControl.py", line 1033, in _apply
    mapId2,loc = mapMgr.decodeLoc(loc)
  File "E:\projects_by_myself\MeiWei\agvCtrl\mapMgr.py", line 83, in decodeLoc
    index = loc.find(".")
AttributeError: 'NoneType' object has no attribute 'find'

[CRITICAL]2021-04-21 10:17:20,850: apply failed, count=1 cause a error: ('apply agv failed3!', 'taskId', '607f8b032e6ed28d866e369f', 'loc', None)
pid=16076, ppid=11592, tid=8964

[CRITICAL]2021-04-21 10:17:20,850: apply failed, count=1 cause a error: ('apply agv failed3!', 'taskId', '607f8b032e6ed28d866e369f', 'loc', None)
pid=16076, ppid=11592, tid=8964

