[INFO]2021-04-21 15:08:50,259: log files at E:\projects_by_myself\MeiWei\common\log
[INFO]2021-04-21 15:08:50,260: find module account.main_account
[INFO]2021-04-21 15:08:50,261: find module agvCtrl.main_agv
[INFO]2021-04-21 15:08:50,262: find module agvDevice.main_agvDevice
[INFO]2021-04-21 15:08:50,263: find module akmCtrl.main_akmCtrl
[INFO]2021-04-21 15:08:50,264: find module alarm.main_alarm
[INFO]2021-04-21 15:08:50,265: find module auth.main_auth
[INFO]2021-04-21 15:08:50,266: find module door.main_door
[INFO]2021-04-21 15:08:50,268: find module elevator.main_elevator
[INFO]2021-04-21 15:08:50,269: find module feed.main_feed
[INFO]2021-04-21 15:08:50,339: find module remoteio.main_remoteio
[INFO]2021-04-21 15:08:50,340: import account.main_account
[INFO]2021-04-21 15:08:50,428: import agvCtrl.main_agv
[INFO]2021-04-21 15:08:51,301: create lock <lock name:doorMgr.lock,<unlocked _thread.RLock object owner=0 count=0 at 0x00000258E2AFBEA0>>
[INFO]2021-04-21 15:08:52,210: create lock <lock name:door.lock,<unlocked _thread.RLock object owner=0 count=0 at 0x00000258E2B1C420>>
[INFO]2021-04-21 15:08:52,323: create lock <lock name:timer.lock_2580790149760,<unlocked _thread.RLock object owner=0 count=0 at 0x00000258E31483F0>>
[ERROR]2021-04-21 15:08:52,336: mqtt is disabled
[INFO]2021-04-21 15:08:52,338: mqtt: subscribe [alarm/raise/+]
[INFO]2021-04-21 15:08:52,339: mqtt: subscribe [alarm/clear/+]
[INFO]2021-04-21 15:08:55,370: Mongodb connect to 127.0.0.1 port 27017
[INFO]2021-04-21 15:08:55,402: create lock <lock name:elevatorMgr.lock,<unlocked _thread.RLock object owner=0 count=0 at 0x00000258E3356DE0>>
[WARNING]2021-04-21 15:08:55,415: use mockAgvCtrl
[INFO]2021-04-21 15:08:55,418: create lock <lock name:mapMgr.lock,<unlocked _thread.RLock object owner=0 count=0 at 0x00000258E13B3360>>
[INFO]2021-04-21 15:08:55,759: create lock <lock name:agvList.g_agvLock,<unlocked _thread.RLock object owner=0 count=0 at 0x00000258E33F26F0>>
[INFO]2021-04-21 15:08:55,763: create lock <lock name:taskList.lock,<unlocked _thread.RLock object owner=0 count=0 at 0x00000258E4464540>>
[INFO]2021-04-21 15:08:55,832: charge policy 1 , fix time
[INFO]2021-04-21 15:08:55,875: create lock <lock name:agvApi.g_lock,<unlocked _thread.RLock object owner=0 count=0 at 0x00000258E4464A50>>
[INFO]2021-04-21 15:08:56,215: start load map E:\projects_by_myself\MeiWei\agvCtrl\projects\test\AKM2F.smap
[DEBUG]2021-04-21 15:08:56,342: elevator thread start
[INFO]2021-04-21 15:08:56,367: load map E:\projects_by_myself\MeiWei\agvCtrl\projects\test\AKM2F.smap ,used 162 ms
[INFO]2021-04-21 15:08:56,383: start load map E:\projects_by_myself\MeiWei\agvCtrl\projects\test\akmsmt.smap
[INFO]2021-04-21 15:08:56,440: load map E:\projects_by_myself\MeiWei\agvCtrl\projects\test\akmsmt.smap ,used 71 ms
[INFO]2021-04-21 15:08:56,452: start load map E:\projects_by_myself\MeiWei\agvCtrl\projects\test\akmsmtMap.smap
[INFO]2021-04-21 15:08:56,588: load map E:\projects_by_myself\MeiWei\agvCtrl\projects\test\akmsmtMap.smap ,used 147 ms
[INFO]2021-04-21 15:08:56,598: start load map E:\projects_by_myself\MeiWei\agvCtrl\projects\test\desai-all-20191223.smap
[INFO]2021-04-21 15:08:56,724: load map E:\projects_by_myself\MeiWei\agvCtrl\projects\test\desai-all-20191223.smap ,used 135 ms
[INFO]2021-04-21 15:08:56,729: import agvDevice.main_agvDevice
[INFO]2021-04-21 15:08:56,732: import akmCtrl.main_akmCtrl
[INFO]2021-04-21 15:08:56,761: create lock <lock name:runTasks.g_lock,<unlocked _thread.RLock object owner=0 count=0 at 0x00000258E4C36090>>
[INFO]2021-04-21 15:08:56,803: create lock <lock name:agvApi.g_lock,<unlocked _thread.RLock object owner=0 count=0 at 0x00000258E5C3A600>>
[INFO]2021-04-21 15:08:56,816: create lock <lock name:runTasks.pre_lock,<unlocked _thread.RLock object owner=0 count=0 at 0x00000258E1E31240>>
[INFO]2021-04-21 15:08:56,817: create lock <lock name:timer.lock_2580770132896,<unlocked _thread.RLock object owner=0 count=0 at 0x00000258E1E31210>>
[INFO]2021-04-21 15:08:56,820: create lock <lock name:mapMgr.lock,<unlocked _thread.RLock object owner=0 count=0 at 0x00000258E4588030>>
[INFO]2021-04-21 15:08:56,892: import alarm.main_alarm
[INFO]2021-04-21 15:08:56,939: import auth.main_auth
[INFO]2021-04-21 15:08:57,376: import door.main_door
[INFO]2021-04-21 15:08:57,394: import elevator.main_elevator
[INFO]2021-04-21 15:08:57,399: create lock <lock name:elevatorApi.g_lock,<unlocked _thread.RLock object owner=0 count=0 at 0x00000258E528A720>>
[INFO]2021-04-21 15:08:57,400: import feed.main_feed
[INFO]2021-04-21 15:08:57,414: create lock <lock name:feedTask.g_lock,<unlocked _thread.RLock object owner=0 count=0 at 0x00000258E52983C0>>
[INFO]2021-04-21 15:08:57,477: import remoteio.main_remoteio
[SUCC]2021-04-21 15:08:57,489: utility start, pid=1156, ppid=9668
[DEBUG]2021-04-21 15:08:57,490: start timer
[INFO]2021-04-21 15:08:57,497: load agv file: E:\projects_by_myself\MeiWei\agvCtrl/projects/test/agv.cfg
[INFO]2021-04-21 15:08:57,499: create lock <lock name:agvList.AGV30.lock,<unlocked _thread.RLock object owner=0 count=0 at 0x00000258E8559C00>>
[DEBUG]2021-04-21 15:08:57,501: create aliveObj AGV30 AGV离线异常 timeout 300
[INFO]2021-04-21 15:08:57,502: AGV30 start agvList run thread
[INFO]2021-04-21 15:08:57,503: AGV30 start agvList run2 thread
[ERROR]2021-04-21 15:08:57,510: agv check init error False
[DEBUG]2021-04-21 15:08:57,512: start timer
[INFO]2021-04-21 15:08:57,520: add_ignore: taskStatus
[INFO]2021-04-21 15:08:57,521: add_ignore: api/elevator/status
[INFO]2021-04-21 15:08:57,521: add_ignore: scada/getTask
[INFO]2021-04-21 15:08:58,015: AGV30 current map AKM2F
[INFO]2021-04-21 15:08:58,109: AGV30 is online
[DEBUG]2021-04-21 15:08:58,525: GET: http://127.0.0.1:5551/api/agv/init?appName=akmTask addr: 127.0.0.1
[INFO]2021-04-21 15:08:58,527: akmTask init client agvApi
[DEBUG]2021-04-21 15:08:58,529: used 4ms 200 OK application/json;charset=utf-8, GET: http://127.0.0.1:5551/api/agv/init?appName=akmTask
[DEBUG]2021-04-21 15:09:01,711: GET: http://127.0.0.1:5551/api/agv/startCharge?appName=akmTask addr: 127.0.0.1
[DEBUG]2021-04-21 15:09:01,732: used 21ms 200 OK application/json;charset=utf-8, GET: http://127.0.0.1:5551/api/agv/startCharge?appName=akmTask
[WARNING]2021-04-21 15:09:01,885: timer_thread[tid:10784] <lock name:runTasks.g_lock,<locked _thread.RLock object owner=10784 count=1 at 0x00000258E4C36090>> ,hold 3363 ms
[INFO]2021-04-21 15:09:02,124: name=timer_thread, pid=1156, tid=10784
[01] File "E:/Users/Administrator/AppData/Local/Programs/Python/Python38/lib/threading.py", line 870, in run() 
[02] File "../common/mytimer.py", line 113, in _loop() 
[03] File "../common/lock.py", line 122, in _call() 
[04] File "../common/lock.py", line 100, in release() 
[05] File "E:/projects_by_myself/MeiWei/common/enhance.py", line 258, in getTrace() 
[06] File "E:/projects_by_myself/MeiWei/common/enhance.py", line 240, in getThreadStack()
[DEBUG]2021-04-21 15:09:15,360: GET: http://127.0.0.1:5551/api/scada/addTaskByPad?source=%E4%BA%8C%E6%A5%BC%E5%B7%A5%E4%BD%8D_02&target=%E4%BA%8C%E6%A5%BC%E6%B5%8B%E8%AF%95%E7%82%B9 addr: 127.0.0.1
[INFO]2021-04-21 15:09:15,499: create task[607fcf9bedc89e8641b9db8b]: type= scadaTask , 从二楼工位_02运送货架到二楼测试点 {'source': '二楼工位_02', 'target': '二楼测试点', 'payloadId': None, 'priority': 1, 'type': 'scadaTask', 'taskName': '从二楼工位_02运送货架到二楼测试点', 'createTime': datetime.datetime(2021, 4, 21, 15, 9, 15, 454504), 'updateTime': datetime.datetime(2021, 4, 21, 15, 9, 15, 454504), 'startTime': None, 'endTime': None, 'status': 'waiting', 'step': 'waiting', 'failMsg': None, 'history': [], '_id': ObjectId('607fcf9bedc89e8641b9db8b')}
[DEBUG]2021-04-21 15:09:15,784: used 424ms 200 OK application/json;charset=utf-8, GET: http://127.0.0.1:5551/api/scada/addTaskByPad?source=%E4%BA%8C%E6%A5%BC%E5%B7%A5%E4%BD%8D_02&target=%E4%BA%8C%E6%A5%BC%E6%B5%8B%E8%AF%95%E7%82%B9
[INFO]2021-04-21 15:09:15,835: task[607fcf9bedc89e8641b9db8b]:  start {'failMsg': '任务等待执行', 'startTime': datetime.datetime(2021, 4, 21, 15, 9, 15, 816800), 'updateTime': datetime.datetime(2021, 4, 21, 15, 9, 15, 816800), 'status': 'running'}
[INFO]2021-04-21 15:09:16,099: task: start task[607fcf9bedc89e8641b9db8b][-] LM16(LM17) -> LM9(LM12) [waiting]
[INFO]2021-04-21 15:09:16,353: task[607fcf9bedc89e8641b9db8b] update info: {'failMsg': '等待分配小车', 'updateTime': datetime.datetime(2021, 4, 21, 15, 9, 16, 321407)}
[DEBUG]2021-04-21 15:09:16,449: task[607fcf9bedc89e8641b9db8b][-] LM16(LM17) -> LM9(LM12) [waitForAgv] waiting -> waitForAgv
[DEBUG]2021-04-21 15:09:17,832: GET: http://127.0.0.1:5551/api/agv/apply?appName=akmTask&autoLock=False&exclude&loc=LM17&mapId=AKM2F&taskId=607fcf9bedc89e8641b9db8b&timeout=10 addr: 127.0.0.1
[INFO]2021-04-21 15:09:21,892: apply AGV30 ,taskId: 607fcf9bedc89e8641b9db8b ,loc AKM2F.LM17 ,autoLock False , used 3964 ms
[WARNING]2021-04-21 15:09:21,972: worker 3[tid:1548] <lock name:mapMgr.lock,<locked _thread.RLock object owner=1548 count=1 at 0x00000258E13B3360>> ,hold 4044 ms
[INFO]2021-04-21 15:09:22,467: name=worker 3, pid=1156, tid=1548
[01] File "E:/Users/Administrator/AppData/Local/Programs/Python/Python38/lib/threading.py", line 870, in run() 
[02] File "E:/Users/Administrator/AppData/Local/Programs/Python/Python38/lib/site-packages/paste/httpserver.py", line 903, in worker_thread_callback() 
[03] File "E:/Users/Administrator/AppData/Local/Programs/Python/Python38/lib/site-packages/paste/httpserver.py", line 1077, in <lambda>() 
[04] File "E:/Users/Administrator/AppData/Local/Programs/Python/Python38/lib/site-packages/paste/httpserver.py", line 1092, in process_request_in_thread() 
[05] File "E:/Users/Administrator/AppData/Local/Programs/Python/Python38/lib/socketserver.py", line 360, in finish_request() 
[06] File "E:/Users/Administrator/AppData/Local/Programs/Python/Python38/lib/socketserver.py", line 720, in __init__() 
[07] File "E:/Users/Administrator/AppData/Local/Programs/Python/Python38/lib/site-packages/paste/httpserver.py", line 460, in handle() 
[08] File "E:/Users/Administrator/AppData/Local/Programs/Python/Python38/lib/http/server.py", line 427, in handle() 
[09] File "E:/Users/Administrator/AppData/Local/Programs/Python/Python38/lib/site-packages/paste/httpserver.py", line 455, in handle_one_request() 
[10] File "E:/Users/Administrator/AppData/Local/Programs/Python/Python38/lib/site-packages/paste/httpserver.py", line 304, in wsgi_execute() 
[11] File "E:/Users/Administrator/AppData/Local/Programs/Python/Python38/lib/site-packages/paste/translogger.py", line 69, in __call__() 
[12] File "E:/Users/Administrator/AppData/Local/Programs/Python/Python38/lib/site-packages/bottle.py", line 985, in __call__() 
[13] File "E:/Users/Administrator/AppData/Local/Programs/Python/Python38/lib/site-packages/bottle.py", line 960, in wsgi() 
[14] File "E:/Users/Administrator/AppData/Local/Programs/Python/Python38/lib/site-packages/bottle.py", line 868, in _handle() 
[15] File "E:/Users/Administrator/AppData/Local/Programs/Python/Python38/lib/site-packages/bottle.py", line 1748, in wrapper() 
[16] File "E:/projects_by_myself/MeiWei/common/webutility.py", line 465, in _enable_cors() 
[17] File "E:/projects_by_myself/MeiWei/common/webutility.py", line 481, in _enable_cors() 
[18] File "E:/projects_by_myself/MeiWei/common/scadaUtility.py", line 45, in __call() 
[19] File "E:/projects_by_myself/MeiWei/agvCtrl/main_agv.py", line 58, in urlApply() 
[20] File "E:/projects_by_myself/MeiWei/agvCtrl/agvControl.py", line 1111, in apply() 
[21] File "E:/projects_by_myself/MeiWei/common/lock.py", line 122, in _call() 
[22] File "E:/projects_by_myself/MeiWei/common/lock.py", line 100, in release() 
[23] File "E:/projects_by_myself/MeiWei/common/enhance.py", line 258, in getTrace() 
[24] File "E:/projects_by_myself/MeiWei/common/enhance.py", line 240, in getThreadStack()
[DEBUG]2021-04-21 15:09:22,530: used 4698ms 200 OK application/json;charset=utf-8, GET: http://127.0.0.1:5551/api/agv/apply?appName=akmTask&autoLock=False&exclude&loc=LM17&mapId=AKM2F&taskId=607fcf9bedc89e8641b9db8b&timeout=10
[WARNING]2021-04-21 15:09:22,531: agv.hasDeadlock[tid:13552] <lock name:mapMgr.lock,<locked _thread.RLock object owner=13552 count=1 at 0x00000258E13B3360>> ,hold 3951 ms
[INFO]2021-04-21 15:09:22,750: name=agv.hasDeadlock, pid=1156, tid=13552
[01] File "E:/Users/Administrator/AppData/Local/Programs/Python/Python38/lib/threading.py", line 870, in run() 
[02] File "E:/projects_by_myself/MeiWei/agvCtrl/agvControl.py", line 1006, in _threadFunc() 
[03] File "E:/projects_by_myself/MeiWei/agvCtrl/agvControl.py", line 902, in hasDeadlock() 
[04] File "E:/projects_by_myself/MeiWei/common/lock.py", line 122, in _call() 
[05] File "E:/projects_by_myself/MeiWei/common/lock.py", line 100, in release() 
[06] File "E:/projects_by_myself/MeiWei/common/enhance.py", line 258, in getTrace() 
[07] File "E:/projects_by_myself/MeiWei/common/enhance.py", line 240, in getThreadStack()
[DEBUG]2021-04-21 15:09:22,750: GET: http://127.0.0.1:5551/api/agv/lock?agv=AGV30&appName=akmTask&taskId=607fcf9bedc89e8641b9db8b addr: 127.0.0.1
[DEBUG]2021-04-21 15:09:23,002: lock:  AGV30 taskId 607fcf9bedc89e8641b9db8b app akmTask
[WARNING]2021-04-21 15:09:24,127: AGV30 clear task finish, cur= AKM2F.AP29 task_status= 0
[DEBUG]2021-04-21 15:09:24,207: used 1457ms 200 OK application/json;charset=utf-8, GET: http://127.0.0.1:5551/api/agv/lock?agv=AGV30&appName=akmTask&taskId=607fcf9bedc89e8641b9db8b
[INFO]2021-04-21 15:09:24,349: task[607fcf9bedc89e8641b9db8b][-] LM16(LM17) -> LM9(LM12) [waitForAgv] apply AGV30
[INFO]2021-04-21 15:09:24,444: task[607fcf9bedc89e8641b9db8b] update info: {'agvId': 'AGV30', 'failMsg': '成功分配小车AGV30,检测顶升下降', 'updateTime': datetime.datetime(2021, 4, 21, 15, 9, 24, 413125)}
[WARNING]2021-04-21 15:09:24,538: scada.607fcf9bedc89e8641b9db8b[tid:16768] <locked _thread.RLock object owner=16768 count=1 at 0x00000258E4F5CC60> ,hold 6880 ms
[INFO]2021-04-21 15:09:24,919: name=scada.607fcf9bedc89e8641b9db8b, pid=1156, tid=16768
[01] File "E:/Users/Administrator/AppData/Local/Programs/Python/Python38/lib/threading.py", line 870, in run() 
[02] File "../common/utility.py", line 167, in __call() 
[03] File "E:/projects_by_myself/MeiWei/akmCtrl/beans/scadaTaskBean.py", line 565, in _taskFunc() 
[04] File "../common/lock.py", line 122, in _call() 
[05] File "../common/lock.py", line 100, in release() 
[06] File "E:/projects_by_myself/MeiWei/common/enhance.py", line 258, in getTrace() 
[07] File "E:/projects_by_myself/MeiWei/common/enhance.py", line 240, in getThreadStack()
[DEBUG]2021-04-21 15:09:25,014: task[607fcf9bedc89e8641b9db8b][AGV30] LM16(LM17) -> LM9(LM12) [initJackdown] waitForAgv -> initJackdown
[INFO]2021-04-21 15:09:25,489: task[607fcf9bedc89e8641b9db8b][AGV30] LM16(LM17) -> LM9(LM12) [initJackdown] _jackDown
[DEBUG]2021-04-21 15:09:25,583: send http_get: http://127.0.0.1:5551/api/agv/jackdown?agv=AGV30&loc=None&timeoutSec=90
[DEBUG]2021-04-21 15:09:25,775: GET: http://127.0.0.1:5551/api/agv/jackdown?agv=AGV30&loc=None&timeoutSec=90 addr: 127.0.0.1
[INFO]2021-04-21 15:09:25,822: _jack in jackMgr: AGV30 down [{'id': 0, 'source': 'normal', 'status': True}, {'id': 1, 'source': 'normal', 'status': True}]
[INFO]2021-04-21 15:09:25,982: AGV30 jack down status:  1
[DEBUG]2021-04-21 15:09:26,062: used 288ms 200 OK application/json;charset=utf-8, GET: http://127.0.0.1:5551/api/agv/jackdown?agv=AGV30&loc=None&timeoutSec=90
[DEBUG]2021-04-21 15:09:26,187: [return] use 604 ms,http_get: http://127.0.0.1:5551/api/agv/jackdown?agv=AGV30&loc=None&timeoutSec=90
[INFO]2021-04-21 15:09:26,282: task[607fcf9bedc89e8641b9db8b] update info: {'failMsg': '前往二楼工位_02工位点拉取货架', 'updateTime': datetime.datetime(2021, 4, 21, 15, 9, 26, 266612)}
[DEBUG]2021-04-21 15:09:26,329: task[607fcf9bedc89e8641b9db8b][AGV30] LM16(LM17) -> LM9(LM12) [startMoveJackup] initJackdown -> startMoveJackup
[DEBUG]2021-04-21 15:09:26,810: GET: http://127.0.0.1:5551/api/agv/move?WorkPlace=None&agv=AGV30&agvId=AGV30&appName=akmTask&direction=None&floorId=AKM2F&isRotate&loc=AKM2F.LM16&location=LM16&p_direction=0.0&pgv_type=1&recognize=False&seer_jackup=JackLoad&taskId=607fcf9bedc89e8641b9db8b_2&taskType=scadaTask&timeoutSec=86400&use_pgv=False addr: 127.0.0.1
[INFO]2021-04-21 15:09:26,820: Begin: AGV30 move from AKM2F.AP29 to AKM2F.LM16 by paths: [('AKM2F', ['AP29', 'LM31', 'LM39', 'LM37', 'LM18', 'LM40', 'LM17', 'LM16'], 23.807999999999996)] task: 607fcf9bedc89e8641b9db8b_2 timeout 86400 used 6 ms
[DEBUG]2021-04-21 15:09:26,821: task[607fcf9bedc89e8641b9db8b][AGV30] LM16(LM17) -> LM9(LM12) [loadPlayload] startMoveJackup -> loadPlayload
[DEBUG]2021-04-21 15:09:27,855: agvInfo: AGV30 AKM2F.AP29 move to AKM2F.LM31 ,taskId 607fcf9bedc89e8641b9db8b_2
[CRITICAL]2021-04-21 15:09:28,397: agvApi step callback cause a error: 'dict' object is not callable
pid=1156, ppid=9668, tid=9452
Traceback (most recent call last):
  File "..\agvCtrl\agvApi.py", line 263, in _checkFinish
    t.stepCallback(t.params,t.status)
TypeError: 'dict' object is not callable

[DEBUG]2021-04-21 15:09:29,407: AGV30 turn to wait check cur AP29 next LM39 0.992 False
[DEBUG]2021-04-21 15:09:29,969: agvInfo: AGV30 AKM2F.AP29 move to AKM2F.LM39 ,taskId 607fcf9bedc89e8641b9db8b_2
[CRITICAL]2021-04-21 15:09:29,977: agvApi step callback cause a error: 'dict' object is not callable
pid=1156, ppid=9668, tid=9452
Traceback (most recent call last):
  File "..\agvCtrl\agvApi.py", line 263, in _checkFinish
    t.stepCallback(t.params,t.status)
TypeError: 'dict' object is not callable

[DEBUG]2021-04-21 15:09:30,029: AGV30 set loc AKM2F.LM31 ,old AP29 (-13.70,-15.15)
[DEBUG]2021-04-21 15:09:32,527: AGV30 turn to wait check cur LM31 next LM37 0.756 False
[DEBUG]2021-04-21 15:09:33,073: agvInfo: AGV30 AKM2F.LM31 move to AKM2F.LM37 ,taskId 607fcf9bedc89e8641b9db8b_2
[DEBUG]2021-04-21 15:09:33,105: AGV30 set loc AKM2F.LM39 ,old LM31 (-15.16,-15.15)
[CRITICAL]2021-04-21 15:09:33,114: agvApi step callback cause a error: 'dict' object is not callable
pid=1156, ppid=9668, tid=9452
Traceback (most recent call last):
  File "..\agvCtrl\agvApi.py", line 263, in _checkFinish
    t.stepCallback(t.params,t.status)
TypeError: 'dict' object is not callable

[DEBUG]2021-04-21 15:09:36,161: AGV30 turn to wait check cur LM39 next LM18 0.638 False
[DEBUG]2021-04-21 15:09:36,711: agvInfo: AGV30 AKM2F.LM39 move to AKM2F.LM18 ,taskId 607fcf9bedc89e8641b9db8b_2
[DEBUG]2021-04-21 15:09:36,724: AGV30 set loc AKM2F.LM37 ,old LM39 (-15.16,-16.74)
[CRITICAL]2021-04-21 15:09:36,746: agvApi step callback cause a error: 'dict' object is not callable
pid=1156, ppid=9668, tid=9452
Traceback (most recent call last):
  File "..\agvCtrl\agvApi.py", line 263, in _checkFinish
    t.stepCallback(t.params,t.status)
TypeError: 'dict' object is not callable

[DEBUG]2021-04-21 15:09:41,863: AGV30 turn to wait check cur LM37 next LM40 0.552 False
[DEBUG]2021-04-21 15:09:41,878: AGV30 set loc AKM2F.LM18 ,old LM37 (-18.22,-16.74)
[DEBUG]2021-04-21 15:09:42,426: agvInfo: AGV30 AKM2F.LM18 move to AKM2F.LM40 ,taskId 607fcf9bedc89e8641b9db8b_2
[CRITICAL]2021-04-21 15:09:42,454: agvApi step callback cause a error: 'dict' object is not callable
pid=1156, ppid=9668, tid=9452
Traceback (most recent call last):
  File "..\agvCtrl\agvApi.py", line 263, in _checkFinish
    t.stepCallback(t.params,t.status)
TypeError: 'dict' object is not callable

[DEBUG]2021-04-21 15:09:42,941: AGV30 choise next pos cur LM18 next LM17 pre LM40 14.419 True
[DEBUG]2021-04-21 15:09:42,945: AGV30 turn to wait check cur LM18 next LM17 14.419 True
[DEBUG]2021-04-21 15:09:43,476: agvInfo: AGV30 AKM2F.LM18 move to AKM2F.LM17 ,taskId 607fcf9bedc89e8641b9db8b_2
[CRITICAL]2021-04-21 15:09:43,512: agvApi step callback cause a error: 'dict' object is not callable
pid=1156, ppid=9668, tid=9452
Traceback (most recent call last):
  File "..\agvCtrl\agvApi.py", line 263, in _checkFinish
    t.stepCallback(t.params,t.status)
TypeError: 'dict' object is not callable

[DEBUG]2021-04-21 15:09:49,637: AGV30 choise next pos cur LM18 next LM16 pre LM17 11.951 False
[DEBUG]2021-04-21 15:09:49,639: AGV30 turn to wait check cur LM18 next LM16 11.951 False
[DEBUG]2021-04-21 15:09:50,179: agvInfo: AGV30 AKM2F.LM18 move jackup to AKM2F.LM16 ,taskId 607fcf9bedc89e8641b9db8b_2
[CRITICAL]2021-04-21 15:09:50,276: agvApi step callback cause a error: 'dict' object is not callable
pid=1156, ppid=9668, tid=9452
Traceback (most recent call last):
  File "..\agvCtrl\agvApi.py", line 263, in _checkFinish
    t.stepCallback(t.params,t.status)
TypeError: 'dict' object is not callable

[DEBUG]2021-04-21 15:09:50,616: AGV30 set loc AKM2F.LM40 ,old LM18 (-18.37,-22.26)
[DEBUG]2021-04-21 15:10:01,890: AGV30 set loc AKM2F.LM17 ,old LM40 (-18.37,-31.16)
[WARNING]2021-04-21 15:10:02,448: AGV30 waitFinish: loc is diff LM17 LM16 task_status= 2
[WARNING]2021-04-21 15:10:02,965: AGV30 waitFinish: loc is diff LM17 LM16 task_status= 2
[WARNING]2021-04-21 15:10:03,479: AGV30 waitFinish: loc is diff LM17 LM16 task_status= 2
[WARNING]2021-04-21 15:10:03,995: AGV30 waitFinish: loc is diff LM17 LM16 task_status= 2
[DEBUG]2021-04-21 15:10:04,462: AGV30 set loc AKM2F.LM16 ,old LM17 (-18.37,-33.25)
[SUCC]2021-04-21 15:10:06,036: Finish:  AGV30 arrived AKM2F.LM16 ,task: 607fcf9bedc89e8641b9db8b_2
[INFO]2021-04-21 15:10:06,368: task: move finish callback task[607fcf9bedc89e8641b9db8b][AGV30] LM16(LM17) -> LM9(LM12) [loadPlayload]
[INFO]2021-04-21 15:10:06,373: task[607fcf9bedc89e8641b9db8b] update info: {'failMsg': 'AGV顶升', 'updateTime': datetime.datetime(2021, 4, 21, 15, 10, 6, 371952)}
[DEBUG]2021-04-21 15:10:06,568: task[607fcf9bedc89e8641b9db8b][AGV30] LM16(LM17) -> LM9(LM12) [loadPlayload_jackup] loadPlayload_readqr -> loadPlayload_jackup
[INFO]2021-04-21 15:10:06,894: task[607fcf9bedc89e8641b9db8b][AGV30] LM16(LM17) -> LM9(LM12) [loadPlayload_jackup] _jackUp
[DEBUG]2021-04-21 15:10:06,974: send http_get: http://127.0.0.1:5551/api/agv/jackup?agv=AGV30&loc=None&timeoutSec=90
[DEBUG]2021-04-21 15:10:07,230: GET: http://127.0.0.1:5551/api/agv/jackup?agv=AGV30&loc=None&timeoutSec=90 addr: 127.0.0.1
[INFO]2021-04-21 15:10:07,310: _jack in jackMgr: AGV30 up [{'id': 0, 'source': 'normal', 'status': True}, {'id': 1, 'source': 'normal', 'status': True}]
[INFO]2021-04-21 15:10:07,373: AGV30 jack up status:  1
[DEBUG]2021-04-21 15:10:07,470: used 239ms 200 OK application/json;charset=utf-8, GET: http://127.0.0.1:5551/api/agv/jackup?agv=AGV30&loc=None&timeoutSec=90
[DEBUG]2021-04-21 15:10:07,628: [return] use 654 ms,http_get: http://127.0.0.1:5551/api/agv/jackup?agv=AGV30&loc=None&timeoutSec=90
[INFO]2021-04-21 15:10:07,756: task[607fcf9bedc89e8641b9db8b] update info: {'failMsg': '等待二楼测试点工位点锁', 'updateTime': datetime.datetime(2021, 4, 21, 15, 10, 7, 708289)}
[DEBUG]2021-04-21 15:10:07,835: task[607fcf9bedc89e8641b9db8b][AGV30] LM16(LM17) -> LM9(LM12) [waitDestPreLoc] loadPlayload_jackup -> waitDestPreLoc
[INFO]2021-04-21 15:10:08,276: task: prepoint locked  607fcf9bedc89e8641b9db8b AKM2F.LM9
[INFO]2021-04-21 15:10:08,388: task[607fcf9bedc89e8641b9db8b] update info: {'failMsg': '前往LM9工位点放下货架', 'updateTime': datetime.datetime(2021, 4, 21, 15, 10, 8, 356556)}
[DEBUG]2021-04-21 15:10:08,500: task[607fcf9bedc89e8641b9db8b][AGV30] LM16(LM17) -> LM9(LM12) [movePreSource] waitDestPreLoc -> movePreSource
[DEBUG]2021-04-21 15:10:09,080: GET: http://127.0.0.1:5551/api/agv/move?WorkPlace=None&agv=AGV30&agvId=AGV30&appName=akmTask&direction=None&floorId=AKM2F&isRotate&loc=AKM2F.LM12&location=LM12&p_direction=0.0&pgv_type=1&recognize=False&result=True&resultDesc=None&taskId=607fcf9bedc89e8641b9db8b_3&taskType=scadaTask&timeoutSec=86400&use_pgv=False addr: 127.0.0.1
[INFO]2021-04-21 15:10:09,114: Begin: AGV30 move from AKM2F.LM16 to AKM2F.LM12 by paths: [('AKM2F', ['LM16', 'LM44', 'LM43', 'LM14', 'LM13', 'LM12'], 15.21750817088753)] task: 607fcf9bedc89e8641b9db8b_3 timeout 86400 used 30 ms
[DEBUG]2021-04-21 15:10:09,116: used 36ms 200 OK application/json;charset=utf-8, GET: http://127.0.0.1:5551/api/agv/move?WorkPlace=None&agv=AGV30&agvId=AGV30&appName=akmTask&direction=None&floorId=AKM2F&isRotate&loc=AKM2F.LM12&location=LM12&p_direction=0.0&pgv_type=1&recognize=False&result=True&resultDesc=None&taskId=607fcf9bedc89e8641b9db8b_3&taskType=scadaTask&timeoutSec=86400&use_pgv=False
[DEBUG]2021-04-21 15:10:09,118: task[607fcf9bedc89e8641b9db8b][AGV30] LM16(LM17) -> LM9(LM12) [movePreSourceStep] movePreSource -> movePreSourceStep
[DEBUG]2021-04-21 15:10:09,716: agvInfo: AGV30 AKM2F.LM16 move to AKM2F.LM44 ,taskId 607fcf9bedc89e8641b9db8b_3
[DEBUG]2021-04-21 15:10:10,229: AGV30 choise next pos cur LM16 next LM43 pre LM44 5.449 True
[DEBUG]2021-04-21 15:10:10,233: AGV30 choise next pos cur LM16 next LM14 pre LM43 7.285 False
[DEBUG]2021-04-21 15:10:10,236: AGV30 turn to wait check cur LM16 next LM14 7.285 False
[DEBUG]2021-04-21 15:10:10,780: agvInfo: AGV30 AKM2F.LM16 move to AKM2F.LM14 ,taskId 607fcf9bedc89e8641b9db8b_3
[DEBUG]2021-04-21 15:10:12,780: AGV30 set loc AKM2F.LM44 ,old LM16 (-16.30,-33.44)
[DEBUG]2021-04-21 15:10:16,905: AGV30 set loc AKM2F.LM43 ,old LM44 (-12.97,-33.44)
[DEBUG]2021-04-21 15:10:18,488: AGV30 turn to wait check cur LM43 next LM13 0.969 False
[DEBUG]2021-04-21 15:10:19,025: AGV30 set loc AKM2F.LM14 ,old LM43 (-11.23,-33.41)
[DEBUG]2021-04-21 15:10:19,032: agvInfo: AGV30 AKM2F.LM43 move to AKM2F.LM13 ,taskId 607fcf9bedc89e8641b9db8b_3
[DEBUG]2021-04-21 15:10:19,555: AGV30 choise next pos cur LM14 next LM12 pre LM13 7.933 False
[DEBUG]2021-04-21 15:10:19,562: AGV30 turn to wait check cur LM14 next LM12 7.933 False
[DEBUG]2021-04-21 15:10:20,090: agvInfo: AGV30 AKM2F.LM14 move to AKM2F.LM12 ,taskId 607fcf9bedc89e8641b9db8b_3
[DEBUG]2021-04-21 15:10:23,645: AGV30 set loc AKM2F.LM13 ,old LM14 (-11.08,-30.24)
[WARNING]2021-04-21 15:10:24,183: AGV30 waitFinish: loc is diff LM13 LM12 task_status= 2
[WARNING]2021-04-21 15:10:24,697: AGV30 waitFinish: loc is diff LM13 LM12 task_status= 2
[WARNING]2021-04-21 15:10:25,210: AGV30 waitFinish: loc is diff LM13 LM12 task_status= 2
[WARNING]2021-04-21 15:10:25,727: AGV30 waitFinish: loc is diff LM13 LM12 task_status= 2
[WARNING]2021-04-21 15:10:26,239: AGV30 waitFinish: loc is diff LM13 LM12 task_status= 2
[WARNING]2021-04-21 15:10:26,756: AGV30 waitFinish: loc is diff LM13 LM12 task_status= 2
[WARNING]2021-04-21 15:10:27,265: AGV30 waitFinish: loc is diff LM13 LM12 task_status= 2
[WARNING]2021-04-21 15:10:27,770: AGV30 waitFinish: loc is diff LM13 LM12 task_status= 2
[WARNING]2021-04-21 15:10:28,282: AGV30 waitFinish: loc is diff LM13 LM12 task_status= 2
[WARNING]2021-04-21 15:10:28,795: AGV30 waitFinish: loc is diff LM13 LM12 task_status= 2
[WARNING]2021-04-21 15:10:29,317: AGV30 waitFinish: loc is diff LM13 LM12 task_status= 2
[DEBUG]2021-04-21 15:10:29,801: AGV30 set loc AKM2F.LM12 ,old LM13 (-11.08,-25.47)
[SUCC]2021-04-21 15:10:30,844: Finish:  AGV30 arrived AKM2F.LM12 ,task: 607fcf9bedc89e8641b9db8b_3
[INFO]2021-04-21 15:10:31,365: task: move finish callback task[607fcf9bedc89e8641b9db8b][AGV30] LM16(LM17) -> LM9(LM12) [movePreSourceStep]
[DEBUG]2021-04-21 15:10:31,672: GET: http://127.0.0.1:5551/api/agv/move?WorkPlace=None&agv=AGV30&agvId=AGV30&appName=akmTask&direction=None&floorId=AKM2F&isRotate&loc=AKM2F.LM9&location=LM9&p_direction=0.0&pgv_type=1&recognize=False&result=True&resultDesc=None&seer_jackup=JackUnload&taskId=607fcf9bedc89e8641b9db8b_4&taskType=scadaTask&timeoutSec=86400&use_pgv=False addr: 127.0.0.1
[INFO]2021-04-21 15:10:31,679: Begin: AGV30 move from AKM2F.LM12 to AKM2F.LM9 by paths: [('AKM2F', ['LM12', 'LM11', 'LM9'], 12.42)] task: 607fcf9bedc89e8641b9db8b_4 timeout 86400 used 6 ms
[DEBUG]2021-04-21 15:10:31,680: used 8ms 200 OK application/json;charset=utf-8, GET: http://127.0.0.1:5551/api/agv/move?WorkPlace=None&agv=AGV30&agvId=AGV30&appName=akmTask&direction=None&floorId=AKM2F&isRotate&loc=AKM2F.LM9&location=LM9&p_direction=0.0&pgv_type=1&recognize=False&result=True&resultDesc=None&seer_jackup=JackUnload&taskId=607fcf9bedc89e8641b9db8b_4&taskType=scadaTask&timeoutSec=86400&use_pgv=False
[INFO]2021-04-21 15:10:31,682: task[607fcf9bedc89e8641b9db8b] update info: {'step': 'dropPayload', 'updateTime': datetime.datetime(2021, 4, 21, 15, 10, 31, 681763)}
[DEBUG]2021-04-21 15:10:31,683: task[607fcf9bedc89e8641b9db8b][AGV30] LM16(LM17) -> LM9(LM12) [dropPayload] dropPayloadMove -> dropPayload
[DEBUG]2021-04-21 15:10:32,447: agvInfo: AGV30 AKM2F.LM12 move to AKM2F.LM11 ,taskId 607fcf9bedc89e8641b9db8b_4
[DEBUG]2021-04-21 15:10:32,968: AGV30 choise next pos cur LM12 next LM9 pre LM11 12.219 False
[DEBUG]2021-04-21 15:10:32,969: AGV30 turn to wait check cur LM12 next LM9 12.219 False
[DEBUG]2021-04-21 15:10:33,486: agvInfo: AGV30 AKM2F.LM12 move jackdown to AKM2F.LM9 ,taskId 607fcf9bedc89e8641b9db8b_4
[DEBUG]2021-04-21 15:10:38,549: AGV30 set loc AKM2F.LM11 ,old LM12 (-11.08,-20.76)
[WARNING]2021-04-21 15:10:39,143: AGV30 waitFinish: loc is diff LM11 LM9 task_status= 2
[WARNING]2021-04-21 15:10:39,659: AGV30 waitFinish: loc is diff LM11 LM9 task_status= 2
[WARNING]2021-04-21 15:10:40,173: AGV30 waitFinish: loc is diff LM11 LM9 task_status= 2
[WARNING]2021-04-21 15:10:40,686: AGV30 waitFinish: loc is diff LM11 LM9 task_status= 2
[WARNING]2021-04-21 15:10:41,201: AGV30 waitFinish: loc is diff LM11 LM9 task_status= 2
[WARNING]2021-04-21 15:10:41,716: AGV30 waitFinish: loc is diff LM11 LM9 task_status= 2
[WARNING]2021-04-21 15:10:42,230: AGV30 waitFinish: loc is diff LM11 LM9 task_status= 2
[WARNING]2021-04-21 15:10:42,747: AGV30 waitFinish: loc is diff LM11 LM9 task_status= 2
[WARNING]2021-04-21 15:10:43,263: AGV30 waitFinish: loc is diff LM11 LM9 task_status= 2
[WARNING]2021-04-21 15:10:43,775: AGV30 waitFinish: loc is diff LM11 LM9 task_status= 2
[WARNING]2021-04-21 15:10:44,288: AGV30 waitFinish: loc is diff LM11 LM9 task_status= 2
[WARNING]2021-04-21 15:10:44,804: AGV30 waitFinish: loc is diff LM11 LM9 task_status= 2
[WARNING]2021-04-21 15:10:45,323: AGV30 waitFinish: loc is diff LM11 LM9 task_status= 2
[WARNING]2021-04-21 15:10:45,838: AGV30 waitFinish: loc is diff LM11 LM9 task_status= 2
[WARNING]2021-04-21 15:10:46,357: AGV30 waitFinish: loc is diff LM11 LM9 task_status= 2
[WARNING]2021-04-21 15:10:46,882: AGV30 waitFinish: loc is diff LM11 LM9 task_status= 2
[WARNING]2021-04-21 15:10:47,397: AGV30 waitFinish: loc is diff LM11 LM9 task_status= 2
[WARNING]2021-04-21 15:10:47,916: AGV30 waitFinish: loc is diff LM11 LM9 task_status= 2
[DEBUG]2021-04-21 15:10:48,322: AGV30 set loc AKM2F.LM9 ,old LM11 (-11.08,-13.05)
[SUCC]2021-04-21 15:10:49,437: Finish:  AGV30 arrived AKM2F.LM9 ,task: 607fcf9bedc89e8641b9db8b_4
[INFO]2021-04-21 15:10:49,466: task: move finish callback task[607fcf9bedc89e8641b9db8b][AGV30] LM16(LM17) -> LM9(LM12) [dropPayload]
[INFO]2021-04-21 15:10:49,473: task[607fcf9bedc89e8641b9db8b] update info: {'failMsg': '放下货架，旋转顶升机构初始化', 'updateTime': datetime.datetime(2021, 4, 21, 15, 10, 49, 471925)}
[INFO]2021-04-21 15:10:49,482: task[607fcf9bedc89e8641b9db8b][AGV30] LM16(LM17) -> LM9(LM12) [dropPayloadJackdown] _jackDown
[DEBUG]2021-04-21 15:10:49,484: send http_get: http://127.0.0.1:5551/api/agv/jackdown?agv=AGV30&loc=None&timeoutSec=90
[DEBUG]2021-04-21 15:10:49,488: GET: http://127.0.0.1:5551/api/agv/jackdown?agv=AGV30&loc=None&timeoutSec=90 addr: 127.0.0.1
[INFO]2021-04-21 15:10:49,491: _jack in jackMgr: AGV30 down [{'id': 0, 'source': 'normal', 'status': True}, {'id': 1, 'source': 'normal', 'status': True}]
[INFO]2021-04-21 15:10:49,492: AGV30 jack down status:  1
[DEBUG]2021-04-21 15:10:49,493: used 5ms 200 OK application/json;charset=utf-8, GET: http://127.0.0.1:5551/api/agv/jackdown?agv=AGV30&loc=None&timeoutSec=90
[DEBUG]2021-04-21 15:10:49,495: [return] use 11 ms,http_get: http://127.0.0.1:5551/api/agv/jackdown?agv=AGV30&loc=None&timeoutSec=90
[DEBUG]2021-04-21 15:10:49,496: task[607fcf9bedc89e8641b9db8b][AGV30] LM16(LM17) -> LM9(LM12) [dropPayloadReset] dropPayloadJackdown -> dropPayloadReset
[INFO]2021-04-21 15:10:49,810: task[607fcf9bedc89e8641b9db8b][AGV30] LM16(LM17) -> LM9(LM12) [dropPayloadReset] rotationClear
[DEBUG]2021-04-21 15:10:49,816: send http_get: http://127.0.0.1:5551/api/agv/rotationclear?agv=AGV30&timeoutSec=30
[DEBUG]2021-04-21 15:10:49,819: GET: http://127.0.0.1:5551/api/agv/rotationclear?agv=AGV30&timeoutSec=30 addr: 127.0.0.1
[INFO]2021-04-21 15:10:50,856: _rotation in rotationMgr: AGV30 None [{'id': 0, 'source': 'normal', 'status': True}, {'id': 1, 'source': 'normal', 'status': True}]
[INFO]2021-04-21 15:10:51,121: AGV30 rotation clear status: 1
[DEBUG]2021-04-21 15:10:51,263: used 1445ms 200 OK application/json;charset=utf-8, GET: http://127.0.0.1:5551/api/agv/rotationclear?agv=AGV30&timeoutSec=30
[DEBUG]2021-04-21 15:10:51,372: [return] use 1556 ms,http_get: http://127.0.0.1:5551/api/agv/rotationclear?agv=AGV30&timeoutSec=30
[INFO]2021-04-21 15:10:51,450: task[607fcf9bedc89e8641b9db8b]:  successed {'step': 'finish', 'failMsg': '任务成功', 'endTime': datetime.datetime(2021, 4, 21, 15, 10, 51, 435074), 'status': 'success'}
[DEBUG]2021-04-21 15:10:51,527: task[607fcf9bedc89e8641b9db8b][AGV30] LM16(LM17) -> LM9(LM12) [finish] dropPayloadReset -> finish
[INFO]2021-04-21 15:10:51,938: task[607fcf9bedc89e8641b9db8b][AGV30] LM16(LM17) -> LM9(LM12) [finish] AGV30 release task, release agv True True False
[DEBUG]2021-04-21 15:10:52,142: GET: http://127.0.0.1:5551/api/agv/isLocked?agv=AGV30&appName=akmTask&taskId=607fcf9bedc89e8641b9db8b addr: 127.0.0.1
[DEBUG]2021-04-21 15:10:52,254: used 112ms 200 OK application/json;charset=utf-8, GET: http://127.0.0.1:5551/api/agv/isLocked?agv=AGV30&appName=akmTask&taskId=607fcf9bedc89e8641b9db8b
[DEBUG]2021-04-21 15:10:52,490: GET: http://127.0.0.1:5551/api/agv/release?agv=AGV30&appName=akmTask&force=False&taskId=607fcf9bedc89e8641b9db8b addr: 127.0.0.1
[DEBUG]2021-04-21 15:10:52,553: unlock: AGV30 taskId 607fcf9bedc89e8641b9db8b app akmTask force False
[DEBUG]2021-04-21 15:10:52,601: used 111ms 200 OK application/json;charset=utf-8, GET: http://127.0.0.1:5551/api/agv/release?agv=AGV30&appName=akmTask&force=False&taskId=607fcf9bedc89e8641b9db8b
[INFO]2021-04-21 15:10:52,697: task[607fcf9bedc89e8641b9db8b][AGV30] LM16(LM17) -> LM9(LM12) [finish] let AGV30 gohome
[DEBUG]2021-04-21 15:10:52,853: GET: http://127.0.0.1:5551/api/agv/goHome?agv=AGV30&appName=akmTask&force=False&timeout=10800 addr: 127.0.0.1
[INFO]2021-04-21 15:10:52,949: AGV30 gohome home_1 force False taskId home_1 : AGV30.LM9 -> AKM2F.AP29
[INFO]2021-04-21 15:10:54,564: Begin: AGV30 move from AKM2F.LM9 to AKM2F.AP29 by paths: [('AKM2F', ['LM9', 'LM11', 'LM12', 'LM13', 'LM14', 'LM43', 'LM44', 'LM16', 'LM17', 'LM40', 'LM18', 'LM37', 'LM39', 'LM31', 'AP29'], 51.445508170887535)] task: home_1 timeout 10800 used 1458 ms
[DEBUG]2021-04-21 15:10:54,644: used 1791ms 200 OK application/json;charset=utf-8, GET: http://127.0.0.1:5551/api/agv/goHome?agv=AGV30&appName=akmTask&force=False&timeout=10800
[INFO]2021-04-21 15:10:54,895: task: prepoint released2  607fcf9bedc89e8641b9db8b AKM2F.LM9
[WARNING]2021-04-21 15:10:54,974: scada.607fcf9bedc89e8641b9db8b[tid:16768] <lock name:runTasks.g_lock,<locked _thread.RLock object owner=16768 count=1 at 0x00000258E4C36090>> ,hold 3036 ms
[INFO]2021-04-21 15:10:55,150: name=scada.607fcf9bedc89e8641b9db8b, pid=1156, tid=16768
[01] File "E:/Users/Administrator/AppData/Local/Programs/Python/Python38/lib/threading.py", line 870, in run() 
[02] File "../common/utility.py", line 167, in __call() 
[03] File "E:/projects_by_myself/MeiWei/akmCtrl/beans/scadaTaskBean.py", line 562, in _taskFunc() 
[04] File "../common/lock.py", line 122, in _call() 
[05] File "../common/lock.py", line 100, in release() 
[06] File "E:/projects_by_myself/MeiWei/common/enhance.py", line 258, in getTrace() 
[07] File "E:/projects_by_myself/MeiWei/common/enhance.py", line 240, in getThreadStack()
[INFO]2021-04-21 15:10:55,204: task: stop task[607fcf9bedc89e8641b9db8b][-] LM16(LM17) -> LM9(LM12) [finish]
[DEBUG]2021-04-21 15:10:55,214: task: delete task 607fcf9bedc89e8641b9db8b
[DEBUG]2021-04-21 15:10:55,959: agvInfo: AGV30 AKM2F.LM9 move to AKM2F.LM11 ,taskId home_1
[DEBUG]2021-04-21 15:10:56,598: AGV30 choise next pos cur LM9 next LM12 pre LM11 12.420 True
[DEBUG]2021-04-21 15:10:56,724: AGV30 turn to wait check cur LM9 next LM12 12.420 True
[DEBUG]2021-04-21 15:10:59,298: agvInfo: AGV30 AKM2F.LM9 move to AKM2F.LM12 ,taskId home_1
[DEBUG]2021-04-21 15:11:03,129: AGV30 choise next pos cur LM9 next LM13 pre LM12 14.633 True
[DEBUG]2021-04-21 15:11:03,251: AGV30 turn to wait check cur LM9 next LM13 14.633 True
[DEBUG]2021-04-21 15:11:05,335: agvInfo: AGV30 AKM2F.LM9 move to AKM2F.LM13 ,taskId home_1
[DEBUG]2021-04-21 15:11:12,793: AGV30 choise next pos cur LM9 next LM14 pre LM13 12.847 False
[DEBUG]2021-04-21 15:11:12,840: AGV30 turn to wait check cur LM9 next LM14 12.847 False
[DEBUG]2021-04-21 15:11:12,980: AGV30 set loc AKM2F.LM11 ,old LM9 (-11.08,-20.86)
[DEBUG]2021-04-21 15:11:15,208: agvInfo: AGV30 AKM2F.LM11 move to AKM2F.LM14 ,taskId home_1
[DEBUG]2021-04-21 15:11:22,069: AGV30 set loc AKM2F.LM12 ,old LM11 (-11.08,-25.32)
[DEBUG]2021-04-21 15:11:31,028: AGV30 set loc AKM2F.LM13 ,old LM12 (-11.08,-30.39)
[DEBUG]2021-04-21 15:11:35,060: AGV30 turn to wait check cur LM13 next LM43 0.905 False
[DEBUG]2021-04-21 15:11:36,456: AGV30 set loc AKM2F.LM14 ,old LM13 (-11.08,-33.41)
[DEBUG]2021-04-21 15:11:36,738: agvInfo: AGV30 AKM2F.LM14 move to AKM2F.LM43 ,taskId home_1
[DEBUG]2021-04-21 15:11:37,374: AGV30 choise next pos cur LM14 next LM44 pre LM43 5.325 True
[DEBUG]2021-04-21 15:11:37,423: AGV30 choise next pos cur LM14 next LM16 pre LM44 7.285 False
[DEBUG]2021-04-21 15:11:37,579: AGV30 turn to wait check cur LM14 next LM16 7.285 False
[DEBUG]2021-04-21 15:11:39,829: agvInfo: AGV30 AKM2F.LM14 move to AKM2F.LM16 ,taskId home_1
[DEBUG]2021-04-21 15:11:43,524: AGV30 set loc AKM2F.LM43 ,old LM14 (-12.92,-33.44)
[DEBUG]2021-04-21 15:11:49,931: AGV30 set loc AKM2F.LM44 ,old LM43 (-16.41,-33.44)
[DEBUG]2021-04-21 15:11:52,145: AGV30 turn to wait check cur LM44 next LM17 0.825 False
[DEBUG]2021-04-21 15:11:53,269: AGV30 set loc AKM2F.LM16 ,old LM44 (-18.26,-33.41)
[DEBUG]2021-04-21 15:11:54,220: agvInfo: AGV30 AKM2F.LM16 move to AKM2F.LM17 ,taskId home_1
[DEBUG]2021-04-21 15:11:54,811: AGV30 choise next pos cur LM16 next LM40 pre LM17 11.249 True
[DEBUG]2021-04-21 15:11:54,904: AGV30 turn to wait check cur LM16 next LM40 11.249 True
[DEBUG]2021-04-21 15:11:56,812: agvInfo: AGV30 AKM2F.LM16 move to AKM2F.LM40 ,taskId home_1
[DEBUG]2021-04-21 15:11:59,532: AGV30 choise next pos cur LM16 next LM18 pre LM40 15.338 False
[DEBUG]2021-04-21 15:11:59,593: AGV30 turn to wait check cur LM16 next LM18 15.338 False
[DEBUG]2021-04-21 15:12:01,166: AGV30 set loc AKM2F.LM17 ,old LM16 (-18.37,-31.06)
[DEBUG]2021-04-21 15:12:01,768: agvInfo: AGV30 AKM2F.LM17 move to AKM2F.LM18 ,taskId home_1
[DEBUG]2021-04-21 15:12:18,411: AGV30 set loc AKM2F.LM40 ,old LM17 (-18.37,-22.26)
[DEBUG]2021-04-21 15:12:28,174: AGV30 turn to wait check cur LM40 next LM37 0.752 False
[DEBUG]2021-04-21 15:12:29,109: AGV30 set loc AKM2F.LM18 ,old LM40 (-18.37,-16.84)
[DEBUG]2021-04-21 15:12:29,740: agvInfo: AGV30 AKM2F.LM18 move to AKM2F.LM37 ,taskId home_1
[DEBUG]2021-04-21 15:12:37,908: AGV30 turn to wait check cur LM18 next LM39 0.953 False
[DEBUG]2021-04-21 15:12:39,511: agvInfo: AGV30 AKM2F.LM18 move to AKM2F.LM39 ,taskId home_1
[DEBUG]2021-04-21 15:12:39,573: AGV30 set loc AKM2F.LM37 ,old LM18 (-15.21,-16.74)
[DEBUG]2021-04-21 15:12:42,405: AGV30 turn to wait check cur LM37 next LM31 0.638 False
[DEBUG]2021-04-21 15:12:43,006: AGV30 set loc AKM2F.LM39 ,old LM37 (-15.16,-15.25)
[DEBUG]2021-04-21 15:12:43,878: agvInfo: AGV30 AKM2F.LM39 move to AKM2F.LM31 ,taskId home_1
[DEBUG]2021-04-21 15:12:44,525: AGV30 choise next pos cur LM39 next AP29 pre LM31 2.340 False
[DEBUG]2021-04-21 15:12:44,572: AGV30 turn to wait check cur LM39 next AP29 2.340 False
[DEBUG]2021-04-21 15:12:45,995: agvInfo: AGV30 AKM2F.LM39 move to AKM2F.AP29 ,taskId home_1
[DEBUG]2021-04-21 15:12:49,138: AGV30 set loc AKM2F.LM31 ,old LM39 (-13.81,-15.15)
[WARNING]2021-04-21 15:12:50,012: AGV30 waitFinish: loc is diff LM31 AP29 task_status= 2
[WARNING]2021-04-21 15:12:50,775: AGV30 waitFinish: loc is diff LM31 AP29 task_status= 2
[DEBUG]2021-04-21 15:12:50,951: AGV30 set loc AKM2F.AP29 ,old LM31 (-12.97,-15.15)
[SUCC]2021-04-21 15:12:53,174: Finish:  AGV30 arrived AKM2F.AP29 ,task: home_1
[DEBUG]2021-04-21 15:12:53,286: unlock: AGV30 taskId None app None force False
[ERROR]2021-04-21 15:18:38,923: process exited, living 0:09:49.774110 seconds
[INFO]2021-04-21 15:19:15,169: name=worker 9, pid=1156, tid=6524
[01] File "E:/Users/Administrator/AppData/Local/Programs/Python/Python38/lib/threading.py", line 870, in run() 
[02] File "E:/Users/Administrator/AppData/Local/Programs/Python/Python38/lib/site-packages/paste/httpserver.py", line 891, in worker_thread_callback() 
[03] File "E:/Users/Administrator/AppData/Local/Programs/Python/Python38/lib/queue.py", line 170, in get() 
[04] File "E:/Users/Administrator/AppData/Local/Programs/Python/Python38/lib/threading.py", line 302, in wait() 

name=worker 8, pid=1156, tid=4108
[01] File "E:/Users/Administrator/AppData/Local/Programs/Python/Python38/lib/threading.py", line 870, in run() 
[02] File "E:/Users/Administrator/AppData/Local/Programs/Python/Python38/lib/site-packages/paste/httpserver.py", line 891, in worker_thread_callback() 
[03] File "E:/Users/Administrator/AppData/Local/Programs/Python/Python38/lib/queue.py", line 170, in get() 
[04] File "E:/Users/Administrator/AppData/Local/Programs/Python/Python38/lib/threading.py", line 302, in wait() 

name=worker 7, pid=1156, tid=13340
[01] File "E:/Users/Administrator/AppData/Local/Programs/Python/Python38/lib/threading.py", line 870, in run() 
[02] File "E:/Users/Administrator/AppData/Local/Programs/Python/Python38/lib/site-packages/paste/httpserver.py", line 891, in worker_thread_callback() 
[03] File "E:/Users/Administrator/AppData/Local/Programs/Python/Python38/lib/queue.py", line 170, in get() 
[04] File "E:/Users/Administrator/AppData/Local/Programs/Python/Python38/lib/threading.py", line 302, in wait() 

name=worker 6, pid=1156, tid=4952
[01] File "E:/Users/Administrator/AppData/Local/Programs/Python/Python38/lib/threading.py", line 870, in run() 
[02] File "E:/Users/Administrator/AppData/Local/Programs/Python/Python38/lib/site-packages/paste/httpserver.py", line 891, in worker_thread_callback() 
[03] File "E:/Users/Administrator/AppData/Local/Programs/Python/Python38/lib/queue.py", line 170, in get() 
[04] File "E:/Users/Administrator/AppData/Local/Programs/Python/Python38/lib/threading.py", line 302, in wait() 

name=worker 5, pid=1156, tid=12548
[01] File "E:/Users/Administrator/AppData/Local/Programs/Python/Python38/lib/threading.py", line 870, in run() 
[02] File "E:/Users/Administrator/AppData/Local/Programs/Python/Python38/lib/site-packages/paste/httpserver.py", line 891, in worker_thread_callback() 
[03] File "E:/Users/Administrator/AppData/Local/Programs/Python/Python38/lib/queue.py", line 170, in get() 
[04] File "E:/Users/Administrator/AppData/Local/Programs/Python/Python38/lib/threading.py", line 302, in wait() 

name=worker 4, pid=1156, tid=16444
[01] File "E:/Users/Administrator/AppData/Local/Programs/Python/Python38/lib/threading.py", line 870, in run() 
[02] File "E:/Users/Administrator/AppData/Local/Programs/Python/Python38/lib/site-packages/paste/httpserver.py", line 891, in worker_thread_callback() 
[03] File "E:/Users/Administrator/AppData/Local/Programs/Python/Python38/lib/queue.py", line 170, in get() 
[04] File "E:/Users/Administrator/AppData/Local/Programs/Python/Python38/lib/threading.py", line 302, in wait() 

name=worker 3, pid=1156, tid=1548
[01] File "E:/Users/Administrator/AppData/Local/Programs/Python/Python38/lib/threading.py", line 870, in run() 
[02] File "E:/Users/Administrator/AppData/Local/Programs/Python/Python38/lib/site-packages/paste/httpserver.py", line 891, in worker_thread_callback() 
[03] File "E:/Users/Administrator/AppData/Local/Programs/Python/Python38/lib/queue.py", line 170, in get() 
[04] File "E:/Users/Administrator/AppData/Local/Programs/Python/Python38/lib/threading.py", line 302, in wait() 

name=worker 2, pid=1156, tid=14344
[01] File "E:/Users/Administrator/AppData/Local/Programs/Python/Python38/lib/threading.py", line 870, in run() 
[02] File "E:/Users/Administrator/AppData/Local/Programs/Python/Python38/lib/site-packages/paste/httpserver.py", line 891, in worker_thread_callback() 
[03] File "E:/Users/Administrator/AppData/Local/Programs/Python/Python38/lib/queue.py", line 170, in get() 
[04] File "E:/Users/Administrator/AppData/Local/Programs/Python/Python38/lib/threading.py", line 302, in wait() 

name=worker 1, pid=1156, tid=12500
[01] File "E:/Users/Administrator/AppData/Local/Programs/Python/Python38/lib/threading.py", line 870, in run() 
[02] File "E:/Users/Administrator/AppData/Local/Programs/Python/Python38/lib/site-packages/paste/httpserver.py", line 891, in worker_thread_callback() 
[03] File "E:/Users/Administrator/AppData/Local/Programs/Python/Python38/lib/queue.py", line 170, in get() 
[04] File "E:/Users/Administrator/AppData/Local/Programs/Python/Python38/lib/threading.py", line 302, in wait() 

name=worker 0, pid=1156, tid=8124
[01] File "E:/Users/Administrator/AppData/Local/Programs/Python/Python38/lib/threading.py", line 870, in run() 
[02] File "E:/Users/Administrator/AppData/Local/Programs/Python/Python38/lib/site-packages/paste/httpserver.py", line 891, in worker_thread_callback() 
[03] File "E:/Users/Administrator/AppData/Local/Programs/Python/Python38/lib/queue.py", line 170, in get() 
[04] File "E:/Users/Administrator/AppData/Local/Programs/Python/Python38/lib/threading.py", line 302, in wait() 

name=pymongo_kill_cursors_thread, pid=1156, tid=6372
[01] File "E:/Users/Administrator/AppData/Local/Programs/Python/Python38/lib/threading.py", line 870, in run() 
[02] File "E:/Users/Administrator/AppData/Local/Programs/Python/Python38/lib/site-packages/pymongo/periodic_executor.py", line 140, in _run() 

name=pymongo_server_monitor_thread, pid=1156, tid=13912
[01] File "E:/Users/Administrator/AppData/Local/Programs/Python/Python38/lib/threading.py", line 870, in run() 
[02] File "E:/Users/Administrator/AppData/Local/Programs/Python/Python38/lib/site-packages/pymongo/periodic_executor.py", line 140, in _run() 

name=tcplisten.port_6789, pid=1156, tid=18164
[01] File "E:/Users/Administrator/AppData/Local/Programs/Python/Python38/lib/threading.py", line 870, in run() 
[02] File "E:/projects_by_myself/MeiWei/common/tcpSocket.py", line 65, in _acceptThread() 
[03] File "E:/Users/Administrator/AppData/Local/Programs/Python/Python38/lib/socket.py", line 292, in accept() 

name=MainThread, pid=1156, tid=4628
[01] File "run_all.py", line 60, in <module>() 
[02] File "E:/projects_by_myself/MeiWei/common/webutility.py", line 320, in run() 
[03] File "E:/Users/Administrator/AppData/Local/Programs/Python/Python38/lib/site-packages/bottle.py", line 3137, in run() 
[04] File "E:/Users/Administrator/AppData/Local/Programs/Python/Python38/lib/site-packages/bottle.py", line 2829, in run() 
[05] File "E:/Users/Administrator/AppData/Local/Programs/Python/Python38/lib/site-packages/paste/httpserver.py", line 1361, in serve() 
[06] File "E:/Users/Administrator/AppData/Local/Programs/Python/Python38/lib/site-packages/paste/httpserver.py", line 1107, in serve_forever() 
[07] File "E:/Users/Administrator/AppData/Local/Programs/Python/Python38/lib/socketserver.py", line 294, in handle_request() 
[08] File "E:/Users/Administrator/AppData/Local/Programs/Python/Python38/lib/selectors.py", line 323, in select() 
[09] File "E:/Users/Administrator/AppData/Local/Programs/Python/Python38/lib/selectors.py", line 314, in _select() 
[10] File "../common/utility.py", line 598, in exit() 
[11] File "E:/projects_by_myself/MeiWei/common/enhance.py", line 256, in getTrace() 
[12] File "E:/projects_by_myself/MeiWei/common/enhance.py", line 240, in getThreadStack()
[INFO]2021-04-21 15:19:15,177: lock info: count 0

try lock info: count 0
[ERROR]2021-04-21 15:19:15,181: user press Ctrl+C, print thread stack
[INFO]2021-04-21 15:19:16,193: name=worker 9, pid=1156, tid=6524
[01] File "E:/Users/Administrator/AppData/Local/Programs/Python/Python38/lib/threading.py", line 870, in run() 
[02] File "E:/Users/Administrator/AppData/Local/Programs/Python/Python38/lib/site-packages/paste/httpserver.py", line 891, in worker_thread_callback() 
[03] File "E:/Users/Administrator/AppData/Local/Programs/Python/Python38/lib/queue.py", line 170, in get() 
[04] File "E:/Users/Administrator/AppData/Local/Programs/Python/Python38/lib/threading.py", line 302, in wait() 

name=worker 8, pid=1156, tid=4108
[01] File "E:/Users/Administrator/AppData/Local/Programs/Python/Python38/lib/threading.py", line 870, in run() 
[02] File "E:/Users/Administrator/AppData/Local/Programs/Python/Python38/lib/site-packages/paste/httpserver.py", line 891, in worker_thread_callback() 
[03] File "E:/Users/Administrator/AppData/Local/Programs/Python/Python38/lib/queue.py", line 170, in get() 
[04] File "E:/Users/Administrator/AppData/Local/Programs/Python/Python38/lib/threading.py", line 302, in wait() 

name=worker 7, pid=1156, tid=13340
[01] File "E:/Users/Administrator/AppData/Local/Programs/Python/Python38/lib/threading.py", line 870, in run() 
[02] File "E:/Users/Administrator/AppData/Local/Programs/Python/Python38/lib/site-packages/paste/httpserver.py", line 891, in worker_thread_callback() 
[03] File "E:/Users/Administrator/AppData/Local/Programs/Python/Python38/lib/queue.py", line 170, in get() 
[04] File "E:/Users/Administrator/AppData/Local/Programs/Python/Python38/lib/threading.py", line 302, in wait() 

name=worker 6, pid=1156, tid=4952
[01] File "E:/Users/Administrator/AppData/Local/Programs/Python/Python38/lib/threading.py", line 870, in run() 
[02] File "E:/Users/Administrator/AppData/Local/Programs/Python/Python38/lib/site-packages/paste/httpserver.py", line 891, in worker_thread_callback() 
[03] File "E:/Users/Administrator/AppData/Local/Programs/Python/Python38/lib/queue.py", line 170, in get() 
[04] File "E:/Users/Administrator/AppData/Local/Programs/Python/Python38/lib/threading.py", line 302, in wait() 

name=worker 5, pid=1156, tid=12548
[01] File "E:/Users/Administrator/AppData/Local/Programs/Python/Python38/lib/threading.py", line 870, in run() 
[02] File "E:/Users/Administrator/AppData/Local/Programs/Python/Python38/lib/site-packages/paste/httpserver.py", line 891, in worker_thread_callback() 
[03] File "E:/Users/Administrator/AppData/Local/Programs/Python/Python38/lib/queue.py", line 170, in get() 
[04] File "E:/Users/Administrator/AppData/Local/Programs/Python/Python38/lib/threading.py", line 302, in wait() 

name=worker 4, pid=1156, tid=16444
[01] File "E:/Users/Administrator/AppData/Local/Programs/Python/Python38/lib/threading.py", line 870, in run() 
[02] File "E:/Users/Administrator/AppData/Local/Programs/Python/Python38/lib/site-packages/paste/httpserver.py", line 891, in worker_thread_callback() 
[03] File "E:/Users/Administrator/AppData/Local/Programs/Python/Python38/lib/queue.py", line 170, in get() 
[04] File "E:/Users/Administrator/AppData/Local/Programs/Python/Python38/lib/threading.py", line 302, in wait() 

name=worker 3, pid=1156, tid=1548
[01] File "E:/Users/Administrator/AppData/Local/Programs/Python/Python38/lib/threading.py", line 870, in run() 
[02] File "E:/Users/Administrator/AppData/Local/Programs/Python/Python38/lib/site-packages/paste/httpserver.py", line 891, in worker_thread_callback() 
[03] File "E:/Users/Administrator/AppData/Local/Programs/Python/Python38/lib/queue.py", line 170, in get() 
[04] File "E:/Users/Administrator/AppData/Local/Programs/Python/Python38/lib/threading.py", line 302, in wait() 

name=worker 2, pid=1156, tid=14344
[01] File "E:/Users/Administrator/AppData/Local/Programs/Python/Python38/lib/threading.py", line 870, in run() 
[02] File "E:/Users/Administrator/AppData/Local/Programs/Python/Python38/lib/site-packages/paste/httpserver.py", line 891, in worker_thread_callback() 
[03] File "E:/Users/Administrator/AppData/Local/Programs/Python/Python38/lib/queue.py", line 170, in get() 
[04] File "E:/Users/Administrator/AppData/Local/Programs/Python/Python38/lib/threading.py", line 302, in wait() 

name=worker 1, pid=1156, tid=12500
[01] File "E:/Users/Administrator/AppData/Local/Programs/Python/Python38/lib/threading.py", line 870, in run() 
[02] File "E:/Users/Administrator/AppData/Local/Programs/Python/Python38/lib/site-packages/paste/httpserver.py", line 891, in worker_thread_callback() 
[03] File "E:/Users/Administrator/AppData/Local/Programs/Python/Python38/lib/queue.py", line 170, in get() 
[04] File "E:/Users/Administrator/AppData/Local/Programs/Python/Python38/lib/threading.py", line 302, in wait() 

name=worker 0, pid=1156, tid=8124
[01] File "E:/Users/Administrator/AppData/Local/Programs/Python/Python38/lib/threading.py", line 870, in run() 
[02] File "E:/Users/Administrator/AppData/Local/Programs/Python/Python38/lib/site-packages/paste/httpserver.py", line 891, in worker_thread_callback() 
[03] File "E:/Users/Administrator/AppData/Local/Programs/Python/Python38/lib/queue.py", line 170, in get() 
[04] File "E:/Users/Administrator/AppData/Local/Programs/Python/Python38/lib/threading.py", line 302, in wait() 

name=pymongo_kill_cursors_thread, pid=1156, tid=6372
[01] File "E:/Users/Administrator/AppData/Local/Programs/Python/Python38/lib/threading.py", line 870, in run() 
[02] File "E:/Users/Administrator/AppData/Local/Programs/Python/Python38/lib/site-packages/pymongo/periodic_executor.py", line 140, in _run() 

name=pymongo_server_monitor_thread, pid=1156, tid=13912
[01] File "E:/Users/Administrator/AppData/Local/Programs/Python/Python38/lib/threading.py", line 870, in run() 
[02] File "E:/Users/Administrator/AppData/Local/Programs/Python/Python38/lib/site-packages/pymongo/periodic_executor.py", line 140, in _run() 

name=tcplisten.port_6789, pid=1156, tid=18164
[01] File "E:/Users/Administrator/AppData/Local/Programs/Python/Python38/lib/threading.py", line 870, in run() 
[02] File "E:/projects_by_myself/MeiWei/common/tcpSocket.py", line 65, in _acceptThread() 
[03] File "E:/Users/Administrator/AppData/Local/Programs/Python/Python38/lib/socket.py", line 292, in accept() 

name=MainThread, pid=1156, tid=4628
[01] File "run_all.py", line 60, in <module>() 
[02] File "E:/projects_by_myself/MeiWei/common/webutility.py", line 320, in run() 
[03] File "E:/Users/Administrator/AppData/Local/Programs/Python/Python38/lib/site-packages/bottle.py", line 3137, in run() 
[04] File "E:/Users/Administrator/AppData/Local/Programs/Python/Python38/lib/site-packages/bottle.py", line 2829, in run() 
[05] File "E:/Users/Administrator/AppData/Local/Programs/Python/Python38/lib/site-packages/paste/httpserver.py", line 1361, in serve() 
[06] File "E:/Users/Administrator/AppData/Local/Programs/Python/Python38/lib/site-packages/paste/httpserver.py", line 1107, in serve_forever() 
[07] File "E:/Users/Administrator/AppData/Local/Programs/Python/Python38/lib/socketserver.py", line 294, in handle_request() 
[08] File "E:/Users/Administrator/AppData/Local/Programs/Python/Python38/lib/selectors.py", line 323, in select() 
[09] File "E:/Users/Administrator/AppData/Local/Programs/Python/Python38/lib/selectors.py", line 314, in _select() 
[10] File "../common/utility.py", line 598, in exit() 
[11] File "E:/projects_by_myself/MeiWei/common/enhance.py", line 256, in getTrace() 
[12] File "E:/projects_by_myself/MeiWei/common/enhance.py", line 240, in getThreadStack()
[INFO]2021-04-21 15:19:16,202: lock info: count 0

try lock info: count 0
[ERROR]2021-04-21 15:19:16,208: user press Ctrl+C, print thread stack
[INFO]2021-04-21 15:19:17,229: name=worker 9, pid=1156, tid=6524
[01] File "E:/Users/Administrator/AppData/Local/Programs/Python/Python38/lib/threading.py", line 870, in run() 
[02] File "E:/Users/Administrator/AppData/Local/Programs/Python/Python38/lib/site-packages/paste/httpserver.py", line 891, in worker_thread_callback() 
[03] File "E:/Users/Administrator/AppData/Local/Programs/Python/Python38/lib/queue.py", line 170, in get() 
[04] File "E:/Users/Administrator/AppData/Local/Programs/Python/Python38/lib/threading.py", line 302, in wait() 

name=worker 8, pid=1156, tid=4108
[01] File "E:/Users/Administrator/AppData/Local/Programs/Python/Python38/lib/threading.py", line 870, in run() 
[02] File "E:/Users/Administrator/AppData/Local/Programs/Python/Python38/lib/site-packages/paste/httpserver.py", line 891, in worker_thread_callback() 
[03] File "E:/Users/Administrator/AppData/Local/Programs/Python/Python38/lib/queue.py", line 170, in get() 
[04] File "E:/Users/Administrator/AppData/Local/Programs/Python/Python38/lib/threading.py", line 302, in wait() 

name=worker 7, pid=1156, tid=13340
[01] File "E:/Users/Administrator/AppData/Local/Programs/Python/Python38/lib/threading.py", line 870, in run() 
[02] File "E:/Users/Administrator/AppData/Local/Programs/Python/Python38/lib/site-packages/paste/httpserver.py", line 891, in worker_thread_callback() 
[03] File "E:/Users/Administrator/AppData/Local/Programs/Python/Python38/lib/queue.py", line 170, in get() 
[04] File "E:/Users/Administrator/AppData/Local/Programs/Python/Python38/lib/threading.py", line 302, in wait() 

name=worker 6, pid=1156, tid=4952
[01] File "E:/Users/Administrator/AppData/Local/Programs/Python/Python38/lib/threading.py", line 870, in run() 
[02] File "E:/Users/Administrator/AppData/Local/Programs/Python/Python38/lib/site-packages/paste/httpserver.py", line 891, in worker_thread_callback() 
[03] File "E:/Users/Administrator/AppData/Local/Programs/Python/Python38/lib/queue.py", line 170, in get() 
[04] File "E:/Users/Administrator/AppData/Local/Programs/Python/Python38/lib/threading.py", line 302, in wait() 

name=worker 5, pid=1156, tid=12548
[01] File "E:/Users/Administrator/AppData/Local/Programs/Python/Python38/lib/threading.py", line 870, in run() 
[02] File "E:/Users/Administrator/AppData/Local/Programs/Python/Python38/lib/site-packages/paste/httpserver.py", line 891, in worker_thread_callback() 
[03] File "E:/Users/Administrator/AppData/Local/Programs/Python/Python38/lib/queue.py", line 170, in get() 
[04] File "E:/Users/Administrator/AppData/Local/Programs/Python/Python38/lib/threading.py", line 302, in wait() 

name=worker 4, pid=1156, tid=16444
[01] File "E:/Users/Administrator/AppData/Local/Programs/Python/Python38/lib/threading.py", line 870, in run() 
[02] File "E:/Users/Administrator/AppData/Local/Programs/Python/Python38/lib/site-packages/paste/httpserver.py", line 891, in worker_thread_callback() 
[03] File "E:/Users/Administrator/AppData/Local/Programs/Python/Python38/lib/queue.py", line 170, in get() 
[04] File "E:/Users/Administrator/AppData/Local/Programs/Python/Python38/lib/threading.py", line 302, in wait() 

name=worker 3, pid=1156, tid=1548
[01] File "E:/Users/Administrator/AppData/Local/Programs/Python/Python38/lib/threading.py", line 870, in run() 
[02] File "E:/Users/Administrator/AppData/Local/Programs/Python/Python38/lib/site-packages/paste/httpserver.py", line 891, in worker_thread_callback() 
[03] File "E:/Users/Administrator/AppData/Local/Programs/Python/Python38/lib/queue.py", line 170, in get() 
[04] File "E:/Users/Administrator/AppData/Local/Programs/Python/Python38/lib/threading.py", line 302, in wait() 

name=worker 2, pid=1156, tid=14344
[01] File "E:/Users/Administrator/AppData/Local/Programs/Python/Python38/lib/threading.py", line 870, in run() 
[02] File "E:/Users/Administrator/AppData/Local/Programs/Python/Python38/lib/site-packages/paste/httpserver.py", line 891, in worker_thread_callback() 
[03] File "E:/Users/Administrator/AppData/Local/Programs/Python/Python38/lib/queue.py", line 170, in get() 
[04] File "E:/Users/Administrator/AppData/Local/Programs/Python/Python38/lib/threading.py", line 302, in wait() 

name=worker 1, pid=1156, tid=12500
[01] File "E:/Users/Administrator/AppData/Local/Programs/Python/Python38/lib/threading.py", line 870, in run() 
[02] File "E:/Users/Administrator/AppData/Local/Programs/Python/Python38/lib/site-packages/paste/httpserver.py", line 891, in worker_thread_callback() 
[03] File "E:/Users/Administrator/AppData/Local/Programs/Python/Python38/lib/queue.py", line 170, in get() 
[04] File "E:/Users/Administrator/AppData/Local/Programs/Python/Python38/lib/threading.py", line 302, in wait() 

name=worker 0, pid=1156, tid=8124
[01] File "E:/Users/Administrator/AppData/Local/Programs/Python/Python38/lib/threading.py", line 870, in run() 
[02] File "E:/Users/Administrator/AppData/Local/Programs/Python/Python38/lib/site-packages/paste/httpserver.py", line 891, in worker_thread_callback() 
[03] File "E:/Users/Administrator/AppData/Local/Programs/Python/Python38/lib/queue.py", line 170, in get() 
[04] File "E:/Users/Administrator/AppData/Local/Programs/Python/Python38/lib/threading.py", line 302, in wait() 

name=pymongo_kill_cursors_thread, pid=1156, tid=6372
[01] File "E:/Users/Administrator/AppData/Local/Programs/Python/Python38/lib/threading.py", line 870, in run() 
[02] File "E:/Users/Administrator/AppData/Local/Programs/Python/Python38/lib/site-packages/pymongo/periodic_executor.py", line 140, in _run() 

name=pymongo_server_monitor_thread, pid=1156, tid=13912
[01] File "E:/Users/Administrator/AppData/Local/Programs/Python/Python38/lib/threading.py", line 870, in run() 
[02] File "E:/Users/Administrator/AppData/Local/Programs/Python/Python38/lib/site-packages/pymongo/periodic_executor.py", line 140, in _run() 

name=tcplisten.port_6789, pid=1156, tid=18164
[01] File "E:/Users/Administrator/AppData/Local/Programs/Python/Python38/lib/threading.py", line 870, in run() 
[02] File "E:/projects_by_myself/MeiWei/common/tcpSocket.py", line 65, in _acceptThread() 
[03] File "E:/Users/Administrator/AppData/Local/Programs/Python/Python38/lib/socket.py", line 292, in accept() 

name=MainThread, pid=1156, tid=4628
[01] File "run_all.py", line 60, in <module>() 
[02] File "E:/projects_by_myself/MeiWei/common/webutility.py", line 320, in run() 
[03] File "E:/Users/Administrator/AppData/Local/Programs/Python/Python38/lib/site-packages/bottle.py", line 3137, in run() 
[04] File "E:/Users/Administrator/AppData/Local/Programs/Python/Python38/lib/site-packages/bottle.py", line 2829, in run() 
[05] File "E:/Users/Administrator/AppData/Local/Programs/Python/Python38/lib/site-packages/paste/httpserver.py", line 1361, in serve() 
[06] File "E:/Users/Administrator/AppData/Local/Programs/Python/Python38/lib/site-packages/paste/httpserver.py", line 1107, in serve_forever() 
[07] File "E:/Users/Administrator/AppData/Local/Programs/Python/Python38/lib/socketserver.py", line 294, in handle_request() 
[08] File "E:/Users/Administrator/AppData/Local/Programs/Python/Python38/lib/selectors.py", line 323, in select() 
[09] File "E:/Users/Administrator/AppData/Local/Programs/Python/Python38/lib/selectors.py", line 314, in _select() 
[10] File "../common/utility.py", line 598, in exit() 
[11] File "E:/projects_by_myself/MeiWei/common/enhance.py", line 256, in getTrace() 
[12] File "E:/projects_by_myself/MeiWei/common/enhance.py", line 240, in getThreadStack()
[INFO]2021-04-21 15:19:17,243: lock info: count 0

try lock info: count 0
[ERROR]2021-04-21 15:19:17,249: user press Ctrl+C, print thread stack
[INFO]2021-04-21 15:19:18,267: name=worker 9, pid=1156, tid=6524
[01] File "E:/Users/Administrator/AppData/Local/Programs/Python/Python38/lib/threading.py", line 870, in run() 
[02] File "E:/Users/Administrator/AppData/Local/Programs/Python/Python38/lib/site-packages/paste/httpserver.py", line 891, in worker_thread_callback() 
[03] File "E:/Users/Administrator/AppData/Local/Programs/Python/Python38/lib/queue.py", line 170, in get() 
[04] File "E:/Users/Administrator/AppData/Local/Programs/Python/Python38/lib/threading.py", line 302, in wait() 

name=worker 8, pid=1156, tid=4108
[01] File "E:/Users/Administrator/AppData/Local/Programs/Python/Python38/lib/threading.py", line 870, in run() 
[02] File "E:/Users/Administrator/AppData/Local/Programs/Python/Python38/lib/site-packages/paste/httpserver.py", line 891, in worker_thread_callback() 
[03] File "E:/Users/Administrator/AppData/Local/Programs/Python/Python38/lib/queue.py", line 170, in get() 
[04] File "E:/Users/Administrator/AppData/Local/Programs/Python/Python38/lib/threading.py", line 302, in wait() 

name=worker 7, pid=1156, tid=13340
[01] File "E:/Users/Administrator/AppData/Local/Programs/Python/Python38/lib/threading.py", line 870, in run() 
[02] File "E:/Users/Administrator/AppData/Local/Programs/Python/Python38/lib/site-packages/paste/httpserver.py", line 891, in worker_thread_callback() 
[03] File "E:/Users/Administrator/AppData/Local/Programs/Python/Python38/lib/queue.py", line 170, in get() 
[04] File "E:/Users/Administrator/AppData/Local/Programs/Python/Python38/lib/threading.py", line 302, in wait() 

name=worker 6, pid=1156, tid=4952
[01] File "E:/Users/Administrator/AppData/Local/Programs/Python/Python38/lib/threading.py", line 870, in run() 
[02] File "E:/Users/Administrator/AppData/Local/Programs/Python/Python38/lib/site-packages/paste/httpserver.py", line 891, in worker_thread_callback() 
[03] File "E:/Users/Administrator/AppData/Local/Programs/Python/Python38/lib/queue.py", line 170, in get() 
[04] File "E:/Users/Administrator/AppData/Local/Programs/Python/Python38/lib/threading.py", line 302, in wait() 

name=worker 5, pid=1156, tid=12548
[01] File "E:/Users/Administrator/AppData/Local/Programs/Python/Python38/lib/threading.py", line 870, in run() 
[02] File "E:/Users/Administrator/AppData/Local/Programs/Python/Python38/lib/site-packages/paste/httpserver.py", line 891, in worker_thread_callback() 
[03] File "E:/Users/Administrator/AppData/Local/Programs/Python/Python38/lib/queue.py", line 170, in get() 
[04] File "E:/Users/Administrator/AppData/Local/Programs/Python/Python38/lib/threading.py", line 302, in wait() 

name=worker 4, pid=1156, tid=16444
[01] File "E:/Users/Administrator/AppData/Local/Programs/Python/Python38/lib/threading.py", line 870, in run() 
[02] File "E:/Users/Administrator/AppData/Local/Programs/Python/Python38/lib/site-packages/paste/httpserver.py", line 891, in worker_thread_callback() 
[03] File "E:/Users/Administrator/AppData/Local/Programs/Python/Python38/lib/queue.py", line 170, in get() 
[04] File "E:/Users/Administrator/AppData/Local/Programs/Python/Python38/lib/threading.py", line 302, in wait() 

name=worker 3, pid=1156, tid=1548
[01] File "E:/Users/Administrator/AppData/Local/Programs/Python/Python38/lib/threading.py", line 870, in run() 
[02] File "E:/Users/Administrator/AppData/Local/Programs/Python/Python38/lib/site-packages/paste/httpserver.py", line 891, in worker_thread_callback() 
[03] File "E:/Users/Administrator/AppData/Local/Programs/Python/Python38/lib/queue.py", line 170, in get() 
[04] File "E:/Users/Administrator/AppData/Local/Programs/Python/Python38/lib/threading.py", line 302, in wait() 

name=worker 2, pid=1156, tid=14344
[01] File "E:/Users/Administrator/AppData/Local/Programs/Python/Python38/lib/threading.py", line 870, in run() 
[02] File "E:/Users/Administrator/AppData/Local/Programs/Python/Python38/lib/site-packages/paste/httpserver.py", line 891, in worker_thread_callback() 
[03] File "E:/Users/Administrator/AppData/Local/Programs/Python/Python38/lib/queue.py", line 170, in get() 
[04] File "E:/Users/Administrator/AppData/Local/Programs/Python/Python38/lib/threading.py", line 302, in wait() 

name=worker 1, pid=1156, tid=12500
[01] File "E:/Users/Administrator/AppData/Local/Programs/Python/Python38/lib/threading.py", line 870, in run() 
[02] File "E:/Users/Administrator/AppData/Local/Programs/Python/Python38/lib/site-packages/paste/httpserver.py", line 891, in worker_thread_callback() 
[03] File "E:/Users/Administrator/AppData/Local/Programs/Python/Python38/lib/queue.py", line 170, in get() 
[04] File "E:/Users/Administrator/AppData/Local/Programs/Python/Python38/lib/threading.py", line 302, in wait() 

name=worker 0, pid=1156, tid=8124
[01] File "E:/Users/Administrator/AppData/Local/Programs/Python/Python38/lib/threading.py", line 870, in run() 
[02] File "E:/Users/Administrator/AppData/Local/Programs/Python/Python38/lib/site-packages/paste/httpserver.py", line 891, in worker_thread_callback() 
[03] File "E:/Users/Administrator/AppData/Local/Programs/Python/Python38/lib/queue.py", line 170, in get() 
[04] File "E:/Users/Administrator/AppData/Local/Programs/Python/Python38/lib/threading.py", line 302, in wait() 

name=pymongo_kill_cursors_thread, pid=1156, tid=6372
[01] File "E:/Users/Administrator/AppData/Local/Programs/Python/Python38/lib/threading.py", line 870, in run() 
[02] File "E:/Users/Administrator/AppData/Local/Programs/Python/Python38/lib/site-packages/pymongo/periodic_executor.py", line 140, in _run() 

name=pymongo_server_monitor_thread, pid=1156, tid=13912
[01] File "E:/Users/Administrator/AppData/Local/Programs/Python/Python38/lib/threading.py", line 870, in run() 
[02] File "E:/Users/Administrator/AppData/Local/Programs/Python/Python38/lib/site-packages/pymongo/periodic_executor.py", line 140, in _run() 

name=tcplisten.port_6789, pid=1156, tid=18164
[01] File "E:/Users/Administrator/AppData/Local/Programs/Python/Python38/lib/threading.py", line 870, in run() 
[02] File "E:/projects_by_myself/MeiWei/common/tcpSocket.py", line 65, in _acceptThread() 
[03] File "E:/Users/Administrator/AppData/Local/Programs/Python/Python38/lib/socket.py", line 292, in accept() 

name=MainThread, pid=1156, tid=4628
[01] File "run_all.py", line 60, in <module>() 
[02] File "E:/projects_by_myself/MeiWei/common/webutility.py", line 320, in run() 
[03] File "E:/Users/Administrator/AppData/Local/Programs/Python/Python38/lib/site-packages/bottle.py", line 3137, in run() 
[04] File "E:/Users/Administrator/AppData/Local/Programs/Python/Python38/lib/site-packages/bottle.py", line 2829, in run() 
[05] File "E:/Users/Administrator/AppData/Local/Programs/Python/Python38/lib/site-packages/paste/httpserver.py", line 1361, in serve() 
[06] File "E:/Users/Administrator/AppData/Local/Programs/Python/Python38/lib/site-packages/paste/httpserver.py", line 1107, in serve_forever() 
[07] File "E:/Users/Administrator/AppData/Local/Programs/Python/Python38/lib/socketserver.py", line 294, in handle_request() 
[08] File "E:/Users/Administrator/AppData/Local/Programs/Python/Python38/lib/selectors.py", line 323, in select() 
[09] File "E:/Users/Administrator/AppData/Local/Programs/Python/Python38/lib/selectors.py", line 314, in _select() 
[10] File "../common/utility.py", line 598, in exit() 
[11] File "E:/projects_by_myself/MeiWei/common/enhance.py", line 256, in getTrace() 
[12] File "E:/projects_by_myself/MeiWei/common/enhance.py", line 240, in getThreadStack()
[INFO]2021-04-21 15:19:18,276: lock info: count 0

try lock info: count 0
[ERROR]2021-04-21 15:19:18,279: user press Ctrl+C, print thread stack
[INFO]2021-04-21 15:19:19,298: name=worker 9, pid=1156, tid=6524
[01] File "E:/Users/Administrator/AppData/Local/Programs/Python/Python38/lib/threading.py", line 870, in run() 
[02] File "E:/Users/Administrator/AppData/Local/Programs/Python/Python38/lib/site-packages/paste/httpserver.py", line 891, in worker_thread_callback() 
[03] File "E:/Users/Administrator/AppData/Local/Programs/Python/Python38/lib/queue.py", line 170, in get() 
[04] File "E:/Users/Administrator/AppData/Local/Programs/Python/Python38/lib/threading.py", line 302, in wait() 

name=worker 8, pid=1156, tid=4108
[01] File "E:/Users/Administrator/AppData/Local/Programs/Python/Python38/lib/threading.py", line 870, in run() 
[02] File "E:/Users/Administrator/AppData/Local/Programs/Python/Python38/lib/site-packages/paste/httpserver.py", line 891, in worker_thread_callback() 
[03] File "E:/Users/Administrator/AppData/Local/Programs/Python/Python38/lib/queue.py", line 170, in get() 
[04] File "E:/Users/Administrator/AppData/Local/Programs/Python/Python38/lib/threading.py", line 302, in wait() 

name=worker 7, pid=1156, tid=13340
[01] File "E:/Users/Administrator/AppData/Local/Programs/Python/Python38/lib/threading.py", line 870, in run() 
[02] File "E:/Users/Administrator/AppData/Local/Programs/Python/Python38/lib/site-packages/paste/httpserver.py", line 891, in worker_thread_callback() 
[03] File "E:/Users/Administrator/AppData/Local/Programs/Python/Python38/lib/queue.py", line 170, in get() 
[04] File "E:/Users/Administrator/AppData/Local/Programs/Python/Python38/lib/threading.py", line 302, in wait() 

name=worker 6, pid=1156, tid=4952
[01] File "E:/Users/Administrator/AppData/Local/Programs/Python/Python38/lib/threading.py", line 870, in run() 
[02] File "E:/Users/Administrator/AppData/Local/Programs/Python/Python38/lib/site-packages/paste/httpserver.py", line 891, in worker_thread_callback() 
[03] File "E:/Users/Administrator/AppData/Local/Programs/Python/Python38/lib/queue.py", line 170, in get() 
[04] File "E:/Users/Administrator/AppData/Local/Programs/Python/Python38/lib/threading.py", line 302, in wait() 

name=worker 5, pid=1156, tid=12548
[01] File "E:/Users/Administrator/AppData/Local/Programs/Python/Python38/lib/threading.py", line 870, in run() 
[02] File "E:/Users/Administrator/AppData/Local/Programs/Python/Python38/lib/site-packages/paste/httpserver.py", line 891, in worker_thread_callback() 
[03] File "E:/Users/Administrator/AppData/Local/Programs/Python/Python38/lib/queue.py", line 170, in get() 
[04] File "E:/Users/Administrator/AppData/Local/Programs/Python/Python38/lib/threading.py", line 302, in wait() 

name=worker 4, pid=1156, tid=16444
[01] File "E:/Users/Administrator/AppData/Local/Programs/Python/Python38/lib/threading.py", line 870, in run() 
[02] File "E:/Users/Administrator/AppData/Local/Programs/Python/Python38/lib/site-packages/paste/httpserver.py", line 891, in worker_thread_callback() 
[03] File "E:/Users/Administrator/AppData/Local/Programs/Python/Python38/lib/queue.py", line 170, in get() 
[04] File "E:/Users/Administrator/AppData/Local/Programs/Python/Python38/lib/threading.py", line 302, in wait() 

name=worker 3, pid=1156, tid=1548
[01] File "E:/Users/Administrator/AppData/Local/Programs/Python/Python38/lib/threading.py", line 870, in run() 
[02] File "E:/Users/Administrator/AppData/Local/Programs/Python/Python38/lib/site-packages/paste/httpserver.py", line 891, in worker_thread_callback() 
[03] File "E:/Users/Administrator/AppData/Local/Programs/Python/Python38/lib/queue.py", line 170, in get() 
[04] File "E:/Users/Administrator/AppData/Local/Programs/Python/Python38/lib/threading.py", line 302, in wait() 

name=worker 2, pid=1156, tid=14344
[01] File "E:/Users/Administrator/AppData/Local/Programs/Python/Python38/lib/threading.py", line 870, in run() 
[02] File "E:/Users/Administrator/AppData/Local/Programs/Python/Python38/lib/site-packages/paste/httpserver.py", line 891, in worker_thread_callback() 
[03] File "E:/Users/Administrator/AppData/Local/Programs/Python/Python38/lib/queue.py", line 170, in get() 
[04] File "E:/Users/Administrator/AppData/Local/Programs/Python/Python38/lib/threading.py", line 302, in wait() 

name=worker 1, pid=1156, tid=12500
[01] File "E:/Users/Administrator/AppData/Local/Programs/Python/Python38/lib/threading.py", line 870, in run() 
[02] File "E:/Users/Administrator/AppData/Local/Programs/Python/Python38/lib/site-packages/paste/httpserver.py", line 891, in worker_thread_callback() 
[03] File "E:/Users/Administrator/AppData/Local/Programs/Python/Python38/lib/queue.py", line 170, in get() 
[04] File "E:/Users/Administrator/AppData/Local/Programs/Python/Python38/lib/threading.py", line 302, in wait() 

name=worker 0, pid=1156, tid=8124
[01] File "E:/Users/Administrator/AppData/Local/Programs/Python/Python38/lib/threading.py", line 870, in run() 
[02] File "E:/Users/Administrator/AppData/Local/Programs/Python/Python38/lib/site-packages/paste/httpserver.py", line 891, in worker_thread_callback() 
[03] File "E:/Users/Administrator/AppData/Local/Programs/Python/Python38/lib/queue.py", line 170, in get() 
[04] File "E:/Users/Administrator/AppData/Local/Programs/Python/Python38/lib/threading.py", line 302, in wait() 

name=pymongo_kill_cursors_thread, pid=1156, tid=6372
[01] File "E:/Users/Administrator/AppData/Local/Programs/Python/Python38/lib/threading.py", line 870, in run() 
[02] File "E:/Users/Administrator/AppData/Local/Programs/Python/Python38/lib/site-packages/pymongo/periodic_executor.py", line 140, in _run() 

name=pymongo_server_monitor_thread, pid=1156, tid=13912
[01] File "E:/Users/Administrator/AppData/Local/Programs/Python/Python38/lib/threading.py", line 870, in run() 
[02] File "E:/Users/Administrator/AppData/Local/Programs/Python/Python38/lib/site-packages/pymongo/periodic_executor.py", line 140, in _run() 

name=tcplisten.port_6789, pid=1156, tid=18164
[01] File "E:/Users/Administrator/AppData/Local/Programs/Python/Python38/lib/threading.py", line 870, in run() 
[02] File "E:/projects_by_myself/MeiWei/common/tcpSocket.py", line 65, in _acceptThread() 
[03] File "E:/Users/Administrator/AppData/Local/Programs/Python/Python38/lib/socket.py", line 292, in accept() 

name=MainThread, pid=1156, tid=4628
[01] File "run_all.py", line 60, in <module>() 
[02] File "E:/projects_by_myself/MeiWei/common/webutility.py", line 320, in run() 
[03] File "E:/Users/Administrator/AppData/Local/Programs/Python/Python38/lib/site-packages/bottle.py", line 3137, in run() 
[04] File "E:/Users/Administrator/AppData/Local/Programs/Python/Python38/lib/site-packages/bottle.py", line 2829, in run() 
[05] File "E:/Users/Administrator/AppData/Local/Programs/Python/Python38/lib/site-packages/paste/httpserver.py", line 1361, in serve() 
[06] File "E:/Users/Administrator/AppData/Local/Programs/Python/Python38/lib/site-packages/paste/httpserver.py", line 1107, in serve_forever() 
[07] File "E:/Users/Administrator/AppData/Local/Programs/Python/Python38/lib/socketserver.py", line 294, in handle_request() 
[08] File "E:/Users/Administrator/AppData/Local/Programs/Python/Python38/lib/selectors.py", line 323, in select() 
[09] File "E:/Users/Administrator/AppData/Local/Programs/Python/Python38/lib/selectors.py", line 314, in _select() 
[10] File "../common/utility.py", line 598, in exit() 
[11] File "E:/projects_by_myself/MeiWei/common/enhance.py", line 256, in getTrace() 
[12] File "E:/projects_by_myself/MeiWei/common/enhance.py", line 240, in getThreadStack()
[INFO]2021-04-21 15:19:19,304: lock info: count 0

try lock info: count 0
[ERROR]2021-04-21 15:19:19,306: user press Ctrl+C, print thread stack
[INFO]2021-04-21 15:19:20,313: name=worker 9, pid=1156, tid=6524
[01] File "E:/Users/Administrator/AppData/Local/Programs/Python/Python38/lib/threading.py", line 870, in run() 
[02] File "E:/Users/Administrator/AppData/Local/Programs/Python/Python38/lib/site-packages/paste/httpserver.py", line 891, in worker_thread_callback() 
[03] File "E:/Users/Administrator/AppData/Local/Programs/Python/Python38/lib/queue.py", line 170, in get() 
[04] File "E:/Users/Administrator/AppData/Local/Programs/Python/Python38/lib/threading.py", line 302, in wait() 

name=worker 8, pid=1156, tid=4108
[01] File "E:/Users/Administrator/AppData/Local/Programs/Python/Python38/lib/threading.py", line 870, in run() 
[02] File "E:/Users/Administrator/AppData/Local/Programs/Python/Python38/lib/site-packages/paste/httpserver.py", line 891, in worker_thread_callback() 
[03] File "E:/Users/Administrator/AppData/Local/Programs/Python/Python38/lib/queue.py", line 170, in get() 
[04] File "E:/Users/Administrator/AppData/Local/Programs/Python/Python38/lib/threading.py", line 302, in wait() 

name=worker 7, pid=1156, tid=13340
[01] File "E:/Users/Administrator/AppData/Local/Programs/Python/Python38/lib/threading.py", line 870, in run() 
[02] File "E:/Users/Administrator/AppData/Local/Programs/Python/Python38/lib/site-packages/paste/httpserver.py", line 891, in worker_thread_callback() 
[03] File "E:/Users/Administrator/AppData/Local/Programs/Python/Python38/lib/queue.py", line 170, in get() 
[04] File "E:/Users/Administrator/AppData/Local/Programs/Python/Python38/lib/threading.py", line 302, in wait() 

name=worker 6, pid=1156, tid=4952
[01] File "E:/Users/Administrator/AppData/Local/Programs/Python/Python38/lib/threading.py", line 870, in run() 
[02] File "E:/Users/Administrator/AppData/Local/Programs/Python/Python38/lib/site-packages/paste/httpserver.py", line 891, in worker_thread_callback() 
[03] File "E:/Users/Administrator/AppData/Local/Programs/Python/Python38/lib/queue.py", line 170, in get() 
[04] File "E:/Users/Administrator/AppData/Local/Programs/Python/Python38/lib/threading.py", line 302, in wait() 

name=worker 5, pid=1156, tid=12548
[01] File "E:/Users/Administrator/AppData/Local/Programs/Python/Python38/lib/threading.py", line 870, in run() 
[02] File "E:/Users/Administrator/AppData/Local/Programs/Python/Python38/lib/site-packages/paste/httpserver.py", line 891, in worker_thread_callback() 
[03] File "E:/Users/Administrator/AppData/Local/Programs/Python/Python38/lib/queue.py", line 170, in get() 
[04] File "E:/Users/Administrator/AppData/Local/Programs/Python/Python38/lib/threading.py", line 302, in wait() 

name=worker 4, pid=1156, tid=16444
[01] File "E:/Users/Administrator/AppData/Local/Programs/Python/Python38/lib/threading.py", line 870, in run() 
[02] File "E:/Users/Administrator/AppData/Local/Programs/Python/Python38/lib/site-packages/paste/httpserver.py", line 891, in worker_thread_callback() 
[03] File "E:/Users/Administrator/AppData/Local/Programs/Python/Python38/lib/queue.py", line 170, in get() 
[04] File "E:/Users/Administrator/AppData/Local/Programs/Python/Python38/lib/threading.py", line 302, in wait() 

name=worker 3, pid=1156, tid=1548
[01] File "E:/Users/Administrator/AppData/Local/Programs/Python/Python38/lib/threading.py", line 870, in run() 
[02] File "E:/Users/Administrator/AppData/Local/Programs/Python/Python38/lib/site-packages/paste/httpserver.py", line 891, in worker_thread_callback() 
[03] File "E:/Users/Administrator/AppData/Local/Programs/Python/Python38/lib/queue.py", line 170, in get() 
[04] File "E:/Users/Administrator/AppData/Local/Programs/Python/Python38/lib/threading.py", line 302, in wait() 

name=worker 2, pid=1156, tid=14344
[01] File "E:/Users/Administrator/AppData/Local/Programs/Python/Python38/lib/threading.py", line 870, in run() 
[02] File "E:/Users/Administrator/AppData/Local/Programs/Python/Python38/lib/site-packages/paste/httpserver.py", line 891, in worker_thread_callback() 
[03] File "E:/Users/Administrator/AppData/Local/Programs/Python/Python38/lib/queue.py", line 170, in get() 
[04] File "E:/Users/Administrator/AppData/Local/Programs/Python/Python38/lib/threading.py", line 302, in wait() 

name=worker 1, pid=1156, tid=12500
[01] File "E:/Users/Administrator/AppData/Local/Programs/Python/Python38/lib/threading.py", line 870, in run() 
[02] File "E:/Users/Administrator/AppData/Local/Programs/Python/Python38/lib/site-packages/paste/httpserver.py", line 891, in worker_thread_callback() 
[03] File "E:/Users/Administrator/AppData/Local/Programs/Python/Python38/lib/queue.py", line 170, in get() 
[04] File "E:/Users/Administrator/AppData/Local/Programs/Python/Python38/lib/threading.py", line 302, in wait() 

name=worker 0, pid=1156, tid=8124
[01] File "E:/Users/Administrator/AppData/Local/Programs/Python/Python38/lib/threading.py", line 870, in run() 
[02] File "E:/Users/Administrator/AppData/Local/Programs/Python/Python38/lib/site-packages/paste/httpserver.py", line 891, in worker_thread_callback() 
[03] File "E:/Users/Administrator/AppData/Local/Programs/Python/Python38/lib/queue.py", line 170, in get() 
[04] File "E:/Users/Administrator/AppData/Local/Programs/Python/Python38/lib/threading.py", line 302, in wait() 

name=pymongo_kill_cursors_thread, pid=1156, tid=6372
[01] File "E:/Users/Administrator/AppData/Local/Programs/Python/Python38/lib/threading.py", line 870, in run() 
[02] File "E:/Users/Administrator/AppData/Local/Programs/Python/Python38/lib/site-packages/pymongo/periodic_executor.py", line 140, in _run() 

name=pymongo_server_monitor_thread, pid=1156, tid=13912
[01] File "E:/Users/Administrator/AppData/Local/Programs/Python/Python38/lib/threading.py", line 870, in run() 
[02] File "E:/Users/Administrator/AppData/Local/Programs/Python/Python38/lib/site-packages/pymongo/periodic_executor.py", line 140, in _run() 

name=tcplisten.port_6789, pid=1156, tid=18164
[01] File "E:/Users/Administrator/AppData/Local/Programs/Python/Python38/lib/threading.py", line 870, in run() 
[02] File "E:/projects_by_myself/MeiWei/common/tcpSocket.py", line 65, in _acceptThread() 
[03] File "E:/Users/Administrator/AppData/Local/Programs/Python/Python38/lib/socket.py", line 292, in accept() 

name=MainThread, pid=1156, tid=4628
[01] File "run_all.py", line 60, in <module>() 
[02] File "E:/projects_by_myself/MeiWei/common/webutility.py", line 320, in run() 
[03] File "E:/Users/Administrator/AppData/Local/Programs/Python/Python38/lib/site-packages/bottle.py", line 3137, in run() 
[04] File "E:/Users/Administrator/AppData/Local/Programs/Python/Python38/lib/site-packages/bottle.py", line 2829, in run() 
[05] File "E:/Users/Administrator/AppData/Local/Programs/Python/Python38/lib/site-packages/paste/httpserver.py", line 1361, in serve() 
[06] File "E:/Users/Administrator/AppData/Local/Programs/Python/Python38/lib/site-packages/paste/httpserver.py", line 1107, in serve_forever() 
[07] File "E:/Users/Administrator/AppData/Local/Programs/Python/Python38/lib/socketserver.py", line 294, in handle_request() 
[08] File "E:/Users/Administrator/AppData/Local/Programs/Python/Python38/lib/selectors.py", line 323, in select() 
[09] File "E:/Users/Administrator/AppData/Local/Programs/Python/Python38/lib/selectors.py", line 314, in _select() 
[10] File "../common/utility.py", line 598, in exit() 
[11] File "E:/projects_by_myself/MeiWei/common/enhance.py", line 256, in getTrace() 
[12] File "E:/projects_by_myself/MeiWei/common/enhance.py", line 240, in getThreadStack()
[INFO]2021-04-21 15:19:20,321: lock info: count 0

try lock info: count 0
[ERROR]2021-04-21 15:19:20,324: user press Ctrl+C, print thread stack
