[CRITICAL]2021-03-26 13:00:01,494: import main_agv failed, path: agvCtrl cause a error: 'NoneType' object has no attribute 'x'
pid=20692, ppid=20496, tid=19260
Traceback (most recent call last):
  File "D:/python_work/AKMfloor/common/run_all.py", line 39, in findModule
    __import__(m[1])
  File "D:\python_work\AKMfloor\agvCtrl\main_agv.py", line 22, in <module>
    mapMgr.loadAllMap()
  File "D:\python_work\AKMfloor\common\lock.py", line 120, in _call
    return func(*p,**pp)
  File "D:\python_work\AKMfloor\agvCtrl\mapMgr.py", line 78, in loadAllMap
    getMap(m["id"])
  File "D:\python_work\AKMfloor\agvCtrl\mapMgr.py", line 54, in getMap
    g_map[mapId] = mapInfo.load(mapId + ".smap")
  File "D:\python_work\AKMfloor\agvCtrl\mapMgr.py", line 364, in load
    p = o.ptrList #初始化bezier
  File "D:\python_work\AKMfloor\agvCtrl\mapElement.py", line 644, in ptrList
    pp = [(self.startPos.x, self.startPos.y), (self.ctrlPoint1.x, self.ctrlPoint1.y),(self.ctrlPoint2.x, self.ctrlPoint2.y), (self.endPos.x,self.endPos.y)]
AttributeError: 'NoneType' object has no attribute 'x'

[CRITICAL]2021-03-26 13:00:01,495: import main_agv failed, path: agvCtrl ,cause 'NoneType' object has no attribute 'x'
[CRITICAL]2021-03-26 13:00:03,472: elevatorApi cause a error: ('http get', 'http://127.0.0.1:5551/api/elevator/status', {'id': 'ELEVATOR01'}, 'error:', '<urlopen error [WinError 10061] 由于目标计算机积极拒绝，无法连接。>')
pid=20692, ppid=20496, tid=11176
Traceback (most recent call last):
  File "C:\Python38\lib\urllib\request.py", line 1317, in do_open
    h.request(req.get_method(), req.selector, req.data, headers,
  File "C:\Python38\lib\http\client.py", line 1230, in request
    self._send_request(method, url, body, headers, encode_chunked)
  File "C:\Python38\lib\http\client.py", line 1276, in _send_request
    self.endheaders(body, encode_chunked=encode_chunked)
  File "C:\Python38\lib\http\client.py", line 1225, in endheaders
    self._send_output(message_body, encode_chunked=encode_chunked)
  File "C:\Python38\lib\http\client.py", line 1004, in _send_output
    self.send(msg)
  File "C:\Python38\lib\http\client.py", line 944, in send
    self.connect()
  File "C:\Python38\lib\http\client.py", line 915, in connect
    self.sock = self._create_connection(
  File "C:\Python38\lib\socket.py", line 807, in create_connection
    raise err
  File "C:\Python38\lib\socket.py", line 796, in create_connection
    sock.connect(sa)
ConnectionRefusedError: [WinError 10061] 由于目标计算机积极拒绝，无法连接。

During handling of the above exception, another exception occurred:

Traceback (most recent call last):
  File "D:\python_work\AKMfloor\common\webutility.py", line 103, in http_get
    f = urllib.request.urlopen(u,timeout=timeout)
  File "C:\Python38\lib\urllib\request.py", line 222, in urlopen
    return opener.open(url, data, timeout)
  File "C:\Python38\lib\urllib\request.py", line 525, in open
    response = self._open(req, data)
  File "C:\Python38\lib\urllib\request.py", line 542, in _open
    result = self._call_chain(self.handle_open, protocol, protocol +
  File "C:\Python38\lib\urllib\request.py", line 502, in _call_chain
    result = func(*args)
  File "C:\Python38\lib\urllib\request.py", line 1346, in http_open
    return self.do_open(http.client.HTTPConnection, req)
  File "C:\Python38\lib\urllib\request.py", line 1320, in do_open
    raise URLError(err)
urllib.error.URLError: <urlopen error [WinError 10061] 由于目标计算机积极拒绝，无法连接。>

During handling of the above exception, another exception occurred:

Traceback (most recent call last):
  File "D:\python_work\AKMfloor\elevator\elevatorApi.py", line 19, in http_get
    r = webutility.http_get(url, param,timeout=10,writelog=writelog)
  File "D:\python_work\AKMfloor\common\webutility.py", line 105, in http_get
    raise Exception("http get",url,params,"error:",str(e))
Exception: ('http get', 'http://127.0.0.1:5551/api/elevator/status', {'id': 'ELEVATOR01'}, 'error:', '<urlopen error [WinError 10061] 由于目标计算机积极拒绝，无法连接。>')

[CRITICAL]2021-03-26 13:00:06,507: elevatorApi cause a error: ('http get', 'http://127.0.0.1:5551/api/elevator/status', {'id': 'ELEVATOR01'}, 'error:', '<urlopen error [WinError 10061] 由于目标计算机积极拒绝，无法连接。>')
pid=20692, ppid=20496, tid=11176
Traceback (most recent call last):
  File "C:\Python38\lib\urllib\request.py", line 1317, in do_open
    h.request(req.get_method(), req.selector, req.data, headers,
  File "C:\Python38\lib\http\client.py", line 1230, in request
    self._send_request(method, url, body, headers, encode_chunked)
  File "C:\Python38\lib\http\client.py", line 1276, in _send_request
    self.endheaders(body, encode_chunked=encode_chunked)
  File "C:\Python38\lib\http\client.py", line 1225, in endheaders
    self._send_output(message_body, encode_chunked=encode_chunked)
  File "C:\Python38\lib\http\client.py", line 1004, in _send_output
    self.send(msg)
  File "C:\Python38\lib\http\client.py", line 944, in send
    self.connect()
  File "C:\Python38\lib\http\client.py", line 915, in connect
    self.sock = self._create_connection(
  File "C:\Python38\lib\socket.py", line 807, in create_connection
    raise err
  File "C:\Python38\lib\socket.py", line 796, in create_connection
    sock.connect(sa)
ConnectionRefusedError: [WinError 10061] 由于目标计算机积极拒绝，无法连接。

During handling of the above exception, another exception occurred:

Traceback (most recent call last):
  File "D:\python_work\AKMfloor\common\webutility.py", line 103, in http_get
    f = urllib.request.urlopen(u,timeout=timeout)
  File "C:\Python38\lib\urllib\request.py", line 222, in urlopen
    return opener.open(url, data, timeout)
  File "C:\Python38\lib\urllib\request.py", line 525, in open
    response = self._open(req, data)
  File "C:\Python38\lib\urllib\request.py", line 542, in _open
    result = self._call_chain(self.handle_open, protocol, protocol +
  File "C:\Python38\lib\urllib\request.py", line 502, in _call_chain
    result = func(*args)
  File "C:\Python38\lib\urllib\request.py", line 1346, in http_open
    return self.do_open(http.client.HTTPConnection, req)
  File "C:\Python38\lib\urllib\request.py", line 1320, in do_open
    raise URLError(err)
urllib.error.URLError: <urlopen error [WinError 10061] 由于目标计算机积极拒绝，无法连接。>

During handling of the above exception, another exception occurred:

Traceback (most recent call last):
  File "D:\python_work\AKMfloor\elevator\elevatorApi.py", line 19, in http_get
    r = webutility.http_get(url, param,timeout=10,writelog=writelog)
  File "D:\python_work\AKMfloor\common\webutility.py", line 105, in http_get
    raise Exception("http get",url,params,"error:",str(e))
Exception: ('http get', 'http://127.0.0.1:5551/api/elevator/status', {'id': 'ELEVATOR01'}, 'error:', '<urlopen error [WinError 10061] 由于目标计算机积极拒绝，无法连接。>')

[CRITICAL]2021-03-26 13:00:09,539: elevatorApi cause a error: ('http get', 'http://127.0.0.1:5551/api/elevator/status', {'id': 'ELEVATOR01'}, 'error:', '<urlopen error [WinError 10061] 由于目标计算机积极拒绝，无法连接。>')
pid=20692, ppid=20496, tid=11176
Traceback (most recent call last):
  File "C:\Python38\lib\urllib\request.py", line 1317, in do_open
    h.request(req.get_method(), req.selector, req.data, headers,
  File "C:\Python38\lib\http\client.py", line 1230, in request
    self._send_request(method, url, body, headers, encode_chunked)
  File "C:\Python38\lib\http\client.py", line 1276, in _send_request
    self.endheaders(body, encode_chunked=encode_chunked)
  File "C:\Python38\lib\http\client.py", line 1225, in endheaders
    self._send_output(message_body, encode_chunked=encode_chunked)
  File "C:\Python38\lib\http\client.py", line 1004, in _send_output
    self.send(msg)
  File "C:\Python38\lib\http\client.py", line 944, in send
    self.connect()
  File "C:\Python38\lib\http\client.py", line 915, in connect
    self.sock = self._create_connection(
  File "C:\Python38\lib\socket.py", line 807, in create_connection
    raise err
  File "C:\Python38\lib\socket.py", line 796, in create_connection
    sock.connect(sa)
ConnectionRefusedError: [WinError 10061] 由于目标计算机积极拒绝，无法连接。

During handling of the above exception, another exception occurred:

Traceback (most recent call last):
  File "D:\python_work\AKMfloor\common\webutility.py", line 103, in http_get
    f = urllib.request.urlopen(u,timeout=timeout)
  File "C:\Python38\lib\urllib\request.py", line 222, in urlopen
    return opener.open(url, data, timeout)
  File "C:\Python38\lib\urllib\request.py", line 525, in open
    response = self._open(req, data)
  File "C:\Python38\lib\urllib\request.py", line 542, in _open
    result = self._call_chain(self.handle_open, protocol, protocol +
  File "C:\Python38\lib\urllib\request.py", line 502, in _call_chain
    result = func(*args)
  File "C:\Python38\lib\urllib\request.py", line 1346, in http_open
    return self.do_open(http.client.HTTPConnection, req)
  File "C:\Python38\lib\urllib\request.py", line 1320, in do_open
    raise URLError(err)
urllib.error.URLError: <urlopen error [WinError 10061] 由于目标计算机积极拒绝，无法连接。>

During handling of the above exception, another exception occurred:

Traceback (most recent call last):
  File "D:\python_work\AKMfloor\elevator\elevatorApi.py", line 19, in http_get
    r = webutility.http_get(url, param,timeout=10,writelog=writelog)
  File "D:\python_work\AKMfloor\common\webutility.py", line 105, in http_get
    raise Exception("http get",url,params,"error:",str(e))
Exception: ('http get', 'http://127.0.0.1:5551/api/elevator/status', {'id': 'ELEVATOR01'}, 'error:', '<urlopen error [WinError 10061] 由于目标计算机积极拒绝，无法连接。>')

[CRITICAL]2021-03-26 13:00:12,554: elevatorApi cause a error: ('http get', 'http://127.0.0.1:5551/api/elevator/status', {'id': 'ELEVATOR01'}, 'error:', '<urlopen error [WinError 10061] 由于目标计算机积极拒绝，无法连接。>')
pid=20692, ppid=20496, tid=11176
Traceback (most recent call last):
  File "C:\Python38\lib\urllib\request.py", line 1317, in do_open
    h.request(req.get_method(), req.selector, req.data, headers,
  File "C:\Python38\lib\http\client.py", line 1230, in request
    self._send_request(method, url, body, headers, encode_chunked)
  File "C:\Python38\lib\http\client.py", line 1276, in _send_request
    self.endheaders(body, encode_chunked=encode_chunked)
  File "C:\Python38\lib\http\client.py", line 1225, in endheaders
    self._send_output(message_body, encode_chunked=encode_chunked)
  File "C:\Python38\lib\http\client.py", line 1004, in _send_output
    self.send(msg)
  File "C:\Python38\lib\http\client.py", line 944, in send
    self.connect()
  File "C:\Python38\lib\http\client.py", line 915, in connect
    self.sock = self._create_connection(
  File "C:\Python38\lib\socket.py", line 807, in create_connection
    raise err
  File "C:\Python38\lib\socket.py", line 796, in create_connection
    sock.connect(sa)
ConnectionRefusedError: [WinError 10061] 由于目标计算机积极拒绝，无法连接。

During handling of the above exception, another exception occurred:

Traceback (most recent call last):
  File "D:\python_work\AKMfloor\common\webutility.py", line 103, in http_get
    f = urllib.request.urlopen(u,timeout=timeout)
  File "C:\Python38\lib\urllib\request.py", line 222, in urlopen
    return opener.open(url, data, timeout)
  File "C:\Python38\lib\urllib\request.py", line 525, in open
    response = self._open(req, data)
  File "C:\Python38\lib\urllib\request.py", line 542, in _open
    result = self._call_chain(self.handle_open, protocol, protocol +
  File "C:\Python38\lib\urllib\request.py", line 502, in _call_chain
    result = func(*args)
  File "C:\Python38\lib\urllib\request.py", line 1346, in http_open
    return self.do_open(http.client.HTTPConnection, req)
  File "C:\Python38\lib\urllib\request.py", line 1320, in do_open
    raise URLError(err)
urllib.error.URLError: <urlopen error [WinError 10061] 由于目标计算机积极拒绝，无法连接。>

During handling of the above exception, another exception occurred:

Traceback (most recent call last):
  File "D:\python_work\AKMfloor\elevator\elevatorApi.py", line 19, in http_get
    r = webutility.http_get(url, param,timeout=10,writelog=writelog)
  File "D:\python_work\AKMfloor\common\webutility.py", line 105, in http_get
    raise Exception("http get",url,params,"error:",str(e))
Exception: ('http get', 'http://127.0.0.1:5551/api/elevator/status', {'id': 'ELEVATOR01'}, 'error:', '<urlopen error [WinError 10061] 由于目标计算机积极拒绝，无法连接。>')

[CRITICAL]2021-03-26 13:00:15,590: elevatorApi cause a error: ('http get', 'http://127.0.0.1:5551/api/elevator/status', {'id': 'ELEVATOR01'}, 'error:', '<urlopen error [WinError 10061] 由于目标计算机积极拒绝，无法连接。>')
pid=20692, ppid=20496, tid=11176
Traceback (most recent call last):
  File "C:\Python38\lib\urllib\request.py", line 1317, in do_open
    h.request(req.get_method(), req.selector, req.data, headers,
  File "C:\Python38\lib\http\client.py", line 1230, in request
    self._send_request(method, url, body, headers, encode_chunked)
  File "C:\Python38\lib\http\client.py", line 1276, in _send_request
    self.endheaders(body, encode_chunked=encode_chunked)
  File "C:\Python38\lib\http\client.py", line 1225, in endheaders
    self._send_output(message_body, encode_chunked=encode_chunked)
  File "C:\Python38\lib\http\client.py", line 1004, in _send_output
    self.send(msg)
  File "C:\Python38\lib\http\client.py", line 944, in send
    self.connect()
  File "C:\Python38\lib\http\client.py", line 915, in connect
    self.sock = self._create_connection(
  File "C:\Python38\lib\socket.py", line 807, in create_connection
    raise err
  File "C:\Python38\lib\socket.py", line 796, in create_connection
    sock.connect(sa)
ConnectionRefusedError: [WinError 10061] 由于目标计算机积极拒绝，无法连接。

During handling of the above exception, another exception occurred:

Traceback (most recent call last):
  File "D:\python_work\AKMfloor\common\webutility.py", line 103, in http_get
    f = urllib.request.urlopen(u,timeout=timeout)
  File "C:\Python38\lib\urllib\request.py", line 222, in urlopen
    return opener.open(url, data, timeout)
  File "C:\Python38\lib\urllib\request.py", line 525, in open
    response = self._open(req, data)
  File "C:\Python38\lib\urllib\request.py", line 542, in _open
    result = self._call_chain(self.handle_open, protocol, protocol +
  File "C:\Python38\lib\urllib\request.py", line 502, in _call_chain
    result = func(*args)
  File "C:\Python38\lib\urllib\request.py", line 1346, in http_open
    return self.do_open(http.client.HTTPConnection, req)
  File "C:\Python38\lib\urllib\request.py", line 1320, in do_open
    raise URLError(err)
urllib.error.URLError: <urlopen error [WinError 10061] 由于目标计算机积极拒绝，无法连接。>

During handling of the above exception, another exception occurred:

Traceback (most recent call last):
  File "D:\python_work\AKMfloor\elevator\elevatorApi.py", line 19, in http_get
    r = webutility.http_get(url, param,timeout=10,writelog=writelog)
  File "D:\python_work\AKMfloor\common\webutility.py", line 105, in http_get
    raise Exception("http get",url,params,"error:",str(e))
Exception: ('http get', 'http://127.0.0.1:5551/api/elevator/status', {'id': 'ELEVATOR01'}, 'error:', '<urlopen error [WinError 10061] 由于目标计算机积极拒绝，无法连接。>')

[CRITICAL]2021-03-26 13:00:18,609: elevatorApi cause a error: ('http get', 'http://127.0.0.1:5551/api/elevator/status', {'id': 'ELEVATOR01'}, 'error:', '<urlopen error [WinError 10061] 由于目标计算机积极拒绝，无法连接。>')
pid=20692, ppid=20496, tid=11176
Traceback (most recent call last):
  File "C:\Python38\lib\urllib\request.py", line 1317, in do_open
    h.request(req.get_method(), req.selector, req.data, headers,
  File "C:\Python38\lib\http\client.py", line 1230, in request
    self._send_request(method, url, body, headers, encode_chunked)
  File "C:\Python38\lib\http\client.py", line 1276, in _send_request
    self.endheaders(body, encode_chunked=encode_chunked)
  File "C:\Python38\lib\http\client.py", line 1225, in endheaders
    self._send_output(message_body, encode_chunked=encode_chunked)
  File "C:\Python38\lib\http\client.py", line 1004, in _send_output
    self.send(msg)
  File "C:\Python38\lib\http\client.py", line 944, in send
    self.connect()
  File "C:\Python38\lib\http\client.py", line 915, in connect
    self.sock = self._create_connection(
  File "C:\Python38\lib\socket.py", line 807, in create_connection
    raise err
  File "C:\Python38\lib\socket.py", line 796, in create_connection
    sock.connect(sa)
ConnectionRefusedError: [WinError 10061] 由于目标计算机积极拒绝，无法连接。

During handling of the above exception, another exception occurred:

Traceback (most recent call last):
  File "D:\python_work\AKMfloor\common\webutility.py", line 103, in http_get
    f = urllib.request.urlopen(u,timeout=timeout)
  File "C:\Python38\lib\urllib\request.py", line 222, in urlopen
    return opener.open(url, data, timeout)
  File "C:\Python38\lib\urllib\request.py", line 525, in open
    response = self._open(req, data)
  File "C:\Python38\lib\urllib\request.py", line 542, in _open
    result = self._call_chain(self.handle_open, protocol, protocol +
  File "C:\Python38\lib\urllib\request.py", line 502, in _call_chain
    result = func(*args)
  File "C:\Python38\lib\urllib\request.py", line 1346, in http_open
    return self.do_open(http.client.HTTPConnection, req)
  File "C:\Python38\lib\urllib\request.py", line 1320, in do_open
    raise URLError(err)
urllib.error.URLError: <urlopen error [WinError 10061] 由于目标计算机积极拒绝，无法连接。>

During handling of the above exception, another exception occurred:

Traceback (most recent call last):
  File "D:\python_work\AKMfloor\elevator\elevatorApi.py", line 19, in http_get
    r = webutility.http_get(url, param,timeout=10,writelog=writelog)
  File "D:\python_work\AKMfloor\common\webutility.py", line 105, in http_get
    raise Exception("http get",url,params,"error:",str(e))
Exception: ('http get', 'http://127.0.0.1:5551/api/elevator/status', {'id': 'ELEVATOR01'}, 'error:', '<urlopen error [WinError 10061] 由于目标计算机积极拒绝，无法连接。>')

[CRITICAL]2021-03-26 13:00:21,631: elevatorApi cause a error: ('http get', 'http://127.0.0.1:5551/api/elevator/status', {'id': 'ELEVATOR01'}, 'error:', '<urlopen error [WinError 10061] 由于目标计算机积极拒绝，无法连接。>')
pid=20692, ppid=20496, tid=11176
Traceback (most recent call last):
  File "C:\Python38\lib\urllib\request.py", line 1317, in do_open
    h.request(req.get_method(), req.selector, req.data, headers,
  File "C:\Python38\lib\http\client.py", line 1230, in request
    self._send_request(method, url, body, headers, encode_chunked)
  File "C:\Python38\lib\http\client.py", line 1276, in _send_request
    self.endheaders(body, encode_chunked=encode_chunked)
  File "C:\Python38\lib\http\client.py", line 1225, in endheaders
    self._send_output(message_body, encode_chunked=encode_chunked)
  File "C:\Python38\lib\http\client.py", line 1004, in _send_output
    self.send(msg)
  File "C:\Python38\lib\http\client.py", line 944, in send
    self.connect()
  File "C:\Python38\lib\http\client.py", line 915, in connect
    self.sock = self._create_connection(
  File "C:\Python38\lib\socket.py", line 807, in create_connection
    raise err
  File "C:\Python38\lib\socket.py", line 796, in create_connection
    sock.connect(sa)
ConnectionRefusedError: [WinError 10061] 由于目标计算机积极拒绝，无法连接。

During handling of the above exception, another exception occurred:

Traceback (most recent call last):
  File "D:\python_work\AKMfloor\common\webutility.py", line 103, in http_get
    f = urllib.request.urlopen(u,timeout=timeout)
  File "C:\Python38\lib\urllib\request.py", line 222, in urlopen
    return opener.open(url, data, timeout)
  File "C:\Python38\lib\urllib\request.py", line 525, in open
    response = self._open(req, data)
  File "C:\Python38\lib\urllib\request.py", line 542, in _open
    result = self._call_chain(self.handle_open, protocol, protocol +
  File "C:\Python38\lib\urllib\request.py", line 502, in _call_chain
    result = func(*args)
  File "C:\Python38\lib\urllib\request.py", line 1346, in http_open
    return self.do_open(http.client.HTTPConnection, req)
  File "C:\Python38\lib\urllib\request.py", line 1320, in do_open
    raise URLError(err)
urllib.error.URLError: <urlopen error [WinError 10061] 由于目标计算机积极拒绝，无法连接。>

During handling of the above exception, another exception occurred:

Traceback (most recent call last):
  File "D:\python_work\AKMfloor\elevator\elevatorApi.py", line 19, in http_get
    r = webutility.http_get(url, param,timeout=10,writelog=writelog)
  File "D:\python_work\AKMfloor\common\webutility.py", line 105, in http_get
    raise Exception("http get",url,params,"error:",str(e))
Exception: ('http get', 'http://127.0.0.1:5551/api/elevator/status', {'id': 'ELEVATOR01'}, 'error:', '<urlopen error [WinError 10061] 由于目标计算机积极拒绝，无法连接。>')

[CRITICAL]2021-03-26 13:00:24,654: elevatorApi cause a error: ('http get', 'http://127.0.0.1:5551/api/elevator/status', {'id': 'ELEVATOR01'}, 'error:', '<urlopen error [WinError 10061] 由于目标计算机积极拒绝，无法连接。>')
pid=20692, ppid=20496, tid=11176
Traceback (most recent call last):
  File "C:\Python38\lib\urllib\request.py", line 1317, in do_open
    h.request(req.get_method(), req.selector, req.data, headers,
  File "C:\Python38\lib\http\client.py", line 1230, in request
    self._send_request(method, url, body, headers, encode_chunked)
  File "C:\Python38\lib\http\client.py", line 1276, in _send_request
    self.endheaders(body, encode_chunked=encode_chunked)
  File "C:\Python38\lib\http\client.py", line 1225, in endheaders
    self._send_output(message_body, encode_chunked=encode_chunked)
  File "C:\Python38\lib\http\client.py", line 1004, in _send_output
    self.send(msg)
  File "C:\Python38\lib\http\client.py", line 944, in send
    self.connect()
  File "C:\Python38\lib\http\client.py", line 915, in connect
    self.sock = self._create_connection(
  File "C:\Python38\lib\socket.py", line 807, in create_connection
    raise err
  File "C:\Python38\lib\socket.py", line 796, in create_connection
    sock.connect(sa)
ConnectionRefusedError: [WinError 10061] 由于目标计算机积极拒绝，无法连接。

During handling of the above exception, another exception occurred:

Traceback (most recent call last):
  File "D:\python_work\AKMfloor\common\webutility.py", line 103, in http_get
    f = urllib.request.urlopen(u,timeout=timeout)
  File "C:\Python38\lib\urllib\request.py", line 222, in urlopen
    return opener.open(url, data, timeout)
  File "C:\Python38\lib\urllib\request.py", line 525, in open
    response = self._open(req, data)
  File "C:\Python38\lib\urllib\request.py", line 542, in _open
    result = self._call_chain(self.handle_open, protocol, protocol +
  File "C:\Python38\lib\urllib\request.py", line 502, in _call_chain
    result = func(*args)
  File "C:\Python38\lib\urllib\request.py", line 1346, in http_open
    return self.do_open(http.client.HTTPConnection, req)
  File "C:\Python38\lib\urllib\request.py", line 1320, in do_open
    raise URLError(err)
urllib.error.URLError: <urlopen error [WinError 10061] 由于目标计算机积极拒绝，无法连接。>

During handling of the above exception, another exception occurred:

Traceback (most recent call last):
  File "D:\python_work\AKMfloor\elevator\elevatorApi.py", line 19, in http_get
    r = webutility.http_get(url, param,timeout=10,writelog=writelog)
  File "D:\python_work\AKMfloor\common\webutility.py", line 105, in http_get
    raise Exception("http get",url,params,"error:",str(e))
Exception: ('http get', 'http://127.0.0.1:5551/api/elevator/status', {'id': 'ELEVATOR01'}, 'error:', '<urlopen error [WinError 10061] 由于目标计算机积极拒绝，无法连接。>')

[CRITICAL]2021-03-26 13:00:27,685: elevatorApi cause a error: ('http get', 'http://127.0.0.1:5551/api/elevator/status', {'id': 'ELEVATOR01'}, 'error:', '<urlopen error [WinError 10061] 由于目标计算机积极拒绝，无法连接。>')
pid=20692, ppid=20496, tid=11176
Traceback (most recent call last):
  File "C:\Python38\lib\urllib\request.py", line 1317, in do_open
    h.request(req.get_method(), req.selector, req.data, headers,
  File "C:\Python38\lib\http\client.py", line 1230, in request
    self._send_request(method, url, body, headers, encode_chunked)
  File "C:\Python38\lib\http\client.py", line 1276, in _send_request
    self.endheaders(body, encode_chunked=encode_chunked)
  File "C:\Python38\lib\http\client.py", line 1225, in endheaders
    self._send_output(message_body, encode_chunked=encode_chunked)
  File "C:\Python38\lib\http\client.py", line 1004, in _send_output
    self.send(msg)
  File "C:\Python38\lib\http\client.py", line 944, in send
    self.connect()
  File "C:\Python38\lib\http\client.py", line 915, in connect
    self.sock = self._create_connection(
  File "C:\Python38\lib\socket.py", line 807, in create_connection
    raise err
  File "C:\Python38\lib\socket.py", line 796, in create_connection
    sock.connect(sa)
ConnectionRefusedError: [WinError 10061] 由于目标计算机积极拒绝，无法连接。

During handling of the above exception, another exception occurred:

Traceback (most recent call last):
  File "D:\python_work\AKMfloor\common\webutility.py", line 103, in http_get
    f = urllib.request.urlopen(u,timeout=timeout)
  File "C:\Python38\lib\urllib\request.py", line 222, in urlopen
    return opener.open(url, data, timeout)
  File "C:\Python38\lib\urllib\request.py", line 525, in open
    response = self._open(req, data)
  File "C:\Python38\lib\urllib\request.py", line 542, in _open
    result = self._call_chain(self.handle_open, protocol, protocol +
  File "C:\Python38\lib\urllib\request.py", line 502, in _call_chain
    result = func(*args)
  File "C:\Python38\lib\urllib\request.py", line 1346, in http_open
    return self.do_open(http.client.HTTPConnection, req)
  File "C:\Python38\lib\urllib\request.py", line 1320, in do_open
    raise URLError(err)
urllib.error.URLError: <urlopen error [WinError 10061] 由于目标计算机积极拒绝，无法连接。>

During handling of the above exception, another exception occurred:

Traceback (most recent call last):
  File "D:\python_work\AKMfloor\elevator\elevatorApi.py", line 19, in http_get
    r = webutility.http_get(url, param,timeout=10,writelog=writelog)
  File "D:\python_work\AKMfloor\common\webutility.py", line 105, in http_get
    raise Exception("http get",url,params,"error:",str(e))
Exception: ('http get', 'http://127.0.0.1:5551/api/elevator/status', {'id': 'ELEVATOR01'}, 'error:', '<urlopen error [WinError 10061] 由于目标计算机积极拒绝，无法连接。>')

[CRITICAL]2021-03-26 13:00:30,714: elevatorApi cause a error: ('http get', 'http://127.0.0.1:5551/api/elevator/status', {'id': 'ELEVATOR01'}, 'error:', '<urlopen error [WinError 10061] 由于目标计算机积极拒绝，无法连接。>')
pid=20692, ppid=20496, tid=11176
Traceback (most recent call last):
  File "C:\Python38\lib\urllib\request.py", line 1317, in do_open
    h.request(req.get_method(), req.selector, req.data, headers,
  File "C:\Python38\lib\http\client.py", line 1230, in request
    self._send_request(method, url, body, headers, encode_chunked)
  File "C:\Python38\lib\http\client.py", line 1276, in _send_request
    self.endheaders(body, encode_chunked=encode_chunked)
  File "C:\Python38\lib\http\client.py", line 1225, in endheaders
    self._send_output(message_body, encode_chunked=encode_chunked)
  File "C:\Python38\lib\http\client.py", line 1004, in _send_output
    self.send(msg)
  File "C:\Python38\lib\http\client.py", line 944, in send
    self.connect()
  File "C:\Python38\lib\http\client.py", line 915, in connect
    self.sock = self._create_connection(
  File "C:\Python38\lib\socket.py", line 807, in create_connection
    raise err
  File "C:\Python38\lib\socket.py", line 796, in create_connection
    sock.connect(sa)
ConnectionRefusedError: [WinError 10061] 由于目标计算机积极拒绝，无法连接。

During handling of the above exception, another exception occurred:

Traceback (most recent call last):
  File "D:\python_work\AKMfloor\common\webutility.py", line 103, in http_get
    f = urllib.request.urlopen(u,timeout=timeout)
  File "C:\Python38\lib\urllib\request.py", line 222, in urlopen
    return opener.open(url, data, timeout)
  File "C:\Python38\lib\urllib\request.py", line 525, in open
    response = self._open(req, data)
  File "C:\Python38\lib\urllib\request.py", line 542, in _open
    result = self._call_chain(self.handle_open, protocol, protocol +
  File "C:\Python38\lib\urllib\request.py", line 502, in _call_chain
    result = func(*args)
  File "C:\Python38\lib\urllib\request.py", line 1346, in http_open
    return self.do_open(http.client.HTTPConnection, req)
  File "C:\Python38\lib\urllib\request.py", line 1320, in do_open
    raise URLError(err)
urllib.error.URLError: <urlopen error [WinError 10061] 由于目标计算机积极拒绝，无法连接。>

During handling of the above exception, another exception occurred:

Traceback (most recent call last):
  File "D:\python_work\AKMfloor\elevator\elevatorApi.py", line 19, in http_get
    r = webutility.http_get(url, param,timeout=10,writelog=writelog)
  File "D:\python_work\AKMfloor\common\webutility.py", line 105, in http_get
    raise Exception("http get",url,params,"error:",str(e))
Exception: ('http get', 'http://127.0.0.1:5551/api/elevator/status', {'id': 'ELEVATOR01'}, 'error:', '<urlopen error [WinError 10061] 由于目标计算机积极拒绝，无法连接。>')

[CRITICAL]2021-03-26 13:00:33,752: elevatorApi cause a error: ('http get', 'http://127.0.0.1:5551/api/elevator/status', {'id': 'ELEVATOR01'}, 'error:', '<urlopen error [WinError 10061] 由于目标计算机积极拒绝，无法连接。>')
pid=20692, ppid=20496, tid=11176
Traceback (most recent call last):
  File "C:\Python38\lib\urllib\request.py", line 1317, in do_open
    h.request(req.get_method(), req.selector, req.data, headers,
  File "C:\Python38\lib\http\client.py", line 1230, in request
    self._send_request(method, url, body, headers, encode_chunked)
  File "C:\Python38\lib\http\client.py", line 1276, in _send_request
    self.endheaders(body, encode_chunked=encode_chunked)
  File "C:\Python38\lib\http\client.py", line 1225, in endheaders
    self._send_output(message_body, encode_chunked=encode_chunked)
  File "C:\Python38\lib\http\client.py", line 1004, in _send_output
    self.send(msg)
  File "C:\Python38\lib\http\client.py", line 944, in send
    self.connect()
  File "C:\Python38\lib\http\client.py", line 915, in connect
    self.sock = self._create_connection(
  File "C:\Python38\lib\socket.py", line 807, in create_connection
    raise err
  File "C:\Python38\lib\socket.py", line 796, in create_connection
    sock.connect(sa)
ConnectionRefusedError: [WinError 10061] 由于目标计算机积极拒绝，无法连接。

During handling of the above exception, another exception occurred:

Traceback (most recent call last):
  File "D:\python_work\AKMfloor\common\webutility.py", line 103, in http_get
    f = urllib.request.urlopen(u,timeout=timeout)
  File "C:\Python38\lib\urllib\request.py", line 222, in urlopen
    return opener.open(url, data, timeout)
  File "C:\Python38\lib\urllib\request.py", line 525, in open
    response = self._open(req, data)
  File "C:\Python38\lib\urllib\request.py", line 542, in _open
    result = self._call_chain(self.handle_open, protocol, protocol +
  File "C:\Python38\lib\urllib\request.py", line 502, in _call_chain
    result = func(*args)
  File "C:\Python38\lib\urllib\request.py", line 1346, in http_open
    return self.do_open(http.client.HTTPConnection, req)
  File "C:\Python38\lib\urllib\request.py", line 1320, in do_open
    raise URLError(err)
urllib.error.URLError: <urlopen error [WinError 10061] 由于目标计算机积极拒绝，无法连接。>

During handling of the above exception, another exception occurred:

Traceback (most recent call last):
  File "D:\python_work\AKMfloor\elevator\elevatorApi.py", line 19, in http_get
    r = webutility.http_get(url, param,timeout=10,writelog=writelog)
  File "D:\python_work\AKMfloor\common\webutility.py", line 105, in http_get
    raise Exception("http get",url,params,"error:",str(e))
Exception: ('http get', 'http://127.0.0.1:5551/api/elevator/status', {'id': 'ELEVATOR01'}, 'error:', '<urlopen error [WinError 10061] 由于目标计算机积极拒绝，无法连接。>')

[CRITICAL]2021-03-26 13:00:36,789: elevatorApi cause a error: ('http get', 'http://127.0.0.1:5551/api/elevator/status', {'id': 'ELEVATOR01'}, 'error:', '<urlopen error [WinError 10061] 由于目标计算机积极拒绝，无法连接。>')
pid=20692, ppid=20496, tid=11176
Traceback (most recent call last):
  File "C:\Python38\lib\urllib\request.py", line 1317, in do_open
    h.request(req.get_method(), req.selector, req.data, headers,
  File "C:\Python38\lib\http\client.py", line 1230, in request
    self._send_request(method, url, body, headers, encode_chunked)
  File "C:\Python38\lib\http\client.py", line 1276, in _send_request
    self.endheaders(body, encode_chunked=encode_chunked)
  File "C:\Python38\lib\http\client.py", line 1225, in endheaders
    self._send_output(message_body, encode_chunked=encode_chunked)
  File "C:\Python38\lib\http\client.py", line 1004, in _send_output
    self.send(msg)
  File "C:\Python38\lib\http\client.py", line 944, in send
    self.connect()
  File "C:\Python38\lib\http\client.py", line 915, in connect
    self.sock = self._create_connection(
  File "C:\Python38\lib\socket.py", line 807, in create_connection
    raise err
  File "C:\Python38\lib\socket.py", line 796, in create_connection
    sock.connect(sa)
ConnectionRefusedError: [WinError 10061] 由于目标计算机积极拒绝，无法连接。

During handling of the above exception, another exception occurred:

Traceback (most recent call last):
  File "D:\python_work\AKMfloor\common\webutility.py", line 103, in http_get
    f = urllib.request.urlopen(u,timeout=timeout)
  File "C:\Python38\lib\urllib\request.py", line 222, in urlopen
    return opener.open(url, data, timeout)
  File "C:\Python38\lib\urllib\request.py", line 525, in open
    response = self._open(req, data)
  File "C:\Python38\lib\urllib\request.py", line 542, in _open
    result = self._call_chain(self.handle_open, protocol, protocol +
  File "C:\Python38\lib\urllib\request.py", line 502, in _call_chain
    result = func(*args)
  File "C:\Python38\lib\urllib\request.py", line 1346, in http_open
    return self.do_open(http.client.HTTPConnection, req)
  File "C:\Python38\lib\urllib\request.py", line 1320, in do_open
    raise URLError(err)
urllib.error.URLError: <urlopen error [WinError 10061] 由于目标计算机积极拒绝，无法连接。>

During handling of the above exception, another exception occurred:

Traceback (most recent call last):
  File "D:\python_work\AKMfloor\elevator\elevatorApi.py", line 19, in http_get
    r = webutility.http_get(url, param,timeout=10,writelog=writelog)
  File "D:\python_work\AKMfloor\common\webutility.py", line 105, in http_get
    raise Exception("http get",url,params,"error:",str(e))
Exception: ('http get', 'http://127.0.0.1:5551/api/elevator/status', {'id': 'ELEVATOR01'}, 'error:', '<urlopen error [WinError 10061] 由于目标计算机积极拒绝，无法连接。>')

[CRITICAL]2021-03-26 13:00:39,824: elevatorApi cause a error: ('http get', 'http://127.0.0.1:5551/api/elevator/status', {'id': 'ELEVATOR01'}, 'error:', '<urlopen error [WinError 10061] 由于目标计算机积极拒绝，无法连接。>')
pid=20692, ppid=20496, tid=11176
Traceback (most recent call last):
  File "C:\Python38\lib\urllib\request.py", line 1317, in do_open
    h.request(req.get_method(), req.selector, req.data, headers,
  File "C:\Python38\lib\http\client.py", line 1230, in request
    self._send_request(method, url, body, headers, encode_chunked)
  File "C:\Python38\lib\http\client.py", line 1276, in _send_request
    self.endheaders(body, encode_chunked=encode_chunked)
  File "C:\Python38\lib\http\client.py", line 1225, in endheaders
    self._send_output(message_body, encode_chunked=encode_chunked)
  File "C:\Python38\lib\http\client.py", line 1004, in _send_output
    self.send(msg)
  File "C:\Python38\lib\http\client.py", line 944, in send
    self.connect()
  File "C:\Python38\lib\http\client.py", line 915, in connect
    self.sock = self._create_connection(
  File "C:\Python38\lib\socket.py", line 807, in create_connection
    raise err
  File "C:\Python38\lib\socket.py", line 796, in create_connection
    sock.connect(sa)
ConnectionRefusedError: [WinError 10061] 由于目标计算机积极拒绝，无法连接。

During handling of the above exception, another exception occurred:

Traceback (most recent call last):
  File "D:\python_work\AKMfloor\common\webutility.py", line 103, in http_get
    f = urllib.request.urlopen(u,timeout=timeout)
  File "C:\Python38\lib\urllib\request.py", line 222, in urlopen
    return opener.open(url, data, timeout)
  File "C:\Python38\lib\urllib\request.py", line 525, in open
    response = self._open(req, data)
  File "C:\Python38\lib\urllib\request.py", line 542, in _open
    result = self._call_chain(self.handle_open, protocol, protocol +
  File "C:\Python38\lib\urllib\request.py", line 502, in _call_chain
    result = func(*args)
  File "C:\Python38\lib\urllib\request.py", line 1346, in http_open
    return self.do_open(http.client.HTTPConnection, req)
  File "C:\Python38\lib\urllib\request.py", line 1320, in do_open
    raise URLError(err)
urllib.error.URLError: <urlopen error [WinError 10061] 由于目标计算机积极拒绝，无法连接。>

During handling of the above exception, another exception occurred:

Traceback (most recent call last):
  File "D:\python_work\AKMfloor\elevator\elevatorApi.py", line 19, in http_get
    r = webutility.http_get(url, param,timeout=10,writelog=writelog)
  File "D:\python_work\AKMfloor\common\webutility.py", line 105, in http_get
    raise Exception("http get",url,params,"error:",str(e))
Exception: ('http get', 'http://127.0.0.1:5551/api/elevator/status', {'id': 'ELEVATOR01'}, 'error:', '<urlopen error [WinError 10061] 由于目标计算机积极拒绝，无法连接。>')

[CRITICAL]2021-03-26 13:00:42,847: elevatorApi cause a error: ('http get', 'http://127.0.0.1:5551/api/elevator/status', {'id': 'ELEVATOR01'}, 'error:', '<urlopen error [WinError 10061] 由于目标计算机积极拒绝，无法连接。>')
pid=20692, ppid=20496, tid=11176
Traceback (most recent call last):
  File "C:\Python38\lib\urllib\request.py", line 1317, in do_open
    h.request(req.get_method(), req.selector, req.data, headers,
  File "C:\Python38\lib\http\client.py", line 1230, in request
    self._send_request(method, url, body, headers, encode_chunked)
  File "C:\Python38\lib\http\client.py", line 1276, in _send_request
    self.endheaders(body, encode_chunked=encode_chunked)
  File "C:\Python38\lib\http\client.py", line 1225, in endheaders
    self._send_output(message_body, encode_chunked=encode_chunked)
  File "C:\Python38\lib\http\client.py", line 1004, in _send_output
    self.send(msg)
  File "C:\Python38\lib\http\client.py", line 944, in send
    self.connect()
  File "C:\Python38\lib\http\client.py", line 915, in connect
    self.sock = self._create_connection(
  File "C:\Python38\lib\socket.py", line 807, in create_connection
    raise err
  File "C:\Python38\lib\socket.py", line 796, in create_connection
    sock.connect(sa)
ConnectionRefusedError: [WinError 10061] 由于目标计算机积极拒绝，无法连接。

During handling of the above exception, another exception occurred:

Traceback (most recent call last):
  File "D:\python_work\AKMfloor\common\webutility.py", line 103, in http_get
    f = urllib.request.urlopen(u,timeout=timeout)
  File "C:\Python38\lib\urllib\request.py", line 222, in urlopen
    return opener.open(url, data, timeout)
  File "C:\Python38\lib\urllib\request.py", line 525, in open
    response = self._open(req, data)
  File "C:\Python38\lib\urllib\request.py", line 542, in _open
    result = self._call_chain(self.handle_open, protocol, protocol +
  File "C:\Python38\lib\urllib\request.py", line 502, in _call_chain
    result = func(*args)
  File "C:\Python38\lib\urllib\request.py", line 1346, in http_open
    return self.do_open(http.client.HTTPConnection, req)
  File "C:\Python38\lib\urllib\request.py", line 1320, in do_open
    raise URLError(err)
urllib.error.URLError: <urlopen error [WinError 10061] 由于目标计算机积极拒绝，无法连接。>

During handling of the above exception, another exception occurred:

Traceback (most recent call last):
  File "D:\python_work\AKMfloor\elevator\elevatorApi.py", line 19, in http_get
    r = webutility.http_get(url, param,timeout=10,writelog=writelog)
  File "D:\python_work\AKMfloor\common\webutility.py", line 105, in http_get
    raise Exception("http get",url,params,"error:",str(e))
Exception: ('http get', 'http://127.0.0.1:5551/api/elevator/status', {'id': 'ELEVATOR01'}, 'error:', '<urlopen error [WinError 10061] 由于目标计算机积极拒绝，无法连接。>')

[CRITICAL]2021-03-26 13:00:45,879: elevatorApi cause a error: ('http get', 'http://127.0.0.1:5551/api/elevator/status', {'id': 'ELEVATOR01'}, 'error:', '<urlopen error [WinError 10061] 由于目标计算机积极拒绝，无法连接。>')
pid=20692, ppid=20496, tid=11176
Traceback (most recent call last):
  File "C:\Python38\lib\urllib\request.py", line 1317, in do_open
    h.request(req.get_method(), req.selector, req.data, headers,
  File "C:\Python38\lib\http\client.py", line 1230, in request
    self._send_request(method, url, body, headers, encode_chunked)
  File "C:\Python38\lib\http\client.py", line 1276, in _send_request
    self.endheaders(body, encode_chunked=encode_chunked)
  File "C:\Python38\lib\http\client.py", line 1225, in endheaders
    self._send_output(message_body, encode_chunked=encode_chunked)
  File "C:\Python38\lib\http\client.py", line 1004, in _send_output
    self.send(msg)
  File "C:\Python38\lib\http\client.py", line 944, in send
    self.connect()
  File "C:\Python38\lib\http\client.py", line 915, in connect
    self.sock = self._create_connection(
  File "C:\Python38\lib\socket.py", line 807, in create_connection
    raise err
  File "C:\Python38\lib\socket.py", line 796, in create_connection
    sock.connect(sa)
ConnectionRefusedError: [WinError 10061] 由于目标计算机积极拒绝，无法连接。

During handling of the above exception, another exception occurred:

Traceback (most recent call last):
  File "D:\python_work\AKMfloor\common\webutility.py", line 103, in http_get
    f = urllib.request.urlopen(u,timeout=timeout)
  File "C:\Python38\lib\urllib\request.py", line 222, in urlopen
    return opener.open(url, data, timeout)
  File "C:\Python38\lib\urllib\request.py", line 525, in open
    response = self._open(req, data)
  File "C:\Python38\lib\urllib\request.py", line 542, in _open
    result = self._call_chain(self.handle_open, protocol, protocol +
  File "C:\Python38\lib\urllib\request.py", line 502, in _call_chain
    result = func(*args)
  File "C:\Python38\lib\urllib\request.py", line 1346, in http_open
    return self.do_open(http.client.HTTPConnection, req)
  File "C:\Python38\lib\urllib\request.py", line 1320, in do_open
    raise URLError(err)
urllib.error.URLError: <urlopen error [WinError 10061] 由于目标计算机积极拒绝，无法连接。>

During handling of the above exception, another exception occurred:

Traceback (most recent call last):
  File "D:\python_work\AKMfloor\elevator\elevatorApi.py", line 19, in http_get
    r = webutility.http_get(url, param,timeout=10,writelog=writelog)
  File "D:\python_work\AKMfloor\common\webutility.py", line 105, in http_get
    raise Exception("http get",url,params,"error:",str(e))
Exception: ('http get', 'http://127.0.0.1:5551/api/elevator/status', {'id': 'ELEVATOR01'}, 'error:', '<urlopen error [WinError 10061] 由于目标计算机积极拒绝，无法连接。>')

