[INFO]2021-06-07 15:28:52,872: log files at C:\Users\Administrator\Desktop\SVN\美维\MeiWei_back_0421\common\log
[INFO]2021-06-07 15:28:52,874: find module account.main_account
[INFO]2021-06-07 15:28:52,876: find module agvCtrl.main_agv
[INFO]2021-06-07 15:28:52,877: find module agvDevice.main_agvDevice
[INFO]2021-06-07 15:28:52,879: find module akmCtrl.main_akmCtrl
[INFO]2021-06-07 15:28:52,880: find module alarm.main_alarm
[INFO]2021-06-07 15:28:52,882: find module auth.main_auth
[INFO]2021-06-07 15:28:52,884: find module door.main_door
[INFO]2021-06-07 15:28:52,888: find module elevator.main_elevator
[INFO]2021-06-07 15:28:52,898: find module feed.main_feed
[INFO]2021-06-07 15:28:52,903: find module feed.main_feed_0427
[INFO]2021-06-07 15:28:52,904: find module remoteio.main_remoteio
[INFO]2021-06-07 15:28:52,906: import account.main_account
[INFO]2021-06-07 15:28:53,168: import agvCtrl.main_agv
[INFO]2021-06-07 15:28:54,278: create lock <lock name:doorMgr.lock,<unlocked _thread.RLock object owner=0 count=0 at 0x000002238E33ED78>>
[INFO]2021-06-07 15:28:54,337: create lock <lock name:door.lock,<unlocked _thread.RLock object owner=0 count=0 at 0x000002238E33EF30>>
[INFO]2021-06-07 15:28:54,706: create lock <lock name:timer.lock_2351736910064,<unlocked _thread.RLock object owner=0 count=0 at 0x000002238E6B2BE8>>
[ERROR]2021-06-07 15:28:54,753: mqtt is disabled
[INFO]2021-06-07 15:28:54,754: mqtt: subscribe [alarm/raise/+]
[INFO]2021-06-07 15:28:54,756: mqtt: subscribe [alarm/clear/+]
[INFO]2021-06-07 15:28:57,886: Mongodb connect to 127.0.0.1 port 27017
[INFO]2021-06-07 15:28:57,956: create lock <lock name:elevatorMgr.lock,<unlocked _thread.RLock object owner=0 count=0 at 0x000002238E9780A8>>
[WARNING]2021-06-07 15:28:58,041: use mockAgvCtrl
[INFO]2021-06-07 15:28:58,051: create lock <lock name:mapMgr.lock,<unlocked _thread.RLock object owner=0 count=0 at 0x000002238CB7EC60>>
[INFO]2021-06-07 15:28:58,599: create lock <lock name:agvList.g_agvLock,<unlocked _thread.RLock object owner=0 count=0 at 0x000002238E9EC058>>
[INFO]2021-06-07 15:28:58,608: create lock <lock name:taskList.lock,<unlocked _thread.RLock object owner=0 count=0 at 0x000002238E9ECF80>>
[INFO]2021-06-07 15:28:58,726: charge policy 1 , fix time
[INFO]2021-06-07 15:28:58,762: create lock <lock name:agvApi.g_lock,<unlocked _thread.RLock object owner=0 count=0 at 0x000002238E9EC850>>
[INFO]2021-06-07 15:29:00,049: start load map C:\Users\Administrator\Desktop\SVN\美维\MeiWei_back_0421\agvCtrl\projects\test\AKM2F.smap
[DEBUG]2021-06-07 15:29:03,052: elevator thread start
[INFO]2021-06-07 15:29:03,488: load map C:\Users\Administrator\Desktop\SVN\美维\MeiWei_back_0421\agvCtrl\projects\test\AKM2F.smap ,used 3449 ms
[INFO]2021-06-07 15:29:03,514: start load map C:\Users\Administrator\Desktop\SVN\美维\MeiWei_back_0421\agvCtrl\projects\test\akmsmt.smap
[INFO]2021-06-07 15:29:03,794: load map C:\Users\Administrator\Desktop\SVN\美维\MeiWei_back_0421\agvCtrl\projects\test\akmsmt.smap ,used 301 ms
[INFO]2021-06-07 15:29:03,835: start load map C:\Users\Administrator\Desktop\SVN\美维\MeiWei_back_0421\agvCtrl\projects\test\akmsmtMap.smap
[INFO]2021-06-07 15:29:04,431: load map C:\Users\Administrator\Desktop\SVN\美维\MeiWei_back_0421\agvCtrl\projects\test\akmsmtMap.smap ,used 632 ms
[INFO]2021-06-07 15:29:04,478: start load map C:\Users\Administrator\Desktop\SVN\美维\MeiWei_back_0421\agvCtrl\projects\test\desai-all-20191223.smap
[INFO]2021-06-07 15:29:05,012: load map C:\Users\Administrator\Desktop\SVN\美维\MeiWei_back_0421\agvCtrl\projects\test\desai-all-20191223.smap ,used 576 ms
[INFO]2021-06-07 15:29:05,041: start load map C:\Users\Administrator\Desktop\SVN\美维\MeiWei_back_0421\agvCtrl\projects\test\meiwei423.smap
[INFO]2021-06-07 15:29:11,707: load map C:\Users\Administrator\Desktop\SVN\美维\MeiWei_back_0421\agvCtrl\projects\test\meiwei423.smap ,used 6692 ms
[INFO]2021-06-07 15:29:11,718: start load map C:\Users\Administrator\Desktop\SVN\美维\MeiWei_back_0421\agvCtrl\projects\test\meiwei428.smap
[INFO]2021-06-07 15:29:18,323: load map C:\Users\Administrator\Desktop\SVN\美维\MeiWei_back_0421\agvCtrl\projects\test\meiwei428.smap ,used 6615 ms
[WARNING]2021-06-07 15:29:18,342: MainThread[tid:13500] <lock name:mapMgr.lock,<locked _thread.RLock object owner=13500 count=1 at 0x000002238CB7EC60>> ,hold 19577 ms
[INFO]2021-06-07 15:29:18,345: name=MainThread, pid=14876, tid=13500
[01] File "run_all.py", line 57, in <module>() 
[02] File "run_all.py", line 39, in findModule() 
[03] File "<frozen importlib._bootstrap>", line 983, in _find_and_load() 
[04] File "<frozen importlib._bootstrap>", line 967, in _find_and_load_unlocked() 
[05] File "<frozen importlib._bootstrap>", line 677, in _load_unlocked() 
[06] File "<frozen importlib._bootstrap_external>", line 728, in exec_module() 
[07] File "<frozen importlib._bootstrap>", line 219, in _call_with_frames_removed() 
[08] File "C:/Users/Administrator/Desktop/SVN/美维/MeiWei_back_0421/agvCtrl/main_agv.py", line 22, in <module>() 
[09] File "C:/Users/Administrator/Desktop/SVN/美维/MeiWei_back_0421/common/lock.py", line 122, in _call() 
[10] File "C:/Users/Administrator/Desktop/SVN/美维/MeiWei_back_0421/common/lock.py", line 100, in release() 
[11] File "C:/Users/Administrator/Desktop/SVN/美维/MeiWei_back_0421/common/enhance.py", line 258, in getTrace() 
[12] File "C:/Users/Administrator/Desktop/SVN/美维/MeiWei_back_0421/common/enhance.py", line 240, in getThreadStack()
[INFO]2021-06-07 15:29:18,361: import agvDevice.main_agvDevice
[INFO]2021-06-07 15:29:18,363: import akmCtrl.main_akmCtrl
[INFO]2021-06-07 15:29:18,458: create lock <lock name:runTasks.g_lock,<unlocked _thread.RLock object owner=0 count=0 at 0x0000022390990490>>
[INFO]2021-06-07 15:29:18,492: create lock <lock name:agvApi.g_lock,<unlocked _thread.RLock object owner=0 count=0 at 0x0000022390DB7C10>>
[INFO]2021-06-07 15:29:18,518: create lock <lock name:runTasks.pre_lock,<unlocked _thread.RLock object owner=0 count=0 at 0x0000022390990058>>
[INFO]2021-06-07 15:29:18,521: create lock <lock name:timer.lock_2351753623256,<unlocked _thread.RLock object owner=0 count=0 at 0x000002238F4103F0>>
[INFO]2021-06-07 15:29:18,528: create lock <lock name:mapMgr.lock,<unlocked _thread.RLock object owner=0 count=0 at 0x000002238F350E90>>
[INFO]2021-06-07 15:29:18,679: import alarm.main_alarm
[INFO]2021-06-07 15:29:18,703: import auth.main_auth
[INFO]2021-06-07 15:29:20,519: import door.main_door
[INFO]2021-06-07 15:29:20,541: import elevator.main_elevator
[INFO]2021-06-07 15:29:20,551: create lock <lock name:elevatorApi.g_lock,<unlocked _thread.RLock object owner=0 count=0 at 0x000002238F6A19B8>>
[INFO]2021-06-07 15:29:20,578: import feed.main_feed
[INFO]2021-06-07 15:29:20,633: IP: 0.0.0.0 port: 10001
[INFO]2021-06-07 15:29:20,638: import feed.main_feed_0427
[INFO]2021-06-07 15:29:20,671: create lock <lock name:feedTask.g_lock,<unlocked _thread.RLock object owner=0 count=0 at 0x0000022390CA64B8>>
[INFO]2021-06-07 15:29:20,774: import remoteio.main_remoteio
[SUCC]2021-06-07 15:29:20,835: utility start, pid=14876, ppid=4044
[DEBUG]2021-06-07 15:29:20,837: start timer
[INFO]2021-06-07 15:29:20,853: load agv file: C:\Users\Administrator\Desktop\SVN\美维\MeiWei_back_0421\agvCtrl/projects/test/agv.cfg
[INFO]2021-06-07 15:29:20,855: create lock <lock name:agvList.AGV30.lock,<unlocked _thread.RLock object owner=0 count=0 at 0x0000022390CA6558>>
[DEBUG]2021-06-07 15:29:20,859: create aliveObj AGV30 AGV离线异常 timeout 300
[INFO]2021-06-07 15:29:20,862: AGV30 start agvList run thread
[INFO]2021-06-07 15:29:20,863: AGV30 start agvList run2 thread
[DEBUG]2021-06-07 15:29:20,871: start timer
[INFO]2021-06-07 15:29:20,872: startCharge is false
[INFO]2021-06-07 15:29:20,899: AGV30 current map meiwei428
[INFO]2021-06-07 15:29:20,920: add_ignore: taskStatus
[INFO]2021-06-07 15:29:20,933: AGV30 is online
[INFO]2021-06-07 15:29:20,937: add_ignore: api/elevator/status
[INFO]2021-06-07 15:29:20,945: add_ignore: scada/getTask
[DEBUG]2021-06-07 15:29:22,433: GET: http://127.0.0.1:5551/api/agv/init?appName=MeiWeiTask addr: 127.0.0.1
[INFO]2021-06-07 15:29:22,440: MeiWeiTask init client agvApi
[DEBUG]2021-06-07 15:29:22,446: used 12ms 200 OK application/json;charset=utf-8, GET: http://127.0.0.1:5551/api/agv/init?appName=MeiWeiTask
[DEBUG]2021-06-07 15:29:25,586: GET: http://127.0.0.1:5551/api/agv/startCharge?appName=MeiWeiTask addr: 127.0.0.1
[DEBUG]2021-06-07 15:29:25,680: used 93ms 200 OK application/json;charset=utf-8, GET: http://127.0.0.1:5551/api/agv/startCharge?appName=MeiWeiTask
[WARNING]2021-06-07 15:29:25,944: timer_thread[tid:5608] <lock name:runTasks.g_lock,<locked _thread.RLock object owner=5608 count=1 at 0x0000022390990490>> ,hold 5041 ms
[INFO]2021-06-07 15:29:26,567: name=timer_thread, pid=14876, tid=5608
[01] File "C:/Python37/lib/threading.py", line 865, in run() 
[02] File "../common/mytimer.py", line 113, in _loop() 
[03] File "../common/lock.py", line 122, in _call() 
[04] File "../common/lock.py", line 100, in release() 
[05] File "C:/Users/Administrator/Desktop/SVN/美维/MeiWei_back_0421/common/enhance.py", line 258, in getTrace() 
[06] File "C:/Users/Administrator/Desktop/SVN/美维/MeiWei_back_0421/common/enhance.py", line 240, in getThreadStack()
