[INFO]2021-06-07 16:37:14,977: log files at C:\Users\Administrator\Desktop\SVN\美维\MeiWei_back_0421\common\log
[INFO]2021-06-07 16:37:14,978: find module account.main_account
[INFO]2021-06-07 16:37:14,978: find module agvCtrl.main_agv
[INFO]2021-06-07 16:37:14,979: find module agvDevice.main_agvDevice
[INFO]2021-06-07 16:37:14,979: find module akmCtrl.main_akmCtrl
[INFO]2021-06-07 16:37:14,981: find module alarm.main_alarm
[INFO]2021-06-07 16:37:14,981: find module auth.main_auth
[INFO]2021-06-07 16:37:14,982: find module door.main_door
[INFO]2021-06-07 16:37:14,982: find module elevator.main_elevator
[INFO]2021-06-07 16:37:14,984: find module feed.main_feed
[INFO]2021-06-07 16:37:14,984: find module feed.main_feed_0427
[INFO]2021-06-07 16:37:14,985: find module remoteio.main_remoteio
[INFO]2021-06-07 16:37:14,985: import account.main_account
[INFO]2021-06-07 16:37:15,067: import agvCtrl.main_agv
[INFO]2021-06-07 16:37:15,383: create lock <lock name:doorMgr.lock,<unlocked _thread.RLock object owner=0 count=0 at 0x0000021A006BEDA0>>
[INFO]2021-06-07 16:37:15,398: create lock <lock name:door.lock,<unlocked _thread.RLock object owner=0 count=0 at 0x0000021A006BEF58>>
[INFO]2021-06-07 16:37:15,491: create lock <lock name:timer.lock_2310703513784,<unlocked _thread.RLock object owner=0 count=0 at 0x0000021A00A27C10>>
[ERROR]2021-06-07 16:37:15,505: mqtt is disabled
[INFO]2021-06-07 16:37:15,505: mqtt: subscribe [alarm/raise/+]
[INFO]2021-06-07 16:37:15,505: mqtt: subscribe [alarm/clear/+]
[INFO]2021-06-07 16:37:18,546: Mongodb connect to 127.0.0.1 port 27017
[INFO]2021-06-07 16:37:18,573: create lock <lock name:elevatorMgr.lock,<unlocked _thread.RLock object owner=0 count=0 at 0x0000021A00CF80D0>>
[WARNING]2021-06-07 16:37:18,589: use mockAgvCtrl
[INFO]2021-06-07 16:37:18,592: create lock <lock name:mapMgr.lock,<unlocked _thread.RLock object owner=0 count=0 at 0x0000021A7EECDC88>>
[INFO]2021-06-07 16:37:18,882: create lock <lock name:agvList.g_agvLock,<unlocked _thread.RLock object owner=0 count=0 at 0x0000021A00DA8030>>
[INFO]2021-06-07 16:37:18,918: create lock <lock name:taskList.lock,<unlocked _thread.RLock object owner=0 count=0 at 0x0000021A00DA8C88>>
[INFO]2021-06-07 16:37:18,983: charge policy 1 , fix time
[INFO]2021-06-07 16:37:19,019: create lock <lock name:agvApi.g_lock,<unlocked _thread.RLock object owner=0 count=0 at 0x0000021A00E1F0D0>>
[INFO]2021-06-07 16:37:19,644: start load map C:\Users\Administrator\Desktop\SVN\美维\MeiWei_back_0421\agvCtrl\projects\test\AKM2F.smap
[DEBUG]2021-06-07 16:37:19,760: elevator thread start
[INFO]2021-06-07 16:37:19,781: load map C:\Users\Administrator\Desktop\SVN\美维\MeiWei_back_0421\agvCtrl\projects\test\AKM2F.smap ,used 145 ms
[INFO]2021-06-07 16:37:19,790: start load map C:\Users\Administrator\Desktop\SVN\美维\MeiWei_back_0421\agvCtrl\projects\test\akmsmt.smap
[INFO]2021-06-07 16:37:19,840: load map C:\Users\Administrator\Desktop\SVN\美维\MeiWei_back_0421\agvCtrl\projects\test\akmsmt.smap ,used 58 ms
[INFO]2021-06-07 16:37:19,854: start load map C:\Users\Administrator\Desktop\SVN\美维\MeiWei_back_0421\agvCtrl\projects\test\akmsmtMap.smap
[INFO]2021-06-07 16:37:19,993: load map C:\Users\Administrator\Desktop\SVN\美维\MeiWei_back_0421\agvCtrl\projects\test\akmsmtMap.smap ,used 151 ms
[INFO]2021-06-07 16:37:20,005: start load map C:\Users\Administrator\Desktop\SVN\美维\MeiWei_back_0421\agvCtrl\projects\test\desai-all-20191223.smap
[INFO]2021-06-07 16:37:20,127: load map C:\Users\Administrator\Desktop\SVN\美维\MeiWei_back_0421\agvCtrl\projects\test\desai-all-20191223.smap ,used 132 ms
[INFO]2021-06-07 16:37:20,146: start load map C:\Users\Administrator\Desktop\SVN\美维\MeiWei_back_0421\agvCtrl\projects\test\meiwei423.smap
[INFO]2021-06-07 16:37:20,227: load map C:\Users\Administrator\Desktop\SVN\美维\MeiWei_back_0421\agvCtrl\projects\test\meiwei423.smap ,used 98 ms
[INFO]2021-06-07 16:37:20,237: start load map C:\Users\Administrator\Desktop\SVN\美维\MeiWei_back_0421\agvCtrl\projects\test\meiwei428.smap
[INFO]2021-06-07 16:37:20,311: load map C:\Users\Administrator\Desktop\SVN\美维\MeiWei_back_0421\agvCtrl\projects\test\meiwei428.smap ,used 83 ms
[INFO]2021-06-07 16:37:20,315: import agvDevice.main_agvDevice
[INFO]2021-06-07 16:37:20,335: import akmCtrl.main_akmCtrl
[INFO]2021-06-07 16:37:20,358: create lock <lock name:runTasks.g_lock,<unlocked _thread.RLock object owner=0 count=0 at 0x0000021A0139DDC8>>
[INFO]2021-06-07 16:37:20,368: create lock <lock name:agvApi.g_lock,<unlocked _thread.RLock object owner=0 count=0 at 0x0000021A013DF6E8>>
[INFO]2021-06-07 16:37:20,394: create lock <lock name:runTasks.pre_lock,<unlocked _thread.RLock object owner=0 count=0 at 0x0000021A0139D9B8>>
[INFO]2021-06-07 16:37:20,420: create lock <lock name:timer.lock_2310712991248,<unlocked _thread.RLock object owner=0 count=0 at 0x0000021A01309C60>>
[INFO]2021-06-07 16:37:20,422: create lock <lock name:mapMgr.lock,<unlocked _thread.RLock object owner=0 count=0 at 0x0000021A016A1260>>
[INFO]2021-06-07 16:37:20,852: import alarm.main_alarm
[INFO]2021-06-07 16:37:20,853: import auth.main_auth
[INFO]2021-06-07 16:37:20,932: import door.main_door
[INFO]2021-06-07 16:37:20,973: import elevator.main_elevator
[INFO]2021-06-07 16:37:20,976: create lock <lock name:elevatorApi.g_lock,<unlocked _thread.RLock object owner=0 count=0 at 0x0000021A016A1D50>>
[INFO]2021-06-07 16:37:21,007: import feed.main_feed
[INFO]2021-06-07 16:37:21,028: IP: 0.0.0.0 port: 10001
[INFO]2021-06-07 16:37:21,094: import feed.main_feed_0427
[INFO]2021-06-07 16:37:21,101: create lock <lock name:feedTask.g_lock,<unlocked _thread.RLock object owner=0 count=0 at 0x0000021A01CD7378>>
[INFO]2021-06-07 16:37:21,167: import remoteio.main_remoteio
[SUCC]2021-06-07 16:37:21,180: utility start, pid=16116, ppid=1504
[DEBUG]2021-06-07 16:37:21,184: start timer
[INFO]2021-06-07 16:37:21,196: load agv file: C:\Users\Administrator\Desktop\SVN\美维\MeiWei_back_0421\agvCtrl/projects/test/agv.cfg
[INFO]2021-06-07 16:37:21,197: create lock <lock name:agvList.AGV30.lock,<unlocked _thread.RLock object owner=0 count=0 at 0x0000021A01CD7B98>>
[DEBUG]2021-06-07 16:37:21,200: create aliveObj AGV30 AGV离线异常 timeout 300
[INFO]2021-06-07 16:37:21,204: AGV30 start agvList run thread
[INFO]2021-06-07 16:37:21,204: AGV30 start agvList run2 thread
[DEBUG]2021-06-07 16:37:21,206: start timer
[INFO]2021-06-07 16:37:21,236: AGV30 current map meiwei428
[INFO]2021-06-07 16:37:21,238: AGV30 is online
[INFO]2021-06-07 16:37:21,240: add_ignore: taskStatus
[INFO]2021-06-07 16:37:21,266: add_ignore: api/elevator/status
[INFO]2021-06-07 16:37:21,268: add_ignore: scada/getTask
[DEBUG]2021-06-07 16:37:22,755: GET: http://127.0.0.1:5551/api/agv/init?appName=MeiWeiTask addr: 127.0.0.1
[INFO]2021-06-07 16:37:22,758: MeiWeiTask init client agvApi
[DEBUG]2021-06-07 16:37:22,770: used 15ms 200 OK application/json;charset=utf-8, GET: http://127.0.0.1:5551/api/agv/init?appName=MeiWeiTask
[DEBUG]2021-06-07 16:37:25,880: GET: http://127.0.0.1:5551/api/agv/startCharge?appName=MeiWeiTask addr: 127.0.0.1
[DEBUG]2021-06-07 16:37:25,973: used 93ms 200 OK application/json;charset=utf-8, GET: http://127.0.0.1:5551/api/agv/startCharge?appName=MeiWeiTask
[WARNING]2021-06-07 16:37:26,131: timer_thread[tid:12436] <lock name:runTasks.g_lock,<locked _thread.RLock object owner=12436 count=1 at 0x0000021A0139DDC8>> ,hold 3896 ms
[INFO]2021-06-07 16:37:26,380: name=timer_thread, pid=16116, tid=12436
[01] File "C:/Python37/lib/threading.py", line 865, in run() 
[02] File "../common/mytimer.py", line 113, in _loop() 
[03] File "../common/lock.py", line 122, in _call() 
[04] File "../common/lock.py", line 100, in release() 
[05] File "C:/Users/Administrator/Desktop/SVN/美维/MeiWei_back_0421/common/enhance.py", line 258, in getTrace() 
[06] File "C:/Users/Administrator/Desktop/SVN/美维/MeiWei_back_0421/common/enhance.py", line 240, in getThreadStack()
