[INFO]2021-04-26 10:08:57,427: log files at E:\projects_by_myself\backup\MeiWei_back_0421\common\log
[INFO]2021-04-26 10:08:57,428: find module account.main_account
[INFO]2021-04-26 10:08:57,429: find module agvCtrl.main_agv
[INFO]2021-04-26 10:08:57,431: find module agvDevice.main_agvDevice
[INFO]2021-04-26 10:08:57,432: find module akmCtrl.main_akmCtrl
[INFO]2021-04-26 10:08:57,433: find module alarm.main_alarm
[INFO]2021-04-26 10:08:57,434: find module auth.main_auth
[INFO]2021-04-26 10:08:57,435: find module door.main_door
[INFO]2021-04-26 10:08:57,437: find module elevator.main_elevator
[INFO]2021-04-26 10:08:57,438: find module feed.main_feed
[INFO]2021-04-26 10:08:57,439: find module remoteio.main_remoteio
[INFO]2021-04-26 10:08:57,441: import account.main_account
[INFO]2021-04-26 10:08:57,542: import agvCtrl.main_agv
[INFO]2021-04-26 10:08:57,913: create lock <lock name:doorMgr.lock,<unlocked _thread.RLock object owner=0 count=0 at 0x0000020BC9F66EA0>>
[INFO]2021-04-26 10:08:58,809: create lock <lock name:door.lock,<unlocked _thread.RLock object owner=0 count=0 at 0x0000020BC9F80420>>
[INFO]2021-04-26 10:08:58,926: create lock <lock name:timer.lock_2249662829088,<unlocked _thread.RLock object owner=0 count=0 at 0x0000020BCA5A9390>>
[ERROR]2021-04-26 10:08:58,939: mqtt is disabled
[INFO]2021-04-26 10:08:58,940: mqtt: subscribe [alarm/raise/+]
[INFO]2021-04-26 10:08:58,941: mqtt: subscribe [alarm/clear/+]
[INFO]2021-04-26 10:09:01,978: Mongodb connect to 127.0.0.1 port 27017
[INFO]2021-04-26 10:09:02,023: create lock <lock name:elevatorApi.g_lock,<unlocked _thread.RLock object owner=0 count=0 at 0x0000020BCA7C5A50>>
[INFO]2021-04-26 10:09:02,025: create lock <lock name:elevatorMgr.lock,<unlocked _thread.RLock object owner=0 count=0 at 0x0000020BCA7B9DB0>>
[INFO]2021-04-26 10:09:02,221: create lock <lock name:mapMgr.lock,<unlocked _thread.RLock object owner=0 count=0 at 0x0000020BCA7D39F0>>
[INFO]2021-04-26 10:09:02,512: create lock <lock name:agvList.g_agvLock,<unlocked _thread.RLock object owner=0 count=0 at 0x0000020BCA88C5D0>>
[INFO]2021-04-26 10:09:02,516: create lock <lock name:taskList.lock,<unlocked _thread.RLock object owner=0 count=0 at 0x0000020BCA92D4E0>>
[INFO]2021-04-26 10:09:02,521: create lock <lock name:runTasks.g_lock,<unlocked _thread.RLock object owner=0 count=0 at 0x0000020BCA92DEA0>>
[INFO]2021-04-26 10:09:02,597: charge policy 1 , fix time
[INFO]2021-04-26 10:09:02,634: create lock <lock name:agvApi.g_lock,<unlocked _thread.RLock object owner=0 count=0 at 0x0000020BCA9414B0>>
[INFO]2021-04-26 10:09:03,197: start load map E:\projects_by_myself\backup\MeiWei_back_0421\agvCtrl\projects\AKMfloor\AKM2F.smap
[DEBUG]2021-04-26 10:09:03,315: elevator thread start
[INFO]2021-04-26 10:09:03,335: load map E:\projects_by_myself\backup\MeiWei_back_0421\agvCtrl\projects\AKMfloor\AKM2F.smap ,used 149 ms
[INFO]2021-04-26 10:09:03,348: start load map E:\projects_by_myself\backup\MeiWei_back_0421\agvCtrl\projects\AKMfloor\AKM4F.smap
[INFO]2021-04-26 10:09:03,425: load map E:\projects_by_myself\backup\MeiWei_back_0421\agvCtrl\projects\AKMfloor\AKM4F.smap ,used 88 ms
[INFO]2021-04-26 10:09:03,438: start load map E:\projects_by_myself\backup\MeiWei_back_0421\agvCtrl\projects\AKMfloor\akmsmtMap.smap
[INFO]2021-04-26 10:09:03,640: load map E:\projects_by_myself\backup\MeiWei_back_0421\agvCtrl\projects\AKMfloor\akmsmtMap.smap ,used 214 ms
[INFO]2021-04-26 10:09:03,652: start load map E:\projects_by_myself\backup\MeiWei_back_0421\agvCtrl\projects\AKMfloor\meiwei423.smap
[INFO]2021-04-26 10:09:03,742: load map E:\projects_by_myself\backup\MeiWei_back_0421\agvCtrl\projects\AKMfloor\meiwei423.smap ,used 100 ms
[INFO]2021-04-26 10:09:03,754: start load map E:\projects_by_myself\backup\MeiWei_back_0421\agvCtrl\projects\AKMfloor\untitled_20210420032952.smap
[INFO]2021-04-26 10:09:03,798: load map E:\projects_by_myself\backup\MeiWei_back_0421\agvCtrl\projects\AKMfloor\untitled_20210420032952.smap ,used 54 ms
[INFO]2021-04-26 10:09:03,803: import agvDevice.main_agvDevice
[INFO]2021-04-26 10:09:03,803: import akmCtrl.main_akmCtrl
[INFO]2021-04-26 10:09:03,826: create lock <lock name:agvApi.g_lock,<unlocked _thread.RLock object owner=0 count=0 at 0x0000020BCAC19F00>>
[INFO]2021-04-26 10:09:03,846: create lock <lock name:runTasks.pre_lock,<unlocked _thread.RLock object owner=0 count=0 at 0x0000020BC93C0960>>
[INFO]2021-04-26 10:09:03,848: create lock <lock name:timer.lock_2249643882672,<unlocked _thread.RLock object owner=0 count=0 at 0x0000020BC9397240>>
[INFO]2021-04-26 10:09:03,851: create lock <lock name:mapMgr.lock,<unlocked _thread.RLock object owner=0 count=0 at 0x0000020BCBF27870>>
[INFO]2021-04-26 10:09:04,562: import alarm.main_alarm
[INFO]2021-04-26 10:09:04,564: import auth.main_auth
[INFO]2021-04-26 10:09:04,580: import door.main_door
[INFO]2021-04-26 10:09:04,592: import elevator.main_elevator
[INFO]2021-04-26 10:09:04,594: import feed.main_feed
[INFO]2021-04-26 10:09:04,604: create lock <lock name:feedTask.g_lock,<unlocked _thread.RLock object owner=0 count=0 at 0x0000020BCEDA5270>>
[INFO]2021-04-26 10:09:04,658: import remoteio.main_remoteio
[SUCC]2021-04-26 10:09:04,667: utility start, pid=11840, ppid=15032
[DEBUG]2021-04-26 10:09:04,668: start timer
[INFO]2021-04-26 10:09:04,679: load agv file: E:\projects_by_myself\backup\MeiWei_back_0421\agvCtrl/projects/AKMfloor/agv.cfg
[INFO]2021-04-26 10:09:04,681: create lock <lock name:agvList.AGV30.lock,<unlocked _thread.RLock object owner=0 count=0 at 0x0000020BCEDC20F0>>
[DEBUG]2021-04-26 10:09:04,683: create aliveObj AGV30 AGV离线异常 timeout 300
[INFO]2021-04-26 10:09:04,685: AGV30 start agvList run thread
[INFO]2021-04-26 10:09:04,686: AGV30 start agvList run2 thread
[INFO]2021-04-26 10:09:04,686: create lock <lock name:agv.AGV30.lock_status,<unlocked _thread.RLock object owner=0 count=0 at 0x0000020BCEDC2A20>>
[DEBUG]2021-04-26 10:09:04,689: try connect AGV30 192.168.8.68:19204
[DEBUG]2021-04-26 10:09:04,691: start timer
[INFO]2021-04-26 10:09:04,693: add_ignore: taskStatus
[INFO]2021-04-26 10:09:04,693: add_ignore: api/elevator/status
[INFO]2021-04-26 10:09:04,694: add_ignore: scada/getTask
[INFO]2021-04-26 10:09:04,727: AGV30 connected 192.168.8.68 19204
[INFO]2021-04-26 10:09:04,728: create lock <lock name:agv.AGV30.lock_ctrl,<unlocked _thread.RLock object owner=0 count=0 at 0x0000020BCEDC2AB0>>
[DEBUG]2021-04-26 10:09:04,729: try connect AGV30 192.168.8.68:19205
[INFO]2021-04-26 10:09:04,763: AGV30 connected 192.168.8.68 19205
[INFO]2021-04-26 10:09:04,765: create lock <lock name:agv.AGV30.lock_task,<unlocked _thread.RLock object owner=0 count=0 at 0x0000020BCEDC2810>>
[DEBUG]2021-04-26 10:09:04,773: try connect AGV30 192.168.8.68:19206
[INFO]2021-04-26 10:09:04,807: AGV30 connected 192.168.8.68 19206
[INFO]2021-04-26 10:09:04,834: create lock <lock name:agv.AGV30.lock_conf,<unlocked _thread.RLock object owner=0 count=0 at 0x0000020BCEDC2990>>
[DEBUG]2021-04-26 10:09:04,835: try connect AGV30 192.168.8.68:19207
[INFO]2021-04-26 10:09:04,863: AGV30 connected 192.168.8.68 19207
[INFO]2021-04-26 10:09:04,866: create lock <lock name:agv.AGV30.lock_core,<unlocked _thread.RLock object owner=0 count=0 at 0x0000020BCFB1A1B0>>
[DEBUG]2021-04-26 10:09:04,867: try connect AGV30 192.168.8.68:19208
[INFO]2021-04-26 10:09:04,899: AGV30 connected 192.168.8.68 19208
[INFO]2021-04-26 10:09:04,900: create lock <lock name:agv.AGV30.lock_other,<unlocked _thread.RLock object owner=0 count=0 at 0x0000020BCFB1A270>>
[DEBUG]2021-04-26 10:09:04,901: try connect AGV30 192.168.8.68:19210
[INFO]2021-04-26 10:09:04,931: AGV30 connected 192.168.8.68 19210
[INFO]2021-04-26 10:09:05,046: AGV30 current map meiwei423
[INFO]2021-04-26 10:09:05,099: AGV30 is online
[INFO]2021-04-26 10:09:05,622: AGV30 require control
[DEBUG]2021-04-26 10:09:05,705: GET: http://127.0.0.1:5551/api/agv/init?appName=MeiWeiTask addr: 127.0.0.1
[INFO]2021-04-26 10:09:05,707: **********************状态************: False
[INFO]2021-04-26 10:09:05,708: MeiWeiTask init client agvApi
[DEBUG]2021-04-26 10:09:05,710: used 5ms 200 OK application/json;charset=utf-8, GET: http://127.0.0.1:5551/api/agv/init?appName=MeiWeiTask
[DEBUG]2021-04-26 10:09:08,854: GET: http://127.0.0.1:5551/api/agv/startCharge?appName=MeiWeiTask addr: 127.0.0.1
[DEBUG]2021-04-26 10:09:08,933: used 79ms 200 OK application/json;charset=utf-8, GET: http://127.0.0.1:5551/api/agv/startCharge?appName=MeiWeiTask
[WARNING]2021-04-26 10:09:09,091: timer_thread[tid:11904] <lock name:runTasks.g_lock,<locked _thread.RLock object owner=11904 count=1 at 0x0000020BCA92DEA0>> ,hold 3390 ms
[INFO]2021-04-26 10:09:09,628: name=timer_thread, pid=11840, tid=11904
[01] File "E:/Users/Administrator/AppData/Local/Programs/Python/Python38/lib/threading.py", line 870, in run() 
[02] File "../common/mytimer.py", line 113, in _loop() 
[03] File "../common/lock.py", line 122, in _call() 
[04] File "../common/lock.py", line 100, in release() 
[05] File "E:/projects_by_myself/backup/MeiWei_back_0421/common/enhance.py", line 258, in getTrace() 
[06] File "E:/projects_by_myself/backup/MeiWei_back_0421/common/enhance.py", line 240, in getThreadStack()
[ERROR]2021-04-26 10:10:59,944: raise alarm obj=AGV30, typeId=4002, desc=急停按钮处于激活状态, id=6086213332371f6cf59b006e
[INFO]2021-04-26 10:11:08,180: AGV30 require control
[WARNING]2021-04-26 10:12:10,117: clear alarm obj=AGV30, typeId=4002, id=6086213332371f6cf59b006e
[INFO]2021-04-26 10:13:18,366: AGV30 require control
[DEBUG]2021-04-26 10:13:22,165: GET: http://127.0.0.1:5551/api/scada/addTaskByPad?source=MeiWeiSource&target=MeiWeiTarget addr: 127.0.0.1
[INFO]2021-04-26 10:13:22,306: create task[608621c2077ea733d18fe87f]: type= scadaTask , 从MeiWeiSource运送货架到MeiWeiTarget {'source': 'MeiWeiSource', 'target': 'MeiWeiTarget', 'payloadId': None, 'priority': 1, 'type': 'scadaTask', 'taskName': '从MeiWeiSource运送货架到MeiWeiTarget', 'createTime': datetime.datetime(2021, 4, 26, 10, 13, 22, 243787), 'updateTime': datetime.datetime(2021, 4, 26, 10, 13, 22, 243787), 'startTime': None, 'endTime': None, 'status': 'waiting', 'step': 'waiting', 'failMsg': None, 'history': [], '_id': ObjectId('608621c2077ea733d18fe87f')}
[DEBUG]2021-04-26 10:13:22,591: used 426ms 200 OK application/json;charset=utf-8, GET: http://127.0.0.1:5551/api/scada/addTaskByPad?source=MeiWeiSource&target=MeiWeiTarget
[INFO]2021-04-26 10:13:22,797: task[608621c2077ea733d18fe87f]:  start {'failMsg': '任务等待执行', 'startTime': datetime.datetime(2021, 4, 26, 10, 13, 22, 750609), 'updateTime': datetime.datetime(2021, 4, 26, 10, 13, 22, 750609), 'status': 'running'}
[INFO]2021-04-26 10:13:22,967: task: start task[608621c2077ea733d18fe87f][-] 6(1) -> 7(8) [waiting]
[INFO]2021-04-26 10:13:23,108: task[608621c2077ea733d18fe87f] update info: {'failMsg': '等待分配小车', 'updateTime': datetime.datetime(2021, 4, 26, 10, 13, 23, 45700)}
[DEBUG]2021-04-26 10:13:23,188: task[608621c2077ea733d18fe87f][-] 6(1) -> 7(8) [waitForAgv] waiting -> waitForAgv
[INFO]2021-04-26 10:13:24,423: ******************url********************: http://127.0.0.1:5551
[DEBUG]2021-04-26 10:13:24,582: GET: http://127.0.0.1:5551/api/agv/apply?appName=MeiWeiTask&autoLock=False&exclude&loc=1&mapId=meiwei423&taskId=608621c2077ea733d18fe87f&timeout=10 addr: 127.0.0.1
[INFO]2021-04-26 10:13:28,483: apply AGV30 ,taskId: 608621c2077ea733d18fe87f ,loc meiwei423.1 ,autoLock False , used 3808 ms
[WARNING]2021-04-26 10:13:28,563: worker 3[tid:9896] <lock name:mapMgr.lock,<locked _thread.RLock object owner=9896 count=1 at 0x0000020BCA7D39F0>> ,hold 3888 ms
[INFO]2021-04-26 10:13:28,849: name=worker 3, pid=11840, tid=9896
[01] File "E:/Users/Administrator/AppData/Local/Programs/Python/Python38/lib/threading.py", line 870, in run() 
[02] File "E:/Users/Administrator/AppData/Local/Programs/Python/Python38/lib/site-packages/paste/httpserver.py", line 903, in worker_thread_callback() 
[03] File "E:/Users/Administrator/AppData/Local/Programs/Python/Python38/lib/site-packages/paste/httpserver.py", line 1077, in <lambda>() 
[04] File "E:/Users/Administrator/AppData/Local/Programs/Python/Python38/lib/site-packages/paste/httpserver.py", line 1092, in process_request_in_thread() 
[05] File "E:/Users/Administrator/AppData/Local/Programs/Python/Python38/lib/socketserver.py", line 360, in finish_request() 
[06] File "E:/Users/Administrator/AppData/Local/Programs/Python/Python38/lib/socketserver.py", line 720, in __init__() 
[07] File "E:/Users/Administrator/AppData/Local/Programs/Python/Python38/lib/site-packages/paste/httpserver.py", line 460, in handle() 
[08] File "E:/Users/Administrator/AppData/Local/Programs/Python/Python38/lib/http/server.py", line 427, in handle() 
[09] File "E:/Users/Administrator/AppData/Local/Programs/Python/Python38/lib/site-packages/paste/httpserver.py", line 455, in handle_one_request() 
[10] File "E:/Users/Administrator/AppData/Local/Programs/Python/Python38/lib/site-packages/paste/httpserver.py", line 304, in wsgi_execute() 
[11] File "E:/Users/Administrator/AppData/Local/Programs/Python/Python38/lib/site-packages/paste/translogger.py", line 69, in __call__() 
[12] File "E:/Users/Administrator/AppData/Local/Programs/Python/Python38/lib/site-packages/bottle.py", line 985, in __call__() 
[13] File "E:/Users/Administrator/AppData/Local/Programs/Python/Python38/lib/site-packages/bottle.py", line 960, in wsgi() 
[14] File "E:/Users/Administrator/AppData/Local/Programs/Python/Python38/lib/site-packages/bottle.py", line 868, in _handle() 
[15] File "E:/Users/Administrator/AppData/Local/Programs/Python/Python38/lib/site-packages/bottle.py", line 1748, in wrapper() 
[16] File "E:/projects_by_myself/backup/MeiWei_back_0421/common/webutility.py", line 466, in _enable_cors() 
[17] File "E:/projects_by_myself/backup/MeiWei_back_0421/common/webutility.py", line 482, in _enable_cors() 
[18] File "E:/projects_by_myself/backup/MeiWei_back_0421/common/scadaUtility.py", line 45, in __call() 
[19] File "E:/projects_by_myself/backup/MeiWei_back_0421/agvCtrl/main_agv.py", line 58, in urlApply() 
[20] File "E:/projects_by_myself/backup/MeiWei_back_0421/agvCtrl/agvControl.py", line 1112, in apply() 
[21] File "E:/projects_by_myself/backup/MeiWei_back_0421/common/lock.py", line 122, in _call() 
[22] File "E:/projects_by_myself/backup/MeiWei_back_0421/common/lock.py", line 100, in release() 
[23] File "E:/projects_by_myself/backup/MeiWei_back_0421/common/enhance.py", line 258, in getTrace() 
[24] File "E:/projects_by_myself/backup/MeiWei_back_0421/common/enhance.py", line 240, in getThreadStack()
[DEBUG]2021-04-26 10:13:29,008: used 4426ms 200 OK application/json;charset=utf-8, GET: http://127.0.0.1:5551/api/agv/apply?appName=MeiWeiTask&autoLock=False&exclude&loc=1&mapId=meiwei423&taskId=608621c2077ea733d18fe87f&timeout=10
[DEBUG]2021-04-26 10:13:29,324: GET: http://127.0.0.1:5551/api/agv/lock?agv=AGV30&appName=MeiWeiTask&taskId=608621c2077ea733d18fe87f addr: 127.0.0.1
[DEBUG]2021-04-26 10:13:29,404: lock:  AGV30 taskId 608621c2077ea733d18fe87f app MeiWeiTask
[WARNING]2021-04-26 10:13:30,538: AGV30 clear task finish, cur= meiwei423.9 task_status= 0
[DEBUG]2021-04-26 10:13:30,633: used 1309ms 200 OK application/json;charset=utf-8, GET: http://127.0.0.1:5551/api/agv/lock?agv=AGV30&appName=MeiWeiTask&taskId=608621c2077ea733d18fe87f
[INFO]2021-04-26 10:13:30,777: task[608621c2077ea733d18fe87f][-] 6(1) -> 7(8) [waitForAgv] apply AGV30
[INFO]2021-04-26 10:13:30,915: task[608621c2077ea733d18fe87f] update info: {'agvId': 'AGV30', 'failMsg': '成功分配小车AGV30,检测顶升下降', 'updateTime': datetime.datetime(2021, 4, 26, 10, 13, 30, 885053)}
[WARNING]2021-04-26 10:13:30,962: scada.608621c2077ea733d18fe87f[tid:8528] <locked _thread.RLock object owner=8528 count=1 at 0x0000020BD3928900> ,hold 6539 ms
[INFO]2021-04-26 10:13:31,230: name=scada.608621c2077ea733d18fe87f, pid=11840, tid=8528
[01] File "E:/Users/Administrator/AppData/Local/Programs/Python/Python38/lib/threading.py", line 870, in run() 
[02] File "../common/utility.py", line 167, in __call() 
[03] File "E:/projects_by_myself/backup/MeiWei_back_0421/akmCtrl/beans/scadaTaskBean.py", line 618, in _taskFunc() 
[04] File "../common/lock.py", line 122, in _call() 
[05] File "../common/lock.py", line 100, in release() 
[06] File "E:/projects_by_myself/backup/MeiWei_back_0421/common/enhance.py", line 258, in getTrace() 
[07] File "E:/projects_by_myself/backup/MeiWei_back_0421/common/enhance.py", line 240, in getThreadStack()
[DEBUG]2021-04-26 10:13:31,276: task[608621c2077ea733d18fe87f][AGV30] 6(1) -> 7(8) [initJackdown] waitForAgv -> initJackdown
[INFO]2021-04-26 10:13:31,811: task[608621c2077ea733d18fe87f][AGV30] 6(1) -> 7(8) [initJackdown] _jackDown
[INFO]2021-04-26 10:13:31,891: ************run jackDownOld********************
[INFO]2021-04-26 10:13:33,475: task[608621c2077ea733d18fe87f] update info: {'failMsg': '前往MeiWeiSource工位点的前置点拉取货架', 'updateTime': datetime.datetime(2021, 4, 26, 10, 13, 33, 411196)}
[DEBUG]2021-04-26 10:13:33,568: task[608621c2077ea733d18fe87f][AGV30] 6(1) -> 7(8) [moveToPreSrc] initJackdown -> moveToPreSrc
[DEBUG]2021-04-26 10:13:34,030: GET: http://127.0.0.1:5551/api/agv/move?WorkPlace=None&agv=AGV30&agvId=AGV30&appName=MeiWeiTask&floorId=meiwei423&isRotate&loc=meiwei423.1&location=1&taskId=608621c2077ea733d18fe87f_moveToPreSrc&taskType=scadaTask&timeoutSec=86400 addr: 127.0.0.1
[INFO]2021-04-26 10:13:34,050: Begin: AGV30 move from meiwei423.9 to meiwei423.1 by paths: [('meiwei423', ['9', '7', '8', '6', '1'], 26.065498026668134)] task: 608621c2077ea733d18fe87f_moveToPreSrc timeout 86400 used 18 ms
[DEBUG]2021-04-26 10:13:34,052: used 22ms 200 OK application/json;charset=utf-8, GET: http://127.0.0.1:5551/api/agv/move?WorkPlace=None&agv=AGV30&agvId=AGV30&appName=MeiWeiTask&floorId=meiwei423&isRotate&loc=meiwei423.1&location=1&taskId=608621c2077ea733d18fe87f_moveToPreSrc&taskType=scadaTask&timeoutSec=86400
[INFO]2021-04-26 10:13:34,054: 移动到source的前置点 1
[DEBUG]2021-04-26 10:13:34,055: task[608621c2077ea733d18fe87f][AGV30] 6(1) -> 7(8) [moveToPreSrc_onfinish] moveToPreSrc -> moveToPreSrc_onfinish
[DEBUG]2021-04-26 10:13:34,625: agvInfo: AGV30 meiwei423.9 move to meiwei423.7 ,taskId 608621c2077ea733d18fe87f_moveToPreSrc
[INFO]2021-04-26 10:13:34,625: 
[INFO]2021-04-26 10:13:34,627: goTarget {'id': '7', 'ignoreAngle': True}
[DEBUG]2021-04-26 10:13:35,171: AGV30 choise next pos cur 9 next 8 pre 7 4.915 True
[DEBUG]2021-04-26 10:13:35,173: AGV30 choise next pos cur 9 next 6 pre 8 25.133 False
[DEBUG]2021-04-26 10:13:35,176: AGV30 turn to wait check cur 9 next 6 25.133 False
[DEBUG]2021-04-26 10:13:35,752: agvInfo: AGV30 meiwei423.9 move to meiwei423.6 ,taskId 608621c2077ea733d18fe87f_moveToPreSrc
[INFO]2021-04-26 10:13:35,754: 
[INFO]2021-04-26 10:13:35,755: goTarget {'id': '6', 'ignoreAngle': True}
[WARNING]2021-04-26 10:13:37,355: AGV30 clear task,taskId= 608621c2077ea733d18fe87f_moveToPreSrc map= meiwei423 paths= 9,7,8,6,1 task_status= 5
[WARNING]2021-04-26 10:13:38,368: AGV30 clear task finish, cur= meiwei423.9 task_status= 5
[WARNING]2021-04-26 10:13:39,410: AGV30 clear task finish, cur= meiwei423.9 task_status= 5
[CRITICAL]2021-04-26 10:13:39,424: agv thread cause a error: AGV30执行move 1失败,taskId:608621c2077ea733d18fe87f_moveToPreSrc
pid=11840, ppid=15032, tid=16080

[ERROR]2021-04-26 10:13:39,427: AGV30 failed to arrived meiwei423.1 ,task: 608621c2077ea733d18fe87f_moveToPreSrc error AGV30执行move 1失败,taskId:608621c2077ea733d18fe87f_moveToPreSrc
[INFO]2021-04-26 10:13:39,728: task: move finish callback task[608621c2077ea733d18fe87f][AGV30] 6(1) -> 7(8) [moveToPreSrc_onfinish]
[WARNING]2021-04-26 10:13:39,733: task[608621c2077ea733d18fe87f]:  error {'failMsg': 'AGV30执行move 1失败,taskId:608621c2077ea733d18fe87f_moveToPreSrc', 'endTime': datetime.datetime(2021, 4, 26, 10, 13, 39, 730521), 'status': 'error'}
[INFO]2021-04-26 10:13:39,985: task[608621c2077ea733d18fe87f][AGV30] 6(1) -> 7(8) [moveToPreSrc_onfinish] AGV30 release task, release agv True True False
[DEBUG]2021-04-26 10:13:39,990: GET: http://127.0.0.1:5551/api/agv/isLocked?agv=AGV30&appName=MeiWeiTask&taskId=608621c2077ea733d18fe87f addr: 127.0.0.1
[DEBUG]2021-04-26 10:13:39,993: used 3ms 200 OK application/json;charset=utf-8, GET: http://127.0.0.1:5551/api/agv/isLocked?agv=AGV30&appName=MeiWeiTask&taskId=608621c2077ea733d18fe87f
[DEBUG]2021-04-26 10:13:40,000: GET: http://127.0.0.1:5551/api/agv/release?agv=AGV30&appName=MeiWeiTask&force=False&taskId=608621c2077ea733d18fe87f addr: 127.0.0.1
[DEBUG]2021-04-26 10:13:40,003: unlock: AGV30 taskId 608621c2077ea733d18fe87f app MeiWeiTask force False
[DEBUG]2021-04-26 10:13:40,006: used 5ms 200 OK application/json;charset=utf-8, GET: http://127.0.0.1:5551/api/agv/release?agv=AGV30&appName=MeiWeiTask&force=False&taskId=608621c2077ea733d18fe87f
[INFO]2021-04-26 10:13:40,009: task[608621c2077ea733d18fe87f][AGV30] 6(1) -> 7(8) [moveToPreSrc_onfinish] let AGV30 gohome
[DEBUG]2021-04-26 10:13:40,011: GET: http://127.0.0.1:5551/api/agv/goHome?agv=AGV30&appName=MeiWeiTask&force=False&timeout=10800 addr: 127.0.0.1
[INFO]2021-04-26 10:13:40,013: AGV30 is in home loc meiwei423.9
[DEBUG]2021-04-26 10:13:40,014: used 3ms 200 OK application/json;charset=utf-8, GET: http://127.0.0.1:5551/api/agv/goHome?agv=AGV30&appName=MeiWeiTask&force=False&timeout=10800
[INFO]2021-04-26 10:13:40,017: task: stop task[608621c2077ea733d18fe87f][-] 6(1) -> 7(8) [moveToPreSrc_onfinish]
[ERROR]2021-04-26 10:13:51,088: raise alarm obj=AGV30, typeId=49997, desc=小车置信度小于最低阈值,当前值:0.7384797568996895, id=608621df32371f6cf59b0120
[DEBUG]2021-04-26 10:13:53,248: AGV30 set loc meiwei423.7 ,old 9 (23.59,0.78)
[WARNING]2021-04-26 10:13:53,742: clear alarm obj=AGV30, typeId=49997, id=608621df32371f6cf59b0120
[ERROR]2021-04-26 10:13:56,659: raise alarm obj=AGV30, typeId=49997, desc=小车置信度小于最低阈值,当前值:0.7031824364211364, id=608621e432371f6cf59b012c
[WARNING]2021-04-26 10:13:59,787: clear alarm obj=AGV30, typeId=49997, id=608621e432371f6cf59b012c
[ERROR]2021-04-26 10:14:00,640: raise alarm obj=AGV30, typeId=49997, desc=小车置信度小于最低阈值,当前值:0.7462068957887249, id=608621e832371f6cf59b013a
[WARNING]2021-04-26 10:14:01,749: clear alarm obj=AGV30, typeId=49997, id=608621e832371f6cf59b013a
[ERROR]2021-04-26 10:14:02,698: raise alarm obj=AGV30, typeId=49997, desc=小车置信度小于最低阈值,当前值:0.7274377224199289, id=608621ea32371f6cf59b0143
[WARNING]2021-04-26 10:14:09,592: clear alarm obj=AGV30, typeId=49997, id=608621ea32371f6cf59b0143
[ERROR]2021-04-26 10:14:10,272: raise alarm obj=AGV30, typeId=49997, desc=小车置信度小于最低阈值,当前值:0.7386761226231762, id=608621f232371f6cf59b0154
[WARNING]2021-04-26 10:14:14,191: clear alarm obj=AGV30, typeId=49997, id=608621f232371f6cf59b0154
[ERROR]2021-04-26 10:14:15,115: raise alarm obj=AGV30, typeId=49997, desc=小车置信度小于最低阈值,当前值:0.7376617317399049, id=608621f732371f6cf59b0160
[INFO]2021-04-26 10:14:17,848: user press gohome AGV30 button
[DEBUG]2021-04-26 10:14:17,927: lock:  AGV30 taskId force_home_1 app gohomeforce
[WARNING]2021-04-26 10:14:19,100: AGV30 clear task finish, cur= meiwei423.7 task_status= 5
[INFO]2021-04-26 10:14:19,163: AGV30 gohome force_home_1 force True taskId force_home_1 : AGV30.7 -> meiwei423.9
[INFO]2021-04-26 10:14:20,136: Begin: AGV30 move from meiwei423.7 to meiwei423.9 by paths: [('meiwei423', ['7', '9'], 3.87438880919504)] task: force_home_1 timeout 7200 used 862 ms
[INFO]2021-04-26 10:14:20,247: user press gohome AGV30 button
[INFO]2021-04-26 10:14:20,327: AGV30 is in goHome task
[DEBUG]2021-04-26 10:14:22,126: agvInfo: AGV30 meiwei423.7 move to meiwei423.9 ,taskId force_home_1
[INFO]2021-04-26 10:14:22,189: 
[INFO]2021-04-26 10:14:22,301: goTarget {'id': '9', 'ignoreAngle': False}
[WARNING]2021-04-26 10:14:22,872: clear alarm obj=AGV30, typeId=49997, id=608621f732371f6cf59b0160
[WARNING]2021-04-26 10:14:23,505: AGV30 waitFinish: loc is diff 7 9 task_status= 2
[ERROR]2021-04-26 10:14:23,572: raise alarm obj=AGV30, typeId=49997, desc=小车置信度小于最低阈值,当前值:0.7480344189120774, id=608621ff32371f6cf59b016f
[WARNING]2021-04-26 10:14:24,124: AGV30 waitFinish: loc is diff 7 9 task_status= 2
[WARNING]2021-04-26 10:14:24,569: clear alarm obj=AGV30, typeId=49997, id=608621ff32371f6cf59b016f
[WARNING]2021-04-26 10:14:24,760: AGV30 waitFinish: loc is diff 7 9 task_status= 2
[WARNING]2021-04-26 10:14:25,365: AGV30 waitFinish: loc is diff 7 9 task_status= 2
[WARNING]2021-04-26 10:14:25,999: AGV30 waitFinish: loc is diff 7 9 task_status= 2
[WARNING]2021-04-26 10:14:26,636: AGV30 waitFinish: loc is diff 7 9 task_status= 2
[WARNING]2021-04-26 10:14:27,226: AGV30 waitFinish: loc is diff 7 9 task_status= 2
[WARNING]2021-04-26 10:14:27,846: AGV30 waitFinish: loc is diff 7 9 task_status= 2
[WARNING]2021-04-26 10:14:28,417: AGV30 waitFinish: loc is diff 7 9 task_status= 2
[WARNING]2021-04-26 10:14:28,953: AGV30 waitFinish: loc is diff 7 9 task_status= 2
[WARNING]2021-04-26 10:14:29,507: AGV30 waitFinish: loc is diff 7 9 task_status= 2
[WARNING]2021-04-26 10:14:30,094: AGV30 waitFinish: loc is diff 7 9 task_status= 2
[WARNING]2021-04-26 10:14:30,715: AGV30 waitFinish: loc is diff 7 9 task_status= 2
[WARNING]2021-04-26 10:14:31,425: AGV30 waitFinish: loc is diff 7 9 task_status= 2
[WARNING]2021-04-26 10:14:32,044: AGV30 waitFinish: loc is diff 7 9 task_status= 2
[WARNING]2021-04-26 10:14:32,619: AGV30 waitFinish: loc is diff 7 9 task_status= 2
[WARNING]2021-04-26 10:14:33,207: AGV30 waitFinish: loc is diff 7 9 task_status= 2
[WARNING]2021-04-26 10:14:33,837: AGV30 waitFinish: loc is diff 7 9 task_status= 2
[WARNING]2021-04-26 10:14:34,424: AGV30 waitFinish: loc is diff 7 9 task_status= 2
[WARNING]2021-04-26 10:14:35,040: AGV30 waitFinish: loc is diff 7 9 task_status= 2
[WARNING]2021-04-26 10:14:35,690: AGV30 waitFinish: loc is diff 7 9 task_status= 2
[WARNING]2021-04-26 10:14:36,264: AGV30 waitFinish: loc is diff 7 9 task_status= 2
[WARNING]2021-04-26 10:14:36,884: AGV30 waitFinish: loc is diff 7 9 task_status= 2
[WARNING]2021-04-26 10:14:37,488: AGV30 waitFinish: loc is diff 7 9 task_status= 2
[WARNING]2021-04-26 10:14:38,140: AGV30 waitFinish: loc is diff 7 9 task_status= 2
[WARNING]2021-04-26 10:14:38,729: AGV30 waitFinish: loc is diff 7 9 task_status= 2
[DEBUG]2021-04-26 10:14:39,333: AGV30 set loc meiwei423.9 ,old 7 (27.29,0.86)
[WARNING]2021-04-26 10:14:39,334: AGV30 waitFinish: loc is diff 7 9 task_status= 2
[WARNING]2021-04-26 10:14:42,148: AGV30 clearTask: reset lockTaskId force_home_1 app gohomeforce
[SUCC]2021-04-26 10:14:43,300: Finish:  AGV30 arrived meiwei423.9 ,task: force_home_1
[DEBUG]2021-04-26 10:14:43,332: unlock: AGV30 taskId None app gohomeforce force False
[INFO]2021-04-26 10:15:28,601: AGV30 require control
[INFO]2021-04-26 10:17:38,882: AGV30 require control
[INFO]2021-04-26 10:19:48,795: AGV30 require control
[ERROR]2021-04-26 10:21:27,067: process exited, living 0:12:29.703790 seconds
[INFO]2021-04-26 10:21:37,017: name=worker 9, pid=11840, tid=17936
[01] File "E:/Users/Administrator/AppData/Local/Programs/Python/Python38/lib/threading.py", line 870, in run() 
[02] File "E:/Users/Administrator/AppData/Local/Programs/Python/Python38/lib/site-packages/paste/httpserver.py", line 891, in worker_thread_callback() 
[03] File "E:/Users/Administrator/AppData/Local/Programs/Python/Python38/lib/queue.py", line 170, in get() 
[04] File "E:/Users/Administrator/AppData/Local/Programs/Python/Python38/lib/threading.py", line 302, in wait() 

name=worker 8, pid=11840, tid=696
[01] File "E:/Users/Administrator/AppData/Local/Programs/Python/Python38/lib/threading.py", line 870, in run() 
[02] File "E:/Users/Administrator/AppData/Local/Programs/Python/Python38/lib/site-packages/paste/httpserver.py", line 891, in worker_thread_callback() 
[03] File "E:/Users/Administrator/AppData/Local/Programs/Python/Python38/lib/queue.py", line 170, in get() 
[04] File "E:/Users/Administrator/AppData/Local/Programs/Python/Python38/lib/threading.py", line 302, in wait() 

name=worker 7, pid=11840, tid=13708
[01] File "E:/Users/Administrator/AppData/Local/Programs/Python/Python38/lib/threading.py", line 870, in run() 
[02] File "E:/Users/Administrator/AppData/Local/Programs/Python/Python38/lib/site-packages/paste/httpserver.py", line 891, in worker_thread_callback() 
[03] File "E:/Users/Administrator/AppData/Local/Programs/Python/Python38/lib/queue.py", line 170, in get() 
[04] File "E:/Users/Administrator/AppData/Local/Programs/Python/Python38/lib/threading.py", line 302, in wait() 

name=worker 6, pid=11840, tid=18220
[01] File "E:/Users/Administrator/AppData/Local/Programs/Python/Python38/lib/threading.py", line 870, in run() 
[02] File "E:/Users/Administrator/AppData/Local/Programs/Python/Python38/lib/site-packages/paste/httpserver.py", line 891, in worker_thread_callback() 
[03] File "E:/Users/Administrator/AppData/Local/Programs/Python/Python38/lib/queue.py", line 170, in get() 
[04] File "E:/Users/Administrator/AppData/Local/Programs/Python/Python38/lib/threading.py", line 302, in wait() 

name=worker 5, pid=11840, tid=12968
[01] File "E:/Users/Administrator/AppData/Local/Programs/Python/Python38/lib/threading.py", line 870, in run() 
[02] File "E:/Users/Administrator/AppData/Local/Programs/Python/Python38/lib/site-packages/paste/httpserver.py", line 891, in worker_thread_callback() 
[03] File "E:/Users/Administrator/AppData/Local/Programs/Python/Python38/lib/queue.py", line 170, in get() 
[04] File "E:/Users/Administrator/AppData/Local/Programs/Python/Python38/lib/threading.py", line 302, in wait() 

name=worker 4, pid=11840, tid=3396
[01] File "E:/Users/Administrator/AppData/Local/Programs/Python/Python38/lib/threading.py", line 870, in run() 
[02] File "E:/Users/Administrator/AppData/Local/Programs/Python/Python38/lib/site-packages/paste/httpserver.py", line 891, in worker_thread_callback() 
[03] File "E:/Users/Administrator/AppData/Local/Programs/Python/Python38/lib/queue.py", line 170, in get() 
[04] File "E:/Users/Administrator/AppData/Local/Programs/Python/Python38/lib/threading.py", line 302, in wait() 

name=worker 3, pid=11840, tid=9896
[01] File "E:/Users/Administrator/AppData/Local/Programs/Python/Python38/lib/threading.py", line 870, in run() 
[02] File "E:/Users/Administrator/AppData/Local/Programs/Python/Python38/lib/site-packages/paste/httpserver.py", line 891, in worker_thread_callback() 
[03] File "E:/Users/Administrator/AppData/Local/Programs/Python/Python38/lib/queue.py", line 170, in get() 
[04] File "E:/Users/Administrator/AppData/Local/Programs/Python/Python38/lib/threading.py", line 302, in wait() 

name=worker 2, pid=11840, tid=5520
[01] File "E:/Users/Administrator/AppData/Local/Programs/Python/Python38/lib/threading.py", line 870, in run() 
[02] File "E:/Users/Administrator/AppData/Local/Programs/Python/Python38/lib/site-packages/paste/httpserver.py", line 891, in worker_thread_callback() 
[03] File "E:/Users/Administrator/AppData/Local/Programs/Python/Python38/lib/queue.py", line 170, in get() 
[04] File "E:/Users/Administrator/AppData/Local/Programs/Python/Python38/lib/threading.py", line 302, in wait() 

name=worker 1, pid=11840, tid=2524
[01] File "E:/Users/Administrator/AppData/Local/Programs/Python/Python38/lib/threading.py", line 870, in run() 
[02] File "E:/Users/Administrator/AppData/Local/Programs/Python/Python38/lib/site-packages/paste/httpserver.py", line 891, in worker_thread_callback() 
[03] File "E:/Users/Administrator/AppData/Local/Programs/Python/Python38/lib/queue.py", line 170, in get() 
[04] File "E:/Users/Administrator/AppData/Local/Programs/Python/Python38/lib/threading.py", line 302, in wait() 

name=worker 0, pid=11840, tid=8480
[01] File "E:/Users/Administrator/AppData/Local/Programs/Python/Python38/lib/threading.py", line 870, in run() 
[02] File "E:/Users/Administrator/AppData/Local/Programs/Python/Python38/lib/site-packages/paste/httpserver.py", line 891, in worker_thread_callback() 
[03] File "E:/Users/Administrator/AppData/Local/Programs/Python/Python38/lib/queue.py", line 170, in get() 
[04] File "E:/Users/Administrator/AppData/Local/Programs/Python/Python38/lib/threading.py", line 302, in wait() 

name=pymongo_kill_cursors_thread, pid=11840, tid=16320
[01] File "E:/Users/Administrator/AppData/Local/Programs/Python/Python38/lib/threading.py", line 870, in run() 
[02] File "E:/Users/Administrator/AppData/Local/Programs/Python/Python38/lib/site-packages/pymongo/periodic_executor.py", line 140, in _run() 

name=pymongo_server_monitor_thread, pid=11840, tid=17456
[01] File "E:/Users/Administrator/AppData/Local/Programs/Python/Python38/lib/threading.py", line 870, in run() 
[02] File "E:/Users/Administrator/AppData/Local/Programs/Python/Python38/lib/site-packages/pymongo/periodic_executor.py", line 140, in _run() 

name=tcplisten.port_6789, pid=11840, tid=15444
[01] File "E:/Users/Administrator/AppData/Local/Programs/Python/Python38/lib/threading.py", line 870, in run() 
[02] File "E:/projects_by_myself/backup/MeiWei_back_0421/common/tcpSocket.py", line 65, in _acceptThread() 
[03] File "E:/Users/Administrator/AppData/Local/Programs/Python/Python38/lib/socket.py", line 292, in accept() 

name=MainThread, pid=11840, tid=11212
[01] File "run_all.py", line 60, in <module>() 
[02] File "E:/projects_by_myself/backup/MeiWei_back_0421/common/webutility.py", line 321, in run() 
[03] File "E:/Users/Administrator/AppData/Local/Programs/Python/Python38/lib/site-packages/bottle.py", line 3137, in run() 
[04] File "E:/Users/Administrator/AppData/Local/Programs/Python/Python38/lib/site-packages/bottle.py", line 2829, in run() 
[05] File "E:/Users/Administrator/AppData/Local/Programs/Python/Python38/lib/site-packages/paste/httpserver.py", line 1361, in serve() 
[06] File "E:/Users/Administrator/AppData/Local/Programs/Python/Python38/lib/site-packages/paste/httpserver.py", line 1107, in serve_forever() 
[07] File "E:/Users/Administrator/AppData/Local/Programs/Python/Python38/lib/socketserver.py", line 294, in handle_request() 
[08] File "E:/Users/Administrator/AppData/Local/Programs/Python/Python38/lib/selectors.py", line 323, in select() 
[09] File "E:/Users/Administrator/AppData/Local/Programs/Python/Python38/lib/selectors.py", line 314, in _select() 
[10] File "../common/utility.py", line 598, in exit() 
[11] File "E:/projects_by_myself/backup/MeiWei_back_0421/common/enhance.py", line 256, in getTrace() 
[12] File "E:/projects_by_myself/backup/MeiWei_back_0421/common/enhance.py", line 240, in getThreadStack()
[INFO]2021-04-26 10:21:37,027: lock info: count 0

try lock info: count 0
[ERROR]2021-04-26 10:21:37,030: user press Ctrl+C, print thread stack
[INFO]2021-04-26 10:21:38,055: name=worker 9, pid=11840, tid=17936
[01] File "E:/Users/Administrator/AppData/Local/Programs/Python/Python38/lib/threading.py", line 870, in run() 
[02] File "E:/Users/Administrator/AppData/Local/Programs/Python/Python38/lib/site-packages/paste/httpserver.py", line 891, in worker_thread_callback() 
[03] File "E:/Users/Administrator/AppData/Local/Programs/Python/Python38/lib/queue.py", line 170, in get() 
[04] File "E:/Users/Administrator/AppData/Local/Programs/Python/Python38/lib/threading.py", line 302, in wait() 

name=worker 8, pid=11840, tid=696
[01] File "E:/Users/Administrator/AppData/Local/Programs/Python/Python38/lib/threading.py", line 870, in run() 
[02] File "E:/Users/Administrator/AppData/Local/Programs/Python/Python38/lib/site-packages/paste/httpserver.py", line 891, in worker_thread_callback() 
[03] File "E:/Users/Administrator/AppData/Local/Programs/Python/Python38/lib/queue.py", line 170, in get() 
[04] File "E:/Users/Administrator/AppData/Local/Programs/Python/Python38/lib/threading.py", line 302, in wait() 

name=worker 7, pid=11840, tid=13708
[01] File "E:/Users/Administrator/AppData/Local/Programs/Python/Python38/lib/threading.py", line 870, in run() 
[02] File "E:/Users/Administrator/AppData/Local/Programs/Python/Python38/lib/site-packages/paste/httpserver.py", line 891, in worker_thread_callback() 
[03] File "E:/Users/Administrator/AppData/Local/Programs/Python/Python38/lib/queue.py", line 170, in get() 
[04] File "E:/Users/Administrator/AppData/Local/Programs/Python/Python38/lib/threading.py", line 302, in wait() 

name=worker 6, pid=11840, tid=18220
[01] File "E:/Users/Administrator/AppData/Local/Programs/Python/Python38/lib/threading.py", line 870, in run() 
[02] File "E:/Users/Administrator/AppData/Local/Programs/Python/Python38/lib/site-packages/paste/httpserver.py", line 891, in worker_thread_callback() 
[03] File "E:/Users/Administrator/AppData/Local/Programs/Python/Python38/lib/queue.py", line 170, in get() 
[04] File "E:/Users/Administrator/AppData/Local/Programs/Python/Python38/lib/threading.py", line 302, in wait() 

name=worker 5, pid=11840, tid=12968
[01] File "E:/Users/Administrator/AppData/Local/Programs/Python/Python38/lib/threading.py", line 870, in run() 
[02] File "E:/Users/Administrator/AppData/Local/Programs/Python/Python38/lib/site-packages/paste/httpserver.py", line 891, in worker_thread_callback() 
[03] File "E:/Users/Administrator/AppData/Local/Programs/Python/Python38/lib/queue.py", line 170, in get() 
[04] File "E:/Users/Administrator/AppData/Local/Programs/Python/Python38/lib/threading.py", line 302, in wait() 

name=worker 4, pid=11840, tid=3396
[01] File "E:/Users/Administrator/AppData/Local/Programs/Python/Python38/lib/threading.py", line 870, in run() 
[02] File "E:/Users/Administrator/AppData/Local/Programs/Python/Python38/lib/site-packages/paste/httpserver.py", line 891, in worker_thread_callback() 
[03] File "E:/Users/Administrator/AppData/Local/Programs/Python/Python38/lib/queue.py", line 170, in get() 
[04] File "E:/Users/Administrator/AppData/Local/Programs/Python/Python38/lib/threading.py", line 302, in wait() 

name=worker 3, pid=11840, tid=9896
[01] File "E:/Users/Administrator/AppData/Local/Programs/Python/Python38/lib/threading.py", line 870, in run() 
[02] File "E:/Users/Administrator/AppData/Local/Programs/Python/Python38/lib/site-packages/paste/httpserver.py", line 891, in worker_thread_callback() 
[03] File "E:/Users/Administrator/AppData/Local/Programs/Python/Python38/lib/queue.py", line 170, in get() 
[04] File "E:/Users/Administrator/AppData/Local/Programs/Python/Python38/lib/threading.py", line 302, in wait() 

name=worker 2, pid=11840, tid=5520
[01] File "E:/Users/Administrator/AppData/Local/Programs/Python/Python38/lib/threading.py", line 870, in run() 
[02] File "E:/Users/Administrator/AppData/Local/Programs/Python/Python38/lib/site-packages/paste/httpserver.py", line 891, in worker_thread_callback() 
[03] File "E:/Users/Administrator/AppData/Local/Programs/Python/Python38/lib/queue.py", line 170, in get() 
[04] File "E:/Users/Administrator/AppData/Local/Programs/Python/Python38/lib/threading.py", line 302, in wait() 

name=worker 1, pid=11840, tid=2524
[01] File "E:/Users/Administrator/AppData/Local/Programs/Python/Python38/lib/threading.py", line 870, in run() 
[02] File "E:/Users/Administrator/AppData/Local/Programs/Python/Python38/lib/site-packages/paste/httpserver.py", line 891, in worker_thread_callback() 
[03] File "E:/Users/Administrator/AppData/Local/Programs/Python/Python38/lib/queue.py", line 170, in get() 
[04] File "E:/Users/Administrator/AppData/Local/Programs/Python/Python38/lib/threading.py", line 302, in wait() 

name=worker 0, pid=11840, tid=8480
[01] File "E:/Users/Administrator/AppData/Local/Programs/Python/Python38/lib/threading.py", line 870, in run() 
[02] File "E:/Users/Administrator/AppData/Local/Programs/Python/Python38/lib/site-packages/paste/httpserver.py", line 891, in worker_thread_callback() 
[03] File "E:/Users/Administrator/AppData/Local/Programs/Python/Python38/lib/queue.py", line 170, in get() 
[04] File "E:/Users/Administrator/AppData/Local/Programs/Python/Python38/lib/threading.py", line 302, in wait() 

name=pymongo_kill_cursors_thread, pid=11840, tid=16320
[01] File "E:/Users/Administrator/AppData/Local/Programs/Python/Python38/lib/threading.py", line 870, in run() 
[02] File "E:/Users/Administrator/AppData/Local/Programs/Python/Python38/lib/site-packages/pymongo/periodic_executor.py", line 140, in _run() 

name=pymongo_server_monitor_thread, pid=11840, tid=17456
[01] File "E:/Users/Administrator/AppData/Local/Programs/Python/Python38/lib/threading.py", line 870, in run() 
[02] File "E:/Users/Administrator/AppData/Local/Programs/Python/Python38/lib/site-packages/pymongo/periodic_executor.py", line 140, in _run() 

name=tcplisten.port_6789, pid=11840, tid=15444
[01] File "E:/Users/Administrator/AppData/Local/Programs/Python/Python38/lib/threading.py", line 870, in run() 
[02] File "E:/projects_by_myself/backup/MeiWei_back_0421/common/tcpSocket.py", line 65, in _acceptThread() 
[03] File "E:/Users/Administrator/AppData/Local/Programs/Python/Python38/lib/socket.py", line 292, in accept() 

name=MainThread, pid=11840, tid=11212
[01] File "run_all.py", line 60, in <module>() 
[02] File "E:/projects_by_myself/backup/MeiWei_back_0421/common/webutility.py", line 321, in run() 
[03] File "E:/Users/Administrator/AppData/Local/Programs/Python/Python38/lib/site-packages/bottle.py", line 3137, in run() 
[04] File "E:/Users/Administrator/AppData/Local/Programs/Python/Python38/lib/site-packages/bottle.py", line 2829, in run() 
[05] File "E:/Users/Administrator/AppData/Local/Programs/Python/Python38/lib/site-packages/paste/httpserver.py", line 1361, in serve() 
[06] File "E:/Users/Administrator/AppData/Local/Programs/Python/Python38/lib/site-packages/paste/httpserver.py", line 1107, in serve_forever() 
[07] File "E:/Users/Administrator/AppData/Local/Programs/Python/Python38/lib/socketserver.py", line 294, in handle_request() 
[08] File "E:/Users/Administrator/AppData/Local/Programs/Python/Python38/lib/selectors.py", line 323, in select() 
[09] File "E:/Users/Administrator/AppData/Local/Programs/Python/Python38/lib/selectors.py", line 314, in _select() 
[10] File "../common/utility.py", line 598, in exit() 
[11] File "E:/projects_by_myself/backup/MeiWei_back_0421/common/enhance.py", line 256, in getTrace() 
[12] File "E:/projects_by_myself/backup/MeiWei_back_0421/common/enhance.py", line 240, in getThreadStack()
[INFO]2021-04-26 10:21:38,065: lock info: count 0

try lock info: count 0
[ERROR]2021-04-26 10:21:38,075: user press Ctrl+C, print thread stack
[INFO]2021-04-26 10:21:39,097: name=worker 9, pid=11840, tid=17936
[01] File "E:/Users/Administrator/AppData/Local/Programs/Python/Python38/lib/threading.py", line 870, in run() 
[02] File "E:/Users/Administrator/AppData/Local/Programs/Python/Python38/lib/site-packages/paste/httpserver.py", line 891, in worker_thread_callback() 
[03] File "E:/Users/Administrator/AppData/Local/Programs/Python/Python38/lib/queue.py", line 170, in get() 
[04] File "E:/Users/Administrator/AppData/Local/Programs/Python/Python38/lib/threading.py", line 302, in wait() 

name=worker 8, pid=11840, tid=696
[01] File "E:/Users/Administrator/AppData/Local/Programs/Python/Python38/lib/threading.py", line 870, in run() 
[02] File "E:/Users/Administrator/AppData/Local/Programs/Python/Python38/lib/site-packages/paste/httpserver.py", line 891, in worker_thread_callback() 
[03] File "E:/Users/Administrator/AppData/Local/Programs/Python/Python38/lib/queue.py", line 170, in get() 
[04] File "E:/Users/Administrator/AppData/Local/Programs/Python/Python38/lib/threading.py", line 302, in wait() 

name=worker 7, pid=11840, tid=13708
[01] File "E:/Users/Administrator/AppData/Local/Programs/Python/Python38/lib/threading.py", line 870, in run() 
[02] File "E:/Users/Administrator/AppData/Local/Programs/Python/Python38/lib/site-packages/paste/httpserver.py", line 891, in worker_thread_callback() 
[03] File "E:/Users/Administrator/AppData/Local/Programs/Python/Python38/lib/queue.py", line 170, in get() 
[04] File "E:/Users/Administrator/AppData/Local/Programs/Python/Python38/lib/threading.py", line 302, in wait() 

name=worker 6, pid=11840, tid=18220
[01] File "E:/Users/Administrator/AppData/Local/Programs/Python/Python38/lib/threading.py", line 870, in run() 
[02] File "E:/Users/Administrator/AppData/Local/Programs/Python/Python38/lib/site-packages/paste/httpserver.py", line 891, in worker_thread_callback() 
[03] File "E:/Users/Administrator/AppData/Local/Programs/Python/Python38/lib/queue.py", line 170, in get() 
[04] File "E:/Users/Administrator/AppData/Local/Programs/Python/Python38/lib/threading.py", line 302, in wait() 

name=worker 5, pid=11840, tid=12968
[01] File "E:/Users/Administrator/AppData/Local/Programs/Python/Python38/lib/threading.py", line 870, in run() 
[02] File "E:/Users/Administrator/AppData/Local/Programs/Python/Python38/lib/site-packages/paste/httpserver.py", line 891, in worker_thread_callback() 
[03] File "E:/Users/Administrator/AppData/Local/Programs/Python/Python38/lib/queue.py", line 170, in get() 
[04] File "E:/Users/Administrator/AppData/Local/Programs/Python/Python38/lib/threading.py", line 302, in wait() 

name=worker 4, pid=11840, tid=3396
[01] File "E:/Users/Administrator/AppData/Local/Programs/Python/Python38/lib/threading.py", line 870, in run() 
[02] File "E:/Users/Administrator/AppData/Local/Programs/Python/Python38/lib/site-packages/paste/httpserver.py", line 891, in worker_thread_callback() 
[03] File "E:/Users/Administrator/AppData/Local/Programs/Python/Python38/lib/queue.py", line 170, in get() 
[04] File "E:/Users/Administrator/AppData/Local/Programs/Python/Python38/lib/threading.py", line 302, in wait() 

name=worker 3, pid=11840, tid=9896
[01] File "E:/Users/Administrator/AppData/Local/Programs/Python/Python38/lib/threading.py", line 870, in run() 
[02] File "E:/Users/Administrator/AppData/Local/Programs/Python/Python38/lib/site-packages/paste/httpserver.py", line 891, in worker_thread_callback() 
[03] File "E:/Users/Administrator/AppData/Local/Programs/Python/Python38/lib/queue.py", line 170, in get() 
[04] File "E:/Users/Administrator/AppData/Local/Programs/Python/Python38/lib/threading.py", line 302, in wait() 

name=worker 2, pid=11840, tid=5520
[01] File "E:/Users/Administrator/AppData/Local/Programs/Python/Python38/lib/threading.py", line 870, in run() 
[02] File "E:/Users/Administrator/AppData/Local/Programs/Python/Python38/lib/site-packages/paste/httpserver.py", line 891, in worker_thread_callback() 
[03] File "E:/Users/Administrator/AppData/Local/Programs/Python/Python38/lib/queue.py", line 170, in get() 
[04] File "E:/Users/Administrator/AppData/Local/Programs/Python/Python38/lib/threading.py", line 302, in wait() 

name=worker 1, pid=11840, tid=2524
[01] File "E:/Users/Administrator/AppData/Local/Programs/Python/Python38/lib/threading.py", line 870, in run() 
[02] File "E:/Users/Administrator/AppData/Local/Programs/Python/Python38/lib/site-packages/paste/httpserver.py", line 891, in worker_thread_callback() 
[03] File "E:/Users/Administrator/AppData/Local/Programs/Python/Python38/lib/queue.py", line 170, in get() 
[04] File "E:/Users/Administrator/AppData/Local/Programs/Python/Python38/lib/threading.py", line 302, in wait() 

name=worker 0, pid=11840, tid=8480
[01] File "E:/Users/Administrator/AppData/Local/Programs/Python/Python38/lib/threading.py", line 870, in run() 
[02] File "E:/Users/Administrator/AppData/Local/Programs/Python/Python38/lib/site-packages/paste/httpserver.py", line 891, in worker_thread_callback() 
[03] File "E:/Users/Administrator/AppData/Local/Programs/Python/Python38/lib/queue.py", line 170, in get() 
[04] File "E:/Users/Administrator/AppData/Local/Programs/Python/Python38/lib/threading.py", line 302, in wait() 

name=pymongo_kill_cursors_thread, pid=11840, tid=16320
[01] File "E:/Users/Administrator/AppData/Local/Programs/Python/Python38/lib/threading.py", line 870, in run() 
[02] File "E:/Users/Administrator/AppData/Local/Programs/Python/Python38/lib/site-packages/pymongo/periodic_executor.py", line 140, in _run() 

name=pymongo_server_monitor_thread, pid=11840, tid=17456
[01] File "E:/Users/Administrator/AppData/Local/Programs/Python/Python38/lib/threading.py", line 870, in run() 
[02] File "E:/Users/Administrator/AppData/Local/Programs/Python/Python38/lib/site-packages/pymongo/periodic_executor.py", line 140, in _run() 

name=tcplisten.port_6789, pid=11840, tid=15444
[01] File "E:/Users/Administrator/AppData/Local/Programs/Python/Python38/lib/threading.py", line 870, in run() 
[02] File "E:/projects_by_myself/backup/MeiWei_back_0421/common/tcpSocket.py", line 65, in _acceptThread() 
[03] File "E:/Users/Administrator/AppData/Local/Programs/Python/Python38/lib/socket.py", line 292, in accept() 

name=MainThread, pid=11840, tid=11212
[01] File "run_all.py", line 60, in <module>() 
[02] File "E:/projects_by_myself/backup/MeiWei_back_0421/common/webutility.py", line 321, in run() 
[03] File "E:/Users/Administrator/AppData/Local/Programs/Python/Python38/lib/site-packages/bottle.py", line 3137, in run() 
[04] File "E:/Users/Administrator/AppData/Local/Programs/Python/Python38/lib/site-packages/bottle.py", line 2829, in run() 
[05] File "E:/Users/Administrator/AppData/Local/Programs/Python/Python38/lib/site-packages/paste/httpserver.py", line 1361, in serve() 
[06] File "E:/Users/Administrator/AppData/Local/Programs/Python/Python38/lib/site-packages/paste/httpserver.py", line 1107, in serve_forever() 
[07] File "E:/Users/Administrator/AppData/Local/Programs/Python/Python38/lib/socketserver.py", line 294, in handle_request() 
[08] File "E:/Users/Administrator/AppData/Local/Programs/Python/Python38/lib/selectors.py", line 323, in select() 
[09] File "E:/Users/Administrator/AppData/Local/Programs/Python/Python38/lib/selectors.py", line 314, in _select() 
[10] File "../common/utility.py", line 598, in exit() 
[11] File "E:/projects_by_myself/backup/MeiWei_back_0421/common/enhance.py", line 256, in getTrace() 
[12] File "E:/projects_by_myself/backup/MeiWei_back_0421/common/enhance.py", line 240, in getThreadStack()
[INFO]2021-04-26 10:21:39,108: lock info: count 0

try lock info: count 0
[ERROR]2021-04-26 10:21:39,114: user press Ctrl+C, print thread stack
[INFO]2021-04-26 10:21:40,138: name=worker 9, pid=11840, tid=17936
[01] File "E:/Users/Administrator/AppData/Local/Programs/Python/Python38/lib/threading.py", line 870, in run() 
[02] File "E:/Users/Administrator/AppData/Local/Programs/Python/Python38/lib/site-packages/paste/httpserver.py", line 891, in worker_thread_callback() 
[03] File "E:/Users/Administrator/AppData/Local/Programs/Python/Python38/lib/queue.py", line 170, in get() 
[04] File "E:/Users/Administrator/AppData/Local/Programs/Python/Python38/lib/threading.py", line 302, in wait() 

name=worker 8, pid=11840, tid=696
[01] File "E:/Users/Administrator/AppData/Local/Programs/Python/Python38/lib/threading.py", line 870, in run() 
[02] File "E:/Users/Administrator/AppData/Local/Programs/Python/Python38/lib/site-packages/paste/httpserver.py", line 891, in worker_thread_callback() 
[03] File "E:/Users/Administrator/AppData/Local/Programs/Python/Python38/lib/queue.py", line 170, in get() 
[04] File "E:/Users/Administrator/AppData/Local/Programs/Python/Python38/lib/threading.py", line 302, in wait() 

name=worker 7, pid=11840, tid=13708
[01] File "E:/Users/Administrator/AppData/Local/Programs/Python/Python38/lib/threading.py", line 870, in run() 
[02] File "E:/Users/Administrator/AppData/Local/Programs/Python/Python38/lib/site-packages/paste/httpserver.py", line 891, in worker_thread_callback() 
[03] File "E:/Users/Administrator/AppData/Local/Programs/Python/Python38/lib/queue.py", line 170, in get() 
[04] File "E:/Users/Administrator/AppData/Local/Programs/Python/Python38/lib/threading.py", line 302, in wait() 

name=worker 6, pid=11840, tid=18220
[01] File "E:/Users/Administrator/AppData/Local/Programs/Python/Python38/lib/threading.py", line 870, in run() 
[02] File "E:/Users/Administrator/AppData/Local/Programs/Python/Python38/lib/site-packages/paste/httpserver.py", line 891, in worker_thread_callback() 
[03] File "E:/Users/Administrator/AppData/Local/Programs/Python/Python38/lib/queue.py", line 170, in get() 
[04] File "E:/Users/Administrator/AppData/Local/Programs/Python/Python38/lib/threading.py", line 302, in wait() 

name=worker 5, pid=11840, tid=12968
[01] File "E:/Users/Administrator/AppData/Local/Programs/Python/Python38/lib/threading.py", line 870, in run() 
[02] File "E:/Users/Administrator/AppData/Local/Programs/Python/Python38/lib/site-packages/paste/httpserver.py", line 891, in worker_thread_callback() 
[03] File "E:/Users/Administrator/AppData/Local/Programs/Python/Python38/lib/queue.py", line 170, in get() 
[04] File "E:/Users/Administrator/AppData/Local/Programs/Python/Python38/lib/threading.py", line 302, in wait() 

name=worker 4, pid=11840, tid=3396
[01] File "E:/Users/Administrator/AppData/Local/Programs/Python/Python38/lib/threading.py", line 870, in run() 
[02] File "E:/Users/Administrator/AppData/Local/Programs/Python/Python38/lib/site-packages/paste/httpserver.py", line 891, in worker_thread_callback() 
[03] File "E:/Users/Administrator/AppData/Local/Programs/Python/Python38/lib/queue.py", line 170, in get() 
[04] File "E:/Users/Administrator/AppData/Local/Programs/Python/Python38/lib/threading.py", line 302, in wait() 

name=worker 3, pid=11840, tid=9896
[01] File "E:/Users/Administrator/AppData/Local/Programs/Python/Python38/lib/threading.py", line 870, in run() 
[02] File "E:/Users/Administrator/AppData/Local/Programs/Python/Python38/lib/site-packages/paste/httpserver.py", line 891, in worker_thread_callback() 
[03] File "E:/Users/Administrator/AppData/Local/Programs/Python/Python38/lib/queue.py", line 170, in get() 
[04] File "E:/Users/Administrator/AppData/Local/Programs/Python/Python38/lib/threading.py", line 302, in wait() 

name=worker 2, pid=11840, tid=5520
[01] File "E:/Users/Administrator/AppData/Local/Programs/Python/Python38/lib/threading.py", line 870, in run() 
[02] File "E:/Users/Administrator/AppData/Local/Programs/Python/Python38/lib/site-packages/paste/httpserver.py", line 891, in worker_thread_callback() 
[03] File "E:/Users/Administrator/AppData/Local/Programs/Python/Python38/lib/queue.py", line 170, in get() 
[04] File "E:/Users/Administrator/AppData/Local/Programs/Python/Python38/lib/threading.py", line 302, in wait() 

name=worker 1, pid=11840, tid=2524
[01] File "E:/Users/Administrator/AppData/Local/Programs/Python/Python38/lib/threading.py", line 870, in run() 
[02] File "E:/Users/Administrator/AppData/Local/Programs/Python/Python38/lib/site-packages/paste/httpserver.py", line 891, in worker_thread_callback() 
[03] File "E:/Users/Administrator/AppData/Local/Programs/Python/Python38/lib/queue.py", line 170, in get() 
[04] File "E:/Users/Administrator/AppData/Local/Programs/Python/Python38/lib/threading.py", line 302, in wait() 

name=worker 0, pid=11840, tid=8480
[01] File "E:/Users/Administrator/AppData/Local/Programs/Python/Python38/lib/threading.py", line 870, in run() 
[02] File "E:/Users/Administrator/AppData/Local/Programs/Python/Python38/lib/site-packages/paste/httpserver.py", line 891, in worker_thread_callback() 
[03] File "E:/Users/Administrator/AppData/Local/Programs/Python/Python38/lib/queue.py", line 170, in get() 
[04] File "E:/Users/Administrator/AppData/Local/Programs/Python/Python38/lib/threading.py", line 302, in wait() 

name=pymongo_kill_cursors_thread, pid=11840, tid=16320
[01] File "E:/Users/Administrator/AppData/Local/Programs/Python/Python38/lib/threading.py", line 870, in run() 
[02] File "E:/Users/Administrator/AppData/Local/Programs/Python/Python38/lib/site-packages/pymongo/periodic_executor.py", line 140, in _run() 

name=pymongo_server_monitor_thread, pid=11840, tid=17456
[01] File "E:/Users/Administrator/AppData/Local/Programs/Python/Python38/lib/threading.py", line 870, in run() 
[02] File "E:/Users/Administrator/AppData/Local/Programs/Python/Python38/lib/site-packages/pymongo/periodic_executor.py", line 140, in _run() 

name=tcplisten.port_6789, pid=11840, tid=15444
[01] File "E:/Users/Administrator/AppData/Local/Programs/Python/Python38/lib/threading.py", line 870, in run() 
[02] File "E:/projects_by_myself/backup/MeiWei_back_0421/common/tcpSocket.py", line 65, in _acceptThread() 
[03] File "E:/Users/Administrator/AppData/Local/Programs/Python/Python38/lib/socket.py", line 292, in accept() 

name=MainThread, pid=11840, tid=11212
[01] File "run_all.py", line 60, in <module>() 
[02] File "E:/projects_by_myself/backup/MeiWei_back_0421/common/webutility.py", line 321, in run() 
[03] File "E:/Users/Administrator/AppData/Local/Programs/Python/Python38/lib/site-packages/bottle.py", line 3137, in run() 
[04] File "E:/Users/Administrator/AppData/Local/Programs/Python/Python38/lib/site-packages/bottle.py", line 2829, in run() 
[05] File "E:/Users/Administrator/AppData/Local/Programs/Python/Python38/lib/site-packages/paste/httpserver.py", line 1361, in serve() 
[06] File "E:/Users/Administrator/AppData/Local/Programs/Python/Python38/lib/site-packages/paste/httpserver.py", line 1107, in serve_forever() 
[07] File "E:/Users/Administrator/AppData/Local/Programs/Python/Python38/lib/socketserver.py", line 294, in handle_request() 
[08] File "E:/Users/Administrator/AppData/Local/Programs/Python/Python38/lib/selectors.py", line 323, in select() 
[09] File "E:/Users/Administrator/AppData/Local/Programs/Python/Python38/lib/selectors.py", line 314, in _select() 
[10] File "../common/utility.py", line 598, in exit() 
[11] File "E:/projects_by_myself/backup/MeiWei_back_0421/common/enhance.py", line 256, in getTrace() 
[12] File "E:/projects_by_myself/backup/MeiWei_back_0421/common/enhance.py", line 240, in getThreadStack()
[INFO]2021-04-26 10:21:40,147: lock info: count 0

try lock info: count 0
[ERROR]2021-04-26 10:21:40,153: user press Ctrl+C, print thread stack
[INFO]2021-04-26 10:21:41,179: name=worker 9, pid=11840, tid=17936
[01] File "E:/Users/Administrator/AppData/Local/Programs/Python/Python38/lib/threading.py", line 870, in run() 
[02] File "E:/Users/Administrator/AppData/Local/Programs/Python/Python38/lib/site-packages/paste/httpserver.py", line 891, in worker_thread_callback() 
[03] File "E:/Users/Administrator/AppData/Local/Programs/Python/Python38/lib/queue.py", line 170, in get() 
[04] File "E:/Users/Administrator/AppData/Local/Programs/Python/Python38/lib/threading.py", line 302, in wait() 

name=worker 8, pid=11840, tid=696
[01] File "E:/Users/Administrator/AppData/Local/Programs/Python/Python38/lib/threading.py", line 870, in run() 
[02] File "E:/Users/Administrator/AppData/Local/Programs/Python/Python38/lib/site-packages/paste/httpserver.py", line 891, in worker_thread_callback() 
[03] File "E:/Users/Administrator/AppData/Local/Programs/Python/Python38/lib/queue.py", line 170, in get() 
[04] File "E:/Users/Administrator/AppData/Local/Programs/Python/Python38/lib/threading.py", line 302, in wait() 

name=worker 7, pid=11840, tid=13708
[01] File "E:/Users/Administrator/AppData/Local/Programs/Python/Python38/lib/threading.py", line 870, in run() 
[02] File "E:/Users/Administrator/AppData/Local/Programs/Python/Python38/lib/site-packages/paste/httpserver.py", line 891, in worker_thread_callback() 
[03] File "E:/Users/Administrator/AppData/Local/Programs/Python/Python38/lib/queue.py", line 170, in get() 
[04] File "E:/Users/Administrator/AppData/Local/Programs/Python/Python38/lib/threading.py", line 302, in wait() 

name=worker 6, pid=11840, tid=18220
[01] File "E:/Users/Administrator/AppData/Local/Programs/Python/Python38/lib/threading.py", line 870, in run() 
[02] File "E:/Users/Administrator/AppData/Local/Programs/Python/Python38/lib/site-packages/paste/httpserver.py", line 891, in worker_thread_callback() 
[03] File "E:/Users/Administrator/AppData/Local/Programs/Python/Python38/lib/queue.py", line 170, in get() 
[04] File "E:/Users/Administrator/AppData/Local/Programs/Python/Python38/lib/threading.py", line 302, in wait() 

name=worker 5, pid=11840, tid=12968
[01] File "E:/Users/Administrator/AppData/Local/Programs/Python/Python38/lib/threading.py", line 870, in run() 
[02] File "E:/Users/Administrator/AppData/Local/Programs/Python/Python38/lib/site-packages/paste/httpserver.py", line 891, in worker_thread_callback() 
[03] File "E:/Users/Administrator/AppData/Local/Programs/Python/Python38/lib/queue.py", line 170, in get() 
[04] File "E:/Users/Administrator/AppData/Local/Programs/Python/Python38/lib/threading.py", line 302, in wait() 

name=worker 4, pid=11840, tid=3396
[01] File "E:/Users/Administrator/AppData/Local/Programs/Python/Python38/lib/threading.py", line 870, in run() 
[02] File "E:/Users/Administrator/AppData/Local/Programs/Python/Python38/lib/site-packages/paste/httpserver.py", line 891, in worker_thread_callback() 
[03] File "E:/Users/Administrator/AppData/Local/Programs/Python/Python38/lib/queue.py", line 170, in get() 
[04] File "E:/Users/Administrator/AppData/Local/Programs/Python/Python38/lib/threading.py", line 302, in wait() 

name=worker 3, pid=11840, tid=9896
[01] File "E:/Users/Administrator/AppData/Local/Programs/Python/Python38/lib/threading.py", line 870, in run() 
[02] File "E:/Users/Administrator/AppData/Local/Programs/Python/Python38/lib/site-packages/paste/httpserver.py", line 891, in worker_thread_callback() 
[03] File "E:/Users/Administrator/AppData/Local/Programs/Python/Python38/lib/queue.py", line 170, in get() 
[04] File "E:/Users/Administrator/AppData/Local/Programs/Python/Python38/lib/threading.py", line 302, in wait() 

name=worker 2, pid=11840, tid=5520
[01] File "E:/Users/Administrator/AppData/Local/Programs/Python/Python38/lib/threading.py", line 870, in run() 
[02] File "E:/Users/Administrator/AppData/Local/Programs/Python/Python38/lib/site-packages/paste/httpserver.py", line 891, in worker_thread_callback() 
[03] File "E:/Users/Administrator/AppData/Local/Programs/Python/Python38/lib/queue.py", line 170, in get() 
[04] File "E:/Users/Administrator/AppData/Local/Programs/Python/Python38/lib/threading.py", line 302, in wait() 

name=worker 1, pid=11840, tid=2524
[01] File "E:/Users/Administrator/AppData/Local/Programs/Python/Python38/lib/threading.py", line 870, in run() 
[02] File "E:/Users/Administrator/AppData/Local/Programs/Python/Python38/lib/site-packages/paste/httpserver.py", line 891, in worker_thread_callback() 
[03] File "E:/Users/Administrator/AppData/Local/Programs/Python/Python38/lib/queue.py", line 170, in get() 
[04] File "E:/Users/Administrator/AppData/Local/Programs/Python/Python38/lib/threading.py", line 302, in wait() 

name=worker 0, pid=11840, tid=8480
[01] File "E:/Users/Administrator/AppData/Local/Programs/Python/Python38/lib/threading.py", line 870, in run() 
[02] File "E:/Users/Administrator/AppData/Local/Programs/Python/Python38/lib/site-packages/paste/httpserver.py", line 891, in worker_thread_callback() 
[03] File "E:/Users/Administrator/AppData/Local/Programs/Python/Python38/lib/queue.py", line 170, in get() 
[04] File "E:/Users/Administrator/AppData/Local/Programs/Python/Python38/lib/threading.py", line 302, in wait() 

name=pymongo_kill_cursors_thread, pid=11840, tid=16320
[01] File "E:/Users/Administrator/AppData/Local/Programs/Python/Python38/lib/threading.py", line 870, in run() 
[02] File "E:/Users/Administrator/AppData/Local/Programs/Python/Python38/lib/site-packages/pymongo/periodic_executor.py", line 140, in _run() 

name=pymongo_server_monitor_thread, pid=11840, tid=17456
[01] File "E:/Users/Administrator/AppData/Local/Programs/Python/Python38/lib/threading.py", line 870, in run() 
[02] File "E:/Users/Administrator/AppData/Local/Programs/Python/Python38/lib/site-packages/pymongo/periodic_executor.py", line 140, in _run() 

name=tcplisten.port_6789, pid=11840, tid=15444
[01] File "E:/Users/Administrator/AppData/Local/Programs/Python/Python38/lib/threading.py", line 870, in run() 
[02] File "E:/projects_by_myself/backup/MeiWei_back_0421/common/tcpSocket.py", line 65, in _acceptThread() 
[03] File "E:/Users/Administrator/AppData/Local/Programs/Python/Python38/lib/socket.py", line 292, in accept() 

name=MainThread, pid=11840, tid=11212
[01] File "run_all.py", line 60, in <module>() 
[02] File "E:/projects_by_myself/backup/MeiWei_back_0421/common/webutility.py", line 321, in run() 
[03] File "E:/Users/Administrator/AppData/Local/Programs/Python/Python38/lib/site-packages/bottle.py", line 3137, in run() 
[04] File "E:/Users/Administrator/AppData/Local/Programs/Python/Python38/lib/site-packages/bottle.py", line 2829, in run() 
[05] File "E:/Users/Administrator/AppData/Local/Programs/Python/Python38/lib/site-packages/paste/httpserver.py", line 1361, in serve() 
[06] File "E:/Users/Administrator/AppData/Local/Programs/Python/Python38/lib/site-packages/paste/httpserver.py", line 1107, in serve_forever() 
[07] File "E:/Users/Administrator/AppData/Local/Programs/Python/Python38/lib/socketserver.py", line 294, in handle_request() 
[08] File "E:/Users/Administrator/AppData/Local/Programs/Python/Python38/lib/selectors.py", line 323, in select() 
[09] File "E:/Users/Administrator/AppData/Local/Programs/Python/Python38/lib/selectors.py", line 314, in _select() 
[10] File "../common/utility.py", line 598, in exit() 
[11] File "E:/projects_by_myself/backup/MeiWei_back_0421/common/enhance.py", line 256, in getTrace() 
[12] File "E:/projects_by_myself/backup/MeiWei_back_0421/common/enhance.py", line 240, in getThreadStack()
[INFO]2021-04-26 10:21:41,189: lock info: count 0

try lock info: count 0
[ERROR]2021-04-26 10:21:41,201: user press Ctrl+C, print thread stack
[INFO]2021-04-26 10:21:42,221: name=worker 9, pid=11840, tid=17936
[01] File "E:/Users/Administrator/AppData/Local/Programs/Python/Python38/lib/threading.py", line 870, in run() 
[02] File "E:/Users/Administrator/AppData/Local/Programs/Python/Python38/lib/site-packages/paste/httpserver.py", line 891, in worker_thread_callback() 
[03] File "E:/Users/Administrator/AppData/Local/Programs/Python/Python38/lib/queue.py", line 170, in get() 
[04] File "E:/Users/Administrator/AppData/Local/Programs/Python/Python38/lib/threading.py", line 302, in wait() 

name=worker 8, pid=11840, tid=696
[01] File "E:/Users/Administrator/AppData/Local/Programs/Python/Python38/lib/threading.py", line 870, in run() 
[02] File "E:/Users/Administrator/AppData/Local/Programs/Python/Python38/lib/site-packages/paste/httpserver.py", line 891, in worker_thread_callback() 
[03] File "E:/Users/Administrator/AppData/Local/Programs/Python/Python38/lib/queue.py", line 170, in get() 
[04] File "E:/Users/Administrator/AppData/Local/Programs/Python/Python38/lib/threading.py", line 302, in wait() 

name=worker 7, pid=11840, tid=13708
[01] File "E:/Users/Administrator/AppData/Local/Programs/Python/Python38/lib/threading.py", line 870, in run() 
[02] File "E:/Users/Administrator/AppData/Local/Programs/Python/Python38/lib/site-packages/paste/httpserver.py", line 891, in worker_thread_callback() 
[03] File "E:/Users/Administrator/AppData/Local/Programs/Python/Python38/lib/queue.py", line 170, in get() 
[04] File "E:/Users/Administrator/AppData/Local/Programs/Python/Python38/lib/threading.py", line 302, in wait() 

name=worker 6, pid=11840, tid=18220
[01] File "E:/Users/Administrator/AppData/Local/Programs/Python/Python38/lib/threading.py", line 870, in run() 
[02] File "E:/Users/Administrator/AppData/Local/Programs/Python/Python38/lib/site-packages/paste/httpserver.py", line 891, in worker_thread_callback() 
[03] File "E:/Users/Administrator/AppData/Local/Programs/Python/Python38/lib/queue.py", line 170, in get() 
[04] File "E:/Users/Administrator/AppData/Local/Programs/Python/Python38/lib/threading.py", line 302, in wait() 

name=worker 5, pid=11840, tid=12968
[01] File "E:/Users/Administrator/AppData/Local/Programs/Python/Python38/lib/threading.py", line 870, in run() 
[02] File "E:/Users/Administrator/AppData/Local/Programs/Python/Python38/lib/site-packages/paste/httpserver.py", line 891, in worker_thread_callback() 
[03] File "E:/Users/Administrator/AppData/Local/Programs/Python/Python38/lib/queue.py", line 170, in get() 
[04] File "E:/Users/Administrator/AppData/Local/Programs/Python/Python38/lib/threading.py", line 302, in wait() 

name=worker 4, pid=11840, tid=3396
[01] File "E:/Users/Administrator/AppData/Local/Programs/Python/Python38/lib/threading.py", line 870, in run() 
[02] File "E:/Users/Administrator/AppData/Local/Programs/Python/Python38/lib/site-packages/paste/httpserver.py", line 891, in worker_thread_callback() 
[03] File "E:/Users/Administrator/AppData/Local/Programs/Python/Python38/lib/queue.py", line 170, in get() 
[04] File "E:/Users/Administrator/AppData/Local/Programs/Python/Python38/lib/threading.py", line 302, in wait() 

name=worker 3, pid=11840, tid=9896
[01] File "E:/Users/Administrator/AppData/Local/Programs/Python/Python38/lib/threading.py", line 870, in run() 
[02] File "E:/Users/Administrator/AppData/Local/Programs/Python/Python38/lib/site-packages/paste/httpserver.py", line 891, in worker_thread_callback() 
[03] File "E:/Users/Administrator/AppData/Local/Programs/Python/Python38/lib/queue.py", line 170, in get() 
[04] File "E:/Users/Administrator/AppData/Local/Programs/Python/Python38/lib/threading.py", line 302, in wait() 

name=worker 2, pid=11840, tid=5520
[01] File "E:/Users/Administrator/AppData/Local/Programs/Python/Python38/lib/threading.py", line 870, in run() 
[02] File "E:/Users/Administrator/AppData/Local/Programs/Python/Python38/lib/site-packages/paste/httpserver.py", line 891, in worker_thread_callback() 
[03] File "E:/Users/Administrator/AppData/Local/Programs/Python/Python38/lib/queue.py", line 170, in get() 
[04] File "E:/Users/Administrator/AppData/Local/Programs/Python/Python38/lib/threading.py", line 302, in wait() 

name=worker 1, pid=11840, tid=2524
[01] File "E:/Users/Administrator/AppData/Local/Programs/Python/Python38/lib/threading.py", line 870, in run() 
[02] File "E:/Users/Administrator/AppData/Local/Programs/Python/Python38/lib/site-packages/paste/httpserver.py", line 891, in worker_thread_callback() 
[03] File "E:/Users/Administrator/AppData/Local/Programs/Python/Python38/lib/queue.py", line 170, in get() 
[04] File "E:/Users/Administrator/AppData/Local/Programs/Python/Python38/lib/threading.py", line 302, in wait() 

name=worker 0, pid=11840, tid=8480
[01] File "E:/Users/Administrator/AppData/Local/Programs/Python/Python38/lib/threading.py", line 870, in run() 
[02] File "E:/Users/Administrator/AppData/Local/Programs/Python/Python38/lib/site-packages/paste/httpserver.py", line 891, in worker_thread_callback() 
[03] File "E:/Users/Administrator/AppData/Local/Programs/Python/Python38/lib/queue.py", line 170, in get() 
[04] File "E:/Users/Administrator/AppData/Local/Programs/Python/Python38/lib/threading.py", line 302, in wait() 

name=pymongo_kill_cursors_thread, pid=11840, tid=16320
[01] File "E:/Users/Administrator/AppData/Local/Programs/Python/Python38/lib/threading.py", line 870, in run() 
[02] File "E:/Users/Administrator/AppData/Local/Programs/Python/Python38/lib/site-packages/pymongo/periodic_executor.py", line 140, in _run() 

name=pymongo_server_monitor_thread, pid=11840, tid=17456
[01] File "E:/Users/Administrator/AppData/Local/Programs/Python/Python38/lib/threading.py", line 870, in run() 
[02] File "E:/Users/Administrator/AppData/Local/Programs/Python/Python38/lib/site-packages/pymongo/periodic_executor.py", line 140, in _run() 

name=tcplisten.port_6789, pid=11840, tid=15444
[01] File "E:/Users/Administrator/AppData/Local/Programs/Python/Python38/lib/threading.py", line 870, in run() 
[02] File "E:/projects_by_myself/backup/MeiWei_back_0421/common/tcpSocket.py", line 65, in _acceptThread() 
[03] File "E:/Users/Administrator/AppData/Local/Programs/Python/Python38/lib/socket.py", line 292, in accept() 

name=MainThread, pid=11840, tid=11212
[01] File "run_all.py", line 60, in <module>() 
[02] File "E:/projects_by_myself/backup/MeiWei_back_0421/common/webutility.py", line 321, in run() 
[03] File "E:/Users/Administrator/AppData/Local/Programs/Python/Python38/lib/site-packages/bottle.py", line 3137, in run() 
[04] File "E:/Users/Administrator/AppData/Local/Programs/Python/Python38/lib/site-packages/bottle.py", line 2829, in run() 
[05] File "E:/Users/Administrator/AppData/Local/Programs/Python/Python38/lib/site-packages/paste/httpserver.py", line 1361, in serve() 
[06] File "E:/Users/Administrator/AppData/Local/Programs/Python/Python38/lib/site-packages/paste/httpserver.py", line 1107, in serve_forever() 
[07] File "E:/Users/Administrator/AppData/Local/Programs/Python/Python38/lib/socketserver.py", line 294, in handle_request() 
[08] File "E:/Users/Administrator/AppData/Local/Programs/Python/Python38/lib/selectors.py", line 323, in select() 
[09] File "E:/Users/Administrator/AppData/Local/Programs/Python/Python38/lib/selectors.py", line 314, in _select() 
[10] File "../common/utility.py", line 598, in exit() 
[11] File "E:/projects_by_myself/backup/MeiWei_back_0421/common/enhance.py", line 256, in getTrace() 
[12] File "E:/projects_by_myself/backup/MeiWei_back_0421/common/enhance.py", line 240, in getThreadStack()
[INFO]2021-04-26 10:21:42,233: lock info: count 0

try lock info: count 0
[ERROR]2021-04-26 10:21:42,236: user press Ctrl+C, print thread stack
[INFO]2021-04-26 10:21:43,250: name=worker 9, pid=11840, tid=17936
[01] File "E:/Users/Administrator/AppData/Local/Programs/Python/Python38/lib/threading.py", line 870, in run() 
[02] File "E:/Users/Administrator/AppData/Local/Programs/Python/Python38/lib/site-packages/paste/httpserver.py", line 891, in worker_thread_callback() 
[03] File "E:/Users/Administrator/AppData/Local/Programs/Python/Python38/lib/queue.py", line 170, in get() 
[04] File "E:/Users/Administrator/AppData/Local/Programs/Python/Python38/lib/threading.py", line 302, in wait() 

name=worker 8, pid=11840, tid=696
[01] File "E:/Users/Administrator/AppData/Local/Programs/Python/Python38/lib/threading.py", line 870, in run() 
[02] File "E:/Users/Administrator/AppData/Local/Programs/Python/Python38/lib/site-packages/paste/httpserver.py", line 891, in worker_thread_callback() 
[03] File "E:/Users/Administrator/AppData/Local/Programs/Python/Python38/lib/queue.py", line 170, in get() 
[04] File "E:/Users/Administrator/AppData/Local/Programs/Python/Python38/lib/threading.py", line 302, in wait() 

name=worker 7, pid=11840, tid=13708
[01] File "E:/Users/Administrator/AppData/Local/Programs/Python/Python38/lib/threading.py", line 870, in run() 
[02] File "E:/Users/Administrator/AppData/Local/Programs/Python/Python38/lib/site-packages/paste/httpserver.py", line 891, in worker_thread_callback() 
[03] File "E:/Users/Administrator/AppData/Local/Programs/Python/Python38/lib/queue.py", line 170, in get() 
[04] File "E:/Users/Administrator/AppData/Local/Programs/Python/Python38/lib/threading.py", line 302, in wait() 

name=worker 6, pid=11840, tid=18220
[01] File "E:/Users/Administrator/AppData/Local/Programs/Python/Python38/lib/threading.py", line 870, in run() 
[02] File "E:/Users/Administrator/AppData/Local/Programs/Python/Python38/lib/site-packages/paste/httpserver.py", line 891, in worker_thread_callback() 
[03] File "E:/Users/Administrator/AppData/Local/Programs/Python/Python38/lib/queue.py", line 170, in get() 
[04] File "E:/Users/Administrator/AppData/Local/Programs/Python/Python38/lib/threading.py", line 302, in wait() 

name=worker 5, pid=11840, tid=12968
[01] File "E:/Users/Administrator/AppData/Local/Programs/Python/Python38/lib/threading.py", line 870, in run() 
[02] File "E:/Users/Administrator/AppData/Local/Programs/Python/Python38/lib/site-packages/paste/httpserver.py", line 891, in worker_thread_callback() 
[03] File "E:/Users/Administrator/AppData/Local/Programs/Python/Python38/lib/queue.py", line 170, in get() 
[04] File "E:/Users/Administrator/AppData/Local/Programs/Python/Python38/lib/threading.py", line 302, in wait() 

name=worker 4, pid=11840, tid=3396
[01] File "E:/Users/Administrator/AppData/Local/Programs/Python/Python38/lib/threading.py", line 870, in run() 
[02] File "E:/Users/Administrator/AppData/Local/Programs/Python/Python38/lib/site-packages/paste/httpserver.py", line 891, in worker_thread_callback() 
[03] File "E:/Users/Administrator/AppData/Local/Programs/Python/Python38/lib/queue.py", line 170, in get() 
[04] File "E:/Users/Administrator/AppData/Local/Programs/Python/Python38/lib/threading.py", line 302, in wait() 

name=worker 3, pid=11840, tid=9896
[01] File "E:/Users/Administrator/AppData/Local/Programs/Python/Python38/lib/threading.py", line 870, in run() 
[02] File "E:/Users/Administrator/AppData/Local/Programs/Python/Python38/lib/site-packages/paste/httpserver.py", line 891, in worker_thread_callback() 
[03] File "E:/Users/Administrator/AppData/Local/Programs/Python/Python38/lib/queue.py", line 170, in get() 
[04] File "E:/Users/Administrator/AppData/Local/Programs/Python/Python38/lib/threading.py", line 302, in wait() 

name=worker 2, pid=11840, tid=5520
[01] File "E:/Users/Administrator/AppData/Local/Programs/Python/Python38/lib/threading.py", line 870, in run() 
[02] File "E:/Users/Administrator/AppData/Local/Programs/Python/Python38/lib/site-packages/paste/httpserver.py", line 891, in worker_thread_callback() 
[03] File "E:/Users/Administrator/AppData/Local/Programs/Python/Python38/lib/queue.py", line 170, in get() 
[04] File "E:/Users/Administrator/AppData/Local/Programs/Python/Python38/lib/threading.py", line 302, in wait() 

name=worker 1, pid=11840, tid=2524
[01] File "E:/Users/Administrator/AppData/Local/Programs/Python/Python38/lib/threading.py", line 870, in run() 
[02] File "E:/Users/Administrator/AppData/Local/Programs/Python/Python38/lib/site-packages/paste/httpserver.py", line 891, in worker_thread_callback() 
[03] File "E:/Users/Administrator/AppData/Local/Programs/Python/Python38/lib/queue.py", line 170, in get() 
[04] File "E:/Users/Administrator/AppData/Local/Programs/Python/Python38/lib/threading.py", line 302, in wait() 

name=worker 0, pid=11840, tid=8480
[01] File "E:/Users/Administrator/AppData/Local/Programs/Python/Python38/lib/threading.py", line 870, in run() 
[02] File "E:/Users/Administrator/AppData/Local/Programs/Python/Python38/lib/site-packages/paste/httpserver.py", line 891, in worker_thread_callback() 
[03] File "E:/Users/Administrator/AppData/Local/Programs/Python/Python38/lib/queue.py", line 170, in get() 
[04] File "E:/Users/Administrator/AppData/Local/Programs/Python/Python38/lib/threading.py", line 302, in wait() 

name=pymongo_kill_cursors_thread, pid=11840, tid=16320
[01] File "E:/Users/Administrator/AppData/Local/Programs/Python/Python38/lib/threading.py", line 870, in run() 
[02] File "E:/Users/Administrator/AppData/Local/Programs/Python/Python38/lib/site-packages/pymongo/periodic_executor.py", line 140, in _run() 

name=pymongo_server_monitor_thread, pid=11840, tid=17456
[01] File "E:/Users/Administrator/AppData/Local/Programs/Python/Python38/lib/threading.py", line 870, in run() 
[02] File "E:/Users/Administrator/AppData/Local/Programs/Python/Python38/lib/site-packages/pymongo/periodic_executor.py", line 140, in _run() 

name=tcplisten.port_6789, pid=11840, tid=15444
[01] File "E:/Users/Administrator/AppData/Local/Programs/Python/Python38/lib/threading.py", line 870, in run() 
[02] File "E:/projects_by_myself/backup/MeiWei_back_0421/common/tcpSocket.py", line 65, in _acceptThread() 
[03] File "E:/Users/Administrator/AppData/Local/Programs/Python/Python38/lib/socket.py", line 292, in accept() 

name=MainThread, pid=11840, tid=11212
[01] File "run_all.py", line 60, in <module>() 
[02] File "E:/projects_by_myself/backup/MeiWei_back_0421/common/webutility.py", line 321, in run() 
[03] File "E:/Users/Administrator/AppData/Local/Programs/Python/Python38/lib/site-packages/bottle.py", line 3137, in run() 
[04] File "E:/Users/Administrator/AppData/Local/Programs/Python/Python38/lib/site-packages/bottle.py", line 2829, in run() 
[05] File "E:/Users/Administrator/AppData/Local/Programs/Python/Python38/lib/site-packages/paste/httpserver.py", line 1361, in serve() 
[06] File "E:/Users/Administrator/AppData/Local/Programs/Python/Python38/lib/site-packages/paste/httpserver.py", line 1107, in serve_forever() 
[07] File "E:/Users/Administrator/AppData/Local/Programs/Python/Python38/lib/socketserver.py", line 294, in handle_request() 
[08] File "E:/Users/Administrator/AppData/Local/Programs/Python/Python38/lib/selectors.py", line 323, in select() 
[09] File "E:/Users/Administrator/AppData/Local/Programs/Python/Python38/lib/selectors.py", line 314, in _select() 
[10] File "../common/utility.py", line 598, in exit() 
[11] File "E:/projects_by_myself/backup/MeiWei_back_0421/common/enhance.py", line 256, in getTrace() 
[12] File "E:/projects_by_myself/backup/MeiWei_back_0421/common/enhance.py", line 240, in getThreadStack()
[INFO]2021-04-26 10:21:43,263: lock info: count 0

try lock info: count 0
[ERROR]2021-04-26 10:21:43,266: user press Ctrl+C, print thread stack
[INFO]2021-04-26 10:21:44,289: name=worker 9, pid=11840, tid=17936
[01] File "E:/Users/Administrator/AppData/Local/Programs/Python/Python38/lib/threading.py", line 870, in run() 
[02] File "E:/Users/Administrator/AppData/Local/Programs/Python/Python38/lib/site-packages/paste/httpserver.py", line 891, in worker_thread_callback() 
[03] File "E:/Users/Administrator/AppData/Local/Programs/Python/Python38/lib/queue.py", line 170, in get() 
[04] File "E:/Users/Administrator/AppData/Local/Programs/Python/Python38/lib/threading.py", line 302, in wait() 

name=worker 8, pid=11840, tid=696
[01] File "E:/Users/Administrator/AppData/Local/Programs/Python/Python38/lib/threading.py", line 870, in run() 
[02] File "E:/Users/Administrator/AppData/Local/Programs/Python/Python38/lib/site-packages/paste/httpserver.py", line 891, in worker_thread_callback() 
[03] File "E:/Users/Administrator/AppData/Local/Programs/Python/Python38/lib/queue.py", line 170, in get() 
[04] File "E:/Users/Administrator/AppData/Local/Programs/Python/Python38/lib/threading.py", line 302, in wait() 

name=worker 7, pid=11840, tid=13708
[01] File "E:/Users/Administrator/AppData/Local/Programs/Python/Python38/lib/threading.py", line 870, in run() 
[02] File "E:/Users/Administrator/AppData/Local/Programs/Python/Python38/lib/site-packages/paste/httpserver.py", line 891, in worker_thread_callback() 
[03] File "E:/Users/Administrator/AppData/Local/Programs/Python/Python38/lib/queue.py", line 170, in get() 
[04] File "E:/Users/Administrator/AppData/Local/Programs/Python/Python38/lib/threading.py", line 302, in wait() 

name=worker 6, pid=11840, tid=18220
[01] File "E:/Users/Administrator/AppData/Local/Programs/Python/Python38/lib/threading.py", line 870, in run() 
[02] File "E:/Users/Administrator/AppData/Local/Programs/Python/Python38/lib/site-packages/paste/httpserver.py", line 891, in worker_thread_callback() 
[03] File "E:/Users/Administrator/AppData/Local/Programs/Python/Python38/lib/queue.py", line 170, in get() 
[04] File "E:/Users/Administrator/AppData/Local/Programs/Python/Python38/lib/threading.py", line 302, in wait() 

name=worker 5, pid=11840, tid=12968
[01] File "E:/Users/Administrator/AppData/Local/Programs/Python/Python38/lib/threading.py", line 870, in run() 
[02] File "E:/Users/Administrator/AppData/Local/Programs/Python/Python38/lib/site-packages/paste/httpserver.py", line 891, in worker_thread_callback() 
[03] File "E:/Users/Administrator/AppData/Local/Programs/Python/Python38/lib/queue.py", line 170, in get() 
[04] File "E:/Users/Administrator/AppData/Local/Programs/Python/Python38/lib/threading.py", line 302, in wait() 

name=worker 4, pid=11840, tid=3396
[01] File "E:/Users/Administrator/AppData/Local/Programs/Python/Python38/lib/threading.py", line 870, in run() 
[02] File "E:/Users/Administrator/AppData/Local/Programs/Python/Python38/lib/site-packages/paste/httpserver.py", line 891, in worker_thread_callback() 
[03] File "E:/Users/Administrator/AppData/Local/Programs/Python/Python38/lib/queue.py", line 170, in get() 
[04] File "E:/Users/Administrator/AppData/Local/Programs/Python/Python38/lib/threading.py", line 302, in wait() 

name=worker 3, pid=11840, tid=9896
[01] File "E:/Users/Administrator/AppData/Local/Programs/Python/Python38/lib/threading.py", line 870, in run() 
[02] File "E:/Users/Administrator/AppData/Local/Programs/Python/Python38/lib/site-packages/paste/httpserver.py", line 891, in worker_thread_callback() 
[03] File "E:/Users/Administrator/AppData/Local/Programs/Python/Python38/lib/queue.py", line 170, in get() 
[04] File "E:/Users/Administrator/AppData/Local/Programs/Python/Python38/lib/threading.py", line 302, in wait() 

name=worker 2, pid=11840, tid=5520
[01] File "E:/Users/Administrator/AppData/Local/Programs/Python/Python38/lib/threading.py", line 870, in run() 
[02] File "E:/Users/Administrator/AppData/Local/Programs/Python/Python38/lib/site-packages/paste/httpserver.py", line 891, in worker_thread_callback() 
[03] File "E:/Users/Administrator/AppData/Local/Programs/Python/Python38/lib/queue.py", line 170, in get() 
[04] File "E:/Users/Administrator/AppData/Local/Programs/Python/Python38/lib/threading.py", line 302, in wait() 

name=worker 1, pid=11840, tid=2524
[01] File "E:/Users/Administrator/AppData/Local/Programs/Python/Python38/lib/threading.py", line 870, in run() 
[02] File "E:/Users/Administrator/AppData/Local/Programs/Python/Python38/lib/site-packages/paste/httpserver.py", line 891, in worker_thread_callback() 
[03] File "E:/Users/Administrator/AppData/Local/Programs/Python/Python38/lib/queue.py", line 170, in get() 
[04] File "E:/Users/Administrator/AppData/Local/Programs/Python/Python38/lib/threading.py", line 302, in wait() 

name=worker 0, pid=11840, tid=8480
[01] File "E:/Users/Administrator/AppData/Local/Programs/Python/Python38/lib/threading.py", line 870, in run() 
[02] File "E:/Users/Administrator/AppData/Local/Programs/Python/Python38/lib/site-packages/paste/httpserver.py", line 891, in worker_thread_callback() 
[03] File "E:/Users/Administrator/AppData/Local/Programs/Python/Python38/lib/queue.py", line 170, in get() 
[04] File "E:/Users/Administrator/AppData/Local/Programs/Python/Python38/lib/threading.py", line 302, in wait() 

name=pymongo_kill_cursors_thread, pid=11840, tid=16320
[01] File "E:/Users/Administrator/AppData/Local/Programs/Python/Python38/lib/threading.py", line 870, in run() 
[02] File "E:/Users/Administrator/AppData/Local/Programs/Python/Python38/lib/site-packages/pymongo/periodic_executor.py", line 140, in _run() 

name=pymongo_server_monitor_thread, pid=11840, tid=17456
[01] File "E:/Users/Administrator/AppData/Local/Programs/Python/Python38/lib/threading.py", line 870, in run() 
[02] File "E:/Users/Administrator/AppData/Local/Programs/Python/Python38/lib/site-packages/pymongo/periodic_executor.py", line 140, in _run() 

name=tcplisten.port_6789, pid=11840, tid=15444
[01] File "E:/Users/Administrator/AppData/Local/Programs/Python/Python38/lib/threading.py", line 870, in run() 
[02] File "E:/projects_by_myself/backup/MeiWei_back_0421/common/tcpSocket.py", line 65, in _acceptThread() 
[03] File "E:/Users/Administrator/AppData/Local/Programs/Python/Python38/lib/socket.py", line 292, in accept() 

name=MainThread, pid=11840, tid=11212
[01] File "run_all.py", line 60, in <module>() 
[02] File "E:/projects_by_myself/backup/MeiWei_back_0421/common/webutility.py", line 321, in run() 
[03] File "E:/Users/Administrator/AppData/Local/Programs/Python/Python38/lib/site-packages/bottle.py", line 3137, in run() 
[04] File "E:/Users/Administrator/AppData/Local/Programs/Python/Python38/lib/site-packages/bottle.py", line 2829, in run() 
[05] File "E:/Users/Administrator/AppData/Local/Programs/Python/Python38/lib/site-packages/paste/httpserver.py", line 1361, in serve() 
[06] File "E:/Users/Administrator/AppData/Local/Programs/Python/Python38/lib/site-packages/paste/httpserver.py", line 1107, in serve_forever() 
[07] File "E:/Users/Administrator/AppData/Local/Programs/Python/Python38/lib/socketserver.py", line 294, in handle_request() 
[08] File "E:/Users/Administrator/AppData/Local/Programs/Python/Python38/lib/selectors.py", line 323, in select() 
[09] File "E:/Users/Administrator/AppData/Local/Programs/Python/Python38/lib/selectors.py", line 314, in _select() 
[10] File "../common/utility.py", line 598, in exit() 
[11] File "E:/projects_by_myself/backup/MeiWei_back_0421/common/enhance.py", line 256, in getTrace() 
[12] File "E:/projects_by_myself/backup/MeiWei_back_0421/common/enhance.py", line 240, in getThreadStack()
[INFO]2021-04-26 10:21:44,301: lock info: count 0

try lock info: count 0
[ERROR]2021-04-26 10:21:44,304: user press Ctrl+C, print thread stack
[INFO]2021-04-26 10:21:45,332: name=worker 9, pid=11840, tid=17936
[01] File "E:/Users/Administrator/AppData/Local/Programs/Python/Python38/lib/threading.py", line 870, in run() 
[02] File "E:/Users/Administrator/AppData/Local/Programs/Python/Python38/lib/site-packages/paste/httpserver.py", line 891, in worker_thread_callback() 
[03] File "E:/Users/Administrator/AppData/Local/Programs/Python/Python38/lib/queue.py", line 170, in get() 
[04] File "E:/Users/Administrator/AppData/Local/Programs/Python/Python38/lib/threading.py", line 302, in wait() 

name=worker 8, pid=11840, tid=696
[01] File "E:/Users/Administrator/AppData/Local/Programs/Python/Python38/lib/threading.py", line 870, in run() 
[02] File "E:/Users/Administrator/AppData/Local/Programs/Python/Python38/lib/site-packages/paste/httpserver.py", line 891, in worker_thread_callback() 
[03] File "E:/Users/Administrator/AppData/Local/Programs/Python/Python38/lib/queue.py", line 170, in get() 
[04] File "E:/Users/Administrator/AppData/Local/Programs/Python/Python38/lib/threading.py", line 302, in wait() 

name=worker 7, pid=11840, tid=13708
[01] File "E:/Users/Administrator/AppData/Local/Programs/Python/Python38/lib/threading.py", line 870, in run() 
[02] File "E:/Users/Administrator/AppData/Local/Programs/Python/Python38/lib/site-packages/paste/httpserver.py", line 891, in worker_thread_callback() 
[03] File "E:/Users/Administrator/AppData/Local/Programs/Python/Python38/lib/queue.py", line 170, in get() 
[04] File "E:/Users/Administrator/AppData/Local/Programs/Python/Python38/lib/threading.py", line 302, in wait() 

name=worker 6, pid=11840, tid=18220
[01] File "E:/Users/Administrator/AppData/Local/Programs/Python/Python38/lib/threading.py", line 870, in run() 
[02] File "E:/Users/Administrator/AppData/Local/Programs/Python/Python38/lib/site-packages/paste/httpserver.py", line 891, in worker_thread_callback() 
[03] File "E:/Users/Administrator/AppData/Local/Programs/Python/Python38/lib/queue.py", line 170, in get() 
[04] File "E:/Users/Administrator/AppData/Local/Programs/Python/Python38/lib/threading.py", line 302, in wait() 

name=worker 5, pid=11840, tid=12968
[01] File "E:/Users/Administrator/AppData/Local/Programs/Python/Python38/lib/threading.py", line 870, in run() 
[02] File "E:/Users/Administrator/AppData/Local/Programs/Python/Python38/lib/site-packages/paste/httpserver.py", line 891, in worker_thread_callback() 
[03] File "E:/Users/Administrator/AppData/Local/Programs/Python/Python38/lib/queue.py", line 170, in get() 
[04] File "E:/Users/Administrator/AppData/Local/Programs/Python/Python38/lib/threading.py", line 302, in wait() 

name=worker 4, pid=11840, tid=3396
[01] File "E:/Users/Administrator/AppData/Local/Programs/Python/Python38/lib/threading.py", line 870, in run() 
[02] File "E:/Users/Administrator/AppData/Local/Programs/Python/Python38/lib/site-packages/paste/httpserver.py", line 891, in worker_thread_callback() 
[03] File "E:/Users/Administrator/AppData/Local/Programs/Python/Python38/lib/queue.py", line 170, in get() 
[04] File "E:/Users/Administrator/AppData/Local/Programs/Python/Python38/lib/threading.py", line 302, in wait() 

name=worker 3, pid=11840, tid=9896
[01] File "E:/Users/Administrator/AppData/Local/Programs/Python/Python38/lib/threading.py", line 870, in run() 
[02] File "E:/Users/Administrator/AppData/Local/Programs/Python/Python38/lib/site-packages/paste/httpserver.py", line 891, in worker_thread_callback() 
[03] File "E:/Users/Administrator/AppData/Local/Programs/Python/Python38/lib/queue.py", line 170, in get() 
[04] File "E:/Users/Administrator/AppData/Local/Programs/Python/Python38/lib/threading.py", line 302, in wait() 

name=worker 2, pid=11840, tid=5520
[01] File "E:/Users/Administrator/AppData/Local/Programs/Python/Python38/lib/threading.py", line 870, in run() 
[02] File "E:/Users/Administrator/AppData/Local/Programs/Python/Python38/lib/site-packages/paste/httpserver.py", line 891, in worker_thread_callback() 
[03] File "E:/Users/Administrator/AppData/Local/Programs/Python/Python38/lib/queue.py", line 170, in get() 
[04] File "E:/Users/Administrator/AppData/Local/Programs/Python/Python38/lib/threading.py", line 302, in wait() 

name=worker 1, pid=11840, tid=2524
[01] File "E:/Users/Administrator/AppData/Local/Programs/Python/Python38/lib/threading.py", line 870, in run() 
[02] File "E:/Users/Administrator/AppData/Local/Programs/Python/Python38/lib/site-packages/paste/httpserver.py", line 891, in worker_thread_callback() 
[03] File "E:/Users/Administrator/AppData/Local/Programs/Python/Python38/lib/queue.py", line 170, in get() 
[04] File "E:/Users/Administrator/AppData/Local/Programs/Python/Python38/lib/threading.py", line 302, in wait() 

name=worker 0, pid=11840, tid=8480
[01] File "E:/Users/Administrator/AppData/Local/Programs/Python/Python38/lib/threading.py", line 870, in run() 
[02] File "E:/Users/Administrator/AppData/Local/Programs/Python/Python38/lib/site-packages/paste/httpserver.py", line 891, in worker_thread_callback() 
[03] File "E:/Users/Administrator/AppData/Local/Programs/Python/Python38/lib/queue.py", line 170, in get() 
[04] File "E:/Users/Administrator/AppData/Local/Programs/Python/Python38/lib/threading.py", line 302, in wait() 

name=pymongo_kill_cursors_thread, pid=11840, tid=16320
[01] File "E:/Users/Administrator/AppData/Local/Programs/Python/Python38/lib/threading.py", line 870, in run() 
[02] File "E:/Users/Administrator/AppData/Local/Programs/Python/Python38/lib/site-packages/pymongo/periodic_executor.py", line 140, in _run() 

name=pymongo_server_monitor_thread, pid=11840, tid=17456
[01] File "E:/Users/Administrator/AppData/Local/Programs/Python/Python38/lib/threading.py", line 870, in run() 
[02] File "E:/Users/Administrator/AppData/Local/Programs/Python/Python38/lib/site-packages/pymongo/periodic_executor.py", line 140, in _run() 

name=tcplisten.port_6789, pid=11840, tid=15444
[01] File "E:/Users/Administrator/AppData/Local/Programs/Python/Python38/lib/threading.py", line 870, in run() 
[02] File "E:/projects_by_myself/backup/MeiWei_back_0421/common/tcpSocket.py", line 65, in _acceptThread() 
[03] File "E:/Users/Administrator/AppData/Local/Programs/Python/Python38/lib/socket.py", line 292, in accept() 

name=MainThread, pid=11840, tid=11212
[01] File "run_all.py", line 60, in <module>() 
[02] File "E:/projects_by_myself/backup/MeiWei_back_0421/common/webutility.py", line 321, in run() 
[03] File "E:/Users/Administrator/AppData/Local/Programs/Python/Python38/lib/site-packages/bottle.py", line 3137, in run() 
[04] File "E:/Users/Administrator/AppData/Local/Programs/Python/Python38/lib/site-packages/bottle.py", line 2829, in run() 
[05] File "E:/Users/Administrator/AppData/Local/Programs/Python/Python38/lib/site-packages/paste/httpserver.py", line 1361, in serve() 
[06] File "E:/Users/Administrator/AppData/Local/Programs/Python/Python38/lib/site-packages/paste/httpserver.py", line 1107, in serve_forever() 
[07] File "E:/Users/Administrator/AppData/Local/Programs/Python/Python38/lib/socketserver.py", line 294, in handle_request() 
[08] File "E:/Users/Administrator/AppData/Local/Programs/Python/Python38/lib/selectors.py", line 323, in select() 
[09] File "E:/Users/Administrator/AppData/Local/Programs/Python/Python38/lib/selectors.py", line 314, in _select() 
[10] File "../common/utility.py", line 598, in exit() 
[11] File "E:/projects_by_myself/backup/MeiWei_back_0421/common/enhance.py", line 256, in getTrace() 
[12] File "E:/projects_by_myself/backup/MeiWei_back_0421/common/enhance.py", line 240, in getThreadStack()
[INFO]2021-04-26 10:21:45,343: lock info: count 0

try lock info: count 0
[ERROR]2021-04-26 10:21:45,349: user press Ctrl+C, print thread stack
