[INFO]2021-04-27 16:27:54,184: log files at E:\projects_by_myself\backup\MeiWei_back_0421\common\log
[INFO]2021-04-27 16:27:54,186: find module account.main_account
[INFO]2021-04-27 16:27:54,187: find module agvCtrl.main_agv
[INFO]2021-04-27 16:27:54,188: find module agvDevice.main_agvDevice
[INFO]2021-04-27 16:27:54,189: find module akmCtrl.main_akmCtrl
[INFO]2021-04-27 16:27:54,190: find module alarm.main_alarm
[INFO]2021-04-27 16:27:54,191: find module auth.main_auth
[INFO]2021-04-27 16:27:54,192: find module button.main_button
[INFO]2021-04-27 16:27:54,192: find module door.main_door
[INFO]2021-04-27 16:27:54,198: find module elevator.main_elevator
[INFO]2021-04-27 16:27:54,199: find module feed.main_feed_0427
[INFO]2021-04-27 16:27:54,202: find module remoteio.main_remoteio
[INFO]2021-04-27 16:27:54,203: import account.main_account
[INFO]2021-04-27 16:27:54,290: import agvCtrl.main_agv
[INFO]2021-04-27 16:27:55,147: create lock <lock name:doorMgr.lock,<unlocked _thread.RLock object owner=0 count=0 at 0x00000229C7916F00>>
[INFO]2021-04-27 16:27:56,032: create lock <lock name:door.lock,<unlocked _thread.RLock object owner=0 count=0 at 0x00000229C7932480>>
[INFO]2021-04-27 16:27:56,143: create lock <lock name:timer.lock_2378471748128,<unlocked _thread.RLock object owner=0 count=0 at 0x00000229C7F6B390>>
[ERROR]2021-04-27 16:27:56,157: mqtt is disabled
[INFO]2021-04-27 16:27:56,158: mqtt: subscribe [alarm/raise/+]
[INFO]2021-04-27 16:27:56,158: mqtt: subscribe [alarm/clear/+]
[INFO]2021-04-27 16:27:59,201: Mongodb connect to 127.0.0.1 port 27017
[INFO]2021-04-27 16:27:59,229: create lock <lock name:elevatorMgr.lock,<unlocked _thread.RLock object owner=0 count=0 at 0x00000229C817CD80>>
[WARNING]2021-04-27 16:27:59,242: use mockAgvCtrl
[INFO]2021-04-27 16:27:59,245: create lock <lock name:mapMgr.lock,<unlocked _thread.RLock object owner=0 count=0 at 0x00000229C61F33C0>>
[INFO]2021-04-27 16:27:59,578: create lock <lock name:agvList.g_agvLock,<unlocked _thread.RLock object owner=0 count=0 at 0x00000229C8215810>>
[INFO]2021-04-27 16:27:59,582: create lock <lock name:taskList.lock,<unlocked _thread.RLock object owner=0 count=0 at 0x00000229C82BBD50>>
[INFO]2021-04-27 16:27:59,650: charge policy 1 , fix time
[INFO]2021-04-27 16:27:59,686: create lock <lock name:agvApi.g_lock,<unlocked _thread.RLock object owner=0 count=0 at 0x00000229C82C7930>>
[INFO]2021-04-27 16:28:00,240: start load map E:\projects_by_myself\backup\MeiWei_back_0421\agvCtrl\projects\test\AKM2F.smap
[DEBUG]2021-04-27 16:28:00,351: elevator thread start
[INFO]2021-04-27 16:28:00,371: load map E:\projects_by_myself\backup\MeiWei_back_0421\agvCtrl\projects\test\AKM2F.smap ,used 143 ms
[INFO]2021-04-27 16:28:00,383: start load map E:\projects_by_myself\backup\MeiWei_back_0421\agvCtrl\projects\test\akmsmt.smap
[INFO]2021-04-27 16:28:00,434: load map E:\projects_by_myself\backup\MeiWei_back_0421\agvCtrl\projects\test\akmsmt.smap ,used 62 ms
[INFO]2021-04-27 16:28:00,445: start load map E:\projects_by_myself\backup\MeiWei_back_0421\agvCtrl\projects\test\akmsmtMap.smap
[INFO]2021-04-27 16:28:00,577: load map E:\projects_by_myself\backup\MeiWei_back_0421\agvCtrl\projects\test\akmsmtMap.smap ,used 142 ms
[INFO]2021-04-27 16:28:00,587: start load map E:\projects_by_myself\backup\MeiWei_back_0421\agvCtrl\projects\test\desai-all-20191223.smap
[INFO]2021-04-27 16:28:00,755: load map E:\projects_by_myself\backup\MeiWei_back_0421\agvCtrl\projects\test\desai-all-20191223.smap ,used 178 ms
[INFO]2021-04-27 16:28:00,765: start load map E:\projects_by_myself\backup\MeiWei_back_0421\agvCtrl\projects\test\meiwei423.smap
[INFO]2021-04-27 16:28:00,823: load map E:\projects_by_myself\backup\MeiWei_back_0421\agvCtrl\projects\test\meiwei423.smap ,used 67 ms
[INFO]2021-04-27 16:28:00,835: start load map E:\projects_by_myself\backup\MeiWei_back_0421\agvCtrl\projects\test\untitled_20210420032952.smap
[INFO]2021-04-27 16:28:00,876: load map E:\projects_by_myself\backup\MeiWei_back_0421\agvCtrl\projects\test\untitled_20210420032952.smap ,used 51 ms
[INFO]2021-04-27 16:28:00,881: import agvDevice.main_agvDevice
[INFO]2021-04-27 16:28:00,884: import akmCtrl.main_akmCtrl
[INFO]2021-04-27 16:28:00,904: create lock <lock name:runTasks.g_lock,<unlocked _thread.RLock object owner=0 count=0 at 0x00000229CAE40090>>
[INFO]2021-04-27 16:28:00,919: create lock <lock name:agvApi.g_lock,<unlocked _thread.RLock object owner=0 count=0 at 0x00000229C955BB10>>
[INFO]2021-04-27 16:28:00,938: create lock <lock name:runTasks.pre_lock,<unlocked _thread.RLock object owner=0 count=0 at 0x00000229CAE37A50>>
[INFO]2021-04-27 16:28:00,940: create lock <lock name:timer.lock_2378520740096,<unlocked _thread.RLock object owner=0 count=0 at 0x00000229CAE24450>>
[INFO]2021-04-27 16:28:00,945: create lock <lock name:mapMgr.lock,<unlocked _thread.RLock object owner=0 count=0 at 0x00000229C6D0D090>>
[INFO]2021-04-27 16:28:01,507: import alarm.main_alarm
[INFO]2021-04-27 16:28:01,510: import auth.main_auth
[INFO]2021-04-27 16:28:01,524: import button.main_button
[INFO]2021-04-27 16:28:01,557: *******************进入按钮main方法
[INFO]2021-04-27 16:28:01,558: *******************线程启动完毕
[INFO]2021-04-27 16:28:01,559: import door.main_door
[INFO]2021-04-27 16:28:01,561: import elevator.main_elevator
[INFO]2021-04-27 16:28:01,565: create lock <lock name:elevatorApi.g_lock,<unlocked _thread.RLock object owner=0 count=0 at 0x00000229CCDFFF30>>
[INFO]2021-04-27 16:28:01,566: import feed.main_feed_0427
[INFO]2021-04-27 16:28:01,575: create lock <lock name:feedTask.g_lock,<unlocked _thread.RLock object owner=0 count=0 at 0x00000229CCDFF210>>
[INFO]2021-04-27 16:28:01,621: import remoteio.main_remoteio
[SUCC]2021-04-27 16:28:01,633: utility start, pid=2120, ppid=17380
[DEBUG]2021-04-27 16:28:01,634: start timer
[INFO]2021-04-27 16:28:01,642: load agv file: E:\projects_by_myself\backup\MeiWei_back_0421\agvCtrl/projects/test/agv.cfg
[INFO]2021-04-27 16:28:01,643: create lock <lock name:agvList.AGV30.lock,<unlocked _thread.RLock object owner=0 count=0 at 0x00000229CCE10F30>>
[DEBUG]2021-04-27 16:28:01,647: create aliveObj AGV30 AGV离线异常 timeout 300
[INFO]2021-04-27 16:28:01,648: AGV30 start agvList run thread
[INFO]2021-04-27 16:28:01,648: AGV30 start agvList run2 thread
[ERROR]2021-04-27 16:28:01,656: agv check init error False
[DEBUG]2021-04-27 16:28:01,658: start timer
[INFO]2021-04-27 16:28:01,664: add_ignore: taskStatus
[INFO]2021-04-27 16:28:01,665: add_ignore: api/elevator/status
[INFO]2021-04-27 16:28:01,665: add_ignore: scada/getTask
[INFO]2021-04-27 16:28:02,172: AGV30 current map meiwei423
[INFO]2021-04-27 16:28:02,178: AGV30 is online
[DEBUG]2021-04-27 16:28:02,676: GET: http://127.0.0.1:5551/api/agv/init?appName=MeiWeiTask addr: 127.0.0.1
[INFO]2021-04-27 16:28:02,679: MeiWeiTask init client agvApi
[DEBUG]2021-04-27 16:28:02,681: used 5ms 200 OK application/json;charset=utf-8, GET: http://127.0.0.1:5551/api/agv/init?appName=MeiWeiTask
[DEBUG]2021-04-27 16:28:05,879: GET: http://127.0.0.1:5551/api/agv/startCharge?appName=MeiWeiTask addr: 127.0.0.1
[DEBUG]2021-04-27 16:28:05,959: used 80ms 200 OK application/json;charset=utf-8, GET: http://127.0.0.1:5551/api/agv/startCharge?appName=MeiWeiTask
[WARNING]2021-04-27 16:28:06,117: timer_thread[tid:11932] <lock name:runTasks.g_lock,<locked _thread.RLock object owner=11932 count=1 at 0x00000229CAE40090>> ,hold 3444 ms
[INFO]2021-04-27 16:28:06,434: name=timer_thread, pid=2120, tid=11932
[01] File "E:/Users/Administrator/AppData/Local/Programs/Python/Python38/lib/threading.py", line 870, in run() 
[02] File "../common/mytimer.py", line 113, in _loop() 
[03] File "../common/lock.py", line 122, in _call() 
[04] File "../common/lock.py", line 100, in release() 
[05] File "E:/projects_by_myself/backup/MeiWei_back_0421/common/enhance.py", line 258, in getTrace() 
[06] File "E:/projects_by_myself/backup/MeiWei_back_0421/common/enhance.py", line 240, in getThreadStack()
[ERROR]2021-04-27 16:46:28,733: process exited, living 0:18:34.611514 seconds
[INFO]2021-04-27 16:46:37,858: name=worker 9, pid=2120, tid=6320
[01] File "E:/Users/Administrator/AppData/Local/Programs/Python/Python38/lib/threading.py", line 870, in run() 
[02] File "E:/Users/Administrator/AppData/Local/Programs/Python/Python38/lib/site-packages/paste/httpserver.py", line 891, in worker_thread_callback() 
[03] File "E:/Users/Administrator/AppData/Local/Programs/Python/Python38/lib/queue.py", line 170, in get() 
[04] File "E:/Users/Administrator/AppData/Local/Programs/Python/Python38/lib/threading.py", line 302, in wait() 

name=worker 8, pid=2120, tid=11444
[01] File "E:/Users/Administrator/AppData/Local/Programs/Python/Python38/lib/threading.py", line 870, in run() 
[02] File "E:/Users/Administrator/AppData/Local/Programs/Python/Python38/lib/site-packages/paste/httpserver.py", line 891, in worker_thread_callback() 
[03] File "E:/Users/Administrator/AppData/Local/Programs/Python/Python38/lib/queue.py", line 170, in get() 
[04] File "E:/Users/Administrator/AppData/Local/Programs/Python/Python38/lib/threading.py", line 302, in wait() 

name=worker 7, pid=2120, tid=11552
[01] File "E:/Users/Administrator/AppData/Local/Programs/Python/Python38/lib/threading.py", line 870, in run() 
[02] File "E:/Users/Administrator/AppData/Local/Programs/Python/Python38/lib/site-packages/paste/httpserver.py", line 891, in worker_thread_callback() 
[03] File "E:/Users/Administrator/AppData/Local/Programs/Python/Python38/lib/queue.py", line 170, in get() 
[04] File "E:/Users/Administrator/AppData/Local/Programs/Python/Python38/lib/threading.py", line 302, in wait() 

name=worker 6, pid=2120, tid=12004
[01] File "E:/Users/Administrator/AppData/Local/Programs/Python/Python38/lib/threading.py", line 870, in run() 
[02] File "E:/Users/Administrator/AppData/Local/Programs/Python/Python38/lib/site-packages/paste/httpserver.py", line 891, in worker_thread_callback() 
[03] File "E:/Users/Administrator/AppData/Local/Programs/Python/Python38/lib/queue.py", line 170, in get() 
[04] File "E:/Users/Administrator/AppData/Local/Programs/Python/Python38/lib/threading.py", line 302, in wait() 

name=worker 5, pid=2120, tid=18284
[01] File "E:/Users/Administrator/AppData/Local/Programs/Python/Python38/lib/threading.py", line 870, in run() 
[02] File "E:/Users/Administrator/AppData/Local/Programs/Python/Python38/lib/site-packages/paste/httpserver.py", line 891, in worker_thread_callback() 
[03] File "E:/Users/Administrator/AppData/Local/Programs/Python/Python38/lib/queue.py", line 170, in get() 
[04] File "E:/Users/Administrator/AppData/Local/Programs/Python/Python38/lib/threading.py", line 302, in wait() 

name=worker 4, pid=2120, tid=16028
[01] File "E:/Users/Administrator/AppData/Local/Programs/Python/Python38/lib/threading.py", line 870, in run() 
[02] File "E:/Users/Administrator/AppData/Local/Programs/Python/Python38/lib/site-packages/paste/httpserver.py", line 891, in worker_thread_callback() 
[03] File "E:/Users/Administrator/AppData/Local/Programs/Python/Python38/lib/queue.py", line 170, in get() 
[04] File "E:/Users/Administrator/AppData/Local/Programs/Python/Python38/lib/threading.py", line 302, in wait() 

name=worker 3, pid=2120, tid=15924
[01] File "E:/Users/Administrator/AppData/Local/Programs/Python/Python38/lib/threading.py", line 870, in run() 
[02] File "E:/Users/Administrator/AppData/Local/Programs/Python/Python38/lib/site-packages/paste/httpserver.py", line 891, in worker_thread_callback() 
[03] File "E:/Users/Administrator/AppData/Local/Programs/Python/Python38/lib/queue.py", line 170, in get() 
[04] File "E:/Users/Administrator/AppData/Local/Programs/Python/Python38/lib/threading.py", line 302, in wait() 

name=worker 2, pid=2120, tid=8668
[01] File "E:/Users/Administrator/AppData/Local/Programs/Python/Python38/lib/threading.py", line 870, in run() 
[02] File "E:/Users/Administrator/AppData/Local/Programs/Python/Python38/lib/site-packages/paste/httpserver.py", line 891, in worker_thread_callback() 
[03] File "E:/Users/Administrator/AppData/Local/Programs/Python/Python38/lib/queue.py", line 170, in get() 
[04] File "E:/Users/Administrator/AppData/Local/Programs/Python/Python38/lib/threading.py", line 302, in wait() 

name=worker 1, pid=2120, tid=10624
[01] File "E:/Users/Administrator/AppData/Local/Programs/Python/Python38/lib/threading.py", line 870, in run() 
[02] File "E:/Users/Administrator/AppData/Local/Programs/Python/Python38/lib/site-packages/paste/httpserver.py", line 891, in worker_thread_callback() 
[03] File "E:/Users/Administrator/AppData/Local/Programs/Python/Python38/lib/queue.py", line 170, in get() 
[04] File "E:/Users/Administrator/AppData/Local/Programs/Python/Python38/lib/threading.py", line 302, in wait() 

name=worker 0, pid=2120, tid=17760
[01] File "E:/Users/Administrator/AppData/Local/Programs/Python/Python38/lib/threading.py", line 870, in run() 
[02] File "E:/Users/Administrator/AppData/Local/Programs/Python/Python38/lib/site-packages/paste/httpserver.py", line 891, in worker_thread_callback() 
[03] File "E:/Users/Administrator/AppData/Local/Programs/Python/Python38/lib/queue.py", line 170, in get() 
[04] File "E:/Users/Administrator/AppData/Local/Programs/Python/Python38/lib/threading.py", line 302, in wait() 

name=tcplisten.port_1001, pid=2120, tid=14260
[01] File "E:/Users/Administrator/AppData/Local/Programs/Python/Python38/lib/threading.py", line 870, in run() 
[02] File "E:/projects_by_myself/backup/MeiWei_back_0421/common/tcpSocket.py", line 66, in _acceptThread() 
[03] File "E:/Users/Administrator/AppData/Local/Programs/Python/Python38/lib/socket.py", line 292, in accept() 

name=pymongo_kill_cursors_thread, pid=2120, tid=17340
[01] File "E:/Users/Administrator/AppData/Local/Programs/Python/Python38/lib/threading.py", line 870, in run() 
[02] File "E:/Users/Administrator/AppData/Local/Programs/Python/Python38/lib/site-packages/pymongo/periodic_executor.py", line 140, in _run() 

name=pymongo_server_monitor_thread, pid=2120, tid=10816
[01] File "E:/Users/Administrator/AppData/Local/Programs/Python/Python38/lib/threading.py", line 870, in run() 
[02] File "E:/Users/Administrator/AppData/Local/Programs/Python/Python38/lib/site-packages/pymongo/periodic_executor.py", line 140, in _run() 

name=tcplisten.port_6789, pid=2120, tid=7040
[01] File "E:/Users/Administrator/AppData/Local/Programs/Python/Python38/lib/threading.py", line 870, in run() 
[02] File "E:/projects_by_myself/backup/MeiWei_back_0421/common/tcpSocket.py", line 66, in _acceptThread() 
[03] File "E:/Users/Administrator/AppData/Local/Programs/Python/Python38/lib/socket.py", line 292, in accept() 

name=MainThread, pid=2120, tid=3944
[01] File "run_all.py", line 60, in <module>() 
[02] File "E:/projects_by_myself/backup/MeiWei_back_0421/common/webutility.py", line 321, in run() 
[03] File "E:/Users/Administrator/AppData/Local/Programs/Python/Python38/lib/site-packages/bottle.py", line 3137, in run() 
[04] File "E:/Users/Administrator/AppData/Local/Programs/Python/Python38/lib/site-packages/bottle.py", line 2829, in run() 
[05] File "E:/Users/Administrator/AppData/Local/Programs/Python/Python38/lib/site-packages/paste/httpserver.py", line 1361, in serve() 
[06] File "E:/Users/Administrator/AppData/Local/Programs/Python/Python38/lib/site-packages/paste/httpserver.py", line 1107, in serve_forever() 
[07] File "E:/Users/Administrator/AppData/Local/Programs/Python/Python38/lib/socketserver.py", line 294, in handle_request() 
[08] File "E:/Users/Administrator/AppData/Local/Programs/Python/Python38/lib/selectors.py", line 323, in select() 
[09] File "E:/Users/Administrator/AppData/Local/Programs/Python/Python38/lib/selectors.py", line 314, in _select() 
[10] File "../common/utility.py", line 598, in exit() 
[11] File "E:/projects_by_myself/backup/MeiWei_back_0421/common/enhance.py", line 256, in getTrace() 
[12] File "E:/projects_by_myself/backup/MeiWei_back_0421/common/enhance.py", line 240, in getThreadStack()
[ERROR]2021-04-27 16:46:37,864: user press Ctrl+C, system quit!
[WARNING]2021-04-27 16:46:37,866: runTask:stop save file
[ERROR]2021-04-27 16:46:37,867: process exited, living 0:18:36.970154 seconds
