[CRITICAL]2021-03-31 15:51:21,116: agvApi step callback cause a error: 'dict' object is not callable
pid=16348, ppid=10228, tid=1152
Traceback (most recent call last):
  File "E:\安捷利电梯项目\AKMfloor\agvCtrl\agvApi.py", line 261, in _checkFinish
    t.stepCallback(t.params,t.status)
TypeError: 'dict' object is not callable

[CRITICAL]2021-03-31 15:51:22,158: agvApi step callback cause a error: 'dict' object is not callable
pid=16348, ppid=10228, tid=1152
Traceback (most recent call last):
  File "E:\安捷利电梯项目\AKMfloor\agvCtrl\agvApi.py", line 261, in _checkFinish
    t.stepCallback(t.params,t.status)
TypeError: 'dict' object is not callable

[CRITICAL]2021-03-31 15:51:35,106: agvApi step callback cause a error: 'dict' object is not callable
pid=16348, ppid=10228, tid=1152
Traceback (most recent call last):
  File "E:\安捷利电梯项目\AKMfloor\agvCtrl\agvApi.py", line 261, in _checkFinish
    t.stepCallback(t.params,t.status)
TypeError: 'dict' object is not callable

[CRITICAL]2021-03-31 15:51:38,206: agvApi step callback cause a error: 'dict' object is not callable
pid=16348, ppid=10228, tid=1152
Traceback (most recent call last):
  File "E:\安捷利电梯项目\AKMfloor\agvCtrl\agvApi.py", line 261, in _checkFinish
    t.stepCallback(t.params,t.status)
TypeError: 'dict' object is not callable

[CRITICAL]2021-03-31 15:51:39,798: agvApi step callback cause a error: 'dict' object is not callable
pid=16348, ppid=10228, tid=1152
Traceback (most recent call last):
  File "E:\安捷利电梯项目\AKMfloor\agvCtrl\agvApi.py", line 261, in _checkFinish
    t.stepCallback(t.params,t.status)
TypeError: 'dict' object is not callable

[CRITICAL]2021-03-31 15:51:50,220: agvApi step callback cause a error: 'dict' object is not callable
pid=16348, ppid=10228, tid=1152
Traceback (most recent call last):
  File "E:\安捷利电梯项目\AKMfloor\agvCtrl\agvApi.py", line 261, in _checkFinish
    t.stepCallback(t.params,t.status)
TypeError: 'dict' object is not callable

[CRITICAL]2021-03-31 15:52:07,304: agvApi step callback cause a error: 'dict' object is not callable
pid=16348, ppid=10228, tid=1152
Traceback (most recent call last):
  File "E:\安捷利电梯项目\AKMfloor\agvCtrl\agvApi.py", line 261, in _checkFinish
    t.stepCallback(t.params,t.status)
TypeError: 'dict' object is not callable

[CRITICAL]2021-03-31 15:52:17,217: agvApi step callback cause a error: 'dict' object is not callable
pid=16348, ppid=10228, tid=1152
Traceback (most recent call last):
  File "E:\安捷利电梯项目\AKMfloor\agvCtrl\agvApi.py", line 261, in _checkFinish
    t.stepCallback(t.params,t.status)
TypeError: 'dict' object is not callable

[CRITICAL]2021-03-31 15:52:18,274: agvApi step callback cause a error: 'dict' object is not callable
pid=16348, ppid=10228, tid=1152
Traceback (most recent call last):
  File "E:\安捷利电梯项目\AKMfloor\agvCtrl\agvApi.py", line 261, in _checkFinish
    t.stepCallback(t.params,t.status)
TypeError: 'dict' object is not callable

[CRITICAL]2021-03-31 15:52:31,772: agvApi step callback cause a error: 'dict' object is not callable
pid=16348, ppid=10228, tid=1152
Traceback (most recent call last):
  File "E:\安捷利电梯项目\AKMfloor\agvCtrl\agvApi.py", line 261, in _checkFinish
    t.stepCallback(t.params,t.status)
TypeError: 'dict' object is not callable

[CRITICAL]2021-03-31 15:52:32,814: agvApi step callback cause a error: 'dict' object is not callable
pid=16348, ppid=10228, tid=1152
Traceback (most recent call last):
  File "E:\安捷利电梯项目\AKMfloor\agvCtrl\agvApi.py", line 261, in _checkFinish
    t.stepCallback(t.params,t.status)
TypeError: 'dict' object is not callable

[CRITICAL]2021-03-31 15:52:44,257: agvApi step callback cause a error: 'dict' object is not callable
pid=16348, ppid=10228, tid=1152
Traceback (most recent call last):
  File "E:\安捷利电梯项目\AKMfloor\agvCtrl\agvApi.py", line 261, in _checkFinish
    t.stepCallback(t.params,t.status)
TypeError: 'dict' object is not callable

