[CRITICAL]2021-04-01 09:32:31,423: elevatorApi cause a error: ('http get', 'http://127.0.0.1:5551/api/elevator/status', {'id': 'ELEVATOR01'}, 'error:', '<urlopen error [WinError 10061] 由于目标计算机积极拒绝，无法连接。>')
pid=3764, ppid=9004, tid=1364
Traceback (most recent call last):
  File "E:\Users\Administrator\AppData\Local\Programs\Python\Python38\lib\urllib\request.py", line 1354, in do_open
    h.request(req.get_method(), req.selector, req.data, headers,
  File "E:\Users\Administrator\AppData\Local\Programs\Python\Python38\lib\http\client.py", line 1255, in request
    self._send_request(method, url, body, headers, encode_chunked)
  File "E:\Users\Administrator\AppData\Local\Programs\Python\Python38\lib\http\client.py", line 1301, in _send_request
    self.endheaders(body, encode_chunked=encode_chunked)
  File "E:\Users\Administrator\AppData\Local\Programs\Python\Python38\lib\http\client.py", line 1250, in endheaders
    self._send_output(message_body, encode_chunked=encode_chunked)
  File "E:\Users\Administrator\AppData\Local\Programs\Python\Python38\lib\http\client.py", line 1010, in _send_output
    self.send(msg)
  File "E:\Users\Administrator\AppData\Local\Programs\Python\Python38\lib\http\client.py", line 950, in send
    self.connect()
  File "E:\Users\Administrator\AppData\Local\Programs\Python\Python38\lib\http\client.py", line 921, in connect
    self.sock = self._create_connection(
  File "E:\Users\Administrator\AppData\Local\Programs\Python\Python38\lib\socket.py", line 808, in create_connection
    raise err
  File "E:\Users\Administrator\AppData\Local\Programs\Python\Python38\lib\socket.py", line 796, in create_connection
    sock.connect(sa)
ConnectionRefusedError: [WinError 10061] 由于目标计算机积极拒绝，无法连接。

During handling of the above exception, another exception occurred:

Traceback (most recent call last):
  File "E:\安捷利电梯项目\AKMfloor\common\webutility.py", line 103, in http_get
    f = urllib.request.urlopen(u,timeout=timeout)
  File "E:\Users\Administrator\AppData\Local\Programs\Python\Python38\lib\urllib\request.py", line 222, in urlopen
    return opener.open(url, data, timeout)
  File "E:\Users\Administrator\AppData\Local\Programs\Python\Python38\lib\urllib\request.py", line 525, in open
    response = self._open(req, data)
  File "E:\Users\Administrator\AppData\Local\Programs\Python\Python38\lib\urllib\request.py", line 542, in _open
    result = self._call_chain(self.handle_open, protocol, protocol +
  File "E:\Users\Administrator\AppData\Local\Programs\Python\Python38\lib\urllib\request.py", line 502, in _call_chain
    result = func(*args)
  File "E:\Users\Administrator\AppData\Local\Programs\Python\Python38\lib\urllib\request.py", line 1383, in http_open
    return self.do_open(http.client.HTTPConnection, req)
  File "E:\Users\Administrator\AppData\Local\Programs\Python\Python38\lib\urllib\request.py", line 1357, in do_open
    raise URLError(err)
urllib.error.URLError: <urlopen error [WinError 10061] 由于目标计算机积极拒绝，无法连接。>

During handling of the above exception, another exception occurred:

Traceback (most recent call last):
  File "..\elevator\elevatorApi.py", line 19, in http_get
    r = webutility.http_get(url, param,timeout=10,writelog=writelog)
  File "E:\安捷利电梯项目\AKMfloor\common\webutility.py", line 105, in http_get
    raise Exception("http get",url,params,"error:",str(e))
Exception: ('http get', 'http://127.0.0.1:5551/api/elevator/status', {'id': 'ELEVATOR01'}, 'error:', '<urlopen error [WinError 10061] 由于目标计算机积极拒绝，无法连接。>')

[CRITICAL]2021-04-01 09:32:34,560: elevatorApi cause a error: ('http get', 'http://127.0.0.1:5551/api/elevator/status', {'id': 'ELEVATOR01'}, 'error:', '<urlopen error [WinError 10061] 由于目标计算机积极拒绝，无法连接。>')
pid=3764, ppid=9004, tid=1364
Traceback (most recent call last):
  File "E:\Users\Administrator\AppData\Local\Programs\Python\Python38\lib\urllib\request.py", line 1354, in do_open
    h.request(req.get_method(), req.selector, req.data, headers,
  File "E:\Users\Administrator\AppData\Local\Programs\Python\Python38\lib\http\client.py", line 1255, in request
    self._send_request(method, url, body, headers, encode_chunked)
  File "E:\Users\Administrator\AppData\Local\Programs\Python\Python38\lib\http\client.py", line 1301, in _send_request
    self.endheaders(body, encode_chunked=encode_chunked)
  File "E:\Users\Administrator\AppData\Local\Programs\Python\Python38\lib\http\client.py", line 1250, in endheaders
    self._send_output(message_body, encode_chunked=encode_chunked)
  File "E:\Users\Administrator\AppData\Local\Programs\Python\Python38\lib\http\client.py", line 1010, in _send_output
    self.send(msg)
  File "E:\Users\Administrator\AppData\Local\Programs\Python\Python38\lib\http\client.py", line 950, in send
    self.connect()
  File "E:\Users\Administrator\AppData\Local\Programs\Python\Python38\lib\http\client.py", line 921, in connect
    self.sock = self._create_connection(
  File "E:\Users\Administrator\AppData\Local\Programs\Python\Python38\lib\socket.py", line 808, in create_connection
    raise err
  File "E:\Users\Administrator\AppData\Local\Programs\Python\Python38\lib\socket.py", line 796, in create_connection
    sock.connect(sa)
ConnectionRefusedError: [WinError 10061] 由于目标计算机积极拒绝，无法连接。

During handling of the above exception, another exception occurred:

Traceback (most recent call last):
  File "E:\安捷利电梯项目\AKMfloor\common\webutility.py", line 103, in http_get
    f = urllib.request.urlopen(u,timeout=timeout)
  File "E:\Users\Administrator\AppData\Local\Programs\Python\Python38\lib\urllib\request.py", line 222, in urlopen
    return opener.open(url, data, timeout)
  File "E:\Users\Administrator\AppData\Local\Programs\Python\Python38\lib\urllib\request.py", line 525, in open
    response = self._open(req, data)
  File "E:\Users\Administrator\AppData\Local\Programs\Python\Python38\lib\urllib\request.py", line 542, in _open
    result = self._call_chain(self.handle_open, protocol, protocol +
  File "E:\Users\Administrator\AppData\Local\Programs\Python\Python38\lib\urllib\request.py", line 502, in _call_chain
    result = func(*args)
  File "E:\Users\Administrator\AppData\Local\Programs\Python\Python38\lib\urllib\request.py", line 1383, in http_open
    return self.do_open(http.client.HTTPConnection, req)
  File "E:\Users\Administrator\AppData\Local\Programs\Python\Python38\lib\urllib\request.py", line 1357, in do_open
    raise URLError(err)
urllib.error.URLError: <urlopen error [WinError 10061] 由于目标计算机积极拒绝，无法连接。>

During handling of the above exception, another exception occurred:

Traceback (most recent call last):
  File "..\elevator\elevatorApi.py", line 19, in http_get
    r = webutility.http_get(url, param,timeout=10,writelog=writelog)
  File "E:\安捷利电梯项目\AKMfloor\common\webutility.py", line 105, in http_get
    raise Exception("http get",url,params,"error:",str(e))
Exception: ('http get', 'http://127.0.0.1:5551/api/elevator/status', {'id': 'ELEVATOR01'}, 'error:', '<urlopen error [WinError 10061] 由于目标计算机积极拒绝，无法连接。>')

[CRITICAL]2021-04-01 09:32:38,005: elevatorApi cause a error: ('http get', 'http://127.0.0.1:5551/api/elevator/status', {'id': 'ELEVATOR01'}, 'error:', '<urlopen error [WinError 10061] 由于目标计算机积极拒绝，无法连接。>')
pid=3764, ppid=9004, tid=1364
Traceback (most recent call last):
  File "E:\Users\Administrator\AppData\Local\Programs\Python\Python38\lib\urllib\request.py", line 1354, in do_open
    h.request(req.get_method(), req.selector, req.data, headers,
  File "E:\Users\Administrator\AppData\Local\Programs\Python\Python38\lib\http\client.py", line 1255, in request
    self._send_request(method, url, body, headers, encode_chunked)
  File "E:\Users\Administrator\AppData\Local\Programs\Python\Python38\lib\http\client.py", line 1301, in _send_request
    self.endheaders(body, encode_chunked=encode_chunked)
  File "E:\Users\Administrator\AppData\Local\Programs\Python\Python38\lib\http\client.py", line 1250, in endheaders
    self._send_output(message_body, encode_chunked=encode_chunked)
  File "E:\Users\Administrator\AppData\Local\Programs\Python\Python38\lib\http\client.py", line 1010, in _send_output
    self.send(msg)
  File "E:\Users\Administrator\AppData\Local\Programs\Python\Python38\lib\http\client.py", line 950, in send
    self.connect()
  File "E:\Users\Administrator\AppData\Local\Programs\Python\Python38\lib\http\client.py", line 921, in connect
    self.sock = self._create_connection(
  File "E:\Users\Administrator\AppData\Local\Programs\Python\Python38\lib\socket.py", line 808, in create_connection
    raise err
  File "E:\Users\Administrator\AppData\Local\Programs\Python\Python38\lib\socket.py", line 796, in create_connection
    sock.connect(sa)
ConnectionRefusedError: [WinError 10061] 由于目标计算机积极拒绝，无法连接。

During handling of the above exception, another exception occurred:

Traceback (most recent call last):
  File "E:\安捷利电梯项目\AKMfloor\common\webutility.py", line 103, in http_get
    f = urllib.request.urlopen(u,timeout=timeout)
  File "E:\Users\Administrator\AppData\Local\Programs\Python\Python38\lib\urllib\request.py", line 222, in urlopen
    return opener.open(url, data, timeout)
  File "E:\Users\Administrator\AppData\Local\Programs\Python\Python38\lib\urllib\request.py", line 525, in open
    response = self._open(req, data)
  File "E:\Users\Administrator\AppData\Local\Programs\Python\Python38\lib\urllib\request.py", line 542, in _open
    result = self._call_chain(self.handle_open, protocol, protocol +
  File "E:\Users\Administrator\AppData\Local\Programs\Python\Python38\lib\urllib\request.py", line 502, in _call_chain
    result = func(*args)
  File "E:\Users\Administrator\AppData\Local\Programs\Python\Python38\lib\urllib\request.py", line 1383, in http_open
    return self.do_open(http.client.HTTPConnection, req)
  File "E:\Users\Administrator\AppData\Local\Programs\Python\Python38\lib\urllib\request.py", line 1357, in do_open
    raise URLError(err)
urllib.error.URLError: <urlopen error [WinError 10061] 由于目标计算机积极拒绝，无法连接。>

During handling of the above exception, another exception occurred:

Traceback (most recent call last):
  File "..\elevator\elevatorApi.py", line 19, in http_get
    r = webutility.http_get(url, param,timeout=10,writelog=writelog)
  File "E:\安捷利电梯项目\AKMfloor\common\webutility.py", line 105, in http_get
    raise Exception("http get",url,params,"error:",str(e))
Exception: ('http get', 'http://127.0.0.1:5551/api/elevator/status', {'id': 'ELEVATOR01'}, 'error:', '<urlopen error [WinError 10061] 由于目标计算机积极拒绝，无法连接。>')

[CRITICAL]2021-04-01 09:35:41,171: agvApi step callback cause a error: 'dict' object is not callable
pid=3764, ppid=9004, tid=5936
Traceback (most recent call last):
  File "E:\安捷利电梯项目\AKMfloor\agvCtrl\agvApi.py", line 261, in _checkFinish
    t.stepCallback(t.params,t.status)
TypeError: 'dict' object is not callable

[CRITICAL]2021-04-01 09:35:43,807: agvApi step callback cause a error: 'dict' object is not callable
pid=3764, ppid=9004, tid=5936
Traceback (most recent call last):
  File "E:\安捷利电梯项目\AKMfloor\agvCtrl\agvApi.py", line 261, in _checkFinish
    t.stepCallback(t.params,t.status)
TypeError: 'dict' object is not callable

[CRITICAL]2021-04-01 09:36:00,509: agvApi step callback cause a error: 'dict' object is not callable
pid=3764, ppid=9004, tid=5936
Traceback (most recent call last):
  File "E:\安捷利电梯项目\AKMfloor\agvCtrl\agvApi.py", line 261, in _checkFinish
    t.stepCallback(t.params,t.status)
TypeError: 'dict' object is not callable

[CRITICAL]2021-04-01 09:36:20,936: agvApi step callback cause a error: 'dict' object is not callable
pid=3764, ppid=9004, tid=5936
Traceback (most recent call last):
  File "E:\安捷利电梯项目\AKMfloor\agvCtrl\agvApi.py", line 261, in _checkFinish
    t.stepCallback(t.params,t.status)
TypeError: 'dict' object is not callable

[CRITICAL]2021-04-01 09:37:40,119: elevatorApi cause a error: ('http get', 'http://127.0.0.1:5551/api/elevator/status', {'id': 'ELEVATOR01'}, 'error:', 'timed out')
pid=3764, ppid=9004, tid=1364
Traceback (most recent call last):
  File "E:\安捷利电梯项目\AKMfloor\common\webutility.py", line 103, in http_get
    f = urllib.request.urlopen(u,timeout=timeout)
  File "E:\Users\Administrator\AppData\Local\Programs\Python\Python38\lib\urllib\request.py", line 222, in urlopen
    return opener.open(url, data, timeout)
  File "E:\Users\Administrator\AppData\Local\Programs\Python\Python38\lib\urllib\request.py", line 525, in open
    response = self._open(req, data)
  File "E:\Users\Administrator\AppData\Local\Programs\Python\Python38\lib\urllib\request.py", line 542, in _open
    result = self._call_chain(self.handle_open, protocol, protocol +
  File "E:\Users\Administrator\AppData\Local\Programs\Python\Python38\lib\urllib\request.py", line 502, in _call_chain
    result = func(*args)
  File "E:\Users\Administrator\AppData\Local\Programs\Python\Python38\lib\urllib\request.py", line 1383, in http_open
    return self.do_open(http.client.HTTPConnection, req)
  File "E:\Users\Administrator\AppData\Local\Programs\Python\Python38\lib\urllib\request.py", line 1358, in do_open
    r = h.getresponse()
  File "E:\Users\Administrator\AppData\Local\Programs\Python\Python38\lib\http\client.py", line 1347, in getresponse
    response.begin()
  File "E:\Users\Administrator\AppData\Local\Programs\Python\Python38\lib\http\client.py", line 307, in begin
    version, status, reason = self._read_status()
  File "E:\Users\Administrator\AppData\Local\Programs\Python\Python38\lib\http\client.py", line 268, in _read_status
    line = str(self.fp.readline(_MAXLINE + 1), "iso-8859-1")
  File "E:\Users\Administrator\AppData\Local\Programs\Python\Python38\lib\socket.py", line 669, in readinto
    return self._sock.recv_into(b)
socket.timeout: timed out

During handling of the above exception, another exception occurred:

Traceback (most recent call last):
  File "..\elevator\elevatorApi.py", line 19, in http_get
    r = webutility.http_get(url, param,timeout=10,writelog=writelog)
  File "E:\安捷利电梯项目\AKMfloor\common\webutility.py", line 105, in http_get
    raise Exception("http get",url,params,"error:",str(e))
Exception: ('http get', 'http://127.0.0.1:5551/api/elevator/status', {'id': 'ELEVATOR01'}, 'error:', 'timed out')

[CRITICAL]2021-04-01 09:38:08,123: elevatorApi cause a error: ('http get', 'http://127.0.0.1:5551/api/elevator/status', {'id': 'ELEVATOR01'}, 'error:', 'timed out')
pid=3764, ppid=9004, tid=1364
Traceback (most recent call last):
  File "E:\安捷利电梯项目\AKMfloor\common\webutility.py", line 103, in http_get
    f = urllib.request.urlopen(u,timeout=timeout)
  File "E:\Users\Administrator\AppData\Local\Programs\Python\Python38\lib\urllib\request.py", line 222, in urlopen
    return opener.open(url, data, timeout)
  File "E:\Users\Administrator\AppData\Local\Programs\Python\Python38\lib\urllib\request.py", line 525, in open
    response = self._open(req, data)
  File "E:\Users\Administrator\AppData\Local\Programs\Python\Python38\lib\urllib\request.py", line 542, in _open
    result = self._call_chain(self.handle_open, protocol, protocol +
  File "E:\Users\Administrator\AppData\Local\Programs\Python\Python38\lib\urllib\request.py", line 502, in _call_chain
    result = func(*args)
  File "E:\Users\Administrator\AppData\Local\Programs\Python\Python38\lib\urllib\request.py", line 1383, in http_open
    return self.do_open(http.client.HTTPConnection, req)
  File "E:\Users\Administrator\AppData\Local\Programs\Python\Python38\lib\urllib\request.py", line 1358, in do_open
    r = h.getresponse()
  File "E:\Users\Administrator\AppData\Local\Programs\Python\Python38\lib\http\client.py", line 1347, in getresponse
    response.begin()
  File "E:\Users\Administrator\AppData\Local\Programs\Python\Python38\lib\http\client.py", line 307, in begin
    version, status, reason = self._read_status()
  File "E:\Users\Administrator\AppData\Local\Programs\Python\Python38\lib\http\client.py", line 268, in _read_status
    line = str(self.fp.readline(_MAXLINE + 1), "iso-8859-1")
  File "E:\Users\Administrator\AppData\Local\Programs\Python\Python38\lib\socket.py", line 669, in readinto
    return self._sock.recv_into(b)
socket.timeout: timed out

During handling of the above exception, another exception occurred:

Traceback (most recent call last):
  File "..\elevator\elevatorApi.py", line 19, in http_get
    r = webutility.http_get(url, param,timeout=10,writelog=writelog)
  File "E:\安捷利电梯项目\AKMfloor\common\webutility.py", line 105, in http_get
    raise Exception("http get",url,params,"error:",str(e))
Exception: ('http get', 'http://127.0.0.1:5551/api/elevator/status', {'id': 'ELEVATOR01'}, 'error:', 'timed out')

[CRITICAL]2021-04-01 09:38:19,421: elevatorApi cause a error: ('http get', 'http://127.0.0.1:5551/api/elevator/status', {'id': 'ELEVATOR01'}, 'error:', 'timed out')
pid=3764, ppid=9004, tid=1364
Traceback (most recent call last):
  File "E:\安捷利电梯项目\AKMfloor\common\webutility.py", line 103, in http_get
    f = urllib.request.urlopen(u,timeout=timeout)
  File "E:\Users\Administrator\AppData\Local\Programs\Python\Python38\lib\urllib\request.py", line 222, in urlopen
    return opener.open(url, data, timeout)
  File "E:\Users\Administrator\AppData\Local\Programs\Python\Python38\lib\urllib\request.py", line 525, in open
    response = self._open(req, data)
  File "E:\Users\Administrator\AppData\Local\Programs\Python\Python38\lib\urllib\request.py", line 542, in _open
    result = self._call_chain(self.handle_open, protocol, protocol +
  File "E:\Users\Administrator\AppData\Local\Programs\Python\Python38\lib\urllib\request.py", line 502, in _call_chain
    result = func(*args)
  File "E:\Users\Administrator\AppData\Local\Programs\Python\Python38\lib\urllib\request.py", line 1383, in http_open
    return self.do_open(http.client.HTTPConnection, req)
  File "E:\Users\Administrator\AppData\Local\Programs\Python\Python38\lib\urllib\request.py", line 1358, in do_open
    r = h.getresponse()
  File "E:\Users\Administrator\AppData\Local\Programs\Python\Python38\lib\http\client.py", line 1347, in getresponse
    response.begin()
  File "E:\Users\Administrator\AppData\Local\Programs\Python\Python38\lib\http\client.py", line 307, in begin
    version, status, reason = self._read_status()
  File "E:\Users\Administrator\AppData\Local\Programs\Python\Python38\lib\http\client.py", line 268, in _read_status
    line = str(self.fp.readline(_MAXLINE + 1), "iso-8859-1")
  File "E:\Users\Administrator\AppData\Local\Programs\Python\Python38\lib\socket.py", line 669, in readinto
    return self._sock.recv_into(b)
socket.timeout: timed out

During handling of the above exception, another exception occurred:

Traceback (most recent call last):
  File "..\elevator\elevatorApi.py", line 19, in http_get
    r = webutility.http_get(url, param,timeout=10,writelog=writelog)
  File "E:\安捷利电梯项目\AKMfloor\common\webutility.py", line 105, in http_get
    raise Exception("http get",url,params,"error:",str(e))
Exception: ('http get', 'http://127.0.0.1:5551/api/elevator/status', {'id': 'ELEVATOR01'}, 'error:', 'timed out')

[CRITICAL]2021-04-01 09:38:30,862: elevatorApi cause a error: ('http get', 'http://127.0.0.1:5551/api/elevator/status', {'id': 'ELEVATOR01'}, 'error:', 'timed out')
pid=3764, ppid=9004, tid=1364
Traceback (most recent call last):
  File "E:\安捷利电梯项目\AKMfloor\common\webutility.py", line 103, in http_get
    f = urllib.request.urlopen(u,timeout=timeout)
  File "E:\Users\Administrator\AppData\Local\Programs\Python\Python38\lib\urllib\request.py", line 222, in urlopen
    return opener.open(url, data, timeout)
  File "E:\Users\Administrator\AppData\Local\Programs\Python\Python38\lib\urllib\request.py", line 525, in open
    response = self._open(req, data)
  File "E:\Users\Administrator\AppData\Local\Programs\Python\Python38\lib\urllib\request.py", line 542, in _open
    result = self._call_chain(self.handle_open, protocol, protocol +
  File "E:\Users\Administrator\AppData\Local\Programs\Python\Python38\lib\urllib\request.py", line 502, in _call_chain
    result = func(*args)
  File "E:\Users\Administrator\AppData\Local\Programs\Python\Python38\lib\urllib\request.py", line 1383, in http_open
    return self.do_open(http.client.HTTPConnection, req)
  File "E:\Users\Administrator\AppData\Local\Programs\Python\Python38\lib\urllib\request.py", line 1358, in do_open
    r = h.getresponse()
  File "E:\Users\Administrator\AppData\Local\Programs\Python\Python38\lib\http\client.py", line 1347, in getresponse
    response.begin()
  File "E:\Users\Administrator\AppData\Local\Programs\Python\Python38\lib\http\client.py", line 307, in begin
    version, status, reason = self._read_status()
  File "E:\Users\Administrator\AppData\Local\Programs\Python\Python38\lib\http\client.py", line 268, in _read_status
    line = str(self.fp.readline(_MAXLINE + 1), "iso-8859-1")
  File "E:\Users\Administrator\AppData\Local\Programs\Python\Python38\lib\socket.py", line 669, in readinto
    return self._sock.recv_into(b)
socket.timeout: timed out

During handling of the above exception, another exception occurred:

Traceback (most recent call last):
  File "..\elevator\elevatorApi.py", line 19, in http_get
    r = webutility.http_get(url, param,timeout=10,writelog=writelog)
  File "E:\安捷利电梯项目\AKMfloor\common\webutility.py", line 105, in http_get
    raise Exception("http get",url,params,"error:",str(e))
Exception: ('http get', 'http://127.0.0.1:5551/api/elevator/status', {'id': 'ELEVATOR01'}, 'error:', 'timed out')

[CRITICAL]2021-04-01 09:38:42,150: elevatorApi cause a error: ('http get', 'http://127.0.0.1:5551/api/elevator/status', {'id': 'ELEVATOR01'}, 'error:', 'timed out')
pid=3764, ppid=9004, tid=1364
Traceback (most recent call last):
  File "E:\安捷利电梯项目\AKMfloor\common\webutility.py", line 103, in http_get
    f = urllib.request.urlopen(u,timeout=timeout)
  File "E:\Users\Administrator\AppData\Local\Programs\Python\Python38\lib\urllib\request.py", line 222, in urlopen
    return opener.open(url, data, timeout)
  File "E:\Users\Administrator\AppData\Local\Programs\Python\Python38\lib\urllib\request.py", line 525, in open
    response = self._open(req, data)
  File "E:\Users\Administrator\AppData\Local\Programs\Python\Python38\lib\urllib\request.py", line 542, in _open
    result = self._call_chain(self.handle_open, protocol, protocol +
  File "E:\Users\Administrator\AppData\Local\Programs\Python\Python38\lib\urllib\request.py", line 502, in _call_chain
    result = func(*args)
  File "E:\Users\Administrator\AppData\Local\Programs\Python\Python38\lib\urllib\request.py", line 1383, in http_open
    return self.do_open(http.client.HTTPConnection, req)
  File "E:\Users\Administrator\AppData\Local\Programs\Python\Python38\lib\urllib\request.py", line 1358, in do_open
    r = h.getresponse()
  File "E:\Users\Administrator\AppData\Local\Programs\Python\Python38\lib\http\client.py", line 1347, in getresponse
    response.begin()
  File "E:\Users\Administrator\AppData\Local\Programs\Python\Python38\lib\http\client.py", line 307, in begin
    version, status, reason = self._read_status()
  File "E:\Users\Administrator\AppData\Local\Programs\Python\Python38\lib\http\client.py", line 268, in _read_status
    line = str(self.fp.readline(_MAXLINE + 1), "iso-8859-1")
  File "E:\Users\Administrator\AppData\Local\Programs\Python\Python38\lib\socket.py", line 669, in readinto
    return self._sock.recv_into(b)
socket.timeout: timed out

During handling of the above exception, another exception occurred:

Traceback (most recent call last):
  File "..\elevator\elevatorApi.py", line 19, in http_get
    r = webutility.http_get(url, param,timeout=10,writelog=writelog)
  File "E:\安捷利电梯项目\AKMfloor\common\webutility.py", line 105, in http_get
    raise Exception("http get",url,params,"error:",str(e))
Exception: ('http get', 'http://127.0.0.1:5551/api/elevator/status', {'id': 'ELEVATOR01'}, 'error:', 'timed out')

[CRITICAL]2021-04-01 09:38:53,467: elevatorApi cause a error: ('http get', 'http://127.0.0.1:5551/api/elevator/status', {'id': 'ELEVATOR01'}, 'error:', 'timed out')
pid=3764, ppid=9004, tid=1364
Traceback (most recent call last):
  File "E:\安捷利电梯项目\AKMfloor\common\webutility.py", line 103, in http_get
    f = urllib.request.urlopen(u,timeout=timeout)
  File "E:\Users\Administrator\AppData\Local\Programs\Python\Python38\lib\urllib\request.py", line 222, in urlopen
    return opener.open(url, data, timeout)
  File "E:\Users\Administrator\AppData\Local\Programs\Python\Python38\lib\urllib\request.py", line 525, in open
    response = self._open(req, data)
  File "E:\Users\Administrator\AppData\Local\Programs\Python\Python38\lib\urllib\request.py", line 542, in _open
    result = self._call_chain(self.handle_open, protocol, protocol +
  File "E:\Users\Administrator\AppData\Local\Programs\Python\Python38\lib\urllib\request.py", line 502, in _call_chain
    result = func(*args)
  File "E:\Users\Administrator\AppData\Local\Programs\Python\Python38\lib\urllib\request.py", line 1383, in http_open
    return self.do_open(http.client.HTTPConnection, req)
  File "E:\Users\Administrator\AppData\Local\Programs\Python\Python38\lib\urllib\request.py", line 1358, in do_open
    r = h.getresponse()
  File "E:\Users\Administrator\AppData\Local\Programs\Python\Python38\lib\http\client.py", line 1347, in getresponse
    response.begin()
  File "E:\Users\Administrator\AppData\Local\Programs\Python\Python38\lib\http\client.py", line 307, in begin
    version, status, reason = self._read_status()
  File "E:\Users\Administrator\AppData\Local\Programs\Python\Python38\lib\http\client.py", line 268, in _read_status
    line = str(self.fp.readline(_MAXLINE + 1), "iso-8859-1")
  File "E:\Users\Administrator\AppData\Local\Programs\Python\Python38\lib\socket.py", line 669, in readinto
    return self._sock.recv_into(b)
socket.timeout: timed out

During handling of the above exception, another exception occurred:

Traceback (most recent call last):
  File "..\elevator\elevatorApi.py", line 19, in http_get
    r = webutility.http_get(url, param,timeout=10,writelog=writelog)
  File "E:\安捷利电梯项目\AKMfloor\common\webutility.py", line 105, in http_get
    raise Exception("http get",url,params,"error:",str(e))
Exception: ('http get', 'http://127.0.0.1:5551/api/elevator/status', {'id': 'ELEVATOR01'}, 'error:', 'timed out')

[CRITICAL]2021-04-01 09:39:41,842: agv thread cause a error: AGV03执行move AP29取消,taskId:home_2
pid=3764, ppid=9004, tid=15840

