[INFO]2021-04-27 11:48:00,313: log files at E:\projects_by_myself\backup\MeiWei_back_0421\common\log
[INFO]2021-04-27 11:48:00,314: find module account.main_account
[INFO]2021-04-27 11:48:00,316: find module agvCtrl.main_agv
[INFO]2021-04-27 11:48:00,316: find module agvDevice.main_agvDevice
[INFO]2021-04-27 11:48:00,317: find module akmCtrl.main_akmCtrl
[INFO]2021-04-27 11:48:00,318: find module alarm.main_alarm
[INFO]2021-04-27 11:48:00,319: find module auth.main_auth
[INFO]2021-04-27 11:48:00,320: find module door.main_door
[INFO]2021-04-27 11:48:00,321: find module elevator.main_elevator
[INFO]2021-04-27 11:48:00,327: find module feed.main_feed
[INFO]2021-04-27 11:48:00,328: find module remoteio.main_remoteio
[INFO]2021-04-27 11:48:00,330: import account.main_account
[INFO]2021-04-27 11:48:00,441: import agvCtrl.main_agv
[INFO]2021-04-27 11:48:00,800: create lock <lock name:doorMgr.lock,<unlocked _thread.RLock object owner=0 count=0 at 0x000001D223B06E70>>
[INFO]2021-04-27 11:48:01,711: create lock <lock name:door.lock,<unlocked _thread.RLock object owner=0 count=0 at 0x000001D223B213F0>>
[INFO]2021-04-27 11:48:01,821: create lock <lock name:timer.lock_2002060223008,<unlocked _thread.RLock object owner=0 count=0 at 0x000001D22416A390>>
[ERROR]2021-04-27 11:48:01,833: mqtt is disabled
[INFO]2021-04-27 11:48:01,834: mqtt: subscribe [alarm/raise/+]
[INFO]2021-04-27 11:48:01,836: mqtt: subscribe [alarm/clear/+]
[INFO]2021-04-27 11:48:04,877: Mongodb connect to 127.0.0.1 port 27017
[INFO]2021-04-27 11:48:04,922: create lock <lock name:elevatorApi.g_lock,<unlocked _thread.RLock object owner=0 count=0 at 0x000001D225355A50>>
[INFO]2021-04-27 11:48:04,924: create lock <lock name:elevatorMgr.lock,<unlocked _thread.RLock object owner=0 count=0 at 0x000001D22534ADB0>>
[INFO]2021-04-27 11:48:05,136: create lock <lock name:mapMgr.lock,<unlocked _thread.RLock object owner=0 count=0 at 0x000001D2253649F0>>
[INFO]2021-04-27 11:48:05,427: create lock <lock name:agvList.g_agvLock,<unlocked _thread.RLock object owner=0 count=0 at 0x000001D22548E7E0>>
[INFO]2021-04-27 11:48:05,431: create lock <lock name:taskList.lock,<unlocked _thread.RLock object owner=0 count=0 at 0x000001D2254BF810>>
[INFO]2021-04-27 11:48:05,509: charge policy 1 , fix time
[INFO]2021-04-27 11:48:05,548: create lock <lock name:agvApi.g_lock,<unlocked _thread.RLock object owner=0 count=0 at 0x000001D2254CB3F0>>
[INFO]2021-04-27 11:48:06,123: start load map E:\projects_by_myself\backup\MeiWei_back_0421\agvCtrl\projects\AKMfloor\AKM2F.smap
[DEBUG]2021-04-27 11:48:06,244: elevator thread start
[INFO]2021-04-27 11:48:06,264: load map E:\projects_by_myself\backup\MeiWei_back_0421\agvCtrl\projects\AKMfloor\AKM2F.smap ,used 151 ms
[INFO]2021-04-27 11:48:06,279: start load map E:\projects_by_myself\backup\MeiWei_back_0421\agvCtrl\projects\AKMfloor\AKM4F.smap
[INFO]2021-04-27 11:48:06,352: load map E:\projects_by_myself\backup\MeiWei_back_0421\agvCtrl\projects\AKMfloor\AKM4F.smap ,used 87 ms
[INFO]2021-04-27 11:48:06,362: start load map E:\projects_by_myself\backup\MeiWei_back_0421\agvCtrl\projects\AKMfloor\akmsmtMap.smap
[INFO]2021-04-27 11:48:06,573: load map E:\projects_by_myself\backup\MeiWei_back_0421\agvCtrl\projects\AKMfloor\akmsmtMap.smap ,used 220 ms
[INFO]2021-04-27 11:48:06,583: start load map E:\projects_by_myself\backup\MeiWei_back_0421\agvCtrl\projects\AKMfloor\meiwei423.smap
[INFO]2021-04-27 11:48:06,670: load map E:\projects_by_myself\backup\MeiWei_back_0421\agvCtrl\projects\AKMfloor\meiwei423.smap ,used 96 ms
[INFO]2021-04-27 11:48:06,681: start load map E:\projects_by_myself\backup\MeiWei_back_0421\agvCtrl\projects\AKMfloor\untitled_20210420032952.smap
[INFO]2021-04-27 11:48:06,720: load map E:\projects_by_myself\backup\MeiWei_back_0421\agvCtrl\projects\AKMfloor\untitled_20210420032952.smap ,used 49 ms
[INFO]2021-04-27 11:48:06,724: import agvDevice.main_agvDevice
[INFO]2021-04-27 11:48:06,725: import akmCtrl.main_akmCtrl
[INFO]2021-04-27 11:48:06,743: create lock <lock name:runTasks.g_lock,<unlocked _thread.RLock object owner=0 count=0 at 0x000001D222F29E40>>
[INFO]2021-04-27 11:48:06,759: create lock <lock name:agvApi.g_lock,<unlocked _thread.RLock object owner=0 count=0 at 0x000001D229737750>>
[INFO]2021-04-27 11:48:06,777: create lock <lock name:runTasks.pre_lock,<unlocked _thread.RLock object owner=0 count=0 at 0x000001D229627960>>
[INFO]2021-04-27 11:48:06,779: create lock <lock name:timer.lock_2002040879664,<unlocked _thread.RLock object owner=0 count=0 at 0x000001D222EF74B0>>
[INFO]2021-04-27 11:48:06,783: create lock <lock name:mapMgr.lock,<unlocked _thread.RLock object owner=0 count=0 at 0x000001D225A47D50>>
[INFO]2021-04-27 11:48:07,480: import alarm.main_alarm
[INFO]2021-04-27 11:48:07,481: import auth.main_auth
[INFO]2021-04-27 11:48:07,490: import door.main_door
[INFO]2021-04-27 11:48:07,493: import elevator.main_elevator
[INFO]2021-04-27 11:48:07,494: import feed.main_feed
[INFO]2021-04-27 11:48:07,505: create lock <lock name:feedTask.g_lock,<unlocked _thread.RLock object owner=0 count=0 at 0x000001D2296B2750>>
[INFO]2021-04-27 11:48:07,557: import remoteio.main_remoteio
[SUCC]2021-04-27 11:48:07,568: utility start, pid=7312, ppid=13352
[DEBUG]2021-04-27 11:48:07,569: start timer
[INFO]2021-04-27 11:48:07,581: load agv file: E:\projects_by_myself\backup\MeiWei_back_0421\agvCtrl/projects/AKMfloor/agv.cfg
[INFO]2021-04-27 11:48:07,582: create lock <lock name:agvList.AGV30.lock,<unlocked _thread.RLock object owner=0 count=0 at 0x000001D2296C4180>>
[DEBUG]2021-04-27 11:48:07,584: create aliveObj AGV30 AGV离线异常 timeout 300
[INFO]2021-04-27 11:48:07,586: AGV30 start agvList run thread
[INFO]2021-04-27 11:48:07,586: AGV30 start agvList run2 thread
[INFO]2021-04-27 11:48:07,587: create lock <lock name:agv.AGV30.lock_status,<unlocked _thread.RLock object owner=0 count=0 at 0x000001D2296D6E70>>
[DEBUG]2021-04-27 11:48:07,589: try connect AGV30 192.168.8.68:19204
[DEBUG]2021-04-27 11:48:07,593: start timer
[INFO]2021-04-27 11:48:07,594: add_ignore: taskStatus
[INFO]2021-04-27 11:48:07,595: add_ignore: api/elevator/status
[INFO]2021-04-27 11:48:07,596: add_ignore: scada/getTask
[INFO]2021-04-27 11:48:07,625: AGV30 connected 192.168.8.68 19204
[INFO]2021-04-27 11:48:07,626: create lock <lock name:agv.AGV30.lock_ctrl,<unlocked _thread.RLock object owner=0 count=0 at 0x000001D2296D6DB0>>
[DEBUG]2021-04-27 11:48:07,627: try connect AGV30 192.168.8.68:19205
[INFO]2021-04-27 11:48:07,661: AGV30 connected 192.168.8.68 19205
[INFO]2021-04-27 11:48:07,663: create lock <lock name:agv.AGV30.lock_task,<unlocked _thread.RLock object owner=0 count=0 at 0x000001D2296D6CF0>>
[DEBUG]2021-04-27 11:48:07,664: try connect AGV30 192.168.8.68:19206
[INFO]2021-04-27 11:48:07,696: AGV30 connected 192.168.8.68 19206
[INFO]2021-04-27 11:48:07,724: create lock <lock name:agv.AGV30.lock_conf,<unlocked _thread.RLock object owner=0 count=0 at 0x000001D2296D6DE0>>
[DEBUG]2021-04-27 11:48:07,724: try connect AGV30 192.168.8.68:19207
[INFO]2021-04-27 11:48:07,764: AGV30 connected 192.168.8.68 19207
[INFO]2021-04-27 11:48:07,765: create lock <lock name:agv.AGV30.lock_core,<unlocked _thread.RLock object owner=0 count=0 at 0x000001D229700B70>>
[DEBUG]2021-04-27 11:48:07,766: try connect AGV30 192.168.8.68:19208
[INFO]2021-04-27 11:48:07,800: AGV30 connected 192.168.8.68 19208
[INFO]2021-04-27 11:48:07,801: create lock <lock name:agv.AGV30.lock_other,<unlocked _thread.RLock object owner=0 count=0 at 0x000001D229700C30>>
[DEBUG]2021-04-27 11:48:07,802: try connect AGV30 192.168.8.68:19210
[INFO]2021-04-27 11:48:07,836: AGV30 connected 192.168.8.68 19210
[INFO]2021-04-27 11:48:07,952: AGV30 current map meiwei423
[INFO]2021-04-27 11:48:08,005: AGV30 is online
[WARNING]2021-04-27 11:48:08,040: clear alarm obj=AGV30, typeId=4002, id=6087884f32371f6cf59b55ef
[INFO]2021-04-27 11:48:08,557: AGV30 require control
[DEBUG]2021-04-27 11:48:08,611: GET: http://127.0.0.1:5551/api/agv/init?appName=MeiWeiTask addr: 127.0.0.1
[INFO]2021-04-27 11:48:08,614: MeiWeiTask init client agvApi
[DEBUG]2021-04-27 11:48:08,617: used 6ms 200 OK application/json;charset=utf-8, GET: http://127.0.0.1:5551/api/agv/init?appName=MeiWeiTask
[DEBUG]2021-04-27 11:48:11,771: GET: http://127.0.0.1:5551/api/agv/startCharge?appName=MeiWeiTask addr: 127.0.0.1
[DEBUG]2021-04-27 11:48:11,882: used 111ms 200 OK application/json;charset=utf-8, GET: http://127.0.0.1:5551/api/agv/startCharge?appName=MeiWeiTask
[WARNING]2021-04-27 11:48:12,004: timer_thread[tid:10768] <lock name:runTasks.g_lock,<locked _thread.RLock object owner=10768 count=1 at 0x000001D222F29E40>> ,hold 3399 ms
[INFO]2021-04-27 11:48:12,304: name=timer_thread, pid=7312, tid=10768
[01] File "E:/Users/Administrator/AppData/Local/Programs/Python/Python38/lib/threading.py", line 870, in run() 
[02] File "../common/mytimer.py", line 113, in _loop() 
[03] File "../common/lock.py", line 122, in _call() 
[04] File "../common/lock.py", line 100, in release() 
[05] File "E:/projects_by_myself/backup/MeiWei_back_0421/common/enhance.py", line 258, in getTrace() 
[06] File "E:/projects_by_myself/backup/MeiWei_back_0421/common/enhance.py", line 240, in getThreadStack()
[DEBUG]2021-04-27 11:48:40,027: GET: http://127.0.0.1:5551/api/scada/addTaskByPad?source=MeiWeiSource&target=MeiWeiTarget addr: 127.0.0.1
[INFO]2021-04-27 11:48:40,122: create task[60878998897b06715c38791a]: type= scadaTask , 从MeiWeiSource运送货架到MeiWeiTarget {'source': 'MeiWeiSource', 'target': 'MeiWeiTarget', 'payloadId': None, 'priority': 1, 'type': 'scadaTask', 'taskName': '从MeiWeiSource运送货架到MeiWeiTarget', 'createTime': datetime.datetime(2021, 4, 27, 11, 48, 40, 106869), 'updateTime': datetime.datetime(2021, 4, 27, 11, 48, 40, 106869), 'startTime': None, 'endTime': None, 'status': 'waiting', 'step': 'waiting', 'failMsg': None, 'history': [], '_id': ObjectId('60878998897b06715c38791a')}
[DEBUG]2021-04-27 11:48:40,485: used 458ms 200 OK application/json;charset=utf-8, GET: http://127.0.0.1:5551/api/scada/addTaskByPad?source=MeiWeiSource&target=MeiWeiTarget
[INFO]2021-04-27 11:48:40,518: task[60878998897b06715c38791a]:  start {'failMsg': '任务等待执行', 'startTime': datetime.datetime(2021, 4, 27, 11, 48, 40, 486767), 'updateTime': datetime.datetime(2021, 4, 27, 11, 48, 40, 486767), 'status': 'running'}
[INFO]2021-04-27 11:48:40,629: task: start task[60878998897b06715c38791a][-] 6(1) -> 7(8) [waiting]
[INFO]2021-04-27 11:48:40,753: task[60878998897b06715c38791a] update info: {'failMsg': '等待分配小车', 'updateTime': datetime.datetime(2021, 4, 27, 11, 48, 40, 721134)}
[DEBUG]2021-04-27 11:48:40,817: task[60878998897b06715c38791a][-] 6(1) -> 7(8) [waitForAgv] waiting -> waitForAgv
[INFO]2021-04-27 11:48:42,093: ******************url********************: http://127.0.0.1:5551
[DEBUG]2021-04-27 11:48:42,346: GET: http://127.0.0.1:5551/api/agv/apply?appName=MeiWeiTask&autoLock=False&exclude&loc=1&mapId=meiwei423&taskId=60878998897b06715c38791a&timeout=10 addr: 127.0.0.1
[INFO]2021-04-27 11:48:45,918: apply AGV30 ,taskId: 60878998897b06715c38791a ,loc meiwei423.1 ,autoLock False , used 3476 ms
[WARNING]2021-04-27 11:48:45,995: worker 3[tid:17100] <lock name:mapMgr.lock,<locked _thread.RLock object owner=17100 count=1 at 0x000001D2253649F0>> ,hold 3553 ms
[INFO]2021-04-27 11:48:46,310: name=worker 3, pid=7312, tid=17100
[01] File "E:/Users/Administrator/AppData/Local/Programs/Python/Python38/lib/threading.py", line 870, in run() 
[02] File "E:/Users/Administrator/AppData/Local/Programs/Python/Python38/lib/site-packages/paste/httpserver.py", line 903, in worker_thread_callback() 
[03] File "E:/Users/Administrator/AppData/Local/Programs/Python/Python38/lib/site-packages/paste/httpserver.py", line 1077, in <lambda>() 
[04] File "E:/Users/Administrator/AppData/Local/Programs/Python/Python38/lib/site-packages/paste/httpserver.py", line 1092, in process_request_in_thread() 
[05] File "E:/Users/Administrator/AppData/Local/Programs/Python/Python38/lib/socketserver.py", line 360, in finish_request() 
[06] File "E:/Users/Administrator/AppData/Local/Programs/Python/Python38/lib/socketserver.py", line 720, in __init__() 
[07] File "E:/Users/Administrator/AppData/Local/Programs/Python/Python38/lib/site-packages/paste/httpserver.py", line 460, in handle() 
[08] File "E:/Users/Administrator/AppData/Local/Programs/Python/Python38/lib/http/server.py", line 427, in handle() 
[09] File "E:/Users/Administrator/AppData/Local/Programs/Python/Python38/lib/site-packages/paste/httpserver.py", line 455, in handle_one_request() 
[10] File "E:/Users/Administrator/AppData/Local/Programs/Python/Python38/lib/site-packages/paste/httpserver.py", line 304, in wsgi_execute() 
[11] File "E:/Users/Administrator/AppData/Local/Programs/Python/Python38/lib/site-packages/paste/translogger.py", line 69, in __call__() 
[12] File "E:/Users/Administrator/AppData/Local/Programs/Python/Python38/lib/site-packages/bottle.py", line 985, in __call__() 
[13] File "E:/Users/Administrator/AppData/Local/Programs/Python/Python38/lib/site-packages/bottle.py", line 960, in wsgi() 
[14] File "E:/Users/Administrator/AppData/Local/Programs/Python/Python38/lib/site-packages/bottle.py", line 868, in _handle() 
[15] File "E:/Users/Administrator/AppData/Local/Programs/Python/Python38/lib/site-packages/bottle.py", line 1748, in wrapper() 
[16] File "E:/projects_by_myself/backup/MeiWei_back_0421/common/webutility.py", line 466, in _enable_cors() 
[17] File "E:/projects_by_myself/backup/MeiWei_back_0421/common/webutility.py", line 482, in _enable_cors() 
[18] File "E:/projects_by_myself/backup/MeiWei_back_0421/common/scadaUtility.py", line 45, in __call() 
[19] File "E:/projects_by_myself/backup/MeiWei_back_0421/agvCtrl/main_agv.py", line 58, in urlApply() 
[20] File "E:/projects_by_myself/backup/MeiWei_back_0421/agvCtrl/agvControl.py", line 1108, in apply() 
[21] File "E:/projects_by_myself/backup/MeiWei_back_0421/common/lock.py", line 122, in _call() 
[22] File "E:/projects_by_myself/backup/MeiWei_back_0421/common/lock.py", line 100, in release() 
[23] File "E:/projects_by_myself/backup/MeiWei_back_0421/common/enhance.py", line 258, in getTrace() 
[24] File "E:/projects_by_myself/backup/MeiWei_back_0421/common/enhance.py", line 240, in getThreadStack()
[DEBUG]2021-04-27 11:48:46,405: used 4059ms 200 OK application/json;charset=utf-8, GET: http://127.0.0.1:5551/api/agv/apply?appName=MeiWeiTask&autoLock=False&exclude&loc=1&mapId=meiwei423&taskId=60878998897b06715c38791a&timeout=10
[DEBUG]2021-04-27 11:48:46,768: GET: http://127.0.0.1:5551/api/agv/lock?agv=AGV30&appName=MeiWeiTask&taskId=60878998897b06715c38791a addr: 127.0.0.1
[DEBUG]2021-04-27 11:48:46,895: lock:  AGV30 taskId 60878998897b06715c38791a app MeiWeiTask
[WARNING]2021-04-27 11:48:47,987: AGV30 clear task finish, cur= meiwei423.9 task_status= 4
[DEBUG]2021-04-27 11:48:48,082: used 1314ms 200 OK application/json;charset=utf-8, GET: http://127.0.0.1:5551/api/agv/lock?agv=AGV30&appName=MeiWeiTask&taskId=60878998897b06715c38791a
[INFO]2021-04-27 11:48:48,236: task[60878998897b06715c38791a][-] 6(1) -> 7(8) [waitForAgv] apply AGV30
[INFO]2021-04-27 11:48:48,375: task[60878998897b06715c38791a] update info: {'agvId': 'AGV30', 'failMsg': '成功分配小车AGV30,检测顶升下降', 'updateTime': datetime.datetime(2021, 4, 27, 11, 48, 48, 343437)}
[WARNING]2021-04-27 11:48:48,502: scada.60878998897b06715c38791a[tid:5036] <locked _thread.RLock object owner=5036 count=1 at 0x000001D229401A20> ,hold 6409 ms
[INFO]2021-04-27 11:48:49,088: name=scada.60878998897b06715c38791a, pid=7312, tid=5036
[01] File "E:/Users/Administrator/AppData/Local/Programs/Python/Python38/lib/threading.py", line 870, in run() 
[02] File "../common/utility.py", line 167, in __call() 
[03] File "E:/projects_by_myself/backup/MeiWei_back_0421/akmCtrl/beans/scadaTaskBean.py", line 549, in _taskFunc() 
[04] File "../common/lock.py", line 122, in _call() 
[05] File "../common/lock.py", line 100, in release() 
[06] File "E:/projects_by_myself/backup/MeiWei_back_0421/common/enhance.py", line 258, in getTrace() 
[07] File "E:/projects_by_myself/backup/MeiWei_back_0421/common/enhance.py", line 240, in getThreadStack()
[DEBUG]2021-04-27 11:48:49,214: task[60878998897b06715c38791a][AGV30] 6(1) -> 7(8) [initJackdown] waitForAgv -> initJackdown
[INFO]2021-04-27 11:48:49,688: task[60878998897b06715c38791a][AGV30] 6(1) -> 7(8) [initJackdown] _jackDown
[DEBUG]2021-04-27 11:48:49,800: send http_get: http://127.0.0.1:5551/api/agv/jackdownOld?agv=AGV30&loc=None&timeoutSec=90
[DEBUG]2021-04-27 11:48:50,055: GET: http://127.0.0.1:5551/api/agv/jackdownOld?agv=AGV30&loc=None&timeoutSec=90 addr: 127.0.0.1
[INFO]2021-04-27 11:48:50,135: ************run jackDownOld********************
[DEBUG]2021-04-27 11:48:50,481: used 426ms 200 OK application/json;charset=utf-8, GET: http://127.0.0.1:5551/api/agv/jackdownOld?agv=AGV30&loc=None&timeoutSec=90
[DEBUG]2021-04-27 11:48:50,653: [return] use 853 ms,http_get: http://127.0.0.1:5551/api/agv/jackdownOld?agv=AGV30&loc=None&timeoutSec=90
[INFO]2021-04-27 11:48:50,810: task[60878998897b06715c38791a] update info: {'failMsg': '前往MeiWeiSource工位点拉取货架', 'updateTime': datetime.datetime(2021, 4, 27, 11, 48, 50, 762992)}
[DEBUG]2021-04-27 11:48:50,906: task[60878998897b06715c38791a][AGV30] 6(1) -> 7(8) [moveToPreSrc] initJackdown -> moveToPreSrc
[INFO]2021-04-27 11:48:51,462: ***************调用move方法
[DEBUG]2021-04-27 11:48:51,563: GET: http://127.0.0.1:5551/api/agv/move?WorkPlace=None&agv=AGV30&agvId=AGV30&appName=MeiWeiTask&floorId=meiwei423&isRotate&loc=meiwei423.1&location=1&taskId=60878998897b06715c38791a_2&taskType=scadaTask&timeoutSec=86400 addr: 127.0.0.1
[INFO]2021-04-27 11:48:51,565: -------------------------根据move函数会根据main_agv.py来到agvControl函数中的move中----------555---------
[INFO]2021-04-27 11:48:51,566: ---------------------move函数中的_func()函数中-------------------------666--------------------
[INFO]2021-04-27 11:48:51,566: -------------------------6666中的if判断是否进入agvList.py中的moveJackup函数----------------------------
[INFO]2021-04-27 11:48:51,567: 9 1 meiwei423 meiwei423
[INFO]2021-04-27 11:48:51,568: -------------------------------pass------------------------------
[INFO]2021-04-27 11:48:51,576: Begin: AGV30 move from meiwei423.9 to meiwei423.1 by paths: [('meiwei423', ['9', '7', '8', '6', '1'], 26.065498026668134)] task: 60878998897b06715c38791a_2 timeout 86400 used 10 ms
[DEBUG]2021-04-27 11:48:51,577: used 14ms 200 OK application/json;charset=utf-8, GET: http://127.0.0.1:5551/api/agv/move?WorkPlace=None&agv=AGV30&agvId=AGV30&appName=MeiWeiTask&floorId=meiwei423&isRotate&loc=meiwei423.1&location=1&taskId=60878998897b06715c38791a_2&taskType=scadaTask&timeoutSec=86400
[INFO]2021-04-27 11:48:51,581: 移动到source的前置点 1
[DEBUG]2021-04-27 11:48:51,582: task[60878998897b06715c38791a][AGV30] 6(1) -> 7(8) [moveToPreSrc_onfinish] moveToPreSrc -> moveToPreSrc_onfinish
[DEBUG]2021-04-27 11:48:52,205: agvInfo: AGV30 meiwei423.9 move to meiwei423.7 ,taskId 60878998897b06715c38791a_2
[INFO]2021-04-27 11:48:52,206: goTarget {'id': '7', 'ignoreAngle': True}
[DEBUG]2021-04-27 11:48:52,765: AGV30 choise next pos cur 9 next 8 pre 7 5.017 True
[DEBUG]2021-04-27 11:48:52,768: AGV30 choise next pos cur 9 next 6 pre 8 25.235 False
[DEBUG]2021-04-27 11:48:52,770: AGV30 turn to wait check cur 9 next 6 25.235 False
[DEBUG]2021-04-27 11:48:53,328: agvInfo: AGV30 meiwei423.9 move to meiwei423.6 ,taskId 60878998897b06715c38791a_2
[INFO]2021-04-27 11:48:53,331: goTarget {'id': '6', 'ignoreAngle': True}
[WARNING]2021-04-27 11:48:53,883: AGV30 clear task,taskId= 60878998897b06715c38791a_2 map= meiwei423 paths= 9,7,8,6,1 task_status= 5
[WARNING]2021-04-27 11:48:54,892: AGV30 clear task finish, cur= meiwei423.9 task_status= 5
[WARNING]2021-04-27 11:48:55,945: AGV30 clear task finish, cur= meiwei423.9 task_status= 5
[CRITICAL]2021-04-27 11:48:55,953: agv thread cause a error: AGV30执行move 1失败,taskId:60878998897b06715c38791a_2
pid=7312, ppid=13352, tid=9436

[ERROR]2021-04-27 11:48:55,954: AGV30 failed to arrived meiwei423.1 ,task: 60878998897b06715c38791a_2 error AGV30执行move 1失败,taskId:60878998897b06715c38791a_2
[INFO]2021-04-27 11:48:56,204: task: move finish callback task[60878998897b06715c38791a][AGV30] 6(1) -> 7(8) [moveToPreSrc_onfinish]
[WARNING]2021-04-27 11:48:56,207: task[60878998897b06715c38791a]:  error {'failMsg': 'AGV30执行move 1失败,taskId:60878998897b06715c38791a_2', 'endTime': datetime.datetime(2021, 4, 27, 11, 48, 56, 205266), 'status': 'error'}
[INFO]2021-04-27 11:48:56,295: task[60878998897b06715c38791a][AGV30] 6(1) -> 7(8) [moveToPreSrc_onfinish] AGV30 release task, release agv True True False
[DEBUG]2021-04-27 11:48:56,311: GET: http://127.0.0.1:5551/api/agv/isLocked?agv=AGV30&appName=MeiWeiTask&taskId=60878998897b06715c38791a addr: 127.0.0.1
[DEBUG]2021-04-27 11:48:56,313: used 2ms 200 OK application/json;charset=utf-8, GET: http://127.0.0.1:5551/api/agv/isLocked?agv=AGV30&appName=MeiWeiTask&taskId=60878998897b06715c38791a
[DEBUG]2021-04-27 11:48:56,317: GET: http://127.0.0.1:5551/api/agv/release?agv=AGV30&appName=MeiWeiTask&force=False&taskId=60878998897b06715c38791a addr: 127.0.0.1
[DEBUG]2021-04-27 11:48:56,319: unlock: AGV30 taskId 60878998897b06715c38791a app MeiWeiTask force False
[DEBUG]2021-04-27 11:48:56,321: used 3ms 200 OK application/json;charset=utf-8, GET: http://127.0.0.1:5551/api/agv/release?agv=AGV30&appName=MeiWeiTask&force=False&taskId=60878998897b06715c38791a
[INFO]2021-04-27 11:48:56,324: task[60878998897b06715c38791a][AGV30] 6(1) -> 7(8) [moveToPreSrc_onfinish] let AGV30 gohome
[DEBUG]2021-04-27 11:48:56,342: GET: http://127.0.0.1:5551/api/agv/goHome?agv=AGV30&appName=MeiWeiTask&force=False&timeout=10800 addr: 127.0.0.1
[INFO]2021-04-27 11:48:56,346: AGV30 is in home loc meiwei423.9
[DEBUG]2021-04-27 11:48:56,347: used 5ms 200 OK application/json;charset=utf-8, GET: http://127.0.0.1:5551/api/agv/goHome?agv=AGV30&appName=MeiWeiTask&force=False&timeout=10800
[INFO]2021-04-27 11:48:56,350: task: stop task[60878998897b06715c38791a][-] 6(1) -> 7(8) [moveToPreSrc_onfinish]
[ERROR]2021-04-27 11:49:08,829: raise alarm obj=AGV30, typeId=49997, desc=小车置信度小于最低阈值,当前值:0.7346960574262392, id=608789b432371f6cf59b56dd
[DEBUG]2021-04-27 11:49:10,333: AGV30 set loc meiwei423.7 ,old 9 (23.59,0.79)
[WARNING]2021-04-27 11:49:10,568: clear alarm obj=AGV30, typeId=49997, id=608789b432371f6cf59b56dd
[ERROR]2021-04-27 11:49:13,968: raise alarm obj=AGV30, typeId=49997, desc=小车置信度小于最低阈值,当前值:0.6138586029272132, id=608789b932371f6cf59b56ea
[WARNING]2021-04-27 11:49:15,455: clear alarm obj=AGV30, typeId=49997, id=608789b932371f6cf59b56ea
[ERROR]2021-04-27 11:49:16,172: raise alarm obj=AGV30, typeId=49997, desc=小车置信度小于最低阈值,当前值:0.7421543385703752, id=608789bc32371f6cf59b56f7
[WARNING]2021-04-27 11:49:17,074: clear alarm obj=AGV30, typeId=49997, id=608789bc32371f6cf59b56f7
[ERROR]2021-04-27 11:49:18,037: raise alarm obj=AGV30, typeId=49997, desc=小车置信度小于最低阈值,当前值:0.7398975153688524, id=608789be32371f6cf59b5701
[WARNING]2021-04-27 11:49:22,368: clear alarm obj=AGV30, typeId=49997, id=608789be32371f6cf59b5701
[ERROR]2021-04-27 11:49:25,028: raise alarm obj=AGV30, typeId=49997, desc=小车置信度小于最低阈值,当前值:0.7412704731149774, id=608789c432371f6cf59b570d
[WARNING]2021-04-27 11:49:27,824: clear alarm obj=AGV30, typeId=49997, id=608789c432371f6cf59b570d
[ERROR]2021-04-27 11:49:29,139: raise alarm obj=AGV30, typeId=49997, desc=小车置信度小于最低阈值,当前值:0.724434065336816, id=608789c932371f6cf59b571c
[WARNING]2021-04-27 11:49:33,446: clear alarm obj=AGV30, typeId=49997, id=608789c932371f6cf59b571c
[ERROR]2021-04-27 11:49:34,192: raise alarm obj=AGV30, typeId=49997, desc=小车置信度小于最低阈值,当前值:0.7482339342105263, id=608789ce32371f6cf59b5728
[WARNING]2021-04-27 11:49:35,240: clear alarm obj=AGV30, typeId=49997, id=608789ce32371f6cf59b5728
[ERROR]2021-04-27 11:49:36,033: raise alarm obj=AGV30, typeId=49997, desc=小车置信度小于最低阈值,当前值:0.7455037543911007, id=608789cf32371f6cf59b5730
[WARNING]2021-04-27 11:49:41,500: clear alarm obj=AGV30, typeId=49997, id=608789cf32371f6cf59b5730
[ERROR]2021-04-27 11:49:42,192: raise alarm obj=AGV30, typeId=49997, desc=小车置信度小于最低阈值,当前值:0.7355888905152225, id=608789d632371f6cf59b573f
[WARNING]2021-04-27 11:49:43,017: clear alarm obj=AGV30, typeId=49997, id=608789d632371f6cf59b573f
[ERROR]2021-04-27 11:49:44,546: raise alarm obj=AGV30, typeId=49997, desc=小车置信度小于最低阈值,当前值:0.7436948380715123, id=608789d832371f6cf59b574b
[WARNING]2021-04-27 11:49:46,900: clear alarm obj=AGV30, typeId=49997, id=608789d832371f6cf59b574b
[ERROR]2021-04-27 11:49:48,385: raise alarm obj=AGV30, typeId=49997, desc=小车置信度小于最低阈值,当前值:0.7386587470794392, id=608789dc32371f6cf59b5757
[INFO]2021-04-27 11:49:50,450: user press gohome AGV30 button
[DEBUG]2021-04-27 11:49:50,533: lock:  AGV30 taskId force_home_1 app gohomeforce
[WARNING]2021-04-27 11:49:50,914: clear alarm obj=AGV30, typeId=49997, id=608789dc32371f6cf59b5757
[WARNING]2021-04-27 11:49:51,735: AGV30 clear task finish, cur= meiwei423.7 task_status= 5
[ERROR]2021-04-27 11:49:51,750: raise alarm obj=AGV30, typeId=49997, desc=小车置信度小于最低阈值,当前值:0.7455803048065651, id=608789df32371f6cf59b5762
[INFO]2021-04-27 11:49:51,811: AGV30 gohome force_home_1 force True taskId force_home_1 : AGV30.7 -> meiwei423.9
[INFO]2021-04-27 11:49:51,986: -------------------------根据move函数会根据main_agv.py来到agvControl函数中的move中----------555---------
[INFO]2021-04-27 11:49:52,064: ---------------------move函数中的_func()函数中-------------------------666--------------------
[INFO]2021-04-27 11:49:52,142: -------------------------6666中的if判断是否进入agvList.py中的moveJackup函数----------------------------
[INFO]2021-04-27 11:49:52,220: 7 9 meiwei423 meiwei423
[INFO]2021-04-27 11:49:52,297: -------------------------------pass------------------------------
[INFO]2021-04-27 11:49:53,185: Begin: AGV30 move from meiwei423.7 to meiwei423.9 by paths: [('meiwei423', ['7', '9'], 3.87438880919504)] task: force_home_1 timeout 7200 used 1121 ms
[DEBUG]2021-04-27 11:49:54,821: agvInfo: AGV30 meiwei423.7 move to meiwei423.9 ,taskId force_home_1
[INFO]2021-04-27 11:49:54,915: goTarget {'id': '9', 'ignoreAngle': False}
[WARNING]2021-04-27 11:49:55,357: clear alarm obj=AGV30, typeId=49997, id=608789df32371f6cf59b5762
[WARNING]2021-04-27 11:49:56,118: AGV30 waitFinish: loc is diff 7 9 task_status= 2
[WARNING]2021-04-27 11:49:56,691: AGV30 waitFinish: loc is diff 7 9 task_status= 2
[WARNING]2021-04-27 11:49:57,310: AGV30 waitFinish: loc is diff 7 9 task_status= 2
[WARNING]2021-04-27 11:49:57,993: AGV30 waitFinish: loc is diff 7 9 task_status= 2
[WARNING]2021-04-27 11:49:58,595: AGV30 waitFinish: loc is diff 7 9 task_status= 2
[WARNING]2021-04-27 11:49:59,335: AGV30 waitFinish: loc is diff 7 9 task_status= 2
[WARNING]2021-04-27 11:49:59,968: AGV30 waitFinish: loc is diff 7 9 task_status= 2
[WARNING]2021-04-27 11:50:00,617: AGV30 waitFinish: loc is diff 7 9 task_status= 2
[WARNING]2021-04-27 11:50:01,215: AGV30 waitFinish: loc is diff 7 9 task_status= 2
[WARNING]2021-04-27 11:50:01,823: AGV30 waitFinish: loc is diff 7 9 task_status= 2
[WARNING]2021-04-27 11:50:02,424: AGV30 waitFinish: loc is diff 7 9 task_status= 2
[WARNING]2021-04-27 11:50:03,042: AGV30 waitFinish: loc is diff 7 9 task_status= 2
[WARNING]2021-04-27 11:50:03,696: AGV30 waitFinish: loc is diff 7 9 task_status= 2
[WARNING]2021-04-27 11:50:04,426: AGV30 waitFinish: loc is diff 7 9 task_status= 2
[WARNING]2021-04-27 11:50:05,074: AGV30 waitFinish: loc is diff 7 9 task_status= 2
[WARNING]2021-04-27 11:50:05,724: AGV30 waitFinish: loc is diff 7 9 task_status= 2
[WARNING]2021-04-27 11:50:06,355: AGV30 waitFinish: loc is diff 7 9 task_status= 2
[WARNING]2021-04-27 11:50:06,926: AGV30 waitFinish: loc is diff 7 9 task_status= 2
[WARNING]2021-04-27 11:50:07,560: AGV30 waitFinish: loc is diff 7 9 task_status= 2
[WARNING]2021-04-27 11:50:08,210: AGV30 waitFinish: loc is diff 7 9 task_status= 2
[WARNING]2021-04-27 11:50:08,877: AGV30 waitFinish: loc is diff 7 9 task_status= 2
[WARNING]2021-04-27 11:50:09,540: AGV30 waitFinish: loc is diff 7 9 task_status= 2
[WARNING]2021-04-27 11:50:10,191: AGV30 waitFinish: loc is diff 7 9 task_status= 2
[WARNING]2021-04-27 11:50:10,792: AGV30 waitFinish: loc is diff 7 9 task_status= 2
[WARNING]2021-04-27 11:50:11,410: AGV30 waitFinish: loc is diff 7 9 task_status= 2
[WARNING]2021-04-27 11:50:12,014: AGV30 waitFinish: loc is diff 7 9 task_status= 2
[DEBUG]2021-04-27 11:50:12,094: AGV30 set loc meiwei423.9 ,old 7 (27.25,0.83)
[WARNING]2021-04-27 11:50:14,317: AGV30 clearTask: reset lockTaskId force_home_1 app gohomeforce
[SUCC]2021-04-27 11:50:15,396: Finish:  AGV30 arrived meiwei423.9 ,task: force_home_1
[DEBUG]2021-04-27 11:50:15,492: unlock: AGV30 taskId None app gohomeforce force False
[INFO]2021-04-27 11:50:17,297: AGV30 require control
[ERROR]2021-04-27 11:50:38,240: user press Ctrl+C, system quit!
[WARNING]2021-04-27 11:50:38,350: runTask:stop save file
[ERROR]2021-04-27 11:50:38,397: user press Ctrl+C, system quit!
[ERROR]2021-04-27 11:50:38,444: process exited, living 0:02:31.707952 seconds
