[INFO]2021-05-11 13:51:57,776: log files at E:\projects_by_myself\backup\MeiWei_back_0421\common\log
[INFO]2021-05-11 13:51:57,778: find module account.main_account
[INFO]2021-05-11 13:51:57,779: find module agvCtrl.main_agv
[INFO]2021-05-11 13:51:57,780: find module agvDevice.main_agvDevice
[INFO]2021-05-11 13:51:57,781: find module akmCtrl.main_akmCtrl
[INFO]2021-05-11 13:51:57,782: find module alarm.main_alarm
[INFO]2021-05-11 13:51:57,784: find module auth.main_auth
[INFO]2021-05-11 13:51:57,785: find module door.main_door
[INFO]2021-05-11 13:51:57,788: find module elevator.main_elevator
[INFO]2021-05-11 13:51:57,794: find module feed.main_feed
[INFO]2021-05-11 13:51:57,795: find module feed.main_feed_0427
[INFO]2021-05-11 13:51:57,796: find module remoteio.main_remoteio
[INFO]2021-05-11 13:51:57,797: import account.main_account
[INFO]2021-05-11 13:51:57,890: import agvCtrl.main_agv
[INFO]2021-05-11 13:51:58,773: create lock <lock name:doorMgr.lock,<unlocked _thread.RLock object owner=0 count=0 at 0x000001AC80CF5090>>
[INFO]2021-05-11 13:51:59,798: create lock <lock name:door.lock,<unlocked _thread.RLock object owner=0 count=0 at 0x000001AC80D005D0>>
[INFO]2021-05-11 13:51:59,981: create lock <lock name:timer.lock_1840413672448,<unlocked _thread.RLock object owner=0 count=0 at 0x000001AC81340570>>
[ERROR]2021-05-11 13:51:59,997: mqtt is disabled
[INFO]2021-05-11 13:52:00,028: mqtt: subscribe [alarm/raise/+]
[INFO]2021-05-11 13:52:00,031: mqtt: subscribe [alarm/clear/+]
[INFO]2021-05-11 13:52:03,096: Mongodb connect to 127.0.0.1 port 27017
[INFO]2021-05-11 13:52:03,121: create lock <lock name:elevatorMgr.lock,<unlocked _thread.RLock object owner=0 count=0 at 0x000001AC8154EF60>>
[WARNING]2021-05-11 13:52:03,132: use mockAgvCtrl
[INFO]2021-05-11 13:52:03,134: create lock <lock name:mapMgr.lock,<unlocked _thread.RLock object owner=0 count=0 at 0x000001ACFF5C4510>>
[INFO]2021-05-11 13:52:03,477: create lock <lock name:agvList.g_agvLock,<unlocked _thread.RLock object owner=0 count=0 at 0x000001AC815E99F0>>
[INFO]2021-05-11 13:52:03,481: create lock <lock name:taskList.lock,<unlocked _thread.RLock object owner=0 count=0 at 0x000001AC81690F30>>
[INFO]2021-05-11 13:52:03,548: charge policy 1 , fix time
[INFO]2021-05-11 13:52:03,585: create lock <lock name:agvApi.g_lock,<unlocked _thread.RLock object owner=0 count=0 at 0x000001AC8169CB10>>
[INFO]2021-05-11 13:52:04,308: start load map E:\projects_by_myself\backup\MeiWei_back_0421\agvCtrl\projects\test\AKM2F.smap
[DEBUG]2021-05-11 13:52:04,419: elevator thread start
[INFO]2021-05-11 13:52:04,439: load map E:\projects_by_myself\backup\MeiWei_back_0421\agvCtrl\projects\test\AKM2F.smap ,used 141 ms
[INFO]2021-05-11 13:52:04,449: start load map E:\projects_by_myself\backup\MeiWei_back_0421\agvCtrl\projects\test\akmsmt.smap
[INFO]2021-05-11 13:52:04,504: load map E:\projects_by_myself\backup\MeiWei_back_0421\agvCtrl\projects\test\akmsmt.smap ,used 64 ms
[INFO]2021-05-11 13:52:04,513: start load map E:\projects_by_myself\backup\MeiWei_back_0421\agvCtrl\projects\test\akmsmtMap.smap
[INFO]2021-05-11 13:52:04,651: load map E:\projects_by_myself\backup\MeiWei_back_0421\agvCtrl\projects\test\akmsmtMap.smap ,used 147 ms
[INFO]2021-05-11 13:52:04,662: start load map E:\projects_by_myself\backup\MeiWei_back_0421\agvCtrl\projects\test\desai-all-20191223.smap
[INFO]2021-05-11 13:52:04,812: load map E:\projects_by_myself\backup\MeiWei_back_0421\agvCtrl\projects\test\desai-all-20191223.smap ,used 159 ms
[INFO]2021-05-11 13:52:04,824: start load map E:\projects_by_myself\backup\MeiWei_back_0421\agvCtrl\projects\test\meiwei423.smap
[INFO]2021-05-11 13:52:04,875: load map E:\projects_by_myself\backup\MeiWei_back_0421\agvCtrl\projects\test\meiwei423.smap ,used 60 ms
[INFO]2021-05-11 13:52:04,885: start load map E:\projects_by_myself\backup\MeiWei_back_0421\agvCtrl\projects\test\meiwei428.smap
[INFO]2021-05-11 13:52:04,941: load map E:\projects_by_myself\backup\MeiWei_back_0421\agvCtrl\projects\test\meiwei428.smap ,used 65 ms
[INFO]2021-05-11 13:52:04,945: import agvDevice.main_agvDevice
[INFO]2021-05-11 13:52:04,948: import akmCtrl.main_akmCtrl
[INFO]2021-05-11 13:52:04,966: create lock <lock name:runTasks.g_lock,<unlocked _thread.RLock object owner=0 count=0 at 0x000001AC80051F30>>
[INFO]2021-05-11 13:52:04,981: create lock <lock name:agvApi.g_lock,<unlocked _thread.RLock object owner=0 count=0 at 0x000001AC80090DE0>>
[INFO]2021-05-11 13:52:05,000: create lock <lock name:runTasks.pre_lock,<unlocked _thread.RLock object owner=0 count=0 at 0x000001AC81ACD9C0>>
[INFO]2021-05-11 13:52:05,002: create lock <lock name:timer.lock_1840421639648,<unlocked _thread.RLock object owner=0 count=0 at 0x000001AC81AD9570>>
[INFO]2021-05-11 13:52:05,006: create lock <lock name:mapMgr.lock,<unlocked _thread.RLock object owner=0 count=0 at 0x000001AC800D3510>>
[INFO]2021-05-11 13:52:05,424: import alarm.main_alarm
[INFO]2021-05-11 13:52:05,426: import auth.main_auth
[INFO]2021-05-11 13:52:05,440: import door.main_door
[INFO]2021-05-11 13:52:05,446: import elevator.main_elevator
[INFO]2021-05-11 13:52:05,451: create lock <lock name:elevatorApi.g_lock,<unlocked _thread.RLock object owner=0 count=0 at 0x000001AC835746C0>>
[INFO]2021-05-11 13:52:05,453: import feed.main_feed
[INFO]2021-05-11 13:52:05,482: IP: 0.0.0.0 port: 10001
[INFO]2021-05-11 13:52:05,485: import feed.main_feed_0427
[INFO]2021-05-11 13:52:05,497: create lock <lock name:feedTask.g_lock,<unlocked _thread.RLock object owner=0 count=0 at 0x000001AC8358F6C0>>
[INFO]2021-05-11 13:52:05,560: import remoteio.main_remoteio
[SUCC]2021-05-11 13:52:05,572: utility start, pid=16060, ppid=15900
[DEBUG]2021-05-11 13:52:05,573: start timer
[INFO]2021-05-11 13:52:05,580: load agv file: E:\projects_by_myself\backup\MeiWei_back_0421\agvCtrl/projects/test/agv.cfg
[INFO]2021-05-11 13:52:05,581: create lock <lock name:agvList.AGV30.lock,<unlocked _thread.RLock object owner=0 count=0 at 0x000001AC83B21270>>
[DEBUG]2021-05-11 13:52:05,585: create aliveObj AGV30 AGV离线异常 timeout 300
[INFO]2021-05-11 13:52:05,587: AGV30 start agvList run thread
[INFO]2021-05-11 13:52:05,588: AGV30 start agvList run2 thread
[ERROR]2021-05-11 13:52:05,597: agv check init error False
[DEBUG]2021-05-11 13:52:05,598: start timer
[INFO]2021-05-11 13:52:05,607: add_ignore: taskStatus
[INFO]2021-05-11 13:52:05,608: add_ignore: api/elevator/status
[INFO]2021-05-11 13:52:05,608: add_ignore: scada/getTask
[INFO]2021-05-11 13:52:06,102: AGV30 current map meiwei428
[INFO]2021-05-11 13:52:06,105: AGV30 is online
[INFO]2021-05-11 13:52:06,531: tcp server [0.0.0.0][10001] ,connectedLen: 1, tcp connected : 192.168.252.164:10001 <--> 192.168.252.165:53442
[INFO]2021-05-11 13:52:06,577: **************回复线程启动**************
[DEBUG]2021-05-11 13:52:06,608: GET: http://127.0.0.1:5551/api/agv/init?appName=MeiWeiTask addr: 127.0.0.1
[INFO]2021-05-11 13:52:06,633: MeiWeiTask init client agvApi
[DEBUG]2021-05-11 13:52:06,639: used 31ms 200 OK application/json;charset=utf-8, GET: http://127.0.0.1:5551/api/agv/init?appName=MeiWeiTask
[DEBUG]2021-05-11 13:52:09,711: GET: http://127.0.0.1:5551/api/agv/startCharge?appName=MeiWeiTask addr: 127.0.0.1
[DEBUG]2021-05-11 13:52:10,083: used 372ms 200 OK application/json;charset=utf-8, GET: http://127.0.0.1:5551/api/agv/startCharge?appName=MeiWeiTask
[WARNING]2021-05-11 13:52:10,303: timer_thread[tid:12124] <lock name:runTasks.g_lock,<locked _thread.RLock object owner=12124 count=1 at 0x000001AC80051F30>> ,hold 3698 ms
[INFO]2021-05-11 13:52:10,352: name=timer_thread, pid=16060, tid=12124
[01] File "E:/Users/Administrator/AppData/Local/Programs/Python/Python38/lib/threading.py", line 870, in run() 
[02] File "../common/mytimer.py", line 113, in _loop() 
[03] File "../common/lock.py", line 122, in _call() 
[04] File "../common/lock.py", line 100, in release() 
[05] File "E:/projects_by_myself/backup/MeiWei_back_0421/common/enhance.py", line 258, in getTrace() 
[06] File "E:/projects_by_myself/backup/MeiWei_back_0421/common/enhance.py", line 240, in getThreadStack()
[INFO]2021-05-11 13:52:49,941: 按钮任务状态： False
[INFO]2021-05-11 13:52:50,034: ****************接受到的数据**************： staticDevID: 1 devID: 223 keyID: 4
[INFO]2021-05-11 13:52:50,145: 测试添加任务，起点和目的地，固化在下面的方法中
[INFO]2021-05-11 13:52:50,209: *****unload 任务***** 6
[INFO]2021-05-11 13:52:50,290: create task[609a1bb24e752b61a2f6bb85]: type= scadaTask , 从MeiWeiSource运送货架到MeiWeiTarget {'source': 'MeiWeiSource', 'target': 'MeiWeiTarget', 'payloadId': None, 'priority': 1, 'type': 'scadaTask', 'taskName': '从MeiWeiSource运送货架到MeiWeiTarget', 'createTime': datetime.datetime(2021, 5, 11, 13, 52, 50, 289043), 'updateTime': datetime.datetime(2021, 5, 11, 13, 52, 50, 289043), 'startTime': None, 'endTime': None, 'status': 'waiting', 'step': 'waiting', 'failMsg': None, 'history': [], '_id': ObjectId('609a1bb24e752b61a2f6bb85')}
[INFO]2021-05-11 13:52:51,320: task[609a1bb24e752b61a2f6bb85]:  start {'failMsg': '任务等待执行', 'startTime': datetime.datetime(2021, 5, 11, 13, 52, 51, 287374), 'updateTime': datetime.datetime(2021, 5, 11, 13, 52, 51, 287374), 'status': 'running'}
[INFO]2021-05-11 13:52:51,556: task: start task[609a1bb24e752b61a2f6bb85][-] 6(1) -> 7(8) [waiting]
[INFO]2021-05-11 13:52:51,572: 信息*********map: meiwei423 agvId AGV30 tyepe: release loc home
[INFO]2021-05-11 13:52:51,887: task[609a1bb24e752b61a2f6bb85] update info: {'failMsg': '等待分配小车', 'updateTime': datetime.datetime(2021, 5, 11, 13, 52, 51, 840893)}
[DEBUG]2021-05-11 13:52:52,030: task[609a1bb24e752b61a2f6bb85][-] 6(1) -> 7(8) [waitForAgv] waiting -> waitForAgv
[INFO]2021-05-11 13:52:53,111: ******************url********************: http://127.0.0.1:5551
[DEBUG]2021-05-11 13:52:53,348: GET: http://127.0.0.1:5551/api/agv/apply?appName=MeiWeiTask&autoLock=False&exclude&loc=1&mapId=meiwei428&taskId=609a1bb24e752b61a2f6bb85&timeout=10 addr: 127.0.0.1
[INFO]2021-05-11 13:52:57,674: apply AGV30 ,taskId: 609a1bb24e752b61a2f6bb85 ,loc meiwei428.1 ,autoLock False , used 4246 ms
[WARNING]2021-05-11 13:52:58,010: worker 2[tid:8664] <lock name:mapMgr.lock,<locked _thread.RLock object owner=8664 count=1 at 0x000001ACFF5C4510>> ,hold 4582 ms
[INFO]2021-05-11 13:52:58,874: name=worker 2, pid=16060, tid=8664
[01] File "E:/Users/Administrator/AppData/Local/Programs/Python/Python38/lib/threading.py", line 870, in run() 
[02] File "E:/Users/Administrator/AppData/Local/Programs/Python/Python38/lib/site-packages/paste/httpserver.py", line 903, in worker_thread_callback() 
[03] File "E:/Users/Administrator/AppData/Local/Programs/Python/Python38/lib/site-packages/paste/httpserver.py", line 1077, in <lambda>() 
[04] File "E:/Users/Administrator/AppData/Local/Programs/Python/Python38/lib/site-packages/paste/httpserver.py", line 1092, in process_request_in_thread() 
[05] File "E:/Users/Administrator/AppData/Local/Programs/Python/Python38/lib/socketserver.py", line 360, in finish_request() 
[06] File "E:/Users/Administrator/AppData/Local/Programs/Python/Python38/lib/socketserver.py", line 720, in __init__() 
[07] File "E:/Users/Administrator/AppData/Local/Programs/Python/Python38/lib/site-packages/paste/httpserver.py", line 460, in handle() 
[08] File "E:/Users/Administrator/AppData/Local/Programs/Python/Python38/lib/http/server.py", line 427, in handle() 
[09] File "E:/Users/Administrator/AppData/Local/Programs/Python/Python38/lib/site-packages/paste/httpserver.py", line 455, in handle_one_request() 
[10] File "E:/Users/Administrator/AppData/Local/Programs/Python/Python38/lib/site-packages/paste/httpserver.py", line 304, in wsgi_execute() 
[11] File "E:/Users/Administrator/AppData/Local/Programs/Python/Python38/lib/site-packages/paste/translogger.py", line 69, in __call__() 
[12] File "E:/Users/Administrator/AppData/Local/Programs/Python/Python38/lib/site-packages/bottle.py", line 985, in __call__() 
[13] File "E:/Users/Administrator/AppData/Local/Programs/Python/Python38/lib/site-packages/bottle.py", line 960, in wsgi() 
[14] File "E:/Users/Administrator/AppData/Local/Programs/Python/Python38/lib/site-packages/bottle.py", line 868, in _handle() 
[15] File "E:/Users/Administrator/AppData/Local/Programs/Python/Python38/lib/site-packages/bottle.py", line 1748, in wrapper() 
[16] File "E:/projects_by_myself/backup/MeiWei_back_0421/common/webutility.py", line 466, in _enable_cors() 
[17] File "E:/projects_by_myself/backup/MeiWei_back_0421/common/webutility.py", line 482, in _enable_cors() 
[18] File "E:/projects_by_myself/backup/MeiWei_back_0421/common/scadaUtility.py", line 45, in __call() 
[19] File "E:/projects_by_myself/backup/MeiWei_back_0421/agvCtrl/main_agv.py", line 58, in urlApply() 
[20] File "E:/projects_by_myself/backup/MeiWei_back_0421/agvCtrl/agvControl.py", line 1125, in apply() 
[21] File "E:/projects_by_myself/backup/MeiWei_back_0421/common/lock.py", line 122, in _call() 
[22] File "E:/projects_by_myself/backup/MeiWei_back_0421/common/lock.py", line 100, in release() 
[23] File "E:/projects_by_myself/backup/MeiWei_back_0421/common/enhance.py", line 258, in getTrace() 
[24] File "E:/projects_by_myself/backup/MeiWei_back_0421/common/enhance.py", line 240, in getThreadStack()
[DEBUG]2021-05-11 13:52:58,969: used 5621ms 200 OK application/json;charset=utf-8, GET: http://127.0.0.1:5551/api/agv/apply?appName=MeiWeiTask&autoLock=False&exclude&loc=1&mapId=meiwei428&taskId=609a1bb24e752b61a2f6bb85&timeout=10
[DEBUG]2021-05-11 13:52:59,063: GET: http://127.0.0.1:5551/api/agv/lock?agv=AGV30&appName=MeiWeiTask&taskId=609a1bb24e752b61a2f6bb85 addr: 127.0.0.1
[DEBUG]2021-05-11 13:52:59,123: lock:  AGV30 taskId 609a1bb24e752b61a2f6bb85 app MeiWeiTask
[WARNING]2021-05-11 13:53:00,253: AGV30 clear task finish, cur= meiwei428.9 task_status= 0
[DEBUG]2021-05-11 13:53:00,348: used 1285ms 200 OK application/json;charset=utf-8, GET: http://127.0.0.1:5551/api/agv/lock?agv=AGV30&appName=MeiWeiTask&taskId=609a1bb24e752b61a2f6bb85
[INFO]2021-05-11 13:53:00,525: task[609a1bb24e752b61a2f6bb85][-] 6(1) -> 7(8) [waitForAgv] apply AGV30
[INFO]2021-05-11 13:53:00,605: task[609a1bb24e752b61a2f6bb85] update info: {'agvId': 'AGV30', 'failMsg': '成功分配小车AGV30,检测顶升下降', 'updateTime': datetime.datetime(2021, 5, 11, 13, 53, 0, 589157)}
[WARNING]2021-05-11 13:53:00,667: scada.609a1bb24e752b61a2f6bb85[tid:8068] <locked _thread.RLock object owner=8068 count=1 at 0x000001AC83D209C0> ,hold 7556 ms
[INFO]2021-05-11 13:53:00,777: name=scada.609a1bb24e752b61a2f6bb85, pid=16060, tid=8068
[01] File "E:/Users/Administrator/AppData/Local/Programs/Python/Python38/lib/threading.py", line 870, in run() 
[02] File "../common/utility.py", line 167, in __call() 
[03] File "E:/projects_by_myself/backup/MeiWei_back_0421/akmCtrl/beans/scadaTaskBean.py", line 765, in _taskFunc() 
[04] File "../common/lock.py", line 122, in _call() 
[05] File "../common/lock.py", line 100, in release() 
[06] File "E:/projects_by_myself/backup/MeiWei_back_0421/common/enhance.py", line 258, in getTrace() 
[07] File "E:/projects_by_myself/backup/MeiWei_back_0421/common/enhance.py", line 240, in getThreadStack()
[DEBUG]2021-05-11 13:53:00,873: task[609a1bb24e752b61a2f6bb85][AGV30] 6(1) -> 7(8) [initJackdown] waitForAgv -> initJackdown
[INFO]2021-05-11 13:53:01,224: task[609a1bb24e752b61a2f6bb85][AGV30] 6(1) -> 7(8) [initJackdown] _jackDown
[DEBUG]2021-05-11 13:53:01,304: send http_get: http://127.0.0.1:5551/api/agv/jackdownOld?agv=AGV30&loc=None&timeoutSec=90
[DEBUG]2021-05-11 13:53:01,493: GET: http://127.0.0.1:5551/api/agv/jackdownOld?agv=AGV30&loc=None&timeoutSec=90 addr: 127.0.0.1
[INFO]2021-05-11 13:53:01,607: ************run jackDownOld********************
[DEBUG]2021-05-11 13:53:02,700: used 1207ms 200 OK application/json;charset=utf-8, GET: http://127.0.0.1:5551/api/agv/jackdownOld?agv=AGV30&loc=None&timeoutSec=90
[DEBUG]2021-05-11 13:53:02,795: [return] use 1491 ms,http_get: http://127.0.0.1:5551/api/agv/jackdownOld?agv=AGV30&loc=None&timeoutSec=90
[INFO]2021-05-11 13:53:02,905: task[609a1bb24e752b61a2f6bb85] update info: {'failMsg': '前往MeiWeiSource工位点拉取货架', 'updateTime': datetime.datetime(2021, 5, 11, 13, 53, 2, 873897)}
[DEBUG]2021-05-11 13:53:02,985: task[609a1bb24e752b61a2f6bb85][AGV30] 6(1) -> 7(8) [moveToPreSrc] initJackdown -> moveToPreSrc
[INFO]2021-05-11 13:53:03,439: ***************调用move方法
[DEBUG]2021-05-11 13:53:03,527: GET: http://127.0.0.1:5551/api/agv/move?WorkPlace=None&agv=AGV30&agvId=AGV30&appName=MeiWeiTask&floorId=meiwei428&isRotate&loc=meiwei428.1&location=1&taskId=609a1bb24e752b61a2f6bb85_2&taskType=scadaTask&timeoutSec=86400 addr: 127.0.0.1
[INFO]2021-05-11 13:53:03,547: Begin: AGV30 move from meiwei428.9 to meiwei428.1 by paths: [('meiwei428', ['9', '7', '12', '11', '10', '8', '6', '1'], 26.067652066750853)] task: 609a1bb24e752b61a2f6bb85_2 timeout 86400 used 11 ms
[INFO]2021-05-11 13:53:03,549: 移动到source的前置点 1
[DEBUG]2021-05-11 13:53:03,550: task[609a1bb24e752b61a2f6bb85][AGV30] 6(1) -> 7(8) [moveToPreSrc_onfinish] moveToPreSrc -> moveToPreSrc_onfinish
[DEBUG]2021-05-11 13:53:04,635: agvInfo: AGV30 meiwei428.9 move to meiwei428.1 ,taskId 609a1bb24e752b61a2f6bb85_2
[DEBUG]2021-05-11 13:53:13,885: AGV30 set loc meiwei428.12 ,old 9 (21.62,0.68)
[DEBUG]2021-05-11 13:53:16,974: AGV30 set loc meiwei428.11 ,old 12 (19.13,0.56)
[DEBUG]2021-05-11 13:53:18,508: AGV30 set loc meiwei428.10 ,old 11 (17.90,0.56)
[DEBUG]2021-05-11 13:53:21,057: AGV30 set loc meiwei428.8 ,old 10 (15.89,0.56)
[DEBUG]2021-05-11 13:53:37,977: AGV30 set loc meiwei428.6 ,old 8 (2.25,0.27)
[DEBUG]2021-05-11 13:53:40,185: AGV30 set loc meiwei428.1 ,old 6 (2.12,1.10)
[SUCC]2021-05-11 13:53:41,718: Finish:  AGV30 arrived meiwei428.1 ,task: 609a1bb24e752b61a2f6bb85_2
[INFO]2021-05-11 13:53:42,157: task: move finish callback task[609a1bb24e752b61a2f6bb85][AGV30] 6(1) -> 7(8) [moveToPreSrc_onfinish]
[INFO]2021-05-11 13:53:42,159: ***********上料，已到达source前置*************
[INFO]2021-05-11 13:53:42,186: ***************调用_moveJackup方法
[DEBUG]2021-05-11 13:53:42,189: GET: http://127.0.0.1:5551/api/agv/move?WorkPlace=None&agv=AGV30&agvId=AGV30&appName=MeiWeiTask&direction=None&floorId=meiwei428&isRotate&loc=meiwei428.6&location=6&p_direction=0.0&recognize=False&result=True&resultDesc=None&seer_jackup=JackLoad&taskId=609a1bb24e752b61a2f6bb85_3&taskType=scadaTask&timeoutSec=86400&use_pgv=False addr: 127.0.0.1
[INFO]2021-05-11 13:53:42,195: Begin: AGV30 move from meiwei428.1 to meiwei428.6 by paths: [('meiwei428', ['1', '6'], 0.8303840339922958)] task: 609a1bb24e752b61a2f6bb85_3 timeout 86400 used 5 ms
[DEBUG]2021-05-11 13:53:42,197: used 8ms 200 OK application/json;charset=utf-8, GET: http://127.0.0.1:5551/api/agv/move?WorkPlace=None&agv=AGV30&agvId=AGV30&appName=MeiWeiTask&direction=None&floorId=meiwei428&isRotate&loc=meiwei428.6&location=6&p_direction=0.0&recognize=False&result=True&resultDesc=None&seer_jackup=JackLoad&taskId=609a1bb24e752b61a2f6bb85_3&taskType=scadaTask&timeoutSec=86400&use_pgv=False
[INFO]2021-05-11 13:53:42,199: ==============================runTasks._moveJackup()结束====================================
[DEBUG]2021-05-11 13:53:42,200: task[609a1bb24e752b61a2f6bb85][AGV30] 6(1) -> 7(8) [loadPlayload] startMoveJackup -> loadPlayload
[INFO]2021-05-11 13:53:42,765: ------------------------根据agvControl中的_func来到agvList中的moveJackup---------------999--------
[DEBUG]2021-05-11 13:53:42,767: agvInfo: AGV30 meiwei428.1 move jackup to meiwei428.6 ,taskId 609a1bb24e752b61a2f6bb85_3
[DEBUG]2021-05-11 13:53:44,309: AGV30 set loc meiwei428.6 ,old 1 (2.15,0.27)
[SUCC]2021-05-11 13:53:45,838: Finish:  AGV30 arrived meiwei428.6 ,task: 609a1bb24e752b61a2f6bb85_3
[INFO]2021-05-11 13:53:46,309: task: move finish callback task[609a1bb24e752b61a2f6bb85][AGV30] 6(1) -> 7(8) [loadPlayload]
[INFO]2021-05-11 13:53:46,310: ***************进入onFinish.loadPlayload**********************
[INFO]2021-05-11 13:53:46,313: task[609a1bb24e752b61a2f6bb85] update info: {'failMsg': 'AGV顶升', 'updateTime': datetime.datetime(2021, 5, 11, 13, 53, 46, 311253)}
[INFO]2021-05-11 13:53:46,314: *********发送下料到位信号********* 0,0,1,0
[INFO]2021-05-11 13:53:46,315: 当前信号： {'status': [0, 0, 0, 0, 0, 0, 0, 0]}
[INFO]2021-05-11 13:53:46,316: 无离开下料位信号，继续等待： 2021-05-11 13:53:46
[INFO]2021-05-11 13:53:46,317: 等待次数: 1
[INFO]2021-05-11 13:53:46,824: 当前信号： {'status': [0, 0, 0, 0, 0, 0, 0, 0]}
[INFO]2021-05-11 13:53:46,826: 无离开下料位信号，继续等待： 2021-05-11 13:53:46
[INFO]2021-05-11 13:53:46,827: 等待次数: 2
[INFO]2021-05-11 13:53:47,340: 当前信号： {'status': [0, 0, 0, 0, 0, 0, 0, 0]}
[INFO]2021-05-11 13:53:47,341: 无离开下料位信号，继续等待： 2021-05-11 13:53:47
[INFO]2021-05-11 13:53:47,342: 等待次数: 3
[INFO]2021-05-11 13:53:47,856: 当前信号： {'status': [0, 0, 0, 0, 0, 0, 0, 0]}
[INFO]2021-05-11 13:53:47,859: 无离开下料位信号，继续等待： 2021-05-11 13:53:47
[INFO]2021-05-11 13:53:47,860: 等待次数: 4
[INFO]2021-05-11 13:53:48,374: 当前信号： {'status': [0, 0, 0, 0, 0, 0, 0, 0]}
[INFO]2021-05-11 13:53:48,376: 无离开下料位信号，继续等待： 2021-05-11 13:53:48
[INFO]2021-05-11 13:53:48,377: 等待次数: 5
[INFO]2021-05-11 13:53:48,887: 当前信号： {'status': [0, 0, 0, 0, 0, 0, 0, 0]}
[INFO]2021-05-11 13:53:48,889: 无离开下料位信号，继续等待： 2021-05-11 13:53:48
[INFO]2021-05-11 13:53:48,893: 等待次数: 6
[INFO]2021-05-11 13:53:49,402: 当前信号： {'status': [0, 0, 0, 0, 0, 0, 0, 0]}
[INFO]2021-05-11 13:53:49,405: 无离开下料位信号，继续等待： 2021-05-11 13:53:49
[INFO]2021-05-11 13:53:49,406: 等待次数: 7
[INFO]2021-05-11 13:53:49,920: 当前信号： {'status': [0, 0, 0, 0, 0, 0, 0, 0]}
[INFO]2021-05-11 13:53:49,925: 无离开下料位信号，继续等待： 2021-05-11 13:53:49
[INFO]2021-05-11 13:53:49,934: 等待次数: 8
[INFO]2021-05-11 13:53:50,452: 当前信号： {'status': [0, 0, 0, 0, 0, 0, 0, 0]}
[INFO]2021-05-11 13:53:50,456: 无离开下料位信号，继续等待： 2021-05-11 13:53:50
[INFO]2021-05-11 13:53:50,459: 等待次数: 9
[INFO]2021-05-11 13:53:50,966: 当前信号： {'status': [0, 0, 0, 0, 0, 0, 0, 0]}
[INFO]2021-05-11 13:53:50,970: 无离开下料位信号，继续等待： 2021-05-11 13:53:50
[INFO]2021-05-11 13:53:50,972: 等待次数: 10
[INFO]2021-05-11 13:53:51,481: 当前信号： {'status': [0, 0, 0, 0, 0, 0, 0, 0]}
[INFO]2021-05-11 13:53:51,485: 无离开下料位信号，继续等待： 2021-05-11 13:53:51
[INFO]2021-05-11 13:53:51,487: 等待次数: 11
[INFO]2021-05-11 13:53:51,994: 当前信号： {'status': [0, 0, 0, 0, 0, 0, 0, 0]}
[INFO]2021-05-11 13:53:51,998: 无离开下料位信号，继续等待： 2021-05-11 13:53:51
[INFO]2021-05-11 13:53:52,000: 等待次数: 12
[INFO]2021-05-11 13:53:52,508: 当前信号： {'status': [0, 0, 0, 0, 0, 0, 0, 0]}
[INFO]2021-05-11 13:53:52,511: 无离开下料位信号，继续等待： 2021-05-11 13:53:52
[INFO]2021-05-11 13:53:52,512: 等待次数: 13
[INFO]2021-05-11 13:53:53,024: 当前信号： {'status': [0, 0, 0, 0, 0, 0, 0, 0]}
[INFO]2021-05-11 13:53:53,025: 无离开下料位信号，继续等待： 2021-05-11 13:53:53
[INFO]2021-05-11 13:53:53,026: 等待次数: 14
[INFO]2021-05-11 13:53:53,538: 当前信号： {'status': [0, 0, 0, 0, 0, 0, 0, 0]}
[INFO]2021-05-11 13:53:53,540: 无离开下料位信号，继续等待： 2021-05-11 13:53:53
[INFO]2021-05-11 13:53:53,542: 等待次数: 15
[INFO]2021-05-11 13:53:53,543: ****等待15次无离开信号****
[WARNING]2021-05-11 13:53:53,545: Thread-3[tid:10928] <locked _thread.RLock object owner=10928 count=1 at 0x000001AC83D209C0> ,hold 7235 ms
[INFO]2021-05-11 13:53:53,546: name=Thread-3, pid=16060, tid=10928
[01] File "E:/Users/Administrator/AppData/Local/Programs/Python/Python38/lib/threading.py", line 870, in run() 
[02] File "../agvCtrl/agvApi.py", line 279, in _checkFinish() 
[03] File "../common/lock.py", line 122, in _call() 
[04] File "../common/lock.py", line 100, in release() 
[05] File "E:/projects_by_myself/backup/MeiWei_back_0421/common/enhance.py", line 258, in getTrace() 
[06] File "E:/projects_by_myself/backup/MeiWei_back_0421/common/enhance.py", line 240, in getThreadStack()
[WARNING]2021-05-11 13:53:53,549: scada.609a1bb24e752b61a2f6bb85[tid:8068] <locked _thread.RLock object owner=8068 count=1 at 0x000001AC83D209C0> ,hold 6977 ms
[INFO]2021-05-11 13:53:53,550: name=scada.609a1bb24e752b61a2f6bb85, pid=16060, tid=8068
[01] File "E:/Users/Administrator/AppData/Local/Programs/Python/Python38/lib/threading.py", line 870, in run() 
[02] File "../common/utility.py", line 167, in __call() 
[03] File "E:/projects_by_myself/backup/MeiWei_back_0421/akmCtrl/beans/scadaTaskBean.py", line 765, in _taskFunc() 
[04] File "../common/lock.py", line 122, in _call() 
[05] File "../common/lock.py", line 100, in release() 
[06] File "E:/projects_by_myself/backup/MeiWei_back_0421/common/enhance.py", line 258, in getTrace() 
[07] File "E:/projects_by_myself/backup/MeiWei_back_0421/common/enhance.py", line 240, in getThreadStack()
[DEBUG]2021-05-11 13:53:53,553: task[609a1bb24e752b61a2f6bb85][AGV30] 6(1) -> 7(8) [loadPlayload_jackup] loadPlayload_readqr -> loadPlayload_jackup
[INFO]2021-05-11 13:53:53,867: task[609a1bb24e752b61a2f6bb85][AGV30] 6(1) -> 7(8) [loadPlayload_jackup] _jackUp
[DEBUG]2021-05-11 13:53:53,871: send http_get: http://127.0.0.1:5551/api/agv/jackupOld?agv=AGV30&loc=None&timeoutSec=90
[DEBUG]2021-05-11 13:53:53,876: GET: http://127.0.0.1:5551/api/agv/jackupOld?agv=AGV30&loc=None&timeoutSec=90 addr: 127.0.0.1
[INFO]2021-05-11 13:53:53,879: ************run jackUpOld********************
[DEBUG]2021-05-11 13:53:54,917: used 1041ms 200 OK application/json;charset=utf-8, GET: http://127.0.0.1:5551/api/agv/jackupOld?agv=AGV30&loc=None&timeoutSec=90
[DEBUG]2021-05-11 13:53:55,030: [return] use 1159 ms,http_get: http://127.0.0.1:5551/api/agv/jackupOld?agv=AGV30&loc=None&timeoutSec=90
[INFO]2021-05-11 13:53:55,109: task[609a1bb24e752b61a2f6bb85] update info: {'failMsg': '等待MeiWeiTarget工位点锁', 'updateTime': datetime.datetime(2021, 5, 11, 13, 53, 55, 93082)}
[DEBUG]2021-05-11 13:53:55,170: task[609a1bb24e752b61a2f6bb85][AGV30] 6(1) -> 7(8) [waitDestPreLoc] loadPlayload_jackup -> waitDestPreLoc
[INFO]2021-05-11 13:53:55,647: task: prepoint locked  609a1bb24e752b61a2f6bb85 meiwei428.7
[INFO]2021-05-11 13:53:55,774: task[609a1bb24e752b61a2f6bb85] update info: {'failMsg': '前往7工位点放下货架', 'updateTime': datetime.datetime(2021, 5, 11, 13, 53, 55, 758262)}
[DEBUG]2021-05-11 13:53:55,869: task[609a1bb24e752b61a2f6bb85][AGV30] 6(1) -> 7(8) [movePreSource] waitDestPreLoc -> movePreSource
[INFO]2021-05-11 13:53:56,326: *************进入目的地的前置点***********
[INFO]2021-05-11 13:53:56,438: ***************调用move方法
[DEBUG]2021-05-11 13:53:56,518: GET: http://127.0.0.1:5551/api/agv/move?WorkPlace=None&agv=AGV30&agvId=AGV30&appName=MeiWeiTask&direction=None&floorId=meiwei428&isRotate&loc=meiwei428.8&location=8&p_direction=0.0&recognize=False&result=True&resultDesc=None&taskId=609a1bb24e752b61a2f6bb85_4&taskType=scadaTask&timeoutSec=86400&use_pgv=False addr: 127.0.0.1
[INFO]2021-05-11 13:53:56,547: Begin: AGV30 move from meiwei428.6 to meiwei428.8 by paths: [('meiwei428', ['6', '8'], 13.796457493088086)] task: 609a1bb24e752b61a2f6bb85_4 timeout 86400 used 26 ms
[DEBUG]2021-05-11 13:53:56,551: task[609a1bb24e752b61a2f6bb85][AGV30] 6(1) -> 7(8) [movePreSourceStep] movePreSource -> movePreSourceStep
[DEBUG]2021-05-11 13:53:57,579: agvInfo: AGV30 meiwei428.6 move to meiwei428.8 ,taskId 609a1bb24e752b61a2f6bb85_4
[DEBUG]2021-05-11 13:54:17,353: AGV30 set loc meiwei428.8 ,old 6 (15.95,0.56)
[SUCC]2021-05-11 13:54:18,488: Finish:  AGV30 arrived meiwei428.8 ,task: 609a1bb24e752b61a2f6bb85_4
[INFO]2021-05-11 13:54:18,878: task: move finish callback task[609a1bb24e752b61a2f6bb85][AGV30] 6(1) -> 7(8) [movePreSourceStep]
[INFO]2021-05-11 13:54:18,880: *****发送完全离开了下料点的信号***** 0,0,0,1
[INFO]2021-05-11 13:54:18,881: *****三个工位点移动*****
[INFO]2021-05-11 13:54:18,882: *****移动到下料工作站1*****
[INFO]2021-05-11 13:54:19,095: ***************调用move方法
[DEBUG]2021-05-11 13:54:19,098: GET: http://127.0.0.1:5551/api/agv/move?WorkPlace=None&agv=AGV30&agvId=AGV30&appName=MeiWeiTask&direction=None&floorId=meiwei428&isRotate&loc=meiwei428.10&location=10&p_direction=0.0&recognize=False&result=True&resultDesc=None&taskId=609a1bb24e752b61a2f6bb85_5&taskType=scadaTask&timeoutSec=86400&use_pgv=False addr: 127.0.0.1
[INFO]2021-05-11 13:54:19,108: Begin: AGV30 move from meiwei428.8 to meiwei428.10 by paths: [('meiwei428', ['8', '10'], 1.8044640304941097)] task: 609a1bb24e752b61a2f6bb85_5 timeout 86400 used 7 ms
[DEBUG]2021-05-11 13:54:19,109: used 11ms 200 OK application/json;charset=utf-8, GET: http://127.0.0.1:5551/api/agv/move?WorkPlace=None&agv=AGV30&agvId=AGV30&appName=MeiWeiTask&direction=None&floorId=meiwei428&isRotate&loc=meiwei428.10&location=10&p_direction=0.0&recognize=False&result=True&resultDesc=None&taskId=609a1bb24e752b61a2f6bb85_5&taskType=scadaTask&timeoutSec=86400&use_pgv=False
[DEBUG]2021-05-11 13:54:19,112: task[609a1bb24e752b61a2f6bb85][AGV30] 6(1) -> 7(8) [move2workstation1_onfinish] move2workstation1 -> move2workstation1_onfinish
[DEBUG]2021-05-11 13:54:20,013: agvInfo: AGV30 meiwei428.8 move to meiwei428.10 ,taskId 609a1bb24e752b61a2f6bb85_5
[DEBUG]2021-05-11 13:54:22,459: AGV30 set loc meiwei428.10 ,old 8 (17.65,0.56)
[WARNING]2021-05-11 13:54:22,652: AGV30 waitFinish status error: 10 ,target= 10 task_status= 2
[SUCC]2021-05-11 13:54:24,175: Finish:  AGV30 arrived meiwei428.10 ,task: 609a1bb24e752b61a2f6bb85_5
[INFO]2021-05-11 13:54:24,618: task: move finish callback task[609a1bb24e752b61a2f6bb85][AGV30] 6(1) -> 7(8) [move2workstation1_onfinish]
[INFO]2021-05-11 13:54:24,619: ****移动到下料工作站1****
[INFO]2021-05-11 13:54:24,620: ***工作站1等待放行信号， {'bt_0': [0, 0, 0], 'bt_1': [0, 0, 0], 'bt_2': [0, 0, 0]} 2021-05-11 13:54:24
[INFO]2021-05-11 13:54:26,131: ***工作站1等待放行信号， {'bt_0': [0, 0, 0], 'bt_1': [0, 0, 0], 'bt_2': [0, 0, 0]} 2021-05-11 13:54:26
[INFO]2021-05-11 13:54:27,635: ***工作站1等待放行信号， {'bt_0': [0, 0, 0], 'bt_1': [0, 0, 0], 'bt_2': [0, 0, 0]} 2021-05-11 13:54:27
[INFO]2021-05-11 13:54:29,139: ***工作站1等待放行信号， {'bt_0': [0, 0, 0], 'bt_1': [0, 0, 0], 'bt_2': [0, 0, 0]} 2021-05-11 13:54:29
[INFO]2021-05-11 13:54:30,656: ***工作站1等待放行信号， {'bt_0': [0, 0, 0], 'bt_1': [0, 0, 0], 'bt_2': [0, 0, 0]} 2021-05-11 13:54:30
[INFO]2021-05-11 13:54:32,159: ***工作站1等待放行信号， {'bt_0': [0, 0, 0], 'bt_1': [0, 0, 0], 'bt_2': [0, 0, 0]} 2021-05-11 13:54:32
[INFO]2021-05-11 13:54:33,712: ***工作站1等待放行信号， {'bt_0': [0, 0, 0], 'bt_1': [0, 0, 0], 'bt_2': [0, 0, 0]} 2021-05-11 13:54:33
[INFO]2021-05-11 13:54:34,980: 按钮任务状态： True
[INFO]2021-05-11 13:54:34,982: ****************接受到的数据**************： staticDevID: 1 devID: 223 keyID: 1
[INFO]2021-05-11 13:54:34,984: *********************任务列表 {'609a1bb24e752b61a2f6bb85': <beans.scadaTaskBean.scadaTask object at 0x000001AC83D1FC10>}
[INFO]2021-05-11 13:54:34,986: ****************任务*********： task[609a1bb24e752b61a2f6bb85][AGV30] 6(1) -> 7(8) [move2workstation2]
[INFO]2021-05-11 13:54:34,988: ****************任务类型*********： <class 'beans.scadaTaskBean.scadaTask'>
[INFO]2021-05-11 13:54:34,990: 没有相应的按钮任务，请勿随意点击按钮： 1 bt_1 2021-05-11 13:54:34
[INFO]2021-05-11 13:54:35,007: 信息*********map: meiwei423 agvId AGV30 tyepe: move loc p1
[INFO]2021-05-11 13:54:35,220: ***工作站1等待放行信号， {'bt_0': [0, 0, 0], 'bt_1': [0, 0, 0], 'bt_2': [0, 0, 0]} 2021-05-11 13:54:35
[INFO]2021-05-11 13:54:36,735: ***工作站1等待放行信号， {'bt_0': [0, 0, 0], 'bt_1': [0, 0, 0], 'bt_2': [0, 0, 0]} 2021-05-11 13:54:36
[INFO]2021-05-11 13:54:38,251: ***工作站1等待放行信号， {'bt_0': [0, 0, 0], 'bt_1': [0, 0, 0], 'bt_2': [0, 0, 0]} 2021-05-11 13:54:38
[INFO]2021-05-11 13:54:39,767: ***工作站1等待放行信号， {'bt_0': [0, 0, 0], 'bt_1': [0, 0, 0], 'bt_2': [0, 0, 0]} 2021-05-11 13:54:39
[INFO]2021-05-11 13:54:41,280: ***工作站1等待放行信号， {'bt_0': [0, 0, 0], 'bt_1': [0, 0, 0], 'bt_2': [0, 0, 0]} 2021-05-11 13:54:41
[INFO]2021-05-11 13:54:42,795: ***工作站1等待放行信号， {'bt_0': [0, 0, 0], 'bt_1': [0, 0, 0], 'bt_2': [0, 0, 0]} 2021-05-11 13:54:42
[INFO]2021-05-11 13:54:44,309: ***工作站1等待放行信号， {'bt_0': [0, 0, 0], 'bt_1': [0, 0, 0], 'bt_2': [0, 0, 0]} 2021-05-11 13:54:44
[INFO]2021-05-11 13:54:45,826: ***工作站1等待放行信号， {'bt_0': [0, 0, 0], 'bt_1': [0, 0, 0], 'bt_2': [0, 0, 0]} 2021-05-11 13:54:45
[WARNING]2021-05-11 13:54:47,340: Thread-3[tid:10928] <locked _thread.RLock object owner=10928 count=1 at 0x000001AC83D209C0> ,hold 22722 ms
[INFO]2021-05-11 13:54:47,342: name=Thread-3, pid=16060, tid=10928
[01] File "E:/Users/Administrator/AppData/Local/Programs/Python/Python38/lib/threading.py", line 870, in run() 
[02] File "../agvCtrl/agvApi.py", line 279, in _checkFinish() 
[03] File "../common/lock.py", line 122, in _call() 
[04] File "../common/lock.py", line 100, in release() 
[05] File "E:/projects_by_myself/backup/MeiWei_back_0421/common/enhance.py", line 258, in getTrace() 
[06] File "E:/projects_by_myself/backup/MeiWei_back_0421/common/enhance.py", line 240, in getThreadStack()
[INFO]2021-05-11 13:54:47,347: 进入move2workstation2
[INFO]2021-05-11 13:54:47,348: ***************调用move方法
[DEBUG]2021-05-11 13:54:47,372: GET: http://127.0.0.1:5551/api/agv/move?WorkPlace=None&agv=AGV30&agvId=AGV30&appName=MeiWeiTask&direction=None&floorId=meiwei428&isRotate&loc=meiwei428.11&location=11&p_direction=0.0&recognize=False&result=True&resultDesc=None&taskId=609a1bb24e752b61a2f6bb85_5&taskType=scadaTask&timeoutSec=86400&use_pgv=False addr: 127.0.0.1
[INFO]2021-05-11 13:54:47,379: Begin: AGV30 move from meiwei428.10 to meiwei428.11 by paths: [('meiwei428', ['10', '11'], 1.4304758833316882)] task: 609a1bb24e752b61a2f6bb85_5 timeout 86400 used 5 ms
[DEBUG]2021-05-11 13:54:47,381: used 9ms 200 OK application/json;charset=utf-8, GET: http://127.0.0.1:5551/api/agv/move?WorkPlace=None&agv=AGV30&agvId=AGV30&appName=MeiWeiTask&direction=None&floorId=meiwei428&isRotate&loc=meiwei428.11&location=11&p_direction=0.0&recognize=False&result=True&resultDesc=None&taskId=609a1bb24e752b61a2f6bb85_5&taskType=scadaTask&timeoutSec=86400&use_pgv=False
[WARNING]2021-05-11 13:54:47,382: scada.609a1bb24e752b61a2f6bb85[tid:8068] <locked _thread.RLock object owner=8068 count=1 at 0x000001AC83D209C0> ,hold 22641 ms
[INFO]2021-05-11 13:54:47,384: name=scada.609a1bb24e752b61a2f6bb85, pid=16060, tid=8068
[01] File "E:/Users/Administrator/AppData/Local/Programs/Python/Python38/lib/threading.py", line 870, in run() 
[02] File "../common/utility.py", line 167, in __call() 
[03] File "E:/projects_by_myself/backup/MeiWei_back_0421/akmCtrl/beans/scadaTaskBean.py", line 765, in _taskFunc() 
[04] File "../common/lock.py", line 122, in _call() 
[05] File "../common/lock.py", line 100, in release() 
[06] File "E:/projects_by_myself/backup/MeiWei_back_0421/common/enhance.py", line 258, in getTrace() 
[07] File "E:/projects_by_myself/backup/MeiWei_back_0421/common/enhance.py", line 240, in getThreadStack()
[DEBUG]2021-05-11 13:54:47,385: task[609a1bb24e752b61a2f6bb85][AGV30] 6(1) -> 7(8) [move2workstation2_onfinish] move2workstation2 -> move2workstation2_onfinish
[DEBUG]2021-05-11 13:54:48,147: agvInfo: AGV30 meiwei428.10 move to meiwei428.11 ,taskId 609a1bb24e752b61a2f6bb85_5
[DEBUG]2021-05-11 13:54:50,624: AGV30 set loc meiwei428.11 ,old 10 (19.18,0.56)
[SUCC]2021-05-11 13:54:51,711: Finish:  AGV30 arrived meiwei428.11 ,task: 609a1bb24e752b61a2f6bb85_5
[INFO]2021-05-11 13:54:51,982: task: move finish callback task[609a1bb24e752b61a2f6bb85][AGV30] 6(1) -> 7(8) [move2workstation2_onfinish]
[INFO]2021-05-11 13:54:51,985: ****移动到下料工作站2****
[INFO]2021-05-11 13:54:51,987: ***工作站2等待放行信号， {'bt_0': [0, 0, 0], 'bt_1': [0, 0, 0], 'bt_2': [0, 0, 0]} 2021-05-11 13:54:51
[INFO]2021-05-11 13:54:53,503: ***工作站2等待放行信号， {'bt_0': [0, 0, 0], 'bt_1': [0, 0, 0], 'bt_2': [0, 0, 0]} 2021-05-11 13:54:53
[INFO]2021-05-11 13:54:55,018: ***工作站2等待放行信号， {'bt_0': [0, 0, 0], 'bt_1': [0, 0, 0], 'bt_2': [0, 0, 0]} 2021-05-11 13:54:55
[INFO]2021-05-11 13:54:56,520: ***工作站2等待放行信号， {'bt_0': [0, 0, 0], 'bt_1': [0, 0, 0], 'bt_2': [0, 0, 0]} 2021-05-11 13:54:56
[INFO]2021-05-11 13:54:58,030: ***工作站2等待放行信号， {'bt_0': [0, 0, 0], 'bt_1': [0, 0, 0], 'bt_2': [0, 0, 0]} 2021-05-11 13:54:58
[INFO]2021-05-11 13:54:59,535: ***工作站2等待放行信号， {'bt_0': [0, 0, 0], 'bt_1': [0, 0, 0], 'bt_2': [0, 0, 0]} 2021-05-11 13:54:59
[INFO]2021-05-11 13:55:01,050: ***工作站2等待放行信号， {'bt_0': [0, 0, 0], 'bt_1': [0, 0, 0], 'bt_2': [0, 0, 0]} 2021-05-11 13:55:01
[INFO]2021-05-11 13:55:02,561: ***工作站2等待放行信号， {'bt_0': [0, 0, 0], 'bt_1': [0, 0, 0], 'bt_2': [0, 0, 0]} 2021-05-11 13:55:02
[INFO]2021-05-11 13:55:04,078: ***工作站2等待放行信号， {'bt_0': [0, 0, 0], 'bt_1': [0, 0, 0], 'bt_2': [0, 0, 0]} 2021-05-11 13:55:04
[INFO]2021-05-11 13:55:05,581: ***工作站2等待放行信号， {'bt_0': [0, 0, 0], 'bt_1': [0, 0, 0], 'bt_2': [0, 0, 0]} 2021-05-11 13:55:05
[INFO]2021-05-11 13:55:07,097: ***工作站2等待放行信号， {'bt_0': [0, 0, 0], 'bt_1': [0, 0, 0], 'bt_2': [0, 0, 0]} 2021-05-11 13:55:07
[INFO]2021-05-11 13:55:08,608: ***工作站2等待放行信号， {'bt_0': [0, 0, 0], 'bt_1': [0, 0, 0], 'bt_2': [0, 0, 0]} 2021-05-11 13:55:08
[INFO]2021-05-11 13:55:10,114: ***工作站2等待放行信号， {'bt_0': [0, 0, 0], 'bt_1': [0, 0, 0], 'bt_2': [0, 0, 0]} 2021-05-11 13:55:10
[INFO]2021-05-11 13:55:11,626: ***工作站2等待放行信号， {'bt_0': [0, 0, 0], 'bt_1': [0, 0, 0], 'bt_2': [0, 0, 0]} 2021-05-11 13:55:11
[INFO]2021-05-11 13:55:13,137: ***工作站2等待放行信号， {'bt_0': [0, 0, 0], 'bt_1': [0, 0, 0], 'bt_2': [0, 0, 0]} 2021-05-11 13:55:13
[WARNING]2021-05-11 13:55:14,676: Thread-3[tid:10928] <locked _thread.RLock object owner=10928 count=1 at 0x000001AC83D209C0> ,hold 22694 ms
[INFO]2021-05-11 13:55:14,678: name=Thread-3, pid=16060, tid=10928
[01] File "E:/Users/Administrator/AppData/Local/Programs/Python/Python38/lib/threading.py", line 870, in run() 
[02] File "../agvCtrl/agvApi.py", line 279, in _checkFinish() 
[03] File "../common/lock.py", line 122, in _call() 
[04] File "../common/lock.py", line 100, in release() 
[05] File "E:/projects_by_myself/backup/MeiWei_back_0421/common/enhance.py", line 258, in getTrace() 
[06] File "E:/projects_by_myself/backup/MeiWei_back_0421/common/enhance.py", line 240, in getThreadStack()
[INFO]2021-05-11 13:55:14,680: ***************调用move方法
[DEBUG]2021-05-11 13:55:14,682: GET: http://127.0.0.1:5551/api/agv/move?WorkPlace=None&agv=AGV30&agvId=AGV30&appName=MeiWeiTask&direction=None&floorId=meiwei428&isRotate&loc=meiwei428.12&location=12&p_direction=0.0&recognize=False&result=True&resultDesc=None&taskId=609a1bb24e752b61a2f6bb85_6&taskType=scadaTask&timeoutSec=86400&use_pgv=False addr: 127.0.0.1
[INFO]2021-05-11 13:55:14,688: Begin: AGV30 move from meiwei428.11 to meiwei428.12 by paths: [('meiwei428', ['11', '12'], 2.4404248984163965)] task: 609a1bb24e752b61a2f6bb85_6 timeout 86400 used 5 ms
[DEBUG]2021-05-11 13:55:14,690: used 8ms 200 OK application/json;charset=utf-8, GET: http://127.0.0.1:5551/api/agv/move?WorkPlace=None&agv=AGV30&agvId=AGV30&appName=MeiWeiTask&direction=None&floorId=meiwei428&isRotate&loc=meiwei428.12&location=12&p_direction=0.0&recognize=False&result=True&resultDesc=None&taskId=609a1bb24e752b61a2f6bb85_6&taskType=scadaTask&timeoutSec=86400&use_pgv=False
[WARNING]2021-05-11 13:55:14,691: scada.609a1bb24e752b61a2f6bb85[tid:8068] <locked _thread.RLock object owner=8068 count=1 at 0x000001AC83D209C0> ,hold 22621 ms
[INFO]2021-05-11 13:55:14,694: name=scada.609a1bb24e752b61a2f6bb85, pid=16060, tid=8068
[01] File "E:/Users/Administrator/AppData/Local/Programs/Python/Python38/lib/threading.py", line 870, in run() 
[02] File "../common/utility.py", line 167, in __call() 
[03] File "E:/projects_by_myself/backup/MeiWei_back_0421/akmCtrl/beans/scadaTaskBean.py", line 765, in _taskFunc() 
[04] File "../common/lock.py", line 122, in _call() 
[05] File "../common/lock.py", line 100, in release() 
[06] File "E:/projects_by_myself/backup/MeiWei_back_0421/common/enhance.py", line 258, in getTrace() 
[07] File "E:/projects_by_myself/backup/MeiWei_back_0421/common/enhance.py", line 240, in getThreadStack()
[DEBUG]2021-05-11 13:55:14,695: task[609a1bb24e752b61a2f6bb85][AGV30] 6(1) -> 7(8) [move2workstation3_onfinish] move2workstation3 -> move2workstation3_onfinish
[DEBUG]2021-05-11 13:55:15,699: agvInfo: AGV30 meiwei428.11 move to meiwei428.12 ,taskId 609a1bb24e752b61a2f6bb85_6
[DEBUG]2021-05-11 13:55:18,764: AGV30 set loc meiwei428.12 ,old 11 (21.62,0.68)
[INFO]2021-05-11 13:55:20,083: 按钮任务状态： True
[INFO]2021-05-11 13:55:20,091: ****************接受到的数据**************： staticDevID: 1 devID: 223 keyID: 3
[INFO]2021-05-11 13:55:20,092: *********************任务列表 {'609a1bb24e752b61a2f6bb85': <beans.scadaTaskBean.scadaTask object at 0x000001AC83D1FC10>}
[INFO]2021-05-11 13:55:20,093: ****************任务*********： task[609a1bb24e752b61a2f6bb85][AGV30] 6(1) -> 7(8) [move2workstation3_onfinish]
[INFO]2021-05-11 13:55:20,094: ****************任务类型*********： <class 'beans.scadaTaskBean.scadaTask'>
[INFO]2021-05-11 13:55:20,095: 没有相应的按钮任务，请勿随意点击按钮： 3 bt_1 2021-05-11 13:55:20
[INFO]2021-05-11 13:55:20,101: 信息*********map: meiwei423 agvId AGV30 tyepe: move loc p2
[SUCC]2021-05-11 13:55:20,294: Finish:  AGV30 arrived meiwei428.12 ,task: 609a1bb24e752b61a2f6bb85_6
[INFO]2021-05-11 13:55:20,387: task: move finish callback task[609a1bb24e752b61a2f6bb85][AGV30] 6(1) -> 7(8) [move2workstation3_onfinish]
[INFO]2021-05-11 13:55:20,389: ****移动到下料工作站3****
[INFO]2021-05-11 13:55:20,390: ***工作站3等待放行信号， {'bt_0': [0, 0, 0], 'bt_1': [0, 0, 0], 'bt_2': [0, 0, 0]} 2021-05-11 13:55:20
[INFO]2021-05-11 13:55:21,894: ***工作站3等待放行信号， {'bt_0': [0, 0, 0], 'bt_1': [0, 0, 0], 'bt_2': [0, 0, 0]} 2021-05-11 13:55:21
[INFO]2021-05-11 13:55:23,397: ***工作站3等待放行信号， {'bt_0': [0, 0, 0], 'bt_1': [0, 0, 0], 'bt_2': [0, 0, 0]} 2021-05-11 13:55:23
[INFO]2021-05-11 13:55:24,910: ***工作站3等待放行信号， {'bt_0': [0, 0, 0], 'bt_1': [0, 0, 0], 'bt_2': [0, 0, 0]} 2021-05-11 13:55:24
[INFO]2021-05-11 13:55:26,428: ***工作站3等待放行信号， {'bt_0': [0, 0, 0], 'bt_1': [0, 0, 0], 'bt_2': [0, 0, 0]} 2021-05-11 13:55:26
[INFO]2021-05-11 13:55:27,932: ***工作站3等待放行信号， {'bt_0': [0, 0, 0], 'bt_1': [0, 0, 0], 'bt_2': [0, 0, 0]} 2021-05-11 13:55:27
[INFO]2021-05-11 13:55:29,438: ***工作站3等待放行信号， {'bt_0': [0, 0, 0], 'bt_1': [0, 0, 0], 'bt_2': [0, 0, 0]} 2021-05-11 13:55:29
[INFO]2021-05-11 13:55:30,950: ***工作站3等待放行信号， {'bt_0': [0, 0, 0], 'bt_1': [0, 0, 0], 'bt_2': [0, 0, 0]} 2021-05-11 13:55:30
[INFO]2021-05-11 13:55:32,464: ***工作站3等待放行信号， {'bt_0': [0, 0, 0], 'bt_1': [0, 0, 0], 'bt_2': [0, 0, 0]} 2021-05-11 13:55:32
[INFO]2021-05-11 13:55:33,981: ***工作站3等待放行信号， {'bt_0': [0, 0, 0], 'bt_1': [0, 0, 0], 'bt_2': [0, 0, 0]} 2021-05-11 13:55:33
[INFO]2021-05-11 13:55:35,497: ***工作站3等待放行信号， {'bt_0': [0, 0, 0], 'bt_1': [0, 0, 0], 'bt_2': [0, 0, 0]} 2021-05-11 13:55:35
[INFO]2021-05-11 13:55:37,012: ***工作站3等待放行信号， {'bt_0': [0, 0, 0], 'bt_1': [0, 0, 0], 'bt_2': [0, 0, 0]} 2021-05-11 13:55:37
[INFO]2021-05-11 13:55:38,527: ***工作站3等待放行信号， {'bt_0': [0, 0, 0], 'bt_1': [0, 0, 0], 'bt_2': [0, 0, 0]} 2021-05-11 13:55:38
[INFO]2021-05-11 13:55:40,036: ***工作站3等待放行信号， {'bt_0': [0, 0, 0], 'bt_1': [0, 0, 0], 'bt_2': [0, 0, 0]} 2021-05-11 13:55:40
[INFO]2021-05-11 13:55:41,549: ***工作站3等待放行信号， {'bt_0': [0, 0, 0], 'bt_1': [0, 0, 0], 'bt_2': [0, 0, 0]} 2021-05-11 13:55:41
[WARNING]2021-05-11 13:55:43,063: Thread-3[tid:10928] <locked _thread.RLock object owner=10928 count=1 at 0x000001AC83D209C0> ,hold 22676 ms
[INFO]2021-05-11 13:55:43,081: name=Thread-3, pid=16060, tid=10928
[01] File "E:/Users/Administrator/AppData/Local/Programs/Python/Python38/lib/threading.py", line 870, in run() 
[02] File "../agvCtrl/agvApi.py", line 279, in _checkFinish() 
[03] File "../common/lock.py", line 122, in _call() 
[04] File "../common/lock.py", line 100, in release() 
[05] File "E:/projects_by_myself/backup/MeiWei_back_0421/common/enhance.py", line 258, in getTrace() 
[06] File "E:/projects_by_myself/backup/MeiWei_back_0421/common/enhance.py", line 240, in getThreadStack()
[INFO]2021-05-11 13:55:43,092: ***************调用move方法
[DEBUG]2021-05-11 13:55:43,099: GET: http://127.0.0.1:5551/api/agv/move?WorkPlace=None&agv=AGV30&agvId=AGV30&appName=MeiWeiTask&direction=None&floorId=meiwei428&isRotate&loc=meiwei428.7&location=7&p_direction=0.0&recognize=False&result=True&resultDesc=None&taskId=609a1bb24e752b61a2f6bb85_5&taskType=scadaTask&timeoutSec=86400&use_pgv=False addr: 127.0.0.1
[INFO]2021-05-11 13:55:43,124: Begin: AGV30 move from meiwei428.12 to meiwei428.7 by paths: [('meiwei428', ['12', '7'], 1.8910569182332337)] task: 609a1bb24e752b61a2f6bb85_5 timeout 86400 used 21 ms
[DEBUG]2021-05-11 13:55:43,125: used 26ms 200 OK application/json;charset=utf-8, GET: http://127.0.0.1:5551/api/agv/move?WorkPlace=None&agv=AGV30&agvId=AGV30&appName=MeiWeiTask&direction=None&floorId=meiwei428&isRotate&loc=meiwei428.7&location=7&p_direction=0.0&recognize=False&result=True&resultDesc=None&taskId=609a1bb24e752b61a2f6bb85_5&taskType=scadaTask&timeoutSec=86400&use_pgv=False
[INFO]2021-05-11 13:55:43,134: task[609a1bb24e752b61a2f6bb85] update info: {'step': 'dropPayload', 'updateTime': datetime.datetime(2021, 5, 11, 13, 55, 43, 133294)}
[INFO]2021-05-11 13:55:43,138: 当前步骤： dropPayload
[WARNING]2021-05-11 13:55:43,139: scada.609a1bb24e752b61a2f6bb85[tid:8068] <locked _thread.RLock object owner=8068 count=1 at 0x000001AC83D209C0> ,hold 22521 ms
[INFO]2021-05-11 13:55:43,141: name=scada.609a1bb24e752b61a2f6bb85, pid=16060, tid=8068
[01] File "E:/Users/Administrator/AppData/Local/Programs/Python/Python38/lib/threading.py", line 870, in run() 
[02] File "../common/utility.py", line 167, in __call() 
[03] File "E:/projects_by_myself/backup/MeiWei_back_0421/akmCtrl/beans/scadaTaskBean.py", line 765, in _taskFunc() 
[04] File "../common/lock.py", line 122, in _call() 
[05] File "../common/lock.py", line 100, in release() 
[06] File "E:/projects_by_myself/backup/MeiWei_back_0421/common/enhance.py", line 258, in getTrace() 
[07] File "E:/projects_by_myself/backup/MeiWei_back_0421/common/enhance.py", line 240, in getThreadStack()
[DEBUG]2021-05-11 13:55:43,148: task[609a1bb24e752b61a2f6bb85][AGV30] 6(1) -> 7(8) [dropPayload] dropPayloadMove -> dropPayload
[DEBUG]2021-05-11 13:55:43,725: agvInfo: AGV30 meiwei428.12 move to meiwei428.7 ,taskId 609a1bb24e752b61a2f6bb85_5
[DEBUG]2021-05-11 13:55:46,476: AGV30 set loc meiwei428.7 ,old 12 (23.51,0.77)
[WARNING]2021-05-11 13:55:46,808: AGV30 waitFinish status error: 7 ,target= 7 task_status= 2
[WARNING]2021-05-11 13:55:47,319: AGV30 waitFinish status error: 7 ,target= 7 task_status= 2
[WARNING]2021-05-11 13:55:47,895: AGV30 waitFinish status error: 7 ,target= 7 task_status= 2
[SUCC]2021-05-11 13:55:49,399: Finish:  AGV30 arrived meiwei428.7 ,task: 609a1bb24e752b61a2f6bb85_5
[INFO]2021-05-11 13:55:49,873: task: move finish callback task[609a1bb24e752b61a2f6bb85][AGV30] 6(1) -> 7(8) [dropPayload]
[INFO]2021-05-11 13:55:50,010: task[609a1bb24e752b61a2f6bb85][AGV30] 6(1) -> 7(8) [dropPayloadJackdown] _jackDown
[DEBUG]2021-05-11 13:55:50,013: send http_get: http://127.0.0.1:5551/api/agv/jackdownOld?agv=AGV30&loc=None&timeoutSec=90
[DEBUG]2021-05-11 13:55:50,024: GET: http://127.0.0.1:5551/api/agv/jackdownOld?agv=AGV30&loc=None&timeoutSec=90 addr: 127.0.0.1
[INFO]2021-05-11 13:55:50,031: ************run jackDownOld********************
[DEBUG]2021-05-11 13:55:51,056: used 1032ms 200 OK application/json;charset=utf-8, GET: http://127.0.0.1:5551/api/agv/jackdownOld?agv=AGV30&loc=None&timeoutSec=90
[DEBUG]2021-05-11 13:55:51,199: [return] use 1186 ms,http_get: http://127.0.0.1:5551/api/agv/jackdownOld?agv=AGV30&loc=None&timeoutSec=90
[DEBUG]2021-05-11 13:55:51,279: task[609a1bb24e752b61a2f6bb85][AGV30] 6(1) -> 7(8) [dropPayloadReset] dropPayloadJackdown -> dropPayloadReset
[INFO]2021-05-11 13:55:51,774: task[609a1bb24e752b61a2f6bb85]:  successed {'step': 'finish', 'failMsg': '任务成功', 'endTime': datetime.datetime(2021, 5, 11, 13, 55, 51, 742178), 'status': 'success'}
[DEBUG]2021-05-11 13:55:51,853: task[609a1bb24e752b61a2f6bb85][AGV30] 6(1) -> 7(8) [finish] dropPayloadReset -> finish
[INFO]2021-05-11 13:55:52,314: task[609a1bb24e752b61a2f6bb85][AGV30] 6(1) -> 7(8) [finish] AGV30 release task, release agv True True False
[DEBUG]2021-05-11 13:55:52,457: GET: http://127.0.0.1:5551/api/agv/isLocked?agv=AGV30&appName=MeiWeiTask&taskId=609a1bb24e752b61a2f6bb85 addr: 127.0.0.1
[DEBUG]2021-05-11 13:55:52,552: used 95ms 200 OK application/json;charset=utf-8, GET: http://127.0.0.1:5551/api/agv/isLocked?agv=AGV30&appName=MeiWeiTask&taskId=609a1bb24e752b61a2f6bb85
[DEBUG]2021-05-11 13:55:52,838: GET: http://127.0.0.1:5551/api/agv/release?agv=AGV30&appName=MeiWeiTask&force=False&taskId=609a1bb24e752b61a2f6bb85 addr: 127.0.0.1
[DEBUG]2021-05-11 13:55:52,916: unlock: AGV30 taskId 609a1bb24e752b61a2f6bb85 app MeiWeiTask force False
[DEBUG]2021-05-11 13:55:53,011: used 173ms 200 OK application/json;charset=utf-8, GET: http://127.0.0.1:5551/api/agv/release?agv=AGV30&appName=MeiWeiTask&force=False&taskId=609a1bb24e752b61a2f6bb85
[INFO]2021-05-11 13:55:53,186: task[609a1bb24e752b61a2f6bb85][AGV30] 6(1) -> 7(8) [finish] let AGV30 gohome
[DEBUG]2021-05-11 13:55:53,329: GET: http://127.0.0.1:5551/api/agv/goHome?agv=AGV30&appName=MeiWeiTask&force=False&timeout=10800 addr: 127.0.0.1
[INFO]2021-05-11 13:55:53,441: AGV30 gohome home_1 force False taskId home_1 : AGV30.7 -> meiwei428.9
[INFO]2021-05-11 13:55:55,107: Begin: AGV30 move from meiwei428.7 to meiwei428.9 by paths: [('meiwei428', ['7', '9'], 3.87438880919504)] task: home_1 timeout 10800 used 1617 ms
[DEBUG]2021-05-11 13:55:55,279: used 1950ms 200 OK application/json;charset=utf-8, GET: http://127.0.0.1:5551/api/agv/goHome?agv=AGV30&appName=MeiWeiTask&force=False&timeout=10800
[INFO]2021-05-11 13:55:55,422: task: prepoint released2  609a1bb24e752b61a2f6bb85 meiwei428.7
[WARNING]2021-05-11 13:55:55,499: scada.609a1bb24e752b61a2f6bb85[tid:8068] <lock name:runTasks.g_lock,<locked _thread.RLock object owner=8068 count=1 at 0x000001AC80051F30>> ,hold 3185 ms
[INFO]2021-05-11 13:55:55,583: name=scada.609a1bb24e752b61a2f6bb85, pid=16060, tid=8068
[01] File "E:/Users/Administrator/AppData/Local/Programs/Python/Python38/lib/threading.py", line 870, in run() 
[02] File "../common/utility.py", line 167, in __call() 
[03] File "E:/projects_by_myself/backup/MeiWei_back_0421/akmCtrl/beans/scadaTaskBean.py", line 762, in _taskFunc() 
[04] File "../common/lock.py", line 122, in _call() 
[05] File "../common/lock.py", line 100, in release() 
[06] File "E:/projects_by_myself/backup/MeiWei_back_0421/common/enhance.py", line 258, in getTrace() 
[07] File "E:/projects_by_myself/backup/MeiWei_back_0421/common/enhance.py", line 240, in getThreadStack()
[INFO]2021-05-11 13:55:55,672: **********上一个按钮任务结束，重置状态，允许继续接受按钮任务************
[INFO]2021-05-11 13:55:55,704: 运行结束，重置running
[INFO]2021-05-11 13:55:55,813: task: stop task[609a1bb24e752b61a2f6bb85][-] 6(1) -> 7(8) [finish]
[DEBUG]2021-05-11 13:55:56,697: task: delete task 609a1bb24e752b61a2f6bb85
[DEBUG]2021-05-11 13:55:57,096: agvInfo: AGV30 meiwei428.7 move to meiwei428.9 ,taskId home_1
[DEBUG]2021-05-11 13:56:06,327: AGV30 set loc meiwei428.9 ,old 7 (27.38,0.85)
[SUCC]2021-05-11 13:56:07,999: Finish:  AGV30 arrived meiwei428.9 ,task: home_1
[DEBUG]2021-05-11 13:56:08,175: unlock: AGV30 taskId None app None force False
[INFO]2021-05-11 13:57:07,609: tcp server [0.0.0.0][10001] ,connectedLen: 2, tcp connected : 192.168.252.164:10001 <--> 192.168.252.165:53443
[INFO]2021-05-11 13:57:07,705: **************回复线程启动**************
[ERROR]2021-05-11 13:57:07,988: user press Ctrl+C, system quit!
[WARNING]2021-05-11 13:57:08,052: runTask:stop save file
[ERROR]2021-05-11 13:57:08,132: process exited, living 0:05:03.172652 seconds
[ERROR]2021-05-11 13:57:08,210: user press Ctrl+C, system quit!
[WARNING]2021-05-11 13:57:08,274: runTask:stop save file
[ERROR]2021-05-11 13:57:08,337: process exited, living 0:05:03.378144 seconds
[ERROR]2021-05-11 13:57:08,416: user press Ctrl+C, system quit!
