[INFO]2021-06-08 12:24:39,186: log files at C:\Users\Administrator\Desktop\SVN\美维\MeiWei_back_0421\common\log
[INFO]2021-06-08 12:24:39,187: find module account.main_account
[INFO]2021-06-08 12:24:39,187: find module agvCtrl.main_agv
[INFO]2021-06-08 12:24:39,188: find module agvDevice.main_agvDevice
[INFO]2021-06-08 12:24:39,188: find module akmCtrl.main_akmCtrl
[INFO]2021-06-08 12:24:39,188: find module alarm.main_alarm
[INFO]2021-06-08 12:24:39,189: find module auth.main_auth
[INFO]2021-06-08 12:24:39,189: find module door.main_door
[INFO]2021-06-08 12:24:39,191: find module elevator.main_elevator
[INFO]2021-06-08 12:24:39,192: find module feed.main_feed
[INFO]2021-06-08 12:24:39,193: find module remoteio.main_remoteio
[INFO]2021-06-08 12:24:39,193: import account.main_account
[INFO]2021-06-08 12:24:39,275: import agvCtrl.main_agv
[INFO]2021-06-08 12:24:39,558: create lock <lock name:doorMgr.lock,<unlocked _thread.RLock object owner=0 count=0 at 0x000001F1D26ADDA0>>
[INFO]2021-06-08 12:24:39,573: create lock <lock name:door.lock,<unlocked _thread.RLock object owner=0 count=0 at 0x000001F1D26ADF08>>
[INFO]2021-06-08 12:24:39,665: create lock <lock name:timer.lock_2138132971192,<unlocked _thread.RLock object owner=0 count=0 at 0x000001F1D2A25B98>>
[ERROR]2021-06-08 12:24:39,676: mqtt is disabled
[INFO]2021-06-08 12:24:39,677: mqtt: subscribe [alarm/raise/+]
[INFO]2021-06-08 12:24:39,678: mqtt: subscribe [alarm/clear/+]
[INFO]2021-06-08 12:24:42,715: Mongodb connect to 127.0.0.1 port 27017
[INFO]2021-06-08 12:24:42,744: create lock <lock name:elevatorMgr.lock,<unlocked _thread.RLock object owner=0 count=0 at 0x000001F1D2CE8058>>
[WARNING]2021-06-08 12:24:42,760: use mockAgvCtrl
[INFO]2021-06-08 12:24:42,764: create lock <lock name:mapMgr.lock,<unlocked _thread.RLock object owner=0 count=0 at 0x000001F1D0EEEC88>>
[INFO]2021-06-08 12:24:43,058: create lock <lock name:agvList.g_agvLock,<unlocked _thread.RLock object owner=0 count=0 at 0x000001F1D2D9A0A8>>
[INFO]2021-06-08 12:24:43,062: create lock <lock name:taskList.lock,<unlocked _thread.RLock object owner=0 count=0 at 0x000001F1D2D9AF08>>
[INFO]2021-06-08 12:24:43,124: charge policy 1 , fix time
[INFO]2021-06-08 12:24:43,158: create lock <lock name:agvApi.g_lock,<unlocked _thread.RLock object owner=0 count=0 at 0x000001F1D2E12080>>
[INFO]2021-06-08 12:24:43,802: start load map C:\Users\Administrator\Desktop\SVN\美维\MeiWei_back_0421\agvCtrl\projects\test\AKM2F.smap
[DEBUG]2021-06-08 12:24:43,911: elevator thread start
[INFO]2021-06-08 12:24:43,934: load map C:\Users\Administrator\Desktop\SVN\美维\MeiWei_back_0421\agvCtrl\projects\test\AKM2F.smap ,used 140 ms
[INFO]2021-06-08 12:24:43,943: start load map C:\Users\Administrator\Desktop\SVN\美维\MeiWei_back_0421\agvCtrl\projects\test\akmsmt.smap
[INFO]2021-06-08 12:24:43,998: load map C:\Users\Administrator\Desktop\SVN\美维\MeiWei_back_0421\agvCtrl\projects\test\akmsmt.smap ,used 63 ms
[INFO]2021-06-08 12:24:44,009: start load map C:\Users\Administrator\Desktop\SVN\美维\MeiWei_back_0421\agvCtrl\projects\test\akmsmtMap.smap
[INFO]2021-06-08 12:24:44,177: load map C:\Users\Administrator\Desktop\SVN\美维\MeiWei_back_0421\agvCtrl\projects\test\akmsmtMap.smap ,used 177 ms
[INFO]2021-06-08 12:24:44,189: start load map C:\Users\Administrator\Desktop\SVN\美维\MeiWei_back_0421\agvCtrl\projects\test\desai-all-20191223.smap
[INFO]2021-06-08 12:24:44,342: load map C:\Users\Administrator\Desktop\SVN\美维\MeiWei_back_0421\agvCtrl\projects\test\desai-all-20191223.smap ,used 163 ms
[INFO]2021-06-08 12:24:44,354: start load map C:\Users\Administrator\Desktop\SVN\美维\MeiWei_back_0421\agvCtrl\projects\test\meiwei423.smap
[INFO]2021-06-08 12:24:44,428: load map C:\Users\Administrator\Desktop\SVN\美维\MeiWei_back_0421\agvCtrl\projects\test\meiwei423.smap ,used 85 ms
[INFO]2021-06-08 12:24:44,440: start load map C:\Users\Administrator\Desktop\SVN\美维\MeiWei_back_0421\agvCtrl\projects\test\meiwei428.smap
[INFO]2021-06-08 12:24:44,501: load map C:\Users\Administrator\Desktop\SVN\美维\MeiWei_back_0421\agvCtrl\projects\test\meiwei428.smap ,used 71 ms
[INFO]2021-06-08 12:24:44,505: import agvDevice.main_agvDevice
[INFO]2021-06-08 12:24:44,508: import akmCtrl.main_akmCtrl
[INFO]2021-06-08 12:24:44,533: create lock <lock name:runTasks.g_lock,<unlocked _thread.RLock object owner=0 count=0 at 0x000001F1D32A5198>>
[INFO]2021-06-08 12:24:44,547: create lock <lock name:agvApi.g_lock,<unlocked _thread.RLock object owner=0 count=0 at 0x000001F1D32D8CB0>>
[INFO]2021-06-08 12:24:44,567: create lock <lock name:runTasks.pre_lock,<unlocked _thread.RLock object owner=0 count=0 at 0x000001F1D3208DF0>>
[INFO]2021-06-08 12:24:44,569: create lock <lock name:timer.lock_2138160684840,<unlocked _thread.RLock object owner=0 count=0 at 0x000001F1D31A7DC8>>
[INFO]2021-06-08 12:24:44,571: create lock <lock name:mapMgr.lock,<unlocked _thread.RLock object owner=0 count=0 at 0x000001F1D1AE51E8>>
[INFO]2021-06-08 12:24:44,637: import alarm.main_alarm
[INFO]2021-06-08 12:24:44,639: import auth.main_auth
[INFO]2021-06-08 12:24:45,068: import door.main_door
[INFO]2021-06-08 12:24:45,071: import elevator.main_elevator
[INFO]2021-06-08 12:24:45,078: create lock <lock name:elevatorApi.g_lock,<unlocked _thread.RLock object owner=0 count=0 at 0x000001F1D1AE5CD8>>
[INFO]2021-06-08 12:24:45,080: import feed.main_feed
[INFO]2021-06-08 12:24:45,104: IP: 127.0.0.1 port: 10001
[INFO]2021-06-08 12:24:45,106: <tcpSocket.server object at 0x000001F1D40755C0>
[INFO]2021-06-08 12:24:45,112: ------------准备start--------
[INFO]2021-06-08 12:24:45,114: import remoteio.main_remoteio
[SUCC]2021-06-08 12:24:45,131: utility start, pid=15632, ppid=2544
[DEBUG]2021-06-08 12:24:45,132: start timer
[INFO]2021-06-08 12:24:45,142: load agv file: C:\Users\Administrator\Desktop\SVN\美维\MeiWei_back_0421\agvCtrl/projects/test/agv.cfg
[INFO]2021-06-08 12:24:45,144: create lock <lock name:agvList.AGV30.lock,<unlocked _thread.RLock object owner=0 count=0 at 0x000001F1D4172698>>
[DEBUG]2021-06-08 12:24:45,147: create aliveObj AGV30 AGV离线异常 timeout 300
[INFO]2021-06-08 12:24:45,147: AGV30 start agvList run thread
[INFO]2021-06-08 12:24:45,148: AGV30 start agvList run2 thread
[ERROR]2021-06-08 12:24:45,157: agv check init error False
[DEBUG]2021-06-08 12:24:45,161: start timer
[INFO]2021-06-08 12:24:45,171: add_ignore: taskStatus
[INFO]2021-06-08 12:24:45,175: add_ignore: api/elevator/status
[INFO]2021-06-08 12:24:45,179: add_ignore: scada/getTask
[INFO]2021-06-08 12:24:45,669: AGV30 current map meiwei428
[INFO]2021-06-08 12:24:45,672: AGV30 is online
[DEBUG]2021-06-08 12:24:46,189: GET: http://127.0.0.1:5551/api/agv/init?appName=MeiWeiTask addr: 127.0.0.1
[INFO]2021-06-08 12:24:46,191: MeiWeiTask init client agvApi
[DEBUG]2021-06-08 12:24:46,195: used 6ms 200 OK application/json;charset=utf-8, GET: http://127.0.0.1:5551/api/agv/init?appName=MeiWeiTask
[DEBUG]2021-06-08 12:24:49,329: GET: http://127.0.0.1:5551/api/agv/startCharge?appName=MeiWeiTask addr: 127.0.0.1
[DEBUG]2021-06-08 12:24:49,422: used 93ms 200 OK application/json;charset=utf-8, GET: http://127.0.0.1:5551/api/agv/startCharge?appName=MeiWeiTask
[WARNING]2021-06-08 12:24:49,530: timer_thread[tid:12520] <lock name:runTasks.g_lock,<locked _thread.RLock object owner=12520 count=1 at 0x000001F1D32A5198>> ,hold 3357 ms
[INFO]2021-06-08 12:24:49,717: name=timer_thread, pid=15632, tid=12520
[01] File "C:/Python37/lib/threading.py", line 865, in run() 
[02] File "../common/mytimer.py", line 113, in _loop() 
[03] File "../common/lock.py", line 122, in _call() 
[04] File "../common/lock.py", line 100, in release() 
[05] File "C:/Users/Administrator/Desktop/SVN/美维/MeiWei_back_0421/common/enhance.py", line 258, in getTrace() 
[06] File "C:/Users/Administrator/Desktop/SVN/美维/MeiWei_back_0421/common/enhance.py", line 240, in getThreadStack()
