[CRITICAL]2021-04-21 11:17:27,663: agvApi step callback cause a error: 'dict' object is not callable
pid=10684, ppid=15508, tid=6472
Traceback (most recent call last):
  File "..\agvCtrl\agvApi.py", line 261, in _checkFinish
    t.stepCallback(t.params,t.status)
TypeError: 'dict' object is not callable

[CRITICAL]2021-04-21 11:17:27,663: agvApi step callback cause a error: 'dict' object is not callable
pid=10684, ppid=15508, tid=6472
Traceback (most recent call last):
  File "..\agvCtrl\agvApi.py", line 261, in _checkFinish
    t.stepCallback(t.params,t.status)
TypeError: 'dict' object is not callable

[CRITICAL]2021-04-21 11:17:29,710: agvApi step callback cause a error: 'dict' object is not callable
pid=10684, ppid=15508, tid=6472
Traceback (most recent call last):
  File "..\agvCtrl\agvApi.py", line 261, in _checkFinish
    t.stepCallback(t.params,t.status)
TypeError: 'dict' object is not callable

[CRITICAL]2021-04-21 11:17:29,710: agvApi step callback cause a error: 'dict' object is not callable
pid=10684, ppid=15508, tid=6472
Traceback (most recent call last):
  File "..\agvCtrl\agvApi.py", line 261, in _checkFinish
    t.stepCallback(t.params,t.status)
TypeError: 'dict' object is not callable

[CRITICAL]2021-04-21 11:17:32,284: agvApi step callback cause a error: 'dict' object is not callable
pid=10684, ppid=15508, tid=6472
Traceback (most recent call last):
  File "..\agvCtrl\agvApi.py", line 261, in _checkFinish
    t.stepCallback(t.params,t.status)
TypeError: 'dict' object is not callable

[CRITICAL]2021-04-21 11:17:32,284: agvApi step callback cause a error: 'dict' object is not callable
pid=10684, ppid=15508, tid=6472
Traceback (most recent call last):
  File "..\agvCtrl\agvApi.py", line 261, in _checkFinish
    t.stepCallback(t.params,t.status)
TypeError: 'dict' object is not callable

[CRITICAL]2021-04-21 11:17:34,856: agvApi step callback cause a error: 'dict' object is not callable
pid=10684, ppid=15508, tid=6472
Traceback (most recent call last):
  File "..\agvCtrl\agvApi.py", line 261, in _checkFinish
    t.stepCallback(t.params,t.status)
TypeError: 'dict' object is not callable

[CRITICAL]2021-04-21 11:17:34,856: agvApi step callback cause a error: 'dict' object is not callable
pid=10684, ppid=15508, tid=6472
Traceback (most recent call last):
  File "..\agvCtrl\agvApi.py", line 261, in _checkFinish
    t.stepCallback(t.params,t.status)
TypeError: 'dict' object is not callable

[CRITICAL]2021-04-21 11:17:39,499: agvApi step callback cause a error: 'dict' object is not callable
pid=10684, ppid=15508, tid=6472
Traceback (most recent call last):
  File "..\agvCtrl\agvApi.py", line 261, in _checkFinish
    t.stepCallback(t.params,t.status)
TypeError: 'dict' object is not callable

[CRITICAL]2021-04-21 11:17:39,499: agvApi step callback cause a error: 'dict' object is not callable
pid=10684, ppid=15508, tid=6472
Traceback (most recent call last):
  File "..\agvCtrl\agvApi.py", line 261, in _checkFinish
    t.stepCallback(t.params,t.status)
TypeError: 'dict' object is not callable

[CRITICAL]2021-04-21 11:17:40,528: agvApi step callback cause a error: 'dict' object is not callable
pid=10684, ppid=15508, tid=6472
Traceback (most recent call last):
  File "..\agvCtrl\agvApi.py", line 261, in _checkFinish
    t.stepCallback(t.params,t.status)
TypeError: 'dict' object is not callable

[CRITICAL]2021-04-21 11:17:40,528: agvApi step callback cause a error: 'dict' object is not callable
pid=10684, ppid=15508, tid=6472
Traceback (most recent call last):
  File "..\agvCtrl\agvApi.py", line 261, in _checkFinish
    t.stepCallback(t.params,t.status)
TypeError: 'dict' object is not callable

[CRITICAL]2021-04-21 11:17:46,738: agvApi step callback cause a error: 'dict' object is not callable
pid=10684, ppid=15508, tid=6472
Traceback (most recent call last):
  File "..\agvCtrl\agvApi.py", line 261, in _checkFinish
    t.stepCallback(t.params,t.status)
TypeError: 'dict' object is not callable

[CRITICAL]2021-04-21 11:17:46,738: agvApi step callback cause a error: 'dict' object is not callable
pid=10684, ppid=15508, tid=6472
Traceback (most recent call last):
  File "..\agvCtrl\agvApi.py", line 261, in _checkFinish
    t.stepCallback(t.params,t.status)
TypeError: 'dict' object is not callable

