[CRITICAL]2021-04-28 10:24:47,256: : 192.168.252.237:10001 <--> 192.168.252.242:54334 time out cause a error: <tcpSocket.client object at 0x000002706125D850>
pid=10600, ppid=2732, tid=14540
Traceback (most recent call last):
  File "E:\projects_by_myself\backup\MeiWei_back_0421\feed\main_feed.py", line 53, in _handle
    data = client.recv(6)
  File "E:\projects_by_myself\backup\MeiWei_back_0421\common\tcpSocket.py", line 165, in recv
    recvdata = self._socket.recv(bufferLen if remainLen > bufferLen else remainLen)
socket.timeout: timed out

[CRITICAL]2021-04-28 10:24:57,749: : 192.168.252.237:10001 <--> 192.168.252.242:54335 time out cause a error: <tcpSocket.client object at 0x000002706125DB50>
pid=10600, ppid=2732, tid=16372
Traceback (most recent call last):
  File "E:\projects_by_myself\backup\MeiWei_back_0421\feed\main_feed.py", line 53, in _handle
    data = client.recv(6)
  File "E:\projects_by_myself\backup\MeiWei_back_0421\common\tcpSocket.py", line 165, in recv
    recvdata = self._socket.recv(bufferLen if remainLen > bufferLen else remainLen)
socket.timeout: timed out

[CRITICAL]2021-04-28 10:25:16,392: : 192.168.252.237:10001 <--> 192.168.252.242:54336 time out cause a error: <tcpSocket.client object at 0x000002706125D850>
pid=10600, ppid=2732, tid=17448
Traceback (most recent call last):
  File "E:\projects_by_myself\backup\MeiWei_back_0421\feed\main_feed.py", line 53, in _handle
    data = client.recv(6)
  File "E:\projects_by_myself\backup\MeiWei_back_0421\common\tcpSocket.py", line 165, in recv
    recvdata = self._socket.recv(bufferLen if remainLen > bufferLen else remainLen)
socket.timeout: timed out

[CRITICAL]2021-04-28 10:25:26,955: : 192.168.252.237:10001 <--> 192.168.252.242:54337 time out cause a error: <tcpSocket.client object at 0x000002706125DB50>
pid=10600, ppid=2732, tid=5512
Traceback (most recent call last):
  File "E:\projects_by_myself\backup\MeiWei_back_0421\feed\main_feed.py", line 53, in _handle
    data = client.recv(6)
  File "E:\projects_by_myself\backup\MeiWei_back_0421\common\tcpSocket.py", line 165, in recv
    recvdata = self._socket.recv(bufferLen if remainLen > bufferLen else remainLen)
socket.timeout: timed out

[CRITICAL]2021-04-28 10:25:37,874: : 192.168.252.237:10001 <--> 192.168.252.242:54338 time out cause a error: <tcpSocket.client object at 0x00000270656A9910>
pid=10600, ppid=2732, tid=14728
Traceback (most recent call last):
  File "E:\projects_by_myself\backup\MeiWei_back_0421\feed\main_feed.py", line 53, in _handle
    data = client.recv(6)
  File "E:\projects_by_myself\backup\MeiWei_back_0421\common\tcpSocket.py", line 165, in recv
    recvdata = self._socket.recv(bufferLen if remainLen > bufferLen else remainLen)
socket.timeout: timed out

[CRITICAL]2021-04-28 10:25:53,205: apply agv failed, count=0 cause a error: meiwei423.1找不到可用的小车
pid=10600, ppid=2732, tid=8220

[CRITICAL]2021-04-28 10:25:53,397: apply agv failed, count=1 cause a error: meiwei423.1找不到可用的小车
pid=10600, ppid=2732, tid=8220

[CRITICAL]2021-04-28 10:25:53,648: apply agv failed, count=2 cause a error: meiwei423.1找不到可用的小车
pid=10600, ppid=2732, tid=8220

[CRITICAL]2021-04-28 10:25:53,935: apply agv failed, count=3 cause a error: meiwei423.1找不到可用的小车
pid=10600, ppid=2732, tid=8220

[CRITICAL]2021-04-28 10:25:54,110: apply agv failed, count=4 cause a error: meiwei423.1找不到可用的小车
pid=10600, ppid=2732, tid=8220

[CRITICAL]2021-04-28 10:25:54,207: apply failed, count=1 cause a error: ('apply agv failed3!', 'taskId', '6088c7acfb77b17695e19642', 'loc', '1')
pid=10600, ppid=2732, tid=8220

[CRITICAL]2021-04-28 10:26:00,749: : 192.168.252.237:10001 <--> 192.168.252.242:54339 time out cause a error: <tcpSocket.client object at 0x00000270656A9610>
pid=10600, ppid=2732, tid=8836
Traceback (most recent call last):
  File "E:\projects_by_myself\backup\MeiWei_back_0421\feed\main_feed.py", line 53, in _handle
    data = client.recv(6)
  File "E:\projects_by_myself\backup\MeiWei_back_0421\common\tcpSocket.py", line 165, in recv
    recvdata = self._socket.recv(bufferLen if remainLen > bufferLen else remainLen)
socket.timeout: timed out

[CRITICAL]2021-04-28 10:26:04,879: apply agv failed, count=0 cause a error: meiwei423.1找不到可用的小车
pid=10600, ppid=2732, tid=4492

[CRITICAL]2021-04-28 10:26:04,887: apply agv failed, count=1 cause a error: meiwei423.1找不到可用的小车
pid=10600, ppid=2732, tid=4492

[CRITICAL]2021-04-28 10:26:04,895: apply agv failed, count=2 cause a error: meiwei423.1找不到可用的小车
pid=10600, ppid=2732, tid=4492

[CRITICAL]2021-04-28 10:26:04,903: apply agv failed, count=3 cause a error: meiwei423.1找不到可用的小车
pid=10600, ppid=2732, tid=4492

[CRITICAL]2021-04-28 10:26:04,910: apply agv failed, count=4 cause a error: meiwei423.1找不到可用的小车
pid=10600, ppid=2732, tid=4492

[CRITICAL]2021-04-28 10:26:04,917: apply failed, count=1 cause a error: ('apply agv failed3!', 'taskId', '6088c7acfb77b17695e19642', 'loc', '1')
pid=10600, ppid=2732, tid=4492

[CRITICAL]2021-04-28 10:26:10,789: : 192.168.252.237:10001 <--> 192.168.252.242:54340 time out cause a error: <tcpSocket.client object at 0x00000270656AEEB0>
pid=10600, ppid=2732, tid=14312
Traceback (most recent call last):
  File "E:\projects_by_myself\backup\MeiWei_back_0421\feed\main_feed.py", line 53, in _handle
    data = client.recv(6)
  File "E:\projects_by_myself\backup\MeiWei_back_0421\common\tcpSocket.py", line 165, in recv
    recvdata = self._socket.recv(bufferLen if remainLen > bufferLen else remainLen)
socket.timeout: timed out

[CRITICAL]2021-04-28 10:26:14,996: apply agv failed, count=0 cause a error: meiwei423.1找不到可用的小车
pid=10600, ppid=2732, tid=11716

[CRITICAL]2021-04-28 10:26:15,007: apply agv failed, count=1 cause a error: meiwei423.1找不到可用的小车
pid=10600, ppid=2732, tid=11716

[CRITICAL]2021-04-28 10:26:15,015: apply agv failed, count=2 cause a error: meiwei423.1找不到可用的小车
pid=10600, ppid=2732, tid=11716

[CRITICAL]2021-04-28 10:26:15,023: apply agv failed, count=3 cause a error: meiwei423.1找不到可用的小车
pid=10600, ppid=2732, tid=11716

[CRITICAL]2021-04-28 10:26:15,031: apply agv failed, count=4 cause a error: meiwei423.1找不到可用的小车
pid=10600, ppid=2732, tid=11716

[CRITICAL]2021-04-28 10:26:15,038: apply failed, count=1 cause a error: ('apply agv failed3!', 'taskId', '6088c7acfb77b17695e19642', 'loc', '1')
pid=10600, ppid=2732, tid=11716

[CRITICAL]2021-04-28 10:26:20,833: : 192.168.252.237:10001 <--> 192.168.252.242:54341 time out cause a error: <tcpSocket.client object at 0x00000270656AAAF0>
pid=10600, ppid=2732, tid=4064
Traceback (most recent call last):
  File "E:\projects_by_myself\backup\MeiWei_back_0421\feed\main_feed.py", line 53, in _handle
    data = client.recv(6)
  File "E:\projects_by_myself\backup\MeiWei_back_0421\common\tcpSocket.py", line 165, in recv
    recvdata = self._socket.recv(bufferLen if remainLen > bufferLen else remainLen)
socket.timeout: timed out

[CRITICAL]2021-04-28 10:26:25,137: apply agv failed, count=0 cause a error: meiwei423.1找不到可用的小车
pid=10600, ppid=2732, tid=8812

[CRITICAL]2021-04-28 10:26:25,188: apply agv failed, count=1 cause a error: meiwei423.1找不到可用的小车
pid=10600, ppid=2732, tid=8812

[CRITICAL]2021-04-28 10:26:25,240: apply agv failed, count=2 cause a error: meiwei423.1找不到可用的小车
pid=10600, ppid=2732, tid=8812

[CRITICAL]2021-04-28 10:26:25,292: apply agv failed, count=3 cause a error: meiwei423.1找不到可用的小车
pid=10600, ppid=2732, tid=8812

[CRITICAL]2021-04-28 10:26:25,343: apply agv failed, count=4 cause a error: meiwei423.1找不到可用的小车
pid=10600, ppid=2732, tid=8812

[CRITICAL]2021-04-28 10:26:25,393: apply failed, count=1 cause a error: ('apply agv failed3!', 'taskId', '6088c7acfb77b17695e19642', 'loc', '1')
pid=10600, ppid=2732, tid=8812

[CRITICAL]2021-04-28 10:26:30,882: : 192.168.252.237:10001 <--> 192.168.252.242:54342 time out cause a error: <tcpSocket.client object at 0x00000270656AEEB0>
pid=10600, ppid=2732, tid=6500
Traceback (most recent call last):
  File "E:\projects_by_myself\backup\MeiWei_back_0421\feed\main_feed.py", line 53, in _handle
    data = client.recv(6)
  File "E:\projects_by_myself\backup\MeiWei_back_0421\common\tcpSocket.py", line 165, in recv
    recvdata = self._socket.recv(bufferLen if remainLen > bufferLen else remainLen)
socket.timeout: timed out

