[CRITICAL]2021-03-26 14:08:45,007: elevatorApi cause a error: ('http get', 'http://127.0.0.1:5551/api/elevator/status', {'id': 'ELEVATOR01'}, 'error:', '<urlopen error [WinError 10061] 由于目标计算机积极拒绝，无法连接。>')
pid=26420, ppid=20496, tid=3432
Traceback (most recent call last):
  File "C:\Python38\lib\urllib\request.py", line 1317, in do_open
    h.request(req.get_method(), req.selector, req.data, headers,
  File "C:\Python38\lib\http\client.py", line 1230, in request
    self._send_request(method, url, body, headers, encode_chunked)
  File "C:\Python38\lib\http\client.py", line 1276, in _send_request
    self.endheaders(body, encode_chunked=encode_chunked)
  File "C:\Python38\lib\http\client.py", line 1225, in endheaders
    self._send_output(message_body, encode_chunked=encode_chunked)
  File "C:\Python38\lib\http\client.py", line 1004, in _send_output
    self.send(msg)
  File "C:\Python38\lib\http\client.py", line 944, in send
    self.connect()
  File "C:\Python38\lib\http\client.py", line 915, in connect
    self.sock = self._create_connection(
  File "C:\Python38\lib\socket.py", line 807, in create_connection
    raise err
  File "C:\Python38\lib\socket.py", line 796, in create_connection
    sock.connect(sa)
ConnectionRefusedError: [WinError 10061] 由于目标计算机积极拒绝，无法连接。

During handling of the above exception, another exception occurred:

Traceback (most recent call last):
  File "D:\python_work\AKMfloor\common\webutility.py", line 103, in http_get
    f = urllib.request.urlopen(u,timeout=timeout)
  File "C:\Python38\lib\urllib\request.py", line 222, in urlopen
    return opener.open(url, data, timeout)
  File "C:\Python38\lib\urllib\request.py", line 525, in open
    response = self._open(req, data)
  File "C:\Python38\lib\urllib\request.py", line 542, in _open
    result = self._call_chain(self.handle_open, protocol, protocol +
  File "C:\Python38\lib\urllib\request.py", line 502, in _call_chain
    result = func(*args)
  File "C:\Python38\lib\urllib\request.py", line 1346, in http_open
    return self.do_open(http.client.HTTPConnection, req)
  File "C:\Python38\lib\urllib\request.py", line 1320, in do_open
    raise URLError(err)
urllib.error.URLError: <urlopen error [WinError 10061] 由于目标计算机积极拒绝，无法连接。>

During handling of the above exception, another exception occurred:

Traceback (most recent call last):
  File "D:\python_work\AKMfloor\elevator\elevatorApi.py", line 19, in http_get
    r = webutility.http_get(url, param,timeout=10,writelog=writelog)
  File "D:\python_work\AKMfloor\common\webutility.py", line 105, in http_get
    raise Exception("http get",url,params,"error:",str(e))
Exception: ('http get', 'http://127.0.0.1:5551/api/elevator/status', {'id': 'ELEVATOR01'}, 'error:', '<urlopen error [WinError 10061] 由于目标计算机积极拒绝，无法连接。>')

[CRITICAL]2021-03-26 14:08:50,060: invoke <function urlElevatorgo at 0x0000015C398ED430> cause a error: 'str' object cannot be interpreted as an integer
pid=26420, ppid=20496, tid=7524
Traceback (most recent call last):
  File "D:\python_work\AKMfloor\common\scadaUtility.py", line 45, in __call
    ret = func(*p,**pp)
  File "D:\python_work\AKMfloor\elevator\main_elevator.py", line 17, in urlElevatorgo
    ret = elevatorInfo.gofloor(f)
  File "D:\python_work\AKMfloor\elevator\elevatorMgr.py", line 111, in gofloor
    return elevatorControl.goFloor(self.ip,self.port,id=0,floor=floor)
  File "D:\python_work\AKMfloor\elevator\elevatorControlFuzhou.py", line 198, in goFloor
    buf = getSendBuffer(BNK, NOD, data)
  File "D:\python_work\AKMfloor\elevator\elevatorControlFuzhou.py", line 76, in getSendBuffer
    buf.setByte(x)
  File "D:\python_work\AKMfloor\common\buffer.py", line 160, in setByte
    self._buf.append(value)
TypeError: 'str' object cannot be interpreted as an integer

[CRITICAL]2021-03-26 14:08:50,719: invoke <function urlElevatorgo at 0x0000015C398ED430> cause a error: 'str' object cannot be interpreted as an integer
pid=26420, ppid=20496, tid=10620
Traceback (most recent call last):
  File "D:\python_work\AKMfloor\common\scadaUtility.py", line 45, in __call
    ret = func(*p,**pp)
  File "D:\python_work\AKMfloor\elevator\main_elevator.py", line 17, in urlElevatorgo
    ret = elevatorInfo.gofloor(f)
  File "D:\python_work\AKMfloor\elevator\elevatorMgr.py", line 111, in gofloor
    return elevatorControl.goFloor(self.ip,self.port,id=0,floor=floor)
  File "D:\python_work\AKMfloor\elevator\elevatorControlFuzhou.py", line 198, in goFloor
    buf = getSendBuffer(BNK, NOD, data)
  File "D:\python_work\AKMfloor\elevator\elevatorControlFuzhou.py", line 76, in getSendBuffer
    buf.setByte(x)
  File "D:\python_work\AKMfloor\common\buffer.py", line 160, in setByte
    self._buf.append(value)
TypeError: 'str' object cannot be interpreted as an integer

[CRITICAL]2021-03-26 14:08:51,358: invoke <function urlElevatorgo at 0x0000015C398ED430> cause a error: 'str' object cannot be interpreted as an integer
pid=26420, ppid=20496, tid=23236
Traceback (most recent call last):
  File "D:\python_work\AKMfloor\common\scadaUtility.py", line 45, in __call
    ret = func(*p,**pp)
  File "D:\python_work\AKMfloor\elevator\main_elevator.py", line 17, in urlElevatorgo
    ret = elevatorInfo.gofloor(f)
  File "D:\python_work\AKMfloor\elevator\elevatorMgr.py", line 111, in gofloor
    return elevatorControl.goFloor(self.ip,self.port,id=0,floor=floor)
  File "D:\python_work\AKMfloor\elevator\elevatorControlFuzhou.py", line 198, in goFloor
    buf = getSendBuffer(BNK, NOD, data)
  File "D:\python_work\AKMfloor\elevator\elevatorControlFuzhou.py", line 76, in getSendBuffer
    buf.setByte(x)
  File "D:\python_work\AKMfloor\common\buffer.py", line 160, in setByte
    self._buf.append(value)
TypeError: 'str' object cannot be interpreted as an integer

[CRITICAL]2021-03-26 14:08:52,161: invoke <function urlElevatorgo at 0x0000015C398ED430> cause a error: 'str' object cannot be interpreted as an integer
pid=26420, ppid=20496, tid=15476
Traceback (most recent call last):
  File "D:\python_work\AKMfloor\common\scadaUtility.py", line 45, in __call
    ret = func(*p,**pp)
  File "D:\python_work\AKMfloor\elevator\main_elevator.py", line 17, in urlElevatorgo
    ret = elevatorInfo.gofloor(f)
  File "D:\python_work\AKMfloor\elevator\elevatorMgr.py", line 111, in gofloor
    return elevatorControl.goFloor(self.ip,self.port,id=0,floor=floor)
  File "D:\python_work\AKMfloor\elevator\elevatorControlFuzhou.py", line 198, in goFloor
    buf = getSendBuffer(BNK, NOD, data)
  File "D:\python_work\AKMfloor\elevator\elevatorControlFuzhou.py", line 76, in getSendBuffer
    buf.setByte(x)
  File "D:\python_work\AKMfloor\common\buffer.py", line 160, in setByte
    self._buf.append(value)
TypeError: 'str' object cannot be interpreted as an integer

[CRITICAL]2021-03-26 14:08:52,821: invoke <function urlElevatorgo at 0x0000015C398ED430> cause a error: 'str' object cannot be interpreted as an integer
pid=26420, ppid=20496, tid=940
Traceback (most recent call last):
  File "D:\python_work\AKMfloor\common\scadaUtility.py", line 45, in __call
    ret = func(*p,**pp)
  File "D:\python_work\AKMfloor\elevator\main_elevator.py", line 17, in urlElevatorgo
    ret = elevatorInfo.gofloor(f)
  File "D:\python_work\AKMfloor\elevator\elevatorMgr.py", line 111, in gofloor
    return elevatorControl.goFloor(self.ip,self.port,id=0,floor=floor)
  File "D:\python_work\AKMfloor\elevator\elevatorControlFuzhou.py", line 198, in goFloor
    buf = getSendBuffer(BNK, NOD, data)
  File "D:\python_work\AKMfloor\elevator\elevatorControlFuzhou.py", line 76, in getSendBuffer
    buf.setByte(x)
  File "D:\python_work\AKMfloor\common\buffer.py", line 160, in setByte
    self._buf.append(value)
TypeError: 'str' object cannot be interpreted as an integer

[CRITICAL]2021-03-26 14:08:53,621: invoke <function urlElevatorgo at 0x0000015C398ED430> cause a error: 'str' object cannot be interpreted as an integer
pid=26420, ppid=20496, tid=9676
Traceback (most recent call last):
  File "D:\python_work\AKMfloor\common\scadaUtility.py", line 45, in __call
    ret = func(*p,**pp)
  File "D:\python_work\AKMfloor\elevator\main_elevator.py", line 17, in urlElevatorgo
    ret = elevatorInfo.gofloor(f)
  File "D:\python_work\AKMfloor\elevator\elevatorMgr.py", line 111, in gofloor
    return elevatorControl.goFloor(self.ip,self.port,id=0,floor=floor)
  File "D:\python_work\AKMfloor\elevator\elevatorControlFuzhou.py", line 198, in goFloor
    buf = getSendBuffer(BNK, NOD, data)
  File "D:\python_work\AKMfloor\elevator\elevatorControlFuzhou.py", line 76, in getSendBuffer
    buf.setByte(x)
  File "D:\python_work\AKMfloor\common\buffer.py", line 160, in setByte
    self._buf.append(value)
TypeError: 'str' object cannot be interpreted as an integer

