[CRITICAL]2021-04-21 10:28:24,329: agvApi step callback cause a error: 'dict' object is not callable
pid=12968, ppid=15508, tid=15624
Traceback (most recent call last):
  File "..\agvCtrl\agvApi.py", line 261, in _checkFinish
    t.stepCallback(t.params,t.status)
TypeError: 'dict' object is not callable

[CRITICAL]2021-04-21 10:28:24,329: agvApi step callback cause a error: 'dict' object is not callable
pid=12968, ppid=15508, tid=15624
Traceback (most recent call last):
  File "..\agvCtrl\agvApi.py", line 261, in _checkFinish
    t.stepCallback(t.params,t.status)
TypeError: 'dict' object is not callable

[CRITICAL]2021-04-21 10:28:26,447: agvApi step callback cause a error: 'dict' object is not callable
pid=12968, ppid=15508, tid=15624
Traceback (most recent call last):
  File "..\agvCtrl\agvApi.py", line 261, in _checkFinish
    t.stepCallback(t.params,t.status)
TypeError: 'dict' object is not callable

[CRITICAL]2021-04-21 10:28:26,447: agvApi step callback cause a error: 'dict' object is not callable
pid=12968, ppid=15508, tid=15624
Traceback (most recent call last):
  File "..\agvCtrl\agvApi.py", line 261, in _checkFinish
    t.stepCallback(t.params,t.status)
TypeError: 'dict' object is not callable

[CRITICAL]2021-04-21 10:28:29,032: agvApi step callback cause a error: 'dict' object is not callable
pid=12968, ppid=15508, tid=15624
Traceback (most recent call last):
  File "..\agvCtrl\agvApi.py", line 261, in _checkFinish
    t.stepCallback(t.params,t.status)
TypeError: 'dict' object is not callable

[CRITICAL]2021-04-21 10:28:29,032: agvApi step callback cause a error: 'dict' object is not callable
pid=12968, ppid=15508, tid=15624
Traceback (most recent call last):
  File "..\agvCtrl\agvApi.py", line 261, in _checkFinish
    t.stepCallback(t.params,t.status)
TypeError: 'dict' object is not callable

[CRITICAL]2021-04-21 10:28:31,652: agvApi step callback cause a error: 'dict' object is not callable
pid=12968, ppid=15508, tid=15624
Traceback (most recent call last):
  File "..\agvCtrl\agvApi.py", line 261, in _checkFinish
    t.stepCallback(t.params,t.status)
TypeError: 'dict' object is not callable

[CRITICAL]2021-04-21 10:28:31,652: agvApi step callback cause a error: 'dict' object is not callable
pid=12968, ppid=15508, tid=15624
Traceback (most recent call last):
  File "..\agvCtrl\agvApi.py", line 261, in _checkFinish
    t.stepCallback(t.params,t.status)
TypeError: 'dict' object is not callable

[CRITICAL]2021-04-21 10:28:36,326: agvApi step callback cause a error: 'dict' object is not callable
pid=12968, ppid=15508, tid=15624
Traceback (most recent call last):
  File "..\agvCtrl\agvApi.py", line 261, in _checkFinish
    t.stepCallback(t.params,t.status)
TypeError: 'dict' object is not callable

[CRITICAL]2021-04-21 10:28:36,326: agvApi step callback cause a error: 'dict' object is not callable
pid=12968, ppid=15508, tid=15624
Traceback (most recent call last):
  File "..\agvCtrl\agvApi.py", line 261, in _checkFinish
    t.stepCallback(t.params,t.status)
TypeError: 'dict' object is not callable

[CRITICAL]2021-04-21 10:28:37,381: agvApi step callback cause a error: 'dict' object is not callable
pid=12968, ppid=15508, tid=15624
Traceback (most recent call last):
  File "..\agvCtrl\agvApi.py", line 261, in _checkFinish
    t.stepCallback(t.params,t.status)
TypeError: 'dict' object is not callable

[CRITICAL]2021-04-21 10:28:37,381: agvApi step callback cause a error: 'dict' object is not callable
pid=12968, ppid=15508, tid=15624
Traceback (most recent call last):
  File "..\agvCtrl\agvApi.py", line 261, in _checkFinish
    t.stepCallback(t.params,t.status)
TypeError: 'dict' object is not callable

[CRITICAL]2021-04-21 10:28:43,669: agvApi step callback cause a error: 'dict' object is not callable
pid=12968, ppid=15508, tid=15624
Traceback (most recent call last):
  File "..\agvCtrl\agvApi.py", line 261, in _checkFinish
    t.stepCallback(t.params,t.status)
TypeError: 'dict' object is not callable

[CRITICAL]2021-04-21 10:28:43,669: agvApi step callback cause a error: 'dict' object is not callable
pid=12968, ppid=15508, tid=15624
Traceback (most recent call last):
  File "..\agvCtrl\agvApi.py", line 261, in _checkFinish
    t.stepCallback(t.params,t.status)
TypeError: 'dict' object is not callable

[CRITICAL]2021-04-21 10:29:48,941: invoke <function urlGoHome at 0x000002B75E39A550> cause a error: 小车任务未结束2，调用goHome失败,agvId=AGV30
pid=12968, ppid=15508, tid=15768
Traceback (most recent call last):
  File "E:\projects_by_myself\MeiWei\common\scadaUtility.py", line 45, in __call
    ret = func(*p,**pp)
  File "E:\projects_by_myself\MeiWei\agvCtrl\main_agv.py", line 103, in urlGoHome
    agvControl.goHome(agvId=agvId,force=force,timeout=timeout)
  File "E:\projects_by_myself\MeiWei\agvCtrl\agvControl.py", line 1300, in goHome
    raise Exception("小车任务未结束2，调用goHome失败,agvId="+agv.agvId)
Exception: 小车任务未结束2，调用goHome失败,agvId=AGV30

[CRITICAL]2021-04-21 10:29:48,941: invoke <function urlGoHome at 0x000002B75E39A550> cause a error: 小车任务未结束2，调用goHome失败,agvId=AGV30
pid=12968, ppid=15508, tid=15768
Traceback (most recent call last):
  File "E:\projects_by_myself\MeiWei\common\scadaUtility.py", line 45, in __call
    ret = func(*p,**pp)
  File "E:\projects_by_myself\MeiWei\agvCtrl\main_agv.py", line 103, in urlGoHome
    agvControl.goHome(agvId=agvId,force=force,timeout=timeout)
  File "E:\projects_by_myself\MeiWei\agvCtrl\agvControl.py", line 1300, in goHome
    raise Exception("小车任务未结束2，调用goHome失败,agvId="+agv.agvId)
Exception: 小车任务未结束2，调用goHome失败,agvId=AGV30

[CRITICAL]2021-04-21 10:29:49,556: task[607f8dbdf3b36693e520c1aa][AGV30] LM16(LM18) -> LM9(LM9) [finish]task release cause a error: Exception: 小车任务未结束2，调用goHome失败,agvId=AGV30
pid=12968, ppid=15508, tid=12944
Traceback (most recent call last):
  File "E:\projects_by_myself\MeiWei\akmCtrl\beans\scadaTaskBean.py", line 602, in _release
    agvApi.goHome(self.agvId, force=False, timeout=60 * 60 * 3)
  File "..\agvCtrl\agvApi.py", line 129, in goHome
    _http_get(url + '/api/agv/goHome', param)
  File "..\agvCtrl\agvApi.py", line 64, in _http_get
    raise Exception(result["errormsg"])
Exception: Exception: 小车任务未结束2，调用goHome失败,agvId=AGV30

[CRITICAL]2021-04-21 10:29:49,556: task[607f8dbdf3b36693e520c1aa][AGV30] LM16(LM18) -> LM9(LM9) [finish]task release cause a error: Exception: 小车任务未结束2，调用goHome失败,agvId=AGV30
pid=12968, ppid=15508, tid=12944
Traceback (most recent call last):
  File "E:\projects_by_myself\MeiWei\akmCtrl\beans\scadaTaskBean.py", line 602, in _release
    agvApi.goHome(self.agvId, force=False, timeout=60 * 60 * 3)
  File "..\agvCtrl\agvApi.py", line 129, in goHome
    _http_get(url + '/api/agv/goHome', param)
  File "..\agvCtrl\agvApi.py", line 64, in _http_get
    raise Exception(result["errormsg"])
Exception: Exception: 小车任务未结束2，调用goHome失败,agvId=AGV30

