[INFO]2021-06-07 16:46:44,669: log files at C:\Users\Administrator\Desktop\SVN\美维\MeiWei_back_0421\common\log
[INFO]2021-06-07 16:46:44,669: find module account.main_account
[INFO]2021-06-07 16:46:44,670: find module agvCtrl.main_agv
[INFO]2021-06-07 16:46:44,670: find module agvDevice.main_agvDevice
[INFO]2021-06-07 16:46:44,671: find module akmCtrl.main_akmCtrl
[INFO]2021-06-07 16:46:44,671: find module alarm.main_alarm
[INFO]2021-06-07 16:46:44,672: find module auth.main_auth
[INFO]2021-06-07 16:46:44,672: find module door.main_door
[INFO]2021-06-07 16:46:44,672: find module elevator.main_elevator
[INFO]2021-06-07 16:46:44,681: find module feed.main_feed
[INFO]2021-06-07 16:46:44,682: find module feed.main_feed_0427
[INFO]2021-06-07 16:46:44,682: find module remoteio.main_remoteio
[INFO]2021-06-07 16:46:44,683: import account.main_account
[INFO]2021-06-07 16:46:44,768: import agvCtrl.main_agv
[INFO]2021-06-07 16:46:45,064: create lock <lock name:doorMgr.lock,<unlocked _thread.RLock object owner=0 count=0 at 0x000002403428DDA0>>
[INFO]2021-06-07 16:46:45,079: create lock <lock name:door.lock,<unlocked _thread.RLock object owner=0 count=0 at 0x000002403428DF58>>
[INFO]2021-06-07 16:46:45,174: create lock <lock name:timer.lock_2474780262072,<unlocked _thread.RLock object owner=0 count=0 at 0x00000240345F6C38>>
[ERROR]2021-06-07 16:46:45,187: mqtt is disabled
[INFO]2021-06-07 16:46:45,187: mqtt: subscribe [alarm/raise/+]
[INFO]2021-06-07 16:46:45,188: mqtt: subscribe [alarm/clear/+]
[INFO]2021-06-07 16:46:48,224: Mongodb connect to 127.0.0.1 port 27017
[INFO]2021-06-07 16:46:48,252: create lock <lock name:elevatorMgr.lock,<unlocked _thread.RLock object owner=0 count=0 at 0x00000240348C60F8>>
[WARNING]2021-06-07 16:46:48,265: use mockAgvCtrl
[INFO]2021-06-07 16:46:48,268: create lock <lock name:mapMgr.lock,<unlocked _thread.RLock object owner=0 count=0 at 0x0000024032ACEC88>>
[INFO]2021-06-07 16:46:48,567: create lock <lock name:agvList.g_agvLock,<unlocked _thread.RLock object owner=0 count=0 at 0x0000024034979058>>
[INFO]2021-06-07 16:46:48,571: create lock <lock name:taskList.lock,<unlocked _thread.RLock object owner=0 count=0 at 0x0000024034979F80>>
[INFO]2021-06-07 16:46:48,639: charge policy 1 , fix time
[INFO]2021-06-07 16:46:48,674: create lock <lock name:agvApi.g_lock,<unlocked _thread.RLock object owner=0 count=0 at 0x00000240349EF0F8>>
[INFO]2021-06-07 16:46:49,312: start load map C:\Users\Administrator\Desktop\SVN\美维\MeiWei_back_0421\agvCtrl\projects\test\AKM2F.smap
[DEBUG]2021-06-07 16:46:49,455: elevator thread start
[INFO]2021-06-07 16:46:49,479: load map C:\Users\Administrator\Desktop\SVN\美维\MeiWei_back_0421\agvCtrl\projects\test\AKM2F.smap ,used 177 ms
[INFO]2021-06-07 16:46:49,489: start load map C:\Users\Administrator\Desktop\SVN\美维\MeiWei_back_0421\agvCtrl\projects\test\akmsmt.smap
[INFO]2021-06-07 16:46:49,538: load map C:\Users\Administrator\Desktop\SVN\美维\MeiWei_back_0421\agvCtrl\projects\test\akmsmt.smap ,used 58 ms
[INFO]2021-06-07 16:46:49,552: start load map C:\Users\Administrator\Desktop\SVN\美维\MeiWei_back_0421\agvCtrl\projects\test\akmsmtMap.smap
[INFO]2021-06-07 16:46:49,682: load map C:\Users\Administrator\Desktop\SVN\美维\MeiWei_back_0421\agvCtrl\projects\test\akmsmtMap.smap ,used 142 ms
[INFO]2021-06-07 16:46:49,693: start load map C:\Users\Administrator\Desktop\SVN\美维\MeiWei_back_0421\agvCtrl\projects\test\desai-all-20191223.smap
[INFO]2021-06-07 16:46:49,849: load map C:\Users\Administrator\Desktop\SVN\美维\MeiWei_back_0421\agvCtrl\projects\test\desai-all-20191223.smap ,used 165 ms
[INFO]2021-06-07 16:46:49,859: start load map C:\Users\Administrator\Desktop\SVN\美维\MeiWei_back_0421\agvCtrl\projects\test\meiwei423.smap
[INFO]2021-06-07 16:46:49,944: load map C:\Users\Administrator\Desktop\SVN\美维\MeiWei_back_0421\agvCtrl\projects\test\meiwei423.smap ,used 93 ms
[INFO]2021-06-07 16:46:49,954: start load map C:\Users\Administrator\Desktop\SVN\美维\MeiWei_back_0421\agvCtrl\projects\test\meiwei428.smap
[INFO]2021-06-07 16:46:50,012: load map C:\Users\Administrator\Desktop\SVN\美维\MeiWei_back_0421\agvCtrl\projects\test\meiwei428.smap ,used 66 ms
[INFO]2021-06-07 16:46:50,015: import agvDevice.main_agvDevice
[INFO]2021-06-07 16:46:50,017: import akmCtrl.main_akmCtrl
[INFO]2021-06-07 16:46:50,053: create lock <lock name:runTasks.g_lock,<unlocked _thread.RLock object owner=0 count=0 at 0x0000024034F2AB98>>
[INFO]2021-06-07 16:46:50,064: create lock <lock name:agvApi.g_lock,<unlocked _thread.RLock object owner=0 count=0 at 0x00000240336915D0>>
[INFO]2021-06-07 16:46:50,090: create lock <lock name:runTasks.pre_lock,<unlocked _thread.RLock object owner=0 count=0 at 0x0000024034EB5EB8>>
[INFO]2021-06-07 16:46:50,092: create lock <lock name:timer.lock_2474787082480,<unlocked _thread.RLock object owner=0 count=0 at 0x0000024034E0E468>>
[INFO]2021-06-07 16:46:50,094: create lock <lock name:mapMgr.lock,<unlocked _thread.RLock object owner=0 count=0 at 0x00000240336C0288>>
[INFO]2021-06-07 16:46:50,147: import alarm.main_alarm
[INFO]2021-06-07 16:46:50,205: import auth.main_auth
[INFO]2021-06-07 16:46:50,573: import door.main_door
[INFO]2021-06-07 16:46:50,577: import elevator.main_elevator
[INFO]2021-06-07 16:46:50,612: create lock <lock name:elevatorApi.g_lock,<unlocked _thread.RLock object owner=0 count=0 at 0x00000240336C0D78>>
[INFO]2021-06-07 16:46:50,658: import feed.main_feed
[INFO]2021-06-07 16:46:50,679: IP: 0.0.0.0 port: 10001
[INFO]2021-06-07 16:46:50,707: import feed.main_feed_0427
[INFO]2021-06-07 16:46:50,714: create lock <lock name:feedTask.g_lock,<unlocked _thread.RLock object owner=0 count=0 at 0x0000024035DAD2D8>>
[INFO]2021-06-07 16:46:50,760: import remoteio.main_remoteio
[SUCC]2021-06-07 16:46:50,792: utility start, pid=15628, ppid=15636
[DEBUG]2021-06-07 16:46:50,794: start timer
[INFO]2021-06-07 16:46:50,799: load agv file: C:\Users\Administrator\Desktop\SVN\美维\MeiWei_back_0421\agvCtrl/projects/test/agv.cfg
[INFO]2021-06-07 16:46:50,801: create lock <lock name:agvList.AGV30.lock,<unlocked _thread.RLock object owner=0 count=0 at 0x0000024035DADBE8>>
[DEBUG]2021-06-07 16:46:50,803: create aliveObj AGV30 AGV离线异常 timeout 300
[INFO]2021-06-07 16:46:50,806: AGV30 start agvList run thread
[INFO]2021-06-07 16:46:50,808: AGV30 start agvList run2 thread
[DEBUG]2021-06-07 16:46:50,827: start timer
[ERROR]2021-06-07 16:46:50,828: agv check init error False
[INFO]2021-06-07 16:46:50,832: add_ignore: taskStatus
[INFO]2021-06-07 16:46:50,858: add_ignore: api/elevator/status
[INFO]2021-06-07 16:46:50,860: add_ignore: scada/getTask
[INFO]2021-06-07 16:46:51,340: AGV30 current map meiwei428
[INFO]2021-06-07 16:46:51,343: AGV30 is online
[DEBUG]2021-06-07 16:46:52,355: GET: http://127.0.0.1:5551/api/agv/init?appName=MeiWeiTask addr: 127.0.0.1
[INFO]2021-06-07 16:46:52,357: MeiWeiTask init client agvApi
[DEBUG]2021-06-07 16:46:52,359: used 4ms 200 OK application/json;charset=utf-8, GET: http://127.0.0.1:5551/api/agv/init?appName=MeiWeiTask
[DEBUG]2021-06-07 16:46:55,517: GET: http://127.0.0.1:5551/api/agv/startCharge?appName=MeiWeiTask addr: 127.0.0.1
[DEBUG]2021-06-07 16:46:55,645: used 128ms 200 OK application/json;charset=utf-8, GET: http://127.0.0.1:5551/api/agv/startCharge?appName=MeiWeiTask
[WARNING]2021-06-07 16:46:55,754: timer_thread[tid:4448] <lock name:runTasks.g_lock,<locked _thread.RLock object owner=4448 count=1 at 0x0000024034F2AB98>> ,hold 3917 ms
[INFO]2021-06-07 16:46:56,102: name=timer_thread, pid=15628, tid=4448
[01] File "C:/Python37/lib/threading.py", line 865, in run() 
[02] File "../common/mytimer.py", line 113, in _loop() 
[03] File "../common/lock.py", line 122, in _call() 
[04] File "../common/lock.py", line 100, in release() 
[05] File "C:/Users/Administrator/Desktop/SVN/美维/MeiWei_back_0421/common/enhance.py", line 258, in getTrace() 
[06] File "C:/Users/Administrator/Desktop/SVN/美维/MeiWei_back_0421/common/enhance.py", line 240, in getThreadStack()
