[CRITICAL]2021-03-26 13:18:32,494: elevatorApi cause a error: ('http get', 'http://127.0.0.1:5551/api/elevator/status', {'id': 'ELEVATOR01'}, 'error:', '<urlopen error [WinError 10061] 由于目标计算机积极拒绝，无法连接。>')
pid=23752, ppid=20496, tid=12240
Traceback (most recent call last):
  File "C:\Python38\lib\urllib\request.py", line 1317, in do_open
    h.request(req.get_method(), req.selector, req.data, headers,
  File "C:\Python38\lib\http\client.py", line 1230, in request
    self._send_request(method, url, body, headers, encode_chunked)
  File "C:\Python38\lib\http\client.py", line 1276, in _send_request
    self.endheaders(body, encode_chunked=encode_chunked)
  File "C:\Python38\lib\http\client.py", line 1225, in endheaders
    self._send_output(message_body, encode_chunked=encode_chunked)
  File "C:\Python38\lib\http\client.py", line 1004, in _send_output
    self.send(msg)
  File "C:\Python38\lib\http\client.py", line 944, in send
    self.connect()
  File "C:\Python38\lib\http\client.py", line 915, in connect
    self.sock = self._create_connection(
  File "C:\Python38\lib\socket.py", line 807, in create_connection
    raise err
  File "C:\Python38\lib\socket.py", line 796, in create_connection
    sock.connect(sa)
ConnectionRefusedError: [WinError 10061] 由于目标计算机积极拒绝，无法连接。

During handling of the above exception, another exception occurred:

Traceback (most recent call last):
  File "D:\python_work\AKMfloor\common\webutility.py", line 103, in http_get
    f = urllib.request.urlopen(u,timeout=timeout)
  File "C:\Python38\lib\urllib\request.py", line 222, in urlopen
    return opener.open(url, data, timeout)
  File "C:\Python38\lib\urllib\request.py", line 525, in open
    response = self._open(req, data)
  File "C:\Python38\lib\urllib\request.py", line 542, in _open
    result = self._call_chain(self.handle_open, protocol, protocol +
  File "C:\Python38\lib\urllib\request.py", line 502, in _call_chain
    result = func(*args)
  File "C:\Python38\lib\urllib\request.py", line 1346, in http_open
    return self.do_open(http.client.HTTPConnection, req)
  File "C:\Python38\lib\urllib\request.py", line 1320, in do_open
    raise URLError(err)
urllib.error.URLError: <urlopen error [WinError 10061] 由于目标计算机积极拒绝，无法连接。>

During handling of the above exception, another exception occurred:

Traceback (most recent call last):
  File "D:\python_work\AKMfloor\elevator\elevatorApi.py", line 19, in http_get
    r = webutility.http_get(url, param,timeout=10,writelog=writelog)
  File "D:\python_work\AKMfloor\common\webutility.py", line 105, in http_get
    raise Exception("http get",url,params,"error:",str(e))
Exception: ('http get', 'http://127.0.0.1:5551/api/elevator/status', {'id': 'ELEVATOR01'}, 'error:', '<urlopen error [WinError 10061] 由于目标计算机积极拒绝，无法连接。>')

[CRITICAL]2021-03-26 13:18:35,304: agvApi.init cause a error: ('http get', 'http://127.0.0.1:5551/api/agv/init', {'appName': 'scadaTask'}, 'error:', '<urlopen error [WinError 10061] 由于目标计算机积极拒绝，无法连接。>')
pid=23752, ppid=20496, tid=24172
Traceback (most recent call last):
  File "C:\Python38\lib\urllib\request.py", line 1317, in do_open
    h.request(req.get_method(), req.selector, req.data, headers,
  File "C:\Python38\lib\http\client.py", line 1230, in request
    self._send_request(method, url, body, headers, encode_chunked)
  File "C:\Python38\lib\http\client.py", line 1276, in _send_request
    self.endheaders(body, encode_chunked=encode_chunked)
  File "C:\Python38\lib\http\client.py", line 1225, in endheaders
    self._send_output(message_body, encode_chunked=encode_chunked)
  File "C:\Python38\lib\http\client.py", line 1004, in _send_output
    self.send(msg)
  File "C:\Python38\lib\http\client.py", line 944, in send
    self.connect()
  File "C:\Python38\lib\http\client.py", line 915, in connect
    self.sock = self._create_connection(
  File "C:\Python38\lib\socket.py", line 807, in create_connection
    raise err
  File "C:\Python38\lib\socket.py", line 796, in create_connection
    sock.connect(sa)
ConnectionRefusedError: [WinError 10061] 由于目标计算机积极拒绝，无法连接。

During handling of the above exception, another exception occurred:

Traceback (most recent call last):
  File "D:\python_work\AKMfloor\common\webutility.py", line 103, in http_get
    f = urllib.request.urlopen(u,timeout=timeout)
  File "C:\Python38\lib\urllib\request.py", line 222, in urlopen
    return opener.open(url, data, timeout)
  File "C:\Python38\lib\urllib\request.py", line 525, in open
    response = self._open(req, data)
  File "C:\Python38\lib\urllib\request.py", line 542, in _open
    result = self._call_chain(self.handle_open, protocol, protocol +
  File "C:\Python38\lib\urllib\request.py", line 502, in _call_chain
    result = func(*args)
  File "C:\Python38\lib\urllib\request.py", line 1346, in http_open
    return self.do_open(http.client.HTTPConnection, req)
  File "C:\Python38\lib\urllib\request.py", line 1320, in do_open
    raise URLError(err)
urllib.error.URLError: <urlopen error [WinError 10061] 由于目标计算机积极拒绝，无法连接。>

During handling of the above exception, another exception occurred:

Traceback (most recent call last):
  File "D:\python_work\AKMfloor\agvCtrl\agvApi.py", line 40, in init
    _http_get(url + '/api/agv/init', param)
  File "D:\python_work\AKMfloor\agvCtrl\agvApi.py", line 61, in _http_get
    r = webutility.http_get(url, param, timeout=45,writelog=False)
  File "D:\python_work\AKMfloor\common\webutility.py", line 105, in http_get
    raise Exception("http get",url,params,"error:",str(e))
Exception: ('http get', 'http://127.0.0.1:5551/api/agv/init', {'appName': 'scadaTask'}, 'error:', '<urlopen error [WinError 10061] 由于目标计算机积极拒绝，无法连接。>')

[CRITICAL]2021-03-26 13:18:35,533: elevatorApi cause a error: ('http get', 'http://127.0.0.1:5551/api/elevator/status', {'id': 'ELEVATOR01'}, 'error:', '<urlopen error [WinError 10061] 由于目标计算机积极拒绝，无法连接。>')
pid=23752, ppid=20496, tid=12240
Traceback (most recent call last):
  File "C:\Python38\lib\urllib\request.py", line 1317, in do_open
    h.request(req.get_method(), req.selector, req.data, headers,
  File "C:\Python38\lib\http\client.py", line 1230, in request
    self._send_request(method, url, body, headers, encode_chunked)
  File "C:\Python38\lib\http\client.py", line 1276, in _send_request
    self.endheaders(body, encode_chunked=encode_chunked)
  File "C:\Python38\lib\http\client.py", line 1225, in endheaders
    self._send_output(message_body, encode_chunked=encode_chunked)
  File "C:\Python38\lib\http\client.py", line 1004, in _send_output
    self.send(msg)
  File "C:\Python38\lib\http\client.py", line 944, in send
    self.connect()
  File "C:\Python38\lib\http\client.py", line 915, in connect
    self.sock = self._create_connection(
  File "C:\Python38\lib\socket.py", line 807, in create_connection
    raise err
  File "C:\Python38\lib\socket.py", line 796, in create_connection
    sock.connect(sa)
ConnectionRefusedError: [WinError 10061] 由于目标计算机积极拒绝，无法连接。

During handling of the above exception, another exception occurred:

Traceback (most recent call last):
  File "D:\python_work\AKMfloor\common\webutility.py", line 103, in http_get
    f = urllib.request.urlopen(u,timeout=timeout)
  File "C:\Python38\lib\urllib\request.py", line 222, in urlopen
    return opener.open(url, data, timeout)
  File "C:\Python38\lib\urllib\request.py", line 525, in open
    response = self._open(req, data)
  File "C:\Python38\lib\urllib\request.py", line 542, in _open
    result = self._call_chain(self.handle_open, protocol, protocol +
  File "C:\Python38\lib\urllib\request.py", line 502, in _call_chain
    result = func(*args)
  File "C:\Python38\lib\urllib\request.py", line 1346, in http_open
    return self.do_open(http.client.HTTPConnection, req)
  File "C:\Python38\lib\urllib\request.py", line 1320, in do_open
    raise URLError(err)
urllib.error.URLError: <urlopen error [WinError 10061] 由于目标计算机积极拒绝，无法连接。>

During handling of the above exception, another exception occurred:

Traceback (most recent call last):
  File "D:\python_work\AKMfloor\elevator\elevatorApi.py", line 19, in http_get
    r = webutility.http_get(url, param,timeout=10,writelog=writelog)
  File "D:\python_work\AKMfloor\common\webutility.py", line 105, in http_get
    raise Exception("http get",url,params,"error:",str(e))
Exception: ('http get', 'http://127.0.0.1:5551/api/elevator/status', {'id': 'ELEVATOR01'}, 'error:', '<urlopen error [WinError 10061] 由于目标计算机积极拒绝，无法连接。>')

[CRITICAL]2021-03-26 13:18:38,342: agvApi.init cause a error: ('http get', 'http://127.0.0.1:5551/api/agv/init', {'appName': 'scadaTask'}, 'error:', '<urlopen error [WinError 10061] 由于目标计算机积极拒绝，无法连接。>')
pid=23752, ppid=20496, tid=24172
Traceback (most recent call last):
  File "C:\Python38\lib\urllib\request.py", line 1317, in do_open
    h.request(req.get_method(), req.selector, req.data, headers,
  File "C:\Python38\lib\http\client.py", line 1230, in request
    self._send_request(method, url, body, headers, encode_chunked)
  File "C:\Python38\lib\http\client.py", line 1276, in _send_request
    self.endheaders(body, encode_chunked=encode_chunked)
  File "C:\Python38\lib\http\client.py", line 1225, in endheaders
    self._send_output(message_body, encode_chunked=encode_chunked)
  File "C:\Python38\lib\http\client.py", line 1004, in _send_output
    self.send(msg)
  File "C:\Python38\lib\http\client.py", line 944, in send
    self.connect()
  File "C:\Python38\lib\http\client.py", line 915, in connect
    self.sock = self._create_connection(
  File "C:\Python38\lib\socket.py", line 807, in create_connection
    raise err
  File "C:\Python38\lib\socket.py", line 796, in create_connection
    sock.connect(sa)
ConnectionRefusedError: [WinError 10061] 由于目标计算机积极拒绝，无法连接。

During handling of the above exception, another exception occurred:

Traceback (most recent call last):
  File "D:\python_work\AKMfloor\common\webutility.py", line 103, in http_get
    f = urllib.request.urlopen(u,timeout=timeout)
  File "C:\Python38\lib\urllib\request.py", line 222, in urlopen
    return opener.open(url, data, timeout)
  File "C:\Python38\lib\urllib\request.py", line 525, in open
    response = self._open(req, data)
  File "C:\Python38\lib\urllib\request.py", line 542, in _open
    result = self._call_chain(self.handle_open, protocol, protocol +
  File "C:\Python38\lib\urllib\request.py", line 502, in _call_chain
    result = func(*args)
  File "C:\Python38\lib\urllib\request.py", line 1346, in http_open
    return self.do_open(http.client.HTTPConnection, req)
  File "C:\Python38\lib\urllib\request.py", line 1320, in do_open
    raise URLError(err)
urllib.error.URLError: <urlopen error [WinError 10061] 由于目标计算机积极拒绝，无法连接。>

During handling of the above exception, another exception occurred:

Traceback (most recent call last):
  File "D:\python_work\AKMfloor\agvCtrl\agvApi.py", line 40, in init
    _http_get(url + '/api/agv/init', param)
  File "D:\python_work\AKMfloor\agvCtrl\agvApi.py", line 61, in _http_get
    r = webutility.http_get(url, param, timeout=45,writelog=False)
  File "D:\python_work\AKMfloor\common\webutility.py", line 105, in http_get
    raise Exception("http get",url,params,"error:",str(e))
Exception: ('http get', 'http://127.0.0.1:5551/api/agv/init', {'appName': 'scadaTask'}, 'error:', '<urlopen error [WinError 10061] 由于目标计算机积极拒绝，无法连接。>')

[CRITICAL]2021-03-26 13:18:38,544: elevatorApi cause a error: ('http get', 'http://127.0.0.1:5551/api/elevator/status', {'id': 'ELEVATOR01'}, 'error:', '<urlopen error [WinError 10061] 由于目标计算机积极拒绝，无法连接。>')
pid=23752, ppid=20496, tid=12240
Traceback (most recent call last):
  File "C:\Python38\lib\urllib\request.py", line 1317, in do_open
    h.request(req.get_method(), req.selector, req.data, headers,
  File "C:\Python38\lib\http\client.py", line 1230, in request
    self._send_request(method, url, body, headers, encode_chunked)
  File "C:\Python38\lib\http\client.py", line 1276, in _send_request
    self.endheaders(body, encode_chunked=encode_chunked)
  File "C:\Python38\lib\http\client.py", line 1225, in endheaders
    self._send_output(message_body, encode_chunked=encode_chunked)
  File "C:\Python38\lib\http\client.py", line 1004, in _send_output
    self.send(msg)
  File "C:\Python38\lib\http\client.py", line 944, in send
    self.connect()
  File "C:\Python38\lib\http\client.py", line 915, in connect
    self.sock = self._create_connection(
  File "C:\Python38\lib\socket.py", line 807, in create_connection
    raise err
  File "C:\Python38\lib\socket.py", line 796, in create_connection
    sock.connect(sa)
ConnectionRefusedError: [WinError 10061] 由于目标计算机积极拒绝，无法连接。

During handling of the above exception, another exception occurred:

Traceback (most recent call last):
  File "D:\python_work\AKMfloor\common\webutility.py", line 103, in http_get
    f = urllib.request.urlopen(u,timeout=timeout)
  File "C:\Python38\lib\urllib\request.py", line 222, in urlopen
    return opener.open(url, data, timeout)
  File "C:\Python38\lib\urllib\request.py", line 525, in open
    response = self._open(req, data)
  File "C:\Python38\lib\urllib\request.py", line 542, in _open
    result = self._call_chain(self.handle_open, protocol, protocol +
  File "C:\Python38\lib\urllib\request.py", line 502, in _call_chain
    result = func(*args)
  File "C:\Python38\lib\urllib\request.py", line 1346, in http_open
    return self.do_open(http.client.HTTPConnection, req)
  File "C:\Python38\lib\urllib\request.py", line 1320, in do_open
    raise URLError(err)
urllib.error.URLError: <urlopen error [WinError 10061] 由于目标计算机积极拒绝，无法连接。>

During handling of the above exception, another exception occurred:

Traceback (most recent call last):
  File "D:\python_work\AKMfloor\elevator\elevatorApi.py", line 19, in http_get
    r = webutility.http_get(url, param,timeout=10,writelog=writelog)
  File "D:\python_work\AKMfloor\common\webutility.py", line 105, in http_get
    raise Exception("http get",url,params,"error:",str(e))
Exception: ('http get', 'http://127.0.0.1:5551/api/elevator/status', {'id': 'ELEVATOR01'}, 'error:', '<urlopen error [WinError 10061] 由于目标计算机积极拒绝，无法连接。>')

[CRITICAL]2021-03-26 13:18:41,380: agvApi.init cause a error: ('http get', 'http://127.0.0.1:5551/api/agv/init', {'appName': 'scadaTask'}, 'error:', '<urlopen error [WinError 10061] 由于目标计算机积极拒绝，无法连接。>')
pid=23752, ppid=20496, tid=24172
Traceback (most recent call last):
  File "C:\Python38\lib\urllib\request.py", line 1317, in do_open
    h.request(req.get_method(), req.selector, req.data, headers,
  File "C:\Python38\lib\http\client.py", line 1230, in request
    self._send_request(method, url, body, headers, encode_chunked)
  File "C:\Python38\lib\http\client.py", line 1276, in _send_request
    self.endheaders(body, encode_chunked=encode_chunked)
  File "C:\Python38\lib\http\client.py", line 1225, in endheaders
    self._send_output(message_body, encode_chunked=encode_chunked)
  File "C:\Python38\lib\http\client.py", line 1004, in _send_output
    self.send(msg)
  File "C:\Python38\lib\http\client.py", line 944, in send
    self.connect()
  File "C:\Python38\lib\http\client.py", line 915, in connect
    self.sock = self._create_connection(
  File "C:\Python38\lib\socket.py", line 807, in create_connection
    raise err
  File "C:\Python38\lib\socket.py", line 796, in create_connection
    sock.connect(sa)
ConnectionRefusedError: [WinError 10061] 由于目标计算机积极拒绝，无法连接。

During handling of the above exception, another exception occurred:

Traceback (most recent call last):
  File "D:\python_work\AKMfloor\common\webutility.py", line 103, in http_get
    f = urllib.request.urlopen(u,timeout=timeout)
  File "C:\Python38\lib\urllib\request.py", line 222, in urlopen
    return opener.open(url, data, timeout)
  File "C:\Python38\lib\urllib\request.py", line 525, in open
    response = self._open(req, data)
  File "C:\Python38\lib\urllib\request.py", line 542, in _open
    result = self._call_chain(self.handle_open, protocol, protocol +
  File "C:\Python38\lib\urllib\request.py", line 502, in _call_chain
    result = func(*args)
  File "C:\Python38\lib\urllib\request.py", line 1346, in http_open
    return self.do_open(http.client.HTTPConnection, req)
  File "C:\Python38\lib\urllib\request.py", line 1320, in do_open
    raise URLError(err)
urllib.error.URLError: <urlopen error [WinError 10061] 由于目标计算机积极拒绝，无法连接。>

During handling of the above exception, another exception occurred:

Traceback (most recent call last):
  File "D:\python_work\AKMfloor\agvCtrl\agvApi.py", line 40, in init
    _http_get(url + '/api/agv/init', param)
  File "D:\python_work\AKMfloor\agvCtrl\agvApi.py", line 61, in _http_get
    r = webutility.http_get(url, param, timeout=45,writelog=False)
  File "D:\python_work\AKMfloor\common\webutility.py", line 105, in http_get
    raise Exception("http get",url,params,"error:",str(e))
Exception: ('http get', 'http://127.0.0.1:5551/api/agv/init', {'appName': 'scadaTask'}, 'error:', '<urlopen error [WinError 10061] 由于目标计算机积极拒绝，无法连接。>')

[CRITICAL]2021-03-26 13:18:41,559: elevatorApi cause a error: ('http get', 'http://127.0.0.1:5551/api/elevator/status', {'id': 'ELEVATOR01'}, 'error:', '<urlopen error [WinError 10061] 由于目标计算机积极拒绝，无法连接。>')
pid=23752, ppid=20496, tid=12240
Traceback (most recent call last):
  File "C:\Python38\lib\urllib\request.py", line 1317, in do_open
    h.request(req.get_method(), req.selector, req.data, headers,
  File "C:\Python38\lib\http\client.py", line 1230, in request
    self._send_request(method, url, body, headers, encode_chunked)
  File "C:\Python38\lib\http\client.py", line 1276, in _send_request
    self.endheaders(body, encode_chunked=encode_chunked)
  File "C:\Python38\lib\http\client.py", line 1225, in endheaders
    self._send_output(message_body, encode_chunked=encode_chunked)
  File "C:\Python38\lib\http\client.py", line 1004, in _send_output
    self.send(msg)
  File "C:\Python38\lib\http\client.py", line 944, in send
    self.connect()
  File "C:\Python38\lib\http\client.py", line 915, in connect
    self.sock = self._create_connection(
  File "C:\Python38\lib\socket.py", line 807, in create_connection
    raise err
  File "C:\Python38\lib\socket.py", line 796, in create_connection
    sock.connect(sa)
ConnectionRefusedError: [WinError 10061] 由于目标计算机积极拒绝，无法连接。

During handling of the above exception, another exception occurred:

Traceback (most recent call last):
  File "D:\python_work\AKMfloor\common\webutility.py", line 103, in http_get
    f = urllib.request.urlopen(u,timeout=timeout)
  File "C:\Python38\lib\urllib\request.py", line 222, in urlopen
    return opener.open(url, data, timeout)
  File "C:\Python38\lib\urllib\request.py", line 525, in open
    response = self._open(req, data)
  File "C:\Python38\lib\urllib\request.py", line 542, in _open
    result = self._call_chain(self.handle_open, protocol, protocol +
  File "C:\Python38\lib\urllib\request.py", line 502, in _call_chain
    result = func(*args)
  File "C:\Python38\lib\urllib\request.py", line 1346, in http_open
    return self.do_open(http.client.HTTPConnection, req)
  File "C:\Python38\lib\urllib\request.py", line 1320, in do_open
    raise URLError(err)
urllib.error.URLError: <urlopen error [WinError 10061] 由于目标计算机积极拒绝，无法连接。>

During handling of the above exception, another exception occurred:

Traceback (most recent call last):
  File "D:\python_work\AKMfloor\elevator\elevatorApi.py", line 19, in http_get
    r = webutility.http_get(url, param,timeout=10,writelog=writelog)
  File "D:\python_work\AKMfloor\common\webutility.py", line 105, in http_get
    raise Exception("http get",url,params,"error:",str(e))
Exception: ('http get', 'http://127.0.0.1:5551/api/elevator/status', {'id': 'ELEVATOR01'}, 'error:', '<urlopen error [WinError 10061] 由于目标计算机积极拒绝，无法连接。>')

[CRITICAL]2021-03-26 13:18:44,422: agvApi.init cause a error: ('http get', 'http://127.0.0.1:5551/api/agv/init', {'appName': 'scadaTask'}, 'error:', '<urlopen error [WinError 10061] 由于目标计算机积极拒绝，无法连接。>')
pid=23752, ppid=20496, tid=24172
Traceback (most recent call last):
  File "C:\Python38\lib\urllib\request.py", line 1317, in do_open
    h.request(req.get_method(), req.selector, req.data, headers,
  File "C:\Python38\lib\http\client.py", line 1230, in request
    self._send_request(method, url, body, headers, encode_chunked)
  File "C:\Python38\lib\http\client.py", line 1276, in _send_request
    self.endheaders(body, encode_chunked=encode_chunked)
  File "C:\Python38\lib\http\client.py", line 1225, in endheaders
    self._send_output(message_body, encode_chunked=encode_chunked)
  File "C:\Python38\lib\http\client.py", line 1004, in _send_output
    self.send(msg)
  File "C:\Python38\lib\http\client.py", line 944, in send
    self.connect()
  File "C:\Python38\lib\http\client.py", line 915, in connect
    self.sock = self._create_connection(
  File "C:\Python38\lib\socket.py", line 807, in create_connection
    raise err
  File "C:\Python38\lib\socket.py", line 796, in create_connection
    sock.connect(sa)
ConnectionRefusedError: [WinError 10061] 由于目标计算机积极拒绝，无法连接。

During handling of the above exception, another exception occurred:

Traceback (most recent call last):
  File "D:\python_work\AKMfloor\common\webutility.py", line 103, in http_get
    f = urllib.request.urlopen(u,timeout=timeout)
  File "C:\Python38\lib\urllib\request.py", line 222, in urlopen
    return opener.open(url, data, timeout)
  File "C:\Python38\lib\urllib\request.py", line 525, in open
    response = self._open(req, data)
  File "C:\Python38\lib\urllib\request.py", line 542, in _open
    result = self._call_chain(self.handle_open, protocol, protocol +
  File "C:\Python38\lib\urllib\request.py", line 502, in _call_chain
    result = func(*args)
  File "C:\Python38\lib\urllib\request.py", line 1346, in http_open
    return self.do_open(http.client.HTTPConnection, req)
  File "C:\Python38\lib\urllib\request.py", line 1320, in do_open
    raise URLError(err)
urllib.error.URLError: <urlopen error [WinError 10061] 由于目标计算机积极拒绝，无法连接。>

During handling of the above exception, another exception occurred:

Traceback (most recent call last):
  File "D:\python_work\AKMfloor\agvCtrl\agvApi.py", line 40, in init
    _http_get(url + '/api/agv/init', param)
  File "D:\python_work\AKMfloor\agvCtrl\agvApi.py", line 61, in _http_get
    r = webutility.http_get(url, param, timeout=45,writelog=False)
  File "D:\python_work\AKMfloor\common\webutility.py", line 105, in http_get
    raise Exception("http get",url,params,"error:",str(e))
Exception: ('http get', 'http://127.0.0.1:5551/api/agv/init', {'appName': 'scadaTask'}, 'error:', '<urlopen error [WinError 10061] 由于目标计算机积极拒绝，无法连接。>')

[CRITICAL]2021-03-26 13:18:44,584: elevatorApi cause a error: ('http get', 'http://127.0.0.1:5551/api/elevator/status', {'id': 'ELEVATOR01'}, 'error:', '<urlopen error [WinError 10061] 由于目标计算机积极拒绝，无法连接。>')
pid=23752, ppid=20496, tid=12240
Traceback (most recent call last):
  File "C:\Python38\lib\urllib\request.py", line 1317, in do_open
    h.request(req.get_method(), req.selector, req.data, headers,
  File "C:\Python38\lib\http\client.py", line 1230, in request
    self._send_request(method, url, body, headers, encode_chunked)
  File "C:\Python38\lib\http\client.py", line 1276, in _send_request
    self.endheaders(body, encode_chunked=encode_chunked)
  File "C:\Python38\lib\http\client.py", line 1225, in endheaders
    self._send_output(message_body, encode_chunked=encode_chunked)
  File "C:\Python38\lib\http\client.py", line 1004, in _send_output
    self.send(msg)
  File "C:\Python38\lib\http\client.py", line 944, in send
    self.connect()
  File "C:\Python38\lib\http\client.py", line 915, in connect
    self.sock = self._create_connection(
  File "C:\Python38\lib\socket.py", line 807, in create_connection
    raise err
  File "C:\Python38\lib\socket.py", line 796, in create_connection
    sock.connect(sa)
ConnectionRefusedError: [WinError 10061] 由于目标计算机积极拒绝，无法连接。

During handling of the above exception, another exception occurred:

Traceback (most recent call last):
  File "D:\python_work\AKMfloor\common\webutility.py", line 103, in http_get
    f = urllib.request.urlopen(u,timeout=timeout)
  File "C:\Python38\lib\urllib\request.py", line 222, in urlopen
    return opener.open(url, data, timeout)
  File "C:\Python38\lib\urllib\request.py", line 525, in open
    response = self._open(req, data)
  File "C:\Python38\lib\urllib\request.py", line 542, in _open
    result = self._call_chain(self.handle_open, protocol, protocol +
  File "C:\Python38\lib\urllib\request.py", line 502, in _call_chain
    result = func(*args)
  File "C:\Python38\lib\urllib\request.py", line 1346, in http_open
    return self.do_open(http.client.HTTPConnection, req)
  File "C:\Python38\lib\urllib\request.py", line 1320, in do_open
    raise URLError(err)
urllib.error.URLError: <urlopen error [WinError 10061] 由于目标计算机积极拒绝，无法连接。>

During handling of the above exception, another exception occurred:

Traceback (most recent call last):
  File "D:\python_work\AKMfloor\elevator\elevatorApi.py", line 19, in http_get
    r = webutility.http_get(url, param,timeout=10,writelog=writelog)
  File "D:\python_work\AKMfloor\common\webutility.py", line 105, in http_get
    raise Exception("http get",url,params,"error:",str(e))
Exception: ('http get', 'http://127.0.0.1:5551/api/elevator/status', {'id': 'ELEVATOR01'}, 'error:', '<urlopen error [WinError 10061] 由于目标计算机积极拒绝，无法连接。>')

[CRITICAL]2021-03-26 13:18:50,232: invoke <function urlElevatorgo at 0x000001681A7A2160> cause a error: 'str' object cannot be interpreted as an integer
pid=23752, ppid=20496, tid=23416
Traceback (most recent call last):
  File "D:\python_work\AKMfloor\common\scadaUtility.py", line 45, in __call
    ret = func(*p,**pp)
  File "D:\python_work\AKMfloor\elevator\main_elevator.py", line 17, in urlElevatorgo
    ret = elevatorInfo.gofloor(f)
  File "D:\python_work\AKMfloor\elevator\elevatorMgr.py", line 111, in gofloor
    return elevatorControl.goFloor(self.ip,self.port,id=0,floor=floor)
  File "D:\python_work\AKMfloor\elevator\elevatorControlFuzhou.py", line 179, in goFloor
    buf = getSendBuffer(BNK, NOD, data)
  File "D:\python_work\AKMfloor\elevator\elevatorControlFuzhou.py", line 75, in getSendBuffer
    buf.setByte(x)
  File "D:\python_work\AKMfloor\common\buffer.py", line 160, in setByte
    self._buf.append(value)
TypeError: 'str' object cannot be interpreted as an integer

[CRITICAL]2021-03-26 13:18:53,606: invoke <function urlElevatoropen at 0x000001681A7A2790> cause a error: index out of range
pid=23752, ppid=20496, tid=23712
Traceback (most recent call last):
  File "D:\python_work\AKMfloor\common\scadaUtility.py", line 45, in __call
    ret = func(*p,**pp)
  File "D:\python_work\AKMfloor\elevator\main_elevator.py", line 32, in urlElevatoropen
    ret = elevatorInfo.open()
  File "D:\python_work\AKMfloor\elevator\elevatorMgr.py", line 118, in open
    return elevatorControl.open(self.ip,port=self.port,id=0)
  File "D:\python_work\AKMfloor\elevator\elevatorControlFuzhou.py", line 200, in open
    res = sendData(ip, port, buf)
  File "D:\python_work\AKMfloor\elevator\elevatorControlFuzhou.py", line 150, in sendData
    res = parseResult(result)
  File "D:\python_work\AKMfloor\elevator\elevatorControlFuzhou.py", line 92, in parseResult
    if ret[5] == RET_STATUS:
IndexError: index out of range

[CRITICAL]2021-03-26 13:18:53,607: invoke <function urlElevatorstatus at 0x000001681A7A23A0> cause a error: index out of range
pid=23752, ppid=20496, tid=23416
Traceback (most recent call last):
  File "D:\python_work\AKMfloor\common\scadaUtility.py", line 45, in __call
    ret = func(*p,**pp)
  File "D:\python_work\AKMfloor\elevator\main_elevator.py", line 25, in urlElevatorstatus
    ret= elevatorInfo.status()
  File "D:\python_work\AKMfloor\elevator\elevatorMgr.py", line 114, in status
    return elevatorControl.getStatus(self.ip,self.port,id=0)
  File "D:\python_work\AKMfloor\elevator\elevatorControlFuzhou.py", line 161, in getStatus
    res = sendData(ip, port, buf)
  File "D:\python_work\AKMfloor\elevator\elevatorControlFuzhou.py", line 150, in sendData
    res = parseResult(result)
  File "D:\python_work\AKMfloor\elevator\elevatorControlFuzhou.py", line 92, in parseResult
    if ret[5] == RET_STATUS:
IndexError: index out of range

[CRITICAL]2021-03-26 13:18:58,350: invoke <function urlElevatorstatus at 0x000001681A7A23A0> cause a error: index out of range
pid=23752, ppid=20496, tid=23416
Traceback (most recent call last):
  File "D:\python_work\AKMfloor\common\scadaUtility.py", line 45, in __call
    ret = func(*p,**pp)
  File "D:\python_work\AKMfloor\elevator\main_elevator.py", line 25, in urlElevatorstatus
    ret= elevatorInfo.status()
  File "D:\python_work\AKMfloor\elevator\elevatorMgr.py", line 114, in status
    return elevatorControl.getStatus(self.ip,self.port,id=0)
  File "D:\python_work\AKMfloor\elevator\elevatorControlFuzhou.py", line 161, in getStatus
    res = sendData(ip, port, buf)
  File "D:\python_work\AKMfloor\elevator\elevatorControlFuzhou.py", line 150, in sendData
    res = parseResult(result)
  File "D:\python_work\AKMfloor\elevator\elevatorControlFuzhou.py", line 92, in parseResult
    if ret[5] == RET_STATUS:
IndexError: index out of range

[CRITICAL]2021-03-26 13:18:58,352: invoke <function urlElevatoropen at 0x000001681A7A2790> cause a error: index out of range
pid=23752, ppid=20496, tid=1532
Traceback (most recent call last):
  File "D:\python_work\AKMfloor\common\scadaUtility.py", line 45, in __call
    ret = func(*p,**pp)
  File "D:\python_work\AKMfloor\elevator\main_elevator.py", line 32, in urlElevatoropen
    ret = elevatorInfo.open()
  File "D:\python_work\AKMfloor\elevator\elevatorMgr.py", line 118, in open
    return elevatorControl.open(self.ip,port=self.port,id=0)
  File "D:\python_work\AKMfloor\elevator\elevatorControlFuzhou.py", line 200, in open
    res = sendData(ip, port, buf)
  File "D:\python_work\AKMfloor\elevator\elevatorControlFuzhou.py", line 150, in sendData
    res = parseResult(result)
  File "D:\python_work\AKMfloor\elevator\elevatorControlFuzhou.py", line 92, in parseResult
    if ret[5] == RET_STATUS:
IndexError: index out of range

[CRITICAL]2021-03-26 13:19:07,869: invoke <function urlElevatorstatus at 0x000001681A7A23A0> cause a error: index out of range
pid=23752, ppid=20496, tid=1532
Traceback (most recent call last):
  File "D:\python_work\AKMfloor\common\scadaUtility.py", line 45, in __call
    ret = func(*p,**pp)
  File "D:\python_work\AKMfloor\elevator\main_elevator.py", line 25, in urlElevatorstatus
    ret= elevatorInfo.status()
  File "D:\python_work\AKMfloor\elevator\elevatorMgr.py", line 114, in status
    return elevatorControl.getStatus(self.ip,self.port,id=0)
  File "D:\python_work\AKMfloor\elevator\elevatorControlFuzhou.py", line 161, in getStatus
    res = sendData(ip, port, buf)
  File "D:\python_work\AKMfloor\elevator\elevatorControlFuzhou.py", line 150, in sendData
    res = parseResult(result)
  File "D:\python_work\AKMfloor\elevator\elevatorControlFuzhou.py", line 96, in parseResult
    tempstr = bin(ret[9])[2:]
IndexError: index out of range

[CRITICAL]2021-03-26 13:19:07,870: invoke <function urlElevatoropen at 0x000001681A7A2790> cause a error: index out of range
pid=23752, ppid=20496, tid=1808
Traceback (most recent call last):
  File "D:\python_work\AKMfloor\common\scadaUtility.py", line 45, in __call
    ret = func(*p,**pp)
  File "D:\python_work\AKMfloor\elevator\main_elevator.py", line 32, in urlElevatoropen
    ret = elevatorInfo.open()
  File "D:\python_work\AKMfloor\elevator\elevatorMgr.py", line 118, in open
    return elevatorControl.open(self.ip,port=self.port,id=0)
  File "D:\python_work\AKMfloor\elevator\elevatorControlFuzhou.py", line 200, in open
    res = sendData(ip, port, buf)
  File "D:\python_work\AKMfloor\elevator\elevatorControlFuzhou.py", line 150, in sendData
    res = parseResult(result)
  File "D:\python_work\AKMfloor\elevator\elevatorControlFuzhou.py", line 96, in parseResult
    tempstr = bin(ret[9])[2:]
IndexError: index out of range

[CRITICAL]2021-03-26 13:19:08,496: invoke <function urlElevatorgo at 0x000001681A7A2160> cause a error: 'str' object cannot be interpreted as an integer
pid=23752, ppid=20496, tid=4936
Traceback (most recent call last):
  File "D:\python_work\AKMfloor\common\scadaUtility.py", line 45, in __call
    ret = func(*p,**pp)
  File "D:\python_work\AKMfloor\elevator\main_elevator.py", line 17, in urlElevatorgo
    ret = elevatorInfo.gofloor(f)
  File "D:\python_work\AKMfloor\elevator\elevatorMgr.py", line 111, in gofloor
    return elevatorControl.goFloor(self.ip,self.port,id=0,floor=floor)
  File "D:\python_work\AKMfloor\elevator\elevatorControlFuzhou.py", line 179, in goFloor
    buf = getSendBuffer(BNK, NOD, data)
  File "D:\python_work\AKMfloor\elevator\elevatorControlFuzhou.py", line 75, in getSendBuffer
    buf.setByte(x)
  File "D:\python_work\AKMfloor\common\buffer.py", line 160, in setByte
    self._buf.append(value)
TypeError: 'str' object cannot be interpreted as an integer

