[INFO]2021-04-22 09:30:18,237: log files at E:\projects_by_myself\backup\MeiWei_back_0421\common\log
[INFO]2021-04-22 09:30:18,238: find module account.main_account
[INFO]2021-04-22 09:30:18,240: find module agvCtrl.main_agv
[INFO]2021-04-22 09:30:18,241: find module agvDevice.main_agvDevice
[INFO]2021-04-22 09:30:18,242: find module akmCtrl.main_akmCtrl
[INFO]2021-04-22 09:30:18,243: find module alarm.main_alarm
[INFO]2021-04-22 09:30:18,244: find module auth.main_auth
[INFO]2021-04-22 09:30:18,246: find module door.main_door
[INFO]2021-04-22 09:30:18,247: find module elevator.main_elevator
[INFO]2021-04-22 09:30:18,249: find module feed.main_feed
[INFO]2021-04-22 09:30:18,250: find module remoteio.main_remoteio
[INFO]2021-04-22 09:30:18,251: import account.main_account
[INFO]2021-04-22 09:30:18,354: import agvCtrl.main_agv
[INFO]2021-04-22 09:30:18,705: create lock <lock name:doorMgr.lock,<unlocked _thread.RLock object owner=0 count=0 at 0x000001430AFE6EA0>>
[INFO]2021-04-22 09:30:19,552: create lock <lock name:door.lock,<unlocked _thread.RLock object owner=0 count=0 at 0x000001430B000420>>
[INFO]2021-04-22 09:30:19,699: create lock <lock name:timer.lock_1387465445824,<unlocked _thread.RLock object owner=0 count=0 at 0x000001430B629330>>
[ERROR]2021-04-22 09:30:19,714: mqtt is disabled
[INFO]2021-04-22 09:30:19,715: mqtt: subscribe [alarm/raise/+]
[INFO]2021-04-22 09:30:19,717: mqtt: subscribe [alarm/clear/+]
[INFO]2021-04-22 09:30:22,771: Mongodb connect to 127.0.0.1 port 27017
[INFO]2021-04-22 09:30:22,872: create lock <lock name:elevatorMgr.lock,<unlocked _thread.RLock object owner=0 count=0 at 0x000001430B839D20>>
[WARNING]2021-04-22 09:30:22,885: use mockAgvCtrl
[INFO]2021-04-22 09:30:22,889: create lock <lock name:mapMgr.lock,<unlocked _thread.RLock object owner=0 count=0 at 0x00000143098A4360>>
[INFO]2021-04-22 09:30:23,222: create lock <lock name:agvList.g_agvLock,<unlocked _thread.RLock object owner=0 count=0 at 0x000001430B8E0030>>
[INFO]2021-04-22 09:30:23,232: create lock <lock name:taskList.lock,<unlocked _thread.RLock object owner=0 count=0 at 0x000001430B977480>>
[INFO]2021-04-22 09:30:23,302: charge policy 1 , fix time
[INFO]2021-04-22 09:30:23,343: create lock <lock name:agvApi.g_lock,<unlocked _thread.RLock object owner=0 count=0 at 0x000001430B977990>>
[INFO]2021-04-22 09:30:23,704: start load map E:\projects_by_myself\backup\MeiWei_back_0421\agvCtrl\projects\test\AKM2F.smap
[DEBUG]2021-04-22 09:30:23,819: elevator thread start
[INFO]2021-04-22 09:30:23,842: load map E:\projects_by_myself\backup\MeiWei_back_0421\agvCtrl\projects\test\AKM2F.smap ,used 149 ms
[INFO]2021-04-22 09:30:23,855: start load map E:\projects_by_myself\backup\MeiWei_back_0421\agvCtrl\projects\test\akmsmt.smap
[INFO]2021-04-22 09:30:23,917: load map E:\projects_by_myself\backup\MeiWei_back_0421\agvCtrl\projects\test\akmsmt.smap ,used 74 ms
[INFO]2021-04-22 09:30:23,929: start load map E:\projects_by_myself\backup\MeiWei_back_0421\agvCtrl\projects\test\akmsmtMap.smap
[INFO]2021-04-22 09:30:24,068: load map E:\projects_by_myself\backup\MeiWei_back_0421\agvCtrl\projects\test\akmsmtMap.smap ,used 150 ms
[INFO]2021-04-22 09:30:24,077: start load map E:\projects_by_myself\backup\MeiWei_back_0421\agvCtrl\projects\test\desai-all-20191223.smap
[INFO]2021-04-22 09:30:24,205: load map E:\projects_by_myself\backup\MeiWei_back_0421\agvCtrl\projects\test\desai-all-20191223.smap ,used 137 ms
[INFO]2021-04-22 09:30:24,209: import agvDevice.main_agvDevice
[INFO]2021-04-22 09:30:24,212: import akmCtrl.main_akmCtrl
[INFO]2021-04-22 09:30:24,300: create lock <lock name:runTasks.g_lock,<unlocked _thread.RLock object owner=0 count=0 at 0x000001430E508CC0>>
[INFO]2021-04-22 09:30:24,320: create lock <lock name:agvApi.g_lock,<unlocked _thread.RLock object owner=0 count=0 at 0x000001430CA5BB40>>
[INFO]2021-04-22 09:30:24,776: create lock <lock name:runTasks.pre_lock,<unlocked _thread.RLock object owner=0 count=0 at 0x000001430E0CB0F0>>
[INFO]2021-04-22 09:30:24,779: create lock <lock name:timer.lock_1387445729648,<unlocked _thread.RLock object owner=0 count=0 at 0x000001430A35B870>>
[INFO]2021-04-22 09:30:24,781: create lock <lock name:mapMgr.lock,<unlocked _thread.RLock object owner=0 count=0 at 0x000001430D710720>>
[INFO]2021-04-22 09:30:24,854: import alarm.main_alarm
[INFO]2021-04-22 09:30:24,855: import auth.main_auth
[INFO]2021-04-22 09:30:24,862: import door.main_door
[INFO]2021-04-22 09:30:24,866: import elevator.main_elevator
[INFO]2021-04-22 09:30:24,870: create lock <lock name:elevatorApi.g_lock,<unlocked _thread.RLock object owner=0 count=0 at 0x00000143109D98D0>>
[INFO]2021-04-22 09:30:24,871: import feed.main_feed
[INFO]2021-04-22 09:30:24,880: create lock <lock name:feedTask.g_lock,<unlocked _thread.RLock object owner=0 count=0 at 0x00000143109E7570>>
[INFO]2021-04-22 09:30:24,924: import remoteio.main_remoteio
[SUCC]2021-04-22 09:30:24,937: utility start, pid=7568, ppid=3292
[DEBUG]2021-04-22 09:30:24,938: start timer
[INFO]2021-04-22 09:30:24,945: load agv file: E:\projects_by_myself\backup\MeiWei_back_0421\agvCtrl/projects/test/agv.cfg
[INFO]2021-04-22 09:30:24,946: create lock <lock name:agvList.AGV30.lock,<unlocked _thread.RLock object owner=0 count=0 at 0x0000014311F92780>>
[DEBUG]2021-04-22 09:30:24,949: create aliveObj AGV30 AGV离线异常 timeout 300
[INFO]2021-04-22 09:30:24,950: AGV30 start agvList run thread
[INFO]2021-04-22 09:30:24,950: AGV30 start agvList run2 thread
[ERROR]2021-04-22 09:30:24,957: agv check init error False
[DEBUG]2021-04-22 09:30:24,958: start timer
[INFO]2021-04-22 09:30:24,964: add_ignore: taskStatus
[INFO]2021-04-22 09:30:24,964: add_ignore: api/elevator/status
[INFO]2021-04-22 09:30:24,965: add_ignore: scada/getTask
[INFO]2021-04-22 09:30:25,473: AGV30 current map AKM2F
[INFO]2021-04-22 09:30:25,474: AGV30 is online
[DEBUG]2021-04-22 09:30:25,976: GET: http://127.0.0.1:5551/api/agv/init?appName=akmTask addr: 127.0.0.1
[INFO]2021-04-22 09:30:25,991: akmTask init client agvApi
[DEBUG]2021-04-22 09:30:25,993: used 17ms 200 OK application/json;charset=utf-8, GET: http://127.0.0.1:5551/api/agv/init?appName=akmTask
[DEBUG]2021-04-22 09:30:29,148: GET: http://127.0.0.1:5551/api/agv/startCharge?appName=akmTask addr: 127.0.0.1
[DEBUG]2021-04-22 09:30:29,227: used 78ms 200 OK application/json;charset=utf-8, GET: http://127.0.0.1:5551/api/agv/startCharge?appName=akmTask
[WARNING]2021-04-22 09:30:29,245: timer_thread[tid:12756] <lock name:runTasks.g_lock,<locked _thread.RLock object owner=12756 count=1 at 0x000001430E508CC0>> ,hold 3272 ms
[INFO]2021-04-22 09:30:29,289: name=timer_thread, pid=7568, tid=12756
[01] File "E:/Users/Administrator/AppData/Local/Programs/Python/Python38/lib/threading.py", line 870, in run() 
[02] File "../common/mytimer.py", line 113, in _loop() 
[03] File "../common/lock.py", line 122, in _call() 
[04] File "../common/lock.py", line 100, in release() 
[05] File "E:/projects_by_myself/backup/MeiWei_back_0421/common/enhance.py", line 258, in getTrace() 
[06] File "E:/projects_by_myself/backup/MeiWei_back_0421/common/enhance.py", line 240, in getThreadStack()
[DEBUG]2021-04-22 09:30:30,621: GET: http://127.0.0.1:5551/api/scada/addTaskByPad?source=%E4%BA%8C%E6%A5%BC%E5%B7%A5%E4%BD%8D_02&target=%E4%BA%8C%E6%A5%BC%E6%B5%8B%E8%AF%95%E7%82%B9 addr: 127.0.0.1
[INFO]2021-04-22 09:30:30,707: create task[6080d1b64bbd75b519eaef35]: type= scadaTask , 从二楼工位_02运送货架到二楼测试点 {'source': '二楼工位_02', 'target': '二楼测试点', 'payloadId': None, 'priority': 1, 'type': 'scadaTask', 'taskName': '从二楼工位_02运送货架到二楼测试点', 'createTime': datetime.datetime(2021, 4, 22, 9, 30, 30, 705215), 'updateTime': datetime.datetime(2021, 4, 22, 9, 30, 30, 705215), 'startTime': None, 'endTime': None, 'status': 'waiting', 'step': 'waiting', 'failMsg': None, 'history': [], '_id': ObjectId('6080d1b64bbd75b519eaef35')}
[DEBUG]2021-04-22 09:30:30,954: used 333ms 200 OK application/json;charset=utf-8, GET: http://127.0.0.1:5551/api/scada/addTaskByPad?source=%E4%BA%8C%E6%A5%BC%E5%B7%A5%E4%BD%8D_02&target=%E4%BA%8C%E6%A5%BC%E6%B5%8B%E8%AF%95%E7%82%B9
[INFO]2021-04-22 09:30:31,431: task[6080d1b64bbd75b519eaef35]:  start {'failMsg': '任务等待执行', 'startTime': datetime.datetime(2021, 4, 22, 9, 30, 31, 415966), 'updateTime': datetime.datetime(2021, 4, 22, 9, 30, 31, 415966), 'status': 'running'}
[INFO]2021-04-22 09:30:31,557: task: start task[6080d1b64bbd75b519eaef35][-] LM16(LM17) -> LM9(LM12) [waiting]
[INFO]2021-04-22 09:30:31,699: task[6080d1b64bbd75b519eaef35] update info: {'failMsg': '等待分配小车', 'updateTime': datetime.datetime(2021, 4, 22, 9, 30, 31, 683256)}
[DEBUG]2021-04-22 09:30:31,842: task[6080d1b64bbd75b519eaef35][-] LM16(LM17) -> LM9(LM12) [waitForAgv] waiting -> waitForAgv
[DEBUG]2021-04-22 09:30:33,155: GET: http://127.0.0.1:5551/api/agv/apply?appName=akmTask&autoLock=False&exclude&loc=LM17&mapId=AKM2F&taskId=6080d1b64bbd75b519eaef35&timeout=10 addr: 127.0.0.1
[INFO]2021-04-22 09:30:34,120: apply AGV30 ,taskId: 6080d1b64bbd75b519eaef35 ,loc AKM2F.LM17 ,autoLock False , used 883 ms
[DEBUG]2021-04-22 09:30:34,191: used 1036ms 200 OK application/json;charset=utf-8, GET: http://127.0.0.1:5551/api/agv/apply?appName=akmTask&autoLock=False&exclude&loc=LM17&mapId=AKM2F&taskId=6080d1b64bbd75b519eaef35&timeout=10
[DEBUG]2021-04-22 09:30:34,389: GET: http://127.0.0.1:5551/api/agv/lock?agv=AGV30&appName=akmTask&taskId=6080d1b64bbd75b519eaef35 addr: 127.0.0.1
[DEBUG]2021-04-22 09:30:34,524: lock:  AGV30 taskId 6080d1b64bbd75b519eaef35 app akmTask
[WARNING]2021-04-22 09:30:35,659: AGV30 clear task finish, cur= AKM2F.AP29 task_status= 0
[DEBUG]2021-04-22 09:30:35,739: used 1350ms 200 OK application/json;charset=utf-8, GET: http://127.0.0.1:5551/api/agv/lock?agv=AGV30&appName=akmTask&taskId=6080d1b64bbd75b519eaef35
[INFO]2021-04-22 09:30:35,881: task[6080d1b64bbd75b519eaef35][-] LM16(LM17) -> LM9(LM12) [waitForAgv] apply AGV30
[INFO]2021-04-22 09:30:36,069: task[6080d1b64bbd75b519eaef35] update info: {'agvId': 'AGV30', 'failMsg': '成功分配小车AGV30,检测顶升下降', 'updateTime': datetime.datetime(2021, 4, 22, 9, 30, 36, 24001)}
[WARNING]2021-04-22 09:30:36,193: scada.6080d1b64bbd75b519eaef35[tid:4324] <locked _thread.RLock object owner=4324 count=1 at 0x0000014314AAF030> ,hold 3196 ms
[INFO]2021-04-22 09:30:36,555: name=scada.6080d1b64bbd75b519eaef35, pid=7568, tid=4324
[01] File "E:/Users/Administrator/AppData/Local/Programs/Python/Python38/lib/threading.py", line 870, in run() 
[02] File "../common/utility.py", line 167, in __call() 
[03] File "E:/projects_by_myself/backup/MeiWei_back_0421/akmCtrl/beans/scadaTaskBean.py", line 567, in _taskFunc() 
[04] File "../common/lock.py", line 122, in _call() 
[05] File "../common/lock.py", line 100, in release() 
[06] File "E:/projects_by_myself/backup/MeiWei_back_0421/common/enhance.py", line 258, in getTrace() 
[07] File "E:/projects_by_myself/backup/MeiWei_back_0421/common/enhance.py", line 240, in getThreadStack()
[DEBUG]2021-04-22 09:30:36,633: task[6080d1b64bbd75b519eaef35][AGV30] LM16(LM17) -> LM9(LM12) [initJackdown] waitForAgv -> initJackdown
[INFO]2021-04-22 09:30:37,108: task[6080d1b64bbd75b519eaef35][AGV30] LM16(LM17) -> LM9(LM12) [initJackdown] _jackDown
[DEBUG]2021-04-22 09:30:37,203: send http_get: http://127.0.0.1:5551/api/agv/jackdown?agv=AGV30&loc=None&timeoutSec=90
[DEBUG]2021-04-22 09:30:37,457: GET: http://127.0.0.1:5551/api/agv/jackdown?agv=AGV30&loc=None&timeoutSec=90 addr: 127.0.0.1
[INFO]2021-04-22 09:30:37,582: _jack in jackMgr: AGV30 down [{'id': 0, 'source': 'normal', 'status': True}, {'id': 1, 'source': 'normal', 'status': True}]
[INFO]2021-04-22 09:30:37,800: AGV30 jack down status:  1
[DEBUG]2021-04-22 09:30:37,924: used 467ms 200 OK application/json;charset=utf-8, GET: http://127.0.0.1:5551/api/agv/jackdown?agv=AGV30&loc=None&timeoutSec=90
[DEBUG]2021-04-22 09:30:38,065: [return] use 862 ms,http_get: http://127.0.0.1:5551/api/agv/jackdown?agv=AGV30&loc=None&timeoutSec=90
[INFO]2021-04-22 09:30:38,209: task[6080d1b64bbd75b519eaef35] update info: {'failMsg': '前往二楼工位_02工位点拉取货架', 'updateTime': datetime.datetime(2021, 4, 22, 9, 30, 38, 161323)}
[DEBUG]2021-04-22 09:30:38,288: task[6080d1b64bbd75b519eaef35][AGV30] LM16(LM17) -> LM9(LM12) [startMoveJackup] initJackdown -> startMoveJackup
[DEBUG]2021-04-22 09:30:38,813: GET: http://127.0.0.1:5551/api/agv/move?WorkPlace=None&agv=AGV30&agvId=AGV30&appName=akmTask&direction=None&floorId=AKM2F&isRotate&loc=AKM2F.LM16&location=LM16&p_direction=0.0&pgv_type=1&recognize=False&seer_jackup=JackLoad&taskId=6080d1b64bbd75b519eaef35_2&taskType=scadaTask&timeoutSec=86400&use_pgv=False addr: 127.0.0.1
[INFO]2021-04-22 09:30:38,823: Begin: AGV30 move from AKM2F.AP29 to AKM2F.LM16 by paths: [('AKM2F', ['AP29', 'LM31', 'LM39', 'LM37', 'LM18', 'LM40', 'LM17', 'LM16'], 23.807999999999996)] task: 6080d1b64bbd75b519eaef35_2 timeout 86400 used 7 ms
[DEBUG]2021-04-22 09:30:38,826: task[6080d1b64bbd75b519eaef35][AGV30] LM16(LM17) -> LM9(LM12) [loadPlayload] startMoveJackup -> loadPlayload
[DEBUG]2021-04-22 09:30:39,440: agvInfo: AGV30 AKM2F.AP29 move to AKM2F.LM31 ,taskId 6080d1b64bbd75b519eaef35_2
[INFO]2021-04-22 09:30:39,864: 回调过来的状态： {'id': '6080d1b64bbd75b519eaef35_2', 'ticks': 675820467.788, 'status': 'begin', 'exception': None, 'success': False, 'createTime': '2021-04-22 09:30:38', 'agv': 'AGV30', 'target': 'AKM2F.LM16', 'start': 'AKM2F.AP29', 'map': 'AKM2F', 'action': 'move', 'step': 1, 'paths': 'AP29,LM31,LM39,LM37,LM18,LM40,LM17,LM16', 'unfinishPaths': 'LM31,LM39,LM37,LM18,LM40,LM17,LM16'}
[INFO]2021-04-22 09:30:39,904: 回调过来的参数： {'taskId': '6080d1b64bbd75b519eaef35_2', 'location': 'LM16', 'floorId': 'AKM2F', 'taskType': 'scadaTask', 'WorkPlace': None, 'agvId': 'AGV30', 'isRotate': '', 'direction': None, 'p_direction': 0.0, 'timeoutSec': 86400, 'seer_jackup': 'JackLoad', 'recognize': False, 'use_pgv': False, 'pgv_type': 1, 'agv': 'AGV30', 'loc': 'AKM2F.LM16', 'appName': 'akmTask'}
[DEBUG]2021-04-22 09:30:40,980: AGV30 turn to wait check cur AP29 next LM39 0.992 False
[DEBUG]2021-04-22 09:30:41,539: agvInfo: AGV30 AKM2F.AP29 move to AKM2F.LM39 ,taskId 6080d1b64bbd75b519eaef35_2
[DEBUG]2021-04-22 09:30:41,591: AGV30 set loc AKM2F.LM31 ,old AP29 (-13.70,-15.15)
[INFO]2021-04-22 09:30:41,994: 回调过来的状态： {'id': '6080d1b64bbd75b519eaef35_2', 'ticks': 675820467.788, 'status': 'begin', 'exception': None, 'success': False, 'createTime': '2021-04-22 09:30:38', 'agv': 'AGV30', 'target': 'AKM2F.LM16', 'start': 'AKM2F.AP29', 'map': 'AKM2F', 'action': 'move', 'step': 2, 'paths': 'AP29,LM31,LM39,LM37,LM18,LM40,LM17,LM16', 'unfinishPaths': 'LM31,LM39,LM37,LM18,LM40,LM17,LM16'}
[INFO]2021-04-22 09:30:41,996: 回调过来的参数： {'taskId': '6080d1b64bbd75b519eaef35_2', 'location': 'LM16', 'floorId': 'AKM2F', 'taskType': 'scadaTask', 'WorkPlace': None, 'agvId': 'AGV30', 'isRotate': '', 'direction': None, 'p_direction': 0.0, 'timeoutSec': 86400, 'seer_jackup': 'JackLoad', 'recognize': False, 'use_pgv': False, 'pgv_type': 1, 'agv': 'AGV30', 'loc': 'AKM2F.LM16', 'appName': 'akmTask'}
[DEBUG]2021-04-22 09:30:44,084: AGV30 turn to wait check cur LM31 next LM37 0.756 False
[DEBUG]2021-04-22 09:30:44,618: agvInfo: AGV30 AKM2F.LM31 move to AKM2F.LM37 ,taskId 6080d1b64bbd75b519eaef35_2
[DEBUG]2021-04-22 09:30:44,632: AGV30 set loc AKM2F.LM39 ,old LM31 (-15.16,-15.15)
[INFO]2021-04-22 09:30:45,142: 回调过来的状态： {'id': '6080d1b64bbd75b519eaef35_2', 'ticks': 675820467.788, 'status': 'begin', 'exception': None, 'success': False, 'createTime': '2021-04-22 09:30:38', 'agv': 'AGV30', 'target': 'AKM2F.LM16', 'start': 'AKM2F.AP29', 'map': 'AKM2F', 'action': 'move', 'step': 3, 'paths': 'AP29,LM31,LM39,LM37,LM18,LM40,LM17,LM16', 'unfinishPaths': 'LM39,LM37,LM18,LM40,LM17,LM16'}
[INFO]2021-04-22 09:30:45,146: 回调过来的参数： {'taskId': '6080d1b64bbd75b519eaef35_2', 'location': 'LM16', 'floorId': 'AKM2F', 'taskType': 'scadaTask', 'WorkPlace': None, 'agvId': 'AGV30', 'isRotate': '', 'direction': None, 'p_direction': 0.0, 'timeoutSec': 86400, 'seer_jackup': 'JackLoad', 'recognize': False, 'use_pgv': False, 'pgv_type': 1, 'agv': 'AGV30', 'loc': 'AKM2F.LM16', 'appName': 'akmTask'}
[DEBUG]2021-04-22 09:30:47,679: AGV30 turn to wait check cur LM39 next LM18 0.691 False
[DEBUG]2021-04-22 09:30:48,219: agvInfo: AGV30 AKM2F.LM39 move to AKM2F.LM18 ,taskId 6080d1b64bbd75b519eaef35_2
[DEBUG]2021-04-22 09:30:48,219: AGV30 set loc AKM2F.LM37 ,old LM39 (-15.16,-16.74)
[INFO]2021-04-22 09:30:48,265: 回调过来的状态： {'id': '6080d1b64bbd75b519eaef35_2', 'ticks': 675820467.788, 'status': 'begin', 'exception': None, 'success': False, 'createTime': '2021-04-22 09:30:38', 'agv': 'AGV30', 'target': 'AKM2F.LM16', 'start': 'AKM2F.AP29', 'map': 'AKM2F', 'action': 'move', 'step': 4, 'paths': 'AP29,LM31,LM39,LM37,LM18,LM40,LM17,LM16', 'unfinishPaths': 'LM37,LM18,LM40,LM17,LM16'}
[INFO]2021-04-22 09:30:48,266: 回调过来的参数： {'taskId': '6080d1b64bbd75b519eaef35_2', 'location': 'LM16', 'floorId': 'AKM2F', 'taskType': 'scadaTask', 'WorkPlace': None, 'agvId': 'AGV30', 'isRotate': '', 'direction': None, 'p_direction': 0.0, 'timeoutSec': 86400, 'seer_jackup': 'JackLoad', 'recognize': False, 'use_pgv': False, 'pgv_type': 1, 'agv': 'AGV30', 'loc': 'AKM2F.LM16', 'appName': 'akmTask'}
[DEBUG]2021-04-22 09:30:52,811: AGV30 turn to wait check cur LM37 next LM40 0.702 False
[DEBUG]2021-04-22 09:30:53,349: agvInfo: AGV30 AKM2F.LM37 move to AKM2F.LM40 ,taskId 6080d1b64bbd75b519eaef35_2
[INFO]2021-04-22 09:30:53,470: 回调过来的状态： {'id': '6080d1b64bbd75b519eaef35_2', 'ticks': 675820467.788, 'status': 'begin', 'exception': None, 'success': False, 'createTime': '2021-04-22 09:30:38', 'agv': 'AGV30', 'target': 'AKM2F.LM16', 'start': 'AKM2F.AP29', 'map': 'AKM2F', 'action': 'move', 'step': 5, 'paths': 'AP29,LM31,LM39,LM37,LM18,LM40,LM17,LM16', 'unfinishPaths': 'LM18,LM40,LM17,LM16'}
[INFO]2021-04-22 09:30:53,474: 回调过来的参数： {'taskId': '6080d1b64bbd75b519eaef35_2', 'location': 'LM16', 'floorId': 'AKM2F', 'taskType': 'scadaTask', 'WorkPlace': None, 'agvId': 'AGV30', 'isRotate': '', 'direction': None, 'p_direction': 0.0, 'timeoutSec': 86400, 'seer_jackup': 'JackLoad', 'recognize': False, 'use_pgv': False, 'pgv_type': 1, 'agv': 'AGV30', 'loc': 'AKM2F.LM16', 'appName': 'akmTask'}
[DEBUG]2021-04-22 09:30:53,841: AGV30 set loc AKM2F.LM18 ,old LM37 (-18.37,-16.74)
[DEBUG]2021-04-22 09:30:53,858: AGV30 choise next pos cur LM18 next LM17 pre LM40 14.419 True
[DEBUG]2021-04-22 09:30:53,860: AGV30 turn to wait check cur LM18 next LM17 14.419 True
[DEBUG]2021-04-22 09:30:54,397: agvInfo: AGV30 AKM2F.LM18 move to AKM2F.LM17 ,taskId 6080d1b64bbd75b519eaef35_2
[INFO]2021-04-22 09:30:54,507: 回调过来的状态： {'id': '6080d1b64bbd75b519eaef35_2', 'ticks': 675820467.788, 'status': 'begin', 'exception': None, 'success': False, 'createTime': '2021-04-22 09:30:38', 'agv': 'AGV30', 'target': 'AKM2F.LM16', 'start': 'AKM2F.AP29', 'map': 'AKM2F', 'action': 'move', 'step': 6, 'paths': 'AP29,LM31,LM39,LM37,LM18,LM40,LM17,LM16', 'unfinishPaths': 'LM40,LM17,LM16'}
[INFO]2021-04-22 09:30:54,510: 回调过来的参数： {'taskId': '6080d1b64bbd75b519eaef35_2', 'location': 'LM16', 'floorId': 'AKM2F', 'taskType': 'scadaTask', 'WorkPlace': None, 'agvId': 'AGV30', 'isRotate': '', 'direction': None, 'p_direction': 0.0, 'timeoutSec': 86400, 'seer_jackup': 'JackLoad', 'recognize': False, 'use_pgv': False, 'pgv_type': 1, 'agv': 'AGV30', 'loc': 'AKM2F.LM16', 'appName': 'akmTask'}
[DEBUG]2021-04-22 09:31:00,035: AGV30 choise next pos cur LM18 next LM16 pre LM17 12.152 False
[DEBUG]2021-04-22 09:31:00,036: AGV30 turn to wait check cur LM18 next LM16 12.152 False
[DEBUG]2021-04-22 09:31:00,581: agvInfo: AGV30 AKM2F.LM18 move jackup to AKM2F.LM16 ,taskId 6080d1b64bbd75b519eaef35_2
[INFO]2021-04-22 09:31:00,734: 回调过来的状态： {'id': '6080d1b64bbd75b519eaef35_2', 'ticks': 675820467.788, 'status': 'begin', 'exception': None, 'success': False, 'createTime': '2021-04-22 09:30:38', 'agv': 'AGV30', 'target': 'AKM2F.LM16', 'start': 'AKM2F.AP29', 'map': 'AKM2F', 'action': 'move', 'step': 7, 'paths': 'AP29,LM31,LM39,LM37,LM18,LM40,LM17,LM16', 'unfinishPaths': 'LM40,LM17,LM16'}
[INFO]2021-04-22 09:31:00,740: 回调过来的参数： {'taskId': '6080d1b64bbd75b519eaef35_2', 'location': 'LM16', 'floorId': 'AKM2F', 'taskType': 'scadaTask', 'WorkPlace': None, 'agvId': 'AGV30', 'isRotate': '', 'direction': None, 'p_direction': 0.0, 'timeoutSec': 86400, 'seer_jackup': 'JackLoad', 'recognize': False, 'use_pgv': False, 'pgv_type': 1, 'agv': 'AGV30', 'loc': 'AKM2F.LM16', 'appName': 'akmTask'}
[DEBUG]2021-04-22 09:31:00,972: AGV30 set loc AKM2F.LM40 ,old LM18 (-18.37,-22.06)
[WARNING]2021-04-22 09:31:13,267: AGV30 waitFinish: loc is diff LM40 LM16 task_status= 2
[WARNING]2021-04-22 09:31:13,781: AGV30 waitFinish: loc is diff LM40 LM16 task_status= 2
[WARNING]2021-04-22 09:31:14,293: AGV30 waitFinish: loc is diff LM40 LM16 task_status= 2
[WARNING]2021-04-22 09:31:14,810: AGV30 waitFinish: loc is diff LM40 LM16 task_status= 2
[DEBUG]2021-04-22 09:31:15,231: AGV30 set loc AKM2F.LM16 ,old LM40 (-18.37,-33.41)
[SUCC]2021-04-22 09:31:16,342: Finish:  AGV30 arrived AKM2F.LM16 ,task: 6080d1b64bbd75b519eaef35_2
[INFO]2021-04-22 09:31:16,422: task: move finish callback task[6080d1b64bbd75b519eaef35][AGV30] LM16(LM17) -> LM9(LM12) [loadPlayload]
[INFO]2021-04-22 09:31:16,428: task[6080d1b64bbd75b519eaef35] update info: {'failMsg': 'AGV顶升', 'updateTime': datetime.datetime(2021, 4, 22, 9, 31, 16, 426421)}
[DEBUG]2021-04-22 09:31:16,433: task[6080d1b64bbd75b519eaef35][AGV30] LM16(LM17) -> LM9(LM12) [loadPlayload_jackup] loadPlayload_readqr -> loadPlayload_jackup
[INFO]2021-04-22 09:31:16,746: task[6080d1b64bbd75b519eaef35][AGV30] LM16(LM17) -> LM9(LM12) [loadPlayload_jackup] _jackUp
[DEBUG]2021-04-22 09:31:16,750: send http_get: http://127.0.0.1:5551/api/agv/jackup?agv=AGV30&loc=None&timeoutSec=90
[DEBUG]2021-04-22 09:31:16,755: GET: http://127.0.0.1:5551/api/agv/jackup?agv=AGV30&loc=None&timeoutSec=90 addr: 127.0.0.1
[INFO]2021-04-22 09:31:16,757: _jack in jackMgr: AGV30 up [{'id': 0, 'source': 'normal', 'status': True}, {'id': 1, 'source': 'normal', 'status': True}]
[INFO]2021-04-22 09:31:16,760: AGV30 jack up status:  1
[DEBUG]2021-04-22 09:31:16,762: used 8ms 200 OK application/json;charset=utf-8, GET: http://127.0.0.1:5551/api/agv/jackup?agv=AGV30&loc=None&timeoutSec=90
[DEBUG]2021-04-22 09:31:16,766: [return] use 16 ms,http_get: http://127.0.0.1:5551/api/agv/jackup?agv=AGV30&loc=None&timeoutSec=90
[INFO]2021-04-22 09:31:16,771: task[6080d1b64bbd75b519eaef35] update info: {'failMsg': '等待二楼测试点工位点锁', 'updateTime': datetime.datetime(2021, 4, 22, 9, 31, 16, 769409)}
[DEBUG]2021-04-22 09:31:16,774: task[6080d1b64bbd75b519eaef35][AGV30] LM16(LM17) -> LM9(LM12) [waitDestPreLoc] loadPlayload_jackup -> waitDestPreLoc
[INFO]2021-04-22 09:31:17,093: task: prepoint locked  6080d1b64bbd75b519eaef35 AKM2F.LM9
[INFO]2021-04-22 09:31:17,204: task[6080d1b64bbd75b519eaef35] update info: {'failMsg': '前往LM9工位点放下货架', 'updateTime': datetime.datetime(2021, 4, 22, 9, 31, 17, 172788)}
[DEBUG]2021-04-22 09:31:17,283: task[6080d1b64bbd75b519eaef35][AGV30] LM16(LM17) -> LM9(LM12) [movePreSource] waitDestPreLoc -> movePreSource
[DEBUG]2021-04-22 09:31:17,798: GET: http://127.0.0.1:5551/api/agv/move?WorkPlace=None&agv=AGV30&agvId=AGV30&appName=akmTask&direction=None&floorId=AKM2F&isRotate&loc=AKM2F.LM12&location=LM12&p_direction=0.0&pgv_type=1&recognize=False&result=True&resultDesc=None&taskId=6080d1b64bbd75b519eaef35_3&taskType=scadaTask&timeoutSec=86400&use_pgv=False addr: 127.0.0.1
[INFO]2021-04-22 09:31:17,804: Begin: AGV30 move from AKM2F.LM16 to AKM2F.LM12 by paths: [('AKM2F', ['LM16', 'LM44', 'LM43', 'LM14', 'LM13', 'LM12'], 15.21750817088753)] task: 6080d1b64bbd75b519eaef35_3 timeout 86400 used 5 ms
[DEBUG]2021-04-22 09:31:17,805: used 8ms 200 OK application/json;charset=utf-8, GET: http://127.0.0.1:5551/api/agv/move?WorkPlace=None&agv=AGV30&agvId=AGV30&appName=akmTask&direction=None&floorId=AKM2F&isRotate&loc=AKM2F.LM12&location=LM12&p_direction=0.0&pgv_type=1&recognize=False&result=True&resultDesc=None&taskId=6080d1b64bbd75b519eaef35_3&taskType=scadaTask&timeoutSec=86400&use_pgv=False
[DEBUG]2021-04-22 09:31:17,807: task[6080d1b64bbd75b519eaef35][AGV30] LM16(LM17) -> LM9(LM12) [movePreSourceStep] movePreSource -> movePreSourceStep
[DEBUG]2021-04-22 09:31:18,397: agvInfo: AGV30 AKM2F.LM16 move to AKM2F.LM44 ,taskId 6080d1b64bbd75b519eaef35_3
[INFO]2021-04-22 09:31:18,843: 回调过来的状态： {'id': '6080d1b64bbd75b519eaef35_3', 'ticks': 675859450.8255, 'status': 'begin', 'exception': None, 'success': False, 'createTime': '2021-04-22 09:31:17', 'agv': 'AGV30', 'target': 'AKM2F.LM12', 'start': 'AKM2F.LM16', 'map': 'AKM2F', 'action': 'move', 'step': 1, 'paths': 'LM16,LM44,LM43,LM14,LM13,LM12', 'unfinishPaths': 'LM44,LM43,LM14,LM13,LM12'}
[INFO]2021-04-22 09:31:18,847: 回调过来的参数： {'taskId': '6080d1b64bbd75b519eaef35_3', 'location': 'LM12', 'floorId': 'AKM2F', 'taskType': 'scadaTask', 'WorkPlace': None, 'agvId': 'AGV30', 'isRotate': '', 'direction': None, 'p_direction': 0.0, 'timeoutSec': 86400, 'recognize': False, 'use_pgv': False, 'pgv_type': 1, 'agv': 'AGV30', 'loc': 'AKM2F.LM12', 'appName': 'akmTask', 'result': True, 'resultDesc': None}
[INFO]2021-04-22 09:31:18,849: task: move step callback task[6080d1b64bbd75b519eaef35][AGV30] LM16(LM17) -> LM9(LM12) [movePreSourceStep]
[INFO]2021-04-22 09:31:18,854: task[6080d1b64bbd75b519eaef35] update info: {'step': 'moveTarget', 'updateTime': datetime.datetime(2021, 4, 22, 9, 31, 18, 852246)}
[DEBUG]2021-04-22 09:31:18,904: AGV30 choise next pos cur LM16 next LM43 pre LM44 5.449 True
[DEBUG]2021-04-22 09:31:18,906: AGV30 choise next pos cur LM16 next LM14 pre LM43 7.285 False
[DEBUG]2021-04-22 09:31:18,907: AGV30 turn to wait check cur LM16 next LM14 7.285 False
[DEBUG]2021-04-22 09:31:19,455: agvInfo: AGV30 AKM2F.LM16 move to AKM2F.LM14 ,taskId 6080d1b64bbd75b519eaef35_3
[INFO]2021-04-22 09:31:19,906: 回调过来的状态： {'id': '6080d1b64bbd75b519eaef35_3', 'ticks': 675859450.8255, 'status': 'begin', 'exception': None, 'success': False, 'createTime': '2021-04-22 09:31:17', 'agv': 'AGV30', 'target': 'AKM2F.LM12', 'start': 'AKM2F.LM16', 'map': 'AKM2F', 'action': 'move', 'step': 2, 'paths': 'LM16,LM44,LM43,LM14,LM13,LM12', 'unfinishPaths': 'LM44,LM43,LM14,LM13,LM12'}
[INFO]2021-04-22 09:31:19,910: 回调过来的参数： {'taskId': '6080d1b64bbd75b519eaef35_3', 'location': 'LM12', 'floorId': 'AKM2F', 'taskType': 'scadaTask', 'WorkPlace': None, 'agvId': 'AGV30', 'isRotate': '', 'direction': None, 'p_direction': 0.0, 'timeoutSec': 86400, 'recognize': False, 'use_pgv': False, 'pgv_type': 1, 'agv': 'AGV30', 'loc': 'AKM2F.LM12', 'appName': 'akmTask', 'result': True, 'resultDesc': None}
[DEBUG]2021-04-22 09:31:21,896: AGV30 set loc AKM2F.LM44 ,old LM16 (-16.56,-33.44)
[DEBUG]2021-04-22 09:31:26,479: AGV30 set loc AKM2F.LM43 ,old LM44 (-12.82,-33.44)
[DEBUG]2021-04-22 09:31:27,604: AGV30 turn to wait check cur LM43 next LM13 0.867 False
[DEBUG]2021-04-22 09:31:28,142: agvInfo: AGV30 AKM2F.LM43 move to AKM2F.LM13 ,taskId 6080d1b64bbd75b519eaef35_3
[INFO]2021-04-22 09:31:28,279: 回调过来的状态： {'id': '6080d1b64bbd75b519eaef35_3', 'ticks': 675859450.8255, 'status': 'begin', 'exception': None, 'success': False, 'createTime': '2021-04-22 09:31:17', 'agv': 'AGV30', 'target': 'AKM2F.LM12', 'start': 'AKM2F.LM16', 'map': 'AKM2F', 'action': 'move', 'step': 3, 'paths': 'LM16,LM44,LM43,LM14,LM13,LM12', 'unfinishPaths': 'LM14,LM13,LM12'}
[INFO]2021-04-22 09:31:28,284: 回调过来的参数： {'taskId': '6080d1b64bbd75b519eaef35_3', 'location': 'LM12', 'floorId': 'AKM2F', 'taskType': 'scadaTask', 'WorkPlace': None, 'agvId': 'AGV30', 'isRotate': '', 'direction': None, 'p_direction': 0.0, 'timeoutSec': 86400, 'recognize': False, 'use_pgv': False, 'pgv_type': 1, 'agv': 'AGV30', 'loc': 'AKM2F.LM12', 'appName': 'akmTask', 'result': True, 'resultDesc': None}
[DEBUG]2021-04-22 09:31:28,528: AGV30 set loc AKM2F.LM14 ,old LM43 (-11.13,-33.41)
[DEBUG]2021-04-22 09:31:28,658: AGV30 choise next pos cur LM14 next LM12 pre LM13 7.933 False
[DEBUG]2021-04-22 09:31:28,660: AGV30 turn to wait check cur LM14 next LM12 7.933 False
[DEBUG]2021-04-22 09:31:29,181: agvInfo: AGV30 AKM2F.LM14 move to AKM2F.LM12 ,taskId 6080d1b64bbd75b519eaef35_3
[INFO]2021-04-22 09:31:29,329: 回调过来的状态： {'id': '6080d1b64bbd75b519eaef35_3', 'ticks': 675859450.8255, 'status': 'begin', 'exception': None, 'success': False, 'createTime': '2021-04-22 09:31:17', 'agv': 'AGV30', 'target': 'AKM2F.LM12', 'start': 'AKM2F.LM16', 'map': 'AKM2F', 'action': 'move', 'step': 4, 'paths': 'LM16,LM44,LM43,LM14,LM13,LM12', 'unfinishPaths': 'LM13,LM12'}
[INFO]2021-04-22 09:31:29,333: 回调过来的参数： {'taskId': '6080d1b64bbd75b519eaef35_3', 'location': 'LM12', 'floorId': 'AKM2F', 'taskType': 'scadaTask', 'WorkPlace': None, 'agvId': 'AGV30', 'isRotate': '', 'direction': None, 'p_direction': 0.0, 'timeoutSec': 86400, 'recognize': False, 'use_pgv': False, 'pgv_type': 1, 'agv': 'AGV30', 'loc': 'AKM2F.LM12', 'appName': 'akmTask', 'result': True, 'resultDesc': None}
[DEBUG]2021-04-22 09:31:32,619: AGV30 set loc AKM2F.LM13 ,old LM14 (-11.08,-30.54)
[WARNING]2021-04-22 09:31:33,762: AGV30 waitFinish: loc is diff LM13 LM12 task_status= 2
[WARNING]2021-04-22 09:31:34,280: AGV30 waitFinish: loc is diff LM13 LM12 task_status= 2
[WARNING]2021-04-22 09:31:34,796: AGV30 waitFinish: loc is diff LM13 LM12 task_status= 2
[WARNING]2021-04-22 09:31:35,311: AGV30 waitFinish: loc is diff LM13 LM12 task_status= 2
[WARNING]2021-04-22 09:31:35,831: AGV30 waitFinish: loc is diff LM13 LM12 task_status= 2
[WARNING]2021-04-22 09:31:36,343: AGV30 waitFinish: loc is diff LM13 LM12 task_status= 2
[WARNING]2021-04-22 09:31:36,857: AGV30 waitFinish: loc is diff LM13 LM12 task_status= 2
[WARNING]2021-04-22 09:31:37,373: AGV30 waitFinish: loc is diff LM13 LM12 task_status= 2
[WARNING]2021-04-22 09:31:37,890: AGV30 waitFinish: loc is diff LM13 LM12 task_status= 2
[WARNING]2021-04-22 09:31:38,406: AGV30 waitFinish: loc is diff LM13 LM12 task_status= 2
[WARNING]2021-04-22 09:31:38,925: AGV30 waitFinish: loc is diff LM13 LM12 task_status= 2
[DEBUG]2021-04-22 09:31:39,271: AGV30 set loc AKM2F.LM12 ,old LM13 (-11.08,-25.47)
[SUCC]2021-04-22 09:31:40,446: Finish:  AGV30 arrived AKM2F.LM12 ,task: 6080d1b64bbd75b519eaef35_3
[INFO]2021-04-22 09:31:40,811: task: move finish callback task[6080d1b64bbd75b519eaef35][AGV30] LM16(LM17) -> LM9(LM12) [moveTarget]
[INFO]2021-04-22 09:31:40,816: task[6080d1b64bbd75b519eaef35] update info: {'step': 'waitTarget', 'failMsg': '等待scada允许进入目标信号', 'updateTime': datetime.datetime(2021, 4, 22, 9, 31, 40, 814787)}
[ERROR]2021-04-22 09:33:26,063: user press Ctrl+C, system quit!
[WARNING]2021-04-22 09:33:26,157: runTask:stop save file
[ERROR]2021-04-22 09:33:26,252: process exited, living 0:03:02.002024 seconds
