[INFO]2021-04-25 17:24:13,836: log files at E:\projects_by_myself\backup\MeiWei_back_0421\common\log
[INFO]2021-04-25 17:24:13,839: find module account.main_account
[INFO]2021-04-25 17:24:13,840: find module agvCtrl.main_agv
[INFO]2021-04-25 17:24:13,841: find module agvDevice.main_agvDevice
[INFO]2021-04-25 17:24:13,842: find module akmCtrl.main_akmCtrl
[INFO]2021-04-25 17:24:13,844: find module alarm.main_alarm
[INFO]2021-04-25 17:24:13,846: find module auth.main_auth
[INFO]2021-04-25 17:24:13,847: find module door.main_door
[INFO]2021-04-25 17:24:13,848: find module elevator.main_elevator
[INFO]2021-04-25 17:24:13,854: find module feed.main_feed
[INFO]2021-04-25 17:24:13,855: find module remoteio.main_remoteio
[INFO]2021-04-25 17:24:13,856: import account.main_account
[INFO]2021-04-25 17:24:13,943: import agvCtrl.main_agv
[INFO]2021-04-25 17:24:14,796: create lock <lock name:doorMgr.lock,<unlocked _thread.RLock object owner=0 count=0 at 0x00000270D6DB5EA0>>
[INFO]2021-04-25 17:24:15,632: create lock <lock name:door.lock,<unlocked _thread.RLock object owner=0 count=0 at 0x00000270D6DCA420>>
[INFO]2021-04-25 17:24:15,740: create lock <lock name:timer.lock_2683671122560,<unlocked _thread.RLock object owner=0 count=0 at 0x00000270D74393F0>>
[ERROR]2021-04-25 17:24:15,752: mqtt is disabled
[INFO]2021-04-25 17:24:15,754: mqtt: subscribe [alarm/raise/+]
[INFO]2021-04-25 17:24:15,754: mqtt: subscribe [alarm/clear/+]
[INFO]2021-04-25 17:24:18,789: Mongodb connect to 127.0.0.1 port 27017
[INFO]2021-04-25 17:24:18,801: create lock <lock name:elevatorMgr.lock,<unlocked _thread.RLock object owner=0 count=0 at 0x00000270D7649DE0>>
[WARNING]2021-04-25 17:24:18,812: use mockAgvCtrl
[INFO]2021-04-25 17:24:18,814: create lock <lock name:mapMgr.lock,<unlocked _thread.RLock object owner=0 count=0 at 0x00000270D56A4360>>
[INFO]2021-04-25 17:24:19,179: create lock <lock name:agvList.g_agvLock,<unlocked _thread.RLock object owner=0 count=0 at 0x00000270D76B9CF0>>
[INFO]2021-04-25 17:24:19,183: create lock <lock name:taskList.lock,<unlocked _thread.RLock object owner=0 count=0 at 0x00000270D76CF9C0>>
[INFO]2021-04-25 17:24:19,188: create lock <lock name:runTasks.g_lock,<unlocked _thread.RLock object owner=0 count=0 at 0x00000270D76D63C0>>
[INFO]2021-04-25 17:24:19,260: charge policy 1 , fix time
[INFO]2021-04-25 17:24:19,299: create lock <lock name:agvApi.g_lock,<unlocked _thread.RLock object owner=0 count=0 at 0x00000270D76DE990>>
[INFO]2021-04-25 17:24:19,849: start load map E:\projects_by_myself\backup\MeiWei_back_0421\agvCtrl\projects\test\AKM2F.smap
[DEBUG]2021-04-25 17:24:19,989: elevator thread start
[INFO]2021-04-25 17:24:20,022: load map E:\projects_by_myself\backup\MeiWei_back_0421\agvCtrl\projects\test\AKM2F.smap ,used 183 ms
[INFO]2021-04-25 17:24:20,036: start load map E:\projects_by_myself\backup\MeiWei_back_0421\agvCtrl\projects\test\akmsmt.smap
[INFO]2021-04-25 17:24:20,093: load map E:\projects_by_myself\backup\MeiWei_back_0421\agvCtrl\projects\test\akmsmt.smap ,used 70 ms
[INFO]2021-04-25 17:24:20,106: start load map E:\projects_by_myself\backup\MeiWei_back_0421\agvCtrl\projects\test\akmsmtMap.smap
[INFO]2021-04-25 17:24:20,252: load map E:\projects_by_myself\backup\MeiWei_back_0421\agvCtrl\projects\test\akmsmtMap.smap ,used 158 ms
[INFO]2021-04-25 17:24:20,262: start load map E:\projects_by_myself\backup\MeiWei_back_0421\agvCtrl\projects\test\desai-all-20191223.smap
[INFO]2021-04-25 17:24:20,423: load map E:\projects_by_myself\backup\MeiWei_back_0421\agvCtrl\projects\test\desai-all-20191223.smap ,used 169 ms
[INFO]2021-04-25 17:24:20,437: start load map E:\projects_by_myself\backup\MeiWei_back_0421\agvCtrl\projects\test\meiwei423.smap
[INFO]2021-04-25 17:24:20,489: load map E:\projects_by_myself\backup\MeiWei_back_0421\agvCtrl\projects\test\meiwei423.smap ,used 65 ms
[INFO]2021-04-25 17:24:20,502: start load map E:\projects_by_myself\backup\MeiWei_back_0421\agvCtrl\projects\test\untitled_20210420032952.smap
[INFO]2021-04-25 17:24:20,550: load map E:\projects_by_myself\backup\MeiWei_back_0421\agvCtrl\projects\test\untitled_20210420032952.smap ,used 58 ms
[INFO]2021-04-25 17:24:20,554: import agvDevice.main_agvDevice
[INFO]2021-04-25 17:24:20,556: import akmCtrl.main_akmCtrl
[INFO]2021-04-25 17:24:20,591: create lock <lock name:agvApi.g_lock,<unlocked _thread.RLock object owner=0 count=0 at 0x00000270D7A2E9C0>>
[INFO]2021-04-25 17:24:20,612: create lock <lock name:runTasks.pre_lock,<unlocked _thread.RLock object owner=0 count=0 at 0x00000270D7888ED0>>
[INFO]2021-04-25 17:24:20,614: create lock <lock name:timer.lock_2683677059344,<unlocked _thread.RLock object owner=0 count=0 at 0x00000270D79E2360>>
[INFO]2021-04-25 17:24:20,616: create lock <lock name:mapMgr.lock,<unlocked _thread.RLock object owner=0 count=0 at 0x00000270D7BBDB70>>
[INFO]2021-04-25 17:24:21,208: import alarm.main_alarm
[INFO]2021-04-25 17:24:21,227: import auth.main_auth
[INFO]2021-04-25 17:24:21,247: import door.main_door
[INFO]2021-04-25 17:24:21,251: import elevator.main_elevator
[INFO]2021-04-25 17:24:21,258: create lock <lock name:elevatorApi.g_lock,<unlocked _thread.RLock object owner=0 count=0 at 0x00000270D9647EA0>>
[INFO]2021-04-25 17:24:21,260: import feed.main_feed
[INFO]2021-04-25 17:24:21,275: create lock <lock name:feedTask.g_lock,<unlocked _thread.RLock object owner=0 count=0 at 0x00000270D9657B40>>
[INFO]2021-04-25 17:24:21,333: import remoteio.main_remoteio
[SUCC]2021-04-25 17:24:21,345: utility start, pid=7100, ppid=14152
[DEBUG]2021-04-25 17:24:21,346: start timer
[INFO]2021-04-25 17:24:21,353: load agv file: E:\projects_by_myself\backup\MeiWei_back_0421\agvCtrl/projects/test/agv.cfg
[INFO]2021-04-25 17:24:21,355: create lock <lock name:agvList.AGV30.lock,<unlocked _thread.RLock object owner=0 count=0 at 0x00000270D9657720>>
[DEBUG]2021-04-25 17:24:21,358: create aliveObj AGV30 AGV离线异常 timeout 300
[INFO]2021-04-25 17:24:21,360: AGV30 start agvList run thread
[INFO]2021-04-25 17:24:21,360: AGV30 start agvList run2 thread
[ERROR]2021-04-25 17:24:21,368: agv check init error False
[DEBUG]2021-04-25 17:24:21,369: start timer
[INFO]2021-04-25 17:24:21,375: add_ignore: taskStatus
[INFO]2021-04-25 17:24:21,376: add_ignore: api/elevator/status
[INFO]2021-04-25 17:24:21,377: add_ignore: scada/getTask
[INFO]2021-04-25 17:24:21,879: AGV30 current map meiwei423
[INFO]2021-04-25 17:24:21,882: AGV30 is online
[DEBUG]2021-04-25 17:24:22,394: GET: http://127.0.0.1:5551/api/agv/init?appName=MeiWeiTask addr: 127.0.0.1
[INFO]2021-04-25 17:24:22,397: **********************状态************: True
[INFO]2021-04-25 17:24:22,399: MeiWeiTask init client agvApi
[DEBUG]2021-04-25 17:24:22,402: used 9ms 200 OK application/json;charset=utf-8, GET: http://127.0.0.1:5551/api/agv/init?appName=MeiWeiTask
[DEBUG]2021-04-25 17:24:25,626: GET: http://127.0.0.1:5551/api/agv/startCharge?appName=MeiWeiTask addr: 127.0.0.1
[DEBUG]2021-04-25 17:24:25,722: used 96ms 200 OK application/json;charset=utf-8, GET: http://127.0.0.1:5551/api/agv/startCharge?appName=MeiWeiTask
[WARNING]2021-04-25 17:24:25,864: timer_thread[tid:5024] <lock name:runTasks.g_lock,<locked _thread.RLock object owner=5024 count=1 at 0x00000270D76D63C0>> ,hold 3478 ms
[INFO]2021-04-25 17:24:26,228: name=timer_thread, pid=7100, tid=5024
[01] File "E:/Users/Administrator/AppData/Local/Programs/Python/Python38/lib/threading.py", line 870, in run() 
[02] File "../common/mytimer.py", line 113, in _loop() 
[03] File "../common/lock.py", line 122, in _call() 
[04] File "../common/lock.py", line 100, in release() 
[05] File "E:/projects_by_myself/backup/MeiWei_back_0421/common/enhance.py", line 258, in getTrace() 
[06] File "E:/projects_by_myself/backup/MeiWei_back_0421/common/enhance.py", line 240, in getThreadStack()
[DEBUG]2021-04-25 17:24:52,682: GET: http://127.0.0.1:5551/api/scada/addTaskByPad?source=MeiWeiSource&target=MeiWeiTarget addr: 127.0.0.1
[INFO]2021-04-25 17:24:52,806: create task[60853564f1d5c08924abe09f]: type= scadaTask , 从MeiWeiSource运送货架到MeiWeiTarget {'source': 'MeiWeiSource', 'target': 'MeiWeiTarget', 'payloadId': None, 'priority': 1, 'type': 'scadaTask', 'taskName': '从MeiWeiSource运送货架到MeiWeiTarget', 'createTime': datetime.datetime(2021, 4, 25, 17, 24, 52, 775189), 'updateTime': datetime.datetime(2021, 4, 25, 17, 24, 52, 775189), 'startTime': None, 'endTime': None, 'status': 'waiting', 'step': 'waiting', 'failMsg': None, 'history': [], '_id': ObjectId('60853564f1d5c08924abe09f')}
[DEBUG]2021-04-25 17:24:53,153: used 471ms 200 OK application/json;charset=utf-8, GET: http://127.0.0.1:5551/api/scada/addTaskByPad?source=MeiWeiSource&target=MeiWeiTarget
[INFO]2021-04-25 17:24:53,772: task[60853564f1d5c08924abe09f]:  start {'failMsg': '任务等待执行', 'startTime': datetime.datetime(2021, 4, 25, 17, 24, 53, 724566), 'updateTime': datetime.datetime(2021, 4, 25, 17, 24, 53, 724566), 'status': 'running'}
[INFO]2021-04-25 17:24:53,915: task: start task[60853564f1d5c08924abe09f][-] 6(1) -> 7(8) [waiting]
[INFO]2021-04-25 17:24:54,039: task[60853564f1d5c08924abe09f] update info: {'failMsg': '等待分配小车', 'updateTime': datetime.datetime(2021, 4, 25, 17, 24, 53, 977925)}
[DEBUG]2021-04-25 17:24:54,215: task[60853564f1d5c08924abe09f][-] 6(1) -> 7(8) [waitForAgv] waiting -> waitForAgv
[INFO]2021-04-25 17:24:55,572: ******************url********************: http://127.0.0.1:5551
[DEBUG]2021-04-25 17:24:55,779: GET: http://127.0.0.1:5551/api/agv/apply?appName=MeiWeiTask&autoLock=False&exclude&loc=1&mapId=meiwei423&taskId=60853564f1d5c08924abe09f&timeout=10 addr: 127.0.0.1
[INFO]2021-04-25 17:24:59,563: apply AGV30 ,taskId: 60853564f1d5c08924abe09f ,loc meiwei423.1 ,autoLock False , used 3704 ms
[WARNING]2021-04-25 17:24:59,643: worker 3[tid:14388] <lock name:mapMgr.lock,<locked _thread.RLock object owner=14388 count=1 at 0x00000270D56A4360>> ,hold 3784 ms
[INFO]2021-04-25 17:24:59,959: name=worker 3, pid=7100, tid=14388
[01] File "E:/Users/Administrator/AppData/Local/Programs/Python/Python38/lib/threading.py", line 870, in run() 
[02] File "E:/Users/Administrator/AppData/Local/Programs/Python/Python38/lib/site-packages/paste/httpserver.py", line 903, in worker_thread_callback() 
[03] File "E:/Users/Administrator/AppData/Local/Programs/Python/Python38/lib/site-packages/paste/httpserver.py", line 1077, in <lambda>() 
[04] File "E:/Users/Administrator/AppData/Local/Programs/Python/Python38/lib/site-packages/paste/httpserver.py", line 1092, in process_request_in_thread() 
[05] File "E:/Users/Administrator/AppData/Local/Programs/Python/Python38/lib/socketserver.py", line 360, in finish_request() 
[06] File "E:/Users/Administrator/AppData/Local/Programs/Python/Python38/lib/socketserver.py", line 720, in __init__() 
[07] File "E:/Users/Administrator/AppData/Local/Programs/Python/Python38/lib/site-packages/paste/httpserver.py", line 460, in handle() 
[08] File "E:/Users/Administrator/AppData/Local/Programs/Python/Python38/lib/http/server.py", line 427, in handle() 
[09] File "E:/Users/Administrator/AppData/Local/Programs/Python/Python38/lib/site-packages/paste/httpserver.py", line 455, in handle_one_request() 
[10] File "E:/Users/Administrator/AppData/Local/Programs/Python/Python38/lib/site-packages/paste/httpserver.py", line 304, in wsgi_execute() 
[11] File "E:/Users/Administrator/AppData/Local/Programs/Python/Python38/lib/site-packages/paste/translogger.py", line 69, in __call__() 
[12] File "E:/Users/Administrator/AppData/Local/Programs/Python/Python38/lib/site-packages/bottle.py", line 985, in __call__() 
[13] File "E:/Users/Administrator/AppData/Local/Programs/Python/Python38/lib/site-packages/bottle.py", line 960, in wsgi() 
[14] File "E:/Users/Administrator/AppData/Local/Programs/Python/Python38/lib/site-packages/bottle.py", line 868, in _handle() 
[15] File "E:/Users/Administrator/AppData/Local/Programs/Python/Python38/lib/site-packages/bottle.py", line 1748, in wrapper() 
[16] File "E:/projects_by_myself/backup/MeiWei_back_0421/common/webutility.py", line 466, in _enable_cors() 
[17] File "E:/projects_by_myself/backup/MeiWei_back_0421/common/webutility.py", line 482, in _enable_cors() 
[18] File "E:/projects_by_myself/backup/MeiWei_back_0421/common/scadaUtility.py", line 45, in __call() 
[19] File "E:/projects_by_myself/backup/MeiWei_back_0421/agvCtrl/main_agv.py", line 58, in urlApply() 
[20] File "E:/projects_by_myself/backup/MeiWei_back_0421/agvCtrl/agvControl.py", line 1112, in apply() 
[21] File "E:/projects_by_myself/backup/MeiWei_back_0421/common/lock.py", line 122, in _call() 
[22] File "E:/projects_by_myself/backup/MeiWei_back_0421/common/lock.py", line 100, in release() 
[23] File "E:/projects_by_myself/backup/MeiWei_back_0421/common/enhance.py", line 258, in getTrace() 
[24] File "E:/projects_by_myself/backup/MeiWei_back_0421/common/enhance.py", line 240, in getThreadStack()
[DEBUG]2021-04-25 17:25:00,065: used 4286ms 200 OK application/json;charset=utf-8, GET: http://127.0.0.1:5551/api/agv/apply?appName=MeiWeiTask&autoLock=False&exclude&loc=1&mapId=meiwei423&taskId=60853564f1d5c08924abe09f&timeout=10
[DEBUG]2021-04-25 17:25:00,416: GET: http://127.0.0.1:5551/api/agv/lock?agv=AGV30&appName=MeiWeiTask&taskId=60853564f1d5c08924abe09f addr: 127.0.0.1
[DEBUG]2021-04-25 17:25:00,512: lock:  AGV30 taskId 60853564f1d5c08924abe09f app MeiWeiTask
[WARNING]2021-04-25 17:25:01,590: AGV30 clear task finish, cur= meiwei423.9 task_status= 0
[DEBUG]2021-04-25 17:25:01,702: used 1286ms 200 OK application/json;charset=utf-8, GET: http://127.0.0.1:5551/api/agv/lock?agv=AGV30&appName=MeiWeiTask&taskId=60853564f1d5c08924abe09f
[INFO]2021-04-25 17:25:01,860: task[60853564f1d5c08924abe09f][-] 6(1) -> 7(8) [waitForAgv] apply AGV30
[INFO]2021-04-25 17:25:01,955: task[60853564f1d5c08924abe09f] update info: {'agvId': 'AGV30', 'failMsg': '成功分配小车AGV30,检测顶升下降', 'updateTime': datetime.datetime(2021, 4, 25, 17, 25, 1, 939612)}
[WARNING]2021-04-25 17:25:02,033: scada.60853564f1d5c08924abe09f[tid:15888] <locked _thread.RLock object owner=15888 count=1 at 0x00000270D9DAE870> ,hold 6461 ms
[INFO]2021-04-25 17:25:02,269: name=scada.60853564f1d5c08924abe09f, pid=7100, tid=15888
[01] File "E:/Users/Administrator/AppData/Local/Programs/Python/Python38/lib/threading.py", line 870, in run() 
[02] File "../common/utility.py", line 167, in __call() 
[03] File "E:/projects_by_myself/backup/MeiWei_back_0421/akmCtrl/beans/scadaTaskBean.py", line 618, in _taskFunc() 
[04] File "../common/lock.py", line 122, in _call() 
[05] File "../common/lock.py", line 100, in release() 
[06] File "E:/projects_by_myself/backup/MeiWei_back_0421/common/enhance.py", line 258, in getTrace() 
[07] File "E:/projects_by_myself/backup/MeiWei_back_0421/common/enhance.py", line 240, in getThreadStack()
[DEBUG]2021-04-25 17:25:02,355: task[60853564f1d5c08924abe09f][AGV30] 6(1) -> 7(8) [initJackdown] waitForAgv -> initJackdown
[INFO]2021-04-25 17:25:02,806: task[60853564f1d5c08924abe09f][AGV30] 6(1) -> 7(8) [initJackdown] _jackDown
[INFO]2021-04-25 17:25:02,885: ************run jackDownOld********************
[INFO]2021-04-25 17:25:03,983: task[60853564f1d5c08924abe09f] update info: {'failMsg': '前往MeiWeiSource工位点的前置点拉取货架', 'updateTime': datetime.datetime(2021, 4, 25, 17, 25, 3, 951514)}
[DEBUG]2021-04-25 17:25:04,095: task[60853564f1d5c08924abe09f][AGV30] 6(1) -> 7(8) [moveToPreSrc] initJackdown -> moveToPreSrc
[DEBUG]2021-04-25 17:25:04,575: GET: http://127.0.0.1:5551/api/agv/move?WorkPlace=None&agv=AGV30&agvId=AGV30&appName=MeiWeiTask&floorId=meiwei423&isRotate&loc=meiwei423.1&location=1&taskId=60853564f1d5c08924abe09f_moveToPreSrc&taskType=scadaTask&timeoutSec=86400 addr: 127.0.0.1
[INFO]2021-04-25 17:25:04,595: Begin: AGV30 move from meiwei423.9 to meiwei423.1 by paths: [('meiwei423', ['9', '7', '8', '6', '1'], 26.065498026668134)] task: 60853564f1d5c08924abe09f_moveToPreSrc timeout 86400 used 17 ms
[INFO]2021-04-25 17:25:04,597: 移动到source的前置点 1
[DEBUG]2021-04-25 17:25:04,598: task[60853564f1d5c08924abe09f][AGV30] 6(1) -> 7(8) [moveToPreSrc_onfinish] moveToPreSrc -> moveToPreSrc_onfinish
[DEBUG]2021-04-25 17:25:05,242: agvInfo: AGV30 meiwei423.9 move to meiwei423.7 ,taskId 60853564f1d5c08924abe09f_moveToPreSrc
[INFO]2021-04-25 17:25:05,244: 
[DEBUG]2021-04-25 17:25:05,761: AGV30 choise next pos cur 9 next 8 pre 7 5.017 True
[DEBUG]2021-04-25 17:25:05,764: AGV30 choise next pos cur 9 next 6 pre 8 25.235 False
[DEBUG]2021-04-25 17:25:05,767: AGV30 turn to wait check cur 9 next 6 25.235 False
[DEBUG]2021-04-25 17:25:06,336: agvInfo: AGV30 meiwei423.9 move to meiwei423.6 ,taskId 60853564f1d5c08924abe09f_moveToPreSrc
[INFO]2021-04-25 17:25:06,339: 
[DEBUG]2021-04-25 17:25:12,212: AGV30 set loc meiwei423.7 ,old 9 (23.51,0.77)
[DEBUG]2021-04-25 17:25:13,755: AGV30 set loc meiwei423.8 ,old 7 (22.26,0.73)
[DEBUG]2021-04-25 17:25:38,211: AGV30 turn to wait check cur 8 next 1 0.801 False
[DEBUG]2021-04-25 17:25:38,753: agvInfo: AGV30 meiwei423.8 move to meiwei423.1 ,taskId 60853564f1d5c08924abe09f_moveToPreSrc
[INFO]2021-04-25 17:25:38,755: 
[DEBUG]2021-04-25 17:25:38,895: AGV30 set loc meiwei423.6 ,old 8 (2.15,0.27)
[WARNING]2021-04-25 17:25:39,784: AGV30 waitFinish: loc is diff 6 1 task_status= 2
[WARNING]2021-04-25 17:25:40,302: AGV30 waitFinish: loc is diff 6 1 task_status= 2
[DEBUG]2021-04-25 17:25:40,425: AGV30 set loc meiwei423.1 ,old 6 (2.12,1.10)
[SUCC]2021-04-25 17:25:41,834: Finish:  AGV30 arrived meiwei423.1 ,task: 60853564f1d5c08924abe09f_moveToPreSrc
[INFO]2021-04-25 17:25:41,869: task: move finish callback task[60853564f1d5c08924abe09f][AGV30] 6(1) -> 7(8) [moveToPreSrc_onfinish]
[DEBUG]2021-04-25 17:25:42,134: GET: http://127.0.0.1:5551/api/agv/move?WorkPlace=None&agv=AGV30&agvId=AGV30&appName=MeiWeiTask&direction=None&floorId=meiwei423&isRotate&loc=meiwei423.6&location=6&p_direction=0.0&pgv_type=1&recognize=False&result=True&resultDesc=None&seer_jackup=JackLoad&taskId=60853564f1d5c08924abe09f_2&taskType=scadaTask&timeoutSec=86400&use_pgv=False addr: 127.0.0.1
[INFO]2021-04-25 17:25:42,142: Begin: AGV30 move from meiwei423.1 to meiwei423.6 by paths: [('meiwei423', ['1', '6'], 0.8303840339922958)] task: 60853564f1d5c08924abe09f_2 timeout 86400 used 5 ms
[DEBUG]2021-04-25 17:25:42,143: used 9ms 200 OK application/json;charset=utf-8, GET: http://127.0.0.1:5551/api/agv/move?WorkPlace=None&agv=AGV30&agvId=AGV30&appName=MeiWeiTask&direction=None&floorId=meiwei423&isRotate&loc=meiwei423.6&location=6&p_direction=0.0&pgv_type=1&recognize=False&result=True&resultDesc=None&seer_jackup=JackLoad&taskId=60853564f1d5c08924abe09f_2&taskType=scadaTask&timeoutSec=86400&use_pgv=False
[DEBUG]2021-04-25 17:25:42,144: task[60853564f1d5c08924abe09f][AGV30] 6(1) -> 7(8) [loadPlayload] startMoveJackup -> loadPlayload
[DEBUG]2021-04-25 17:25:42,866: agvInfo: AGV30 meiwei423.1 move jackup to meiwei423.6 ,taskId 60853564f1d5c08924abe09f_2
[WARNING]2021-04-25 17:25:44,401: AGV30 waitFinish: loc is diff 1 6 task_status= 2
[DEBUG]2021-04-25 17:25:44,527: AGV30 set loc meiwei423.6 ,old 1 (2.15,0.27)
[SUCC]2021-04-25 17:25:45,923: Finish:  AGV30 arrived meiwei423.6 ,task: 60853564f1d5c08924abe09f_2
[INFO]2021-04-25 17:25:45,987: task: move finish callback task[60853564f1d5c08924abe09f][AGV30] 6(1) -> 7(8) [loadPlayload]
[INFO]2021-04-25 17:25:45,989: task[60853564f1d5c08924abe09f] update info: {'failMsg': 'AGV顶升', 'updateTime': datetime.datetime(2021, 4, 25, 17, 25, 45, 988906)}
[DEBUG]2021-04-25 17:25:46,220: task[60853564f1d5c08924abe09f][AGV30] 6(1) -> 7(8) [loadPlayload_jackup] loadPlayload_readqr -> loadPlayload_jackup
[INFO]2021-04-25 17:25:46,550: task[60853564f1d5c08924abe09f][AGV30] 6(1) -> 7(8) [loadPlayload_jackup] _jackUp
[INFO]2021-04-25 17:25:46,629: ************run jackUpOld********************
[INFO]2021-04-25 17:25:47,792: task[60853564f1d5c08924abe09f] update info: {'failMsg': '等待MeiWeiTarget工位点锁', 'updateTime': datetime.datetime(2021, 4, 25, 17, 25, 47, 728605)}
[DEBUG]2021-04-25 17:25:47,888: task[60853564f1d5c08924abe09f][AGV30] 6(1) -> 7(8) [waitDestPreLoc] loadPlayload_jackup -> waitDestPreLoc
[INFO]2021-04-25 17:25:48,397: task: prepoint locked  60853564f1d5c08924abe09f meiwei423.7
[INFO]2021-04-25 17:25:48,525: task[60853564f1d5c08924abe09f] update info: {'failMsg': '前往7工位点放下货架', 'updateTime': datetime.datetime(2021, 4, 25, 17, 25, 48, 510291)}
[DEBUG]2021-04-25 17:25:48,605: task[60853564f1d5c08924abe09f][AGV30] 6(1) -> 7(8) [movePreSource] waitDestPreLoc -> movePreSource
[INFO]2021-04-25 17:25:49,098: ***************进入目的地的前置点************
[DEBUG]2021-04-25 17:25:49,258: GET: http://127.0.0.1:5551/api/agv/move?WorkPlace=None&agv=AGV30&agvId=AGV30&appName=MeiWeiTask&direction=None&floorId=meiwei423&isRotate&loc=meiwei423.8&location=8&p_direction=0.0&pgv_type=1&recognize=False&result=True&resultDesc=None&taskId=60853564f1d5c08924abe09f_3&taskType=scadaTask&timeoutSec=86400&use_pgv=False addr: 127.0.0.1
[INFO]2021-04-25 17:25:49,285: Begin: AGV30 move from meiwei423.6 to meiwei423.8 by paths: [('meiwei423', ['6', '8'], 20.21778345454478)] task: 60853564f1d5c08924abe09f_3 timeout 86400 used 23 ms
[DEBUG]2021-04-25 17:25:49,288: task[60853564f1d5c08924abe09f][AGV30] 6(1) -> 7(8) [movePreSourceStep] movePreSource -> movePreSourceStep
[DEBUG]2021-04-25 17:25:50,045: agvInfo: AGV30 meiwei423.6 move to meiwei423.8 ,taskId 60853564f1d5c08924abe09f_3
[INFO]2021-04-25 17:25:50,047: 
[WARNING]2021-04-25 17:25:51,572: AGV30 waitFinish: loc is diff 6 8 task_status= 2
[WARNING]2021-04-25 17:25:52,089: AGV30 waitFinish: loc is diff 6 8 task_status= 2
[WARNING]2021-04-25 17:25:52,606: AGV30 waitFinish: loc is diff 6 8 task_status= 2
[WARNING]2021-04-25 17:25:53,124: AGV30 waitFinish: loc is diff 6 8 task_status= 2
[WARNING]2021-04-25 17:25:53,641: AGV30 waitFinish: loc is diff 6 8 task_status= 2
[WARNING]2021-04-25 17:25:54,157: AGV30 waitFinish: loc is diff 6 8 task_status= 2
[WARNING]2021-04-25 17:25:54,672: AGV30 waitFinish: loc is diff 6 8 task_status= 2
[WARNING]2021-04-25 17:25:55,194: AGV30 waitFinish: loc is diff 6 8 task_status= 2
[WARNING]2021-04-25 17:25:55,716: AGV30 waitFinish: loc is diff 6 8 task_status= 2
[WARNING]2021-04-25 17:25:56,232: AGV30 waitFinish: loc is diff 6 8 task_status= 2
[WARNING]2021-04-25 17:25:56,750: AGV30 waitFinish: loc is diff 6 8 task_status= 2
[WARNING]2021-04-25 17:25:57,267: AGV30 waitFinish: loc is diff 6 8 task_status= 2
[WARNING]2021-04-25 17:25:57,772: AGV30 waitFinish: loc is diff 6 8 task_status= 2
[WARNING]2021-04-25 17:25:58,290: AGV30 waitFinish: loc is diff 6 8 task_status= 2
[WARNING]2021-04-25 17:25:58,808: AGV30 waitFinish: loc is diff 6 8 task_status= 2
[WARNING]2021-04-25 17:25:59,320: AGV30 waitFinish: loc is diff 6 8 task_status= 2
[WARNING]2021-04-25 17:25:59,835: AGV30 waitFinish: loc is diff 6 8 task_status= 2
[WARNING]2021-04-25 17:26:00,353: AGV30 waitFinish: loc is diff 6 8 task_status= 2
[WARNING]2021-04-25 17:26:00,869: AGV30 waitFinish: loc is diff 6 8 task_status= 2
[WARNING]2021-04-25 17:26:01,386: AGV30 waitFinish: loc is diff 6 8 task_status= 2
[WARNING]2021-04-25 17:26:01,905: AGV30 waitFinish: loc is diff 6 8 task_status= 2
[WARNING]2021-04-25 17:26:02,420: AGV30 waitFinish: loc is diff 6 8 task_status= 2
[WARNING]2021-04-25 17:26:02,938: AGV30 waitFinish: loc is diff 6 8 task_status= 2
[WARNING]2021-04-25 17:26:03,452: AGV30 waitFinish: loc is diff 6 8 task_status= 2
[WARNING]2021-04-25 17:26:03,969: AGV30 waitFinish: loc is diff 6 8 task_status= 2
[WARNING]2021-04-25 17:26:04,480: AGV30 waitFinish: loc is diff 6 8 task_status= 2
[WARNING]2021-04-25 17:26:04,995: AGV30 waitFinish: loc is diff 6 8 task_status= 2
[WARNING]2021-04-25 17:26:05,507: AGV30 waitFinish: loc is diff 6 8 task_status= 2
[WARNING]2021-04-25 17:26:06,025: AGV30 waitFinish: loc is diff 6 8 task_status= 2
[WARNING]2021-04-25 17:26:06,540: AGV30 waitFinish: loc is diff 6 8 task_status= 2
[WARNING]2021-04-25 17:26:07,052: AGV30 waitFinish: loc is diff 6 8 task_status= 2
[WARNING]2021-04-25 17:26:07,556: AGV30 waitFinish: loc is diff 6 8 task_status= 2
[WARNING]2021-04-25 17:26:08,075: AGV30 waitFinish: loc is diff 6 8 task_status= 2
[WARNING]2021-04-25 17:26:08,595: AGV30 waitFinish: loc is diff 6 8 task_status= 2
[WARNING]2021-04-25 17:26:09,121: AGV30 waitFinish: loc is diff 6 8 task_status= 2
[WARNING]2021-04-25 17:26:09,624: AGV30 waitFinish: loc is diff 6 8 task_status= 2
[WARNING]2021-04-25 17:26:10,141: AGV30 waitFinish: loc is diff 6 8 task_status= 2
[WARNING]2021-04-25 17:26:10,657: AGV30 waitFinish: loc is diff 6 8 task_status= 2
[WARNING]2021-04-25 17:26:11,161: AGV30 waitFinish: loc is diff 6 8 task_status= 2
[WARNING]2021-04-25 17:26:11,676: AGV30 waitFinish: loc is diff 6 8 task_status= 2
[WARNING]2021-04-25 17:26:12,192: AGV30 waitFinish: loc is diff 6 8 task_status= 2
[WARNING]2021-04-25 17:26:12,711: AGV30 waitFinish: loc is diff 6 8 task_status= 2
[WARNING]2021-04-25 17:26:13,226: AGV30 waitFinish: loc is diff 6 8 task_status= 2
[WARNING]2021-04-25 17:26:13,742: AGV30 waitFinish: loc is diff 6 8 task_status= 2
[WARNING]2021-04-25 17:26:14,255: AGV30 waitFinish: loc is diff 6 8 task_status= 2
[WARNING]2021-04-25 17:26:14,771: AGV30 waitFinish: loc is diff 6 8 task_status= 2
[WARNING]2021-04-25 17:26:15,285: AGV30 waitFinish: loc is diff 6 8 task_status= 2
[WARNING]2021-04-25 17:26:15,801: AGV30 waitFinish: loc is diff 6 8 task_status= 2
[WARNING]2021-04-25 17:26:16,317: AGV30 waitFinish: loc is diff 6 8 task_status= 2
[WARNING]2021-04-25 17:26:16,832: AGV30 waitFinish: loc is diff 6 8 task_status= 2
[DEBUG]2021-04-25 17:26:17,302: AGV30 set loc meiwei423.8 ,old 6 (22.26,0.73)
[SUCC]2021-04-25 17:26:18,877: Finish:  AGV30 arrived meiwei423.8 ,task: 60853564f1d5c08924abe09f_3
[INFO]2021-04-25 17:26:19,363: task: move finish callback task[60853564f1d5c08924abe09f][AGV30] 6(1) -> 7(8) [movePreSourceStep]
[INFO]2021-04-25 17:26:19,365: ********************************目的地前置点的onFinish位置********************
[INFO]2021-04-25 17:26:19,366: 等待对接信号！ 2021-04-25 17:26:19
[INFO]2021-04-25 17:26:22,368: 等待对接信号！ 2021-04-25 17:26:22
[INFO]2021-04-25 17:26:25,372: 等待对接信号！ 2021-04-25 17:26:25
[INFO]2021-04-25 17:26:25,377: 检测到进去的信号，进入工位取料
[WARNING]2021-04-25 17:26:25,384: Thread-2[tid:2896] <locked _thread.RLock object owner=2896 count=1 at 0x00000270D9DAE870> ,hold 6021 ms
[INFO]2021-04-25 17:26:25,389: name=Thread-2, pid=7100, tid=2896
[01] File "E:/Users/Administrator/AppData/Local/Programs/Python/Python38/lib/threading.py", line 870, in run() 
[02] File "../agvCtrl/agvApi.py", line 270, in _checkFinish() 
[03] File "../common/lock.py", line 122, in _call() 
[04] File "../common/lock.py", line 100, in release() 
[05] File "E:/projects_by_myself/backup/MeiWei_back_0421/common/enhance.py", line 258, in getTrace() 
[06] File "E:/projects_by_myself/backup/MeiWei_back_0421/common/enhance.py", line 240, in getThreadStack()
[INFO]2021-04-25 17:26:25,396: *****************移动前的taskstep****************88
[DEBUG]2021-04-25 17:26:25,421: GET: http://127.0.0.1:5551/api/agv/move?WorkPlace=None&agv=AGV30&agvId=AGV30&appName=MeiWeiTask&direction=None&floorId=meiwei423&isRotate&loc=meiwei423.7&location=7&p_direction=0.0&pgv_type=1&recognize=False&result=True&resultDesc=None&seer_jackup=JackUnload&taskId=60853564f1d5c08924abe09f_4&taskType=scadaTask&timeoutSec=86400&use_pgv=False addr: 127.0.0.1
[INFO]2021-04-25 17:26:25,431: Begin: AGV30 move from meiwei423.8 to meiwei423.7 by paths: [('meiwei423', ['8', '7'], 1.1429417289360195)] task: 60853564f1d5c08924abe09f_4 timeout 86400 used 8 ms
[DEBUG]2021-04-25 17:26:25,432: used 11ms 200 OK application/json;charset=utf-8, GET: http://127.0.0.1:5551/api/agv/move?WorkPlace=None&agv=AGV30&agvId=AGV30&appName=MeiWeiTask&direction=None&floorId=meiwei423&isRotate&loc=meiwei423.7&location=7&p_direction=0.0&pgv_type=1&recognize=False&result=True&resultDesc=None&seer_jackup=JackUnload&taskId=60853564f1d5c08924abe09f_4&taskType=scadaTask&timeoutSec=86400&use_pgv=False
[INFO]2021-04-25 17:26:25,435: task[60853564f1d5c08924abe09f] update info: {'step': 'dropPayload', 'updateTime': datetime.datetime(2021, 4, 25, 17, 26, 25, 434611)}
[INFO]2021-04-25 17:26:25,437: 当前步骤： dropPayload
[WARNING]2021-04-25 17:26:25,438: scada.60853564f1d5c08924abe09f[tid:15888] <locked _thread.RLock object owner=15888 count=1 at 0x00000270D9DAE870> ,hold 5800 ms
[INFO]2021-04-25 17:26:25,439: name=scada.60853564f1d5c08924abe09f, pid=7100, tid=15888
[01] File "E:/Users/Administrator/AppData/Local/Programs/Python/Python38/lib/threading.py", line 870, in run() 
[02] File "../common/utility.py", line 167, in __call() 
[03] File "E:/projects_by_myself/backup/MeiWei_back_0421/akmCtrl/beans/scadaTaskBean.py", line 618, in _taskFunc() 
[04] File "../common/lock.py", line 122, in _call() 
[05] File "../common/lock.py", line 100, in release() 
[06] File "E:/projects_by_myself/backup/MeiWei_back_0421/common/enhance.py", line 258, in getTrace() 
[07] File "E:/projects_by_myself/backup/MeiWei_back_0421/common/enhance.py", line 240, in getThreadStack()
[DEBUG]2021-04-25 17:26:25,442: task[60853564f1d5c08924abe09f][AGV30] 6(1) -> 7(8) [dropPayload] movePreSourceStep -> dropPayload
[DEBUG]2021-04-25 17:26:26,040: agvInfo: AGV30 meiwei423.8 move jackdown to meiwei423.7 ,taskId 60853564f1d5c08924abe09f_4
[WARNING]2021-04-25 17:26:27,056: AGV30 waitFinish: loc is diff 8 7 task_status= 2
[WARNING]2021-04-25 17:26:27,568: AGV30 waitFinish: loc is diff 8 7 task_status= 2
[DEBUG]2021-04-25 17:26:28,069: AGV30 set loc meiwei423.7 ,old 8 (23.51,0.77)
[SUCC]2021-04-25 17:26:30,632: Finish:  AGV30 arrived meiwei423.7 ,task: 60853564f1d5c08924abe09f_4
[INFO]2021-04-25 17:26:31,074: task: move finish callback task[60853564f1d5c08924abe09f][AGV30] 6(1) -> 7(8) [dropPayload]
[INFO]2021-04-25 17:26:31,078: ******************假设是顶升*******************
[INFO]2021-04-25 17:26:31,082: task[60853564f1d5c08924abe09f] update info: {'failMsg': '放下货架，旋转顶升机构初始化', 'updateTime': datetime.datetime(2021, 4, 25, 17, 26, 31, 80152)}
[INFO]2021-04-25 17:26:31,364: task[60853564f1d5c08924abe09f][AGV30] 6(1) -> 7(8) [dropPayloadJackdown] _jackDown
[INFO]2021-04-25 17:26:31,366: ************run jackDownOld********************
[DEBUG]2021-04-25 17:26:32,391: task[60853564f1d5c08924abe09f][AGV30] 6(1) -> 7(8) [dropPayloadReset] dropPayloadJackdown -> dropPayloadReset
[INFO]2021-04-25 17:26:32,866: task[60853564f1d5c08924abe09f][AGV30] 6(1) -> 7(8) [dropPayloadReset] rotationClear
[DEBUG]2021-04-25 17:26:32,945: send http_get: http://127.0.0.1:5551/api/agv/rotationclear?agv=AGV30&timeoutSec=30
[DEBUG]2021-04-25 17:26:33,183: GET: http://127.0.0.1:5551/api/agv/rotationclear?agv=AGV30&timeoutSec=30 addr: 127.0.0.1
[INFO]2021-04-25 17:26:34,264: _rotation in rotationMgr: AGV30 None [{'id': 0, 'source': 'normal', 'status': True}, {'id': 1, 'source': 'normal', 'status': True}]
[INFO]2021-04-25 17:26:34,533: AGV30 rotation clear status: 1
[DEBUG]2021-04-25 17:26:34,612: used 1429ms 200 OK application/json;charset=utf-8, GET: http://127.0.0.1:5551/api/agv/rotationclear?agv=AGV30&timeoutSec=30
[DEBUG]2021-04-25 17:26:34,783: [return] use 1838 ms,http_get: http://127.0.0.1:5551/api/agv/rotationclear?agv=AGV30&timeoutSec=30
[INFO]2021-04-25 17:26:34,817: task[60853564f1d5c08924abe09f]:  successed {'step': 'finish', 'failMsg': '任务成功', 'endTime': datetime.datetime(2021, 4, 25, 17, 26, 34, 816308), 'status': 'success'}
[DEBUG]2021-04-25 17:26:34,879: task[60853564f1d5c08924abe09f][AGV30] 6(1) -> 7(8) [finish] dropPayloadReset -> finish
[INFO]2021-04-25 17:26:35,369: task[60853564f1d5c08924abe09f][AGV30] 6(1) -> 7(8) [finish] AGV30 release task, release agv True True False
[DEBUG]2021-04-25 17:26:35,607: GET: http://127.0.0.1:5551/api/agv/isLocked?agv=AGV30&appName=MeiWeiTask&taskId=60853564f1d5c08924abe09f addr: 127.0.0.1
[DEBUG]2021-04-25 17:26:35,686: used 79ms 200 OK application/json;charset=utf-8, GET: http://127.0.0.1:5551/api/agv/isLocked?agv=AGV30&appName=MeiWeiTask&taskId=60853564f1d5c08924abe09f
[DEBUG]2021-04-25 17:26:35,861: GET: http://127.0.0.1:5551/api/agv/release?agv=AGV30&appName=MeiWeiTask&force=False&taskId=60853564f1d5c08924abe09f addr: 127.0.0.1
[DEBUG]2021-04-25 17:26:35,955: unlock: AGV30 taskId 60853564f1d5c08924abe09f app MeiWeiTask force False
[DEBUG]2021-04-25 17:26:36,049: used 188ms 200 OK application/json;charset=utf-8, GET: http://127.0.0.1:5551/api/agv/release?agv=AGV30&appName=MeiWeiTask&force=False&taskId=60853564f1d5c08924abe09f
[INFO]2021-04-25 17:26:36,193: task[60853564f1d5c08924abe09f][AGV30] 6(1) -> 7(8) [finish] let AGV30 gohome
[DEBUG]2021-04-25 17:26:36,478: GET: http://127.0.0.1:5551/api/agv/goHome?agv=AGV30&appName=MeiWeiTask&force=False&timeout=10800 addr: 127.0.0.1
[INFO]2021-04-25 17:26:36,589: AGV30 gohome home_1 force False taskId home_1 : AGV30.7 -> meiwei423.9
[INFO]2021-04-25 17:26:38,151: Begin: AGV30 move from meiwei423.7 to meiwei423.9 by paths: [('meiwei423', ['7', '9'], 3.87438880919504)] task: home_1 timeout 10800 used 1483 ms
[DEBUG]2021-04-25 17:26:38,215: used 1737ms 200 OK application/json;charset=utf-8, GET: http://127.0.0.1:5551/api/agv/goHome?agv=AGV30&appName=MeiWeiTask&force=False&timeout=10800
[INFO]2021-04-25 17:26:38,375: task: prepoint released2  60853564f1d5c08924abe09f meiwei423.7
[WARNING]2021-04-25 17:26:38,534: scada.60853564f1d5c08924abe09f[tid:15888] <lock name:runTasks.g_lock,<locked _thread.RLock object owner=15888 count=1 at 0x00000270D76D63C0>> ,hold 3165 ms
[INFO]2021-04-25 17:26:38,694: name=scada.60853564f1d5c08924abe09f, pid=7100, tid=15888
[01] File "E:/Users/Administrator/AppData/Local/Programs/Python/Python38/lib/threading.py", line 870, in run() 
[02] File "../common/utility.py", line 167, in __call() 
[03] File "E:/projects_by_myself/backup/MeiWei_back_0421/akmCtrl/beans/scadaTaskBean.py", line 615, in _taskFunc() 
[04] File "../common/lock.py", line 122, in _call() 
[05] File "../common/lock.py", line 100, in release() 
[06] File "E:/projects_by_myself/backup/MeiWei_back_0421/common/enhance.py", line 258, in getTrace() 
[07] File "E:/projects_by_myself/backup/MeiWei_back_0421/common/enhance.py", line 240, in getThreadStack()
[INFO]2021-04-25 17:26:38,803: task: stop task[60853564f1d5c08924abe09f][-] 6(1) -> 7(8) [finish]
[DEBUG]2021-04-25 17:26:39,754: agvInfo: AGV30 meiwei423.7 move to meiwei423.9 ,taskId home_1
[DEBUG]2021-04-25 17:26:39,801: task: delete task 60853564f1d5c08924abe09f
[INFO]2021-04-25 17:26:39,849: 
[WARNING]2021-04-25 17:26:41,623: AGV30 waitFinish: loc is diff 7 9 task_status= 2
[WARNING]2021-04-25 17:26:42,273: AGV30 waitFinish: loc is diff 7 9 task_status= 2
[WARNING]2021-04-25 17:26:42,940: AGV30 waitFinish: loc is diff 7 9 task_status= 2
[WARNING]2021-04-25 17:26:43,528: AGV30 waitFinish: loc is diff 7 9 task_status= 2
[WARNING]2021-04-25 17:26:44,213: AGV30 waitFinish: loc is diff 7 9 task_status= 2
[WARNING]2021-04-25 17:26:44,816: AGV30 waitFinish: loc is diff 7 9 task_status= 2
[WARNING]2021-04-25 17:26:45,421: AGV30 waitFinish: loc is diff 7 9 task_status= 2
[WARNING]2021-04-25 17:26:46,020: AGV30 waitFinish: loc is diff 7 9 task_status= 2
[WARNING]2021-04-25 17:26:46,638: AGV30 waitFinish: loc is diff 7 9 task_status= 2
[DEBUG]2021-04-25 17:26:46,684: AGV30 set loc meiwei423.9 ,old 7 (27.38,0.85)
[SUCC]2021-04-25 17:26:48,380: Finish:  AGV30 arrived meiwei423.9 ,task: home_1
[DEBUG]2021-04-25 17:26:48,491: unlock: AGV30 taskId None app None force False
[ERROR]2021-04-25 17:28:54,025: process exited, living 0:04:40.262579 seconds
