[INFO]2021-06-15 10:03:50,051: log files at C:\Users\Administrator\Desktop\SVN\美维\MeiWei_back_0421\common\log
[INFO]2021-06-15 10:03:50,051: find module account.main_account
[INFO]2021-06-15 10:03:50,052: find module agvCtrl.main_agv
[INFO]2021-06-15 10:03:50,052: find module agvDevice.main_agvDevice
[INFO]2021-06-15 10:03:50,053: find module akmCtrl.main_akmCtrl
[INFO]2021-06-15 10:03:50,053: find module alarm.main_alarm
[INFO]2021-06-15 10:03:50,053: find module auth.main_auth
[INFO]2021-06-15 10:03:50,054: find module door.main_door
[INFO]2021-06-15 10:03:50,054: find module elevator.main_elevator
[INFO]2021-06-15 10:03:50,054: find module feed.main_feed
[INFO]2021-06-15 10:03:50,055: find module remoteio.main_remoteio
[INFO]2021-06-15 10:03:50,055: import account.main_account
[INFO]2021-06-15 10:03:50,134: import agvCtrl.main_agv
[INFO]2021-06-15 10:03:50,426: create lock <lock name:doorMgr.lock,<unlocked _thread.RLock object owner=0 count=0 at 0x00000295FC35DDA0>>
[INFO]2021-06-15 10:03:50,440: create lock <lock name:door.lock,<unlocked _thread.RLock object owner=0 count=0 at 0x00000295FC35DF08>>
[INFO]2021-06-15 10:03:50,535: create lock <lock name:timer.lock_2843208799064,<unlocked _thread.RLock object owner=0 count=0 at 0x00000295FC6D4BE8>>
[ERROR]2021-06-15 10:03:50,548: mqtt is disabled
[INFO]2021-06-15 10:03:50,550: mqtt: subscribe [alarm/raise/+]
[INFO]2021-06-15 10:03:50,553: mqtt: subscribe [alarm/clear/+]
[INFO]2021-06-15 10:03:53,597: Mongodb connect to 127.0.0.1 port 27017
[INFO]2021-06-15 10:03:53,627: create lock <lock name:elevatorMgr.lock,<unlocked _thread.RLock object owner=0 count=0 at 0x00000295FC9970A8>>
[WARNING]2021-06-15 10:03:53,638: use mockAgvCtrl
[INFO]2021-06-15 10:03:53,645: create lock <lock name:mapMgr.lock,<unlocked _thread.RLock object owner=0 count=0 at 0x00000295FAB9DC88>>
[INFO]2021-06-15 10:03:53,937: create lock <lock name:agvList.g_agvLock,<unlocked _thread.RLock object owner=0 count=0 at 0x00000295FCA49058>>
[INFO]2021-06-15 10:03:53,943: create lock <lock name:taskList.lock,<unlocked _thread.RLock object owner=0 count=0 at 0x00000295FCA49BE8>>
[INFO]2021-06-15 10:03:54,007: charge policy 1 , fix time
[INFO]2021-06-15 10:03:54,040: create lock <lock name:agvApi.g_lock,<unlocked _thread.RLock object owner=0 count=0 at 0x00000295FCAC10A8>>
[INFO]2021-06-15 10:03:54,689: start load map C:\Users\Administrator\Desktop\SVN\美维\MeiWei_back_0421\agvCtrl\projects\test\AKM2F.smap
[DEBUG]2021-06-15 10:03:54,804: elevator thread start
[INFO]2021-06-15 10:03:54,823: load map C:\Users\Administrator\Desktop\SVN\美维\MeiWei_back_0421\agvCtrl\projects\test\AKM2F.smap ,used 143 ms
[INFO]2021-06-15 10:03:54,833: start load map C:\Users\Administrator\Desktop\SVN\美维\MeiWei_back_0421\agvCtrl\projects\test\akmsmt.smap
[INFO]2021-06-15 10:03:54,885: load map C:\Users\Administrator\Desktop\SVN\美维\MeiWei_back_0421\agvCtrl\projects\test\akmsmt.smap ,used 60 ms
[INFO]2021-06-15 10:03:54,900: start load map C:\Users\Administrator\Desktop\SVN\美维\MeiWei_back_0421\agvCtrl\projects\test\akmsmtMap.smap
[INFO]2021-06-15 10:03:55,033: load map C:\Users\Administrator\Desktop\SVN\美维\MeiWei_back_0421\agvCtrl\projects\test\akmsmtMap.smap ,used 142 ms
[INFO]2021-06-15 10:03:55,045: start load map C:\Users\Administrator\Desktop\SVN\美维\MeiWei_back_0421\agvCtrl\projects\test\desai-all-20191223.smap
[INFO]2021-06-15 10:03:55,170: load map C:\Users\Administrator\Desktop\SVN\美维\MeiWei_back_0421\agvCtrl\projects\test\desai-all-20191223.smap ,used 135 ms
[INFO]2021-06-15 10:03:55,184: start load map C:\Users\Administrator\Desktop\SVN\美维\MeiWei_back_0421\agvCtrl\projects\test\meiwei423.smap
[INFO]2021-06-15 10:03:55,247: load map C:\Users\Administrator\Desktop\SVN\美维\MeiWei_back_0421\agvCtrl\projects\test\meiwei423.smap ,used 73 ms
[INFO]2021-06-15 10:03:55,259: start load map C:\Users\Administrator\Desktop\SVN\美维\MeiWei_back_0421\agvCtrl\projects\test\meiwei428.smap
[INFO]2021-06-15 10:03:55,311: load map C:\Users\Administrator\Desktop\SVN\美维\MeiWei_back_0421\agvCtrl\projects\test\meiwei428.smap ,used 62 ms
[INFO]2021-06-15 10:03:55,315: import agvDevice.main_agvDevice
[INFO]2021-06-15 10:03:55,317: import akmCtrl.main_akmCtrl
[INFO]2021-06-15 10:03:55,349: create lock <lock name:runTasks.g_lock,<unlocked _thread.RLock object owner=0 count=0 at 0x00000295803F83F0>>
[INFO]2021-06-15 10:03:55,362: create lock <lock name:agvApi.g_lock,<unlocked _thread.RLock object owner=0 count=0 at 0x000002958047B918>>
[INFO]2021-06-15 10:03:55,391: create lock <lock name:runTasks.pre_lock,<unlocked _thread.RLock object owner=0 count=0 at 0x0000029580337D28>>
[INFO]2021-06-15 10:03:55,394: create lock <lock name:timer.lock_2841142179040,<unlocked _thread.RLock object owner=0 count=0 at 0x000002958037F490>>
[INFO]2021-06-15 10:03:55,396: create lock <lock name:mapMgr.lock,<unlocked _thread.RLock object owner=0 count=0 at 0x00000295804DA210>>
[INFO]2021-06-15 10:03:55,444: import alarm.main_alarm
[INFO]2021-06-15 10:03:55,454: import auth.main_auth
[INFO]2021-06-15 10:03:55,853: import door.main_door
[INFO]2021-06-15 10:03:55,859: import elevator.main_elevator
[INFO]2021-06-15 10:03:55,865: create lock <lock name:elevatorApi.g_lock,<unlocked _thread.RLock object owner=0 count=0 at 0x00000295804DAD00>>
[INFO]2021-06-15 10:03:55,866: import feed.main_feed
[INFO]2021-06-15 10:03:55,869: IP: 0.0.0.0 port: 10001
[INFO]2021-06-15 10:03:55,870: import remoteio.main_remoteio
[SUCC]2021-06-15 10:03:55,886: utility start, pid=11584, ppid=16208
[DEBUG]2021-06-15 10:03:55,887: start timer
[INFO]2021-06-15 10:03:55,901: load agv file: C:\Users\Administrator\Desktop\SVN\美维\MeiWei_back_0421\agvCtrl/projects/test/agv.cfg
[INFO]2021-06-15 10:03:55,903: create lock <lock name:agvList.AGV30.lock,<unlocked _thread.RLock object owner=0 count=0 at 0x00000295814274B8>>
[DEBUG]2021-06-15 10:03:55,914: create aliveObj AGV30 AGV离线异常 timeout 300
[INFO]2021-06-15 10:03:55,915: AGV30 start agvList run thread
[INFO]2021-06-15 10:03:55,915: AGV30 start agvList run2 thread
[DEBUG]2021-06-15 10:03:55,918: start timer
[INFO]2021-06-15 10:03:55,927: AGV30 current map meiwei428
[INFO]2021-06-15 10:03:55,930: AGV30 is online
[WARNING]2021-06-15 10:03:55,933: Local server start! version 3.7.3, path C:\Users\Administrator\Desktop\SVN\美维\MeiWei_back_0421\common, pid 11584
[INFO]2021-06-15 10:03:55,937: add_ignore: taskStatus
[INFO]2021-06-15 10:03:55,940: add_ignore: api/elevator/status
[INFO]2021-06-15 10:03:55,945: add_ignore: scada/getTask
[INFO]2021-06-15 10:03:56,831: tcp server [0.0.0.0][10001] ,connectedLen: 1, tcp connected 192.168.252.159:10001 <--> 192.168.252.148:61991
[DEBUG]2021-06-15 10:03:56,954: GET: http://127.0.0.1:5551/api/agv/init?appName=MeiWeiTask addr: 127.0.0.1
[INFO]2021-06-15 10:03:56,957: MeiWeiTask init client agvApi
[DEBUG]2021-06-15 10:03:56,960: used 6ms 200 OK application/json;charset=utf-8, GET: http://127.0.0.1:5551/api/agv/init?appName=MeiWeiTask
[DEBUG]2021-06-15 10:04:00,094: GET: http://127.0.0.1:5551/api/agv/startCharge?appName=MeiWeiTask addr: 127.0.0.1
[DEBUG]2021-06-15 10:04:00,171: used 77ms 200 OK application/json;charset=utf-8, GET: http://127.0.0.1:5551/api/agv/startCharge?appName=MeiWeiTask
[WARNING]2021-06-15 10:04:00,312: timer_thread[tid:6840] <lock name:runTasks.g_lock,<locked _thread.RLock object owner=6840 count=1 at 0x00000295803F83F0>> ,hold 3374 ms
[INFO]2021-06-15 10:04:00,629: name=timer_thread, pid=11584, tid=6840
[01] File "C:/Python37/lib/threading.py", line 865, in run() 
[02] File "../common/mytimer.py", line 113, in _loop() 
[03] File "../common/lock.py", line 122, in _call() 
[04] File "../common/lock.py", line 100, in release() 
[05] File "C:/Users/Administrator/Desktop/SVN/美维/MeiWei_back_0421/common/enhance.py", line 258, in getTrace() 
[06] File "C:/Users/Administrator/Desktop/SVN/美维/MeiWei_back_0421/common/enhance.py", line 240, in getThreadStack()
[INFO]2021-06-15 10:04:06,850: tcp server [0.0.0.0][10001] ,connectedLen: 1, disconnect:  192.168.252.159:10001 <--> 192.168.252.148:61991
[WARNING]2021-06-15 10:04:06,881: disconnect 192.168.252.159:10001 <--> 192.168.252.148:61991
[INFO]2021-06-15 10:04:07,035: tcp server [0.0.0.0][10001] ,connectedLen: 1, tcp connected 192.168.252.159:10001 <--> 192.168.252.148:61992
[INFO]2021-06-15 10:04:17,132: tcp server [0.0.0.0][10001] ,connectedLen: 1, disconnect:  192.168.252.159:10001 <--> 192.168.252.148:61992
[WARNING]2021-06-15 10:04:17,194: disconnect 192.168.252.159:10001 <--> 192.168.252.148:61992
[INFO]2021-06-15 10:04:17,362: tcp server [0.0.0.0][10001] ,connectedLen: 1, tcp connected 192.168.252.159:10001 <--> 192.168.252.148:61993
[INFO]2021-06-15 10:04:20,733: {'21': {'loc': 'Locl', 'map': 'meiwei428'}, '23': {'loc': 'Loc2', 'map': 'meiwei428'}}
[INFO]2021-06-15 10:04:20,813: 测试添加任务，起点和目的地，固化在下面的方法中
[INFO]2021-06-15 10:04:20,876: 21 0
[INFO]2021-06-15 10:04:20,921: ----------
[INFO]2021-06-15 10:04:20,999: <function g_allowNext at 0x000002958048AB70>
[INFO]2021-06-15 10:04:21,062: ----------------------------------addTaskByButton-----
[INFO]2021-06-15 10:04:21,154: ----------------------scadaTask----------------
[INFO]2021-06-15 10:04:21,232: Loc8 Locl 21
[INFO]2021-06-15 10:04:21,263: unload
[INFO]2021-06-15 10:04:21,370: create task[60c80aa5bb8e5135bf5c25b8]: type= scadaTask , 从Loc8运送货架到Locl {'source': 'Loc8', 'target': 'Locl', 'payloadId': None, 'priority': 1, 'type': 'scadaTask', 'taskName': '从Loc8运送货架到Locl', 'createTime': datetime.datetime(2021, 6, 15, 10, 4, 21, 325623), 'updateTime': datetime.datetime(2021, 6, 15, 10, 4, 21, 325623), 'startTime': None, 'endTime': None, 'status': 'waiting', 'step': 'waiting', 'failMsg': None, 'history': [], '_id': ObjectId('60c80aa5bb8e5135bf5c25b8')}
[INFO]2021-06-15 10:04:21,448: 60c80aa5bb8e5135bf5c25b8
[WARNING]2021-06-15 10:04:21,617: task[60c80aa5bb8e5135bf5c25b8]: failed, {'failMsg': "can't find target-Locl info", 'endTime': datetime.datetime(2021, 6, 15, 10, 4, 21, 586368), 'status': 'fail'}
[INFO]2021-06-15 10:04:21,649: {'prepoint': '10', 'location': '8', 'floorId': 'meiwei428', 'direction': None, 'payloadId': None, 'p_direction': 0.0, 'WorkPlace': 'true'}
[INFO]2021-06-15 10:04:21,726: task[60c80aa5bb8e5135bf5c25b8]:  start {'failMsg': '任务等待执行', 'startTime': datetime.datetime(2021, 6, 15, 10, 4, 21, 711071), 'updateTime': datetime.datetime(2021, 6, 15, 10, 4, 21, 711071), 'status': 'running'}
[INFO]2021-06-15 10:04:21,788: taskid 60c80aa5bb8e5135bf5c25b8
[INFO]2021-06-15 10:04:21,850: s_loc 8
[INFO]2021-06-15 10:04:21,914: s_pre 10
[INFO]2021-06-15 10:04:21,992: ===========================> waiting
[INFO]2021-06-15 10:04:22,145: task[60c80aa5bb8e5135bf5c25b8] update info: {'failMsg': '等待分配小车', 'updateTime': datetime.datetime(2021, 6, 15, 10, 4, 22, 52161)}
[INFO]2021-06-15 10:04:22,220: taskid 60c80aa5bb8e5135bf5c25b8
[INFO]2021-06-15 10:04:22,297: s_loc 8
[INFO]2021-06-15 10:04:22,373: s_pre 10
[INFO]2021-06-15 10:04:22,435: taskid 60c80aa5bb8e5135bf5c25b8
[INFO]2021-06-15 10:04:22,466: s_loc 8
[INFO]2021-06-15 10:04:22,512: s_pre 10
[CRITICAL]2021-06-15 10:04:22,695: invoke <function scadaTask._taskFunc at 0x00000295804BA6A8> cause a error: 'NoneType' object is not subscriptable
pid=11584, ppid=16208, tid=1876
Traceback (most recent call last):
  File "C:\Users\Administrator\Desktop\SVN\美维\MeiWei_back_0421\akmCtrl\beans\scadaTaskBean.py", line 836, in _taskFunc
    log.debug(str(self), old, "->", self.taskStep)
  File "C:\Users\Administrator\Desktop\SVN\美维\MeiWei_back_0421\akmCtrl\beans\scadaTaskBean.py", line 170, in __str__
    log.info('t_loc',self.t_info["location"])
TypeError: 'NoneType' object is not subscriptable

During handling of the above exception, another exception occurred:

Traceback (most recent call last):
  File "..\common\utility.py", line 167, in __call
    return func(*p,**pp)
  File "C:\Users\Administrator\Desktop\SVN\美维\MeiWei_back_0421\akmCtrl\beans\scadaTaskBean.py", line 842, in _taskFunc
    log.exception("taskFunc2:" + str(self), e)
  File "C:\Users\Administrator\Desktop\SVN\美维\MeiWei_back_0421\akmCtrl\beans\scadaTaskBean.py", line 170, in __str__
    log.info('t_loc',self.t_info["location"])
TypeError: 'NoneType' object is not subscriptable

[INFO]2021-06-15 10:04:31,683: tcp server [0.0.0.0][10001] ,connectedLen: 1, disconnect:  192.168.252.159:10001 <--> 192.168.252.148:61993
[INFO]2021-06-15 10:05:35,545: name=Thread-6, pid=11584, tid=16096
[01] File "C:/Python37/lib/threading.py", line 865, in run() 
[02] File "C:/Users/Administrator/Desktop/SVN/美维/MeiWei_back_0421/feed/main_feed.py", line 186, in _handle() 
[03] File "C:/Users/Administrator/Desktop/SVN/美维/MeiWei_back_0421/common/tcpSocket.py", line 58, in closeClient() 
[04] File "C:/Users/Administrator/Desktop/SVN/美维/MeiWei_back_0421/common/log.py", line 210, in info() 
[05] File "C:/Python37/lib/logging/__init__.py", line 1383, in info() 
[06] File "C:/Python37/lib/logging/__init__.py", line 1519, in _log() 
[07] File "C:/Python37/lib/logging/__init__.py", line 1529, in handle() 
[08] File "C:/Python37/lib/logging/__init__.py", line 1591, in callHandlers() 
[09] File "C:/Python37/lib/logging/__init__.py", line 905, in handle() 
[10] File "C:/Users/Administrator/Desktop/SVN/美维/MeiWei_back_0421/common/winConsole.py", line 104, in emit() 
[11] File "C:/Users/Administrator/Desktop/SVN/美维/MeiWei_back_0421/common/winConsole.py", line 74, in printColor() 

name=Thread-4, pid=11584, tid=9808
[01] File "C:/Python37/lib/threading.py", line 865, in run() 
[02] File "../agvCtrl/agvApi.py", line 237, in _checkFinish() 

name=agv.hasDeadlock, pid=11584, tid=16560
[01] File "C:/Python37/lib/threading.py", line 865, in run() 
[02] File "C:/Users/Administrator/Desktop/SVN/美维/MeiWei_back_0421/agvCtrl/agvControl.py", line 1024, in _threadFunc() 

name=worker 9, pid=11584, tid=3052
[01] File "C:/Python37/lib/threading.py", line 865, in run() 
[02] File "C:/Python37/lib/site-packages/paste/httpserver.py", line 891, in worker_thread_callback() 
[03] File "C:/Python37/lib/queue.py", line 170, in get() 
[04] File "C:/Python37/lib/threading.py", line 296, in wait() 

name=worker 8, pid=11584, tid=5972
[01] File "C:/Python37/lib/threading.py", line 865, in run() 
[02] File "C:/Python37/lib/site-packages/paste/httpserver.py", line 891, in worker_thread_callback() 
[03] File "C:/Python37/lib/queue.py", line 170, in get() 
[04] File "C:/Python37/lib/threading.py", line 296, in wait() 

name=worker 7, pid=11584, tid=13552
[01] File "C:/Python37/lib/threading.py", line 865, in run() 
[02] File "C:/Python37/lib/site-packages/paste/httpserver.py", line 891, in worker_thread_callback() 
[03] File "C:/Python37/lib/queue.py", line 170, in get() 
[04] File "C:/Python37/lib/threading.py", line 296, in wait() 

name=worker 6, pid=11584, tid=10984
[01] File "C:/Python37/lib/threading.py", line 865, in run() 
[02] File "C:/Python37/lib/site-packages/paste/httpserver.py", line 891, in worker_thread_callback() 
[03] File "C:/Python37/lib/queue.py", line 170, in get() 
[04] File "C:/Python37/lib/threading.py", line 296, in wait() 

name=worker 5, pid=11584, tid=7400
[01] File "C:/Python37/lib/threading.py", line 865, in run() 
[02] File "C:/Python37/lib/site-packages/paste/httpserver.py", line 891, in worker_thread_callback() 
[03] File "C:/Python37/lib/queue.py", line 170, in get() 
[04] File "C:/Python37/lib/threading.py", line 296, in wait() 

name=worker 4, pid=11584, tid=2104
[01] File "C:/Python37/lib/threading.py", line 865, in run() 
[02] File "C:/Python37/lib/site-packages/paste/httpserver.py", line 891, in worker_thread_callback() 
[03] File "C:/Python37/lib/queue.py", line 170, in get() 
[04] File "C:/Python37/lib/threading.py", line 296, in wait() 

name=worker 3, pid=11584, tid=9560
[01] File "C:/Python37/lib/threading.py", line 865, in run() 
[02] File "C:/Python37/lib/site-packages/paste/httpserver.py", line 891, in worker_thread_callback() 
[03] File "C:/Python37/lib/queue.py", line 170, in get() 
[04] File "C:/Python37/lib/threading.py", line 296, in wait() 

name=worker 2, pid=11584, tid=4276
[01] File "C:/Python37/lib/threading.py", line 865, in run() 
[02] File "C:/Python37/lib/site-packages/paste/httpserver.py", line 891, in worker_thread_callback() 
[03] File "C:/Python37/lib/queue.py", line 170, in get() 
[04] File "C:/Python37/lib/threading.py", line 296, in wait() 

name=worker 1, pid=11584, tid=17400
[01] File "C:/Python37/lib/threading.py", line 865, in run() 
[02] File "C:/Python37/lib/site-packages/paste/httpserver.py", line 891, in worker_thread_callback() 
[03] File "C:/Python37/lib/queue.py", line 170, in get() 
[04] File "C:/Python37/lib/threading.py", line 296, in wait() 

name=worker 0, pid=11584, tid=12600
[01] File "C:/Python37/lib/threading.py", line 865, in run() 
[02] File "C:/Python37/lib/site-packages/paste/httpserver.py", line 891, in worker_thread_callback() 
[03] File "C:/Python37/lib/queue.py", line 170, in get() 
[04] File "C:/Python37/lib/threading.py", line 296, in wait() 

name=timer_thread, pid=11584, tid=6840
[01] File "C:/Python37/lib/threading.py", line 865, in run() 
[02] File "../common/mytimer.py", line 117, in _loop() 

name=agvThread2.AGV30, pid=11584, tid=13784
[01] File "C:/Python37/lib/threading.py", line 865, in run() 
[02] File "C:/Users/Administrator/Desktop/SVN/美维/MeiWei_back_0421/agvCtrl/agvList.py", line 601, in run2() 

name=agvThread.AGV30, pid=11584, tid=9000
[01] File "C:/Python37/lib/threading.py", line 865, in run() 
[02] File "C:/Users/Administrator/Desktop/SVN/美维/MeiWei_back_0421/agvCtrl/agvList.py", line 589, in run() 

name=timer_thread, pid=11584, tid=17048
[01] File "C:/Python37/lib/threading.py", line 865, in run() 
[02] File "C:/Users/Administrator/Desktop/SVN/美维/MeiWei_back_0421/common/mytimer.py", line 117, in _loop() 

name=tcplisten.port_10001, pid=11584, tid=15952
[01] File "C:/Python37/lib/threading.py", line 865, in run() 
[02] File "C:/Users/Administrator/Desktop/SVN/美维/MeiWei_back_0421/common/tcpSocket.py", line 66, in _acceptThread() 
[03] File "C:/Python37/lib/socket.py", line 212, in accept() 

name=Thread-1, pid=11584, tid=16848
[01] File "C:/Python37/lib/threading.py", line 865, in run() 
[02] File "C:/Users/Administrator/Desktop/SVN/美维/MeiWei_back_0421/agvCtrl/main_agv.py", line 332, in showThread() 
[03] File "C:/Users/Administrator/Desktop/SVN/美维/MeiWei_back_0421/agvCtrl/agvControl.py", line 1369, in show() 
[04] File "C:/Users/Administrator/Desktop/SVN/美维/MeiWei_back_0421/agvCtrl/mainFrame.py", line 236, in show() 
[05] File "C:/Users/Administrator/Desktop/SVN/美维/MeiWei_back_0421/agvCtrl/mapUI.py", line 46, in autoUpdateAgv() 
[06] File "C:/Users/Administrator/Desktop/SVN/美维/MeiWei_back_0421/common/utility.py", line 167, in __call() 
[07] File "C:/Users/Administrator/Desktop/SVN/美维/MeiWei_back_0421/agvCtrl/mapMgr.py", line 386, in drawAgv() 
[08] File "C:/Users/Administrator/Desktop/SVN/美维/MeiWei_back_0421/agvCtrl/mapElement.py", line 380, in draw() 
[09] File "C:/Users/Administrator/Desktop/SVN/美维/MeiWei_back_0421/agvCtrl/mapElement.py", line 465, in blockPath() 
[10] File "C:/Users/Administrator/Desktop/SVN/美维/MeiWei_back_0421/common/local.py", line 90, in getfloat() 
[11] File "C:/Users/Administrator/Desktop/SVN/美维/MeiWei_back_0421/common/local.py", line 34, in _get_cfg() 
[12] File "C:/Users/Administrator/Desktop/SVN/美维/MeiWei_back_0421/common/local.py", line 29, in _loadStackFiles() 
[13] File "C:/Python37/lib/inspect.py", line 1513, in stack() 
[14] File "C:/Python37/lib/inspect.py", line 1493, in getouterframes() 
[15] File "C:/Python37/lib/inspect.py", line 1474, in getframeinfo() 
[16] File "C:/Python37/lib/inspect.py", line 830, in findsource() 
[17] File "C:/Python37/lib/inspect.py", line 694, in getsourcefile() 
[18] File "C:/Python37/lib/genericpath.py", line 22, in exists() 

name=door.meiwei428.ping, pid=11584, tid=16816
[01] File "C:/Python37/lib/threading.py", line 865, in run() 
[02] File "C:/Users/Administrator/Desktop/SVN/美维/MeiWei_back_0421/agvCtrl/doorMgr.py", line 194, in check() 

name=door.meiwei428, pid=11584, tid=5624
[01] File "C:/Python37/lib/threading.py", line 865, in run() 
[02] File "C:/Users/Administrator/Desktop/SVN/美维/MeiWei_back_0421/agvCtrl/doorMgr.py", line 185, in run() 

name=door.meiwei423.ping, pid=11584, tid=5392
[01] File "C:/Python37/lib/threading.py", line 865, in run() 
[02] File "C:/Users/Administrator/Desktop/SVN/美维/MeiWei_back_0421/agvCtrl/doorMgr.py", line 194, in check() 

name=door.meiwei423, pid=11584, tid=5976
[01] File "C:/Python37/lib/threading.py", line 865, in run() 
[02] File "C:/Users/Administrator/Desktop/SVN/美维/MeiWei_back_0421/agvCtrl/doorMgr.py", line 185, in run() 

name=door.desai-all-20191223.ping, pid=11584, tid=5608
[01] File "C:/Python37/lib/threading.py", line 865, in run() 
[02] File "C:/Users/Administrator/Desktop/SVN/美维/MeiWei_back_0421/agvCtrl/doorMgr.py", line 194, in check() 

name=door.desai-all-20191223, pid=11584, tid=12964
[01] File "C:/Python37/lib/threading.py", line 865, in run() 
[02] File "C:/Users/Administrator/Desktop/SVN/美维/MeiWei_back_0421/agvCtrl/doorMgr.py", line 185, in run() 

name=door.akmsmtMap.ping, pid=11584, tid=12300
[01] File "C:/Python37/lib/threading.py", line 865, in run() 
[02] File "C:/Users/Administrator/Desktop/SVN/美维/MeiWei_back_0421/agvCtrl/doorMgr.py", line 194, in check() 

name=door.akmsmtMap, pid=11584, tid=10888
[01] File "C:/Python37/lib/threading.py", line 865, in run() 
[02] File "C:/Users/Administrator/Desktop/SVN/美维/MeiWei_back_0421/agvCtrl/doorMgr.py", line 185, in run() 

name=door.akmsmt.ping, pid=11584, tid=2220
[01] File "C:/Python37/lib/threading.py", line 865, in run() 
[02] File "C:/Users/Administrator/Desktop/SVN/美维/MeiWei_back_0421/agvCtrl/doorMgr.py", line 194, in check() 

name=door.akmsmt, pid=11584, tid=15484
[01] File "C:/Python37/lib/threading.py", line 865, in run() 
[02] File "C:/Users/Administrator/Desktop/SVN/美维/MeiWei_back_0421/agvCtrl/doorMgr.py", line 185, in run() 

name=elevator.keep, pid=11584, tid=15180
[01] File "C:/Python37/lib/threading.py", line 865, in run() 
[02] File "C:/Users/Administrator/Desktop/SVN/美维/MeiWei_back_0421/agvCtrl/elevatorMgr.py", line 497, in keepOpenThread() 

name=door.AKM2F.ping, pid=11584, tid=17092
[01] File "C:/Python37/lib/threading.py", line 865, in run() 
[02] File "C:/Users/Administrator/Desktop/SVN/美维/MeiWei_back_0421/agvCtrl/doorMgr.py", line 194, in check() 

name=door.AKM2F, pid=11584, tid=4164
[01] File "C:/Python37/lib/threading.py", line 865, in run() 
[02] File "C:/Users/Administrator/Desktop/SVN/美维/MeiWei_back_0421/agvCtrl/doorMgr.py", line 185, in run() 

name=pymongo_kill_cursors_thread, pid=11584, tid=13640
[01] File "C:/Python37/lib/threading.py", line 865, in run() 
[02] File "C:/Python37/lib/site-packages/pymongo/periodic_executor.py", line 140, in _run() 

name=pymongo_server_monitor_thread, pid=11584, tid=13200
[01] File "C:/Python37/lib/threading.py", line 865, in run() 
[02] File "C:/Python37/lib/site-packages/pymongo/periodic_executor.py", line 140, in _run() 

name=tcplisten.port_6789, pid=11584, tid=17188
[01] File "C:/Python37/lib/threading.py", line 865, in run() 
[02] File "C:/Users/Administrator/Desktop/SVN/美维/MeiWei_back_0421/common/tcpSocket.py", line 66, in _acceptThread() 
[03] File "C:/Python37/lib/socket.py", line 212, in accept() 

name=MainThread, pid=11584, tid=15272
[01] File "run_all.py", line 60, in <module>() 
[02] File "C:/Users/Administrator/Desktop/SVN/美维/MeiWei_back_0421/common/webutility.py", line 319, in run() 
[03] File "C:/Python37/lib/site-packages/bottle.py", line 3133, in run() 
[04] File "C:/Python37/lib/site-packages/bottle.py", line 2830, in run() 
[05] File "C:/Python37/lib/site-packages/paste/httpserver.py", line 1361, in serve() 
[06] File "C:/Python37/lib/site-packages/paste/httpserver.py", line 1107, in serve_forever() 
[07] File "C:/Python37/lib/socketserver.py", line 294, in handle_request() 
[08] File "C:/Python37/lib/selectors.py", line 323, in select() 
[09] File "C:/Python37/lib/selectors.py", line 314, in _select() 
[10] File "../common/utility.py", line 598, in exit() 
[11] File "C:/Users/Administrator/Desktop/SVN/美维/MeiWei_back_0421/common/enhance.py", line 256, in getTrace() 
[12] File "C:/Users/Administrator/Desktop/SVN/美维/MeiWei_back_0421/common/enhance.py", line 240, in getThreadStack()
[INFO]2021-06-15 10:09:19,120: tcp server [0.0.0.0][10001] ,connectedLen: 2, tcp connected 192.168.252.159:10001 <--> 192.168.252.148:61994
