[INFO]2021-05-11 13:40:09,312: log files at E:\projects_by_myself\backup\MeiWei_back_0421\common\log
[INFO]2021-05-11 13:40:09,314: find module account.main_account
[INFO]2021-05-11 13:40:09,315: find module agvCtrl.main_agv
[INFO]2021-05-11 13:40:09,317: find module agvDevice.main_agvDevice
[INFO]2021-05-11 13:40:09,318: find module akmCtrl.main_akmCtrl
[INFO]2021-05-11 13:40:09,319: find module alarm.main_alarm
[INFO]2021-05-11 13:40:09,320: find module auth.main_auth
[INFO]2021-05-11 13:40:09,321: find module door.main_door
[INFO]2021-05-11 13:40:09,322: find module elevator.main_elevator
[INFO]2021-05-11 13:40:09,324: find module feed.main_feed
[INFO]2021-05-11 13:40:09,325: find module feed.main_feed_0427
[INFO]2021-05-11 13:40:09,326: find module remoteio.main_remoteio
[INFO]2021-05-11 13:40:09,327: import account.main_account
[INFO]2021-05-11 13:40:09,421: import agvCtrl.main_agv
[INFO]2021-05-11 13:40:10,289: create lock <lock name:doorMgr.lock,<unlocked _thread.RLock object owner=0 count=0 at 0x0000021871205090>>
[INFO]2021-05-11 13:40:11,308: create lock <lock name:door.lock,<unlocked _thread.RLock object owner=0 count=0 at 0x00000218712105D0>>
[INFO]2021-05-11 13:40:11,421: create lock <lock name:timer.lock_2304007078960,<unlocked _thread.RLock object owner=0 count=0 at 0x00000218718605A0>>
[ERROR]2021-05-11 13:40:11,436: mqtt is disabled
[INFO]2021-05-11 13:40:11,437: mqtt: subscribe [alarm/raise/+]
[INFO]2021-05-11 13:40:11,438: mqtt: subscribe [alarm/clear/+]
[INFO]2021-05-11 13:40:14,479: Mongodb connect to 127.0.0.1 port 27017
[INFO]2021-05-11 13:40:14,521: create lock <lock name:elevatorMgr.lock,<unlocked _thread.RLock object owner=0 count=0 at 0x0000021871A6DF90>>
[WARNING]2021-05-11 13:40:14,533: use mockAgvCtrl
[INFO]2021-05-11 13:40:14,536: create lock <lock name:mapMgr.lock,<unlocked _thread.RLock object owner=0 count=0 at 0x000002186FAE4510>>
[INFO]2021-05-11 13:40:14,884: create lock <lock name:agvList.g_agvLock,<unlocked _thread.RLock object owner=0 count=0 at 0x0000021871B08A20>>
[INFO]2021-05-11 13:40:14,888: create lock <lock name:taskList.lock,<unlocked _thread.RLock object owner=0 count=0 at 0x0000021871BB1F60>>
[INFO]2021-05-11 13:40:14,958: charge policy 1 , fix time
[INFO]2021-05-11 13:40:14,993: create lock <lock name:agvApi.g_lock,<unlocked _thread.RLock object owner=0 count=0 at 0x0000021871BBCB40>>
[INFO]2021-05-11 13:40:15,748: start load map E:\projects_by_myself\backup\MeiWei_back_0421\agvCtrl\projects\test\AKM2F.smap
[DEBUG]2021-05-11 13:40:15,860: elevator thread start
[INFO]2021-05-11 13:40:15,885: load map E:\projects_by_myself\backup\MeiWei_back_0421\agvCtrl\projects\test\AKM2F.smap ,used 146 ms
[INFO]2021-05-11 13:40:15,894: start load map E:\projects_by_myself\backup\MeiWei_back_0421\agvCtrl\projects\test\akmsmt.smap
[INFO]2021-05-11 13:40:15,954: load map E:\projects_by_myself\backup\MeiWei_back_0421\agvCtrl\projects\test\akmsmt.smap ,used 68 ms
[INFO]2021-05-11 13:40:15,966: start load map E:\projects_by_myself\backup\MeiWei_back_0421\agvCtrl\projects\test\akmsmtMap.smap
[INFO]2021-05-11 13:40:16,104: load map E:\projects_by_myself\backup\MeiWei_back_0421\agvCtrl\projects\test\akmsmtMap.smap ,used 148 ms
[INFO]2021-05-11 13:40:16,115: start load map E:\projects_by_myself\backup\MeiWei_back_0421\agvCtrl\projects\test\desai-all-20191223.smap
[INFO]2021-05-11 13:40:16,263: load map E:\projects_by_myself\backup\MeiWei_back_0421\agvCtrl\projects\test\desai-all-20191223.smap ,used 158 ms
[INFO]2021-05-11 13:40:16,274: start load map E:\projects_by_myself\backup\MeiWei_back_0421\agvCtrl\projects\test\meiwei423.smap
[INFO]2021-05-11 13:40:16,328: load map E:\projects_by_myself\backup\MeiWei_back_0421\agvCtrl\projects\test\meiwei423.smap ,used 64 ms
[INFO]2021-05-11 13:40:16,339: start load map E:\projects_by_myself\backup\MeiWei_back_0421\agvCtrl\projects\test\meiwei428.smap
[INFO]2021-05-11 13:40:16,393: load map E:\projects_by_myself\backup\MeiWei_back_0421\agvCtrl\projects\test\meiwei428.smap ,used 64 ms
[INFO]2021-05-11 13:40:16,396: import agvDevice.main_agvDevice
[INFO]2021-05-11 13:40:16,399: import akmCtrl.main_akmCtrl
[INFO]2021-05-11 13:40:16,428: create lock <lock name:runTasks.g_lock,<unlocked _thread.RLock object owner=0 count=0 at 0x000002187058EAB0>>
[INFO]2021-05-11 13:40:16,443: create lock <lock name:agvApi.g_lock,<unlocked _thread.RLock object owner=0 count=0 at 0x000002187335BB40>>
[INFO]2021-05-11 13:40:16,458: create lock <lock name:runTasks.pre_lock,<unlocked _thread.RLock object owner=0 count=0 at 0x0000021872FC8630>>
[INFO]2021-05-11 13:40:16,460: create lock <lock name:timer.lock_2304031622672,<unlocked _thread.RLock object owner=0 count=0 at 0x0000021872FC85A0>>
[INFO]2021-05-11 13:40:16,463: create lock <lock name:mapMgr.lock,<unlocked _thread.RLock object owner=0 count=0 at 0x0000021870634570>>
[INFO]2021-05-11 13:40:16,936: import alarm.main_alarm
[INFO]2021-05-11 13:40:16,936: import auth.main_auth
[INFO]2021-05-11 13:40:16,951: import door.main_door
[INFO]2021-05-11 13:40:16,954: import elevator.main_elevator
[INFO]2021-05-11 13:40:16,959: create lock <lock name:elevatorApi.g_lock,<unlocked _thread.RLock object owner=0 count=0 at 0x0000021873A966F0>>
[INFO]2021-05-11 13:40:16,961: import feed.main_feed
[INFO]2021-05-11 13:40:16,987: IP: 0.0.0.0 port: 10001
[INFO]2021-05-11 13:40:16,989: import feed.main_feed_0427
[INFO]2021-05-11 13:40:17,002: create lock <lock name:feedTask.g_lock,<unlocked _thread.RLock object owner=0 count=0 at 0x0000021874021930>>
[INFO]2021-05-11 13:40:17,053: import remoteio.main_remoteio
[SUCC]2021-05-11 13:40:17,067: utility start, pid=10920, ppid=15900
[DEBUG]2021-05-11 13:40:17,068: start timer
[INFO]2021-05-11 13:40:17,075: load agv file: E:\projects_by_myself\backup\MeiWei_back_0421\agvCtrl/projects/test/agv.cfg
[INFO]2021-05-11 13:40:17,076: create lock <lock name:agvList.AGV30.lock,<unlocked _thread.RLock object owner=0 count=0 at 0x00000218740414B0>>
[DEBUG]2021-05-11 13:40:17,079: create aliveObj AGV30 AGV离线异常 timeout 300
[INFO]2021-05-11 13:40:17,080: AGV30 start agvList run thread
[INFO]2021-05-11 13:40:17,081: AGV30 start agvList run2 thread
[ERROR]2021-05-11 13:40:17,091: agv check init error False
[DEBUG]2021-05-11 13:40:17,093: start timer
[INFO]2021-05-11 13:40:17,099: add_ignore: taskStatus
[INFO]2021-05-11 13:40:17,100: add_ignore: api/elevator/status
[INFO]2021-05-11 13:40:17,101: add_ignore: scada/getTask
[INFO]2021-05-11 13:40:17,279: tcp server [0.0.0.0][10001] ,connectedLen: 1, tcp connected : 192.168.252.164:10001 <--> 192.168.252.165:53378
[INFO]2021-05-11 13:40:17,280: **************回复线程启动**************
[INFO]2021-05-11 13:40:17,604: AGV30 current map meiwei428
[INFO]2021-05-11 13:40:17,607: AGV30 is online
[DEBUG]2021-05-11 13:40:18,119: GET: http://127.0.0.1:5551/api/agv/init?appName=MeiWeiTask addr: 127.0.0.1
[INFO]2021-05-11 13:40:18,120: MeiWeiTask init client agvApi
[DEBUG]2021-05-11 13:40:18,122: used 3ms 200 OK application/json;charset=utf-8, GET: http://127.0.0.1:5551/api/agv/init?appName=MeiWeiTask
[DEBUG]2021-05-11 13:40:21,211: GET: http://127.0.0.1:5551/api/agv/startCharge?appName=MeiWeiTask addr: 127.0.0.1
[DEBUG]2021-05-11 13:40:21,274: used 63ms 200 OK application/json;charset=utf-8, GET: http://127.0.0.1:5551/api/agv/startCharge?appName=MeiWeiTask
[WARNING]2021-05-11 13:40:21,432: timer_thread[tid:16840] <lock name:runTasks.g_lock,<locked _thread.RLock object owner=16840 count=1 at 0x000002187058EAB0>> ,hold 3330 ms
[INFO]2021-05-11 13:40:21,542: name=timer_thread, pid=10920, tid=16840
[01] File "E:/Users/Administrator/AppData/Local/Programs/Python/Python38/lib/threading.py", line 870, in run() 
[02] File "../common/mytimer.py", line 113, in _loop() 
[03] File "../common/lock.py", line 122, in _call() 
[04] File "../common/lock.py", line 100, in release() 
[05] File "E:/projects_by_myself/backup/MeiWei_back_0421/common/enhance.py", line 258, in getTrace() 
[06] File "E:/projects_by_myself/backup/MeiWei_back_0421/common/enhance.py", line 240, in getThreadStack()
[INFO]2021-05-11 13:40:30,427: 按钮任务状态： False
[INFO]2021-05-11 13:40:30,522: ****************接受到的数据**************： staticDevID: 1 devID: 223 keyID: 4
[INFO]2021-05-11 13:40:30,553: 测试添加任务，起点和目的地，固化在下面的方法中
[INFO]2021-05-11 13:40:30,633: *****unload 任务***** 8
[INFO]2021-05-11 13:40:30,807: create task[609a18ce41e1d3967c05ebf6]: type= scadaTask , 从MeiWeiSource运送货架到MeiWeiTarget {'source': 'MeiWeiSource', 'target': 'MeiWeiTarget', 'payloadId': None, 'priority': 1, 'type': 'scadaTask', 'taskName': '从MeiWeiSource运送货架到MeiWeiTarget', 'createTime': datetime.datetime(2021, 5, 11, 13, 40, 30, 728698), 'updateTime': datetime.datetime(2021, 5, 11, 13, 40, 30, 728698), 'startTime': None, 'endTime': None, 'status': 'waiting', 'step': 'waiting', 'failMsg': None, 'history': [], '_id': ObjectId('609a18ce41e1d3967c05ebf6')}
[INFO]2021-05-11 13:40:31,154: task[609a18ce41e1d3967c05ebf6]:  start {'failMsg': '任务等待执行', 'startTime': datetime.datetime(2021, 5, 11, 13, 40, 31, 44893), 'updateTime': datetime.datetime(2021, 5, 11, 13, 40, 31, 44893), 'status': 'running'}
[INFO]2021-05-11 13:40:31,312: task: start task[609a18ce41e1d3967c05ebf6][-] 6(1) -> 7(8) [waiting]
[INFO]2021-05-11 13:40:31,518: task[609a18ce41e1d3967c05ebf6] update info: {'failMsg': '等待分配小车', 'updateTime': datetime.datetime(2021, 5, 11, 13, 40, 31, 422841)}
[DEBUG]2021-05-11 13:40:31,692: task[609a18ce41e1d3967c05ebf6][-] 6(1) -> 7(8) [waitForAgv] waiting -> waitForAgv
[INFO]2021-05-11 13:40:32,041: 信息*********map: meiwei423 agvId AGV30 tyepe: release loc home
[INFO]2021-05-11 13:40:32,837: ******************url********************: http://127.0.0.1:5551
[DEBUG]2021-05-11 13:40:33,074: GET: http://127.0.0.1:5551/api/agv/apply?appName=MeiWeiTask&autoLock=False&exclude&loc=1&mapId=meiwei428&taskId=609a18ce41e1d3967c05ebf6&timeout=10 addr: 127.0.0.1
[INFO]2021-05-11 13:40:36,383: apply AGV30 ,taskId: 609a18ce41e1d3967c05ebf6 ,loc meiwei428.1 ,autoLock False , used 3246 ms
[WARNING]2021-05-11 13:40:36,446: worker 2[tid:11076] <lock name:mapMgr.lock,<locked _thread.RLock object owner=11076 count=1 at 0x000002186FAE4510>> ,hold 3309 ms
[INFO]2021-05-11 13:40:36,853: name=worker 2, pid=10920, tid=11076
[01] File "E:/Users/Administrator/AppData/Local/Programs/Python/Python38/lib/threading.py", line 870, in run() 
[02] File "E:/Users/Administrator/AppData/Local/Programs/Python/Python38/lib/site-packages/paste/httpserver.py", line 903, in worker_thread_callback() 
[03] File "E:/Users/Administrator/AppData/Local/Programs/Python/Python38/lib/site-packages/paste/httpserver.py", line 1077, in <lambda>() 
[04] File "E:/Users/Administrator/AppData/Local/Programs/Python/Python38/lib/site-packages/paste/httpserver.py", line 1092, in process_request_in_thread() 
[05] File "E:/Users/Administrator/AppData/Local/Programs/Python/Python38/lib/socketserver.py", line 360, in finish_request() 
[06] File "E:/Users/Administrator/AppData/Local/Programs/Python/Python38/lib/socketserver.py", line 720, in __init__() 
[07] File "E:/Users/Administrator/AppData/Local/Programs/Python/Python38/lib/site-packages/paste/httpserver.py", line 460, in handle() 
[08] File "E:/Users/Administrator/AppData/Local/Programs/Python/Python38/lib/http/server.py", line 427, in handle() 
[09] File "E:/Users/Administrator/AppData/Local/Programs/Python/Python38/lib/site-packages/paste/httpserver.py", line 455, in handle_one_request() 
[10] File "E:/Users/Administrator/AppData/Local/Programs/Python/Python38/lib/site-packages/paste/httpserver.py", line 304, in wsgi_execute() 
[11] File "E:/Users/Administrator/AppData/Local/Programs/Python/Python38/lib/site-packages/paste/translogger.py", line 69, in __call__() 
[12] File "E:/Users/Administrator/AppData/Local/Programs/Python/Python38/lib/site-packages/bottle.py", line 985, in __call__() 
[13] File "E:/Users/Administrator/AppData/Local/Programs/Python/Python38/lib/site-packages/bottle.py", line 960, in wsgi() 
[14] File "E:/Users/Administrator/AppData/Local/Programs/Python/Python38/lib/site-packages/bottle.py", line 868, in _handle() 
[15] File "E:/Users/Administrator/AppData/Local/Programs/Python/Python38/lib/site-packages/bottle.py", line 1748, in wrapper() 
[16] File "E:/projects_by_myself/backup/MeiWei_back_0421/common/webutility.py", line 466, in _enable_cors() 
[17] File "E:/projects_by_myself/backup/MeiWei_back_0421/common/webutility.py", line 482, in _enable_cors() 
[18] File "E:/projects_by_myself/backup/MeiWei_back_0421/common/scadaUtility.py", line 45, in __call() 
[19] File "E:/projects_by_myself/backup/MeiWei_back_0421/agvCtrl/main_agv.py", line 58, in urlApply() 
[20] File "E:/projects_by_myself/backup/MeiWei_back_0421/agvCtrl/agvControl.py", line 1125, in apply() 
[21] File "E:/projects_by_myself/backup/MeiWei_back_0421/common/lock.py", line 122, in _call() 
[22] File "E:/projects_by_myself/backup/MeiWei_back_0421/common/lock.py", line 100, in release() 
[23] File "E:/projects_by_myself/backup/MeiWei_back_0421/common/enhance.py", line 258, in getTrace() 
[24] File "E:/projects_by_myself/backup/MeiWei_back_0421/common/enhance.py", line 240, in getThreadStack()
[DEBUG]2021-05-11 13:40:36,962: used 3888ms 200 OK application/json;charset=utf-8, GET: http://127.0.0.1:5551/api/agv/apply?appName=MeiWeiTask&autoLock=False&exclude&loc=1&mapId=meiwei428&taskId=609a18ce41e1d3967c05ebf6&timeout=10
[DEBUG]2021-05-11 13:40:37,327: GET: http://127.0.0.1:5551/api/agv/lock?agv=AGV30&appName=MeiWeiTask&taskId=609a18ce41e1d3967c05ebf6 addr: 127.0.0.1
[DEBUG]2021-05-11 13:40:37,390: lock:  AGV30 taskId 609a18ce41e1d3967c05ebf6 app MeiWeiTask
[WARNING]2021-05-11 13:40:38,522: AGV30 clear task finish, cur= meiwei428.9 task_status= 0
[DEBUG]2021-05-11 13:40:38,586: used 1259ms 200 OK application/json;charset=utf-8, GET: http://127.0.0.1:5551/api/agv/lock?agv=AGV30&appName=MeiWeiTask&taskId=609a18ce41e1d3967c05ebf6
[INFO]2021-05-11 13:40:38,727: task[609a18ce41e1d3967c05ebf6][-] 6(1) -> 7(8) [waitForAgv] apply AGV30
[INFO]2021-05-11 13:40:38,807: task[609a18ce41e1d3967c05ebf6] update info: {'agvId': 'AGV30', 'failMsg': '成功分配小车AGV30,检测顶升下降', 'updateTime': datetime.datetime(2021, 5, 11, 13, 40, 38, 775778)}
[WARNING]2021-05-11 13:40:38,869: scada.609a18ce41e1d3967c05ebf6[tid:11032] <locked _thread.RLock object owner=11032 count=1 at 0x000002187423DF00> ,hold 6032 ms
[INFO]2021-05-11 13:40:39,279: name=scada.609a18ce41e1d3967c05ebf6, pid=10920, tid=11032
[01] File "E:/Users/Administrator/AppData/Local/Programs/Python/Python38/lib/threading.py", line 870, in run() 
[02] File "../common/utility.py", line 167, in __call() 
[03] File "E:/projects_by_myself/backup/MeiWei_back_0421/akmCtrl/beans/scadaTaskBean.py", line 765, in _taskFunc() 
[04] File "../common/lock.py", line 122, in _call() 
[05] File "../common/lock.py", line 100, in release() 
[06] File "E:/projects_by_myself/backup/MeiWei_back_0421/common/enhance.py", line 258, in getTrace() 
[07] File "E:/projects_by_myself/backup/MeiWei_back_0421/common/enhance.py", line 240, in getThreadStack()
[DEBUG]2021-05-11 13:40:39,389: task[609a18ce41e1d3967c05ebf6][AGV30] 6(1) -> 7(8) [initJackdown] waitForAgv -> initJackdown
[INFO]2021-05-11 13:40:39,867: task[609a18ce41e1d3967c05ebf6][AGV30] 6(1) -> 7(8) [initJackdown] _jackDown
[DEBUG]2021-05-11 13:40:39,993: send http_get: http://127.0.0.1:5551/api/agv/jackdownOld?agv=AGV30&loc=None&timeoutSec=90
[DEBUG]2021-05-11 13:40:40,183: GET: http://127.0.0.1:5551/api/agv/jackdownOld?agv=AGV30&loc=None&timeoutSec=90 addr: 127.0.0.1
[INFO]2021-05-11 13:40:40,279: ************run jackDownOld********************
[DEBUG]2021-05-11 13:40:41,376: used 1193ms 200 OK application/json;charset=utf-8, GET: http://127.0.0.1:5551/api/agv/jackdownOld?agv=AGV30&loc=None&timeoutSec=90
[DEBUG]2021-05-11 13:40:41,488: [return] use 1495 ms,http_get: http://127.0.0.1:5551/api/agv/jackdownOld?agv=AGV30&loc=None&timeoutSec=90
[INFO]2021-05-11 13:40:41,597: task[609a18ce41e1d3967c05ebf6] update info: {'failMsg': '前往MeiWeiSource工位点拉取货架', 'updateTime': datetime.datetime(2021, 5, 11, 13, 40, 41, 565993)}
[DEBUG]2021-05-11 13:40:41,675: task[609a18ce41e1d3967c05ebf6][AGV30] 6(1) -> 7(8) [moveToPreSrc] initJackdown -> moveToPreSrc
[INFO]2021-05-11 13:40:42,150: ***************调用move方法
[DEBUG]2021-05-11 13:40:42,218: GET: http://127.0.0.1:5551/api/agv/move?WorkPlace=None&agv=AGV30&agvId=AGV30&appName=MeiWeiTask&floorId=meiwei428&isRotate&loc=meiwei428.1&location=1&taskId=609a18ce41e1d3967c05ebf6_2&taskType=scadaTask&timeoutSec=86400 addr: 127.0.0.1
[INFO]2021-05-11 13:40:42,238: Begin: AGV30 move from meiwei428.9 to meiwei428.1 by paths: [('meiwei428', ['9', '7', '12', '11', '10', '8', '6', '1'], 26.067652066750853)] task: 609a18ce41e1d3967c05ebf6_2 timeout 86400 used 8 ms
[INFO]2021-05-11 13:40:42,240: 移动到source的前置点 1
[DEBUG]2021-05-11 13:40:42,241: task[609a18ce41e1d3967c05ebf6][AGV30] 6(1) -> 7(8) [moveToPreSrc_onfinish] moveToPreSrc -> moveToPreSrc_onfinish
[DEBUG]2021-05-11 13:40:43,085: agvInfo: AGV30 meiwei428.9 move to meiwei428.1 ,taskId 609a18ce41e1d3967c05ebf6_2
[INFO]2021-05-11 13:40:43,623: 按钮任务状态： True
[INFO]2021-05-11 13:40:43,626: ****************接受到的数据**************： staticDevID: 1 devID: 223 keyID: 3
[INFO]2021-05-11 13:40:43,629: *********************任务列表 {'609a18ce41e1d3967c05ebf6': <beans.scadaTaskBean.scadaTask object at 0x000002187423DD60>}
[INFO]2021-05-11 13:40:43,631: 没有相应的按钮任务，请勿随意点击按钮： 3 bt_1 2021-05-11 13:40:43
[INFO]2021-05-11 13:40:43,650: 信息*********map: meiwei423 agvId AGV30 tyepe: move loc p2
[DEBUG]2021-05-11 13:40:50,163: AGV30 set loc meiwei428.7 ,old 9 (23.40,0.76)
[DEBUG]2021-05-11 13:40:52,209: AGV30 set loc meiwei428.12 ,old 7 (21.72,0.69)
[DEBUG]2021-05-11 13:40:55,303: AGV30 set loc meiwei428.11 ,old 12 (19.18,0.56)
[DEBUG]2021-05-11 13:40:59,427: AGV30 set loc meiwei428.8 ,old 11 (15.95,0.56)
[INFO]2021-05-11 13:40:59,608: 按钮任务状态： True
[INFO]2021-05-11 13:40:59,611: ****************接受到的数据**************： staticDevID: 1 devID: 223 keyID: 3
[INFO]2021-05-11 13:40:59,614: *********************任务列表 {'609a18ce41e1d3967c05ebf6': <beans.scadaTaskBean.scadaTask object at 0x000002187423DD60>}
[INFO]2021-05-11 13:40:59,617: 没有相应的按钮任务，请勿随意点击按钮： 3 bt_1 2021-05-11 13:40:59
[INFO]2021-05-11 13:40:59,636: 信息*********map: meiwei423 agvId AGV30 tyepe: move loc p2
[DEBUG]2021-05-11 13:41:16,857: AGV30 set loc meiwei428.6 ,old 8 (2.15,0.27)
[DEBUG]2021-05-11 13:41:18,377: AGV30 set loc meiwei428.1 ,old 6 (2.12,1.10)
[SUCC]2021-05-11 13:41:19,882: Finish:  AGV30 arrived meiwei428.1 ,task: 609a18ce41e1d3967c05ebf6_2
[INFO]2021-05-11 13:41:20,151: task: move finish callback task[609a18ce41e1d3967c05ebf6][AGV30] 6(1) -> 7(8) [moveToPreSrc_onfinish]
[INFO]2021-05-11 13:41:20,154: ***********上料，已到达source前置*************
[INFO]2021-05-11 13:41:20,430: ***************调用_moveJackup方法
[DEBUG]2021-05-11 13:41:20,436: GET: http://127.0.0.1:5551/api/agv/move?WorkPlace=None&agv=AGV30&agvId=AGV30&appName=MeiWeiTask&direction=None&floorId=meiwei428&isRotate&loc=meiwei428.6&location=6&p_direction=0.0&recognize=False&result=True&resultDesc=None&seer_jackup=JackLoad&taskId=609a18ce41e1d3967c05ebf6_3&taskType=scadaTask&timeoutSec=86400&use_pgv=False addr: 127.0.0.1
[INFO]2021-05-11 13:41:20,453: Begin: AGV30 move from meiwei428.1 to meiwei428.6 by paths: [('meiwei428', ['1', '6'], 0.8303840339922958)] task: 609a18ce41e1d3967c05ebf6_3 timeout 86400 used 15 ms
[DEBUG]2021-05-11 13:41:20,455: used 19ms 200 OK application/json;charset=utf-8, GET: http://127.0.0.1:5551/api/agv/move?WorkPlace=None&agv=AGV30&agvId=AGV30&appName=MeiWeiTask&direction=None&floorId=meiwei428&isRotate&loc=meiwei428.6&location=6&p_direction=0.0&recognize=False&result=True&resultDesc=None&seer_jackup=JackLoad&taskId=609a18ce41e1d3967c05ebf6_3&taskType=scadaTask&timeoutSec=86400&use_pgv=False
[INFO]2021-05-11 13:41:20,457: ==============================runTasks._moveJackup()结束====================================
[DEBUG]2021-05-11 13:41:20,460: task[609a18ce41e1d3967c05ebf6][AGV30] 6(1) -> 7(8) [loadPlayload] startMoveJackup -> loadPlayload
[INFO]2021-05-11 13:41:21,456: ------------------------根据agvControl中的_func来到agvList中的moveJackup---------------999--------
[DEBUG]2021-05-11 13:41:21,459: agvInfo: AGV30 meiwei428.1 move jackup to meiwei428.6 ,taskId 609a18ce41e1d3967c05ebf6_3
[INFO]2021-05-11 13:41:21,538: 按钮任务状态： True
[INFO]2021-05-11 13:41:21,540: ****************接受到的数据**************： staticDevID: 1 devID: 223 keyID: 1
[INFO]2021-05-11 13:41:21,542: *********************任务列表 {'609a18ce41e1d3967c05ebf6': <beans.scadaTaskBean.scadaTask object at 0x000002187423DD60>}
[INFO]2021-05-11 13:41:21,543: 没有相应的按钮任务，请勿随意点击按钮： 1 bt_1 2021-05-11 13:41:21
[INFO]2021-05-11 13:41:21,556: 信息*********map: meiwei423 agvId AGV30 tyepe: move loc p1
[DEBUG]2021-05-11 13:41:22,990: AGV30 set loc meiwei428.6 ,old 1 (2.15,0.42)
[SUCC]2021-05-11 13:41:24,520: Finish:  AGV30 arrived meiwei428.6 ,task: 609a18ce41e1d3967c05ebf6_3
[INFO]2021-05-11 13:41:24,805: task: move finish callback task[609a18ce41e1d3967c05ebf6][AGV30] 6(1) -> 7(8) [loadPlayload]
[INFO]2021-05-11 13:41:24,809: ***************进入onFinish.loadPlayload**********************
[INFO]2021-05-11 13:41:24,813: task[609a18ce41e1d3967c05ebf6] update info: {'failMsg': 'AGV顶升', 'updateTime': datetime.datetime(2021, 5, 11, 13, 41, 24, 811480)}
[INFO]2021-05-11 13:41:24,817: *********发送下料到位信号********* 0,0,1,0
[INFO]2021-05-11 13:41:24,820: 当前信号： {'status': [0, 0, 0, 0, 0, 0, 0, 0]}
[INFO]2021-05-11 13:41:24,822: 无离开下料位信号，继续等待： 2021-05-11 13:41:24
[INFO]2021-05-11 13:41:24,824: 等待次数: 1
[INFO]2021-05-11 13:41:25,330: 当前信号： {'status': [0, 0, 0, 0, 0, 0, 0, 0]}
[INFO]2021-05-11 13:41:25,333: 无离开下料位信号，继续等待： 2021-05-11 13:41:25
[INFO]2021-05-11 13:41:25,335: 等待次数: 2
[INFO]2021-05-11 13:41:25,846: 当前信号： {'status': [0, 0, 0, 0, 0, 0, 0, 0]}
[INFO]2021-05-11 13:41:25,847: 无离开下料位信号，继续等待： 2021-05-11 13:41:25
[INFO]2021-05-11 13:41:25,851: 等待次数: 3
[INFO]2021-05-11 13:41:26,358: 当前信号： {'status': [0, 0, 0, 0, 0, 0, 0, 0]}
[INFO]2021-05-11 13:41:26,360: 无离开下料位信号，继续等待： 2021-05-11 13:41:26
[INFO]2021-05-11 13:41:26,362: 等待次数: 4
[INFO]2021-05-11 13:41:26,875: 当前信号： {'status': [0, 0, 0, 0, 0, 0, 0, 0]}
[INFO]2021-05-11 13:41:26,877: 无离开下料位信号，继续等待： 2021-05-11 13:41:26
[INFO]2021-05-11 13:41:26,881: 等待次数: 5
[INFO]2021-05-11 13:41:27,391: 当前信号： {'status': [0, 0, 0, 0, 0, 0, 0, 0]}
[INFO]2021-05-11 13:41:27,394: 无离开下料位信号，继续等待： 2021-05-11 13:41:27
[INFO]2021-05-11 13:41:27,396: 等待次数: 6
[INFO]2021-05-11 13:41:27,906: 当前信号： {'status': [0, 0, 0, 0, 0, 0, 0, 0]}
[INFO]2021-05-11 13:41:27,910: 无离开下料位信号，继续等待： 2021-05-11 13:41:27
[INFO]2021-05-11 13:41:27,912: 等待次数: 7
[INFO]2021-05-11 13:41:28,419: 当前信号： {'status': [0, 0, 0, 0, 0, 0, 0, 0]}
[INFO]2021-05-11 13:41:28,423: 无离开下料位信号，继续等待： 2021-05-11 13:41:28
[INFO]2021-05-11 13:41:28,425: 等待次数: 8
[INFO]2021-05-11 13:41:28,941: 当前信号： {'status': [0, 0, 0, 0, 0, 0, 0, 0]}
[INFO]2021-05-11 13:41:28,943: 无离开下料位信号，继续等待： 2021-05-11 13:41:28
[INFO]2021-05-11 13:41:28,949: 等待次数: 9
[INFO]2021-05-11 13:41:29,458: 当前信号： {'status': [0, 0, 0, 0, 0, 0, 0, 0]}
[INFO]2021-05-11 13:41:29,461: 无离开下料位信号，继续等待： 2021-05-11 13:41:29
[INFO]2021-05-11 13:41:29,468: 等待次数: 10
[INFO]2021-05-11 13:41:29,972: 当前信号： {'status': [0, 0, 0, 0, 0, 0, 0, 0]}
[INFO]2021-05-11 13:41:29,976: 无离开下料位信号，继续等待： 2021-05-11 13:41:29
[INFO]2021-05-11 13:41:29,982: 等待次数: 11
[INFO]2021-05-11 13:41:30,490: 当前信号： {'status': [0, 0, 0, 0, 0, 0, 0, 0]}
[INFO]2021-05-11 13:41:30,493: 无离开下料位信号，继续等待： 2021-05-11 13:41:30
[INFO]2021-05-11 13:41:30,496: 等待次数: 12
[INFO]2021-05-11 13:41:31,004: 当前信号： {'status': [0, 0, 0, 0, 0, 0, 0, 0]}
[INFO]2021-05-11 13:41:31,006: 无离开下料位信号，继续等待： 2021-05-11 13:41:31
[INFO]2021-05-11 13:41:31,009: 等待次数: 13
[INFO]2021-05-11 13:41:31,519: 当前信号： {'status': [0, 0, 0, 0, 0, 0, 0, 0]}
[INFO]2021-05-11 13:41:31,523: 无离开下料位信号，继续等待： 2021-05-11 13:41:31
[INFO]2021-05-11 13:41:31,529: 等待次数: 14
[INFO]2021-05-11 13:41:32,046: 当前信号： {'status': [0, 0, 0, 0, 0, 0, 0, 0]}
[INFO]2021-05-11 13:41:32,050: 无离开下料位信号，继续等待： 2021-05-11 13:41:32
[INFO]2021-05-11 13:41:32,052: 等待次数: 15
[INFO]2021-05-11 13:41:32,054: ****等待15次无离开信号****
[WARNING]2021-05-11 13:41:32,056: Thread-3[tid:13016] <locked _thread.RLock object owner=13016 count=1 at 0x000002187423DF00> ,hold 7251 ms
[INFO]2021-05-11 13:41:32,060: name=Thread-3, pid=10920, tid=13016
[01] File "E:/Users/Administrator/AppData/Local/Programs/Python/Python38/lib/threading.py", line 870, in run() 
[02] File "../agvCtrl/agvApi.py", line 279, in _checkFinish() 
[03] File "../common/lock.py", line 122, in _call() 
[04] File "../common/lock.py", line 100, in release() 
[05] File "E:/projects_by_myself/backup/MeiWei_back_0421/common/enhance.py", line 258, in getTrace() 
[06] File "E:/projects_by_myself/backup/MeiWei_back_0421/common/enhance.py", line 240, in getThreadStack()
[WARNING]2021-05-11 13:41:32,067: scada.609a18ce41e1d3967c05ebf6[tid:11032] <locked _thread.RLock object owner=11032 count=1 at 0x000002187423DF00> ,hold 7237 ms
[INFO]2021-05-11 13:41:32,070: name=scada.609a18ce41e1d3967c05ebf6, pid=10920, tid=11032
[01] File "E:/Users/Administrator/AppData/Local/Programs/Python/Python38/lib/threading.py", line 870, in run() 
[02] File "../common/utility.py", line 167, in __call() 
[03] File "E:/projects_by_myself/backup/MeiWei_back_0421/akmCtrl/beans/scadaTaskBean.py", line 765, in _taskFunc() 
[04] File "../common/lock.py", line 122, in _call() 
[05] File "../common/lock.py", line 100, in release() 
[06] File "E:/projects_by_myself/backup/MeiWei_back_0421/common/enhance.py", line 258, in getTrace() 
[07] File "E:/projects_by_myself/backup/MeiWei_back_0421/common/enhance.py", line 240, in getThreadStack()
[DEBUG]2021-05-11 13:41:32,074: task[609a18ce41e1d3967c05ebf6][AGV30] 6(1) -> 7(8) [loadPlayload_jackup] loadPlayload_readqr -> loadPlayload_jackup
[INFO]2021-05-11 13:41:32,392: task[609a18ce41e1d3967c05ebf6][AGV30] 6(1) -> 7(8) [loadPlayload_jackup] _jackUp
[DEBUG]2021-05-11 13:41:32,395: send http_get: http://127.0.0.1:5551/api/agv/jackupOld?agv=AGV30&loc=None&timeoutSec=90
[DEBUG]2021-05-11 13:41:32,405: GET: http://127.0.0.1:5551/api/agv/jackupOld?agv=AGV30&loc=None&timeoutSec=90 addr: 127.0.0.1
[INFO]2021-05-11 13:41:32,410: ************run jackUpOld********************
[DEBUG]2021-05-11 13:41:33,569: used 1164ms 200 OK application/json;charset=utf-8, GET: http://127.0.0.1:5551/api/agv/jackupOld?agv=AGV30&loc=None&timeoutSec=90
[DEBUG]2021-05-11 13:41:33,726: [return] use 1331 ms,http_get: http://127.0.0.1:5551/api/agv/jackupOld?agv=AGV30&loc=None&timeoutSec=90
[INFO]2021-05-11 13:41:33,821: task[609a18ce41e1d3967c05ebf6] update info: {'failMsg': '等待MeiWeiTarget工位点锁', 'updateTime': datetime.datetime(2021, 5, 11, 13, 41, 33, 805884)}
[DEBUG]2021-05-11 13:41:33,866: task[609a18ce41e1d3967c05ebf6][AGV30] 6(1) -> 7(8) [waitDestPreLoc] loadPlayload_jackup -> waitDestPreLoc
[INFO]2021-05-11 13:41:34,278: task: prepoint locked  609a18ce41e1d3967c05ebf6 meiwei428.7
[INFO]2021-05-11 13:41:34,451: task[609a18ce41e1d3967c05ebf6] update info: {'failMsg': '前往7工位点放下货架', 'updateTime': datetime.datetime(2021, 5, 11, 13, 41, 34, 389387)}
[DEBUG]2021-05-11 13:41:34,546: task[609a18ce41e1d3967c05ebf6][AGV30] 6(1) -> 7(8) [movePreSource] waitDestPreLoc -> movePreSource
[INFO]2021-05-11 13:41:34,832: 按钮任务状态： True
[INFO]2021-05-11 13:41:34,911: ****************接受到的数据**************： staticDevID: 1 devID: 223 keyID: 1
[INFO]2021-05-11 13:41:34,989: *********************任务列表 {'609a18ce41e1d3967c05ebf6': <beans.scadaTaskBean.scadaTask object at 0x000002187423DD60>}
[INFO]2021-05-11 13:41:35,085: 没有相应的按钮任务，请勿随意点击按钮： 1 bt_1 2021-05-11 13:41:35
[INFO]2021-05-11 13:41:35,133: *************进入目的地的前置点***********
[INFO]2021-05-11 13:41:35,548: ***************调用move方法
[DEBUG]2021-05-11 13:41:35,630: GET: http://127.0.0.1:5551/api/agv/move?WorkPlace=None&agv=AGV30&agvId=AGV30&appName=MeiWeiTask&direction=None&floorId=meiwei428&isRotate&loc=meiwei428.8&location=8&p_direction=0.0&recognize=False&result=True&resultDesc=None&taskId=609a18ce41e1d3967c05ebf6_4&taskType=scadaTask&timeoutSec=86400&use_pgv=False addr: 127.0.0.1
[INFO]2021-05-11 13:41:35,651: 信息*********map: meiwei423 agvId AGV30 tyepe: move loc p1
[INFO]2021-05-11 13:41:35,656: Begin: AGV30 move from meiwei428.6 to meiwei428.8 by paths: [('meiwei428', ['6', '8'], 13.796457493088086)] task: 609a18ce41e1d3967c05ebf6_4 timeout 86400 used 23 ms
[DEBUG]2021-05-11 13:41:35,658: used 28ms 200 OK application/json;charset=utf-8, GET: http://127.0.0.1:5551/api/agv/move?WorkPlace=None&agv=AGV30&agvId=AGV30&appName=MeiWeiTask&direction=None&floorId=meiwei428&isRotate&loc=meiwei428.8&location=8&p_direction=0.0&recognize=False&result=True&resultDesc=None&taskId=609a18ce41e1d3967c05ebf6_4&taskType=scadaTask&timeoutSec=86400&use_pgv=False
[DEBUG]2021-05-11 13:41:35,660: task[609a18ce41e1d3967c05ebf6][AGV30] 6(1) -> 7(8) [movePreSourceStep] movePreSource -> movePreSourceStep
[DEBUG]2021-05-11 13:41:36,421: agvInfo: AGV30 meiwei428.6 move to meiwei428.8 ,taskId 609a18ce41e1d3967c05ebf6_4
[INFO]2021-05-11 13:41:37,369: 按钮任务状态： True
[INFO]2021-05-11 13:41:37,372: ****************接受到的数据**************： staticDevID: 1 devID: 223 keyID: 1
[INFO]2021-05-11 13:41:37,374: *********************任务列表 {'609a18ce41e1d3967c05ebf6': <beans.scadaTaskBean.scadaTask object at 0x000002187423DD60>}
[INFO]2021-05-11 13:41:37,376: 没有相应的按钮任务，请勿随意点击按钮： 1 bt_1 2021-05-11 13:41:37
[INFO]2021-05-11 13:41:37,392: 信息*********map: meiwei423 agvId AGV30 tyepe: move loc p1
[DEBUG]2021-05-11 13:41:55,437: AGV30 set loc meiwei428.8 ,old 6 (15.95,0.56)
[SUCC]2021-05-11 13:41:56,849: Finish:  AGV30 arrived meiwei428.8 ,task: 609a18ce41e1d3967c05ebf6_4
[INFO]2021-05-11 13:41:56,962: task: move finish callback task[609a18ce41e1d3967c05ebf6][AGV30] 6(1) -> 7(8) [movePreSourceStep]
[INFO]2021-05-11 13:41:56,963: *****发送完全离开了下料点的信号***** 0,0,0,1
[INFO]2021-05-11 13:41:56,966: *****三个工位点移动*****
[INFO]2021-05-11 13:41:56,968: *****移动到下料工作站1*****
[INFO]2021-05-11 13:41:57,225: ***************调用move方法
[DEBUG]2021-05-11 13:41:57,231: GET: http://127.0.0.1:5551/api/agv/move?WorkPlace=None&agv=AGV30&agvId=AGV30&appName=MeiWeiTask&direction=None&floorId=meiwei428&isRotate&loc=meiwei428.10&location=10&p_direction=0.0&recognize=False&result=True&resultDesc=None&taskId=609a18ce41e1d3967c05ebf6_5&taskType=scadaTask&timeoutSec=86400&use_pgv=False addr: 127.0.0.1
[INFO]2021-05-11 13:41:57,250: Begin: AGV30 move from meiwei428.8 to meiwei428.10 by paths: [('meiwei428', ['8', '10'], 1.8044640304941097)] task: 609a18ce41e1d3967c05ebf6_5 timeout 86400 used 14 ms
[DEBUG]2021-05-11 13:41:57,252: used 21ms 200 OK application/json;charset=utf-8, GET: http://127.0.0.1:5551/api/agv/move?WorkPlace=None&agv=AGV30&agvId=AGV30&appName=MeiWeiTask&direction=None&floorId=meiwei428&isRotate&loc=meiwei428.10&location=10&p_direction=0.0&recognize=False&result=True&resultDesc=None&taskId=609a18ce41e1d3967c05ebf6_5&taskType=scadaTask&timeoutSec=86400&use_pgv=False
[DEBUG]2021-05-11 13:41:57,254: task[609a18ce41e1d3967c05ebf6][AGV30] 6(1) -> 7(8) [move2workstation1_onfinish] move2workstation1 -> move2workstation1_onfinish
[DEBUG]2021-05-11 13:41:57,890: agvInfo: AGV30 meiwei428.8 move to meiwei428.10 ,taskId 609a18ce41e1d3967c05ebf6_5
[DEBUG]2021-05-11 13:42:00,567: AGV30 set loc meiwei428.10 ,old 8 (17.75,0.56)
[SUCC]2021-05-11 13:42:01,990: Finish:  AGV30 arrived meiwei428.10 ,task: 609a18ce41e1d3967c05ebf6_5
[INFO]2021-05-11 13:42:02,104: task: move finish callback task[609a18ce41e1d3967c05ebf6][AGV30] 6(1) -> 7(8) [move2workstation1_onfinish]
[INFO]2021-05-11 13:42:02,109: ****移动到下料工作站1****
[INFO]2021-05-11 13:42:02,110: ***工作站1等待放行信号， {'bt_0': [0, 0, 0], 'bt_1': [0, 0, 0], 'bt_2': [0, 0, 0]} 2021-05-11 13:42:02
[INFO]2021-05-11 13:42:03,614: ***工作站1等待放行信号， {'bt_0': [0, 0, 0], 'bt_1': [0, 0, 0], 'bt_2': [0, 0, 0]} 2021-05-11 13:42:03
[INFO]2021-05-11 13:42:05,128: ***工作站1等待放行信号， {'bt_0': [0, 0, 0], 'bt_1': [0, 0, 0], 'bt_2': [0, 0, 0]} 2021-05-11 13:42:05
[INFO]2021-05-11 13:42:06,644: ***工作站1等待放行信号， {'bt_0': [0, 0, 0], 'bt_1': [0, 0, 0], 'bt_2': [0, 0, 0]} 2021-05-11 13:42:06
[INFO]2021-05-11 13:42:07,811: 按钮任务状态： True
[INFO]2021-05-11 13:42:07,814: ****************接受到的数据**************： staticDevID: 1 devID: 223 keyID: 1
[INFO]2021-05-11 13:42:07,822: *********************任务列表 {'609a18ce41e1d3967c05ebf6': <beans.scadaTaskBean.scadaTask object at 0x000002187423DD60>}
[INFO]2021-05-11 13:42:07,823: 没有相应的按钮任务，请勿随意点击按钮： 1 bt_1 2021-05-11 13:42:07
[INFO]2021-05-11 13:42:07,836: 信息*********map: meiwei423 agvId AGV30 tyepe: move loc p1
[INFO]2021-05-11 13:42:08,161: ***工作站1等待放行信号， {'bt_0': [0, 0, 0], 'bt_1': [0, 0, 0], 'bt_2': [0, 0, 0]} 2021-05-11 13:42:08
[INFO]2021-05-11 13:42:09,679: ***工作站1等待放行信号， {'bt_0': [0, 0, 0], 'bt_1': [0, 0, 0], 'bt_2': [0, 0, 0]} 2021-05-11 13:42:09
[INFO]2021-05-11 13:42:10,632: 按钮任务状态： True
[INFO]2021-05-11 13:42:10,635: ****************接受到的数据**************： staticDevID: 1 devID: 223 keyID: 1
[INFO]2021-05-11 13:42:10,638: *********************任务列表 {'609a18ce41e1d3967c05ebf6': <beans.scadaTaskBean.scadaTask object at 0x000002187423DD60>}
[INFO]2021-05-11 13:42:10,640: 没有相应的按钮任务，请勿随意点击按钮： 1 bt_1 2021-05-11 13:42:10
[INFO]2021-05-11 13:42:10,656: 信息*********map: meiwei423 agvId AGV30 tyepe: move loc p1
[INFO]2021-05-11 13:42:11,197: ***工作站1等待放行信号， {'bt_0': [0, 0, 0], 'bt_1': [0, 0, 0], 'bt_2': [0, 0, 0]} 2021-05-11 13:42:11
[INFO]2021-05-11 13:42:12,277: 按钮任务状态： True
[INFO]2021-05-11 13:42:12,278: ****************接受到的数据**************： staticDevID: 1 devID: 223 keyID: 1
[INFO]2021-05-11 13:42:12,280: *********************任务列表 {'609a18ce41e1d3967c05ebf6': <beans.scadaTaskBean.scadaTask object at 0x000002187423DD60>}
[INFO]2021-05-11 13:42:12,281: 没有相应的按钮任务，请勿随意点击按钮： 1 bt_1 2021-05-11 13:42:12
[INFO]2021-05-11 13:42:12,288: 信息*********map: meiwei423 agvId AGV30 tyepe: move loc p1
[INFO]2021-05-11 13:42:12,706: ***工作站1等待放行信号， {'bt_0': [0, 0, 0], 'bt_1': [0, 0, 0], 'bt_2': [0, 0, 0]} 2021-05-11 13:42:12
[INFO]2021-05-11 13:42:13,937: 按钮任务状态： True
[INFO]2021-05-11 13:42:13,940: ****************接受到的数据**************： staticDevID: 1 devID: 223 keyID: 1
[INFO]2021-05-11 13:42:13,942: *********************任务列表 {'609a18ce41e1d3967c05ebf6': <beans.scadaTaskBean.scadaTask object at 0x000002187423DD60>}
[INFO]2021-05-11 13:42:13,945: 没有相应的按钮任务，请勿随意点击按钮： 1 bt_1 2021-05-11 13:42:13
[INFO]2021-05-11 13:42:13,960: 信息*********map: meiwei423 agvId AGV30 tyepe: move loc p1
[INFO]2021-05-11 13:42:14,214: ***工作站1等待放行信号， {'bt_0': [0, 0, 0], 'bt_1': [0, 0, 0], 'bt_2': [0, 0, 0]} 2021-05-11 13:42:14
[INFO]2021-05-11 13:42:15,403: 按钮任务状态： True
[INFO]2021-05-11 13:42:15,407: ****************接受到的数据**************： staticDevID: 1 devID: 223 keyID: 1
[INFO]2021-05-11 13:42:15,409: *********************任务列表 {'609a18ce41e1d3967c05ebf6': <beans.scadaTaskBean.scadaTask object at 0x000002187423DD60>}
[INFO]2021-05-11 13:42:15,411: 没有相应的按钮任务，请勿随意点击按钮： 1 bt_1 2021-05-11 13:42:15
[INFO]2021-05-11 13:42:15,425: 信息*********map: meiwei423 agvId AGV30 tyepe: move loc p1
[INFO]2021-05-11 13:42:15,731: ***工作站1等待放行信号， {'bt_0': [0, 0, 0], 'bt_1': [0, 0, 0], 'bt_2': [0, 0, 0]} 2021-05-11 13:42:15
[INFO]2021-05-11 13:42:17,237: ***工作站1等待放行信号， {'bt_0': [0, 0, 0], 'bt_1': [0, 0, 0], 'bt_2': [0, 0, 0]} 2021-05-11 13:42:17
[INFO]2021-05-11 13:42:18,686: 按钮任务状态： True
[INFO]2021-05-11 13:42:18,690: ****************接受到的数据**************： staticDevID: 1 devID: 223 keyID: 1
[INFO]2021-05-11 13:42:18,692: *********************任务列表 {'609a18ce41e1d3967c05ebf6': <beans.scadaTaskBean.scadaTask object at 0x000002187423DD60>}
[INFO]2021-05-11 13:42:18,695: 没有相应的按钮任务，请勿随意点击按钮： 1 bt_1 2021-05-11 13:42:18
[INFO]2021-05-11 13:42:18,704: 信息*********map: meiwei423 agvId AGV30 tyepe: move loc p1
[INFO]2021-05-11 13:42:18,755: ***工作站1等待放行信号， {'bt_0': [0, 0, 0], 'bt_1': [0, 0, 0], 'bt_2': [0, 0, 0]} 2021-05-11 13:42:18
[INFO]2021-05-11 13:42:20,263: ***工作站1等待放行信号， {'bt_0': [0, 0, 0], 'bt_1': [0, 0, 0], 'bt_2': [0, 0, 0]} 2021-05-11 13:42:20
[INFO]2021-05-11 13:42:21,771: ***工作站1等待放行信号， {'bt_0': [0, 0, 0], 'bt_1': [0, 0, 0], 'bt_2': [0, 0, 0]} 2021-05-11 13:42:21
[INFO]2021-05-11 13:42:23,285: ***工作站1等待放行信号， {'bt_0': [0, 0, 0], 'bt_1': [0, 0, 0], 'bt_2': [0, 0, 0]} 2021-05-11 13:42:23
[INFO]2021-05-11 13:42:24,440: name=mock.move, pid=10920, tid=10412
[01] File "E:/Users/Administrator/AppData/Local/Programs/Python/Python38/lib/threading.py", line 870, in run() 
[02] File "../driver/seerAgv_0427/mockAgvCtrl.py", line 295, in moveFunc() 

name=scada.609a18ce41e1d3967c05ebf6, pid=10920, tid=11032
[01] File "E:/Users/Administrator/AppData/Local/Programs/Python/Python38/lib/threading.py", line 870, in run() 
[02] File "../common/utility.py", line 167, in __call() 
[03] File "E:/projects_by_myself/backup/MeiWei_back_0421/akmCtrl/beans/scadaTaskBean.py", line 765, in _taskFunc() 
[04] File "../common/lock.py", line 118, in _call() 
[05] File "../common/lock.py", line 72, in acquire() 

name=Thread-3, pid=10920, tid=13016
[01] File "E:/Users/Administrator/AppData/Local/Programs/Python/Python38/lib/threading.py", line 870, in run() 
[02] File "../agvCtrl/agvApi.py", line 279, in _checkFinish() 
[03] File "../common/lock.py", line 120, in _call() 
[04] File "E:/projects_by_myself/backup/MeiWei_back_0421/akmCtrl/beans/scadaTaskBean.py", line 417, in onFinish() 

name=agv.hasDeadlock, pid=10920, tid=17916
[01] File "E:/Users/Administrator/AppData/Local/Programs/Python/Python38/lib/threading.py", line 870, in run() 
[02] File "E:/projects_by_myself/backup/MeiWei_back_0421/agvCtrl/agvControl.py", line 1024, in _threadFunc() 

name=worker 9, pid=10920, tid=9020
[01] File "E:/Users/Administrator/AppData/Local/Programs/Python/Python38/lib/threading.py", line 870, in run() 
[02] File "E:/Users/Administrator/AppData/Local/Programs/Python/Python38/lib/site-packages/paste/httpserver.py", line 891, in worker_thread_callback() 
[03] File "E:/Users/Administrator/AppData/Local/Programs/Python/Python38/lib/queue.py", line 170, in get() 
[04] File "E:/Users/Administrator/AppData/Local/Programs/Python/Python38/lib/threading.py", line 302, in wait() 

name=worker 8, pid=10920, tid=12256
[01] File "E:/Users/Administrator/AppData/Local/Programs/Python/Python38/lib/threading.py", line 870, in run() 
[02] File "E:/Users/Administrator/AppData/Local/Programs/Python/Python38/lib/site-packages/paste/httpserver.py", line 891, in worker_thread_callback() 
[03] File "E:/Users/Administrator/AppData/Local/Programs/Python/Python38/lib/queue.py", line 170, in get() 
[04] File "E:/Users/Administrator/AppData/Local/Programs/Python/Python38/lib/threading.py", line 302, in wait() 

name=worker 7, pid=10920, tid=10264
[01] File "E:/Users/Administrator/AppData/Local/Programs/Python/Python38/lib/threading.py", line 870, in run() 
[02] File "E:/Users/Administrator/AppData/Local/Programs/Python/Python38/lib/site-packages/paste/httpserver.py", line 891, in worker_thread_callback() 
[03] File "E:/Users/Administrator/AppData/Local/Programs/Python/Python38/lib/queue.py", line 170, in get() 
[04] File "E:/Users/Administrator/AppData/Local/Programs/Python/Python38/lib/threading.py", line 302, in wait() 

name=worker 6, pid=10920, tid=16556
[01] File "E:/Users/Administrator/AppData/Local/Programs/Python/Python38/lib/threading.py", line 870, in run() 
[02] File "E:/Users/Administrator/AppData/Local/Programs/Python/Python38/lib/site-packages/paste/httpserver.py", line 891, in worker_thread_callback() 
[03] File "E:/Users/Administrator/AppData/Local/Programs/Python/Python38/lib/queue.py", line 170, in get() 
[04] File "E:/Users/Administrator/AppData/Local/Programs/Python/Python38/lib/threading.py", line 302, in wait() 

name=worker 5, pid=10920, tid=11452
[01] File "E:/Users/Administrator/AppData/Local/Programs/Python/Python38/lib/threading.py", line 870, in run() 
[02] File "E:/Users/Administrator/AppData/Local/Programs/Python/Python38/lib/site-packages/paste/httpserver.py", line 891, in worker_thread_callback() 
[03] File "E:/Users/Administrator/AppData/Local/Programs/Python/Python38/lib/queue.py", line 170, in get() 
[04] File "E:/Users/Administrator/AppData/Local/Programs/Python/Python38/lib/threading.py", line 302, in wait() 

name=worker 4, pid=10920, tid=3200
[01] File "E:/Users/Administrator/AppData/Local/Programs/Python/Python38/lib/threading.py", line 870, in run() 
[02] File "E:/Users/Administrator/AppData/Local/Programs/Python/Python38/lib/site-packages/paste/httpserver.py", line 891, in worker_thread_callback() 
[03] File "E:/Users/Administrator/AppData/Local/Programs/Python/Python38/lib/queue.py", line 170, in get() 
[04] File "E:/Users/Administrator/AppData/Local/Programs/Python/Python38/lib/threading.py", line 302, in wait() 

name=worker 3, pid=10920, tid=15272
[01] File "E:/Users/Administrator/AppData/Local/Programs/Python/Python38/lib/threading.py", line 870, in run() 
[02] File "E:/Users/Administrator/AppData/Local/Programs/Python/Python38/lib/site-packages/paste/httpserver.py", line 891, in worker_thread_callback() 
[03] File "E:/Users/Administrator/AppData/Local/Programs/Python/Python38/lib/queue.py", line 170, in get() 
[04] File "E:/Users/Administrator/AppData/Local/Programs/Python/Python38/lib/threading.py", line 302, in wait() 

name=worker 2, pid=10920, tid=11076
[01] File "E:/Users/Administrator/AppData/Local/Programs/Python/Python38/lib/threading.py", line 870, in run() 
[02] File "E:/Users/Administrator/AppData/Local/Programs/Python/Python38/lib/site-packages/paste/httpserver.py", line 891, in worker_thread_callback() 
[03] File "E:/Users/Administrator/AppData/Local/Programs/Python/Python38/lib/queue.py", line 170, in get() 
[04] File "E:/Users/Administrator/AppData/Local/Programs/Python/Python38/lib/threading.py", line 302, in wait() 

name=worker 1, pid=10920, tid=16284
[01] File "E:/Users/Administrator/AppData/Local/Programs/Python/Python38/lib/threading.py", line 870, in run() 
[02] File "E:/Users/Administrator/AppData/Local/Programs/Python/Python38/lib/site-packages/paste/httpserver.py", line 891, in worker_thread_callback() 
[03] File "E:/Users/Administrator/AppData/Local/Programs/Python/Python38/lib/queue.py", line 170, in get() 
[04] File "E:/Users/Administrator/AppData/Local/Programs/Python/Python38/lib/threading.py", line 302, in wait() 

name=worker 0, pid=10920, tid=1736
[01] File "E:/Users/Administrator/AppData/Local/Programs/Python/Python38/lib/threading.py", line 870, in run() 
[02] File "E:/Users/Administrator/AppData/Local/Programs/Python/Python38/lib/site-packages/paste/httpserver.py", line 891, in worker_thread_callback() 
[03] File "E:/Users/Administrator/AppData/Local/Programs/Python/Python38/lib/queue.py", line 170, in get() 
[04] File "E:/Users/Administrator/AppData/Local/Programs/Python/Python38/lib/threading.py", line 302, in wait() 

name=Thread-2, pid=10920, tid=9004
[01] File "E:/Users/Administrator/AppData/Local/Programs/Python/Python38/lib/threading.py", line 870, in run() 
[02] File "E:/projects_by_myself/backup/MeiWei_back_0421/feed/main_feed.py", line 110, in _handle() 
[03] File "E:/projects_by_myself/backup/MeiWei_back_0421/common/tcpSocket.py", line 166, in recv() 

name=timer_thread, pid=10920, tid=16840
[01] File "E:/Users/Administrator/AppData/Local/Programs/Python/Python38/lib/threading.py", line 870, in run() 
[02] File "../common/mytimer.py", line 117, in _loop() 

name=agvThread2.AGV30, pid=10920, tid=10760
[01] File "E:/Users/Administrator/AppData/Local/Programs/Python/Python38/lib/threading.py", line 870, in run() 
[02] File "E:/projects_by_myself/backup/MeiWei_back_0421/agvCtrl/agvList.py", line 601, in run2() 

name=agvThread.AGV30, pid=10920, tid=17060
[01] File "E:/Users/Administrator/AppData/Local/Programs/Python/Python38/lib/threading.py", line 870, in run() 
[02] File "E:/projects_by_myself/backup/MeiWei_back_0421/agvCtrl/agvList.py", line 589, in run() 

name=timer_thread, pid=10920, tid=11672
[01] File "E:/Users/Administrator/AppData/Local/Programs/Python/Python38/lib/threading.py", line 870, in run() 
[02] File "E:/projects_by_myself/backup/MeiWei_back_0421/common/mytimer.py", line 117, in _loop() 

name=tcplisten.port_10001, pid=10920, tid=7700
[01] File "E:/Users/Administrator/AppData/Local/Programs/Python/Python38/lib/threading.py", line 870, in run() 
[02] File "E:/projects_by_myself/backup/MeiWei_back_0421/common/tcpSocket.py", line 66, in _acceptThread() 
[03] File "E:/Users/Administrator/AppData/Local/Programs/Python/Python38/lib/socket.py", line 292, in accept() 

name=Thread-1, pid=10920, tid=14240
[01] File "E:/Users/Administrator/AppData/Local/Programs/Python/Python38/lib/threading.py", line 870, in run() 
[02] File "E:/projects_by_myself/backup/MeiWei_back_0421/agvCtrl/main_agv.py", line 332, in showThread() 
[03] File "E:/projects_by_myself/backup/MeiWei_back_0421/agvCtrl/agvControl.py", line 1369, in show() 
[04] File "E:/projects_by_myself/backup/MeiWei_back_0421/agvCtrl/mainFrame.py", line 236, in show() 

name=door.meiwei428.ping, pid=10920, tid=14352
[01] File "E:/Users/Administrator/AppData/Local/Programs/Python/Python38/lib/threading.py", line 870, in run() 
[02] File "E:/projects_by_myself/backup/MeiWei_back_0421/agvCtrl/doorMgr.py", line 194, in check() 

name=door.meiwei428, pid=10920, tid=16100
[01] File "E:/Users/Administrator/AppData/Local/Programs/Python/Python38/lib/threading.py", line 870, in run() 
[02] File "E:/projects_by_myself/backup/MeiWei_back_0421/agvCtrl/doorMgr.py", line 185, in run() 

name=door.meiwei423.ping, pid=10920, tid=3436
[01] File "E:/Users/Administrator/AppData/Local/Programs/Python/Python38/lib/threading.py", line 870, in run() 
[02] File "E:/projects_by_myself/backup/MeiWei_back_0421/agvCtrl/doorMgr.py", line 194, in check() 

name=door.meiwei423, pid=10920, tid=8964
[01] File "E:/Users/Administrator/AppData/Local/Programs/Python/Python38/lib/threading.py", line 870, in run() 
[02] File "E:/projects_by_myself/backup/MeiWei_back_0421/agvCtrl/doorMgr.py", line 185, in run() 

name=door.desai-all-20191223.ping, pid=10920, tid=14488
[01] File "E:/Users/Administrator/AppData/Local/Programs/Python/Python38/lib/threading.py", line 870, in run() 
[02] File "E:/projects_by_myself/backup/MeiWei_back_0421/agvCtrl/doorMgr.py", line 194, in check() 

name=door.desai-all-20191223, pid=10920, tid=9716
[01] File "E:/Users/Administrator/AppData/Local/Programs/Python/Python38/lib/threading.py", line 870, in run() 
[02] File "E:/projects_by_myself/backup/MeiWei_back_0421/agvCtrl/doorMgr.py", line 185, in run() 

name=door.akmsmtMap.ping, pid=10920, tid=13876
[01] File "E:/Users/Administrator/AppData/Local/Programs/Python/Python38/lib/threading.py", line 870, in run() 
[02] File "E:/projects_by_myself/backup/MeiWei_back_0421/agvCtrl/doorMgr.py", line 194, in check() 

name=door.akmsmtMap, pid=10920, tid=1376
[01] File "E:/Users/Administrator/AppData/Local/Programs/Python/Python38/lib/threading.py", line 870, in run() 
[02] File "E:/projects_by_myself/backup/MeiWei_back_0421/agvCtrl/doorMgr.py", line 185, in run() 

name=door.akmsmt.ping, pid=10920, tid=16844
[01] File "E:/Users/Administrator/AppData/Local/Programs/Python/Python38/lib/threading.py", line 870, in run() 
[02] File "E:/projects_by_myself/backup/MeiWei_back_0421/agvCtrl/doorMgr.py", line 194, in check() 

name=door.akmsmt, pid=10920, tid=11460
[01] File "E:/Users/Administrator/AppData/Local/Programs/Python/Python38/lib/threading.py", line 870, in run() 
[02] File "E:/projects_by_myself/backup/MeiWei_back_0421/agvCtrl/doorMgr.py", line 185, in run() 

name=elevator.keep, pid=10920, tid=14396
[01] File "E:/Users/Administrator/AppData/Local/Programs/Python/Python38/lib/threading.py", line 870, in run() 
[02] File "E:/projects_by_myself/backup/MeiWei_back_0421/agvCtrl/elevatorMgr.py", line 497, in keepOpenThread() 

name=door.AKM2F.ping, pid=10920, tid=13512
[01] File "E:/Users/Administrator/AppData/Local/Programs/Python/Python38/lib/threading.py", line 870, in run() 
[02] File "E:/projects_by_myself/backup/MeiWei_back_0421/agvCtrl/doorMgr.py", line 194, in check() 

name=door.AKM2F, pid=10920, tid=3836
[01] File "E:/Users/Administrator/AppData/Local/Programs/Python/Python38/lib/threading.py", line 870, in run() 
[02] File "E:/projects_by_myself/backup/MeiWei_back_0421/agvCtrl/doorMgr.py", line 185, in run() 

name=pymongo_kill_cursors_thread, pid=10920, tid=5160
[01] File "E:/Users/Administrator/AppData/Local/Programs/Python/Python38/lib/threading.py", line 870, in run() 
[02] File "E:/Users/Administrator/AppData/Local/Programs/Python/Python38/lib/site-packages/pymongo/periodic_executor.py", line 140, in _run() 

name=pymongo_server_monitor_thread, pid=10920, tid=8724
[01] File "E:/Users/Administrator/AppData/Local/Programs/Python/Python38/lib/threading.py", line 870, in run() 
[02] File "E:/Users/Administrator/AppData/Local/Programs/Python/Python38/lib/site-packages/pymongo/periodic_executor.py", line 140, in _run() 

name=tcplisten.port_6789, pid=10920, tid=6148
[01] File "E:/Users/Administrator/AppData/Local/Programs/Python/Python38/lib/threading.py", line 870, in run() 
[02] File "E:/projects_by_myself/backup/MeiWei_back_0421/common/tcpSocket.py", line 66, in _acceptThread() 
[03] File "E:/Users/Administrator/AppData/Local/Programs/Python/Python38/lib/socket.py", line 292, in accept() 

name=MainThread, pid=10920, tid=7288
[01] File "run_all.py", line 60, in <module>() 
[02] File "E:/projects_by_myself/backup/MeiWei_back_0421/common/webutility.py", line 321, in run() 
[03] File "E:/Users/Administrator/AppData/Local/Programs/Python/Python38/lib/site-packages/bottle.py", line 3137, in run() 
[04] File "E:/Users/Administrator/AppData/Local/Programs/Python/Python38/lib/site-packages/bottle.py", line 2829, in run() 
[05] File "E:/Users/Administrator/AppData/Local/Programs/Python/Python38/lib/site-packages/paste/httpserver.py", line 1361, in serve() 
[06] File "E:/Users/Administrator/AppData/Local/Programs/Python/Python38/lib/site-packages/paste/httpserver.py", line 1107, in serve_forever() 
[07] File "E:/Users/Administrator/AppData/Local/Programs/Python/Python38/lib/socketserver.py", line 294, in handle_request() 
[08] File "E:/Users/Administrator/AppData/Local/Programs/Python/Python38/lib/selectors.py", line 323, in select() 
[09] File "E:/Users/Administrator/AppData/Local/Programs/Python/Python38/lib/selectors.py", line 314, in _select() 
[10] File "../common/utility.py", line 598, in exit() 
[11] File "E:/projects_by_myself/backup/MeiWei_back_0421/common/enhance.py", line 256, in getTrace() 
[12] File "E:/projects_by_myself/backup/MeiWei_back_0421/common/enhance.py", line 240, in getThreadStack()
[INFO]2021-05-11 13:42:24,450: lock info: count 0

try lock info: count 0
[ERROR]2021-05-11 13:42:24,453: user press Ctrl+C, print thread stack
[WARNING]2021-05-11 13:42:24,803: Thread-3[tid:13016] <locked _thread.RLock object owner=13016 count=1 at 0x000002187423DF00> ,hold 22699 ms
[INFO]2021-05-11 13:42:24,808: name=Thread-3, pid=10920, tid=13016
[01] File "E:/Users/Administrator/AppData/Local/Programs/Python/Python38/lib/threading.py", line 870, in run() 
[02] File "../agvCtrl/agvApi.py", line 279, in _checkFinish() 
[03] File "../common/lock.py", line 122, in _call() 
[04] File "../common/lock.py", line 100, in release() 
[05] File "E:/projects_by_myself/backup/MeiWei_back_0421/common/enhance.py", line 258, in getTrace() 
[06] File "E:/projects_by_myself/backup/MeiWei_back_0421/common/enhance.py", line 240, in getThreadStack()
[INFO]2021-05-11 13:42:24,812: 进入move2workstation2
[INFO]2021-05-11 13:42:24,814: ***************调用move方法
[ERROR]2021-05-11 13:42:24,817: user press Ctrl+C, system quit!
[WARNING]2021-05-11 13:42:24,822: runTask:stop save file
[ERROR]2021-05-11 13:42:24,824: process exited, living 0:02:08.413612 seconds
