[CRITICAL]2021-04-19 16:26:18,606: import main_agv failed, path: agvCtrl cause a error: [Errno 2] No such file or directory: 'E:\\projects_by_myself\\MeiWei\\agvCtrl\\projects\\test\\agv.cfg'
pid=16556, ppid=3924, tid=16316
Traceback (most recent call last):
  File "run_all.py", line 39, in findModule
    __import__(m[1])
  File "E:\projects_by_myself\MeiWei\agvCtrl\main_agv.py", line 11, in <module>
    import agvControl
  File "E:\projects_by_myself\MeiWei\agvCtrl\agvControl.py", line 10, in <module>
    import agvList
  File "E:\projects_by_myself\MeiWei\agvCtrl\agvList.py", line 24, in <module>
    import agvDevice.rotationApi as rotationApi
  File "..\agvDevice\rotationApi.py", line 8, in <module>
    import main_agvDevice
  File "E:\projects_by_myself\MeiWei\agvDevice\main_agvDevice.py", line 11, in <module>
    import rotationMgr
  File "E:\projects_by_myself\MeiWei\agvDevice\rotationMgr.py", line 35, in <module>
    g_agvList = _loadAgvList()
  File "E:\projects_by_myself\MeiWei\agvDevice\rotationMgr.py", line 27, in _loadAgvList
    with open(os.path.abspath(os.path.dirname(__file__) + file), 'r') as f:
FileNotFoundError: [Errno 2] No such file or directory: 'E:\\projects_by_myself\\MeiWei\\agvCtrl\\projects\\test\\agv.cfg'

[CRITICAL]2021-04-19 16:26:18,609: import main_agv failed, path: agvCtrl ,cause [Errno 2] No such file or directory: 'E:\\projects_by_myself\\MeiWei\\agvCtrl\\projects\\test\\agv.cfg'
