[CRITICAL]2021-04-21 11:14:41,517: agvApi step callback cause a error: 'dict' object is not callable
pid=17620, ppid=15508, tid=12064
Traceback (most recent call last):
  File "..\agvCtrl\agvApi.py", line 261, in _checkFinish
    t.stepCallback(t.params,t.status)
TypeError: 'dict' object is not callable

[CRITICAL]2021-04-21 11:14:41,517: agvApi step callback cause a error: 'dict' object is not callable
pid=17620, ppid=15508, tid=12064
Traceback (most recent call last):
  File "..\agvCtrl\agvApi.py", line 261, in _checkFinish
    t.stepCallback(t.params,t.status)
TypeError: 'dict' object is not callable

[CRITICAL]2021-04-21 11:14:43,604: agvApi step callback cause a error: 'dict' object is not callable
pid=17620, ppid=15508, tid=12064
Traceback (most recent call last):
  File "..\agvCtrl\agvApi.py", line 261, in _checkFinish
    t.stepCallback(t.params,t.status)
TypeError: 'dict' object is not callable

[CRITICAL]2021-04-21 11:14:43,604: agvApi step callback cause a error: 'dict' object is not callable
pid=17620, ppid=15508, tid=12064
Traceback (most recent call last):
  File "..\agvCtrl\agvApi.py", line 261, in _checkFinish
    t.stepCallback(t.params,t.status)
TypeError: 'dict' object is not callable

[CRITICAL]2021-04-21 11:14:46,203: agvApi step callback cause a error: 'dict' object is not callable
pid=17620, ppid=15508, tid=12064
Traceback (most recent call last):
  File "..\agvCtrl\agvApi.py", line 261, in _checkFinish
    t.stepCallback(t.params,t.status)
TypeError: 'dict' object is not callable

[CRITICAL]2021-04-21 11:14:46,203: agvApi step callback cause a error: 'dict' object is not callable
pid=17620, ppid=15508, tid=12064
Traceback (most recent call last):
  File "..\agvCtrl\agvApi.py", line 261, in _checkFinish
    t.stepCallback(t.params,t.status)
TypeError: 'dict' object is not callable

[CRITICAL]2021-04-21 11:14:48,809: agvApi step callback cause a error: 'dict' object is not callable
pid=17620, ppid=15508, tid=12064
Traceback (most recent call last):
  File "..\agvCtrl\agvApi.py", line 261, in _checkFinish
    t.stepCallback(t.params,t.status)
TypeError: 'dict' object is not callable

[CRITICAL]2021-04-21 11:14:48,809: agvApi step callback cause a error: 'dict' object is not callable
pid=17620, ppid=15508, tid=12064
Traceback (most recent call last):
  File "..\agvCtrl\agvApi.py", line 261, in _checkFinish
    t.stepCallback(t.params,t.status)
TypeError: 'dict' object is not callable

[CRITICAL]2021-04-21 11:14:53,472: agvApi step callback cause a error: 'dict' object is not callable
pid=17620, ppid=15508, tid=12064
Traceback (most recent call last):
  File "..\agvCtrl\agvApi.py", line 261, in _checkFinish
    t.stepCallback(t.params,t.status)
TypeError: 'dict' object is not callable

[CRITICAL]2021-04-21 11:14:53,472: agvApi step callback cause a error: 'dict' object is not callable
pid=17620, ppid=15508, tid=12064
Traceback (most recent call last):
  File "..\agvCtrl\agvApi.py", line 261, in _checkFinish
    t.stepCallback(t.params,t.status)
TypeError: 'dict' object is not callable

[CRITICAL]2021-04-21 11:14:54,529: agvApi step callback cause a error: 'dict' object is not callable
pid=17620, ppid=15508, tid=12064
Traceback (most recent call last):
  File "..\agvCtrl\agvApi.py", line 261, in _checkFinish
    t.stepCallback(t.params,t.status)
TypeError: 'dict' object is not callable

[CRITICAL]2021-04-21 11:14:54,529: agvApi step callback cause a error: 'dict' object is not callable
pid=17620, ppid=15508, tid=12064
Traceback (most recent call last):
  File "..\agvCtrl\agvApi.py", line 261, in _checkFinish
    t.stepCallback(t.params,t.status)
TypeError: 'dict' object is not callable

[CRITICAL]2021-04-21 11:15:00,816: agvApi step callback cause a error: 'dict' object is not callable
pid=17620, ppid=15508, tid=12064
Traceback (most recent call last):
  File "..\agvCtrl\agvApi.py", line 261, in _checkFinish
    t.stepCallback(t.params,t.status)
TypeError: 'dict' object is not callable

[CRITICAL]2021-04-21 11:15:00,816: agvApi step callback cause a error: 'dict' object is not callable
pid=17620, ppid=15508, tid=12064
Traceback (most recent call last):
  File "..\agvCtrl\agvApi.py", line 261, in _checkFinish
    t.stepCallback(t.params,t.status)
TypeError: 'dict' object is not callable

[CRITICAL]2021-04-21 11:15:18,104: invoke <function urlMove at 0x000002728273FA60> cause a error: AKM2F.LM16->AKM2F.LM10 路径不存在1,agvId=AGV30
pid=17620, ppid=15508, tid=908
Traceback (most recent call last):
  File "E:\projects_by_myself\MeiWei\common\scadaUtility.py", line 45, in __call
    ret = func(*p,**pp)
  File "E:\projects_by_myself\MeiWei\agvCtrl\main_agv.py", line 127, in urlMove
    agvControl.move(target=target, agvId=agvId, taskId=taskId, timeout=timeout,paramObj=paramObj)
  File "E:\projects_by_myself\MeiWei\agvCtrl\agvControl.py", line 1244, in move
    _func()
  File "E:\projects_by_myself\MeiWei\common\lock.py", line 120, in _call
    return func(*p,**pp)
  File "E:\projects_by_myself\MeiWei\agvCtrl\agvControl.py", line 1210, in _func
    raise Exception(mapMgr.formatLoc(agv.mapId,agv.curTarget)+"->"+target+" 路径不存在1,agvId="+agv.agvId)
Exception: AKM2F.LM16->AKM2F.LM10 路径不存在1,agvId=AGV30

[CRITICAL]2021-04-21 11:15:18,104: invoke <function urlMove at 0x000002728273FA60> cause a error: AKM2F.LM16->AKM2F.LM10 路径不存在1,agvId=AGV30
pid=17620, ppid=15508, tid=908
Traceback (most recent call last):
  File "E:\projects_by_myself\MeiWei\common\scadaUtility.py", line 45, in __call
    ret = func(*p,**pp)
  File "E:\projects_by_myself\MeiWei\agvCtrl\main_agv.py", line 127, in urlMove
    agvControl.move(target=target, agvId=agvId, taskId=taskId, timeout=timeout,paramObj=paramObj)
  File "E:\projects_by_myself\MeiWei\agvCtrl\agvControl.py", line 1244, in move
    _func()
  File "E:\projects_by_myself\MeiWei\common\lock.py", line 120, in _call
    return func(*p,**pp)
  File "E:\projects_by_myself\MeiWei\agvCtrl\agvControl.py", line 1210, in _func
    raise Exception(mapMgr.formatLoc(agv.mapId,agv.curTarget)+"->"+target+" 路径不存在1,agvId="+agv.agvId)
Exception: AKM2F.LM16->AKM2F.LM10 路径不存在1,agvId=AGV30

[CRITICAL]2021-04-21 11:15:18,114: taskFunc2:task[607f9896c24c256c00fbcdda][AGV30] LM16(LM18) -> LM9(LM10) [movePreSourceStep] cause a error: Exception: AKM2F.LM16->AKM2F.LM10 路径不存在1,agvId=AGV30
pid=17620, ppid=15508, tid=18216
Traceback (most recent call last):
  File "E:\projects_by_myself\MeiWei\akmCtrl\beans\scadaTaskBean.py", line 563, in _taskFunc
    elif not self.handle():
  File "..\common\lock.py", line 120, in _call
    return func(*p,**pp)
  File "E:\projects_by_myself\MeiWei\akmCtrl\beans\scadaTaskBean.py", line 482, in handle
    self._moveAgv()
  File "E:\projects_by_myself\MeiWei\akmCtrl\beans\scadaTaskBean.py", line 643, in _moveAgv
    raise e
  File "E:\projects_by_myself\MeiWei\akmCtrl\beans\scadaTaskBean.py", line 637, in _moveAgv
    agvApi.move(self.agvId, self.param["floorId"] + '.' + self.param["location"], self.onFinish, self.param,
  File "..\agvCtrl\agvApi.py", line 170, in move
    _http_get(url + '/api/agv/move', paramObj)
  File "..\agvCtrl\agvApi.py", line 64, in _http_get
    raise Exception(result["errormsg"])
Exception: Exception: AKM2F.LM16->AKM2F.LM10 路径不存在1,agvId=AGV30

[CRITICAL]2021-04-21 11:15:18,114: taskFunc2:task[607f9896c24c256c00fbcdda][AGV30] LM16(LM18) -> LM9(LM10) [movePreSourceStep] cause a error: Exception: AKM2F.LM16->AKM2F.LM10 路径不存在1,agvId=AGV30
pid=17620, ppid=15508, tid=18216
Traceback (most recent call last):
  File "E:\projects_by_myself\MeiWei\akmCtrl\beans\scadaTaskBean.py", line 563, in _taskFunc
    elif not self.handle():
  File "..\common\lock.py", line 120, in _call
    return func(*p,**pp)
  File "E:\projects_by_myself\MeiWei\akmCtrl\beans\scadaTaskBean.py", line 482, in handle
    self._moveAgv()
  File "E:\projects_by_myself\MeiWei\akmCtrl\beans\scadaTaskBean.py", line 643, in _moveAgv
    raise e
  File "E:\projects_by_myself\MeiWei\akmCtrl\beans\scadaTaskBean.py", line 637, in _moveAgv
    agvApi.move(self.agvId, self.param["floorId"] + '.' + self.param["location"], self.onFinish, self.param,
  File "..\agvCtrl\agvApi.py", line 170, in move
    _http_get(url + '/api/agv/move', paramObj)
  File "..\agvCtrl\agvApi.py", line 64, in _http_get
    raise Exception(result["errormsg"])
Exception: Exception: AKM2F.LM16->AKM2F.LM10 路径不存在1,agvId=AGV30

