[INFO]2021-04-28 10:35:45,502: log files at E:\projects_by_myself\backup\MeiWei_back_0421\common\log
[INFO]2021-04-28 10:35:45,503: find module account.main_account
[INFO]2021-04-28 10:35:45,504: find module agvCtrl.main_agv
[INFO]2021-04-28 10:35:45,505: find module agvDevice.main_agvDevice
[INFO]2021-04-28 10:35:45,507: find module akmCtrl.main_akmCtrl
[INFO]2021-04-28 10:35:45,509: find module alarm.main_alarm
[INFO]2021-04-28 10:35:45,510: find module auth.main_auth
[INFO]2021-04-28 10:35:45,512: find module door.main_door
[INFO]2021-04-28 10:35:45,513: find module elevator.main_elevator
[INFO]2021-04-28 10:35:45,515: find module feed.main_feed
[INFO]2021-04-28 10:35:45,515: find module feed.main_feed_0427
[INFO]2021-04-28 10:35:45,516: find module remoteio.main_remoteio
[INFO]2021-04-28 10:35:45,517: import account.main_account
[INFO]2021-04-28 10:35:45,605: import agvCtrl.main_agv
[INFO]2021-04-28 10:35:46,460: create lock <lock name:doorMgr.lock,<unlocked _thread.RLock object owner=0 count=0 at 0x000001984E1C6EA0>>
[INFO]2021-04-28 10:35:47,415: create lock <lock name:door.lock,<unlocked _thread.RLock object owner=0 count=0 at 0x000001984E1DD420>>
[INFO]2021-04-28 10:35:47,528: create lock <lock name:timer.lock_1753663840752,<unlocked _thread.RLock object owner=0 count=0 at 0x000001984E82A360>>
[ERROR]2021-04-28 10:35:47,541: mqtt is disabled
[INFO]2021-04-28 10:35:47,542: mqtt: subscribe [alarm/raise/+]
[INFO]2021-04-28 10:35:47,543: mqtt: subscribe [alarm/clear/+]
[INFO]2021-04-28 10:35:50,585: Mongodb connect to 127.0.0.1 port 27017
[INFO]2021-04-28 10:35:50,599: create lock <lock name:elevatorMgr.lock,<unlocked _thread.RLock object owner=0 count=0 at 0x000001984FA0CD50>>
[WARNING]2021-04-28 10:35:50,607: use mockAgvCtrl
[INFO]2021-04-28 10:35:50,610: create lock <lock name:mapMgr.lock,<unlocked _thread.RLock object owner=0 count=0 at 0x000001984CAB4360>>
[INFO]2021-04-28 10:35:50,953: create lock <lock name:agvList.g_agvLock,<unlocked _thread.RLock object owner=0 count=0 at 0x000001984FAA57E0>>
[INFO]2021-04-28 10:35:50,958: create lock <lock name:taskList.lock,<unlocked _thread.RLock object owner=0 count=0 at 0x000001984FB4BD20>>
[INFO]2021-04-28 10:35:51,040: charge policy 1 , fix time
[INFO]2021-04-28 10:35:51,082: create lock <lock name:agvApi.g_lock,<unlocked _thread.RLock object owner=0 count=0 at 0x000001984FB56900>>
[INFO]2021-04-28 10:35:51,648: start load map E:\projects_by_myself\backup\MeiWei_back_0421\agvCtrl\projects\test\AKM2F.smap
[DEBUG]2021-04-28 10:35:51,763: elevator thread start
[INFO]2021-04-28 10:35:51,783: load map E:\projects_by_myself\backup\MeiWei_back_0421\agvCtrl\projects\test\AKM2F.smap ,used 144 ms
[INFO]2021-04-28 10:35:51,792: start load map E:\projects_by_myself\backup\MeiWei_back_0421\agvCtrl\projects\test\akmsmt.smap
[INFO]2021-04-28 10:35:51,841: load map E:\projects_by_myself\backup\MeiWei_back_0421\agvCtrl\projects\test\akmsmt.smap ,used 57 ms
[INFO]2021-04-28 10:35:51,851: start load map E:\projects_by_myself\backup\MeiWei_back_0421\agvCtrl\projects\test\akmsmtMap.smap
[INFO]2021-04-28 10:35:51,982: load map E:\projects_by_myself\backup\MeiWei_back_0421\agvCtrl\projects\test\akmsmtMap.smap ,used 139 ms
[INFO]2021-04-28 10:35:51,993: start load map E:\projects_by_myself\backup\MeiWei_back_0421\agvCtrl\projects\test\desai-all-20191223.smap
[INFO]2021-04-28 10:35:52,151: load map E:\projects_by_myself\backup\MeiWei_back_0421\agvCtrl\projects\test\desai-all-20191223.smap ,used 168 ms
[INFO]2021-04-28 10:35:52,161: start load map E:\projects_by_myself\backup\MeiWei_back_0421\agvCtrl\projects\test\meiwei423.smap
[INFO]2021-04-28 10:35:52,211: load map E:\projects_by_myself\backup\MeiWei_back_0421\agvCtrl\projects\test\meiwei423.smap ,used 59 ms
[INFO]2021-04-28 10:35:52,222: start load map E:\projects_by_myself\backup\MeiWei_back_0421\agvCtrl\projects\test\untitled_20210420032952.smap
[INFO]2021-04-28 10:35:52,262: load map E:\projects_by_myself\backup\MeiWei_back_0421\agvCtrl\projects\test\untitled_20210420032952.smap ,used 49 ms
[INFO]2021-04-28 10:35:52,265: import agvDevice.main_agvDevice
[INFO]2021-04-28 10:35:52,267: import akmCtrl.main_akmCtrl
[INFO]2021-04-28 10:35:52,297: create lock <lock name:runTasks.g_lock,<unlocked _thread.RLock object owner=0 count=0 at 0x000001984FDF6AB0>>
[INFO]2021-04-28 10:35:52,310: create lock <lock name:agvApi.g_lock,<unlocked _thread.RLock object owner=0 count=0 at 0x000001984FE238D0>>
[INFO]2021-04-28 10:35:52,325: create lock <lock name:runTasks.pre_lock,<unlocked _thread.RLock object owner=0 count=0 at 0x00000198517072D0>>
[INFO]2021-04-28 10:35:52,326: create lock <lock name:timer.lock_1753712926288,<unlocked _thread.RLock object owner=0 count=0 at 0x00000198516F9B10>>
[INFO]2021-04-28 10:35:52,327: create lock <lock name:mapMgr.lock,<unlocked _thread.RLock object owner=0 count=0 at 0x00000198502272D0>>
[INFO]2021-04-28 10:35:52,800: import alarm.main_alarm
[INFO]2021-04-28 10:35:52,802: import auth.main_auth
[INFO]2021-04-28 10:35:52,811: import door.main_door
[INFO]2021-04-28 10:35:52,814: import elevator.main_elevator
[INFO]2021-04-28 10:35:52,818: create lock <lock name:elevatorApi.g_lock,<unlocked _thread.RLock object owner=0 count=0 at 0x0000019851340390>>
[INFO]2021-04-28 10:35:52,819: import feed.main_feed
[INFO]2021-04-28 10:35:52,848: IP: 0.0.0.0 port: 10001
[INFO]2021-04-28 10:35:52,850: import feed.main_feed_0427
[INFO]2021-04-28 10:35:52,864: create lock <lock name:feedTask.g_lock,<unlocked _thread.RLock object owner=0 count=0 at 0x00000198513A38A0>>
[INFO]2021-04-28 10:35:52,908: import remoteio.main_remoteio
[SUCC]2021-04-28 10:35:52,924: utility start, pid=2188, ppid=2732
[DEBUG]2021-04-28 10:35:52,925: start timer
[INFO]2021-04-28 10:35:52,933: load agv file: E:\projects_by_myself\backup\MeiWei_back_0421\agvCtrl/projects/test/agv.cfg
[INFO]2021-04-28 10:35:52,934: create lock <lock name:agvList.AGV30.lock,<unlocked _thread.RLock object owner=0 count=0 at 0x00000198513BFA20>>
[DEBUG]2021-04-28 10:35:52,936: create aliveObj AGV30 AGV离线异常 timeout 300
[INFO]2021-04-28 10:35:52,938: AGV30 start agvList run thread
[INFO]2021-04-28 10:35:52,939: AGV30 start agvList run2 thread
[ERROR]2021-04-28 10:35:52,947: agv check init error False
[DEBUG]2021-04-28 10:35:52,948: start timer
[INFO]2021-04-28 10:35:52,953: add_ignore: taskStatus
[INFO]2021-04-28 10:35:52,954: add_ignore: api/elevator/status
[INFO]2021-04-28 10:35:52,955: add_ignore: scada/getTask
[INFO]2021-04-28 10:35:53,377: tcp server [0.0.0.0][10001] ,connectedLen: 1, tcp connected : 192.168.252.237:10001 <--> 192.168.252.242:54416
[INFO]2021-04-28 10:35:53,380: **************回复线程启动**************
[INFO]2021-04-28 10:35:53,459: AGV30 current map meiwei423
[INFO]2021-04-28 10:35:53,461: AGV30 is online
[DEBUG]2021-04-28 10:35:53,966: GET: http://127.0.0.1:5551/api/agv/init?appName=MeiWeiTask addr: 127.0.0.1
[INFO]2021-04-28 10:35:53,968: MeiWeiTask init client agvApi
[DEBUG]2021-04-28 10:35:53,970: used 4ms 200 OK application/json;charset=utf-8, GET: http://127.0.0.1:5551/api/agv/init?appName=MeiWeiTask
[DEBUG]2021-04-28 10:35:57,098: GET: http://127.0.0.1:5551/api/agv/startCharge?appName=MeiWeiTask addr: 127.0.0.1
[DEBUG]2021-04-28 10:35:57,207: used 109ms 200 OK application/json;charset=utf-8, GET: http://127.0.0.1:5551/api/agv/startCharge?appName=MeiWeiTask
[WARNING]2021-04-28 10:35:57,351: timer_thread[tid:1516] <lock name:runTasks.g_lock,<locked _thread.RLock object owner=1516 count=1 at 0x000001984FDF6AB0>> ,hold 3389 ms
[INFO]2021-04-28 10:35:57,637: name=timer_thread, pid=2188, tid=1516
[01] File "E:/Users/Administrator/AppData/Local/Programs/Python/Python38/lib/threading.py", line 870, in run() 
[02] File "../common/mytimer.py", line 113, in _loop() 
[03] File "../common/lock.py", line 122, in _call() 
[04] File "../common/lock.py", line 100, in release() 
[05] File "E:/projects_by_myself/backup/MeiWei_back_0421/common/enhance.py", line 258, in getTrace() 
[06] File "E:/projects_by_myself/backup/MeiWei_back_0421/common/enhance.py", line 240, in getThreadStack()
[INFO]2021-04-28 10:36:00,519: 按钮任务状态： False
[INFO]2021-04-28 10:36:00,595: ****************接受到的数据**************： devID: 223 keyID: 4
[INFO]2021-04-28 10:36:00,655: 测试添加任务，起点和目的地，固化在下面的方法中
[INFO]2021-04-28 10:36:00,734: create task[6088ca1085257e614a46d23f]: type= scadaTask , 从MeiWeiSource运送货架到MeiWeiTarget {'source': 'MeiWeiSource', 'target': 'MeiWeiTarget', 'payloadId': None, 'priority': 1, 'type': 'scadaTask', 'taskName': '从MeiWeiSource运送货架到MeiWeiTarget', 'createTime': datetime.datetime(2021, 4, 28, 10, 36, 0, 717607), 'updateTime': datetime.datetime(2021, 4, 28, 10, 36, 0, 717607), 'startTime': None, 'endTime': None, 'status': 'waiting', 'step': 'waiting', 'failMsg': None, 'history': [], '_id': ObjectId('6088ca1085257e614a46d23f')}
[INFO]2021-04-28 10:36:01,090: task[6088ca1085257e614a46d23f]:  start {'failMsg': '任务等待执行', 'startTime': datetime.datetime(2021, 4, 28, 10, 36, 1, 87617), 'updateTime': datetime.datetime(2021, 4, 28, 10, 36, 1, 87617), 'status': 'running'}
[INFO]2021-04-28 10:36:01,148: task: start task[6088ca1085257e614a46d23f][-] 6(1) -> 7(8) [waiting]
[INFO]2021-04-28 10:36:01,272: task[6088ca1085257e614a46d23f] update info: {'failMsg': '等待分配小车', 'updateTime': datetime.datetime(2021, 4, 28, 10, 36, 1, 242204)}
[DEBUG]2021-04-28 10:36:01,365: task[6088ca1085257e614a46d23f][-] 6(1) -> 7(8) [waitForAgv] waiting -> waitForAgv
[INFO]2021-04-28 10:36:01,586: 信息*********map: meiwei423 agvId AGV30 tyepe: release loc home
[INFO]2021-04-28 10:36:01,661: 4 号工位放行
[INFO]2021-04-28 10:36:01,770: 无效数据！按完后二次发过来的
[INFO]2021-04-28 10:36:02,231: 按钮任务状态： True
[INFO]2021-04-28 10:36:02,295: 已存在一个按钮任务！勿重复发送任务
[INFO]2021-04-28 10:36:02,534: 无效数据！按完后二次发过来的
[INFO]2021-04-28 10:36:02,675: ******************url********************: http://127.0.0.1:5551
[DEBUG]2021-04-28 10:36:02,867: GET: http://127.0.0.1:5551/api/agv/apply?appName=MeiWeiTask&autoLock=False&exclude&loc=1&mapId=meiwei423&taskId=6088ca1085257e614a46d23f&timeout=10 addr: 127.0.0.1
[INFO]2021-04-28 10:36:05,613: 按钮任务状态： True
[INFO]2021-04-28 10:36:05,691: 已存在一个按钮任务！勿重复发送任务
[INFO]2021-04-28 10:36:05,928: 无效数据！按完后二次发过来的
[INFO]2021-04-28 10:36:07,037: apply AGV30 ,taskId: 6088ca1085257e614a46d23f ,loc meiwei423.1 ,autoLock False , used 4091 ms
[WARNING]2021-04-28 10:36:07,132: worker 2[tid:6756] <lock name:mapMgr.lock,<locked _thread.RLock object owner=6756 count=1 at 0x000001984CAB4360>> ,hold 4186 ms
[INFO]2021-04-28 10:36:07,483: name=worker 2, pid=2188, tid=6756
[01] File "E:/Users/Administrator/AppData/Local/Programs/Python/Python38/lib/threading.py", line 870, in run() 
[02] File "E:/Users/Administrator/AppData/Local/Programs/Python/Python38/lib/site-packages/paste/httpserver.py", line 903, in worker_thread_callback() 
[03] File "E:/Users/Administrator/AppData/Local/Programs/Python/Python38/lib/site-packages/paste/httpserver.py", line 1077, in <lambda>() 
[04] File "E:/Users/Administrator/AppData/Local/Programs/Python/Python38/lib/site-packages/paste/httpserver.py", line 1092, in process_request_in_thread() 
[05] File "E:/Users/Administrator/AppData/Local/Programs/Python/Python38/lib/socketserver.py", line 360, in finish_request() 
[06] File "E:/Users/Administrator/AppData/Local/Programs/Python/Python38/lib/socketserver.py", line 720, in __init__() 
[07] File "E:/Users/Administrator/AppData/Local/Programs/Python/Python38/lib/site-packages/paste/httpserver.py", line 460, in handle() 
[08] File "E:/Users/Administrator/AppData/Local/Programs/Python/Python38/lib/http/server.py", line 427, in handle() 
[09] File "E:/Users/Administrator/AppData/Local/Programs/Python/Python38/lib/site-packages/paste/httpserver.py", line 455, in handle_one_request() 
[10] File "E:/Users/Administrator/AppData/Local/Programs/Python/Python38/lib/site-packages/paste/httpserver.py", line 304, in wsgi_execute() 
[11] File "E:/Users/Administrator/AppData/Local/Programs/Python/Python38/lib/site-packages/paste/translogger.py", line 69, in __call__() 
[12] File "E:/Users/Administrator/AppData/Local/Programs/Python/Python38/lib/site-packages/bottle.py", line 985, in __call__() 
[13] File "E:/Users/Administrator/AppData/Local/Programs/Python/Python38/lib/site-packages/bottle.py", line 960, in wsgi() 
[14] File "E:/Users/Administrator/AppData/Local/Programs/Python/Python38/lib/site-packages/bottle.py", line 868, in _handle() 
[15] File "E:/Users/Administrator/AppData/Local/Programs/Python/Python38/lib/site-packages/bottle.py", line 1748, in wrapper() 
[16] File "E:/projects_by_myself/backup/MeiWei_back_0421/common/webutility.py", line 466, in _enable_cors() 
[17] File "E:/projects_by_myself/backup/MeiWei_back_0421/common/webutility.py", line 482, in _enable_cors() 
[18] File "E:/projects_by_myself/backup/MeiWei_back_0421/common/scadaUtility.py", line 45, in __call() 
[19] File "E:/projects_by_myself/backup/MeiWei_back_0421/agvCtrl/main_agv.py", line 58, in urlApply() 
[20] File "E:/projects_by_myself/backup/MeiWei_back_0421/agvCtrl/agvControl.py", line 1125, in apply() 
[21] File "E:/projects_by_myself/backup/MeiWei_back_0421/common/lock.py", line 122, in _call() 
[22] File "E:/projects_by_myself/backup/MeiWei_back_0421/common/lock.py", line 100, in release() 
[23] File "E:/projects_by_myself/backup/MeiWei_back_0421/common/enhance.py", line 258, in getTrace() 
[24] File "E:/projects_by_myself/backup/MeiWei_back_0421/common/enhance.py", line 240, in getThreadStack()
[DEBUG]2021-04-28 10:36:07,594: used 4727ms 200 OK application/json;charset=utf-8, GET: http://127.0.0.1:5551/api/agv/apply?appName=MeiWeiTask&autoLock=False&exclude&loc=1&mapId=meiwei423&taskId=6088ca1085257e614a46d23f&timeout=10
[WARNING]2021-04-28 10:36:07,610: agv.hasDeadlock[tid:12420] <lock name:mapMgr.lock,<locked _thread.RLock object owner=12420 count=1 at 0x000001984CAB4360>> ,hold 3632 ms
[DEBUG]2021-04-28 10:36:07,786: GET: http://127.0.0.1:5551/api/agv/lock?agv=AGV30&appName=MeiWeiTask&taskId=6088ca1085257e614a46d23f addr: 127.0.0.1
[DEBUG]2021-04-28 10:36:07,866: lock:  AGV30 taskId 6088ca1085257e614a46d23f app MeiWeiTask
[INFO]2021-04-28 10:36:07,883: name=agv.hasDeadlock, pid=2188, tid=12420
[01] File "E:/Users/Administrator/AppData/Local/Programs/Python/Python38/lib/threading.py", line 870, in run() 
[02] File "E:/projects_by_myself/backup/MeiWei_back_0421/agvCtrl/agvControl.py", line 1017, in _threadFunc() 
[03] File "E:/projects_by_myself/backup/MeiWei_back_0421/agvCtrl/agvControl.py", line 913, in hasDeadlock() 
[04] File "E:/projects_by_myself/backup/MeiWei_back_0421/common/lock.py", line 122, in _call() 
[05] File "E:/projects_by_myself/backup/MeiWei_back_0421/common/lock.py", line 100, in release() 
[06] File "E:/projects_by_myself/backup/MeiWei_back_0421/common/enhance.py", line 258, in getTrace() 
[07] File "E:/projects_by_myself/backup/MeiWei_back_0421/common/enhance.py", line 240, in getThreadStack()
[WARNING]2021-04-28 10:36:08,990: AGV30 clear task finish, cur= meiwei423.9 task_status= 0
[DEBUG]2021-04-28 10:36:09,181: used 1395ms 200 OK application/json;charset=utf-8, GET: http://127.0.0.1:5551/api/agv/lock?agv=AGV30&appName=MeiWeiTask&taskId=6088ca1085257e614a46d23f
[INFO]2021-04-28 10:36:09,292: task[6088ca1085257e614a46d23f][-] 6(1) -> 7(8) [waitForAgv] apply AGV30
[INFO]2021-04-28 10:36:09,324: task[6088ca1085257e614a46d23f] update info: {'agvId': 'AGV30', 'failMsg': '成功分配小车AGV30,检测顶升下降', 'updateTime': datetime.datetime(2021, 4, 28, 10, 36, 9, 308776)}
[WARNING]2021-04-28 10:36:09,388: scada.6088ca1085257e614a46d23f[tid:17956] <locked _thread.RLock object owner=17956 count=1 at 0x00000198515559C0> ,hold 6713 ms
[INFO]2021-04-28 10:36:09,659: name=scada.6088ca1085257e614a46d23f, pid=2188, tid=17956
[01] File "E:/Users/Administrator/AppData/Local/Programs/Python/Python38/lib/threading.py", line 870, in run() 
[02] File "../common/utility.py", line 167, in __call() 
[03] File "E:/projects_by_myself/backup/MeiWei_back_0421/akmCtrl/beans/scadaTaskBean.py", line 550, in _taskFunc() 
[04] File "../common/lock.py", line 122, in _call() 
[05] File "../common/lock.py", line 100, in release() 
[06] File "E:/projects_by_myself/backup/MeiWei_back_0421/common/enhance.py", line 258, in getTrace() 
[07] File "E:/projects_by_myself/backup/MeiWei_back_0421/common/enhance.py", line 240, in getThreadStack()
[DEBUG]2021-04-28 10:36:09,755: task[6088ca1085257e614a46d23f][AGV30] 6(1) -> 7(8) [initJackdown] waitForAgv -> initJackdown
[INFO]2021-04-28 10:36:10,090: task[6088ca1085257e614a46d23f][AGV30] 6(1) -> 7(8) [initJackdown] _jackDown
[DEBUG]2021-04-28 10:36:10,185: send http_get: http://127.0.0.1:5551/api/agv/jackdownOld?agv=AGV30&loc=None&timeoutSec=90
[DEBUG]2021-04-28 10:36:10,344: GET: http://127.0.0.1:5551/api/agv/jackdownOld?agv=AGV30&loc=None&timeoutSec=90 addr: 127.0.0.1
[INFO]2021-04-28 10:36:10,455: ************run jackDownOld********************
[DEBUG]2021-04-28 10:36:11,663: used 1320ms 200 OK application/json;charset=utf-8, GET: http://127.0.0.1:5551/api/agv/jackdownOld?agv=AGV30&loc=None&timeoutSec=90
[DEBUG]2021-04-28 10:36:11,806: [return] use 1621 ms,http_get: http://127.0.0.1:5551/api/agv/jackdownOld?agv=AGV30&loc=None&timeoutSec=90
[INFO]2021-04-28 10:36:11,947: task[6088ca1085257e614a46d23f] update info: {'failMsg': '前往MeiWeiSource工位点拉取货架', 'updateTime': datetime.datetime(2021, 4, 28, 10, 36, 11, 883182)}
[DEBUG]2021-04-28 10:36:12,042: task[6088ca1085257e614a46d23f][AGV30] 6(1) -> 7(8) [moveToPreSrc] initJackdown -> moveToPreSrc
[INFO]2021-04-28 10:36:12,469: ***************调用move方法
[DEBUG]2021-04-28 10:36:12,552: GET: http://127.0.0.1:5551/api/agv/move?WorkPlace=None&agv=AGV30&agvId=AGV30&appName=MeiWeiTask&floorId=meiwei423&isRotate&loc=meiwei423.1&location=1&taskId=6088ca1085257e614a46d23f_2&taskType=scadaTask&timeoutSec=86400 addr: 127.0.0.1
[INFO]2021-04-28 10:36:12,575: Begin: AGV30 move from meiwei423.9 to meiwei423.1 by paths: [('meiwei423', ['9', '7', '8', '6', '1'], 26.065498026668134)] task: 6088ca1085257e614a46d23f_2 timeout 86400 used 20 ms
[INFO]2021-04-28 10:36:12,577: 移动到source的前置点 1
[DEBUG]2021-04-28 10:36:12,577: task[6088ca1085257e614a46d23f][AGV30] 6(1) -> 7(8) [moveToPreSrc_onfinish] moveToPreSrc -> moveToPreSrc_onfinish
[DEBUG]2021-04-28 10:36:13,537: agvInfo: AGV30 meiwei423.9 move to meiwei423.1 ,taskId 6088ca1085257e614a46d23f_2
[DEBUG]2021-04-28 10:36:20,600: AGV30 set loc meiwei423.7 ,old 9 (23.45,0.76)
[DEBUG]2021-04-28 10:36:47,307: AGV30 set loc meiwei423.6 ,old 7 (2.15,0.27)
[DEBUG]2021-04-28 10:36:48,831: AGV30 set loc meiwei423.1 ,old 6 (2.12,1.10)
[SUCC]2021-04-28 10:36:49,881: Finish:  AGV30 arrived meiwei423.1 ,task: 6088ca1085257e614a46d23f_2
[INFO]2021-04-28 10:36:50,010: task: move finish callback task[6088ca1085257e614a46d23f][AGV30] 6(1) -> 7(8) [moveToPreSrc_onfinish]
[INFO]2021-04-28 10:36:50,012: **********等待料盒信号*************
[INFO]2021-04-28 10:36:50,176: ***************调用_moveJackup方法
[DEBUG]2021-04-28 10:36:50,182: GET: http://127.0.0.1:5551/api/agv/move?WorkPlace=None&agv=AGV30&agvId=AGV30&appName=MeiWeiTask&direction=None&floorId=meiwei423&isRotate&loc=meiwei423.6&location=6&p_direction=0.0&recognize=False&result=True&resultDesc=None&seer_jackup=JackLoad&taskId=6088ca1085257e614a46d23f_3&taskType=scadaTask&timeoutSec=86400&use_pgv=False addr: 127.0.0.1
[INFO]2021-04-28 10:36:50,199: Begin: AGV30 move from meiwei423.1 to meiwei423.6 by paths: [('meiwei423', ['1', '6'], 0.8303840339922958)] task: 6088ca1085257e614a46d23f_3 timeout 86400 used 15 ms
[DEBUG]2021-04-28 10:36:50,201: used 19ms 200 OK application/json;charset=utf-8, GET: http://127.0.0.1:5551/api/agv/move?WorkPlace=None&agv=AGV30&agvId=AGV30&appName=MeiWeiTask&direction=None&floorId=meiwei423&isRotate&loc=meiwei423.6&location=6&p_direction=0.0&recognize=False&result=True&resultDesc=None&seer_jackup=JackLoad&taskId=6088ca1085257e614a46d23f_3&taskType=scadaTask&timeoutSec=86400&use_pgv=False
[INFO]2021-04-28 10:36:50,203: ==============================runTasks._moveJackup()结束====================================
[DEBUG]2021-04-28 10:36:50,205: task[6088ca1085257e614a46d23f][AGV30] 6(1) -> 7(8) [loadPlayload] startMoveJackup -> loadPlayload
[INFO]2021-04-28 10:36:50,944: ------------------------根据agvControl中的_func来到agvList中的moveJackup---------------999--------
[DEBUG]2021-04-28 10:36:50,945: agvInfo: AGV30 meiwei423.1 move jackup to meiwei423.6 ,taskId 6088ca1085257e614a46d23f_3
[DEBUG]2021-04-28 10:36:52,943: AGV30 set loc meiwei423.6 ,old 1 (2.15,0.27)
[SUCC]2021-04-28 10:36:54,007: Finish:  AGV30 arrived meiwei423.6 ,task: 6088ca1085257e614a46d23f_3
[INFO]2021-04-28 10:36:54,151: task: move finish callback task[6088ca1085257e614a46d23f][AGV30] 6(1) -> 7(8) [loadPlayload]
[INFO]2021-04-28 10:36:54,154: ***************进入onFinish.loadPlayload**********************
[INFO]2021-04-28 10:36:54,157: task[6088ca1085257e614a46d23f] update info: {'failMsg': 'AGV顶升', 'updateTime': datetime.datetime(2021, 4, 28, 10, 36, 54, 155913)}
[DEBUG]2021-04-28 10:36:54,272: task[6088ca1085257e614a46d23f][AGV30] 6(1) -> 7(8) [loadPlayload_jackup] loadPlayload_readqr -> loadPlayload_jackup
[INFO]2021-04-28 10:36:54,586: task[6088ca1085257e614a46d23f][AGV30] 6(1) -> 7(8) [loadPlayload_jackup] _jackUp
[DEBUG]2021-04-28 10:36:54,589: send http_get: http://127.0.0.1:5551/api/agv/jackupOld?agv=AGV30&loc=None&timeoutSec=90
[DEBUG]2021-04-28 10:36:54,619: GET: http://127.0.0.1:5551/api/agv/jackupOld?agv=AGV30&loc=None&timeoutSec=90 addr: 127.0.0.1
[INFO]2021-04-28 10:36:54,622: ************run jackUpOld********************
[DEBUG]2021-04-28 10:36:55,634: used 1015ms 200 OK application/json;charset=utf-8, GET: http://127.0.0.1:5551/api/agv/jackupOld?agv=AGV30&loc=None&timeoutSec=90
[DEBUG]2021-04-28 10:36:55,842: [return] use 1253 ms,http_get: http://127.0.0.1:5551/api/agv/jackupOld?agv=AGV30&loc=None&timeoutSec=90
[INFO]2021-04-28 10:36:55,938: task[6088ca1085257e614a46d23f] update info: {'failMsg': '等待MeiWeiTarget工位点锁', 'updateTime': datetime.datetime(2021, 4, 28, 10, 36, 55, 906171)}
[DEBUG]2021-04-28 10:36:56,014: task[6088ca1085257e614a46d23f][AGV30] 6(1) -> 7(8) [waitDestPreLoc] loadPlayload_jackup -> waitDestPreLoc
[INFO]2021-04-28 10:36:56,472: task: prepoint locked  6088ca1085257e614a46d23f meiwei423.7
[INFO]2021-04-28 10:36:56,598: task[6088ca1085257e614a46d23f] update info: {'failMsg': '前往7工位点放下货架', 'updateTime': datetime.datetime(2021, 4, 28, 10, 36, 56, 566631)}
[DEBUG]2021-04-28 10:36:56,660: task[6088ca1085257e614a46d23f][AGV30] 6(1) -> 7(8) [movePreSource] waitDestPreLoc -> movePreSource
[INFO]2021-04-28 10:36:57,169: ***************进入目的地的前置点************
[INFO]2021-04-28 10:36:57,232: ***************调用move方法
[DEBUG]2021-04-28 10:36:57,336: GET: http://127.0.0.1:5551/api/agv/move?WorkPlace=None&agv=AGV30&agvId=AGV30&appName=MeiWeiTask&direction=None&floorId=meiwei423&isRotate&loc=meiwei423.8&location=8&p_direction=0.0&recognize=False&result=True&resultDesc=None&taskId=6088ca1085257e614a46d23f_4&taskType=scadaTask&timeoutSec=86400&use_pgv=False addr: 127.0.0.1
[INFO]2021-04-28 10:36:57,357: Begin: AGV30 move from meiwei423.6 to meiwei423.8 by paths: [('meiwei423', ['6', '8'], 20.21778345454478)] task: 6088ca1085257e614a46d23f_4 timeout 86400 used 15 ms
[DEBUG]2021-04-28 10:36:57,358: used 22ms 200 OK application/json;charset=utf-8, GET: http://127.0.0.1:5551/api/agv/move?WorkPlace=None&agv=AGV30&agvId=AGV30&appName=MeiWeiTask&direction=None&floorId=meiwei423&isRotate&loc=meiwei423.8&location=8&p_direction=0.0&recognize=False&result=True&resultDesc=None&taskId=6088ca1085257e614a46d23f_4&taskType=scadaTask&timeoutSec=86400&use_pgv=False
[DEBUG]2021-04-28 10:36:57,360: task[6088ca1085257e614a46d23f][AGV30] 6(1) -> 7(8) [movePreSourceStep] movePreSource -> movePreSourceStep
[DEBUG]2021-04-28 10:36:57,939: agvInfo: AGV30 meiwei423.6 move to meiwei423.8 ,taskId 6088ca1085257e614a46d23f_4
[INFO]2021-04-28 10:37:02,805: 按钮任务状态： True
[INFO]2021-04-28 10:37:02,808: 已存在一个按钮任务！勿重复发送任务
[INFO]2021-04-28 10:37:03,122: 无效数据！按完后二次发过来的
[INFO]2021-04-28 10:37:04,978: 按钮任务状态： True
[INFO]2021-04-28 10:37:04,981: 已存在一个按钮任务！勿重复发送任务
[INFO]2021-04-28 10:37:05,293: 无效数据！按完后二次发过来的
[INFO]2021-04-28 10:37:11,082: 按钮任务状态： True
[INFO]2021-04-28 10:37:11,084: 已存在一个按钮任务！勿重复发送任务
[INFO]2021-04-28 10:37:11,399: 无效数据！按完后二次发过来的
[DEBUG]2021-04-28 10:37:26,026: AGV30 set loc meiwei423.8 ,old 6 (22.36,0.73)
[SUCC]2021-04-28 10:37:27,553: Finish:  AGV30 arrived meiwei423.8 ,task: 6088ca1085257e614a46d23f_4
[INFO]2021-04-28 10:37:27,934: task: move finish callback task[6088ca1085257e614a46d23f][AGV30] 6(1) -> 7(8) [movePreSourceStep]
[INFO]2021-04-28 10:37:27,936: ********************************目的地前置点的onFinish位置********************
[INFO]2021-04-28 10:37:27,938: 等待对接信号！ 2021-04-28 10:37:27
[INFO]2021-04-28 10:37:30,944: 等待对接信号！ 2021-04-28 10:37:30
[INFO]2021-04-28 10:37:33,957: 等待对接信号！ 2021-04-28 10:37:33
[INFO]2021-04-28 10:37:33,958: 检测到进去的信号，进入工位取料
[WARNING]2021-04-28 10:37:33,962: Thread-3[tid:7088] <locked _thread.RLock object owner=7088 count=1 at 0x00000198515559C0> ,hold 6028 ms
[INFO]2021-04-28 10:37:33,963: name=Thread-3, pid=2188, tid=7088
[01] File "E:/Users/Administrator/AppData/Local/Programs/Python/Python38/lib/threading.py", line 870, in run() 
[02] File "../agvCtrl/agvApi.py", line 279, in _checkFinish() 
[03] File "../common/lock.py", line 122, in _call() 
[04] File "../common/lock.py", line 100, in release() 
[05] File "E:/projects_by_myself/backup/MeiWei_back_0421/common/enhance.py", line 258, in getTrace() 
[06] File "E:/projects_by_myself/backup/MeiWei_back_0421/common/enhance.py", line 240, in getThreadStack()
[INFO]2021-04-28 10:37:33,965: ***************调用_moveJackdown方法
[DEBUG]2021-04-28 10:37:33,967: GET: http://127.0.0.1:5551/api/agv/move?WorkPlace=None&agv=AGV30&agvId=AGV30&appName=MeiWeiTask&direction=None&floorId=meiwei423&isRotate&loc=meiwei423.7&location=7&p_direction=0.0&recognize=False&result=True&resultDesc=None&seer_jackup=JackUnload&taskId=6088ca1085257e614a46d23f_5&taskType=scadaTask&timeoutSec=86400&use_pgv=False addr: 127.0.0.1
[INFO]2021-04-28 10:37:33,974: Begin: AGV30 move from meiwei423.8 to meiwei423.7 by paths: [('meiwei423', ['8', '7'], 1.1429417289360195)] task: 6088ca1085257e614a46d23f_5 timeout 86400 used 6 ms
[DEBUG]2021-04-28 10:37:33,975: used 8ms 200 OK application/json;charset=utf-8, GET: http://127.0.0.1:5551/api/agv/move?WorkPlace=None&agv=AGV30&agvId=AGV30&appName=MeiWeiTask&direction=None&floorId=meiwei423&isRotate&loc=meiwei423.7&location=7&p_direction=0.0&recognize=False&result=True&resultDesc=None&seer_jackup=JackUnload&taskId=6088ca1085257e614a46d23f_5&taskType=scadaTask&timeoutSec=86400&use_pgv=False
[INFO]2021-04-28 10:37:33,978: task[6088ca1085257e614a46d23f] update info: {'step': 'dropPayload', 'updateTime': datetime.datetime(2021, 4, 28, 10, 37, 33, 976076)}
[INFO]2021-04-28 10:37:33,979: 当前步骤： dropPayload
[WARNING]2021-04-28 10:37:33,979: scada.6088ca1085257e614a46d23f[tid:17956] <locked _thread.RLock object owner=17956 count=1 at 0x00000198515559C0> ,hold 5925 ms
[INFO]2021-04-28 10:37:33,980: name=scada.6088ca1085257e614a46d23f, pid=2188, tid=17956
[01] File "E:/Users/Administrator/AppData/Local/Programs/Python/Python38/lib/threading.py", line 870, in run() 
[02] File "../common/utility.py", line 167, in __call() 
[03] File "E:/projects_by_myself/backup/MeiWei_back_0421/akmCtrl/beans/scadaTaskBean.py", line 550, in _taskFunc() 
[04] File "../common/lock.py", line 122, in _call() 
[05] File "../common/lock.py", line 100, in release() 
[06] File "E:/projects_by_myself/backup/MeiWei_back_0421/common/enhance.py", line 258, in getTrace() 
[07] File "E:/projects_by_myself/backup/MeiWei_back_0421/common/enhance.py", line 240, in getThreadStack()
[DEBUG]2021-04-28 10:37:33,981: task[6088ca1085257e614a46d23f][AGV30] 6(1) -> 7(8) [dropPayload] movePreSourceStep -> dropPayload
[INFO]2021-04-28 10:37:34,702: ------------------------根据agvControl中的_func来到agvList中的moveJackdown---------------999--------
[DEBUG]2021-04-28 10:37:34,703: agvInfo: AGV30 meiwei423.8 move jackdown to meiwei423.7 ,taskId 6088ca1085257e614a46d23f_5
[DEBUG]2021-04-28 10:37:36,290: AGV30 set loc meiwei423.7 ,old 8 (23.40,0.76)
[WARNING]2021-04-28 10:37:36,734: AGV30 waitFinish status error: 7 ,target= 7 task_status= 2
[WARNING]2021-04-28 10:37:37,248: AGV30 waitFinish status error: 7 ,target= 7 task_status= 2
[WARNING]2021-04-28 10:37:37,764: AGV30 waitFinish status error: 7 ,target= 7 task_status= 2
[WARNING]2021-04-28 10:37:38,267: AGV30 waitFinish status error: 7 ,target= 7 task_status= 2
[SUCC]2021-04-28 10:37:39,793: Finish:  AGV30 arrived meiwei423.7 ,task: 6088ca1085257e614a46d23f_5
[INFO]2021-04-28 10:37:40,200: task: move finish callback task[6088ca1085257e614a46d23f][AGV30] 6(1) -> 7(8) [dropPayload]
[INFO]2021-04-28 10:37:40,203: ******************假设是顶升*******************
[INFO]2021-04-28 10:37:40,207: task[6088ca1085257e614a46d23f] update info: {'failMsg': '放下货架，旋转顶升机构初始化', 'updateTime': datetime.datetime(2021, 4, 28, 10, 37, 40, 205332)}
[INFO]2021-04-28 10:37:40,227: task[6088ca1085257e614a46d23f][AGV30] 6(1) -> 7(8) [dropPayloadJackdown] _jackDown
[DEBUG]2021-04-28 10:37:40,229: send http_get: http://127.0.0.1:5551/api/agv/jackdownOld?agv=AGV30&loc=None&timeoutSec=90
[DEBUG]2021-04-28 10:37:40,258: GET: http://127.0.0.1:5551/api/agv/jackdownOld?agv=AGV30&loc=None&timeoutSec=90 addr: 127.0.0.1
[INFO]2021-04-28 10:37:40,260: ************run jackDownOld********************
[DEBUG]2021-04-28 10:37:41,276: used 1018ms 200 OK application/json;charset=utf-8, GET: http://127.0.0.1:5551/api/agv/jackdownOld?agv=AGV30&loc=None&timeoutSec=90
[DEBUG]2021-04-28 10:37:41,372: [return] use 1143 ms,http_get: http://127.0.0.1:5551/api/agv/jackdownOld?agv=AGV30&loc=None&timeoutSec=90
[DEBUG]2021-04-28 10:37:41,468: task[6088ca1085257e614a46d23f][AGV30] 6(1) -> 7(8) [dropPayloadReset] dropPayloadJackdown -> dropPayloadReset
[INFO]2021-04-28 10:37:42,004: task[6088ca1085257e614a46d23f]:  successed {'step': 'finish', 'failMsg': '任务成功', 'endTime': datetime.datetime(2021, 4, 28, 10, 37, 41, 973993), 'status': 'success'}
[DEBUG]2021-04-28 10:37:42,082: task[6088ca1085257e614a46d23f][AGV30] 6(1) -> 7(8) [finish] dropPayloadReset -> finish
[INFO]2021-04-28 10:37:42,603: task[6088ca1085257e614a46d23f][AGV30] 6(1) -> 7(8) [finish] AGV30 release task, release agv True True False
[DEBUG]2021-04-28 10:37:42,873: GET: http://127.0.0.1:5551/api/agv/isLocked?agv=AGV30&appName=MeiWeiTask&taskId=6088ca1085257e614a46d23f addr: 127.0.0.1
[DEBUG]2021-04-28 10:37:42,983: used 110ms 200 OK application/json;charset=utf-8, GET: http://127.0.0.1:5551/api/agv/isLocked?agv=AGV30&appName=MeiWeiTask&taskId=6088ca1085257e614a46d23f
[DEBUG]2021-04-28 10:37:43,270: GET: http://127.0.0.1:5551/api/agv/release?agv=AGV30&appName=MeiWeiTask&force=False&taskId=6088ca1085257e614a46d23f addr: 127.0.0.1
[DEBUG]2021-04-28 10:37:43,365: unlock: AGV30 taskId 6088ca1085257e614a46d23f app MeiWeiTask force False
[DEBUG]2021-04-28 10:37:43,507: used 237ms 200 OK application/json;charset=utf-8, GET: http://127.0.0.1:5551/api/agv/release?agv=AGV30&appName=MeiWeiTask&force=False&taskId=6088ca1085257e614a46d23f
[INFO]2021-04-28 10:37:43,698: task[6088ca1085257e614a46d23f][AGV30] 6(1) -> 7(8) [finish] let AGV30 gohome
[DEBUG]2021-04-28 10:37:43,841: GET: http://127.0.0.1:5551/api/agv/goHome?agv=AGV30&appName=MeiWeiTask&force=False&timeout=10800 addr: 127.0.0.1
[INFO]2021-04-28 10:37:43,904: AGV30 gohome home_1 force False taskId home_1 : AGV30.7 -> meiwei423.9
[INFO]2021-04-28 10:37:45,772: Begin: AGV30 move from meiwei423.7 to meiwei423.9 by paths: [('meiwei423', ['7', '9'], 3.87438880919504)] task: home_1 timeout 10800 used 1805 ms
[DEBUG]2021-04-28 10:37:45,883: used 2041ms 200 OK application/json;charset=utf-8, GET: http://127.0.0.1:5551/api/agv/goHome?agv=AGV30&appName=MeiWeiTask&force=False&timeout=10800
[INFO]2021-04-28 10:37:46,024: task: prepoint released2  6088ca1085257e614a46d23f meiwei423.7
[WARNING]2021-04-28 10:37:46,119: scada.6088ca1085257e614a46d23f[tid:17956] <lock name:runTasks.g_lock,<locked _thread.RLock object owner=17956 count=1 at 0x000001984FDF6AB0>> ,hold 3516 ms
[INFO]2021-04-28 10:37:46,211: name=scada.6088ca1085257e614a46d23f, pid=2188, tid=17956
[01] File "E:/Users/Administrator/AppData/Local/Programs/Python/Python38/lib/threading.py", line 870, in run() 
[02] File "../common/utility.py", line 167, in __call() 
[03] File "E:/projects_by_myself/backup/MeiWei_back_0421/akmCtrl/beans/scadaTaskBean.py", line 547, in _taskFunc() 
[04] File "../common/lock.py", line 122, in _call() 
[05] File "../common/lock.py", line 100, in release() 
[06] File "E:/projects_by_myself/backup/MeiWei_back_0421/common/enhance.py", line 258, in getTrace() 
[07] File "E:/projects_by_myself/backup/MeiWei_back_0421/common/enhance.py", line 240, in getThreadStack()
[INFO]2021-04-28 10:37:46,323: **********上一个按钮任务结束，重置状态，允许继续接受按钮任务************
[WARNING]2021-04-28 10:37:46,324: timer_thread[tid:1516] <lock name:runTasks.g_lock,<locked _thread.RLock object owner=1516 count=1 at 0x000001984FDF6AB0>> ,hold 3435 ms
[INFO]2021-04-28 10:37:46,372: 运行结束，重置running
[INFO]2021-04-28 10:37:46,499: name=timer_thread, pid=2188, tid=1516
[01] File "E:/Users/Administrator/AppData/Local/Programs/Python/Python38/lib/threading.py", line 870, in run() 
[02] File "../common/mytimer.py", line 113, in _loop() 
[03] File "../common/lock.py", line 122, in _call() 
[04] File "../common/lock.py", line 100, in release() 
[05] File "E:/projects_by_myself/backup/MeiWei_back_0421/common/enhance.py", line 258, in getTrace() 
[06] File "E:/projects_by_myself/backup/MeiWei_back_0421/common/enhance.py", line 240, in getThreadStack()
[INFO]2021-04-28 10:37:46,562: task: stop task[6088ca1085257e614a46d23f][-] 6(1) -> 7(8) [finish]
[DEBUG]2021-04-28 10:37:47,707: task: delete task 6088ca1085257e614a46d23f
[DEBUG]2021-04-28 10:37:48,040: agvInfo: AGV30 meiwei423.7 move to meiwei423.9 ,taskId home_1
[DEBUG]2021-04-28 10:37:56,245: AGV30 set loc meiwei423.9 ,old 7 (27.33,0.85)
[WARNING]2021-04-28 10:37:56,836: AGV30 waitFinish status error: 9 ,target= 9 task_status= 2
[SUCC]2021-04-28 10:37:58,485: Finish:  AGV30 arrived meiwei423.9 ,task: home_1
[DEBUG]2021-04-28 10:37:58,549: unlock: AGV30 taskId None app None force False
[INFO]2021-04-28 10:38:15,358: 按钮任务状态： False
[INFO]2021-04-28 10:38:15,437: ****************接受到的数据**************： devID: 223 keyID: 4
[INFO]2021-04-28 10:38:15,517: 测试添加任务，起点和目的地，固化在下面的方法中
[INFO]2021-04-28 10:38:15,628: create task[6088ca9785257e614a46d240]: type= scadaTask , 从MeiWeiSource运送货架到MeiWeiTarget {'source': 'MeiWeiSource', 'target': 'MeiWeiTarget', 'payloadId': None, 'priority': 1, 'type': 'scadaTask', 'taskName': '从MeiWeiSource运送货架到MeiWeiTarget', 'createTime': datetime.datetime(2021, 4, 28, 10, 38, 15, 596908), 'updateTime': datetime.datetime(2021, 4, 28, 10, 38, 15, 596908), 'startTime': None, 'endTime': None, 'status': 'waiting', 'step': 'waiting', 'failMsg': None, 'history': [], '_id': ObjectId('6088ca9785257e614a46d240')}
[INFO]2021-04-28 10:38:16,295: task[6088ca9785257e614a46d240]:  start {'failMsg': '任务等待执行', 'startTime': datetime.datetime(2021, 4, 28, 10, 38, 16, 280003), 'updateTime': datetime.datetime(2021, 4, 28, 10, 38, 16, 280003), 'status': 'running'}
[INFO]2021-04-28 10:38:16,422: task: start task[6088ca9785257e614a46d240][-] 6(1) -> 7(8) [waiting]
[INFO]2021-04-28 10:38:16,503: task[6088ca9785257e614a46d240] update info: {'failMsg': '等待分配小车', 'updateTime': datetime.datetime(2021, 4, 28, 10, 38, 16, 438399)}
[DEBUG]2021-04-28 10:38:16,566: task[6088ca9785257e614a46d240][-] 6(1) -> 7(8) [waitForAgv] waiting -> waitForAgv
[INFO]2021-04-28 10:38:17,231: 信息*********map: meiwei423 agvId AGV30 tyepe: release loc home
[INFO]2021-04-28 10:38:17,311: 4 号工位放行
[INFO]2021-04-28 10:38:17,422: 无效数据！按完后二次发过来的
[INFO]2021-04-28 10:38:17,949: ******************url********************: http://127.0.0.1:5551
[DEBUG]2021-04-28 10:38:18,172: GET: http://127.0.0.1:5551/api/agv/apply?appName=MeiWeiTask&autoLock=False&exclude&loc=1&mapId=meiwei423&taskId=6088ca9785257e614a46d240&timeout=10 addr: 127.0.0.1
[INFO]2021-04-28 10:38:19,906: apply AGV30 ,taskId: 6088ca9785257e614a46d240 ,loc meiwei423.1 ,autoLock False , used 1606 ms
[DEBUG]2021-04-28 10:38:19,984: used 1812ms 200 OK application/json;charset=utf-8, GET: http://127.0.0.1:5551/api/agv/apply?appName=MeiWeiTask&autoLock=False&exclude&loc=1&mapId=meiwei423&taskId=6088ca9785257e614a46d240&timeout=10
[DEBUG]2021-04-28 10:38:20,269: GET: http://127.0.0.1:5551/api/agv/lock?agv=AGV30&appName=MeiWeiTask&taskId=6088ca9785257e614a46d240 addr: 127.0.0.1
[DEBUG]2021-04-28 10:38:20,350: lock:  AGV30 taskId 6088ca9785257e614a46d240 app MeiWeiTask
[WARNING]2021-04-28 10:38:21,466: AGV30 clear task finish, cur= meiwei423.9 task_status= 0
[DEBUG]2021-04-28 10:38:21,546: used 1277ms 200 OK application/json;charset=utf-8, GET: http://127.0.0.1:5551/api/agv/lock?agv=AGV30&appName=MeiWeiTask&taskId=6088ca9785257e614a46d240
[INFO]2021-04-28 10:38:21,719: task[6088ca9785257e614a46d240][-] 6(1) -> 7(8) [waitForAgv] apply AGV30
[INFO]2021-04-28 10:38:21,831: task[6088ca9785257e614a46d240] update info: {'agvId': 'AGV30', 'failMsg': '成功分配小车AGV30,检测顶升下降', 'updateTime': datetime.datetime(2021, 4, 28, 10, 38, 21, 799434)}
[WARNING]2021-04-28 10:38:21,911: scada.6088ca9785257e614a46d240[tid:15304] <locked _thread.RLock object owner=15304 count=1 at 0x00000198517588A0> ,hold 3962 ms
[INFO]2021-04-28 10:38:22,182: name=scada.6088ca9785257e614a46d240, pid=2188, tid=15304
[01] File "E:/Users/Administrator/AppData/Local/Programs/Python/Python38/lib/threading.py", line 870, in run() 
[02] File "../common/utility.py", line 167, in __call() 
[03] File "E:/projects_by_myself/backup/MeiWei_back_0421/akmCtrl/beans/scadaTaskBean.py", line 550, in _taskFunc() 
[04] File "../common/lock.py", line 122, in _call() 
[05] File "../common/lock.py", line 100, in release() 
[06] File "E:/projects_by_myself/backup/MeiWei_back_0421/common/enhance.py", line 258, in getTrace() 
[07] File "E:/projects_by_myself/backup/MeiWei_back_0421/common/enhance.py", line 240, in getThreadStack()
[DEBUG]2021-04-28 10:38:22,293: task[6088ca9785257e614a46d240][AGV30] 6(1) -> 7(8) [initJackdown] waitForAgv -> initJackdown
[INFO]2021-04-28 10:38:22,813: task[6088ca9785257e614a46d240][AGV30] 6(1) -> 7(8) [initJackdown] _jackDown
[DEBUG]2021-04-28 10:38:22,876: send http_get: http://127.0.0.1:5551/api/agv/jackdownOld?agv=AGV30&loc=None&timeoutSec=90
[DEBUG]2021-04-28 10:38:23,063: GET: http://127.0.0.1:5551/api/agv/jackdownOld?agv=AGV30&loc=None&timeoutSec=90 addr: 127.0.0.1
[INFO]2021-04-28 10:38:23,127: ************run jackDownOld********************
[DEBUG]2021-04-28 10:38:24,205: used 1142ms 200 OK application/json;charset=utf-8, GET: http://127.0.0.1:5551/api/agv/jackdownOld?agv=AGV30&loc=None&timeoutSec=90
[DEBUG]2021-04-28 10:38:24,332: [return] use 1456 ms,http_get: http://127.0.0.1:5551/api/agv/jackdownOld?agv=AGV30&loc=None&timeoutSec=90
[INFO]2021-04-28 10:38:24,460: task[6088ca9785257e614a46d240] update info: {'failMsg': '前往MeiWeiSource工位点拉取货架', 'updateTime': datetime.datetime(2021, 4, 28, 10, 38, 24, 412685)}
[DEBUG]2021-04-28 10:38:24,572: task[6088ca9785257e614a46d240][AGV30] 6(1) -> 7(8) [moveToPreSrc] initJackdown -> moveToPreSrc
[INFO]2021-04-28 10:38:25,096: ***************调用move方法
[DEBUG]2021-04-28 10:38:25,210: GET: http://127.0.0.1:5551/api/agv/move?WorkPlace=None&agv=AGV30&agvId=AGV30&appName=MeiWeiTask&floorId=meiwei423&isRotate&loc=meiwei423.1&location=1&taskId=6088ca9785257e614a46d240_2&taskType=scadaTask&timeoutSec=86400 addr: 127.0.0.1
[INFO]2021-04-28 10:38:25,229: Begin: AGV30 move from meiwei423.9 to meiwei423.1 by paths: [('meiwei423', ['9', '7', '8', '6', '1'], 26.065498026668134)] task: 6088ca9785257e614a46d240_2 timeout 86400 used 17 ms
[INFO]2021-04-28 10:38:25,231: 移动到source的前置点 1
[DEBUG]2021-04-28 10:38:25,231: task[6088ca9785257e614a46d240][AGV30] 6(1) -> 7(8) [moveToPreSrc_onfinish] moveToPreSrc -> moveToPreSrc_onfinish
[DEBUG]2021-04-28 10:38:26,006: agvInfo: AGV30 meiwei423.9 move to meiwei423.1 ,taskId 6088ca9785257e614a46d240_2
[DEBUG]2021-04-28 10:38:31,851: AGV30 set loc meiwei423.7 ,old 9 (23.66,0.77)
[DEBUG]2021-04-28 10:38:33,382: AGV30 set loc meiwei423.8 ,old 7 (22.36,0.73)
[DEBUG]2021-04-28 10:38:58,535: AGV30 set loc meiwei423.6 ,old 8 (2.30,0.27)
[DEBUG]2021-04-28 10:39:00,083: AGV30 set loc meiwei423.1 ,old 6 (2.13,0.94)
[WARNING]2021-04-28 10:39:00,388: AGV30 waitFinish status error: 1 ,target= 1 task_status= 2
[SUCC]2021-04-28 10:39:01,896: Finish:  AGV30 arrived meiwei423.1 ,task: 6088ca9785257e614a46d240_2
[INFO]2021-04-28 10:39:02,042: task: move finish callback task[6088ca9785257e614a46d240][AGV30] 6(1) -> 7(8) [moveToPreSrc_onfinish]
[INFO]2021-04-28 10:39:02,044: **********等待料盒信号*************
[INFO]2021-04-28 10:39:02,242: ***************调用_moveJackup方法
[DEBUG]2021-04-28 10:39:02,248: GET: http://127.0.0.1:5551/api/agv/move?WorkPlace=None&agv=AGV30&agvId=AGV30&appName=MeiWeiTask&direction=None&floorId=meiwei423&isRotate&loc=meiwei423.6&location=6&p_direction=0.0&recognize=False&result=True&resultDesc=None&seer_jackup=JackLoad&taskId=6088ca9785257e614a46d240_3&taskType=scadaTask&timeoutSec=86400&use_pgv=False addr: 127.0.0.1
[INFO]2021-04-28 10:39:02,262: Begin: AGV30 move from meiwei423.1 to meiwei423.6 by paths: [('meiwei423', ['1', '6'], 0.8303840339922958)] task: 6088ca9785257e614a46d240_3 timeout 86400 used 11 ms
[DEBUG]2021-04-28 10:39:02,263: used 15ms 200 OK application/json;charset=utf-8, GET: http://127.0.0.1:5551/api/agv/move?WorkPlace=None&agv=AGV30&agvId=AGV30&appName=MeiWeiTask&direction=None&floorId=meiwei423&isRotate&loc=meiwei423.6&location=6&p_direction=0.0&recognize=False&result=True&resultDesc=None&seer_jackup=JackLoad&taskId=6088ca9785257e614a46d240_3&taskType=scadaTask&timeoutSec=86400&use_pgv=False
[INFO]2021-04-28 10:39:02,265: ==============================runTasks._moveJackup()结束====================================
[DEBUG]2021-04-28 10:39:02,265: task[6088ca9785257e614a46d240][AGV30] 6(1) -> 7(8) [loadPlayload] startMoveJackup -> loadPlayload
[INFO]2021-04-28 10:39:02,951: ------------------------根据agvControl中的_func来到agvList中的moveJackup---------------999--------
[DEBUG]2021-04-28 10:39:02,952: agvInfo: AGV30 meiwei423.1 move jackup to meiwei423.6 ,taskId 6088ca9785257e614a46d240_3
[DEBUG]2021-04-28 10:39:04,199: AGV30 set loc meiwei423.6 ,old 1 (2.15,0.37)
[WARNING]2021-04-28 10:39:04,489: AGV30 waitFinish status error: 6 ,target= 6 task_status= 2
[SUCC]2021-04-28 10:39:05,998: Finish:  AGV30 arrived meiwei423.6 ,task: 6088ca9785257e614a46d240_3
[INFO]2021-04-28 10:39:06,204: task: move finish callback task[6088ca9785257e614a46d240][AGV30] 6(1) -> 7(8) [loadPlayload]
[INFO]2021-04-28 10:39:06,205: ***************进入onFinish.loadPlayload**********************
[INFO]2021-04-28 10:39:06,207: task[6088ca9785257e614a46d240] update info: {'failMsg': 'AGV顶升', 'updateTime': datetime.datetime(2021, 4, 28, 10, 39, 6, 206498)}
[DEBUG]2021-04-28 10:39:06,325: task[6088ca9785257e614a46d240][AGV30] 6(1) -> 7(8) [loadPlayload_jackup] loadPlayload_readqr -> loadPlayload_jackup
[INFO]2021-04-28 10:39:06,640: task[6088ca9785257e614a46d240][AGV30] 6(1) -> 7(8) [loadPlayload_jackup] _jackUp
[DEBUG]2021-04-28 10:39:06,642: send http_get: http://127.0.0.1:5551/api/agv/jackupOld?agv=AGV30&loc=None&timeoutSec=90
[DEBUG]2021-04-28 10:39:06,657: GET: http://127.0.0.1:5551/api/agv/jackupOld?agv=AGV30&loc=None&timeoutSec=90 addr: 127.0.0.1
[INFO]2021-04-28 10:39:06,658: ************run jackUpOld********************
[DEBUG]2021-04-28 10:39:07,667: used 1010ms 200 OK application/json;charset=utf-8, GET: http://127.0.0.1:5551/api/agv/jackupOld?agv=AGV30&loc=None&timeoutSec=90
[DEBUG]2021-04-28 10:39:07,791: [return] use 1149 ms,http_get: http://127.0.0.1:5551/api/agv/jackupOld?agv=AGV30&loc=None&timeoutSec=90
[INFO]2021-04-28 10:39:07,907: task[6088ca9785257e614a46d240] update info: {'failMsg': '等待MeiWeiTarget工位点锁', 'updateTime': datetime.datetime(2021, 4, 28, 10, 39, 7, 871617)}
[DEBUG]2021-04-28 10:39:08,013: task[6088ca9785257e614a46d240][AGV30] 6(1) -> 7(8) [waitDestPreLoc] loadPlayload_jackup -> waitDestPreLoc
[INFO]2021-04-28 10:39:08,483: task: prepoint locked  6088ca9785257e614a46d240 meiwei423.7
[INFO]2021-04-28 10:39:08,595: task[6088ca9785257e614a46d240] update info: {'failMsg': '前往7工位点放下货架', 'updateTime': datetime.datetime(2021, 4, 28, 10, 39, 8, 563764)}
[DEBUG]2021-04-28 10:39:08,660: task[6088ca9785257e614a46d240][AGV30] 6(1) -> 7(8) [movePreSource] waitDestPreLoc -> movePreSource
[INFO]2021-04-28 10:39:09,072: ***************进入目的地的前置点************
[INFO]2021-04-28 10:39:09,152: ***************调用move方法
[DEBUG]2021-04-28 10:39:09,250: GET: http://127.0.0.1:5551/api/agv/move?WorkPlace=None&agv=AGV30&agvId=AGV30&appName=MeiWeiTask&direction=None&floorId=meiwei423&isRotate&loc=meiwei423.8&location=8&p_direction=0.0&recognize=False&result=True&resultDesc=None&taskId=6088ca9785257e614a46d240_4&taskType=scadaTask&timeoutSec=86400&use_pgv=False addr: 127.0.0.1
[INFO]2021-04-28 10:39:09,274: Begin: AGV30 move from meiwei423.6 to meiwei423.8 by paths: [('meiwei423', ['6', '8'], 20.21778345454478)] task: 6088ca9785257e614a46d240_4 timeout 86400 used 17 ms
[DEBUG]2021-04-28 10:39:09,275: used 25ms 200 OK application/json;charset=utf-8, GET: http://127.0.0.1:5551/api/agv/move?WorkPlace=None&agv=AGV30&agvId=AGV30&appName=MeiWeiTask&direction=None&floorId=meiwei423&isRotate&loc=meiwei423.8&location=8&p_direction=0.0&recognize=False&result=True&resultDesc=None&taskId=6088ca9785257e614a46d240_4&taskType=scadaTask&timeoutSec=86400&use_pgv=False
[DEBUG]2021-04-28 10:39:09,276: task[6088ca9785257e614a46d240][AGV30] 6(1) -> 7(8) [movePreSourceStep] movePreSource -> movePreSourceStep
[DEBUG]2021-04-28 10:39:10,228: agvInfo: AGV30 meiwei423.6 move to meiwei423.8 ,taskId 6088ca9785257e614a46d240_4
[DEBUG]2021-04-28 10:39:37,358: AGV30 set loc meiwei423.8 ,old 6 (22.31,0.73)
[WARNING]2021-04-28 10:39:37,854: AGV30 waitFinish status error: 8 ,target= 8 task_status= 2
[SUCC]2021-04-28 10:39:39,373: Finish:  AGV30 arrived meiwei423.8 ,task: 6088ca9785257e614a46d240_4
[INFO]2021-04-28 10:39:39,832: task: move finish callback task[6088ca9785257e614a46d240][AGV30] 6(1) -> 7(8) [movePreSourceStep]
[INFO]2021-04-28 10:39:39,834: ********************************目的地前置点的onFinish位置********************
[INFO]2021-04-28 10:39:39,836: 等待对接信号！ 2021-04-28 10:39:39
[INFO]2021-04-28 10:39:42,848: 等待对接信号！ 2021-04-28 10:39:42
[INFO]2021-04-28 10:39:45,852: 等待对接信号！ 2021-04-28 10:39:45
[INFO]2021-04-28 10:39:45,855: 检测到进去的信号，进入工位取料
[WARNING]2021-04-28 10:39:45,858: Thread-3[tid:7088] <locked _thread.RLock object owner=7088 count=1 at 0x00000198517588A0> ,hold 6026 ms
[INFO]2021-04-28 10:39:45,860: name=Thread-3, pid=2188, tid=7088
[01] File "E:/Users/Administrator/AppData/Local/Programs/Python/Python38/lib/threading.py", line 870, in run() 
[02] File "../agvCtrl/agvApi.py", line 279, in _checkFinish() 
[03] File "../common/lock.py", line 122, in _call() 
[04] File "../common/lock.py", line 100, in release() 
[05] File "E:/projects_by_myself/backup/MeiWei_back_0421/common/enhance.py", line 258, in getTrace() 
[06] File "E:/projects_by_myself/backup/MeiWei_back_0421/common/enhance.py", line 240, in getThreadStack()
[INFO]2021-04-28 10:39:45,861: ***************调用_moveJackdown方法
[DEBUG]2021-04-28 10:39:45,863: GET: http://127.0.0.1:5551/api/agv/move?WorkPlace=None&agv=AGV30&agvId=AGV30&appName=MeiWeiTask&direction=None&floorId=meiwei423&isRotate&loc=meiwei423.7&location=7&p_direction=0.0&recognize=False&result=True&resultDesc=None&seer_jackup=JackUnload&taskId=6088ca9785257e614a46d240_5&taskType=scadaTask&timeoutSec=86400&use_pgv=False addr: 127.0.0.1
[INFO]2021-04-28 10:39:45,873: Begin: AGV30 move from meiwei423.8 to meiwei423.7 by paths: [('meiwei423', ['8', '7'], 1.1429417289360195)] task: 6088ca9785257e614a46d240_5 timeout 86400 used 8 ms
[DEBUG]2021-04-28 10:39:45,874: used 11ms 200 OK application/json;charset=utf-8, GET: http://127.0.0.1:5551/api/agv/move?WorkPlace=None&agv=AGV30&agvId=AGV30&appName=MeiWeiTask&direction=None&floorId=meiwei423&isRotate&loc=meiwei423.7&location=7&p_direction=0.0&recognize=False&result=True&resultDesc=None&seer_jackup=JackUnload&taskId=6088ca9785257e614a46d240_5&taskType=scadaTask&timeoutSec=86400&use_pgv=False
[INFO]2021-04-28 10:39:45,877: task[6088ca9785257e614a46d240] update info: {'step': 'dropPayload', 'updateTime': datetime.datetime(2021, 4, 28, 10, 39, 45, 876226)}
[INFO]2021-04-28 10:39:45,878: 当前步骤： dropPayload
[WARNING]2021-04-28 10:39:45,879: scada.6088ca9785257e614a46d240[tid:15304] <locked _thread.RLock object owner=15304 count=1 at 0x00000198517588A0> ,hold 5929 ms
[INFO]2021-04-28 10:39:45,880: name=scada.6088ca9785257e614a46d240, pid=2188, tid=15304
[01] File "E:/Users/Administrator/AppData/Local/Programs/Python/Python38/lib/threading.py", line 870, in run() 
[02] File "../common/utility.py", line 167, in __call() 
[03] File "E:/projects_by_myself/backup/MeiWei_back_0421/akmCtrl/beans/scadaTaskBean.py", line 550, in _taskFunc() 
[04] File "../common/lock.py", line 122, in _call() 
[05] File "../common/lock.py", line 100, in release() 
[06] File "E:/projects_by_myself/backup/MeiWei_back_0421/common/enhance.py", line 258, in getTrace() 
[07] File "E:/projects_by_myself/backup/MeiWei_back_0421/common/enhance.py", line 240, in getThreadStack()
[DEBUG]2021-04-28 10:39:45,881: task[6088ca9785257e614a46d240][AGV30] 6(1) -> 7(8) [dropPayload] movePreSourceStep -> dropPayload
[INFO]2021-04-28 10:39:46,512: ------------------------根据agvControl中的_func来到agvList中的moveJackdown---------------999--------
[DEBUG]2021-04-28 10:39:46,514: agvInfo: AGV30 meiwei423.8 move jackdown to meiwei423.7 ,taskId 6088ca9785257e614a46d240_5
[DEBUG]2021-04-28 10:39:49,148: AGV30 set loc meiwei423.7 ,old 8 (23.51,0.77)
[WARNING]2021-04-28 10:39:49,579: AGV30 waitFinish status error: 7 ,target= 7 task_status= 2
[WARNING]2021-04-28 10:39:50,085: AGV30 waitFinish status error: 7 ,target= 7 task_status= 2
[WARNING]2021-04-28 10:39:50,602: AGV30 waitFinish status error: 7 ,target= 7 task_status= 2
[SUCC]2021-04-28 10:39:52,132: Finish:  AGV30 arrived meiwei423.7 ,task: 6088ca9785257e614a46d240_5
[INFO]2021-04-28 10:39:52,602: task: move finish callback task[6088ca9785257e614a46d240][AGV30] 6(1) -> 7(8) [dropPayload]
[INFO]2021-04-28 10:39:52,603: ******************假设是顶升*******************
[INFO]2021-04-28 10:39:52,605: task[6088ca9785257e614a46d240] update info: {'failMsg': '放下货架，旋转顶升机构初始化', 'updateTime': datetime.datetime(2021, 4, 28, 10, 39, 52, 604845)}
[INFO]2021-04-28 10:39:52,754: task[6088ca9785257e614a46d240][AGV30] 6(1) -> 7(8) [dropPayloadJackdown] _jackDown
[DEBUG]2021-04-28 10:39:52,756: send http_get: http://127.0.0.1:5551/api/agv/jackdownOld?agv=AGV30&loc=None&timeoutSec=90
[DEBUG]2021-04-28 10:39:52,760: GET: http://127.0.0.1:5551/api/agv/jackdownOld?agv=AGV30&loc=None&timeoutSec=90 addr: 127.0.0.1
[INFO]2021-04-28 10:39:52,762: ************run jackDownOld********************
[DEBUG]2021-04-28 10:39:53,792: used 1032ms 200 OK application/json;charset=utf-8, GET: http://127.0.0.1:5551/api/agv/jackdownOld?agv=AGV30&loc=None&timeoutSec=90
[DEBUG]2021-04-28 10:39:53,903: [return] use 1147 ms,http_get: http://127.0.0.1:5551/api/agv/jackdownOld?agv=AGV30&loc=None&timeoutSec=90
[DEBUG]2021-04-28 10:39:53,967: task[6088ca9785257e614a46d240][AGV30] 6(1) -> 7(8) [dropPayloadReset] dropPayloadJackdown -> dropPayloadReset
[INFO]2021-04-28 10:39:54,462: task[6088ca9785257e614a46d240]:  successed {'step': 'finish', 'failMsg': '任务成功', 'endTime': datetime.datetime(2021, 4, 28, 10, 39, 54, 446429), 'status': 'success'}
[DEBUG]2021-04-28 10:39:54,542: task[6088ca9785257e614a46d240][AGV30] 6(1) -> 7(8) [finish] dropPayloadReset -> finish
[INFO]2021-04-28 10:39:55,051: task[6088ca9785257e614a46d240][AGV30] 6(1) -> 7(8) [finish] AGV30 release task, release agv True True False
[DEBUG]2021-04-28 10:39:55,303: GET: http://127.0.0.1:5551/api/agv/isLocked?agv=AGV30&appName=MeiWeiTask&taskId=6088ca9785257e614a46d240 addr: 127.0.0.1
[DEBUG]2021-04-28 10:39:55,367: used 64ms 200 OK application/json;charset=utf-8, GET: http://127.0.0.1:5551/api/agv/isLocked?agv=AGV30&appName=MeiWeiTask&taskId=6088ca9785257e614a46d240
[DEBUG]2021-04-28 10:39:55,557: GET: http://127.0.0.1:5551/api/agv/release?agv=AGV30&appName=MeiWeiTask&force=False&taskId=6088ca9785257e614a46d240 addr: 127.0.0.1
[DEBUG]2021-04-28 10:39:55,680: unlock: AGV30 taskId 6088ca9785257e614a46d240 app MeiWeiTask force False
[DEBUG]2021-04-28 10:39:55,806: used 250ms 200 OK application/json;charset=utf-8, GET: http://127.0.0.1:5551/api/agv/release?agv=AGV30&appName=MeiWeiTask&force=False&taskId=6088ca9785257e614a46d240
[INFO]2021-04-28 10:39:55,902: task[6088ca9785257e614a46d240][AGV30] 6(1) -> 7(8) [finish] let AGV30 gohome
[DEBUG]2021-04-28 10:39:56,142: GET: http://127.0.0.1:5551/api/agv/goHome?agv=AGV30&appName=MeiWeiTask&force=False&timeout=10800 addr: 127.0.0.1
[INFO]2021-04-28 10:39:56,237: AGV30 gohome home_2 force False taskId home_2 : AGV30.7 -> meiwei423.9
[INFO]2021-04-28 10:39:57,925: Begin: AGV30 move from meiwei423.7 to meiwei423.9 by paths: [('meiwei423', ['7', '9'], 3.87438880919504)] task: home_2 timeout 10800 used 1608 ms
[DEBUG]2021-04-28 10:39:58,005: used 1863ms 200 OK application/json;charset=utf-8, GET: http://127.0.0.1:5551/api/agv/goHome?agv=AGV30&appName=MeiWeiTask&force=False&timeout=10800
[INFO]2021-04-28 10:39:58,144: task: prepoint released2  6088ca9785257e614a46d240 meiwei423.7
[WARNING]2021-04-28 10:39:58,222: scada.6088ca9785257e614a46d240[tid:15304] <lock name:runTasks.g_lock,<locked _thread.RLock object owner=15304 count=1 at 0x000001984FDF6AB0>> ,hold 3171 ms
[INFO]2021-04-28 10:39:58,410: name=scada.6088ca9785257e614a46d240, pid=2188, tid=15304
[01] File "E:/Users/Administrator/AppData/Local/Programs/Python/Python38/lib/threading.py", line 870, in run() 
[02] File "../common/utility.py", line 167, in __call() 
[03] File "E:/projects_by_myself/backup/MeiWei_back_0421/akmCtrl/beans/scadaTaskBean.py", line 547, in _taskFunc() 
[04] File "../common/lock.py", line 122, in _call() 
[05] File "../common/lock.py", line 100, in release() 
[06] File "E:/projects_by_myself/backup/MeiWei_back_0421/common/enhance.py", line 258, in getTrace() 
[07] File "E:/projects_by_myself/backup/MeiWei_back_0421/common/enhance.py", line 240, in getThreadStack()
[INFO]2021-04-28 10:39:58,521: **********上一个按钮任务结束，重置状态，允许继续接受按钮任务************
[INFO]2021-04-28 10:39:58,617: 运行结束，重置running
[INFO]2021-04-28 10:39:58,697: task: stop task[6088ca9785257e614a46d240][-] 6(1) -> 7(8) [finish]
[DEBUG]2021-04-28 10:39:59,569: task: delete task 6088ca9785257e614a46d240
[DEBUG]2021-04-28 10:40:00,363: agvInfo: AGV30 meiwei423.7 move to meiwei423.9 ,taskId home_2
[DEBUG]2021-04-28 10:40:06,663: AGV30 set loc meiwei423.9 ,old 7 (27.23,0.85)
[WARNING]2021-04-28 10:40:07,205: AGV30 waitFinish status error: 9 ,target= 9 task_status= 2
[SUCC]2021-04-28 10:40:08,798: Finish:  AGV30 arrived meiwei423.9 ,task: home_2
[DEBUG]2021-04-28 10:40:08,878: unlock: AGV30 taskId None app None force False
[ERROR]2021-04-28 10:40:20,007: user press Ctrl+C, system quit!
[WARNING]2021-04-28 10:40:20,086: runTask:stop save file
[ERROR]2021-04-28 10:40:20,150: process exited, living 0:04:27.871057 seconds
[ERROR]2021-04-28 10:40:20,182: user press Ctrl+C, system quit!
[WARNING]2021-04-28 10:40:20,275: runTask:stop save file
[ERROR]2021-04-28 10:40:20,355: process exited, living 0:04:28.076507 seconds
[ERROR]2021-04-28 10:40:20,387: user press Ctrl+C, system quit!
[WARNING]2021-04-28 10:40:20,483: runTask:stop save file
[ERROR]2021-04-28 10:40:20,561: process exited, living 0:04:28.281958 seconds
