[INFO]2021-06-08 12:17:54,868: log files at C:\Users\Administrator\Desktop\SVN\美维\MeiWei_back_0421\common\log
[INFO]2021-06-08 12:17:54,869: find module account.main_account
[INFO]2021-06-08 12:17:54,870: find module agvCtrl.main_agv
[INFO]2021-06-08 12:17:54,870: find module agvDevice.main_agvDevice
[INFO]2021-06-08 12:17:54,871: find module akmCtrl.main_akmCtrl
[INFO]2021-06-08 12:17:54,871: find module alarm.main_alarm
[INFO]2021-06-08 12:17:54,872: find module auth.main_auth
[INFO]2021-06-08 12:17:54,872: find module door.main_door
[INFO]2021-06-08 12:17:54,872: find module elevator.main_elevator
[INFO]2021-06-08 12:17:54,875: find module feed.main_feed
[INFO]2021-06-08 12:17:54,875: find module remoteio.main_remoteio
[INFO]2021-06-08 12:17:54,876: import account.main_account
[INFO]2021-06-08 12:17:54,958: import agvCtrl.main_agv
[INFO]2021-06-08 12:17:55,258: create lock <lock name:doorMgr.lock,<unlocked _thread.RLock object owner=0 count=0 at 0x0000015143CCEDA0>>
[INFO]2021-06-08 12:17:55,272: create lock <lock name:door.lock,<unlocked _thread.RLock object owner=0 count=0 at 0x0000015143CCEF58>>
[INFO]2021-06-08 12:17:55,360: create lock <lock name:timer.lock_1448545484472,<unlocked _thread.RLock object owner=0 count=0 at 0x0000015144038C10>>
[ERROR]2021-06-08 12:17:55,371: mqtt is disabled
[INFO]2021-06-08 12:17:55,372: mqtt: subscribe [alarm/raise/+]
[INFO]2021-06-08 12:17:55,372: mqtt: subscribe [alarm/clear/+]
[INFO]2021-06-08 12:17:58,400: Mongodb connect to 127.0.0.1 port 27017
[INFO]2021-06-08 12:17:58,428: create lock <lock name:elevatorMgr.lock,<unlocked _thread.RLock object owner=0 count=0 at 0x00000151443090D0>>
[WARNING]2021-06-08 12:17:58,443: use mockAgvCtrl
[INFO]2021-06-08 12:17:58,446: create lock <lock name:mapMgr.lock,<unlocked _thread.RLock object owner=0 count=0 at 0x00000151424FEC88>>
[INFO]2021-06-08 12:17:58,712: create lock <lock name:agvList.g_agvLock,<unlocked _thread.RLock object owner=0 count=0 at 0x00000151443B9030>>
[INFO]2021-06-08 12:17:58,716: create lock <lock name:taskList.lock,<unlocked _thread.RLock object owner=0 count=0 at 0x00000151443B9C88>>
[INFO]2021-06-08 12:17:58,772: charge policy 1 , fix time
[INFO]2021-06-08 12:17:58,804: create lock <lock name:agvApi.g_lock,<unlocked _thread.RLock object owner=0 count=0 at 0x00000151444320D0>>
[INFO]2021-06-08 12:17:59,429: start load map C:\Users\Administrator\Desktop\SVN\美维\MeiWei_back_0421\agvCtrl\projects\test\AKM2F.smap
[DEBUG]2021-06-08 12:17:59,526: elevator thread start
[INFO]2021-06-08 12:17:59,545: load map C:\Users\Administrator\Desktop\SVN\美维\MeiWei_back_0421\agvCtrl\projects\test\AKM2F.smap ,used 124 ms
[INFO]2021-06-08 12:17:59,554: start load map C:\Users\Administrator\Desktop\SVN\美维\MeiWei_back_0421\agvCtrl\projects\test\akmsmt.smap
[INFO]2021-06-08 12:17:59,603: load map C:\Users\Administrator\Desktop\SVN\美维\MeiWei_back_0421\agvCtrl\projects\test\akmsmt.smap ,used 57 ms
[INFO]2021-06-08 12:17:59,613: start load map C:\Users\Administrator\Desktop\SVN\美维\MeiWei_back_0421\agvCtrl\projects\test\akmsmtMap.smap
[INFO]2021-06-08 12:17:59,730: load map C:\Users\Administrator\Desktop\SVN\美维\MeiWei_back_0421\agvCtrl\projects\test\akmsmtMap.smap ,used 125 ms
[INFO]2021-06-08 12:17:59,742: start load map C:\Users\Administrator\Desktop\SVN\美维\MeiWei_back_0421\agvCtrl\projects\test\desai-all-20191223.smap
[INFO]2021-06-08 12:17:59,854: load map C:\Users\Administrator\Desktop\SVN\美维\MeiWei_back_0421\agvCtrl\projects\test\desai-all-20191223.smap ,used 122 ms
[INFO]2021-06-08 12:17:59,863: start load map C:\Users\Administrator\Desktop\SVN\美维\MeiWei_back_0421\agvCtrl\projects\test\meiwei423.smap
[INFO]2021-06-08 12:17:59,928: load map C:\Users\Administrator\Desktop\SVN\美维\MeiWei_back_0421\agvCtrl\projects\test\meiwei423.smap ,used 73 ms
[INFO]2021-06-08 12:17:59,940: start load map C:\Users\Administrator\Desktop\SVN\美维\MeiWei_back_0421\agvCtrl\projects\test\meiwei428.smap
[INFO]2021-06-08 12:17:59,985: load map C:\Users\Administrator\Desktop\SVN\美维\MeiWei_back_0421\agvCtrl\projects\test\meiwei428.smap ,used 54 ms
[INFO]2021-06-08 12:17:59,990: import agvDevice.main_agvDevice
[INFO]2021-06-08 12:17:59,991: import akmCtrl.main_akmCtrl
[INFO]2021-06-08 12:18:00,021: create lock <lock name:runTasks.g_lock,<unlocked _thread.RLock object owner=0 count=0 at 0x0000015144903670>>
[INFO]2021-06-08 12:18:00,035: create lock <lock name:agvApi.g_lock,<unlocked _thread.RLock object owner=0 count=0 at 0x00000151449A4A58>>
[INFO]2021-06-08 12:18:00,049: create lock <lock name:runTasks.pre_lock,<unlocked _thread.RLock object owner=0 count=0 at 0x00000151448DEF58>>
[INFO]2021-06-08 12:18:00,051: create lock <lock name:timer.lock_1448549675416,<unlocked _thread.RLock object owner=0 count=0 at 0x0000015144853328>>
[INFO]2021-06-08 12:18:00,057: create lock <lock name:mapMgr.lock,<unlocked _thread.RLock object owner=0 count=0 at 0x00000151430F2260>>
[INFO]2021-06-08 12:18:00,107: import alarm.main_alarm
[INFO]2021-06-08 12:18:00,116: import auth.main_auth
[INFO]2021-06-08 12:18:00,562: import door.main_door
[INFO]2021-06-08 12:18:00,566: import elevator.main_elevator
[INFO]2021-06-08 12:18:00,575: create lock <lock name:elevatorApi.g_lock,<unlocked _thread.RLock object owner=0 count=0 at 0x00000151430F2D50>>
[INFO]2021-06-08 12:18:00,577: import feed.main_feed
[INFO]2021-06-08 12:18:00,603: IP: 127.0.0.1 port: 10001
[INFO]2021-06-08 12:18:00,607: ------------准备start--------
[INFO]2021-06-08 12:18:00,612: <tcpSocket.server object at 0x00000151466D65C0>
[INFO]2021-06-08 12:18:00,614: import remoteio.main_remoteio
[SUCC]2021-06-08 12:18:00,631: utility start, pid=4396, ppid=2640
[DEBUG]2021-06-08 12:18:00,632: start timer
[INFO]2021-06-08 12:18:00,643: load agv file: C:\Users\Administrator\Desktop\SVN\美维\MeiWei_back_0421\agvCtrl/projects/test/agv.cfg
[INFO]2021-06-08 12:18:00,644: create lock <lock name:agvList.AGV30.lock,<unlocked _thread.RLock object owner=0 count=0 at 0x000001514679F198>>
[DEBUG]2021-06-08 12:18:00,646: create aliveObj AGV30 AGV离线异常 timeout 300
[INFO]2021-06-08 12:18:00,647: AGV30 start agvList run thread
[INFO]2021-06-08 12:18:00,648: AGV30 start agvList run2 thread
[DEBUG]2021-06-08 12:18:00,655: start timer
[ERROR]2021-06-08 12:18:00,656: agv check init error False
[INFO]2021-06-08 12:18:00,662: add_ignore: taskStatus
[INFO]2021-06-08 12:18:00,664: add_ignore: api/elevator/status
[INFO]2021-06-08 12:18:00,667: add_ignore: scada/getTask
[INFO]2021-06-08 12:18:01,160: AGV30 current map meiwei428
[INFO]2021-06-08 12:18:01,163: AGV30 is online
[DEBUG]2021-06-08 12:18:01,679: GET: http://127.0.0.1:5551/api/agv/init?appName=MeiWeiTask addr: 127.0.0.1
[INFO]2021-06-08 12:18:01,682: MeiWeiTask init client agvApi
[DEBUG]2021-06-08 12:18:01,683: used 4ms 200 OK application/json;charset=utf-8, GET: http://127.0.0.1:5551/api/agv/init?appName=MeiWeiTask
[DEBUG]2021-06-08 12:18:04,817: GET: http://127.0.0.1:5551/api/agv/startCharge?appName=MeiWeiTask addr: 127.0.0.1
[DEBUG]2021-06-08 12:18:04,863: used 46ms 200 OK application/json;charset=utf-8, GET: http://127.0.0.1:5551/api/agv/startCharge?appName=MeiWeiTask
[WARNING]2021-06-08 12:18:04,974: timer_thread[tid:2116] <lock name:runTasks.g_lock,<locked _thread.RLock object owner=2116 count=1 at 0x0000015144903670>> ,hold 3311 ms
[INFO]2021-06-08 12:18:05,196: name=timer_thread, pid=4396, tid=2116
[01] File "C:/Python37/lib/threading.py", line 865, in run() 
[02] File "../common/mytimer.py", line 113, in _loop() 
[03] File "../common/lock.py", line 122, in _call() 
[04] File "../common/lock.py", line 100, in release() 
[05] File "C:/Users/Administrator/Desktop/SVN/美维/MeiWei_back_0421/common/enhance.py", line 258, in getTrace() 
[06] File "C:/Users/Administrator/Desktop/SVN/美维/MeiWei_back_0421/common/enhance.py", line 240, in getThreadStack()
[ERROR]2021-06-08 12:20:03,512: user press Ctrl+C, system quit!
[WARNING]2021-06-08 12:20:03,575: runTask:stop save file
[ERROR]2021-06-08 12:20:03,637: process exited, living 0:02:03.620681 seconds
[ERROR]2021-06-08 12:20:03,683: user press Ctrl+C, system quit!
[WARNING]2021-06-08 12:20:03,792: runTask:stop save file
[ERROR]2021-06-08 12:20:03,852: user press Ctrl+C, system quit!
[ERROR]2021-06-08 12:20:03,913: process exited, living 0:02:03.896984 seconds
