[INFO]2021-04-19 16:56:39,838: log files at E:\projects_by_myself\MeiWei\common\log
[INFO]2021-04-19 16:56:39,839: find module account.main_account
[INFO]2021-04-19 16:56:39,840: find module agvCtrl.main_agv
[INFO]2021-04-19 16:56:39,842: find module agvDevice.main_agvDevice
[INFO]2021-04-19 16:56:39,843: find module akmCtrl.main_akmCtrl
[INFO]2021-04-19 16:56:39,843: find module alarm.main_alarm
[INFO]2021-04-19 16:56:39,844: find module auth.main_auth
[INFO]2021-04-19 16:56:39,845: find module door.main_door
[INFO]2021-04-19 16:56:39,846: find module elevator.main_elevator
[INFO]2021-04-19 16:56:39,848: find module feed.main_feed
[INFO]2021-04-19 16:56:39,850: find module remoteio.main_remoteio
[INFO]2021-04-19 16:56:39,851: import account.main_account
[INFO]2021-04-19 16:56:39,943: import agvCtrl.main_agv
[INFO]2021-04-19 16:56:40,823: create lock <lock name:doorMgr.lock,<unlocked _thread.RLock object owner=0 count=0 at 0x000001CB12C1BEA0>>
[INFO]2021-04-19 16:56:41,733: create lock <lock name:door.lock,<unlocked _thread.RLock object owner=0 count=0 at 0x000001CB12C3C420>>
[INFO]2021-04-19 16:56:41,846: create lock <lock name:timer.lock_1971711476352,<unlocked _thread.RLock object owner=0 count=0 at 0x000001CB132983F0>>
[ERROR]2021-04-19 16:56:41,859: mqtt is disabled
[INFO]2021-04-19 16:56:41,861: mqtt: subscribe [alarm/raise/+]
[INFO]2021-04-19 16:56:41,862: mqtt: subscribe [alarm/clear/+]
[INFO]2021-04-19 16:56:44,900: Mongodb connect to 127.0.0.1 port 27017
[INFO]2021-04-19 16:56:44,954: create lock <lock name:elevatorMgr.lock,<unlocked _thread.RLock object owner=0 count=0 at 0x000001CB134A8DE0>>
[WARNING]2021-04-19 16:56:44,968: use mockAgvCtrl
[INFO]2021-04-19 16:56:44,971: create lock <lock name:mapMgr.lock,<unlocked _thread.RLock object owner=0 count=0 at 0x000001CB11513360>>
[INFO]2021-04-19 16:56:45,333: create lock <lock name:agvList.g_agvLock,<unlocked _thread.RLock object owner=0 count=0 at 0x000001CB135436F0>>
[INFO]2021-04-19 16:56:45,340: create lock <lock name:taskList.lock,<unlocked _thread.RLock object owner=0 count=0 at 0x000001CB135E6540>>
[INFO]2021-04-19 16:56:45,411: charge policy 1 , fix time
[INFO]2021-04-19 16:56:45,451: create lock <lock name:agvApi.g_lock,<unlocked _thread.RLock object owner=0 count=0 at 0x000001CB135F0120>>
[INFO]2021-04-19 16:56:45,797: start load map E:\projects_by_myself\MeiWei\agvCtrl\projects\test\AKM2F.smap
[DEBUG]2021-04-19 16:56:45,915: elevator thread start
[INFO]2021-04-19 16:56:45,939: load map E:\projects_by_myself\MeiWei\agvCtrl\projects\test\AKM2F.smap ,used 151 ms
[INFO]2021-04-19 16:56:45,949: start load map E:\projects_by_myself\MeiWei\agvCtrl\projects\test\akmsmt.smap
[INFO]2021-04-19 16:56:46,011: load map E:\projects_by_myself\MeiWei\agvCtrl\projects\test\akmsmt.smap ,used 71 ms
[INFO]2021-04-19 16:56:46,024: start load map E:\projects_by_myself\MeiWei\agvCtrl\projects\test\akmsmtMap.smap
[INFO]2021-04-19 16:56:46,162: load map E:\projects_by_myself\MeiWei\agvCtrl\projects\test\akmsmtMap.smap ,used 150 ms
[INFO]2021-04-19 16:56:46,172: start load map E:\projects_by_myself\MeiWei\agvCtrl\projects\test\desai-all-20191223.smap
[INFO]2021-04-19 16:56:46,327: load map E:\projects_by_myself\MeiWei\agvCtrl\projects\test\desai-all-20191223.smap ,used 165 ms
[INFO]2021-04-19 16:56:46,331: import agvDevice.main_agvDevice
[INFO]2021-04-19 16:56:46,333: import akmCtrl.main_akmCtrl
[INFO]2021-04-19 16:56:46,350: create lock <lock name:agvApi.g_lock,<unlocked _thread.RLock object owner=0 count=0 at 0x000001CB1201C990>>
[INFO]2021-04-19 16:56:46,357: create lock <lock name:IOAlarm.s_lock,<unlocked _thread.RLock object owner=0 count=0 at 0x000001CB1399E0C0>>
[INFO]2021-04-19 16:56:46,360: create lock <lock name:mapMgr.lock,<unlocked _thread.RLock object owner=0 count=0 at 0x000001CB1203ECC0>>
[INFO]2021-04-19 16:56:46,442: import alarm.main_alarm
[INFO]2021-04-19 16:56:46,448: import auth.main_auth
[INFO]2021-04-19 16:56:46,809: import door.main_door
[INFO]2021-04-19 16:56:46,841: import elevator.main_elevator
[INFO]2021-04-19 16:56:46,846: create lock <lock name:elevatorApi.g_lock,<unlocked _thread.RLock object owner=0 count=0 at 0x000001CB15398AE0>>
[INFO]2021-04-19 16:56:46,848: import feed.main_feed
[INFO]2021-04-19 16:56:46,861: create lock <lock name:feedTask.g_lock,<unlocked _thread.RLock object owner=0 count=0 at 0x000001CB153AE060>>
[INFO]2021-04-19 16:56:46,922: import remoteio.main_remoteio
[SUCC]2021-04-19 16:56:46,937: utility start, pid=7376, ppid=15952
[DEBUG]2021-04-19 16:56:46,938: start timer
[INFO]2021-04-19 16:56:46,946: load agv file: E:\projects_by_myself\MeiWei\agvCtrl/projects/test/agv.cfg
[INFO]2021-04-19 16:56:46,947: create lock <lock name:agvList.AGV30.lock,<unlocked _thread.RLock object owner=0 count=0 at 0x000001CB15A04DE0>>
[DEBUG]2021-04-19 16:56:46,950: create aliveObj AGV30 AGV离线异常 timeout 300
[INFO]2021-04-19 16:56:46,951: AGV30 start agvList run thread
[INFO]2021-04-19 16:56:46,952: AGV30 start agvList run2 thread
[ERROR]2021-04-19 16:56:46,962: agv check init error False
[INFO]2021-04-19 16:56:46,971: add_ignore: taskStatus
[INFO]2021-04-19 16:56:46,973: add_ignore: api/elevator/status
[INFO]2021-04-19 16:56:46,973: add_ignore: scada/getTask
[INFO]2021-04-19 16:56:47,470: AGV30 current map AKM2F
[INFO]2021-04-19 16:56:47,500: AGV30 is online
[DEBUG]2021-04-19 16:56:51,957: GET: http://127.0.0.1:5551/api/agv/init?appName=akmTask addr: 127.0.0.1
[INFO]2021-04-19 16:56:51,960: akmTask init client agvApi
[DEBUG]2021-04-19 16:56:51,962: used 5ms 200 OK application/json;charset=utf-8, GET: http://127.0.0.1:5551/api/agv/init?appName=akmTask
[WARNING]2021-04-19 16:56:51,965: timer_thread[tid:15960] <locked _thread.RLock object owner=15960 count=1 at 0x000001CB1399E7E0> ,hold 5021 ms
[INFO]2021-04-19 16:56:51,968: name=timer_thread, pid=7376, tid=15960
[01] File "E:/Users/Administrator/AppData/Local/Programs/Python/Python38/lib/threading.py", line 870, in run() 
[02] File "E:/projects_by_myself/MeiWei/common/mytimer.py", line 113, in _loop() 
[03] File "E:/projects_by_myself/MeiWei/common/lock.py", line 122, in _call() 
[04] File "E:/projects_by_myself/MeiWei/common/lock.py", line 100, in release() 
[05] File "E:/projects_by_myself/MeiWei/common/enhance.py", line 258, in getTrace() 
[06] File "E:/projects_by_myself/MeiWei/common/enhance.py", line 240, in getThreadStack()
[INFO]2021-04-19 16:56:53,540: user press moveAgv AGV30 button
[DEBUG]2021-04-19 16:56:57,301: send http_get: http://127.0.0.1:5551/api/remoteio/readDOList?id=AOIload
[INFO]2021-04-19 16:56:57,358: user press moveAgv AGV30 button
[DEBUG]2021-04-19 16:56:57,400: GET: http://127.0.0.1:5551/api/remoteio/readDOList?id=AOIload addr: 127.0.0.1
[DEBUG]2021-04-19 16:56:57,436: used 36ms 200 OK application/json;charset=utf-8, GET: http://127.0.0.1:5551/api/remoteio/readDOList?id=AOIload
[DEBUG]2021-04-19 16:56:57,503: [return] use 202 ms,http_get: http://127.0.0.1:5551/api/remoteio/readDOList?id=AOIload
[DEBUG]2021-04-19 16:56:57,541: send http_get: http://127.0.0.1:5551/api/remoteio/readStatusListD100?id=ele002
[DEBUG]2021-04-19 16:56:57,630: GET: http://127.0.0.1:5551/api/remoteio/readStatusListD100?id=ele002 addr: 127.0.0.1
[CRITICAL]2021-04-19 16:56:57,768: invoke <function urlreadStatusListD100 at 0x000001CB15A024C0> cause a error: module 'remoteio.mockRemoteioApi' has no attribute 'readStatusListD100'
pid=7376, ppid=15952, tid=16868
Traceback (most recent call last):
  File "E:\projects_by_myself\MeiWei\common\scadaUtility.py", line 45, in __call
    ret = func(*p,**pp)
  File "E:\projects_by_myself\MeiWei\remoteio\main_remoteio.py", line 90, in urlreadStatusListD100
    return ioMgr.readStatusListD100(id)
AttributeError: module 'remoteio.mockRemoteioApi' has no attribute 'readStatusListD100'

[DEBUG]2021-04-19 16:56:57,813: used 183ms 200 OK application/json;charset=utf-8, GET: http://127.0.0.1:5551/api/remoteio/readStatusListD100?id=ele002
[DEBUG]2021-04-19 16:56:57,879: [return] use 338 ms,http_get: http://127.0.0.1:5551/api/remoteio/readStatusListD100?id=ele002
[CRITICAL]2021-04-19 16:56:57,970: ele002 init failed cause a error: AttributeError: module 'remoteio.mockRemoteioApi' has no attribute 'readStatusListD100'
pid=7376, ppid=15952, tid=15960
Traceback (most recent call last):
  File "E:\projects_by_myself\MeiWei\akmCtrl\deviceCtrl.py", line 179, in _checkInit
    s = ioApi.readStatusListD100(devices[d][ioId])["status"]
  File "..\remoteio\remoteioApi.py", line 72, in readStatusListD100
    return _remoteio('/api/remoteio/readStatusListD100', id, param)
  File "..\remoteio\remoteioApi.py", line 110, in _remoteio
    return http_get(url + apiurl, param)
  File "..\remoteio\remoteioApi.py", line 19, in http_get
    raise Exception(result["errormsg"])
Exception: AttributeError: module 'remoteio.mockRemoteioApi' has no attribute 'readStatusListD100'

[INFO]2021-04-19 16:56:59,014: init IO success
[DEBUG]2021-04-19 16:56:59,354: send http_get: http://127.0.0.1:5551/api/remoteio/readDOList?id=AOIload
[DEBUG]2021-04-19 16:56:59,621: GET: http://127.0.0.1:5551/api/remoteio/readDOList?id=AOIload addr: 127.0.0.1
[DEBUG]2021-04-19 16:56:59,698: used 77ms 200 OK application/json;charset=utf-8, GET: http://127.0.0.1:5551/api/remoteio/readDOList?id=AOIload
[DEBUG]2021-04-19 16:56:59,836: [return] use 482 ms,http_get: http://127.0.0.1:5551/api/remoteio/readDOList?id=AOIload
[DEBUG]2021-04-19 16:56:59,946: send http_get: http://127.0.0.1:5551/api/remoteio/readStatusListD100?id=ele002
[DEBUG]2021-04-19 16:57:00,181: GET: http://127.0.0.1:5551/api/remoteio/readStatusListD100?id=ele002 addr: 127.0.0.1
[CRITICAL]2021-04-19 16:57:00,336: invoke <function urlreadStatusListD100 at 0x000001CB15A024C0> cause a error: module 'remoteio.mockRemoteioApi' has no attribute 'readStatusListD100'
pid=7376, ppid=15952, tid=12636
Traceback (most recent call last):
  File "E:\projects_by_myself\MeiWei\common\scadaUtility.py", line 45, in __call
    ret = func(*p,**pp)
  File "E:\projects_by_myself\MeiWei\remoteio\main_remoteio.py", line 90, in urlreadStatusListD100
    return ioMgr.readStatusListD100(id)
AttributeError: module 'remoteio.mockRemoteioApi' has no attribute 'readStatusListD100'

[DEBUG]2021-04-19 16:57:00,478: used 297ms 200 OK application/json;charset=utf-8, GET: http://127.0.0.1:5551/api/remoteio/readStatusListD100?id=ele002
[DEBUG]2021-04-19 16:57:00,696: [return] use 750 ms,http_get: http://127.0.0.1:5551/api/remoteio/readStatusListD100?id=ele002
[CRITICAL]2021-04-19 16:57:00,806: readDIList error cause a error: AttributeError: module 'remoteio.mockRemoteioApi' has no attribute 'readStatusListD100'
pid=7376, ppid=15952, tid=15960
Traceback (most recent call last):
  File "E:\projects_by_myself\MeiWei\akmCtrl\deviceCtrl.py", line 81, in _monitorDevices
    s2 = ioApi.readStatusListD100(devices[d]["io2"])["status"] #上板机
  File "..\remoteio\remoteioApi.py", line 72, in readStatusListD100
    return _remoteio('/api/remoteio/readStatusListD100', id, param)
  File "..\remoteio\remoteioApi.py", line 110, in _remoteio
    return http_get(url + apiurl, param)
  File "..\remoteio\remoteioApi.py", line 19, in http_get
    raise Exception(result["errormsg"])
Exception: AttributeError: module 'remoteio.mockRemoteioApi' has no attribute 'readStatusListD100'

[DEBUG]2021-04-19 16:57:02,426: lock:  AGV30 taskId user_1618822622426 app user
[WARNING]2021-04-19 16:57:03,811: AGV30 clear task finish, cur= AKM2F.AP29 task_status= 0
[INFO]2021-04-19 16:57:04,693: Begin: AGV30 move from AKM2F.AP29 to AKM2F.LM11 by paths: [('AKM2F', ['AP29', 'LM31', 'LM39', 'LM37', 'LM18', 'LM40', 'LM17', 'LM16', 'LM44', 'LM43', 'LM14', 'LM13', 'LM12', 'LM11'], 43.639508170887524)] task: user_1618822622426 timeout 150 used 582 ms
[INFO]2021-04-19 16:57:04,813: startCharge is false
[DEBUG]2021-04-19 16:57:05,299: send http_get: http://127.0.0.1:5551/api/remoteio/readDOList?id=AOIload
[DEBUG]2021-04-19 16:57:05,534: GET: http://127.0.0.1:5551/api/remoteio/readDOList?id=AOIload addr: 127.0.0.1
[DEBUG]2021-04-19 16:57:05,595: used 61ms 200 OK application/json;charset=utf-8, GET: http://127.0.0.1:5551/api/remoteio/readDOList?id=AOIload
[DEBUG]2021-04-19 16:57:05,752: [return] use 453 ms,http_get: http://127.0.0.1:5551/api/remoteio/readDOList?id=AOIload
[DEBUG]2021-04-19 16:57:05,829: send http_get: http://127.0.0.1:5551/api/remoteio/readStatusListD100?id=ele002
[DEBUG]2021-04-19 16:57:05,984: GET: http://127.0.0.1:5551/api/remoteio/readStatusListD100?id=ele002 addr: 127.0.0.1
[CRITICAL]2021-04-19 16:57:06,142: invoke <function urlreadStatusListD100 at 0x000001CB15A024C0> cause a error: module 'remoteio.mockRemoteioApi' has no attribute 'readStatusListD100'
pid=7376, ppid=15952, tid=17308
Traceback (most recent call last):
  File "E:\projects_by_myself\MeiWei\common\scadaUtility.py", line 45, in __call
    ret = func(*p,**pp)
  File "E:\projects_by_myself\MeiWei\remoteio\main_remoteio.py", line 90, in urlreadStatusListD100
    return ioMgr.readStatusListD100(id)
AttributeError: module 'remoteio.mockRemoteioApi' has no attribute 'readStatusListD100'

[DEBUG]2021-04-19 16:57:06,254: used 270ms 200 OK application/json;charset=utf-8, GET: http://127.0.0.1:5551/api/remoteio/readStatusListD100?id=ele002
[DEBUG]2021-04-19 16:57:06,269: agvInfo: AGV30 AKM2F.AP29 move to AKM2F.LM31 ,taskId user_1618822622426
[DEBUG]2021-04-19 16:57:06,379: [return] use 550 ms,http_get: http://127.0.0.1:5551/api/remoteio/readStatusListD100?id=ele002
[CRITICAL]2021-04-19 16:57:06,489: readDIList error cause a error: AttributeError: module 'remoteio.mockRemoteioApi' has no attribute 'readStatusListD100'
pid=7376, ppid=15952, tid=15960
Traceback (most recent call last):
  File "E:\projects_by_myself\MeiWei\akmCtrl\deviceCtrl.py", line 81, in _monitorDevices
    s2 = ioApi.readStatusListD100(devices[d]["io2"])["status"] #上板机
  File "..\remoteio\remoteioApi.py", line 72, in readStatusListD100
    return _remoteio('/api/remoteio/readStatusListD100', id, param)
  File "..\remoteio\remoteioApi.py", line 110, in _remoteio
    return http_get(url + apiurl, param)
  File "..\remoteio\remoteioApi.py", line 19, in http_get
    raise Exception(result["errormsg"])
Exception: AttributeError: module 'remoteio.mockRemoteioApi' has no attribute 'readStatusListD100'

[DEBUG]2021-04-19 16:57:08,110: AGV30 turn to wait check cur AP29 next LM39 0.940 False
[DEBUG]2021-04-19 16:57:09,267: AGV30 set loc AKM2F.LM31 ,old AP29 (-13.76,-15.15)
[INFO]2021-04-19 16:57:09,373: remoteio is alarm: ['DOOR40', 'DOOR41']
[DEBUG]2021-04-19 16:57:10,062: agvInfo: AGV30 AKM2F.LM31 move to AKM2F.LM39 ,taskId user_1618822622426
[DEBUG]2021-04-19 16:57:11,091: send http_get: http://127.0.0.1:5551/api/remoteio/readDOList?id=AOIload
[DEBUG]2021-04-19 16:57:11,484: GET: http://127.0.0.1:5551/api/remoteio/readDOList?id=AOIload addr: 127.0.0.1
[DEBUG]2021-04-19 16:57:11,578: used 94ms 200 OK application/json;charset=utf-8, GET: http://127.0.0.1:5551/api/remoteio/readDOList?id=AOIload
[DEBUG]2021-04-19 16:57:11,795: [return] use 704 ms,http_get: http://127.0.0.1:5551/api/remoteio/readDOList?id=AOIload
[DEBUG]2021-04-19 16:57:11,905: send http_get: http://127.0.0.1:5551/api/remoteio/readStatusListD100?id=ele002
[DEBUG]2021-04-19 16:57:12,155: GET: http://127.0.0.1:5551/api/remoteio/readStatusListD100?id=ele002 addr: 127.0.0.1
[CRITICAL]2021-04-19 16:57:12,217: invoke <function urlreadStatusListD100 at 0x000001CB15A024C0> cause a error: module 'remoteio.mockRemoteioApi' has no attribute 'readStatusListD100'
pid=7376, ppid=15952, tid=15580
Traceback (most recent call last):
  File "E:\projects_by_myself\MeiWei\common\scadaUtility.py", line 45, in __call
    ret = func(*p,**pp)
  File "E:\projects_by_myself\MeiWei\remoteio\main_remoteio.py", line 90, in urlreadStatusListD100
    return ioMgr.readStatusListD100(id)
AttributeError: module 'remoteio.mockRemoteioApi' has no attribute 'readStatusListD100'

[DEBUG]2021-04-19 16:57:12,296: used 141ms 200 OK application/json;charset=utf-8, GET: http://127.0.0.1:5551/api/remoteio/readStatusListD100?id=ele002
[DEBUG]2021-04-19 16:57:12,595: [return] use 690 ms,http_get: http://127.0.0.1:5551/api/remoteio/readStatusListD100?id=ele002
[CRITICAL]2021-04-19 16:57:12,674: readDIList error cause a error: AttributeError: module 'remoteio.mockRemoteioApi' has no attribute 'readStatusListD100'
pid=7376, ppid=15952, tid=15960
Traceback (most recent call last):
  File "E:\projects_by_myself\MeiWei\akmCtrl\deviceCtrl.py", line 81, in _monitorDevices
    s2 = ioApi.readStatusListD100(devices[d]["io2"])["status"] #上板机
  File "..\remoteio\remoteioApi.py", line 72, in readStatusListD100
    return _remoteio('/api/remoteio/readStatusListD100', id, param)
  File "..\remoteio\remoteioApi.py", line 110, in _remoteio
    return http_get(url + apiurl, param)
  File "..\remoteio\remoteioApi.py", line 19, in http_get
    raise Exception(result["errormsg"])
Exception: AttributeError: module 'remoteio.mockRemoteioApi' has no attribute 'readStatusListD100'

[DEBUG]2021-04-19 16:57:14,239: AGV30 turn to wait check cur LM31 next LM37 0.486 False
[DEBUG]2021-04-19 16:57:14,815: AGV30 set loc AKM2F.LM39 ,old LM31 (-15.05,-15.15)
[DEBUG]2021-04-19 16:57:15,952: agvInfo: AGV30 AKM2F.LM39 move to AKM2F.LM37 ,taskId user_1618822622426
[INFO]2021-04-19 16:57:16,596: startCharge is false
[DEBUG]2021-04-19 16:57:17,086: send http_get: http://127.0.0.1:5551/api/remoteio/readDOList?id=AOIload
[DEBUG]2021-04-19 16:57:17,321: GET: http://127.0.0.1:5551/api/remoteio/readDOList?id=AOIload addr: 127.0.0.1
[DEBUG]2021-04-19 16:57:17,397: used 76ms 200 OK application/json;charset=utf-8, GET: http://127.0.0.1:5551/api/remoteio/readDOList?id=AOIload
[DEBUG]2021-04-19 16:57:17,538: [return] use 452 ms,http_get: http://127.0.0.1:5551/api/remoteio/readDOList?id=AOIload
[DEBUG]2021-04-19 16:57:17,631: send http_get: http://127.0.0.1:5551/api/remoteio/readStatusListD100?id=ele002
[DEBUG]2021-04-19 16:57:17,819: GET: http://127.0.0.1:5551/api/remoteio/readStatusListD100?id=ele002 addr: 127.0.0.1
[CRITICAL]2021-04-19 16:57:17,922: invoke <function urlreadStatusListD100 at 0x000001CB15A024C0> cause a error: module 'remoteio.mockRemoteioApi' has no attribute 'readStatusListD100'
pid=7376, ppid=15952, tid=3436
Traceback (most recent call last):
  File "E:\projects_by_myself\MeiWei\common\scadaUtility.py", line 45, in __call
    ret = func(*p,**pp)
  File "E:\projects_by_myself\MeiWei\remoteio\main_remoteio.py", line 90, in urlreadStatusListD100
    return ioMgr.readStatusListD100(id)
AttributeError: module 'remoteio.mockRemoteioApi' has no attribute 'readStatusListD100'

[DEBUG]2021-04-19 16:57:18,051: used 232ms 200 OK application/json;charset=utf-8, GET: http://127.0.0.1:5551/api/remoteio/readStatusListD100?id=ele002
[DEBUG]2021-04-19 16:57:18,159: [return] use 528 ms,http_get: http://127.0.0.1:5551/api/remoteio/readStatusListD100?id=ele002
[CRITICAL]2021-04-19 16:57:18,214: readDIList error cause a error: AttributeError: module 'remoteio.mockRemoteioApi' has no attribute 'readStatusListD100'
pid=7376, ppid=15952, tid=15960
Traceback (most recent call last):
  File "E:\projects_by_myself\MeiWei\akmCtrl\deviceCtrl.py", line 81, in _monitorDevices
    s2 = ioApi.readStatusListD100(devices[d]["io2"])["status"] #上板机
  File "..\remoteio\remoteioApi.py", line 72, in readStatusListD100
    return _remoteio('/api/remoteio/readStatusListD100', id, param)
  File "..\remoteio\remoteioApi.py", line 110, in _remoteio
    return http_get(url + apiurl, param)
  File "..\remoteio\remoteioApi.py", line 19, in http_get
    raise Exception(result["errormsg"])
Exception: AttributeError: module 'remoteio.mockRemoteioApi' has no attribute 'readStatusListD100'

[DEBUG]2021-04-19 16:57:19,493: AGV30 turn to wait check cur LM39 next LM18 0.797 False
[INFO]2021-04-19 16:57:21,101: remoteio is alarm: ['DOOR40', 'DOOR41']
[DEBUG]2021-04-19 16:57:21,149: AGV30 set loc AKM2F.LM37 ,old LM39 (-15.16,-16.74)
[DEBUG]2021-04-19 16:57:21,326: agvInfo: AGV30 AKM2F.LM39 move to AKM2F.LM18 ,taskId user_1618822622426
[DEBUG]2021-04-19 16:57:22,771: send http_get: http://127.0.0.1:5551/api/remoteio/readDOList?id=AOIload
[INFO]2021-04-19 16:57:24,224: name=mock.move, pid=7376, tid=16452
[01] File "E:/Users/Administrator/AppData/Local/Programs/Python/Python38/lib/threading.py", line 870, in run() 
[02] File "../driver/seerAgv/mockAgvCtrl.py", line 298, in moveFunc() 
[03] File "../driver/seerAgv/mockAgvCtrl.py", line 331, in move() 
[04] File "../driver/seerAgv/mockAgvCtrl.py", line 287, in moveLine() 

name=Thread-2, pid=7376, tid=5568
[01] File "E:/Users/Administrator/AppData/Local/Programs/Python/Python38/lib/threading.py", line 870, in run() 
[02] File "../agvCtrl/agvApi.py", line 230, in _checkFinish() 
[03] File "E:/projects_by_myself/MeiWei/common/utility.py", line 573, in is_exited() 

name=agv.hasDeadlock, pid=7376, tid=8528
[01] File "E:/Users/Administrator/AppData/Local/Programs/Python/Python38/lib/threading.py", line 870, in run() 
[02] File "E:/projects_by_myself/MeiWei/agvCtrl/agvControl.py", line 1013, in _threadFunc() 

name=worker 9, pid=7376, tid=13216
[01] File "E:/Users/Administrator/AppData/Local/Programs/Python/Python38/lib/threading.py", line 870, in run() 
[02] File "E:/Users/Administrator/AppData/Local/Programs/Python/Python38/lib/site-packages/paste/httpserver.py", line 891, in worker_thread_callback() 
[03] File "E:/Users/Administrator/AppData/Local/Programs/Python/Python38/lib/queue.py", line 170, in get() 
[04] File "E:/Users/Administrator/AppData/Local/Programs/Python/Python38/lib/threading.py", line 302, in wait() 

name=worker 8, pid=7376, tid=15580
[01] File "E:/Users/Administrator/AppData/Local/Programs/Python/Python38/lib/threading.py", line 870, in run() 
[02] File "E:/Users/Administrator/AppData/Local/Programs/Python/Python38/lib/site-packages/paste/httpserver.py", line 891, in worker_thread_callback() 
[03] File "E:/Users/Administrator/AppData/Local/Programs/Python/Python38/lib/queue.py", line 170, in get() 
[04] File "E:/Users/Administrator/AppData/Local/Programs/Python/Python38/lib/threading.py", line 302, in wait() 

name=worker 7, pid=7376, tid=16600
[01] File "E:/Users/Administrator/AppData/Local/Programs/Python/Python38/lib/threading.py", line 870, in run() 
[02] File "E:/Users/Administrator/AppData/Local/Programs/Python/Python38/lib/site-packages/paste/httpserver.py", line 891, in worker_thread_callback() 
[03] File "E:/Users/Administrator/AppData/Local/Programs/Python/Python38/lib/queue.py", line 170, in get() 
[04] File "E:/Users/Administrator/AppData/Local/Programs/Python/Python38/lib/threading.py", line 302, in wait() 

name=worker 6, pid=7376, tid=17308
[01] File "E:/Users/Administrator/AppData/Local/Programs/Python/Python38/lib/threading.py", line 870, in run() 
[02] File "E:/Users/Administrator/AppData/Local/Programs/Python/Python38/lib/site-packages/paste/httpserver.py", line 891, in worker_thread_callback() 
[03] File "E:/Users/Administrator/AppData/Local/Programs/Python/Python38/lib/queue.py", line 170, in get() 
[04] File "E:/Users/Administrator/AppData/Local/Programs/Python/Python38/lib/threading.py", line 302, in wait() 

name=worker 5, pid=7376, tid=16100
[01] File "E:/Users/Administrator/AppData/Local/Programs/Python/Python38/lib/threading.py", line 870, in run() 
[02] File "E:/Users/Administrator/AppData/Local/Programs/Python/Python38/lib/site-packages/paste/httpserver.py", line 891, in worker_thread_callback() 
[03] File "E:/Users/Administrator/AppData/Local/Programs/Python/Python38/lib/queue.py", line 170, in get() 
[04] File "E:/Users/Administrator/AppData/Local/Programs/Python/Python38/lib/threading.py", line 302, in wait() 

name=worker 4, pid=7376, tid=12636
[01] File "E:/Users/Administrator/AppData/Local/Programs/Python/Python38/lib/threading.py", line 870, in run() 
[02] File "E:/Users/Administrator/AppData/Local/Programs/Python/Python38/lib/site-packages/paste/httpserver.py", line 891, in worker_thread_callback() 
[03] File "E:/Users/Administrator/AppData/Local/Programs/Python/Python38/lib/queue.py", line 170, in get() 
[04] File "E:/Users/Administrator/AppData/Local/Programs/Python/Python38/lib/threading.py", line 302, in wait() 

name=worker 3, pid=7376, tid=15768
[01] File "E:/Users/Administrator/AppData/Local/Programs/Python/Python38/lib/threading.py", line 870, in run() 
[02] File "E:/Users/Administrator/AppData/Local/Programs/Python/Python38/lib/site-packages/paste/httpserver.py", line 891, in worker_thread_callback() 
[03] File "E:/Users/Administrator/AppData/Local/Programs/Python/Python38/lib/queue.py", line 170, in get() 
[04] File "E:/Users/Administrator/AppData/Local/Programs/Python/Python38/lib/threading.py", line 302, in wait() 

name=worker 2, pid=7376, tid=16868
[01] File "E:/Users/Administrator/AppData/Local/Programs/Python/Python38/lib/threading.py", line 870, in run() 
[02] File "E:/Users/Administrator/AppData/Local/Programs/Python/Python38/lib/site-packages/paste/httpserver.py", line 891, in worker_thread_callback() 
[03] File "E:/Users/Administrator/AppData/Local/Programs/Python/Python38/lib/queue.py", line 170, in get() 
[04] File "E:/Users/Administrator/AppData/Local/Programs/Python/Python38/lib/threading.py", line 302, in wait() 

name=worker 1, pid=7376, tid=5464
[01] File "E:/Users/Administrator/AppData/Local/Programs/Python/Python38/lib/threading.py", line 870, in run() 
[02] File "E:/Users/Administrator/AppData/Local/Programs/Python/Python38/lib/site-packages/paste/httpserver.py", line 891, in worker_thread_callback() 
[03] File "E:/Users/Administrator/AppData/Local/Programs/Python/Python38/lib/queue.py", line 170, in get() 
[04] File "E:/Users/Administrator/AppData/Local/Programs/Python/Python38/lib/threading.py", line 302, in wait() 

name=worker 0, pid=7376, tid=3436
[01] File "E:/Users/Administrator/AppData/Local/Programs/Python/Python38/lib/threading.py", line 870, in run() 
[02] File "E:/Users/Administrator/AppData/Local/Programs/Python/Python38/lib/site-packages/paste/httpserver.py", line 891, in worker_thread_callback() 
[03] File "E:/Users/Administrator/AppData/Local/Programs/Python/Python38/lib/queue.py", line 170, in get() 
[04] File "E:/Users/Administrator/AppData/Local/Programs/Python/Python38/lib/threading.py", line 302, in wait() 

name=agvThread2.AGV30, pid=7376, tid=12096
[01] File "E:/Users/Administrator/AppData/Local/Programs/Python/Python38/lib/threading.py", line 870, in run() 
[02] File "E:/projects_by_myself/MeiWei/agvCtrl/agvList.py", line 598, in run2() 

name=agvThread.AGV30, pid=7376, tid=16620
[01] File "E:/Users/Administrator/AppData/Local/Programs/Python/Python38/lib/threading.py", line 870, in run() 
[02] File "E:/projects_by_myself/MeiWei/agvCtrl/agvList.py", line 589, in run() 

name=timer_thread, pid=7376, tid=15960
[01] File "E:/Users/Administrator/AppData/Local/Programs/Python/Python38/lib/threading.py", line 870, in run() 
[02] File "E:/projects_by_myself/MeiWei/common/mytimer.py", line 113, in _loop() 
[03] File "E:/projects_by_myself/MeiWei/akmCtrl/deviceCtrl.py", line 118, in _monitorDevices() 

name=Thread-1, pid=7376, tid=16240
[01] File "E:/Users/Administrator/AppData/Local/Programs/Python/Python38/lib/threading.py", line 870, in run() 
[02] File "E:/projects_by_myself/MeiWei/agvCtrl/main_agv.py", line 328, in showThread() 
[03] File "E:/projects_by_myself/MeiWei/agvCtrl/agvControl.py", line 1345, in show() 
[04] File "E:/projects_by_myself/MeiWei/agvCtrl/mainFrame.py", line 236, in show() 
[05] File "E:/Users/Administrator/AppData/Local/Programs/Python/Python38/lib/site-packages/matplotlib/backends/backend_qt5.py", line 483, in _draw_idle() 
[06] File "E:/Users/Administrator/AppData/Local/Programs/Python/Python38/lib/site-packages/matplotlib/backends/backend_agg.py", line 410, in draw() 
[07] File "E:/Users/Administrator/AppData/Local/Programs/Python/Python38/lib/site-packages/matplotlib/artist.py", line 41, in draw_wrapper() 
[08] File "E:/Users/Administrator/AppData/Local/Programs/Python/Python38/lib/site-packages/matplotlib/figure.py", line 1870, in draw() 
[09] File "E:/Users/Administrator/AppData/Local/Programs/Python/Python38/lib/site-packages/matplotlib/image.py", line 157, in _draw_list_compositing_images() 
[10] File "E:/Users/Administrator/AppData/Local/Programs/Python/Python38/lib/site-packages/matplotlib/artist.py", line 41, in draw_wrapper() 
[11] File "E:/Users/Administrator/AppData/Local/Programs/Python/Python38/lib/site-packages/matplotlib/cbook/deprecation.py", line 411, in wrapper() 
[12] File "E:/Users/Administrator/AppData/Local/Programs/Python/Python38/lib/site-packages/matplotlib/axes/_base.py", line 2750, in draw() 
[13] File "E:/Users/Administrator/AppData/Local/Programs/Python/Python38/lib/site-packages/matplotlib/image.py", line 157, in _draw_list_compositing_images() 
[14] File "E:/Users/Administrator/AppData/Local/Programs/Python/Python38/lib/site-packages/matplotlib/artist.py", line 41, in draw_wrapper() 
[15] File "E:/Users/Administrator/AppData/Local/Programs/Python/Python38/lib/site-packages/matplotlib/text.py", line 733, in draw() 
[16] File "E:/Users/Administrator/AppData/Local/Programs/Python/Python38/lib/site-packages/matplotlib/text.py", line 423, in _get_layout() 
[17] File "E:/Users/Administrator/AppData/Local/Programs/Python/Python38/lib/site-packages/matplotlib/backends/backend_agg.py", line 244, in get_text_width_height_descent() 
[18] File "E:/Users/Administrator/AppData/Local/Programs/Python/Python38/lib/site-packages/matplotlib/backends/backend_agg.py", line 279, in _get_agg_font() 
[19] File "E:/Users/Administrator/AppData/Local/Programs/Python/Python38/lib/site-packages/matplotlib/font_manager.py", line 1417, in get_font() 
[20] File "E:/Users/Administrator/AppData/Local/Programs/Python/Python38/lib/ntpath.py", line 671, in realpath() 

name=door.desai-all-20191223.ping, pid=7376, tid=15424
[01] File "E:/Users/Administrator/AppData/Local/Programs/Python/Python38/lib/threading.py", line 870, in run() 
[02] File "E:/projects_by_myself/MeiWei/agvCtrl/doorMgr.py", line 194, in check() 

name=door.desai-all-20191223, pid=7376, tid=15588
[01] File "E:/Users/Administrator/AppData/Local/Programs/Python/Python38/lib/threading.py", line 870, in run() 
[02] File "E:/projects_by_myself/MeiWei/agvCtrl/doorMgr.py", line 185, in run() 

name=door.akmsmtMap.ping, pid=7376, tid=5196
[01] File "E:/Users/Administrator/AppData/Local/Programs/Python/Python38/lib/threading.py", line 870, in run() 
[02] File "E:/projects_by_myself/MeiWei/agvCtrl/doorMgr.py", line 194, in check() 

name=door.akmsmtMap, pid=7376, tid=15512
[01] File "E:/Users/Administrator/AppData/Local/Programs/Python/Python38/lib/threading.py", line 870, in run() 
[02] File "E:/projects_by_myself/MeiWei/agvCtrl/doorMgr.py", line 185, in run() 

name=door.akmsmt.ping, pid=7376, tid=14868
[01] File "E:/Users/Administrator/AppData/Local/Programs/Python/Python38/lib/threading.py", line 870, in run() 
[02] File "E:/projects_by_myself/MeiWei/agvCtrl/doorMgr.py", line 194, in check() 

name=door.akmsmt, pid=7376, tid=16368
[01] File "E:/Users/Administrator/AppData/Local/Programs/Python/Python38/lib/threading.py", line 870, in run() 
[02] File "E:/projects_by_myself/MeiWei/agvCtrl/doorMgr.py", line 185, in run() 

name=elevator.keep, pid=7376, tid=10448
[01] File "E:/Users/Administrator/AppData/Local/Programs/Python/Python38/lib/threading.py", line 870, in run() 
[02] File "E:/projects_by_myself/MeiWei/agvCtrl/elevatorMgr.py", line 497, in keepOpenThread() 

name=door.AKM2F.ping, pid=7376, tid=2680
[01] File "E:/Users/Administrator/AppData/Local/Programs/Python/Python38/lib/threading.py", line 870, in run() 
[02] File "E:/projects_by_myself/MeiWei/agvCtrl/doorMgr.py", line 194, in check() 

name=door.AKM2F, pid=7376, tid=8016
[01] File "E:/Users/Administrator/AppData/Local/Programs/Python/Python38/lib/threading.py", line 870, in run() 
[02] File "E:/projects_by_myself/MeiWei/agvCtrl/doorMgr.py", line 185, in run() 

name=pymongo_kill_cursors_thread, pid=7376, tid=12388
[01] File "E:/Users/Administrator/AppData/Local/Programs/Python/Python38/lib/threading.py", line 870, in run() 
[02] File "E:/Users/Administrator/AppData/Local/Programs/Python/Python38/lib/site-packages/pymongo/periodic_executor.py", line 140, in _run() 

name=pymongo_server_monitor_thread, pid=7376, tid=13756
[01] File "E:/Users/Administrator/AppData/Local/Programs/Python/Python38/lib/threading.py", line 870, in run() 
[02] File "E:/Users/Administrator/AppData/Local/Programs/Python/Python38/lib/site-packages/pymongo/periodic_executor.py", line 140, in _run() 

name=tcplisten.port_6789, pid=7376, tid=15416
[01] File "E:/Users/Administrator/AppData/Local/Programs/Python/Python38/lib/threading.py", line 870, in run() 
[02] File "E:/projects_by_myself/MeiWei/common/tcpSocket.py", line 65, in _acceptThread() 
[03] File "E:/Users/Administrator/AppData/Local/Programs/Python/Python38/lib/socket.py", line 292, in accept() 

name=MainThread, pid=7376, tid=16200
[01] File "run_all.py", line 60, in <module>() 
[02] File "E:/projects_by_myself/MeiWei/common/webutility.py", line 320, in run() 
[03] File "E:/Users/Administrator/AppData/Local/Programs/Python/Python38/lib/site-packages/bottle.py", line 3137, in run() 
[04] File "E:/Users/Administrator/AppData/Local/Programs/Python/Python38/lib/site-packages/bottle.py", line 2829, in run() 
[05] File "E:/Users/Administrator/AppData/Local/Programs/Python/Python38/lib/site-packages/paste/httpserver.py", line 1361, in serve() 
[06] File "E:/Users/Administrator/AppData/Local/Programs/Python/Python38/lib/site-packages/paste/httpserver.py", line 1107, in serve_forever() 
[07] File "E:/Users/Administrator/AppData/Local/Programs/Python/Python38/lib/socketserver.py", line 294, in handle_request() 
[08] File "E:/Users/Administrator/AppData/Local/Programs/Python/Python38/lib/selectors.py", line 323, in select() 
[09] File "E:/Users/Administrator/AppData/Local/Programs/Python/Python38/lib/selectors.py", line 314, in _select() 
[10] File "E:/projects_by_myself/MeiWei/common/utility.py", line 598, in exit() 
[11] File "E:/projects_by_myself/MeiWei/common/enhance.py", line 256, in getTrace() 
[12] File "E:/projects_by_myself/MeiWei/common/enhance.py", line 240, in getThreadStack()
[INFO]2021-04-19 16:57:24,349: lock info: count 0

try lock info: count 0
[ERROR]2021-04-19 16:57:24,459: user press Ctrl+C, print thread stack
[DEBUG]2021-04-19 16:57:24,648: GET: http://127.0.0.1:5551/api/remoteio/readDOList?id=AOIload addr: 127.0.0.1
[DEBUG]2021-04-19 16:57:24,755: used 107ms 200 OK application/json;charset=utf-8, GET: http://127.0.0.1:5551/api/remoteio/readDOList?id=AOIload
[DEBUG]2021-04-19 16:57:24,880: [return] use 2109 ms,http_get: http://127.0.0.1:5551/api/remoteio/readDOList?id=AOIload
[DEBUG]2021-04-19 16:57:24,976: send http_get: http://127.0.0.1:5551/api/remoteio/readStatusListD100?id=ele002
