[INFO]2021-06-07 15:25:19,199: log files at C:\Users\Administrator\Desktop\SVN\美维\MeiWei_back_0421\common\log
[INFO]2021-06-07 15:25:19,201: find module account.main_account
[INFO]2021-06-07 15:25:19,202: find module agvCtrl.main_agv
[INFO]2021-06-07 15:25:19,203: find module agvDevice.main_agvDevice
[INFO]2021-06-07 15:25:19,206: find module akmCtrl.main_akmCtrl
[INFO]2021-06-07 15:25:19,206: find module alarm.main_alarm
[INFO]2021-06-07 15:25:19,208: find module auth.main_auth
[INFO]2021-06-07 15:25:19,209: find module door.main_door
[INFO]2021-06-07 15:25:19,209: find module elevator.main_elevator
[INFO]2021-06-07 15:25:19,210: find module feed.main_feed
[INFO]2021-06-07 15:25:19,212: find module feed.main_feed_0427
[INFO]2021-06-07 15:25:19,213: find module remoteio.main_remoteio
[INFO]2021-06-07 15:25:19,213: import account.main_account
[INFO]2021-06-07 15:25:19,518: import agvCtrl.main_agv
[INFO]2021-06-07 15:25:21,834: create lock <lock name:doorMgr.lock,<unlocked _thread.RLock object owner=0 count=0 at 0x00000155E991CDC8>>
[INFO]2021-06-07 15:25:21,916: create lock <lock name:door.lock,<unlocked _thread.RLock object owner=0 count=0 at 0x00000155E991CFA8>>
[INFO]2021-06-07 15:25:22,215: create lock <lock name:timer.lock_1468506496752,<unlocked _thread.RLock object owner=0 count=0 at 0x00000155E9C8DB70>>
[ERROR]2021-06-07 15:25:22,287: mqtt is disabled
[INFO]2021-06-07 15:25:22,289: mqtt: subscribe [alarm/raise/+]
[INFO]2021-06-07 15:25:22,290: mqtt: subscribe [alarm/clear/+]
[INFO]2021-06-07 15:25:25,461: Mongodb connect to 127.0.0.1 port 27017
[INFO]2021-06-07 15:25:25,754: create lock <lock name:elevatorApi.g_lock,<unlocked _thread.RLock object owner=0 count=0 at 0x00000155E9F3B210>>
[INFO]2021-06-07 15:25:25,762: create lock <lock name:elevatorMgr.lock,<unlocked _thread.RLock object owner=0 count=0 at 0x00000155E9980E40>>
[INFO]2021-06-07 15:25:26,297: create lock <lock name:mapMgr.lock,<unlocked _thread.RLock object owner=0 count=0 at 0x00000155E8105620>>
[INFO]2021-06-07 15:25:27,259: create lock <lock name:agvList.g_agvLock,<unlocked _thread.RLock object owner=0 count=0 at 0x00000155E9FB5B98>>
[INFO]2021-06-07 15:25:27,274: create lock <lock name:taskList.lock,<unlocked _thread.RLock object owner=0 count=0 at 0x00000155E9FD3D78>>
[INFO]2021-06-07 15:25:27,373: charge policy 1 , fix time
[INFO]2021-06-07 15:25:27,448: create lock <lock name:agvApi.g_lock,<unlocked _thread.RLock object owner=0 count=0 at 0x00000155E8105558>>
[INFO]2021-06-07 15:25:28,165: start load map C:\Users\Administrator\Desktop\SVN\美维\MeiWei_back_0421\agvCtrl\projects\AKMfloor\AKM2F.smap
[DEBUG]2021-06-07 15:25:31,199: elevator thread start
[INFO]2021-06-07 15:25:31,755: load map C:\Users\Administrator\Desktop\SVN\美维\MeiWei_back_0421\agvCtrl\projects\AKMfloor\AKM2F.smap ,used 3603 ms
[INFO]2021-06-07 15:25:31,771: start load map C:\Users\Administrator\Desktop\SVN\美维\MeiWei_back_0421\agvCtrl\projects\AKMfloor\AKM4F.smap
[INFO]2021-06-07 15:25:36,524: load map C:\Users\Administrator\Desktop\SVN\美维\MeiWei_back_0421\agvCtrl\projects\AKMfloor\AKM4F.smap ,used 4767 ms
[INFO]2021-06-07 15:25:36,539: start load map C:\Users\Administrator\Desktop\SVN\美维\MeiWei_back_0421\agvCtrl\projects\AKMfloor\meiwei423.smap
[INFO]2021-06-07 15:25:43,361: load map C:\Users\Administrator\Desktop\SVN\美维\MeiWei_back_0421\agvCtrl\projects\AKMfloor\meiwei423.smap ,used 6835 ms
[INFO]2021-06-07 15:25:43,405: start load map C:\Users\Administrator\Desktop\SVN\美维\MeiWei_back_0421\agvCtrl\projects\AKMfloor\meiwei428.smap
[INFO]2021-06-07 15:25:50,325: load map C:\Users\Administrator\Desktop\SVN\美维\MeiWei_back_0421\agvCtrl\projects\AKMfloor\meiwei428.smap ,used 6958 ms
[WARNING]2021-06-07 15:25:50,327: MainThread[tid:16268] <lock name:mapMgr.lock,<locked _thread.RLock object owner=16268 count=1 at 0x00000155E8105620>> ,hold 22877 ms
[INFO]2021-06-07 15:25:50,341: name=MainThread, pid=15672, tid=16268
[01] File "run_all.py", line 57, in <module>() 
[02] File "run_all.py", line 39, in findModule() 
[03] File "<frozen importlib._bootstrap>", line 983, in _find_and_load() 
[04] File "<frozen importlib._bootstrap>", line 967, in _find_and_load_unlocked() 
[05] File "<frozen importlib._bootstrap>", line 677, in _load_unlocked() 
[06] File "<frozen importlib._bootstrap_external>", line 728, in exec_module() 
[07] File "<frozen importlib._bootstrap>", line 219, in _call_with_frames_removed() 
[08] File "C:/Users/Administrator/Desktop/SVN/美维/MeiWei_back_0421/agvCtrl/main_agv.py", line 22, in <module>() 
[09] File "C:/Users/Administrator/Desktop/SVN/美维/MeiWei_back_0421/common/lock.py", line 122, in _call() 
[10] File "C:/Users/Administrator/Desktop/SVN/美维/MeiWei_back_0421/common/lock.py", line 100, in release() 
[11] File "C:/Users/Administrator/Desktop/SVN/美维/MeiWei_back_0421/common/enhance.py", line 258, in getTrace() 
[12] File "C:/Users/Administrator/Desktop/SVN/美维/MeiWei_back_0421/common/enhance.py", line 240, in getThreadStack()
[INFO]2021-06-07 15:25:50,349: import agvDevice.main_agvDevice
[INFO]2021-06-07 15:25:50,351: import akmCtrl.main_akmCtrl
[INFO]2021-06-07 15:25:50,652: create lock <lock name:runTasks.g_lock,<unlocked _thread.RLock object owner=0 count=0 at 0x00000155EA37CA30>>
[INFO]2021-06-07 15:25:50,786: create lock <lock name:agvApi.g_lock,<unlocked _thread.RLock object owner=0 count=0 at 0x00000155EC450F80>>
[INFO]2021-06-07 15:25:50,917: create lock <lock name:runTasks.pre_lock,<unlocked _thread.RLock object owner=0 count=0 at 0x00000155EBE74E68>>
[INFO]2021-06-07 15:25:50,922: create lock <lock name:timer.lock_1468514301656,<unlocked _thread.RLock object owner=0 count=0 at 0x00000155EBB7E5F8>>
[INFO]2021-06-07 15:25:50,926: create lock <lock name:mapMgr.lock,<unlocked _thread.RLock object owner=0 count=0 at 0x00000155EA1EEC88>>
[INFO]2021-06-07 15:25:51,221: import alarm.main_alarm
[INFO]2021-06-07 15:25:51,224: import auth.main_auth
[INFO]2021-06-07 15:25:51,335: import door.main_door
[INFO]2021-06-07 15:25:52,600: import elevator.main_elevator
[INFO]2021-06-07 15:25:52,673: import feed.main_feed
[INFO]2021-06-07 15:25:52,732: IP: 0.0.0.0 port: 10001
[INFO]2021-06-07 15:25:52,736: import feed.main_feed_0427
[INFO]2021-06-07 15:25:52,808: create lock <lock name:feedTask.g_lock,<unlocked _thread.RLock object owner=0 count=0 at 0x00000155EBAF2198>>
[INFO]2021-06-07 15:25:52,873: import remoteio.main_remoteio
[SUCC]2021-06-07 15:25:52,955: utility start, pid=15672, ppid=4464
[DEBUG]2021-06-07 15:25:52,959: start timer
[INFO]2021-06-07 15:25:53,026: load agv file: C:\Users\Administrator\Desktop\SVN\美维\MeiWei_back_0421\agvCtrl/projects/AKMfloor/agv.cfg
[INFO]2021-06-07 15:25:53,030: create lock <lock name:agvList.AGV30.lock,<unlocked _thread.RLock object owner=0 count=0 at 0x00000155EC539C60>>
[DEBUG]2021-06-07 15:25:53,035: create aliveObj AGV30 AGV离线异常 timeout 300
[INFO]2021-06-07 15:25:53,064: AGV30 start agvList run thread
[INFO]2021-06-07 15:25:53,065: AGV30 start agvList run2 thread
[INFO]2021-06-07 15:25:53,066: create lock <lock name:agv.AGV30.lock_status,<unlocked _thread.RLock object owner=0 count=0 at 0x00000155EBAF28F0>>
[INFO]2021-06-07 15:25:53,072: startCharge is false
[DEBUG]2021-06-07 15:25:53,072: start timer
[DEBUG]2021-06-07 15:25:53,098: try connect AGV30 192.168.8.68:19204
[INFO]2021-06-07 15:25:53,114: add_ignore: taskStatus
[INFO]2021-06-07 15:25:53,143: add_ignore: api/elevator/status
[INFO]2021-06-07 15:25:53,149: add_ignore: scada/getTask
[DEBUG]2021-06-07 15:25:55,158: GET: http://127.0.0.1:5551/api/agv/init?appName=MeiWeiTask addr: 127.0.0.1
[INFO]2021-06-07 15:25:55,166: MeiWeiTask init client agvApi
[DEBUG]2021-06-07 15:25:55,172: used 13ms 200 OK application/json;charset=utf-8, GET: http://127.0.0.1:5551/api/agv/init?appName=MeiWeiTask
[DEBUG]2021-06-07 15:25:58,456: GET: http://127.0.0.1:5551/api/agv/startCharge?appName=MeiWeiTask addr: 127.0.0.1
[DEBUG]2021-06-07 15:25:58,594: used 138ms 200 OK application/json;charset=utf-8, GET: http://127.0.0.1:5551/api/agv/startCharge?appName=MeiWeiTask
[WARNING]2021-06-07 15:25:58,813: timer_thread[tid:3604] <lock name:runTasks.g_lock,<locked _thread.RLock object owner=3604 count=1 at 0x00000155EA37CA30>> ,hold 5703 ms
[INFO]2021-06-07 15:25:59,204: name=timer_thread, pid=15672, tid=3604
[01] File "C:/Python37/lib/threading.py", line 865, in run() 
[02] File "../common/mytimer.py", line 113, in _loop() 
[03] File "../common/lock.py", line 122, in _call() 
[04] File "../common/lock.py", line 100, in release() 
[05] File "C:/Users/Administrator/Desktop/SVN/美维/MeiWei_back_0421/common/enhance.py", line 258, in getTrace() 
[06] File "C:/Users/Administrator/Desktop/SVN/美维/MeiWei_back_0421/common/enhance.py", line 240, in getThreadStack()
[ERROR]2021-06-07 15:26:03,161: connect AGV30 failed timed out
[DEBUG]2021-06-07 15:26:03,239: try connect AGV30 192.168.8.68:19204
[ERROR]2021-06-07 15:26:13,375: connect AGV30 failed timed out
[INFO]2021-06-07 15:26:13,469: AGV30 checkLink failed 192.168.8.68 19204
[WARNING]2021-06-07 15:26:13,548: agvThread.AGV30[tid:8648] <lock name:agv.AGV30.lock_status,<locked _thread.RLock object owner=8648 count=1 at 0x00000155EBAF28F0>> ,hold 20451 ms
[INFO]2021-06-07 15:26:13,722: name=agvThread.AGV30, pid=15672, tid=8648
[01] File "C:/Python37/lib/threading.py", line 865, in run() 
[02] File "C:/Users/Administrator/Desktop/SVN/美维/MeiWei_back_0421/agvCtrl/agvList.py", line 570, in run() 
[03] File "../driver/seerAgv_0427/agvCtrl.py", line 43, in checkLink() 
[04] File "../driver/seerAgv_0427/agvApi.py", line 186, in checkLink() 
[05] File "C:/Users/Administrator/Desktop/SVN/美维/MeiWei_back_0421/common/lock.py", line 100, in release() 
[06] File "C:/Users/Administrator/Desktop/SVN/美维/MeiWei_back_0421/common/enhance.py", line 258, in getTrace() 
[07] File "C:/Users/Administrator/Desktop/SVN/美维/MeiWei_back_0421/common/enhance.py", line 240, in getThreadStack()
[DEBUG]2021-06-07 15:26:15,865: try connect AGV30 192.168.8.68:19204
[ERROR]2021-06-07 15:26:26,048: connect AGV30 failed timed out
[INFO]2021-06-07 15:26:26,229: AGV30 checkLink failed 192.168.8.68 19204
[WARNING]2021-06-07 15:26:26,298: agvThread.AGV30[tid:8648] <lock name:agv.AGV30.lock_status,<locked _thread.RLock object owner=8648 count=1 at 0x00000155EBAF28F0>> ,hold 10433 ms
[INFO]2021-06-07 15:26:26,439: name=agvThread.AGV30, pid=15672, tid=8648
[01] File "C:/Python37/lib/threading.py", line 865, in run() 
[02] File "C:/Users/Administrator/Desktop/SVN/美维/MeiWei_back_0421/agvCtrl/agvList.py", line 570, in run() 
[03] File "../driver/seerAgv_0427/agvCtrl.py", line 43, in checkLink() 
[04] File "../driver/seerAgv_0427/agvApi.py", line 186, in checkLink() 
[05] File "C:/Users/Administrator/Desktop/SVN/美维/MeiWei_back_0421/common/lock.py", line 100, in release() 
[06] File "C:/Users/Administrator/Desktop/SVN/美维/MeiWei_back_0421/common/enhance.py", line 258, in getTrace() 
[07] File "C:/Users/Administrator/Desktop/SVN/美维/MeiWei_back_0421/common/enhance.py", line 240, in getThreadStack()
[DEBUG]2021-06-07 15:26:28,563: try connect AGV30 192.168.8.68:19204
[ERROR]2021-06-07 15:26:38,728: connect AGV30 failed timed out
[INFO]2021-06-07 15:26:38,836: AGV30 checkLink failed 192.168.8.68 19204
[WARNING]2021-06-07 15:26:38,912: agvThread.AGV30[tid:8648] <lock name:agv.AGV30.lock_status,<locked _thread.RLock object owner=8648 count=1 at 0x00000155EBAF28F0>> ,hold 10349 ms
[INFO]2021-06-07 15:26:38,994: name=agvThread.AGV30, pid=15672, tid=8648
[01] File "C:/Python37/lib/threading.py", line 865, in run() 
[02] File "C:/Users/Administrator/Desktop/SVN/美维/MeiWei_back_0421/agvCtrl/agvList.py", line 570, in run() 
[03] File "../driver/seerAgv_0427/agvCtrl.py", line 43, in checkLink() 
[04] File "../driver/seerAgv_0427/agvApi.py", line 186, in checkLink() 
[05] File "C:/Users/Administrator/Desktop/SVN/美维/MeiWei_back_0421/common/lock.py", line 100, in release() 
[06] File "C:/Users/Administrator/Desktop/SVN/美维/MeiWei_back_0421/common/enhance.py", line 258, in getTrace() 
[07] File "C:/Users/Administrator/Desktop/SVN/美维/MeiWei_back_0421/common/enhance.py", line 240, in getThreadStack()
[DEBUG]2021-06-07 15:26:41,062: try connect AGV30 192.168.8.68:19204
[ERROR]2021-06-07 15:26:51,210: connect AGV30 failed timed out
[INFO]2021-06-07 15:26:51,304: AGV30 checkLink failed 192.168.8.68 19204
[WARNING]2021-06-07 15:26:51,381: agvThread.AGV30[tid:8648] <lock name:agv.AGV30.lock_status,<locked _thread.RLock object owner=8648 count=1 at 0x00000155EBAF28F0>> ,hold 10319 ms
[INFO]2021-06-07 15:26:51,538: name=agvThread.AGV30, pid=15672, tid=8648
[01] File "C:/Python37/lib/threading.py", line 865, in run() 
[02] File "C:/Users/Administrator/Desktop/SVN/美维/MeiWei_back_0421/agvCtrl/agvList.py", line 570, in run() 
[03] File "../driver/seerAgv_0427/agvCtrl.py", line 43, in checkLink() 
[04] File "../driver/seerAgv_0427/agvApi.py", line 186, in checkLink() 
[05] File "C:/Users/Administrator/Desktop/SVN/美维/MeiWei_back_0421/common/lock.py", line 100, in release() 
[06] File "C:/Users/Administrator/Desktop/SVN/美维/MeiWei_back_0421/common/enhance.py", line 258, in getTrace() 
[07] File "C:/Users/Administrator/Desktop/SVN/美维/MeiWei_back_0421/common/enhance.py", line 240, in getThreadStack()
[DEBUG]2021-06-07 15:26:53,651: try connect AGV30 192.168.8.68:19204
[ERROR]2021-06-07 15:27:03,792: connect AGV30 failed timed out
[INFO]2021-06-07 15:27:03,901: AGV30 checkLink failed 192.168.8.68 19204
[WARNING]2021-06-07 15:27:03,978: agvThread.AGV30[tid:8648] <lock name:agv.AGV30.lock_status,<locked _thread.RLock object owner=8648 count=1 at 0x00000155EBAF28F0>> ,hold 10327 ms
[INFO]2021-06-07 15:27:04,246: name=agvThread.AGV30, pid=15672, tid=8648
[01] File "C:/Python37/lib/threading.py", line 865, in run() 
[02] File "C:/Users/Administrator/Desktop/SVN/美维/MeiWei_back_0421/agvCtrl/agvList.py", line 570, in run() 
[03] File "../driver/seerAgv_0427/agvCtrl.py", line 43, in checkLink() 
[04] File "../driver/seerAgv_0427/agvApi.py", line 186, in checkLink() 
[05] File "C:/Users/Administrator/Desktop/SVN/美维/MeiWei_back_0421/common/lock.py", line 100, in release() 
[06] File "C:/Users/Administrator/Desktop/SVN/美维/MeiWei_back_0421/common/enhance.py", line 258, in getTrace() 
[07] File "C:/Users/Administrator/Desktop/SVN/美维/MeiWei_back_0421/common/enhance.py", line 240, in getThreadStack()
[DEBUG]2021-06-07 15:27:06,428: try connect AGV30 192.168.8.68:19204
[ERROR]2021-06-07 15:27:16,579: connect AGV30 failed timed out
[INFO]2021-06-07 15:27:16,658: AGV30 checkLink failed 192.168.8.68 19204
[WARNING]2021-06-07 15:27:16,753: agvThread.AGV30[tid:8648] <lock name:agv.AGV30.lock_status,<locked _thread.RLock object owner=8648 count=1 at 0x00000155EBAF28F0>> ,hold 10325 ms
[INFO]2021-06-07 15:27:16,957: name=agvThread.AGV30, pid=15672, tid=8648
[01] File "C:/Python37/lib/threading.py", line 865, in run() 
[02] File "C:/Users/Administrator/Desktop/SVN/美维/MeiWei_back_0421/agvCtrl/agvList.py", line 570, in run() 
[03] File "../driver/seerAgv_0427/agvCtrl.py", line 43, in checkLink() 
[04] File "../driver/seerAgv_0427/agvApi.py", line 186, in checkLink() 
[05] File "C:/Users/Administrator/Desktop/SVN/美维/MeiWei_back_0421/common/lock.py", line 100, in release() 
[06] File "C:/Users/Administrator/Desktop/SVN/美维/MeiWei_back_0421/common/enhance.py", line 258, in getTrace() 
[07] File "C:/Users/Administrator/Desktop/SVN/美维/MeiWei_back_0421/common/enhance.py", line 240, in getThreadStack()
[DEBUG]2021-06-07 15:27:19,076: try connect AGV30 192.168.8.68:19204
[ERROR]2021-06-07 15:27:29,278: connect AGV30 failed timed out
[INFO]2021-06-07 15:27:29,373: AGV30 checkLink failed 192.168.8.68 19204
[WARNING]2021-06-07 15:27:29,451: agvThread.AGV30[tid:8648] <lock name:agv.AGV30.lock_status,<locked _thread.RLock object owner=8648 count=1 at 0x00000155EBAF28F0>> ,hold 10375 ms
[INFO]2021-06-07 15:27:29,684: name=agvThread.AGV30, pid=15672, tid=8648
[01] File "C:/Python37/lib/threading.py", line 865, in run() 
[02] File "C:/Users/Administrator/Desktop/SVN/美维/MeiWei_back_0421/agvCtrl/agvList.py", line 570, in run() 
[03] File "../driver/seerAgv_0427/agvCtrl.py", line 43, in checkLink() 
[04] File "../driver/seerAgv_0427/agvApi.py", line 186, in checkLink() 
[05] File "C:/Users/Administrator/Desktop/SVN/美维/MeiWei_back_0421/common/lock.py", line 100, in release() 
[06] File "C:/Users/Administrator/Desktop/SVN/美维/MeiWei_back_0421/common/enhance.py", line 258, in getTrace() 
[07] File "C:/Users/Administrator/Desktop/SVN/美维/MeiWei_back_0421/common/enhance.py", line 240, in getThreadStack()
[DEBUG]2021-06-07 15:27:31,844: try connect AGV30 192.168.8.68:19204
[ERROR]2021-06-07 15:27:41,996: connect AGV30 failed timed out
[INFO]2021-06-07 15:27:42,073: AGV30 checkLink failed 192.168.8.68 19204
[WARNING]2021-06-07 15:27:42,135: agvThread.AGV30[tid:8648] <lock name:agv.AGV30.lock_status,<locked _thread.RLock object owner=8648 count=1 at 0x00000155EBAF28F0>> ,hold 10291 ms
[INFO]2021-06-07 15:27:42,433: name=agvThread.AGV30, pid=15672, tid=8648
[01] File "C:/Python37/lib/threading.py", line 865, in run() 
[02] File "C:/Users/Administrator/Desktop/SVN/美维/MeiWei_back_0421/agvCtrl/agvList.py", line 570, in run() 
[03] File "../driver/seerAgv_0427/agvCtrl.py", line 43, in checkLink() 
[04] File "../driver/seerAgv_0427/agvApi.py", line 186, in checkLink() 
[05] File "C:/Users/Administrator/Desktop/SVN/美维/MeiWei_back_0421/common/lock.py", line 100, in release() 
[06] File "C:/Users/Administrator/Desktop/SVN/美维/MeiWei_back_0421/common/enhance.py", line 258, in getTrace() 
[07] File "C:/Users/Administrator/Desktop/SVN/美维/MeiWei_back_0421/common/enhance.py", line 240, in getThreadStack()
[DEBUG]2021-06-07 15:27:44,537: try connect AGV30 192.168.8.68:19204
[ERROR]2021-06-07 15:27:54,709: connect AGV30 failed timed out
[INFO]2021-06-07 15:27:54,788: AGV30 checkLink failed 192.168.8.68 19204
[WARNING]2021-06-07 15:27:54,865: agvThread.AGV30[tid:8648] <lock name:agv.AGV30.lock_status,<locked _thread.RLock object owner=8648 count=1 at 0x00000155EBAF28F0>> ,hold 10328 ms
[INFO]2021-06-07 15:27:55,037: name=agvThread.AGV30, pid=15672, tid=8648
[01] File "C:/Python37/lib/threading.py", line 865, in run() 
[02] File "C:/Users/Administrator/Desktop/SVN/美维/MeiWei_back_0421/agvCtrl/agvList.py", line 570, in run() 
[03] File "../driver/seerAgv_0427/agvCtrl.py", line 43, in checkLink() 
[04] File "../driver/seerAgv_0427/agvApi.py", line 186, in checkLink() 
[05] File "C:/Users/Administrator/Desktop/SVN/美维/MeiWei_back_0421/common/lock.py", line 100, in release() 
[06] File "C:/Users/Administrator/Desktop/SVN/美维/MeiWei_back_0421/common/enhance.py", line 258, in getTrace() 
[07] File "C:/Users/Administrator/Desktop/SVN/美维/MeiWei_back_0421/common/enhance.py", line 240, in getThreadStack()
[DEBUG]2021-06-07 15:27:57,149: try connect AGV30 192.168.8.68:19204
[ERROR]2021-06-07 15:28:07,317: connect AGV30 failed timed out
[INFO]2021-06-07 15:28:07,395: AGV30 checkLink failed 192.168.8.68 19204
[WARNING]2021-06-07 15:28:07,488: agvThread.AGV30[tid:8648] <lock name:agv.AGV30.lock_status,<locked _thread.RLock object owner=8648 count=1 at 0x00000155EBAF28F0>> ,hold 10339 ms
[INFO]2021-06-07 15:28:07,692: name=agvThread.AGV30, pid=15672, tid=8648
[01] File "C:/Python37/lib/threading.py", line 865, in run() 
[02] File "C:/Users/Administrator/Desktop/SVN/美维/MeiWei_back_0421/agvCtrl/agvList.py", line 570, in run() 
[03] File "../driver/seerAgv_0427/agvCtrl.py", line 43, in checkLink() 
[04] File "../driver/seerAgv_0427/agvApi.py", line 186, in checkLink() 
[05] File "C:/Users/Administrator/Desktop/SVN/美维/MeiWei_back_0421/common/lock.py", line 100, in release() 
[06] File "C:/Users/Administrator/Desktop/SVN/美维/MeiWei_back_0421/common/enhance.py", line 258, in getTrace() 
[07] File "C:/Users/Administrator/Desktop/SVN/美维/MeiWei_back_0421/common/enhance.py", line 240, in getThreadStack()
[DEBUG]2021-06-07 15:28:09,810: try connect AGV30 192.168.8.68:19204
[ERROR]2021-06-07 15:28:19,942: connect AGV30 failed timed out
[INFO]2021-06-07 15:28:20,038: AGV30 checkLink failed 192.168.8.68 19204
[WARNING]2021-06-07 15:28:20,131: agvThread.AGV30[tid:8648] <lock name:agv.AGV30.lock_status,<locked _thread.RLock object owner=8648 count=1 at 0x00000155EBAF28F0>> ,hold 10321 ms
[INFO]2021-06-07 15:28:20,409: name=agvThread.AGV30, pid=15672, tid=8648
[01] File "C:/Python37/lib/threading.py", line 865, in run() 
[02] File "C:/Users/Administrator/Desktop/SVN/美维/MeiWei_back_0421/agvCtrl/agvList.py", line 570, in run() 
[03] File "../driver/seerAgv_0427/agvCtrl.py", line 43, in checkLink() 
[04] File "../driver/seerAgv_0427/agvApi.py", line 186, in checkLink() 
[05] File "C:/Users/Administrator/Desktop/SVN/美维/MeiWei_back_0421/common/lock.py", line 100, in release() 
[06] File "C:/Users/Administrator/Desktop/SVN/美维/MeiWei_back_0421/common/enhance.py", line 258, in getTrace() 
[07] File "C:/Users/Administrator/Desktop/SVN/美维/MeiWei_back_0421/common/enhance.py", line 240, in getThreadStack()
[DEBUG]2021-06-07 15:28:22,506: try connect AGV30 192.168.8.68:19204
[ERROR]2021-06-07 15:28:32,621: connect AGV30 failed timed out
[INFO]2021-06-07 15:28:32,716: AGV30 checkLink failed 192.168.8.68 19204
[WARNING]2021-06-07 15:28:32,794: agvThread.AGV30[tid:8648] <lock name:agv.AGV30.lock_status,<locked _thread.RLock object owner=8648 count=1 at 0x00000155EBAF28F0>> ,hold 10288 ms
[INFO]2021-06-07 15:28:32,997: name=agvThread.AGV30, pid=15672, tid=8648
[01] File "C:/Python37/lib/threading.py", line 865, in run() 
[02] File "C:/Users/Administrator/Desktop/SVN/美维/MeiWei_back_0421/agvCtrl/agvList.py", line 570, in run() 
[03] File "../driver/seerAgv_0427/agvCtrl.py", line 43, in checkLink() 
[04] File "../driver/seerAgv_0427/agvApi.py", line 186, in checkLink() 
[05] File "C:/Users/Administrator/Desktop/SVN/美维/MeiWei_back_0421/common/lock.py", line 100, in release() 
[06] File "C:/Users/Administrator/Desktop/SVN/美维/MeiWei_back_0421/common/enhance.py", line 258, in getTrace() 
[07] File "C:/Users/Administrator/Desktop/SVN/美维/MeiWei_back_0421/common/enhance.py", line 240, in getThreadStack()
[DEBUG]2021-06-07 15:28:35,137: try connect AGV30 192.168.8.68:19204
