[INFO]2021-04-23 16:33:25,476: log files at E:\projects_by_myself\backup\MeiWei_back_0421\common\log
[INFO]2021-04-23 16:33:25,478: find module account.main_account
[INFO]2021-04-23 16:33:25,479: find module agvCtrl.main_agv
[INFO]2021-04-23 16:33:25,480: find module agvDevice.main_agvDevice
[INFO]2021-04-23 16:33:25,481: find module akmCtrl.main_akmCtrl
[INFO]2021-04-23 16:33:25,482: find module alarm.main_alarm
[INFO]2021-04-23 16:33:25,483: find module auth.main_auth
[INFO]2021-04-23 16:33:25,485: find module door.main_door
[INFO]2021-04-23 16:33:25,488: find module elevator.main_elevator
[INFO]2021-04-23 16:33:25,494: find module feed.main_feed
[INFO]2021-04-23 16:33:25,496: find module remoteio.main_remoteio
[INFO]2021-04-23 16:33:25,497: import account.main_account
[INFO]2021-04-23 16:33:25,592: import agvCtrl.main_agv
[INFO]2021-04-23 16:33:25,961: create lock <lock name:doorMgr.lock,<unlocked _thread.RLock object owner=0 count=0 at 0x000001E9C92C6EA0>>
[INFO]2021-04-23 16:33:26,879: create lock <lock name:door.lock,<unlocked _thread.RLock object owner=0 count=0 at 0x000001E9C92DA420>>
[INFO]2021-04-23 16:33:26,992: create lock <lock name:timer.lock_2103620964944,<unlocked _thread.RLock object owner=0 count=0 at 0x000001E9C99493C0>>
[ERROR]2021-04-23 16:33:27,005: mqtt is disabled
[INFO]2021-04-23 16:33:27,005: mqtt: subscribe [alarm/raise/+]
[INFO]2021-04-23 16:33:27,007: mqtt: subscribe [alarm/clear/+]
[INFO]2021-04-23 16:33:30,041: Mongodb connect to 127.0.0.1 port 27017
[INFO]2021-04-23 16:33:30,086: create lock <lock name:elevatorApi.g_lock,<unlocked _thread.RLock object owner=0 count=0 at 0x000001E9C9B65A80>>
[INFO]2021-04-23 16:33:30,089: create lock <lock name:elevatorMgr.lock,<unlocked _thread.RLock object owner=0 count=0 at 0x000001E9C9B59DE0>>
[INFO]2021-04-23 16:33:30,315: create lock <lock name:mapMgr.lock,<unlocked _thread.RLock object owner=0 count=0 at 0x000001E9C9B74A20>>
[INFO]2021-04-23 16:33:30,628: create lock <lock name:agvList.g_agvLock,<unlocked _thread.RLock object owner=0 count=0 at 0x000001E9C9C2C570>>
[INFO]2021-04-23 16:33:30,632: create lock <lock name:taskList.lock,<unlocked _thread.RLock object owner=0 count=0 at 0x000001E9C9CCB3C0>>
[INFO]2021-04-23 16:33:30,712: charge policy 1 , fix time
[INFO]2021-04-23 16:33:30,748: create lock <lock name:agvApi.g_lock,<unlocked _thread.RLock object owner=0 count=0 at 0x000001E9C9CCBF60>>
[INFO]2021-04-23 16:33:31,298: start load map E:\projects_by_myself\backup\MeiWei_back_0421\agvCtrl\projects\AKMfloor\AKM2F.smap
[DEBUG]2021-04-23 16:33:31,422: elevator thread start
[INFO]2021-04-23 16:33:31,443: load map E:\projects_by_myself\backup\MeiWei_back_0421\agvCtrl\projects\AKMfloor\AKM2F.smap ,used 157 ms
[INFO]2021-04-23 16:33:31,454: start load map E:\projects_by_myself\backup\MeiWei_back_0421\agvCtrl\projects\AKMfloor\AKM4F.smap
[INFO]2021-04-23 16:33:31,534: load map E:\projects_by_myself\backup\MeiWei_back_0421\agvCtrl\projects\AKMfloor\AKM4F.smap ,used 90 ms
[INFO]2021-04-23 16:33:31,546: start load map E:\projects_by_myself\backup\MeiWei_back_0421\agvCtrl\projects\AKMfloor\akmsmtMap.smap
[INFO]2021-04-23 16:33:31,770: load map E:\projects_by_myself\backup\MeiWei_back_0421\agvCtrl\projects\AKMfloor\akmsmtMap.smap ,used 235 ms
[INFO]2021-04-23 16:33:31,783: start load map E:\projects_by_myself\backup\MeiWei_back_0421\agvCtrl\projects\AKMfloor\meiwei423.smap
[INFO]2021-04-23 16:33:31,838: load map E:\projects_by_myself\backup\MeiWei_back_0421\agvCtrl\projects\AKMfloor\meiwei423.smap ,used 66 ms
[INFO]2021-04-23 16:33:31,843: import agvDevice.main_agvDevice
[INFO]2021-04-23 16:33:31,845: import akmCtrl.main_akmCtrl
[INFO]2021-04-23 16:33:31,864: create lock <lock name:runTasks.g_lock,<unlocked _thread.RLock object owner=0 count=0 at 0x000001E9CE195480>>
[INFO]2021-04-23 16:33:31,879: create lock <lock name:agvApi.g_lock,<unlocked _thread.RLock object owner=0 count=0 at 0x000001E9CB253330>>
[INFO]2021-04-23 16:33:31,896: create lock <lock name:runTasks.pre_lock,<unlocked _thread.RLock object owner=0 count=0 at 0x000001E9C87528A0>>
[INFO]2021-04-23 16:33:31,898: create lock <lock name:timer.lock_2103602152496,<unlocked _thread.RLock object owner=0 count=0 at 0x000001E9C87580C0>>
[INFO]2021-04-23 16:33:31,901: create lock <lock name:mapMgr.lock,<unlocked _thread.RLock object owner=0 count=0 at 0x000001E9CB281F30>>
[INFO]2021-04-23 16:33:32,523: import alarm.main_alarm
[INFO]2021-04-23 16:33:32,524: import auth.main_auth
[INFO]2021-04-23 16:33:32,534: import door.main_door
[INFO]2021-04-23 16:33:32,537: import elevator.main_elevator
[INFO]2021-04-23 16:33:32,538: import feed.main_feed
[INFO]2021-04-23 16:33:32,548: create lock <lock name:feedTask.g_lock,<unlocked _thread.RLock object owner=0 count=0 at 0x000001E9CBC59780>>
[INFO]2021-04-23 16:33:32,606: import remoteio.main_remoteio
[SUCC]2021-04-23 16:33:32,617: utility start, pid=1684, ppid=7368
[DEBUG]2021-04-23 16:33:32,619: start timer
[INFO]2021-04-23 16:33:32,631: load agv file: E:\projects_by_myself\backup\MeiWei_back_0421\agvCtrl/projects/AKMfloor/agv.cfg
[INFO]2021-04-23 16:33:32,633: create lock <lock name:agvList.AGV30.lock,<unlocked _thread.RLock object owner=0 count=0 at 0x000001E9CC076E40>>
[DEBUG]2021-04-23 16:33:32,637: create aliveObj AGV30 AGV离线异常 timeout 300
[INFO]2021-04-23 16:33:32,639: AGV30 start agvList run thread
[INFO]2021-04-23 16:33:32,639: AGV30 start agvList run2 thread
[INFO]2021-04-23 16:33:32,640: create lock <lock name:agv.AGV30.lock_status,<unlocked _thread.RLock object owner=0 count=0 at 0x000001E9CC09B060>>
[DEBUG]2021-04-23 16:33:32,641: try connect AGV30 192.168.8.68:19204
[DEBUG]2021-04-23 16:33:32,644: start timer
[INFO]2021-04-23 16:33:32,645: add_ignore: taskStatus
[INFO]2021-04-23 16:33:32,647: add_ignore: api/elevator/status
[INFO]2021-04-23 16:33:32,648: add_ignore: scada/getTask
[INFO]2021-04-23 16:33:32,681: AGV30 connected 192.168.8.68 19204
[INFO]2021-04-23 16:33:32,682: create lock <lock name:agv.AGV30.lock_ctrl,<unlocked _thread.RLock object owner=0 count=0 at 0x000001E9CC09B090>>
[DEBUG]2021-04-23 16:33:32,684: try connect AGV30 192.168.8.68:19205
[INFO]2021-04-23 16:33:32,717: AGV30 connected 192.168.8.68 19205
[INFO]2021-04-23 16:33:32,719: create lock <lock name:agv.AGV30.lock_task,<unlocked _thread.RLock object owner=0 count=0 at 0x000001E9CC09B0C0>>
[DEBUG]2021-04-23 16:33:32,720: try connect AGV30 192.168.8.68:19206
[INFO]2021-04-23 16:33:32,753: AGV30 connected 192.168.8.68 19206
[INFO]2021-04-23 16:33:32,755: create lock <lock name:agv.AGV30.lock_conf,<unlocked _thread.RLock object owner=0 count=0 at 0x000001E9CC09B0F0>>
[DEBUG]2021-04-23 16:33:32,757: try connect AGV30 192.168.8.68:19207
[INFO]2021-04-23 16:33:32,785: AGV30 connected 192.168.8.68 19207
[INFO]2021-04-23 16:33:32,786: create lock <lock name:agv.AGV30.lock_core,<unlocked _thread.RLock object owner=0 count=0 at 0x000001E9CC0B74E0>>
[DEBUG]2021-04-23 16:33:32,787: try connect AGV30 192.168.8.68:19208
[INFO]2021-04-23 16:33:32,817: AGV30 connected 192.168.8.68 19208
[INFO]2021-04-23 16:33:32,819: create lock <lock name:agv.AGV30.lock_other,<unlocked _thread.RLock object owner=0 count=0 at 0x000001E9CC0B75A0>>
[DEBUG]2021-04-23 16:33:32,820: try connect AGV30 192.168.8.68:19210
[INFO]2021-04-23 16:33:32,852: AGV30 connected 192.168.8.68 19210
[INFO]2021-04-23 16:33:32,956: AGV30 current map meiwei423
[INFO]2021-04-23 16:33:33,038: AGV30 is online
[INFO]2021-04-23 16:33:33,568: AGV30 require control
[DEBUG]2021-04-23 16:33:33,655: GET: http://127.0.0.1:5551/api/agv/init?appName=MeiWeiTask addr: 127.0.0.1
[INFO]2021-04-23 16:33:33,657: MeiWeiTask init client agvApi
[DEBUG]2021-04-23 16:33:33,660: used 4ms 200 OK application/json;charset=utf-8, GET: http://127.0.0.1:5551/api/agv/init?appName=MeiWeiTask
[DEBUG]2021-04-23 16:33:36,852: GET: http://127.0.0.1:5551/api/agv/startCharge?appName=MeiWeiTask addr: 127.0.0.1
[DEBUG]2021-04-23 16:33:36,947: used 95ms 200 OK application/json;charset=utf-8, GET: http://127.0.0.1:5551/api/agv/startCharge?appName=MeiWeiTask
[WARNING]2021-04-23 16:33:37,134: timer_thread[tid:2224] <lock name:runTasks.g_lock,<locked _thread.RLock object owner=2224 count=1 at 0x000001E9CE195480>> ,hold 3486 ms
[INFO]2021-04-23 16:33:37,418: name=timer_thread, pid=1684, tid=2224
[01] File "E:/Users/Administrator/AppData/Local/Programs/Python/Python38/lib/threading.py", line 870, in run() 
[02] File "../common/mytimer.py", line 113, in _loop() 
[03] File "../common/lock.py", line 122, in _call() 
[04] File "../common/lock.py", line 100, in release() 
[05] File "E:/projects_by_myself/backup/MeiWei_back_0421/common/enhance.py", line 258, in getTrace() 
[06] File "E:/projects_by_myself/backup/MeiWei_back_0421/common/enhance.py", line 240, in getThreadStack()
[DEBUG]2021-04-23 16:33:42,738: GET: http://127.0.0.1:5551/api/scada/addTaskByPad?source=MeiWeiSource&target=MeiWeiTarget addr: 127.0.0.1
[INFO]2021-04-23 16:33:42,873: create task[60828666a8e42d5093bb6591]: type= scadaTask , 从MeiWeiSource运送货架到MeiWeiTarget {'source': 'MeiWeiSource', 'target': 'MeiWeiTarget', 'payloadId': None, 'priority': 1, 'type': 'scadaTask', 'taskName': '从MeiWeiSource运送货架到MeiWeiTarget', 'createTime': datetime.datetime(2021, 4, 23, 16, 33, 42, 848626), 'updateTime': datetime.datetime(2021, 4, 23, 16, 33, 42, 848626), 'startTime': None, 'endTime': None, 'status': 'waiting', 'step': 'waiting', 'failMsg': None, 'history': [], '_id': ObjectId('60828666a8e42d5093bb6591')}
[DEBUG]2021-04-23 16:33:43,054: used 316ms 200 OK application/json;charset=utf-8, GET: http://127.0.0.1:5551/api/scada/addTaskByPad?source=MeiWeiSource&target=MeiWeiTarget
[INFO]2021-04-23 16:33:43,101: task[60828666a8e42d5093bb6591]:  start {'failMsg': '任务等待执行', 'startTime': datetime.datetime(2021, 4, 23, 16, 33, 43, 69129), 'updateTime': datetime.datetime(2021, 4, 23, 16, 33, 43, 69129), 'status': 'running'}
[INFO]2021-04-23 16:33:43,293: task: start task[60828666a8e42d5093bb6591][-] 6(1) -> 7(8) [waiting]
[INFO]2021-04-23 16:33:43,468: task[60828666a8e42d5093bb6591] update info: {'failMsg': '等待分配小车', 'updateTime': datetime.datetime(2021, 4, 23, 16, 33, 43, 420329)}
[DEBUG]2021-04-23 16:33:43,595: task[60828666a8e42d5093bb6591][-] 6(1) -> 7(8) [waitForAgv] waiting -> waitForAgv
[DEBUG]2021-04-23 16:33:44,897: GET: http://127.0.0.1:5551/api/agv/apply?appName=MeiWeiTask&autoLock=False&exclude&loc=1&mapId=meiwei423&taskId=60828666a8e42d5093bb6591&timeout=10 addr: 127.0.0.1
[INFO]2021-04-23 16:33:48,588: apply AGV30 ,taskId: 60828666a8e42d5093bb6591 ,loc meiwei423.1 ,autoLock False , used 3612 ms
[WARNING]2021-04-23 16:33:48,754: worker 3[tid:13328] <lock name:mapMgr.lock,<locked _thread.RLock object owner=13328 count=1 at 0x000001E9C9B74A20>> ,hold 3778 ms
[INFO]2021-04-23 16:33:48,978: name=worker 3, pid=1684, tid=13328
[01] File "E:/Users/Administrator/AppData/Local/Programs/Python/Python38/lib/threading.py", line 870, in run() 
[02] File "E:/Users/Administrator/AppData/Local/Programs/Python/Python38/lib/site-packages/paste/httpserver.py", line 903, in worker_thread_callback() 
[03] File "E:/Users/Administrator/AppData/Local/Programs/Python/Python38/lib/site-packages/paste/httpserver.py", line 1077, in <lambda>() 
[04] File "E:/Users/Administrator/AppData/Local/Programs/Python/Python38/lib/site-packages/paste/httpserver.py", line 1092, in process_request_in_thread() 
[05] File "E:/Users/Administrator/AppData/Local/Programs/Python/Python38/lib/socketserver.py", line 360, in finish_request() 
[06] File "E:/Users/Administrator/AppData/Local/Programs/Python/Python38/lib/socketserver.py", line 720, in __init__() 
[07] File "E:/Users/Administrator/AppData/Local/Programs/Python/Python38/lib/site-packages/paste/httpserver.py", line 460, in handle() 
[08] File "E:/Users/Administrator/AppData/Local/Programs/Python/Python38/lib/http/server.py", line 427, in handle() 
[09] File "E:/Users/Administrator/AppData/Local/Programs/Python/Python38/lib/site-packages/paste/httpserver.py", line 455, in handle_one_request() 
[10] File "E:/Users/Administrator/AppData/Local/Programs/Python/Python38/lib/site-packages/paste/httpserver.py", line 304, in wsgi_execute() 
[11] File "E:/Users/Administrator/AppData/Local/Programs/Python/Python38/lib/site-packages/paste/translogger.py", line 69, in __call__() 
[12] File "E:/Users/Administrator/AppData/Local/Programs/Python/Python38/lib/site-packages/bottle.py", line 985, in __call__() 
[13] File "E:/Users/Administrator/AppData/Local/Programs/Python/Python38/lib/site-packages/bottle.py", line 960, in wsgi() 
[14] File "E:/Users/Administrator/AppData/Local/Programs/Python/Python38/lib/site-packages/bottle.py", line 868, in _handle() 
[15] File "E:/Users/Administrator/AppData/Local/Programs/Python/Python38/lib/site-packages/bottle.py", line 1748, in wrapper() 
[16] File "E:/projects_by_myself/backup/MeiWei_back_0421/common/webutility.py", line 465, in _enable_cors() 
[17] File "E:/projects_by_myself/backup/MeiWei_back_0421/common/webutility.py", line 481, in _enable_cors() 
[18] File "E:/projects_by_myself/backup/MeiWei_back_0421/common/scadaUtility.py", line 45, in __call() 
[19] File "E:/projects_by_myself/backup/MeiWei_back_0421/agvCtrl/main_agv.py", line 58, in urlApply() 
[20] File "E:/projects_by_myself/backup/MeiWei_back_0421/agvCtrl/agvControl.py", line 1111, in apply() 
[21] File "E:/projects_by_myself/backup/MeiWei_back_0421/common/lock.py", line 122, in _call() 
[22] File "E:/projects_by_myself/backup/MeiWei_back_0421/common/lock.py", line 100, in release() 
[23] File "E:/projects_by_myself/backup/MeiWei_back_0421/common/enhance.py", line 258, in getTrace() 
[24] File "E:/projects_by_myself/backup/MeiWei_back_0421/common/enhance.py", line 240, in getThreadStack()
[DEBUG]2021-04-23 16:33:49,051: used 4154ms 200 OK application/json;charset=utf-8, GET: http://127.0.0.1:5551/api/agv/apply?appName=MeiWeiTask&autoLock=False&exclude&loc=1&mapId=meiwei423&taskId=60828666a8e42d5093bb6591&timeout=10
[DEBUG]2021-04-23 16:33:49,349: GET: http://127.0.0.1:5551/api/agv/lock?agv=AGV30&appName=MeiWeiTask&taskId=60828666a8e42d5093bb6591 addr: 127.0.0.1
[DEBUG]2021-04-23 16:33:49,428: lock:  AGV30 taskId 60828666a8e42d5093bb6591 app MeiWeiTask
[WARNING]2021-04-23 16:33:50,554: AGV30 clear task finish, cur= meiwei423.9 task_status= 4
[DEBUG]2021-04-23 16:33:50,682: used 1333ms 200 OK application/json;charset=utf-8, GET: http://127.0.0.1:5551/api/agv/lock?agv=AGV30&appName=MeiWeiTask&taskId=60828666a8e42d5093bb6591
[INFO]2021-04-23 16:33:50,840: task[60828666a8e42d5093bb6591][-] 6(1) -> 7(8) [waitForAgv] apply AGV30
[INFO]2021-04-23 16:33:50,948: task[60828666a8e42d5093bb6591] update info: {'agvId': 'AGV30', 'failMsg': '成功分配小车AGV30,检测顶升下降', 'updateTime': datetime.datetime(2021, 4, 23, 16, 33, 50, 917456)}
[WARNING]2021-04-23 16:33:51,011: scada.60828666a8e42d5093bb6591[tid:12136] <locked _thread.RLock object owner=12136 count=1 at 0x000001E9CC2A69C0> ,hold 6209 ms
[INFO]2021-04-23 16:33:51,485: name=scada.60828666a8e42d5093bb6591, pid=1684, tid=12136
[01] File "E:/Users/Administrator/AppData/Local/Programs/Python/Python38/lib/threading.py", line 870, in run() 
[02] File "../common/utility.py", line 167, in __call() 
[03] File "E:/projects_by_myself/backup/MeiWei_back_0421/akmCtrl/beans/scadaTaskBean.py", line 616, in _taskFunc() 
[04] File "../common/lock.py", line 122, in _call() 
[05] File "../common/lock.py", line 100, in release() 
[06] File "E:/projects_by_myself/backup/MeiWei_back_0421/common/enhance.py", line 258, in getTrace() 
[07] File "E:/projects_by_myself/backup/MeiWei_back_0421/common/enhance.py", line 240, in getThreadStack()
[DEBUG]2021-04-23 16:33:51,612: task[60828666a8e42d5093bb6591][AGV30] 6(1) -> 7(8) [initJackdown] waitForAgv -> initJackdown
[INFO]2021-04-23 16:33:52,131: task[60828666a8e42d5093bb6591][AGV30] 6(1) -> 7(8) [initJackdown] _jackDown
[DEBUG]2021-04-23 16:33:52,268: send http_get: http://127.0.0.1:5551/api/agv/jackdown?agv=AGV30&loc=None&timeoutSec=90
[DEBUG]2021-04-23 16:33:52,585: GET: http://127.0.0.1:5551/api/agv/jackdown?agv=AGV30&loc=None&timeoutSec=90 addr: 127.0.0.1
[CRITICAL]2021-04-23 16:33:53,394: invoke <function urlJackdown at 0x000001E9C9CA8C10> cause a error: 'int' object is not subscriptable
pid=1684, ppid=7368, tid=11324
Traceback (most recent call last):
  File "E:\projects_by_myself\backup\MeiWei_back_0421\common\scadaUtility.py", line 45, in __call
    ret = func(*p,**pp)
  File "E:\projects_by_myself\backup\MeiWei_back_0421\agvDevice\main_agvDevice.py", line 30, in urlJackdown
    return jackMgr.jackDown(agvId=agvId, timeout=timeout,loc=loc)
  File "E:\projects_by_myself\backup\MeiWei_back_0421\agvDevice\jackMgr.py", line 28, in jackDown
    agvCtrl.jackDown(agvId,loc=str(loc))
  File "..\driver\seerAgv\agvCtrl.py", line 297, in jackDown
    if checkIOSJackzero(agvId, 'down'):
  File "..\driver\seerAgv\agvCtrl.py", line 169, in checkIOSJackzero
    if int(x['id'])==31:
TypeError: 'int' object is not subscriptable

[DEBUG]2021-04-23 16:33:53,551: used 966ms 200 OK application/json;charset=utf-8, GET: http://127.0.0.1:5551/api/agv/jackdown?agv=AGV30&loc=None&timeoutSec=90
[DEBUG]2021-04-23 16:33:53,788: [return] use 1520 ms,http_get: http://127.0.0.1:5551/api/agv/jackdown?agv=AGV30&loc=None&timeoutSec=90
[CRITICAL]2021-04-23 16:33:53,946: task[60828666a8e42d5093bb6591][AGV30] 6(1) -> 7(8) [initJackdown] jackDown cause a error: TypeError: 'int' object is not subscriptable
pid=1684, ppid=7368, tid=12136
Traceback (most recent call last):
  File "E:\projects_by_myself\backup\MeiWei_back_0421\akmCtrl\beans\scadaTaskBean.py", line 800, in _jackDown
    jackApi.jackDown(self.agvId, timeoutSec=90)
  File "..\agvDevice\jackApi.py", line 47, in jackDown
    return _jack('/api/agv/jackdown', agvId,timeoutSec,loc)
  File "..\agvDevice\jackApi.py", line 64, in _jack
    return http_get(url + apiurl, param,timeout=timeoutSec+2)
  File "..\agvDevice\jackApi.py", line 18, in http_get
    raise Exception(result["errormsg"])
Exception: TypeError: 'int' object is not subscriptable

[INFO]2021-04-23 16:33:54,086: task[60828666a8e42d5093bb6591][AGV30] 6(1) -> 7(8) [initJackdown] initJackdown error
[INFO]2021-04-23 16:33:56,176: task[60828666a8e42d5093bb6591][AGV30] 6(1) -> 7(8) [initJackdown] _jackDown
[DEBUG]2021-04-23 16:33:56,272: send http_get: http://127.0.0.1:5551/api/agv/jackdown?agv=AGV30&loc=None&timeoutSec=90
[DEBUG]2021-04-23 16:33:56,496: GET: http://127.0.0.1:5551/api/agv/jackdown?agv=AGV30&loc=None&timeoutSec=90 addr: 127.0.0.1
[CRITICAL]2021-04-23 16:33:57,333: invoke <function urlJackdown at 0x000001E9C9CA8C10> cause a error: 'int' object is not subscriptable
pid=1684, ppid=7368, tid=14784
Traceback (most recent call last):
  File "E:\projects_by_myself\backup\MeiWei_back_0421\common\scadaUtility.py", line 45, in __call
    ret = func(*p,**pp)
  File "E:\projects_by_myself\backup\MeiWei_back_0421\agvDevice\main_agvDevice.py", line 30, in urlJackdown
    return jackMgr.jackDown(agvId=agvId, timeout=timeout,loc=loc)
  File "E:\projects_by_myself\backup\MeiWei_back_0421\agvDevice\jackMgr.py", line 28, in jackDown
    agvCtrl.jackDown(agvId,loc=str(loc))
  File "..\driver\seerAgv\agvCtrl.py", line 297, in jackDown
    if checkIOSJackzero(agvId, 'down'):
  File "..\driver\seerAgv\agvCtrl.py", line 169, in checkIOSJackzero
    if int(x['id'])==31:
TypeError: 'int' object is not subscriptable

[DEBUG]2021-04-23 16:33:57,427: used 932ms 200 OK application/json;charset=utf-8, GET: http://127.0.0.1:5551/api/agv/jackdown?agv=AGV30&loc=None&timeoutSec=90
[DEBUG]2021-04-23 16:33:57,538: [return] use 1266 ms,http_get: http://127.0.0.1:5551/api/agv/jackdown?agv=AGV30&loc=None&timeoutSec=90
[CRITICAL]2021-04-23 16:33:57,648: task[60828666a8e42d5093bb6591][AGV30] 6(1) -> 7(8) [initJackdown] jackDown cause a error: TypeError: 'int' object is not subscriptable
pid=1684, ppid=7368, tid=12136
Traceback (most recent call last):
  File "E:\projects_by_myself\backup\MeiWei_back_0421\akmCtrl\beans\scadaTaskBean.py", line 800, in _jackDown
    jackApi.jackDown(self.agvId, timeoutSec=90)
  File "..\agvDevice\jackApi.py", line 47, in jackDown
    return _jack('/api/agv/jackdown', agvId,timeoutSec,loc)
  File "..\agvDevice\jackApi.py", line 64, in _jack
    return http_get(url + apiurl, param,timeout=timeoutSec+2)
  File "..\agvDevice\jackApi.py", line 18, in http_get
    raise Exception(result["errormsg"])
Exception: TypeError: 'int' object is not subscriptable

[INFO]2021-04-23 16:33:57,774: task[60828666a8e42d5093bb6591][AGV30] 6(1) -> 7(8) [initJackdown] initJackdown error
[INFO]2021-04-23 16:33:59,866: task[60828666a8e42d5093bb6591][AGV30] 6(1) -> 7(8) [initJackdown] _jackDown
[DEBUG]2021-04-23 16:33:59,945: send http_get: http://127.0.0.1:5551/api/agv/jackdown?agv=AGV30&loc=None&timeoutSec=90
[ERROR]2021-04-23 16:34:00,471: user press Ctrl+C, system quit!
[WARNING]2021-04-23 16:34:00,550: runTask:stop save file
[ERROR]2021-04-23 16:34:00,628: process exited, living 0:00:28.773693 seconds
