[INFO]2021-04-21 14:07:19,874: log files at E:\projects_by_myself\MeiWei\common\log
[INFO]2021-04-21 14:07:19,876: find module account.main_account
[INFO]2021-04-21 14:07:19,877: find module agvCtrl.main_agv
[INFO]2021-04-21 14:07:19,878: find module agvDevice.main_agvDevice
[INFO]2021-04-21 14:07:19,879: find module akmCtrl.main_akmCtrl
[INFO]2021-04-21 14:07:19,880: find module alarm.main_alarm
[INFO]2021-04-21 14:07:19,881: find module auth.main_auth
[INFO]2021-04-21 14:07:19,881: find module door.main_door
[INFO]2021-04-21 14:07:19,882: find module elevator.main_elevator
[INFO]2021-04-21 14:07:19,883: find module feed.main_feed
[INFO]2021-04-21 14:07:19,885: find module remoteio.main_remoteio
[INFO]2021-04-21 14:07:19,885: import account.main_account
[INFO]2021-04-21 14:07:19,971: import agvCtrl.main_agv
[INFO]2021-04-21 14:07:20,855: create lock <lock name:doorMgr.lock,<unlocked _thread.RLock object owner=0 count=0 at 0x00000269E6CFDE70>>
[INFO]2021-04-21 14:07:21,773: create lock <lock name:door.lock,<unlocked _thread.RLock object owner=0 count=0 at 0x00000269E6D1C3F0>>
[INFO]2021-04-21 14:07:21,887: create lock <lock name:timer.lock_2653873865104,<unlocked _thread.RLock object owner=0 count=0 at 0x00000269E7358300>>
[ERROR]2021-04-21 14:07:21,899: mqtt is disabled
[INFO]2021-04-21 14:07:21,901: mqtt: subscribe [alarm/raise/+]
[INFO]2021-04-21 14:07:21,902: mqtt: subscribe [alarm/clear/+]
[INFO]2021-04-21 14:07:24,943: Mongodb connect to 127.0.0.1 port 27017
[INFO]2021-04-21 14:07:24,957: create lock <lock name:elevatorMgr.lock,<unlocked _thread.RLock object owner=0 count=0 at 0x00000269E7566CF0>>
[WARNING]2021-04-21 14:07:24,968: use mockAgvCtrl
[INFO]2021-04-21 14:07:24,970: create lock <lock name:mapMgr.lock,<unlocked _thread.RLock object owner=0 count=0 at 0x00000269E55E3330>>
[INFO]2021-04-21 14:07:25,303: create lock <lock name:agvList.g_agvLock,<unlocked _thread.RLock object owner=0 count=0 at 0x00000269E7604630>>
[INFO]2021-04-21 14:07:25,306: create lock <lock name:taskList.lock,<unlocked _thread.RLock object owner=0 count=0 at 0x00000269E76A5450>>
[INFO]2021-04-21 14:07:25,367: charge policy 1 , fix time
[INFO]2021-04-21 14:07:25,412: create lock <lock name:agvApi.g_lock,<unlocked _thread.RLock object owner=0 count=0 at 0x00000269E76B0030>>
[INFO]2021-04-21 14:07:25,738: start load map E:\projects_by_myself\MeiWei\agvCtrl\projects\test\AKM2F.smap
[DEBUG]2021-04-21 14:07:25,854: elevator thread start
[INFO]2021-04-21 14:07:25,873: load map E:\projects_by_myself\MeiWei\agvCtrl\projects\test\AKM2F.smap ,used 145 ms
[INFO]2021-04-21 14:07:25,886: start load map E:\projects_by_myself\MeiWei\agvCtrl\projects\test\akmsmt.smap
[INFO]2021-04-21 14:07:25,937: load map E:\projects_by_myself\MeiWei\agvCtrl\projects\test\akmsmt.smap ,used 63 ms
[INFO]2021-04-21 14:07:25,952: start load map E:\projects_by_myself\MeiWei\agvCtrl\projects\test\akmsmtMap.smap
[INFO]2021-04-21 14:07:26,087: load map E:\projects_by_myself\MeiWei\agvCtrl\projects\test\akmsmtMap.smap ,used 148 ms
[INFO]2021-04-21 14:07:26,098: start load map E:\projects_by_myself\MeiWei\agvCtrl\projects\test\desai-all-20191223.smap
[INFO]2021-04-21 14:07:26,249: load map E:\projects_by_myself\MeiWei\agvCtrl\projects\test\desai-all-20191223.smap ,used 161 ms
[INFO]2021-04-21 14:07:26,253: import agvDevice.main_agvDevice
[INFO]2021-04-21 14:07:26,256: import akmCtrl.main_akmCtrl
[INFO]2021-04-21 14:07:26,287: create lock <lock name:runTasks.g_lock,<unlocked _thread.RLock object owner=0 count=0 at 0x00000269E6095ED0>>
[INFO]2021-04-21 14:07:26,308: create lock <lock name:agvApi.g_lock,<unlocked _thread.RLock object owner=0 count=0 at 0x00000269E8E5E6C0>>
[INFO]2021-04-21 14:07:26,317: create lock <lock name:runTasks.pre_lock,<unlocked _thread.RLock object owner=0 count=0 at 0x00000269E6090960>>
[INFO]2021-04-21 14:07:26,318: create lock <lock name:timer.lock_2653881215632,<unlocked _thread.RLock object owner=0 count=0 at 0x00000269E7A5AAE0>>
[INFO]2021-04-21 14:07:26,321: create lock <lock name:mapMgr.lock,<unlocked _thread.RLock object owner=0 count=0 at 0x00000269E60EDD80>>
[INFO]2021-04-21 14:07:26,877: import alarm.main_alarm
[INFO]2021-04-21 14:07:26,878: import auth.main_auth
[INFO]2021-04-21 14:07:26,887: import door.main_door
[INFO]2021-04-21 14:07:26,891: import elevator.main_elevator
[INFO]2021-04-21 14:07:26,895: create lock <lock name:elevatorApi.g_lock,<unlocked _thread.RLock object owner=0 count=0 at 0x00000269EDC84480>>
[INFO]2021-04-21 14:07:26,896: import feed.main_feed
[INFO]2021-04-21 14:07:26,905: create lock <lock name:feedTask.g_lock,<unlocked _thread.RLock object owner=0 count=0 at 0x00000269EDC8B9C0>>
[INFO]2021-04-21 14:07:26,953: import remoteio.main_remoteio
[SUCC]2021-04-21 14:07:26,965: utility start, pid=15688, ppid=11564
[DEBUG]2021-04-21 14:07:26,966: start timer
[INFO]2021-04-21 14:07:26,973: load agv file: E:\projects_by_myself\MeiWei\agvCtrl/projects/test/agv.cfg
[INFO]2021-04-21 14:07:26,973: create lock <lock name:agvList.AGV30.lock,<unlocked _thread.RLock object owner=0 count=0 at 0x00000269EDCB7FC0>>
[DEBUG]2021-04-21 14:07:26,976: create aliveObj AGV30 AGV离线异常 timeout 300
[INFO]2021-04-21 14:07:26,977: AGV30 start agvList run thread
[INFO]2021-04-21 14:07:26,978: AGV30 start agvList run2 thread
[ERROR]2021-04-21 14:07:26,987: agv check init error False
[DEBUG]2021-04-21 14:07:26,988: start timer
[INFO]2021-04-21 14:07:26,994: add_ignore: taskStatus
[INFO]2021-04-21 14:07:26,995: add_ignore: api/elevator/status
[INFO]2021-04-21 14:07:26,995: add_ignore: scada/getTask
[INFO]2021-04-21 14:07:27,499: AGV30 current map AKM2F
[INFO]2021-04-21 14:07:27,502: AGV30 is online
[DEBUG]2021-04-21 14:07:28,001: GET: http://127.0.0.1:5551/api/agv/init?appName=akmTask addr: 127.0.0.1
[INFO]2021-04-21 14:07:28,003: akmTask init client agvApi
[DEBUG]2021-04-21 14:07:28,004: used 3ms 200 OK application/json;charset=utf-8, GET: http://127.0.0.1:5551/api/agv/init?appName=akmTask
[DEBUG]2021-04-21 14:07:31,235: GET: http://127.0.0.1:5551/api/agv/startCharge?appName=akmTask addr: 127.0.0.1
[DEBUG]2021-04-21 14:07:31,347: used 112ms 200 OK application/json;charset=utf-8, GET: http://127.0.0.1:5551/api/agv/startCharge?appName=akmTask
[WARNING]2021-04-21 14:07:31,491: timer_thread[tid:8676] <lock name:runTasks.g_lock,<locked _thread.RLock object owner=8676 count=1 at 0x00000269E6095ED0>> ,hold 3493 ms
[INFO]2021-04-21 14:07:31,778: name=timer_thread, pid=15688, tid=8676
[01] File "E:/Users/Administrator/AppData/Local/Programs/Python/Python38/lib/threading.py", line 870, in run() 
[02] File "../common/mytimer.py", line 113, in _loop() 
[03] File "../common/lock.py", line 122, in _call() 
[04] File "../common/lock.py", line 100, in release() 
[05] File "E:/projects_by_myself/MeiWei/common/enhance.py", line 258, in getTrace() 
[06] File "E:/projects_by_myself/MeiWei/common/enhance.py", line 240, in getThreadStack()
[DEBUG]2021-04-21 14:08:39,091: GET: http://127.0.0.1:5551/api/scada/addTaskByPad?source=%E4%BA%8C%E6%A5%BC%E5%B7%A5%E4%BD%8D_02&target=%E4%BA%8C%E6%A5%BC%E6%B5%8B%E8%AF%95%E7%82%B9 addr: 127.0.0.1
[INFO]2021-04-21 14:08:39,233: create task[607fc16794c5070e078bcec2]: type= scadaTask , 从二楼工位_02运送货架到二楼测试点 {'source': '二楼工位_02', 'target': '二楼测试点', 'payloadId': None, 'priority': 1, 'type': 'scadaTask', 'taskName': '从二楼工位_02运送货架到二楼测试点', 'createTime': datetime.datetime(2021, 4, 21, 14, 8, 39, 202757), 'updateTime': datetime.datetime(2021, 4, 21, 14, 8, 39, 202757), 'startTime': None, 'endTime': None, 'status': 'waiting', 'step': 'waiting', 'failMsg': None, 'history': [], '_id': ObjectId('607fc16794c5070e078bcec2')}
[DEBUG]2021-04-21 14:08:39,473: used 382ms 200 OK application/json;charset=utf-8, GET: http://127.0.0.1:5551/api/scada/addTaskByPad?source=%E4%BA%8C%E6%A5%BC%E5%B7%A5%E4%BD%8D_02&target=%E4%BA%8C%E6%A5%BC%E6%B5%8B%E8%AF%95%E7%82%B9
[INFO]2021-04-21 14:08:39,936: task[607fc16794c5070e078bcec2]:  start {'failMsg': '任务等待执行', 'startTime': datetime.datetime(2021, 4, 21, 14, 8, 39, 903874), 'updateTime': datetime.datetime(2021, 4, 21, 14, 8, 39, 903874), 'status': 'running'}
[INFO]2021-04-21 14:08:40,095: task: start task[607fc16794c5070e078bcec2][-] LM16(LM17) -> LM9(LM12) [waiting]
[INFO]2021-04-21 14:08:40,237: task[607fc16794c5070e078bcec2] update info: {'failMsg': '等待分配小车', 'updateTime': datetime.datetime(2021, 4, 21, 14, 8, 40, 190910)}
[DEBUG]2021-04-21 14:08:40,300: task[607fc16794c5070e078bcec2][-] LM16(LM17) -> LM9(LM12) [waitForAgv] waiting -> waitForAgv
[DEBUG]2021-04-21 14:08:41,737: GET: http://127.0.0.1:5551/api/agv/apply?appName=akmTask&autoLock=False&exclude&loc=LM17&mapId=AKM2F&taskId=607fc16794c5070e078bcec2&timeout=10 addr: 127.0.0.1
[INFO]2021-04-21 14:08:45,072: apply AGV30 ,taskId: 607fc16794c5070e078bcec2 ,loc AKM2F.LM17 ,autoLock False , used 3264 ms
[WARNING]2021-04-21 14:08:45,132: worker 3[tid:2664] <lock name:mapMgr.lock,<locked _thread.RLock object owner=2664 count=1 at 0x00000269E55E3330>> ,hold 3324 ms
[INFO]2021-04-21 14:08:45,385: name=worker 3, pid=15688, tid=2664
[01] File "E:/Users/Administrator/AppData/Local/Programs/Python/Python38/lib/threading.py", line 870, in run() 
[02] File "E:/Users/Administrator/AppData/Local/Programs/Python/Python38/lib/site-packages/paste/httpserver.py", line 903, in worker_thread_callback() 
[03] File "E:/Users/Administrator/AppData/Local/Programs/Python/Python38/lib/site-packages/paste/httpserver.py", line 1077, in <lambda>() 
[04] File "E:/Users/Administrator/AppData/Local/Programs/Python/Python38/lib/site-packages/paste/httpserver.py", line 1092, in process_request_in_thread() 
[05] File "E:/Users/Administrator/AppData/Local/Programs/Python/Python38/lib/socketserver.py", line 360, in finish_request() 
[06] File "E:/Users/Administrator/AppData/Local/Programs/Python/Python38/lib/socketserver.py", line 720, in __init__() 
[07] File "E:/Users/Administrator/AppData/Local/Programs/Python/Python38/lib/site-packages/paste/httpserver.py", line 460, in handle() 
[08] File "E:/Users/Administrator/AppData/Local/Programs/Python/Python38/lib/http/server.py", line 427, in handle() 
[09] File "E:/Users/Administrator/AppData/Local/Programs/Python/Python38/lib/site-packages/paste/httpserver.py", line 455, in handle_one_request() 
[10] File "E:/Users/Administrator/AppData/Local/Programs/Python/Python38/lib/site-packages/paste/httpserver.py", line 304, in wsgi_execute() 
[11] File "E:/Users/Administrator/AppData/Local/Programs/Python/Python38/lib/site-packages/paste/translogger.py", line 69, in __call__() 
[12] File "E:/Users/Administrator/AppData/Local/Programs/Python/Python38/lib/site-packages/bottle.py", line 985, in __call__() 
[13] File "E:/Users/Administrator/AppData/Local/Programs/Python/Python38/lib/site-packages/bottle.py", line 960, in wsgi() 
[14] File "E:/Users/Administrator/AppData/Local/Programs/Python/Python38/lib/site-packages/bottle.py", line 868, in _handle() 
[15] File "E:/Users/Administrator/AppData/Local/Programs/Python/Python38/lib/site-packages/bottle.py", line 1748, in wrapper() 
[16] File "E:/projects_by_myself/MeiWei/common/webutility.py", line 465, in _enable_cors() 
[17] File "E:/projects_by_myself/MeiWei/common/webutility.py", line 481, in _enable_cors() 
[18] File "E:/projects_by_myself/MeiWei/common/scadaUtility.py", line 45, in __call() 
[19] File "E:/projects_by_myself/MeiWei/agvCtrl/main_agv.py", line 58, in urlApply() 
[20] File "E:/projects_by_myself/MeiWei/agvCtrl/agvControl.py", line 1111, in apply() 
[21] File "E:/projects_by_myself/MeiWei/common/lock.py", line 122, in _call() 
[22] File "E:/projects_by_myself/MeiWei/common/lock.py", line 100, in release() 
[23] File "E:/projects_by_myself/MeiWei/common/enhance.py", line 258, in getTrace() 
[24] File "E:/projects_by_myself/MeiWei/common/enhance.py", line 240, in getThreadStack()
[DEBUG]2021-04-21 14:08:45,449: used 3713ms 200 OK application/json;charset=utf-8, GET: http://127.0.0.1:5551/api/agv/apply?appName=akmTask&autoLock=False&exclude&loc=LM17&mapId=AKM2F&taskId=607fc16794c5070e078bcec2&timeout=10
[DEBUG]2021-04-21 14:08:45,701: GET: http://127.0.0.1:5551/api/agv/lock?agv=AGV30&appName=akmTask&taskId=607fc16794c5070e078bcec2 addr: 127.0.0.1
[DEBUG]2021-04-21 14:08:45,780: lock:  AGV30 taskId 607fc16794c5070e078bcec2 app akmTask
[WARNING]2021-04-21 14:08:46,907: AGV30 clear task finish, cur= AKM2F.AP29 task_status= 0
[DEBUG]2021-04-21 14:08:47,034: used 1333ms 200 OK application/json;charset=utf-8, GET: http://127.0.0.1:5551/api/agv/lock?agv=AGV30&appName=akmTask&taskId=607fc16794c5070e078bcec2
[INFO]2021-04-21 14:08:47,239: task[607fc16794c5070e078bcec2][-] LM16(LM17) -> LM9(LM12) [waitForAgv] apply AGV30
[INFO]2021-04-21 14:08:47,366: task[607fc16794c5070e078bcec2] update info: {'agvId': 'AGV30', 'failMsg': '成功分配小车AGV30,检测顶升下降', 'updateTime': datetime.datetime(2021, 4, 21, 14, 8, 47, 351522)}
[WARNING]2021-04-21 14:08:47,445: scada.607fc16794c5070e078bcec2[tid:7320] <locked _thread.RLock object owner=7320 count=1 at 0x00000269F0A22690> ,hold 5824 ms
[INFO]2021-04-21 14:08:47,652: name=scada.607fc16794c5070e078bcec2, pid=15688, tid=7320
[01] File "E:/Users/Administrator/AppData/Local/Programs/Python/Python38/lib/threading.py", line 870, in run() 
[02] File "../common/utility.py", line 167, in __call() 
[03] File "E:/projects_by_myself/MeiWei/akmCtrl/beans/scadaTaskBean.py", line 563, in _taskFunc() 
[04] File "../common/lock.py", line 122, in _call() 
[05] File "../common/lock.py", line 100, in release() 
[06] File "E:/projects_by_myself/MeiWei/common/enhance.py", line 258, in getTrace() 
[07] File "E:/projects_by_myself/MeiWei/common/enhance.py", line 240, in getThreadStack()
[DEBUG]2021-04-21 14:08:47,764: task[607fc16794c5070e078bcec2][AGV30] LM16(LM17) -> LM9(LM12) [initJackdown] waitForAgv -> initJackdown
[INFO]2021-04-21 14:08:48,352: task[607fc16794c5070e078bcec2][AGV30] LM16(LM17) -> LM9(LM12) [initJackdown] _jackDown
[DEBUG]2021-04-21 14:08:48,446: send http_get: http://127.0.0.1:5551/api/agv/jackdown?agv=AGV30&loc=None&timeoutSec=90
[DEBUG]2021-04-21 14:08:48,618: GET: http://127.0.0.1:5551/api/agv/jackdown?agv=AGV30&loc=None&timeoutSec=90 addr: 127.0.0.1
[INFO]2021-04-21 14:08:48,714: _jack in jackMgr: AGV30 down [{'id': 0, 'source': 'normal', 'status': True}, {'id': 1, 'source': 'normal', 'status': True}]
[INFO]2021-04-21 14:08:48,919: AGV30 jack down status:  1
[DEBUG]2021-04-21 14:08:48,998: used 380ms 200 OK application/json;charset=utf-8, GET: http://127.0.0.1:5551/api/agv/jackdown?agv=AGV30&loc=None&timeoutSec=90
[DEBUG]2021-04-21 14:08:49,170: [return] use 724 ms,http_get: http://127.0.0.1:5551/api/agv/jackdown?agv=AGV30&loc=None&timeoutSec=90
[INFO]2021-04-21 14:08:49,298: task[607fc16794c5070e078bcec2] update info: {'failMsg': '前往二楼工位_02工位点拉取货架', 'updateTime': datetime.datetime(2021, 4, 21, 14, 8, 49, 250315)}
[DEBUG]2021-04-21 14:08:49,377: task[607fc16794c5070e078bcec2][AGV30] LM16(LM17) -> LM9(LM12) [startMoveJackup] initJackdown -> startMoveJackup
[DEBUG]2021-04-21 14:08:49,851: GET: http://127.0.0.1:5551/api/agv/move?WorkPlace=None&agv=AGV30&agvId=AGV30&appName=akmTask&direction=None&floorId=AKM2F&isRotate&loc=AKM2F.LM16&location=LM16&p_direction=0.0&pgv_type=1&recognize=False&seer_jackup=JackLoad&taskId=607fc16794c5070e078bcec2_2&taskType=scadaTask&timeoutSec=86400&use_pgv=False addr: 127.0.0.1
[INFO]2021-04-21 14:08:49,901: Begin: AGV30 move from AKM2F.AP29 to AKM2F.LM16 by paths: [('AKM2F', ['AP29', 'LM31', 'LM39', 'LM37', 'LM18', 'LM40', 'LM17', 'LM16'], 23.807999999999996)] task: 607fc16794c5070e078bcec2_2 timeout 86400 used 48 ms
[DEBUG]2021-04-21 14:08:49,903: used 52ms 200 OK application/json;charset=utf-8, GET: http://127.0.0.1:5551/api/agv/move?WorkPlace=None&agv=AGV30&agvId=AGV30&appName=akmTask&direction=None&floorId=AKM2F&isRotate&loc=AKM2F.LM16&location=LM16&p_direction=0.0&pgv_type=1&recognize=False&seer_jackup=JackLoad&taskId=607fc16794c5070e078bcec2_2&taskType=scadaTask&timeoutSec=86400&use_pgv=False
[DEBUG]2021-04-21 14:08:49,904: task[607fc16794c5070e078bcec2][AGV30] LM16(LM17) -> LM9(LM12) [loadPlayload] startMoveJackup -> loadPlayload
[DEBUG]2021-04-21 14:08:50,755: agvInfo: AGV30 AKM2F.AP29 move to AKM2F.LM31 ,taskId 607fc16794c5070e078bcec2_2
[CRITICAL]2021-04-21 14:08:50,886: agvApi step callback cause a error: 'dict' object is not callable
pid=15688, ppid=11564, tid=16204
Traceback (most recent call last):
  File "..\agvCtrl\agvApi.py", line 261, in _checkFinish
    t.stepCallback(t.params,t.status)
TypeError: 'dict' object is not callable

[DEBUG]2021-04-21 14:08:52,286: AGV30 turn to wait check cur AP29 next LM39 0.783 False
[DEBUG]2021-04-21 14:08:52,834: agvInfo: AGV30 AKM2F.AP29 move to AKM2F.LM39 ,taskId 607fc16794c5070e078bcec2_2
[CRITICAL]2021-04-21 14:08:52,962: agvApi step callback cause a error: 'dict' object is not callable
pid=15688, ppid=11564, tid=16204
Traceback (most recent call last):
  File "..\agvCtrl\agvApi.py", line 261, in _checkFinish
    t.stepCallback(t.params,t.status)
TypeError: 'dict' object is not callable

[DEBUG]2021-04-21 14:08:53,173: AGV30 set loc AKM2F.LM31 ,old AP29 (-13.86,-15.15)
[DEBUG]2021-04-21 14:08:54,879: AGV30 turn to wait check cur LM31 next LM37 0.918 False
[DEBUG]2021-04-21 14:08:55,408: agvInfo: AGV30 AKM2F.LM31 move to AKM2F.LM37 ,taskId 607fc16794c5070e078bcec2_2
[CRITICAL]2021-04-21 14:08:55,599: agvApi step callback cause a error: 'dict' object is not callable
pid=15688, ppid=11564, tid=16204
Traceback (most recent call last):
  File "..\agvCtrl\agvApi.py", line 261, in _checkFinish
    t.stepCallback(t.params,t.status)
TypeError: 'dict' object is not callable

[DEBUG]2021-04-21 14:08:55,737: AGV30 set loc AKM2F.LM39 ,old LM31 (-15.10,-15.15)
[DEBUG]2021-04-21 14:08:57,457: AGV30 turn to wait check cur LM39 next LM18 0.850 False
[DEBUG]2021-04-21 14:08:58,008: agvInfo: AGV30 AKM2F.LM39 move to AKM2F.LM18 ,taskId 607fc16794c5070e078bcec2_2
[CRITICAL]2021-04-21 14:08:58,195: agvApi step callback cause a error: 'dict' object is not callable
pid=15688, ppid=11564, tid=16204
Traceback (most recent call last):
  File "..\agvCtrl\agvApi.py", line 261, in _checkFinish
    t.stepCallback(t.params,t.status)
TypeError: 'dict' object is not callable

[DEBUG]2021-04-21 14:08:58,303: AGV30 set loc AKM2F.LM37 ,old LM39 (-15.16,-16.74)
[DEBUG]2021-04-21 14:09:02,103: AGV30 turn to wait check cur LM37 next LM40 0.852 False
[DEBUG]2021-04-21 14:09:02,656: agvInfo: AGV30 AKM2F.LM37 move to AKM2F.LM40 ,taskId 607fc16794c5070e078bcec2_2
[CRITICAL]2021-04-21 14:09:02,886: agvApi step callback cause a error: 'dict' object is not callable
pid=15688, ppid=11564, tid=16204
Traceback (most recent call last):
  File "..\agvCtrl\agvApi.py", line 261, in _checkFinish
    t.stepCallback(t.params,t.status)
TypeError: 'dict' object is not callable

[DEBUG]2021-04-21 14:09:02,900: AGV30 set loc AKM2F.LM18 ,old LM37 (-18.32,-16.74)
[DEBUG]2021-04-21 14:09:03,167: AGV30 choise next pos cur LM18 next LM17 pre LM40 14.419 True
[DEBUG]2021-04-21 14:09:03,170: AGV30 turn to wait check cur LM18 next LM17 14.419 True
[DEBUG]2021-04-21 14:09:03,702: agvInfo: AGV30 AKM2F.LM18 move to AKM2F.LM17 ,taskId 607fc16794c5070e078bcec2_2
[CRITICAL]2021-04-21 14:09:03,948: agvApi step callback cause a error: 'dict' object is not callable
pid=15688, ppid=11564, tid=16204
Traceback (most recent call last):
  File "..\agvCtrl\agvApi.py", line 261, in _checkFinish
    t.stepCallback(t.params,t.status)
TypeError: 'dict' object is not callable

[DEBUG]2021-04-21 14:09:09,875: AGV30 choise next pos cur LM18 next LM16 pre LM17 11.851 False
[DEBUG]2021-04-21 14:09:09,877: AGV30 turn to wait check cur LM18 next LM16 11.851 False
[DEBUG]2021-04-21 14:09:10,423: agvInfo: AGV30 AKM2F.LM18 move jackup to AKM2F.LM16 ,taskId 607fc16794c5070e078bcec2_2
[CRITICAL]2021-04-21 14:09:10,753: agvApi step callback cause a error: 'dict' object is not callable
pid=15688, ppid=11564, tid=16204
Traceback (most recent call last):
  File "..\agvCtrl\agvApi.py", line 261, in _checkFinish
    t.stepCallback(t.params,t.status)
TypeError: 'dict' object is not callable

[DEBUG]2021-04-21 14:09:21,372: AGV30 set loc AKM2F.LM17 ,old LM18 (-18.37,-31.01)
[WARNING]2021-04-21 14:09:22,699: AGV30 waitFinish: loc is diff LM17 LM16 task_status= 2
[WARNING]2021-04-21 14:09:23,216: AGV30 waitFinish: loc is diff LM17 LM16 task_status= 2
[WARNING]2021-04-21 14:09:23,732: AGV30 waitFinish: loc is diff LM17 LM16 task_status= 2
[WARNING]2021-04-21 14:09:24,249: AGV30 waitFinish: loc is diff LM17 LM16 task_status= 2
[DEBUG]2021-04-21 14:09:24,468: AGV30 set loc AKM2F.LM16 ,old LM17 (-18.37,-33.41)
[SUCC]2021-04-21 14:09:25,779: Finish:  AGV30 arrived AKM2F.LM16 ,task: 607fc16794c5070e078bcec2_2
[INFO]2021-04-21 14:09:25,815: task: move finish callback task[607fc16794c5070e078bcec2][AGV30] LM16(LM17) -> LM9(LM12) [loadPlayload]
[INFO]2021-04-21 14:09:25,818: task[607fc16794c5070e078bcec2] update info: {'failMsg': 'AGV顶升', 'updateTime': datetime.datetime(2021, 4, 21, 14, 9, 25, 817779)}
[DEBUG]2021-04-21 14:09:25,888: task[607fc16794c5070e078bcec2][AGV30] LM16(LM17) -> LM9(LM12) [loadPlayload_jackup] loadPlayload_readqr -> loadPlayload_jackup
[INFO]2021-04-21 14:09:26,202: task[607fc16794c5070e078bcec2][AGV30] LM16(LM17) -> LM9(LM12) [loadPlayload_jackup] _jackUp
[DEBUG]2021-04-21 14:09:26,206: send http_get: http://127.0.0.1:5551/api/agv/jackup?agv=AGV30&loc=None&timeoutSec=90
[DEBUG]2021-04-21 14:09:26,214: GET: http://127.0.0.1:5551/api/agv/jackup?agv=AGV30&loc=None&timeoutSec=90 addr: 127.0.0.1
[INFO]2021-04-21 14:09:26,216: _jack in jackMgr: AGV30 up [{'id': 0, 'source': 'normal', 'status': True}, {'id': 1, 'source': 'normal', 'status': True}]
[INFO]2021-04-21 14:09:26,223: AGV30 jack up status:  1
[DEBUG]2021-04-21 14:09:26,225: used 11ms 200 OK application/json;charset=utf-8, GET: http://127.0.0.1:5551/api/agv/jackup?agv=AGV30&loc=None&timeoutSec=90
[DEBUG]2021-04-21 14:09:26,227: [return] use 21 ms,http_get: http://127.0.0.1:5551/api/agv/jackup?agv=AGV30&loc=None&timeoutSec=90
[INFO]2021-04-21 14:09:26,231: task[607fc16794c5070e078bcec2] update info: {'failMsg': '等待二楼测试点工位点锁', 'updateTime': datetime.datetime(2021, 4, 21, 14, 9, 26, 230052)}
[DEBUG]2021-04-21 14:09:26,232: task[607fc16794c5070e078bcec2][AGV30] LM16(LM17) -> LM9(LM12) [waitDestPreLoc] loadPlayload_jackup -> waitDestPreLoc
[INFO]2021-04-21 14:09:26,567: task: prepoint locked  607fc16794c5070e078bcec2 AKM2F.LM9
[INFO]2021-04-21 14:09:26,694: task[607fc16794c5070e078bcec2] update info: {'failMsg': '前往LM9工位点放下货架', 'updateTime': datetime.datetime(2021, 4, 21, 14, 9, 26, 647027)}
[DEBUG]2021-04-21 14:09:26,772: task[607fc16794c5070e078bcec2][AGV30] LM16(LM17) -> LM9(LM12) [movePreSource] waitDestPreLoc -> movePreSource
[DEBUG]2021-04-21 14:09:27,259: GET: http://127.0.0.1:5551/api/agv/move?WorkPlace=None&agv=AGV30&agvId=AGV30&appName=akmTask&direction=None&floorId=AKM2F&isRotate&loc=AKM2F.LM12&location=LM12&p_direction=0.0&pgv_type=1&recognize=False&result=True&resultDesc=None&taskId=607fc16794c5070e078bcec2_3&taskType=scadaTask&timeoutSec=86400&use_pgv=False addr: 127.0.0.1
[INFO]2021-04-21 14:09:27,273: Begin: AGV30 move from AKM2F.LM16 to AKM2F.LM12 by paths: [('AKM2F', ['LM16', 'LM44', 'LM43', 'LM14', 'LM13', 'LM12'], 15.21750817088753)] task: 607fc16794c5070e078bcec2_3 timeout 86400 used 11 ms
[DEBUG]2021-04-21 14:09:27,275: task[607fc16794c5070e078bcec2][AGV30] LM16(LM17) -> LM9(LM12) [movePreSourceStep] movePreSource -> movePreSourceStep
[DEBUG]2021-04-21 14:09:27,842: agvInfo: AGV30 AKM2F.LM16 move to AKM2F.LM44 ,taskId 607fc16794c5070e078bcec2_3
[DEBUG]2021-04-21 14:09:28,359: AGV30 choise next pos cur LM16 next LM43 pre LM44 5.449 True
[DEBUG]2021-04-21 14:09:28,361: AGV30 choise next pos cur LM16 next LM14 pre LM43 7.285 False
[DEBUG]2021-04-21 14:09:28,363: AGV30 turn to wait check cur LM16 next LM14 7.285 False
[DEBUG]2021-04-21 14:09:28,908: agvInfo: AGV30 AKM2F.LM16 move to AKM2F.LM14 ,taskId 607fc16794c5070e078bcec2_3
[DEBUG]2021-04-21 14:09:31,124: AGV30 set loc AKM2F.LM44 ,old LM16 (-16.51,-33.44)
[DEBUG]2021-04-21 14:09:35,746: AGV30 set loc AKM2F.LM43 ,old LM44 (-12.76,-33.44)
[DEBUG]2021-04-21 14:09:37,146: AGV30 turn to wait check cur LM43 next LM13 0.816 False
[DEBUG]2021-04-21 14:09:37,685: agvInfo: AGV30 AKM2F.LM43 move to AKM2F.LM13 ,taskId 607fc16794c5070e078bcec2_3
[DEBUG]2021-04-21 14:09:37,803: AGV30 set loc AKM2F.LM14 ,old LM43 (-11.08,-33.41)
[DEBUG]2021-04-21 14:09:38,200: AGV30 choise next pos cur LM14 next LM12 pre LM13 7.933 False
[DEBUG]2021-04-21 14:09:38,203: AGV30 turn to wait check cur LM14 next LM12 7.933 False
[DEBUG]2021-04-21 14:09:38,724: agvInfo: AGV30 AKM2F.LM14 move to AKM2F.LM12 ,taskId 607fc16794c5070e078bcec2_3
[DEBUG]2021-04-21 14:09:41,901: AGV30 set loc AKM2F.LM13 ,old LM14 (-11.08,-30.49)
[WARNING]2021-04-21 14:09:43,308: AGV30 waitFinish: loc is diff LM13 LM12 task_status= 2
[WARNING]2021-04-21 14:09:43,825: AGV30 waitFinish: loc is diff LM13 LM12 task_status= 2
[WARNING]2021-04-21 14:09:44,343: AGV30 waitFinish: loc is diff LM13 LM12 task_status= 2
[WARNING]2021-04-21 14:09:44,861: AGV30 waitFinish: loc is diff LM13 LM12 task_status= 2
[WARNING]2021-04-21 14:09:45,379: AGV30 waitFinish: loc is diff LM13 LM12 task_status= 2
[WARNING]2021-04-21 14:09:45,892: AGV30 waitFinish: loc is diff LM13 LM12 task_status= 2
[WARNING]2021-04-21 14:09:46,408: AGV30 waitFinish: loc is diff LM13 LM12 task_status= 2
[WARNING]2021-04-21 14:09:46,923: AGV30 waitFinish: loc is diff LM13 LM12 task_status= 2
[WARNING]2021-04-21 14:09:47,441: AGV30 waitFinish: loc is diff LM13 LM12 task_status= 2
[WARNING]2021-04-21 14:09:47,956: AGV30 waitFinish: loc is diff LM13 LM12 task_status= 2
[DEBUG]2021-04-21 14:09:48,066: AGV30 set loc AKM2F.LM12 ,old LM13 (-11.08,-25.57)
[SUCC]2021-04-21 14:09:50,001: Finish:  AGV30 arrived AKM2F.LM12 ,task: 607fc16794c5070e078bcec2_3
[INFO]2021-04-21 14:09:50,050: task: move finish callback task[607fc16794c5070e078bcec2][AGV30] LM16(LM17) -> LM9(LM12) [movePreSourceStep]
[DEBUG]2021-04-21 14:09:50,097: GET: http://127.0.0.1:5551/api/agv/move?WorkPlace=None&agv=AGV30&agvId=AGV30&appName=akmTask&direction=None&floorId=AKM2F&isRotate&loc=AKM2F.LM9&location=LM9&p_direction=0.0&pgv_type=1&recognize=False&result=True&resultDesc=None&seer_jackup=JackUnload&taskId=607fc16794c5070e078bcec2_4&taskType=scadaTask&timeoutSec=86400&use_pgv=False addr: 127.0.0.1
[INFO]2021-04-21 14:09:50,107: Begin: AGV30 move from AKM2F.LM12 to AKM2F.LM9 by paths: [('AKM2F', ['LM12', 'LM11', 'LM9'], 12.42)] task: 607fc16794c5070e078bcec2_4 timeout 86400 used 8 ms
[DEBUG]2021-04-21 14:09:50,109: used 12ms 200 OK application/json;charset=utf-8, GET: http://127.0.0.1:5551/api/agv/move?WorkPlace=None&agv=AGV30&agvId=AGV30&appName=akmTask&direction=None&floorId=AKM2F&isRotate&loc=AKM2F.LM9&location=LM9&p_direction=0.0&pgv_type=1&recognize=False&result=True&resultDesc=None&seer_jackup=JackUnload&taskId=607fc16794c5070e078bcec2_4&taskType=scadaTask&timeoutSec=86400&use_pgv=False
[INFO]2021-04-21 14:09:50,112: task[607fc16794c5070e078bcec2] update info: {'step': 'dropPayload', 'updateTime': datetime.datetime(2021, 4, 21, 14, 9, 50, 110131)}
[DEBUG]2021-04-21 14:09:50,113: task[607fc16794c5070e078bcec2][AGV30] LM16(LM17) -> LM9(LM12) [dropPayload] dropPayloadMove -> dropPayload
[DEBUG]2021-04-21 14:09:51,051: agvInfo: AGV30 AKM2F.LM12 move to AKM2F.LM11 ,taskId 607fc16794c5070e078bcec2_4
[DEBUG]2021-04-21 14:09:51,566: AGV30 choise next pos cur LM12 next LM9 pre LM11 12.420 False
[DEBUG]2021-04-21 14:09:51,567: AGV30 turn to wait check cur LM12 next LM9 12.420 False
[DEBUG]2021-04-21 14:09:52,078: agvInfo: AGV30 AKM2F.LM12 move jackdown to AKM2F.LM9 ,taskId 607fc16794c5070e078bcec2_4
[DEBUG]2021-04-21 14:09:56,756: AGV30 set loc AKM2F.LM11 ,old LM12 (-11.08,-21.01)
[WARNING]2021-04-21 14:09:58,194: AGV30 waitFinish: loc is diff LM11 LM9 task_status= 2
[WARNING]2021-04-21 14:09:58,711: AGV30 waitFinish: loc is diff LM11 LM9 task_status= 2
[WARNING]2021-04-21 14:09:59,228: AGV30 waitFinish: loc is diff LM11 LM9 task_status= 2
[WARNING]2021-04-21 14:09:59,746: AGV30 waitFinish: loc is diff LM11 LM9 task_status= 2
[WARNING]2021-04-21 14:10:00,262: AGV30 waitFinish: loc is diff LM11 LM9 task_status= 2
[WARNING]2021-04-21 14:10:00,776: AGV30 waitFinish: loc is diff LM11 LM9 task_status= 2
[WARNING]2021-04-21 14:10:01,290: AGV30 waitFinish: loc is diff LM11 LM9 task_status= 2
[WARNING]2021-04-21 14:10:01,810: AGV30 waitFinish: loc is diff LM11 LM9 task_status= 2
[WARNING]2021-04-21 14:10:02,324: AGV30 waitFinish: loc is diff LM11 LM9 task_status= 2
[WARNING]2021-04-21 14:10:02,841: AGV30 waitFinish: loc is diff LM11 LM9 task_status= 2
[WARNING]2021-04-21 14:10:03,357: AGV30 waitFinish: loc is diff LM11 LM9 task_status= 2
[WARNING]2021-04-21 14:10:03,872: AGV30 waitFinish: loc is diff LM11 LM9 task_status= 2
[WARNING]2021-04-21 14:10:04,388: AGV30 waitFinish: loc is diff LM11 LM9 task_status= 2
[WARNING]2021-04-21 14:10:04,904: AGV30 waitFinish: loc is diff LM11 LM9 task_status= 2
[WARNING]2021-04-21 14:10:05,421: AGV30 waitFinish: loc is diff LM11 LM9 task_status= 2
[WARNING]2021-04-21 14:10:05,933: AGV30 waitFinish: loc is diff LM11 LM9 task_status= 2
[WARNING]2021-04-21 14:10:06,449: AGV30 waitFinish: loc is diff LM11 LM9 task_status= 2
[DEBUG]2021-04-21 14:10:06,511: AGV30 set loc AKM2F.LM9 ,old LM11 (-11.08,-13.20)
[SUCC]2021-04-21 14:10:08,496: Finish:  AGV30 arrived AKM2F.LM9 ,task: 607fc16794c5070e078bcec2_4
[INFO]2021-04-21 14:10:08,642: task: move finish callback task[607fc16794c5070e078bcec2][AGV30] LM16(LM17) -> LM9(LM12) [dropPayload]
[INFO]2021-04-21 14:10:08,647: task[607fc16794c5070e078bcec2] update info: {'failMsg': '放下货架，旋转顶升机构初始化', 'updateTime': datetime.datetime(2021, 4, 21, 14, 10, 8, 645833)}
[INFO]2021-04-21 14:10:08,902: task[607fc16794c5070e078bcec2][AGV30] LM16(LM17) -> LM9(LM12) [dropPayloadJackdown] _jackDown
[DEBUG]2021-04-21 14:10:08,905: send http_get: http://127.0.0.1:5551/api/agv/jackdown?agv=AGV30&loc=None&timeoutSec=90
[DEBUG]2021-04-21 14:10:08,910: GET: http://127.0.0.1:5551/api/agv/jackdown?agv=AGV30&loc=None&timeoutSec=90 addr: 127.0.0.1
[INFO]2021-04-21 14:10:08,911: _jack in jackMgr: AGV30 down [{'id': 0, 'source': 'normal', 'status': True}, {'id': 1, 'source': 'normal', 'status': True}]
[INFO]2021-04-21 14:10:08,913: AGV30 jack down status:  1
[DEBUG]2021-04-21 14:10:08,914: used 4ms 200 OK application/json;charset=utf-8, GET: http://127.0.0.1:5551/api/agv/jackdown?agv=AGV30&loc=None&timeoutSec=90
[DEBUG]2021-04-21 14:10:08,915: [return] use 10 ms,http_get: http://127.0.0.1:5551/api/agv/jackdown?agv=AGV30&loc=None&timeoutSec=90
[DEBUG]2021-04-21 14:10:08,916: task[607fc16794c5070e078bcec2][AGV30] LM16(LM17) -> LM9(LM12) [dropPayloadReset] dropPayloadJackdown -> dropPayloadReset
[INFO]2021-04-21 14:10:09,247: task[607fc16794c5070e078bcec2][AGV30] LM16(LM17) -> LM9(LM12) [dropPayloadReset] rotationClear
[DEBUG]2021-04-21 14:10:09,325: send http_get: http://127.0.0.1:5551/api/agv/rotationclear?agv=AGV30&timeoutSec=30
[DEBUG]2021-04-21 14:10:09,548: GET: http://127.0.0.1:5551/api/agv/rotationclear?agv=AGV30&timeoutSec=30 addr: 127.0.0.1
[INFO]2021-04-21 14:10:10,692: _rotation in rotationMgr: AGV30 None [{'id': 0, 'source': 'normal', 'status': True}, {'id': 1, 'source': 'normal', 'status': True}]
[INFO]2021-04-21 14:10:10,931: AGV30 rotation clear status: 1
[DEBUG]2021-04-21 14:10:11,011: used 1463ms 200 OK application/json;charset=utf-8, GET: http://127.0.0.1:5551/api/agv/rotationclear?agv=AGV30&timeoutSec=30
[DEBUG]2021-04-21 14:10:11,139: [return] use 1814 ms,http_get: http://127.0.0.1:5551/api/agv/rotationclear?agv=AGV30&timeoutSec=30
[INFO]2021-04-21 14:10:11,234: task[607fc16794c5070e078bcec2]:  successed {'step': 'finish', 'failMsg': '任务成功', 'endTime': datetime.datetime(2021, 4, 21, 14, 10, 11, 218910), 'status': 'success'}
[DEBUG]2021-04-21 14:10:11,314: task[607fc16794c5070e078bcec2][AGV30] LM16(LM17) -> LM9(LM12) [finish] dropPayloadReset -> finish
[INFO]2021-04-21 14:10:11,775: task[607fc16794c5070e078bcec2][AGV30] LM16(LM17) -> LM9(LM12) [finish] AGV30 release task, release agv True True False
[DEBUG]2021-04-21 14:10:12,030: GET: http://127.0.0.1:5551/api/agv/isLocked?agv=AGV30&appName=akmTask&taskId=607fc16794c5070e078bcec2 addr: 127.0.0.1
[DEBUG]2021-04-21 14:10:12,126: used 96ms 200 OK application/json;charset=utf-8, GET: http://127.0.0.1:5551/api/agv/isLocked?agv=AGV30&appName=akmTask&taskId=607fc16794c5070e078bcec2
[DEBUG]2021-04-21 14:10:12,366: GET: http://127.0.0.1:5551/api/agv/release?agv=AGV30&appName=akmTask&force=False&taskId=607fc16794c5070e078bcec2 addr: 127.0.0.1
[DEBUG]2021-04-21 14:10:12,461: unlock: AGV30 taskId 607fc16794c5070e078bcec2 app akmTask force False
[DEBUG]2021-04-21 14:10:12,541: used 176ms 200 OK application/json;charset=utf-8, GET: http://127.0.0.1:5551/api/agv/release?agv=AGV30&appName=akmTask&force=False&taskId=607fc16794c5070e078bcec2
[INFO]2021-04-21 14:10:12,698: task[607fc16794c5070e078bcec2][AGV30] LM16(LM17) -> LM9(LM12) [finish] let AGV30 gohome
[DEBUG]2021-04-21 14:10:12,952: GET: http://127.0.0.1:5551/api/agv/goHome?agv=AGV30&appName=akmTask&force=False&timeout=10800 addr: 127.0.0.1
[INFO]2021-04-21 14:10:13,032: AGV30 gohome home_1 force False taskId home_1 : AGV30.LM9 -> AKM2F.AP29
[INFO]2021-04-21 14:10:14,529: Begin: AGV30 move from AKM2F.LM9 to AKM2F.AP29 by paths: [('AKM2F', ['LM9', 'LM11', 'LM12', 'LM13', 'LM14', 'LM43', 'LM44', 'LM16', 'LM17', 'LM40', 'LM18', 'LM37', 'LM39', 'LM31', 'AP29'], 51.445508170887535)] task: home_1 timeout 10800 used 1402 ms
[DEBUG]2021-04-21 14:10:14,622: used 1670ms 200 OK application/json;charset=utf-8, GET: http://127.0.0.1:5551/api/agv/goHome?agv=AGV30&appName=akmTask&force=False&timeout=10800
[INFO]2021-04-21 14:10:14,766: task: prepoint released2  607fc16794c5070e078bcec2 AKM2F.LM9
[WARNING]2021-04-21 14:10:14,861: scada.607fc16794c5070e078bcec2[tid:7320] <lock name:runTasks.g_lock,<locked _thread.RLock object owner=7320 count=1 at 0x00000269E6095ED0>> ,hold 3086 ms
[INFO]2021-04-21 14:10:15,017: name=scada.607fc16794c5070e078bcec2, pid=15688, tid=7320
[01] File "E:/Users/Administrator/AppData/Local/Programs/Python/Python38/lib/threading.py", line 870, in run() 
[02] File "../common/utility.py", line 167, in __call() 
[03] File "E:/projects_by_myself/MeiWei/akmCtrl/beans/scadaTaskBean.py", line 560, in _taskFunc() 
[04] File "../common/lock.py", line 122, in _call() 
[05] File "../common/lock.py", line 100, in release() 
[06] File "E:/projects_by_myself/MeiWei/common/enhance.py", line 258, in getTrace() 
[07] File "E:/projects_by_myself/MeiWei/common/enhance.py", line 240, in getThreadStack()
[INFO]2021-04-21 14:10:15,125: task: stop task[607fc16794c5070e078bcec2][-] LM16(LM17) -> LM9(LM12) [finish]
[DEBUG]2021-04-21 14:10:16,139: task: delete task 607fc16794c5070e078bcec2
[DEBUG]2021-04-21 14:10:16,423: agvInfo: AGV30 AKM2F.LM9 move to AKM2F.LM11 ,taskId home_1
[DEBUG]2021-04-21 14:10:17,010: AGV30 choise next pos cur LM9 next LM12 pre LM11 12.420 True
[DEBUG]2021-04-21 14:10:17,134: AGV30 turn to wait check cur LM9 next LM12 12.420 True
[DEBUG]2021-04-21 14:10:19,140: agvInfo: AGV30 AKM2F.LM9 move to AKM2F.LM12 ,taskId home_1
[DEBUG]2021-04-21 14:10:22,352: AGV30 choise next pos cur LM9 next LM13 pre LM12 14.533 True
[DEBUG]2021-04-21 14:10:22,430: AGV30 turn to wait check cur LM9 next LM13 14.533 True
[DEBUG]2021-04-21 14:10:24,980: agvInfo: AGV30 AKM2F.LM9 move to AKM2F.LM13 ,taskId home_1
[DEBUG]2021-04-21 14:10:28,666: AGV30 set loc AKM2F.LM11 ,old LM9 (-11.08,-20.71)
[DEBUG]2021-04-21 14:10:29,219: AGV30 choise next pos cur LM11 next LM14 pre LM13 12.547 False
[DEBUG]2021-04-21 14:10:29,330: AGV30 turn to wait check cur LM11 next LM14 12.547 False
[DEBUG]2021-04-21 14:10:31,438: agvInfo: AGV30 AKM2F.LM11 move to AKM2F.LM14 ,taskId home_1
[DEBUG]2021-04-21 14:10:36,039: AGV30 set loc AKM2F.LM12 ,old LM11 (-11.08,-25.37)
[DEBUG]2021-04-21 14:10:43,357: AGV30 set loc AKM2F.LM13 ,old LM12 (-11.08,-30.24)
[DEBUG]2021-04-21 14:10:47,505: AGV30 turn to wait check cur LM13 next LM43 0.855 False
[DEBUG]2021-04-21 14:10:48,746: AGV30 set loc AKM2F.LM14 ,old LM13 (-11.08,-33.41)
[DEBUG]2021-04-21 14:10:49,335: agvInfo: AGV30 AKM2F.LM14 move to AKM2F.LM43 ,taskId home_1
[DEBUG]2021-04-21 14:10:50,030: AGV30 choise next pos cur LM14 next LM44 pre LM43 5.325 True
[DEBUG]2021-04-21 14:10:50,154: AGV30 choise next pos cur LM14 next LM16 pre LM44 7.285 False
[DEBUG]2021-04-21 14:10:50,218: AGV30 turn to wait check cur LM14 next LM16 7.285 False
[DEBUG]2021-04-21 14:10:52,526: agvInfo: AGV30 AKM2F.LM14 move to AKM2F.LM16 ,taskId home_1
[DEBUG]2021-04-21 14:10:54,726: AGV30 set loc AKM2F.LM43 ,old LM14 (-12.87,-33.44)
[DEBUG]2021-04-21 14:11:00,062: AGV30 set loc AKM2F.LM44 ,old LM43 (-16.46,-33.44)
[DEBUG]2021-04-21 14:11:02,127: AGV30 turn to wait check cur LM44 next LM17 0.773 False
[DEBUG]2021-04-21 14:11:02,718: AGV30 set loc AKM2F.LM16 ,old LM44 (-18.37,-33.41)
[DEBUG]2021-04-21 14:11:03,803: agvInfo: AGV30 AKM2F.LM16 move to AKM2F.LM17 ,taskId home_1
[DEBUG]2021-04-21 14:11:04,422: AGV30 choise next pos cur LM16 next LM40 pre LM17 11.249 True
[DEBUG]2021-04-21 14:11:04,517: AGV30 turn to wait check cur LM16 next LM40 11.249 True
[DEBUG]2021-04-21 14:11:06,376: agvInfo: AGV30 AKM2F.LM16 move to AKM2F.LM40 ,taskId home_1
[DEBUG]2021-04-21 14:11:09,772: AGV30 choise next pos cur LM16 next LM18 pre LM40 15.134 False
[DEBUG]2021-04-21 14:11:09,836: AGV30 turn to wait check cur LM16 next LM18 15.134 False
[DEBUG]2021-04-21 14:11:10,312: AGV30 set loc AKM2F.LM17 ,old LM16 (-18.37,-31.31)
[DEBUG]2021-04-21 14:11:11,405: agvInfo: AGV30 AKM2F.LM17 move to AKM2F.LM18 ,taskId home_1
[DEBUG]2021-04-21 14:11:27,754: AGV30 set loc AKM2F.LM40 ,old LM17 (-18.37,-22.16)
[DEBUG]2021-04-21 14:11:34,990: AGV30 turn to wait check cur LM40 next LM37 0.752 False
[DEBUG]2021-04-21 14:11:35,610: AGV30 set loc AKM2F.LM18 ,old LM40 (-18.37,-16.74)
[DEBUG]2021-04-21 14:11:36,597: agvInfo: AGV30 AKM2F.LM18 move to AKM2F.LM37 ,taskId home_1
[DEBUG]2021-04-21 14:11:43,400: AGV30 turn to wait check cur LM18 next LM39 0.802 False
[DEBUG]2021-04-21 14:11:43,991: AGV30 set loc AKM2F.LM37 ,old LM18 (-15.16,-16.74)
[DEBUG]2021-04-21 14:11:44,965: agvInfo: AGV30 AKM2F.LM37 move to AKM2F.LM39 ,taskId home_1
[DEBUG]2021-04-21 14:11:48,142: AGV30 turn to wait check cur LM37 next LM31 0.744 False
[DEBUG]2021-04-21 14:11:48,762: AGV30 set loc AKM2F.LM39 ,old LM37 (-15.16,-15.15)
[DEBUG]2021-04-21 14:11:49,669: agvInfo: AGV30 AKM2F.LM39 move to AKM2F.LM31 ,taskId home_1
[DEBUG]2021-04-21 14:11:50,275: AGV30 choise next pos cur LM39 next AP29 pre LM31 2.340 False
[DEBUG]2021-04-21 14:11:50,385: AGV30 turn to wait check cur LM39 next AP29 2.340 False
[DEBUG]2021-04-21 14:11:51,787: agvInfo: AGV30 AKM2F.LM39 move to AKM2F.AP29 ,taskId home_1
[DEBUG]2021-04-21 14:11:54,508: AGV30 set loc AKM2F.LM31 ,old LM39 (-13.92,-15.15)
[WARNING]2021-04-21 14:11:56,099: AGV30 waitFinish: loc is diff LM31 AP29 task_status= 2
[DEBUG]2021-04-21 14:11:56,193: AGV30 set loc AKM2F.AP29 ,old LM31 (-12.82,-15.15)
[SUCC]2021-04-21 14:11:57,734: Finish:  AGV30 arrived AKM2F.AP29 ,task: home_1
[DEBUG]2021-04-21 14:11:57,830: unlock: AGV30 taskId None app None force False
[ERROR]2021-04-21 14:53:52,346: process exited, living 0:46:33.163627 seconds
[INFO]2021-04-21 14:53:57,369: name=agv.hasDeadlock, pid=15688, tid=16744
[01] File "E:/Users/Administrator/AppData/Local/Programs/Python/Python38/lib/threading.py", line 870, in run() 
[02] File "E:/projects_by_myself/MeiWei/agvCtrl/agvControl.py", line 1013, in _threadFunc() 

name=worker 9, pid=15688, tid=17020
[01] File "E:/Users/Administrator/AppData/Local/Programs/Python/Python38/lib/threading.py", line 870, in run() 
[02] File "E:/Users/Administrator/AppData/Local/Programs/Python/Python38/lib/site-packages/paste/httpserver.py", line 891, in worker_thread_callback() 
[03] File "E:/Users/Administrator/AppData/Local/Programs/Python/Python38/lib/queue.py", line 170, in get() 
[04] File "E:/Users/Administrator/AppData/Local/Programs/Python/Python38/lib/threading.py", line 302, in wait() 

name=worker 8, pid=15688, tid=13892
[01] File "E:/Users/Administrator/AppData/Local/Programs/Python/Python38/lib/threading.py", line 870, in run() 
[02] File "E:/Users/Administrator/AppData/Local/Programs/Python/Python38/lib/site-packages/paste/httpserver.py", line 891, in worker_thread_callback() 
[03] File "E:/Users/Administrator/AppData/Local/Programs/Python/Python38/lib/queue.py", line 170, in get() 
[04] File "E:/Users/Administrator/AppData/Local/Programs/Python/Python38/lib/threading.py", line 302, in wait() 

name=worker 7, pid=15688, tid=2464
[01] File "E:/Users/Administrator/AppData/Local/Programs/Python/Python38/lib/threading.py", line 870, in run() 
[02] File "E:/Users/Administrator/AppData/Local/Programs/Python/Python38/lib/site-packages/paste/httpserver.py", line 891, in worker_thread_callback() 
[03] File "E:/Users/Administrator/AppData/Local/Programs/Python/Python38/lib/queue.py", line 170, in get() 
[04] File "E:/Users/Administrator/AppData/Local/Programs/Python/Python38/lib/threading.py", line 302, in wait() 

name=worker 6, pid=15688, tid=18300
[01] File "E:/Users/Administrator/AppData/Local/Programs/Python/Python38/lib/threading.py", line 870, in run() 
[02] File "E:/Users/Administrator/AppData/Local/Programs/Python/Python38/lib/site-packages/paste/httpserver.py", line 891, in worker_thread_callback() 
[03] File "E:/Users/Administrator/AppData/Local/Programs/Python/Python38/lib/queue.py", line 170, in get() 
[04] File "E:/Users/Administrator/AppData/Local/Programs/Python/Python38/lib/threading.py", line 302, in wait() 

name=worker 5, pid=15688, tid=6380
[01] File "E:/Users/Administrator/AppData/Local/Programs/Python/Python38/lib/threading.py", line 870, in run() 
[02] File "E:/Users/Administrator/AppData/Local/Programs/Python/Python38/lib/site-packages/paste/httpserver.py", line 891, in worker_thread_callback() 
[03] File "E:/Users/Administrator/AppData/Local/Programs/Python/Python38/lib/queue.py", line 170, in get() 
[04] File "E:/Users/Administrator/AppData/Local/Programs/Python/Python38/lib/threading.py", line 302, in wait() 

name=worker 4, pid=15688, tid=10044
[01] File "E:/Users/Administrator/AppData/Local/Programs/Python/Python38/lib/threading.py", line 870, in run() 
[02] File "E:/Users/Administrator/AppData/Local/Programs/Python/Python38/lib/site-packages/paste/httpserver.py", line 891, in worker_thread_callback() 
[03] File "E:/Users/Administrator/AppData/Local/Programs/Python/Python38/lib/queue.py", line 170, in get() 
[04] File "E:/Users/Administrator/AppData/Local/Programs/Python/Python38/lib/threading.py", line 302, in wait() 

name=worker 3, pid=15688, tid=2664
[01] File "E:/Users/Administrator/AppData/Local/Programs/Python/Python38/lib/threading.py", line 870, in run() 
[02] File "E:/Users/Administrator/AppData/Local/Programs/Python/Python38/lib/site-packages/paste/httpserver.py", line 891, in worker_thread_callback() 
[03] File "E:/Users/Administrator/AppData/Local/Programs/Python/Python38/lib/queue.py", line 170, in get() 
[04] File "E:/Users/Administrator/AppData/Local/Programs/Python/Python38/lib/threading.py", line 302, in wait() 

name=worker 2, pid=15688, tid=8700
[01] File "E:/Users/Administrator/AppData/Local/Programs/Python/Python38/lib/threading.py", line 870, in run() 
[02] File "E:/Users/Administrator/AppData/Local/Programs/Python/Python38/lib/site-packages/paste/httpserver.py", line 891, in worker_thread_callback() 
[03] File "E:/Users/Administrator/AppData/Local/Programs/Python/Python38/lib/queue.py", line 170, in get() 
[04] File "E:/Users/Administrator/AppData/Local/Programs/Python/Python38/lib/threading.py", line 302, in wait() 

name=worker 1, pid=15688, tid=10764
[01] File "E:/Users/Administrator/AppData/Local/Programs/Python/Python38/lib/threading.py", line 870, in run() 
[02] File "E:/Users/Administrator/AppData/Local/Programs/Python/Python38/lib/site-packages/paste/httpserver.py", line 891, in worker_thread_callback() 
[03] File "E:/Users/Administrator/AppData/Local/Programs/Python/Python38/lib/queue.py", line 170, in get() 
[04] File "E:/Users/Administrator/AppData/Local/Programs/Python/Python38/lib/threading.py", line 302, in wait() 

name=worker 0, pid=15688, tid=7932
[01] File "E:/Users/Administrator/AppData/Local/Programs/Python/Python38/lib/threading.py", line 870, in run() 
[02] File "E:/Users/Administrator/AppData/Local/Programs/Python/Python38/lib/site-packages/paste/httpserver.py", line 891, in worker_thread_callback() 
[03] File "E:/Users/Administrator/AppData/Local/Programs/Python/Python38/lib/queue.py", line 170, in get() 
[04] File "E:/Users/Administrator/AppData/Local/Programs/Python/Python38/lib/threading.py", line 302, in wait() 

name=pymongo_kill_cursors_thread, pid=15688, tid=5548
[01] File "E:/Users/Administrator/AppData/Local/Programs/Python/Python38/lib/threading.py", line 870, in run() 
[02] File "E:/Users/Administrator/AppData/Local/Programs/Python/Python38/lib/site-packages/pymongo/periodic_executor.py", line 140, in _run() 

name=pymongo_server_monitor_thread, pid=15688, tid=14016
[01] File "E:/Users/Administrator/AppData/Local/Programs/Python/Python38/lib/threading.py", line 870, in run() 
[02] File "E:/Users/Administrator/AppData/Local/Programs/Python/Python38/lib/site-packages/pymongo/periodic_executor.py", line 140, in _run() 

name=tcplisten.port_6789, pid=15688, tid=17628
[01] File "E:/Users/Administrator/AppData/Local/Programs/Python/Python38/lib/threading.py", line 870, in run() 
[02] File "E:/projects_by_myself/MeiWei/common/tcpSocket.py", line 65, in _acceptThread() 
[03] File "E:/Users/Administrator/AppData/Local/Programs/Python/Python38/lib/socket.py", line 292, in accept() 

name=MainThread, pid=15688, tid=18292
[01] File "run_all.py", line 60, in <module>() 
[02] File "E:/projects_by_myself/MeiWei/common/webutility.py", line 320, in run() 
[03] File "E:/Users/Administrator/AppData/Local/Programs/Python/Python38/lib/site-packages/bottle.py", line 3137, in run() 
[04] File "E:/Users/Administrator/AppData/Local/Programs/Python/Python38/lib/site-packages/bottle.py", line 2829, in run() 
[05] File "E:/Users/Administrator/AppData/Local/Programs/Python/Python38/lib/site-packages/paste/httpserver.py", line 1361, in serve() 
[06] File "E:/Users/Administrator/AppData/Local/Programs/Python/Python38/lib/site-packages/paste/httpserver.py", line 1107, in serve_forever() 
[07] File "E:/Users/Administrator/AppData/Local/Programs/Python/Python38/lib/socketserver.py", line 294, in handle_request() 
[08] File "E:/Users/Administrator/AppData/Local/Programs/Python/Python38/lib/selectors.py", line 323, in select() 
[09] File "E:/Users/Administrator/AppData/Local/Programs/Python/Python38/lib/selectors.py", line 314, in _select() 
[10] File "../common/utility.py", line 598, in exit() 
[11] File "E:/projects_by_myself/MeiWei/common/enhance.py", line 256, in getTrace() 
[12] File "E:/projects_by_myself/MeiWei/common/enhance.py", line 240, in getThreadStack()
[INFO]2021-04-21 14:53:57,375: lock info: count 0

try lock info: count 0
[ERROR]2021-04-21 14:53:57,377: user press Ctrl+C, print thread stack
[INFO]2021-04-21 14:53:58,398: name=agv.hasDeadlock, pid=15688, tid=16744
[01] File "E:/Users/Administrator/AppData/Local/Programs/Python/Python38/lib/threading.py", line 870, in run() 
[02] File "E:/projects_by_myself/MeiWei/agvCtrl/agvControl.py", line 1013, in _threadFunc() 

name=worker 9, pid=15688, tid=17020
[01] File "E:/Users/Administrator/AppData/Local/Programs/Python/Python38/lib/threading.py", line 870, in run() 
[02] File "E:/Users/Administrator/AppData/Local/Programs/Python/Python38/lib/site-packages/paste/httpserver.py", line 891, in worker_thread_callback() 
[03] File "E:/Users/Administrator/AppData/Local/Programs/Python/Python38/lib/queue.py", line 170, in get() 
[04] File "E:/Users/Administrator/AppData/Local/Programs/Python/Python38/lib/threading.py", line 302, in wait() 

name=worker 8, pid=15688, tid=13892
[01] File "E:/Users/Administrator/AppData/Local/Programs/Python/Python38/lib/threading.py", line 870, in run() 
[02] File "E:/Users/Administrator/AppData/Local/Programs/Python/Python38/lib/site-packages/paste/httpserver.py", line 891, in worker_thread_callback() 
[03] File "E:/Users/Administrator/AppData/Local/Programs/Python/Python38/lib/queue.py", line 170, in get() 
[04] File "E:/Users/Administrator/AppData/Local/Programs/Python/Python38/lib/threading.py", line 302, in wait() 

name=worker 7, pid=15688, tid=2464
[01] File "E:/Users/Administrator/AppData/Local/Programs/Python/Python38/lib/threading.py", line 870, in run() 
[02] File "E:/Users/Administrator/AppData/Local/Programs/Python/Python38/lib/site-packages/paste/httpserver.py", line 891, in worker_thread_callback() 
[03] File "E:/Users/Administrator/AppData/Local/Programs/Python/Python38/lib/queue.py", line 170, in get() 
[04] File "E:/Users/Administrator/AppData/Local/Programs/Python/Python38/lib/threading.py", line 302, in wait() 

name=worker 6, pid=15688, tid=18300
[01] File "E:/Users/Administrator/AppData/Local/Programs/Python/Python38/lib/threading.py", line 870, in run() 
[02] File "E:/Users/Administrator/AppData/Local/Programs/Python/Python38/lib/site-packages/paste/httpserver.py", line 891, in worker_thread_callback() 
[03] File "E:/Users/Administrator/AppData/Local/Programs/Python/Python38/lib/queue.py", line 170, in get() 
[04] File "E:/Users/Administrator/AppData/Local/Programs/Python/Python38/lib/threading.py", line 302, in wait() 

name=worker 5, pid=15688, tid=6380
[01] File "E:/Users/Administrator/AppData/Local/Programs/Python/Python38/lib/threading.py", line 870, in run() 
[02] File "E:/Users/Administrator/AppData/Local/Programs/Python/Python38/lib/site-packages/paste/httpserver.py", line 891, in worker_thread_callback() 
[03] File "E:/Users/Administrator/AppData/Local/Programs/Python/Python38/lib/queue.py", line 170, in get() 
[04] File "E:/Users/Administrator/AppData/Local/Programs/Python/Python38/lib/threading.py", line 302, in wait() 

name=worker 4, pid=15688, tid=10044
[01] File "E:/Users/Administrator/AppData/Local/Programs/Python/Python38/lib/threading.py", line 870, in run() 
[02] File "E:/Users/Administrator/AppData/Local/Programs/Python/Python38/lib/site-packages/paste/httpserver.py", line 891, in worker_thread_callback() 
[03] File "E:/Users/Administrator/AppData/Local/Programs/Python/Python38/lib/queue.py", line 170, in get() 
[04] File "E:/Users/Administrator/AppData/Local/Programs/Python/Python38/lib/threading.py", line 302, in wait() 

name=worker 3, pid=15688, tid=2664
[01] File "E:/Users/Administrator/AppData/Local/Programs/Python/Python38/lib/threading.py", line 870, in run() 
[02] File "E:/Users/Administrator/AppData/Local/Programs/Python/Python38/lib/site-packages/paste/httpserver.py", line 891, in worker_thread_callback() 
[03] File "E:/Users/Administrator/AppData/Local/Programs/Python/Python38/lib/queue.py", line 170, in get() 
[04] File "E:/Users/Administrator/AppData/Local/Programs/Python/Python38/lib/threading.py", line 302, in wait() 

name=worker 2, pid=15688, tid=8700
[01] File "E:/Users/Administrator/AppData/Local/Programs/Python/Python38/lib/threading.py", line 870, in run() 
[02] File "E:/Users/Administrator/AppData/Local/Programs/Python/Python38/lib/site-packages/paste/httpserver.py", line 891, in worker_thread_callback() 
[03] File "E:/Users/Administrator/AppData/Local/Programs/Python/Python38/lib/queue.py", line 170, in get() 
[04] File "E:/Users/Administrator/AppData/Local/Programs/Python/Python38/lib/threading.py", line 302, in wait() 

name=worker 1, pid=15688, tid=10764
[01] File "E:/Users/Administrator/AppData/Local/Programs/Python/Python38/lib/threading.py", line 870, in run() 
[02] File "E:/Users/Administrator/AppData/Local/Programs/Python/Python38/lib/site-packages/paste/httpserver.py", line 891, in worker_thread_callback() 
[03] File "E:/Users/Administrator/AppData/Local/Programs/Python/Python38/lib/queue.py", line 170, in get() 
[04] File "E:/Users/Administrator/AppData/Local/Programs/Python/Python38/lib/threading.py", line 302, in wait() 

name=worker 0, pid=15688, tid=7932
[01] File "E:/Users/Administrator/AppData/Local/Programs/Python/Python38/lib/threading.py", line 870, in run() 
[02] File "E:/Users/Administrator/AppData/Local/Programs/Python/Python38/lib/site-packages/paste/httpserver.py", line 891, in worker_thread_callback() 
[03] File "E:/Users/Administrator/AppData/Local/Programs/Python/Python38/lib/queue.py", line 170, in get() 
[04] File "E:/Users/Administrator/AppData/Local/Programs/Python/Python38/lib/threading.py", line 302, in wait() 

name=pymongo_kill_cursors_thread, pid=15688, tid=5548
[01] File "E:/Users/Administrator/AppData/Local/Programs/Python/Python38/lib/threading.py", line 870, in run() 
[02] File "E:/Users/Administrator/AppData/Local/Programs/Python/Python38/lib/site-packages/pymongo/periodic_executor.py", line 140, in _run() 

name=pymongo_server_monitor_thread, pid=15688, tid=14016
[01] File "E:/Users/Administrator/AppData/Local/Programs/Python/Python38/lib/threading.py", line 870, in run() 
[02] File "E:/Users/Administrator/AppData/Local/Programs/Python/Python38/lib/site-packages/pymongo/periodic_executor.py", line 140, in _run() 

name=tcplisten.port_6789, pid=15688, tid=17628
[01] File "E:/Users/Administrator/AppData/Local/Programs/Python/Python38/lib/threading.py", line 870, in run() 
[02] File "E:/projects_by_myself/MeiWei/common/tcpSocket.py", line 65, in _acceptThread() 
[03] File "E:/Users/Administrator/AppData/Local/Programs/Python/Python38/lib/socket.py", line 292, in accept() 

name=MainThread, pid=15688, tid=18292
[01] File "run_all.py", line 60, in <module>() 
[02] File "E:/projects_by_myself/MeiWei/common/webutility.py", line 320, in run() 
[03] File "E:/Users/Administrator/AppData/Local/Programs/Python/Python38/lib/site-packages/bottle.py", line 3137, in run() 
[04] File "E:/Users/Administrator/AppData/Local/Programs/Python/Python38/lib/site-packages/bottle.py", line 2829, in run() 
[05] File "E:/Users/Administrator/AppData/Local/Programs/Python/Python38/lib/site-packages/paste/httpserver.py", line 1361, in serve() 
[06] File "E:/Users/Administrator/AppData/Local/Programs/Python/Python38/lib/site-packages/paste/httpserver.py", line 1107, in serve_forever() 
[07] File "E:/Users/Administrator/AppData/Local/Programs/Python/Python38/lib/socketserver.py", line 294, in handle_request() 
[08] File "E:/Users/Administrator/AppData/Local/Programs/Python/Python38/lib/selectors.py", line 323, in select() 
[09] File "E:/Users/Administrator/AppData/Local/Programs/Python/Python38/lib/selectors.py", line 314, in _select() 
[10] File "../common/utility.py", line 598, in exit() 
[11] File "E:/projects_by_myself/MeiWei/common/enhance.py", line 256, in getTrace() 
[12] File "E:/projects_by_myself/MeiWei/common/enhance.py", line 240, in getThreadStack()
[INFO]2021-04-21 14:53:58,413: lock info: count 0

try lock info: count 0
[ERROR]2021-04-21 14:53:58,416: user press Ctrl+C, print thread stack
[INFO]2021-04-21 14:53:59,443: name=agv.hasDeadlock, pid=15688, tid=16744
[01] File "E:/Users/Administrator/AppData/Local/Programs/Python/Python38/lib/threading.py", line 870, in run() 
[02] File "E:/projects_by_myself/MeiWei/agvCtrl/agvControl.py", line 1013, in _threadFunc() 

name=worker 9, pid=15688, tid=17020
[01] File "E:/Users/Administrator/AppData/Local/Programs/Python/Python38/lib/threading.py", line 870, in run() 
[02] File "E:/Users/Administrator/AppData/Local/Programs/Python/Python38/lib/site-packages/paste/httpserver.py", line 891, in worker_thread_callback() 
[03] File "E:/Users/Administrator/AppData/Local/Programs/Python/Python38/lib/queue.py", line 170, in get() 
[04] File "E:/Users/Administrator/AppData/Local/Programs/Python/Python38/lib/threading.py", line 302, in wait() 

name=worker 8, pid=15688, tid=13892
[01] File "E:/Users/Administrator/AppData/Local/Programs/Python/Python38/lib/threading.py", line 870, in run() 
[02] File "E:/Users/Administrator/AppData/Local/Programs/Python/Python38/lib/site-packages/paste/httpserver.py", line 891, in worker_thread_callback() 
[03] File "E:/Users/Administrator/AppData/Local/Programs/Python/Python38/lib/queue.py", line 170, in get() 
[04] File "E:/Users/Administrator/AppData/Local/Programs/Python/Python38/lib/threading.py", line 302, in wait() 

name=worker 7, pid=15688, tid=2464
[01] File "E:/Users/Administrator/AppData/Local/Programs/Python/Python38/lib/threading.py", line 870, in run() 
[02] File "E:/Users/Administrator/AppData/Local/Programs/Python/Python38/lib/site-packages/paste/httpserver.py", line 891, in worker_thread_callback() 
[03] File "E:/Users/Administrator/AppData/Local/Programs/Python/Python38/lib/queue.py", line 170, in get() 
[04] File "E:/Users/Administrator/AppData/Local/Programs/Python/Python38/lib/threading.py", line 302, in wait() 

name=worker 6, pid=15688, tid=18300
[01] File "E:/Users/Administrator/AppData/Local/Programs/Python/Python38/lib/threading.py", line 870, in run() 
[02] File "E:/Users/Administrator/AppData/Local/Programs/Python/Python38/lib/site-packages/paste/httpserver.py", line 891, in worker_thread_callback() 
[03] File "E:/Users/Administrator/AppData/Local/Programs/Python/Python38/lib/queue.py", line 170, in get() 
[04] File "E:/Users/Administrator/AppData/Local/Programs/Python/Python38/lib/threading.py", line 302, in wait() 

name=worker 5, pid=15688, tid=6380
[01] File "E:/Users/Administrator/AppData/Local/Programs/Python/Python38/lib/threading.py", line 870, in run() 
[02] File "E:/Users/Administrator/AppData/Local/Programs/Python/Python38/lib/site-packages/paste/httpserver.py", line 891, in worker_thread_callback() 
[03] File "E:/Users/Administrator/AppData/Local/Programs/Python/Python38/lib/queue.py", line 170, in get() 
[04] File "E:/Users/Administrator/AppData/Local/Programs/Python/Python38/lib/threading.py", line 302, in wait() 

name=worker 4, pid=15688, tid=10044
[01] File "E:/Users/Administrator/AppData/Local/Programs/Python/Python38/lib/threading.py", line 870, in run() 
[02] File "E:/Users/Administrator/AppData/Local/Programs/Python/Python38/lib/site-packages/paste/httpserver.py", line 891, in worker_thread_callback() 
[03] File "E:/Users/Administrator/AppData/Local/Programs/Python/Python38/lib/queue.py", line 170, in get() 
[04] File "E:/Users/Administrator/AppData/Local/Programs/Python/Python38/lib/threading.py", line 302, in wait() 

name=worker 3, pid=15688, tid=2664
[01] File "E:/Users/Administrator/AppData/Local/Programs/Python/Python38/lib/threading.py", line 870, in run() 
[02] File "E:/Users/Administrator/AppData/Local/Programs/Python/Python38/lib/site-packages/paste/httpserver.py", line 891, in worker_thread_callback() 
[03] File "E:/Users/Administrator/AppData/Local/Programs/Python/Python38/lib/queue.py", line 170, in get() 
[04] File "E:/Users/Administrator/AppData/Local/Programs/Python/Python38/lib/threading.py", line 302, in wait() 

name=worker 2, pid=15688, tid=8700
[01] File "E:/Users/Administrator/AppData/Local/Programs/Python/Python38/lib/threading.py", line 870, in run() 
[02] File "E:/Users/Administrator/AppData/Local/Programs/Python/Python38/lib/site-packages/paste/httpserver.py", line 891, in worker_thread_callback() 
[03] File "E:/Users/Administrator/AppData/Local/Programs/Python/Python38/lib/queue.py", line 170, in get() 
[04] File "E:/Users/Administrator/AppData/Local/Programs/Python/Python38/lib/threading.py", line 302, in wait() 

name=worker 1, pid=15688, tid=10764
[01] File "E:/Users/Administrator/AppData/Local/Programs/Python/Python38/lib/threading.py", line 870, in run() 
[02] File "E:/Users/Administrator/AppData/Local/Programs/Python/Python38/lib/site-packages/paste/httpserver.py", line 891, in worker_thread_callback() 
[03] File "E:/Users/Administrator/AppData/Local/Programs/Python/Python38/lib/queue.py", line 170, in get() 
[04] File "E:/Users/Administrator/AppData/Local/Programs/Python/Python38/lib/threading.py", line 302, in wait() 

name=worker 0, pid=15688, tid=7932
[01] File "E:/Users/Administrator/AppData/Local/Programs/Python/Python38/lib/threading.py", line 870, in run() 
[02] File "E:/Users/Administrator/AppData/Local/Programs/Python/Python38/lib/site-packages/paste/httpserver.py", line 891, in worker_thread_callback() 
[03] File "E:/Users/Administrator/AppData/Local/Programs/Python/Python38/lib/queue.py", line 170, in get() 
[04] File "E:/Users/Administrator/AppData/Local/Programs/Python/Python38/lib/threading.py", line 302, in wait() 

name=pymongo_kill_cursors_thread, pid=15688, tid=5548
[01] File "E:/Users/Administrator/AppData/Local/Programs/Python/Python38/lib/threading.py", line 870, in run() 
[02] File "E:/Users/Administrator/AppData/Local/Programs/Python/Python38/lib/site-packages/pymongo/periodic_executor.py", line 140, in _run() 

name=pymongo_server_monitor_thread, pid=15688, tid=14016
[01] File "E:/Users/Administrator/AppData/Local/Programs/Python/Python38/lib/threading.py", line 870, in run() 
[02] File "E:/Users/Administrator/AppData/Local/Programs/Python/Python38/lib/site-packages/pymongo/periodic_executor.py", line 140, in _run() 

name=tcplisten.port_6789, pid=15688, tid=17628
[01] File "E:/Users/Administrator/AppData/Local/Programs/Python/Python38/lib/threading.py", line 870, in run() 
[02] File "E:/projects_by_myself/MeiWei/common/tcpSocket.py", line 65, in _acceptThread() 
[03] File "E:/Users/Administrator/AppData/Local/Programs/Python/Python38/lib/socket.py", line 292, in accept() 

name=MainThread, pid=15688, tid=18292
[01] File "run_all.py", line 60, in <module>() 
[02] File "E:/projects_by_myself/MeiWei/common/webutility.py", line 320, in run() 
[03] File "E:/Users/Administrator/AppData/Local/Programs/Python/Python38/lib/site-packages/bottle.py", line 3137, in run() 
[04] File "E:/Users/Administrator/AppData/Local/Programs/Python/Python38/lib/site-packages/bottle.py", line 2829, in run() 
[05] File "E:/Users/Administrator/AppData/Local/Programs/Python/Python38/lib/site-packages/paste/httpserver.py", line 1361, in serve() 
[06] File "E:/Users/Administrator/AppData/Local/Programs/Python/Python38/lib/site-packages/paste/httpserver.py", line 1107, in serve_forever() 
[07] File "E:/Users/Administrator/AppData/Local/Programs/Python/Python38/lib/socketserver.py", line 294, in handle_request() 
[08] File "E:/Users/Administrator/AppData/Local/Programs/Python/Python38/lib/selectors.py", line 323, in select() 
[09] File "E:/Users/Administrator/AppData/Local/Programs/Python/Python38/lib/selectors.py", line 314, in _select() 
[10] File "../common/utility.py", line 598, in exit() 
[11] File "E:/projects_by_myself/MeiWei/common/enhance.py", line 256, in getTrace() 
[12] File "E:/projects_by_myself/MeiWei/common/enhance.py", line 240, in getThreadStack()
[INFO]2021-04-21 14:53:59,458: lock info: count 0

try lock info: count 0
[ERROR]2021-04-21 14:53:59,462: user press Ctrl+C, print thread stack
[ERROR]2021-04-21 14:54:00,476: user press Ctrl+C, system quit!
[WARNING]2021-04-21 14:54:00,478: runTask:stop save file
[ERROR]2021-04-21 14:54:00,483: process exited, living 0:46:34.213220 seconds
