[INFO]2021-04-26 11:00:16,347: log files at E:\projects_by_myself\backup\MeiWei_back_0421\common\log
[INFO]2021-04-26 11:00:16,348: find module account.main_account
[INFO]2021-04-26 11:00:16,349: find module agvCtrl.main_agv
[INFO]2021-04-26 11:00:16,350: find module agvDevice.main_agvDevice
[INFO]2021-04-26 11:00:16,352: find module akmCtrl.main_akmCtrl
[INFO]2021-04-26 11:00:16,353: find module alarm.main_alarm
[INFO]2021-04-26 11:00:16,354: find module auth.main_auth
[INFO]2021-04-26 11:00:16,355: find module door.main_door
[INFO]2021-04-26 11:00:16,356: find module elevator.main_elevator
[INFO]2021-04-26 11:00:16,358: find module feed.main_feed
[INFO]2021-04-26 11:00:16,360: find module remoteio.main_remoteio
[INFO]2021-04-26 11:00:16,361: import account.main_account
[INFO]2021-04-26 11:00:16,449: import agvCtrl.main_agv
[INFO]2021-04-26 11:00:16,814: create lock <lock name:doorMgr.lock,<unlocked _thread.RLock object owner=0 count=0 at 0x000001F00744DEA0>>
[INFO]2021-04-26 11:00:17,727: create lock <lock name:door.lock,<unlocked _thread.RLock object owner=0 count=0 at 0x000001F00746A420>>
[INFO]2021-04-26 11:00:17,843: create lock <lock name:timer.lock_2130432533072,<unlocked _thread.RLock object owner=0 count=0 at 0x000001F007ACA3C0>>
[ERROR]2021-04-26 11:00:17,855: mqtt is disabled
[INFO]2021-04-26 11:00:17,857: mqtt: subscribe [alarm/raise/+]
[INFO]2021-04-26 11:00:17,858: mqtt: subscribe [alarm/clear/+]
[INFO]2021-04-26 11:00:20,894: Mongodb connect to 127.0.0.1 port 27017
[INFO]2021-04-26 11:00:20,930: create lock <lock name:elevatorApi.g_lock,<unlocked _thread.RLock object owner=0 count=0 at 0x000001F007CE5A80>>
[INFO]2021-04-26 11:00:20,932: create lock <lock name:elevatorMgr.lock,<unlocked _thread.RLock object owner=0 count=0 at 0x000001F007CDADE0>>
[INFO]2021-04-26 11:00:21,135: create lock <lock name:mapMgr.lock,<unlocked _thread.RLock object owner=0 count=0 at 0x000001F007CF3A20>>
[INFO]2021-04-26 11:00:21,426: create lock <lock name:agvList.g_agvLock,<unlocked _thread.RLock object owner=0 count=0 at 0x000001F007E1A840>>
[INFO]2021-04-26 11:00:21,430: create lock <lock name:taskList.lock,<unlocked _thread.RLock object owner=0 count=0 at 0x000001F007E4D510>>
[INFO]2021-04-26 11:00:21,436: create lock <lock name:runTasks.g_lock,<unlocked _thread.RLock object owner=0 count=0 at 0x000001F007E4DED0>>
[INFO]2021-04-26 11:00:21,510: charge policy 1 , fix time
[INFO]2021-04-26 11:00:21,545: create lock <lock name:agvApi.g_lock,<unlocked _thread.RLock object owner=0 count=0 at 0x000001F007E614E0>>
[INFO]2021-04-26 11:00:22,097: start load map E:\projects_by_myself\backup\MeiWei_back_0421\agvCtrl\projects\AKMfloor\AKM2F.smap
[DEBUG]2021-04-26 11:00:22,220: elevator thread start
[INFO]2021-04-26 11:00:22,239: load map E:\projects_by_myself\backup\MeiWei_back_0421\agvCtrl\projects\AKMfloor\AKM2F.smap ,used 151 ms
[INFO]2021-04-26 11:00:22,251: start load map E:\projects_by_myself\backup\MeiWei_back_0421\agvCtrl\projects\AKMfloor\AKM4F.smap
[INFO]2021-04-26 11:00:22,327: load map E:\projects_by_myself\backup\MeiWei_back_0421\agvCtrl\projects\AKMfloor\AKM4F.smap ,used 86 ms
[INFO]2021-04-26 11:00:22,339: start load map E:\projects_by_myself\backup\MeiWei_back_0421\agvCtrl\projects\AKMfloor\akmsmtMap.smap
[INFO]2021-04-26 11:00:22,560: load map E:\projects_by_myself\backup\MeiWei_back_0421\agvCtrl\projects\AKMfloor\akmsmtMap.smap ,used 232 ms
[INFO]2021-04-26 11:00:22,571: start load map E:\projects_by_myself\backup\MeiWei_back_0421\agvCtrl\projects\AKMfloor\meiwei423.smap
[INFO]2021-04-26 11:00:22,649: load map E:\projects_by_myself\backup\MeiWei_back_0421\agvCtrl\projects\AKMfloor\meiwei423.smap ,used 88 ms
[INFO]2021-04-26 11:00:22,661: start load map E:\projects_by_myself\backup\MeiWei_back_0421\agvCtrl\projects\AKMfloor\untitled_20210420032952.smap
[INFO]2021-04-26 11:00:22,700: load map E:\projects_by_myself\backup\MeiWei_back_0421\agvCtrl\projects\AKMfloor\untitled_20210420032952.smap ,used 50 ms
[INFO]2021-04-26 11:00:22,707: import agvDevice.main_agvDevice
[INFO]2021-04-26 11:00:22,708: import akmCtrl.main_akmCtrl
[INFO]2021-04-26 11:00:22,787: create lock <lock name:agvApi.g_lock,<unlocked _thread.RLock object owner=0 count=0 at 0x000001F009AD4030>>
[INFO]2021-04-26 11:00:23,494: create lock <lock name:runTasks.pre_lock,<unlocked _thread.RLock object owner=0 count=0 at 0x000001F00998BE70>>
[INFO]2021-04-26 11:00:23,497: create lock <lock name:timer.lock_2130439243904,<unlocked _thread.RLock object owner=0 count=0 at 0x000001F00813FF60>>
[INFO]2021-04-26 11:00:23,501: create lock <lock name:mapMgr.lock,<unlocked _thread.RLock object owner=0 count=0 at 0x000001F009D96A50>>
[INFO]2021-04-26 11:00:23,578: import alarm.main_alarm
[INFO]2021-04-26 11:00:23,580: import auth.main_auth
[INFO]2021-04-26 11:00:23,594: import door.main_door
[INFO]2021-04-26 11:00:23,599: import elevator.main_elevator
[INFO]2021-04-26 11:00:23,601: import feed.main_feed
[INFO]2021-04-26 11:00:23,616: create lock <lock name:feedTask.g_lock,<unlocked _thread.RLock object owner=0 count=0 at 0x000001F00C2BF2A0>>
[INFO]2021-04-26 11:00:23,710: import remoteio.main_remoteio
[SUCC]2021-04-26 11:00:23,723: utility start, pid=16596, ppid=3172
[DEBUG]2021-04-26 11:00:23,724: start timer
[INFO]2021-04-26 11:00:23,740: load agv file: E:\projects_by_myself\backup\MeiWei_back_0421\agvCtrl/projects/AKMfloor/agv.cfg
[INFO]2021-04-26 11:00:23,741: create lock <lock name:agvList.AGV30.lock,<unlocked _thread.RLock object owner=0 count=0 at 0x000001F00C2DC120>>
[DEBUG]2021-04-26 11:00:23,746: create aliveObj AGV30 AGV离线异常 timeout 300
[INFO]2021-04-26 11:00:23,748: AGV30 start agvList run thread
[INFO]2021-04-26 11:00:23,748: AGV30 start agvList run2 thread
[INFO]2021-04-26 11:00:23,749: create lock <lock name:agv.AGV30.lock_status,<unlocked _thread.RLock object owner=0 count=0 at 0x000001F00C2DC270>>
[DEBUG]2021-04-26 11:00:23,752: try connect AGV30 192.168.8.68:19204
[DEBUG]2021-04-26 11:00:23,754: start timer
[INFO]2021-04-26 11:00:23,758: add_ignore: taskStatus
[INFO]2021-04-26 11:00:23,759: add_ignore: api/elevator/status
[INFO]2021-04-26 11:00:23,760: add_ignore: scada/getTask
[INFO]2021-04-26 11:00:23,786: AGV30 connected 192.168.8.68 19204
[INFO]2021-04-26 11:00:23,789: create lock <lock name:agv.AGV30.lock_ctrl,<unlocked _thread.RLock object owner=0 count=0 at 0x000001F00C2DCAE0>>
[DEBUG]2021-04-26 11:00:23,796: try connect AGV30 192.168.8.68:19205
[INFO]2021-04-26 11:00:23,838: AGV30 connected 192.168.8.68 19205
[INFO]2021-04-26 11:00:23,840: create lock <lock name:agv.AGV30.lock_task,<unlocked _thread.RLock object owner=0 count=0 at 0x000001F00C2DC840>>
[DEBUG]2021-04-26 11:00:23,842: try connect AGV30 192.168.8.68:19206
[INFO]2021-04-26 11:00:23,874: AGV30 connected 192.168.8.68 19206
[INFO]2021-04-26 11:00:23,878: create lock <lock name:agv.AGV30.lock_conf,<unlocked _thread.RLock object owner=0 count=0 at 0x000001F00C2DC9C0>>
[DEBUG]2021-04-26 11:00:23,880: try connect AGV30 192.168.8.68:19207
[INFO]2021-04-26 11:00:23,914: AGV30 connected 192.168.8.68 19207
[INFO]2021-04-26 11:00:23,930: create lock <lock name:agv.AGV30.lock_core,<unlocked _thread.RLock object owner=0 count=0 at 0x000001F00D0171E0>>
[DEBUG]2021-04-26 11:00:23,941: try connect AGV30 192.168.8.68:19208
[INFO]2021-04-26 11:00:23,970: AGV30 connected 192.168.8.68 19208
[INFO]2021-04-26 11:00:23,972: create lock <lock name:agv.AGV30.lock_other,<unlocked _thread.RLock object owner=0 count=0 at 0x000001F00D0172A0>>
[DEBUG]2021-04-26 11:00:23,973: try connect AGV30 192.168.8.68:19210
[INFO]2021-04-26 11:00:24,002: AGV30 connected 192.168.8.68 19210
[INFO]2021-04-26 11:00:24,090: AGV30 current map meiwei423
[INFO]2021-04-26 11:00:24,135: AGV30 is online
[ERROR]2021-04-26 11:00:24,157: raise alarm obj=AGV30, typeId=4002, desc=急停按钮处于激活状态
[INFO]2021-04-26 11:00:24,670: AGV30 require control
[DEBUG]2021-04-26 11:00:24,770: GET: http://127.0.0.1:5551/api/agv/init?appName=MeiWeiTask addr: 127.0.0.1
[INFO]2021-04-26 11:00:24,771: **********************状态************: False
[INFO]2021-04-26 11:00:24,772: MeiWeiTask init client agvApi
[DEBUG]2021-04-26 11:00:24,774: used 4ms 200 OK application/json;charset=utf-8, GET: http://127.0.0.1:5551/api/agv/init?appName=MeiWeiTask
[DEBUG]2021-04-26 11:00:28,031: GET: http://127.0.0.1:5551/api/agv/startCharge?appName=MeiWeiTask addr: 127.0.0.1
[DEBUG]2021-04-26 11:00:28,110: used 79ms 200 OK application/json;charset=utf-8, GET: http://127.0.0.1:5551/api/agv/startCharge?appName=MeiWeiTask
[WARNING]2021-04-26 11:00:28,332: timer_thread[tid:3512] <lock name:runTasks.g_lock,<locked _thread.RLock object owner=3512 count=1 at 0x000001F007E4DED0>> ,hold 3566 ms
[INFO]2021-04-26 11:00:28,715: name=timer_thread, pid=16596, tid=3512
[01] File "E:/Users/Administrator/AppData/Local/Programs/Python/Python38/lib/threading.py", line 870, in run() 
[02] File "../common/mytimer.py", line 113, in _loop() 
[03] File "../common/lock.py", line 122, in _call() 
[04] File "../common/lock.py", line 100, in release() 
[05] File "E:/projects_by_myself/backup/MeiWei_back_0421/common/enhance.py", line 258, in getTrace() 
[06] File "E:/projects_by_myself/backup/MeiWei_back_0421/common/enhance.py", line 240, in getThreadStack()
[WARNING]2021-04-26 11:00:41,092: clear alarm obj=AGV30, typeId=4002, id=60862c5b32371f6cf59b0d74
[DEBUG]2021-04-26 11:01:22,177: GET: http://127.0.0.1:5551/api/scada/addTaskByPad?source=MeiWeiSource&target=MeiWeiTarget addr: 127.0.0.1
[INFO]2021-04-26 11:01:22,286: create task[60862d023e77ddad15c5fa34]: type= scadaTask , 从MeiWeiSource运送货架到MeiWeiTarget {'source': 'MeiWeiSource', 'target': 'MeiWeiTarget', 'payloadId': None, 'priority': 1, 'type': 'scadaTask', 'taskName': '从MeiWeiSource运送货架到MeiWeiTarget', 'createTime': datetime.datetime(2021, 4, 26, 11, 1, 22, 271943), 'updateTime': datetime.datetime(2021, 4, 26, 11, 1, 22, 271943), 'startTime': None, 'endTime': None, 'status': 'waiting', 'step': 'waiting', 'failMsg': None, 'history': [], '_id': ObjectId('60862d023e77ddad15c5fa34')}
[DEBUG]2021-04-26 11:01:22,597: used 420ms 200 OK application/json;charset=utf-8, GET: http://127.0.0.1:5551/api/scada/addTaskByPad?source=MeiWeiSource&target=MeiWeiTarget
[INFO]2021-04-26 11:01:23,005: task[60862d023e77ddad15c5fa34]:  start {'failMsg': '任务等待执行', 'startTime': datetime.datetime(2021, 4, 26, 11, 1, 22, 926223), 'updateTime': datetime.datetime(2021, 4, 26, 11, 1, 22, 926223), 'status': 'running'}
[INFO]2021-04-26 11:01:23,131: task: start task[60862d023e77ddad15c5fa34][-] 6(1) -> 7(8) [waiting]
[INFO]2021-04-26 11:01:23,273: task[60862d023e77ddad15c5fa34] update info: {'failMsg': '等待分配小车', 'updateTime': datetime.datetime(2021, 4, 26, 11, 1, 23, 241358)}
[DEBUG]2021-04-26 11:01:23,337: task[60862d023e77ddad15c5fa34][-] 6(1) -> 7(8) [waitForAgv] waiting -> waitForAgv
[INFO]2021-04-26 11:01:24,540: ******************url********************: http://127.0.0.1:5551
[DEBUG]2021-04-26 11:01:24,714: GET: http://127.0.0.1:5551/api/agv/apply?appName=MeiWeiTask&autoLock=False&exclude&loc=1&mapId=meiwei423&taskId=60862d023e77ddad15c5fa34&timeout=10 addr: 127.0.0.1
[INFO]2021-04-26 11:01:29,017: apply AGV30 ,taskId: 60862d023e77ddad15c5fa34 ,loc meiwei423.1 ,autoLock False , used 4207 ms
[WARNING]2021-04-26 11:01:29,112: worker 3[tid:7432] <lock name:mapMgr.lock,<locked _thread.RLock object owner=7432 count=1 at 0x000001F007CF3A20>> ,hold 4302 ms
[INFO]2021-04-26 11:01:29,446: name=worker 3, pid=16596, tid=7432
[01] File "E:/Users/Administrator/AppData/Local/Programs/Python/Python38/lib/threading.py", line 870, in run() 
[02] File "E:/Users/Administrator/AppData/Local/Programs/Python/Python38/lib/site-packages/paste/httpserver.py", line 903, in worker_thread_callback() 
[03] File "E:/Users/Administrator/AppData/Local/Programs/Python/Python38/lib/site-packages/paste/httpserver.py", line 1077, in <lambda>() 
[04] File "E:/Users/Administrator/AppData/Local/Programs/Python/Python38/lib/site-packages/paste/httpserver.py", line 1092, in process_request_in_thread() 
[05] File "E:/Users/Administrator/AppData/Local/Programs/Python/Python38/lib/socketserver.py", line 360, in finish_request() 
[06] File "E:/Users/Administrator/AppData/Local/Programs/Python/Python38/lib/socketserver.py", line 720, in __init__() 
[07] File "E:/Users/Administrator/AppData/Local/Programs/Python/Python38/lib/site-packages/paste/httpserver.py", line 460, in handle() 
[08] File "E:/Users/Administrator/AppData/Local/Programs/Python/Python38/lib/http/server.py", line 427, in handle() 
[09] File "E:/Users/Administrator/AppData/Local/Programs/Python/Python38/lib/site-packages/paste/httpserver.py", line 455, in handle_one_request() 
[10] File "E:/Users/Administrator/AppData/Local/Programs/Python/Python38/lib/site-packages/paste/httpserver.py", line 304, in wsgi_execute() 
[11] File "E:/Users/Administrator/AppData/Local/Programs/Python/Python38/lib/site-packages/paste/translogger.py", line 69, in __call__() 
[12] File "E:/Users/Administrator/AppData/Local/Programs/Python/Python38/lib/site-packages/bottle.py", line 985, in __call__() 
[13] File "E:/Users/Administrator/AppData/Local/Programs/Python/Python38/lib/site-packages/bottle.py", line 960, in wsgi() 
[14] File "E:/Users/Administrator/AppData/Local/Programs/Python/Python38/lib/site-packages/bottle.py", line 868, in _handle() 
[15] File "E:/Users/Administrator/AppData/Local/Programs/Python/Python38/lib/site-packages/bottle.py", line 1748, in wrapper() 
[16] File "E:/projects_by_myself/backup/MeiWei_back_0421/common/webutility.py", line 466, in _enable_cors() 
[17] File "E:/projects_by_myself/backup/MeiWei_back_0421/common/webutility.py", line 482, in _enable_cors() 
[18] File "E:/projects_by_myself/backup/MeiWei_back_0421/common/scadaUtility.py", line 45, in __call() 
[19] File "E:/projects_by_myself/backup/MeiWei_back_0421/agvCtrl/main_agv.py", line 58, in urlApply() 
[20] File "E:/projects_by_myself/backup/MeiWei_back_0421/agvCtrl/agvControl.py", line 1112, in apply() 
[21] File "E:/projects_by_myself/backup/MeiWei_back_0421/common/lock.py", line 122, in _call() 
[22] File "E:/projects_by_myself/backup/MeiWei_back_0421/common/lock.py", line 100, in release() 
[23] File "E:/projects_by_myself/backup/MeiWei_back_0421/common/enhance.py", line 258, in getTrace() 
[24] File "E:/projects_by_myself/backup/MeiWei_back_0421/common/enhance.py", line 240, in getThreadStack()
[DEBUG]2021-04-26 11:01:29,565: used 4851ms 200 OK application/json;charset=utf-8, GET: http://127.0.0.1:5551/api/agv/apply?appName=MeiWeiTask&autoLock=False&exclude&loc=1&mapId=meiwei423&taskId=60862d023e77ddad15c5fa34&timeout=10
[WARNING]2021-04-26 11:01:29,566: agv.hasDeadlock[tid:13128] <lock name:mapMgr.lock,<locked _thread.RLock object owner=13128 count=1 at 0x000001F007CF3A20>> ,hold 4662 ms
[INFO]2021-04-26 11:01:29,763: name=agv.hasDeadlock, pid=16596, tid=13128
[01] File "E:/Users/Administrator/AppData/Local/Programs/Python/Python38/lib/threading.py", line 870, in run() 
[02] File "E:/projects_by_myself/backup/MeiWei_back_0421/agvCtrl/agvControl.py", line 1007, in _threadFunc() 
[03] File "E:/projects_by_myself/backup/MeiWei_back_0421/agvCtrl/agvControl.py", line 903, in hasDeadlock() 
[04] File "E:/projects_by_myself/backup/MeiWei_back_0421/common/lock.py", line 122, in _call() 
[05] File "E:/projects_by_myself/backup/MeiWei_back_0421/common/lock.py", line 100, in release() 
[06] File "E:/projects_by_myself/backup/MeiWei_back_0421/common/enhance.py", line 258, in getTrace() 
[07] File "E:/projects_by_myself/backup/MeiWei_back_0421/common/enhance.py", line 240, in getThreadStack()
[DEBUG]2021-04-26 11:01:29,906: GET: http://127.0.0.1:5551/api/agv/lock?agv=AGV30&appName=MeiWeiTask&taskId=60862d023e77ddad15c5fa34 addr: 127.0.0.1
[WARNING]2021-04-26 11:01:29,922: timer_thread[tid:6688] <lock name:mapMgr.lock,<locked _thread.RLock object owner=6688 count=1 at 0x000001F007CF3A20>> ,hold 4730 ms
[DEBUG]2021-04-26 11:01:30,016: lock:  AGV30 taskId 60862d023e77ddad15c5fa34 app MeiWeiTask
[INFO]2021-04-26 11:01:30,366: name=timer_thread, pid=16596, tid=6688
[01] File "E:/Users/Administrator/AppData/Local/Programs/Python/Python38/lib/threading.py", line 870, in run() 
[02] File "E:/projects_by_myself/backup/MeiWei_back_0421/common/mytimer.py", line 113, in _loop() 
[03] File "E:/projects_by_myself/backup/MeiWei_back_0421/agvCtrl/agvControl.py", line 192, in onCheckCharge() 
[04] File "E:/projects_by_myself/backup/MeiWei_back_0421/agvCtrl/mapMgr.py", line 142, in checkDoorClose() 
[05] File "E:/projects_by_myself/backup/MeiWei_back_0421/common/lock.py", line 122, in _call() 
[06] File "E:/projects_by_myself/backup/MeiWei_back_0421/common/lock.py", line 100, in release() 
[07] File "E:/projects_by_myself/backup/MeiWei_back_0421/common/enhance.py", line 258, in getTrace() 
[08] File "E:/projects_by_myself/backup/MeiWei_back_0421/common/enhance.py", line 240, in getThreadStack()
[WARNING]2021-04-26 11:01:31,204: AGV30 clear task finish, cur= meiwei423.9 task_status= 4
[DEBUG]2021-04-26 11:01:31,297: used 1391ms 200 OK application/json;charset=utf-8, GET: http://127.0.0.1:5551/api/agv/lock?agv=AGV30&appName=MeiWeiTask&taskId=60862d023e77ddad15c5fa34
[INFO]2021-04-26 11:01:31,521: task[60862d023e77ddad15c5fa34][-] 6(1) -> 7(8) [waitForAgv] apply AGV30
[INFO]2021-04-26 11:01:31,840: task[60862d023e77ddad15c5fa34] update info: {'agvId': 'AGV30', 'failMsg': '成功分配小车AGV30,检测顶升下降', 'updateTime': datetime.datetime(2021, 4, 26, 11, 1, 31, 584917)}
[WARNING]2021-04-26 11:01:31,936: scada.60862d023e77ddad15c5fa34[tid:16016] <locked _thread.RLock object owner=16016 count=1 at 0x000001F010E4FBD0> ,hold 7396 ms
[INFO]2021-04-26 11:01:32,254: name=scada.60862d023e77ddad15c5fa34, pid=16596, tid=16016
[01] File "E:/Users/Administrator/AppData/Local/Programs/Python/Python38/lib/threading.py", line 870, in run() 
[02] File "../common/utility.py", line 167, in __call() 
[03] File "E:/projects_by_myself/backup/MeiWei_back_0421/akmCtrl/beans/scadaTaskBean.py", line 619, in _taskFunc() 
[04] File "../common/lock.py", line 122, in _call() 
[05] File "../common/lock.py", line 100, in release() 
[06] File "E:/projects_by_myself/backup/MeiWei_back_0421/common/enhance.py", line 258, in getTrace() 
[07] File "E:/projects_by_myself/backup/MeiWei_back_0421/common/enhance.py", line 240, in getThreadStack()
[DEBUG]2021-04-26 11:01:32,365: task[60862d023e77ddad15c5fa34][AGV30] 6(1) -> 7(8) [initJackdown] waitForAgv -> initJackdown
[INFO]2021-04-26 11:01:32,859: task[60862d023e77ddad15c5fa34][AGV30] 6(1) -> 7(8) [initJackdown] _jackDown
[INFO]2021-04-26 11:01:32,955: ************run jackDownOld********************
[INFO]2021-04-26 11:01:33,492: task[60862d023e77ddad15c5fa34] update info: {'failMsg': '前往MeiWeiSource工位点拉取货架', 'updateTime': datetime.datetime(2021, 4, 26, 11, 1, 33, 446971)}
[DEBUG]2021-04-26 11:01:33,620: task[60862d023e77ddad15c5fa34][AGV30] 6(1) -> 7(8) [moveToPreSrc] initJackdown -> moveToPreSrc
[INFO]2021-04-26 11:01:34,127: ***************调用移动方法
[DEBUG]2021-04-26 11:01:34,240: GET: http://127.0.0.1:5551/api/agv/move?WorkPlace=None&agv=AGV30&agvId=AGV30&appName=MeiWeiTask&floorId=meiwei423&isRotate&loc=meiwei423.1&location=1&taskId=60862d023e77ddad15c5fa34_2&taskType=scadaTask&timeoutSec=86400 addr: 127.0.0.1
[INFO]2021-04-26 11:01:34,277: Begin: AGV30 move from meiwei423.9 to meiwei423.1 by paths: [('meiwei423', ['9', '7', '8', '6', '1'], 26.065498026668134)] task: 60862d023e77ddad15c5fa34_2 timeout 86400 used 33 ms
[INFO]2021-04-26 11:01:34,280: 移动到source的前置点 1
[DEBUG]2021-04-26 11:01:34,280: task[60862d023e77ddad15c5fa34][AGV30] 6(1) -> 7(8) [moveToPreSrc_onfinish] moveToPreSrc -> moveToPreSrc_onfinish
[DEBUG]2021-04-26 11:01:34,945: agvInfo: AGV30 meiwei423.9 move to meiwei423.7 ,taskId 60862d023e77ddad15c5fa34_2
[INFO]2021-04-26 11:01:34,947: 
[INFO]2021-04-26 11:01:34,948: goTarget {'id': '7', 'ignoreAngle': True}
[DEBUG]2021-04-26 11:01:35,487: AGV30 choise next pos cur 9 next 8 pre 7 5.017 True
[DEBUG]2021-04-26 11:01:35,491: AGV30 choise next pos cur 9 next 6 pre 8 25.235 False
[DEBUG]2021-04-26 11:01:35,493: AGV30 turn to wait check cur 9 next 6 25.235 False
[DEBUG]2021-04-26 11:01:36,063: agvInfo: AGV30 meiwei423.9 move to meiwei423.6 ,taskId 60862d023e77ddad15c5fa34_2
[INFO]2021-04-26 11:01:36,065: 
[INFO]2021-04-26 11:01:36,066: goTarget {'id': '6', 'ignoreAngle': True}
[WARNING]2021-04-26 11:01:36,607: AGV30 clear task,taskId= 60862d023e77ddad15c5fa34_2 map= meiwei423 paths= 9,7,8,6,1 task_status= 5
[WARNING]2021-04-26 11:01:37,623: AGV30 clear task finish, cur= meiwei423.9 task_status= 5
[ERROR]2021-04-26 11:01:38,279: raise alarm obj=AGV30, typeId=49997, desc=小车置信度小于最低阈值,当前值:0.7100218705423875, id=60862d1232371f6cf59b0e24
[WARNING]2021-04-26 11:01:38,664: AGV30 clear task finish, cur= meiwei423.9 task_status= 5
[CRITICAL]2021-04-26 11:01:38,679: agv thread cause a error: AGV30执行move 1失败,taskId:60862d023e77ddad15c5fa34_2
pid=16596, ppid=3172, tid=8284

[ERROR]2021-04-26 11:01:38,683: AGV30 failed to arrived meiwei423.1 ,task: 60862d023e77ddad15c5fa34_2 error AGV30执行move 1失败,taskId:60862d023e77ddad15c5fa34_2
[INFO]2021-04-26 11:01:38,920: task: move finish callback task[60862d023e77ddad15c5fa34][AGV30] 6(1) -> 7(8) [moveToPreSrc_onfinish]
[WARNING]2021-04-26 11:01:38,924: task[60862d023e77ddad15c5fa34]:  error {'failMsg': 'AGV30执行move 1失败,taskId:60862d023e77ddad15c5fa34_2', 'endTime': datetime.datetime(2021, 4, 26, 11, 1, 38, 922193), 'status': 'error'}
[INFO]2021-04-26 11:01:38,991: task[60862d023e77ddad15c5fa34][AGV30] 6(1) -> 7(8) [moveToPreSrc_onfinish] AGV30 release task, release agv True True False
[DEBUG]2021-04-26 11:01:38,997: GET: http://127.0.0.1:5551/api/agv/isLocked?agv=AGV30&appName=MeiWeiTask&taskId=60862d023e77ddad15c5fa34 addr: 127.0.0.1
[DEBUG]2021-04-26 11:01:39,000: used 2ms 200 OK application/json;charset=utf-8, GET: http://127.0.0.1:5551/api/agv/isLocked?agv=AGV30&appName=MeiWeiTask&taskId=60862d023e77ddad15c5fa34
[DEBUG]2021-04-26 11:01:39,008: GET: http://127.0.0.1:5551/api/agv/release?agv=AGV30&appName=MeiWeiTask&force=False&taskId=60862d023e77ddad15c5fa34 addr: 127.0.0.1
[DEBUG]2021-04-26 11:01:39,010: unlock: AGV30 taskId 60862d023e77ddad15c5fa34 app MeiWeiTask force False
[DEBUG]2021-04-26 11:01:39,014: used 6ms 200 OK application/json;charset=utf-8, GET: http://127.0.0.1:5551/api/agv/release?agv=AGV30&appName=MeiWeiTask&force=False&taskId=60862d023e77ddad15c5fa34
[INFO]2021-04-26 11:01:39,017: task[60862d023e77ddad15c5fa34][AGV30] 6(1) -> 7(8) [moveToPreSrc_onfinish] let AGV30 gohome
[DEBUG]2021-04-26 11:01:39,022: GET: http://127.0.0.1:5551/api/agv/goHome?agv=AGV30&appName=MeiWeiTask&force=False&timeout=10800 addr: 127.0.0.1
[INFO]2021-04-26 11:01:39,026: AGV30 is in home loc meiwei423.9
[DEBUG]2021-04-26 11:01:39,028: used 6ms 200 OK application/json;charset=utf-8, GET: http://127.0.0.1:5551/api/agv/goHome?agv=AGV30&appName=MeiWeiTask&force=False&timeout=10800
[INFO]2021-04-26 11:01:39,032: task: stop task[60862d023e77ddad15c5fa34][-] 6(1) -> 7(8) [moveToPreSrc_onfinish]
[WARNING]2021-04-26 11:01:45,995: clear alarm obj=AGV30, typeId=49997, id=60862d1232371f6cf59b0e24
[ERROR]2021-04-26 11:01:50,917: raise alarm obj=AGV30, typeId=49997, desc=小车置信度小于最低阈值,当前值:0.7195333339654789, id=60862d1e32371f6cf59b0e38
[DEBUG]2021-04-26 11:01:52,430: AGV30 set loc meiwei423.7 ,old 9 (23.69,0.80)
[WARNING]2021-04-26 11:01:52,748: clear alarm obj=AGV30, typeId=49997, id=60862d1e32371f6cf59b0e38
[ERROR]2021-04-26 11:01:55,635: raise alarm obj=AGV30, typeId=49997, desc=小车置信度小于最低阈值,当前值:0.7255444086746248, id=60862d2332371f6cf59b0e48
[WARNING]2021-04-26 11:01:58,113: clear alarm obj=AGV30, typeId=49997, id=60862d2332371f6cf59b0e48
[ERROR]2021-04-26 11:01:58,889: raise alarm obj=AGV30, typeId=49997, desc=小车置信度小于最低阈值,当前值:0.7372586976840197, id=60862d2632371f6cf59b0e53
[WARNING]2021-04-26 11:02:01,396: clear alarm obj=AGV30, typeId=49997, id=60862d2632371f6cf59b0e53
[ERROR]2021-04-26 11:02:02,269: raise alarm obj=AGV30, typeId=49997, desc=小车置信度小于最低阈值,当前值:0.7427819716739097, id=60862d2a32371f6cf59b0e5c
[INFO]2021-04-26 11:02:06,346: user press gohome AGV30 button
[DEBUG]2021-04-26 11:02:06,472: lock:  AGV30 taskId force_home_1 app gohomeforce
[WARNING]2021-04-26 11:02:07,587: AGV30 clear task finish, cur= meiwei423.7 task_status= 5
[INFO]2021-04-26 11:02:07,667: AGV30 gohome force_home_1 force True taskId force_home_1 : AGV30.7 -> meiwei423.9
[INFO]2021-04-26 11:02:08,714: Begin: AGV30 move from meiwei423.7 to meiwei423.9 by paths: [('meiwei423', ['7', '9'], 3.87438880919504)] task: force_home_1 timeout 7200 used 953 ms
[INFO]2021-04-26 11:02:08,826: user press gohome AGV30 button
[INFO]2021-04-26 11:02:08,905: AGV30 is in goHome task
[DEBUG]2021-04-26 11:02:10,174: agvInfo: AGV30 meiwei423.7 move to meiwei423.9 ,taskId force_home_1
[INFO]2021-04-26 11:02:10,282: 
[INFO]2021-04-26 11:02:10,394: goTarget {'id': '9', 'ignoreAngle': False}
[WARNING]2021-04-26 11:02:12,204: AGV30 waitFinish: loc is diff 7 9 task_status= 2
[WARNING]2021-04-26 11:02:12,793: AGV30 waitFinish: loc is diff 7 9 task_status= 2
[WARNING]2021-04-26 11:02:13,081: clear alarm obj=AGV30, typeId=49997, id=60862d2a32371f6cf59b0e5c
[WARNING]2021-04-26 11:02:13,398: AGV30 waitFinish: loc is diff 7 9 task_status= 2
[WARNING]2021-04-26 11:02:14,035: AGV30 waitFinish: loc is diff 7 9 task_status= 2
[WARNING]2021-04-26 11:02:14,636: AGV30 waitFinish: loc is diff 7 9 task_status= 2
[WARNING]2021-04-26 11:02:15,236: AGV30 waitFinish: loc is diff 7 9 task_status= 2
[WARNING]2021-04-26 11:02:15,855: AGV30 waitFinish: loc is diff 7 9 task_status= 2
[WARNING]2021-04-26 11:02:16,454: AGV30 waitFinish: loc is diff 7 9 task_status= 2
[WARNING]2021-04-26 11:02:16,984: AGV30 waitFinish: loc is diff 7 9 task_status= 2
[WARNING]2021-04-26 11:02:17,531: AGV30 waitFinish: loc is diff 7 9 task_status= 2
[WARNING]2021-04-26 11:02:18,135: AGV30 waitFinish: loc is diff 7 9 task_status= 2
[WARNING]2021-04-26 11:02:18,756: AGV30 waitFinish: loc is diff 7 9 task_status= 2
[WARNING]2021-04-26 11:02:19,344: AGV30 waitFinish: loc is diff 7 9 task_status= 2
[WARNING]2021-04-26 11:02:19,951: AGV30 waitFinish: loc is diff 7 9 task_status= 2
[WARNING]2021-04-26 11:02:20,635: AGV30 waitFinish: loc is diff 7 9 task_status= 2
[WARNING]2021-04-26 11:02:21,255: AGV30 waitFinish: loc is diff 7 9 task_status= 2
[WARNING]2021-04-26 11:02:21,828: AGV30 waitFinish: loc is diff 7 9 task_status= 2
[WARNING]2021-04-26 11:02:22,401: AGV30 waitFinish: loc is diff 7 9 task_status= 2
[WARNING]2021-04-26 11:02:23,021: AGV30 waitFinish: loc is diff 7 9 task_status= 2
[WARNING]2021-04-26 11:02:23,640: AGV30 waitFinish: loc is diff 7 9 task_status= 2
[WARNING]2021-04-26 11:02:24,263: AGV30 waitFinish: loc is diff 7 9 task_status= 2
[WARNING]2021-04-26 11:02:24,835: AGV30 waitFinish: loc is diff 7 9 task_status= 2
[WARNING]2021-04-26 11:02:25,455: AGV30 waitFinish: loc is diff 7 9 task_status= 2
[WARNING]2021-04-26 11:02:26,042: AGV30 waitFinish: loc is diff 7 9 task_status= 2
[WARNING]2021-04-26 11:02:26,613: AGV30 waitFinish: loc is diff 7 9 task_status= 2
[DEBUG]2021-04-26 11:02:27,172: AGV30 set loc meiwei423.9 ,old 7 (27.19,0.85)
[WARNING]2021-04-26 11:02:27,204: AGV30 waitFinish: loc is diff 7 9 task_status= 2
[WARNING]2021-04-26 11:02:30,507: AGV30 clearTask: reset lockTaskId force_home_1 app gohomeforce
[INFO]2021-04-26 11:02:31,298: AGV30 require control
[SUCC]2021-04-26 11:02:31,714: Finish:  AGV30 arrived meiwei423.9 ,task: force_home_1
[DEBUG]2021-04-26 11:02:31,791: unlock: AGV30 taskId None app gohomeforce force False
[ERROR]2021-04-26 11:02:44,335: process exited, living 0:02:28.055701 seconds
