[INFO]2021-04-20 17:19:59,579: log files at E:\projects_by_myself\MeiWei\common\log
[INFO]2021-04-20 17:19:59,580: find module account.main_account
[INFO]2021-04-20 17:19:59,581: find module agvCtrl.main_agv
[INFO]2021-04-20 17:19:59,582: find module agvDevice.main_agvDevice
[INFO]2021-04-20 17:19:59,583: find module akmCtrl.main_akmCtrl
[INFO]2021-04-20 17:19:59,584: find module alarm.main_alarm
[INFO]2021-04-20 17:19:59,585: find module auth.main_auth
[INFO]2021-04-20 17:19:59,586: find module door.main_door
[INFO]2021-04-20 17:19:59,587: find module elevator.main_elevator
[INFO]2021-04-20 17:19:59,587: find module feed.main_feed
[INFO]2021-04-20 17:19:59,589: find module remoteio.main_remoteio
[INFO]2021-04-20 17:19:59,590: import account.main_account
[INFO]2021-04-20 17:19:59,675: import agvCtrl.main_agv
[INFO]2021-04-20 17:20:00,524: create lock <lock name:doorMgr.lock,<unlocked _thread.RLock object owner=0 count=0 at 0x00000166C3F8AEA0>>
[INFO]2021-04-20 17:20:01,362: create lock <lock name:door.lock,<unlocked _thread.RLock object owner=0 count=0 at 0x00000166C3FCB420>>
[INFO]2021-04-20 17:20:01,469: create lock <lock name:timer.lock_1540892885488,<unlocked _thread.RLock object owner=0 count=0 at 0x00000166C45F8360>>
[ERROR]2021-04-20 17:20:01,480: mqtt is disabled
[INFO]2021-04-20 17:20:01,482: mqtt: subscribe [alarm/raise/+]
[INFO]2021-04-20 17:20:01,483: mqtt: subscribe [alarm/clear/+]
[INFO]2021-04-20 17:20:04,520: Mongodb connect to 127.0.0.1 port 27017
[INFO]2021-04-20 17:20:04,547: create lock <lock name:elevatorMgr.lock,<unlocked _thread.RLock object owner=0 count=0 at 0x00000166C4808D50>>
[WARNING]2021-04-20 17:20:04,556: use mockAgvCtrl
[INFO]2021-04-20 17:20:04,558: create lock <lock name:mapMgr.lock,<unlocked _thread.RLock object owner=0 count=0 at 0x00000166C2873360>>
[INFO]2021-04-20 17:20:04,882: create lock <lock name:agvList.g_agvLock,<unlocked _thread.RLock object owner=0 count=0 at 0x00000166C48A3660>>
[INFO]2021-04-20 17:20:04,885: create lock <lock name:taskList.lock,<unlocked _thread.RLock object owner=0 count=0 at 0x00000166C49454B0>>
[INFO]2021-04-20 17:20:04,957: charge policy 1 , fix time
[INFO]2021-04-20 17:20:04,995: create lock <lock name:agvApi.g_lock,<unlocked _thread.RLock object owner=0 count=0 at 0x00000166C4950090>>
[INFO]2021-04-20 17:20:05,335: start load map E:\projects_by_myself\MeiWei\agvCtrl\projects\test\AKM2F.smap
[DEBUG]2021-04-20 17:20:05,451: elevator thread start
[INFO]2021-04-20 17:20:05,471: load map E:\projects_by_myself\MeiWei\agvCtrl\projects\test\AKM2F.smap ,used 146 ms
[INFO]2021-04-20 17:20:05,481: start load map E:\projects_by_myself\MeiWei\agvCtrl\projects\test\akmsmt.smap
[INFO]2021-04-20 17:20:05,534: load map E:\projects_by_myself\MeiWei\agvCtrl\projects\test\akmsmt.smap ,used 61 ms
[INFO]2021-04-20 17:20:05,547: start load map E:\projects_by_myself\MeiWei\agvCtrl\projects\test\akmsmtMap.smap
[INFO]2021-04-20 17:20:05,675: load map E:\projects_by_myself\MeiWei\agvCtrl\projects\test\akmsmtMap.smap ,used 140 ms
[INFO]2021-04-20 17:20:05,685: start load map E:\projects_by_myself\MeiWei\agvCtrl\projects\test\desai-all-20191223.smap
[INFO]2021-04-20 17:20:05,833: load map E:\projects_by_myself\MeiWei\agvCtrl\projects\test\desai-all-20191223.smap ,used 156 ms
[INFO]2021-04-20 17:20:05,837: import agvDevice.main_agvDevice
[INFO]2021-04-20 17:20:05,839: import akmCtrl.main_akmCtrl
[INFO]2021-04-20 17:20:05,849: create lock <lock name:feedTask.g_lock,<unlocked _thread.RLock object owner=0 count=0 at 0x00000166C4CFDA50>>
[INFO]2021-04-20 17:20:05,854: create lock <lock name:agvApi.g_lock,<unlocked _thread.RLock object owner=0 count=0 at 0x00000166C32F7300>>
[INFO]2021-04-20 17:20:06,369: create lock <lock name:runTasks.g_lock,<unlocked _thread.RLock object owner=0 count=0 at 0x00000166C6862300>>
[INFO]2021-04-20 17:20:06,391: create lock <lock name:runTasks.pre_lock,<unlocked _thread.RLock object owner=0 count=0 at 0x00000166C6852FC0>>
[INFO]2021-04-20 17:20:06,399: create lock <lock name:timer.lock_1540928333808,<unlocked _thread.RLock object owner=0 count=0 at 0x00000166C67C6810>>
[INFO]2021-04-20 17:20:06,403: create lock <lock name:mapMgr.lock,<unlocked _thread.RLock object owner=0 count=0 at 0x00000166C67E0360>>
[INFO]2021-04-20 17:20:06,439: import alarm.main_alarm
[INFO]2021-04-20 17:20:06,439: import auth.main_auth
[INFO]2021-04-20 17:20:06,447: import door.main_door
[INFO]2021-04-20 17:20:06,450: import elevator.main_elevator
[INFO]2021-04-20 17:20:06,453: create lock <lock name:elevatorApi.g_lock,<unlocked _thread.RLock object owner=0 count=0 at 0x00000166C6825C30>>
[INFO]2021-04-20 17:20:06,454: import feed.main_feed
[INFO]2021-04-20 17:20:06,460: import remoteio.main_remoteio
[SUCC]2021-04-20 17:20:06,469: utility start, pid=11440, ppid=5756
[DEBUG]2021-04-20 17:20:06,470: start timer
[INFO]2021-04-20 17:20:06,475: load agv file: E:\projects_by_myself\MeiWei\agvCtrl/projects/test/agv.cfg
[INFO]2021-04-20 17:20:06,476: create lock <lock name:agvList.AGV30.lock,<unlocked _thread.RLock object owner=0 count=0 at 0x00000166C6D962A0>>
[DEBUG]2021-04-20 17:20:06,479: create aliveObj AGV30 AGV离线异常 timeout 300
[INFO]2021-04-20 17:20:06,480: AGV30 start agvList run thread
[INFO]2021-04-20 17:20:06,480: AGV30 start agvList run2 thread
[ERROR]2021-04-20 17:20:06,488: agv check init error False
[DEBUG]2021-04-20 17:20:06,489: start timer
[INFO]2021-04-20 17:20:06,500: add_ignore: taskStatus
[INFO]2021-04-20 17:20:06,500: add_ignore: api/elevator/status
[INFO]2021-04-20 17:20:06,501: add_ignore: scada/getTask
[INFO]2021-04-20 17:20:06,991: AGV30 current map AKM2F
[INFO]2021-04-20 17:20:06,992: AGV30 is online
[DEBUG]2021-04-20 17:20:08,591: GET: http://127.0.0.1:5551/api/agv/init?appName=scadaTask_meiwei addr: 127.0.0.1
[INFO]2021-04-20 17:20:08,598: scadaTask_meiwei init client agvApi
[DEBUG]2021-04-20 17:20:08,600: used 10ms 200 OK application/json;charset=utf-8, GET: http://127.0.0.1:5551/api/agv/init?appName=scadaTask_meiwei
[DEBUG]2021-04-20 17:20:11,711: GET: http://127.0.0.1:5551/api/agv/startCharge?appName=scadaTask_meiwei addr: 127.0.0.1
[DEBUG]2021-04-20 17:20:11,823: used 112ms 200 OK application/json;charset=utf-8, GET: http://127.0.0.1:5551/api/agv/startCharge?appName=scadaTask_meiwei
[WARNING]2021-04-20 17:20:11,997: timer_thread[tid:7872] <lock name:runTasks.g_lock,<locked _thread.RLock object owner=7872 count=1 at 0x00000166C6862300>> ,hold 3481 ms
[INFO]2021-04-20 17:20:12,314: name=timer_thread, pid=11440, tid=7872
[01] File "E:/Users/Administrator/AppData/Local/Programs/Python/Python38/lib/threading.py", line 870, in run() 
[02] File "../common/mytimer.py", line 113, in _loop() 
[03] File "../common/lock.py", line 122, in _call() 
[04] File "../common/lock.py", line 100, in release() 
[05] File "E:/projects_by_myself/MeiWei/common/enhance.py", line 258, in getTrace() 
[06] File "E:/projects_by_myself/MeiWei/common/enhance.py", line 240, in getThreadStack()
[DEBUG]2021-04-20 17:20:20,777: GET: http://127.0.0.1:5551/api/scada/test01 addr: 127.0.0.1
[DEBUG]2021-04-20 17:20:20,903: used 126ms 200 OK application/json;charset=utf-8, GET: http://127.0.0.1:5551/api/scada/test01
[DEBUG]2021-04-20 17:20:29,364: GET: http://127.0.0.1:5551/api/scada/addTaskByPad?source=%E4%BA%8C%E6%A5%BC%E5%B7%A5%E4%BD%8D_02&target=%E4%BA%8C%E6%A5%BC%E6%B5%8B%E8%AF%95%E7%82%B9 addr: 127.0.0.1
[INFO]2021-04-20 17:20:29,533: create task[607e9cdd59f56fdcc5fc016f]: type= scadaTask , 从二楼工位_02运送货架到二楼测试点 {'source': '二楼工位_02', 'target': '二楼测试点', 'payloadId': None, 'priority': 1, 'type': 'scadaTask', 'taskName': '从二楼工位_02运送货架到二楼测试点', 'createTime': datetime.datetime(2021, 4, 20, 17, 20, 29, 456117), 'updateTime': datetime.datetime(2021, 4, 20, 17, 20, 29, 456117), 'startTime': None, 'endTime': None, 'status': 'waiting', 'step': 'waiting', 'failMsg': None, 'history': [], '_id': ObjectId('607e9cdd59f56fdcc5fc016f')}
[DEBUG]2021-04-20 17:20:29,789: used 425ms 200 OK application/json;charset=utf-8, GET: http://127.0.0.1:5551/api/scada/addTaskByPad?source=%E4%BA%8C%E6%A5%BC%E5%B7%A5%E4%BD%8D_02&target=%E4%BA%8C%E6%A5%BC%E6%B5%8B%E8%AF%95%E7%82%B9
[INFO]2021-04-20 17:20:30,481: task[607e9cdd59f56fdcc5fc016f]:  start {'failMsg': '任务等待执行', 'startTime': datetime.datetime(2021, 4, 20, 17, 20, 30, 403807), 'updateTime': datetime.datetime(2021, 4, 20, 17, 20, 30, 403807), 'status': 'running'}
[INFO]2021-04-20 17:20:30,912: log files at E:\projects_by_myself\MeiWei\common\log
[INFO]2021-04-20 17:20:30,912: log files at E:\projects_by_myself\MeiWei\common\log
[INFO]2021-04-20 17:20:31,087: task: start task[607e9cdd59f56fdcc5fc016f][-] AP32(LM34) -> LM9(LM40) [waiting]
[INFO]2021-04-20 17:20:31,087: task: start task[607e9cdd59f56fdcc5fc016f][-] AP32(LM34) -> LM9(LM40) [waiting]
[INFO]2021-04-20 17:20:31,452: task[607e9cdd59f56fdcc5fc016f] update info: {'failMsg': '等待分配小车', 'updateTime': datetime.datetime(2021, 4, 20, 17, 20, 31, 404091)}
[INFO]2021-04-20 17:20:31,452: task[607e9cdd59f56fdcc5fc016f] update info: {'failMsg': '等待分配小车', 'updateTime': datetime.datetime(2021, 4, 20, 17, 20, 31, 404091)}
[DEBUG]2021-04-20 17:20:31,561: task[607e9cdd59f56fdcc5fc016f][-] AP32(LM34) -> LM9(LM40) [waitForAgv] waiting -> waitForAgv
[DEBUG]2021-04-20 17:20:31,561: task[607e9cdd59f56fdcc5fc016f][-] AP32(LM34) -> LM9(LM40) [waitForAgv] waiting -> waitForAgv
[DEBUG]2021-04-20 17:20:32,195: GET: http://127.0.0.1:5551/api/agv/apply?appName=scadaTask_meiwei&autoLock=False&exclude&loc=LM34&mapId=AKM2F&taskId=607e9cdd59f56fdcc5fc016f&timeout=10 addr: 127.0.0.1
[DEBUG]2021-04-20 17:20:32,195: GET: http://127.0.0.1:5551/api/agv/apply?appName=scadaTask_meiwei&autoLock=False&exclude&loc=LM34&mapId=AKM2F&taskId=607e9cdd59f56fdcc5fc016f&timeout=10 addr: 127.0.0.1
[INFO]2021-04-20 17:20:35,163: apply AGV30 ,taskId: 607e9cdd59f56fdcc5fc016f ,loc AKM2F.LM34 ,autoLock False , used 2792 ms
[INFO]2021-04-20 17:20:35,163: apply AGV30 ,taskId: 607e9cdd59f56fdcc5fc016f ,loc AKM2F.LM34 ,autoLock False , used 2792 ms
[DEBUG]2021-04-20 17:20:35,258: used 3063ms 200 OK application/json;charset=utf-8, GET: http://127.0.0.1:5551/api/agv/apply?appName=scadaTask_meiwei&autoLock=False&exclude&loc=LM34&mapId=AKM2F&taskId=607e9cdd59f56fdcc5fc016f&timeout=10
[DEBUG]2021-04-20 17:20:35,258: used 3063ms 200 OK application/json;charset=utf-8, GET: http://127.0.0.1:5551/api/agv/apply?appName=scadaTask_meiwei&autoLock=False&exclude&loc=LM34&mapId=AKM2F&taskId=607e9cdd59f56fdcc5fc016f&timeout=10
[DEBUG]2021-04-20 17:20:35,621: GET: http://127.0.0.1:5551/api/agv/lock?agv=AGV30&appName=scadaTask_meiwei&taskId=607e9cdd59f56fdcc5fc016f addr: 127.0.0.1
[DEBUG]2021-04-20 17:20:35,621: GET: http://127.0.0.1:5551/api/agv/lock?agv=AGV30&appName=scadaTask_meiwei&taskId=607e9cdd59f56fdcc5fc016f addr: 127.0.0.1
[DEBUG]2021-04-20 17:20:35,794: lock:  AGV30 taskId 607e9cdd59f56fdcc5fc016f app scadaTask_meiwei
[DEBUG]2021-04-20 17:20:35,794: lock:  AGV30 taskId 607e9cdd59f56fdcc5fc016f app scadaTask_meiwei
[WARNING]2021-04-20 17:20:36,960: AGV30 clear task finish, cur= AKM2F.AP29 task_status= 0
[WARNING]2021-04-20 17:20:36,960: AGV30 clear task finish, cur= AKM2F.AP29 task_status= 0
[DEBUG]2021-04-20 17:20:37,150: used 1529ms 200 OK application/json;charset=utf-8, GET: http://127.0.0.1:5551/api/agv/lock?agv=AGV30&appName=scadaTask_meiwei&taskId=607e9cdd59f56fdcc5fc016f
[DEBUG]2021-04-20 17:20:37,150: used 1529ms 200 OK application/json;charset=utf-8, GET: http://127.0.0.1:5551/api/agv/lock?agv=AGV30&appName=scadaTask_meiwei&taskId=607e9cdd59f56fdcc5fc016f
[INFO]2021-04-20 17:20:37,340: task[607e9cdd59f56fdcc5fc016f][-] AP32(LM34) -> LM9(LM40) [waitForAgv] apply AGV30
[INFO]2021-04-20 17:20:37,340: task[607e9cdd59f56fdcc5fc016f][-] AP32(LM34) -> LM9(LM40) [waitForAgv] apply AGV30
[INFO]2021-04-20 17:20:37,531: task[607e9cdd59f56fdcc5fc016f] update info: {'agvId': 'AGV30', 'failMsg': '成功分配小车AGV30,检测顶升下降', 'updateTime': datetime.datetime(2021, 4, 20, 17, 20, 37, 483702)}
[INFO]2021-04-20 17:20:37,531: task[607e9cdd59f56fdcc5fc016f] update info: {'agvId': 'AGV30', 'failMsg': '成功分配小车AGV30,检测顶升下降', 'updateTime': datetime.datetime(2021, 4, 20, 17, 20, 37, 483702)}
[WARNING]2021-04-20 17:20:37,674: scada.607e9cdd59f56fdcc5fc016f[tid:2000] <locked _thread.RLock object owner=2000 count=1 at 0x00000166CADAA120> ,hold 5589 ms
[WARNING]2021-04-20 17:20:37,674: scada.607e9cdd59f56fdcc5fc016f[tid:2000] <locked _thread.RLock object owner=2000 count=1 at 0x00000166CADAA120> ,hold 5589 ms
[INFO]2021-04-20 17:20:38,037: name=scada.607e9cdd59f56fdcc5fc016f, pid=11440, tid=2000
[01] File "E:/Users/Administrator/AppData/Local/Programs/Python/Python38/lib/threading.py", line 870, in run() 
[02] File "../common/utility.py", line 167, in __call() 
[03] File "E:/projects_by_myself/MeiWei/akmCtrl/beans/scadaTaskBean.py", line 563, in _taskFunc() 
[04] File "../common/lock.py", line 122, in _call() 
[05] File "../common/lock.py", line 100, in release() 
[06] File "E:/projects_by_myself/MeiWei/common/enhance.py", line 258, in getTrace() 
[07] File "E:/projects_by_myself/MeiWei/common/enhance.py", line 240, in getThreadStack()
[INFO]2021-04-20 17:20:38,037: name=scada.607e9cdd59f56fdcc5fc016f, pid=11440, tid=2000
[01] File "E:/Users/Administrator/AppData/Local/Programs/Python/Python38/lib/threading.py", line 870, in run() 
[02] File "../common/utility.py", line 167, in __call() 
[03] File "E:/projects_by_myself/MeiWei/akmCtrl/beans/scadaTaskBean.py", line 563, in _taskFunc() 
[04] File "../common/lock.py", line 122, in _call() 
[05] File "../common/lock.py", line 100, in release() 
[06] File "E:/projects_by_myself/MeiWei/common/enhance.py", line 258, in getTrace() 
[07] File "E:/projects_by_myself/MeiWei/common/enhance.py", line 240, in getThreadStack()
[DEBUG]2021-04-20 17:20:38,147: task[607e9cdd59f56fdcc5fc016f][AGV30] AP32(LM34) -> LM9(LM40) [initJackdown] waitForAgv -> initJackdown
[DEBUG]2021-04-20 17:20:38,147: task[607e9cdd59f56fdcc5fc016f][AGV30] AP32(LM34) -> LM9(LM40) [initJackdown] waitForAgv -> initJackdown
[INFO]2021-04-20 17:20:38,684: task[607e9cdd59f56fdcc5fc016f][AGV30] AP32(LM34) -> LM9(LM40) [initJackdown] _jackDown
[INFO]2021-04-20 17:20:38,684: task[607e9cdd59f56fdcc5fc016f][AGV30] AP32(LM34) -> LM9(LM40) [initJackdown] _jackDown
[DEBUG]2021-04-20 17:20:38,919: send http_get: http://127.0.0.1:5551/api/agv/jackdown?agv=AGV30&loc=None&timeoutSec=90
[DEBUG]2021-04-20 17:20:38,919: send http_get: http://127.0.0.1:5551/api/agv/jackdown?agv=AGV30&loc=None&timeoutSec=90
[DEBUG]2021-04-20 17:20:39,203: GET: http://127.0.0.1:5551/api/agv/jackdown?agv=AGV30&loc=None&timeoutSec=90 addr: 127.0.0.1
[DEBUG]2021-04-20 17:20:39,203: GET: http://127.0.0.1:5551/api/agv/jackdown?agv=AGV30&loc=None&timeoutSec=90 addr: 127.0.0.1
[INFO]2021-04-20 17:20:39,408: _jack in jackMgr: AGV30 down [{'id': 0, 'source': 'normal', 'status': True}, {'id': 1, 'source': 'normal', 'status': True}]
[INFO]2021-04-20 17:20:39,408: _jack in jackMgr: AGV30 down [{'id': 0, 'source': 'normal', 'status': True}, {'id': 1, 'source': 'normal', 'status': True}]
[INFO]2021-04-20 17:20:39,676: AGV30 jack down status:  1
[INFO]2021-04-20 17:20:39,676: AGV30 jack down status:  1
[DEBUG]2021-04-20 17:20:39,849: used 646ms 200 OK application/json;charset=utf-8, GET: http://127.0.0.1:5551/api/agv/jackdown?agv=AGV30&loc=None&timeoutSec=90
[DEBUG]2021-04-20 17:20:39,849: used 646ms 200 OK application/json;charset=utf-8, GET: http://127.0.0.1:5551/api/agv/jackdown?agv=AGV30&loc=None&timeoutSec=90
[DEBUG]2021-04-20 17:20:40,040: [return] use 1121 ms,http_get: http://127.0.0.1:5551/api/agv/jackdown?agv=AGV30&loc=None&timeoutSec=90
[DEBUG]2021-04-20 17:20:40,040: [return] use 1121 ms,http_get: http://127.0.0.1:5551/api/agv/jackdown?agv=AGV30&loc=None&timeoutSec=90
[INFO]2021-04-20 17:20:40,232: task[607e9cdd59f56fdcc5fc016f] update info: {'failMsg': '前往二楼工位_02工位点拉取货架', 'updateTime': datetime.datetime(2021, 4, 20, 17, 20, 40, 200514)}
[INFO]2021-04-20 17:20:40,232: task[607e9cdd59f56fdcc5fc016f] update info: {'failMsg': '前往二楼工位_02工位点拉取货架', 'updateTime': datetime.datetime(2021, 4, 20, 17, 20, 40, 200514)}
[DEBUG]2021-04-20 17:20:40,391: task[607e9cdd59f56fdcc5fc016f][AGV30] AP32(LM34) -> LM9(LM40) [startMoveJackup] initJackdown -> startMoveJackup
[DEBUG]2021-04-20 17:20:40,391: task[607e9cdd59f56fdcc5fc016f][AGV30] AP32(LM34) -> LM9(LM40) [startMoveJackup] initJackdown -> startMoveJackup
[DEBUG]2021-04-20 17:20:40,949: GET: http://127.0.0.1:5551/api/agv/move?WorkPlace=None&agv=AGV30&agvId=AGV30&appName=scadaTask_meiwei&direction=None&floorId=AKM2F&isRotate&loc=AKM2F.AP32&location=AP32&p_direction=0.0&pgv_type=1&recognize=False&seer_jackup=JackLoad&taskId=607e9cdd59f56fdcc5fc016f_2&taskType=scadaTask&timeoutSec=86400&use_pgv=False addr: 127.0.0.1
[DEBUG]2021-04-20 17:20:40,949: GET: http://127.0.0.1:5551/api/agv/move?WorkPlace=None&agv=AGV30&agvId=AGV30&appName=scadaTask_meiwei&direction=None&floorId=AKM2F&isRotate&loc=AKM2F.AP32&location=AP32&p_direction=0.0&pgv_type=1&recognize=False&seer_jackup=JackLoad&taskId=607e9cdd59f56fdcc5fc016f_2&taskType=scadaTask&timeoutSec=86400&use_pgv=False addr: 127.0.0.1
[INFO]2021-04-20 17:20:40,976: Begin: AGV30 move from AKM2F.AP29 to AKM2F.AP32 by paths: [('AKM2F', ['AP29', 'LM31', 'LM30', 'LM34', 'AP32'], 4.568999999999999)] task: 607e9cdd59f56fdcc5fc016f_2 timeout 86400 used 8 ms
[INFO]2021-04-20 17:20:40,976: Begin: AGV30 move from AKM2F.AP29 to AKM2F.AP32 by paths: [('AKM2F', ['AP29', 'LM31', 'LM30', 'LM34', 'AP32'], 4.568999999999999)] task: 607e9cdd59f56fdcc5fc016f_2 timeout 86400 used 8 ms
[DEBUG]2021-04-20 17:20:40,979: used 30ms 200 OK application/json;charset=utf-8, GET: http://127.0.0.1:5551/api/agv/move?WorkPlace=None&agv=AGV30&agvId=AGV30&appName=scadaTask_meiwei&direction=None&floorId=AKM2F&isRotate&loc=AKM2F.AP32&location=AP32&p_direction=0.0&pgv_type=1&recognize=False&seer_jackup=JackLoad&taskId=607e9cdd59f56fdcc5fc016f_2&taskType=scadaTask&timeoutSec=86400&use_pgv=False
[DEBUG]2021-04-20 17:20:40,979: used 30ms 200 OK application/json;charset=utf-8, GET: http://127.0.0.1:5551/api/agv/move?WorkPlace=None&agv=AGV30&agvId=AGV30&appName=scadaTask_meiwei&direction=None&floorId=AKM2F&isRotate&loc=AKM2F.AP32&location=AP32&p_direction=0.0&pgv_type=1&recognize=False&seer_jackup=JackLoad&taskId=607e9cdd59f56fdcc5fc016f_2&taskType=scadaTask&timeoutSec=86400&use_pgv=False
[DEBUG]2021-04-20 17:20:40,981: task[607e9cdd59f56fdcc5fc016f][AGV30] AP32(LM34) -> LM9(LM40) [loadPlayload] startMoveJackup -> loadPlayload
[DEBUG]2021-04-20 17:20:40,981: task[607e9cdd59f56fdcc5fc016f][AGV30] AP32(LM34) -> LM9(LM40) [loadPlayload] startMoveJackup -> loadPlayload
[DEBUG]2021-04-20 17:20:41,646: agvInfo: AGV30 AKM2F.AP29 move to AKM2F.LM31 ,taskId 607e9cdd59f56fdcc5fc016f_2
[DEBUG]2021-04-20 17:20:41,646: agvInfo: AGV30 AKM2F.AP29 move to AKM2F.LM31 ,taskId 607e9cdd59f56fdcc5fc016f_2
[CRITICAL]2021-04-20 17:20:41,985: agvApi step callback cause a error: 'dict' object is not callable
pid=11440, ppid=5756, tid=13308
Traceback (most recent call last):
  File "..\agvCtrl\agvApi.py", line 261, in _checkFinish
    t.stepCallback(t.params,t.status)
TypeError: 'dict' object is not callable

[CRITICAL]2021-04-20 17:20:41,985: agvApi step callback cause a error: 'dict' object is not callable
pid=11440, ppid=5756, tid=13308
Traceback (most recent call last):
  File "..\agvCtrl\agvApi.py", line 261, in _checkFinish
    t.stepCallback(t.params,t.status)
TypeError: 'dict' object is not callable

[DEBUG]2021-04-20 17:20:43,194: AGV30 turn to wait check cur AP29 next LM30 0.992 False
[DEBUG]2021-04-20 17:20:43,194: AGV30 turn to wait check cur AP29 next LM30 0.992 False
[DEBUG]2021-04-20 17:20:43,723: agvInfo: AGV30 AKM2F.AP29 move to AKM2F.LM30 ,taskId 607e9cdd59f56fdcc5fc016f_2
[DEBUG]2021-04-20 17:20:43,723: agvInfo: AGV30 AKM2F.AP29 move to AKM2F.LM30 ,taskId 607e9cdd59f56fdcc5fc016f_2
[DEBUG]2021-04-20 17:20:43,864: AGV30 set loc AKM2F.LM31 ,old AP29 (-13.76,-15.15)
[DEBUG]2021-04-20 17:20:43,864: AGV30 set loc AKM2F.LM31 ,old AP29 (-13.76,-15.15)
[CRITICAL]2021-04-20 17:20:44,094: agvApi step callback cause a error: 'dict' object is not callable
pid=11440, ppid=5756, tid=13308
Traceback (most recent call last):
  File "..\agvCtrl\agvApi.py", line 261, in _checkFinish
    t.stepCallback(t.params,t.status)
TypeError: 'dict' object is not callable

[CRITICAL]2021-04-20 17:20:44,094: agvApi step callback cause a error: 'dict' object is not callable
pid=11440, ppid=5756, tid=13308
Traceback (most recent call last):
  File "..\agvCtrl\agvApi.py", line 261, in _checkFinish
    t.stepCallback(t.params,t.status)
TypeError: 'dict' object is not callable

[DEBUG]2021-04-20 17:20:45,269: AGV30 turn to wait check cur LM31 next LM34 0.897 False
[DEBUG]2021-04-20 17:20:45,269: AGV30 turn to wait check cur LM31 next LM34 0.897 False
[DEBUG]2021-04-20 17:20:45,814: agvInfo: AGV30 AKM2F.LM31 move to AKM2F.LM34 ,taskId 607e9cdd59f56fdcc5fc016f_2
[DEBUG]2021-04-20 17:20:45,814: agvInfo: AGV30 AKM2F.LM31 move to AKM2F.LM34 ,taskId 607e9cdd59f56fdcc5fc016f_2
[DEBUG]2021-04-20 17:20:45,924: AGV30 set loc AKM2F.LM30 ,old LM31 (-13.86,-13.99)
[DEBUG]2021-04-20 17:20:45,924: AGV30 set loc AKM2F.LM30 ,old LM31 (-13.86,-13.99)
[CRITICAL]2021-04-20 17:20:46,186: agvApi step callback cause a error: 'dict' object is not callable
pid=11440, ppid=5756, tid=13308
Traceback (most recent call last):
  File "..\agvCtrl\agvApi.py", line 261, in _checkFinish
    t.stepCallback(t.params,t.status)
TypeError: 'dict' object is not callable

[CRITICAL]2021-04-20 17:20:46,186: agvApi step callback cause a error: 'dict' object is not callable
pid=11440, ppid=5756, tid=13308
Traceback (most recent call last):
  File "..\agvCtrl\agvApi.py", line 261, in _checkFinish
    t.stepCallback(t.params,t.status)
TypeError: 'dict' object is not callable

[DEBUG]2021-04-20 17:20:47,360: AGV30 turn to wait check cur LM30 next AP32 0.918 False
[DEBUG]2021-04-20 17:20:47,360: AGV30 turn to wait check cur LM30 next AP32 0.918 False
[DEBUG]2021-04-20 17:20:47,883: agvInfo: AGV30 AKM2F.LM30 move jackup to AKM2F.AP32 ,taskId 607e9cdd59f56fdcc5fc016f_2
[DEBUG]2021-04-20 17:20:47,883: agvInfo: AGV30 AKM2F.LM30 move jackup to AKM2F.AP32 ,taskId 607e9cdd59f56fdcc5fc016f_2
[DEBUG]2021-04-20 17:20:47,982: AGV30 set loc AKM2F.LM34 ,old LM30 (-15.16,-13.99)
[DEBUG]2021-04-20 17:20:47,982: AGV30 set loc AKM2F.LM34 ,old LM30 (-15.16,-13.99)
[CRITICAL]2021-04-20 17:20:48,284: agvApi step callback cause a error: 'dict' object is not callable
pid=11440, ppid=5756, tid=13308
Traceback (most recent call last):
  File "..\agvCtrl\agvApi.py", line 261, in _checkFinish
    t.stepCallback(t.params,t.status)
TypeError: 'dict' object is not callable

[CRITICAL]2021-04-20 17:20:48,284: agvApi step callback cause a error: 'dict' object is not callable
pid=11440, ppid=5756, tid=13308
Traceback (most recent call last):
  File "..\agvCtrl\agvApi.py", line 261, in _checkFinish
    t.stepCallback(t.params,t.status)
TypeError: 'dict' object is not callable

[WARNING]2021-04-20 17:20:48,918: AGV30 waitFinish: loc is diff LM34 AP32 task_status= 2
[WARNING]2021-04-20 17:20:48,918: AGV30 waitFinish: loc is diff LM34 AP32 task_status= 2
[WARNING]2021-04-20 17:20:49,435: AGV30 waitFinish: loc is diff LM34 AP32 task_status= 2
[WARNING]2021-04-20 17:20:49,435: AGV30 waitFinish: loc is diff LM34 AP32 task_status= 2
[WARNING]2021-04-20 17:20:49,954: AGV30 waitFinish: loc is diff LM34 AP32 task_status= 2
[WARNING]2021-04-20 17:20:49,954: AGV30 waitFinish: loc is diff LM34 AP32 task_status= 2
[WARNING]2021-04-20 17:20:50,470: AGV30 waitFinish: loc is diff LM34 AP32 task_status= 2
[WARNING]2021-04-20 17:20:50,470: AGV30 waitFinish: loc is diff LM34 AP32 task_status= 2
[WARNING]2021-04-20 17:20:50,984: AGV30 waitFinish: loc is diff LM34 AP32 task_status= 2
[WARNING]2021-04-20 17:20:50,984: AGV30 waitFinish: loc is diff LM34 AP32 task_status= 2
[DEBUG]2021-04-20 17:20:51,047: AGV30 set loc AKM2F.AP32 ,old LM34 (-15.16,-12.92)
[DEBUG]2021-04-20 17:20:51,047: AGV30 set loc AKM2F.AP32 ,old LM34 (-15.16,-12.92)
[SUCC]2021-04-20 17:20:52,514: Finish:  AGV30 arrived AKM2F.AP32 ,task: 607e9cdd59f56fdcc5fc016f_2
[SUCC]2021-04-20 17:20:52,514: Finish:  AGV30 arrived AKM2F.AP32 ,task: 607e9cdd59f56fdcc5fc016f_2
[INFO]2021-04-20 17:20:52,955: task: move finish callback task[607e9cdd59f56fdcc5fc016f][AGV30] AP32(LM34) -> LM9(LM40) [loadPlayload]
[INFO]2021-04-20 17:20:52,955: task: move finish callback task[607e9cdd59f56fdcc5fc016f][AGV30] AP32(LM34) -> LM9(LM40) [loadPlayload]
[INFO]2021-04-20 17:20:52,962: task[607e9cdd59f56fdcc5fc016f] update info: {'failMsg': 'AGV顶升', 'updateTime': datetime.datetime(2021, 4, 20, 17, 20, 52, 960596)}
[INFO]2021-04-20 17:20:52,962: task[607e9cdd59f56fdcc5fc016f] update info: {'failMsg': 'AGV顶升', 'updateTime': datetime.datetime(2021, 4, 20, 17, 20, 52, 960596)}
[DEBUG]2021-04-20 17:20:53,155: task[607e9cdd59f56fdcc5fc016f][AGV30] AP32(LM34) -> LM9(LM40) [loadPlayload_jackup] loadPlayload_readqr -> loadPlayload_jackup
[DEBUG]2021-04-20 17:20:53,155: task[607e9cdd59f56fdcc5fc016f][AGV30] AP32(LM34) -> LM9(LM40) [loadPlayload_jackup] loadPlayload_readqr -> loadPlayload_jackup
[INFO]2021-04-20 17:20:53,467: task[607e9cdd59f56fdcc5fc016f][AGV30] AP32(LM34) -> LM9(LM40) [loadPlayload_jackup] _jackUp
[INFO]2021-04-20 17:20:53,467: task[607e9cdd59f56fdcc5fc016f][AGV30] AP32(LM34) -> LM9(LM40) [loadPlayload_jackup] _jackUp
[DEBUG]2021-04-20 17:20:53,472: send http_get: http://127.0.0.1:5551/api/agv/jackup?agv=AGV30&loc=None&timeoutSec=90
[DEBUG]2021-04-20 17:20:53,472: send http_get: http://127.0.0.1:5551/api/agv/jackup?agv=AGV30&loc=None&timeoutSec=90
[DEBUG]2021-04-20 17:20:53,479: GET: http://127.0.0.1:5551/api/agv/jackup?agv=AGV30&loc=None&timeoutSec=90 addr: 127.0.0.1
[DEBUG]2021-04-20 17:20:53,479: GET: http://127.0.0.1:5551/api/agv/jackup?agv=AGV30&loc=None&timeoutSec=90 addr: 127.0.0.1
[INFO]2021-04-20 17:20:53,515: _jack in jackMgr: AGV30 up [{'id': 0, 'source': 'normal', 'status': True}, {'id': 1, 'source': 'normal', 'status': True}]
[INFO]2021-04-20 17:20:53,515: _jack in jackMgr: AGV30 up [{'id': 0, 'source': 'normal', 'status': True}, {'id': 1, 'source': 'normal', 'status': True}]
[INFO]2021-04-20 17:20:53,674: AGV30 jack up status:  1
[INFO]2021-04-20 17:20:53,674: AGV30 jack up status:  1
[DEBUG]2021-04-20 17:20:53,914: used 435ms 200 OK application/json;charset=utf-8, GET: http://127.0.0.1:5551/api/agv/jackup?agv=AGV30&loc=None&timeoutSec=90
[DEBUG]2021-04-20 17:20:53,914: used 435ms 200 OK application/json;charset=utf-8, GET: http://127.0.0.1:5551/api/agv/jackup?agv=AGV30&loc=None&timeoutSec=90
[DEBUG]2021-04-20 17:20:54,232: [return] use 760 ms,http_get: http://127.0.0.1:5551/api/agv/jackup?agv=AGV30&loc=None&timeoutSec=90
[DEBUG]2021-04-20 17:20:54,232: [return] use 760 ms,http_get: http://127.0.0.1:5551/api/agv/jackup?agv=AGV30&loc=None&timeoutSec=90
[INFO]2021-04-20 17:20:54,388: task[607e9cdd59f56fdcc5fc016f] update info: {'failMsg': '等待二楼测试点工位点锁', 'updateTime': datetime.datetime(2021, 4, 20, 17, 20, 54, 372743)}
[INFO]2021-04-20 17:20:54,388: task[607e9cdd59f56fdcc5fc016f] update info: {'failMsg': '等待二楼测试点工位点锁', 'updateTime': datetime.datetime(2021, 4, 20, 17, 20, 54, 372743)}
[DEBUG]2021-04-20 17:20:54,516: task[607e9cdd59f56fdcc5fc016f][AGV30] AP32(LM34) -> LM9(LM40) [waitDestPreLoc] loadPlayload_jackup -> waitDestPreLoc
[DEBUG]2021-04-20 17:20:54,516: task[607e9cdd59f56fdcc5fc016f][AGV30] AP32(LM34) -> LM9(LM40) [waitDestPreLoc] loadPlayload_jackup -> waitDestPreLoc
[INFO]2021-04-20 17:20:55,067: task: prepoint locked  607e9cdd59f56fdcc5fc016f AKM2F.LM9
[INFO]2021-04-20 17:20:55,067: task: prepoint locked  607e9cdd59f56fdcc5fc016f AKM2F.LM9
[INFO]2021-04-20 17:20:55,303: task[607e9cdd59f56fdcc5fc016f] update info: {'failMsg': '前往LM9工位点放下货架', 'updateTime': datetime.datetime(2021, 4, 20, 17, 20, 55, 287298)}
[INFO]2021-04-20 17:20:55,303: task[607e9cdd59f56fdcc5fc016f] update info: {'failMsg': '前往LM9工位点放下货架', 'updateTime': datetime.datetime(2021, 4, 20, 17, 20, 55, 287298)}
[DEBUG]2021-04-20 17:20:55,492: task[607e9cdd59f56fdcc5fc016f][AGV30] AP32(LM34) -> LM9(LM40) [movePreSource] waitDestPreLoc -> movePreSource
[DEBUG]2021-04-20 17:20:55,492: task[607e9cdd59f56fdcc5fc016f][AGV30] AP32(LM34) -> LM9(LM40) [movePreSource] waitDestPreLoc -> movePreSource
[DEBUG]2021-04-20 17:20:56,246: GET: http://127.0.0.1:5551/api/agv/move?WorkPlace=None&agv=AGV30&agvId=AGV30&appName=scadaTask_meiwei&direction=None&floorId=AKM2F&isRotate&loc=AKM2F.LM40&location=LM40&p_direction=0.0&pgv_type=1&recognize=False&result=True&resultDesc=None&taskId=607e9cdd59f56fdcc5fc016f_3&taskType=scadaTask&timeoutSec=86400&use_pgv=False addr: 127.0.0.1
[DEBUG]2021-04-20 17:20:56,246: GET: http://127.0.0.1:5551/api/agv/move?WorkPlace=None&agv=AGV30&agvId=AGV30&appName=scadaTask_meiwei&direction=None&floorId=AKM2F&isRotate&loc=AKM2F.LM40&location=LM40&p_direction=0.0&pgv_type=1&recognize=False&result=True&resultDesc=None&taskId=607e9cdd59f56fdcc5fc016f_3&taskType=scadaTask&timeoutSec=86400&use_pgv=False addr: 127.0.0.1
[INFO]2021-04-20 17:20:56,278: Begin: AGV30 move from AKM2F.AP32 to AKM2F.LM40 by paths: [('AKM2F', ['AP32', 'LM34', 'LM39', 'LM37', 'LM18', 'LM40'], 12.448)] task: 607e9cdd59f56fdcc5fc016f_3 timeout 86400 used 23 ms
[INFO]2021-04-20 17:20:56,278: Begin: AGV30 move from AKM2F.AP32 to AKM2F.LM40 by paths: [('AKM2F', ['AP32', 'LM34', 'LM39', 'LM37', 'LM18', 'LM40'], 12.448)] task: 607e9cdd59f56fdcc5fc016f_3 timeout 86400 used 23 ms
[DEBUG]2021-04-20 17:20:56,282: task[607e9cdd59f56fdcc5fc016f][AGV30] AP32(LM34) -> LM9(LM40) [movePreSourceStep] movePreSource -> movePreSourceStep
[DEBUG]2021-04-20 17:20:56,282: task[607e9cdd59f56fdcc5fc016f][AGV30] AP32(LM34) -> LM9(LM40) [movePreSourceStep] movePreSource -> movePreSourceStep
[DEBUG]2021-04-20 17:20:57,278: agvInfo: AGV30 AKM2F.AP32 move to AKM2F.LM34 ,taskId 607e9cdd59f56fdcc5fc016f_3
[DEBUG]2021-04-20 17:20:57,278: agvInfo: AGV30 AKM2F.AP32 move to AKM2F.LM34 ,taskId 607e9cdd59f56fdcc5fc016f_3
[DEBUG]2021-04-20 17:20:58,803: AGV30 turn to wait check cur AP32 next LM39 0.854 False
[DEBUG]2021-04-20 17:20:58,803: AGV30 turn to wait check cur AP32 next LM39 0.854 False
[DEBUG]2021-04-20 17:20:59,333: agvInfo: AGV30 AKM2F.AP32 move to AKM2F.LM39 ,taskId 607e9cdd59f56fdcc5fc016f_3
[DEBUG]2021-04-20 17:20:59,333: agvInfo: AGV30 AKM2F.AP32 move to AKM2F.LM39 ,taskId 607e9cdd59f56fdcc5fc016f_3
[DEBUG]2021-04-20 17:20:59,363: AGV30 set loc AKM2F.LM34 ,old AP32 (-15.16,-13.99)
[DEBUG]2021-04-20 17:20:59,363: AGV30 set loc AKM2F.LM34 ,old AP32 (-15.16,-13.99)
[DEBUG]2021-04-20 17:20:59,856: AGV30 choise next pos cur LM34 next LM37 pre LM39 2.755 False
[DEBUG]2021-04-20 17:20:59,856: AGV30 choise next pos cur LM34 next LM37 pre LM39 2.755 False
[DEBUG]2021-04-20 17:20:59,859: AGV30 turn to wait check cur LM34 next LM37 2.755 False
[DEBUG]2021-04-20 17:20:59,859: AGV30 turn to wait check cur LM34 next LM37 2.755 False
[DEBUG]2021-04-20 17:21:00,378: agvInfo: AGV30 AKM2F.LM34 move to AKM2F.LM37 ,taskId 607e9cdd59f56fdcc5fc016f_3
[DEBUG]2021-04-20 17:21:00,378: agvInfo: AGV30 AKM2F.LM34 move to AKM2F.LM37 ,taskId 607e9cdd59f56fdcc5fc016f_3
[DEBUG]2021-04-20 17:21:02,951: AGV30 set loc AKM2F.LM39 ,old LM34 (-15.16,-15.20)
[DEBUG]2021-04-20 17:21:02,951: AGV30 set loc AKM2F.LM39 ,old LM34 (-15.16,-15.20)
[DEBUG]2021-04-20 17:21:03,976: AGV30 turn to wait check cur LM39 next LM18 0.691 False
[DEBUG]2021-04-20 17:21:03,976: AGV30 turn to wait check cur LM39 next LM18 0.691 False
[DEBUG]2021-04-20 17:21:04,501: agvInfo: AGV30 AKM2F.LM39 move to AKM2F.LM18 ,taskId 607e9cdd59f56fdcc5fc016f_3
[DEBUG]2021-04-20 17:21:04,501: agvInfo: AGV30 AKM2F.LM39 move to AKM2F.LM18 ,taskId 607e9cdd59f56fdcc5fc016f_3
[DEBUG]2021-04-20 17:21:05,006: AGV30 set loc AKM2F.LM37 ,old LM39 (-15.16,-16.74)
[DEBUG]2021-04-20 17:21:05,006: AGV30 set loc AKM2F.LM37 ,old LM39 (-15.16,-16.74)
[DEBUG]2021-04-20 17:21:08,624: AGV30 turn to wait check cur LM37 next LM40 0.652 False
[DEBUG]2021-04-20 17:21:08,624: AGV30 turn to wait check cur LM37 next LM40 0.652 False
[DEBUG]2021-04-20 17:21:09,166: agvInfo: AGV30 AKM2F.LM37 move to AKM2F.LM40 ,taskId 607e9cdd59f56fdcc5fc016f_3
[DEBUG]2021-04-20 17:21:09,166: agvInfo: AGV30 AKM2F.LM37 move to AKM2F.LM40 ,taskId 607e9cdd59f56fdcc5fc016f_3
[DEBUG]2021-04-20 17:21:09,622: AGV30 set loc AKM2F.LM18 ,old LM37 (-18.37,-16.74)
[DEBUG]2021-04-20 17:21:09,622: AGV30 set loc AKM2F.LM18 ,old LM37 (-18.37,-16.74)
[WARNING]2021-04-20 17:21:10,197: AGV30 waitFinish: loc is diff LM18 LM40 task_status= 2
[WARNING]2021-04-20 17:21:10,197: AGV30 waitFinish: loc is diff LM18 LM40 task_status= 2
[WARNING]2021-04-20 17:21:10,715: AGV30 waitFinish: loc is diff LM18 LM40 task_status= 2
[WARNING]2021-04-20 17:21:10,715: AGV30 waitFinish: loc is diff LM18 LM40 task_status= 2
[WARNING]2021-04-20 17:21:11,231: AGV30 waitFinish: loc is diff LM18 LM40 task_status= 2
[WARNING]2021-04-20 17:21:11,231: AGV30 waitFinish: loc is diff LM18 LM40 task_status= 2
[WARNING]2021-04-20 17:21:11,750: AGV30 waitFinish: loc is diff LM18 LM40 task_status= 2
[WARNING]2021-04-20 17:21:11,750: AGV30 waitFinish: loc is diff LM18 LM40 task_status= 2
[WARNING]2021-04-20 17:21:12,272: AGV30 waitFinish: loc is diff LM18 LM40 task_status= 2
[WARNING]2021-04-20 17:21:12,272: AGV30 waitFinish: loc is diff LM18 LM40 task_status= 2
[WARNING]2021-04-20 17:21:12,790: AGV30 waitFinish: loc is diff LM18 LM40 task_status= 2
[WARNING]2021-04-20 17:21:12,790: AGV30 waitFinish: loc is diff LM18 LM40 task_status= 2
[WARNING]2021-04-20 17:21:13,299: AGV30 waitFinish: loc is diff LM18 LM40 task_status= 2
[WARNING]2021-04-20 17:21:13,299: AGV30 waitFinish: loc is diff LM18 LM40 task_status= 2
[WARNING]2021-04-20 17:21:13,817: AGV30 waitFinish: loc is diff LM18 LM40 task_status= 2
[WARNING]2021-04-20 17:21:13,817: AGV30 waitFinish: loc is diff LM18 LM40 task_status= 2
[WARNING]2021-04-20 17:21:14,330: AGV30 waitFinish: loc is diff LM18 LM40 task_status= 2
[WARNING]2021-04-20 17:21:14,330: AGV30 waitFinish: loc is diff LM18 LM40 task_status= 2
[WARNING]2021-04-20 17:21:14,844: AGV30 waitFinish: loc is diff LM18 LM40 task_status= 2
[WARNING]2021-04-20 17:21:14,844: AGV30 waitFinish: loc is diff LM18 LM40 task_status= 2
[WARNING]2021-04-20 17:21:15,357: AGV30 waitFinish: loc is diff LM18 LM40 task_status= 2
[WARNING]2021-04-20 17:21:15,357: AGV30 waitFinish: loc is diff LM18 LM40 task_status= 2
[WARNING]2021-04-20 17:21:15,868: AGV30 waitFinish: loc is diff LM18 LM40 task_status= 2
[WARNING]2021-04-20 17:21:15,868: AGV30 waitFinish: loc is diff LM18 LM40 task_status= 2
[WARNING]2021-04-20 17:21:16,385: AGV30 waitFinish: loc is diff LM18 LM40 task_status= 2
[WARNING]2021-04-20 17:21:16,385: AGV30 waitFinish: loc is diff LM18 LM40 task_status= 2
[DEBUG]2021-04-20 17:21:16,806: AGV30 set loc AKM2F.LM40 ,old LM18 (-18.37,-22.16)
[DEBUG]2021-04-20 17:21:16,806: AGV30 set loc AKM2F.LM40 ,old LM18 (-18.37,-22.16)
[SUCC]2021-04-20 17:21:17,912: Finish:  AGV30 arrived AKM2F.LM40 ,task: 607e9cdd59f56fdcc5fc016f_3
[SUCC]2021-04-20 17:21:17,912: Finish:  AGV30 arrived AKM2F.LM40 ,task: 607e9cdd59f56fdcc5fc016f_3
[INFO]2021-04-20 17:21:17,960: task: move finish callback task[607e9cdd59f56fdcc5fc016f][AGV30] AP32(LM34) -> LM9(LM40) [movePreSourceStep]
[INFO]2021-04-20 17:21:17,960: task: move finish callback task[607e9cdd59f56fdcc5fc016f][AGV30] AP32(LM34) -> LM9(LM40) [movePreSourceStep]
[DEBUG]2021-04-20 17:21:18,146: GET: http://127.0.0.1:5551/api/agv/move?WorkPlace=None&agv=AGV30&agvId=AGV30&appName=scadaTask_meiwei&direction=None&floorId=AKM2F&isRotate&loc=AKM2F.LM9&location=LM9&p_direction=0.0&pgv_type=1&recognize=False&result=True&resultDesc=None&seer_jackup=JackUnload&taskId=607e9cdd59f56fdcc5fc016f_4&taskType=scadaTask&timeoutSec=86400&use_pgv=False addr: 127.0.0.1
[DEBUG]2021-04-20 17:21:18,146: GET: http://127.0.0.1:5551/api/agv/move?WorkPlace=None&agv=AGV30&agvId=AGV30&appName=scadaTask_meiwei&direction=None&floorId=AKM2F&isRotate&loc=AKM2F.LM9&location=LM9&p_direction=0.0&pgv_type=1&recognize=False&result=True&resultDesc=None&seer_jackup=JackUnload&taskId=607e9cdd59f56fdcc5fc016f_4&taskType=scadaTask&timeoutSec=86400&use_pgv=False addr: 127.0.0.1
[INFO]2021-04-20 17:21:18,171: Begin: AGV30 move from AKM2F.LM40 to AKM2F.LM9 by paths: [('AKM2F', ['LM40', 'LM17', 'LM16', 'LM44', 'LM43', 'LM14', 'LM13', 'LM12', 'LM11', 'LM9'], 38.886508170887524)] task: 607e9cdd59f56fdcc5fc016f_4 timeout 86400 used 19 ms
[INFO]2021-04-20 17:21:18,171: Begin: AGV30 move from AKM2F.LM40 to AKM2F.LM9 by paths: [('AKM2F', ['LM40', 'LM17', 'LM16', 'LM44', 'LM43', 'LM14', 'LM13', 'LM12', 'LM11', 'LM9'], 38.886508170887524)] task: 607e9cdd59f56fdcc5fc016f_4 timeout 86400 used 19 ms
[DEBUG]2021-04-20 17:21:18,176: used 30ms 200 OK application/json;charset=utf-8, GET: http://127.0.0.1:5551/api/agv/move?WorkPlace=None&agv=AGV30&agvId=AGV30&appName=scadaTask_meiwei&direction=None&floorId=AKM2F&isRotate&loc=AKM2F.LM9&location=LM9&p_direction=0.0&pgv_type=1&recognize=False&result=True&resultDesc=None&seer_jackup=JackUnload&taskId=607e9cdd59f56fdcc5fc016f_4&taskType=scadaTask&timeoutSec=86400&use_pgv=False
[DEBUG]2021-04-20 17:21:18,176: used 30ms 200 OK application/json;charset=utf-8, GET: http://127.0.0.1:5551/api/agv/move?WorkPlace=None&agv=AGV30&agvId=AGV30&appName=scadaTask_meiwei&direction=None&floorId=AKM2F&isRotate&loc=AKM2F.LM9&location=LM9&p_direction=0.0&pgv_type=1&recognize=False&result=True&resultDesc=None&seer_jackup=JackUnload&taskId=607e9cdd59f56fdcc5fc016f_4&taskType=scadaTask&timeoutSec=86400&use_pgv=False
[INFO]2021-04-20 17:21:18,181: task[607e9cdd59f56fdcc5fc016f] update info: {'step': 'dropPayload', 'updateTime': datetime.datetime(2021, 4, 20, 17, 21, 18, 180860)}
[INFO]2021-04-20 17:21:18,181: task[607e9cdd59f56fdcc5fc016f] update info: {'step': 'dropPayload', 'updateTime': datetime.datetime(2021, 4, 20, 17, 21, 18, 180860)}
[DEBUG]2021-04-20 17:21:18,185: task[607e9cdd59f56fdcc5fc016f][AGV30] AP32(LM34) -> LM9(LM40) [dropPayload] dropPayloadMove -> dropPayload
[DEBUG]2021-04-20 17:21:18,185: task[607e9cdd59f56fdcc5fc016f][AGV30] AP32(LM34) -> LM9(LM40) [dropPayload] dropPayloadMove -> dropPayload
[DEBUG]2021-04-20 17:21:18,962: agvInfo: AGV30 AKM2F.LM40 move to AKM2F.LM17 ,taskId 607e9cdd59f56fdcc5fc016f_4
[DEBUG]2021-04-20 17:21:18,962: agvInfo: AGV30 AKM2F.LM40 move to AKM2F.LM17 ,taskId 607e9cdd59f56fdcc5fc016f_4
[DEBUG]2021-04-20 17:21:19,474: AGV30 choise next pos cur LM40 next LM16 pre LM17 11.249 False
[DEBUG]2021-04-20 17:21:19,474: AGV30 choise next pos cur LM40 next LM16 pre LM17 11.249 False
[DEBUG]2021-04-20 17:21:19,475: AGV30 turn to wait check cur LM40 next LM16 11.249 False
[DEBUG]2021-04-20 17:21:19,475: AGV30 turn to wait check cur LM40 next LM16 11.249 False
[DEBUG]2021-04-20 17:21:20,011: agvInfo: AGV30 AKM2F.LM40 move to AKM2F.LM16 ,taskId 607e9cdd59f56fdcc5fc016f_4
[DEBUG]2021-04-20 17:21:20,011: agvInfo: AGV30 AKM2F.LM40 move to AKM2F.LM16 ,taskId 607e9cdd59f56fdcc5fc016f_4
[DEBUG]2021-04-20 17:21:31,192: AGV30 set loc AKM2F.LM17 ,old LM40 (-18.37,-31.31)
[DEBUG]2021-04-20 17:21:31,192: AGV30 set loc AKM2F.LM17 ,old LM40 (-18.37,-31.31)
[DEBUG]2021-04-20 17:21:32,850: AGV30 turn to wait check cur LM17 next LM44 0.817 False
[DEBUG]2021-04-20 17:21:32,850: AGV30 turn to wait check cur LM17 next LM44 0.817 False
[DEBUG]2021-04-20 17:21:33,389: agvInfo: AGV30 AKM2F.LM17 move to AKM2F.LM44 ,taskId 607e9cdd59f56fdcc5fc016f_4
[DEBUG]2021-04-20 17:21:33,389: agvInfo: AGV30 AKM2F.LM17 move to AKM2F.LM44 ,taskId 607e9cdd59f56fdcc5fc016f_4
[DEBUG]2021-04-20 17:21:33,769: AGV30 set loc AKM2F.LM16 ,old LM17 (-18.37,-33.41)
[DEBUG]2021-04-20 17:21:33,769: AGV30 set loc AKM2F.LM16 ,old LM17 (-18.37,-33.41)
[DEBUG]2021-04-20 17:21:33,912: AGV30 choise next pos cur LM16 next LM43 pre LM44 5.449 True
[DEBUG]2021-04-20 17:21:33,912: AGV30 choise next pos cur LM16 next LM43 pre LM44 5.449 True
[DEBUG]2021-04-20 17:21:33,918: AGV30 choise next pos cur LM16 next LM14 pre LM43 7.285 False
[DEBUG]2021-04-20 17:21:33,918: AGV30 choise next pos cur LM16 next LM14 pre LM43 7.285 False
[DEBUG]2021-04-20 17:21:33,922: AGV30 turn to wait check cur LM16 next LM14 7.285 False
[DEBUG]2021-04-20 17:21:33,922: AGV30 turn to wait check cur LM16 next LM14 7.285 False
[DEBUG]2021-04-20 17:21:34,474: agvInfo: AGV30 AKM2F.LM16 move to AKM2F.LM14 ,taskId 607e9cdd59f56fdcc5fc016f_4
[DEBUG]2021-04-20 17:21:34,474: agvInfo: AGV30 AKM2F.LM16 move to AKM2F.LM14 ,taskId 607e9cdd59f56fdcc5fc016f_4
[DEBUG]2021-04-20 17:21:40,949: AGV30 set loc AKM2F.LM43 ,old LM16 (-12.87,-33.44)
[DEBUG]2021-04-20 17:21:40,949: AGV30 set loc AKM2F.LM43 ,old LM16 (-12.87,-33.44)
[DEBUG]2021-04-20 17:21:42,164: AGV30 turn to wait check cur LM43 next LM13 0.918 False
[DEBUG]2021-04-20 17:21:42,164: AGV30 turn to wait check cur LM43 next LM13 0.918 False
[DEBUG]2021-04-20 17:21:42,695: agvInfo: AGV30 AKM2F.LM43 move to AKM2F.LM13 ,taskId 607e9cdd59f56fdcc5fc016f_4
[DEBUG]2021-04-20 17:21:42,695: agvInfo: AGV30 AKM2F.LM43 move to AKM2F.LM13 ,taskId 607e9cdd59f56fdcc5fc016f_4
[DEBUG]2021-04-20 17:21:43,007: AGV30 set loc AKM2F.LM14 ,old LM43 (-11.18,-33.41)
[DEBUG]2021-04-20 17:21:43,007: AGV30 set loc AKM2F.LM14 ,old LM43 (-11.18,-33.41)
[DEBUG]2021-04-20 17:21:43,210: AGV30 choise next pos cur LM14 next LM12 pre LM13 7.933 True
[DEBUG]2021-04-20 17:21:43,210: AGV30 choise next pos cur LM14 next LM12 pre LM13 7.933 True
[DEBUG]2021-04-20 17:21:43,214: AGV30 choise next pos cur LM14 next LM11 pre LM12 12.547 True
[DEBUG]2021-04-20 17:21:43,214: AGV30 choise next pos cur LM14 next LM11 pre LM12 12.547 True
[DEBUG]2021-04-20 17:21:43,218: AGV30 turn to wait check cur LM14 next LM11 12.547 True
[DEBUG]2021-04-20 17:21:43,218: AGV30 turn to wait check cur LM14 next LM11 12.547 True
[DEBUG]2021-04-20 17:21:43,742: agvInfo: AGV30 AKM2F.LM14 move to AKM2F.LM11 ,taskId 607e9cdd59f56fdcc5fc016f_4
[DEBUG]2021-04-20 17:21:43,742: agvInfo: AGV30 AKM2F.LM14 move to AKM2F.LM11 ,taskId 607e9cdd59f56fdcc5fc016f_4
[DEBUG]2021-04-20 17:21:47,303: AGV30 choise next pos cur LM14 next LM9 pre LM11 17.536 False
[DEBUG]2021-04-20 17:21:47,303: AGV30 choise next pos cur LM14 next LM9 pre LM11 17.536 False
[DEBUG]2021-04-20 17:21:47,308: AGV30 turn to wait check cur LM14 next LM9 17.536 False
[DEBUG]2021-04-20 17:21:47,308: AGV30 turn to wait check cur LM14 next LM9 17.536 False
[DEBUG]2021-04-20 17:21:47,849: agvInfo: AGV30 AKM2F.LM14 move jackdown to AKM2F.LM9 ,taskId 607e9cdd59f56fdcc5fc016f_4
[DEBUG]2021-04-20 17:21:47,849: agvInfo: AGV30 AKM2F.LM14 move jackdown to AKM2F.LM9 ,taskId 607e9cdd59f56fdcc5fc016f_4
[DEBUG]2021-04-20 17:21:53,791: AGV30 set loc AKM2F.LM12 ,old LM14 (-11.08,-25.62)
[DEBUG]2021-04-20 17:21:53,791: AGV30 set loc AKM2F.LM12 ,old LM14 (-11.08,-25.62)
[WARNING]2021-04-20 17:22:00,676: AGV30 waitFinish: loc is diff LM12 LM9 task_status= 2
[WARNING]2021-04-20 17:22:00,676: AGV30 waitFinish: loc is diff LM12 LM9 task_status= 2
[WARNING]2021-04-20 17:22:01,192: AGV30 waitFinish: loc is diff LM12 LM9 task_status= 2
[WARNING]2021-04-20 17:22:01,192: AGV30 waitFinish: loc is diff LM12 LM9 task_status= 2
[WARNING]2021-04-20 17:22:01,705: AGV30 waitFinish: loc is diff LM12 LM9 task_status= 2
[WARNING]2021-04-20 17:22:01,705: AGV30 waitFinish: loc is diff LM12 LM9 task_status= 2
[WARNING]2021-04-20 17:22:02,220: AGV30 waitFinish: loc is diff LM12 LM9 task_status= 2
[WARNING]2021-04-20 17:22:02,220: AGV30 waitFinish: loc is diff LM12 LM9 task_status= 2
[WARNING]2021-04-20 17:22:02,736: AGV30 waitFinish: loc is diff LM12 LM9 task_status= 2
[WARNING]2021-04-20 17:22:02,736: AGV30 waitFinish: loc is diff LM12 LM9 task_status= 2
[WARNING]2021-04-20 17:22:03,252: AGV30 waitFinish: loc is diff LM12 LM9 task_status= 2
[WARNING]2021-04-20 17:22:03,252: AGV30 waitFinish: loc is diff LM12 LM9 task_status= 2
[WARNING]2021-04-20 17:22:03,757: AGV30 waitFinish: loc is diff LM12 LM9 task_status= 2
[WARNING]2021-04-20 17:22:03,757: AGV30 waitFinish: loc is diff LM12 LM9 task_status= 2
[WARNING]2021-04-20 17:22:04,272: AGV30 waitFinish: loc is diff LM12 LM9 task_status= 2
[WARNING]2021-04-20 17:22:04,272: AGV30 waitFinish: loc is diff LM12 LM9 task_status= 2
[WARNING]2021-04-20 17:22:04,785: AGV30 waitFinish: loc is diff LM12 LM9 task_status= 2
[WARNING]2021-04-20 17:22:04,785: AGV30 waitFinish: loc is diff LM12 LM9 task_status= 2
[WARNING]2021-04-20 17:22:05,300: AGV30 waitFinish: loc is diff LM12 LM9 task_status= 2
[WARNING]2021-04-20 17:22:05,300: AGV30 waitFinish: loc is diff LM12 LM9 task_status= 2
[WARNING]2021-04-20 17:22:05,821: AGV30 waitFinish: loc is diff LM12 LM9 task_status= 2
[WARNING]2021-04-20 17:22:05,821: AGV30 waitFinish: loc is diff LM12 LM9 task_status= 2
[WARNING]2021-04-20 17:22:06,336: AGV30 waitFinish: loc is diff LM12 LM9 task_status= 2
[WARNING]2021-04-20 17:22:06,336: AGV30 waitFinish: loc is diff LM12 LM9 task_status= 2
[WARNING]2021-04-20 17:22:06,853: AGV30 waitFinish: loc is diff LM12 LM9 task_status= 2
[WARNING]2021-04-20 17:22:06,853: AGV30 waitFinish: loc is diff LM12 LM9 task_status= 2
[WARNING]2021-04-20 17:22:07,371: AGV30 waitFinish: loc is diff LM12 LM9 task_status= 2
[WARNING]2021-04-20 17:22:07,371: AGV30 waitFinish: loc is diff LM12 LM9 task_status= 2
[WARNING]2021-04-20 17:22:07,890: AGV30 waitFinish: loc is diff LM12 LM9 task_status= 2
[WARNING]2021-04-20 17:22:07,890: AGV30 waitFinish: loc is diff LM12 LM9 task_status= 2
[WARNING]2021-04-20 17:22:08,408: AGV30 waitFinish: loc is diff LM12 LM9 task_status= 2
[WARNING]2021-04-20 17:22:08,408: AGV30 waitFinish: loc is diff LM12 LM9 task_status= 2
[WARNING]2021-04-20 17:22:08,926: AGV30 waitFinish: loc is diff LM12 LM9 task_status= 2
[WARNING]2021-04-20 17:22:08,926: AGV30 waitFinish: loc is diff LM12 LM9 task_status= 2
[WARNING]2021-04-20 17:22:09,439: AGV30 waitFinish: loc is diff LM12 LM9 task_status= 2
[WARNING]2021-04-20 17:22:09,439: AGV30 waitFinish: loc is diff LM12 LM9 task_status= 2
[DEBUG]2021-04-20 17:22:09,642: AGV30 set loc AKM2F.LM9 ,old LM12 (-11.08,-13.05)
[DEBUG]2021-04-20 17:22:09,642: AGV30 set loc AKM2F.LM9 ,old LM12 (-11.08,-13.05)
[SUCC]2021-04-20 17:22:10,967: Finish:  AGV30 arrived AKM2F.LM9 ,task: 607e9cdd59f56fdcc5fc016f_4
[SUCC]2021-04-20 17:22:10,967: Finish:  AGV30 arrived AKM2F.LM9 ,task: 607e9cdd59f56fdcc5fc016f_4
[INFO]2021-04-20 17:22:11,016: task: move finish callback task[607e9cdd59f56fdcc5fc016f][AGV30] AP32(LM34) -> LM9(LM40) [dropPayload]
[INFO]2021-04-20 17:22:11,016: task: move finish callback task[607e9cdd59f56fdcc5fc016f][AGV30] AP32(LM34) -> LM9(LM40) [dropPayload]
[INFO]2021-04-20 17:22:11,020: task[607e9cdd59f56fdcc5fc016f] update info: {'failMsg': '放下货架，旋转顶升机构初始化', 'updateTime': datetime.datetime(2021, 4, 20, 17, 22, 11, 19163)}
[INFO]2021-04-20 17:22:11,020: task[607e9cdd59f56fdcc5fc016f] update info: {'failMsg': '放下货架，旋转顶升机构初始化', 'updateTime': datetime.datetime(2021, 4, 20, 17, 22, 11, 19163)}
[INFO]2021-04-20 17:22:11,262: task[607e9cdd59f56fdcc5fc016f][AGV30] AP32(LM34) -> LM9(LM40) [dropPayloadJackdown] _jackDown
[INFO]2021-04-20 17:22:11,262: task[607e9cdd59f56fdcc5fc016f][AGV30] AP32(LM34) -> LM9(LM40) [dropPayloadJackdown] _jackDown
[DEBUG]2021-04-20 17:22:11,265: send http_get: http://127.0.0.1:5551/api/agv/jackdown?agv=AGV30&loc=None&timeoutSec=90
[DEBUG]2021-04-20 17:22:11,265: send http_get: http://127.0.0.1:5551/api/agv/jackdown?agv=AGV30&loc=None&timeoutSec=90
[DEBUG]2021-04-20 17:22:11,294: GET: http://127.0.0.1:5551/api/agv/jackdown?agv=AGV30&loc=None&timeoutSec=90 addr: 127.0.0.1
[DEBUG]2021-04-20 17:22:11,294: GET: http://127.0.0.1:5551/api/agv/jackdown?agv=AGV30&loc=None&timeoutSec=90 addr: 127.0.0.1
[INFO]2021-04-20 17:22:11,296: _jack in jackMgr: AGV30 down [{'id': 0, 'source': 'normal', 'status': True}, {'id': 1, 'source': 'normal', 'status': True}]
[INFO]2021-04-20 17:22:11,296: _jack in jackMgr: AGV30 down [{'id': 0, 'source': 'normal', 'status': True}, {'id': 1, 'source': 'normal', 'status': True}]
[INFO]2021-04-20 17:22:11,299: AGV30 jack down status:  1
[INFO]2021-04-20 17:22:11,299: AGV30 jack down status:  1
[DEBUG]2021-04-20 17:22:11,301: used 7ms 200 OK application/json;charset=utf-8, GET: http://127.0.0.1:5551/api/agv/jackdown?agv=AGV30&loc=None&timeoutSec=90
[DEBUG]2021-04-20 17:22:11,301: used 7ms 200 OK application/json;charset=utf-8, GET: http://127.0.0.1:5551/api/agv/jackdown?agv=AGV30&loc=None&timeoutSec=90
[DEBUG]2021-04-20 17:22:11,304: [return] use 39 ms,http_get: http://127.0.0.1:5551/api/agv/jackdown?agv=AGV30&loc=None&timeoutSec=90
[DEBUG]2021-04-20 17:22:11,304: [return] use 39 ms,http_get: http://127.0.0.1:5551/api/agv/jackdown?agv=AGV30&loc=None&timeoutSec=90
[DEBUG]2021-04-20 17:22:11,307: task[607e9cdd59f56fdcc5fc016f][AGV30] AP32(LM34) -> LM9(LM40) [dropPayloadReset] dropPayloadJackdown -> dropPayloadReset
[DEBUG]2021-04-20 17:22:11,307: task[607e9cdd59f56fdcc5fc016f][AGV30] AP32(LM34) -> LM9(LM40) [dropPayloadReset] dropPayloadJackdown -> dropPayloadReset
[INFO]2021-04-20 17:22:11,620: task[607e9cdd59f56fdcc5fc016f][AGV30] AP32(LM34) -> LM9(LM40) [dropPayloadReset] rotationClear
[INFO]2021-04-20 17:22:11,620: task[607e9cdd59f56fdcc5fc016f][AGV30] AP32(LM34) -> LM9(LM40) [dropPayloadReset] rotationClear
[DEBUG]2021-04-20 17:22:11,795: send http_get: http://127.0.0.1:5551/api/agv/rotationclear?agv=AGV30&timeoutSec=30
[DEBUG]2021-04-20 17:22:11,795: send http_get: http://127.0.0.1:5551/api/agv/rotationclear?agv=AGV30&timeoutSec=30
[DEBUG]2021-04-20 17:22:12,176: GET: http://127.0.0.1:5551/api/agv/rotationclear?agv=AGV30&timeoutSec=30 addr: 127.0.0.1
[DEBUG]2021-04-20 17:22:12,176: GET: http://127.0.0.1:5551/api/agv/rotationclear?agv=AGV30&timeoutSec=30 addr: 127.0.0.1
[INFO]2021-04-20 17:22:13,548: _rotation in rotationMgr: AGV30 None [{'id': 0, 'source': 'normal', 'status': True}, {'id': 1, 'source': 'normal', 'status': True}]
[INFO]2021-04-20 17:22:13,548: _rotation in rotationMgr: AGV30 None [{'id': 0, 'source': 'normal', 'status': True}, {'id': 1, 'source': 'normal', 'status': True}]
[INFO]2021-04-20 17:22:13,785: AGV30 rotation clear status: 1
[INFO]2021-04-20 17:22:13,785: AGV30 rotation clear status: 1
[DEBUG]2021-04-20 17:22:13,961: used 1785ms 200 OK application/json;charset=utf-8, GET: http://127.0.0.1:5551/api/agv/rotationclear?agv=AGV30&timeoutSec=30
[DEBUG]2021-04-20 17:22:13,961: used 1785ms 200 OK application/json;charset=utf-8, GET: http://127.0.0.1:5551/api/agv/rotationclear?agv=AGV30&timeoutSec=30
[DEBUG]2021-04-20 17:22:14,167: [return] use 2372 ms,http_get: http://127.0.0.1:5551/api/agv/rotationclear?agv=AGV30&timeoutSec=30
[DEBUG]2021-04-20 17:22:14,167: [return] use 2372 ms,http_get: http://127.0.0.1:5551/api/agv/rotationclear?agv=AGV30&timeoutSec=30
[INFO]2021-04-20 17:22:14,357: task[607e9cdd59f56fdcc5fc016f]:  successed {'step': 'finish', 'failMsg': '任务成功', 'endTime': datetime.datetime(2021, 4, 20, 17, 22, 14, 325118), 'status': 'success'}
[INFO]2021-04-20 17:22:14,357: task[607e9cdd59f56fdcc5fc016f]:  successed {'step': 'finish', 'failMsg': '任务成功', 'endTime': datetime.datetime(2021, 4, 20, 17, 22, 14, 325118), 'status': 'success'}
[DEBUG]2021-04-20 17:22:14,498: task[607e9cdd59f56fdcc5fc016f][AGV30] AP32(LM34) -> LM9(LM40) [finish] dropPayloadReset -> finish
[DEBUG]2021-04-20 17:22:14,498: task[607e9cdd59f56fdcc5fc016f][AGV30] AP32(LM34) -> LM9(LM40) [finish] dropPayloadReset -> finish
[INFO]2021-04-20 17:22:15,085: task[607e9cdd59f56fdcc5fc016f][AGV30] AP32(LM34) -> LM9(LM40) [finish] AGV30 release task, release agv True True False
[INFO]2021-04-20 17:22:15,085: task[607e9cdd59f56fdcc5fc016f][AGV30] AP32(LM34) -> LM9(LM40) [finish] AGV30 release task, release agv True True False
[DEBUG]2021-04-20 17:22:15,288: GET: http://127.0.0.1:5551/api/agv/isLocked?agv=AGV30&appName=scadaTask_meiwei&taskId=607e9cdd59f56fdcc5fc016f addr: 127.0.0.1
[DEBUG]2021-04-20 17:22:15,288: GET: http://127.0.0.1:5551/api/agv/isLocked?agv=AGV30&appName=scadaTask_meiwei&taskId=607e9cdd59f56fdcc5fc016f addr: 127.0.0.1
[DEBUG]2021-04-20 17:22:15,446: used 158ms 200 OK application/json;charset=utf-8, GET: http://127.0.0.1:5551/api/agv/isLocked?agv=AGV30&appName=scadaTask_meiwei&taskId=607e9cdd59f56fdcc5fc016f
[DEBUG]2021-04-20 17:22:15,446: used 158ms 200 OK application/json;charset=utf-8, GET: http://127.0.0.1:5551/api/agv/isLocked?agv=AGV30&appName=scadaTask_meiwei&taskId=607e9cdd59f56fdcc5fc016f
[DEBUG]2021-04-20 17:22:15,856: GET: http://127.0.0.1:5551/api/agv/release?agv=AGV30&appName=scadaTask_meiwei&force=False&taskId=607e9cdd59f56fdcc5fc016f addr: 127.0.0.1
[DEBUG]2021-04-20 17:22:15,856: GET: http://127.0.0.1:5551/api/agv/release?agv=AGV30&appName=scadaTask_meiwei&force=False&taskId=607e9cdd59f56fdcc5fc016f addr: 127.0.0.1
[DEBUG]2021-04-20 17:22:15,953: unlock: AGV30 taskId 607e9cdd59f56fdcc5fc016f app scadaTask_meiwei force False
[DEBUG]2021-04-20 17:22:15,953: unlock: AGV30 taskId 607e9cdd59f56fdcc5fc016f app scadaTask_meiwei force False
[DEBUG]2021-04-20 17:22:16,061: used 205ms 200 OK application/json;charset=utf-8, GET: http://127.0.0.1:5551/api/agv/release?agv=AGV30&appName=scadaTask_meiwei&force=False&taskId=607e9cdd59f56fdcc5fc016f
[DEBUG]2021-04-20 17:22:16,061: used 205ms 200 OK application/json;charset=utf-8, GET: http://127.0.0.1:5551/api/agv/release?agv=AGV30&appName=scadaTask_meiwei&force=False&taskId=607e9cdd59f56fdcc5fc016f
[INFO]2021-04-20 17:22:16,268: task[607e9cdd59f56fdcc5fc016f][AGV30] AP32(LM34) -> LM9(LM40) [finish] let AGV30 gohome
[INFO]2021-04-20 17:22:16,268: task[607e9cdd59f56fdcc5fc016f][AGV30] AP32(LM34) -> LM9(LM40) [finish] let AGV30 gohome
[DEBUG]2021-04-20 17:22:16,567: GET: http://127.0.0.1:5551/api/agv/goHome?agv=AGV30&appName=scadaTask_meiwei&force=False&timeout=10800 addr: 127.0.0.1
[DEBUG]2021-04-20 17:22:16,567: GET: http://127.0.0.1:5551/api/agv/goHome?agv=AGV30&appName=scadaTask_meiwei&force=False&timeout=10800 addr: 127.0.0.1
[INFO]2021-04-20 17:22:16,676: AGV30 gohome home_1 force False taskId home_1 : AGV30.LM9 -> AKM2F.AP29
[INFO]2021-04-20 17:22:16,676: AGV30 gohome home_1 force False taskId home_1 : AGV30.LM9 -> AKM2F.AP29
[INFO]2021-04-20 17:22:18,254: Begin: AGV30 move from AKM2F.LM9 to AKM2F.AP29 by paths: [('AKM2F', ['LM9', 'LM11', 'LM12', 'LM13', 'LM14', 'LM43', 'LM44', 'LM16', 'LM17', 'LM40', 'LM18', 'LM37', 'LM39', 'LM31', 'AP29'], 51.445508170887535)] task: home_1 timeout 10800 used 1419 ms
[INFO]2021-04-20 17:22:18,254: Begin: AGV30 move from AKM2F.LM9 to AKM2F.AP29 by paths: [('AKM2F', ['LM9', 'LM11', 'LM12', 'LM13', 'LM14', 'LM43', 'LM44', 'LM16', 'LM17', 'LM40', 'LM18', 'LM37', 'LM39', 'LM31', 'AP29'], 51.445508170887535)] task: home_1 timeout 10800 used 1419 ms
[DEBUG]2021-04-20 17:22:18,413: used 1846ms 200 OK application/json;charset=utf-8, GET: http://127.0.0.1:5551/api/agv/goHome?agv=AGV30&appName=scadaTask_meiwei&force=False&timeout=10800
[DEBUG]2021-04-20 17:22:18,413: used 1846ms 200 OK application/json;charset=utf-8, GET: http://127.0.0.1:5551/api/agv/goHome?agv=AGV30&appName=scadaTask_meiwei&force=False&timeout=10800
[INFO]2021-04-20 17:22:18,680: task: prepoint released2  607e9cdd59f56fdcc5fc016f AKM2F.LM9
[INFO]2021-04-20 17:22:18,680: task: prepoint released2  607e9cdd59f56fdcc5fc016f AKM2F.LM9
[WARNING]2021-04-20 17:22:18,855: scada.607e9cdd59f56fdcc5fc016f[tid:2000] <lock name:runTasks.g_lock,<locked _thread.RLock object owner=2000 count=1 at 0x00000166C6862300>> ,hold 3770 ms
[WARNING]2021-04-20 17:22:18,855: scada.607e9cdd59f56fdcc5fc016f[tid:2000] <lock name:runTasks.g_lock,<locked _thread.RLock object owner=2000 count=1 at 0x00000166C6862300>> ,hold 3770 ms
[INFO]2021-04-20 17:22:19,126: name=scada.607e9cdd59f56fdcc5fc016f, pid=11440, tid=2000
[01] File "E:/Users/Administrator/AppData/Local/Programs/Python/Python38/lib/threading.py", line 870, in run() 
[02] File "../common/utility.py", line 167, in __call() 
[03] File "E:/projects_by_myself/MeiWei/akmCtrl/beans/scadaTaskBean.py", line 560, in _taskFunc() 
[04] File "../common/lock.py", line 122, in _call() 
[05] File "../common/lock.py", line 100, in release() 
[06] File "E:/projects_by_myself/MeiWei/common/enhance.py", line 258, in getTrace() 
[07] File "E:/projects_by_myself/MeiWei/common/enhance.py", line 240, in getThreadStack()
[INFO]2021-04-20 17:22:19,126: name=scada.607e9cdd59f56fdcc5fc016f, pid=11440, tid=2000
[01] File "E:/Users/Administrator/AppData/Local/Programs/Python/Python38/lib/threading.py", line 870, in run() 
[02] File "../common/utility.py", line 167, in __call() 
[03] File "E:/projects_by_myself/MeiWei/akmCtrl/beans/scadaTaskBean.py", line 560, in _taskFunc() 
[04] File "../common/lock.py", line 122, in _call() 
[05] File "../common/lock.py", line 100, in release() 
[06] File "E:/projects_by_myself/MeiWei/common/enhance.py", line 258, in getTrace() 
[07] File "E:/projects_by_myself/MeiWei/common/enhance.py", line 240, in getThreadStack()
[INFO]2021-04-20 17:22:19,298: task: stop task[607e9cdd59f56fdcc5fc016f][-] AP32(LM34) -> LM9(LM40) [finish]
[DEBUG]2021-04-20 17:22:19,330: task: delete task 607e9cdd59f56fdcc5fc016f
[INFO]2021-04-20 17:22:19,298: task: stop task[607e9cdd59f56fdcc5fc016f][-] AP32(LM34) -> LM9(LM40) [finish]
[DEBUG]2021-04-20 17:22:19,330: task: delete task 607e9cdd59f56fdcc5fc016f
[WARNING]2021-04-20 17:22:19,614: timer_thread[tid:7872] <lock name:runTasks.g_lock,<locked _thread.RLock object owner=7872 count=1 at 0x00000166C6862300>> ,hold 3362 ms
[WARNING]2021-04-20 17:22:19,614: timer_thread[tid:7872] <lock name:runTasks.g_lock,<locked _thread.RLock object owner=7872 count=1 at 0x00000166C6862300>> ,hold 3362 ms
[INFO]2021-04-20 17:22:19,847: name=timer_thread, pid=11440, tid=7872
[01] File "E:/Users/Administrator/AppData/Local/Programs/Python/Python38/lib/threading.py", line 870, in run() 
[02] File "../common/mytimer.py", line 113, in _loop() 
[03] File "../common/lock.py", line 122, in _call() 
[04] File "../common/lock.py", line 100, in release() 
[05] File "E:/projects_by_myself/MeiWei/common/enhance.py", line 258, in getTrace() 
[06] File "E:/projects_by_myself/MeiWei/common/enhance.py", line 240, in getThreadStack()
[INFO]2021-04-20 17:22:19,847: name=timer_thread, pid=11440, tid=7872
[01] File "E:/Users/Administrator/AppData/Local/Programs/Python/Python38/lib/threading.py", line 870, in run() 
[02] File "../common/mytimer.py", line 113, in _loop() 
[03] File "../common/lock.py", line 122, in _call() 
[04] File "../common/lock.py", line 100, in release() 
[05] File "E:/projects_by_myself/MeiWei/common/enhance.py", line 258, in getTrace() 
[06] File "E:/projects_by_myself/MeiWei/common/enhance.py", line 240, in getThreadStack()
[DEBUG]2021-04-20 17:22:19,927: agvInfo: AGV30 AKM2F.LM9 move to AKM2F.LM11 ,taskId home_1
[DEBUG]2021-04-20 17:22:19,927: agvInfo: AGV30 AKM2F.LM9 move to AKM2F.LM11 ,taskId home_1
[DEBUG]2021-04-20 17:22:20,689: AGV30 choise next pos cur LM9 next LM12 pre LM11 12.420 True
[DEBUG]2021-04-20 17:22:20,689: AGV30 choise next pos cur LM9 next LM12 pre LM11 12.420 True
[DEBUG]2021-04-20 17:22:20,798: AGV30 turn to wait check cur LM9 next LM12 12.420 True
[DEBUG]2021-04-20 17:22:20,798: AGV30 turn to wait check cur LM9 next LM12 12.420 True
[DEBUG]2021-04-20 17:22:22,444: agvInfo: AGV30 AKM2F.LM9 move to AKM2F.LM12 ,taskId home_1
[DEBUG]2021-04-20 17:22:22,444: agvInfo: AGV30 AKM2F.LM9 move to AKM2F.LM12 ,taskId home_1
[DEBUG]2021-04-20 17:22:27,889: AGV30 choise next pos cur LM9 next LM13 pre LM12 14.683 True
[DEBUG]2021-04-20 17:22:27,889: AGV30 choise next pos cur LM9 next LM13 pre LM12 14.683 True
[DEBUG]2021-04-20 17:22:28,046: AGV30 turn to wait check cur LM9 next LM13 14.683 True
[DEBUG]2021-04-20 17:22:28,046: AGV30 turn to wait check cur LM9 next LM13 14.683 True
[DEBUG]2021-04-20 17:22:29,959: agvInfo: AGV30 AKM2F.LM9 move to AKM2F.LM13 ,taskId home_1
[DEBUG]2021-04-20 17:22:29,959: agvInfo: AGV30 AKM2F.LM9 move to AKM2F.LM13 ,taskId home_1
[DEBUG]2021-04-20 17:22:35,860: AGV30 choise next pos cur LM9 next LM14 pre LM13 12.897 False
[DEBUG]2021-04-20 17:22:35,860: AGV30 choise next pos cur LM9 next LM14 pre LM13 12.897 False
[DEBUG]2021-04-20 17:22:36,049: AGV30 turn to wait check cur LM9 next LM14 12.897 False
[DEBUG]2021-04-20 17:22:36,049: AGV30 turn to wait check cur LM9 next LM14 12.897 False
[DEBUG]2021-04-20 17:22:36,161: AGV30 set loc AKM2F.LM11 ,old LM9 (-11.08,-20.86)
[DEBUG]2021-04-20 17:22:36,161: AGV30 set loc AKM2F.LM11 ,old LM9 (-11.08,-20.86)
[DEBUG]2021-04-20 17:22:38,151: agvInfo: AGV30 AKM2F.LM11 move to AKM2F.LM14 ,taskId home_1
[DEBUG]2021-04-20 17:22:38,151: agvInfo: AGV30 AKM2F.LM11 move to AKM2F.LM14 ,taskId home_1
[DEBUG]2021-04-20 17:22:44,298: AGV30 set loc AKM2F.LM12 ,old LM11 (-11.08,-25.47)
[DEBUG]2021-04-20 17:22:44,298: AGV30 set loc AKM2F.LM12 ,old LM11 (-11.08,-25.47)
[DEBUG]2021-04-20 17:22:54,630: AGV30 turn to wait check cur LM12 next LM43 0.905 False
[DEBUG]2021-04-20 17:22:54,630: AGV30 turn to wait check cur LM12 next LM43 0.905 False
[DEBUG]2021-04-20 17:22:56,179: AGV30 set loc AKM2F.LM14 ,old LM12 (-11.08,-33.41)
[DEBUG]2021-04-20 17:22:56,179: AGV30 set loc AKM2F.LM14 ,old LM12 (-11.08,-33.41)
[DEBUG]2021-04-20 17:22:56,376: agvInfo: AGV30 AKM2F.LM14 move to AKM2F.LM43 ,taskId home_1
[DEBUG]2021-04-20 17:22:56,376: agvInfo: AGV30 AKM2F.LM14 move to AKM2F.LM43 ,taskId home_1
[DEBUG]2021-04-20 17:22:57,111: AGV30 choise next pos cur LM14 next LM44 pre LM43 5.325 True
[DEBUG]2021-04-20 17:22:57,111: AGV30 choise next pos cur LM14 next LM44 pre LM43 5.325 True
[DEBUG]2021-04-20 17:22:57,344: AGV30 choise next pos cur LM14 next LM16 pre LM44 7.285 False
[DEBUG]2021-04-20 17:22:57,344: AGV30 choise next pos cur LM14 next LM16 pre LM44 7.285 False
[DEBUG]2021-04-20 17:22:57,565: AGV30 turn to wait check cur LM14 next LM16 7.285 False
[DEBUG]2021-04-20 17:22:57,565: AGV30 turn to wait check cur LM14 next LM16 7.285 False
[DEBUG]2021-04-20 17:23:00,267: agvInfo: AGV30 AKM2F.LM14 move to AKM2F.LM16 ,taskId home_1
[DEBUG]2021-04-20 17:23:00,267: agvInfo: AGV30 AKM2F.LM14 move to AKM2F.LM16 ,taskId home_1
[DEBUG]2021-04-20 17:23:02,064: AGV30 set loc AKM2F.LM43 ,old LM14 (-12.97,-33.44)
[DEBUG]2021-04-20 17:23:02,064: AGV30 set loc AKM2F.LM43 ,old LM14 (-12.97,-33.44)
[DEBUG]2021-04-20 17:23:07,341: AGV30 set loc AKM2F.LM44 ,old LM43 (-16.36,-33.44)
[DEBUG]2021-04-20 17:23:07,341: AGV30 set loc AKM2F.LM44 ,old LM43 (-16.36,-33.44)
[DEBUG]2021-04-20 17:23:09,535: AGV30 turn to wait check cur LM44 next LM17 0.877 False
[DEBUG]2021-04-20 17:23:09,535: AGV30 turn to wait check cur LM44 next LM17 0.877 False
[DEBUG]2021-04-20 17:23:10,180: AGV30 set loc AKM2F.LM16 ,old LM44 (-18.21,-33.41)
[DEBUG]2021-04-20 17:23:10,180: AGV30 set loc AKM2F.LM16 ,old LM44 (-18.21,-33.41)
[DEBUG]2021-04-20 17:23:10,905: agvInfo: AGV30 AKM2F.LM16 move to AKM2F.LM17 ,taskId home_1
[DEBUG]2021-04-20 17:23:10,905: agvInfo: AGV30 AKM2F.LM16 move to AKM2F.LM17 ,taskId home_1
[DEBUG]2021-04-20 17:23:11,680: AGV30 choise next pos cur LM16 next LM40 pre LM17 11.249 True
[DEBUG]2021-04-20 17:23:11,680: AGV30 choise next pos cur LM16 next LM40 pre LM17 11.249 True
[DEBUG]2021-04-20 17:23:11,820: AGV30 turn to wait check cur LM16 next LM40 11.249 True
[DEBUG]2021-04-20 17:23:11,820: AGV30 turn to wait check cur LM16 next LM40 11.249 True
[DEBUG]2021-04-20 17:23:13,436: agvInfo: AGV30 AKM2F.LM16 move to AKM2F.LM40 ,taskId home_1
[DEBUG]2021-04-20 17:23:13,436: agvInfo: AGV30 AKM2F.LM16 move to AKM2F.LM40 ,taskId home_1
[DEBUG]2021-04-20 17:23:16,295: AGV30 choise next pos cur LM16 next LM18 pre LM40 15.134 False
[DEBUG]2021-04-20 17:23:16,295: AGV30 choise next pos cur LM16 next LM18 pre LM40 15.134 False
[DEBUG]2021-04-20 17:23:16,528: AGV30 turn to wait check cur LM16 next LM18 15.134 False
[DEBUG]2021-04-20 17:23:16,528: AGV30 turn to wait check cur LM16 next LM18 15.134 False
[DEBUG]2021-04-20 17:23:17,308: AGV30 set loc AKM2F.LM17 ,old LM16 (-18.37,-31.26)
[DEBUG]2021-04-20 17:23:17,308: AGV30 set loc AKM2F.LM17 ,old LM16 (-18.37,-31.26)
[DEBUG]2021-04-20 17:23:18,606: agvInfo: AGV30 AKM2F.LM17 move to AKM2F.LM18 ,taskId home_1
[DEBUG]2021-04-20 17:23:18,606: agvInfo: AGV30 AKM2F.LM17 move to AKM2F.LM18 ,taskId home_1
[DEBUG]2021-04-20 17:23:34,522: AGV30 set loc AKM2F.LM40 ,old LM17 (-18.37,-22.01)
[DEBUG]2021-04-20 17:23:34,522: AGV30 set loc AKM2F.LM40 ,old LM17 (-18.37,-22.01)
[DEBUG]2021-04-20 17:23:43,634: AGV30 turn to wait check cur LM40 next LM37 0.752 False
[DEBUG]2021-04-20 17:23:43,634: AGV30 turn to wait check cur LM40 next LM37 0.752 False
[DEBUG]2021-04-20 17:23:44,635: AGV30 set loc AKM2F.LM18 ,old LM40 (-18.37,-16.79)
[DEBUG]2021-04-20 17:23:44,635: AGV30 set loc AKM2F.LM18 ,old LM40 (-18.37,-16.79)
[DEBUG]2021-04-20 17:23:45,341: agvInfo: AGV30 AKM2F.LM18 move to AKM2F.LM37 ,taskId home_1
[DEBUG]2021-04-20 17:23:45,341: agvInfo: AGV30 AKM2F.LM18 move to AKM2F.LM37 ,taskId home_1
[DEBUG]2021-04-20 17:23:52,323: AGV30 turn to wait check cur LM18 next LM39 0.802 False
[DEBUG]2021-04-20 17:23:52,323: AGV30 turn to wait check cur LM18 next LM39 0.802 False
[DEBUG]2021-04-20 17:23:53,651: AGV30 set loc AKM2F.LM37 ,old LM18 (-15.16,-16.74)
[DEBUG]2021-04-20 17:23:53,651: AGV30 set loc AKM2F.LM37 ,old LM18 (-15.16,-16.74)
[DEBUG]2021-04-20 17:23:54,048: agvInfo: AGV30 AKM2F.LM37 move to AKM2F.LM39 ,taskId home_1
[DEBUG]2021-04-20 17:23:54,048: agvInfo: AGV30 AKM2F.LM37 move to AKM2F.LM39 ,taskId home_1
[DEBUG]2021-04-20 17:23:56,957: AGV30 turn to wait check cur LM37 next LM31 0.744 False
[DEBUG]2021-04-20 17:23:56,957: AGV30 turn to wait check cur LM37 next LM31 0.744 False
[DEBUG]2021-04-20 17:23:57,604: AGV30 set loc AKM2F.LM39 ,old LM37 (-15.16,-15.20)
[DEBUG]2021-04-20 17:23:57,604: AGV30 set loc AKM2F.LM39 ,old LM37 (-15.16,-15.20)
[DEBUG]2021-04-20 17:23:58,655: agvInfo: AGV30 AKM2F.LM39 move to AKM2F.LM31 ,taskId home_1
[DEBUG]2021-04-20 17:23:58,655: agvInfo: AGV30 AKM2F.LM39 move to AKM2F.LM31 ,taskId home_1
[DEBUG]2021-04-20 17:23:59,346: AGV30 choise next pos cur LM39 next AP29 pre LM31 2.340 False
[DEBUG]2021-04-20 17:23:59,346: AGV30 choise next pos cur LM39 next AP29 pre LM31 2.340 False
[DEBUG]2021-04-20 17:23:59,520: AGV30 turn to wait check cur LM39 next AP29 2.340 False
[DEBUG]2021-04-20 17:23:59,520: AGV30 turn to wait check cur LM39 next AP29 2.340 False
[DEBUG]2021-04-20 17:24:00,739: agvInfo: AGV30 AKM2F.LM39 move to AKM2F.AP29 ,taskId home_1
[DEBUG]2021-04-20 17:24:00,739: agvInfo: AGV30 AKM2F.LM39 move to AKM2F.AP29 ,taskId home_1
[DEBUG]2021-04-20 17:24:04,054: AGV30 set loc AKM2F.LM31 ,old LM39 (-13.86,-15.15)
[DEBUG]2021-04-20 17:24:04,054: AGV30 set loc AKM2F.LM31 ,old LM39 (-13.86,-15.15)
[WARNING]2021-04-20 17:24:05,632: AGV30 waitFinish: loc is diff LM31 AP29 task_status= 2
[WARNING]2021-04-20 17:24:05,632: AGV30 waitFinish: loc is diff LM31 AP29 task_status= 2
[DEBUG]2021-04-20 17:24:05,774: AGV30 set loc AKM2F.AP29 ,old LM31 (-12.82,-15.15)
[DEBUG]2021-04-20 17:24:05,774: AGV30 set loc AKM2F.AP29 ,old LM31 (-12.82,-15.15)
[SUCC]2021-04-20 17:24:07,487: Finish:  AGV30 arrived AKM2F.AP29 ,task: home_1
[SUCC]2021-04-20 17:24:07,487: Finish:  AGV30 arrived AKM2F.AP29 ,task: home_1
[DEBUG]2021-04-20 17:24:07,614: unlock: AGV30 taskId None app None force False
[DEBUG]2021-04-20 17:24:07,614: unlock: AGV30 taskId None app None force False
[ERROR]2021-04-20 17:29:24,937: user press Ctrl+C, system quit!
[ERROR]2021-04-20 17:29:24,937: user press Ctrl+C, system quit!
[WARNING]2021-04-20 17:29:25,080: runTask:stop save file
[ERROR]2021-04-20 17:29:25,127: user press Ctrl+C, system quit!
[ERROR]2021-04-20 17:29:25,127: user press Ctrl+C, system quit!
[WARNING]2021-04-20 17:29:25,284: runTask:stop save file
[WARNING]2021-04-20 17:29:25,284: runTask:stop save file
[ERROR]2021-04-20 17:29:25,379: user press Ctrl+C, system quit!
[ERROR]2021-04-20 17:29:25,379: user press Ctrl+C, system quit!
[WARNING]2021-04-20 17:29:25,506: runTask:stop save file
[WARNING]2021-04-20 17:29:25,506: runTask:stop save file
[ERROR]2021-04-20 17:29:25,633: user press Ctrl+C, system quit!
[ERROR]2021-04-20 17:29:25,633: user press Ctrl+C, system quit!
[WARNING]2021-04-20 17:29:25,791: runTask:stop save file
[WARNING]2021-04-20 17:29:25,791: runTask:stop save file
[ERROR]2021-04-20 17:29:25,934: user press Ctrl+C, system quit!
[ERROR]2021-04-20 17:29:25,934: user press Ctrl+C, system quit!
[WARNING]2021-04-20 17:29:26,124: runTask:stop save file
[ERROR]2021-04-20 17:29:26,205: user press Ctrl+C, system quit!
[ERROR]2021-04-20 17:29:26,205: user press Ctrl+C, system quit!
[WARNING]2021-04-20 17:29:26,363: runTask:stop save file
[ERROR]2021-04-20 17:29:26,411: user press Ctrl+C, system quit!
[ERROR]2021-04-20 17:29:26,411: user press Ctrl+C, system quit!
[ERROR]2021-04-20 17:29:26,586: user press Ctrl+C, system quit!
[WARNING]2021-04-20 17:29:26,649: runTask:stop save file
[WARNING]2021-04-20 17:29:26,649: runTask:stop save file
[ERROR]2021-04-20 17:29:26,773: user press Ctrl+C, system quit!
[ERROR]2021-04-20 17:29:26,773: user press Ctrl+C, system quit!
[WARNING]2021-04-20 17:29:26,916: runTask:stop save file
[ERROR]2021-04-20 17:29:26,949: user press Ctrl+C, system quit!
[ERROR]2021-04-20 17:29:26,949: user press Ctrl+C, system quit!
[ERROR]2021-04-20 17:29:27,124: user press Ctrl+C, system quit!
[ERROR]2021-04-20 17:29:27,124: user press Ctrl+C, system quit!
[WARNING]2021-04-20 17:29:27,237: runTask:stop save file
[WARNING]2021-04-20 17:29:27,237: runTask:stop save file
[ERROR]2021-04-20 17:29:27,315: user press Ctrl+C, system quit!
[ERROR]2021-04-20 17:29:27,520: user press Ctrl+C, system quit!
[ERROR]2021-04-20 17:29:27,680: user press Ctrl+C, system quit!
[ERROR]2021-04-20 17:29:27,885: user press Ctrl+C, system quit!
[ERROR]2021-04-20 17:29:29,183: user press Ctrl+C, system quit!
[ERROR]2021-04-20 17:29:29,358: user press Ctrl+C, system quit!
[ERROR]2021-04-20 17:29:29,561: user press Ctrl+C, system quit!
[ERROR]2021-04-20 17:29:29,750: user press Ctrl+C, system quit!
[ERROR]2021-04-20 17:29:29,955: user press Ctrl+C, system quit!
[ERROR]2021-04-20 17:29:30,252: user press Ctrl+C, system quit!
[WARNING]2021-04-20 17:29:30,330: runTask:stop save file
[ERROR]2021-04-20 17:29:30,456: process exited, living 0:09:24.066758 seconds
