[INFO]2021-05-11 13:47:46,701: log files at E:\projects_by_myself\backup\MeiWei_back_0421\common\log
[INFO]2021-05-11 13:47:46,702: find module account.main_account
[INFO]2021-05-11 13:47:46,703: find module agvCtrl.main_agv
[INFO]2021-05-11 13:47:46,705: find module agvDevice.main_agvDevice
[INFO]2021-05-11 13:47:46,706: find module akmCtrl.main_akmCtrl
[INFO]2021-05-11 13:47:46,709: find module alarm.main_alarm
[INFO]2021-05-11 13:47:46,711: find module auth.main_auth
[INFO]2021-05-11 13:47:46,712: find module door.main_door
[INFO]2021-05-11 13:47:46,713: find module elevator.main_elevator
[INFO]2021-05-11 13:47:46,719: find module feed.main_feed
[INFO]2021-05-11 13:47:46,720: find module feed.main_feed_0427
[INFO]2021-05-11 13:47:46,722: find module remoteio.main_remoteio
[INFO]2021-05-11 13:47:46,723: import account.main_account
[INFO]2021-05-11 13:47:46,819: import agvCtrl.main_agv
[INFO]2021-05-11 13:47:47,155: create lock <lock name:doorMgr.lock,<unlocked _thread.RLock object owner=0 count=0 at 0x0000020027065090>>
[INFO]2021-05-11 13:47:48,248: create lock <lock name:door.lock,<unlocked _thread.RLock object owner=0 count=0 at 0x00000200270705D0>>
[INFO]2021-05-11 13:47:48,397: create lock <lock name:timer.lock_2199684776960,<unlocked _thread.RLock object owner=0 count=0 at 0x00000200276E0570>>
[ERROR]2021-05-11 13:47:48,421: mqtt is disabled
[INFO]2021-05-11 13:47:48,442: mqtt: subscribe [alarm/raise/+]
[INFO]2021-05-11 13:47:48,445: mqtt: subscribe [alarm/clear/+]
[INFO]2021-05-11 13:47:51,504: Mongodb connect to 127.0.0.1 port 27017
[INFO]2021-05-11 13:47:51,518: create lock <lock name:elevatorMgr.lock,<unlocked _thread.RLock object owner=0 count=0 at 0x00000200278ECF60>>
[WARNING]2021-05-11 13:47:51,528: use mockAgvCtrl
[INFO]2021-05-11 13:47:51,530: create lock <lock name:mapMgr.lock,<unlocked _thread.RLock object owner=0 count=0 at 0x0000020025944510>>
[INFO]2021-05-11 13:47:51,887: create lock <lock name:agvList.g_agvLock,<unlocked _thread.RLock object owner=0 count=0 at 0x00000200279899F0>>
[INFO]2021-05-11 13:47:51,890: create lock <lock name:taskList.lock,<unlocked _thread.RLock object owner=0 count=0 at 0x0000020027A31F30>>
[INFO]2021-05-11 13:47:51,958: charge policy 1 , fix time
[INFO]2021-05-11 13:47:51,995: create lock <lock name:agvApi.g_lock,<unlocked _thread.RLock object owner=0 count=0 at 0x0000020027A3CB10>>
[INFO]2021-05-11 13:47:52,717: start load map E:\projects_by_myself\backup\MeiWei_back_0421\agvCtrl\projects\test\AKM2F.smap
[DEBUG]2021-05-11 13:47:52,828: elevator thread start
[INFO]2021-05-11 13:47:52,847: load map E:\projects_by_myself\backup\MeiWei_back_0421\agvCtrl\projects\test\AKM2F.smap ,used 140 ms
[INFO]2021-05-11 13:47:52,859: start load map E:\projects_by_myself\backup\MeiWei_back_0421\agvCtrl\projects\test\akmsmt.smap
[INFO]2021-05-11 13:47:52,908: load map E:\projects_by_myself\backup\MeiWei_back_0421\agvCtrl\projects\test\akmsmt.smap ,used 60 ms
[INFO]2021-05-11 13:47:52,922: start load map E:\projects_by_myself\backup\MeiWei_back_0421\agvCtrl\projects\test\akmsmtMap.smap
[INFO]2021-05-11 13:47:53,063: load map E:\projects_by_myself\backup\MeiWei_back_0421\agvCtrl\projects\test\akmsmtMap.smap ,used 154 ms
[INFO]2021-05-11 13:47:53,074: start load map E:\projects_by_myself\backup\MeiWei_back_0421\agvCtrl\projects\test\desai-all-20191223.smap
[INFO]2021-05-11 13:47:53,218: load map E:\projects_by_myself\backup\MeiWei_back_0421\agvCtrl\projects\test\desai-all-20191223.smap ,used 153 ms
[INFO]2021-05-11 13:47:53,229: start load map E:\projects_by_myself\backup\MeiWei_back_0421\agvCtrl\projects\test\meiwei423.smap
[INFO]2021-05-11 13:47:53,282: load map E:\projects_by_myself\backup\MeiWei_back_0421\agvCtrl\projects\test\meiwei423.smap ,used 62 ms
[INFO]2021-05-11 13:47:53,293: start load map E:\projects_by_myself\backup\MeiWei_back_0421\agvCtrl\projects\test\meiwei428.smap
[INFO]2021-05-11 13:47:53,352: load map E:\projects_by_myself\backup\MeiWei_back_0421\agvCtrl\projects\test\meiwei428.smap ,used 69 ms
[INFO]2021-05-11 13:47:53,357: import agvDevice.main_agvDevice
[INFO]2021-05-11 13:47:53,358: import akmCtrl.main_akmCtrl
[INFO]2021-05-11 13:47:53,377: create lock <lock name:runTasks.g_lock,<unlocked _thread.RLock object owner=0 count=0 at 0x0000020028FE3F30>>
[INFO]2021-05-11 13:47:53,392: create lock <lock name:agvApi.g_lock,<unlocked _thread.RLock object owner=0 count=0 at 0x00000200290269C0>>
[INFO]2021-05-11 13:47:53,411: create lock <lock name:runTasks.pre_lock,<unlocked _thread.RLock object owner=0 count=0 at 0x0000020028F9D9C0>>
[INFO]2021-05-11 13:47:53,413: create lock <lock name:timer.lock_2199710766560,<unlocked _thread.RLock object owner=0 count=0 at 0x0000020028FA9570>>
[INFO]2021-05-11 13:47:53,416: create lock <lock name:mapMgr.lock,<unlocked _thread.RLock object owner=0 count=0 at 0x0000020029064510>>
[INFO]2021-05-11 13:47:53,843: import alarm.main_alarm
[INFO]2021-05-11 13:47:53,844: import auth.main_auth
[INFO]2021-05-11 13:47:53,858: import door.main_door
[INFO]2021-05-11 13:47:53,862: import elevator.main_elevator
[INFO]2021-05-11 13:47:53,868: create lock <lock name:elevatorApi.g_lock,<unlocked _thread.RLock object owner=0 count=0 at 0x0000020029A246C0>>
[INFO]2021-05-11 13:47:53,870: import feed.main_feed
[INFO]2021-05-11 13:47:53,894: IP: 0.0.0.0 port: 10001
[INFO]2021-05-11 13:47:53,896: import feed.main_feed_0427
[INFO]2021-05-11 13:47:53,907: create lock <lock name:feedTask.g_lock,<unlocked _thread.RLock object owner=0 count=0 at 0x0000020029E806C0>>
[INFO]2021-05-11 13:47:53,957: import remoteio.main_remoteio
[SUCC]2021-05-11 13:47:53,969: utility start, pid=10180, ppid=15900
[DEBUG]2021-05-11 13:47:53,971: start timer
[INFO]2021-05-11 13:47:53,978: load agv file: E:\projects_by_myself\backup\MeiWei_back_0421\agvCtrl/projects/test/agv.cfg
[INFO]2021-05-11 13:47:53,979: create lock <lock name:agvList.AGV30.lock,<unlocked _thread.RLock object owner=0 count=0 at 0x0000020029E9F210>>
[DEBUG]2021-05-11 13:47:53,983: create aliveObj AGV30 AGV离线异常 timeout 300
[INFO]2021-05-11 13:47:53,985: AGV30 start agvList run thread
[INFO]2021-05-11 13:47:53,986: AGV30 start agvList run2 thread
[ERROR]2021-05-11 13:47:53,995: agv check init error False
[DEBUG]2021-05-11 13:47:53,997: start timer
[INFO]2021-05-11 13:47:54,003: add_ignore: taskStatus
[INFO]2021-05-11 13:47:54,005: add_ignore: api/elevator/status
[INFO]2021-05-11 13:47:54,006: add_ignore: scada/getTask
[INFO]2021-05-11 13:47:54,498: AGV30 current map meiwei428
[INFO]2021-05-11 13:47:54,502: AGV30 is online
[INFO]2021-05-11 13:47:54,961: tcp server [0.0.0.0][10001] ,connectedLen: 1, tcp connected : 192.168.252.164:10001 <--> 192.168.252.165:53439
[INFO]2021-05-11 13:47:54,966: **************回复线程启动**************
[DEBUG]2021-05-11 13:47:55,045: GET: http://127.0.0.1:5551/api/agv/init?appName=MeiWeiTask addr: 127.0.0.1
[INFO]2021-05-11 13:47:55,048: MeiWeiTask init client agvApi
[DEBUG]2021-05-11 13:47:55,050: used 5ms 200 OK application/json;charset=utf-8, GET: http://127.0.0.1:5551/api/agv/init?appName=MeiWeiTask
[DEBUG]2021-05-11 13:47:58,170: GET: http://127.0.0.1:5551/api/agv/startCharge?appName=MeiWeiTask addr: 127.0.0.1
[DEBUG]2021-05-11 13:47:58,250: used 80ms 200 OK application/json;charset=utf-8, GET: http://127.0.0.1:5551/api/agv/startCharge?appName=MeiWeiTask
[WARNING]2021-05-11 13:47:58,440: timer_thread[tid:5516] <lock name:runTasks.g_lock,<locked _thread.RLock object owner=5516 count=1 at 0x0000020028FE3F30>> ,hold 3427 ms
[INFO]2021-05-11 13:47:58,661: name=timer_thread, pid=10180, tid=5516
[01] File "E:/Users/Administrator/AppData/Local/Programs/Python/Python38/lib/threading.py", line 870, in run() 
[02] File "../common/mytimer.py", line 113, in _loop() 
[03] File "../common/lock.py", line 122, in _call() 
[04] File "../common/lock.py", line 100, in release() 
[05] File "E:/projects_by_myself/backup/MeiWei_back_0421/common/enhance.py", line 258, in getTrace() 
[06] File "E:/projects_by_myself/backup/MeiWei_back_0421/common/enhance.py", line 240, in getThreadStack()
[INFO]2021-05-11 13:48:13,585: 按钮任务状态： False
[INFO]2021-05-11 13:48:13,681: ****************接受到的数据**************： staticDevID: 1 devID: 223 keyID: 3
[INFO]2021-05-11 13:48:13,760: *********************任务列表 {}
[INFO]2021-05-11 13:48:13,840: *********************任务列表为空！！！！！！！！！！！！ {}
[INFO]2021-05-11 13:48:13,920: 没有相应的按钮任务，请勿随意点击按钮： 3 bt_1 2021-05-11 13:48:13
[INFO]2021-05-11 13:48:15,448: 信息*********map: meiwei423 agvId AGV30 tyepe: move loc p2
[INFO]2021-05-11 13:48:17,090: 按钮任务状态： False
[INFO]2021-05-11 13:48:17,170: ****************接受到的数据**************： staticDevID: 1 devID: 223 keyID: 2
[INFO]2021-05-11 13:48:17,248: *********************任务列表 {}
[INFO]2021-05-11 13:48:17,325: *********************任务列表为空！！！！！！！！！！！！ {}
[INFO]2021-05-11 13:48:17,403: 没有相应的按钮任务，请勿随意点击按钮： 2 bt_1 2021-05-11 13:48:17
[INFO]2021-05-11 13:48:18,853: 信息*********map: meiwei423 agvId AGV30 tyepe: move loc p2
[INFO]2021-05-11 13:48:23,491: 按钮任务状态： False
[INFO]2021-05-11 13:48:23,554: ****************接受到的数据**************： staticDevID: 1 devID: 223 keyID: 1
[INFO]2021-05-11 13:48:23,618: *********************任务列表 {}
[INFO]2021-05-11 13:48:23,713: *********************任务列表为空！！！！！！！！！！！！ {}
[INFO]2021-05-11 13:48:23,793: 没有相应的按钮任务，请勿随意点击按钮： 1 bt_1 2021-05-11 13:48:23
[INFO]2021-05-11 13:48:25,133: 信息*********map: meiwei423 agvId AGV30 tyepe: move loc p1
[INFO]2021-05-11 13:48:33,143: 按钮任务状态： False
[INFO]2021-05-11 13:48:33,206: ****************接受到的数据**************： staticDevID: 1 devID: 223 keyID: 4
[INFO]2021-05-11 13:48:33,268: 测试添加任务，起点和目的地，固化在下面的方法中
[INFO]2021-05-11 13:48:33,362: *****unload 任务***** 2
[INFO]2021-05-11 13:48:33,489: create task[609a1ab16103e9f9eeb0a33e]: type= scadaTask , 从MeiWeiSource运送货架到MeiWeiTarget {'source': 'MeiWeiSource', 'target': 'MeiWeiTarget', 'payloadId': None, 'priority': 1, 'type': 'scadaTask', 'taskName': '从MeiWeiSource运送货架到MeiWeiTarget', 'createTime': datetime.datetime(2021, 5, 11, 13, 48, 33, 426352), 'updateTime': datetime.datetime(2021, 5, 11, 13, 48, 33, 426352), 'startTime': None, 'endTime': None, 'status': 'waiting', 'step': 'waiting', 'failMsg': None, 'history': [], '_id': ObjectId('609a1ab16103e9f9eeb0a33e')}
[INFO]2021-05-11 13:48:33,772: task[609a1ab16103e9f9eeb0a33e]:  start {'failMsg': '任务等待执行', 'startTime': datetime.datetime(2021, 5, 11, 13, 48, 33, 740548), 'updateTime': datetime.datetime(2021, 5, 11, 13, 48, 33, 740548), 'status': 'running'}
[INFO]2021-05-11 13:48:33,883: task: start task[609a1ab16103e9f9eeb0a33e][-] 6(1) -> 7(8) [waiting]
[INFO]2021-05-11 13:48:34,023: task[609a1ab16103e9f9eeb0a33e] update info: {'failMsg': '等待分配小车', 'updateTime': datetime.datetime(2021, 5, 11, 13, 48, 33, 977914)}
[DEBUG]2021-05-11 13:48:34,102: task[609a1ab16103e9f9eeb0a33e][-] 6(1) -> 7(8) [waitForAgv] waiting -> waitForAgv
[INFO]2021-05-11 13:48:35,042: 信息*********map: meiwei423 agvId AGV30 tyepe: release loc home
[INFO]2021-05-11 13:48:35,327: ******************url********************: http://127.0.0.1:5551
[DEBUG]2021-05-11 13:48:35,628: GET: http://127.0.0.1:5551/api/agv/apply?appName=MeiWeiTask&autoLock=False&exclude&loc=1&mapId=meiwei428&taskId=609a1ab16103e9f9eeb0a33e&timeout=10 addr: 127.0.0.1
[INFO]2021-05-11 13:48:39,670: apply AGV30 ,taskId: 609a1ab16103e9f9eeb0a33e ,loc meiwei428.1 ,autoLock False , used 3961 ms
[WARNING]2021-05-11 13:48:39,750: worker 2[tid:13592] <lock name:mapMgr.lock,<locked _thread.RLock object owner=13592 count=1 at 0x0000020025944510>> ,hold 4042 ms
[INFO]2021-05-11 13:48:40,084: name=worker 2, pid=10180, tid=13592
[01] File "E:/Users/Administrator/AppData/Local/Programs/Python/Python38/lib/threading.py", line 870, in run() 
[02] File "E:/Users/Administrator/AppData/Local/Programs/Python/Python38/lib/site-packages/paste/httpserver.py", line 903, in worker_thread_callback() 
[03] File "E:/Users/Administrator/AppData/Local/Programs/Python/Python38/lib/site-packages/paste/httpserver.py", line 1077, in <lambda>() 
[04] File "E:/Users/Administrator/AppData/Local/Programs/Python/Python38/lib/site-packages/paste/httpserver.py", line 1092, in process_request_in_thread() 
[05] File "E:/Users/Administrator/AppData/Local/Programs/Python/Python38/lib/socketserver.py", line 360, in finish_request() 
[06] File "E:/Users/Administrator/AppData/Local/Programs/Python/Python38/lib/socketserver.py", line 720, in __init__() 
[07] File "E:/Users/Administrator/AppData/Local/Programs/Python/Python38/lib/site-packages/paste/httpserver.py", line 460, in handle() 
[08] File "E:/Users/Administrator/AppData/Local/Programs/Python/Python38/lib/http/server.py", line 427, in handle() 
[09] File "E:/Users/Administrator/AppData/Local/Programs/Python/Python38/lib/site-packages/paste/httpserver.py", line 455, in handle_one_request() 
[10] File "E:/Users/Administrator/AppData/Local/Programs/Python/Python38/lib/site-packages/paste/httpserver.py", line 304, in wsgi_execute() 
[11] File "E:/Users/Administrator/AppData/Local/Programs/Python/Python38/lib/site-packages/paste/translogger.py", line 69, in __call__() 
[12] File "E:/Users/Administrator/AppData/Local/Programs/Python/Python38/lib/site-packages/bottle.py", line 985, in __call__() 
[13] File "E:/Users/Administrator/AppData/Local/Programs/Python/Python38/lib/site-packages/bottle.py", line 960, in wsgi() 
[14] File "E:/Users/Administrator/AppData/Local/Programs/Python/Python38/lib/site-packages/bottle.py", line 868, in _handle() 
[15] File "E:/Users/Administrator/AppData/Local/Programs/Python/Python38/lib/site-packages/bottle.py", line 1748, in wrapper() 
[16] File "E:/projects_by_myself/backup/MeiWei_back_0421/common/webutility.py", line 466, in _enable_cors() 
[17] File "E:/projects_by_myself/backup/MeiWei_back_0421/common/webutility.py", line 482, in _enable_cors() 
[18] File "E:/projects_by_myself/backup/MeiWei_back_0421/common/scadaUtility.py", line 45, in __call() 
[19] File "E:/projects_by_myself/backup/MeiWei_back_0421/agvCtrl/main_agv.py", line 58, in urlApply() 
[20] File "E:/projects_by_myself/backup/MeiWei_back_0421/agvCtrl/agvControl.py", line 1125, in apply() 
[21] File "E:/projects_by_myself/backup/MeiWei_back_0421/common/lock.py", line 122, in _call() 
[22] File "E:/projects_by_myself/backup/MeiWei_back_0421/common/lock.py", line 100, in release() 
[23] File "E:/projects_by_myself/backup/MeiWei_back_0421/common/enhance.py", line 258, in getTrace() 
[24] File "E:/projects_by_myself/backup/MeiWei_back_0421/common/enhance.py", line 240, in getThreadStack()
[DEBUG]2021-05-11 13:48:40,178: used 4550ms 200 OK application/json;charset=utf-8, GET: http://127.0.0.1:5551/api/agv/apply?appName=MeiWeiTask&autoLock=False&exclude&loc=1&mapId=meiwei428&taskId=609a1ab16103e9f9eeb0a33e&timeout=10
[DEBUG]2021-05-11 13:48:40,418: GET: http://127.0.0.1:5551/api/agv/lock?agv=AGV30&appName=MeiWeiTask&taskId=609a1ab16103e9f9eeb0a33e addr: 127.0.0.1
[DEBUG]2021-05-11 13:48:40,467: lock:  AGV30 taskId 609a1ab16103e9f9eeb0a33e app MeiWeiTask
[WARNING]2021-05-11 13:48:41,661: AGV30 clear task finish, cur= meiwei428.9 task_status= 0
[DEBUG]2021-05-11 13:48:41,756: used 1338ms 200 OK application/json;charset=utf-8, GET: http://127.0.0.1:5551/api/agv/lock?agv=AGV30&appName=MeiWeiTask&taskId=609a1ab16103e9f9eeb0a33e
[INFO]2021-05-11 13:48:41,959: task[609a1ab16103e9f9eeb0a33e][-] 6(1) -> 7(8) [waitForAgv] apply AGV30
[INFO]2021-05-11 13:48:42,130: task[609a1ab16103e9f9eeb0a33e] update info: {'agvId': 'AGV30', 'failMsg': '成功分配小车AGV30,检测顶升下降', 'updateTime': datetime.datetime(2021, 5, 11, 13, 48, 42, 21099)}
[WARNING]2021-05-11 13:48:42,224: scada.609a1ab16103e9f9eeb0a33e[tid:18344] <locked _thread.RLock object owner=18344 count=1 at 0x000002002A089DB0> ,hold 6897 ms
[INFO]2021-05-11 13:48:42,522: name=scada.609a1ab16103e9f9eeb0a33e, pid=10180, tid=18344
[01] File "E:/Users/Administrator/AppData/Local/Programs/Python/Python38/lib/threading.py", line 870, in run() 
[02] File "../common/utility.py", line 167, in __call() 
[03] File "E:/projects_by_myself/backup/MeiWei_back_0421/akmCtrl/beans/scadaTaskBean.py", line 765, in _taskFunc() 
[04] File "../common/lock.py", line 122, in _call() 
[05] File "../common/lock.py", line 100, in release() 
[06] File "E:/projects_by_myself/backup/MeiWei_back_0421/common/enhance.py", line 258, in getTrace() 
[07] File "E:/projects_by_myself/backup/MeiWei_back_0421/common/enhance.py", line 240, in getThreadStack()
[DEBUG]2021-05-11 13:48:42,617: task[609a1ab16103e9f9eeb0a33e][AGV30] 6(1) -> 7(8) [initJackdown] waitForAgv -> initJackdown
[INFO]2021-05-11 13:48:43,094: task[609a1ab16103e9f9eeb0a33e][AGV30] 6(1) -> 7(8) [initJackdown] _jackDown
[DEBUG]2021-05-11 13:48:43,204: send http_get: http://127.0.0.1:5551/api/agv/jackdownOld?agv=AGV30&loc=None&timeoutSec=90
[DEBUG]2021-05-11 13:48:43,441: GET: http://127.0.0.1:5551/api/agv/jackdownOld?agv=AGV30&loc=None&timeoutSec=90 addr: 127.0.0.1
[INFO]2021-05-11 13:48:43,489: 按钮任务状态： True
[INFO]2021-05-11 13:48:43,536: ************run jackDownOld********************
[INFO]2021-05-11 13:48:43,598: ****************接受到的数据**************： staticDevID: 1 devID: 223 keyID: 1
[INFO]2021-05-11 13:48:43,789: *********************任务列表 {'609a1ab16103e9f9eeb0a33e': <beans.scadaTaskBean.scadaTask object at 0x000002002A089E80>}
[INFO]2021-05-11 13:48:43,851: ****************任务*********： task[609a1ab16103e9f9eeb0a33e][AGV30] 6(1) -> 7(8) [initJackdown]
[INFO]2021-05-11 13:48:43,931: 没有相应的按钮任务，请勿随意点击按钮： 1 bt_1 2021-05-11 13:48:43
[DEBUG]2021-05-11 13:48:44,697: used 1256ms 200 OK application/json;charset=utf-8, GET: http://127.0.0.1:5551/api/agv/jackdownOld?agv=AGV30&loc=None&timeoutSec=90
[DEBUG]2021-05-11 13:48:44,854: [return] use 1650 ms,http_get: http://127.0.0.1:5551/api/agv/jackdownOld?agv=AGV30&loc=None&timeoutSec=90
[INFO]2021-05-11 13:48:44,950: task[609a1ab16103e9f9eeb0a33e] update info: {'failMsg': '前往MeiWeiSource工位点拉取货架', 'updateTime': datetime.datetime(2021, 5, 11, 13, 48, 44, 934394)}
[DEBUG]2021-05-11 13:48:45,046: task[609a1ab16103e9f9eeb0a33e][AGV30] 6(1) -> 7(8) [moveToPreSrc] initJackdown -> moveToPreSrc
[INFO]2021-05-11 13:48:45,397: 信息*********map: meiwei423 agvId AGV30 tyepe: move loc p1
[INFO]2021-05-11 13:48:45,476: ***************调用move方法
[DEBUG]2021-05-11 13:48:45,572: GET: http://127.0.0.1:5551/api/agv/move?WorkPlace=None&agv=AGV30&agvId=AGV30&appName=MeiWeiTask&floorId=meiwei428&isRotate&loc=meiwei428.1&location=1&taskId=609a1ab16103e9f9eeb0a33e_2&taskType=scadaTask&timeoutSec=86400 addr: 127.0.0.1
[INFO]2021-05-11 13:48:45,600: Begin: AGV30 move from meiwei428.9 to meiwei428.1 by paths: [('meiwei428', ['9', '7', '12', '11', '10', '8', '6', '1'], 26.067652066750853)] task: 609a1ab16103e9f9eeb0a33e_2 timeout 86400 used 25 ms
[INFO]2021-05-11 13:48:45,602: 移动到source的前置点 1
[DEBUG]2021-05-11 13:48:45,603: task[609a1ab16103e9f9eeb0a33e][AGV30] 6(1) -> 7(8) [moveToPreSrc_onfinish] moveToPreSrc -> moveToPreSrc_onfinish
[DEBUG]2021-05-11 13:48:46,624: agvInfo: AGV30 meiwei428.9 move to meiwei428.1 ,taskId 609a1ab16103e9f9eeb0a33e_2
[DEBUG]2021-05-11 13:48:53,831: AGV30 set loc meiwei428.7 ,old 9 (23.35,0.76)
[DEBUG]2021-05-11 13:48:55,876: AGV30 set loc meiwei428.12 ,old 7 (21.62,0.68)
[DEBUG]2021-05-11 13:48:58,952: AGV30 set loc meiwei428.11 ,old 12 (19.13,0.56)
[DEBUG]2021-05-11 13:49:00,485: AGV30 set loc meiwei428.10 ,old 11 (17.90,0.56)
[DEBUG]2021-05-11 13:49:03,063: AGV30 set loc meiwei428.8 ,old 10 (15.89,0.56)
[DEBUG]2021-05-11 13:49:20,028: AGV30 set loc meiwei428.6 ,old 8 (2.25,0.27)
[DEBUG]2021-05-11 13:49:21,575: AGV30 set loc meiwei428.1 ,old 6 (2.12,0.99)
[WARNING]2021-05-11 13:49:21,924: AGV30 waitFinish status error: 1 ,target= 1 task_status= 2
[SUCC]2021-05-11 13:49:23,449: Finish:  AGV30 arrived meiwei428.1 ,task: 609a1ab16103e9f9eeb0a33e_2
[INFO]2021-05-11 13:49:23,544: task: move finish callback task[609a1ab16103e9f9eeb0a33e][AGV30] 6(1) -> 7(8) [moveToPreSrc_onfinish]
[INFO]2021-05-11 13:49:23,546: ***********上料，已到达source前置*************
[INFO]2021-05-11 13:49:23,792: ***************调用_moveJackup方法
[DEBUG]2021-05-11 13:49:23,795: GET: http://127.0.0.1:5551/api/agv/move?WorkPlace=None&agv=AGV30&agvId=AGV30&appName=MeiWeiTask&direction=None&floorId=meiwei428&isRotate&loc=meiwei428.6&location=6&p_direction=0.0&recognize=False&result=True&resultDesc=None&seer_jackup=JackLoad&taskId=609a1ab16103e9f9eeb0a33e_3&taskType=scadaTask&timeoutSec=86400&use_pgv=False addr: 127.0.0.1
[INFO]2021-05-11 13:49:23,803: Begin: AGV30 move from meiwei428.1 to meiwei428.6 by paths: [('meiwei428', ['1', '6'], 0.8303840339922958)] task: 609a1ab16103e9f9eeb0a33e_3 timeout 86400 used 6 ms
[DEBUG]2021-05-11 13:49:23,805: used 10ms 200 OK application/json;charset=utf-8, GET: http://127.0.0.1:5551/api/agv/move?WorkPlace=None&agv=AGV30&agvId=AGV30&appName=MeiWeiTask&direction=None&floorId=meiwei428&isRotate&loc=meiwei428.6&location=6&p_direction=0.0&recognize=False&result=True&resultDesc=None&seer_jackup=JackLoad&taskId=609a1ab16103e9f9eeb0a33e_3&taskType=scadaTask&timeoutSec=86400&use_pgv=False
[INFO]2021-05-11 13:49:23,806: ==============================runTasks._moveJackup()结束====================================
[DEBUG]2021-05-11 13:49:23,808: task[609a1ab16103e9f9eeb0a33e][AGV30] 6(1) -> 7(8) [loadPlayload] startMoveJackup -> loadPlayload
[INFO]2021-05-11 13:49:24,495: ------------------------根据agvControl中的_func来到agvList中的moveJackup---------------999--------
[DEBUG]2021-05-11 13:49:24,497: agvInfo: AGV30 meiwei428.1 move jackup to meiwei428.6 ,taskId 609a1ab16103e9f9eeb0a33e_3
[DEBUG]2021-05-11 13:49:25,696: AGV30 set loc meiwei428.6 ,old 1 (2.15,0.27)
[SUCC]2021-05-11 13:49:27,055: Finish:  AGV30 arrived meiwei428.6 ,task: 609a1ab16103e9f9eeb0a33e_3
[INFO]2021-05-11 13:49:27,182: task: move finish callback task[609a1ab16103e9f9eeb0a33e][AGV30] 6(1) -> 7(8) [loadPlayload]
[INFO]2021-05-11 13:49:27,186: ***************进入onFinish.loadPlayload**********************
[INFO]2021-05-11 13:49:27,190: task[609a1ab16103e9f9eeb0a33e] update info: {'failMsg': 'AGV顶升', 'updateTime': datetime.datetime(2021, 5, 11, 13, 49, 27, 188125)}
[INFO]2021-05-11 13:49:27,192: *********发送下料到位信号********* 0,0,1,0
[INFO]2021-05-11 13:49:27,194: 当前信号： {'status': [0, 0, 0, 0, 0, 0, 0, 0]}
[INFO]2021-05-11 13:49:27,196: 无离开下料位信号，继续等待： 2021-05-11 13:49:27
[INFO]2021-05-11 13:49:27,199: 等待次数: 1
[INFO]2021-05-11 13:49:27,713: 当前信号： {'status': [0, 0, 0, 0, 0, 0, 0, 0]}
[INFO]2021-05-11 13:49:27,717: 无离开下料位信号，继续等待： 2021-05-11 13:49:27
[INFO]2021-05-11 13:49:27,724: 等待次数: 2
[INFO]2021-05-11 13:49:28,241: 当前信号： {'status': [0, 0, 0, 0, 0, 0, 0, 0]}
[INFO]2021-05-11 13:49:28,245: 无离开下料位信号，继续等待： 2021-05-11 13:49:28
[INFO]2021-05-11 13:49:28,247: 等待次数: 3
[INFO]2021-05-11 13:49:28,760: 当前信号： {'status': [0, 0, 0, 0, 0, 0, 0, 0]}
[INFO]2021-05-11 13:49:28,763: 无离开下料位信号，继续等待： 2021-05-11 13:49:28
[INFO]2021-05-11 13:49:28,764: 等待次数: 4
[INFO]2021-05-11 13:49:29,277: 当前信号： {'status': [0, 0, 0, 0, 0, 0, 0, 0]}
[INFO]2021-05-11 13:49:29,279: 无离开下料位信号，继续等待： 2021-05-11 13:49:29
[INFO]2021-05-11 13:49:29,281: 等待次数: 5
[INFO]2021-05-11 13:49:29,793: 当前信号： {'status': [0, 0, 0, 0, 0, 0, 0, 0]}
[INFO]2021-05-11 13:49:29,794: 无离开下料位信号，继续等待： 2021-05-11 13:49:29
[INFO]2021-05-11 13:49:29,796: 等待次数: 6
[INFO]2021-05-11 13:49:30,311: 当前信号： {'status': [0, 0, 0, 0, 0, 0, 0, 0]}
[INFO]2021-05-11 13:49:30,314: 无离开下料位信号，继续等待： 2021-05-11 13:49:30
[INFO]2021-05-11 13:49:30,322: 等待次数: 7
[INFO]2021-05-11 13:49:30,828: 当前信号： {'status': [0, 0, 0, 0, 0, 0, 0, 0]}
[INFO]2021-05-11 13:49:30,831: 无离开下料位信号，继续等待： 2021-05-11 13:49:30
[INFO]2021-05-11 13:49:30,840: 等待次数: 8
[INFO]2021-05-11 13:49:31,358: 当前信号： {'status': [0, 0, 0, 0, 0, 0, 0, 0]}
[INFO]2021-05-11 13:49:31,361: 无离开下料位信号，继续等待： 2021-05-11 13:49:31
[INFO]2021-05-11 13:49:31,364: 等待次数: 9
[INFO]2021-05-11 13:49:31,873: 当前信号： {'status': [0, 0, 0, 0, 0, 0, 0, 0]}
[INFO]2021-05-11 13:49:31,877: 无离开下料位信号，继续等待： 2021-05-11 13:49:31
[INFO]2021-05-11 13:49:31,885: 等待次数: 10
[INFO]2021-05-11 13:49:32,388: 当前信号： {'status': [0, 0, 0, 0, 0, 0, 0, 0]}
[INFO]2021-05-11 13:49:32,392: 无离开下料位信号，继续等待： 2021-05-11 13:49:32
[INFO]2021-05-11 13:49:32,400: 等待次数: 11
[INFO]2021-05-11 13:49:32,904: 当前信号： {'status': [0, 0, 0, 0, 0, 0, 0, 0]}
[INFO]2021-05-11 13:49:32,907: 无离开下料位信号，继续等待： 2021-05-11 13:49:32
[INFO]2021-05-11 13:49:32,915: 等待次数: 12
[INFO]2021-05-11 13:49:33,421: 当前信号： {'status': [0, 0, 0, 0, 0, 0, 0, 0]}
[INFO]2021-05-11 13:49:33,423: 无离开下料位信号，继续等待： 2021-05-11 13:49:33
[INFO]2021-05-11 13:49:33,427: 等待次数: 13
[INFO]2021-05-11 13:49:33,939: 当前信号： {'status': [0, 0, 0, 0, 0, 0, 0, 0]}
[INFO]2021-05-11 13:49:33,943: 无离开下料位信号，继续等待： 2021-05-11 13:49:33
[INFO]2021-05-11 13:49:33,945: 等待次数: 14
[INFO]2021-05-11 13:49:34,454: 当前信号： {'status': [0, 0, 0, 0, 0, 0, 0, 0]}
[INFO]2021-05-11 13:49:34,457: 无离开下料位信号，继续等待： 2021-05-11 13:49:34
[INFO]2021-05-11 13:49:34,459: 等待次数: 15
[INFO]2021-05-11 13:49:34,462: ****等待15次无离开信号****
[WARNING]2021-05-11 13:49:34,464: Thread-3[tid:9024] <locked _thread.RLock object owner=9024 count=1 at 0x000002002A089DB0> ,hold 7282 ms
[INFO]2021-05-11 13:49:34,468: name=Thread-3, pid=10180, tid=9024
[01] File "E:/Users/Administrator/AppData/Local/Programs/Python/Python38/lib/threading.py", line 870, in run() 
[02] File "../agvCtrl/agvApi.py", line 279, in _checkFinish() 
[03] File "../common/lock.py", line 122, in _call() 
[04] File "../common/lock.py", line 100, in release() 
[05] File "E:/projects_by_myself/backup/MeiWei_back_0421/common/enhance.py", line 258, in getTrace() 
[06] File "E:/projects_by_myself/backup/MeiWei_back_0421/common/enhance.py", line 240, in getThreadStack()
[WARNING]2021-05-11 13:49:34,475: scada.609a1ab16103e9f9eeb0a33e[tid:18344] <locked _thread.RLock object owner=18344 count=1 at 0x000002002A089DB0> ,hold 7233 ms
[INFO]2021-05-11 13:49:34,479: name=scada.609a1ab16103e9f9eeb0a33e, pid=10180, tid=18344
[01] File "E:/Users/Administrator/AppData/Local/Programs/Python/Python38/lib/threading.py", line 870, in run() 
[02] File "../common/utility.py", line 167, in __call() 
[03] File "E:/projects_by_myself/backup/MeiWei_back_0421/akmCtrl/beans/scadaTaskBean.py", line 765, in _taskFunc() 
[04] File "../common/lock.py", line 122, in _call() 
[05] File "../common/lock.py", line 100, in release() 
[06] File "E:/projects_by_myself/backup/MeiWei_back_0421/common/enhance.py", line 258, in getTrace() 
[07] File "E:/projects_by_myself/backup/MeiWei_back_0421/common/enhance.py", line 240, in getThreadStack()
[DEBUG]2021-05-11 13:49:34,488: task[609a1ab16103e9f9eeb0a33e][AGV30] 6(1) -> 7(8) [loadPlayload_jackup] loadPlayload_readqr -> loadPlayload_jackup
[INFO]2021-05-11 13:49:34,797: task[609a1ab16103e9f9eeb0a33e][AGV30] 6(1) -> 7(8) [loadPlayload_jackup] _jackUp
[DEBUG]2021-05-11 13:49:34,800: send http_get: http://127.0.0.1:5551/api/agv/jackupOld?agv=AGV30&loc=None&timeoutSec=90
[DEBUG]2021-05-11 13:49:34,814: GET: http://127.0.0.1:5551/api/agv/jackupOld?agv=AGV30&loc=None&timeoutSec=90 addr: 127.0.0.1
[INFO]2021-05-11 13:49:34,818: ************run jackUpOld********************
[DEBUG]2021-05-11 13:49:35,875: used 1061ms 200 OK application/json;charset=utf-8, GET: http://127.0.0.1:5551/api/agv/jackupOld?agv=AGV30&loc=None&timeoutSec=90
[DEBUG]2021-05-11 13:49:36,060: [return] use 1260 ms,http_get: http://127.0.0.1:5551/api/agv/jackupOld?agv=AGV30&loc=None&timeoutSec=90
[INFO]2021-05-11 13:49:36,187: task[609a1ab16103e9f9eeb0a33e] update info: {'failMsg': '等待MeiWeiTarget工位点锁', 'updateTime': datetime.datetime(2021, 5, 11, 13, 49, 36, 155893)}
[DEBUG]2021-05-11 13:49:36,265: task[609a1ab16103e9f9eeb0a33e][AGV30] 6(1) -> 7(8) [waitDestPreLoc] loadPlayload_jackup -> waitDestPreLoc
[INFO]2021-05-11 13:49:36,670: task: prepoint locked  609a1ab16103e9f9eeb0a33e meiwei428.7
[INFO]2021-05-11 13:49:36,839: task[609a1ab16103e9f9eeb0a33e] update info: {'failMsg': '前往7工位点放下货架', 'updateTime': datetime.datetime(2021, 5, 11, 13, 49, 36, 794203)}
[DEBUG]2021-05-11 13:49:36,948: task[609a1ab16103e9f9eeb0a33e][AGV30] 6(1) -> 7(8) [movePreSource] waitDestPreLoc -> movePreSource
[INFO]2021-05-11 13:49:37,439: *************进入目的地的前置点***********
[INFO]2021-05-11 13:49:37,550: ***************调用move方法
[DEBUG]2021-05-11 13:49:37,614: GET: http://127.0.0.1:5551/api/agv/move?WorkPlace=None&agv=AGV30&agvId=AGV30&appName=MeiWeiTask&direction=None&floorId=meiwei428&isRotate&loc=meiwei428.8&location=8&p_direction=0.0&recognize=False&result=True&resultDesc=None&taskId=609a1ab16103e9f9eeb0a33e_4&taskType=scadaTask&timeoutSec=86400&use_pgv=False addr: 127.0.0.1
[INFO]2021-05-11 13:49:37,623: Begin: AGV30 move from meiwei428.6 to meiwei428.8 by paths: [('meiwei428', ['6', '8'], 13.796457493088086)] task: 609a1ab16103e9f9eeb0a33e_4 timeout 86400 used 6 ms
[DEBUG]2021-05-11 13:49:37,625: task[609a1ab16103e9f9eeb0a33e][AGV30] 6(1) -> 7(8) [movePreSourceStep] movePreSource -> movePreSourceStep
[DEBUG]2021-05-11 13:49:38,485: agvInfo: AGV30 meiwei428.6 move to meiwei428.8 ,taskId 609a1ab16103e9f9eeb0a33e_4
[DEBUG]2021-05-11 13:49:57,636: AGV30 set loc meiwei428.8 ,old 6 (15.95,0.56)
[SUCC]2021-05-11 13:49:58,983: Finish:  AGV30 arrived meiwei428.8 ,task: 609a1ab16103e9f9eeb0a33e_4
[INFO]2021-05-11 13:49:59,374: task: move finish callback task[609a1ab16103e9f9eeb0a33e][AGV30] 6(1) -> 7(8) [movePreSourceStep]
[INFO]2021-05-11 13:49:59,376: *****发送完全离开了下料点的信号***** 0,0,0,1
[INFO]2021-05-11 13:49:59,377: *****三个工位点移动*****
[INFO]2021-05-11 13:49:59,378: *****移动到下料工作站1*****
[INFO]2021-05-11 13:49:59,496: ***************调用move方法
[DEBUG]2021-05-11 13:49:59,501: GET: http://127.0.0.1:5551/api/agv/move?WorkPlace=None&agv=AGV30&agvId=AGV30&appName=MeiWeiTask&direction=None&floorId=meiwei428&isRotate&loc=meiwei428.10&location=10&p_direction=0.0&recognize=False&result=True&resultDesc=None&taskId=609a1ab16103e9f9eeb0a33e_5&taskType=scadaTask&timeoutSec=86400&use_pgv=False addr: 127.0.0.1
[INFO]2021-05-11 13:49:59,517: Begin: AGV30 move from meiwei428.8 to meiwei428.10 by paths: [('meiwei428', ['8', '10'], 1.8044640304941097)] task: 609a1ab16103e9f9eeb0a33e_5 timeout 86400 used 12 ms
[DEBUG]2021-05-11 13:49:59,519: used 18ms 200 OK application/json;charset=utf-8, GET: http://127.0.0.1:5551/api/agv/move?WorkPlace=None&agv=AGV30&agvId=AGV30&appName=MeiWeiTask&direction=None&floorId=meiwei428&isRotate&loc=meiwei428.10&location=10&p_direction=0.0&recognize=False&result=True&resultDesc=None&taskId=609a1ab16103e9f9eeb0a33e_5&taskType=scadaTask&timeoutSec=86400&use_pgv=False
[DEBUG]2021-05-11 13:49:59,521: task[609a1ab16103e9f9eeb0a33e][AGV30] 6(1) -> 7(8) [move2workstation1_onfinish] move2workstation1 -> move2workstation1_onfinish
[DEBUG]2021-05-11 13:50:00,552: agvInfo: AGV30 meiwei428.8 move to meiwei428.10 ,taskId 609a1ab16103e9f9eeb0a33e_5
[DEBUG]2021-05-11 13:50:02,744: AGV30 set loc meiwei428.10 ,old 8 (17.60,0.56)
[WARNING]2021-05-11 13:50:03,129: AGV30 waitFinish status error: 10 ,target= 10 task_status= 2
[SUCC]2021-05-11 13:50:04,647: Finish:  AGV30 arrived meiwei428.10 ,task: 609a1ab16103e9f9eeb0a33e_5
[INFO]2021-05-11 13:50:05,076: task: move finish callback task[609a1ab16103e9f9eeb0a33e][AGV30] 6(1) -> 7(8) [move2workstation1_onfinish]
[INFO]2021-05-11 13:50:05,080: ****移动到下料工作站1****
[INFO]2021-05-11 13:50:05,082: ***工作站1等待放行信号， {'bt_0': [0, 0, 0], 'bt_1': [0, 0, 0], 'bt_2': [0, 0, 0]} 2021-05-11 13:50:05
[INFO]2021-05-11 13:50:06,600: ***工作站1等待放行信号， {'bt_0': [0, 0, 0], 'bt_1': [0, 0, 0], 'bt_2': [0, 0, 0]} 2021-05-11 13:50:06
[INFO]2021-05-11 13:50:08,118: ***工作站1等待放行信号， {'bt_0': [0, 0, 0], 'bt_1': [0, 0, 0], 'bt_2': [0, 0, 0]} 2021-05-11 13:50:08
[INFO]2021-05-11 13:50:09,628: ***工作站1等待放行信号， {'bt_0': [0, 0, 0], 'bt_1': [0, 0, 0], 'bt_2': [0, 0, 0]} 2021-05-11 13:50:09
[INFO]2021-05-11 13:50:11,138: ***工作站1等待放行信号， {'bt_0': [0, 0, 0], 'bt_1': [0, 0, 0], 'bt_2': [0, 0, 0]} 2021-05-11 13:50:11
[INFO]2021-05-11 13:50:12,647: ***工作站1等待放行信号， {'bt_0': [0, 0, 0], 'bt_1': [0, 0, 0], 'bt_2': [0, 0, 0]} 2021-05-11 13:50:12
[INFO]2021-05-11 13:50:14,159: ***工作站1等待放行信号， {'bt_0': [0, 0, 0], 'bt_1': [0, 0, 0], 'bt_2': [0, 0, 0]} 2021-05-11 13:50:14
[INFO]2021-05-11 13:50:15,674: ***工作站1等待放行信号， {'bt_0': [0, 0, 0], 'bt_1': [0, 0, 0], 'bt_2': [0, 0, 0]} 2021-05-11 13:50:15
[INFO]2021-05-11 13:50:17,183: ***工作站1等待放行信号， {'bt_0': [0, 0, 0], 'bt_1': [0, 0, 0], 'bt_2': [0, 0, 0]} 2021-05-11 13:50:17
[INFO]2021-05-11 13:50:18,696: ***工作站1等待放行信号， {'bt_0': [0, 0, 0], 'bt_1': [0, 0, 0], 'bt_2': [0, 0, 0]} 2021-05-11 13:50:18
[INFO]2021-05-11 13:50:20,208: ***工作站1等待放行信号， {'bt_0': [0, 0, 0], 'bt_1': [0, 0, 0], 'bt_2': [0, 0, 0]} 2021-05-11 13:50:20
[INFO]2021-05-11 13:50:21,721: ***工作站1等待放行信号， {'bt_0': [0, 0, 0], 'bt_1': [0, 0, 0], 'bt_2': [0, 0, 0]} 2021-05-11 13:50:21
[INFO]2021-05-11 13:50:23,231: ***工作站1等待放行信号， {'bt_0': [0, 0, 0], 'bt_1': [0, 0, 0], 'bt_2': [0, 0, 0]} 2021-05-11 13:50:23
[INFO]2021-05-11 13:50:24,744: ***工作站1等待放行信号， {'bt_0': [0, 0, 0], 'bt_1': [0, 0, 0], 'bt_2': [0, 0, 0]} 2021-05-11 13:50:24
[INFO]2021-05-11 13:50:26,261: ***工作站1等待放行信号， {'bt_0': [0, 0, 0], 'bt_1': [0, 0, 0], 'bt_2': [0, 0, 0]} 2021-05-11 13:50:26
[WARNING]2021-05-11 13:50:27,774: Thread-3[tid:9024] <locked _thread.RLock object owner=9024 count=1 at 0x000002002A089DB0> ,hold 22699 ms
[INFO]2021-05-11 13:50:27,776: name=Thread-3, pid=10180, tid=9024
[01] File "E:/Users/Administrator/AppData/Local/Programs/Python/Python38/lib/threading.py", line 870, in run() 
[02] File "../agvCtrl/agvApi.py", line 279, in _checkFinish() 
[03] File "../common/lock.py", line 122, in _call() 
[04] File "../common/lock.py", line 100, in release() 
[05] File "E:/projects_by_myself/backup/MeiWei_back_0421/common/enhance.py", line 258, in getTrace() 
[06] File "E:/projects_by_myself/backup/MeiWei_back_0421/common/enhance.py", line 240, in getThreadStack()
[INFO]2021-05-11 13:50:27,779: 进入move2workstation2
[INFO]2021-05-11 13:50:27,780: ***************调用move方法
[DEBUG]2021-05-11 13:50:27,782: GET: http://127.0.0.1:5551/api/agv/move?WorkPlace=None&agv=AGV30&agvId=AGV30&appName=MeiWeiTask&direction=None&floorId=meiwei428&isRotate&loc=meiwei428.11&location=11&p_direction=0.0&recognize=False&result=True&resultDesc=None&taskId=609a1ab16103e9f9eeb0a33e_5&taskType=scadaTask&timeoutSec=86400&use_pgv=False addr: 127.0.0.1
[INFO]2021-05-11 13:50:27,789: Begin: AGV30 move from meiwei428.10 to meiwei428.11 by paths: [('meiwei428', ['10', '11'], 1.4304758833316882)] task: 609a1ab16103e9f9eeb0a33e_5 timeout 86400 used 5 ms
[DEBUG]2021-05-11 13:50:27,791: used 9ms 200 OK application/json;charset=utf-8, GET: http://127.0.0.1:5551/api/agv/move?WorkPlace=None&agv=AGV30&agvId=AGV30&appName=MeiWeiTask&direction=None&floorId=meiwei428&isRotate&loc=meiwei428.11&location=11&p_direction=0.0&recognize=False&result=True&resultDesc=None&taskId=609a1ab16103e9f9eeb0a33e_5&taskType=scadaTask&timeoutSec=86400&use_pgv=False
[WARNING]2021-05-11 13:50:27,793: scada.609a1ab16103e9f9eeb0a33e[tid:18344] <locked _thread.RLock object owner=18344 count=1 at 0x000002002A089DB0> ,hold 22646 ms
[INFO]2021-05-11 13:50:27,795: name=scada.609a1ab16103e9f9eeb0a33e, pid=10180, tid=18344
[01] File "E:/Users/Administrator/AppData/Local/Programs/Python/Python38/lib/threading.py", line 870, in run() 
[02] File "../common/utility.py", line 167, in __call() 
[03] File "E:/projects_by_myself/backup/MeiWei_back_0421/akmCtrl/beans/scadaTaskBean.py", line 765, in _taskFunc() 
[04] File "../common/lock.py", line 122, in _call() 
[05] File "../common/lock.py", line 100, in release() 
[06] File "E:/projects_by_myself/backup/MeiWei_back_0421/common/enhance.py", line 258, in getTrace() 
[07] File "E:/projects_by_myself/backup/MeiWei_back_0421/common/enhance.py", line 240, in getThreadStack()
[DEBUG]2021-05-11 13:50:27,797: task[609a1ab16103e9f9eeb0a33e][AGV30] 6(1) -> 7(8) [move2workstation2_onfinish] move2workstation2 -> move2workstation2_onfinish
[DEBUG]2021-05-11 13:50:28,706: agvInfo: AGV30 meiwei428.10 move to meiwei428.11 ,taskId 609a1ab16103e9f9eeb0a33e_5
[DEBUG]2021-05-11 13:50:31,052: AGV30 set loc meiwei428.11 ,old 10 (19.18,0.56)
[SUCC]2021-05-11 13:50:32,258: Finish:  AGV30 arrived meiwei428.11 ,task: 609a1ab16103e9f9eeb0a33e_5
[INFO]2021-05-11 13:50:32,493: task: move finish callback task[609a1ab16103e9f9eeb0a33e][AGV30] 6(1) -> 7(8) [move2workstation2_onfinish]
[INFO]2021-05-11 13:50:32,495: ****移动到下料工作站2****
[INFO]2021-05-11 13:50:32,496: ***工作站2等待放行信号， {'bt_0': [0, 0, 0], 'bt_1': [0, 0, 0], 'bt_2': [0, 0, 0]} 2021-05-11 13:50:32
[INFO]2021-05-11 13:50:34,001: ***工作站2等待放行信号， {'bt_0': [0, 0, 0], 'bt_1': [0, 0, 0], 'bt_2': [0, 0, 0]} 2021-05-11 13:50:34
[INFO]2021-05-11 13:50:35,512: ***工作站2等待放行信号， {'bt_0': [0, 0, 0], 'bt_1': [0, 0, 0], 'bt_2': [0, 0, 0]} 2021-05-11 13:50:35
[INFO]2021-05-11 13:50:37,027: ***工作站2等待放行信号， {'bt_0': [0, 0, 0], 'bt_1': [0, 0, 0], 'bt_2': [0, 0, 0]} 2021-05-11 13:50:37
[INFO]2021-05-11 13:50:38,537: ***工作站2等待放行信号， {'bt_0': [0, 0, 0], 'bt_1': [0, 0, 0], 'bt_2': [0, 0, 0]} 2021-05-11 13:50:38
[INFO]2021-05-11 13:50:40,049: ***工作站2等待放行信号， {'bt_0': [0, 0, 0], 'bt_1': [0, 0, 0], 'bt_2': [0, 0, 0]} 2021-05-11 13:50:40
[INFO]2021-05-11 13:50:41,561: ***工作站2等待放行信号， {'bt_0': [0, 0, 0], 'bt_1': [0, 0, 0], 'bt_2': [0, 0, 0]} 2021-05-11 13:50:41
[INFO]2021-05-11 13:50:43,075: ***工作站2等待放行信号， {'bt_0': [0, 0, 0], 'bt_1': [0, 0, 0], 'bt_2': [0, 0, 0]} 2021-05-11 13:50:43
[INFO]2021-05-11 13:50:44,587: ***工作站2等待放行信号， {'bt_0': [0, 0, 0], 'bt_1': [0, 0, 0], 'bt_2': [0, 0, 0]} 2021-05-11 13:50:44
[INFO]2021-05-11 13:50:46,098: ***工作站2等待放行信号， {'bt_0': [0, 0, 0], 'bt_1': [0, 0, 0], 'bt_2': [0, 0, 0]} 2021-05-11 13:50:46
[INFO]2021-05-11 13:50:47,616: ***工作站2等待放行信号， {'bt_0': [0, 0, 0], 'bt_1': [0, 0, 0], 'bt_2': [0, 0, 0]} 2021-05-11 13:50:47
[INFO]2021-05-11 13:50:49,119: ***工作站2等待放行信号， {'bt_0': [0, 0, 0], 'bt_1': [0, 0, 0], 'bt_2': [0, 0, 0]} 2021-05-11 13:50:49
[INFO]2021-05-11 13:50:50,626: ***工作站2等待放行信号， {'bt_0': [0, 0, 0], 'bt_1': [0, 0, 0], 'bt_2': [0, 0, 0]} 2021-05-11 13:50:50
[INFO]2021-05-11 13:50:52,144: ***工作站2等待放行信号， {'bt_0': [0, 0, 0], 'bt_1': [0, 0, 0], 'bt_2': [0, 0, 0]} 2021-05-11 13:50:52
[INFO]2021-05-11 13:50:53,660: ***工作站2等待放行信号， {'bt_0': [0, 0, 0], 'bt_1': [0, 0, 0], 'bt_2': [0, 0, 0]} 2021-05-11 13:50:53
[WARNING]2021-05-11 13:50:55,165: Thread-3[tid:9024] <locked _thread.RLock object owner=9024 count=1 at 0x000002002A089DB0> ,hold 22672 ms
[INFO]2021-05-11 13:50:55,167: name=Thread-3, pid=10180, tid=9024
[01] File "E:/Users/Administrator/AppData/Local/Programs/Python/Python38/lib/threading.py", line 870, in run() 
[02] File "../agvCtrl/agvApi.py", line 279, in _checkFinish() 
[03] File "../common/lock.py", line 122, in _call() 
[04] File "../common/lock.py", line 100, in release() 
[05] File "E:/projects_by_myself/backup/MeiWei_back_0421/common/enhance.py", line 258, in getTrace() 
[06] File "E:/projects_by_myself/backup/MeiWei_back_0421/common/enhance.py", line 240, in getThreadStack()
[INFO]2021-05-11 13:50:55,169: ***************调用move方法
[DEBUG]2021-05-11 13:50:55,172: GET: http://127.0.0.1:5551/api/agv/move?WorkPlace=None&agv=AGV30&agvId=AGV30&appName=MeiWeiTask&direction=None&floorId=meiwei428&isRotate&loc=meiwei428.12&location=12&p_direction=0.0&recognize=False&result=True&resultDesc=None&taskId=609a1ab16103e9f9eeb0a33e_6&taskType=scadaTask&timeoutSec=86400&use_pgv=False addr: 127.0.0.1
[INFO]2021-05-11 13:50:55,182: Begin: AGV30 move from meiwei428.11 to meiwei428.12 by paths: [('meiwei428', ['11', '12'], 2.4404248984163965)] task: 609a1ab16103e9f9eeb0a33e_6 timeout 86400 used 8 ms
[DEBUG]2021-05-11 13:50:55,184: used 12ms 200 OK application/json;charset=utf-8, GET: http://127.0.0.1:5551/api/agv/move?WorkPlace=None&agv=AGV30&agvId=AGV30&appName=MeiWeiTask&direction=None&floorId=meiwei428&isRotate&loc=meiwei428.12&location=12&p_direction=0.0&recognize=False&result=True&resultDesc=None&taskId=609a1ab16103e9f9eeb0a33e_6&taskType=scadaTask&timeoutSec=86400&use_pgv=False
[WARNING]2021-05-11 13:50:55,186: scada.609a1ab16103e9f9eeb0a33e[tid:18344] <locked _thread.RLock object owner=18344 count=1 at 0x000002002A089DB0> ,hold 22384 ms
[INFO]2021-05-11 13:50:55,188: name=scada.609a1ab16103e9f9eeb0a33e, pid=10180, tid=18344
[01] File "E:/Users/Administrator/AppData/Local/Programs/Python/Python38/lib/threading.py", line 870, in run() 
[02] File "../common/utility.py", line 167, in __call() 
[03] File "E:/projects_by_myself/backup/MeiWei_back_0421/akmCtrl/beans/scadaTaskBean.py", line 765, in _taskFunc() 
[04] File "../common/lock.py", line 122, in _call() 
[05] File "../common/lock.py", line 100, in release() 
[06] File "E:/projects_by_myself/backup/MeiWei_back_0421/common/enhance.py", line 258, in getTrace() 
[07] File "E:/projects_by_myself/backup/MeiWei_back_0421/common/enhance.py", line 240, in getThreadStack()
[DEBUG]2021-05-11 13:50:55,191: task[609a1ab16103e9f9eeb0a33e][AGV30] 6(1) -> 7(8) [move2workstation3_onfinish] move2workstation3 -> move2workstation3_onfinish
[DEBUG]2021-05-11 13:50:55,812: agvInfo: AGV30 meiwei428.11 move to meiwei428.12 ,taskId 609a1ab16103e9f9eeb0a33e_6
[DEBUG]2021-05-11 13:50:59,285: AGV30 set loc meiwei428.12 ,old 11 (21.57,0.68)
[WARNING]2021-05-11 13:50:59,403: AGV30 waitFinish status error: 12 ,target= 12 task_status= 2
[SUCC]2021-05-11 13:51:00,913: Finish:  AGV30 arrived meiwei428.12 ,task: 609a1ab16103e9f9eeb0a33e_6
[INFO]2021-05-11 13:51:01,417: task: move finish callback task[609a1ab16103e9f9eeb0a33e][AGV30] 6(1) -> 7(8) [move2workstation3_onfinish]
[INFO]2021-05-11 13:51:01,418: ****移动到下料工作站3****
[INFO]2021-05-11 13:51:01,419: ***工作站3等待放行信号， {'bt_0': [0, 0, 0], 'bt_1': [0, 0, 0], 'bt_2': [0, 0, 0]} 2021-05-11 13:51:01
[INFO]2021-05-11 13:51:02,934: ***工作站3等待放行信号， {'bt_0': [0, 0, 0], 'bt_1': [0, 0, 0], 'bt_2': [0, 0, 0]} 2021-05-11 13:51:02
[INFO]2021-05-11 13:51:04,445: ***工作站3等待放行信号， {'bt_0': [0, 0, 0], 'bt_1': [0, 0, 0], 'bt_2': [0, 0, 0]} 2021-05-11 13:51:04
[INFO]2021-05-11 13:51:05,959: ***工作站3等待放行信号， {'bt_0': [0, 0, 0], 'bt_1': [0, 0, 0], 'bt_2': [0, 0, 0]} 2021-05-11 13:51:05
[INFO]2021-05-11 13:51:07,476: ***工作站3等待放行信号， {'bt_0': [0, 0, 0], 'bt_1': [0, 0, 0], 'bt_2': [0, 0, 0]} 2021-05-11 13:51:07
[INFO]2021-05-11 13:51:08,985: ***工作站3等待放行信号， {'bt_0': [0, 0, 0], 'bt_1': [0, 0, 0], 'bt_2': [0, 0, 0]} 2021-05-11 13:51:08
[INFO]2021-05-11 13:51:10,497: ***工作站3等待放行信号， {'bt_0': [0, 0, 0], 'bt_1': [0, 0, 0], 'bt_2': [0, 0, 0]} 2021-05-11 13:51:10
[INFO]2021-05-11 13:51:12,011: ***工作站3等待放行信号， {'bt_0': [0, 0, 0], 'bt_1': [0, 0, 0], 'bt_2': [0, 0, 0]} 2021-05-11 13:51:12
[INFO]2021-05-11 13:51:13,520: ***工作站3等待放行信号， {'bt_0': [0, 0, 0], 'bt_1': [0, 0, 0], 'bt_2': [0, 0, 0]} 2021-05-11 13:51:13
[INFO]2021-05-11 13:51:15,036: ***工作站3等待放行信号， {'bt_0': [0, 0, 0], 'bt_1': [0, 0, 0], 'bt_2': [0, 0, 0]} 2021-05-11 13:51:15
[INFO]2021-05-11 13:51:16,551: ***工作站3等待放行信号， {'bt_0': [0, 0, 0], 'bt_1': [0, 0, 0], 'bt_2': [0, 0, 0]} 2021-05-11 13:51:16
[INFO]2021-05-11 13:51:18,063: ***工作站3等待放行信号， {'bt_0': [0, 0, 0], 'bt_1': [0, 0, 0], 'bt_2': [0, 0, 0]} 2021-05-11 13:51:18
[INFO]2021-05-11 13:51:19,578: ***工作站3等待放行信号， {'bt_0': [0, 0, 0], 'bt_1': [0, 0, 0], 'bt_2': [0, 0, 0]} 2021-05-11 13:51:19
[INFO]2021-05-11 13:51:21,092: ***工作站3等待放行信号， {'bt_0': [0, 0, 0], 'bt_1': [0, 0, 0], 'bt_2': [0, 0, 0]} 2021-05-11 13:51:21
[INFO]2021-05-11 13:51:22,607: ***工作站3等待放行信号， {'bt_0': [0, 0, 0], 'bt_1': [0, 0, 0], 'bt_2': [0, 0, 0]} 2021-05-11 13:51:22
[WARNING]2021-05-11 13:51:24,118: Thread-3[tid:9024] <locked _thread.RLock object owner=9024 count=1 at 0x000002002A089DB0> ,hold 22701 ms
[INFO]2021-05-11 13:51:24,122: name=Thread-3, pid=10180, tid=9024
[01] File "E:/Users/Administrator/AppData/Local/Programs/Python/Python38/lib/threading.py", line 870, in run() 
[02] File "../agvCtrl/agvApi.py", line 279, in _checkFinish() 
[03] File "../common/lock.py", line 122, in _call() 
[04] File "../common/lock.py", line 100, in release() 
[05] File "E:/projects_by_myself/backup/MeiWei_back_0421/common/enhance.py", line 258, in getTrace() 
[06] File "E:/projects_by_myself/backup/MeiWei_back_0421/common/enhance.py", line 240, in getThreadStack()
[INFO]2021-05-11 13:51:24,126: ***************调用move方法
[DEBUG]2021-05-11 13:51:24,131: GET: http://127.0.0.1:5551/api/agv/move?WorkPlace=None&agv=AGV30&agvId=AGV30&appName=MeiWeiTask&direction=None&floorId=meiwei428&isRotate&loc=meiwei428.7&location=7&p_direction=0.0&recognize=False&result=True&resultDesc=None&taskId=609a1ab16103e9f9eeb0a33e_5&taskType=scadaTask&timeoutSec=86400&use_pgv=False addr: 127.0.0.1
[INFO]2021-05-11 13:51:24,146: Begin: AGV30 move from meiwei428.12 to meiwei428.7 by paths: [('meiwei428', ['12', '7'], 1.8910569182332337)] task: 609a1ab16103e9f9eeb0a33e_5 timeout 86400 used 13 ms
[DEBUG]2021-05-11 13:51:24,149: used 18ms 200 OK application/json;charset=utf-8, GET: http://127.0.0.1:5551/api/agv/move?WorkPlace=None&agv=AGV30&agvId=AGV30&appName=MeiWeiTask&direction=None&floorId=meiwei428&isRotate&loc=meiwei428.7&location=7&p_direction=0.0&recognize=False&result=True&resultDesc=None&taskId=609a1ab16103e9f9eeb0a33e_5&taskType=scadaTask&timeoutSec=86400&use_pgv=False
[INFO]2021-05-11 13:51:24,155: task[609a1ab16103e9f9eeb0a33e] update info: {'step': 'dropPayload', 'updateTime': datetime.datetime(2021, 5, 11, 13, 51, 24, 153229)}
[INFO]2021-05-11 13:51:24,156: 当前步骤： dropPayload
[WARNING]2021-05-11 13:51:24,158: scada.609a1ab16103e9f9eeb0a33e[tid:18344] <locked _thread.RLock object owner=18344 count=1 at 0x000002002A089DB0> ,hold 22714 ms
[INFO]2021-05-11 13:51:24,159: name=scada.609a1ab16103e9f9eeb0a33e, pid=10180, tid=18344
[01] File "E:/Users/Administrator/AppData/Local/Programs/Python/Python38/lib/threading.py", line 870, in run() 
[02] File "../common/utility.py", line 167, in __call() 
[03] File "E:/projects_by_myself/backup/MeiWei_back_0421/akmCtrl/beans/scadaTaskBean.py", line 765, in _taskFunc() 
[04] File "../common/lock.py", line 122, in _call() 
[05] File "../common/lock.py", line 100, in release() 
[06] File "E:/projects_by_myself/backup/MeiWei_back_0421/common/enhance.py", line 258, in getTrace() 
[07] File "E:/projects_by_myself/backup/MeiWei_back_0421/common/enhance.py", line 240, in getThreadStack()
[DEBUG]2021-05-11 13:51:24,162: task[609a1ab16103e9f9eeb0a33e][AGV30] 6(1) -> 7(8) [dropPayload] dropPayloadMove -> dropPayload
[DEBUG]2021-05-11 13:51:25,002: agvInfo: AGV30 meiwei428.12 move to meiwei428.7 ,taskId 609a1ab16103e9f9eeb0a33e_5
[DEBUG]2021-05-11 13:51:28,060: AGV30 set loc meiwei428.7 ,old 12 (23.51,0.77)
[WARNING]2021-05-11 13:51:28,082: AGV30 waitFinish status error: 7 ,target= 7 task_status= 2
[WARNING]2021-05-11 13:51:28,591: AGV30 waitFinish status error: 7 ,target= 7 task_status= 2
[WARNING]2021-05-11 13:51:29,109: AGV30 waitFinish status error: 7 ,target= 7 task_status= 2
[SUCC]2021-05-11 13:51:30,627: Finish:  AGV30 arrived meiwei428.7 ,task: 609a1ab16103e9f9eeb0a33e_5
[INFO]2021-05-11 13:51:30,847: task: move finish callback task[609a1ab16103e9f9eeb0a33e][AGV30] 6(1) -> 7(8) [dropPayload]
[INFO]2021-05-11 13:51:31,032: task[609a1ab16103e9f9eeb0a33e][AGV30] 6(1) -> 7(8) [dropPayloadJackdown] _jackDown
[DEBUG]2021-05-11 13:51:31,034: send http_get: http://127.0.0.1:5551/api/agv/jackdownOld?agv=AGV30&loc=None&timeoutSec=90
[DEBUG]2021-05-11 13:51:31,049: GET: http://127.0.0.1:5551/api/agv/jackdownOld?agv=AGV30&loc=None&timeoutSec=90 addr: 127.0.0.1
[INFO]2021-05-11 13:51:31,050: ************run jackDownOld********************
[DEBUG]2021-05-11 13:51:32,071: used 1022ms 200 OK application/json;charset=utf-8, GET: http://127.0.0.1:5551/api/agv/jackdownOld?agv=AGV30&loc=None&timeoutSec=90
[DEBUG]2021-05-11 13:51:32,198: [return] use 1165 ms,http_get: http://127.0.0.1:5551/api/agv/jackdownOld?agv=AGV30&loc=None&timeoutSec=90
[DEBUG]2021-05-11 13:51:32,212: task[609a1ab16103e9f9eeb0a33e][AGV30] 6(1) -> 7(8) [dropPayloadReset] dropPayloadJackdown -> dropPayloadReset
[INFO]2021-05-11 13:51:32,593: task[609a1ab16103e9f9eeb0a33e]:  successed {'step': 'finish', 'failMsg': '任务成功', 'endTime': datetime.datetime(2021, 5, 11, 13, 51, 32, 545861), 'status': 'success'}
[DEBUG]2021-05-11 13:51:32,673: task[609a1ab16103e9f9eeb0a33e][AGV30] 6(1) -> 7(8) [finish] dropPayloadReset -> finish
[INFO]2021-05-11 13:51:33,150: task[609a1ab16103e9f9eeb0a33e][AGV30] 6(1) -> 7(8) [finish] AGV30 release task, release agv True True False
[DEBUG]2021-05-11 13:51:33,356: GET: http://127.0.0.1:5551/api/agv/isLocked?agv=AGV30&appName=MeiWeiTask&taskId=609a1ab16103e9f9eeb0a33e addr: 127.0.0.1
[DEBUG]2021-05-11 13:51:33,484: used 128ms 200 OK application/json;charset=utf-8, GET: http://127.0.0.1:5551/api/agv/isLocked?agv=AGV30&appName=MeiWeiTask&taskId=609a1ab16103e9f9eeb0a33e
[DEBUG]2021-05-11 13:51:33,783: GET: http://127.0.0.1:5551/api/agv/release?agv=AGV30&appName=MeiWeiTask&force=False&taskId=609a1ab16103e9f9eeb0a33e addr: 127.0.0.1
[DEBUG]2021-05-11 13:51:33,893: unlock: AGV30 taskId 609a1ab16103e9f9eeb0a33e app MeiWeiTask force False
[DEBUG]2021-05-11 13:51:34,004: used 221ms 200 OK application/json;charset=utf-8, GET: http://127.0.0.1:5551/api/agv/release?agv=AGV30&appName=MeiWeiTask&force=False&taskId=609a1ab16103e9f9eeb0a33e
[INFO]2021-05-11 13:51:34,130: task[609a1ab16103e9f9eeb0a33e][AGV30] 6(1) -> 7(8) [finish] let AGV30 gohome
[DEBUG]2021-05-11 13:51:34,211: GET: http://127.0.0.1:5551/api/agv/goHome?agv=AGV30&appName=MeiWeiTask&force=False&timeout=10800 addr: 127.0.0.1
[INFO]2021-05-11 13:51:34,317: AGV30 gohome home_1 force False taskId home_1 : AGV30.7 -> meiwei428.9
[INFO]2021-05-11 13:51:36,061: Begin: AGV30 move from meiwei428.7 to meiwei428.9 by paths: [('meiwei428', ['7', '9'], 3.87438880919504)] task: home_1 timeout 10800 used 1632 ms
[DEBUG]2021-05-11 13:51:36,141: used 1930ms 200 OK application/json;charset=utf-8, GET: http://127.0.0.1:5551/api/agv/goHome?agv=AGV30&appName=MeiWeiTask&force=False&timeout=10800
[INFO]2021-05-11 13:51:36,329: task: prepoint released2  609a1ab16103e9f9eeb0a33e meiwei428.7
[WARNING]2021-05-11 13:51:36,406: scada.609a1ab16103e9f9eeb0a33e[tid:18344] <lock name:runTasks.g_lock,<locked _thread.RLock object owner=18344 count=1 at 0x0000020028FE3F30>> ,hold 3256 ms
[INFO]2021-05-11 13:51:36,564: name=scada.609a1ab16103e9f9eeb0a33e, pid=10180, tid=18344
[01] File "E:/Users/Administrator/AppData/Local/Programs/Python/Python38/lib/threading.py", line 870, in run() 
[02] File "../common/utility.py", line 167, in __call() 
[03] File "E:/projects_by_myself/backup/MeiWei_back_0421/akmCtrl/beans/scadaTaskBean.py", line 762, in _taskFunc() 
[04] File "../common/lock.py", line 122, in _call() 
[05] File "../common/lock.py", line 100, in release() 
[06] File "E:/projects_by_myself/backup/MeiWei_back_0421/common/enhance.py", line 258, in getTrace() 
[07] File "E:/projects_by_myself/backup/MeiWei_back_0421/common/enhance.py", line 240, in getThreadStack()
[INFO]2021-05-11 13:51:36,658: **********上一个按钮任务结束，重置状态，允许继续接受按钮任务************
[WARNING]2021-05-11 13:51:36,674: timer_thread[tid:5516] <lock name:runTasks.g_lock,<locked _thread.RLock object owner=5516 count=1 at 0x0000020028FE3F30>> ,hold 3365 ms
[INFO]2021-05-11 13:51:36,738: 运行结束，重置running
[INFO]2021-05-11 13:51:36,834: name=timer_thread, pid=10180, tid=5516
[01] File "E:/Users/Administrator/AppData/Local/Programs/Python/Python38/lib/threading.py", line 870, in run() 
[02] File "../common/mytimer.py", line 113, in _loop() 
[03] File "../common/lock.py", line 122, in _call() 
[04] File "../common/lock.py", line 100, in release() 
[05] File "E:/projects_by_myself/backup/MeiWei_back_0421/common/enhance.py", line 258, in getTrace() 
[06] File "E:/projects_by_myself/backup/MeiWei_back_0421/common/enhance.py", line 240, in getThreadStack()
[INFO]2021-05-11 13:51:36,866: task: stop task[609a1ab16103e9f9eeb0a33e][-] 6(1) -> 7(8) [finish]
[DEBUG]2021-05-11 13:51:37,863: agvInfo: AGV30 meiwei428.7 move to meiwei428.9 ,taskId home_1
[DEBUG]2021-05-11 13:51:37,987: task: delete task 609a1ab16103e9f9eeb0a33e
[DEBUG]2021-05-11 13:51:44,317: AGV30 set loc meiwei428.9 ,old 7 (27.38,0.85)
[SUCC]2021-05-11 13:51:45,854: Finish:  AGV30 arrived meiwei428.9 ,task: home_1
[DEBUG]2021-05-11 13:51:45,997: unlock: AGV30 taskId None app None force False
[ERROR]2021-05-11 13:51:55,598: user press Ctrl+C, system quit!
[WARNING]2021-05-11 13:51:55,661: runTask:stop save file
[ERROR]2021-05-11 13:51:55,772: process exited, living 0:04:02.402675 seconds
