[INFO]2021-06-07 16:30:10,948: log files at C:\Users\Administrator\Desktop\SVN\美维\MeiWei_back_0421\common\log
[INFO]2021-06-07 16:30:10,948: find module account.main_account
[INFO]2021-06-07 16:30:10,949: find module agvCtrl.main_agv
[INFO]2021-06-07 16:30:10,949: find module agvDevice.main_agvDevice
[INFO]2021-06-07 16:30:10,950: find module akmCtrl.main_akmCtrl
[INFO]2021-06-07 16:30:10,950: find module alarm.main_alarm
[INFO]2021-06-07 16:30:10,950: find module auth.main_auth
[INFO]2021-06-07 16:30:10,951: find module door.main_door
[INFO]2021-06-07 16:30:10,951: find module elevator.main_elevator
[INFO]2021-06-07 16:30:10,951: find module feed.main_feed
[INFO]2021-06-07 16:30:10,952: find module feed.main_feed_0427
[INFO]2021-06-07 16:30:10,952: find module remoteio.main_remoteio
[INFO]2021-06-07 16:30:10,952: import account.main_account
[INFO]2021-06-07 16:30:11,039: import agvCtrl.main_agv
[INFO]2021-06-07 16:30:11,336: create lock <lock name:doorMgr.lock,<unlocked _thread.RLock object owner=0 count=0 at 0x0000027A2FF8DDA0>>
[INFO]2021-06-07 16:30:11,350: create lock <lock name:door.lock,<unlocked _thread.RLock object owner=0 count=0 at 0x0000027A2FF8DF58>>
[INFO]2021-06-07 16:30:11,443: create lock <lock name:timer.lock_2723818143984,<unlocked _thread.RLock object owner=0 count=0 at 0x0000027A302F7C10>>
[ERROR]2021-06-07 16:30:11,457: mqtt is disabled
[INFO]2021-06-07 16:30:11,457: mqtt: subscribe [alarm/raise/+]
[INFO]2021-06-07 16:30:11,458: mqtt: subscribe [alarm/clear/+]
[INFO]2021-06-07 16:30:14,503: Mongodb connect to 127.0.0.1 port 27017
[INFO]2021-06-07 16:30:14,533: create lock <lock name:elevatorMgr.lock,<unlocked _thread.RLock object owner=0 count=0 at 0x0000027A305C90D0>>
[WARNING]2021-06-07 16:30:14,547: use mockAgvCtrl
[INFO]2021-06-07 16:30:14,550: create lock <lock name:mapMgr.lock,<unlocked _thread.RLock object owner=0 count=0 at 0x0000027A2E7CDC88>>
[INFO]2021-06-07 16:30:14,859: create lock <lock name:agvList.g_agvLock,<unlocked _thread.RLock object owner=0 count=0 at 0x0000027A30678058>>
[INFO]2021-06-07 16:30:14,865: create lock <lock name:taskList.lock,<unlocked _thread.RLock object owner=0 count=0 at 0x0000027A30678C88>>
[INFO]2021-06-07 16:30:14,924: charge policy 1 , fix time
[INFO]2021-06-07 16:30:14,962: create lock <lock name:agvApi.g_lock,<unlocked _thread.RLock object owner=0 count=0 at 0x0000027A306EF0D0>>
[INFO]2021-06-07 16:30:15,597: start load map C:\Users\Administrator\Desktop\SVN\美维\MeiWei_back_0421\agvCtrl\projects\test\AKM2F.smap
[DEBUG]2021-06-07 16:30:15,700: elevator thread start
[INFO]2021-06-07 16:30:15,720: load map C:\Users\Administrator\Desktop\SVN\美维\MeiWei_back_0421\agvCtrl\projects\test\AKM2F.smap ,used 131 ms
[INFO]2021-06-07 16:30:15,730: start load map C:\Users\Administrator\Desktop\SVN\美维\MeiWei_back_0421\agvCtrl\projects\test\akmsmt.smap
[INFO]2021-06-07 16:30:15,796: load map C:\Users\Administrator\Desktop\SVN\美维\MeiWei_back_0421\agvCtrl\projects\test\akmsmt.smap ,used 75 ms
[INFO]2021-06-07 16:30:15,805: start load map C:\Users\Administrator\Desktop\SVN\美维\MeiWei_back_0421\agvCtrl\projects\test\akmsmtMap.smap
[INFO]2021-06-07 16:30:15,949: load map C:\Users\Administrator\Desktop\SVN\美维\MeiWei_back_0421\agvCtrl\projects\test\akmsmtMap.smap ,used 152 ms
[INFO]2021-06-07 16:30:15,961: start load map C:\Users\Administrator\Desktop\SVN\美维\MeiWei_back_0421\agvCtrl\projects\test\desai-all-20191223.smap
[INFO]2021-06-07 16:30:16,106: load map C:\Users\Administrator\Desktop\SVN\美维\MeiWei_back_0421\agvCtrl\projects\test\desai-all-20191223.smap ,used 155 ms
[INFO]2021-06-07 16:30:16,119: start load map C:\Users\Administrator\Desktop\SVN\美维\MeiWei_back_0421\agvCtrl\projects\test\meiwei423.smap
[INFO]2021-06-07 16:30:16,237: load map C:\Users\Administrator\Desktop\SVN\美维\MeiWei_back_0421\agvCtrl\projects\test\meiwei423.smap ,used 127 ms
[INFO]2021-06-07 16:30:16,248: start load map C:\Users\Administrator\Desktop\SVN\美维\MeiWei_back_0421\agvCtrl\projects\test\meiwei428.smap
[INFO]2021-06-07 16:30:16,303: load map C:\Users\Administrator\Desktop\SVN\美维\MeiWei_back_0421\agvCtrl\projects\test\meiwei428.smap ,used 65 ms
[INFO]2021-06-07 16:30:16,308: import agvDevice.main_agvDevice
[INFO]2021-06-07 16:30:16,328: import akmCtrl.main_akmCtrl
[INFO]2021-06-07 16:30:16,346: create lock <lock name:runTasks.g_lock,<unlocked _thread.RLock object owner=0 count=0 at 0x0000027A30C7BCB0>>
[INFO]2021-06-07 16:30:16,365: create lock <lock name:agvApi.g_lock,<unlocked _thread.RLock object owner=0 count=0 at 0x0000027A30CAE6E8>>
[INFO]2021-06-07 16:30:16,407: create lock <lock name:runTasks.pre_lock,<unlocked _thread.RLock object owner=0 count=0 at 0x0000027A30C0E5F8>>
[INFO]2021-06-07 16:30:16,412: create lock <lock name:timer.lock_2723821809112,<unlocked _thread.RLock object owner=0 count=0 at 0x0000027A30C0E648>>
[INFO]2021-06-07 16:30:16,781: create lock <lock name:mapMgr.lock,<unlocked _thread.RLock object owner=0 count=0 at 0x0000027A31114468>>
[INFO]2021-06-07 16:30:16,871: import alarm.main_alarm
[INFO]2021-06-07 16:30:16,880: import auth.main_auth
[INFO]2021-06-07 16:30:16,894: import door.main_door
[INFO]2021-06-07 16:30:16,897: import elevator.main_elevator
[INFO]2021-06-07 16:30:16,940: create lock <lock name:elevatorApi.g_lock,<unlocked _thread.RLock object owner=0 count=0 at 0x0000027A31114D50>>
[INFO]2021-06-07 16:30:16,942: import feed.main_feed
[INFO]2021-06-07 16:30:17,040: IP: 0.0.0.0 port: 10001
[CRITICAL]2021-06-07 16:30:17,061: import main_feed failed, path: feed cause a error: [WinError 10013] 以一种访问权限不允许的方式做了一个访问套接字的尝试。
pid=15132, ppid=14364, tid=2804
Traceback (most recent call last):
  File "run_all.py", line 39, in findModule
    __import__(m[1])
  File "C:\Users\Administrator\Desktop\SVN\美维\MeiWei_back_0421\feed\main_feed.py", line 281, in <module>
    main()
  File "C:\Users\Administrator\Desktop\SVN\美维\MeiWei_back_0421\feed\main_feed.py", line 177, in main
    buttonSer = tcpSocket.server(ip, port, connectLen=100, acceptCallback=response)
  File "C:\Users\Administrator\Desktop\SVN\美维\MeiWei_back_0421\common\tcpSocket.py", line 34, in __init__
    self._socket.bind(self._addr)
OSError: [WinError 10013] 以一种访问权限不允许的方式做了一个访问套接字的尝试。

[CRITICAL]2021-06-07 16:30:17,089: import main_feed failed, path: feed ,cause [WinError 10013] 以一种访问权限不允许的方式做了一个访问套接字的尝试。
[INFO]2021-06-07 16:30:19,770: load agv file: C:\Users\Administrator\Desktop\SVN\美维\MeiWei_back_0421\agvCtrl/projects/test/agv.cfg
[INFO]2021-06-07 16:30:19,772: create lock <lock name:agvList.AGV30.lock,<unlocked _thread.RLock object owner=0 count=0 at 0x0000027A311148A0>>
[DEBUG]2021-06-07 16:30:19,805: create aliveObj AGV30 AGV离线异常 timeout 300
[INFO]2021-06-07 16:30:19,807: AGV30 start agvList run thread
[INFO]2021-06-07 16:30:19,808: AGV30 start agvList run2 thread
[ERROR]2021-06-07 16:30:19,815: agv check init error False
[INFO]2021-06-07 16:30:20,322: AGV30 current map meiwei428
[INFO]2021-06-07 16:30:20,331: AGV30 is online
