[INFO]2021-06-08 14:54:30,251: log files at C:\Users\Administrator\Desktop\SVN\美维\MeiWei_back_0421\common\log
[INFO]2021-06-08 14:54:30,251: find module account.main_account
[INFO]2021-06-08 14:54:30,252: find module agvCtrl.main_agv
[INFO]2021-06-08 14:54:30,253: find module agvDevice.main_agvDevice
[INFO]2021-06-08 14:54:30,253: find module akmCtrl.main_akmCtrl
[INFO]2021-06-08 14:54:30,256: find module alarm.main_alarm
[INFO]2021-06-08 14:54:30,256: find module auth.main_auth
[INFO]2021-06-08 14:54:30,257: find module door.main_door
[INFO]2021-06-08 14:54:30,257: find module elevator.main_elevator
[INFO]2021-06-08 14:54:30,260: find module feed.main_feed
[INFO]2021-06-08 14:54:30,261: find module remoteio.main_remoteio
[INFO]2021-06-08 14:54:30,262: import account.main_account
[INFO]2021-06-08 14:54:30,397: import agvCtrl.main_agv
[INFO]2021-06-08 14:54:30,821: create lock <lock name:doorMgr.lock,<unlocked _thread.RLock object owner=0 count=0 at 0x000001AA9A19DDA0>>
[INFO]2021-06-08 14:54:30,822: -------------------->>>> <bound method lock.<locals>.call.<locals>._call of <door.doorControl.doorMgr object at 0x000001AA9A1C70B8>>
[INFO]2021-06-08 14:54:30,824: ---------------listen-----------
[INFO]2021-06-08 14:54:30,825: <Thread(tcplisten.port_6789, initial)>
[INFO]2021-06-08 14:54:30,827: ----------------------------------try---------------------
[INFO]2021-06-08 14:54:30,827: None
[INFO]2021-06-08 14:54:30,856: create lock <lock name:door.lock,<unlocked _thread.RLock object owner=0 count=0 at 0x000001AA9A19DF58>>
[INFO]2021-06-08 14:54:31,029: create lock <lock name:timer.lock_1832245477784,<unlocked _thread.RLock object owner=0 count=0 at 0x000001AA9A51AB20>>
[ERROR]2021-06-08 14:54:31,055: mqtt is disabled
[INFO]2021-06-08 14:54:31,057: mqtt: subscribe [alarm/raise/+]
[INFO]2021-06-08 14:54:31,058: mqtt: subscribe [alarm/clear/+]
[INFO]2021-06-08 14:54:34,118: Mongodb connect to 127.0.0.1 port 27017
[INFO]2021-06-08 14:54:34,174: create lock <lock name:elevatorMgr.lock,<unlocked _thread.RLock object owner=0 count=0 at 0x000001AA9A6BEFA8>>
[WARNING]2021-06-08 14:54:34,208: use mockAgvCtrl
[INFO]2021-06-08 14:54:34,216: create lock <lock name:mapMgr.lock,<unlocked _thread.RLock object owner=0 count=0 at 0x000001AA989DEC88>>
[INFO]2021-06-08 14:54:34,640: create lock <lock name:agvList.g_agvLock,<unlocked _thread.RLock object owner=0 count=0 at 0x000001AA9A815F08>>
[INFO]2021-06-08 14:54:34,645: create lock <lock name:taskList.lock,<unlocked _thread.RLock object owner=0 count=0 at 0x000001AA9A88CFA8>>
[INFO]2021-06-08 14:54:34,704: charge policy 1 , fix time
[INFO]2021-06-08 14:54:34,807: create lock <lock name:agvApi.g_lock,<unlocked _thread.RLock object owner=0 count=0 at 0x000001AA9A88C7B0>>
[INFO]2021-06-08 14:54:35,501: start load map C:\Users\Administrator\Desktop\SVN\美维\MeiWei_back_0421\agvCtrl\projects\test\AKM2F.smap
[DEBUG]2021-06-08 14:54:35,666: elevator thread start
[INFO]2021-06-08 14:54:35,686: load map C:\Users\Administrator\Desktop\SVN\美维\MeiWei_back_0421\agvCtrl\projects\test\AKM2F.smap ,used 195 ms
[INFO]2021-06-08 14:54:35,699: start load map C:\Users\Administrator\Desktop\SVN\美维\MeiWei_back_0421\agvCtrl\projects\test\akmsmt.smap
[INFO]2021-06-08 14:54:35,799: load map C:\Users\Administrator\Desktop\SVN\美维\MeiWei_back_0421\agvCtrl\projects\test\akmsmt.smap ,used 111 ms
[INFO]2021-06-08 14:54:35,815: start load map C:\Users\Administrator\Desktop\SVN\美维\MeiWei_back_0421\agvCtrl\projects\test\akmsmtMap.smap
[INFO]2021-06-08 14:54:36,062: load map C:\Users\Administrator\Desktop\SVN\美维\MeiWei_back_0421\agvCtrl\projects\test\akmsmtMap.smap ,used 260 ms
[INFO]2021-06-08 14:54:36,108: start load map C:\Users\Administrator\Desktop\SVN\美维\MeiWei_back_0421\agvCtrl\projects\test\desai-all-20191223.smap
[INFO]2021-06-08 14:54:36,431: load map C:\Users\Administrator\Desktop\SVN\美维\MeiWei_back_0421\agvCtrl\projects\test\desai-all-20191223.smap ,used 364 ms
[INFO]2021-06-08 14:54:36,456: start load map C:\Users\Administrator\Desktop\SVN\美维\MeiWei_back_0421\agvCtrl\projects\test\meiwei423.smap
[INFO]2021-06-08 14:54:36,560: load map C:\Users\Administrator\Desktop\SVN\美维\MeiWei_back_0421\agvCtrl\projects\test\meiwei423.smap ,used 125 ms
[INFO]2021-06-08 14:54:36,591: start load map C:\Users\Administrator\Desktop\SVN\美维\MeiWei_back_0421\agvCtrl\projects\test\meiwei428.smap
[INFO]2021-06-08 14:54:36,702: load map C:\Users\Administrator\Desktop\SVN\美维\MeiWei_back_0421\agvCtrl\projects\test\meiwei428.smap ,used 139 ms
[INFO]2021-06-08 14:54:36,707: import agvDevice.main_agvDevice
[INFO]2021-06-08 14:54:36,708: import akmCtrl.main_akmCtrl
[INFO]2021-06-08 14:54:36,739: create lock <lock name:runTasks.g_lock,<unlocked _thread.RLock object owner=0 count=0 at 0x000001AA9ADB63A0>>
[INFO]2021-06-08 14:54:36,756: create lock <lock name:agvApi.g_lock,<unlocked _thread.RLock object owner=0 count=0 at 0x000001AA9AE308A0>>
[INFO]2021-06-08 14:54:36,772: create lock <lock name:runTasks.pre_lock,<unlocked _thread.RLock object owner=0 count=0 at 0x000001AA9ACFADF0>>
[INFO]2021-06-08 14:54:36,774: create lock <lock name:timer.lock_1832289777984,<unlocked _thread.RLock object owner=0 count=0 at 0x000001AA9ACE1238>>
[INFO]2021-06-08 14:54:36,780: create lock <lock name:mapMgr.lock,<unlocked _thread.RLock object owner=0 count=0 at 0x000001AA995D9170>>
[INFO]2021-06-08 14:54:36,830: import alarm.main_alarm
[INFO]2021-06-08 14:54:36,836: import auth.main_auth
[INFO]2021-06-08 14:54:38,670: import door.main_door
[INFO]2021-06-08 14:54:38,684: import elevator.main_elevator
[INFO]2021-06-08 14:54:38,699: create lock <lock name:elevatorApi.g_lock,<unlocked _thread.RLock object owner=0 count=0 at 0x000001AA995D9C60>>
[INFO]2021-06-08 14:54:38,706: import feed.main_feed
[INFO]2021-06-08 14:54:38,746: IP: 127.0.0.1 port: 10001
[INFO]2021-06-08 14:54:38,749: -------------------->>>> <function response at 0x000001AA9B45AC80>
[INFO]2021-06-08 14:54:38,753: <tcpSocket.server object at 0x000001AA9B397438>
[INFO]2021-06-08 14:54:38,755: ------------准备start--------
[INFO]2021-06-08 14:54:38,756: ---------------listen-----------
[INFO]2021-06-08 14:54:38,757: <Thread(tcplisten.port_10001, initial)>
[INFO]2021-06-08 14:54:38,760: ----------------------------------try---------------------
[INFO]2021-06-08 14:54:38,761: None
[INFO]2021-06-08 14:54:38,766: None
[INFO]2021-06-08 14:54:38,769: import remoteio.main_remoteio
[SUCC]2021-06-08 14:54:38,789: utility start, pid=18436, ppid=16796
[DEBUG]2021-06-08 14:54:38,790: start timer
[INFO]2021-06-08 14:54:38,802: load agv file: C:\Users\Administrator\Desktop\SVN\美维\MeiWei_back_0421\agvCtrl/projects/test/agv.cfg
[INFO]2021-06-08 14:54:38,805: create lock <lock name:agvList.AGV30.lock,<unlocked _thread.RLock object owner=0 count=0 at 0x000001AA9B464120>>
[DEBUG]2021-06-08 14:54:38,810: create aliveObj AGV30 AGV离线异常 timeout 300
[INFO]2021-06-08 14:54:38,812: AGV30 start agvList run thread
[INFO]2021-06-08 14:54:38,814: AGV30 start agvList run2 thread
[ERROR]2021-06-08 14:54:38,820: agv check init error False
[DEBUG]2021-06-08 14:54:38,825: start timer
[INFO]2021-06-08 14:54:38,832: add_ignore: taskStatus
[INFO]2021-06-08 14:54:38,834: add_ignore: api/elevator/status
[INFO]2021-06-08 14:54:38,837: add_ignore: scada/getTask
[INFO]2021-06-08 14:54:39,325: AGV30 current map meiwei428
[INFO]2021-06-08 14:54:39,330: AGV30 is online
[DEBUG]2021-06-08 14:54:39,348: GET: http://127.0.0.1:5551/api/agv/init?appName=MeiWeiTask addr: 127.0.0.1
[INFO]2021-06-08 14:54:39,354: MeiWeiTask init client agvApi
[DEBUG]2021-06-08 14:54:39,369: used 21ms 200 OK application/json;charset=utf-8, GET: http://127.0.0.1:5551/api/agv/init?appName=MeiWeiTask
[DEBUG]2021-06-08 14:54:42,626: GET: http://127.0.0.1:5551/api/agv/startCharge?appName=MeiWeiTask addr: 127.0.0.1
[DEBUG]2021-06-08 14:54:42,734: used 108ms 200 OK application/json;charset=utf-8, GET: http://127.0.0.1:5551/api/agv/startCharge?appName=MeiWeiTask
[WARNING]2021-06-08 14:54:42,814: timer_thread[tid:14568] <lock name:runTasks.g_lock,<locked _thread.RLock object owner=14568 count=1 at 0x000001AA9ADB63A0>> ,hold 3987 ms
[INFO]2021-06-08 14:54:43,126: name=timer_thread, pid=18436, tid=14568
[01] File "C:/Python37/lib/threading.py", line 865, in run() 
[02] File "../common/mytimer.py", line 113, in _loop() 
[03] File "../common/lock.py", line 122, in _call() 
[04] File "../common/lock.py", line 100, in release() 
[05] File "C:/Users/Administrator/Desktop/SVN/美维/MeiWei_back_0421/common/enhance.py", line 258, in getTrace() 
[06] File "C:/Users/Administrator/Desktop/SVN/美维/MeiWei_back_0421/common/enhance.py", line 240, in getThreadStack()
[INFO]2021-06-08 14:54:48,795: timed out
[INFO]2021-06-08 14:54:48,873: ----------------------------------try---------------------
[INFO]2021-06-08 14:54:58,956: timed out
[INFO]2021-06-08 14:54:59,017: ----------------------------------try---------------------
[INFO]2021-06-08 14:55:09,133: timed out
[INFO]2021-06-08 14:55:54,204: ----------------------------------try---------------------
[INFO]2021-06-08 14:56:04,281: timed out
[INFO]2021-06-08 14:58:55,359: ----------------------------------try---------------------
[INFO]2021-06-08 14:59:05,436: timed out
[INFO]2021-06-08 14:59:05,486: ----------------------------------try---------------------
[INFO]2021-06-08 14:59:15,639: timed out
