[INFO]2021-04-22 09:34:01,597: log files at E:\projects_by_myself\backup\MeiWei_back_0421\common\log
[INFO]2021-04-22 09:34:01,598: find module account.main_account
[INFO]2021-04-22 09:34:01,600: find module agvCtrl.main_agv
[INFO]2021-04-22 09:34:01,601: find module agvDevice.main_agvDevice
[INFO]2021-04-22 09:34:01,602: find module akmCtrl.main_akmCtrl
[INFO]2021-04-22 09:34:01,603: find module alarm.main_alarm
[INFO]2021-04-22 09:34:01,604: find module auth.main_auth
[INFO]2021-04-22 09:34:01,605: find module door.main_door
[INFO]2021-04-22 09:34:01,606: find module elevator.main_elevator
[INFO]2021-04-22 09:34:01,607: find module feed.main_feed
[INFO]2021-04-22 09:34:01,608: find module remoteio.main_remoteio
[INFO]2021-04-22 09:34:01,609: import account.main_account
[INFO]2021-04-22 09:34:01,697: import agvCtrl.main_agv
[INFO]2021-04-22 09:34:02,030: create lock <lock name:doorMgr.lock,<unlocked _thread.RLock object owner=0 count=0 at 0x000001F448B46EA0>>
[INFO]2021-04-22 09:34:02,914: create lock <lock name:door.lock,<unlocked _thread.RLock object owner=0 count=0 at 0x000001F448B58420>>
[INFO]2021-04-22 09:34:03,031: create lock <lock name:timer.lock_2148710126112,<unlocked _thread.RLock object owner=0 count=0 at 0x000001F4491A9390>>
[ERROR]2021-04-22 09:34:03,044: mqtt is disabled
[INFO]2021-04-22 09:34:03,045: mqtt: subscribe [alarm/raise/+]
[INFO]2021-04-22 09:34:03,047: mqtt: subscribe [alarm/clear/+]
[INFO]2021-04-22 09:34:06,079: Mongodb connect to 127.0.0.1 port 27017
[INFO]2021-04-22 09:34:06,094: create lock <lock name:elevatorMgr.lock,<unlocked _thread.RLock object owner=0 count=0 at 0x000001F4493B9D80>>
[WARNING]2021-04-22 09:34:06,102: use mockAgvCtrl
[INFO]2021-04-22 09:34:06,105: create lock <lock name:mapMgr.lock,<unlocked _thread.RLock object owner=0 count=0 at 0x000001F447434360>>
[INFO]2021-04-22 09:34:06,441: create lock <lock name:agvList.g_agvLock,<unlocked _thread.RLock object owner=0 count=0 at 0x000001F449453690>>
[INFO]2021-04-22 09:34:06,445: create lock <lock name:taskList.lock,<unlocked _thread.RLock object owner=0 count=0 at 0x000001F44A4C74E0>>
[INFO]2021-04-22 09:34:06,516: charge policy 1 , fix time
[INFO]2021-04-22 09:34:06,550: create lock <lock name:agvApi.g_lock,<unlocked _thread.RLock object owner=0 count=0 at 0x000001F44A4D40C0>>
[INFO]2021-04-22 09:34:06,883: start load map E:\projects_by_myself\backup\MeiWei_back_0421\agvCtrl\projects\test\AKM2F.smap
[DEBUG]2021-04-22 09:34:07,013: elevator thread start
[INFO]2021-04-22 09:34:07,040: load map E:\projects_by_myself\backup\MeiWei_back_0421\agvCtrl\projects\test\AKM2F.smap ,used 169 ms
[INFO]2021-04-22 09:34:07,053: start load map E:\projects_by_myself\backup\MeiWei_back_0421\agvCtrl\projects\test\akmsmt.smap
[INFO]2021-04-22 09:34:07,103: load map E:\projects_by_myself\backup\MeiWei_back_0421\agvCtrl\projects\test\akmsmt.smap ,used 61 ms
[INFO]2021-04-22 09:34:07,112: start load map E:\projects_by_myself\backup\MeiWei_back_0421\agvCtrl\projects\test\akmsmtMap.smap
[INFO]2021-04-22 09:34:07,253: load map E:\projects_by_myself\backup\MeiWei_back_0421\agvCtrl\projects\test\akmsmtMap.smap ,used 150 ms
[INFO]2021-04-22 09:34:07,265: start load map E:\projects_by_myself\backup\MeiWei_back_0421\agvCtrl\projects\test\desai-all-20191223.smap
[INFO]2021-04-22 09:34:07,410: load map E:\projects_by_myself\backup\MeiWei_back_0421\agvCtrl\projects\test\desai-all-20191223.smap ,used 156 ms
[INFO]2021-04-22 09:34:07,415: import agvDevice.main_agvDevice
[INFO]2021-04-22 09:34:07,417: import akmCtrl.main_akmCtrl
[INFO]2021-04-22 09:34:07,469: create lock <lock name:runTasks.g_lock,<unlocked _thread.RLock object owner=0 count=0 at 0x000001F44ACADC00>>
[INFO]2021-04-22 09:34:07,486: create lock <lock name:agvApi.g_lock,<unlocked _thread.RLock object owner=0 count=0 at 0x000001F44ACC9A80>>
[INFO]2021-04-22 09:34:07,499: create lock <lock name:runTasks.pre_lock,<unlocked _thread.RLock object owner=0 count=0 at 0x000001F44A739F60>>
[INFO]2021-04-22 09:34:07,503: create lock <lock name:timer.lock_2148734337280,<unlocked _thread.RLock object owner=0 count=0 at 0x000001F44A8C04B0>>
[INFO]2021-04-22 09:34:07,506: create lock <lock name:mapMgr.lock,<unlocked _thread.RLock object owner=0 count=0 at 0x000001F44AC12180>>
[INFO]2021-04-22 09:34:08,091: import alarm.main_alarm
[INFO]2021-04-22 09:34:08,092: import auth.main_auth
[INFO]2021-04-22 09:34:08,099: import door.main_door
[INFO]2021-04-22 09:34:08,101: import elevator.main_elevator
[INFO]2021-04-22 09:34:08,105: create lock <lock name:elevatorApi.g_lock,<unlocked _thread.RLock object owner=0 count=0 at 0x000001F44FACF510>>
[INFO]2021-04-22 09:34:08,106: import feed.main_feed
[INFO]2021-04-22 09:34:08,114: create lock <lock name:feedTask.g_lock,<unlocked _thread.RLock object owner=0 count=0 at 0x000001F44FAD9A50>>
[INFO]2021-04-22 09:34:08,161: import remoteio.main_remoteio
[SUCC]2021-04-22 09:34:08,171: utility start, pid=5212, ppid=3292
[DEBUG]2021-04-22 09:34:08,172: start timer
[INFO]2021-04-22 09:34:08,179: load agv file: E:\projects_by_myself\backup\MeiWei_back_0421\agvCtrl/projects/test/agv.cfg
[INFO]2021-04-22 09:34:08,180: create lock <lock name:agvList.AGV30.lock,<unlocked _thread.RLock object owner=0 count=0 at 0x000001F44FB070C0>>
[DEBUG]2021-04-22 09:34:08,183: create aliveObj AGV30 AGV离线异常 timeout 300
[INFO]2021-04-22 09:34:08,184: AGV30 start agvList run thread
[INFO]2021-04-22 09:34:08,185: AGV30 start agvList run2 thread
[ERROR]2021-04-22 09:34:08,192: agv check init error False
[DEBUG]2021-04-22 09:34:08,194: start timer
[INFO]2021-04-22 09:34:08,200: add_ignore: taskStatus
[INFO]2021-04-22 09:34:08,202: add_ignore: api/elevator/status
[INFO]2021-04-22 09:34:08,203: add_ignore: scada/getTask
[INFO]2021-04-22 09:34:08,701: AGV30 current map AKM2F
[INFO]2021-04-22 09:34:08,742: AGV30 is online
[DEBUG]2021-04-22 09:34:09,214: GET: http://127.0.0.1:5551/api/agv/init?appName=akmTask addr: 127.0.0.1
[INFO]2021-04-22 09:34:09,222: akmTask init client agvApi
[DEBUG]2021-04-22 09:34:09,223: used 9ms 200 OK application/json;charset=utf-8, GET: http://127.0.0.1:5551/api/agv/init?appName=akmTask
[DEBUG]2021-04-22 09:34:12,272: GET: http://127.0.0.1:5551/api/agv/startCharge?appName=akmTask addr: 127.0.0.1
[DEBUG]2021-04-22 09:34:12,417: used 145ms 200 OK application/json;charset=utf-8, GET: http://127.0.0.1:5551/api/agv/startCharge?appName=akmTask
[WARNING]2021-04-22 09:34:12,510: timer_thread[tid:5784] <lock name:runTasks.g_lock,<locked _thread.RLock object owner=5784 count=1 at 0x000001F44ACADC00>> ,hold 3299 ms
[INFO]2021-04-22 09:34:12,567: name=timer_thread, pid=5212, tid=5784
[01] File "E:/Users/Administrator/AppData/Local/Programs/Python/Python38/lib/threading.py", line 870, in run() 
[02] File "../common/mytimer.py", line 113, in _loop() 
[03] File "../common/lock.py", line 122, in _call() 
[04] File "../common/lock.py", line 100, in release() 
[05] File "E:/projects_by_myself/backup/MeiWei_back_0421/common/enhance.py", line 258, in getTrace() 
[06] File "E:/projects_by_myself/backup/MeiWei_back_0421/common/enhance.py", line 240, in getThreadStack()
[DEBUG]2021-04-22 09:34:42,360: GET: http://127.0.0.1:5551/api/scada/addTaskByPad?source=%E4%BA%8C%E6%A5%BC%E5%B7%A5%E4%BD%8D_02&target=%E4%BA%8C%E6%A5%BC%E6%B5%8B%E8%AF%95%E7%82%B9 addr: 127.0.0.1
[INFO]2021-04-22 09:34:42,502: create task[6080d2b26ea780813ff88771]: type= scadaTask , 从二楼工位_02运送货架到二楼测试点 {'source': '二楼工位_02', 'target': '二楼测试点', 'payloadId': None, 'priority': 1, 'type': 'scadaTask', 'taskName': '从二楼工位_02运送货架到二楼测试点', 'createTime': datetime.datetime(2021, 4, 22, 9, 34, 42, 440442), 'updateTime': datetime.datetime(2021, 4, 22, 9, 34, 42, 440442), 'startTime': None, 'endTime': None, 'status': 'waiting', 'step': 'waiting', 'failMsg': None, 'history': [], '_id': ObjectId('6080d2b26ea780813ff88771')}
[DEBUG]2021-04-22 09:34:42,629: used 269ms 200 OK application/json;charset=utf-8, GET: http://127.0.0.1:5551/api/scada/addTaskByPad?source=%E4%BA%8C%E6%A5%BC%E5%B7%A5%E4%BD%8D_02&target=%E4%BA%8C%E6%A5%BC%E6%B5%8B%E8%AF%95%E7%82%B9
[INFO]2021-04-22 09:34:43,496: task[6080d2b26ea780813ff88771]:  start {'failMsg': '任务等待执行', 'startTime': datetime.datetime(2021, 4, 22, 9, 34, 43, 448461), 'updateTime': datetime.datetime(2021, 4, 22, 9, 34, 43, 448461), 'status': 'running'}
[INFO]2021-04-22 09:34:43,606: task: start task[6080d2b26ea780813ff88771][-] LM16(LM17) -> LM9(LM12) [waiting]
[INFO]2021-04-22 09:34:43,717: task[6080d2b26ea780813ff88771] update info: {'failMsg': '等待分配小车', 'updateTime': datetime.datetime(2021, 4, 22, 9, 34, 43, 685863)}
[DEBUG]2021-04-22 09:34:43,795: task[6080d2b26ea780813ff88771][-] LM16(LM17) -> LM9(LM12) [waitForAgv] waiting -> waitForAgv
[DEBUG]2021-04-22 09:34:45,180: GET: http://127.0.0.1:5551/api/agv/apply?appName=akmTask&autoLock=False&exclude&loc=LM17&mapId=AKM2F&taskId=6080d2b26ea780813ff88771&timeout=10 addr: 127.0.0.1
[INFO]2021-04-22 09:34:48,965: apply AGV30 ,taskId: 6080d2b26ea780813ff88771 ,loc AKM2F.LM17 ,autoLock False , used 3691 ms
[WARNING]2021-04-22 09:34:49,045: worker 3[tid:18056] <lock name:mapMgr.lock,<locked _thread.RLock object owner=18056 count=1 at 0x000001F447434360>> ,hold 3771 ms
[INFO]2021-04-22 09:34:49,314: name=worker 3, pid=5212, tid=18056
[01] File "E:/Users/Administrator/AppData/Local/Programs/Python/Python38/lib/threading.py", line 870, in run() 
[02] File "E:/Users/Administrator/AppData/Local/Programs/Python/Python38/lib/site-packages/paste/httpserver.py", line 903, in worker_thread_callback() 
[03] File "E:/Users/Administrator/AppData/Local/Programs/Python/Python38/lib/site-packages/paste/httpserver.py", line 1077, in <lambda>() 
[04] File "E:/Users/Administrator/AppData/Local/Programs/Python/Python38/lib/site-packages/paste/httpserver.py", line 1092, in process_request_in_thread() 
[05] File "E:/Users/Administrator/AppData/Local/Programs/Python/Python38/lib/socketserver.py", line 360, in finish_request() 
[06] File "E:/Users/Administrator/AppData/Local/Programs/Python/Python38/lib/socketserver.py", line 720, in __init__() 
[07] File "E:/Users/Administrator/AppData/Local/Programs/Python/Python38/lib/site-packages/paste/httpserver.py", line 460, in handle() 
[08] File "E:/Users/Administrator/AppData/Local/Programs/Python/Python38/lib/http/server.py", line 427, in handle() 
[09] File "E:/Users/Administrator/AppData/Local/Programs/Python/Python38/lib/site-packages/paste/httpserver.py", line 455, in handle_one_request() 
[10] File "E:/Users/Administrator/AppData/Local/Programs/Python/Python38/lib/site-packages/paste/httpserver.py", line 304, in wsgi_execute() 
[11] File "E:/Users/Administrator/AppData/Local/Programs/Python/Python38/lib/site-packages/paste/translogger.py", line 69, in __call__() 
[12] File "E:/Users/Administrator/AppData/Local/Programs/Python/Python38/lib/site-packages/bottle.py", line 985, in __call__() 
[13] File "E:/Users/Administrator/AppData/Local/Programs/Python/Python38/lib/site-packages/bottle.py", line 960, in wsgi() 
[14] File "E:/Users/Administrator/AppData/Local/Programs/Python/Python38/lib/site-packages/bottle.py", line 868, in _handle() 
[15] File "E:/Users/Administrator/AppData/Local/Programs/Python/Python38/lib/site-packages/bottle.py", line 1748, in wrapper() 
[16] File "E:/projects_by_myself/backup/MeiWei_back_0421/common/webutility.py", line 465, in _enable_cors() 
[17] File "E:/projects_by_myself/backup/MeiWei_back_0421/common/webutility.py", line 481, in _enable_cors() 
[18] File "E:/projects_by_myself/backup/MeiWei_back_0421/common/scadaUtility.py", line 45, in __call() 
[19] File "E:/projects_by_myself/backup/MeiWei_back_0421/agvCtrl/main_agv.py", line 58, in urlApply() 
[20] File "E:/projects_by_myself/backup/MeiWei_back_0421/agvCtrl/agvControl.py", line 1111, in apply() 
[21] File "E:/projects_by_myself/backup/MeiWei_back_0421/common/lock.py", line 122, in _call() 
[22] File "E:/projects_by_myself/backup/MeiWei_back_0421/common/lock.py", line 100, in release() 
[23] File "E:/projects_by_myself/backup/MeiWei_back_0421/common/enhance.py", line 258, in getTrace() 
[24] File "E:/projects_by_myself/backup/MeiWei_back_0421/common/enhance.py", line 240, in getThreadStack()
[DEBUG]2021-04-22 09:34:49,408: used 4229ms 200 OK application/json;charset=utf-8, GET: http://127.0.0.1:5551/api/agv/apply?appName=akmTask&autoLock=False&exclude&loc=LM17&mapId=AKM2F&taskId=6080d2b26ea780813ff88771&timeout=10
[DEBUG]2021-04-22 09:34:49,728: GET: http://127.0.0.1:5551/api/agv/lock?agv=AGV30&appName=akmTask&taskId=6080d2b26ea780813ff88771 addr: 127.0.0.1
[DEBUG]2021-04-22 09:34:49,759: lock:  AGV30 taskId 6080d2b26ea780813ff88771 app akmTask
[WARNING]2021-04-22 09:34:50,902: AGV30 clear task finish, cur= AKM2F.AP29 task_status= 0
[DEBUG]2021-04-22 09:34:51,013: used 1285ms 200 OK application/json;charset=utf-8, GET: http://127.0.0.1:5551/api/agv/lock?agv=AGV30&appName=akmTask&taskId=6080d2b26ea780813ff88771
[INFO]2021-04-22 09:34:51,139: task[6080d2b26ea780813ff88771][-] LM16(LM17) -> LM9(LM12) [waitForAgv] apply AGV30
[INFO]2021-04-22 09:34:51,283: task[6080d2b26ea780813ff88771] update info: {'agvId': 'AGV30', 'failMsg': '成功分配小车AGV30,检测顶升下降', 'updateTime': datetime.datetime(2021, 4, 22, 9, 34, 51, 219236)}
[WARNING]2021-04-22 09:34:51,377: scada.6080d2b26ea780813ff88771[tid:13608] <locked _thread.RLock object owner=13608 count=1 at 0x000001F4528EDDB0> ,hold 6358 ms
[INFO]2021-04-22 09:34:51,836: name=scada.6080d2b26ea780813ff88771, pid=5212, tid=13608
[01] File "E:/Users/Administrator/AppData/Local/Programs/Python/Python38/lib/threading.py", line 870, in run() 
[02] File "../common/utility.py", line 167, in __call() 
[03] File "E:/projects_by_myself/backup/MeiWei_back_0421/akmCtrl/beans/scadaTaskBean.py", line 567, in _taskFunc() 
[04] File "../common/lock.py", line 122, in _call() 
[05] File "../common/lock.py", line 100, in release() 
[06] File "E:/projects_by_myself/backup/MeiWei_back_0421/common/enhance.py", line 258, in getTrace() 
[07] File "E:/projects_by_myself/backup/MeiWei_back_0421/common/enhance.py", line 240, in getThreadStack()
[DEBUG]2021-04-22 09:34:51,932: task[6080d2b26ea780813ff88771][AGV30] LM16(LM17) -> LM9(LM12) [initJackdown] waitForAgv -> initJackdown
[INFO]2021-04-22 09:34:52,408: task[6080d2b26ea780813ff88771][AGV30] LM16(LM17) -> LM9(LM12) [initJackdown] _jackDown
[DEBUG]2021-04-22 09:34:52,504: send http_get: http://127.0.0.1:5551/api/agv/jackdown?agv=AGV30&loc=None&timeoutSec=90
[DEBUG]2021-04-22 09:34:52,773: GET: http://127.0.0.1:5551/api/agv/jackdown?agv=AGV30&loc=None&timeoutSec=90 addr: 127.0.0.1
[INFO]2021-04-22 09:34:52,869: _jack in jackMgr: AGV30 down [{'id': 0, 'source': 'normal', 'status': True}, {'id': 1, 'source': 'normal', 'status': True}]
[INFO]2021-04-22 09:34:53,028: AGV30 jack down status:  1
[DEBUG]2021-04-22 09:34:53,124: used 351ms 200 OK application/json;charset=utf-8, GET: http://127.0.0.1:5551/api/agv/jackdown?agv=AGV30&loc=None&timeoutSec=90
[DEBUG]2021-04-22 09:34:53,282: [return] use 778 ms,http_get: http://127.0.0.1:5551/api/agv/jackdown?agv=AGV30&loc=None&timeoutSec=90
[INFO]2021-04-22 09:34:53,408: task[6080d2b26ea780813ff88771] update info: {'failMsg': '前往二楼工位_02工位点拉取货架', 'updateTime': datetime.datetime(2021, 4, 22, 9, 34, 53, 377754)}
[DEBUG]2021-04-22 09:34:53,503: task[6080d2b26ea780813ff88771][AGV30] LM16(LM17) -> LM9(LM12) [startMoveJackup] initJackdown -> startMoveJackup
[DEBUG]2021-04-22 09:34:53,998: GET: http://127.0.0.1:5551/api/agv/move?WorkPlace=None&agv=AGV30&agvId=AGV30&appName=akmTask&direction=None&floorId=AKM2F&isRotate&loc=AKM2F.LM16&location=LM16&p_direction=0.0&pgv_type=1&recognize=False&seer_jackup=JackLoad&taskId=6080d2b26ea780813ff88771_2&taskType=scadaTask&timeoutSec=86400&use_pgv=False addr: 127.0.0.1
[INFO]2021-04-22 09:34:54,009: Begin: AGV30 move from AKM2F.AP29 to AKM2F.LM16 by paths: [('AKM2F', ['AP29', 'LM31', 'LM39', 'LM37', 'LM18', 'LM40', 'LM17', 'LM16'], 23.807999999999996)] task: 6080d2b26ea780813ff88771_2 timeout 86400 used 7 ms
[DEBUG]2021-04-22 09:34:54,011: task[6080d2b26ea780813ff88771][AGV30] LM16(LM17) -> LM9(LM12) [loadPlayload] startMoveJackup -> loadPlayload
[DEBUG]2021-04-22 09:34:54,699: agvInfo: AGV30 AKM2F.AP29 move to AKM2F.LM31 ,taskId 6080d2b26ea780813ff88771_2
[CRITICAL]2021-04-22 09:34:55,049: agvApi step callback cause a error: 'dict' object is not callable
pid=5212, ppid=3292, tid=788
Traceback (most recent call last):
  File "..\agvCtrl\agvApi.py", line 262, in _checkFinish
    t.stepCallback(t.params,t.status)
TypeError: 'dict' object is not callable

[DEBUG]2021-04-22 09:34:56,243: AGV30 turn to wait check cur AP29 next LM39 0.731 False
[DEBUG]2021-04-22 09:34:56,793: agvInfo: AGV30 AKM2F.AP29 move to AKM2F.LM39 ,taskId 6080d2b26ea780813ff88771_2
[CRITICAL]2021-04-22 09:34:57,144: agvApi step callback cause a error: 'dict' object is not callable
pid=5212, ppid=3292, tid=788
Traceback (most recent call last):
  File "..\agvCtrl\agvApi.py", line 262, in _checkFinish
    t.stepCallback(t.params,t.status)
TypeError: 'dict' object is not callable

[DEBUG]2021-04-22 09:34:57,225: AGV30 set loc AKM2F.LM31 ,old AP29 (-13.86,-15.15)
[DEBUG]2021-04-22 09:34:58,841: AGV30 turn to wait check cur LM31 next LM37 0.864 False
[DEBUG]2021-04-22 09:34:59,376: agvInfo: AGV30 AKM2F.LM31 move to AKM2F.LM37 ,taskId 6080d2b26ea780813ff88771_2
[DEBUG]2021-04-22 09:34:59,758: AGV30 set loc AKM2F.LM39 ,old LM31 (-15.16,-15.15)
[CRITICAL]2021-04-22 09:34:59,772: agvApi step callback cause a error: 'dict' object is not callable
pid=5212, ppid=3292, tid=788
Traceback (most recent call last):
  File "..\agvCtrl\agvApi.py", line 262, in _checkFinish
    t.stepCallback(t.params,t.status)
TypeError: 'dict' object is not callable

[DEBUG]2021-04-22 09:35:01,431: AGV30 turn to wait check cur LM39 next LM18 0.850 False
[DEBUG]2021-04-22 09:35:01,981: agvInfo: AGV30 AKM2F.LM39 move to AKM2F.LM18 ,taskId 6080d2b26ea780813ff88771_2
[DEBUG]2021-04-22 09:35:02,325: AGV30 set loc AKM2F.LM37 ,old LM39 (-15.16,-16.74)
[CRITICAL]2021-04-22 09:35:02,411: agvApi step callback cause a error: 'dict' object is not callable
pid=5212, ppid=3292, tid=788
Traceback (most recent call last):
  File "..\agvCtrl\agvApi.py", line 262, in _checkFinish
    t.stepCallback(t.params,t.status)
TypeError: 'dict' object is not callable

[DEBUG]2021-04-22 09:35:06,084: AGV30 turn to wait check cur LM37 next LM40 0.802 False
[DEBUG]2021-04-22 09:35:06,631: agvInfo: AGV30 AKM2F.LM37 move to AKM2F.LM40 ,taskId 6080d2b26ea780813ff88771_2
[DEBUG]2021-04-22 09:35:06,954: AGV30 set loc AKM2F.LM18 ,old LM37 (-18.37,-16.74)
[CRITICAL]2021-04-22 09:35:07,109: agvApi step callback cause a error: 'dict' object is not callable
pid=5212, ppid=3292, tid=788
Traceback (most recent call last):
  File "..\agvCtrl\agvApi.py", line 262, in _checkFinish
    t.stepCallback(t.params,t.status)
TypeError: 'dict' object is not callable

[DEBUG]2021-04-22 09:35:07,143: AGV30 choise next pos cur LM18 next LM17 pre LM40 14.419 True
[DEBUG]2021-04-22 09:35:07,147: AGV30 turn to wait check cur LM18 next LM17 14.419 True
[DEBUG]2021-04-22 09:35:07,674: agvInfo: AGV30 AKM2F.LM18 move to AKM2F.LM17 ,taskId 6080d2b26ea780813ff88771_2
[CRITICAL]2021-04-22 09:35:08,171: agvApi step callback cause a error: 'dict' object is not callable
pid=5212, ppid=3292, tid=788
Traceback (most recent call last):
  File "..\agvCtrl\agvApi.py", line 262, in _checkFinish
    t.stepCallback(t.params,t.status)
TypeError: 'dict' object is not callable

[DEBUG]2021-04-22 09:35:13,310: AGV30 choise next pos cur LM18 next LM16 pre LM17 12.202 False
[DEBUG]2021-04-22 09:35:13,312: AGV30 turn to wait check cur LM18 next LM16 12.202 False
[DEBUG]2021-04-22 09:35:13,839: agvInfo: AGV30 AKM2F.LM18 move jackup to AKM2F.LM16 ,taskId 6080d2b26ea780813ff88771_2
[CRITICAL]2021-04-22 09:35:13,964: agvApi step callback cause a error: 'dict' object is not callable
pid=5212, ppid=3292, tid=788
Traceback (most recent call last):
  File "..\agvCtrl\agvApi.py", line 262, in _checkFinish
    t.stepCallback(t.params,t.status)
TypeError: 'dict' object is not callable

[DEBUG]2021-04-22 09:35:14,150: AGV30 set loc AKM2F.LM40 ,old LM18 (-18.37,-22.06)
[DEBUG]2021-04-22 09:35:25,365: AGV30 set loc AKM2F.LM17 ,old LM40 (-18.37,-31.01)
[WARNING]2021-04-22 09:35:26,551: AGV30 waitFinish: loc is diff LM17 LM16 task_status= 2
[WARNING]2021-04-22 09:35:27,067: AGV30 waitFinish: loc is diff LM17 LM16 task_status= 2
[WARNING]2021-04-22 09:35:27,581: AGV30 waitFinish: loc is diff LM17 LM16 task_status= 2
[WARNING]2021-04-22 09:35:28,097: AGV30 waitFinish: loc is diff LM17 LM16 task_status= 2
[DEBUG]2021-04-22 09:35:28,456: AGV30 set loc AKM2F.LM16 ,old LM17 (-18.37,-33.41)
[SUCC]2021-04-22 09:35:29,629: Finish:  AGV30 arrived AKM2F.LM16 ,task: 6080d2b26ea780813ff88771_2
[INFO]2021-04-22 09:35:30,116: task: move finish callback task[6080d2b26ea780813ff88771][AGV30] LM16(LM17) -> LM9(LM12) [loadPlayload]
[INFO]2021-04-22 09:35:30,122: task[6080d2b26ea780813ff88771] update info: {'failMsg': 'AGV顶升', 'updateTime': datetime.datetime(2021, 4, 22, 9, 35, 30, 120229)}
[DEBUG]2021-04-22 09:35:30,329: task[6080d2b26ea780813ff88771][AGV30] LM16(LM17) -> LM9(LM12) [loadPlayload_jackup] loadPlayload_readqr -> loadPlayload_jackup
[INFO]2021-04-22 09:35:30,659: task[6080d2b26ea780813ff88771][AGV30] LM16(LM17) -> LM9(LM12) [loadPlayload_jackup] _jackUp
[DEBUG]2021-04-22 09:35:30,736: send http_get: http://127.0.0.1:5551/api/agv/jackup?agv=AGV30&loc=None&timeoutSec=90
[DEBUG]2021-04-22 09:35:30,988: GET: http://127.0.0.1:5551/api/agv/jackup?agv=AGV30&loc=None&timeoutSec=90 addr: 127.0.0.1
[INFO]2021-04-22 09:35:31,099: _jack in jackMgr: AGV30 up [{'id': 0, 'source': 'normal', 'status': True}, {'id': 1, 'source': 'normal', 'status': True}]
[INFO]2021-04-22 09:35:31,195: AGV30 jack up status:  1
[DEBUG]2021-04-22 09:35:31,274: used 286ms 200 OK application/json;charset=utf-8, GET: http://127.0.0.1:5551/api/agv/jackup?agv=AGV30&loc=None&timeoutSec=90
[DEBUG]2021-04-22 09:35:31,416: [return] use 680 ms,http_get: http://127.0.0.1:5551/api/agv/jackup?agv=AGV30&loc=None&timeoutSec=90
[INFO]2021-04-22 09:35:31,608: task[6080d2b26ea780813ff88771] update info: {'failMsg': '等待二楼测试点工位点锁', 'updateTime': datetime.datetime(2021, 4, 22, 9, 35, 31, 576126)}
[DEBUG]2021-04-22 09:35:31,719: task[6080d2b26ea780813ff88771][AGV30] LM16(LM17) -> LM9(LM12) [waitDestPreLoc] loadPlayload_jackup -> waitDestPreLoc
[INFO]2021-04-22 09:35:32,196: task: prepoint locked  6080d2b26ea780813ff88771 AKM2F.LM9
[INFO]2021-04-22 09:35:32,356: task[6080d2b26ea780813ff88771] update info: {'failMsg': '前往LM9工位点放下货架', 'updateTime': datetime.datetime(2021, 4, 22, 9, 35, 32, 308167)}
[DEBUG]2021-04-22 09:35:32,451: task[6080d2b26ea780813ff88771][AGV30] LM16(LM17) -> LM9(LM12) [movePreSource] waitDestPreLoc -> movePreSource
[DEBUG]2021-04-22 09:35:32,933: GET: http://127.0.0.1:5551/api/agv/move?WorkPlace=None&agv=AGV30&agvId=AGV30&appName=akmTask&direction=None&floorId=AKM2F&isRotate&loc=AKM2F.LM12&location=LM12&p_direction=0.0&pgv_type=1&recognize=False&result=True&resultDesc=None&taskId=6080d2b26ea780813ff88771_3&taskType=scadaTask&timeoutSec=86400&use_pgv=False addr: 127.0.0.1
[INFO]2021-04-22 09:35:32,968: Begin: AGV30 move from AKM2F.LM16 to AKM2F.LM12 by paths: [('AKM2F', ['LM16', 'LM44', 'LM43', 'LM14', 'LM13', 'LM12'], 15.21750817088753)] task: 6080d2b26ea780813ff88771_3 timeout 86400 used 29 ms
[DEBUG]2021-04-22 09:35:32,970: used 37ms 200 OK application/json;charset=utf-8, GET: http://127.0.0.1:5551/api/agv/move?WorkPlace=None&agv=AGV30&agvId=AGV30&appName=akmTask&direction=None&floorId=AKM2F&isRotate&loc=AKM2F.LM12&location=LM12&p_direction=0.0&pgv_type=1&recognize=False&result=True&resultDesc=None&taskId=6080d2b26ea780813ff88771_3&taskType=scadaTask&timeoutSec=86400&use_pgv=False
[DEBUG]2021-04-22 09:35:32,971: task[6080d2b26ea780813ff88771][AGV30] LM16(LM17) -> LM9(LM12) [movePreSourceStep] movePreSource -> movePreSourceStep
[DEBUG]2021-04-22 09:35:33,742: agvInfo: AGV30 AKM2F.LM16 move to AKM2F.LM44 ,taskId 6080d2b26ea780813ff88771_3
[INFO]2021-04-22 09:35:34,000: 回调过来的状态： {'id': '6080d2b26ea780813ff88771_3', 'ticks': 676114590.82, 'status': 'begin', 'exception': None, 'success': False, 'createTime': '2021-04-22 09:35:32', 'agv': 'AGV30', 'target': 'AKM2F.LM12', 'start': 'AKM2F.LM16', 'map': 'AKM2F', 'action': 'move', 'step': 1, 'paths': 'LM16,LM44,LM43,LM14,LM13,LM12', 'unfinishPaths': 'LM44,LM43,LM14,LM13,LM12'}
[INFO]2021-04-22 09:35:34,004: 回调过来的参数： {'taskId': '6080d2b26ea780813ff88771_3', 'location': 'LM12', 'floorId': 'AKM2F', 'taskType': 'scadaTask', 'WorkPlace': None, 'agvId': 'AGV30', 'isRotate': '', 'direction': None, 'p_direction': 0.0, 'timeoutSec': 86400, 'recognize': False, 'use_pgv': False, 'pgv_type': 1, 'agv': 'AGV30', 'loc': 'AKM2F.LM12', 'appName': 'akmTask', 'result': True, 'resultDesc': None}
[INFO]2021-04-22 09:35:34,006: task: move step callback task[6080d2b26ea780813ff88771][AGV30] LM16(LM17) -> LM9(LM12) [movePreSourceStep]
[INFO]2021-04-22 09:35:34,009: task[6080d2b26ea780813ff88771] update info: {'step': 'moveTarget', 'updateTime': datetime.datetime(2021, 4, 22, 9, 35, 34, 7561)}
[DEBUG]2021-04-22 09:35:34,247: AGV30 choise next pos cur LM16 next LM43 pre LM44 5.449 True
[DEBUG]2021-04-22 09:35:34,252: AGV30 choise next pos cur LM16 next LM14 pre LM43 7.285 False
[DEBUG]2021-04-22 09:35:34,254: AGV30 turn to wait check cur LM16 next LM14 7.285 False
[DEBUG]2021-04-22 09:35:34,786: agvInfo: AGV30 AKM2F.LM16 move to AKM2F.LM14 ,taskId 6080d2b26ea780813ff88771_3
[INFO]2021-04-22 09:35:35,045: 回调过来的状态： {'id': '6080d2b26ea780813ff88771_3', 'ticks': 676114590.82, 'status': 'begin', 'exception': None, 'success': False, 'createTime': '2021-04-22 09:35:32', 'agv': 'AGV30', 'target': 'AKM2F.LM12', 'start': 'AKM2F.LM16', 'map': 'AKM2F', 'action': 'move', 'step': 2, 'paths': 'LM16,LM44,LM43,LM14,LM13,LM12', 'unfinishPaths': 'LM44,LM43,LM14,LM13,LM12'}
[INFO]2021-04-22 09:35:35,048: 回调过来的参数： {'taskId': '6080d2b26ea780813ff88771_3', 'location': 'LM12', 'floorId': 'AKM2F', 'taskType': 'scadaTask', 'WorkPlace': None, 'agvId': 'AGV30', 'isRotate': '', 'direction': None, 'p_direction': 0.0, 'timeoutSec': 86400, 'recognize': False, 'use_pgv': False, 'pgv_type': 1, 'agv': 'AGV30', 'loc': 'AKM2F.LM12', 'appName': 'akmTask', 'result': True, 'resultDesc': None}
[DEBUG]2021-04-22 09:35:37,161: AGV30 set loc AKM2F.LM44 ,old LM16 (-16.46,-33.44)
[DEBUG]2021-04-22 09:35:41,734: AGV30 set loc AKM2F.LM43 ,old LM44 (-12.76,-33.44)
[DEBUG]2021-04-22 09:35:42,934: AGV30 turn to wait check cur LM43 next LM13 0.816 False
[DEBUG]2021-04-22 09:35:43,459: agvInfo: AGV30 AKM2F.LM43 move to AKM2F.LM13 ,taskId 6080d2b26ea780813ff88771_3
[DEBUG]2021-04-22 09:35:43,790: AGV30 set loc AKM2F.LM14 ,old LM43 (-11.08,-33.41)
[INFO]2021-04-22 09:35:43,953: 回调过来的状态： {'id': '6080d2b26ea780813ff88771_3', 'ticks': 676114590.82, 'status': 'begin', 'exception': None, 'success': False, 'createTime': '2021-04-22 09:35:32', 'agv': 'AGV30', 'target': 'AKM2F.LM12', 'start': 'AKM2F.LM16', 'map': 'AKM2F', 'action': 'move', 'step': 3, 'paths': 'LM16,LM44,LM43,LM14,LM13,LM12', 'unfinishPaths': 'LM14,LM13,LM12'}
[INFO]2021-04-22 09:35:43,957: 回调过来的参数： {'taskId': '6080d2b26ea780813ff88771_3', 'location': 'LM12', 'floorId': 'AKM2F', 'taskType': 'scadaTask', 'WorkPlace': None, 'agvId': 'AGV30', 'isRotate': '', 'direction': None, 'p_direction': 0.0, 'timeoutSec': 86400, 'recognize': False, 'use_pgv': False, 'pgv_type': 1, 'agv': 'AGV30', 'loc': 'AKM2F.LM12', 'appName': 'akmTask', 'result': True, 'resultDesc': None}
[DEBUG]2021-04-22 09:35:43,969: AGV30 choise next pos cur LM14 next LM12 pre LM13 7.933 False
[DEBUG]2021-04-22 09:35:43,971: AGV30 turn to wait check cur LM14 next LM12 7.933 False
[DEBUG]2021-04-22 09:35:44,486: agvInfo: AGV30 AKM2F.LM14 move to AKM2F.LM12 ,taskId 6080d2b26ea780813ff88771_3
[INFO]2021-04-22 09:35:44,997: 回调过来的状态： {'id': '6080d2b26ea780813ff88771_3', 'ticks': 676114590.82, 'status': 'begin', 'exception': None, 'success': False, 'createTime': '2021-04-22 09:35:32', 'agv': 'AGV30', 'target': 'AKM2F.LM12', 'start': 'AKM2F.LM16', 'map': 'AKM2F', 'action': 'move', 'step': 4, 'paths': 'LM16,LM44,LM43,LM14,LM13,LM12', 'unfinishPaths': 'LM13,LM12'}
[INFO]2021-04-22 09:35:45,001: 回调过来的参数： {'taskId': '6080d2b26ea780813ff88771_3', 'location': 'LM12', 'floorId': 'AKM2F', 'taskType': 'scadaTask', 'WorkPlace': None, 'agvId': 'AGV30', 'isRotate': '', 'direction': None, 'p_direction': 0.0, 'timeoutSec': 86400, 'recognize': False, 'use_pgv': False, 'pgv_type': 1, 'agv': 'AGV30', 'loc': 'AKM2F.LM12', 'appName': 'akmTask', 'result': True, 'resultDesc': None}
[DEBUG]2021-04-22 09:35:47,887: AGV30 set loc AKM2F.LM13 ,old LM14 (-11.08,-30.49)
[WARNING]2021-04-22 09:35:49,076: AGV30 waitFinish: loc is diff LM13 LM12 task_status= 2
[WARNING]2021-04-22 09:35:49,591: AGV30 waitFinish: loc is diff LM13 LM12 task_status= 2
[WARNING]2021-04-22 09:35:50,106: AGV30 waitFinish: loc is diff LM13 LM12 task_status= 2
[WARNING]2021-04-22 09:35:50,618: AGV30 waitFinish: loc is diff LM13 LM12 task_status= 2
[WARNING]2021-04-22 09:35:51,134: AGV30 waitFinish: loc is diff LM13 LM12 task_status= 2
[WARNING]2021-04-22 09:35:51,652: AGV30 waitFinish: loc is diff LM13 LM12 task_status= 2
[WARNING]2021-04-22 09:35:52,165: AGV30 waitFinish: loc is diff LM13 LM12 task_status= 2
[WARNING]2021-04-22 09:35:52,679: AGV30 waitFinish: loc is diff LM13 LM12 task_status= 2
[WARNING]2021-04-22 09:35:53,196: AGV30 waitFinish: loc is diff LM13 LM12 task_status= 2
[WARNING]2021-04-22 09:35:53,712: AGV30 waitFinish: loc is diff LM13 LM12 task_status= 2
[DEBUG]2021-04-22 09:35:54,056: AGV30 set loc AKM2F.LM12 ,old LM13 (-11.08,-25.52)
[SUCC]2021-04-22 09:35:55,746: Finish:  AGV30 arrived AKM2F.LM12 ,task: 6080d2b26ea780813ff88771_3
[INFO]2021-04-22 09:35:55,908: task: move finish callback task[6080d2b26ea780813ff88771][AGV30] LM16(LM17) -> LM9(LM12) [moveTarget]
[INFO]2021-04-22 09:35:55,914: task[6080d2b26ea780813ff88771] update info: {'step': 'waitTarget', 'failMsg': '等待scada允许进入目标信号', 'updateTime': datetime.datetime(2021, 4, 22, 9, 35, 55, 911116)}
[ERROR]2021-04-22 09:41:51,460: user press Ctrl+C, system quit!
[WARNING]2021-04-22 09:41:51,540: runTask:stop save file
[ERROR]2021-04-22 09:41:51,636: process exited, living 0:07:44.207183 seconds
