[INFO]2021-06-16 14:19:41,037: log files at C:\Users\Administrator\Desktop\SVN\zhongshan\AKMfloor\common\log
[INFO]2021-06-16 14:19:41,038: find module account.main_account
[INFO]2021-06-16 14:19:41,039: find module agvCtrl.main_agv
[INFO]2021-06-16 14:19:41,039: find module agvDevice.main_agvDevice
[INFO]2021-06-16 14:19:41,040: find module akmCtrl.main_akmCtrl
[INFO]2021-06-16 14:19:41,040: find module alarm.main_alarm
[INFO]2021-06-16 14:19:41,040: find module auth.main_auth
[INFO]2021-06-16 14:19:41,041: find module door.main_door
[INFO]2021-06-16 14:19:41,041: find module elevator.main_elevator
[INFO]2021-06-16 14:19:41,043: find module menu.main_menu
[INFO]2021-06-16 14:19:41,043: find module remoteio.main_remoteio
[INFO]2021-06-16 14:19:41,044: find module webFront.main_web
[INFO]2021-06-16 14:19:41,044: find module wmqtt.main_wmqtt
[INFO]2021-06-16 14:19:41,044: import account.main_account
[INFO]2021-06-16 14:19:41,125: import agvCtrl.main_agv
[INFO]2021-06-16 14:19:41,408: create lock <lock name:doorMgr.lock,<unlocked _thread.RLock object owner=0 count=0 at 0x000002FD34108DC8>>
[INFO]2021-06-16 14:19:41,423: create lock <lock name:door.lock,<unlocked _thread.RLock object owner=0 count=0 at 0x000002FD341510A8>>
[INFO]2021-06-16 14:19:41,511: create lock <lock name:timer.lock_3286527499624,<unlocked _thread.RLock object owner=0 count=0 at 0x000002FD34476C38>>
[ERROR]2021-06-16 14:19:41,523: mqtt is disabled
[INFO]2021-06-16 14:19:41,524: mqtt: subscribe [alarm/raise/+]
[INFO]2021-06-16 14:19:41,525: mqtt: subscribe [alarm/clear/+]
[INFO]2021-06-16 14:19:44,556: Mongodb connect to 127.0.0.1 port 27017
[INFO]2021-06-16 14:19:44,580: create lock <lock name:elevatorMgr.lock,<unlocked _thread.RLock object owner=0 count=0 at 0x000002FD347430F8>>
[WARNING]2021-06-16 14:19:44,590: use mockAgvCtrl
[INFO]2021-06-16 14:19:44,593: create lock <lock name:mapMgr.lock,<unlocked _thread.RLock object owner=0 count=0 at 0x000002FD3314BCB0>>
[INFO]2021-06-16 14:19:44,894: create lock <lock name:agvList.g_agvLock,<unlocked _thread.RLock object owner=0 count=0 at 0x000002FD3477AF58>>
[INFO]2021-06-16 14:19:44,901: create lock <lock name:taskList.lock,<unlocked _thread.RLock object owner=0 count=0 at 0x000002FD347F69E0>>
[INFO]2021-06-16 14:19:44,962: charge policy 1 , fix time
[INFO]2021-06-16 14:19:45,002: create lock <lock name:agvApi.g_lock,<unlocked _thread.RLock object owner=0 count=0 at 0x000002FD3477A198>>
[INFO]2021-06-16 14:19:46,573: start load map C:\Users\Administrator\Desktop\SVN\zhongshan\AKMfloor\agvCtrl\projects\test\20190911_F1.smap
[DEBUG]2021-06-16 14:19:50,910: create aliveObj ELEVATOR01 µÁÃ›¿Îœﬂ“Ï≥£ timeout 30
[DEBUG]2021-06-16 14:19:50,914: elevator thread start
[INFO]2021-06-16 14:19:51,845: load map C:\Users\Administrator\Desktop\SVN\zhongshan\AKMfloor\agvCtrl\projects\test\20190911_F1.smap ,used 5282 ms
[INFO]2021-06-16 14:19:51,854: start load map C:\Users\Administrator\Desktop\SVN\zhongshan\AKMfloor\agvCtrl\projects\test\408.smap
[INFO]2021-06-16 14:19:52,785: load map C:\Users\Administrator\Desktop\SVN\zhongshan\AKMfloor\agvCtrl\projects\test\408.smap ,used 938 ms
[INFO]2021-06-16 14:19:52,795: start load map C:\Users\Administrator\Desktop\SVN\zhongshan\AKMfloor\agvCtrl\projects\test\510.smap
[INFO]2021-06-16 14:19:53,511: load map C:\Users\Administrator\Desktop\SVN\zhongshan\AKMfloor\agvCtrl\projects\test\510.smap ,used 724 ms
[INFO]2021-06-16 14:19:53,521: start load map C:\Users\Administrator\Desktop\SVN\zhongshan\AKMfloor\agvCtrl\projects\test\8-222.smap
[INFO]2021-06-16 14:19:54,116: load map C:\Users\Administrator\Desktop\SVN\zhongshan\AKMfloor\agvCtrl\projects\test\8-222.smap ,used 603 ms
[INFO]2021-06-16 14:19:54,126: start load map C:\Users\Administrator\Desktop\SVN\zhongshan\AKMfloor\agvCtrl\projects\test\AKM2F.smap
[INFO]2021-06-16 14:19:57,061: load map C:\Users\Administrator\Desktop\SVN\zhongshan\AKMfloor\agvCtrl\projects\test\AKM2F.smap ,used 2944 ms
[INFO]2021-06-16 14:19:57,072: start load map C:\Users\Administrator\Desktop\SVN\zhongshan\AKMfloor\agvCtrl\projects\test\AKM4F.smap
