[INFO]2021-03-17 10:24:12,308: log files at C:\Users\Administrator\Desktop\SVN\branches\common\log
[INFO]2021-03-17 10:24:12,309: find module account.main_account
[INFO]2021-03-17 10:24:12,309: find module agvCtrl.main_agv
[INFO]2021-03-17 10:24:12,310: find module agvDevice.main_agvDevice
[INFO]2021-03-17 10:24:12,310: find module alarm.main_alarm
[INFO]2021-03-17 10:24:12,311: find module auth.main_auth
[INFO]2021-03-17 10:24:12,311: find module door.main_door
[INFO]2021-03-17 10:24:12,311: find module elevator.main_elevator
[INFO]2021-03-17 10:24:12,312: find module menu.main_menu
[INFO]2021-03-17 10:24:12,321: find module pharmapackCtrl.main_scadaCtrl
[INFO]2021-03-17 10:24:12,322: find module webFront.main_web
[INFO]2021-03-17 10:24:12,323: find module wmqtt.main_wmqtt
[INFO]2021-03-17 10:24:12,323: import account.main_account
[INFO]2021-03-17 10:24:12,405: import agvCtrl.main_agv
[INFO]2021-03-17 10:24:12,691: create lock <lock name:doorMgr.lock,<unlocked _thread.RLock object owner=0 count=0 at 0x000001ECEAB038C8>>
[INFO]2021-03-17 10:24:12,694: create lock <lock name:door.lock,<unlocked _thread.RLock object owner=0 count=0 at 0x000001ECEAB03A80>>
[INFO]2021-03-17 10:24:12,786: create lock <lock name:timer.lock_2117065124832,<unlocked _thread.RLock object owner=0 count=0 at 0x000001ECEAE5D508>>
[ERROR]2021-03-17 10:24:12,797: mqtt is disabled
[INFO]2021-03-17 10:24:12,798: mqtt: subscribe [alarm/raise/+]
[INFO]2021-03-17 10:24:12,799: mqtt: subscribe [alarm/clear/+]
[INFO]2021-03-17 10:24:15,832: Mongodb connect to 127.0.0.1 port 27017
[INFO]2021-03-17 10:24:15,951: create lock <lock name:elevatorApi.tcp_lock,<unlocked _thread.RLock object owner=0 count=0 at 0x000001ECEB260210>>
[INFO]2021-03-17 10:24:15,954: create lock <lock name:elevatorApi.g_lock,<unlocked _thread.RLock object owner=0 count=0 at 0x000001ECE9162E18>>
[INFO]2021-03-17 10:24:15,956: create lock <lock name:elevatorMgr.lock,<unlocked _thread.RLock object owner=0 count=0 at 0x000001ECE91628A0>>
[INFO]2021-03-17 10:24:16,114: create lock <lock name:mapMgr.lock,<unlocked _thread.RLock object owner=0 count=0 at 0x000001ECE94E37B0>>
[INFO]2021-03-17 10:24:16,405: create lock <lock name:agvList.g_agvLock,<unlocked _thread.RLock object owner=0 count=0 at 0x000001ECEB34DC38>>
[INFO]2021-03-17 10:24:16,410: create lock <lock name:taskList.lock,<unlocked _thread.RLock object owner=0 count=0 at 0x000001ECEB496DC8>>
[INFO]2021-03-17 10:24:16,471: charge policy 1 , fix time
[INFO]2021-03-17 10:24:16,506: create lock <lock name:agvApi.g_lock,<unlocked _thread.RLock object owner=0 count=0 at 0x000001ECEB496968>>
[INFO]2021-03-17 10:24:17,093: start load map C:\Users\Administrator\Desktop\SVN\branches\agvCtrl\projects\fastprint\20190911_F1.smap
[DEBUG]2021-03-17 10:24:17,333: create aliveObj DOOR40 门控离线异常 timeout 60
[DEBUG]2021-03-17 10:24:17,335: create aliveObj DOOR41 门控离线异常 timeout 60
[DEBUG]2021-03-17 10:24:17,353: elevator thread start
[INFO]2021-03-17 10:24:17,379: load map C:\Users\Administrator\Desktop\SVN\branches\agvCtrl\projects\fastprint\20190911_F1.smap ,used 295 ms
[INFO]2021-03-17 10:24:17,389: start load map C:\Users\Administrator\Desktop\SVN\branches\agvCtrl\projects\fastprint\fp-neiwei.smap
[INFO]2021-03-17 10:24:17,621: load map C:\Users\Administrator\Desktop\SVN\branches\agvCtrl\projects\fastprint\fp-neiwei.smap ,used 239 ms
[INFO]2021-03-17 10:24:17,634: start load map C:\Users\Administrator\Desktop\SVN\branches\agvCtrl\projects\fastprint\fp20190712-1.smap
[DEBUG]2021-03-17 10:24:18,931: create aliveObj DOOR13 门控离线异常 timeout 60
[DEBUG]2021-03-17 10:24:18,934: create aliveObj DOOR23 门控离线异常 timeout 60
[DEBUG]2021-03-17 10:24:18,938: create aliveObj DOOR08 门控离线异常 timeout 60
[DEBUG]2021-03-17 10:24:18,939: create aliveObj DOOR09 门控离线异常 timeout 60
[DEBUG]2021-03-17 10:24:18,940: create aliveObj DOOR15 门控离线异常 timeout 60
[DEBUG]2021-03-17 10:24:18,941: create aliveObj DOOR07 门控离线异常 timeout 60
[DEBUG]2021-03-17 10:24:18,941: create aliveObj DOOR04 门控离线异常 timeout 60
[DEBUG]2021-03-17 10:24:18,942: create aliveObj DOOR06 门控离线异常 timeout 60
[DEBUG]2021-03-17 10:24:18,943: create aliveObj DOOR17 门控离线异常 timeout 60
[DEBUG]2021-03-17 10:24:18,944: create aliveObj DOOR18 门控离线异常 timeout 60
[DEBUG]2021-03-17 10:24:18,945: create aliveObj DOOR20 门控离线异常 timeout 60
[DEBUG]2021-03-17 10:24:18,948: create aliveObj DOOR25 门控离线异常 timeout 60
[DEBUG]2021-03-17 10:24:18,948: create aliveObj DOOR101 门控离线异常 timeout 60
[DEBUG]2021-03-17 10:24:18,949: create aliveObj DOOR27 门控离线异常 timeout 60
[INFO]2021-03-17 10:24:18,984: load map C:\Users\Administrator\Desktop\SVN\branches\agvCtrl\projects\fastprint\fp20190712-1.smap ,used 1361 ms
[INFO]2021-03-17 10:24:18,988: import agvDevice.main_agvDevice
[INFO]2021-03-17 10:24:18,993: import alarm.main_alarm
[INFO]2021-03-17 10:24:19,011: import auth.main_auth
[INFO]2021-03-17 10:24:19,021: import door.main_door
[INFO]2021-03-17 10:24:19,024: import elevator.main_elevator
[INFO]2021-03-17 10:24:19,027: import menu.main_menu
[INFO]2021-03-17 10:24:19,030: import pharmapackCtrl.main_scadaCtrl
[INFO]2021-03-17 10:24:19,116: create lock <lock name:runTasks.g_lock,<unlocked _thread.RLock object owner=0 count=0 at 0x000001ECEDC4D918>>
[INFO]2021-03-17 10:24:19,121: create lock <lock name:runTasks.pre_lock,<unlocked _thread.RLock object owner=0 count=0 at 0x000001ECEDC4D990>>
[INFO]2021-03-17 10:24:19,587: import webFront.main_web
[INFO]2021-03-17 10:24:19,595: import wmqtt.main_wmqtt
[SUCC]2021-03-17 10:24:19,605: utility start, pid=7576, ppid=4768
[DEBUG]2021-03-17 10:24:19,609: start timer
[INFO]2021-03-17 10:24:19,618: load agv file: C:\Users\Administrator\Desktop\SVN\branches\agvCtrl/projects/fastprint/agv.cfg
[INFO]2021-03-17 10:24:19,620: create lock <lock name:agvList.AGV01.lock,<unlocked _thread.RLock object owner=0 count=0 at 0x000001ECEDFC1238>>
[DEBUG]2021-03-17 10:24:19,625: create aliveObj AGV01 AGV离线异常 timeout 300
[INFO]2021-03-17 10:24:19,626: AGV01 start agvList run thread
[INFO]2021-03-17 10:24:19,627: AGV01 start agvList run2 thread
[INFO]2021-03-17 10:24:19,628: create lock <lock name:agv.AGV01.lock_status,<unlocked _thread.RLock object owner=0 count=0 at 0x000001ECEDFC1698>>
[INFO]2021-03-17 10:24:19,629: create lock <lock name:agvList.AGV02.lock,<unlocked _thread.RLock object owner=0 count=0 at 0x000001ECEDFC15F8>>
[DEBUG]2021-03-17 10:24:19,630: try connect AGV01 192.168.128.201:19204
[DEBUG]2021-03-17 10:24:19,634: create aliveObj AGV02 AGV离线异常 timeout 300
[INFO]2021-03-17 10:24:19,636: AGV02 start agvList run thread
[INFO]2021-03-17 10:24:19,637: AGV02 start agvList run2 thread
[INFO]2021-03-17 10:24:19,637: create lock <lock name:agvList.AGV03.lock,<unlocked _thread.RLock object owner=0 count=0 at 0x000001ECEDFC1878>>
[INFO]2021-03-17 10:24:19,637: create lock <lock name:agv.AGV02.lock_status,<unlocked _thread.RLock object owner=0 count=0 at 0x000001ECEDFC18C8>>
[DEBUG]2021-03-17 10:24:19,639: try connect AGV02 192.168.128.202:19204
[DEBUG]2021-03-17 10:24:19,640: create aliveObj AGV03 AGV离线异常 timeout 300
[INFO]2021-03-17 10:24:19,642: AGV03 start agvList run thread
[INFO]2021-03-17 10:24:19,642: AGV03 start agvList run2 thread
[INFO]2021-03-17 10:24:19,642: create lock <lock name:agvList.AGV04.lock,<unlocked _thread.RLock object owner=0 count=0 at 0x000001ECEDFC1AF8>>
[INFO]2021-03-17 10:24:19,642: create lock <lock name:agv.AGV03.lock_status,<unlocked _thread.RLock object owner=0 count=0 at 0x000001ECEDFC1B48>>
[DEBUG]2021-03-17 10:24:19,644: try connect AGV03 192.168.128.203:19204
[DEBUG]2021-03-17 10:24:19,645: create aliveObj AGV04 AGV离线异常 timeout 300
[INFO]2021-03-17 10:24:19,648: AGV04 start agvList run thread
[INFO]2021-03-17 10:24:19,649: AGV04 start agvList run2 thread
[INFO]2021-03-17 10:24:19,649: create lock <lock name:agvList.AGV05.lock,<unlocked _thread.RLock object owner=0 count=0 at 0x000001ECEDFC1D78>>
[INFO]2021-03-17 10:24:19,650: create lock <lock name:agv.AGV04.lock_status,<unlocked _thread.RLock object owner=0 count=0 at 0x000001ECEDFC1440>>
[DEBUG]2021-03-17 10:24:19,652: try connect AGV04 192.168.128.204:19204
[DEBUG]2021-03-17 10:24:19,653: create aliveObj AGV05 AGV离线异常 timeout 300
[INFO]2021-03-17 10:24:19,654: AGV05 start agvList run thread
[INFO]2021-03-17 10:24:19,654: AGV05 start agvList run2 thread
[INFO]2021-03-17 10:24:19,654: create lock <lock name:agvList.AGV06.lock,<unlocked _thread.RLock object owner=0 count=0 at 0x000001ECEDFC1260>>
[INFO]2021-03-17 10:24:19,655: create lock <lock name:agv.AGV05.lock_status,<unlocked _thread.RLock object owner=0 count=0 at 0x000001ECEDFC1170>>
[DEBUG]2021-03-17 10:24:19,657: try connect AGV05 192.168.128.205:19204
[DEBUG]2021-03-17 10:24:19,658: create aliveObj AGV06 AGV离线异常 timeout 300
[INFO]2021-03-17 10:24:19,659: AGV06 start agvList run thread
[INFO]2021-03-17 10:24:19,659: AGV06 start agvList run2 thread
[INFO]2021-03-17 10:24:19,659: create lock <lock name:agvList.AGV07.lock,<unlocked _thread.RLock object owner=0 count=0 at 0x000001ECEDFC1FD0>>
[INFO]2021-03-17 10:24:19,660: create lock <lock name:agv.AGV06.lock_status,<unlocked _thread.RLock object owner=0 count=0 at 0x000001ECEDFE8058>>
[DEBUG]2021-03-17 10:24:19,665: try connect AGV06 192.168.128.206:19204
[DEBUG]2021-03-17 10:24:19,666: create aliveObj AGV07 AGV离线异常 timeout 300
[INFO]2021-03-17 10:24:19,667: AGV07 start agvList run thread
[INFO]2021-03-17 10:24:19,667: AGV07 start agvList run2 thread
[INFO]2021-03-17 10:24:19,667: create lock <lock name:agvList.AGV08.lock,<unlocked _thread.RLock object owner=0 count=0 at 0x000001ECEDFE8288>>
[INFO]2021-03-17 10:24:19,668: create lock <lock name:agv.AGV07.lock_status,<unlocked _thread.RLock object owner=0 count=0 at 0x000001ECEDFE82D8>>
[DEBUG]2021-03-17 10:24:19,670: try connect AGV07 192.168.128.207:19204
[DEBUG]2021-03-17 10:24:19,671: create aliveObj AGV08 AGV离线异常 timeout 300
[INFO]2021-03-17 10:24:19,671: AGV08 start agvList run thread
[INFO]2021-03-17 10:24:19,672: AGV08 start agvList run2 thread
[INFO]2021-03-17 10:24:19,672: add_ignore: taskStatus
[INFO]2021-03-17 10:24:19,672: create lock <lock name:agv.AGV08.lock_status,<unlocked _thread.RLock object owner=0 count=0 at 0x000001ECEDC4DFD0>>
[INFO]2021-03-17 10:24:19,674: add_ignore: api/elevator/status
[DEBUG]2021-03-17 10:24:19,674: try connect AGV08 192.168.128.208:19204
[INFO]2021-03-17 10:24:19,675: add_ignore: scada/getTask
[DEBUG]2021-03-17 10:24:21,639: GET: http://127.0.0.1:5551/api/agv/init?appName=scadaTask addr: 127.0.0.1
[INFO]2021-03-17 10:24:21,642: scadaTask init client agvApi
[DEBUG]2021-03-17 10:24:21,644: used 5ms 200 OK application/json;charset=utf-8, GET: http://127.0.0.1:5551/api/agv/init?appName=scadaTask
[DEBUG]2021-03-17 10:24:24,707: GET: http://127.0.0.1:5551/api/agv/startCharge?appName=scadaTask addr: 127.0.0.1
[DEBUG]2021-03-17 10:24:24,739: used 32ms 200 OK application/json;charset=utf-8, GET: http://127.0.0.1:5551/api/agv/startCharge?appName=scadaTask
[WARNING]2021-03-17 10:24:24,799: timer_thread[tid:6132] <lock name:runTasks.g_lock,<locked _thread.RLock object owner=6132 count=1 at 0x000001ECEDC4D918>> ,hold 3172 ms
[INFO]2021-03-17 10:24:24,968: name=timer_thread, pid=7576, tid=6132
[01] File "C:/Python37/lib/threading.py", line 865, in run() 
[02] File "C:/Users/Administrator/Desktop/SVN/branches/common/mytimer.py", line 113, in _loop() 
[03] File "C:/Users/Administrator/Desktop/SVN/branches/common/lock.py", line 122, in _call() 
[04] File "C:/Users/Administrator/Desktop/SVN/branches/common/lock.py", line 100, in release() 
[05] File "C:/Users/Administrator/Desktop/SVN/branches/common/enhance.py", line 258, in getTrace() 
[06] File "C:/Users/Administrator/Desktop/SVN/branches/common/enhance.py", line 240, in getThreadStack()
[WARNING]2021-03-17 10:24:26,234: clear alarm obj=DOOR40, typeId=39998, id=605167d484e1c5c371a6a8e8
[WARNING]2021-03-17 10:24:26,314: clear alarm obj=DOOR41, typeId=39998, id=605167d484e1c5c371a6a8ea
[WARNING]2021-03-17 10:24:26,461: clear alarm obj=DOOR13, typeId=39998, id=605167d484e1c5c371a6a8ec
[WARNING]2021-03-17 10:24:26,578: clear alarm obj=DOOR23, typeId=39998, id=605167d484e1c5c371a6a8ee
[WARNING]2021-03-17 10:24:26,717: clear alarm obj=DOOR08, typeId=39998, id=605167d484e1c5c371a6a8f0
[WARNING]2021-03-17 10:24:26,880: clear alarm obj=DOOR09, typeId=39998, id=605167d584e1c5c371a6a8f2
[WARNING]2021-03-17 10:24:26,982: clear alarm obj=DOOR15, typeId=39998, id=605167d584e1c5c371a6a8f4
[WARNING]2021-03-17 10:24:27,141: clear alarm obj=DOOR07, typeId=39998, id=605167d584e1c5c371a6a8f6
[WARNING]2021-03-17 10:24:27,238: clear alarm obj=DOOR04, typeId=39998, id=605167d584e1c5c371a6a8f8
[WARNING]2021-03-17 10:24:27,345: clear alarm obj=DOOR06, typeId=39998, id=605167d584e1c5c371a6a8fa
[WARNING]2021-03-17 10:24:27,521: clear alarm obj=DOOR17, typeId=39998, id=605167d584e1c5c371a6a8fc
[WARNING]2021-03-17 10:24:27,629: clear alarm obj=DOOR18, typeId=39998, id=605167d584e1c5c371a6a8fe
[WARNING]2021-03-17 10:24:27,710: clear alarm obj=DOOR20, typeId=39998, id=605167d584e1c5c371a6a900
[WARNING]2021-03-17 10:24:27,804: clear alarm obj=DOOR25, typeId=39998, id=605167d584e1c5c371a6a902
[WARNING]2021-03-17 10:24:27,947: clear alarm obj=DOOR101, typeId=39998, id=605167d584e1c5c371a6a905
[WARNING]2021-03-17 10:24:28,081: clear alarm obj=DOOR27, typeId=39998, id=605167d584e1c5c371a6a907
