[INFO]2021-03-18 17:19:31,807: log files at C:\Users\Administrator\Desktop\SVN\branches\common\log
[INFO]2021-03-18 17:19:31,808: find module account.main_account
[INFO]2021-03-18 17:19:31,809: find module agvCtrl.main_agv
[INFO]2021-03-18 17:19:31,809: find module agvDevice.main_agvDevice
[INFO]2021-03-18 17:19:31,810: find module alarm.main_alarm
[INFO]2021-03-18 17:19:31,810: find module auth.main_auth
[INFO]2021-03-18 17:19:31,811: find module door.main_door
[INFO]2021-03-18 17:19:31,811: find module elevator.main_elevator
[INFO]2021-03-18 17:19:31,812: find module menu.main_menu
[INFO]2021-03-18 17:19:31,812: find module pharmapackCtrl.main_scadaCtrl
[INFO]2021-03-18 17:19:31,813: find module webFront.main_web
[INFO]2021-03-18 17:19:31,813: find module wmqtt.main_wmqtt
[INFO]2021-03-18 17:19:31,813: import account.main_account
[INFO]2021-03-18 17:19:31,894: import agvCtrl.main_agv
[INFO]2021-03-18 17:19:32,178: create lock <lock name:doorMgr.lock,<unlocked _thread.RLock object owner=0 count=0 at 0x000002C9F3F348C8>>
[INFO]2021-03-18 17:19:32,181: create lock <lock name:door.lock,<unlocked _thread.RLock object owner=0 count=0 at 0x000002C9F3F34A80>>
[INFO]2021-03-18 17:19:32,270: create lock <lock name:timer.lock_3066408282824,<unlocked _thread.RLock object owner=0 count=0 at 0x000002C9F428D508>>
[ERROR]2021-03-18 17:19:32,280: mqtt is disabled
[INFO]2021-03-18 17:19:32,281: mqtt: subscribe [alarm/raise/+]
[INFO]2021-03-18 17:19:32,282: mqtt: subscribe [alarm/clear/+]
[INFO]2021-03-18 17:19:35,313: Mongodb connect to 127.0.0.1 port 27017
[INFO]2021-03-18 17:19:35,342: create lock <lock name:elevatorMgr.lock,<unlocked _thread.RLock object owner=0 count=0 at 0x000002C9F25908A0>>
[WARNING]2021-03-18 17:19:35,353: use mockAgvCtrl
[INFO]2021-03-18 17:19:35,355: create lock <lock name:mapMgr.lock,<unlocked _thread.RLock object owner=0 count=0 at 0x000002C9F29137B0>>
[INFO]2021-03-18 17:19:35,619: create lock <lock name:agvList.g_agvLock,<unlocked _thread.RLock object owner=0 count=0 at 0x000002C9F4724878>>
[INFO]2021-03-18 17:19:35,624: create lock <lock name:taskList.lock,<unlocked _thread.RLock object owner=0 count=0 at 0x000002C9F4740558>>
[INFO]2021-03-18 17:19:35,681: charge policy 1 , fix time
[INFO]2021-03-18 17:19:35,716: create lock <lock name:agvApi.g_lock,<unlocked _thread.RLock object owner=0 count=0 at 0x000002C9F4740C60>>
[INFO]2021-03-18 17:19:36,850: start load map C:\Users\Administrator\Desktop\SVN\branches\agvCtrl\projects\test\20190911_F1.smap
[DEBUG]2021-03-18 17:19:37,058: create aliveObj DOOR40 门控离线异常 timeout 60
[DEBUG]2021-03-18 17:19:37,060: create aliveObj DOOR41 门控离线异常 timeout 60
[DEBUG]2021-03-18 17:19:37,077: elevator thread start
[INFO]2021-03-18 17:19:37,098: load map C:\Users\Administrator\Desktop\SVN\branches\agvCtrl\projects\test\20190911_F1.smap ,used 257 ms
[INFO]2021-03-18 17:19:37,111: start load map C:\Users\Administrator\Desktop\SVN\branches\agvCtrl\projects\test\408.smap
[INFO]2021-03-18 17:19:37,163: load map C:\Users\Administrator\Desktop\SVN\branches\agvCtrl\projects\test\408.smap ,used 64 ms
[INFO]2021-03-18 17:19:37,174: start load map C:\Users\Administrator\Desktop\SVN\branches\agvCtrl\projects\test\510.smap
[INFO]2021-03-18 17:19:37,259: load map C:\Users\Administrator\Desktop\SVN\branches\agvCtrl\projects\test\510.smap ,used 94 ms
[INFO]2021-03-18 17:19:37,269: start load map C:\Users\Administrator\Desktop\SVN\branches\agvCtrl\projects\test\8-222.smap
[INFO]2021-03-18 17:19:37,310: load map C:\Users\Administrator\Desktop\SVN\branches\agvCtrl\projects\test\8-222.smap ,used 49 ms
[INFO]2021-03-18 17:19:37,320: start load map C:\Users\Administrator\Desktop\SVN\branches\agvCtrl\projects\test\akmsmt.smap
[INFO]2021-03-18 17:19:37,366: load map C:\Users\Administrator\Desktop\SVN\branches\agvCtrl\projects\test\akmsmt.smap ,used 55 ms
[INFO]2021-03-18 17:19:37,376: start load map C:\Users\Administrator\Desktop\SVN\branches\agvCtrl\projects\test\akmsmtMap.smap
[INFO]2021-03-18 17:19:37,485: load map C:\Users\Administrator\Desktop\SVN\branches\agvCtrl\projects\test\akmsmtMap.smap ,used 117 ms
[INFO]2021-03-18 17:19:37,498: start load map C:\Users\Administrator\Desktop\SVN\branches\agvCtrl\projects\test\bell.smap
[INFO]2021-03-18 17:19:37,531: load map C:\Users\Administrator\Desktop\SVN\branches\agvCtrl\projects\test\bell.smap ,used 41 ms
[INFO]2021-03-18 17:19:37,542: start load map C:\Users\Administrator\Desktop\SVN\branches\agvCtrl\projects\test\big.smap
[INFO]2021-03-18 17:19:38,620: load map C:\Users\Administrator\Desktop\SVN\branches\agvCtrl\projects\test\big.smap ,used 1087 ms
[INFO]2021-03-18 17:19:38,631: start load map C:\Users\Administrator\Desktop\SVN\branches\agvCtrl\projects\test\desai-all-20191223.smap
[INFO]2021-03-18 17:19:38,752: load map C:\Users\Administrator\Desktop\SVN\branches\agvCtrl\projects\test\desai-all-20191223.smap ,used 130 ms
[INFO]2021-03-18 17:19:38,762: start load map C:\Users\Administrator\Desktop\SVN\branches\agvCtrl\projects\test\fp-neiwei.smap
[INFO]2021-03-18 17:19:38,942: load map C:\Users\Administrator\Desktop\SVN\branches\agvCtrl\projects\test\fp-neiwei.smap ,used 188 ms
[INFO]2021-03-18 17:19:38,953: start load map C:\Users\Administrator\Desktop\SVN\branches\agvCtrl\projects\test\fp20190712-1.smap
[DEBUG]2021-03-18 17:19:40,112: create aliveObj DOOR13 门控离线异常 timeout 60
[DEBUG]2021-03-18 17:19:40,114: create aliveObj DOOR23 门控离线异常 timeout 60
[DEBUG]2021-03-18 17:19:40,118: create aliveObj DOOR08 门控离线异常 timeout 60
[DEBUG]2021-03-18 17:19:40,119: create aliveObj DOOR09 门控离线异常 timeout 60
[DEBUG]2021-03-18 17:19:40,120: create aliveObj DOOR15 门控离线异常 timeout 60
[DEBUG]2021-03-18 17:19:40,121: create aliveObj DOOR07 门控离线异常 timeout 60
[DEBUG]2021-03-18 17:19:40,122: create aliveObj DOOR04 门控离线异常 timeout 60
[DEBUG]2021-03-18 17:19:40,123: create aliveObj DOOR06 门控离线异常 timeout 60
[DEBUG]2021-03-18 17:19:40,123: create aliveObj DOOR17 门控离线异常 timeout 60
[DEBUG]2021-03-18 17:19:40,124: create aliveObj DOOR18 门控离线异常 timeout 60
[DEBUG]2021-03-18 17:19:40,125: create aliveObj DOOR20 门控离线异常 timeout 60
[DEBUG]2021-03-18 17:19:40,125: create aliveObj DOOR25 门控离线异常 timeout 60
[DEBUG]2021-03-18 17:19:40,126: create aliveObj DOOR101 门控离线异常 timeout 60
[DEBUG]2021-03-18 17:19:40,127: create aliveObj DOOR27 门控离线异常 timeout 60
[INFO]2021-03-18 17:19:40,162: load map C:\Users\Administrator\Desktop\SVN\branches\agvCtrl\projects\test\fp20190712-1.smap ,used 1218 ms
[INFO]2021-03-18 17:19:40,172: start load map C:\Users\Administrator\Desktop\SVN\branches\agvCtrl\projects\test\shuqin.smap
[INFO]2021-03-18 17:19:40,205: load map C:\Users\Administrator\Desktop\SVN\branches\agvCtrl\projects\test\shuqin.smap ,used 42 ms
[INFO]2021-03-18 17:19:40,216: start load map C:\Users\Administrator\Desktop\SVN\branches\agvCtrl\projects\test\test430.smap
[INFO]2021-03-18 17:19:40,263: load map C:\Users\Administrator\Desktop\SVN\branches\agvCtrl\projects\test\test430.smap ,used 56 ms
[INFO]2021-03-18 17:19:40,274: start load map C:\Users\Administrator\Desktop\SVN\branches\agvCtrl\projects\test\testdesay.smap
[INFO]2021-03-18 17:19:40,368: load map C:\Users\Administrator\Desktop\SVN\branches\agvCtrl\projects\test\testdesay.smap ,used 103 ms
[INFO]2021-03-18 17:19:40,379: start load map C:\Users\Administrator\Desktop\SVN\branches\agvCtrl\projects\test\testmap.smap
[INFO]2021-03-18 17:19:40,592: load map C:\Users\Administrator\Desktop\SVN\branches\agvCtrl\projects\test\testmap.smap ,used 222 ms
[INFO]2021-03-18 17:19:40,602: start load map C:\Users\Administrator\Desktop\SVN\branches\agvCtrl\projects\test\testscada.smap
[INFO]2021-03-18 17:19:40,669: load map C:\Users\Administrator\Desktop\SVN\branches\agvCtrl\projects\test\testscada.smap ,used 77 ms
[WARNING]2021-03-18 17:19:40,671: MainThread[tid:15120] <lock name:mapMgr.lock,<locked _thread.RLock object owner=15120 count=1 at 0x000002C9F29137B0>> ,hold 4954 ms
[INFO]2021-03-18 17:19:40,675: name=MainThread, pid=6736, tid=15120
[01] File "run_all.py", line 57, in <module>() 
[02] File "run_all.py", line 39, in findModule() 
[03] File "<frozen importlib._bootstrap>", line 983, in _find_and_load() 
[04] File "<frozen importlib._bootstrap>", line 967, in _find_and_load_unlocked() 
[05] File "<frozen importlib._bootstrap>", line 677, in _load_unlocked() 
[06] File "<frozen importlib._bootstrap_external>", line 728, in exec_module() 
[07] File "<frozen importlib._bootstrap>", line 219, in _call_with_frames_removed() 
[08] File "C:/Users/Administrator/Desktop/SVN/branches/agvCtrl/main_agv.py", line 22, in <module>() 
[09] File "C:/Users/Administrator/Desktop/SVN/branches/common/lock.py", line 122, in _call() 
[10] File "C:/Users/Administrator/Desktop/SVN/branches/common/lock.py", line 100, in release() 
[11] File "C:/Users/Administrator/Desktop/SVN/branches/common/enhance.py", line 258, in getTrace() 
[12] File "C:/Users/Administrator/Desktop/SVN/branches/common/enhance.py", line 240, in getThreadStack()
[INFO]2021-03-18 17:19:40,679: import agvDevice.main_agvDevice
[INFO]2021-03-18 17:19:40,680: import alarm.main_alarm
[INFO]2021-03-18 17:19:40,685: import auth.main_auth
[INFO]2021-03-18 17:19:40,701: import door.main_door
[INFO]2021-03-18 17:19:40,706: import elevator.main_elevator
[INFO]2021-03-18 17:19:40,716: create lock <lock name:elevatorApi.tcp_lock,<unlocked _thread.RLock object owner=0 count=0 at 0x000002C9F8568B70>>
[INFO]2021-03-18 17:19:40,720: create lock <lock name:elevatorApi.g_lock,<unlocked _thread.RLock object owner=0 count=0 at 0x000002C9F8568648>>
[INFO]2021-03-18 17:19:40,723: import menu.main_menu
[INFO]2021-03-18 17:19:40,726: import pharmapackCtrl.main_scadaCtrl
[INFO]2021-03-18 17:19:40,799: create lock <lock name:runTasks.g_lock,<unlocked _thread.RLock object owner=0 count=0 at 0x000002C9F87F2648>>
[INFO]2021-03-18 17:19:40,805: create lock <lock name:runTasks.pre_lock,<unlocked _thread.RLock object owner=0 count=0 at 0x000002C9F87F26C0>>
[INFO]2021-03-18 17:19:41,191: import webFront.main_web
[INFO]2021-03-18 17:19:41,197: import wmqtt.main_wmqtt
[SUCC]2021-03-18 17:19:41,208: utility start, pid=6736, ppid=7144
[DEBUG]2021-03-18 17:19:41,209: start timer
[INFO]2021-03-18 17:19:41,219: load agv file: C:\Users\Administrator\Desktop\SVN\branches\agvCtrl/projects/test/agv.cfg
[INFO]2021-03-18 17:19:41,221: create lock <lock name:agvList.AGV01.lock,<unlocked _thread.RLock object owner=0 count=0 at 0x000002C9F87F2BC0>>
[DEBUG]2021-03-18 17:19:41,225: create aliveObj AGV01 AGV离线异常 timeout 300
[INFO]2021-03-18 17:19:41,228: AGV01 start agvList run thread
[INFO]2021-03-18 17:19:41,228: AGV01 start agvList run2 thread
[INFO]2021-03-18 17:19:41,231: create lock <lock name:agvList.AGV02.lock,<unlocked _thread.RLock object owner=0 count=0 at 0x000002C9F87F2D50>>
[INFO]2021-03-18 17:19:41,239: AGV01 current map fp20190712-1
[DEBUG]2021-03-18 17:19:41,240: create aliveObj AGV02 AGV离线异常 timeout 300
[INFO]2021-03-18 17:19:41,242: AGV01 is online
[INFO]2021-03-18 17:19:41,245: AGV02 start agvList run thread
[INFO]2021-03-18 17:19:41,246: AGV02 start agvList run2 thread
[INFO]2021-03-18 17:19:41,246: create lock <lock name:agvList.AGV03.lock,<unlocked _thread.RLock object owner=0 count=0 at 0x000002C9F87F2F58>>
[INFO]2021-03-18 17:19:41,255: AGV02 current map fp20190712-1
[DEBUG]2021-03-18 17:19:41,257: create aliveObj AGV03 AGV离线异常 timeout 300
[INFO]2021-03-18 17:19:41,259: AGV02 is online
[INFO]2021-03-18 17:19:41,262: AGV03 start agvList run thread
[INFO]2021-03-18 17:19:41,263: AGV03 start agvList run2 thread
[INFO]2021-03-18 17:19:41,263: create lock <lock name:agvList.AGV05.lock,<unlocked _thread.RLock object owner=0 count=0 at 0x000002C9FB3201C0>>
[INFO]2021-03-18 17:19:41,268: AGV03 current map fp20190712-1
[INFO]2021-03-18 17:19:41,269: AGV03 is online
[DEBUG]2021-03-18 17:19:41,271: create aliveObj AGV05 AGV离线异常 timeout 300
[INFO]2021-03-18 17:19:41,276: AGV05 start agvList run thread
[INFO]2021-03-18 17:19:41,277: AGV05 start agvList run2 thread
[INFO]2021-03-18 17:19:41,277: create lock <lock name:agvList.AGV06.lock,<unlocked _thread.RLock object owner=0 count=0 at 0x000002C9FB320468>>
[ERROR]2021-03-18 17:19:41,279: agv check init error False
[DEBUG]2021-03-18 17:19:41,282: create aliveObj AGV06 AGV离线异常 timeout 300
[INFO]2021-03-18 17:19:41,284: AGV06 start agvList run thread
[INFO]2021-03-18 17:19:41,285: AGV06 start agvList run2 thread
[INFO]2021-03-18 17:19:41,285: create lock <lock name:agvList.AGV07.lock,<unlocked _thread.RLock object owner=0 count=0 at 0x000002C9FB3205F8>>
[INFO]2021-03-18 17:19:41,291: AGV06 current map fp20190712-1
[INFO]2021-03-18 17:19:41,296: AGV06 is online
[DEBUG]2021-03-18 17:19:41,296: create aliveObj AGV07 AGV离线异常 timeout 300
[INFO]2021-03-18 17:19:41,299: AGV07 start agvList run thread
[INFO]2021-03-18 17:19:41,300: AGV07 start agvList run2 thread
[INFO]2021-03-18 17:19:41,300: create lock <lock name:agvList.AGV08.lock,<unlocked _thread.RLock object owner=0 count=0 at 0x000002C9FB3208F0>>
[INFO]2021-03-18 17:19:41,306: AGV07 current map fp20190712-1
[DEBUG]2021-03-18 17:19:41,309: create aliveObj AGV08 AGV离线异常 timeout 300
[INFO]2021-03-18 17:19:41,310: AGV07 is online
[INFO]2021-03-18 17:19:41,311: AGV08 start agvList run thread
[INFO]2021-03-18 17:19:41,312: AGV08 start agvList run2 thread
[INFO]2021-03-18 17:19:41,325: AGV08 current map fp20190712-1
[INFO]2021-03-18 17:19:41,331: AGV08 is online
[INFO]2021-03-18 17:19:41,385: add_ignore: taskStatus
[INFO]2021-03-18 17:19:41,392: add_ignore: api/elevator/status
[INFO]2021-03-18 17:19:41,396: add_ignore: scada/getTask
[INFO]2021-03-18 17:19:41,786: AGV05 current map fp20190712-1
[INFO]2021-03-18 17:19:41,788: AGV05 is online
[WARNING]2021-03-18 17:19:42,226: clear alarm obj=DOOR40, typeId=39998, id=6053195a84e1c5c371a7a11e
[WARNING]2021-03-18 17:19:42,237: clear alarm obj=DOOR41, typeId=39998, id=6053195a84e1c5c371a7a120
[DEBUG]2021-03-18 17:19:43,280: GET: http://127.0.0.1:5551/api/agv/init?appName=scadaTask addr: 127.0.0.1
[INFO]2021-03-18 17:19:43,283: scadaTask init client agvApi
[DEBUG]2021-03-18 17:19:43,287: used 7ms 200 OK application/json;charset=utf-8, GET: http://127.0.0.1:5551/api/agv/init?appName=scadaTask
[DEBUG]2021-03-18 17:19:46,519: GET: http://127.0.0.1:5551/api/agv/startCharge?appName=scadaTask addr: 127.0.0.1
[DEBUG]2021-03-18 17:19:46,618: used 99ms 200 OK application/json;charset=utf-8, GET: http://127.0.0.1:5551/api/agv/startCharge?appName=scadaTask
[WARNING]2021-03-18 17:19:46,711: timer_thread[tid:3340] <lock name:runTasks.g_lock,<locked _thread.RLock object owner=3340 count=1 at 0x000002C9F87F2648>> ,hold 3460 ms
[INFO]2021-03-18 17:19:46,930: name=timer_thread, pid=6736, tid=3340
[01] File "C:/Python37/lib/threading.py", line 865, in run() 
[02] File "C:/Users/Administrator/Desktop/SVN/branches/common/mytimer.py", line 113, in _loop() 
[03] File "C:/Users/Administrator/Desktop/SVN/branches/common/lock.py", line 122, in _call() 
[04] File "C:/Users/Administrator/Desktop/SVN/branches/common/lock.py", line 100, in release() 
[05] File "C:/Users/Administrator/Desktop/SVN/branches/common/enhance.py", line 258, in getTrace() 
[06] File "C:/Users/Administrator/Desktop/SVN/branches/common/enhance.py", line 240, in getThreadStack()
[WARNING]2021-03-18 17:19:48,891: clear alarm obj=DOOR13, typeId=39998, id=6053195a84e1c5c371a7a122
[WARNING]2021-03-18 17:19:49,177: clear alarm obj=DOOR23, typeId=39998, id=6053195a84e1c5c371a7a124
[WARNING]2021-03-18 17:19:49,628: clear alarm obj=DOOR08, typeId=39998, id=6053195a84e1c5c371a7a126
[WARNING]2021-03-18 17:19:49,878: clear alarm obj=DOOR09, typeId=39998, id=6053195a84e1c5c371a7a128
[WARNING]2021-03-18 17:19:50,183: clear alarm obj=DOOR15, typeId=39998, id=6053195a84e1c5c371a7a12a
[WARNING]2021-03-18 17:19:50,488: clear alarm obj=DOOR07, typeId=39998, id=6053195a84e1c5c371a7a12c
[WARNING]2021-03-18 17:19:50,792: clear alarm obj=DOOR04, typeId=39998, id=6053195a84e1c5c371a7a12e
[WARNING]2021-03-18 17:19:51,071: clear alarm obj=DOOR06, typeId=39998, id=6053195a84e1c5c371a7a130
[WARNING]2021-03-18 17:19:51,314: clear alarm obj=DOOR17, typeId=39998, id=6053195b84e1c5c371a7a133
[WARNING]2021-03-18 17:19:51,627: clear alarm obj=DOOR18, typeId=39998, id=6053195b84e1c5c371a7a135
[WARNING]2021-03-18 17:19:51,803: clear alarm obj=DOOR20, typeId=39998, id=6053195b84e1c5c371a7a137
[WARNING]2021-03-18 17:19:52,021: clear alarm obj=DOOR25, typeId=39998, id=6053195b84e1c5c371a7a139
[WARNING]2021-03-18 17:19:52,231: clear alarm obj=DOOR101, typeId=39998, id=6053195b84e1c5c371a7a13b
[WARNING]2021-03-18 17:19:52,385: clear alarm obj=DOOR27, typeId=39998, id=6053195b84e1c5c371a7a13d
