[INFO]2021-03-30 09:01:35,360: log files at C:\Users\Administrator\Desktop\SVN\branches\common\log
[INFO]2021-03-30 09:01:35,360: find module account.main_account
[INFO]2021-03-30 09:01:35,361: find module agvCtrl.main_agv
[INFO]2021-03-30 09:01:35,362: find module agvDevice.main_agvDevice
[INFO]2021-03-30 09:01:35,362: find module alarm.main_alarm
[INFO]2021-03-30 09:01:35,363: find module auth.main_auth
[INFO]2021-03-30 09:01:35,363: find module door.main_door
[INFO]2021-03-30 09:01:35,364: find module elevator.main_elevator
[INFO]2021-03-30 09:01:35,364: find module feed.main_feed
[INFO]2021-03-30 09:01:35,365: find module menu.main_menu
[INFO]2021-03-30 09:01:35,365: find module pharmapackCtrl.main_scadaCtrl
[INFO]2021-03-30 09:01:35,366: find module webFront.main_web
[INFO]2021-03-30 09:01:35,366: find module wmqtt.main_wmqtt
[INFO]2021-03-30 09:01:35,366: import account.main_account
[INFO]2021-03-30 09:01:35,479: import agvCtrl.main_agv
[INFO]2021-03-30 09:01:36,112: create lock <lock name:doorMgr.lock,<unlocked _thread.RLock object owner=0 count=0 at 0x00000273914B28F0>>
[INFO]2021-03-30 09:01:36,115: create lock <lock name:door.lock,<unlocked _thread.RLock object owner=0 count=0 at 0x00000273914B2AA8>>
[INFO]2021-03-30 09:01:36,216: create lock <lock name:timer.lock_2695385915176,<unlocked _thread.RLock object owner=0 count=0 at 0x00000273918104B8>>
[ERROR]2021-03-30 09:01:36,228: mqtt is disabled
[INFO]2021-03-30 09:01:36,229: mqtt: subscribe [alarm/raise/+]
[INFO]2021-03-30 09:01:36,230: mqtt: subscribe [alarm/clear/+]
[INFO]2021-03-30 09:01:39,331: Mongodb connect to 127.0.0.1 port 27017
[INFO]2021-03-30 09:01:39,358: create lock <lock name:elevatorMgr.lock,<unlocked _thread.RLock object owner=0 count=0 at 0x000002738FAF4850>>
[WARNING]2021-03-30 09:01:39,374: use mockAgvCtrl
[INFO]2021-03-30 09:01:39,379: create lock <lock name:mapMgr.lock,<unlocked _thread.RLock object owner=0 count=0 at 0x000002738FE867D8>>
[INFO]2021-03-30 09:01:39,708: create lock <lock name:agvList.g_agvLock,<unlocked _thread.RLock object owner=0 count=0 at 0x0000027391CA5800>>
[INFO]2021-03-30 09:01:39,713: create lock <lock name:taskList.lock,<unlocked _thread.RLock object owner=0 count=0 at 0x0000027391CC1A30>>
[INFO]2021-03-30 09:01:39,769: charge policy 1 , fix time
[INFO]2021-03-30 09:01:39,797: create lock <lock name:agvApi.g_lock,<unlocked _thread.RLock object owner=0 count=0 at 0x0000027391CC1D28>>
[INFO]2021-03-30 09:01:39,906: start load map C:\Users\Administrator\Desktop\SVN\branches\agvCtrl\projects\test\comba-ZXC-F3.smap
[DEBUG]2021-03-30 09:01:40,080: elevator thread start
[INFO]2021-03-30 09:01:40,115: load map C:\Users\Administrator\Desktop\SVN\branches\agvCtrl\projects\test\comba-ZXC-F3.smap ,used 218 ms
[INFO]2021-03-30 09:01:40,119: import agvDevice.main_agvDevice
[INFO]2021-03-30 09:01:40,119: import alarm.main_alarm
[INFO]2021-03-30 09:01:40,123: import auth.main_auth
[INFO]2021-03-30 09:01:40,131: import door.main_door
[INFO]2021-03-30 09:01:40,169: import elevator.main_elevator
[INFO]2021-03-30 09:01:40,192: create lock <lock name:elevatorApi.tcp_lock,<unlocked _thread.RLock object owner=0 count=0 at 0x0000027391F403C8>>
[INFO]2021-03-30 09:01:40,194: create lock <lock name:elevatorApi.g_lock,<unlocked _thread.RLock object owner=0 count=0 at 0x0000027391E9DE18>>
[INFO]2021-03-30 09:01:40,197: import feed.main_feed
[INFO]2021-03-30 09:01:40,210: create lock <lock name:feedTask.g_lock,<unlocked _thread.RLock object owner=0 count=0 at 0x0000027391FBDB20>>
[INFO]2021-03-30 09:01:40,215: create lock <lock name:agvApi.g_lock,<unlocked _thread.RLock object owner=0 count=0 at 0x0000027391FE8418>>
[INFO]2021-03-30 09:01:40,287: import menu.main_menu
[INFO]2021-03-30 09:01:40,291: import pharmapackCtrl.main_scadaCtrl
[INFO]2021-03-30 09:01:40,378: create lock <lock name:runTasks.g_lock,<unlocked _thread.RLock object owner=0 count=0 at 0x0000027392185990>>
[INFO]2021-03-30 09:01:40,380: create lock <lock name:runTasks.pre_lock,<unlocked _thread.RLock object owner=0 count=0 at 0x0000027392185710>>
[INFO]2021-03-30 09:01:41,729: {'_id': 'ZXC05', 'location': '17', 'prepoint': '', 'floorId': 'comba-ZXC-F3', 'p_direction': 0.0, 'isWorkPlace': 'true'}
{'_id': 'ZXC06', 'location': '39', 'prepoint': '', 'floorId': 'comba-ZXC-F3', 'p_direction': 0.0, 'isWorkPlace': 'true'}
[ERROR]2021-03-30 09:01:41,749: load task: can't find task *task[60618e662b8c5349daa8cdae][-] 17() -> 39() [waitForAgv]
[INFO]2021-03-30 09:01:41,751: import webFront.main_web
[INFO]2021-03-30 09:01:41,756: import wmqtt.main_wmqtt
[SUCC]2021-03-30 09:01:41,765: utility start, pid=10828, ppid=10332
[DEBUG]2021-03-30 09:01:41,766: start timer
[INFO]2021-03-30 09:01:41,787: load agv file: C:\Users\Administrator\Desktop\SVN\branches\agvCtrl/projects/test/agv.cfg
[INFO]2021-03-30 09:01:41,788: create lock <lock name:agvList.AGV01.lock,<unlocked _thread.RLock object owner=0 count=0 at 0x0000027392185DC8>>
[DEBUG]2021-03-30 09:01:41,796: create aliveObj AGV01 AGV离线异常 timeout 300
[INFO]2021-03-30 09:01:41,798: AGV01 start agvList run thread
[INFO]2021-03-30 09:01:41,798: AGV01 start agvList run2 thread
[ERROR]2021-03-30 09:01:41,806: agv check init error False
[INFO]2021-03-30 09:01:41,820: add_ignore: taskStatus
[INFO]2021-03-30 09:01:41,821: add_ignore: api/elevator/status
[INFO]2021-03-30 09:01:41,824: add_ignore: scada/getTask
[INFO]2021-03-30 09:01:42,313: AGV01 current map comba-ZXC-F3
[INFO]2021-03-30 09:01:42,316: AGV01 is online
[DEBUG]2021-03-30 09:01:42,803: GET: http://127.0.0.1:5551/api/agv/init?appName=scadaTask addr: 127.0.0.1
[INFO]2021-03-30 09:01:42,810: scadaTask init client agvApi
[DEBUG]2021-03-30 09:01:42,813: used 10ms 200 OK application/json;charset=utf-8, GET: http://127.0.0.1:5551/api/agv/init?appName=scadaTask
[DEBUG]2021-03-30 09:01:46,022: GET: http://127.0.0.1:5551/api/agv/startCharge?appName=scadaTask addr: 127.0.0.1
[DEBUG]2021-03-30 09:01:46,130: used 108ms 200 OK application/json;charset=utf-8, GET: http://127.0.0.1:5551/api/agv/startCharge?appName=scadaTask
[WARNING]2021-03-30 09:01:46,333: timer_thread[tid:3716] <lock name:runTasks.g_lock,<locked _thread.RLock object owner=3716 count=1 at 0x0000027392185990>> ,hold 3546 ms
[INFO]2021-03-30 09:01:46,596: name=timer_thread, pid=10828, tid=3716
[01] File "C:/Python37/lib/threading.py", line 865, in run() 
[02] File "C:/Users/Administrator/Desktop/SVN/branches/common/mytimer.py", line 113, in _loop() 
[03] File "C:/Users/Administrator/Desktop/SVN/branches/common/lock.py", line 122, in _call() 
[04] File "C:/Users/Administrator/Desktop/SVN/branches/common/lock.py", line 100, in release() 
[05] File "C:/Users/Administrator/Desktop/SVN/branches/common/enhance.py", line 258, in getTrace() 
[06] File "C:/Users/Administrator/Desktop/SVN/branches/common/enhance.py", line 240, in getThreadStack()
[DEBUG]2021-03-30 10:28:35,025: GET: http://192.168.252.211:5551/api/manual/seat addr: 192.168.252.207
[DEBUG]2021-03-30 10:28:35,105: GET: http://192.168.252.211:5551/api/manual/tasklist addr: 192.168.252.207
[DEBUG]2021-03-30 10:28:35,105: GET: http://192.168.252.211:5551/api/manual/tasklist addr: 192.168.252.207
[DEBUG]2021-03-30 10:28:35,168: GET: http://192.168.252.211:5551/api/manual/seat addr: 192.168.252.207
[DEBUG]2021-03-30 10:28:35,184: GET: http://192.168.252.211:5551/api/manual/seat addr: 192.168.252.207
[DEBUG]2021-03-30 10:28:35,249: used 65ms 200 OK application/json;charset=utf-8, GET: http://192.168.252.211:5551/api/manual/seat
[DEBUG]2021-03-30 10:28:36,237: GET: http://192.168.252.211:5551/api/manual/seat addr: 192.168.252.207
[DEBUG]2021-03-30 10:28:36,445: used 208ms 200 OK application/json;charset=utf-8, GET: http://192.168.252.211:5551/api/manual/seat
[DEBUG]2021-03-30 10:28:36,822: GET: http://192.168.252.211:5551/api/manual/seat addr: 192.168.252.207
[DEBUG]2021-03-30 10:28:36,837: GET: http://192.168.252.211:5551/api/agv/agvStatusList?mapId=comba-ZXC-F3 addr: 192.168.252.207
[DEBUG]2021-03-30 10:28:36,852: GET: http://192.168.252.211:5551/api/agv/agvStatusList?mapId=comba-ZXC-F3 addr: 192.168.252.207
[DEBUG]2021-03-30 10:28:37,021: used 169ms 200 OK application/json;charset=utf-8, GET: http://192.168.252.211:5551/api/agv/agvStatusList?mapId=comba-ZXC-F3
[DEBUG]2021-03-30 10:43:04,386: GET: http://192.168.252.211:5551/api/scada/addTask?source=ZXC01&target=ZXC03 addr: 192.168.252.207
[INFO]2021-03-30 10:43:04,463: Scada send a task to the server from ZXC01 to ZXC03 payloadId: None
[INFO]2021-03-30 10:43:04,524: to this
[INFO]2021-03-30 10:43:04,632: create task[6062903861987a0c539ee590]: type= scadaTask , 从ZXC01运送货架到ZXC03 {'source': 'ZXC01', 'target': 'ZXC03', 'payloadId': None, 'priority': 1, 'type': 'scadaTask', 'taskName': '从ZXC01运送货架到ZXC03', 'createTime': datetime.datetime(2021, 3, 30, 10, 43, 4, 586735), 'updateTime': datetime.datetime(2021, 3, 30, 10, 43, 4, 586735), 'startTime': None, 'endTime': None, 'status': 'waiting', 'step': 'waiting', 'failMsg': None, 'history': [], '_id': ObjectId('6062903861987a0c539ee590')}
[INFO]2021-03-30 10:43:04,694: 
[INFO]2021-03-30 10:43:04,832: {'_id': 'ZXC01', 'location': '37', 'prepoint': '18', 'floorId': 'comba-ZXC-F3', 'p_direction': 0.0, 'isWorkPlace': 'true'}
{'_id': 'ZXC03', 'location': '40', 'prepoint': '36', 'floorId': 'comba-ZXC-F3', 'p_direction': 0.0, 'isWorkPlace': 'true'}
[INFO]2021-03-30 10:43:04,971: task[6062903861987a0c539ee590][-] 37(18) -> 40(36) [waiting] is inside False
[INFO]2021-03-30 10:43:05,079: task cmd: got a task from scada task[6062903861987a0c539ee590][-] 37(18) -> 40(36) [waiting]
[DEBUG]2021-03-30 10:43:05,157: used 771ms 200 OK application/json;charset=utf-8, GET: http://192.168.252.211:5551/api/scada/addTask?source=ZXC01&target=ZXC03
[INFO]2021-03-30 10:43:06,316: task[6062903861987a0c539ee590]:  start {'failMsg': '任务等待执行', 'startTime': datetime.datetime(2021, 3, 30, 10, 43, 6, 285191), 'updateTime': datetime.datetime(2021, 3, 30, 10, 43, 6, 285191), 'status': 'running'}
[INFO]2021-03-30 10:43:06,422: task: start task[6062903861987a0c539ee590][-] 37(18) -> 40(36) [waiting]
[INFO]2021-03-30 10:43:06,530: this is taskStep=============>waiting
[INFO]2021-03-30 10:43:06,577: 1
[INFO]2021-03-30 10:43:06,655: task[6062903861987a0c539ee590] update info: {'failMsg': '等待分配小车', 'updateTime': datetime.datetime(2021, 3, 30, 10, 43, 6, 639239)}
[DEBUG]2021-03-30 10:43:06,715: task[6062903861987a0c539ee590][-] 37(18) -> 40(36) [waitForAgv] waiting -> waitForAgv
[INFO]2021-03-30 10:43:07,845: this is taskStep=============>waitForAgv
[DEBUG]2021-03-30 10:43:07,983: GET: http://127.0.0.1:5551/api/agv/apply?appName=scadaTask&autoLock=False&exclude&loc=37&mapId=comba-ZXC-F3&taskId=6062903861987a0c539ee590&timeout=10 addr: 127.0.0.1
[INFO]2021-03-30 10:43:10,052: apply AGV01 ,taskId: 6062903861987a0c539ee590 ,loc comba-ZXC-F3.37 ,autoLock False , used 2022 ms
[DEBUG]2021-03-30 10:43:10,127: used 2144ms 200 OK application/json;charset=utf-8, GET: http://127.0.0.1:5551/api/agv/apply?appName=scadaTask&autoLock=False&exclude&loc=37&mapId=comba-ZXC-F3&taskId=6062903861987a0c539ee590&timeout=10
[DEBUG]2021-03-30 10:43:10,359: GET: http://127.0.0.1:5551/api/agv/lock?agv=AGV01&appName=scadaTask&taskId=6062903861987a0c539ee590 addr: 127.0.0.1
[DEBUG]2021-03-30 10:43:10,421: lock:  AGV01 taskId 6062903861987a0c539ee590 app scadaTask
[WARNING]2021-03-30 10:43:11,529: AGV01 clear task finish, cur= comba-ZXC-F3.41 task_status= 0
[DEBUG]2021-03-30 10:43:11,561: used 33ms 200 OK application/json;charset=utf-8, GET: http://127.0.0.1:5551/api/agv/lock?agv=AGV01&appName=scadaTask&taskId=6062903861987a0c539ee590
[INFO]2021-03-30 10:43:11,735: task[6062903861987a0c539ee590][-] 37(18) -> 40(36) [waitForAgv] apply AGV01
[INFO]2021-03-30 10:43:11,797: task[6062903861987a0c539ee590] update info: {'agvId': 'AGV01', 'failMsg': '成功分配小车AGV01,检测顶升下降', 'updateTime': datetime.datetime(2021, 3, 30, 10, 43, 11, 765532)}
[WARNING]2021-03-30 10:43:11,873: scada.6062903861987a0c539ee590[tid:5424] <locked _thread.RLock object owner=5424 count=1 at 0x0000027393852378> ,hold 4028 ms
[INFO]2021-03-30 10:43:12,041: name=scada.6062903861987a0c539ee590, pid=10828, tid=5424
[01] File "C:/Python37/lib/threading.py", line 865, in run() 
[02] File "C:/Users/Administrator/Desktop/SVN/branches/common/utility.py", line 167, in __call() 
[03] File "C:/Users/Administrator/Desktop/SVN/branches/pharmapackCtrl/runTasks.py", line 733, in _taskFunc() 
[04] File "C:/Users/Administrator/Desktop/SVN/branches/common/lock.py", line 122, in _call() 
[05] File "C:/Users/Administrator/Desktop/SVN/branches/common/lock.py", line 100, in release() 
[06] File "C:/Users/Administrator/Desktop/SVN/branches/common/enhance.py", line 258, in getTrace() 
[07] File "C:/Users/Administrator/Desktop/SVN/branches/common/enhance.py", line 240, in getThreadStack()
[DEBUG]2021-03-30 10:43:12,165: task[6062903861987a0c539ee590][AGV01] 37(18) -> 40(36) [initJackdown] waitForAgv -> initJackdown
[INFO]2021-03-30 10:43:12,616: this is taskStep=============>initJackdown
[INFO]2021-03-30 10:43:12,694: =========================>>>>>>>>>initJackdown
[INFO]2021-03-30 10:43:12,771: task[6062903861987a0c539ee590][AGV01] 37(18) -> 40(36) [initJackdown] _jackDown
[INFO]2021-03-30 10:43:12,881: task[6062903861987a0c539ee590] update info: {'failMsg': '前往ZXC01工位点拉取货架', 'updateTime': datetime.datetime(2021, 3, 30, 10, 43, 12, 865594)}
[DEBUG]2021-03-30 10:43:12,960: task[6062903861987a0c539ee590][AGV01] 37(18) -> 40(36) [startMoveJackup] initJackdown -> startMoveJackup
[INFO]2021-03-30 10:43:13,406: this is taskStep=============>startMoveJackup
[DEBUG]2021-03-30 10:43:13,486: GET: http://127.0.0.1:5551/api/agv/move?WorkPlace=true&agv=AGV01&agvId=AGV01&appName=scadaTask&direction=None&floorId=comba-ZXC-F3&isRotate&loc=comba-ZXC-F3.37&location=37&p_direction=0.0&pgv_type=1&recognize=False&seer_jackup=JackLoad&taskId=6062903861987a0c539ee590_2&taskType=scadaTask&timeoutSec=86400&use_pgv=False addr: 127.0.0.1
[INFO]2021-03-30 10:43:13,504: Begin: AGV01 move from comba-ZXC-F3.41 to comba-ZXC-F3.37 by paths: [('comba-ZXC-F3', ['41', '17', '18', '37'], 8.389842250422703)] task: 6062903861987a0c539ee590_2 timeout 86400 used 15 ms
[DEBUG]2021-03-30 10:43:13,506: task[6062903861987a0c539ee590][AGV01] 37(18) -> 40(36) [loadPlayload] startMoveJackup -> loadPlayload
[INFO]2021-03-30 10:43:13,810: this is taskStep=============>loadPlayload
[DEBUG]2021-03-30 10:43:14,084: agvInfo: AGV01 comba-ZXC-F3.41 move to comba-ZXC-F3.17 ,taskId 6062903861987a0c539ee590_2
[INFO]2021-03-30 10:43:14,120: this is taskStep=============>loadPlayload
[INFO]2021-03-30 10:43:14,432: this is taskStep=============>loadPlayload
[INFO]2021-03-30 10:43:14,741: this is taskStep=============>loadPlayload
[INFO]2021-03-30 10:43:15,050: this is taskStep=============>loadPlayload
[INFO]2021-03-30 10:43:15,360: this is taskStep=============>loadPlayload
[INFO]2021-03-30 10:43:15,670: this is taskStep=============>loadPlayload
[INFO]2021-03-30 10:43:15,980: this is taskStep=============>loadPlayload
[INFO]2021-03-30 10:43:16,289: this is taskStep=============>loadPlayload
[INFO]2021-03-30 10:43:16,598: this is taskStep=============>loadPlayload
[INFO]2021-03-30 10:43:16,908: this is taskStep=============>loadPlayload
[INFO]2021-03-30 10:43:17,218: this is taskStep=============>loadPlayload
[INFO]2021-03-30 10:43:17,528: this is taskStep=============>loadPlayload
[DEBUG]2021-03-30 10:43:17,668: AGV01 turn to wait check cur 41 next 18 0.703 False
[INFO]2021-03-30 10:43:17,838: this is taskStep=============>loadPlayload
[INFO]2021-03-30 10:43:18,148: this is taskStep=============>loadPlayload
[DEBUG]2021-03-30 10:43:18,194: agvInfo: AGV01 comba-ZXC-F3.41 move to comba-ZXC-F3.18 ,taskId 6062903861987a0c539ee590_2
[DEBUG]2021-03-30 10:43:18,196: AGV01 set loc comba-ZXC-F3.17 ,old 41 (0.69,11.53)
[INFO]2021-03-30 10:43:18,471: this is taskStep=============>loadPlayload
[INFO]2021-03-30 10:43:18,783: this is taskStep=============>loadPlayload
[INFO]2021-03-30 10:43:19,092: this is taskStep=============>loadPlayload
[INFO]2021-03-30 10:43:19,402: this is taskStep=============>loadPlayload
[INFO]2021-03-30 10:43:19,711: this is taskStep=============>loadPlayload
[INFO]2021-03-30 10:43:20,022: this is taskStep=============>loadPlayload
[INFO]2021-03-30 10:43:20,332: this is taskStep=============>loadPlayload
[INFO]2021-03-30 10:43:20,641: this is taskStep=============>loadPlayload
[INFO]2021-03-30 10:43:20,951: this is taskStep=============>loadPlayload
[INFO]2021-03-30 10:43:21,263: this is taskStep=============>loadPlayload
[INFO]2021-03-30 10:43:21,573: this is taskStep=============>loadPlayload
[INFO]2021-03-30 10:43:21,883: this is taskStep=============>loadPlayload
[INFO]2021-03-30 10:43:22,195: this is taskStep=============>loadPlayload
[INFO]2021-03-30 10:43:22,507: this is taskStep=============>loadPlayload
[INFO]2021-03-30 10:43:22,817: this is taskStep=============>loadPlayload
[INFO]2021-03-30 10:43:23,124: this is taskStep=============>loadPlayload
[INFO]2021-03-30 10:43:23,432: this is taskStep=============>loadPlayload
[INFO]2021-03-30 10:43:23,744: this is taskStep=============>loadPlayload
[DEBUG]2021-03-30 10:43:23,822: AGV01 turn to wait check cur 17 next 37 0.781 False
[INFO]2021-03-30 10:43:24,054: this is taskStep=============>loadPlayload
[DEBUG]2021-03-30 10:43:24,336: AGV01 set loc comba-ZXC-F3.18 ,old 17 (3.87,11.13)
[DEBUG]2021-03-30 10:43:24,347: agvInfo: AGV01 comba-ZXC-F3.18 move jackup to comba-ZXC-F3.37 ,taskId 6062903861987a0c539ee590_2
[INFO]2021-03-30 10:43:24,367: this is taskStep=============>loadPlayload
[INFO]2021-03-30 10:43:24,675: this is taskStep=============>loadPlayload
[INFO]2021-03-30 10:43:24,985: this is taskStep=============>loadPlayload
[INFO]2021-03-30 10:43:25,293: this is taskStep=============>loadPlayload
[INFO]2021-03-30 10:43:25,600: this is taskStep=============>loadPlayload
[WARNING]2021-03-30 10:43:25,878: AGV01 waitFinish: loc is diff 18 37 task_status= 2
[INFO]2021-03-30 10:43:25,908: this is taskStep=============>loadPlayload
[INFO]2021-03-30 10:43:26,220: this is taskStep=============>loadPlayload
[WARNING]2021-03-30 10:43:26,390: AGV01 waitFinish: loc is diff 18 37 task_status= 2
[INFO]2021-03-30 10:43:26,530: this is taskStep=============>loadPlayload
[INFO]2021-03-30 10:43:26,843: this is taskStep=============>loadPlayload
[WARNING]2021-03-30 10:43:26,905: AGV01 waitFinish: loc is diff 18 37 task_status= 2
[INFO]2021-03-30 10:43:27,152: this is taskStep=============>loadPlayload
[WARNING]2021-03-30 10:43:27,416: AGV01 waitFinish: loc is diff 18 37 task_status= 2
[INFO]2021-03-30 10:43:27,480: this is taskStep=============>loadPlayload
[INFO]2021-03-30 10:43:27,787: this is taskStep=============>loadPlayload
[WARNING]2021-03-30 10:43:27,928: AGV01 waitFinish: loc is diff 18 37 task_status= 2
[INFO]2021-03-30 10:43:28,097: this is taskStep=============>loadPlayload
[INFO]2021-03-30 10:43:28,405: this is taskStep=============>loadPlayload
[DEBUG]2021-03-30 10:43:28,421: AGV01 set loc comba-ZXC-F3.37 ,old 18 (2.28,13.01)
[INFO]2021-03-30 10:43:28,714: this is taskStep=============>loadPlayload
[INFO]2021-03-30 10:43:29,027: this is taskStep=============>loadPlayload
[INFO]2021-03-30 10:43:29,338: this is taskStep=============>loadPlayload
[SUCC]2021-03-30 10:43:29,449: Finish:  AGV01 arrived comba-ZXC-F3.37 ,task: 6062903861987a0c539ee590_2
[INFO]2021-03-30 10:43:29,650: this is taskStep=============>loadPlayload
[INFO]2021-03-30 10:43:29,743: task: move finish callback task[6062903861987a0c539ee590][AGV01] 37(18) -> 40(36) [loadPlayload]
[INFO]2021-03-30 10:43:29,746: task[6062903861987a0c539ee590] update info: {'failMsg': 'AGV顶升', 'updateTime': datetime.datetime(2021, 3, 30, 10, 43, 29, 745556)}
[INFO]2021-03-30 10:43:29,958: this is taskStep=============>loadPlayload_readqr
[DEBUG]2021-03-30 10:43:29,964: task[6062903861987a0c539ee590][AGV01] 37(18) -> 40(36) [loadPlayload_jackup] loadPlayload_readqr -> loadPlayload_jackup
[INFO]2021-03-30 10:43:30,313: this is taskStep=============>loadPlayload_jackup
[INFO]2021-03-30 10:43:30,375: task[6062903861987a0c539ee590][AGV01] 37(18) -> 40(36) [loadPlayload_jackup] _jackUp
[DEBUG]2021-03-30 10:43:30,436: send http_get: http://127.0.0.1:5551/api/agv/jackup?agv=AGV01&loc=None&timeoutSec=90
[DEBUG]2021-03-30 10:43:30,669: GET: http://127.0.0.1:5551/api/agv/jackup?agv=AGV01&loc=None&timeoutSec=90 addr: 127.0.0.1
[INFO]2021-03-30 10:43:30,730: _jack in jackMgr: AGV01 up [{'id': 0, 'source': 'normal', 'status': True}, {'id': 1, 'source': 'normal', 'status': True}]
[INFO]2021-03-30 10:43:30,838: AGV01 jack up status:  1
[DEBUG]2021-03-30 10:43:30,961: used 292ms 200 OK application/json;charset=utf-8, GET: http://127.0.0.1:5551/api/agv/jackup?agv=AGV01&loc=None&timeoutSec=90
[DEBUG]2021-03-30 10:43:31,054: [return] use 618 ms,http_get: http://127.0.0.1:5551/api/agv/jackup?agv=AGV01&loc=None&timeoutSec=90
[INFO]2021-03-30 10:43:31,146: task[6062903861987a0c539ee590] update info: {'failMsg': '等待ZXC03工位点锁', 'updateTime': datetime.datetime(2021, 3, 30, 10, 43, 31, 130160)}
[DEBUG]2021-03-30 10:43:31,207: task[6062903861987a0c539ee590][AGV01] 37(18) -> 40(36) [waitDestPreLoc] loadPlayload_jackup -> waitDestPreLoc
[INFO]2021-03-30 10:43:31,657: this is taskStep=============>waitDestPreLoc
[INFO]2021-03-30 10:43:31,721: task: prepoint locked  6062903861987a0c539ee590 comba-ZXC-F3.40
[INFO]2021-03-30 10:43:31,828: task[6062903861987a0c539ee590] update info: {'failMsg': '前往40工位点放下货架', 'updateTime': datetime.datetime(2021, 3, 30, 10, 43, 31, 813293)}
[DEBUG]2021-03-30 10:43:31,888: task[6062903861987a0c539ee590][AGV01] 37(18) -> 40(36) [dropPayloadMove] waitDestPreLoc -> dropPayloadMove
[INFO]2021-03-30 10:43:32,373: this is taskStep=============>dropPayloadMove
[DEBUG]2021-03-30 10:43:32,436: GET: http://127.0.0.1:5551/api/agv/move?WorkPlace=true&agv=AGV01&agvId=AGV01&appName=scadaTask&direction=None&floorId=comba-ZXC-F3&isRotate&loc=comba-ZXC-F3.40&location=40&p_direction=0.0&pgv_type=1&recognize=False&result=True&resultDesc=None&seer_jackup=JackUnload&taskId=6062903861987a0c539ee590_4&taskType=scadaTask&timeoutSec=86400&use_pgv=False addr: 127.0.0.1
[INFO]2021-03-30 10:43:32,454: Begin: AGV01 move from comba-ZXC-F3.37 to comba-ZXC-F3.40 by paths: [('comba-ZXC-F3', ['37', '17', '22', '24', '25', '26', '27', '28', '29', '30', '31', '39', '33', '36', '40'], 89.22277343643046)] task: 6062903861987a0c539ee590_4 timeout 86400 used 13 ms
[INFO]2021-03-30 10:43:32,457: task[6062903861987a0c539ee590] update info: {'step': 'dropPayload', 'updateTime': datetime.datetime(2021, 3, 30, 10, 43, 32, 456130)}
[DEBUG]2021-03-30 10:43:32,458: task[6062903861987a0c539ee590][AGV01] 37(18) -> 40(36) [dropPayload] dropPayloadMove -> dropPayload
[INFO]2021-03-30 10:43:32,775: this is taskStep=============>dropPayload
[DEBUG]2021-03-30 10:43:33,074: agvInfo: AGV01 comba-ZXC-F3.37 move to comba-ZXC-F3.17 ,taskId 6062903861987a0c539ee590_4
[INFO]2021-03-30 10:43:33,081: this is taskStep=============>dropPayload
[INFO]2021-03-30 10:43:33,394: this is taskStep=============>dropPayload
[INFO]2021-03-30 10:43:33,705: this is taskStep=============>dropPayload
[INFO]2021-03-30 10:43:34,016: this is taskStep=============>dropPayload
[INFO]2021-03-30 10:43:34,327: this is taskStep=============>dropPayload
[INFO]2021-03-30 10:43:34,635: this is taskStep=============>dropPayload
[INFO]2021-03-30 10:43:34,947: this is taskStep=============>dropPayload
[INFO]2021-03-30 10:43:35,260: this is taskStep=============>dropPayload
[INFO]2021-03-30 10:43:35,568: this is taskStep=============>dropPayload
[DEBUG]2021-03-30 10:43:35,632: AGV01 turn to wait check cur 37 next 22 0.878 False
[INFO]2021-03-30 10:43:35,883: this is taskStep=============>dropPayload
[DEBUG]2021-03-30 10:43:36,147: AGV01 set loc comba-ZXC-F3.17 ,old 37 (0.69,11.53)
[INFO]2021-03-30 10:43:36,191: this is taskStep=============>dropPayload
[DEBUG]2021-03-30 10:43:36,209: agvInfo: AGV01 comba-ZXC-F3.17 move to comba-ZXC-F3.22 ,taskId 6062903861987a0c539ee590_4
[INFO]2021-03-30 10:43:36,503: this is taskStep=============>dropPayload
[INFO]2021-03-30 10:43:36,814: this is taskStep=============>dropPayload
[INFO]2021-03-30 10:43:37,123: this is taskStep=============>dropPayload
[INFO]2021-03-30 10:43:37,432: this is taskStep=============>dropPayload
[INFO]2021-03-30 10:43:37,744: this is taskStep=============>dropPayload
[INFO]2021-03-30 10:43:38,051: this is taskStep=============>dropPayload
[INFO]2021-03-30 10:43:38,364: this is taskStep=============>dropPayload
[INFO]2021-03-30 10:43:38,672: this is taskStep=============>dropPayload
[INFO]2021-03-30 10:43:38,984: this is taskStep=============>dropPayload
[INFO]2021-03-30 10:43:39,295: this is taskStep=============>dropPayload
[INFO]2021-03-30 10:43:39,615: this is taskStep=============>dropPayload
[INFO]2021-03-30 10:43:39,927: this is taskStep=============>dropPayload
[INFO]2021-03-30 10:43:40,237: this is taskStep=============>dropPayload
[INFO]2021-03-30 10:43:40,547: this is taskStep=============>dropPayload
[INFO]2021-03-30 10:43:40,862: this is taskStep=============>dropPayload
[INFO]2021-03-30 10:43:41,170: this is taskStep=============>dropPayload
[DEBUG]2021-03-30 10:43:41,327: AGV01 turn to wait check cur 17 next 24 0.952 False
[INFO]2021-03-30 10:43:41,480: this is taskStep=============>dropPayload
[INFO]2021-03-30 10:43:41,791: this is taskStep=============>dropPayload
[DEBUG]2021-03-30 10:43:41,876: agvInfo: AGV01 comba-ZXC-F3.17 move to comba-ZXC-F3.24 ,taskId 6062903861987a0c539ee590_4
[INFO]2021-03-30 10:43:42,101: this is taskStep=============>dropPayload
[DEBUG]2021-03-30 10:43:42,286: AGV01 set loc comba-ZXC-F3.22 ,old 17 (-2.08,8.32)
[DEBUG]2021-03-30 10:43:42,399: AGV01 choise next pos cur 22 next 25 pre 24 11.483 False
[DEBUG]2021-03-30 10:43:42,401: AGV01 turn to wait check cur 22 next 25 11.483 False
[INFO]2021-03-30 10:43:42,410: this is taskStep=============>dropPayload
[INFO]2021-03-30 10:43:42,721: this is taskStep=============>dropPayload
[DEBUG]2021-03-30 10:43:42,942: agvInfo: AGV01 comba-ZXC-F3.22 move to comba-ZXC-F3.25 ,taskId 6062903861987a0c539ee590_4
[INFO]2021-03-30 10:43:43,031: this is taskStep=============>dropPayload
[INFO]2021-03-30 10:43:43,342: this is taskStep=============>dropPayload
[INFO]2021-03-30 10:43:43,651: this is taskStep=============>dropPayload
[INFO]2021-03-30 10:43:43,960: this is taskStep=============>dropPayload
[INFO]2021-03-30 10:43:44,266: this is taskStep=============>dropPayload
[INFO]2021-03-30 10:43:44,577: this is taskStep=============>dropPayload
[INFO]2021-03-30 10:43:44,889: this is taskStep=============>dropPayload
[INFO]2021-03-30 10:43:45,197: this is taskStep=============>dropPayload
[INFO]2021-03-30 10:43:45,508: this is taskStep=============>dropPayload
[INFO]2021-03-30 10:43:45,816: this is taskStep=============>dropPayload
[INFO]2021-03-30 10:43:46,127: this is taskStep=============>dropPayload
[INFO]2021-03-30 10:43:46,437: this is taskStep=============>dropPayload
[INFO]2021-03-30 10:43:46,748: this is taskStep=============>dropPayload
[INFO]2021-03-30 10:43:47,059: this is taskStep=============>dropPayload
[INFO]2021-03-30 10:43:47,368: this is taskStep=============>dropPayload
[INFO]2021-03-30 10:43:47,680: this is taskStep=============>dropPayload
[INFO]2021-03-30 10:43:47,992: this is taskStep=============>dropPayload
[INFO]2021-03-30 10:43:48,300: this is taskStep=============>dropPayload
[INFO]2021-03-30 10:43:48,608: this is taskStep=============>dropPayload
[INFO]2021-03-30 10:43:48,919: this is taskStep=============>dropPayload
[INFO]2021-03-30 10:43:49,231: this is taskStep=============>dropPayload
[INFO]2021-03-30 10:43:49,539: this is taskStep=============>dropPayload
[INFO]2021-03-30 10:43:49,847: this is taskStep=============>dropPayload
[INFO]2021-03-30 10:43:50,155: this is taskStep=============>dropPayload
[INFO]2021-03-30 10:43:50,462: this is taskStep=============>dropPayload
[DEBUG]2021-03-30 10:43:50,462: AGV01 set loc comba-ZXC-F3.24 ,old 22 (-1.22,1.66)
[INFO]2021-03-30 10:43:50,772: this is taskStep=============>dropPayload
[INFO]2021-03-30 10:43:51,081: this is taskStep=============>dropPayload
[INFO]2021-03-30 10:43:51,390: this is taskStep=============>dropPayload
[INFO]2021-03-30 10:43:51,700: this is taskStep=============>dropPayload
[INFO]2021-03-30 10:43:52,009: this is taskStep=============>dropPayload
[INFO]2021-03-30 10:43:52,320: this is taskStep=============>dropPayload
[INFO]2021-03-30 10:43:52,631: this is taskStep=============>dropPayload
[INFO]2021-03-30 10:43:52,941: this is taskStep=============>dropPayload
[INFO]2021-03-30 10:43:53,252: this is taskStep=============>dropPayload
[INFO]2021-03-30 10:43:53,563: this is taskStep=============>dropPayload
[INFO]2021-03-30 10:43:53,874: this is taskStep=============>dropPayload
[INFO]2021-03-30 10:43:54,183: this is taskStep=============>dropPayload
[INFO]2021-03-30 10:43:54,495: this is taskStep=============>dropPayload
[DEBUG]2021-03-30 10:43:54,697: AGV01 turn to wait check cur 24 next 26 0.567 False
[INFO]2021-03-30 10:43:54,804: this is taskStep=============>dropPayload
[DEBUG]2021-03-30 10:43:55,068: AGV01 set loc comba-ZXC-F3.25 ,old 24 (1.07,-1.35)
[INFO]2021-03-30 10:43:55,114: this is taskStep=============>dropPayload
[DEBUG]2021-03-30 10:43:55,239: agvInfo: AGV01 comba-ZXC-F3.25 move to comba-ZXC-F3.26 ,taskId 6062903861987a0c539ee590_4
[INFO]2021-03-30 10:43:55,422: this is taskStep=============>dropPayload
[INFO]2021-03-30 10:43:55,732: this is taskStep=============>dropPayload
[DEBUG]2021-03-30 10:43:55,750: AGV01 choise next pos cur 25 next 27 pre 26 14.663 True
[DEBUG]2021-03-30 10:43:55,752: AGV01 turn to wait check cur 25 next 27 14.663 True
[INFO]2021-03-30 10:43:56,042: this is taskStep=============>dropPayload
[DEBUG]2021-03-30 10:43:56,304: agvInfo: AGV01 comba-ZXC-F3.25 move to comba-ZXC-F3.27 ,taskId 6062903861987a0c539ee590_4
[INFO]2021-03-30 10:43:56,353: this is taskStep=============>dropPayload
[INFO]2021-03-30 10:43:56,659: this is taskStep=============>dropPayload
[INFO]2021-03-30 10:43:56,973: this is taskStep=============>dropPayload
[INFO]2021-03-30 10:43:57,284: this is taskStep=============>dropPayload
[INFO]2021-03-30 10:43:57,591: this is taskStep=============>dropPayload
[INFO]2021-03-30 10:43:57,902: this is taskStep=============>dropPayload
[INFO]2021-03-30 10:43:58,211: this is taskStep=============>dropPayload
[INFO]2021-03-30 10:43:58,520: this is taskStep=============>dropPayload
[INFO]2021-03-30 10:43:58,828: this is taskStep=============>dropPayload
[INFO]2021-03-30 10:43:59,135: this is taskStep=============>dropPayload
[INFO]2021-03-30 10:43:59,446: this is taskStep=============>dropPayload
[INFO]2021-03-30 10:43:59,758: this is taskStep=============>dropPayload
[INFO]2021-03-30 10:44:00,068: this is taskStep=============>dropPayload
[INFO]2021-03-30 10:44:00,379: this is taskStep=============>dropPayload
[INFO]2021-03-30 10:44:00,688: this is taskStep=============>dropPayload
[INFO]2021-03-30 10:44:00,998: this is taskStep=============>dropPayload
[INFO]2021-03-30 10:44:01,308: this is taskStep=============>dropPayload
[INFO]2021-03-30 10:44:01,616: this is taskStep=============>dropPayload
[INFO]2021-03-30 10:44:01,924: this is taskStep=============>dropPayload
[INFO]2021-03-30 10:44:02,233: this is taskStep=============>dropPayload
[DEBUG]2021-03-30 10:44:02,437: AGV01 choise next pos cur 25 next 28 pre 27 22.049 True
[DEBUG]2021-03-30 10:44:02,440: AGV01 turn to wait check cur 25 next 28 22.049 True
[INFO]2021-03-30 10:44:02,544: this is taskStep=============>dropPayload
[INFO]2021-03-30 10:44:02,852: this is taskStep=============>dropPayload
[DEBUG]2021-03-30 10:44:02,986: agvInfo: AGV01 comba-ZXC-F3.25 move to comba-ZXC-F3.28 ,taskId 6062903861987a0c539ee590_4
[INFO]2021-03-30 10:44:03,157: this is taskStep=============>dropPayload
[INFO]2021-03-30 10:44:03,473: this is taskStep=============>dropPayload
[DEBUG]2021-03-30 10:44:03,752: AGV01 set loc comba-ZXC-F3.26 ,old 25 (7.33,-1.45)
[INFO]2021-03-30 10:44:03,782: this is taskStep=============>dropPayload
[INFO]2021-03-30 10:44:04,091: this is taskStep=============>dropPayload
[INFO]2021-03-30 10:44:04,402: this is taskStep=============>dropPayload
[INFO]2021-03-30 10:44:04,711: this is taskStep=============>dropPayload
[INFO]2021-03-30 10:44:05,022: this is taskStep=============>dropPayload
[INFO]2021-03-30 10:44:05,336: this is taskStep=============>dropPayload
[INFO]2021-03-30 10:44:05,645: this is taskStep=============>dropPayload
[INFO]2021-03-30 10:44:05,956: this is taskStep=============>dropPayload
[INFO]2021-03-30 10:44:06,264: this is taskStep=============>dropPayload
[INFO]2021-03-30 10:44:06,573: this is taskStep=============>dropPayload
[INFO]2021-03-30 10:44:06,884: this is taskStep=============>dropPayload
[INFO]2021-03-30 10:44:07,193: this is taskStep=============>dropPayload
[INFO]2021-03-30 10:44:07,502: this is taskStep=============>dropPayload
[INFO]2021-03-30 10:44:07,813: this is taskStep=============>dropPayload
[INFO]2021-03-30 10:44:08,122: this is taskStep=============>dropPayload
[INFO]2021-03-30 10:44:08,430: this is taskStep=============>dropPayload
[INFO]2021-03-30 10:44:08,740: this is taskStep=============>dropPayload
[INFO]2021-03-30 10:44:09,052: this is taskStep=============>dropPayload
[INFO]2021-03-30 10:44:09,362: this is taskStep=============>dropPayload
[INFO]2021-03-30 10:44:09,672: this is taskStep=============>dropPayload
[INFO]2021-03-30 10:44:09,983: this is taskStep=============>dropPayload
[INFO]2021-03-30 10:44:10,289: this is taskStep=============>dropPayload
[INFO]2021-03-30 10:44:10,598: this is taskStep=============>dropPayload
[INFO]2021-03-30 10:44:10,909: this is taskStep=============>dropPayload
[INFO]2021-03-30 10:44:11,232: this is taskStep=============>dropPayload
[INFO]2021-03-30 10:44:11,541: this is taskStep=============>dropPayload
[INFO]2021-03-30 10:44:11,851: this is taskStep=============>dropPayload
[INFO]2021-03-30 10:44:12,161: this is taskStep=============>dropPayload
[INFO]2021-03-30 10:44:12,470: this is taskStep=============>dropPayload
[INFO]2021-03-30 10:44:12,779: this is taskStep=============>dropPayload
[INFO]2021-03-30 10:44:13,089: this is taskStep=============>dropPayload
[INFO]2021-03-30 10:44:13,398: this is taskStep=============>dropPayload
[INFO]2021-03-30 10:44:13,708: this is taskStep=============>dropPayload
[INFO]2021-03-30 10:44:14,017: this is taskStep=============>dropPayload
[INFO]2021-03-30 10:44:14,326: this is taskStep=============>dropPayload
[INFO]2021-03-30 10:44:14,637: this is taskStep=============>dropPayload
[INFO]2021-03-30 10:44:14,946: this is taskStep=============>dropPayload
[INFO]2021-03-30 10:44:15,275: this is taskStep=============>dropPayload
[INFO]2021-03-30 10:44:15,584: this is taskStep=============>dropPayload
[INFO]2021-03-30 10:44:15,897: this is taskStep=============>dropPayload
[INFO]2021-03-30 10:44:16,208: this is taskStep=============>dropPayload
[INFO]2021-03-30 10:44:16,517: this is taskStep=============>dropPayload
[INFO]2021-03-30 10:44:16,827: this is taskStep=============>dropPayload
[INFO]2021-03-30 10:44:17,138: this is taskStep=============>dropPayload
[INFO]2021-03-30 10:44:17,447: this is taskStep=============>dropPayload
[INFO]2021-03-30 10:44:17,756: this is taskStep=============>dropPayload
[DEBUG]2021-03-30 10:44:17,818: AGV01 choise next pos cur 26 next 29 pre 28 18.161 True
[DEBUG]2021-03-30 10:44:17,821: AGV01 turn to wait check cur 26 next 29 18.161 True
[INFO]2021-03-30 10:44:18,063: this is taskStep=============>dropPayload
[DEBUG]2021-03-30 10:44:18,370: agvInfo: AGV01 comba-ZXC-F3.26 move to comba-ZXC-F3.29 ,taskId 6062903861987a0c539ee590_4
[INFO]2021-03-30 10:44:18,374: this is taskStep=============>dropPayload
[INFO]2021-03-30 10:44:18,683: this is taskStep=============>dropPayload
[INFO]2021-03-30 10:44:18,991: this is taskStep=============>dropPayload
[INFO]2021-03-30 10:44:19,302: this is taskStep=============>dropPayload
[INFO]2021-03-30 10:44:19,611: this is taskStep=============>dropPayload
[INFO]2021-03-30 10:44:19,923: this is taskStep=============>dropPayload
[INFO]2021-03-30 10:44:20,232: this is taskStep=============>dropPayload
[INFO]2021-03-30 10:44:20,541: this is taskStep=============>dropPayload
[INFO]2021-03-30 10:44:20,852: this is taskStep=============>dropPayload
[INFO]2021-03-30 10:44:21,163: this is taskStep=============>dropPayload
[INFO]2021-03-30 10:44:21,474: this is taskStep=============>dropPayload
[INFO]2021-03-30 10:44:21,784: this is taskStep=============>dropPayload
[INFO]2021-03-30 10:44:22,092: this is taskStep=============>dropPayload
[INFO]2021-03-30 10:44:22,400: this is taskStep=============>dropPayload
[INFO]2021-03-30 10:44:22,707: this is taskStep=============>dropPayload
[INFO]2021-03-30 10:44:23,021: this is taskStep=============>dropPayload
[INFO]2021-03-30 10:44:23,330: this is taskStep=============>dropPayload
[INFO]2021-03-30 10:44:23,637: this is taskStep=============>dropPayload
[INFO]2021-03-30 10:44:23,947: this is taskStep=============>dropPayload
[INFO]2021-03-30 10:44:24,256: this is taskStep=============>dropPayload
[INFO]2021-03-30 10:44:24,567: this is taskStep=============>dropPayload
[INFO]2021-03-30 10:44:24,875: this is taskStep=============>dropPayload
[INFO]2021-03-30 10:44:25,184: this is taskStep=============>dropPayload
[INFO]2021-03-30 10:44:25,493: this is taskStep=============>dropPayload
[INFO]2021-03-30 10:44:25,802: this is taskStep=============>dropPayload
[INFO]2021-03-30 10:44:26,110: this is taskStep=============>dropPayload
[INFO]2021-03-30 10:44:26,419: this is taskStep=============>dropPayload
[INFO]2021-03-30 10:44:26,730: this is taskStep=============>dropPayload
[INFO]2021-03-30 10:44:27,039: this is taskStep=============>dropPayload
[INFO]2021-03-30 10:44:27,349: this is taskStep=============>dropPayload
[INFO]2021-03-30 10:44:27,660: this is taskStep=============>dropPayload
[INFO]2021-03-30 10:44:27,971: this is taskStep=============>dropPayload
[DEBUG]2021-03-30 10:44:28,081: AGV01 choise next pos cur 26 next 30 pre 29 15.115 False
[DEBUG]2021-03-30 10:44:28,084: AGV01 turn to wait check cur 26 next 30 15.115 False
[INFO]2021-03-30 10:44:28,279: this is taskStep=============>dropPayload
[INFO]2021-03-30 10:44:28,585: this is taskStep=============>dropPayload
[DEBUG]2021-03-30 10:44:28,668: agvInfo: AGV01 comba-ZXC-F3.26 move to comba-ZXC-F3.30 ,taskId 6062903861987a0c539ee590_4
[INFO]2021-03-30 10:44:28,895: this is taskStep=============>dropPayload
[INFO]2021-03-30 10:44:29,203: this is taskStep=============>dropPayload
[DEBUG]2021-03-30 10:44:29,295: AGV01 set loc comba-ZXC-F3.28 ,old 26 (27.97,-1.91)
[INFO]2021-03-30 10:44:29,513: this is taskStep=============>dropPayload
[INFO]2021-03-30 10:44:29,823: this is taskStep=============>dropPayload
[INFO]2021-03-30 10:44:30,132: this is taskStep=============>dropPayload
[INFO]2021-03-30 10:44:30,446: this is taskStep=============>dropPayload
[INFO]2021-03-30 10:44:30,753: this is taskStep=============>dropPayload
[INFO]2021-03-30 10:44:31,066: this is taskStep=============>dropPayload
[INFO]2021-03-30 10:44:31,375: this is taskStep=============>dropPayload
[INFO]2021-03-30 10:44:31,684: this is taskStep=============>dropPayload
[INFO]2021-03-30 10:44:31,993: this is taskStep=============>dropPayload
[INFO]2021-03-30 10:44:32,300: this is taskStep=============>dropPayload
[INFO]2021-03-30 10:44:32,610: this is taskStep=============>dropPayload
[INFO]2021-03-30 10:44:32,923: this is taskStep=============>dropPayload
[INFO]2021-03-30 10:44:33,244: this is taskStep=============>dropPayload
[INFO]2021-03-30 10:44:33,552: this is taskStep=============>dropPayload
[INFO]2021-03-30 10:44:33,862: this is taskStep=============>dropPayload
[INFO]2021-03-30 10:44:34,171: this is taskStep=============>dropPayload
[INFO]2021-03-30 10:44:34,481: this is taskStep=============>dropPayload
[INFO]2021-03-30 10:44:34,793: this is taskStep=============>dropPayload
[INFO]2021-03-30 10:44:35,100: this is taskStep=============>dropPayload
[INFO]2021-03-30 10:44:35,411: this is taskStep=============>dropPayload
[INFO]2021-03-30 10:44:35,722: this is taskStep=============>dropPayload
[INFO]2021-03-30 10:44:36,030: this is taskStep=============>dropPayload
[INFO]2021-03-30 10:44:36,339: this is taskStep=============>dropPayload
[INFO]2021-03-30 10:44:36,650: this is taskStep=============>dropPayload
[INFO]2021-03-30 10:44:36,959: this is taskStep=============>dropPayload
[INFO]2021-03-30 10:44:37,268: this is taskStep=============>dropPayload
[INFO]2021-03-30 10:44:37,576: this is taskStep=============>dropPayload
[INFO]2021-03-30 10:44:37,884: this is taskStep=============>dropPayload
[INFO]2021-03-30 10:44:38,192: this is taskStep=============>dropPayload
[INFO]2021-03-30 10:44:38,502: this is taskStep=============>dropPayload
[INFO]2021-03-30 10:44:38,812: this is taskStep=============>dropPayload
[INFO]2021-03-30 10:44:39,122: this is taskStep=============>dropPayload
[INFO]2021-03-30 10:44:39,432: this is taskStep=============>dropPayload
[INFO]2021-03-30 10:44:39,741: this is taskStep=============>dropPayload
[DEBUG]2021-03-30 10:44:40,020: AGV01 set loc comba-ZXC-F3.29 ,old 28 (36.62,-2.00)
[INFO]2021-03-30 10:44:40,050: this is taskStep=============>dropPayload
[INFO]2021-03-30 10:44:40,359: this is taskStep=============>dropPayload
[INFO]2021-03-30 10:44:40,670: this is taskStep=============>dropPayload
[INFO]2021-03-30 10:44:40,980: this is taskStep=============>dropPayload
[INFO]2021-03-30 10:44:41,288: this is taskStep=============>dropPayload
[INFO]2021-03-30 10:44:41,598: this is taskStep=============>dropPayload
[INFO]2021-03-30 10:44:41,907: this is taskStep=============>dropPayload
[INFO]2021-03-30 10:44:42,217: this is taskStep=============>dropPayload
[INFO]2021-03-30 10:44:42,527: this is taskStep=============>dropPayload
[INFO]2021-03-30 10:44:42,837: this is taskStep=============>dropPayload
[INFO]2021-03-30 10:44:43,147: this is taskStep=============>dropPayload
[INFO]2021-03-30 10:44:43,455: this is taskStep=============>dropPayload
[INFO]2021-03-30 10:44:43,764: this is taskStep=============>dropPayload
[INFO]2021-03-30 10:44:44,075: this is taskStep=============>dropPayload
[INFO]2021-03-30 10:44:44,386: this is taskStep=============>dropPayload
[INFO]2021-03-30 10:44:44,693: this is taskStep=============>dropPayload
[INFO]2021-03-30 10:44:45,005: this is taskStep=============>dropPayload
[DEBUG]2021-03-30 10:44:45,005: AGV01 turn to wait check cur 29 next 31 0.513 False
[DEBUG]2021-03-30 10:44:45,129: AGV01 set loc comba-ZXC-F3.30 ,old 29 (40.28,-4.00)
[INFO]2021-03-30 10:44:45,329: this is taskStep=============>dropPayload
[DEBUG]2021-03-30 10:44:45,552: agvInfo: AGV01 comba-ZXC-F3.30 move to comba-ZXC-F3.31 ,taskId 6062903861987a0c539ee590_4
[INFO]2021-03-30 10:44:45,638: this is taskStep=============>dropPayload
[INFO]2021-03-30 10:44:45,947: this is taskStep=============>dropPayload
[DEBUG]2021-03-30 10:44:46,071: AGV01 choise next pos cur 30 next 39 pre 31 16.890 False
[DEBUG]2021-03-30 10:44:46,073: AGV01 turn to wait check cur 30 next 39 16.890 False
[INFO]2021-03-30 10:44:46,254: this is taskStep=============>dropPayload
[INFO]2021-03-30 10:44:46,565: this is taskStep=============>dropPayload
[DEBUG]2021-03-30 10:44:46,604: agvInfo: AGV01 comba-ZXC-F3.30 move to comba-ZXC-F3.39 ,taskId 6062903861987a0c539ee590_4
[INFO]2021-03-30 10:44:46,873: this is taskStep=============>dropPayload
[INFO]2021-03-30 10:44:47,182: this is taskStep=============>dropPayload
[INFO]2021-03-30 10:44:47,490: this is taskStep=============>dropPayload
[INFO]2021-03-30 10:44:47,797: this is taskStep=============>dropPayload
[INFO]2021-03-30 10:44:48,108: this is taskStep=============>dropPayload
[INFO]2021-03-30 10:44:48,420: this is taskStep=============>dropPayload
[INFO]2021-03-30 10:44:48,728: this is taskStep=============>dropPayload
[INFO]2021-03-30 10:44:49,037: this is taskStep=============>dropPayload
[INFO]2021-03-30 10:44:49,347: this is taskStep=============>dropPayload
[INFO]2021-03-30 10:44:49,655: this is taskStep=============>dropPayload
[INFO]2021-03-30 10:44:49,966: this is taskStep=============>dropPayload
[INFO]2021-03-30 10:44:50,274: this is taskStep=============>dropPayload
[INFO]2021-03-30 10:44:50,584: this is taskStep=============>dropPayload
[INFO]2021-03-30 10:44:50,892: this is taskStep=============>dropPayload
[INFO]2021-03-30 10:44:51,203: this is taskStep=============>dropPayload
[INFO]2021-03-30 10:44:51,514: this is taskStep=============>dropPayload
[INFO]2021-03-30 10:44:51,824: this is taskStep=============>dropPayload
[INFO]2021-03-30 10:44:52,134: this is taskStep=============>dropPayload
[INFO]2021-03-30 10:44:52,446: this is taskStep=============>dropPayload
[INFO]2021-03-30 10:44:52,754: this is taskStep=============>dropPayload
[INFO]2021-03-30 10:44:53,062: this is taskStep=============>dropPayload
[INFO]2021-03-30 10:44:53,369: this is taskStep=============>dropPayload
[INFO]2021-03-30 10:44:53,680: this is taskStep=============>dropPayload
[INFO]2021-03-30 10:44:53,991: this is taskStep=============>dropPayload
[INFO]2021-03-30 10:44:54,303: this is taskStep=============>dropPayload
[INFO]2021-03-30 10:44:54,612: this is taskStep=============>dropPayload
[INFO]2021-03-30 10:44:54,921: this is taskStep=============>dropPayload
[INFO]2021-03-30 10:44:55,231: this is taskStep=============>dropPayload
[INFO]2021-03-30 10:44:55,543: this is taskStep=============>dropPayload
[INFO]2021-03-30 10:44:55,854: this is taskStep=============>dropPayload
[INFO]2021-03-30 10:44:56,164: this is taskStep=============>dropPayload
[INFO]2021-03-30 10:44:56,470: this is taskStep=============>dropPayload
[INFO]2021-03-30 10:44:56,779: this is taskStep=============>dropPayload
[DEBUG]2021-03-30 10:44:56,873: AGV01 set loc comba-ZXC-F3.31 ,old 30 (40.23,-12.73)
[INFO]2021-03-30 10:44:57,092: this is taskStep=============>dropPayload
[INFO]2021-03-30 10:44:57,400: this is taskStep=============>dropPayload
[INFO]2021-03-30 10:44:57,708: this is taskStep=============>dropPayload
[INFO]2021-03-30 10:44:58,016: this is taskStep=============>dropPayload
[INFO]2021-03-30 10:44:58,326: this is taskStep=============>dropPayload
[INFO]2021-03-30 10:44:58,636: this is taskStep=============>dropPayload
[INFO]2021-03-30 10:44:58,950: this is taskStep=============>dropPayload
[INFO]2021-03-30 10:44:59,258: this is taskStep=============>dropPayload
[INFO]2021-03-30 10:44:59,567: this is taskStep=============>dropPayload
[INFO]2021-03-30 10:44:59,877: this is taskStep=============>dropPayload
[INFO]2021-03-30 10:45:00,187: this is taskStep=============>dropPayload
[INFO]2021-03-30 10:45:00,498: this is taskStep=============>dropPayload
[INFO]2021-03-30 10:45:00,806: this is taskStep=============>dropPayload
[INFO]2021-03-30 10:45:01,116: this is taskStep=============>dropPayload
[INFO]2021-03-30 10:45:01,426: this is taskStep=============>dropPayload
[INFO]2021-03-30 10:45:01,733: this is taskStep=============>dropPayload
[INFO]2021-03-30 10:45:02,042: this is taskStep=============>dropPayload
[INFO]2021-03-30 10:45:02,349: this is taskStep=============>dropPayload
[INFO]2021-03-30 10:45:02,657: this is taskStep=============>dropPayload
[INFO]2021-03-30 10:45:02,967: this is taskStep=============>dropPayload
[INFO]2021-03-30 10:45:03,274: this is taskStep=============>dropPayload
[INFO]2021-03-30 10:45:03,585: this is taskStep=============>dropPayload
[INFO]2021-03-30 10:45:03,896: this is taskStep=============>dropPayload
[INFO]2021-03-30 10:45:04,204: this is taskStep=============>dropPayload
[INFO]2021-03-30 10:45:04,516: this is taskStep=============>dropPayload
[INFO]2021-03-30 10:45:04,825: this is taskStep=============>dropPayload
[INFO]2021-03-30 10:45:05,135: this is taskStep=============>dropPayload
[INFO]2021-03-30 10:45:05,442: this is taskStep=============>dropPayload
[INFO]2021-03-30 10:45:05,750: this is taskStep=============>dropPayload
[INFO]2021-03-30 10:45:06,063: this is taskStep=============>dropPayload
[INFO]2021-03-30 10:45:06,374: this is taskStep=============>dropPayload
[DEBUG]2021-03-30 10:45:06,531: AGV01 turn to wait check cur 31 next 33 0.655 False
[INFO]2021-03-30 10:45:06,685: this is taskStep=============>dropPayload
[INFO]2021-03-30 10:45:06,993: this is taskStep=============>dropPayload
[DEBUG]2021-03-30 10:45:07,075: agvInfo: AGV01 comba-ZXC-F3.31 move to comba-ZXC-F3.33 ,taskId 6062903861987a0c539ee590_4
[DEBUG]2021-03-30 10:45:07,083: AGV01 set loc comba-ZXC-F3.39 ,old 31 (40.14,-20.89)
[INFO]2021-03-30 10:45:07,301: this is taskStep=============>dropPayload
[DEBUG]2021-03-30 10:45:07,602: AGV01 choise next pos cur 39 next 36 pre 33 9.245 False
[DEBUG]2021-03-30 10:45:07,604: AGV01 turn to wait check cur 39 next 36 9.245 False
[INFO]2021-03-30 10:45:07,611: this is taskStep=============>dropPayload
[INFO]2021-03-30 10:45:07,918: this is taskStep=============>dropPayload
[DEBUG]2021-03-30 10:45:08,148: agvInfo: AGV01 comba-ZXC-F3.39 move to comba-ZXC-F3.36 ,taskId 6062903861987a0c539ee590_4
[INFO]2021-03-30 10:45:08,231: this is taskStep=============>dropPayload
[INFO]2021-03-30 10:45:08,542: this is taskStep=============>dropPayload
[INFO]2021-03-30 10:45:08,850: this is taskStep=============>dropPayload
[INFO]2021-03-30 10:45:09,161: this is taskStep=============>dropPayload
[INFO]2021-03-30 10:45:09,469: this is taskStep=============>dropPayload
[INFO]2021-03-30 10:45:09,779: this is taskStep=============>dropPayload
[INFO]2021-03-30 10:45:10,090: this is taskStep=============>dropPayload
[INFO]2021-03-30 10:45:10,400: this is taskStep=============>dropPayload
[INFO]2021-03-30 10:45:10,711: this is taskStep=============>dropPayload
[INFO]2021-03-30 10:45:11,019: this is taskStep=============>dropPayload
[INFO]2021-03-30 10:45:11,331: this is taskStep=============>dropPayload
[INFO]2021-03-30 10:45:11,640: this is taskStep=============>dropPayload
[INFO]2021-03-30 10:45:11,950: this is taskStep=============>dropPayload
[INFO]2021-03-30 10:45:12,260: this is taskStep=============>dropPayload
[INFO]2021-03-30 10:45:12,574: this is taskStep=============>dropPayload
[INFO]2021-03-30 10:45:12,884: this is taskStep=============>dropPayload
[INFO]2021-03-30 10:45:13,195: this is taskStep=============>dropPayload
[INFO]2021-03-30 10:45:13,503: this is taskStep=============>dropPayload
[INFO]2021-03-30 10:45:13,811: this is taskStep=============>dropPayload
[INFO]2021-03-30 10:45:14,118: this is taskStep=============>dropPayload
[INFO]2021-03-30 10:45:14,427: this is taskStep=============>dropPayload
[INFO]2021-03-30 10:45:14,734: this is taskStep=============>dropPayload
[INFO]2021-03-30 10:45:15,047: this is taskStep=============>dropPayload
[INFO]2021-03-30 10:45:15,375: this is taskStep=============>dropPayload
[INFO]2021-03-30 10:45:15,685: this is taskStep=============>dropPayload
[INFO]2021-03-30 10:45:15,995: this is taskStep=============>dropPayload
[INFO]2021-03-30 10:45:16,303: this is taskStep=============>dropPayload
[INFO]2021-03-30 10:45:16,626: this is taskStep=============>dropPayload
[DEBUG]2021-03-30 10:45:16,796: AGV01 set loc comba-ZXC-F3.33 ,old 39 (43.87,-26.00)
[INFO]2021-03-30 10:45:16,936: this is taskStep=============>dropPayload
[INFO]2021-03-30 10:45:17,250: this is taskStep=============>dropPayload
[INFO]2021-03-30 10:45:17,561: this is taskStep=============>dropPayload
[INFO]2021-03-30 10:45:17,866: this is taskStep=============>dropPayload
[INFO]2021-03-30 10:45:18,177: this is taskStep=============>dropPayload
[INFO]2021-03-30 10:45:18,488: this is taskStep=============>dropPayload
[INFO]2021-03-30 10:45:18,794: this is taskStep=============>dropPayload
[DEBUG]2021-03-30 10:45:18,873: AGV01 turn to wait check cur 33 next 40 0.868 False
[INFO]2021-03-30 10:45:19,103: this is taskStep=============>dropPayload
[DEBUG]2021-03-30 10:45:19,395: agvInfo: AGV01 comba-ZXC-F3.33 move jackdown to comba-ZXC-F3.40 ,taskId 6062903861987a0c539ee590_4
[INFO]2021-03-30 10:45:19,415: this is taskStep=============>dropPayload
[INFO]2021-03-30 10:45:19,724: this is taskStep=============>dropPayload
[DEBUG]2021-03-30 10:45:19,863: AGV01 set loc comba-ZXC-F3.36 ,old 33 (43.64,-28.50)
[INFO]2021-03-30 10:45:20,033: this is taskStep=============>dropPayload
[INFO]2021-03-30 10:45:20,342: this is taskStep=============>dropPayload
[INFO]2021-03-30 10:45:20,650: this is taskStep=============>dropPayload
[WARNING]2021-03-30 10:45:20,929: AGV01 waitFinish: loc is diff 36 40 task_status= 2
[INFO]2021-03-30 10:45:20,959: this is taskStep=============>dropPayload
[INFO]2021-03-30 10:45:21,270: this is taskStep=============>dropPayload
[WARNING]2021-03-30 10:45:21,440: AGV01 waitFinish: loc is diff 36 40 task_status= 2
[INFO]2021-03-30 10:45:21,581: this is taskStep=============>dropPayload
[INFO]2021-03-30 10:45:21,889: this is taskStep=============>dropPayload
[WARNING]2021-03-30 10:45:21,950: AGV01 waitFinish: loc is diff 36 40 task_status= 2
[INFO]2021-03-30 10:45:22,199: this is taskStep=============>dropPayload
[WARNING]2021-03-30 10:45:22,462: AGV01 waitFinish: loc is diff 36 40 task_status= 2
[INFO]2021-03-30 10:45:22,509: this is taskStep=============>dropPayload
[INFO]2021-03-30 10:45:22,818: this is taskStep=============>dropPayload
[WARNING]2021-03-30 10:45:22,972: AGV01 waitFinish: loc is diff 36 40 task_status= 2
[INFO]2021-03-30 10:45:23,129: this is taskStep=============>dropPayload
[INFO]2021-03-30 10:45:23,438: this is taskStep=============>dropPayload
[WARNING]2021-03-30 10:45:23,485: AGV01 waitFinish: loc is diff 36 40 task_status= 2
[INFO]2021-03-30 10:45:23,748: this is taskStep=============>dropPayload
[WARNING]2021-03-30 10:45:23,996: AGV01 waitFinish: loc is diff 36 40 task_status= 2
[INFO]2021-03-30 10:45:24,058: this is taskStep=============>dropPayload
[INFO]2021-03-30 10:45:24,364: this is taskStep=============>dropPayload
[DEBUG]2021-03-30 10:45:24,456: AGV01 set loc comba-ZXC-F3.40 ,old 36 (40.46,-28.24)
[INFO]2021-03-30 10:45:24,672: this is taskStep=============>dropPayload
[INFO]2021-03-30 10:45:24,981: this is taskStep=============>dropPayload
[INFO]2021-03-30 10:45:25,291: this is taskStep=============>dropPayload
[SUCC]2021-03-30 10:45:25,523: Finish:  AGV01 arrived comba-ZXC-F3.40 ,task: 6062903861987a0c539ee590_4
[INFO]2021-03-30 10:45:25,601: this is taskStep=============>dropPayload
[INFO]2021-03-30 10:45:25,666: task: move finish callback task[6062903861987a0c539ee590][AGV01] 37(18) -> 40(36) [dropPayload]
[INFO]2021-03-30 10:45:25,670: task[6062903861987a0c539ee590] update info: {'failMsg': '放下货架，旋转顶升机构初始化', 'updateTime': datetime.datetime(2021, 3, 30, 10, 45, 25, 669096)}
[INFO]2021-03-30 10:45:25,911: this is taskStep=============>dropPayloadJackdown
[INFO]2021-03-30 10:45:25,914: task[6062903861987a0c539ee590][AGV01] 37(18) -> 40(36) [dropPayloadJackdown] _jackDown
[DEBUG]2021-03-30 10:45:25,915: task[6062903861987a0c539ee590][AGV01] 37(18) -> 40(36) [dropPayloadReset] dropPayloadJackdown -> dropPayloadReset
[INFO]2021-03-30 10:45:26,238: this is taskStep=============>dropPayloadReset
[INFO]2021-03-30 10:45:26,298: task[6062903861987a0c539ee590][AGV01] 37(18) -> 40(36) [dropPayloadReset] rotationClear
[DEBUG]2021-03-30 10:45:26,360: send http_get: http://127.0.0.1:5551/api/agv/rotationclear?agv=AGV01&timeoutSec=30
[DEBUG]2021-03-30 10:45:26,499: GET: http://127.0.0.1:5551/api/agv/rotationclear?agv=AGV01&timeoutSec=30 addr: 127.0.0.1
[INFO]2021-03-30 10:45:27,640: _rotation in rotationMgr: AGV01 None [{'id': 0, 'source': 'normal', 'status': True}, {'id': 1, 'source': 'normal', 'status': True}]
[INFO]2021-03-30 10:45:28,016: AGV01 rotation clear status: 1
[DEBUG]2021-03-30 10:45:28,126: used 1627ms 200 OK application/json;charset=utf-8, GET: http://127.0.0.1:5551/api/agv/rotationclear?agv=AGV01&timeoutSec=30
[DEBUG]2021-03-30 10:45:28,190: [return] use 1830 ms,http_get: http://127.0.0.1:5551/api/agv/rotationclear?agv=AGV01&timeoutSec=30
[INFO]2021-03-30 10:45:28,255: task[6062903861987a0c539ee590]:  successed {'step': 'finish', 'failMsg': '任务成功', 'endTime': datetime.datetime(2021, 3, 30, 10, 45, 28, 254178), 'status': 'success'}
[DEBUG]2021-03-30 10:45:28,300: task[6062903861987a0c539ee590][AGV01] 37(18) -> 40(36) [finish] dropPayloadReset -> finish
[INFO]2021-03-30 10:45:28,700: task[6062903861987a0c539ee590][AGV01] 37(18) -> 40(36) [finish] AGV01 release task, release agv True True False
[DEBUG]2021-03-30 10:45:28,946: GET: http://127.0.0.1:5551/api/agv/isLocked?agv=AGV01&appName=scadaTask&taskId=6062903861987a0c539ee590 addr: 127.0.0.1
[DEBUG]2021-03-30 10:45:29,008: used 62ms 200 OK application/json;charset=utf-8, GET: http://127.0.0.1:5551/api/agv/isLocked?agv=AGV01&appName=scadaTask&taskId=6062903861987a0c539ee590
[DEBUG]2021-03-30 10:45:29,193: GET: http://127.0.0.1:5551/api/agv/release?agv=AGV01&appName=scadaTask&force=False&taskId=6062903861987a0c539ee590 addr: 127.0.0.1
[DEBUG]2021-03-30 10:45:29,269: unlock: AGV01 taskId 6062903861987a0c539ee590 app scadaTask force False
[DEBUG]2021-03-30 10:45:29,361: used 168ms 200 OK application/json;charset=utf-8, GET: http://127.0.0.1:5551/api/agv/release?agv=AGV01&appName=scadaTask&force=False&taskId=6062903861987a0c539ee590
[INFO]2021-03-30 10:45:29,455: task[6062903861987a0c539ee590][AGV01] 37(18) -> 40(36) [finish] let AGV01 gohome
[DEBUG]2021-03-30 10:45:29,625: GET: http://127.0.0.1:5551/api/agv/goHome?agv=AGV01&appName=scadaTask&force=False&timeout=10800 addr: 127.0.0.1
[INFO]2021-03-30 10:45:29,732: AGV01 gohome home_1 force False taskId home_1 : AGV01.40 -> comba-ZXC-F3.41
[INFO]2021-03-30 10:45:30,645: Begin: AGV01 move from comba-ZXC-F3.40 to comba-ZXC-F3.41 by paths: [('comba-ZXC-F3', ['40', '36', '33', '39', '31', '30', '29', '28', '27', '26', '25', '24', '22', '17', '41'], 88.89894657242083)] task: home_1 timeout 10800 used 867 ms
[DEBUG]2021-03-30 10:45:30,707: used 1082ms 200 OK application/json;charset=utf-8, GET: http://127.0.0.1:5551/api/agv/goHome?agv=AGV01&appName=scadaTask&force=False&timeout=10800
[INFO]2021-03-30 10:45:30,848: task: prepoint released2  6062903861987a0c539ee590 comba-ZXC-F3.40
[INFO]2021-03-30 10:45:30,895: task: stop task[6062903861987a0c539ee590][-] 37(18) -> 40(36) [finish]
[DEBUG]2021-03-30 10:45:30,895: task: delete task 6062903861987a0c539ee590
[DEBUG]2021-03-30 10:45:31,921: agvInfo: AGV01 comba-ZXC-F3.40 move to comba-ZXC-F3.36 ,taskId home_1
[DEBUG]2021-03-30 10:45:36,614: AGV01 turn to wait check cur 40 next 33 0.979 False
[DEBUG]2021-03-30 10:45:37,730: AGV01 set loc comba-ZXC-F3.36 ,old 40 (43.64,-28.55)
[DEBUG]2021-03-30 10:45:37,940: agvInfo: AGV01 comba-ZXC-F3.36 move to comba-ZXC-F3.33 ,taskId home_1
[DEBUG]2021-03-30 10:45:38,519: AGV01 choise next pos cur 36 next 39 pre 33 9.245 True
[DEBUG]2021-03-30 10:45:38,580: AGV01 choise next pos cur 36 next 31 pre 39 17.402 True
[DEBUG]2021-03-30 10:45:38,673: AGV01 turn to wait check cur 36 next 31 17.402 True
[DEBUG]2021-03-30 10:45:40,038: agvInfo: AGV01 comba-ZXC-F3.36 move to comba-ZXC-F3.31 ,taskId home_1
[DEBUG]2021-03-30 10:45:43,134: AGV01 set loc comba-ZXC-F3.33 ,old 36 (43.88,-25.95)
[DEBUG]2021-03-30 10:45:51,001: AGV01 choise next pos cur 33 next 30 pre 31 18.696 True
[DEBUG]2021-03-30 10:45:51,062: AGV01 turn to wait check cur 33 next 30 18.696 True
[DEBUG]2021-03-30 10:45:52,794: agvInfo: AGV01 comba-ZXC-F3.33 move to comba-ZXC-F3.30 ,taskId home_1
[DEBUG]2021-03-30 10:45:53,359: AGV01 set loc comba-ZXC-F3.39 ,old 33 (40.15,-21.00)
[DEBUG]2021-03-30 10:46:05,406: AGV01 choise next pos cur 39 next 29 pre 30 15.147 False
[DEBUG]2021-03-30 10:46:05,467: AGV01 turn to wait check cur 39 next 29 15.147 False
[DEBUG]2021-03-30 10:46:07,035: agvInfo: AGV01 comba-ZXC-F3.39 move to comba-ZXC-F3.29 ,taskId home_1
[DEBUG]2021-03-30 10:46:07,247: AGV01 set loc comba-ZXC-F3.31 ,old 39 (40.23,-12.68)
[DEBUG]2021-03-30 10:46:21,529: AGV01 set loc comba-ZXC-F3.30 ,old 31 (40.28,-4.00)
[DEBUG]2021-03-30 10:46:27,451: AGV01 turn to wait check cur 30 next 28 0.769 False
[DEBUG]2021-03-30 10:46:28,129: AGV01 set loc comba-ZXC-F3.29 ,old 30 (36.62,-2.00)
[DEBUG]2021-03-30 10:46:28,659: agvInfo: AGV01 comba-ZXC-F3.29 move to comba-ZXC-F3.28 ,taskId home_1
[DEBUG]2021-03-30 10:46:29,346: AGV01 choise next pos cur 29 next 27 pre 28 20.811 True
[DEBUG]2021-03-30 10:46:29,485: AGV01 turn to wait check cur 29 next 27 20.811 True
[DEBUG]2021-03-30 10:46:30,832: agvInfo: AGV01 comba-ZXC-F3.29 move to comba-ZXC-F3.27 ,taskId home_1
[DEBUG]2021-03-30 10:46:42,487: AGV01 set loc comba-ZXC-F3.28 ,old 29 (28.22,-1.92)
[DEBUG]2021-03-30 10:46:47,729: AGV01 choise next pos cur 28 next 26 pre 27 18.495 True
[DEBUG]2021-03-30 10:46:47,790: AGV01 turn to wait check cur 28 next 26 18.495 True
[DEBUG]2021-03-30 10:46:49,520: agvInfo: AGV01 comba-ZXC-F3.28 move to comba-ZXC-F3.26 ,taskId home_1
[DEBUG]2021-03-30 10:47:02,635: AGV01 choise next pos cur 28 next 25 pre 26 15.963 True
[DEBUG]2021-03-30 10:47:02,713: AGV01 turn to wait check cur 28 next 25 15.963 True
[DEBUG]2021-03-30 10:47:04,106: agvInfo: AGV01 comba-ZXC-F3.28 move to comba-ZXC-F3.25 ,taskId home_1
[DEBUG]2021-03-30 10:47:04,532: AGV01 set loc comba-ZXC-F3.27 ,old 28 (15.97,-1.64)
[DEBUG]2021-03-30 10:47:13,092: AGV01 choise next pos cur 27 next 24 pre 25 14.707 False
[DEBUG]2021-03-30 10:47:13,122: AGV01 turn to wait check cur 27 next 24 14.707 False
[DEBUG]2021-03-30 10:47:14,230: agvInfo: AGV01 comba-ZXC-F3.27 move to comba-ZXC-F3.24 ,taskId home_1
[DEBUG]2021-03-30 10:47:19,014: AGV01 set loc comba-ZXC-F3.26 ,old 27 (7.33,-1.45)
[DEBUG]2021-03-30 10:47:29,056: AGV01 set loc comba-ZXC-F3.25 ,old 26 (1.16,-1.34)
[DEBUG]2021-03-30 10:47:35,079: AGV01 turn to wait check cur 25 next 22 0.630 False
[DEBUG]2021-03-30 10:47:36,148: AGV01 set loc comba-ZXC-F3.24 ,old 25 (-1.20,1.83)
[DEBUG]2021-03-30 10:47:36,338: agvInfo: AGV01 comba-ZXC-F3.24 move to comba-ZXC-F3.22 ,taskId home_1
[DEBUG]2021-03-30 10:47:37,012: AGV01 choise next pos cur 24 next 17 pre 22 11.613 False
[DEBUG]2021-03-30 10:47:37,055: AGV01 turn to wait check cur 24 next 17 11.613 False
[DEBUG]2021-03-30 10:47:38,397: agvInfo: AGV01 comba-ZXC-F3.24 move to comba-ZXC-F3.17 ,taskId home_1
[DEBUG]2021-03-30 10:47:47,760: AGV01 set loc comba-ZXC-F3.22 ,old 24 (-2.08,8.37)
[DEBUG]2021-03-30 10:47:54,046: AGV01 turn to wait check cur 22 next 41 0.595 False
[DEBUG]2021-03-30 10:47:54,723: AGV01 set loc comba-ZXC-F3.17 ,old 22 (0.69,11.53)
[DEBUG]2021-03-30 10:47:55,042: agvInfo: AGV01 comba-ZXC-F3.17 move to comba-ZXC-F3.41 ,taskId home_1
[WARNING]2021-03-30 10:47:56,725: AGV01 waitFinish: loc is diff 17 41 task_status= 2
[WARNING]2021-03-30 10:47:57,347: AGV01 waitFinish: loc is diff 17 41 task_status= 2
[WARNING]2021-03-30 10:47:57,946: AGV01 waitFinish: loc is diff 17 41 task_status= 2
[WARNING]2021-03-30 10:47:58,615: AGV01 waitFinish: loc is diff 17 41 task_status= 2
[WARNING]2021-03-30 10:47:59,204: AGV01 waitFinish: loc is diff 17 41 task_status= 2
[WARNING]2021-03-30 10:47:59,833: AGV01 waitFinish: loc is diff 17 41 task_status= 2
[WARNING]2021-03-30 10:48:00,417: AGV01 waitFinish: loc is diff 17 41 task_status= 2
[WARNING]2021-03-30 10:48:00,997: AGV01 waitFinish: loc is diff 17 41 task_status= 2
[DEBUG]2021-03-30 10:48:01,363: AGV01 set loc comba-ZXC-F3.41 ,old 17 (-1.62,11.52)
[SUCC]2021-03-30 10:48:02,643: Finish:  AGV01 arrived comba-ZXC-F3.41 ,task: home_1
[DEBUG]2021-03-30 10:48:02,705: unlock: AGV01 taskId None app None force False
