[INFO]2021-05-11 17:55:02,059: log files at C:\Users\Administrator\Desktop\SVN\branches\common\log
[INFO]2021-05-11 17:55:02,061: find module account.main_account
[INFO]2021-05-11 17:55:02,062: find module agvCtrl.main_agv
[INFO]2021-05-11 17:55:02,064: find module agvDevice.main_agvDevice
[INFO]2021-05-11 17:55:02,066: find module alarm.main_alarm
[INFO]2021-05-11 17:55:02,070: find module auth.main_auth
[INFO]2021-05-11 17:55:02,072: find module door.main_door
[INFO]2021-05-11 17:55:02,074: find module elevator.main_elevator
[INFO]2021-05-11 17:55:02,075: find module feed.main_feed
[INFO]2021-05-11 17:55:02,077: find module menu.main_menu
[INFO]2021-05-11 17:55:02,079: find module pharmapackCtrl.main_scadaCtrl
[INFO]2021-05-11 17:55:02,080: find module webFront.main_web
[INFO]2021-05-11 17:55:02,082: find module wmqtt.main_wmqtt
[INFO]2021-05-11 17:55:02,086: import account.main_account
[INFO]2021-05-11 17:55:02,400: import agvCtrl.main_agv
[INFO]2021-05-11 17:55:03,137: create lock <lock name:doorMgr.lock,<unlocked _thread.RLock object owner=0 count=0 at 0x000001C575DDAEE0>>
[INFO]2021-05-11 17:55:03,141: create lock <lock name:door.lock,<unlocked _thread.RLock object owner=0 count=0 at 0x000001C575E360D0>>
[INFO]2021-05-11 17:55:03,250: create lock <lock name:timer.lock_1947601463448,<unlocked _thread.RLock object owner=0 count=0 at 0x000001C576137670>>
[ERROR]2021-05-11 17:55:03,264: mqtt is disabled
[INFO]2021-05-11 17:55:03,265: mqtt: subscribe [alarm/raise/+]
[INFO]2021-05-11 17:55:03,266: mqtt: subscribe [alarm/clear/+]
[INFO]2021-05-11 17:55:06,302: Mongodb connect to 127.0.0.1 port 27017
[INFO]2021-05-11 17:55:06,424: create lock <lock name:elevatorApi.tcp_lock,<unlocked _thread.RLock object owner=0 count=0 at 0x000001C57653B378>>
[INFO]2021-05-11 17:55:06,431: create lock <lock name:elevatorApi.g_lock,<unlocked _thread.RLock object owner=0 count=0 at 0x000001C57441FF80>>
[INFO]2021-05-11 17:55:06,438: create lock <lock name:elevatorMgr.lock,<unlocked _thread.RLock object owner=0 count=0 at 0x000001C57441FA08>>
[INFO]2021-05-11 17:55:07,093: create lock <lock name:mapMgr.lock,<unlocked _thread.RLock object owner=0 count=0 at 0x000001C5747ACDC8>>
[INFO]2021-05-11 17:55:07,707: create lock <lock name:agvList.g_agvLock,<unlocked _thread.RLock object owner=0 count=0 at 0x000001C576626D78>>
[INFO]2021-05-11 17:55:07,720: create lock <lock name:taskList.lock,<unlocked _thread.RLock object owner=0 count=0 at 0x000001C576671E90>>
