[INFO]2021-04-07 16:56:39,944: log files at C:\Users\Administrator\Desktop\SVN\branches\common\log
[INFO]2021-04-07 16:56:39,946: find module account.main_account
[INFO]2021-04-07 16:56:39,948: find module agvCtrl.main_agv
[INFO]2021-04-07 16:56:39,950: find module agvDevice.main_agvDevice
[INFO]2021-04-07 16:56:39,952: find module alarm.main_alarm
[INFO]2021-04-07 16:56:39,954: find module auth.main_auth
[INFO]2021-04-07 16:56:39,956: find module door.main_door
[INFO]2021-04-07 16:56:39,958: find module elevator.main_elevator
[INFO]2021-04-07 16:56:39,964: find module feed.main_feed
[INFO]2021-04-07 16:56:39,969: find module menu.main_menu
[INFO]2021-04-07 16:56:39,970: find module pharmapackCtrl.main_scadaCtrl
[INFO]2021-04-07 16:56:39,972: find module webFront.main_web
[INFO]2021-04-07 16:56:39,974: find module wmqtt.main_wmqtt
[INFO]2021-04-07 16:56:39,978: import account.main_account
[INFO]2021-04-07 16:56:40,324: import agvCtrl.main_agv
[INFO]2021-04-07 16:56:41,047: create lock <lock name:doorMgr.lock,<unlocked _thread.RLock object owner=0 count=0 at 0x0000016B2A96D8F0>>
[INFO]2021-04-07 16:56:41,050: create lock <lock name:door.lock,<unlocked _thread.RLock object owner=0 count=0 at 0x0000016B2A96DAA8>>
[INFO]2021-04-07 16:56:41,149: create lock <lock name:timer.lock_1559791444264,<unlocked _thread.RLock object owner=0 count=0 at 0x0000016B2ACC04B8>>
[ERROR]2021-04-07 16:56:41,160: mqtt is disabled
[INFO]2021-04-07 16:56:41,161: mqtt: subscribe [alarm/raise/+]
[INFO]2021-04-07 16:56:41,162: mqtt: subscribe [alarm/clear/+]
[INFO]2021-04-07 16:56:44,198: Mongodb connect to 127.0.0.1 port 27017
[INFO]2021-04-07 16:56:44,306: create lock <lock name:elevatorApi.tcp_lock,<unlocked _thread.RLock object owner=0 count=0 at 0x0000016B2B0C11C0>>
[INFO]2021-04-07 16:56:44,312: create lock <lock name:elevatorApi.g_lock,<unlocked _thread.RLock object owner=0 count=0 at 0x0000016B28FC3DC8>>
[INFO]2021-04-07 16:56:44,316: create lock <lock name:elevatorMgr.lock,<unlocked _thread.RLock object owner=0 count=0 at 0x0000016B28FC3850>>
[INFO]2021-04-07 16:56:44,535: create lock <lock name:mapMgr.lock,<unlocked _thread.RLock object owner=0 count=0 at 0x0000016B293457D8>>
[INFO]2021-04-07 16:56:44,890: create lock <lock name:agvList.g_agvLock,<unlocked _thread.RLock object owner=0 count=0 at 0x0000016B2B712B70>>
[INFO]2021-04-07 16:56:44,896: create lock <lock name:taskList.lock,<unlocked _thread.RLock object owner=0 count=0 at 0x0000016B2B241B70>>
[INFO]2021-04-07 16:56:44,951: charge policy 1 , fix time
[INFO]2021-04-07 16:56:44,988: create lock <lock name:agvApi.g_lock,<unlocked _thread.RLock object owner=0 count=0 at 0x0000016B2B7122B0>>
[INFO]2021-04-07 16:56:45,318: start load map C:\Users\Administrator\Desktop\SVN\branches\agvCtrl\projects\test\comba-ZSC-F1-F3.smap
[DEBUG]2021-04-07 16:56:45,826: elevator thread start
[INFO]2021-04-07 16:56:45,899: load map C:\Users\Administrator\Desktop\SVN\branches\agvCtrl\projects\test\comba-ZSC-F1-F3.smap ,used 589 ms
[INFO]2021-04-07 16:56:45,934: start load map C:\Users\Administrator\Desktop\SVN\branches\agvCtrl\projects\test\comba-ZXC-F3.smap
[INFO]2021-04-07 16:56:46,132: load map C:\Users\Administrator\Desktop\SVN\branches\agvCtrl\projects\test\comba-ZXC-F3.smap ,used 228 ms
[INFO]2021-04-07 16:56:46,139: import agvDevice.main_agvDevice
[INFO]2021-04-07 16:56:46,141: import alarm.main_alarm
[INFO]2021-04-07 16:56:46,142: import auth.main_auth
[INFO]2021-04-07 16:56:46,158: import door.main_door
[INFO]2021-04-07 16:56:46,164: import elevator.main_elevator
[INFO]2021-04-07 16:56:46,165: import feed.main_feed
[INFO]2021-04-07 16:56:46,188: create lock <lock name:feedTask.g_lock,<unlocked _thread.RLock object owner=0 count=0 at 0x0000016B2B65B058>>
[INFO]2021-04-07 16:56:46,199: create lock <lock name:agvApi.g_lock,<unlocked _thread.RLock object owner=0 count=0 at 0x0000016B2B65BBE8>>
[INFO]2021-04-07 16:56:46,327: import menu.main_menu
[INFO]2021-04-07 16:56:46,340: import pharmapackCtrl.main_scadaCtrl
[INFO]2021-04-07 16:56:46,639: create lock <lock name:runTasks.g_lock,<unlocked _thread.RLock object owner=0 count=0 at 0x0000016B2C73C990>>
[INFO]2021-04-07 16:56:46,644: create lock <lock name:runTasks.pre_lock,<unlocked _thread.RLock object owner=0 count=0 at 0x0000016B2C73C8F0>>
[INFO]2021-04-07 16:56:46,763: import webFront.main_web
[INFO]2021-04-07 16:56:46,768: import wmqtt.main_wmqtt
[SUCC]2021-04-07 16:56:46,782: utility start, pid=2272, ppid=5380
[DEBUG]2021-04-07 16:56:46,786: start timer
[INFO]2021-04-07 16:56:48,452: load agv file: C:\Users\Administrator\Desktop\SVN\branches\agvCtrl/projects/test/agv.cfg
[INFO]2021-04-07 16:56:48,465: create lock <lock name:agvList.AGV01.lock,<unlocked _thread.RLock object owner=0 count=0 at 0x0000016B2C73CBC0>>
[DEBUG]2021-04-07 16:56:48,477: create aliveObj AGV01 AGV离线异常 timeout 300
[INFO]2021-04-07 16:56:48,479: AGV01 start agvList run thread
[INFO]2021-04-07 16:56:48,479: AGV01 start agvList run2 thread
[INFO]2021-04-07 16:56:48,481: create lock <lock name:agv.AGV01.lock_status,<unlocked _thread.RLock object owner=0 count=0 at 0x0000016B2C73CD00>>
[DEBUG]2021-04-07 16:56:48,486: try connect AGV01 172.16.217.121:19204
[INFO]2021-04-07 16:56:48,489: create lock <lock name:agvList.AGV02.lock,<unlocked _thread.RLock object owner=0 count=0 at 0x0000016B2C73CDF0>>
[DEBUG]2021-04-07 16:56:48,494: create aliveObj AGV02 AGV离线异常 timeout 300
[INFO]2021-04-07 16:56:48,498: AGV02 start agvList run thread
[INFO]2021-04-07 16:56:48,499: AGV02 start agvList run2 thread
[INFO]2021-04-07 16:56:48,499: add_ignore: taskStatus
[INFO]2021-04-07 16:56:48,501: create lock <lock name:agv.AGV02.lock_status,<unlocked _thread.RLock object owner=0 count=0 at 0x0000016B2C73C7B0>>
[INFO]2021-04-07 16:56:48,507: add_ignore: api/elevator/status
[DEBUG]2021-04-07 16:56:48,514: try connect AGV02 172.16.217.213:19204
[INFO]2021-04-07 16:56:48,517: add_ignore: scada/getTask
[INFO]2021-04-07 16:56:48,532: AGV02 connected 172.16.217.213 19204
[INFO]2021-04-07 16:56:48,534: create lock <lock name:agv.AGV02.lock_ctrl,<unlocked _thread.RLock object owner=0 count=0 at 0x0000016B2C73CB98>>
[DEBUG]2021-04-07 16:56:48,541: try connect AGV02 172.16.217.213:19205
[INFO]2021-04-07 16:56:48,607: AGV02 connected 172.16.217.213 19205
[INFO]2021-04-07 16:56:48,609: create lock <lock name:agv.AGV02.lock_task,<unlocked _thread.RLock object owner=0 count=0 at 0x0000016B30035B48>>
[DEBUG]2021-04-07 16:56:48,610: try connect AGV02 172.16.217.213:19206
[INFO]2021-04-07 16:56:48,626: AGV02 connected 172.16.217.213 19206
[INFO]2021-04-07 16:56:48,630: create lock <lock name:agv.AGV02.lock_conf,<unlocked _thread.RLock object owner=0 count=0 at 0x0000016B30035BC0>>
[DEBUG]2021-04-07 16:56:48,631: try connect AGV02 172.16.217.213:19207
[INFO]2021-04-07 16:56:48,637: AGV02 connected 172.16.217.213 19207
[INFO]2021-04-07 16:56:48,637: create lock <lock name:agv.AGV02.lock_core,<unlocked _thread.RLock object owner=0 count=0 at 0x0000016B30035BE8>>
[DEBUG]2021-04-07 16:56:48,640: try connect AGV02 172.16.217.213:19208
[INFO]2021-04-07 16:56:48,664: AGV02 connected 172.16.217.213 19208
[INFO]2021-04-07 16:56:48,666: create lock <lock name:agv.AGV02.lock_other,<unlocked _thread.RLock object owner=0 count=0 at 0x0000016B30035C10>>
[DEBUG]2021-04-07 16:56:48,666: try connect AGV02 172.16.217.213:19210
[INFO]2021-04-07 16:56:48,698: AGV02 connected 172.16.217.213 19210
[INFO]2021-04-07 16:56:48,882: AGV02 current map comba-ZSC-F1-F3
[INFO]2021-04-07 16:56:49,043: AGV02 is online
[CRITICAL]2021-04-07 16:56:52,413: agvApi.init cause a error: ('http get', 'http://127.0.0.1:5551/api/agv/init', {'appName': 'scadaTask'}, 'error:', '<urlopen error [WinError 10061] 由于目标计算机积极拒绝，无法连接。>')
pid=2272, ppid=5380, tid=6780
Traceback (most recent call last):
  File "C:\Python37\lib\urllib\request.py", line 1317, in do_open
    encode_chunked=req.has_header('Transfer-encoding'))
  File "C:\Python37\lib\http\client.py", line 1229, in request
    self._send_request(method, url, body, headers, encode_chunked)
  File "C:\Python37\lib\http\client.py", line 1275, in _send_request
    self.endheaders(body, encode_chunked=encode_chunked)
  File "C:\Python37\lib\http\client.py", line 1224, in endheaders
    self._send_output(message_body, encode_chunked=encode_chunked)
  File "C:\Python37\lib\http\client.py", line 1016, in _send_output
    self.send(msg)
  File "C:\Python37\lib\http\client.py", line 956, in send
    self.connect()
  File "C:\Python37\lib\http\client.py", line 928, in connect
    (self.host,self.port), self.timeout, self.source_address)
  File "C:\Python37\lib\socket.py", line 727, in create_connection
    raise err
  File "C:\Python37\lib\socket.py", line 716, in create_connection
    sock.connect(sa)
ConnectionRefusedError: [WinError 10061] 由于目标计算机积极拒绝，无法连接。

During handling of the above exception, another exception occurred:

Traceback (most recent call last):
  File "C:\Users\Administrator\Desktop\SVN\branches\common\webutility.py", line 103, in http_get
    f = urllib.request.urlopen(u,timeout=timeout)
  File "C:\Python37\lib\urllib\request.py", line 222, in urlopen
    return opener.open(url, data, timeout)
  File "C:\Python37\lib\urllib\request.py", line 525, in open
    response = self._open(req, data)
  File "C:\Python37\lib\urllib\request.py", line 543, in _open
    '_open', req)
  File "C:\Python37\lib\urllib\request.py", line 503, in _call_chain
    result = func(*args)
  File "C:\Python37\lib\urllib\request.py", line 1345, in http_open
    return self.do_open(http.client.HTTPConnection, req)
  File "C:\Python37\lib\urllib\request.py", line 1319, in do_open
    raise URLError(err)
urllib.error.URLError: <urlopen error [WinError 10061] 由于目标计算机积极拒绝，无法连接。>

During handling of the above exception, another exception occurred:

Traceback (most recent call last):
  File "C:\Users\Administrator\Desktop\SVN\branches\agvCtrl\agvApi.py", line 40, in init
    _http_get(url + '/api/agv/init', param)
  File "C:\Users\Administrator\Desktop\SVN\branches\agvCtrl\agvApi.py", line 61, in _http_get
    r = webutility.http_get(url, param, timeout=45,writelog=False)
  File "C:\Users\Administrator\Desktop\SVN\branches\common\webutility.py", line 105, in http_get
    raise Exception("http get",url,params,"error:",str(e))
Exception: ('http get', 'http://127.0.0.1:5551/api/agv/init', {'appName': 'scadaTask'}, 'error:', '<urlopen error [WinError 10061] 由于目标计算机积极拒绝，无法连接。>')

[DEBUG]2021-04-07 16:56:53,437: GET: http://127.0.0.1:5551/api/agv/init?appName=scadaTask addr: 127.0.0.1
[INFO]2021-04-07 16:56:53,444: scadaTask init client agvApi
[DEBUG]2021-04-07 16:56:53,466: used 30ms 200 OK application/json;charset=utf-8, GET: http://127.0.0.1:5551/api/agv/init?appName=scadaTask
[DEBUG]2021-04-07 16:56:56,751: GET: http://127.0.0.1:5551/api/agv/startCharge?appName=scadaTask addr: 127.0.0.1
[DEBUG]2021-04-07 16:56:56,844: used 92ms 200 OK application/json;charset=utf-8, GET: http://127.0.0.1:5551/api/agv/startCharge?appName=scadaTask
[WARNING]2021-04-07 16:56:56,983: timer_thread[tid:6780] <lock name:runTasks.g_lock,<locked _thread.RLock object owner=6780 count=1 at 0x0000016B2C73C990>> ,hold 7613 ms
[INFO]2021-04-07 16:56:57,197: name=timer_thread, pid=2272, tid=6780
[01] File "C:/Python37/lib/threading.py", line 865, in run() 
[02] File "C:/Users/Administrator/Desktop/SVN/branches/common/mytimer.py", line 113, in _loop() 
[03] File "C:/Users/Administrator/Desktop/SVN/branches/common/lock.py", line 122, in _call() 
[04] File "C:/Users/Administrator/Desktop/SVN/branches/common/lock.py", line 100, in release() 
[05] File "C:/Users/Administrator/Desktop/SVN/branches/common/enhance.py", line 258, in getTrace() 
[06] File "C:/Users/Administrator/Desktop/SVN/branches/common/enhance.py", line 240, in getThreadStack()
[ERROR]2021-04-07 16:56:58,497: connect AGV01 failed timed out
[WARNING]2021-04-07 16:56:58,559: AGV02 low battery charge,batteryLevel= 0.491 start charge level= 0.500
[DEBUG]2021-04-07 16:56:58,589: try connect AGV01 172.16.217.121:19204
[INFO]2021-04-07 16:56:58,637: AGV02 battery 0.491 check success
[INFO]2021-04-07 16:56:59,153: -------------------------根据move函数会根据main_agv.py来到agvControl函数中的move中----------555---------
[INFO]2021-04-07 16:56:59,227: ---------------------move函数中的_func()函数中-------------------------666--------------------
[INFO]2021-04-07 16:56:59,904: Begin: AGV02 move from comba-ZSC-F1-F3.AP142 to comba-ZSC-F1-F3.CP144 by paths: [('comba-ZSC-F1-F3', ['AP142', 'LM120', 'LM116', 'LM115', 'LM139', 'LM136', 'LM137', 'CP144'], 42.10688844697044)] task: charge_1 timeout 5400 used 677 ms
[INFO]2021-04-07 16:56:59,981: AGV02 start go charge,batteryLevel= 0.491 ,charge point= CP144
[DEBUG]2021-04-07 16:57:01,488: agvInfo: AGV02 comba-ZSC-F1-F3.AP142 move to comba-ZSC-F1-F3.LM120 ,taskId charge_1
[INFO]2021-04-07 16:57:01,607: goTarget {'id': 'LM120'}
[ERROR]2021-04-07 16:57:05,747: raise alarm obj=AGV02, typeId=49997, desc=小车置信度小于最低阈值,当前值:0.7134, id=606d73e12a59e8f324c5368e
[WARNING]2021-04-07 16:57:08,610: clear alarm obj=AGV02, typeId=49997, id=606d73e12a59e8f324c5368e
[ERROR]2021-04-07 16:57:08,767: connect AGV01 failed timed out
[INFO]2021-04-07 16:57:08,873: AGV01 checkLink failed 172.16.217.121 19204
[WARNING]2021-04-07 16:57:08,953: agvThread.AGV01[tid:16080] <lock name:agv.AGV01.lock_status,<locked _thread.RLock object owner=16080 count=1 at 0x0000016B2C73CD00>> ,hold 20467 ms
[INFO]2021-04-07 16:57:09,168: name=agvThread.AGV01, pid=2272, tid=16080
[01] File "C:/Python37/lib/threading.py", line 865, in run() 
[02] File "C:/Users/Administrator/Desktop/SVN/branches/agvCtrl/agvList.py", line 570, in run() 
[03] File "../driver/seerAgv/agvCtrl.py", line 38, in checkLink() 
[04] File "../driver/seerAgv/agvApi.py", line 188, in checkLink() 
[05] File "C:/Users/Administrator/Desktop/SVN/branches/common/lock.py", line 100, in release() 
[06] File "C:/Users/Administrator/Desktop/SVN/branches/common/enhance.py", line 258, in getTrace() 
[07] File "C:/Users/Administrator/Desktop/SVN/branches/common/enhance.py", line 240, in getThreadStack()
[DEBUG]2021-04-07 16:57:11,249: try connect AGV01 172.16.217.121:19204
[DEBUG]2021-04-07 16:57:15,002: AGV02 turn to wait check cur AP142 next LM116 0.951 False
[DEBUG]2021-04-07 16:57:16,438: agvInfo: AGV02 comba-ZSC-F1-F3.AP142 move to comba-ZSC-F1-F3.LM116 ,taskId charge_1
[INFO]2021-04-07 16:57:16,515: goTarget {'id': 'LM116'}
[DEBUG]2021-04-07 16:57:18,560: AGV02 turn to wait check cur AP142 next LM115 0.929 False
[DEBUG]2021-04-07 16:57:18,964: AGV02 set loc comba-ZSC-F1-F3.LM120 ,old AP142 (0.00,-1.08)
[DEBUG]2021-04-07 16:57:20,077: agvInfo: AGV02 comba-ZSC-F1-F3.LM120 move to comba-ZSC-F1-F3.LM115 ,taskId charge_1
[INFO]2021-04-07 16:57:20,156: goTarget {'id': 'LM115'}
[ERROR]2021-04-07 16:57:21,341: connect AGV01 failed timed out
[INFO]2021-04-07 16:57:21,419: AGV01 checkLink failed 172.16.217.121 19204
[WARNING]2021-04-07 16:57:21,483: agvThread.AGV01[tid:16080] <lock name:agv.AGV01.lock_status,<locked _thread.RLock object owner=16080 count=1 at 0x0000016B2C73CD00>> ,hold 10234 ms
[INFO]2021-04-07 16:57:21,731: name=agvThread.AGV01, pid=2272, tid=16080
[01] File "C:/Python37/lib/threading.py", line 865, in run() 
[02] File "C:/Users/Administrator/Desktop/SVN/branches/agvCtrl/agvList.py", line 570, in run() 
[03] File "../driver/seerAgv/agvCtrl.py", line 38, in checkLink() 
[04] File "../driver/seerAgv/agvApi.py", line 188, in checkLink() 
[05] File "C:/Users/Administrator/Desktop/SVN/branches/common/lock.py", line 100, in release() 
[06] File "C:/Users/Administrator/Desktop/SVN/branches/common/enhance.py", line 258, in getTrace() 
[07] File "C:/Users/Administrator/Desktop/SVN/branches/common/enhance.py", line 240, in getThreadStack()
[DEBUG]2021-04-07 16:57:23,838: try connect AGV01 172.16.217.121:19204
[ERROR]2021-04-07 16:57:24,788: raise alarm obj=AGV02, typeId=49997, desc=小车置信度小于最低阈值,当前值:0.7044, id=606d73f42a59e8f324c536a8
[ERROR]2021-04-07 16:57:33,980: connect AGV01 failed timed out
[INFO]2021-04-07 16:57:34,073: AGV01 checkLink failed 172.16.217.121 19204
[WARNING]2021-04-07 16:57:34,134: agvThread.AGV01[tid:16080] <lock name:agv.AGV01.lock_status,<locked _thread.RLock object owner=16080 count=1 at 0x0000016B2C73CD00>> ,hold 10296 ms
[INFO]2021-04-07 16:57:34,292: name=agvThread.AGV01, pid=2272, tid=16080
[01] File "C:/Python37/lib/threading.py", line 865, in run() 
[02] File "C:/Users/Administrator/Desktop/SVN/branches/agvCtrl/agvList.py", line 570, in run() 
[03] File "../driver/seerAgv/agvCtrl.py", line 38, in checkLink() 
[04] File "../driver/seerAgv/agvApi.py", line 188, in checkLink() 
[05] File "C:/Users/Administrator/Desktop/SVN/branches/common/lock.py", line 100, in release() 
[06] File "C:/Users/Administrator/Desktop/SVN/branches/common/enhance.py", line 258, in getTrace() 
[07] File "C:/Users/Administrator/Desktop/SVN/branches/common/enhance.py", line 240, in getThreadStack()
[DEBUG]2021-04-07 16:57:36,373: try connect AGV01 172.16.217.121:19204
[DEBUG]2021-04-07 16:57:36,541: AGV02 set loc comba-ZSC-F1-F3.LM116 ,old LM120 (-0.43,-1.51)
[WARNING]2021-04-07 16:57:36,822: clear alarm obj=AGV02, typeId=49997, id=606d73f42a59e8f324c536a8
[ERROR]2021-04-07 16:57:46,471: connect AGV01 failed timed out
[INFO]2021-04-07 16:57:46,570: AGV01 checkLink failed 172.16.217.121 19204
[WARNING]2021-04-07 16:57:46,680: agvThread.AGV01[tid:16080] <lock name:agv.AGV01.lock_status,<locked _thread.RLock object owner=16080 count=1 at 0x0000016B2C73CD00>> ,hold 10307 ms
[INFO]2021-04-07 16:57:46,898: name=agvThread.AGV01, pid=2272, tid=16080
[01] File "C:/Python37/lib/threading.py", line 865, in run() 
[02] File "C:/Users/Administrator/Desktop/SVN/branches/agvCtrl/agvList.py", line 570, in run() 
[03] File "../driver/seerAgv/agvCtrl.py", line 38, in checkLink() 
[04] File "../driver/seerAgv/agvApi.py", line 188, in checkLink() 
[05] File "C:/Users/Administrator/Desktop/SVN/branches/common/lock.py", line 100, in release() 
[06] File "C:/Users/Administrator/Desktop/SVN/branches/common/enhance.py", line 258, in getTrace() 
[07] File "C:/Users/Administrator/Desktop/SVN/branches/common/enhance.py", line 240, in getThreadStack()
[DEBUG]2021-04-07 16:57:49,000: try connect AGV01 172.16.217.121:19204
[DEBUG]2021-04-07 16:57:57,622: AGV02 choise next pos cur LM116 next LM139 pre LM115 28.657 True
[DEBUG]2021-04-07 16:57:57,743: AGV02 turn to wait check cur LM116 next LM139 28.657 True
[ERROR]2021-04-07 16:57:59,113: connect AGV01 failed timed out
[DEBUG]2021-04-07 16:57:59,178: agvInfo: AGV02 comba-ZSC-F1-F3.LM116 move to comba-ZSC-F1-F3.LM139 ,taskId charge_1
[INFO]2021-04-07 16:57:59,188: AGV01 checkLink failed 172.16.217.121 19204
[INFO]2021-04-07 16:57:59,265: goTarget {'id': 'LM139'}
[WARNING]2021-04-07 16:57:59,344: agvThread.AGV01[tid:16080] <lock name:agv.AGV01.lock_status,<locked _thread.RLock object owner=16080 count=1 at 0x0000016B2C73CD00>> ,hold 10344 ms
[INFO]2021-04-07 16:57:59,635: name=agvThread.AGV01, pid=2272, tid=16080
[01] File "C:/Python37/lib/threading.py", line 865, in run() 
[02] File "C:/Users/Administrator/Desktop/SVN/branches/agvCtrl/agvList.py", line 570, in run() 
[03] File "../driver/seerAgv/agvCtrl.py", line 38, in checkLink() 
[04] File "../driver/seerAgv/agvApi.py", line 188, in checkLink() 
[05] File "C:/Users/Administrator/Desktop/SVN/branches/common/lock.py", line 100, in release() 
[06] File "C:/Users/Administrator/Desktop/SVN/branches/common/enhance.py", line 258, in getTrace() 
[07] File "C:/Users/Administrator/Desktop/SVN/branches/common/enhance.py", line 240, in getThreadStack()
[DEBUG]2021-04-07 16:58:01,755: try connect AGV01 172.16.217.121:19204
[ERROR]2021-04-07 16:58:11,889: connect AGV01 failed timed out
[INFO]2021-04-07 16:58:12,013: AGV01 checkLink failed 172.16.217.121 19204
[WARNING]2021-04-07 16:58:12,075: agvThread.AGV01[tid:16080] <lock name:agv.AGV01.lock_status,<locked _thread.RLock object owner=16080 count=1 at 0x0000016B2C73CD00>> ,hold 10320 ms
[INFO]2021-04-07 16:58:12,183: name=agvThread.AGV01, pid=2272, tid=16080
[01] File "C:/Python37/lib/threading.py", line 865, in run() 
[02] File "C:/Users/Administrator/Desktop/SVN/branches/agvCtrl/agvList.py", line 570, in run() 
[03] File "../driver/seerAgv/agvCtrl.py", line 38, in checkLink() 
[04] File "../driver/seerAgv/agvApi.py", line 188, in checkLink() 
[05] File "C:/Users/Administrator/Desktop/SVN/branches/common/lock.py", line 100, in release() 
[06] File "C:/Users/Administrator/Desktop/SVN/branches/common/enhance.py", line 258, in getTrace() 
[07] File "C:/Users/Administrator/Desktop/SVN/branches/common/enhance.py", line 240, in getThreadStack()
[DEBUG]2021-04-07 16:58:14,315: try connect AGV01 172.16.217.121:19204
[ERROR]2021-04-07 16:58:24,413: connect AGV01 failed timed out
[INFO]2021-04-07 16:58:24,474: AGV01 checkLink failed 172.16.217.121 19204
[WARNING]2021-04-07 16:58:24,536: agvThread.AGV01[tid:16080] <lock name:agv.AGV01.lock_status,<locked _thread.RLock object owner=16080 count=1 at 0x0000016B2C73CD00>> ,hold 10221 ms
[INFO]2021-04-07 16:58:24,676: name=agvThread.AGV01, pid=2272, tid=16080
[01] File "C:/Python37/lib/threading.py", line 865, in run() 
[02] File "C:/Users/Administrator/Desktop/SVN/branches/agvCtrl/agvList.py", line 570, in run() 
[03] File "../driver/seerAgv/agvCtrl.py", line 38, in checkLink() 
[04] File "../driver/seerAgv/agvApi.py", line 188, in checkLink() 
[05] File "C:/Users/Administrator/Desktop/SVN/branches/common/lock.py", line 100, in release() 
[06] File "C:/Users/Administrator/Desktop/SVN/branches/common/enhance.py", line 258, in getTrace() 
[07] File "C:/Users/Administrator/Desktop/SVN/branches/common/enhance.py", line 240, in getThreadStack()
[DEBUG]2021-04-07 16:58:26,858: try connect AGV01 172.16.217.121:19204
[DEBUG]2021-04-07 16:58:28,541: AGV02 set loc comba-ZSC-F1-F3.LM115 ,old LM116 (-13.08,-1.54)
[ERROR]2021-04-07 16:58:37,032: connect AGV01 failed timed out
[INFO]2021-04-07 16:58:37,202: AGV01 checkLink failed 172.16.217.121 19204
[WARNING]2021-04-07 16:58:37,252: agvThread.AGV01[tid:16080] <lock name:agv.AGV01.lock_status,<locked _thread.RLock object owner=16080 count=1 at 0x0000016B2C73CD00>> ,hold 10393 ms
[INFO]2021-04-07 16:58:37,344: name=agvThread.AGV01, pid=2272, tid=16080
[01] File "C:/Python37/lib/threading.py", line 865, in run() 
[02] File "C:/Users/Administrator/Desktop/SVN/branches/agvCtrl/agvList.py", line 570, in run() 
[03] File "../driver/seerAgv/agvCtrl.py", line 38, in checkLink() 
[04] File "../driver/seerAgv/agvApi.py", line 188, in checkLink() 
[05] File "C:/Users/Administrator/Desktop/SVN/branches/common/lock.py", line 100, in release() 
[06] File "C:/Users/Administrator/Desktop/SVN/branches/common/enhance.py", line 258, in getTrace() 
[07] File "C:/Users/Administrator/Desktop/SVN/branches/common/enhance.py", line 240, in getThreadStack()
[DEBUG]2021-04-07 16:58:39,452: try connect AGV01 172.16.217.121:19204
[ERROR]2021-04-07 16:58:43,513: raise alarm obj=AGV02, typeId=49997, desc=小车置信度小于最低阈值,当前值:0.7452, id=606d74432a59e8f324c536fc
[WARNING]2021-04-07 16:58:46,220: clear alarm obj=AGV02, typeId=49997, id=606d74432a59e8f324c536fc
[ERROR]2021-04-07 16:58:49,564: connect AGV01 failed timed out
[INFO]2021-04-07 16:58:49,641: AGV01 checkLink failed 172.16.217.121 19204
[WARNING]2021-04-07 16:58:49,737: agvThread.AGV01[tid:16080] <lock name:agv.AGV01.lock_status,<locked _thread.RLock object owner=16080 count=1 at 0x0000016B2C73CD00>> ,hold 10285 ms
[INFO]2021-04-07 16:58:49,905: name=agvThread.AGV01, pid=2272, tid=16080
[01] File "C:/Python37/lib/threading.py", line 865, in run() 
[02] File "C:/Users/Administrator/Desktop/SVN/branches/agvCtrl/agvList.py", line 570, in run() 
[03] File "../driver/seerAgv/agvCtrl.py", line 38, in checkLink() 
[04] File "../driver/seerAgv/agvApi.py", line 188, in checkLink() 
[05] File "C:/Users/Administrator/Desktop/SVN/branches/common/lock.py", line 100, in release() 
[06] File "C:/Users/Administrator/Desktop/SVN/branches/common/enhance.py", line 258, in getTrace() 
[07] File "C:/Users/Administrator/Desktop/SVN/branches/common/enhance.py", line 240, in getThreadStack()
[ERROR]2021-04-07 16:58:50,219: raise alarm obj=AGV02, typeId=49997, desc=小车置信度小于最低阈值,当前值:0.7097, id=606d744a2a59e8f324c5370b
[DEBUG]2021-04-07 16:58:52,002: try connect AGV01 172.16.217.121:19204
[WARNING]2021-04-07 16:58:53,653: clear alarm obj=AGV02, typeId=49997, id=606d744a2a59e8f324c5370b
[DEBUG]2021-04-07 16:58:59,003: AGV02 choise next pos cur LM115 next LM136 pre LM139 13.430 False
[DEBUG]2021-04-07 16:58:59,078: AGV02 turn to wait check cur LM115 next LM136 13.430 False
[DEBUG]2021-04-07 16:59:00,218: agvInfo: AGV02 comba-ZSC-F1-F3.LM115 move to comba-ZSC-F1-F3.LM136 ,taskId charge_1
[INFO]2021-04-07 16:59:00,281: goTarget {'id': 'LM136'}
[ERROR]2021-04-07 16:59:02,103: connect AGV01 failed timed out
[INFO]2021-04-07 16:59:02,180: AGV01 checkLink failed 172.16.217.121 19204
[WARNING]2021-04-07 16:59:02,273: agvThread.AGV01[tid:16080] <lock name:agv.AGV01.lock_status,<locked _thread.RLock object owner=16080 count=1 at 0x0000016B2C73CD00>> ,hold 10271 ms
[INFO]2021-04-07 16:59:02,474: name=agvThread.AGV01, pid=2272, tid=16080
[01] File "C:/Python37/lib/threading.py", line 865, in run() 
[02] File "C:/Users/Administrator/Desktop/SVN/branches/agvCtrl/agvList.py", line 570, in run() 
[03] File "../driver/seerAgv/agvCtrl.py", line 38, in checkLink() 
[04] File "../driver/seerAgv/agvApi.py", line 188, in checkLink() 
[05] File "C:/Users/Administrator/Desktop/SVN/branches/common/lock.py", line 100, in release() 
[06] File "C:/Users/Administrator/Desktop/SVN/branches/common/enhance.py", line 258, in getTrace() 
[07] File "C:/Users/Administrator/Desktop/SVN/branches/common/enhance.py", line 240, in getThreadStack()
[DEBUG]2021-04-07 16:59:03,481: AGV02 turn to wait check cur LM115 next LM137 0 False
[DEBUG]2021-04-07 16:59:04,641: try connect AGV01 172.16.217.121:19204
[DEBUG]2021-04-07 16:59:04,953: agvInfo: AGV02 comba-ZSC-F1-F3.LM115 move to comba-ZSC-F1-F3.LM137 ,taskId charge_1
[INFO]2021-04-07 16:59:05,029: goTarget {'id': 'LM137'}
[ERROR]2021-04-07 16:59:14,831: connect AGV01 failed timed out
[INFO]2021-04-07 16:59:14,968: AGV01 checkLink failed 172.16.217.121 19204
[WARNING]2021-04-07 16:59:15,032: agvThread.AGV01[tid:16080] <lock name:agv.AGV01.lock_status,<locked _thread.RLock object owner=16080 count=1 at 0x0000016B2C73CD00>> ,hold 10391 ms
[INFO]2021-04-07 16:59:15,248: name=agvThread.AGV01, pid=2272, tid=16080
[01] File "C:/Python37/lib/threading.py", line 865, in run() 
[02] File "C:/Users/Administrator/Desktop/SVN/branches/agvCtrl/agvList.py", line 570, in run() 
[03] File "../driver/seerAgv/agvCtrl.py", line 38, in checkLink() 
[04] File "../driver/seerAgv/agvApi.py", line 188, in checkLink() 
[05] File "C:/Users/Administrator/Desktop/SVN/branches/common/lock.py", line 100, in release() 
[06] File "C:/Users/Administrator/Desktop/SVN/branches/common/enhance.py", line 258, in getTrace() 
[07] File "C:/Users/Administrator/Desktop/SVN/branches/common/enhance.py", line 240, in getThreadStack()
[DEBUG]2021-04-07 16:59:17,402: try connect AGV01 172.16.217.121:19204
[ERROR]2021-04-07 16:59:27,560: connect AGV01 failed timed out
[INFO]2021-04-07 16:59:27,682: AGV01 checkLink failed 172.16.217.121 19204
[WARNING]2021-04-07 16:59:27,777: agvThread.AGV01[tid:16080] <lock name:agv.AGV01.lock_status,<locked _thread.RLock object owner=16080 count=1 at 0x0000016B2C73CD00>> ,hold 10375 ms
[INFO]2021-04-07 16:59:27,950: name=agvThread.AGV01, pid=2272, tid=16080
[01] File "C:/Python37/lib/threading.py", line 865, in run() 
[02] File "C:/Users/Administrator/Desktop/SVN/branches/agvCtrl/agvList.py", line 570, in run() 
[03] File "../driver/seerAgv/agvCtrl.py", line 38, in checkLink() 
[04] File "../driver/seerAgv/agvApi.py", line 188, in checkLink() 
[05] File "C:/Users/Administrator/Desktop/SVN/branches/common/lock.py", line 100, in release() 
[06] File "C:/Users/Administrator/Desktop/SVN/branches/common/enhance.py", line 258, in getTrace() 
[07] File "C:/Users/Administrator/Desktop/SVN/branches/common/enhance.py", line 240, in getThreadStack()
[DEBUG]2021-04-07 16:59:30,014: try connect AGV01 172.16.217.121:19204
[DEBUG]2021-04-07 16:59:32,147: AGV02 set loc comba-ZSC-F1-F3.LM139 ,old LM115 (-31.94,-1.04)
[ERROR]2021-04-07 16:59:40,208: connect AGV01 failed timed out
[INFO]2021-04-07 16:59:40,287: AGV01 checkLink failed 172.16.217.121 19204
[WARNING]2021-04-07 16:59:40,350: agvThread.AGV01[tid:16080] <lock name:agv.AGV01.lock_status,<locked _thread.RLock object owner=16080 count=1 at 0x0000016B2C73CD00>> ,hold 10336 ms
[INFO]2021-04-07 16:59:40,504: name=agvThread.AGV01, pid=2272, tid=16080
[01] File "C:/Python37/lib/threading.py", line 865, in run() 
[02] File "C:/Users/Administrator/Desktop/SVN/branches/agvCtrl/agvList.py", line 570, in run() 
[03] File "../driver/seerAgv/agvCtrl.py", line 38, in checkLink() 
[04] File "../driver/seerAgv/agvApi.py", line 188, in checkLink() 
[05] File "C:/Users/Administrator/Desktop/SVN/branches/common/lock.py", line 100, in release() 
[06] File "C:/Users/Administrator/Desktop/SVN/branches/common/enhance.py", line 258, in getTrace() 
[07] File "C:/Users/Administrator/Desktop/SVN/branches/common/enhance.py", line 240, in getThreadStack()
[DEBUG]2021-04-07 16:59:42,608: try connect AGV01 172.16.217.121:19204
[ERROR]2021-04-07 16:59:52,765: connect AGV01 failed timed out
[INFO]2021-04-07 16:59:52,858: AGV01 checkLink failed 172.16.217.121 19204
[WARNING]2021-04-07 16:59:52,904: agvThread.AGV01[tid:16080] <lock name:agv.AGV01.lock_status,<locked _thread.RLock object owner=16080 count=1 at 0x0000016B2C73CD00>> ,hold 10296 ms
[INFO]2021-04-07 16:59:53,073: name=agvThread.AGV01, pid=2272, tid=16080
[01] File "C:/Python37/lib/threading.py", line 865, in run() 
[02] File "C:/Users/Administrator/Desktop/SVN/branches/agvCtrl/agvList.py", line 570, in run() 
[03] File "../driver/seerAgv/agvCtrl.py", line 38, in checkLink() 
[04] File "../driver/seerAgv/agvApi.py", line 188, in checkLink() 
[05] File "C:/Users/Administrator/Desktop/SVN/branches/common/lock.py", line 100, in release() 
[06] File "C:/Users/Administrator/Desktop/SVN/branches/common/enhance.py", line 258, in getTrace() 
[07] File "C:/Users/Administrator/Desktop/SVN/branches/common/enhance.py", line 240, in getThreadStack()
[DEBUG]2021-04-07 16:59:54,080: AGV02 set loc comba-ZSC-F1-F3.LM136 ,old LM139 (-34.06,0.92)
[DEBUG]2021-04-07 16:59:55,163: try connect AGV01 172.16.217.121:19204
[DEBUG]2021-04-07 16:59:57,582: AGV02 turn to wait check cur LM136 next CP144 0.949 False
[DEBUG]2021-04-07 16:59:58,779: agvInfo: AGV02 comba-ZSC-F1-F3.LM136 move to comba-ZSC-F1-F3.CP144 ,taskId charge_1
[INFO]2021-04-07 16:59:58,841: goTarget {'id': 'CP144'}
[WARNING]2021-04-07 17:00:00,219: AGV02 waitFinish: loc is diff LM136 CP144 task_status= 2
[WARNING]2021-04-07 17:00:00,798: AGV02 waitFinish: loc is diff LM136 CP144 task_status= 2
[WARNING]2021-04-07 17:00:01,396: AGV02 waitFinish: loc is diff LM136 CP144 task_status= 2
[WARNING]2021-04-07 17:00:02,011: AGV02 waitFinish: loc is diff LM136 CP144 task_status= 2
[WARNING]2021-04-07 17:00:02,585: AGV02 waitFinish: loc is diff LM136 CP144 task_status= 2
[WARNING]2021-04-07 17:00:03,175: AGV02 waitFinish: loc is diff LM136 CP144 task_status= 2
[WARNING]2021-04-07 17:00:03,777: AGV02 waitFinish: loc is diff LM136 CP144 task_status= 2
[WARNING]2021-04-07 17:00:04,323: AGV02 waitFinish: loc is diff LM136 CP144 task_status= 2
[DEBUG]2021-04-07 17:00:04,738: AGV02 set loc comba-ZSC-F1-F3.LM137 ,old LM136 (-34.26,1.90)
[WARNING]2021-04-07 17:00:04,958: AGV02 waitFinish: loc is diff LM137 CP144 task_status= 2
[ERROR]2021-04-07 17:00:05,345: connect AGV01 failed timed out
[INFO]2021-04-07 17:00:05,485: AGV01 checkLink failed 172.16.217.121 19204
[WARNING]2021-04-07 17:00:05,515: AGV02 waitFinish: loc is diff LM137 CP144 task_status= 2
[WARNING]2021-04-07 17:00:05,579: agvThread.AGV01[tid:16080] <lock name:agv.AGV01.lock_status,<locked _thread.RLock object owner=16080 count=1 at 0x0000016B2C73CD00>> ,hold 10416 ms
[INFO]2021-04-07 17:00:05,873: name=agvThread.AGV01, pid=2272, tid=16080
[01] File "C:/Python37/lib/threading.py", line 865, in run() 
[02] File "C:/Users/Administrator/Desktop/SVN/branches/agvCtrl/agvList.py", line 570, in run() 
[03] File "../driver/seerAgv/agvCtrl.py", line 38, in checkLink() 
[04] File "../driver/seerAgv/agvApi.py", line 188, in checkLink() 
[05] File "C:/Users/Administrator/Desktop/SVN/branches/common/lock.py", line 100, in release() 
[06] File "C:/Users/Administrator/Desktop/SVN/branches/common/enhance.py", line 258, in getTrace() 
[07] File "C:/Users/Administrator/Desktop/SVN/branches/common/enhance.py", line 240, in getThreadStack()
[WARNING]2021-04-07 17:00:06,169: AGV02 waitFinish: loc is diff LM137 CP144 task_status= 2
[WARNING]2021-04-07 17:00:06,730: AGV02 waitFinish: loc is diff LM137 CP144 task_status= 2
[WARNING]2021-04-07 17:00:07,348: AGV02 waitFinish: loc is diff LM137 CP144 task_status= 2
[WARNING]2021-04-07 17:00:07,900: AGV02 waitFinish: loc is diff LM137 CP144 task_status= 2
[DEBUG]2021-04-07 17:00:08,024: try connect AGV01 172.16.217.121:19204
[WARNING]2021-04-07 17:00:08,475: AGV02 waitFinish: loc is diff LM137 CP144 task_status= 2
[WARNING]2021-04-07 17:00:09,144: AGV02 waitFinish: loc is diff LM137 CP144 task_status= 2
[WARNING]2021-04-07 17:00:09,699: AGV02 waitFinish: loc is diff LM137 CP144 task_status= 2
[WARNING]2021-04-07 17:00:10,296: AGV02 waitFinish: loc is diff LM137 CP144 task_status= 2
[WARNING]2021-04-07 17:00:10,931: AGV02 waitFinish: loc is diff LM137 CP144 task_status= 2
[WARNING]2021-04-07 17:00:11,492: AGV02 waitFinish: loc is diff LM137 CP144 task_status= 2
[WARNING]2021-04-07 17:00:12,052: AGV02 waitFinish: loc is diff LM137 CP144 task_status= 2
[WARNING]2021-04-07 17:00:12,630: AGV02 waitFinish: loc is diff LM137 CP144 task_status= 2
[ERROR]2021-04-07 17:00:13,126: raise alarm obj=AGV02, typeId=52203, desc=AGV异常, id=606d749d2a59e8f324c53763
[WARNING]2021-04-07 17:00:13,267: AGV02 clear task,taskId= charge_1 map= comba-ZSC-F1-F3 paths= AP142,LM120,LM116,LM115,LM139,LM136,LM137,CP144 task_status= 5
[WARNING]2021-04-07 17:00:14,389: AGV02 clear task finish, cur= comba-ZSC-F1-F3.LM137 task_status= 5
[WARNING]2021-04-07 17:00:16,484: AGV02 low battery charge,batteryLevel= 0.487 start charge level= 0.500
[WARNING]2021-04-07 17:00:16,545: AGV02 battery 0.487 check failed: no_idle_0
[ERROR]2021-04-07 17:00:18,305: connect AGV01 failed timed out
[INFO]2021-04-07 17:00:18,415: AGV01 checkLink failed 172.16.217.121 19204
[WARNING]2021-04-07 17:00:18,524: agvThread.AGV01[tid:16080] <lock name:agv.AGV01.lock_status,<locked _thread.RLock object owner=16080 count=1 at 0x0000016B2C73CD00>> ,hold 10500 ms
[INFO]2021-04-07 17:00:18,728: name=agvThread.AGV01, pid=2272, tid=16080
[01] File "C:/Python37/lib/threading.py", line 865, in run() 
[02] File "C:/Users/Administrator/Desktop/SVN/branches/agvCtrl/agvList.py", line 570, in run() 
[03] File "../driver/seerAgv/agvCtrl.py", line 38, in checkLink() 
[04] File "../driver/seerAgv/agvApi.py", line 188, in checkLink() 
[05] File "C:/Users/Administrator/Desktop/SVN/branches/common/lock.py", line 100, in release() 
[06] File "C:/Users/Administrator/Desktop/SVN/branches/common/enhance.py", line 258, in getTrace() 
[07] File "C:/Users/Administrator/Desktop/SVN/branches/common/enhance.py", line 240, in getThreadStack()
[WARNING]2021-04-07 17:00:19,676: agvThread.AGV02[tid:15448] <lock name:agv.AGV02.lock_status,<locked _thread.RLock object owner=15448 count=1 at 0x0000016B2C73C7B0>> ,hold 4835 ms
[INFO]2021-04-07 17:00:19,911: name=agvThread.AGV02, pid=2272, tid=15448
[01] File "C:/Python37/lib/threading.py", line 865, in run() 
[02] File "C:/Users/Administrator/Desktop/SVN/branches/agvCtrl/agvList.py", line 578, in run() 
[03] File "C:/Users/Administrator/Desktop/SVN/branches/agvCtrl/agvList.py", line 863, in readStatus1() 
[04] File "C:/Users/Administrator/Desktop/SVN/branches/agvCtrl/agvList.py", line 843, in _readStatus1() 
[05] File "../driver/seerAgv/agvCtrl.py", line 756, in readStatus1() 
[06] File "../driver/seerAgv/agvApi.py", line 199, in status() 
[07] File "../driver/seerAgv/agvApi.py", line 258, in _handle() 
[08] File "C:/Users/Administrator/Desktop/SVN/branches/common/lock.py", line 100, in release() 
[09] File "C:/Users/Administrator/Desktop/SVN/branches/common/enhance.py", line 258, in getTrace() 
[10] File "C:/Users/Administrator/Desktop/SVN/branches/common/enhance.py", line 240, in getThreadStack()
[WARNING]2021-04-07 17:00:20,642: AGV02 clear task finish, cur= comba-ZSC-F1-F3.LM137 task_status= 5
[CRITICAL]2021-04-07 17:00:20,757: agv thread cause a error: AGV02执行move CP144失败,taskId:charge_1
pid=2272, ppid=5380, tid=12232

[DEBUG]2021-04-07 17:00:20,816: try connect AGV01 172.16.217.121:19204
[ERROR]2021-04-07 17:00:20,846: AGV02 failed to arrived comba-ZSC-F1-F3.CP144 ,task: charge_1 error AGV02执行move CP144失败,taskId:charge_1
[WARNING]2021-04-07 17:00:27,062: AGV02 low battery charge,batteryLevel= 0.487 start charge level= 0.500
[WARNING]2021-04-07 17:00:27,140: AGV02 battery 0.487 check failed: no_idle_5.566
[ERROR]2021-04-07 17:00:31,009: connect AGV01 failed timed out
[INFO]2021-04-07 17:00:31,072: AGV01 checkLink failed 172.16.217.121 19204
[WARNING]2021-04-07 17:00:31,151: agvThread.AGV01[tid:16080] <lock name:agv.AGV01.lock_status,<locked _thread.RLock object owner=16080 count=1 at 0x0000016B2C73CD00>> ,hold 10335 ms
[INFO]2021-04-07 17:00:31,339: name=agvThread.AGV01, pid=2272, tid=16080
[01] File "C:/Python37/lib/threading.py", line 865, in run() 
[02] File "C:/Users/Administrator/Desktop/SVN/branches/agvCtrl/agvList.py", line 570, in run() 
[03] File "../driver/seerAgv/agvCtrl.py", line 38, in checkLink() 
[04] File "../driver/seerAgv/agvApi.py", line 188, in checkLink() 
[05] File "C:/Users/Administrator/Desktop/SVN/branches/common/lock.py", line 100, in release() 
[06] File "C:/Users/Administrator/Desktop/SVN/branches/common/enhance.py", line 258, in getTrace() 
[07] File "C:/Users/Administrator/Desktop/SVN/branches/common/enhance.py", line 240, in getThreadStack()
[DEBUG]2021-04-07 17:00:33,451: try connect AGV01 172.16.217.121:19204
[WARNING]2021-04-07 17:00:37,661: AGV02 low battery charge,batteryLevel= 0.487 start charge level= 0.500
[INFO]2021-04-07 17:00:37,768: AGV02 battery 0.487 check success
[INFO]2021-04-07 17:00:37,833: -------------------------根据move函数会根据main_agv.py来到agvControl函数中的move中----------555---------
[INFO]2021-04-07 17:00:37,925: ---------------------move函数中的_func()函数中-------------------------666--------------------
[INFO]2021-04-07 17:00:38,577: Begin: AGV02 move from comba-ZSC-F1-F3.LM137 to comba-ZSC-F1-F3.CP144 by paths: [('comba-ZSC-F1-F3', ['LM137', 'CP144'], 1.9639999999999986)] task: charge_2 timeout 5400 used 652 ms
[INFO]2021-04-07 17:00:38,613: AGV02 start go charge,batteryLevel= 0.487 ,charge point= CP144
[DEBUG]2021-04-07 17:00:39,908: agvInfo: AGV02 comba-ZSC-F1-F3.LM137 move to comba-ZSC-F1-F3.CP144 ,taskId charge_2
[INFO]2021-04-07 17:00:39,961: goTarget {'id': 'CP144'}
[WARNING]2021-04-07 17:00:41,323: AGV02 clear task,taskId= charge_2 map= comba-ZSC-F1-F3 paths= LM137,CP144 task_status= 5
[WARNING]2021-04-07 17:00:42,371: AGV02 clear task finish, cur= comba-ZSC-F1-F3.LM137 task_status= 5
[WARNING]2021-04-07 17:00:43,514: AGV02 clear task finish, cur= comba-ZSC-F1-F3.LM137 task_status= 5
[ERROR]2021-04-07 17:00:43,577: connect AGV01 failed timed out
[CRITICAL]2021-04-07 17:00:43,628: agv thread cause a error: AGV02执行move CP144失败,taskId:charge_2
pid=2272, ppid=5380, tid=12232

[INFO]2021-04-07 17:00:43,715: AGV01 checkLink failed 172.16.217.121 19204
[ERROR]2021-04-07 17:00:43,779: AGV02 failed to arrived comba-ZSC-F1-F3.CP144 ,task: charge_2 error AGV02执行move CP144失败,taskId:charge_2
[WARNING]2021-04-07 17:00:43,906: agvThread.AGV01[tid:16080] <lock name:agv.AGV01.lock_status,<locked _thread.RLock object owner=16080 count=1 at 0x0000016B2C73CD00>> ,hold 10455 ms
[INFO]2021-04-07 17:00:44,183: name=agvThread.AGV01, pid=2272, tid=16080
[01] File "C:/Python37/lib/threading.py", line 865, in run() 
[02] File "C:/Users/Administrator/Desktop/SVN/branches/agvCtrl/agvList.py", line 570, in run() 
[03] File "../driver/seerAgv/agvCtrl.py", line 38, in checkLink() 
[04] File "../driver/seerAgv/agvApi.py", line 188, in checkLink() 
[05] File "C:/Users/Administrator/Desktop/SVN/branches/common/lock.py", line 100, in release() 
[06] File "C:/Users/Administrator/Desktop/SVN/branches/common/enhance.py", line 258, in getTrace() 
[07] File "C:/Users/Administrator/Desktop/SVN/branches/common/enhance.py", line 240, in getThreadStack()
[DEBUG]2021-04-07 17:00:46,271: try connect AGV01 172.16.217.121:19204
[WARNING]2021-04-07 17:00:48,089: AGV02 low battery charge,batteryLevel= 0.487 start charge level= 0.500
[WARNING]2021-04-07 17:00:48,139: AGV02 battery 0.487 check failed: no_idle_3.619
[ERROR]2021-04-07 17:00:56,364: connect AGV01 failed timed out
[INFO]2021-04-07 17:00:56,441: AGV01 checkLink failed 172.16.217.121 19204
[WARNING]2021-04-07 17:00:56,564: agvThread.AGV01[tid:16080] <lock name:agv.AGV01.lock_status,<locked _thread.RLock object owner=16080 count=1 at 0x0000016B2C73CD00>> ,hold 10293 ms
[INFO]2021-04-07 17:00:56,703: name=agvThread.AGV01, pid=2272, tid=16080
[01] File "C:/Python37/lib/threading.py", line 865, in run() 
[02] File "C:/Users/Administrator/Desktop/SVN/branches/agvCtrl/agvList.py", line 570, in run() 
[03] File "../driver/seerAgv/agvCtrl.py", line 38, in checkLink() 
[04] File "../driver/seerAgv/agvApi.py", line 188, in checkLink() 
[05] File "C:/Users/Administrator/Desktop/SVN/branches/common/lock.py", line 100, in release() 
[06] File "C:/Users/Administrator/Desktop/SVN/branches/common/enhance.py", line 258, in getTrace() 
[07] File "C:/Users/Administrator/Desktop/SVN/branches/common/enhance.py", line 240, in getThreadStack()
[WARNING]2021-04-07 17:00:58,648: AGV02 low battery charge,batteryLevel= 0.487 start charge level= 0.500
[INFO]2021-04-07 17:00:58,709: AGV02 battery 0.487 check success
[DEBUG]2021-04-07 17:00:58,787: try connect AGV01 172.16.217.121:19204
[INFO]2021-04-07 17:00:58,789: -------------------------根据move函数会根据main_agv.py来到agvControl函数中的move中----------555---------
[INFO]2021-04-07 17:00:58,973: ---------------------move函数中的_func()函数中-------------------------666--------------------
[INFO]2021-04-07 17:00:59,550: Begin: AGV02 move from comba-ZSC-F1-F3.LM137 to comba-ZSC-F1-F3.CP144 by paths: [('comba-ZSC-F1-F3', ['LM137', 'CP144'], 1.9639999999999986)] task: charge_3 timeout 5400 used 577 ms
[INFO]2021-04-07 17:00:59,644: AGV02 start go charge,batteryLevel= 0.487 ,charge point= CP144
[DEBUG]2021-04-07 17:01:01,235: agvInfo: AGV02 comba-ZSC-F1-F3.LM137 move to comba-ZSC-F1-F3.CP144 ,taskId charge_3
[INFO]2021-04-07 17:01:01,341: goTarget {'id': 'CP144'}
[WARNING]2021-04-07 17:01:02,754: AGV02 waitFinish: loc is diff LM137 CP144 task_status= 2
[WARNING]2021-04-07 17:01:03,383: AGV02 clear task,taskId= charge_3 map= comba-ZSC-F1-F3 paths= LM137,CP144 task_status= 5
[WARNING]2021-04-07 17:01:04,461: AGV02 clear task finish, cur= comba-ZSC-F1-F3.LM137 task_status= 5
[WARNING]2021-04-07 17:01:05,562: AGV02 clear task finish, cur= comba-ZSC-F1-F3.LM137 task_status= 5
[CRITICAL]2021-04-07 17:01:05,662: agv thread cause a error: AGV02执行move CP144失败,taskId:charge_3
pid=2272, ppid=5380, tid=12232

[ERROR]2021-04-07 17:01:05,779: AGV02 failed to arrived comba-ZSC-F1-F3.CP144 ,task: charge_3 error AGV02执行move CP144失败,taskId:charge_3
[ERROR]2021-04-07 17:01:08,942: connect AGV01 failed timed out
[INFO]2021-04-07 17:01:09,020: AGV01 checkLink failed 172.16.217.121 19204
[WARNING]2021-04-07 17:01:09,115: agvThread.AGV01[tid:16080] <lock name:agv.AGV01.lock_status,<locked _thread.RLock object owner=16080 count=1 at 0x0000016B2C73CD00>> ,hold 10328 ms
[WARNING]2021-04-07 17:01:09,204: AGV02 low battery charge,batteryLevel= 0.487 start charge level= 0.500
[WARNING]2021-04-07 17:01:09,266: AGV02 battery 0.487 check failed: no_idle_2.785
[INFO]2021-04-07 17:01:09,313: name=agvThread.AGV01, pid=2272, tid=16080
[01] File "C:/Python37/lib/threading.py", line 865, in run() 
[02] File "C:/Users/Administrator/Desktop/SVN/branches/agvCtrl/agvList.py", line 570, in run() 
[03] File "../driver/seerAgv/agvCtrl.py", line 38, in checkLink() 
[04] File "../driver/seerAgv/agvApi.py", line 188, in checkLink() 
[05] File "C:/Users/Administrator/Desktop/SVN/branches/common/lock.py", line 100, in release() 
[06] File "C:/Users/Administrator/Desktop/SVN/branches/common/enhance.py", line 258, in getTrace() 
[07] File "C:/Users/Administrator/Desktop/SVN/branches/common/enhance.py", line 240, in getThreadStack()
[DEBUG]2021-04-07 17:01:11,484: try connect AGV01 172.16.217.121:19204
[WARNING]2021-04-07 17:01:19,703: AGV02 low battery charge,batteryLevel= 0.487 start charge level= 0.500
[INFO]2021-04-07 17:01:19,754: AGV02 battery 0.487 check success
[INFO]2021-04-07 17:01:19,817: -------------------------根据move函数会根据main_agv.py来到agvControl函数中的move中----------555---------
[INFO]2021-04-07 17:01:19,876: ---------------------move函数中的_func()函数中-------------------------666--------------------
[INFO]2021-04-07 17:01:20,330: Begin: AGV02 move from comba-ZSC-F1-F3.LM137 to comba-ZSC-F1-F3.CP144 by paths: [('comba-ZSC-F1-F3', ['LM137', 'CP144'], 1.9639999999999986)] task: charge_4 timeout 5400 used 454 ms
[INFO]2021-04-07 17:01:20,452: AGV02 start go charge,batteryLevel= 0.487 ,charge point= CP144
[ERROR]2021-04-07 17:01:21,641: connect AGV01 failed timed out
[DEBUG]2021-04-07 17:01:21,678: agvInfo: AGV02 comba-ZSC-F1-F3.LM137 move to comba-ZSC-F1-F3.CP144 ,taskId charge_4
[INFO]2021-04-07 17:01:21,690: AGV01 checkLink failed 172.16.217.121 19204
[INFO]2021-04-07 17:01:21,815: goTarget {'id': 'CP144'}
[WARNING]2021-04-07 17:01:21,851: agvThread.AGV01[tid:16080] <lock name:agv.AGV01.lock_status,<locked _thread.RLock object owner=16080 count=1 at 0x0000016B2C73CD00>> ,hold 10367 ms
[INFO]2021-04-07 17:01:22,035: name=agvThread.AGV01, pid=2272, tid=16080
[01] File "C:/Python37/lib/threading.py", line 865, in run() 
[02] File "C:/Users/Administrator/Desktop/SVN/branches/agvCtrl/agvList.py", line 570, in run() 
[03] File "../driver/seerAgv/agvCtrl.py", line 38, in checkLink() 
[04] File "../driver/seerAgv/agvApi.py", line 188, in checkLink() 
[05] File "C:/Users/Administrator/Desktop/SVN/branches/common/lock.py", line 100, in release() 
[06] File "C:/Users/Administrator/Desktop/SVN/branches/common/enhance.py", line 258, in getTrace() 
[07] File "C:/Users/Administrator/Desktop/SVN/branches/common/enhance.py", line 240, in getThreadStack()
[WARNING]2021-04-07 17:01:22,991: clear alarm obj=AGV02, typeId=52203, id=606d749d2a59e8f324c53763
[WARNING]2021-04-07 17:01:23,368: AGV02 waitFinish: loc is diff LM137 CP144 task_status= 2
[ERROR]2021-04-07 17:01:23,739: raise alarm obj=AGV02, typeId=52203, desc=AGV异常, id=606d74e32a59e8f324c537b6
[WARNING]2021-04-07 17:01:23,942: AGV02 clear task,taskId= charge_4 map= comba-ZSC-F1-F3 paths= LM137,CP144 task_status= 5
[DEBUG]2021-04-07 17:01:24,175: try connect AGV01 172.16.217.121:19204
[WARNING]2021-04-07 17:01:25,072: AGV02 clear task finish, cur= comba-ZSC-F1-F3.LM137 task_status= 5
[WARNING]2021-04-07 17:01:26,178: AGV02 clear task finish, cur= comba-ZSC-F1-F3.LM137 task_status= 5
[CRITICAL]2021-04-07 17:01:26,283: agv thread cause a error: AGV02执行move CP144失败,taskId:charge_4
pid=2272, ppid=5380, tid=12232

[ERROR]2021-04-07 17:01:26,349: AGV02 failed to arrived comba-ZSC-F1-F3.CP144 ,task: charge_4 error AGV02执行move CP144失败,taskId:charge_4
[WARNING]2021-04-07 17:01:29,892: AGV02 low battery charge,batteryLevel= 0.487 start charge level= 0.500
[WARNING]2021-04-07 17:01:30,004: AGV02 battery 0.487 check failed: no_idle_3.1
[ERROR]2021-04-07 17:01:34,387: connect AGV01 failed timed out
[INFO]2021-04-07 17:01:34,450: AGV01 checkLink failed 172.16.217.121 19204
[WARNING]2021-04-07 17:01:34,512: agvThread.AGV01[tid:16080] <lock name:agv.AGV01.lock_status,<locked _thread.RLock object owner=16080 count=1 at 0x0000016B2C73CD00>> ,hold 10337 ms
[INFO]2021-04-07 17:01:34,638: name=agvThread.AGV01, pid=2272, tid=16080
[01] File "C:/Python37/lib/threading.py", line 865, in run() 
[02] File "C:/Users/Administrator/Desktop/SVN/branches/agvCtrl/agvList.py", line 570, in run() 
[03] File "../driver/seerAgv/agvCtrl.py", line 38, in checkLink() 
[04] File "../driver/seerAgv/agvApi.py", line 188, in checkLink() 
[05] File "C:/Users/Administrator/Desktop/SVN/branches/common/lock.py", line 100, in release() 
[06] File "C:/Users/Administrator/Desktop/SVN/branches/common/enhance.py", line 258, in getTrace() 
[07] File "C:/Users/Administrator/Desktop/SVN/branches/common/enhance.py", line 240, in getThreadStack()
[DEBUG]2021-04-07 17:01:36,748: try connect AGV01 172.16.217.121:19204
[WARNING]2021-04-07 17:01:40,388: AGV02 low battery charge,batteryLevel= 0.486 start charge level= 0.500
[INFO]2021-04-07 17:01:40,452: AGV02 battery 0.486 check success
[INFO]2021-04-07 17:01:40,548: -------------------------根据move函数会根据main_agv.py来到agvControl函数中的move中----------555---------
[INFO]2021-04-07 17:01:40,607: ---------------------move函数中的_func()函数中-------------------------666--------------------
[INFO]2021-04-07 17:01:41,241: Begin: AGV02 move from comba-ZSC-F1-F3.LM137 to comba-ZSC-F1-F3.CP144 by paths: [('comba-ZSC-F1-F3', ['LM137', 'CP144'], 1.9639999999999986)] task: charge_5 timeout 5400 used 634 ms
[INFO]2021-04-07 17:01:41,286: AGV02 start go charge,batteryLevel= 0.486 ,charge point= CP144
[DEBUG]2021-04-07 17:01:42,669: agvInfo: AGV02 comba-ZSC-F1-F3.LM137 move to comba-ZSC-F1-F3.CP144 ,taskId charge_5
[INFO]2021-04-07 17:01:42,700: goTarget {'id': 'CP144'}
[WARNING]2021-04-07 17:01:43,683: clear alarm obj=AGV02, typeId=52203, id=606d74e32a59e8f324c537b6
[WARNING]2021-04-07 17:01:44,126: AGV02 waitFinish: loc is diff LM137 CP144 task_status= 2
[ERROR]2021-04-07 17:01:44,302: raise alarm obj=AGV02, typeId=52203, desc=AGV异常, id=606d74f82a59e8f324c537d6
[WARNING]2021-04-07 17:01:44,777: AGV02 clear task,taskId= charge_5 map= comba-ZSC-F1-F3 paths= LM137,CP144 task_status= 5
[WARNING]2021-04-07 17:01:45,882: AGV02 clear task finish, cur= comba-ZSC-F1-F3.LM137 task_status= 5
[ERROR]2021-04-07 17:01:46,900: connect AGV01 failed timed out
[INFO]2021-04-07 17:01:46,964: AGV01 checkLink failed 172.16.217.121 19204
[WARNING]2021-04-07 17:01:46,995: agvThread.AGV01[tid:16080] <lock name:agv.AGV01.lock_status,<locked _thread.RLock object owner=16080 count=1 at 0x0000016B2C73CD00>> ,hold 10247 ms
[WARNING]2021-04-07 17:01:47,011: AGV02 clear task finish, cur= comba-ZSC-F1-F3.LM137 task_status= 5
[CRITICAL]2021-04-07 17:01:47,160: agv thread cause a error: AGV02执行move CP144失败,taskId:charge_5
pid=2272, ppid=5380, tid=12232

[INFO]2021-04-07 17:01:47,186: name=agvThread.AGV01, pid=2272, tid=16080
[01] File "C:/Python37/lib/threading.py", line 865, in run() 
[02] File "C:/Users/Administrator/Desktop/SVN/branches/agvCtrl/agvList.py", line 570, in run() 
[03] File "../driver/seerAgv/agvCtrl.py", line 38, in checkLink() 
[04] File "../driver/seerAgv/agvApi.py", line 188, in checkLink() 
[05] File "C:/Users/Administrator/Desktop/SVN/branches/common/lock.py", line 100, in release() 
[06] File "C:/Users/Administrator/Desktop/SVN/branches/common/enhance.py", line 258, in getTrace() 
[07] File "C:/Users/Administrator/Desktop/SVN/branches/common/enhance.py", line 240, in getThreadStack()
[ERROR]2021-04-07 17:01:47,246: AGV02 failed to arrived comba-ZSC-F1-F3.CP144 ,task: charge_5 error AGV02执行move CP144失败,taskId:charge_5
[DEBUG]2021-04-07 17:01:49,367: try connect AGV01 172.16.217.121:19204
[WARNING]2021-04-07 17:01:50,639: AGV02 low battery charge,batteryLevel= 0.486 start charge level= 0.500
[WARNING]2021-04-07 17:01:50,673: AGV02 battery 0.486 check failed: no_idle_2.733
[ERROR]2021-04-07 17:01:52,877: raise alarm obj=AGV01, typeId=49999, desc=AGV离线异常, id=606d75002a59e8f324c537e1
[ERROR]2021-04-07 17:01:59,471: connect AGV01 failed timed out
[INFO]2021-04-07 17:01:59,518: AGV01 checkLink failed 172.16.217.121 19204
[WARNING]2021-04-07 17:01:59,581: agvThread.AGV01[tid:16080] <lock name:agv.AGV01.lock_status,<locked _thread.RLock object owner=16080 count=1 at 0x0000016B2C73CD00>> ,hold 10214 ms
[INFO]2021-04-07 17:01:59,738: name=agvThread.AGV01, pid=2272, tid=16080
[01] File "C:/Python37/lib/threading.py", line 865, in run() 
[02] File "C:/Users/Administrator/Desktop/SVN/branches/agvCtrl/agvList.py", line 570, in run() 
[03] File "../driver/seerAgv/agvCtrl.py", line 38, in checkLink() 
[04] File "../driver/seerAgv/agvApi.py", line 188, in checkLink() 
[05] File "C:/Users/Administrator/Desktop/SVN/branches/common/lock.py", line 100, in release() 
[06] File "C:/Users/Administrator/Desktop/SVN/branches/common/enhance.py", line 258, in getTrace() 
[07] File "C:/Users/Administrator/Desktop/SVN/branches/common/enhance.py", line 240, in getThreadStack()
[WARNING]2021-04-07 17:02:01,272: AGV02 low battery charge,batteryLevel= 0.486 start charge level= 0.500
[INFO]2021-04-07 17:02:01,332: AGV02 battery 0.486 check success
[INFO]2021-04-07 17:02:01,396: -------------------------根据move函数会根据main_agv.py来到agvControl函数中的move中----------555---------
[INFO]2021-04-07 17:02:01,455: ---------------------move函数中的_func()函数中-------------------------666--------------------
[INFO]2021-04-07 17:02:01,840: Begin: AGV02 move from comba-ZSC-F1-F3.LM137 to comba-ZSC-F1-F3.CP144 by paths: [('comba-ZSC-F1-F3', ['LM137', 'CP144'], 1.9639999999999986)] task: charge_6 timeout 5400 used 385 ms
[DEBUG]2021-04-07 17:02:01,858: try connect AGV01 172.16.217.121:19204
[INFO]2021-04-07 17:02:01,948: AGV02 start go charge,batteryLevel= 0.486 ,charge point= CP144
[DEBUG]2021-04-07 17:02:03,802: agvInfo: AGV02 comba-ZSC-F1-F3.LM137 move to comba-ZSC-F1-F3.CP144 ,taskId charge_6
[INFO]2021-04-07 17:02:03,856: goTarget {'id': 'CP144'}
[WARNING]2021-04-07 17:02:04,690: clear alarm obj=AGV02, typeId=52203, id=606d74f82a59e8f324c537d6
[WARNING]2021-04-07 17:02:05,272: AGV02 clear task,taskId= charge_6 map= comba-ZSC-F1-F3 paths= LM137,CP144 task_status= 5
[ERROR]2021-04-07 17:02:05,279: raise alarm obj=AGV02, typeId=52203, desc=AGV异常, id=606d750d2a59e8f324c537f8
[WARNING]2021-04-07 17:02:06,338: AGV02 clear task finish, cur= comba-ZSC-F1-F3.LM137 task_status= 5
[WARNING]2021-04-07 17:02:07,441: AGV02 clear task finish, cur= comba-ZSC-F1-F3.LM137 task_status= 5
[CRITICAL]2021-04-07 17:02:07,510: agv thread cause a error: AGV02执行move CP144失败,taskId:charge_6
pid=2272, ppid=5380, tid=12232

[ERROR]2021-04-07 17:02:07,567: AGV02 failed to arrived comba-ZSC-F1-F3.CP144 ,task: charge_6 error AGV02执行move CP144失败,taskId:charge_6
[WARNING]2021-04-07 17:02:11,337: AGV02 low battery charge,batteryLevel= 0.486 start charge level= 0.500
[WARNING]2021-04-07 17:02:11,399: AGV02 battery 0.486 check failed: no_idle_3.228
[ERROR]2021-04-07 17:02:12,036: connect AGV01 failed timed out
[INFO]2021-04-07 17:02:12,100: AGV01 checkLink failed 172.16.217.121 19204
[WARNING]2021-04-07 17:02:12,115: agvThread.AGV01[tid:16080] <lock name:agv.AGV01.lock_status,<locked _thread.RLock object owner=16080 count=1 at 0x0000016B2C73CD00>> ,hold 10257 ms
[INFO]2021-04-07 17:02:12,301: name=agvThread.AGV01, pid=2272, tid=16080
[01] File "C:/Python37/lib/threading.py", line 865, in run() 
[02] File "C:/Users/Administrator/Desktop/SVN/branches/agvCtrl/agvList.py", line 570, in run() 
[03] File "../driver/seerAgv/agvCtrl.py", line 38, in checkLink() 
[04] File "../driver/seerAgv/agvApi.py", line 188, in checkLink() 
[05] File "C:/Users/Administrator/Desktop/SVN/branches/common/lock.py", line 100, in release() 
[06] File "C:/Users/Administrator/Desktop/SVN/branches/common/enhance.py", line 258, in getTrace() 
[07] File "C:/Users/Administrator/Desktop/SVN/branches/common/enhance.py", line 240, in getThreadStack()
[DEBUG]2021-04-07 17:02:14,393: try connect AGV01 172.16.217.121:19204
[WARNING]2021-04-07 17:02:21,789: AGV02 low battery charge,batteryLevel= 0.486 start charge level= 0.500
[INFO]2021-04-07 17:02:21,899: AGV02 battery 0.486 check success
[INFO]2021-04-07 17:02:21,969: -------------------------根据move函数会根据main_agv.py来到agvControl函数中的move中----------555---------
[INFO]2021-04-07 17:02:22,020: ---------------------move函数中的_func()函数中-------------------------666--------------------
[INFO]2021-04-07 17:02:22,700: Begin: AGV02 move from comba-ZSC-F1-F3.LM137 to comba-ZSC-F1-F3.CP144 by paths: [('comba-ZSC-F1-F3', ['LM137', 'CP144'], 1.9639999999999986)] task: charge_7 timeout 5400 used 680 ms
[INFO]2021-04-07 17:02:22,761: AGV02 start go charge,batteryLevel= 0.486 ,charge point= CP144
[DEBUG]2021-04-07 17:02:23,877: agvInfo: AGV02 comba-ZSC-F1-F3.LM137 move to comba-ZSC-F1-F3.CP144 ,taskId charge_7
[INFO]2021-04-07 17:02:24,013: goTarget {'id': 'CP144'}
[ERROR]2021-04-07 17:02:24,503: connect AGV01 failed timed out
[INFO]2021-04-07 17:02:24,640: AGV01 checkLink failed 172.16.217.121 19204
[WARNING]2021-04-07 17:02:24,766: agvThread.AGV01[tid:16080] <lock name:agv.AGV01.lock_status,<locked _thread.RLock object owner=16080 count=1 at 0x0000016B2C73CD00>> ,hold 10373 ms
[INFO]2021-04-07 17:02:24,951: name=agvThread.AGV01, pid=2272, tid=16080
[01] File "C:/Python37/lib/threading.py", line 865, in run() 
[02] File "C:/Users/Administrator/Desktop/SVN/branches/agvCtrl/agvList.py", line 570, in run() 
[03] File "../driver/seerAgv/agvCtrl.py", line 38, in checkLink() 
[04] File "../driver/seerAgv/agvApi.py", line 188, in checkLink() 
[05] File "C:/Users/Administrator/Desktop/SVN/branches/common/lock.py", line 100, in release() 
[06] File "C:/Users/Administrator/Desktop/SVN/branches/common/enhance.py", line 258, in getTrace() 
[07] File "C:/Users/Administrator/Desktop/SVN/branches/common/enhance.py", line 240, in getThreadStack()
[WARNING]2021-04-07 17:02:25,639: AGV02 waitFinish: loc is diff LM137 CP144 task_status= 2
[WARNING]2021-04-07 17:02:26,242: AGV02 clear task,taskId= charge_7 map= comba-ZSC-F1-F3 paths= LM137,CP144 task_status= 5
[DEBUG]2021-04-07 17:02:27,110: try connect AGV01 172.16.217.121:19204
[WARNING]2021-04-07 17:02:27,280: AGV02 clear task finish, cur= comba-ZSC-F1-F3.LM137 task_status= 5
[WARNING]2021-04-07 17:02:28,372: AGV02 clear task finish, cur= comba-ZSC-F1-F3.LM137 task_status= 5
[CRITICAL]2021-04-07 17:02:28,425: agv thread cause a error: AGV02执行move CP144失败,taskId:charge_7
pid=2272, ppid=5380, tid=12232

[ERROR]2021-04-07 17:02:28,497: AGV02 failed to arrived comba-ZSC-F1-F3.CP144 ,task: charge_7 error AGV02执行move CP144失败,taskId:charge_7
[WARNING]2021-04-07 17:02:32,208: AGV02 low battery charge,batteryLevel= 0.486 start charge level= 0.500
[WARNING]2021-04-07 17:02:32,317: AGV02 battery 0.486 check failed: no_idle_3.204
[ERROR]2021-04-07 17:02:37,245: connect AGV01 failed timed out
[INFO]2021-04-07 17:02:37,322: AGV01 checkLink failed 172.16.217.121 19204
[WARNING]2021-04-07 17:02:37,398: agvThread.AGV01[tid:16080] <lock name:agv.AGV01.lock_status,<locked _thread.RLock object owner=16080 count=1 at 0x0000016B2C73CD00>> ,hold 10288 ms
[INFO]2021-04-07 17:02:37,581: name=agvThread.AGV01, pid=2272, tid=16080
[01] File "C:/Python37/lib/threading.py", line 865, in run() 
[02] File "C:/Users/Administrator/Desktop/SVN/branches/agvCtrl/agvList.py", line 570, in run() 
[03] File "../driver/seerAgv/agvCtrl.py", line 38, in checkLink() 
[04] File "../driver/seerAgv/agvApi.py", line 188, in checkLink() 
[05] File "C:/Users/Administrator/Desktop/SVN/branches/common/lock.py", line 100, in release() 
[06] File "C:/Users/Administrator/Desktop/SVN/branches/common/enhance.py", line 258, in getTrace() 
[07] File "C:/Users/Administrator/Desktop/SVN/branches/common/enhance.py", line 240, in getThreadStack()
[DEBUG]2021-04-07 17:02:39,722: try connect AGV01 172.16.217.121:19204
[WARNING]2021-04-07 17:02:42,643: AGV02 low battery charge,batteryLevel= 0.486 start charge level= 0.500
[INFO]2021-04-07 17:02:42,706: AGV02 battery 0.486 check success
[INFO]2021-04-07 17:02:42,771: -------------------------根据move函数会根据main_agv.py来到agvControl函数中的move中----------555---------
[INFO]2021-04-07 17:02:42,831: ---------------------move函数中的_func()函数中-------------------------666--------------------
[INFO]2021-04-07 17:02:43,200: Begin: AGV02 move from comba-ZSC-F1-F3.LM137 to comba-ZSC-F1-F3.CP144 by paths: [('comba-ZSC-F1-F3', ['LM137', 'CP144'], 1.9639999999999986)] task: charge_8 timeout 5400 used 369 ms
[INFO]2021-04-07 17:02:43,203: AGV02 start go charge,batteryLevel= 0.486 ,charge point= CP144
[WARNING]2021-04-07 17:02:44,204: runTask:stop save file
[ERROR]2021-04-07 17:02:44,213: process exited, living 0:06:04.434848 seconds
[ERROR]2021-04-07 17:02:49,825: connect AGV01 failed timed out
[INFO]2021-04-07 17:02:49,831: AGV01 checkLink failed 172.16.217.121 19204
[WARNING]2021-04-07 17:02:49,835: agvThread.AGV01[tid:16080] <lock name:agv.AGV01.lock_status,<locked _thread.RLock object owner=16080 count=1 at 0x0000016B2C73CD00>> ,hold 10112 ms
[INFO]2021-04-07 17:02:49,838: name=agvThread.AGV01, pid=2272, tid=16080
[01] File "C:/Python37/lib/threading.py", line 865, in run() 
[02] File "C:/Users/Administrator/Desktop/SVN/branches/agvCtrl/agvList.py", line 570, in run() 
[03] File "../driver/seerAgv/agvCtrl.py", line 38, in checkLink() 
[04] File "../driver/seerAgv/agvApi.py", line 188, in checkLink() 
[05] File "C:/Users/Administrator/Desktop/SVN/branches/common/lock.py", line 100, in release() 
[06] File "C:/Users/Administrator/Desktop/SVN/branches/common/enhance.py", line 258, in getTrace() 
[07] File "C:/Users/Administrator/Desktop/SVN/branches/common/enhance.py", line 240, in getThreadStack()
