[INFO]2021-04-07 16:34:45,323: log files at C:\Users\Administrator\Desktop\SVN\branches\common\log
[INFO]2021-04-07 16:34:45,326: find module account.main_account
[INFO]2021-04-07 16:34:45,328: find module agvCtrl.main_agv
[INFO]2021-04-07 16:34:45,330: find module agvDevice.main_agvDevice
[INFO]2021-04-07 16:34:45,332: find module alarm.main_alarm
[INFO]2021-04-07 16:34:45,334: find module auth.main_auth
[INFO]2021-04-07 16:34:45,339: find module door.main_door
[INFO]2021-04-07 16:34:45,341: find module elevator.main_elevator
[INFO]2021-04-07 16:34:45,343: find module feed.main_feed
[INFO]2021-04-07 16:34:45,345: find module menu.main_menu
[INFO]2021-04-07 16:34:45,347: find module pharmapackCtrl.main_scadaCtrl
[INFO]2021-04-07 16:34:45,349: find module webFront.main_web
[INFO]2021-04-07 16:34:45,350: find module wmqtt.main_wmqtt
[INFO]2021-04-07 16:34:45,354: import account.main_account
[INFO]2021-04-07 16:34:45,642: import agvCtrl.main_agv
[INFO]2021-04-07 16:34:46,606: create lock <lock name:doorMgr.lock,<unlocked _thread.RLock object owner=0 count=0 at 0x00000270EECD28F0>>
[INFO]2021-04-07 16:34:46,611: create lock <lock name:door.lock,<unlocked _thread.RLock object owner=0 count=0 at 0x00000270EECD2AA8>>
[INFO]2021-04-07 16:34:46,889: create lock <lock name:timer.lock_2684069821856,<unlocked _thread.RLock object owner=0 count=0 at 0x00000270EF031508>>
[ERROR]2021-04-07 16:34:46,915: mqtt is disabled
[INFO]2021-04-07 16:34:46,916: mqtt: subscribe [alarm/raise/+]
[INFO]2021-04-07 16:34:46,918: mqtt: subscribe [alarm/clear/+]
[INFO]2021-04-07 16:34:49,993: Mongodb connect to 127.0.0.1 port 27017
[INFO]2021-04-07 16:34:50,085: create lock <lock name:elevatorApi.tcp_lock,<unlocked _thread.RLock object owner=0 count=0 at 0x00000270EF431210>>
[INFO]2021-04-07 16:34:50,092: create lock <lock name:elevatorApi.g_lock,<unlocked _thread.RLock object owner=0 count=0 at 0x00000270ED312E18>>
[INFO]2021-04-07 16:34:50,096: create lock <lock name:elevatorMgr.lock,<unlocked _thread.RLock object owner=0 count=0 at 0x00000270ED3128A0>>
[CRITICAL]2021-04-07 16:34:50,343: import main_agv failed, path: agvCtrl cause a error: Expecting property name enclosed in double quotes: line 43 column 5 (char 1096)
pid=5792, ppid=11828, tid=7000
Traceback (most recent call last):
  File "run_all.py", line 39, in findModule
    __import__(m[1])
  File "C:\Users\Administrator\Desktop\SVN\branches\agvCtrl\main_agv.py", line 10, in <module>
    import mapMgr
  File "C:\Users\Administrator\Desktop\SVN\branches\agvCtrl\mapMgr.py", line 25, in <module>
    import driver.seerAgv.agvCtrl as agvCtrl
  File "..\driver\seerAgv\agvCtrl.py", line 33, in <module>
    g_agvType = _loadAgvType()
  File "..\driver\seerAgv\agvCtrl.py", line 28, in _loadAgvType
    aa = json.load(f)
  File "C:\Python37\lib\json\__init__.py", line 296, in load
    parse_constant=parse_constant, object_pairs_hook=object_pairs_hook, **kw)
  File "C:\Python37\lib\json\__init__.py", line 348, in loads
    return _default_decoder.decode(s)
  File "C:\Python37\lib\json\decoder.py", line 337, in decode
    obj, end = self.raw_decode(s, idx=_w(s, 0).end())
  File "C:\Python37\lib\json\decoder.py", line 353, in raw_decode
    obj, end = self.scan_once(s, idx)
json.decoder.JSONDecodeError: Expecting property name enclosed in double quotes: line 43 column 5 (char 1096)

[CRITICAL]2021-04-07 16:34:50,347: import main_agv failed, path: agvCtrl ,cause Expecting property name enclosed in double quotes: line 43 column 5 (char 1096)
