[INFO]2021-03-17 09:16:03,527: log files at C:\Users\Administrator\Desktop\SVN\branches\common\log
[INFO]2021-03-17 09:16:03,529: find module account.main_account
[INFO]2021-03-17 09:16:03,531: find module agvCtrl.main_agv
[INFO]2021-03-17 09:16:03,533: find module agvDevice.main_agvDevice
[INFO]2021-03-17 09:16:03,535: find module alarm.main_alarm
[INFO]2021-03-17 09:16:03,537: find module auth.main_auth
[INFO]2021-03-17 09:16:03,539: find module door.main_door
[INFO]2021-03-17 09:16:03,544: find module elevator.main_elevator
[INFO]2021-03-17 09:16:03,546: find module menu.main_menu
[INFO]2021-03-17 09:16:03,548: find module pharmapackCtrl.main_scadaCtrl
[INFO]2021-03-17 09:16:03,550: find module webFront.main_web
[INFO]2021-03-17 09:16:03,552: find module wmqtt.main_wmqtt
[INFO]2021-03-17 09:16:03,554: import account.main_account
[INFO]2021-03-17 09:16:03,896: import agvCtrl.main_agv
[INFO]2021-03-17 09:16:04,674: create lock <lock name:doorMgr.lock,<unlocked _thread.RLock object owner=0 count=0 at 0x000001BBECE378C8>>
[INFO]2021-03-17 09:16:04,677: create lock <lock name:door.lock,<unlocked _thread.RLock object owner=0 count=0 at 0x000001BBECE37A80>>
[INFO]2021-03-17 09:16:04,781: create lock <lock name:timer.lock_1906648624152,<unlocked _thread.RLock object owner=0 count=0 at 0x000001BBED18C440>>
[ERROR]2021-03-17 09:16:04,793: mqtt is disabled
[INFO]2021-03-17 09:16:04,793: mqtt: subscribe [alarm/raise/+]
[INFO]2021-03-17 09:16:04,794: mqtt: subscribe [alarm/clear/+]
[INFO]2021-03-17 09:16:07,854: Mongodb connect to 127.0.0.1 port 27017
[INFO]2021-03-17 09:16:07,974: create lock <lock name:elevatorApi.tcp_lock,<unlocked _thread.RLock object owner=0 count=0 at 0x000001BBED58F148>>
[INFO]2021-03-17 09:16:07,977: create lock <lock name:elevatorApi.g_lock,<unlocked _thread.RLock object owner=0 count=0 at 0x000001BBEB492D50>>
[INFO]2021-03-17 09:16:07,983: create lock <lock name:elevatorMgr.lock,<unlocked _thread.RLock object owner=0 count=0 at 0x000001BBEB4927D8>>
[INFO]2021-03-17 09:16:08,294: create lock <lock name:mapMgr.lock,<unlocked _thread.RLock object owner=0 count=0 at 0x000001BBEB8137B0>>
[INFO]2021-03-17 09:16:08,606: create lock <lock name:agvList.g_agvLock,<unlocked _thread.RLock object owner=0 count=0 at 0x000001BBED6C3B70>>
[INFO]2021-03-17 09:16:08,613: create lock <lock name:taskList.lock,<unlocked _thread.RLock object owner=0 count=0 at 0x000001BBED706B48>>
[INFO]2021-03-17 09:16:08,760: charge policy 1 , fix time
[INFO]2021-03-17 09:16:08,826: create lock <lock name:agvApi.g_lock,<unlocked _thread.RLock object owner=0 count=0 at 0x000001BBED706800>>
[INFO]2021-03-17 09:16:09,674: start load map C:\Users\Administrator\Desktop\SVN\branches\agvCtrl\projects\fastprint\20190911_F1.smap
[DEBUG]2021-03-17 09:16:10,053: create aliveObj DOOR40 门控离线异常 timeout 60
[DEBUG]2021-03-17 09:16:10,057: create aliveObj DOOR41 门控离线异常 timeout 60
[DEBUG]2021-03-17 09:16:10,116: elevator thread start
[INFO]2021-03-17 09:16:10,185: load map C:\Users\Administrator\Desktop\SVN\branches\agvCtrl\projects\fastprint\20190911_F1.smap ,used 543 ms
[INFO]2021-03-17 09:16:10,208: start load map C:\Users\Administrator\Desktop\SVN\branches\agvCtrl\projects\fastprint\fp-neiwei.smap
[INFO]2021-03-17 09:16:10,424: load map C:\Users\Administrator\Desktop\SVN\branches\agvCtrl\projects\fastprint\fp-neiwei.smap ,used 236 ms
[INFO]2021-03-17 09:16:10,444: start load map C:\Users\Administrator\Desktop\SVN\branches\agvCtrl\projects\fastprint\fp20190712-1.smap
[DEBUG]2021-03-17 09:16:11,765: create aliveObj DOOR13 门控离线异常 timeout 60
[DEBUG]2021-03-17 09:16:11,767: create aliveObj DOOR23 门控离线异常 timeout 60
[DEBUG]2021-03-17 09:16:11,768: create aliveObj DOOR08 门控离线异常 timeout 60
[DEBUG]2021-03-17 09:16:11,772: create aliveObj DOOR09 门控离线异常 timeout 60
[DEBUG]2021-03-17 09:16:11,773: create aliveObj DOOR15 门控离线异常 timeout 60
[DEBUG]2021-03-17 09:16:11,773: create aliveObj DOOR07 门控离线异常 timeout 60
[DEBUG]2021-03-17 09:16:11,774: create aliveObj DOOR04 门控离线异常 timeout 60
[DEBUG]2021-03-17 09:16:11,775: create aliveObj DOOR06 门控离线异常 timeout 60
[DEBUG]2021-03-17 09:16:11,776: create aliveObj DOOR17 门控离线异常 timeout 60
[DEBUG]2021-03-17 09:16:11,777: create aliveObj DOOR18 门控离线异常 timeout 60
[DEBUG]2021-03-17 09:16:11,778: create aliveObj DOOR20 门控离线异常 timeout 60
[DEBUG]2021-03-17 09:16:11,779: create aliveObj DOOR25 门控离线异常 timeout 60
[DEBUG]2021-03-17 09:16:11,780: create aliveObj DOOR101 门控离线异常 timeout 60
[DEBUG]2021-03-17 09:16:11,781: create aliveObj DOOR27 门控离线异常 timeout 60
[INFO]2021-03-17 09:16:11,851: load map C:\Users\Administrator\Desktop\SVN\branches\agvCtrl\projects\fastprint\fp20190712-1.smap ,used 1424 ms
[WARNING]2021-03-17 09:16:11,854: MainThread[tid:14548] <lock name:mapMgr.lock,<locked _thread.RLock object owner=14548 count=1 at 0x000001BBEB8137B0>> ,hold 3025 ms
[INFO]2021-03-17 09:16:11,857: name=MainThread, pid=8208, tid=14548
[01] File "C:/Users/Administrator/Desktop/SVN/branches/common/run_all.py", line 57, in <module>() 
[02] File "C:/Users/Administrator/Desktop/SVN/branches/common/run_all.py", line 39, in findModule() 
[03] File "<frozen importlib._bootstrap>", line 983, in _find_and_load() 
[04] File "<frozen importlib._bootstrap>", line 967, in _find_and_load_unlocked() 
[05] File "<frozen importlib._bootstrap>", line 677, in _load_unlocked() 
[06] File "<frozen importlib._bootstrap_external>", line 728, in exec_module() 
[07] File "<frozen importlib._bootstrap>", line 219, in _call_with_frames_removed() 
[08] File "C:/Users/Administrator/Desktop/SVN/branches/agvCtrl/main_agv.py", line 22, in <module>() 
[09] File "C:/Users/Administrator/Desktop/SVN/branches/common/lock.py", line 122, in _call() 
[10] File "C:/Users/Administrator/Desktop/SVN/branches/common/lock.py", line 100, in release() 
[11] File "C:/Users/Administrator/Desktop/SVN/branches/common/enhance.py", line 258, in getTrace() 
[12] File "C:/Users/Administrator/Desktop/SVN/branches/common/enhance.py", line 240, in getThreadStack()
[INFO]2021-03-17 09:16:11,862: import agvDevice.main_agvDevice
[INFO]2021-03-17 09:16:11,865: import alarm.main_alarm
[INFO]2021-03-17 09:16:11,866: import auth.main_auth
[INFO]2021-03-17 09:16:11,874: import door.main_door
[INFO]2021-03-17 09:16:11,878: import elevator.main_elevator
[INFO]2021-03-17 09:16:11,879: import menu.main_menu
[INFO]2021-03-17 09:16:11,884: import pharmapackCtrl.main_scadaCtrl
[INFO]2021-03-17 09:16:12,057: create lock <lock name:runTasks.g_lock,<unlocked _thread.RLock object owner=0 count=0 at 0x000001BBEFF60918>>
[INFO]2021-03-17 09:16:12,064: create lock <lock name:runTasks.pre_lock,<unlocked _thread.RLock object owner=0 count=0 at 0x000001BBEFF608F0>>
[INFO]2021-03-17 09:16:13,541: import webFront.main_web
[INFO]2021-03-17 09:16:13,856: import wmqtt.main_wmqtt
[SUCC]2021-03-17 09:16:13,908: utility start, pid=8208, ppid=10160
[DEBUG]2021-03-17 09:16:13,910: start timer
[INFO]2021-03-17 09:16:13,939: load agv file: C:\Users\Administrator\Desktop\SVN\branches\agvCtrl/projects/fastprint/agv.cfg
[INFO]2021-03-17 09:16:13,941: create lock <lock name:agvList.AGV01.lock,<unlocked _thread.RLock object owner=0 count=0 at 0x000001BBEFFFAE68>>
[DEBUG]2021-03-17 09:16:13,951: create aliveObj AGV01 AGV离线异常 timeout 300
[INFO]2021-03-17 09:16:13,956: AGV01 start agvList run thread
[INFO]2021-03-17 09:16:13,957: AGV01 start agvList run2 thread
[INFO]2021-03-17 09:16:13,963: create lock <lock name:agv.AGV01.lock_status,<unlocked _thread.RLock object owner=0 count=0 at 0x000001BBF0795328>>
[INFO]2021-03-17 09:16:13,964: create lock <lock name:agvList.AGV02.lock,<unlocked _thread.RLock object owner=0 count=0 at 0x000001BBF07952D8>>
[DEBUG]2021-03-17 09:16:13,967: try connect AGV01 192.168.128.201:19204
[DEBUG]2021-03-17 09:16:13,975: create aliveObj AGV02 AGV离线异常 timeout 300
[INFO]2021-03-17 09:16:13,984: AGV02 start agvList run thread
[INFO]2021-03-17 09:16:13,985: AGV02 start agvList run2 thread
[INFO]2021-03-17 09:16:13,985: create lock <lock name:agvList.AGV03.lock,<unlocked _thread.RLock object owner=0 count=0 at 0x000001BBF07954E0>>
[INFO]2021-03-17 09:16:13,987: create lock <lock name:agv.AGV02.lock_status,<unlocked _thread.RLock object owner=0 count=0 at 0x000001BBF0795530>>
[DEBUG]2021-03-17 09:16:13,994: try connect AGV02 192.168.128.202:19204
[DEBUG]2021-03-17 09:16:13,996: create aliveObj AGV03 AGV离线异常 timeout 300
[INFO]2021-03-17 09:16:13,999: AGV03 start agvList run thread
[INFO]2021-03-17 09:16:14,000: AGV03 start agvList run2 thread
[INFO]2021-03-17 09:16:14,000: create lock <lock name:agvList.AGV04.lock,<unlocked _thread.RLock object owner=0 count=0 at 0x000001BBF0795760>>
[INFO]2021-03-17 09:16:14,002: create lock <lock name:agv.AGV03.lock_status,<unlocked _thread.RLock object owner=0 count=0 at 0x000001BBF07957B0>>
[DEBUG]2021-03-17 09:16:14,015: try connect AGV03 192.168.128.203:19204
[DEBUG]2021-03-17 09:16:14,017: create aliveObj AGV04 AGV离线异常 timeout 300
[INFO]2021-03-17 09:16:14,025: AGV04 start agvList run thread
[INFO]2021-03-17 09:16:14,026: AGV04 start agvList run2 thread
[INFO]2021-03-17 09:16:14,027: create lock <lock name:agvList.AGV05.lock,<unlocked _thread.RLock object owner=0 count=0 at 0x000001BBF07959E0>>
[INFO]2021-03-17 09:16:14,028: create lock <lock name:agv.AGV04.lock_status,<unlocked _thread.RLock object owner=0 count=0 at 0x000001BBF0795A30>>
[DEBUG]2021-03-17 09:16:14,035: try connect AGV04 192.168.128.204:19204
[DEBUG]2021-03-17 09:16:14,037: create aliveObj AGV05 AGV离线异常 timeout 300
[INFO]2021-03-17 09:16:14,043: AGV05 start agvList run thread
[INFO]2021-03-17 09:16:14,044: AGV05 start agvList run2 thread
[INFO]2021-03-17 09:16:14,044: create lock <lock name:agvList.AGV06.lock,<unlocked _thread.RLock object owner=0 count=0 at 0x000001BBF0795C60>>
[INFO]2021-03-17 09:16:14,046: create lock <lock name:agv.AGV05.lock_status,<unlocked _thread.RLock object owner=0 count=0 at 0x000001BBF0795CB0>>
[DEBUG]2021-03-17 09:16:14,054: create aliveObj AGV06 AGV离线异常 timeout 300
[DEBUG]2021-03-17 09:16:14,055: try connect AGV05 192.168.128.205:19204
[INFO]2021-03-17 09:16:14,059: AGV06 start agvList run thread
[INFO]2021-03-17 09:16:14,061: AGV06 start agvList run2 thread
[INFO]2021-03-17 09:16:14,061: create lock <lock name:agvList.AGV07.lock,<unlocked _thread.RLock object owner=0 count=0 at 0x000001BBF0795EE0>>
[INFO]2021-03-17 09:16:14,064: create lock <lock name:agv.AGV06.lock_status,<unlocked _thread.RLock object owner=0 count=0 at 0x000001BBEFFFAEB8>>
[DEBUG]2021-03-17 09:16:14,073: try connect AGV06 192.168.128.206:19204
[DEBUG]2021-03-17 09:16:14,075: create aliveObj AGV07 AGV离线异常 timeout 300
[INFO]2021-03-17 09:16:14,078: AGV07 start agvList run thread
[INFO]2021-03-17 09:16:14,079: AGV07 start agvList run2 thread
[INFO]2021-03-17 09:16:14,080: create lock <lock name:agvList.AGV08.lock,<unlocked _thread.RLock object owner=0 count=0 at 0x000001BBF07950F8>>
[INFO]2021-03-17 09:16:14,081: create lock <lock name:agv.AGV07.lock_status,<unlocked _thread.RLock object owner=0 count=0 at 0x000001BBF0795058>>
[DEBUG]2021-03-17 09:16:14,091: try connect AGV07 192.168.128.207:19204
[DEBUG]2021-03-17 09:16:14,093: create aliveObj AGV08 AGV离线异常 timeout 300
[INFO]2021-03-17 09:16:14,096: AGV08 start agvList run thread
[INFO]2021-03-17 09:16:14,097: AGV08 start agvList run2 thread
[INFO]2021-03-17 09:16:14,097: add_ignore: taskStatus
[INFO]2021-03-17 09:16:14,103: create lock <lock name:agv.AGV08.lock_status,<unlocked _thread.RLock object owner=0 count=0 at 0x000001BBEFFFAC60>>
[INFO]2021-03-17 09:16:14,107: add_ignore: api/elevator/status
[DEBUG]2021-03-17 09:16:14,109: try connect AGV08 192.168.128.208:19204
[INFO]2021-03-17 09:16:14,111: add_ignore: scada/getTask
[DEBUG]2021-03-17 09:16:14,957: GET: http://127.0.0.1:5551/api/agv/init?appName=scadaTask addr: 127.0.0.1
[INFO]2021-03-17 09:16:14,960: scadaTask init client agvApi
[DEBUG]2021-03-17 09:16:14,965: used 8ms 200 OK application/json;charset=utf-8, GET: http://127.0.0.1:5551/api/agv/init?appName=scadaTask
[DEBUG]2021-03-17 09:16:18,244: GET: http://127.0.0.1:5551/api/agv/startCharge?appName=scadaTask addr: 127.0.0.1
[DEBUG]2021-03-17 09:16:18,313: used 69ms 200 OK application/json;charset=utf-8, GET: http://127.0.0.1:5551/api/agv/startCharge?appName=scadaTask
[WARNING]2021-03-17 09:16:18,405: timer_thread[tid:6068] <lock name:runTasks.g_lock,<locked _thread.RLock object owner=6068 count=1 at 0x000001BBEFF60918>> ,hold 3477 ms
[INFO]2021-03-17 09:16:18,501: name=timer_thread, pid=8208, tid=6068
[01] File "C:/Python37/lib/threading.py", line 865, in run() 
[02] File "C:/Users/Administrator/Desktop/SVN/branches/common/mytimer.py", line 113, in _loop() 
[03] File "C:/Users/Administrator/Desktop/SVN/branches/common/lock.py", line 122, in _call() 
[04] File "C:/Users/Administrator/Desktop/SVN/branches/common/lock.py", line 100, in release() 
[05] File "C:/Users/Administrator/Desktop/SVN/branches/common/enhance.py", line 258, in getTrace() 
[06] File "C:/Users/Administrator/Desktop/SVN/branches/common/enhance.py", line 240, in getThreadStack()
[WARNING]2021-03-17 09:16:20,030: clear alarm obj=DOOR40, typeId=39998, id=6051519284e1c5c371a67f96
[WARNING]2021-03-17 09:16:20,227: clear alarm obj=DOOR41, typeId=39998, id=6051519284e1c5c371a67f98
[WARNING]2021-03-17 09:16:20,345: clear alarm obj=DOOR13, typeId=39998, id=6051519284e1c5c371a67f9a
[WARNING]2021-03-17 09:16:20,552: clear alarm obj=DOOR23, typeId=39998, id=6051519284e1c5c371a67f9c
[WARNING]2021-03-17 09:16:20,835: clear alarm obj=DOOR08, typeId=39998, id=6051519284e1c5c371a67f9e
[WARNING]2021-03-17 09:16:21,016: clear alarm obj=DOOR09, typeId=39998, id=6051519384e1c5c371a67fa0
[WARNING]2021-03-17 09:16:21,255: clear alarm obj=DOOR15, typeId=39998, id=6051519384e1c5c371a67fa2
[WARNING]2021-03-17 09:16:21,522: clear alarm obj=DOOR07, typeId=39998, id=6051519384e1c5c371a67fa4
[WARNING]2021-03-17 09:16:21,776: clear alarm obj=DOOR04, typeId=39998, id=6051519384e1c5c371a67fa6
[WARNING]2021-03-17 09:16:21,950: clear alarm obj=DOOR06, typeId=39998, id=6051519384e1c5c371a67fa8
[WARNING]2021-03-17 09:16:22,074: clear alarm obj=DOOR17, typeId=39998, id=6051519384e1c5c371a67faa
[WARNING]2021-03-17 09:16:22,305: clear alarm obj=DOOR18, typeId=39998, id=6051519484e1c5c371a67faf
[WARNING]2021-03-17 09:16:22,645: clear alarm obj=DOOR20, typeId=39998, id=6051519484e1c5c371a67fb1
[WARNING]2021-03-17 09:16:22,898: clear alarm obj=DOOR25, typeId=39998, id=6051519484e1c5c371a67fb3
[WARNING]2021-03-17 09:16:23,137: clear alarm obj=DOOR101, typeId=39998, id=6051519484e1c5c371a67fb6
[WARNING]2021-03-17 09:16:23,409: clear alarm obj=DOOR27, typeId=39998, id=6051519484e1c5c371a67fba
[WARNING]2021-03-17 09:16:23,787: clear alarm obj=AGV03, typeId=49999, id=60127ac874b4b15c96e8315a
[ERROR]2021-03-17 09:16:23,985: connect AGV01 failed timed out
[ERROR]2021-03-17 09:16:24,003: connect AGV02 failed timed out
[ERROR]2021-03-17 09:16:24,032: connect AGV03 failed timed out
[ERROR]2021-03-17 09:16:24,053: connect AGV04 failed timed out
[ERROR]2021-03-17 09:16:24,064: connect AGV05 failed timed out
[ERROR]2021-03-17 09:16:24,114: connect AGV07 failed timed out
[ERROR]2021-03-17 09:16:24,114: connect AGV06 failed timed out
[ERROR]2021-03-17 09:16:24,127: connect AGV08 failed timed out
[DEBUG]2021-03-17 09:16:24,132: try connect AGV01 192.168.128.201:19204
[DEBUG]2021-03-17 09:16:24,159: try connect AGV02 192.168.128.202:19204
[DEBUG]2021-03-17 09:16:24,239: try connect AGV03 192.168.128.203:19204
[DEBUG]2021-03-17 09:16:24,332: try connect AGV04 192.168.128.204:19204
[DEBUG]2021-03-17 09:16:24,411: try connect AGV05 192.168.128.205:19204
[DEBUG]2021-03-17 09:16:24,536: try connect AGV07 192.168.128.207:19204
[DEBUG]2021-03-17 09:16:24,632: try connect AGV06 192.168.128.206:19204
[DEBUG]2021-03-17 09:16:24,711: try connect AGV08 192.168.128.208:19204
[ERROR]2021-03-17 09:16:34,910: connect AGV01 failed timed out
[INFO]2021-03-17 09:16:34,989: AGV01 checkLink failed 192.168.128.201 19204
[ERROR]2021-03-17 09:16:35,004: connect AGV02 failed timed out
[WARNING]2021-03-17 09:16:35,052: agvThread.AGV01[tid:13824] <lock name:agv.AGV01.lock_status,<locked _thread.RLock object owner=13824 count=1 at 0x000001BBF0795328>> ,hold 21085 ms
[ERROR]2021-03-17 09:16:35,053: connect AGV03 failed timed out
[ERROR]2021-03-17 09:16:35,164: connect AGV04 failed timed out
[INFO]2021-03-17 09:16:35,212: AGV02 checkLink failed 192.168.128.202 19204
[ERROR]2021-03-17 09:16:35,274: connect AGV05 failed timed out
[ERROR]2021-03-17 09:16:35,321: connect AGV07 failed timed out
[INFO]2021-03-17 09:16:35,370: name=agvThread.AGV01, pid=8208, tid=13824
[01] File "C:/Python37/lib/threading.py", line 865, in run() 
[02] File "C:/Users/Administrator/Desktop/SVN/branches/agvCtrl/agvList.py", line 570, in run() 
[03] File "../driver/seerAgv/agvCtrl.py", line 36, in checkLink() 
[04] File "../driver/seerAgv/agvApi.py", line 186, in checkLink() 
[05] File "C:/Users/Administrator/Desktop/SVN/branches/common/lock.py", line 100, in release() 
[06] File "C:/Users/Administrator/Desktop/SVN/branches/common/enhance.py", line 258, in getTrace() 
[07] File "C:/Users/Administrator/Desktop/SVN/branches/common/enhance.py", line 240, in getThreadStack()
[INFO]2021-03-17 09:16:35,387: AGV03 checkLink failed 192.168.128.203 19204
[ERROR]2021-03-17 09:16:35,420: connect AGV06 failed timed out
[ERROR]2021-03-17 09:16:35,449: connect AGV08 failed timed out
[INFO]2021-03-17 09:16:35,450: AGV04 checkLink failed 192.168.128.204 19204
[WARNING]2021-03-17 09:16:35,577: agvThread.AGV02[tid:11032] <lock name:agv.AGV02.lock_status,<locked _thread.RLock object owner=11032 count=1 at 0x000001BBF0795530>> ,hold 21583 ms
[INFO]2021-03-17 09:16:35,739: AGV05 checkLink failed 192.168.128.205 19204
[INFO]2021-03-17 09:16:35,856: AGV07 checkLink failed 192.168.128.207 19204
[WARNING]2021-03-17 09:16:36,013: agvThread.AGV03[tid:15100] <lock name:agv.AGV03.lock_status,<locked _thread.RLock object owner=15100 count=1 at 0x000001BBF07957B0>> ,hold 21998 ms
[INFO]2021-03-17 09:16:36,089: AGV06 checkLink failed 192.168.128.206 19204
[INFO]2021-03-17 09:16:36,169: AGV08 checkLink failed 192.168.128.208 19204
[WARNING]2021-03-17 09:16:36,221: agvThread.AGV04[tid:14408] <lock name:agv.AGV04.lock_status,<locked _thread.RLock object owner=14408 count=1 at 0x000001BBF0795A30>> ,hold 22186 ms
[WARNING]2021-03-17 09:16:36,424: agvThread.AGV05[tid:1532] <lock name:agv.AGV05.lock_status,<locked _thread.RLock object owner=1532 count=1 at 0x000001BBF0795CB0>> ,hold 22369 ms
[INFO]2021-03-17 09:16:36,517: name=agvThread.AGV02, pid=8208, tid=11032
[01] File "C:/Python37/lib/threading.py", line 865, in run() 
[02] File "C:/Users/Administrator/Desktop/SVN/branches/agvCtrl/agvList.py", line 570, in run() 
[03] File "../driver/seerAgv/agvCtrl.py", line 36, in checkLink() 
[04] File "../driver/seerAgv/agvApi.py", line 186, in checkLink() 
[05] File "C:/Users/Administrator/Desktop/SVN/branches/common/lock.py", line 100, in release() 
[06] File "C:/Users/Administrator/Desktop/SVN/branches/common/enhance.py", line 258, in getTrace() 
[07] File "C:/Users/Administrator/Desktop/SVN/branches/common/enhance.py", line 240, in getThreadStack()
[WARNING]2021-03-17 09:16:36,533: agvThread.AGV07[tid:9164] <lock name:agv.AGV07.lock_status,<locked _thread.RLock object owner=9164 count=1 at 0x000001BBF0795058>> ,hold 22442 ms
[WARNING]2021-03-17 09:16:36,659: agvThread.AGV06[tid:2612] <lock name:agv.AGV06.lock_status,<locked _thread.RLock object owner=2612 count=1 at 0x000001BBEFFFAEB8>> ,hold 22586 ms
[INFO]2021-03-17 09:16:36,692: name=agvThread.AGV03, pid=8208, tid=15100
[01] File "C:/Python37/lib/threading.py", line 865, in run() 
[02] File "C:/Users/Administrator/Desktop/SVN/branches/agvCtrl/agvList.py", line 570, in run() 
[03] File "../driver/seerAgv/agvCtrl.py", line 36, in checkLink() 
[04] File "../driver/seerAgv/agvApi.py", line 186, in checkLink() 
[05] File "C:/Users/Administrator/Desktop/SVN/branches/common/lock.py", line 100, in release() 
[06] File "C:/Users/Administrator/Desktop/SVN/branches/common/enhance.py", line 258, in getTrace() 
[07] File "C:/Users/Administrator/Desktop/SVN/branches/common/enhance.py", line 240, in getThreadStack()
[WARNING]2021-03-17 09:16:36,737: agvThread.AGV08[tid:11916] <lock name:agv.AGV08.lock_status,<locked _thread.RLock object owner=11916 count=1 at 0x000001BBEFFFAC60>> ,hold 22628 ms
[INFO]2021-03-17 09:16:36,865: name=agvThread.AGV04, pid=8208, tid=14408
[01] File "C:/Python37/lib/threading.py", line 865, in run() 
[02] File "C:/Users/Administrator/Desktop/SVN/branches/agvCtrl/agvList.py", line 570, in run() 
[03] File "../driver/seerAgv/agvCtrl.py", line 36, in checkLink() 
[04] File "../driver/seerAgv/agvApi.py", line 186, in checkLink() 
[05] File "C:/Users/Administrator/Desktop/SVN/branches/common/lock.py", line 100, in release() 
[06] File "C:/Users/Administrator/Desktop/SVN/branches/common/enhance.py", line 258, in getTrace() 
[07] File "C:/Users/Administrator/Desktop/SVN/branches/common/enhance.py", line 240, in getThreadStack()
[INFO]2021-03-17 09:16:36,990: name=agvThread.AGV05, pid=8208, tid=1532
[01] File "C:/Python37/lib/threading.py", line 865, in run() 
[02] File "C:/Users/Administrator/Desktop/SVN/branches/agvCtrl/agvList.py", line 570, in run() 
[03] File "../driver/seerAgv/agvCtrl.py", line 36, in checkLink() 
[04] File "../driver/seerAgv/agvApi.py", line 186, in checkLink() 
[05] File "C:/Users/Administrator/Desktop/SVN/branches/common/lock.py", line 100, in release() 
[06] File "C:/Users/Administrator/Desktop/SVN/branches/common/enhance.py", line 258, in getTrace() 
[07] File "C:/Users/Administrator/Desktop/SVN/branches/common/enhance.py", line 240, in getThreadStack()
[INFO]2021-03-17 09:16:37,211: name=agvThread.AGV07, pid=8208, tid=9164
[01] File "C:/Python37/lib/threading.py", line 865, in run() 
[02] File "C:/Users/Administrator/Desktop/SVN/branches/agvCtrl/agvList.py", line 570, in run() 
[03] File "../driver/seerAgv/agvCtrl.py", line 36, in checkLink() 
[04] File "../driver/seerAgv/agvApi.py", line 186, in checkLink() 
[05] File "C:/Users/Administrator/Desktop/SVN/branches/common/lock.py", line 100, in release() 
[06] File "C:/Users/Administrator/Desktop/SVN/branches/common/enhance.py", line 258, in getTrace() 
[07] File "C:/Users/Administrator/Desktop/SVN/branches/common/enhance.py", line 240, in getThreadStack()
[INFO]2021-03-17 09:16:37,396: name=agvThread.AGV06, pid=8208, tid=2612
[01] File "C:/Python37/lib/threading.py", line 865, in run() 
[02] File "C:/Users/Administrator/Desktop/SVN/branches/agvCtrl/agvList.py", line 570, in run() 
[03] File "../driver/seerAgv/agvCtrl.py", line 36, in checkLink() 
[04] File "../driver/seerAgv/agvApi.py", line 186, in checkLink() 
[05] File "C:/Users/Administrator/Desktop/SVN/branches/common/lock.py", line 100, in release() 
[06] File "C:/Users/Administrator/Desktop/SVN/branches/common/enhance.py", line 258, in getTrace() 
[07] File "C:/Users/Administrator/Desktop/SVN/branches/common/enhance.py", line 240, in getThreadStack()
[INFO]2021-03-17 09:16:37,585: name=agvThread.AGV08, pid=8208, tid=11916
[01] File "C:/Python37/lib/threading.py", line 865, in run() 
[02] File "C:/Users/Administrator/Desktop/SVN/branches/agvCtrl/agvList.py", line 570, in run() 
[03] File "../driver/seerAgv/agvCtrl.py", line 36, in checkLink() 
[04] File "../driver/seerAgv/agvApi.py", line 186, in checkLink() 
[05] File "C:/Users/Administrator/Desktop/SVN/branches/common/lock.py", line 100, in release() 
[06] File "C:/Users/Administrator/Desktop/SVN/branches/common/enhance.py", line 258, in getTrace() 
[07] File "C:/Users/Administrator/Desktop/SVN/branches/common/enhance.py", line 240, in getThreadStack()
[DEBUG]2021-03-17 09:16:37,947: try connect AGV01 192.168.128.201:19204
[DEBUG]2021-03-17 09:16:38,968: try connect AGV02 192.168.128.202:19204
[DEBUG]2021-03-17 09:16:39,405: try connect AGV03 192.168.128.203:19204
[DEBUG]2021-03-17 09:16:39,532: try connect AGV04 192.168.128.204:19204
[DEBUG]2021-03-17 09:16:39,688: try connect AGV05 192.168.128.205:19204
[DEBUG]2021-03-17 09:16:39,768: try connect AGV07 192.168.128.207:19204
[DEBUG]2021-03-17 09:16:39,923: try connect AGV06 192.168.128.206:19204
[DEBUG]2021-03-17 09:16:40,050: try connect AGV08 192.168.128.208:19204
[ERROR]2021-03-17 09:16:48,229: connect AGV01 failed timed out
[INFO]2021-03-17 09:16:48,269: AGV01 checkLink failed 192.168.128.201 19204
[WARNING]2021-03-17 09:16:48,362: agvThread.AGV01[tid:13824] <lock name:agv.AGV01.lock_status,<locked _thread.RLock object owner=13824 count=1 at 0x000001BBF0795328>> ,hold 10415 ms
[INFO]2021-03-17 09:16:48,549: name=agvThread.AGV01, pid=8208, tid=13824
[01] File "C:/Python37/lib/threading.py", line 865, in run() 
[02] File "C:/Users/Administrator/Desktop/SVN/branches/agvCtrl/agvList.py", line 570, in run() 
[03] File "../driver/seerAgv/agvCtrl.py", line 36, in checkLink() 
[04] File "../driver/seerAgv/agvApi.py", line 186, in checkLink() 
[05] File "C:/Users/Administrator/Desktop/SVN/branches/common/lock.py", line 100, in release() 
[06] File "C:/Users/Administrator/Desktop/SVN/branches/common/enhance.py", line 258, in getTrace() 
[07] File "C:/Users/Administrator/Desktop/SVN/branches/common/enhance.py", line 240, in getThreadStack()
[ERROR]2021-03-17 09:16:49,140: connect AGV02 failed timed out
[INFO]2021-03-17 09:16:49,264: AGV02 checkLink failed 192.168.128.202 19204
[WARNING]2021-03-17 09:16:49,327: agvThread.AGV02[tid:11032] <lock name:agv.AGV02.lock_status,<locked _thread.RLock object owner=11032 count=1 at 0x000001BBF0795530>> ,hold 10359 ms
[INFO]2021-03-17 09:16:49,484: name=agvThread.AGV02, pid=8208, tid=11032
[01] File "C:/Python37/lib/threading.py", line 865, in run() 
[02] File "C:/Users/Administrator/Desktop/SVN/branches/agvCtrl/agvList.py", line 570, in run() 
[03] File "../driver/seerAgv/agvCtrl.py", line 36, in checkLink() 
[04] File "../driver/seerAgv/agvApi.py", line 186, in checkLink() 
[05] File "C:/Users/Administrator/Desktop/SVN/branches/common/lock.py", line 100, in release() 
[06] File "C:/Users/Administrator/Desktop/SVN/branches/common/enhance.py", line 258, in getTrace() 
[07] File "C:/Users/Administrator/Desktop/SVN/branches/common/enhance.py", line 240, in getThreadStack()
[ERROR]2021-03-17 09:16:49,560: connect AGV03 failed timed out
[ERROR]2021-03-17 09:16:49,683: connect AGV04 failed timed out
[INFO]2021-03-17 09:16:49,777: AGV03 checkLink failed 192.168.128.203 19204
[ERROR]2021-03-17 09:16:49,888: connect AGV05 failed timed out
[INFO]2021-03-17 09:16:49,933: AGV04 checkLink failed 192.168.128.204 19204
[WARNING]2021-03-17 09:16:49,994: agvThread.AGV03[tid:15100] <lock name:agv.AGV03.lock_status,<locked _thread.RLock object owner=15100 count=1 at 0x000001BBF07957B0>> ,hold 10589 ms
[ERROR]2021-03-17 09:16:50,076: connect AGV07 failed timed out
[ERROR]2021-03-17 09:16:50,077: connect AGV06 failed timed out
[INFO]2021-03-17 09:16:50,137: AGV05 checkLink failed 192.168.128.205 19204
[ERROR]2021-03-17 09:16:50,201: connect AGV08 failed timed out
[WARNING]2021-03-17 09:16:50,215: agvThread.AGV04[tid:14408] <lock name:agv.AGV04.lock_status,<locked _thread.RLock object owner=14408 count=1 at 0x000001BBF0795A30>> ,hold 10683 ms
[INFO]2021-03-17 09:16:50,385: AGV07 checkLink failed 192.168.128.207 19204
[INFO]2021-03-17 09:16:50,402: name=agvThread.AGV03, pid=8208, tid=15100
[01] File "C:/Python37/lib/threading.py", line 865, in run() 
[02] File "C:/Users/Administrator/Desktop/SVN/branches/agvCtrl/agvList.py", line 570, in run() 
[03] File "../driver/seerAgv/agvCtrl.py", line 36, in checkLink() 
[04] File "../driver/seerAgv/agvApi.py", line 186, in checkLink() 
[05] File "C:/Users/Administrator/Desktop/SVN/branches/common/lock.py", line 100, in release() 
[06] File "C:/Users/Administrator/Desktop/SVN/branches/common/enhance.py", line 258, in getTrace() 
[07] File "C:/Users/Administrator/Desktop/SVN/branches/common/enhance.py", line 240, in getThreadStack()
[INFO]2021-03-17 09:16:50,483: AGV06 checkLink failed 192.168.128.206 19204
[WARNING]2021-03-17 09:16:50,543: agvThread.AGV05[tid:1532] <lock name:agv.AGV05.lock_status,<locked _thread.RLock object owner=1532 count=1 at 0x000001BBF0795CB0>> ,hold 10855 ms
[INFO]2021-03-17 09:16:50,655: AGV08 checkLink failed 192.168.128.208 19204
[DEBUG]2021-03-17 09:16:50,661: try connect AGV01 192.168.128.201:19204
[WARNING]2021-03-17 09:16:50,945: agvThread.AGV07[tid:9164] <lock name:agv.AGV07.lock_status,<locked _thread.RLock object owner=9164 count=1 at 0x000001BBF0795058>> ,hold 11177 ms
[INFO]2021-03-17 09:16:51,009: name=agvThread.AGV04, pid=8208, tid=14408
[01] File "C:/Python37/lib/threading.py", line 865, in run() 
[02] File "C:/Users/Administrator/Desktop/SVN/branches/agvCtrl/agvList.py", line 570, in run() 
[03] File "../driver/seerAgv/agvCtrl.py", line 36, in checkLink() 
[04] File "../driver/seerAgv/agvApi.py", line 186, in checkLink() 
[05] File "C:/Users/Administrator/Desktop/SVN/branches/common/lock.py", line 100, in release() 
[06] File "C:/Users/Administrator/Desktop/SVN/branches/common/enhance.py", line 258, in getTrace() 
[07] File "C:/Users/Administrator/Desktop/SVN/branches/common/enhance.py", line 240, in getThreadStack()
[WARNING]2021-03-17 09:16:51,088: agvThread.AGV06[tid:2612] <lock name:agv.AGV06.lock_status,<locked _thread.RLock object owner=2612 count=1 at 0x000001BBEFFFAEB8>> ,hold 11165 ms
[WARNING]2021-03-17 09:16:51,184: agvThread.AGV08[tid:11916] <lock name:agv.AGV08.lock_status,<locked _thread.RLock object owner=11916 count=1 at 0x000001BBEFFFAC60>> ,hold 11134 ms
[INFO]2021-03-17 09:16:51,204: name=agvThread.AGV05, pid=8208, tid=1532
[01] File "C:/Python37/lib/threading.py", line 865, in run() 
[02] File "C:/Users/Administrator/Desktop/SVN/branches/agvCtrl/agvList.py", line 570, in run() 
[03] File "../driver/seerAgv/agvCtrl.py", line 36, in checkLink() 
[04] File "../driver/seerAgv/agvApi.py", line 186, in checkLink() 
[05] File "C:/Users/Administrator/Desktop/SVN/branches/common/lock.py", line 100, in release() 
[06] File "C:/Users/Administrator/Desktop/SVN/branches/common/enhance.py", line 258, in getTrace() 
[07] File "C:/Users/Administrator/Desktop/SVN/branches/common/enhance.py", line 240, in getThreadStack()
[DEBUG]2021-03-17 09:16:51,648: try connect AGV02 192.168.128.202:19204
[INFO]2021-03-17 09:16:51,711: name=agvThread.AGV07, pid=8208, tid=9164
[01] File "C:/Python37/lib/threading.py", line 865, in run() 
[02] File "C:/Users/Administrator/Desktop/SVN/branches/agvCtrl/agvList.py", line 570, in run() 
[03] File "../driver/seerAgv/agvCtrl.py", line 36, in checkLink() 
[04] File "../driver/seerAgv/agvApi.py", line 186, in checkLink() 
[05] File "C:/Users/Administrator/Desktop/SVN/branches/common/lock.py", line 100, in release() 
[06] File "C:/Users/Administrator/Desktop/SVN/branches/common/enhance.py", line 258, in getTrace() 
[07] File "C:/Users/Administrator/Desktop/SVN/branches/common/enhance.py", line 240, in getThreadStack()
[INFO]2021-03-17 09:16:51,773: name=agvThread.AGV06, pid=8208, tid=2612
[01] File "C:/Python37/lib/threading.py", line 865, in run() 
[02] File "C:/Users/Administrator/Desktop/SVN/branches/agvCtrl/agvList.py", line 570, in run() 
[03] File "../driver/seerAgv/agvCtrl.py", line 36, in checkLink() 
[04] File "../driver/seerAgv/agvApi.py", line 186, in checkLink() 
[05] File "C:/Users/Administrator/Desktop/SVN/branches/common/lock.py", line 100, in release() 
[06] File "C:/Users/Administrator/Desktop/SVN/branches/common/enhance.py", line 258, in getTrace() 
[07] File "C:/Users/Administrator/Desktop/SVN/branches/common/enhance.py", line 240, in getThreadStack()
[INFO]2021-03-17 09:16:51,854: name=agvThread.AGV08, pid=8208, tid=11916
[01] File "C:/Python37/lib/threading.py", line 865, in run() 
[02] File "C:/Users/Administrator/Desktop/SVN/branches/agvCtrl/agvList.py", line 570, in run() 
[03] File "../driver/seerAgv/agvCtrl.py", line 36, in checkLink() 
[04] File "../driver/seerAgv/agvApi.py", line 186, in checkLink() 
[05] File "C:/Users/Administrator/Desktop/SVN/branches/common/lock.py", line 100, in release() 
[06] File "C:/Users/Administrator/Desktop/SVN/branches/common/enhance.py", line 258, in getTrace() 
[07] File "C:/Users/Administrator/Desktop/SVN/branches/common/enhance.py", line 240, in getThreadStack()
[DEBUG]2021-03-17 09:16:53,038: try connect AGV03 192.168.128.203:19204
[DEBUG]2021-03-17 09:16:53,481: try connect AGV04 192.168.128.204:19204
[DEBUG]2021-03-17 09:16:53,932: try connect AGV05 192.168.128.205:19204
[DEBUG]2021-03-17 09:16:54,180: try connect AGV07 192.168.128.207:19204
[DEBUG]2021-03-17 09:16:54,304: try connect AGV06 192.168.128.206:19204
[DEBUG]2021-03-17 09:16:54,443: try connect AGV08 192.168.128.208:19204
[ERROR]2021-03-17 09:17:01,292: connect AGV01 failed timed out
[INFO]2021-03-17 09:17:01,385: AGV01 checkLink failed 192.168.128.201 19204
[WARNING]2021-03-17 09:17:01,477: agvThread.AGV01[tid:13824] <lock name:agv.AGV01.lock_status,<locked _thread.RLock object owner=13824 count=1 at 0x000001BBF0795328>> ,hold 10816 ms
[INFO]2021-03-17 09:17:01,649: name=agvThread.AGV01, pid=8208, tid=13824
[01] File "C:/Python37/lib/threading.py", line 865, in run() 
[02] File "C:/Users/Administrator/Desktop/SVN/branches/agvCtrl/agvList.py", line 570, in run() 
[03] File "../driver/seerAgv/agvCtrl.py", line 36, in checkLink() 
[04] File "../driver/seerAgv/agvApi.py", line 186, in checkLink() 
[05] File "C:/Users/Administrator/Desktop/SVN/branches/common/lock.py", line 100, in release() 
[06] File "C:/Users/Administrator/Desktop/SVN/branches/common/enhance.py", line 258, in getTrace() 
[07] File "C:/Users/Administrator/Desktop/SVN/branches/common/enhance.py", line 240, in getThreadStack()
[ERROR]2021-03-17 09:17:02,075: connect AGV02 failed timed out
[INFO]2021-03-17 09:17:02,122: AGV02 checkLink failed 192.168.128.202 19204
[WARNING]2021-03-17 09:17:02,201: agvThread.AGV02[tid:11032] <lock name:agv.AGV02.lock_status,<locked _thread.RLock object owner=11032 count=1 at 0x000001BBF0795530>> ,hold 10553 ms
[INFO]2021-03-17 09:17:02,372: name=agvThread.AGV02, pid=8208, tid=11032
[01] File "C:/Python37/lib/threading.py", line 865, in run() 
[02] File "C:/Users/Administrator/Desktop/SVN/branches/agvCtrl/agvList.py", line 570, in run() 
[03] File "../driver/seerAgv/agvCtrl.py", line 36, in checkLink() 
[04] File "../driver/seerAgv/agvApi.py", line 186, in checkLink() 
[05] File "C:/Users/Administrator/Desktop/SVN/branches/common/lock.py", line 100, in release() 
[06] File "C:/Users/Administrator/Desktop/SVN/branches/common/enhance.py", line 258, in getTrace() 
[07] File "C:/Users/Administrator/Desktop/SVN/branches/common/enhance.py", line 240, in getThreadStack()
[ERROR]2021-03-17 09:17:03,199: connect AGV03 failed timed out
[INFO]2021-03-17 09:17:03,260: AGV03 checkLink failed 192.168.128.203 19204
[WARNING]2021-03-17 09:17:03,308: agvThread.AGV03[tid:15100] <lock name:agv.AGV03.lock_status,<locked _thread.RLock object owner=15100 count=1 at 0x000001BBF07957B0>> ,hold 10270 ms
[ERROR]2021-03-17 09:17:03,591: connect AGV04 failed timed out
[INFO]2021-03-17 09:17:03,622: name=agvThread.AGV03, pid=8208, tid=15100
[01] File "C:/Python37/lib/threading.py", line 865, in run() 
[02] File "C:/Users/Administrator/Desktop/SVN/branches/agvCtrl/agvList.py", line 570, in run() 
[03] File "../driver/seerAgv/agvCtrl.py", line 36, in checkLink() 
[04] File "../driver/seerAgv/agvApi.py", line 186, in checkLink() 
[05] File "C:/Users/Administrator/Desktop/SVN/branches/common/lock.py", line 100, in release() 
[06] File "C:/Users/Administrator/Desktop/SVN/branches/common/enhance.py", line 258, in getTrace() 
[07] File "C:/Users/Administrator/Desktop/SVN/branches/common/enhance.py", line 240, in getThreadStack()
[DEBUG]2021-03-17 09:17:03,729: try connect AGV01 192.168.128.201:19204
[INFO]2021-03-17 09:17:03,745: AGV04 checkLink failed 192.168.128.204 19204
[WARNING]2021-03-17 09:17:03,977: agvThread.AGV04[tid:14408] <lock name:agv.AGV04.lock_status,<locked _thread.RLock object owner=14408 count=1 at 0x000001BBF0795A30>> ,hold 10496 ms
[ERROR]2021-03-17 09:17:04,118: connect AGV05 failed timed out
[INFO]2021-03-17 09:17:04,180: AGV05 checkLink failed 192.168.128.205 19204
[INFO]2021-03-17 09:17:04,196: name=agvThread.AGV04, pid=8208, tid=14408
[01] File "C:/Python37/lib/threading.py", line 865, in run() 
[02] File "C:/Users/Administrator/Desktop/SVN/branches/agvCtrl/agvList.py", line 570, in run() 
[03] File "../driver/seerAgv/agvCtrl.py", line 36, in checkLink() 
[04] File "../driver/seerAgv/agvApi.py", line 186, in checkLink() 
[05] File "C:/Users/Administrator/Desktop/SVN/branches/common/lock.py", line 100, in release() 
[06] File "C:/Users/Administrator/Desktop/SVN/branches/common/enhance.py", line 258, in getTrace() 
[07] File "C:/Users/Administrator/Desktop/SVN/branches/common/enhance.py", line 240, in getThreadStack()
[WARNING]2021-03-17 09:17:04,242: agvThread.AGV05[tid:1532] <lock name:agv.AGV05.lock_status,<locked _thread.RLock object owner=1532 count=1 at 0x000001BBF0795CB0>> ,hold 10310 ms
[ERROR]2021-03-17 09:17:04,412: connect AGV06 failed timed out
[ERROR]2021-03-17 09:17:04,444: connect AGV07 failed timed out
[DEBUG]2021-03-17 09:17:04,490: try connect AGV02 192.168.128.202:19204
[INFO]2021-03-17 09:17:04,521: AGV06 checkLink failed 192.168.128.206 19204
[INFO]2021-03-17 09:17:04,536: name=agvThread.AGV05, pid=8208, tid=1532
[01] File "C:/Python37/lib/threading.py", line 865, in run() 
[02] File "C:/Users/Administrator/Desktop/SVN/branches/agvCtrl/agvList.py", line 570, in run() 
[03] File "../driver/seerAgv/agvCtrl.py", line 36, in checkLink() 
[04] File "../driver/seerAgv/agvApi.py", line 186, in checkLink() 
[05] File "C:/Users/Administrator/Desktop/SVN/branches/common/lock.py", line 100, in release() 
[06] File "C:/Users/Administrator/Desktop/SVN/branches/common/enhance.py", line 258, in getTrace() 
[07] File "C:/Users/Administrator/Desktop/SVN/branches/common/enhance.py", line 240, in getThreadStack()
[ERROR]2021-03-17 09:17:04,567: connect AGV08 failed timed out
[INFO]2021-03-17 09:17:04,598: AGV07 checkLink failed 192.168.128.207 19204
[WARNING]2021-03-17 09:17:04,739: agvThread.AGV06[tid:2612] <lock name:agv.AGV06.lock_status,<locked _thread.RLock object owner=2612 count=1 at 0x000001BBEFFFAEB8>> ,hold 10435 ms
[INFO]2021-03-17 09:17:04,910: AGV08 checkLink failed 192.168.128.208 19204
[WARNING]2021-03-17 09:17:05,020: agvThread.AGV07[tid:9164] <lock name:agv.AGV07.lock_status,<locked _thread.RLock object owner=9164 count=1 at 0x000001BBF0795058>> ,hold 10840 ms
[WARNING]2021-03-17 09:17:05,221: agvThread.AGV08[tid:11916] <lock name:agv.AGV08.lock_status,<locked _thread.RLock object owner=11916 count=1 at 0x000001BBEFFFAC60>> ,hold 10778 ms
[INFO]2021-03-17 09:17:05,222: name=agvThread.AGV06, pid=8208, tid=2612
[01] File "C:/Python37/lib/threading.py", line 865, in run() 
[02] File "C:/Users/Administrator/Desktop/SVN/branches/agvCtrl/agvList.py", line 570, in run() 
[03] File "../driver/seerAgv/agvCtrl.py", line 36, in checkLink() 
[04] File "../driver/seerAgv/agvApi.py", line 186, in checkLink() 
[05] File "C:/Users/Administrator/Desktop/SVN/branches/common/lock.py", line 100, in release() 
[06] File "C:/Users/Administrator/Desktop/SVN/branches/common/enhance.py", line 258, in getTrace() 
[07] File "C:/Users/Administrator/Desktop/SVN/branches/common/enhance.py", line 240, in getThreadStack()
[INFO]2021-03-17 09:17:05,392: name=agvThread.AGV07, pid=8208, tid=9164
[01] File "C:/Python37/lib/threading.py", line 865, in run() 
[02] File "C:/Users/Administrator/Desktop/SVN/branches/agvCtrl/agvList.py", line 570, in run() 
[03] File "../driver/seerAgv/agvCtrl.py", line 36, in checkLink() 
[04] File "../driver/seerAgv/agvApi.py", line 186, in checkLink() 
[05] File "C:/Users/Administrator/Desktop/SVN/branches/common/lock.py", line 100, in release() 
[06] File "C:/Users/Administrator/Desktop/SVN/branches/common/enhance.py", line 258, in getTrace() 
[07] File "C:/Users/Administrator/Desktop/SVN/branches/common/enhance.py", line 240, in getThreadStack()
[INFO]2021-03-17 09:17:05,456: name=agvThread.AGV08, pid=8208, tid=11916
[01] File "C:/Python37/lib/threading.py", line 865, in run() 
[02] File "C:/Users/Administrator/Desktop/SVN/branches/agvCtrl/agvList.py", line 570, in run() 
[03] File "../driver/seerAgv/agvCtrl.py", line 36, in checkLink() 
[04] File "../driver/seerAgv/agvApi.py", line 186, in checkLink() 
[05] File "C:/Users/Administrator/Desktop/SVN/branches/common/lock.py", line 100, in release() 
[06] File "C:/Users/Administrator/Desktop/SVN/branches/common/enhance.py", line 258, in getTrace() 
[07] File "C:/Users/Administrator/Desktop/SVN/branches/common/enhance.py", line 240, in getThreadStack()
[DEBUG]2021-03-17 09:17:05,813: try connect AGV03 192.168.128.203:19204
[DEBUG]2021-03-17 09:17:06,343: try connect AGV04 192.168.128.204:19204
[DEBUG]2021-03-17 09:17:06,839: try connect AGV05 192.168.128.205:19204
[DEBUG]2021-03-17 09:17:07,535: try connect AGV06 192.168.128.206:19204
[DEBUG]2021-03-17 09:17:07,645: try connect AGV07 192.168.128.207:19204
[DEBUG]2021-03-17 09:17:07,722: try connect AGV08 192.168.128.208:19204
[ERROR]2021-03-17 09:17:13,041: raise alarm obj=DOOR40, typeId=39998, desc=门控离线异常, id=6051589884e1c5c371a69002
[ERROR]2021-03-17 09:17:13,232: raise alarm obj=DOOR41, typeId=39998, desc=门控离线异常, id=6051589984e1c5c371a69004
[ERROR]2021-03-17 09:17:13,366: raise alarm obj=DOOR13, typeId=39998, desc=门控离线异常, id=6051589984e1c5c371a69006
[ERROR]2021-03-17 09:17:13,459: raise alarm obj=DOOR23, typeId=39998, desc=门控离线异常, id=6051589984e1c5c371a69008
[ERROR]2021-03-17 09:17:13,583: raise alarm obj=DOOR08, typeId=39998, desc=门控离线异常, id=6051589984e1c5c371a6900a
[ERROR]2021-03-17 09:17:13,694: raise alarm obj=DOOR09, typeId=39998, desc=门控离线异常, id=6051589984e1c5c371a6900c
[ERROR]2021-03-17 09:17:13,850: raise alarm obj=DOOR15, typeId=39998, desc=门控离线异常, id=6051589984e1c5c371a6900e
[ERROR]2021-03-17 09:17:13,928: connect AGV01 failed timed out
[ERROR]2021-03-17 09:17:13,929: raise alarm obj=DOOR07, typeId=39998, desc=门控离线异常, id=6051589984e1c5c371a69010
[INFO]2021-03-17 09:17:14,026: AGV01 checkLink failed 192.168.128.201 19204
[ERROR]2021-03-17 09:17:14,110: raise alarm obj=DOOR04, typeId=39998, desc=门控离线异常, id=6051589a84e1c5c371a69012
[WARNING]2021-03-17 09:17:14,158: agvThread.AGV01[tid:13824] <lock name:agv.AGV01.lock_status,<locked _thread.RLock object owner=13824 count=1 at 0x000001BBF0795328>> ,hold 10429 ms
[ERROR]2021-03-17 09:17:14,271: raise alarm obj=DOOR06, typeId=39998, desc=门控离线异常, id=6051589a84e1c5c371a69014
[ERROR]2021-03-17 09:17:14,575: raise alarm obj=DOOR17, typeId=39998, desc=门控离线异常, id=6051589a84e1c5c371a69016
[INFO]2021-03-17 09:17:14,606: name=agvThread.AGV01, pid=8208, tid=13824
[01] File "C:/Python37/lib/threading.py", line 865, in run() 
[02] File "C:/Users/Administrator/Desktop/SVN/branches/agvCtrl/agvList.py", line 570, in run() 
[03] File "../driver/seerAgv/agvCtrl.py", line 36, in checkLink() 
[04] File "../driver/seerAgv/agvApi.py", line 186, in checkLink() 
[05] File "C:/Users/Administrator/Desktop/SVN/branches/common/lock.py", line 100, in release() 
[06] File "C:/Users/Administrator/Desktop/SVN/branches/common/enhance.py", line 258, in getTrace() 
[07] File "C:/Users/Administrator/Desktop/SVN/branches/common/enhance.py", line 240, in getThreadStack()
[ERROR]2021-03-17 09:17:14,699: raise alarm obj=DOOR18, typeId=39998, desc=门控离线异常, id=6051589a84e1c5c371a69018
[ERROR]2021-03-17 09:17:14,713: connect AGV02 failed timed out
[ERROR]2021-03-17 09:17:14,931: raise alarm obj=DOOR20, typeId=39998, desc=门控离线异常, id=6051589a84e1c5c371a6901a
[INFO]2021-03-17 09:17:14,976: AGV02 checkLink failed 192.168.128.202 19204
[ERROR]2021-03-17 09:17:15,072: raise alarm obj=DOOR25, typeId=39998, desc=门控离线异常, id=6051589b84e1c5c371a6901c
[WARNING]2021-03-17 09:17:15,132: agvThread.AGV02[tid:11032] <lock name:agv.AGV02.lock_status,<locked _thread.RLock object owner=11032 count=1 at 0x000001BBF0795530>> ,hold 10642 ms
[ERROR]2021-03-17 09:17:15,195: raise alarm obj=DOOR101, typeId=39998, desc=门控离线异常, id=6051589b84e1c5c371a6901e
[ERROR]2021-03-17 09:17:15,517: raise alarm obj=DOOR27, typeId=39998, desc=门控离线异常, id=6051589b84e1c5c371a69020
[INFO]2021-03-17 09:17:15,566: name=agvThread.AGV02, pid=8208, tid=11032
[01] File "C:/Python37/lib/threading.py", line 865, in run() 
[02] File "C:/Users/Administrator/Desktop/SVN/branches/agvCtrl/agvList.py", line 570, in run() 
[03] File "../driver/seerAgv/agvCtrl.py", line 36, in checkLink() 
[04] File "../driver/seerAgv/agvApi.py", line 186, in checkLink() 
[05] File "C:/Users/Administrator/Desktop/SVN/branches/common/lock.py", line 100, in release() 
[06] File "C:/Users/Administrator/Desktop/SVN/branches/common/enhance.py", line 258, in getTrace() 
[07] File "C:/Users/Administrator/Desktop/SVN/branches/common/enhance.py", line 240, in getThreadStack()
[ERROR]2021-03-17 09:17:16,012: connect AGV03 failed timed out
[INFO]2021-03-17 09:17:16,134: AGV03 checkLink failed 192.168.128.203 19204
[WARNING]2021-03-17 09:17:16,251: agvThread.AGV03[tid:15100] <lock name:agv.AGV03.lock_status,<locked _thread.RLock object owner=15100 count=1 at 0x000001BBF07957B0>> ,hold 10438 ms
[INFO]2021-03-17 09:17:16,464: name=agvThread.AGV03, pid=8208, tid=15100
[01] File "C:/Python37/lib/threading.py", line 865, in run() 
[02] File "C:/Users/Administrator/Desktop/SVN/branches/agvCtrl/agvList.py", line 570, in run() 
[03] File "../driver/seerAgv/agvCtrl.py", line 36, in checkLink() 
[04] File "../driver/seerAgv/agvApi.py", line 186, in checkLink() 
[05] File "C:/Users/Administrator/Desktop/SVN/branches/common/lock.py", line 100, in release() 
[06] File "C:/Users/Administrator/Desktop/SVN/branches/common/enhance.py", line 258, in getTrace() 
[07] File "C:/Users/Administrator/Desktop/SVN/branches/common/enhance.py", line 240, in getThreadStack()
[ERROR]2021-03-17 09:17:16,495: connect AGV04 failed timed out
[INFO]2021-03-17 09:17:16,761: AGV04 checkLink failed 192.168.128.204 19204
[DEBUG]2021-03-17 09:17:16,826: try connect AGV01 192.168.128.201:19204
[WARNING]2021-03-17 09:17:16,899: agvThread.AGV04[tid:14408] <lock name:agv.AGV04.lock_status,<locked _thread.RLock object owner=14408 count=1 at 0x000001BBF0795A30>> ,hold 10556 ms
[ERROR]2021-03-17 09:17:16,963: connect AGV05 failed timed out
[INFO]2021-03-17 09:17:17,278: AGV05 checkLink failed 192.168.128.205 19204
[INFO]2021-03-17 09:17:17,294: name=agvThread.AGV04, pid=8208, tid=14408
[01] File "C:/Python37/lib/threading.py", line 865, in run() 
[02] File "C:/Users/Administrator/Desktop/SVN/branches/agvCtrl/agvList.py", line 570, in run() 
[03] File "../driver/seerAgv/agvCtrl.py", line 36, in checkLink() 
[04] File "../driver/seerAgv/agvApi.py", line 186, in checkLink() 
[05] File "C:/Users/Administrator/Desktop/SVN/branches/common/lock.py", line 100, in release() 
[06] File "C:/Users/Administrator/Desktop/SVN/branches/common/enhance.py", line 258, in getTrace() 
[07] File "C:/Users/Administrator/Desktop/SVN/branches/common/enhance.py", line 240, in getThreadStack()
[WARNING]2021-03-17 09:17:17,340: agvThread.AGV05[tid:1532] <lock name:agv.AGV05.lock_status,<locked _thread.RLock object owner=1532 count=1 at 0x000001BBF0795CB0>> ,hold 10501 ms
[INFO]2021-03-17 09:17:17,557: name=agvThread.AGV05, pid=8208, tid=1532
[01] File "C:/Python37/lib/threading.py", line 865, in run() 
[02] File "C:/Users/Administrator/Desktop/SVN/branches/agvCtrl/agvList.py", line 570, in run() 
[03] File "../driver/seerAgv/agvCtrl.py", line 36, in checkLink() 
[04] File "../driver/seerAgv/agvApi.py", line 186, in checkLink() 
[05] File "C:/Users/Administrator/Desktop/SVN/branches/common/lock.py", line 100, in release() 
[06] File "C:/Users/Administrator/Desktop/SVN/branches/common/enhance.py", line 258, in getTrace() 
[07] File "C:/Users/Administrator/Desktop/SVN/branches/common/enhance.py", line 240, in getThreadStack()
[ERROR]2021-03-17 09:17:17,647: connect AGV06 failed timed out
[DEBUG]2021-03-17 09:17:17,741: try connect AGV02 192.168.128.202:19204
[ERROR]2021-03-17 09:17:17,835: connect AGV07 failed timed out
[INFO]2021-03-17 09:17:17,867: AGV06 checkLink failed 192.168.128.206 19204
[ERROR]2021-03-17 09:17:17,914: connect AGV08 failed timed out
[INFO]2021-03-17 09:17:18,038: AGV07 checkLink failed 192.168.128.207 19204
[WARNING]2021-03-17 09:17:18,101: agvThread.AGV06[tid:2612] <lock name:agv.AGV06.lock_status,<locked _thread.RLock object owner=2612 count=1 at 0x000001BBEFFFAEB8>> ,hold 10566 ms
[INFO]2021-03-17 09:17:18,226: AGV08 checkLink failed 192.168.128.208 19204
[WARNING]2021-03-17 09:17:18,320: agvThread.AGV07[tid:9164] <lock name:agv.AGV07.lock_status,<locked _thread.RLock object owner=9164 count=1 at 0x000001BBF0795058>> ,hold 10675 ms
[WARNING]2021-03-17 09:17:18,510: agvThread.AGV08[tid:11916] <lock name:agv.AGV08.lock_status,<locked _thread.RLock object owner=11916 count=1 at 0x000001BBEFFFAC60>> ,hold 10788 ms
[INFO]2021-03-17 09:17:18,526: name=agvThread.AGV06, pid=8208, tid=2612
[01] File "C:/Python37/lib/threading.py", line 865, in run() 
[02] File "C:/Users/Administrator/Desktop/SVN/branches/agvCtrl/agvList.py", line 570, in run() 
[03] File "../driver/seerAgv/agvCtrl.py", line 36, in checkLink() 
[04] File "../driver/seerAgv/agvApi.py", line 186, in checkLink() 
[05] File "C:/Users/Administrator/Desktop/SVN/branches/common/lock.py", line 100, in release() 
[06] File "C:/Users/Administrator/Desktop/SVN/branches/common/enhance.py", line 258, in getTrace() 
[07] File "C:/Users/Administrator/Desktop/SVN/branches/common/enhance.py", line 240, in getThreadStack()
[DEBUG]2021-03-17 09:17:18,635: try connect AGV03 192.168.128.203:19204
[INFO]2021-03-17 09:17:18,761: name=agvThread.AGV07, pid=8208, tid=9164
[01] File "C:/Python37/lib/threading.py", line 865, in run() 
[02] File "C:/Users/Administrator/Desktop/SVN/branches/agvCtrl/agvList.py", line 570, in run() 
[03] File "../driver/seerAgv/agvCtrl.py", line 36, in checkLink() 
[04] File "../driver/seerAgv/agvApi.py", line 186, in checkLink() 
[05] File "C:/Users/Administrator/Desktop/SVN/branches/common/lock.py", line 100, in release() 
[06] File "C:/Users/Administrator/Desktop/SVN/branches/common/enhance.py", line 258, in getTrace() 
[07] File "C:/Users/Administrator/Desktop/SVN/branches/common/enhance.py", line 240, in getThreadStack()
[INFO]2021-03-17 09:17:18,870: name=agvThread.AGV08, pid=8208, tid=11916
[01] File "C:/Python37/lib/threading.py", line 865, in run() 
[02] File "C:/Users/Administrator/Desktop/SVN/branches/agvCtrl/agvList.py", line 570, in run() 
[03] File "../driver/seerAgv/agvCtrl.py", line 36, in checkLink() 
[04] File "../driver/seerAgv/agvApi.py", line 186, in checkLink() 
[05] File "C:/Users/Administrator/Desktop/SVN/branches/common/lock.py", line 100, in release() 
[06] File "C:/Users/Administrator/Desktop/SVN/branches/common/enhance.py", line 258, in getTrace() 
[07] File "C:/Users/Administrator/Desktop/SVN/branches/common/enhance.py", line 240, in getThreadStack()
[DEBUG]2021-03-17 09:17:19,459: try connect AGV04 192.168.128.204:19204
[DEBUG]2021-03-17 09:17:19,691: try connect AGV05 192.168.128.205:19204
[DEBUG]2021-03-17 09:17:20,883: try connect AGV06 192.168.128.206:19204
[DEBUG]2021-03-17 09:17:21,170: try connect AGV07 192.168.128.207:19204
[DEBUG]2021-03-17 09:17:21,278: try connect AGV08 192.168.128.208:19204
[ERROR]2021-03-17 09:17:27,171: connect AGV01 failed timed out
[INFO]2021-03-17 09:17:27,315: AGV01 checkLink failed 192.168.128.201 19204
[WARNING]2021-03-17 09:17:27,485: agvThread.AGV01[tid:13824] <lock name:agv.AGV01.lock_status,<locked _thread.RLock object owner=13824 count=1 at 0x000001BBF0795328>> ,hold 10660 ms
[INFO]2021-03-17 09:17:27,611: name=agvThread.AGV01, pid=8208, tid=13824
[01] File "C:/Python37/lib/threading.py", line 865, in run() 
[02] File "C:/Users/Administrator/Desktop/SVN/branches/agvCtrl/agvList.py", line 570, in run() 
[03] File "../driver/seerAgv/agvCtrl.py", line 36, in checkLink() 
[04] File "../driver/seerAgv/agvApi.py", line 186, in checkLink() 
[05] File "C:/Users/Administrator/Desktop/SVN/branches/common/lock.py", line 100, in release() 
[06] File "C:/Users/Administrator/Desktop/SVN/branches/common/enhance.py", line 258, in getTrace() 
[07] File "C:/Users/Administrator/Desktop/SVN/branches/common/enhance.py", line 240, in getThreadStack()
[ERROR]2021-03-17 09:17:27,985: connect AGV02 failed timed out
[INFO]2021-03-17 09:17:28,046: AGV02 checkLink failed 192.168.128.202 19204
[WARNING]2021-03-17 09:17:28,138: agvThread.AGV02[tid:11032] <lock name:agv.AGV02.lock_status,<locked _thread.RLock object owner=11032 count=1 at 0x000001BBF0795530>> ,hold 10397 ms
[INFO]2021-03-17 09:17:28,324: name=agvThread.AGV02, pid=8208, tid=11032
[01] File "C:/Python37/lib/threading.py", line 865, in run() 
[02] File "C:/Users/Administrator/Desktop/SVN/branches/agvCtrl/agvList.py", line 570, in run() 
[03] File "../driver/seerAgv/agvCtrl.py", line 36, in checkLink() 
[04] File "../driver/seerAgv/agvApi.py", line 186, in checkLink() 
[05] File "C:/Users/Administrator/Desktop/SVN/branches/common/lock.py", line 100, in release() 
[06] File "C:/Users/Administrator/Desktop/SVN/branches/common/enhance.py", line 258, in getTrace() 
[07] File "C:/Users/Administrator/Desktop/SVN/branches/common/enhance.py", line 240, in getThreadStack()
[ERROR]2021-03-17 09:17:29,072: connect AGV03 failed timed out
[INFO]2021-03-17 09:17:29,182: AGV03 checkLink failed 192.168.128.203 19204
[WARNING]2021-03-17 09:17:29,275: agvThread.AGV03[tid:15100] <lock name:agv.AGV03.lock_status,<locked _thread.RLock object owner=15100 count=1 at 0x000001BBF07957B0>> ,hold 10640 ms
[INFO]2021-03-17 09:17:29,477: name=agvThread.AGV03, pid=8208, tid=15100
[01] File "C:/Python37/lib/threading.py", line 865, in run() 
[02] File "C:/Users/Administrator/Desktop/SVN/branches/agvCtrl/agvList.py", line 570, in run() 
[03] File "../driver/seerAgv/agvCtrl.py", line 36, in checkLink() 
[04] File "../driver/seerAgv/agvApi.py", line 186, in checkLink() 
[05] File "C:/Users/Administrator/Desktop/SVN/branches/common/lock.py", line 100, in release() 
[06] File "C:/Users/Administrator/Desktop/SVN/branches/common/enhance.py", line 258, in getTrace() 
[07] File "C:/Users/Administrator/Desktop/SVN/branches/common/enhance.py", line 240, in getThreadStack()
[ERROR]2021-03-17 09:17:29,598: connect AGV04 failed timed out
[DEBUG]2021-03-17 09:17:29,692: try connect AGV01 192.168.128.201:19204
[INFO]2021-03-17 09:17:29,692: AGV04 checkLink failed 192.168.128.204 19204
[ERROR]2021-03-17 09:17:29,817: connect AGV05 failed timed out
[WARNING]2021-03-17 09:17:29,879: agvThread.AGV04[tid:14408] <lock name:agv.AGV04.lock_status,<locked _thread.RLock object owner=14408 count=1 at 0x000001BBF0795A30>> ,hold 10420 ms
[INFO]2021-03-17 09:17:29,941: AGV05 checkLink failed 192.168.128.205 19204
[WARNING]2021-03-17 09:17:30,081: agvThread.AGV05[tid:1532] <lock name:agv.AGV05.lock_status,<locked _thread.RLock object owner=1532 count=1 at 0x000001BBF0795CB0>> ,hold 10390 ms
[INFO]2021-03-17 09:17:30,097: name=agvThread.AGV04, pid=8208, tid=14408
[01] File "C:/Python37/lib/threading.py", line 865, in run() 
[02] File "C:/Users/Administrator/Desktop/SVN/branches/agvCtrl/agvList.py", line 570, in run() 
[03] File "../driver/seerAgv/agvCtrl.py", line 36, in checkLink() 
[04] File "../driver/seerAgv/agvApi.py", line 186, in checkLink() 
[05] File "C:/Users/Administrator/Desktop/SVN/branches/common/lock.py", line 100, in release() 
[06] File "C:/Users/Administrator/Desktop/SVN/branches/common/enhance.py", line 258, in getTrace() 
[07] File "C:/Users/Administrator/Desktop/SVN/branches/common/enhance.py", line 240, in getThreadStack()
[INFO]2021-03-17 09:17:30,283: name=agvThread.AGV05, pid=8208, tid=1532
[01] File "C:/Python37/lib/threading.py", line 865, in run() 
[02] File "C:/Users/Administrator/Desktop/SVN/branches/agvCtrl/agvList.py", line 570, in run() 
[03] File "../driver/seerAgv/agvCtrl.py", line 36, in checkLink() 
[04] File "../driver/seerAgv/agvApi.py", line 186, in checkLink() 
[05] File "C:/Users/Administrator/Desktop/SVN/branches/common/lock.py", line 100, in release() 
[06] File "C:/Users/Administrator/Desktop/SVN/branches/common/enhance.py", line 258, in getTrace() 
[07] File "C:/Users/Administrator/Desktop/SVN/branches/common/enhance.py", line 240, in getThreadStack()
[DEBUG]2021-03-17 09:17:30,458: try connect AGV02 192.168.128.202:19204
[ERROR]2021-03-17 09:17:30,986: connect AGV06 failed timed out
[INFO]2021-03-17 09:17:31,077: AGV06 checkLink failed 192.168.128.206 19204
[WARNING]2021-03-17 09:17:31,139: agvThread.AGV06[tid:2612] <lock name:agv.AGV06.lock_status,<locked _thread.RLock object owner=2612 count=1 at 0x000001BBEFFFAEB8>> ,hold 10256 ms
[ERROR]2021-03-17 09:17:31,295: connect AGV07 failed timed out
[INFO]2021-03-17 09:17:31,357: name=agvThread.AGV06, pid=8208, tid=2612
[01] File "C:/Python37/lib/threading.py", line 865, in run() 
[02] File "C:/Users/Administrator/Desktop/SVN/branches/agvCtrl/agvList.py", line 570, in run() 
[03] File "../driver/seerAgv/agvCtrl.py", line 36, in checkLink() 
[04] File "../driver/seerAgv/agvApi.py", line 186, in checkLink() 
[05] File "C:/Users/Administrator/Desktop/SVN/branches/common/lock.py", line 100, in release() 
[06] File "C:/Users/Administrator/Desktop/SVN/branches/common/enhance.py", line 258, in getTrace() 
[07] File "C:/Users/Administrator/Desktop/SVN/branches/common/enhance.py", line 240, in getThreadStack()
[INFO]2021-03-17 09:17:31,402: AGV07 checkLink failed 192.168.128.207 19204
[ERROR]2021-03-17 09:17:31,449: connect AGV08 failed timed out
[WARNING]2021-03-17 09:17:31,556: agvThread.AGV07[tid:9164] <lock name:agv.AGV07.lock_status,<locked _thread.RLock object owner=9164 count=1 at 0x000001BBF0795058>> ,hold 10386 ms
[DEBUG]2021-03-17 09:17:31,647: try connect AGV03 192.168.128.203:19204
[INFO]2021-03-17 09:17:31,663: AGV08 checkLink failed 192.168.128.208 19204
[INFO]2021-03-17 09:17:31,849: name=agvThread.AGV07, pid=8208, tid=9164
[01] File "C:/Python37/lib/threading.py", line 865, in run() 
[02] File "C:/Users/Administrator/Desktop/SVN/branches/agvCtrl/agvList.py", line 570, in run() 
[03] File "../driver/seerAgv/agvCtrl.py", line 36, in checkLink() 
[04] File "../driver/seerAgv/agvApi.py", line 186, in checkLink() 
[05] File "C:/Users/Administrator/Desktop/SVN/branches/common/lock.py", line 100, in release() 
[06] File "C:/Users/Administrator/Desktop/SVN/branches/common/enhance.py", line 258, in getTrace() 
[07] File "C:/Users/Administrator/Desktop/SVN/branches/common/enhance.py", line 240, in getThreadStack()
[WARNING]2021-03-17 09:17:31,959: agvThread.AGV08[tid:11916] <lock name:agv.AGV08.lock_status,<locked _thread.RLock object owner=11916 count=1 at 0x000001BBEFFFAC60>> ,hold 10681 ms
[DEBUG]2021-03-17 09:17:32,213: try connect AGV04 192.168.128.204:19204
[INFO]2021-03-17 09:17:32,306: name=agvThread.AGV08, pid=8208, tid=11916
[01] File "C:/Python37/lib/threading.py", line 865, in run() 
[02] File "C:/Users/Administrator/Desktop/SVN/branches/agvCtrl/agvList.py", line 570, in run() 
[03] File "../driver/seerAgv/agvCtrl.py", line 36, in checkLink() 
[04] File "../driver/seerAgv/agvApi.py", line 186, in checkLink() 
[05] File "C:/Users/Administrator/Desktop/SVN/branches/common/lock.py", line 100, in release() 
[06] File "C:/Users/Administrator/Desktop/SVN/branches/common/enhance.py", line 258, in getTrace() 
[07] File "C:/Users/Administrator/Desktop/SVN/branches/common/enhance.py", line 240, in getThreadStack()
[DEBUG]2021-03-17 09:17:32,401: try connect AGV05 192.168.128.205:19204
[DEBUG]2021-03-17 09:17:33,478: try connect AGV06 192.168.128.206:19204
[DEBUG]2021-03-17 09:17:34,099: try connect AGV07 192.168.128.207:19204
[DEBUG]2021-03-17 09:17:34,395: try connect AGV08 192.168.128.208:19204
[ERROR]2021-03-17 09:17:39,871: connect AGV01 failed timed out
[INFO]2021-03-17 09:17:39,934: AGV01 checkLink failed 192.168.128.201 19204
[WARNING]2021-03-17 09:17:40,044: agvThread.AGV01[tid:13824] <lock name:agv.AGV01.lock_status,<locked _thread.RLock object owner=13824 count=1 at 0x000001BBF0795328>> ,hold 10352 ms
[INFO]2021-03-17 09:17:40,184: name=agvThread.AGV01, pid=8208, tid=13824
[01] File "C:/Python37/lib/threading.py", line 865, in run() 
[02] File "C:/Users/Administrator/Desktop/SVN/branches/agvCtrl/agvList.py", line 570, in run() 
[03] File "../driver/seerAgv/agvCtrl.py", line 36, in checkLink() 
[04] File "../driver/seerAgv/agvApi.py", line 186, in checkLink() 
[05] File "C:/Users/Administrator/Desktop/SVN/branches/common/lock.py", line 100, in release() 
[06] File "C:/Users/Administrator/Desktop/SVN/branches/common/enhance.py", line 258, in getTrace() 
[07] File "C:/Users/Administrator/Desktop/SVN/branches/common/enhance.py", line 240, in getThreadStack()
[ERROR]2021-03-17 09:17:40,633: connect AGV02 failed timed out
[INFO]2021-03-17 09:17:40,696: AGV02 checkLink failed 192.168.128.202 19204
[WARNING]2021-03-17 09:17:40,776: agvThread.AGV02[tid:11032] <lock name:agv.AGV02.lock_status,<locked _thread.RLock object owner=11032 count=1 at 0x000001BBF0795530>> ,hold 10318 ms
[INFO]2021-03-17 09:17:40,981: name=agvThread.AGV02, pid=8208, tid=11032
[01] File "C:/Python37/lib/threading.py", line 865, in run() 
[02] File "C:/Users/Administrator/Desktop/SVN/branches/agvCtrl/agvList.py", line 570, in run() 
[03] File "../driver/seerAgv/agvCtrl.py", line 36, in checkLink() 
[04] File "../driver/seerAgv/agvApi.py", line 186, in checkLink() 
[05] File "C:/Users/Administrator/Desktop/SVN/branches/common/lock.py", line 100, in release() 
[06] File "C:/Users/Administrator/Desktop/SVN/branches/common/enhance.py", line 258, in getTrace() 
[07] File "C:/Users/Administrator/Desktop/SVN/branches/common/enhance.py", line 240, in getThreadStack()
[ERROR]2021-03-17 09:17:41,909: connect AGV03 failed timed out
[INFO]2021-03-17 09:17:41,988: AGV03 checkLink failed 192.168.128.203 19204
[WARNING]2021-03-17 09:17:42,050: agvThread.AGV03[tid:15100] <lock name:agv.AGV03.lock_status,<locked _thread.RLock object owner=15100 count=1 at 0x000001BBF07957B0>> ,hold 10403 ms
[INFO]2021-03-17 09:17:42,236: name=agvThread.AGV03, pid=8208, tid=15100
[01] File "C:/Python37/lib/threading.py", line 865, in run() 
[02] File "C:/Users/Administrator/Desktop/SVN/branches/agvCtrl/agvList.py", line 570, in run() 
[03] File "../driver/seerAgv/agvCtrl.py", line 36, in checkLink() 
[04] File "../driver/seerAgv/agvApi.py", line 186, in checkLink() 
[05] File "C:/Users/Administrator/Desktop/SVN/branches/common/lock.py", line 100, in release() 
[06] File "C:/Users/Administrator/Desktop/SVN/branches/common/enhance.py", line 258, in getTrace() 
[07] File "C:/Users/Administrator/Desktop/SVN/branches/common/enhance.py", line 240, in getThreadStack()
[DEBUG]2021-03-17 09:17:42,312: try connect AGV01 192.168.128.201:19204
[ERROR]2021-03-17 09:17:42,343: connect AGV04 failed timed out
[INFO]2021-03-17 09:17:42,485: AGV04 checkLink failed 192.168.128.204 19204
[ERROR]2021-03-17 09:17:42,516: connect AGV05 failed timed out
[WARNING]2021-03-17 09:17:42,563: agvThread.AGV04[tid:14408] <lock name:agv.AGV04.lock_status,<locked _thread.RLock object owner=14408 count=1 at 0x000001BBF0795A30>> ,hold 10350 ms
[INFO]2021-03-17 09:17:42,687: AGV05 checkLink failed 192.168.128.205 19204
[INFO]2021-03-17 09:17:42,857: name=agvThread.AGV04, pid=8208, tid=14408
[01] File "C:/Python37/lib/threading.py", line 865, in run() 
[02] File "C:/Users/Administrator/Desktop/SVN/branches/agvCtrl/agvList.py", line 570, in run() 
[03] File "../driver/seerAgv/agvCtrl.py", line 36, in checkLink() 
[04] File "../driver/seerAgv/agvApi.py", line 186, in checkLink() 
[05] File "C:/Users/Administrator/Desktop/SVN/branches/common/lock.py", line 100, in release() 
[06] File "C:/Users/Administrator/Desktop/SVN/branches/common/enhance.py", line 258, in getTrace() 
[07] File "C:/Users/Administrator/Desktop/SVN/branches/common/enhance.py", line 240, in getThreadStack()
[WARNING]2021-03-17 09:17:42,858: agvThread.AGV05[tid:1532] <lock name:agv.AGV05.lock_status,<locked _thread.RLock object owner=1532 count=1 at 0x000001BBF0795CB0>> ,hold 10457 ms
[DEBUG]2021-03-17 09:17:43,049: try connect AGV02 192.168.128.202:19204
[INFO]2021-03-17 09:17:43,169: name=agvThread.AGV05, pid=8208, tid=1532
[01] File "C:/Python37/lib/threading.py", line 865, in run() 
[02] File "C:/Users/Administrator/Desktop/SVN/branches/agvCtrl/agvList.py", line 570, in run() 
[03] File "../driver/seerAgv/agvCtrl.py", line 36, in checkLink() 
[04] File "../driver/seerAgv/agvApi.py", line 186, in checkLink() 
[05] File "C:/Users/Administrator/Desktop/SVN/branches/common/lock.py", line 100, in release() 
[06] File "C:/Users/Administrator/Desktop/SVN/branches/common/enhance.py", line 258, in getTrace() 
[07] File "C:/Users/Administrator/Desktop/SVN/branches/common/enhance.py", line 240, in getThreadStack()
[ERROR]2021-03-17 09:17:43,644: connect AGV06 failed timed out
[INFO]2021-03-17 09:17:43,768: AGV06 checkLink failed 192.168.128.206 19204
[WARNING]2021-03-17 09:17:43,877: agvThread.AGV06[tid:2612] <lock name:agv.AGV06.lock_status,<locked _thread.RLock object owner=2612 count=1 at 0x000001BBEFFFAEB8>> ,hold 10399 ms
[INFO]2021-03-17 09:17:44,032: name=agvThread.AGV06, pid=8208, tid=2612
[01] File "C:/Python37/lib/threading.py", line 865, in run() 
[02] File "C:/Users/Administrator/Desktop/SVN/branches/agvCtrl/agvList.py", line 570, in run() 
[03] File "../driver/seerAgv/agvCtrl.py", line 36, in checkLink() 
[04] File "../driver/seerAgv/agvApi.py", line 186, in checkLink() 
[05] File "C:/Users/Administrator/Desktop/SVN/branches/common/lock.py", line 100, in release() 
[06] File "C:/Users/Administrator/Desktop/SVN/branches/common/enhance.py", line 258, in getTrace() 
[07] File "C:/Users/Administrator/Desktop/SVN/branches/common/enhance.py", line 240, in getThreadStack()
[ERROR]2021-03-17 09:17:44,204: connect AGV07 failed timed out
[INFO]2021-03-17 09:17:44,284: AGV07 checkLink failed 192.168.128.207 19204
[DEBUG]2021-03-17 09:17:44,346: try connect AGV03 192.168.128.203:19204
[WARNING]2021-03-17 09:17:44,356: agvThread.AGV07[tid:9164] <lock name:agv.AGV07.lock_status,<locked _thread.RLock object owner=9164 count=1 at 0x000001BBF0795058>> ,hold 10257 ms
[ERROR]2021-03-17 09:17:44,516: connect AGV08 failed timed out
[INFO]2021-03-17 09:17:44,706: AGV08 checkLink failed 192.168.128.208 19204
[INFO]2021-03-17 09:17:44,783: name=agvThread.AGV07, pid=8208, tid=9164
[01] File "C:/Python37/lib/threading.py", line 865, in run() 
[02] File "C:/Users/Administrator/Desktop/SVN/branches/agvCtrl/agvList.py", line 570, in run() 
[03] File "../driver/seerAgv/agvCtrl.py", line 36, in checkLink() 
[04] File "../driver/seerAgv/agvApi.py", line 186, in checkLink() 
[05] File "C:/Users/Administrator/Desktop/SVN/branches/common/lock.py", line 100, in release() 
[06] File "C:/Users/Administrator/Desktop/SVN/branches/common/enhance.py", line 258, in getTrace() 
[07] File "C:/Users/Administrator/Desktop/SVN/branches/common/enhance.py", line 240, in getThreadStack()
[WARNING]2021-03-17 09:17:44,850: agvThread.AGV08[tid:11916] <lock name:agv.AGV08.lock_status,<locked _thread.RLock object owner=11916 count=1 at 0x000001BBEFFFAC60>> ,hold 10455 ms
[DEBUG]2021-03-17 09:17:44,941: try connect AGV04 192.168.128.204:19204
[INFO]2021-03-17 09:17:45,141: name=agvThread.AGV08, pid=8208, tid=11916
[01] File "C:/Python37/lib/threading.py", line 865, in run() 
[02] File "C:/Users/Administrator/Desktop/SVN/branches/agvCtrl/agvList.py", line 570, in run() 
[03] File "../driver/seerAgv/agvCtrl.py", line 36, in checkLink() 
[04] File "../driver/seerAgv/agvApi.py", line 186, in checkLink() 
[05] File "C:/Users/Administrator/Desktop/SVN/branches/common/lock.py", line 100, in release() 
[06] File "C:/Users/Administrator/Desktop/SVN/branches/common/enhance.py", line 258, in getTrace() 
[07] File "C:/Users/Administrator/Desktop/SVN/branches/common/enhance.py", line 240, in getThreadStack()
[DEBUG]2021-03-17 09:17:45,341: try connect AGV05 192.168.128.205:19204
[DEBUG]2021-03-17 09:17:46,089: try connect AGV06 192.168.128.206:19204
[DEBUG]2021-03-17 09:17:46,971: try connect AGV07 192.168.128.207:19204
[DEBUG]2021-03-17 09:17:47,336: try connect AGV08 192.168.128.208:19204
