[INFO]2021-03-29 09:32:54,499: log files at C:\Users\Administrator\Desktop\SVN\branches\common\log
[INFO]2021-03-29 09:32:54,500: find module account.main_account
[INFO]2021-03-29 09:32:54,501: find module agvCtrl.main_agv
[INFO]2021-03-29 09:32:54,501: find module agvDevice.main_agvDevice
[INFO]2021-03-29 09:32:54,502: find module alarm.main_alarm
[INFO]2021-03-29 09:32:54,503: find module auth.main_auth
[INFO]2021-03-29 09:32:54,503: find module door.main_door
[INFO]2021-03-29 09:32:54,504: find module elevator.main_elevator
[INFO]2021-03-29 09:32:54,504: find module feed.main_feed
[INFO]2021-03-29 09:32:54,505: find module menu.main_menu
[INFO]2021-03-29 09:32:54,505: find module pharmapackCtrl.main_scadaCtrl
[INFO]2021-03-29 09:32:54,506: find module webFront.main_web
[INFO]2021-03-29 09:32:54,506: find module wmqtt.main_wmqtt
[INFO]2021-03-29 09:32:54,506: import account.main_account
[INFO]2021-03-29 09:32:54,590: import agvCtrl.main_agv
[INFO]2021-03-29 09:32:54,881: create lock <lock name:doorMgr.lock,<unlocked _thread.RLock object owner=0 count=0 at 0x000001F4A8E258F0>>
[INFO]2021-03-29 09:32:54,885: create lock <lock name:door.lock,<unlocked _thread.RLock object owner=0 count=0 at 0x000001F4A8E25AA8>>
[INFO]2021-03-29 09:32:54,979: create lock <lock name:timer.lock_2150320840544,<unlocked _thread.RLock object owner=0 count=0 at 0x000001F4A9181508>>
[ERROR]2021-03-29 09:32:54,990: mqtt is disabled
[INFO]2021-03-29 09:32:54,991: mqtt: subscribe [alarm/raise/+]
[INFO]2021-03-29 09:32:54,992: mqtt: subscribe [alarm/clear/+]
[INFO]2021-03-29 09:32:58,027: Mongodb connect to 127.0.0.1 port 27017
[INFO]2021-03-29 09:32:58,055: create lock <lock name:elevatorMgr.lock,<unlocked _thread.RLock object owner=0 count=0 at 0x000001F4A7475878>>
[WARNING]2021-03-29 09:32:58,070: use mockAgvCtrl
[INFO]2021-03-29 09:32:58,073: create lock <lock name:mapMgr.lock,<unlocked _thread.RLock object owner=0 count=0 at 0x000001F4A77F57D8>>
[INFO]2021-03-29 09:32:58,329: create lock <lock name:agvList.g_agvLock,<unlocked _thread.RLock object owner=0 count=0 at 0x000001F4A9614828>>
[INFO]2021-03-29 09:32:58,333: create lock <lock name:taskList.lock,<unlocked _thread.RLock object owner=0 count=0 at 0x000001F4A9631A58>>
[INFO]2021-03-29 09:32:58,389: charge policy 1 , fix time
[INFO]2021-03-29 09:32:58,420: create lock <lock name:agvApi.g_lock,<unlocked _thread.RLock object owner=0 count=0 at 0x000001F4A9631D50>>
[INFO]2021-03-29 09:32:59,627: start load map C:\Users\Administrator\Desktop\SVN\branches\agvCtrl\projects\test\20190911_F1.smap
[DEBUG]2021-03-29 09:32:59,830: create aliveObj DOOR40 门控离线异常 timeout 60
[DEBUG]2021-03-29 09:32:59,832: create aliveObj DOOR41 门控离线异常 timeout 60
[DEBUG]2021-03-29 09:32:59,846: elevator thread start
[INFO]2021-03-29 09:32:59,867: load map C:\Users\Administrator\Desktop\SVN\branches\agvCtrl\projects\test\20190911_F1.smap ,used 248 ms
[INFO]2021-03-29 09:32:59,879: start load map C:\Users\Administrator\Desktop\SVN\branches\agvCtrl\projects\test\408.smap
[INFO]2021-03-29 09:32:59,929: load map C:\Users\Administrator\Desktop\SVN\branches\agvCtrl\projects\test\408.smap ,used 61 ms
[INFO]2021-03-29 09:32:59,939: start load map C:\Users\Administrator\Desktop\SVN\branches\agvCtrl\projects\test\510.smap
[INFO]2021-03-29 09:33:00,014: load map C:\Users\Administrator\Desktop\SVN\branches\agvCtrl\projects\test\510.smap ,used 83 ms
[INFO]2021-03-29 09:33:00,025: start load map C:\Users\Administrator\Desktop\SVN\branches\agvCtrl\projects\test\8-222.smap
[INFO]2021-03-29 09:33:00,067: load map C:\Users\Administrator\Desktop\SVN\branches\agvCtrl\projects\test\8-222.smap ,used 50 ms
[INFO]2021-03-29 09:33:00,078: start load map C:\Users\Administrator\Desktop\SVN\branches\agvCtrl\projects\test\akmsmt.smap
[INFO]2021-03-29 09:33:00,121: load map C:\Users\Administrator\Desktop\SVN\branches\agvCtrl\projects\test\akmsmt.smap ,used 52 ms
[INFO]2021-03-29 09:33:00,132: start load map C:\Users\Administrator\Desktop\SVN\branches\agvCtrl\projects\test\akmsmtMap.smap
[INFO]2021-03-29 09:33:00,230: load map C:\Users\Administrator\Desktop\SVN\branches\agvCtrl\projects\test\akmsmtMap.smap ,used 107 ms
[INFO]2021-03-29 09:33:00,240: start load map C:\Users\Administrator\Desktop\SVN\branches\agvCtrl\projects\test\bell.smap
[INFO]2021-03-29 09:33:00,273: load map C:\Users\Administrator\Desktop\SVN\branches\agvCtrl\projects\test\bell.smap ,used 41 ms
[INFO]2021-03-29 09:33:00,286: start load map C:\Users\Administrator\Desktop\SVN\branches\agvCtrl\projects\test\big.smap
[INFO]2021-03-29 09:33:01,390: load map C:\Users\Administrator\Desktop\SVN\branches\agvCtrl\projects\test\big.smap ,used 1112 ms
[INFO]2021-03-29 09:33:01,398: start load map C:\Users\Administrator\Desktop\SVN\branches\agvCtrl\projects\test\comba-ZXC-F3.smap
[INFO]2021-03-29 09:33:01,493: load map C:\Users\Administrator\Desktop\SVN\branches\agvCtrl\projects\test\comba-ZXC-F3.smap ,used 102 ms
[INFO]2021-03-29 09:33:01,503: start load map C:\Users\Administrator\Desktop\SVN\branches\agvCtrl\projects\test\desai-all-20191223.smap
[INFO]2021-03-29 09:33:01,616: load map C:\Users\Administrator\Desktop\SVN\branches\agvCtrl\projects\test\desai-all-20191223.smap ,used 121 ms
[INFO]2021-03-29 09:33:01,626: start load map C:\Users\Administrator\Desktop\SVN\branches\agvCtrl\projects\test\fp-neiwei.smap
[INFO]2021-03-29 09:33:01,805: load map C:\Users\Administrator\Desktop\SVN\branches\agvCtrl\projects\test\fp-neiwei.smap ,used 187 ms
[INFO]2021-03-29 09:33:01,815: start load map C:\Users\Administrator\Desktop\SVN\branches\agvCtrl\projects\test\fp20190712-1.smap
[DEBUG]2021-03-29 09:33:02,918: create aliveObj DOOR13 门控离线异常 timeout 60
[DEBUG]2021-03-29 09:33:02,921: create aliveObj DOOR23 门控离线异常 timeout 60
[DEBUG]2021-03-29 09:33:02,922: create aliveObj DOOR08 门控离线异常 timeout 60
[DEBUG]2021-03-29 09:33:02,925: create aliveObj DOOR09 门控离线异常 timeout 60
[DEBUG]2021-03-29 09:33:02,926: create aliveObj DOOR15 门控离线异常 timeout 60
[DEBUG]2021-03-29 09:33:02,927: create aliveObj DOOR07 门控离线异常 timeout 60
[DEBUG]2021-03-29 09:33:02,928: create aliveObj DOOR04 门控离线异常 timeout 60
[DEBUG]2021-03-29 09:33:02,928: create aliveObj DOOR06 门控离线异常 timeout 60
[DEBUG]2021-03-29 09:33:02,929: create aliveObj DOOR17 门控离线异常 timeout 60
[DEBUG]2021-03-29 09:33:02,930: create aliveObj DOOR18 门控离线异常 timeout 60
[DEBUG]2021-03-29 09:33:02,930: create aliveObj DOOR20 门控离线异常 timeout 60
[DEBUG]2021-03-29 09:33:02,931: create aliveObj DOOR25 门控离线异常 timeout 60
[DEBUG]2021-03-29 09:33:02,931: create aliveObj DOOR101 门控离线异常 timeout 60
[DEBUG]2021-03-29 09:33:02,932: create aliveObj DOOR27 门控离线异常 timeout 60
[INFO]2021-03-29 09:33:02,967: load map C:\Users\Administrator\Desktop\SVN\branches\agvCtrl\projects\test\fp20190712-1.smap ,used 1160 ms
[INFO]2021-03-29 09:33:02,977: start load map C:\Users\Administrator\Desktop\SVN\branches\agvCtrl\projects\test\shuqin.smap
[INFO]2021-03-29 09:33:03,011: load map C:\Users\Administrator\Desktop\SVN\branches\agvCtrl\projects\test\shuqin.smap ,used 42 ms
[INFO]2021-03-29 09:33:03,021: start load map C:\Users\Administrator\Desktop\SVN\branches\agvCtrl\projects\test\test430.smap
[INFO]2021-03-29 09:33:03,071: load map C:\Users\Administrator\Desktop\SVN\branches\agvCtrl\projects\test\test430.smap ,used 58 ms
[INFO]2021-03-29 09:33:03,083: start load map C:\Users\Administrator\Desktop\SVN\branches\agvCtrl\projects\test\testdesay.smap
[INFO]2021-03-29 09:33:03,168: load map C:\Users\Administrator\Desktop\SVN\branches\agvCtrl\projects\test\testdesay.smap ,used 93 ms
[INFO]2021-03-29 09:33:03,178: start load map C:\Users\Administrator\Desktop\SVN\branches\agvCtrl\projects\test\testmap.smap
[INFO]2021-03-29 09:33:03,391: load map C:\Users\Administrator\Desktop\SVN\branches\agvCtrl\projects\test\testmap.smap ,used 221 ms
[INFO]2021-03-29 09:33:03,401: start load map C:\Users\Administrator\Desktop\SVN\branches\agvCtrl\projects\test\testscada.smap
[INFO]2021-03-29 09:33:03,475: load map C:\Users\Administrator\Desktop\SVN\branches\agvCtrl\projects\test\testscada.smap ,used 82 ms
[WARNING]2021-03-29 09:33:03,477: MainThread[tid:1768] <lock name:mapMgr.lock,<locked _thread.RLock object owner=1768 count=1 at 0x000001F4A77F57D8>> ,hold 5055 ms
[INFO]2021-03-29 09:33:03,481: name=MainThread, pid=12612, tid=1768
[01] File "run_all.py", line 57, in <module>() 
[02] File "run_all.py", line 39, in findModule() 
[03] File "<frozen importlib._bootstrap>", line 983, in _find_and_load() 
[04] File "<frozen importlib._bootstrap>", line 967, in _find_and_load_unlocked() 
[05] File "<frozen importlib._bootstrap>", line 677, in _load_unlocked() 
[06] File "<frozen importlib._bootstrap_external>", line 728, in exec_module() 
[07] File "<frozen importlib._bootstrap>", line 219, in _call_with_frames_removed() 
[08] File "C:/Users/Administrator/Desktop/SVN/branches/agvCtrl/main_agv.py", line 22, in <module>() 
[09] File "C:/Users/Administrator/Desktop/SVN/branches/common/lock.py", line 122, in _call() 
[10] File "C:/Users/Administrator/Desktop/SVN/branches/common/lock.py", line 100, in release() 
[11] File "C:/Users/Administrator/Desktop/SVN/branches/common/enhance.py", line 258, in getTrace() 
[12] File "C:/Users/Administrator/Desktop/SVN/branches/common/enhance.py", line 240, in getThreadStack()
[INFO]2021-03-29 09:33:03,485: import agvDevice.main_agvDevice
[INFO]2021-03-29 09:33:03,486: import alarm.main_alarm
[INFO]2021-03-29 09:33:03,487: import auth.main_auth
[INFO]2021-03-29 09:33:03,496: import door.main_door
[INFO]2021-03-29 09:33:03,499: import elevator.main_elevator
[INFO]2021-03-29 09:33:03,517: create lock <lock name:elevatorApi.tcp_lock,<unlocked _thread.RLock object owner=0 count=0 at 0x000001F4AD3AA350>>
[INFO]2021-03-29 09:33:03,519: create lock <lock name:elevatorApi.g_lock,<unlocked _thread.RLock object owner=0 count=0 at 0x000001F4AD2C1D28>>
[INFO]2021-03-29 09:33:03,520: import feed.main_feed
[INFO]2021-03-29 09:33:03,532: create lock <lock name:feedTask.g_lock,<unlocked _thread.RLock object owner=0 count=0 at 0x000001F4AD5F4C88>>
[INFO]2021-03-29 09:33:03,539: create lock <lock name:agvApi.g_lock,<unlocked _thread.RLock object owner=0 count=0 at 0x000001F4AD6A89B8>>
[INFO]2021-03-29 09:33:03,609: import menu.main_menu
[INFO]2021-03-29 09:33:04,013: import pharmapackCtrl.main_scadaCtrl
[INFO]2021-03-29 09:33:04,100: create lock <lock name:runTasks.g_lock,<unlocked _thread.RLock object owner=0 count=0 at 0x000001F4AD709DF0>>
[INFO]2021-03-29 09:33:04,102: create lock <lock name:runTasks.pre_lock,<unlocked _thread.RLock object owner=0 count=0 at 0x000001F4AD709D50>>
[INFO]2021-03-29 09:33:04,164: import webFront.main_web
[INFO]2021-03-29 09:33:04,169: import wmqtt.main_wmqtt
[SUCC]2021-03-29 09:33:04,182: utility start, pid=12612, ppid=12844
[DEBUG]2021-03-29 09:33:04,182: start timer
[INFO]2021-03-29 09:33:04,195: load agv file: C:\Users\Administrator\Desktop\SVN\branches\agvCtrl/projects/test/agv.cfg
[INFO]2021-03-29 09:33:04,196: create lock <lock name:agvList.AGV01.lock,<unlocked _thread.RLock object owner=0 count=0 at 0x000001F4ADADD120>>
[DEBUG]2021-03-29 09:33:04,201: create aliveObj AGV01 AGV离线异常 timeout 300
[INFO]2021-03-29 09:33:04,203: AGV01 start agvList run thread
[INFO]2021-03-29 09:33:04,203: AGV01 start agvList run2 thread
[ERROR]2021-03-29 09:33:04,214: agv check init error False
[INFO]2021-03-29 09:33:04,217: add_ignore: taskStatus
[INFO]2021-03-29 09:33:04,219: add_ignore: api/elevator/status
[INFO]2021-03-29 09:33:04,220: add_ignore: scada/getTask
[INFO]2021-03-29 09:33:04,725: AGV01 current map comba-ZXC-F3
[INFO]2021-03-29 09:33:04,728: AGV01 is online
[WARNING]2021-03-29 09:33:05,202: clear alarm obj=DOOR40, typeId=39998, id=606127cc502fc70814fdfc52
[WARNING]2021-03-29 09:33:05,212: clear alarm obj=DOOR41, typeId=39998, id=606127cc502fc70814fdfc54
[DEBUG]2021-03-29 09:33:06,234: GET: http://127.0.0.1:5551/api/agv/init?appName=scadaTask addr: 127.0.0.1
[INFO]2021-03-29 09:33:06,237: scadaTask init client agvApi
[DEBUG]2021-03-29 09:33:06,241: used 7ms 200 OK application/json;charset=utf-8, GET: http://127.0.0.1:5551/api/agv/init?appName=scadaTask
[DEBUG]2021-03-29 09:33:09,336: GET: http://127.0.0.1:5551/api/agv/startCharge?appName=scadaTask addr: 127.0.0.1
[DEBUG]2021-03-29 09:33:09,398: used 62ms 200 OK application/json;charset=utf-8, GET: http://127.0.0.1:5551/api/agv/startCharge?appName=scadaTask
[WARNING]2021-03-29 09:33:09,540: timer_thread[tid:8348] <lock name:runTasks.g_lock,<locked _thread.RLock object owner=8348 count=1 at 0x000001F4AD709DF0>> ,hold 3323 ms
[INFO]2021-03-29 09:33:09,841: name=timer_thread, pid=12612, tid=8348
[01] File "C:/Python37/lib/threading.py", line 865, in run() 
[02] File "C:/Users/Administrator/Desktop/SVN/branches/common/mytimer.py", line 113, in _loop() 
[03] File "C:/Users/Administrator/Desktop/SVN/branches/common/lock.py", line 122, in _call() 
[04] File "C:/Users/Administrator/Desktop/SVN/branches/common/lock.py", line 100, in release() 
[05] File "C:/Users/Administrator/Desktop/SVN/branches/common/enhance.py", line 258, in getTrace() 
[06] File "C:/Users/Administrator/Desktop/SVN/branches/common/enhance.py", line 240, in getThreadStack()
[WARNING]2021-03-29 09:33:11,346: clear alarm obj=DOOR13, typeId=39998, id=606127cc502fc70814fdfc56
[WARNING]2021-03-29 09:33:11,553: clear alarm obj=DOOR23, typeId=39998, id=606127cd502fc70814fdfc58
[WARNING]2021-03-29 09:33:11,757: clear alarm obj=DOOR08, typeId=39998, id=606127cd502fc70814fdfc5a
[WARNING]2021-03-29 09:33:12,024: clear alarm obj=DOOR09, typeId=39998, id=606127cd502fc70814fdfc5c
[WARNING]2021-03-29 09:33:12,364: clear alarm obj=DOOR15, typeId=39998, id=606127cd502fc70814fdfc5e
[WARNING]2021-03-29 09:33:12,598: clear alarm obj=DOOR07, typeId=39998, id=606127cd502fc70814fdfc60
[WARNING]2021-03-29 09:33:12,817: clear alarm obj=DOOR04, typeId=39998, id=606127cd502fc70814fdfc62
[WARNING]2021-03-29 09:33:13,162: clear alarm obj=DOOR06, typeId=39998, id=606127cd502fc70814fdfc64
[WARNING]2021-03-29 09:33:13,338: clear alarm obj=DOOR17, typeId=39998, id=606127cd502fc70814fdfc66
[WARNING]2021-03-29 09:33:13,497: clear alarm obj=DOOR18, typeId=39998, id=606127cd502fc70814fdfc68
[WARNING]2021-03-29 09:33:13,790: clear alarm obj=DOOR20, typeId=39998, id=606127cd502fc70814fdfc6a
[WARNING]2021-03-29 09:33:14,119: clear alarm obj=DOOR25, typeId=39998, id=606127ce502fc70814fdfc6c
[WARNING]2021-03-29 09:33:14,401: clear alarm obj=DOOR101, typeId=39998, id=606127ce502fc70814fdfc6e
[WARNING]2021-03-29 09:33:14,791: clear alarm obj=DOOR27, typeId=39998, id=606127ce502fc70814fdfc70
[DEBUG]2021-03-29 09:33:25,149: GET: http://127.0.0.1:5551/api/scada/addTask?source=ZXC01&target=ZXC03&payloadId=&priority=1 addr: 127.0.0.1
[INFO]2021-03-29 09:33:25,167: Scada send a task to the server from ZXC01 to ZXC03 payloadId: None
[INFO]2021-03-29 09:33:25,190: to this
[INFO]2021-03-29 09:33:25,224: create task[60612e65eb3981607d2abfc7]: type= scadaTask , 从ZXC01运送货架到ZXC03 {'source': 'ZXC01', 'target': 'ZXC03', 'payloadId': None, 'priority': 1, 'type': 'scadaTask', 'taskName': '从ZXC01运送货架到ZXC03', 'createTime': datetime.datetime(2021, 3, 29, 9, 33, 25, 218257), 'updateTime': datetime.datetime(2021, 3, 29, 9, 33, 25, 218257), 'startTime': None, 'endTime': None, 'status': 'waiting', 'step': 'waiting', 'failMsg': None, 'history': [], '_id': ObjectId('60612e65eb3981607d2abfc7')}
[INFO]2021-03-29 09:33:25,247: 
[INFO]2021-03-29 09:33:25,302: {'_id': 'ZXC01', 'location': '37', 'prepoint': '18', 'floorId': 'comba-ZXC-F3', 'p_direction': 0.0, 'isWorkPlace': 'true'}
{'_id': 'ZXC03', 'location': '40', 'prepoint': '36', 'floorId': 'comba-ZXC-F3', 'p_direction': 0.0, 'isWorkPlace': 'true'}
[INFO]2021-03-29 09:33:25,456: task[60612e65eb3981607d2abfc7][-] 37(18) -> 40(36) [waiting] is inside False
[INFO]2021-03-29 09:33:25,518: task cmd: got a task from scada task[60612e65eb3981607d2abfc7][-] 37(18) -> 40(36) [waiting]
[DEBUG]2021-03-29 09:33:25,580: used 431ms 200 OK application/json;charset=utf-8, GET: http://127.0.0.1:5551/api/scada/addTask?source=ZXC01&target=ZXC03&payloadId=&priority=1
[DEBUG]2021-03-29 09:33:25,690: GET: http://127.0.0.1:5551/favicon.ico addr: 127.0.0.1
[DEBUG]2021-03-29 09:33:25,861: used 171ms 200 OK , GET: http://127.0.0.1:5551/favicon.ico
[INFO]2021-03-29 09:33:26,449: task[60612e65eb3981607d2abfc7]:  start {'failMsg': '任务等待执行', 'startTime': datetime.datetime(2021, 3, 29, 9, 33, 26, 434020), 'updateTime': datetime.datetime(2021, 3, 29, 9, 33, 26, 434020), 'status': 'running'}
[INFO]2021-03-29 09:33:26,542: task: start task[60612e65eb3981607d2abfc7][-] 37(18) -> 40(36) [waiting]
[INFO]2021-03-29 09:33:26,605: this is taskStep=============>waiting
[INFO]2021-03-29 09:33:26,696: 1
[INFO]2021-03-29 09:33:26,774: task[60612e65eb3981607d2abfc7] update info: {'failMsg': '等待分配小车', 'updateTime': datetime.datetime(2021, 3, 29, 9, 33, 26, 757152)}
[DEBUG]2021-03-29 09:33:26,897: task[60612e65eb3981607d2abfc7][-] 37(18) -> 40(36) [waitForAgv] waiting -> waitForAgv
[INFO]2021-03-29 09:33:28,022: this is taskStep=============>waitForAgv
[DEBUG]2021-03-29 09:33:28,147: GET: http://127.0.0.1:5551/api/agv/apply?appName=scadaTask&autoLock=False&exclude&loc=37&mapId=comba-ZXC-F3&taskId=60612e65eb3981607d2abfc7&timeout=10 addr: 127.0.0.1
[INFO]2021-03-29 09:33:30,798: apply AGV01 ,taskId: 60612e65eb3981607d2abfc7 ,loc comba-ZXC-F3.37 ,autoLock False , used 2591 ms
[DEBUG]2021-03-29 09:33:30,860: used 2713ms 200 OK application/json;charset=utf-8, GET: http://127.0.0.1:5551/api/agv/apply?appName=scadaTask&autoLock=False&exclude&loc=37&mapId=comba-ZXC-F3&taskId=60612e65eb3981607d2abfc7&timeout=10
[DEBUG]2021-03-29 09:33:31,241: GET: http://127.0.0.1:5551/api/agv/lock?agv=AGV01&appName=scadaTask&taskId=60612e65eb3981607d2abfc7 addr: 127.0.0.1
[DEBUG]2021-03-29 09:33:31,319: lock:  AGV01 taskId 60612e65eb3981607d2abfc7 app scadaTask
[WARNING]2021-03-29 09:33:32,474: AGV01 clear task finish, cur= comba-ZXC-F3.41 task_status= 0
[DEBUG]2021-03-29 09:33:32,564: used 1323ms 200 OK application/json;charset=utf-8, GET: http://127.0.0.1:5551/api/agv/lock?agv=AGV01&appName=scadaTask&taskId=60612e65eb3981607d2abfc7
[INFO]2021-03-29 09:33:32,782: task[60612e65eb3981607d2abfc7][-] 37(18) -> 40(36) [waitForAgv] apply AGV01
[INFO]2021-03-29 09:33:32,844: task[60612e65eb3981607d2abfc7] update info: {'agvId': 'AGV01', 'failMsg': '成功分配小车AGV01,检测顶升下降', 'updateTime': datetime.datetime(2021, 3, 29, 9, 33, 32, 829405)}
[WARNING]2021-03-29 09:33:32,892: scada.60612e65eb3981607d2abfc7[tid:12196] <locked _thread.RLock object owner=12196 count=1 at 0x000001F4B13213F0> ,hold 4870 ms
[INFO]2021-03-29 09:33:33,063: name=scada.60612e65eb3981607d2abfc7, pid=12612, tid=12196
[01] File "C:/Python37/lib/threading.py", line 865, in run() 
[02] File "C:/Users/Administrator/Desktop/SVN/branches/common/utility.py", line 167, in __call() 
[03] File "C:/Users/Administrator/Desktop/SVN/branches/pharmapackCtrl/runTasks.py", line 731, in _taskFunc() 
[04] File "C:/Users/Administrator/Desktop/SVN/branches/common/lock.py", line 122, in _call() 
[05] File "C:/Users/Administrator/Desktop/SVN/branches/common/lock.py", line 100, in release() 
[06] File "C:/Users/Administrator/Desktop/SVN/branches/common/enhance.py", line 258, in getTrace() 
[07] File "C:/Users/Administrator/Desktop/SVN/branches/common/enhance.py", line 240, in getThreadStack()
[DEBUG]2021-03-29 09:33:33,158: task[60612e65eb3981607d2abfc7][AGV01] 37(18) -> 40(36) [initJackdown] waitForAgv -> initJackdown
[INFO]2021-03-29 09:33:33,638: this is taskStep=============>initJackdown
[INFO]2021-03-29 09:33:33,698: task[60612e65eb3981607d2abfc7][AGV01] 37(18) -> 40(36) [initJackdown] _jackDown
[DEBUG]2021-03-29 09:33:33,759: send http_get: http://127.0.0.1:5551/api/agv/jackdown?agv=AGV01&loc=None&timeoutSec=90
[DEBUG]2021-03-29 09:33:33,963: GET: http://127.0.0.1:5551/api/agv/jackdown?agv=AGV01&loc=None&timeoutSec=90 addr: 127.0.0.1
[INFO]2021-03-29 09:33:34,073: _jack in jackMgr: AGV01 down [{'id': 0, 'source': 'normal', 'status': True}, {'id': 1, 'source': 'normal', 'status': True}]
[INFO]2021-03-29 09:33:34,320: AGV01 jack down status:  1
[DEBUG]2021-03-29 09:33:34,381: used 418ms 200 OK application/json;charset=utf-8, GET: http://127.0.0.1:5551/api/agv/jackdown?agv=AGV01&loc=None&timeoutSec=90
[DEBUG]2021-03-29 09:33:34,522: [return] use 763 ms,http_get: http://127.0.0.1:5551/api/agv/jackdown?agv=AGV01&loc=None&timeoutSec=90
[INFO]2021-03-29 09:33:34,680: task[60612e65eb3981607d2abfc7] update info: {'failMsg': '前往ZXC01工位点拉取货架', 'updateTime': datetime.datetime(2021, 3, 29, 9, 33, 34, 648547)}
[DEBUG]2021-03-29 09:33:34,774: task[60612e65eb3981607d2abfc7][AGV01] 37(18) -> 40(36) [startMoveJackup] initJackdown -> startMoveJackup
[INFO]2021-03-29 09:33:35,346: this is taskStep=============>startMoveJackup
[DEBUG]2021-03-29 09:33:35,408: GET: http://127.0.0.1:5551/api/agv/move?WorkPlace=true&agv=AGV01&agvId=AGV01&appName=scadaTask&direction=None&floorId=comba-ZXC-F3&isRotate&loc=comba-ZXC-F3.37&location=37&p_direction=0.0&pgv_type=1&recognize=False&seer_jackup=JackLoad&taskId=60612e65eb3981607d2abfc7_2&taskType=scadaTask&timeoutSec=86400&use_pgv=False addr: 127.0.0.1
[INFO]2021-03-29 09:33:35,432: Begin: AGV01 move from comba-ZXC-F3.41 to comba-ZXC-F3.37 by paths: [('comba-ZXC-F3', ['41', '17', '18', '37'], 8.389842250422703)] task: 60612e65eb3981607d2abfc7_2 timeout 86400 used 19 ms
[DEBUG]2021-03-29 09:33:35,434: used 26ms 200 OK application/json;charset=utf-8, GET: http://127.0.0.1:5551/api/agv/move?WorkPlace=true&agv=AGV01&agvId=AGV01&appName=scadaTask&direction=None&floorId=comba-ZXC-F3&isRotate&loc=comba-ZXC-F3.37&location=37&p_direction=0.0&pgv_type=1&recognize=False&seer_jackup=JackLoad&taskId=60612e65eb3981607d2abfc7_2&taskType=scadaTask&timeoutSec=86400&use_pgv=False
[DEBUG]2021-03-29 09:33:35,435: task[60612e65eb3981607d2abfc7][AGV01] 37(18) -> 40(36) [loadPlayload] startMoveJackup -> loadPlayload
[INFO]2021-03-29 09:33:35,749: this is taskStep=============>loadPlayload
[INFO]2021-03-29 09:33:36,058: this is taskStep=============>loadPlayload
[DEBUG]2021-03-29 09:33:36,276: agvInfo: AGV01 comba-ZXC-F3.41 move to comba-ZXC-F3.17 ,taskId 60612e65eb3981607d2abfc7_2
[INFO]2021-03-29 09:33:36,368: this is taskStep=============>loadPlayload
[INFO]2021-03-29 09:33:36,676: this is taskStep=============>loadPlayload
[INFO]2021-03-29 09:33:36,984: this is taskStep=============>loadPlayload
[INFO]2021-03-29 09:33:37,296: this is taskStep=============>loadPlayload
[INFO]2021-03-29 09:33:37,604: this is taskStep=============>loadPlayload
[INFO]2021-03-29 09:33:37,917: this is taskStep=============>loadPlayload
[INFO]2021-03-29 09:33:38,228: this is taskStep=============>loadPlayload
[INFO]2021-03-29 09:33:38,537: this is taskStep=============>loadPlayload
[INFO]2021-03-29 09:33:38,848: this is taskStep=============>loadPlayload
[INFO]2021-03-29 09:33:39,159: this is taskStep=============>loadPlayload
[DEBUG]2021-03-29 09:33:39,345: AGV01 turn to wait check cur 41 next 18 0.954 False
[INFO]2021-03-29 09:33:39,469: this is taskStep=============>loadPlayload
[INFO]2021-03-29 09:33:39,780: this is taskStep=============>loadPlayload
[DEBUG]2021-03-29 09:33:39,873: agvInfo: AGV01 comba-ZXC-F3.41 move to comba-ZXC-F3.18 ,taskId 60612e65eb3981607d2abfc7_2
[INFO]2021-03-29 09:33:40,089: this is taskStep=============>loadPlayload
[DEBUG]2021-03-29 09:33:40,106: AGV01 set loc comba-ZXC-F3.17 ,old 41 (0.59,11.53)
[INFO]2021-03-29 09:33:40,403: this is taskStep=============>loadPlayload
[INFO]2021-03-29 09:33:40,726: this is taskStep=============>loadPlayload
[INFO]2021-03-29 09:33:41,037: this is taskStep=============>loadPlayload
[INFO]2021-03-29 09:33:41,349: this is taskStep=============>loadPlayload
[INFO]2021-03-29 09:33:41,657: this is taskStep=============>loadPlayload
[INFO]2021-03-29 09:33:41,967: this is taskStep=============>loadPlayload
[INFO]2021-03-29 09:33:42,279: this is taskStep=============>loadPlayload
[INFO]2021-03-29 09:33:42,593: this is taskStep=============>loadPlayload
[INFO]2021-03-29 09:33:42,902: this is taskStep=============>loadPlayload
[INFO]2021-03-29 09:33:43,215: this is taskStep=============>loadPlayload
[INFO]2021-03-29 09:33:43,525: this is taskStep=============>loadPlayload
[INFO]2021-03-29 09:33:43,837: this is taskStep=============>loadPlayload
[INFO]2021-03-29 09:33:44,145: this is taskStep=============>loadPlayload
[INFO]2021-03-29 09:33:44,453: this is taskStep=============>loadPlayload
[INFO]2021-03-29 09:33:44,767: this is taskStep=============>loadPlayload
[DEBUG]2021-03-29 09:33:44,988: AGV01 turn to wait check cur 17 next 37 0.625 False
[INFO]2021-03-29 09:33:45,080: this is taskStep=============>loadPlayload
[INFO]2021-03-29 09:33:45,390: this is taskStep=============>loadPlayload
[DEBUG]2021-03-29 09:33:45,511: agvInfo: AGV01 comba-ZXC-F3.17 move jackup to comba-ZXC-F3.37 ,taskId 60612e65eb3981607d2abfc7_2
[INFO]2021-03-29 09:33:45,703: this is taskStep=============>loadPlayload
[DEBUG]2021-03-29 09:33:45,750: AGV01 set loc comba-ZXC-F3.18 ,old 17 (3.87,11.13)
[INFO]2021-03-29 09:33:46,014: this is taskStep=============>loadPlayload
[INFO]2021-03-29 09:33:46,326: this is taskStep=============>loadPlayload
[INFO]2021-03-29 09:33:46,637: this is taskStep=============>loadPlayload
[INFO]2021-03-29 09:33:46,949: this is taskStep=============>loadPlayload
[INFO]2021-03-29 09:33:47,259: this is taskStep=============>loadPlayload
[WARNING]2021-03-29 09:33:47,553: AGV01 waitFinish: loc is diff 18 37 task_status= 2
[INFO]2021-03-29 09:33:47,569: this is taskStep=============>loadPlayload
[INFO]2021-03-29 09:33:47,879: this is taskStep=============>loadPlayload
[WARNING]2021-03-29 09:33:48,068: AGV01 waitFinish: loc is diff 18 37 task_status= 2
[INFO]2021-03-29 09:33:48,192: this is taskStep=============>loadPlayload
[INFO]2021-03-29 09:33:48,501: this is taskStep=============>loadPlayload
[WARNING]2021-03-29 09:33:48,580: AGV01 waitFinish: loc is diff 18 37 task_status= 2
[INFO]2021-03-29 09:33:48,816: this is taskStep=============>loadPlayload
[WARNING]2021-03-29 09:33:49,096: AGV01 waitFinish: loc is diff 18 37 task_status= 2
[INFO]2021-03-29 09:33:49,128: this is taskStep=============>loadPlayload
[DEBUG]2021-03-29 09:33:49,345: AGV01 set loc comba-ZXC-F3.37 ,old 18 (2.27,12.89)
[INFO]2021-03-29 09:33:49,438: this is taskStep=============>loadPlayload
[INFO]2021-03-29 09:33:49,748: this is taskStep=============>loadPlayload
[INFO]2021-03-29 09:33:50,061: this is taskStep=============>loadPlayload
[INFO]2021-03-29 09:33:50,371: this is taskStep=============>loadPlayload
[INFO]2021-03-29 09:33:50,680: this is taskStep=============>loadPlayload
[INFO]2021-03-29 09:33:50,991: this is taskStep=============>loadPlayload
[SUCC]2021-03-29 09:33:51,131: Finish:  AGV01 arrived comba-ZXC-F3.37 ,task: 60612e65eb3981607d2abfc7_2
[INFO]2021-03-29 09:33:51,181: task: move finish callback task[60612e65eb3981607d2abfc7][AGV01] 37(18) -> 40(36) [loadPlayload]
[INFO]2021-03-29 09:33:51,188: task[60612e65eb3981607d2abfc7] update info: {'failMsg': 'AGV顶升', 'updateTime': datetime.datetime(2021, 3, 29, 9, 33, 51, 186270)}
[INFO]2021-03-29 09:33:51,303: this is taskStep=============>loadPlayload_readqr
[DEBUG]2021-03-29 09:33:51,305: task[60612e65eb3981607d2abfc7][AGV01] 37(18) -> 40(36) [loadPlayload_jackup] loadPlayload_readqr -> loadPlayload_jackup
[INFO]2021-03-29 09:33:51,613: this is taskStep=============>loadPlayload_jackup
[INFO]2021-03-29 09:33:51,619: task[60612e65eb3981607d2abfc7][AGV01] 37(18) -> 40(36) [loadPlayload_jackup] _jackUp
[DEBUG]2021-03-29 09:33:51,621: send http_get: http://127.0.0.1:5551/api/agv/jackup?agv=AGV01&loc=None&timeoutSec=90
[DEBUG]2021-03-29 09:33:51,645: GET: http://127.0.0.1:5551/api/agv/jackup?agv=AGV01&loc=None&timeoutSec=90 addr: 127.0.0.1
[INFO]2021-03-29 09:33:51,648: _jack in jackMgr: AGV01 up [{'id': 0, 'source': 'normal', 'status': True}, {'id': 1, 'source': 'normal', 'status': True}]
[INFO]2021-03-29 09:33:51,653: AGV01 jack up status:  1
[DEBUG]2021-03-29 09:33:51,654: used 9ms 200 OK application/json;charset=utf-8, GET: http://127.0.0.1:5551/api/agv/jackup?agv=AGV01&loc=None&timeoutSec=90
[DEBUG]2021-03-29 09:33:51,657: [return] use 36 ms,http_get: http://127.0.0.1:5551/api/agv/jackup?agv=AGV01&loc=None&timeoutSec=90
[INFO]2021-03-29 09:33:51,660: task[60612e65eb3981607d2abfc7] update info: {'failMsg': '等待ZXC03工位点锁', 'updateTime': datetime.datetime(2021, 3, 29, 9, 33, 51, 659004)}
[DEBUG]2021-03-29 09:33:51,662: task[60612e65eb3981607d2abfc7][AGV01] 37(18) -> 40(36) [waitDestPreLoc] loadPlayload_jackup -> waitDestPreLoc
[INFO]2021-03-29 09:33:51,987: this is taskStep=============>waitDestPreLoc
[INFO]2021-03-29 09:33:52,094: task: prepoint locked  60612e65eb3981607d2abfc7 comba-ZXC-F3.40
[INFO]2021-03-29 09:33:52,312: task[60612e65eb3981607d2abfc7] update info: {'failMsg': '前往40工位点放下货架', 'updateTime': datetime.datetime(2021, 3, 29, 9, 33, 52, 234498)}
[DEBUG]2021-03-29 09:33:52,373: task[60612e65eb3981607d2abfc7][AGV01] 37(18) -> 40(36) [dropPayloadMove] waitDestPreLoc -> dropPayloadMove
[INFO]2021-03-29 09:33:52,830: this is taskStep=============>dropPayloadMove
[DEBUG]2021-03-29 09:33:52,911: GET: http://127.0.0.1:5551/api/agv/move?WorkPlace=true&agv=AGV01&agvId=AGV01&appName=scadaTask&direction=None&floorId=comba-ZXC-F3&isRotate&loc=comba-ZXC-F3.40&location=40&p_direction=0.0&pgv_type=1&recognize=False&result=True&resultDesc=None&seer_jackup=JackUnload&taskId=60612e65eb3981607d2abfc7_4&taskType=scadaTask&timeoutSec=86400&use_pgv=False addr: 127.0.0.1
[INFO]2021-03-29 09:33:52,918: Begin: AGV01 move from comba-ZXC-F3.37 to comba-ZXC-F3.40 by paths: [('comba-ZXC-F3', ['37', '17', '22', '24', '25', '26', '27', '28', '29', '30', '31', '39', '33', '36', '40'], 89.22277343643046)] task: 60612e65eb3981607d2abfc7_4 timeout 86400 used 5 ms
[DEBUG]2021-03-29 09:33:52,919: used 8ms 200 OK application/json;charset=utf-8, GET: http://127.0.0.1:5551/api/agv/move?WorkPlace=true&agv=AGV01&agvId=AGV01&appName=scadaTask&direction=None&floorId=comba-ZXC-F3&isRotate&loc=comba-ZXC-F3.40&location=40&p_direction=0.0&pgv_type=1&recognize=False&result=True&resultDesc=None&seer_jackup=JackUnload&taskId=60612e65eb3981607d2abfc7_4&taskType=scadaTask&timeoutSec=86400&use_pgv=False
[INFO]2021-03-29 09:33:52,921: task[60612e65eb3981607d2abfc7] update info: {'step': 'dropPayload', 'updateTime': datetime.datetime(2021, 3, 29, 9, 33, 52, 920626)}
[DEBUG]2021-03-29 09:33:52,923: task[60612e65eb3981607d2abfc7][AGV01] 37(18) -> 40(36) [dropPayload] dropPayloadMove -> dropPayload
[INFO]2021-03-29 09:33:53,240: this is taskStep=============>dropPayload
[INFO]2021-03-29 09:33:53,554: this is taskStep=============>dropPayload
[DEBUG]2021-03-29 09:33:53,751: agvInfo: AGV01 comba-ZXC-F3.37 move to comba-ZXC-F3.17 ,taskId 60612e65eb3981607d2abfc7_4
[INFO]2021-03-29 09:33:53,869: this is taskStep=============>dropPayload
[INFO]2021-03-29 09:33:54,183: this is taskStep=============>dropPayload
[INFO]2021-03-29 09:33:54,501: this is taskStep=============>dropPayload
[INFO]2021-03-29 09:33:54,814: this is taskStep=============>dropPayload
[INFO]2021-03-29 09:33:55,123: this is taskStep=============>dropPayload
[INFO]2021-03-29 09:33:55,432: this is taskStep=============>dropPayload
[INFO]2021-03-29 09:33:55,743: this is taskStep=============>dropPayload
[INFO]2021-03-29 09:33:56,055: this is taskStep=============>dropPayload
[INFO]2021-03-29 09:33:56,367: this is taskStep=============>dropPayload
[INFO]2021-03-29 09:33:56,677: this is taskStep=============>dropPayload
[DEBUG]2021-03-29 09:33:56,816: AGV01 turn to wait check cur 37 next 22 0.753 False
[INFO]2021-03-29 09:33:56,985: this is taskStep=============>dropPayload
[INFO]2021-03-29 09:33:57,293: this is taskStep=============>dropPayload
[DEBUG]2021-03-29 09:33:57,368: agvInfo: AGV01 comba-ZXC-F3.37 move to comba-ZXC-F3.22 ,taskId 60612e65eb3981607d2abfc7_4
[DEBUG]2021-03-29 09:33:57,559: AGV01 set loc comba-ZXC-F3.17 ,old 37 (0.69,11.53)
[INFO]2021-03-29 09:33:57,604: this is taskStep=============>dropPayload
[INFO]2021-03-29 09:33:57,917: this is taskStep=============>dropPayload
[INFO]2021-03-29 09:33:58,228: this is taskStep=============>dropPayload
[INFO]2021-03-29 09:33:58,540: this is taskStep=============>dropPayload
[INFO]2021-03-29 09:33:58,850: this is taskStep=============>dropPayload
[INFO]2021-03-29 09:33:59,161: this is taskStep=============>dropPayload
[INFO]2021-03-29 09:33:59,471: this is taskStep=============>dropPayload
[INFO]2021-03-29 09:33:59,787: this is taskStep=============>dropPayload
[INFO]2021-03-29 09:34:00,099: this is taskStep=============>dropPayload
[INFO]2021-03-29 09:34:00,413: this is taskStep=============>dropPayload
[INFO]2021-03-29 09:34:00,727: this is taskStep=============>dropPayload
[INFO]2021-03-29 09:34:01,037: this is taskStep=============>dropPayload
[INFO]2021-03-29 09:34:01,353: this is taskStep=============>dropPayload
[INFO]2021-03-29 09:34:01,658: this is taskStep=============>dropPayload
[INFO]2021-03-29 09:34:01,964: this is taskStep=============>dropPayload
[INFO]2021-03-29 09:34:02,268: this is taskStep=============>dropPayload
[INFO]2021-03-29 09:34:02,574: this is taskStep=============>dropPayload
[INFO]2021-03-29 09:34:02,892: this is taskStep=============>dropPayload
[DEBUG]2021-03-29 09:34:02,956: AGV01 turn to wait check cur 17 next 24 0.654 False
[INFO]2021-03-29 09:34:03,207: this is taskStep=============>dropPayload
[DEBUG]2021-03-29 09:34:03,503: agvInfo: AGV01 comba-ZXC-F3.17 move to comba-ZXC-F3.24 ,taskId 60612e65eb3981607d2abfc7_4
[INFO]2021-03-29 09:34:03,525: this is taskStep=============>dropPayload
[DEBUG]2021-03-29 09:34:03,666: AGV01 set loc comba-ZXC-F3.22 ,old 17 (-2.08,8.37)
[INFO]2021-03-29 09:34:03,839: this is taskStep=============>dropPayload
[DEBUG]2021-03-29 09:34:04,018: AGV01 choise next pos cur 22 next 25 pre 24 11.533 False
[DEBUG]2021-03-29 09:34:04,020: AGV01 turn to wait check cur 22 next 25 11.533 False
[INFO]2021-03-29 09:34:04,156: this is taskStep=============>dropPayload
[ERROR]2021-03-29 09:34:04,297: raise alarm obj=DOOR40, typeId=39998, desc=门控离线异常, id=60612e8c502fc70814fe0420
[ERROR]2021-03-29 09:34:04,300: raise alarm obj=DOOR41, typeId=39998, desc=门控离线异常, id=60612e8c502fc70814fe0422
[ERROR]2021-03-29 09:34:04,304: raise alarm obj=DOOR13, typeId=39998, desc=门控离线异常, id=60612e8c502fc70814fe0424
[ERROR]2021-03-29 09:34:04,305: raise alarm obj=DOOR23, typeId=39998, desc=门控离线异常, id=60612e8c502fc70814fe0426
[ERROR]2021-03-29 09:34:04,310: raise alarm obj=DOOR08, typeId=39998, desc=门控离线异常, id=60612e8c502fc70814fe0428
[ERROR]2021-03-29 09:34:04,317: raise alarm obj=DOOR09, typeId=39998, desc=门控离线异常, id=60612e8c502fc70814fe042a
[ERROR]2021-03-29 09:34:04,319: raise alarm obj=DOOR15, typeId=39998, desc=门控离线异常, id=60612e8c502fc70814fe042c
[ERROR]2021-03-29 09:34:04,320: raise alarm obj=DOOR07, typeId=39998, desc=门控离线异常, id=60612e8c502fc70814fe042e
[ERROR]2021-03-29 09:34:04,322: raise alarm obj=DOOR04, typeId=39998, desc=门控离线异常, id=60612e8c502fc70814fe0430
[ERROR]2021-03-29 09:34:04,328: raise alarm obj=DOOR06, typeId=39998, desc=门控离线异常, id=60612e8c502fc70814fe0432
[ERROR]2021-03-29 09:34:04,333: raise alarm obj=DOOR17, typeId=39998, desc=门控离线异常, id=60612e8c502fc70814fe0434
[ERROR]2021-03-29 09:34:04,334: raise alarm obj=DOOR18, typeId=39998, desc=门控离线异常, id=60612e8c502fc70814fe0436
[ERROR]2021-03-29 09:34:04,336: raise alarm obj=DOOR20, typeId=39998, desc=门控离线异常, id=60612e8c502fc70814fe0438
[ERROR]2021-03-29 09:34:04,342: raise alarm obj=DOOR25, typeId=39998, desc=门控离线异常, id=60612e8c502fc70814fe043a
[ERROR]2021-03-29 09:34:04,349: raise alarm obj=DOOR101, typeId=39998, desc=门控离线异常, id=60612e8c502fc70814fe043c
[ERROR]2021-03-29 09:34:04,351: raise alarm obj=DOOR27, typeId=39998, desc=门控离线异常, id=60612e8c502fc70814fe043e
[INFO]2021-03-29 09:34:04,468: this is taskStep=============>dropPayload
[DEBUG]2021-03-29 09:34:04,568: agvInfo: AGV01 comba-ZXC-F3.22 move to comba-ZXC-F3.25 ,taskId 60612e65eb3981607d2abfc7_4
[INFO]2021-03-29 09:34:04,776: this is taskStep=============>dropPayload
[INFO]2021-03-29 09:34:05,090: this is taskStep=============>dropPayload
[INFO]2021-03-29 09:34:05,404: this is taskStep=============>dropPayload
[INFO]2021-03-29 09:34:05,721: this is taskStep=============>dropPayload
[INFO]2021-03-29 09:34:06,036: this is taskStep=============>dropPayload
[INFO]2021-03-29 09:34:06,344: this is taskStep=============>dropPayload
[INFO]2021-03-29 09:34:06,657: this is taskStep=============>dropPayload
[INFO]2021-03-29 09:34:06,967: this is taskStep=============>dropPayload
[INFO]2021-03-29 09:34:07,281: this is taskStep=============>dropPayload
[INFO]2021-03-29 09:34:07,592: this is taskStep=============>dropPayload
[INFO]2021-03-29 09:34:07,904: this is taskStep=============>dropPayload
[INFO]2021-03-29 09:34:08,216: this is taskStep=============>dropPayload
[INFO]2021-03-29 09:34:08,523: this is taskStep=============>dropPayload
[INFO]2021-03-29 09:34:08,835: this is taskStep=============>dropPayload
[INFO]2021-03-29 09:34:09,149: this is taskStep=============>dropPayload
[INFO]2021-03-29 09:34:09,460: this is taskStep=============>dropPayload
[INFO]2021-03-29 09:34:09,770: this is taskStep=============>dropPayload
[INFO]2021-03-29 09:34:10,080: this is taskStep=============>dropPayload
[INFO]2021-03-29 09:34:10,393: this is taskStep=============>dropPayload
[INFO]2021-03-29 09:34:10,709: this is taskStep=============>dropPayload
[INFO]2021-03-29 09:34:11,024: this is taskStep=============>dropPayload
[INFO]2021-03-29 09:34:11,336: this is taskStep=============>dropPayload
[INFO]2021-03-29 09:34:11,651: this is taskStep=============>dropPayload
[INFO]2021-03-29 09:34:11,964: this is taskStep=============>dropPayload
[INFO]2021-03-29 09:34:12,278: this is taskStep=============>dropPayload
[DEBUG]2021-03-29 09:34:12,342: AGV01 set loc comba-ZXC-F3.24 ,old 22 (-1.20,1.93)
[INFO]2021-03-29 09:34:12,594: this is taskStep=============>dropPayload
[INFO]2021-03-29 09:34:12,903: this is taskStep=============>dropPayload
[INFO]2021-03-29 09:34:13,215: this is taskStep=============>dropPayload
[INFO]2021-03-29 09:34:13,524: this is taskStep=============>dropPayload
[INFO]2021-03-29 09:34:13,834: this is taskStep=============>dropPayload
[INFO]2021-03-29 09:34:14,144: this is taskStep=============>dropPayload
[INFO]2021-03-29 09:34:14,459: this is taskStep=============>dropPayload
[INFO]2021-03-29 09:34:14,775: this is taskStep=============>dropPayload
[INFO]2021-03-29 09:34:15,085: this is taskStep=============>dropPayload
[INFO]2021-03-29 09:34:15,396: this is taskStep=============>dropPayload
[INFO]2021-03-29 09:34:15,711: this is taskStep=============>dropPayload
[INFO]2021-03-29 09:34:16,022: this is taskStep=============>dropPayload
[INFO]2021-03-29 09:34:16,331: this is taskStep=============>dropPayload
[INFO]2021-03-29 09:34:16,640: this is taskStep=============>dropPayload
[DEBUG]2021-03-29 09:34:16,780: AGV01 turn to wait check cur 24 next 26 0.946 False
[INFO]2021-03-29 09:34:16,950: this is taskStep=============>dropPayload
[INFO]2021-03-29 09:34:17,259: this is taskStep=============>dropPayload
[DEBUG]2021-03-29 09:34:17,328: agvInfo: AGV01 comba-ZXC-F3.24 move to comba-ZXC-F3.26 ,taskId 60612e65eb3981607d2abfc7_4
[DEBUG]2021-03-29 09:34:17,461: AGV01 set loc comba-ZXC-F3.25 ,old 24 (1.16,-1.34)
[INFO]2021-03-29 09:34:17,571: this is taskStep=============>dropPayload
[DEBUG]2021-03-29 09:34:17,841: AGV01 choise next pos cur 25 next 27 pre 26 14.663 True
[DEBUG]2021-03-29 09:34:17,842: AGV01 turn to wait check cur 25 next 27 14.663 True
[INFO]2021-03-29 09:34:17,883: this is taskStep=============>dropPayload
[INFO]2021-03-29 09:34:18,196: this is taskStep=============>dropPayload
[DEBUG]2021-03-29 09:34:18,393: agvInfo: AGV01 comba-ZXC-F3.25 move to comba-ZXC-F3.27 ,taskId 60612e65eb3981607d2abfc7_4
[INFO]2021-03-29 09:34:18,509: this is taskStep=============>dropPayload
[INFO]2021-03-29 09:34:18,823: this is taskStep=============>dropPayload
[INFO]2021-03-29 09:34:19,136: this is taskStep=============>dropPayload
[INFO]2021-03-29 09:34:19,451: this is taskStep=============>dropPayload
[INFO]2021-03-29 09:34:19,759: this is taskStep=============>dropPayload
[INFO]2021-03-29 09:34:20,070: this is taskStep=============>dropPayload
[INFO]2021-03-29 09:34:20,378: this is taskStep=============>dropPayload
[INFO]2021-03-29 09:34:20,688: this is taskStep=============>dropPayload
[INFO]2021-03-29 09:34:20,998: this is taskStep=============>dropPayload
[INFO]2021-03-29 09:34:21,308: this is taskStep=============>dropPayload
[INFO]2021-03-29 09:34:21,620: this is taskStep=============>dropPayload
[INFO]2021-03-29 09:34:21,933: this is taskStep=============>dropPayload
[INFO]2021-03-29 09:34:22,244: this is taskStep=============>dropPayload
[INFO]2021-03-29 09:34:22,555: this is taskStep=============>dropPayload
[INFO]2021-03-29 09:34:22,868: this is taskStep=============>dropPayload
[INFO]2021-03-29 09:34:23,177: this is taskStep=============>dropPayload
[INFO]2021-03-29 09:34:23,490: this is taskStep=============>dropPayload
[INFO]2021-03-29 09:34:23,800: this is taskStep=============>dropPayload
[INFO]2021-03-29 09:34:24,117: this is taskStep=============>dropPayload
[INFO]2021-03-29 09:34:24,432: this is taskStep=============>dropPayload
[INFO]2021-03-29 09:34:24,748: this is taskStep=============>dropPayload
[DEBUG]2021-03-29 09:34:25,015: AGV01 choise next pos cur 25 next 28 pre 27 21.949 True
[DEBUG]2021-03-29 09:34:25,016: AGV01 turn to wait check cur 25 next 28 21.949 True
[INFO]2021-03-29 09:34:25,062: this is taskStep=============>dropPayload
[INFO]2021-03-29 09:34:25,377: this is taskStep=============>dropPayload
[DEBUG]2021-03-29 09:34:25,578: agvInfo: AGV01 comba-ZXC-F3.25 move to comba-ZXC-F3.28 ,taskId 60612e65eb3981607d2abfc7_4
[INFO]2021-03-29 09:34:25,688: this is taskStep=============>dropPayload
[INFO]2021-03-29 09:34:26,000: this is taskStep=============>dropPayload
[INFO]2021-03-29 09:34:26,308: this is taskStep=============>dropPayload
[INFO]2021-03-29 09:34:26,620: this is taskStep=============>dropPayload
[INFO]2021-03-29 09:34:26,929: this is taskStep=============>dropPayload
[INFO]2021-03-29 09:34:27,241: this is taskStep=============>dropPayload
[INFO]2021-03-29 09:34:27,552: this is taskStep=============>dropPayload
[INFO]2021-03-29 09:34:27,866: this is taskStep=============>dropPayload
[INFO]2021-03-29 09:34:28,176: this is taskStep=============>dropPayload
[INFO]2021-03-29 09:34:28,486: this is taskStep=============>dropPayload
[INFO]2021-03-29 09:34:28,799: this is taskStep=============>dropPayload
[INFO]2021-03-29 09:34:29,111: this is taskStep=============>dropPayload
[INFO]2021-03-29 09:34:29,423: this is taskStep=============>dropPayload
[INFO]2021-03-29 09:34:29,732: this is taskStep=============>dropPayload
[INFO]2021-03-29 09:34:30,041: this is taskStep=============>dropPayload
[INFO]2021-03-29 09:34:30,354: this is taskStep=============>dropPayload
[INFO]2021-03-29 09:34:30,665: this is taskStep=============>dropPayload
[INFO]2021-03-29 09:34:30,981: this is taskStep=============>dropPayload
[INFO]2021-03-29 09:34:31,293: this is taskStep=============>dropPayload
[INFO]2021-03-29 09:34:31,601: this is taskStep=============>dropPayload
[INFO]2021-03-29 09:34:31,915: this is taskStep=============>dropPayload
[INFO]2021-03-29 09:34:32,224: this is taskStep=============>dropPayload
[INFO]2021-03-29 09:34:32,537: this is taskStep=============>dropPayload
[INFO]2021-03-29 09:34:32,847: this is taskStep=============>dropPayload
[INFO]2021-03-29 09:34:33,158: this is taskStep=============>dropPayload
[INFO]2021-03-29 09:34:33,469: this is taskStep=============>dropPayload
[INFO]2021-03-29 09:34:33,780: this is taskStep=============>dropPayload
[INFO]2021-03-29 09:34:34,090: this is taskStep=============>dropPayload
[INFO]2021-03-29 09:34:34,401: this is taskStep=============>dropPayload
[INFO]2021-03-29 09:34:34,712: this is taskStep=============>dropPayload
[INFO]2021-03-29 09:34:35,024: this is taskStep=============>dropPayload
[INFO]2021-03-29 09:34:35,334: this is taskStep=============>dropPayload
[INFO]2021-03-29 09:34:35,643: this is taskStep=============>dropPayload
[INFO]2021-03-29 09:34:35,954: this is taskStep=============>dropPayload
[INFO]2021-03-29 09:34:36,266: this is taskStep=============>dropPayload
[DEBUG]2021-03-29 09:34:36,375: AGV01 set loc comba-ZXC-F3.27 ,old 25 (15.66,-1.64)
[INFO]2021-03-29 09:34:36,577: this is taskStep=============>dropPayload
[INFO]2021-03-29 09:34:36,890: this is taskStep=============>dropPayload
[INFO]2021-03-29 09:34:37,205: this is taskStep=============>dropPayload
[INFO]2021-03-29 09:34:37,516: this is taskStep=============>dropPayload
[INFO]2021-03-29 09:34:37,828: this is taskStep=============>dropPayload
[INFO]2021-03-29 09:34:38,140: this is taskStep=============>dropPayload
[INFO]2021-03-29 09:34:38,451: this is taskStep=============>dropPayload
[INFO]2021-03-29 09:34:38,761: this is taskStep=============>dropPayload
[INFO]2021-03-29 09:34:39,075: this is taskStep=============>dropPayload
[INFO]2021-03-29 09:34:39,386: this is taskStep=============>dropPayload
[INFO]2021-03-29 09:34:39,697: this is taskStep=============>dropPayload
[INFO]2021-03-29 09:34:40,009: this is taskStep=============>dropPayload
[INFO]2021-03-29 09:34:40,319: this is taskStep=============>dropPayload
[DEBUG]2021-03-29 09:34:40,464: AGV01 choise next pos cur 27 next 29 pre 28 18.061 True
[DEBUG]2021-03-29 09:34:40,468: AGV01 turn to wait check cur 27 next 29 18.061 True
[INFO]2021-03-29 09:34:40,633: this is taskStep=============>dropPayload
[INFO]2021-03-29 09:34:40,942: this is taskStep=============>dropPayload
[DEBUG]2021-03-29 09:34:41,019: agvInfo: AGV01 comba-ZXC-F3.27 move to comba-ZXC-F3.29 ,taskId 60612e65eb3981607d2abfc7_4
[INFO]2021-03-29 09:34:41,251: this is taskStep=============>dropPayload
[INFO]2021-03-29 09:34:41,563: this is taskStep=============>dropPayload
[INFO]2021-03-29 09:34:41,873: this is taskStep=============>dropPayload
[INFO]2021-03-29 09:34:42,183: this is taskStep=============>dropPayload
[INFO]2021-03-29 09:34:42,496: this is taskStep=============>dropPayload
[INFO]2021-03-29 09:34:42,808: this is taskStep=============>dropPayload
[INFO]2021-03-29 09:34:43,120: this is taskStep=============>dropPayload
[INFO]2021-03-29 09:34:43,433: this is taskStep=============>dropPayload
[INFO]2021-03-29 09:34:43,743: this is taskStep=============>dropPayload
[INFO]2021-03-29 09:34:44,053: this is taskStep=============>dropPayload
[INFO]2021-03-29 09:34:44,365: this is taskStep=============>dropPayload
[INFO]2021-03-29 09:34:44,677: this is taskStep=============>dropPayload
[INFO]2021-03-29 09:34:44,990: this is taskStep=============>dropPayload
[INFO]2021-03-29 09:34:45,298: this is taskStep=============>dropPayload
[INFO]2021-03-29 09:34:45,608: this is taskStep=============>dropPayload
[INFO]2021-03-29 09:34:45,920: this is taskStep=============>dropPayload
[INFO]2021-03-29 09:34:46,230: this is taskStep=============>dropPayload
[INFO]2021-03-29 09:34:46,541: this is taskStep=============>dropPayload
[INFO]2021-03-29 09:34:46,857: this is taskStep=============>dropPayload
[INFO]2021-03-29 09:34:47,174: this is taskStep=============>dropPayload
[INFO]2021-03-29 09:34:47,489: this is taskStep=============>dropPayload
[INFO]2021-03-29 09:34:47,804: this is taskStep=============>dropPayload
[INFO]2021-03-29 09:34:48,117: this is taskStep=============>dropPayload
[INFO]2021-03-29 09:34:48,432: this is taskStep=============>dropPayload
[INFO]2021-03-29 09:34:48,742: this is taskStep=============>dropPayload
[INFO]2021-03-29 09:34:49,053: this is taskStep=============>dropPayload
[INFO]2021-03-29 09:34:49,367: this is taskStep=============>dropPayload
[INFO]2021-03-29 09:34:49,681: this is taskStep=============>dropPayload
[INFO]2021-03-29 09:34:49,995: this is taskStep=============>dropPayload
[DEBUG]2021-03-29 09:34:50,229: AGV01 choise next pos cur 27 next 30 pre 29 15.115 False
[DEBUG]2021-03-29 09:34:50,231: AGV01 turn to wait check cur 27 next 30 15.115 False
[INFO]2021-03-29 09:34:50,305: this is taskStep=============>dropPayload
[INFO]2021-03-29 09:34:50,618: this is taskStep=============>dropPayload
[DEBUG]2021-03-29 09:34:50,793: agvInfo: AGV01 comba-ZXC-F3.27 move to comba-ZXC-F3.30 ,taskId 60612e65eb3981607d2abfc7_4
[INFO]2021-03-29 09:34:50,929: this is taskStep=============>dropPayload
[INFO]2021-03-29 09:34:51,240: this is taskStep=============>dropPayload
[INFO]2021-03-29 09:34:51,549: this is taskStep=============>dropPayload
[DEBUG]2021-03-29 09:34:51,754: AGV01 set loc comba-ZXC-F3.28 ,old 27 (27.97,-1.91)
[INFO]2021-03-29 09:34:51,864: this is taskStep=============>dropPayload
[INFO]2021-03-29 09:34:52,180: this is taskStep=============>dropPayload
[INFO]2021-03-29 09:34:52,500: this is taskStep=============>dropPayload
[INFO]2021-03-29 09:34:52,811: this is taskStep=============>dropPayload
[INFO]2021-03-29 09:34:53,125: this is taskStep=============>dropPayload
[INFO]2021-03-29 09:34:53,436: this is taskStep=============>dropPayload
[INFO]2021-03-29 09:34:53,754: this is taskStep=============>dropPayload
[INFO]2021-03-29 09:34:54,069: this is taskStep=============>dropPayload
[INFO]2021-03-29 09:34:54,380: this is taskStep=============>dropPayload
[INFO]2021-03-29 09:34:54,690: this is taskStep=============>dropPayload
[INFO]2021-03-29 09:34:55,002: this is taskStep=============>dropPayload
[INFO]2021-03-29 09:34:55,314: this is taskStep=============>dropPayload
[INFO]2021-03-29 09:34:55,625: this is taskStep=============>dropPayload
[INFO]2021-03-29 09:34:55,934: this is taskStep=============>dropPayload
[INFO]2021-03-29 09:34:56,243: this is taskStep=============>dropPayload
[INFO]2021-03-29 09:34:56,551: this is taskStep=============>dropPayload
[INFO]2021-03-29 09:34:56,857: this is taskStep=============>dropPayload
[INFO]2021-03-29 09:34:57,165: this is taskStep=============>dropPayload
[INFO]2021-03-29 09:34:57,479: this is taskStep=============>dropPayload
[INFO]2021-03-29 09:34:57,786: this is taskStep=============>dropPayload
[INFO]2021-03-29 09:34:58,096: this is taskStep=============>dropPayload
[INFO]2021-03-29 09:34:58,406: this is taskStep=============>dropPayload
[INFO]2021-03-29 09:34:58,717: this is taskStep=============>dropPayload
[INFO]2021-03-29 09:34:59,027: this is taskStep=============>dropPayload
[INFO]2021-03-29 09:34:59,338: this is taskStep=============>dropPayload
[INFO]2021-03-29 09:34:59,648: this is taskStep=============>dropPayload
[INFO]2021-03-29 09:34:59,961: this is taskStep=============>dropPayload
[INFO]2021-03-29 09:35:00,273: this is taskStep=============>dropPayload
[INFO]2021-03-29 09:35:00,584: this is taskStep=============>dropPayload
[INFO]2021-03-29 09:35:00,891: this is taskStep=============>dropPayload
[INFO]2021-03-29 09:35:01,207: this is taskStep=============>dropPayload
[INFO]2021-03-29 09:35:01,523: this is taskStep=============>dropPayload
[INFO]2021-03-29 09:35:01,839: this is taskStep=============>dropPayload
[INFO]2021-03-29 09:35:02,154: this is taskStep=============>dropPayload
[DEBUG]2021-03-29 09:35:02,456: AGV01 set loc comba-ZXC-F3.29 ,old 28 (36.57,-2.00)
[INFO]2021-03-29 09:35:02,471: this is taskStep=============>dropPayload
[INFO]2021-03-29 09:35:02,782: this is taskStep=============>dropPayload
[INFO]2021-03-29 09:35:03,093: this is taskStep=============>dropPayload
[INFO]2021-03-29 09:35:03,405: this is taskStep=============>dropPayload
[INFO]2021-03-29 09:35:03,716: this is taskStep=============>dropPayload
[INFO]2021-03-29 09:35:04,028: this is taskStep=============>dropPayload
[INFO]2021-03-29 09:35:04,338: this is taskStep=============>dropPayload
[INFO]2021-03-29 09:35:04,651: this is taskStep=============>dropPayload
[INFO]2021-03-29 09:35:04,963: this is taskStep=============>dropPayload
[INFO]2021-03-29 09:35:05,271: this is taskStep=============>dropPayload
[INFO]2021-03-29 09:35:05,583: this is taskStep=============>dropPayload
[INFO]2021-03-29 09:35:05,893: this is taskStep=============>dropPayload
[INFO]2021-03-29 09:35:06,208: this is taskStep=============>dropPayload
[INFO]2021-03-29 09:35:06,518: this is taskStep=============>dropPayload
[INFO]2021-03-29 09:35:06,830: this is taskStep=============>dropPayload
[INFO]2021-03-29 09:35:07,138: this is taskStep=============>dropPayload
[DEBUG]2021-03-29 09:35:07,155: AGV01 turn to wait check cur 29 next 31 0.577 False
[INFO]2021-03-29 09:35:07,448: this is taskStep=============>dropPayload
[DEBUG]2021-03-29 09:35:07,589: AGV01 set loc comba-ZXC-F3.30 ,old 29 (40.28,-3.93)
[DEBUG]2021-03-29 09:35:07,681: agvInfo: AGV01 comba-ZXC-F3.30 move to comba-ZXC-F3.31 ,taskId 60612e65eb3981607d2abfc7_4
[INFO]2021-03-29 09:35:07,759: this is taskStep=============>dropPayload
[INFO]2021-03-29 09:35:08,071: this is taskStep=============>dropPayload
[DEBUG]2021-03-29 09:35:08,197: AGV01 choise next pos cur 30 next 39 pre 31 16.890 False
[DEBUG]2021-03-29 09:35:08,205: AGV01 turn to wait check cur 30 next 39 16.890 False
[INFO]2021-03-29 09:35:08,382: this is taskStep=============>dropPayload
[INFO]2021-03-29 09:35:08,694: this is taskStep=============>dropPayload
[DEBUG]2021-03-29 09:35:08,735: agvInfo: AGV01 comba-ZXC-F3.30 move to comba-ZXC-F3.39 ,taskId 60612e65eb3981607d2abfc7_4
[INFO]2021-03-29 09:35:09,007: this is taskStep=============>dropPayload
[INFO]2021-03-29 09:35:09,318: this is taskStep=============>dropPayload
[INFO]2021-03-29 09:35:09,631: this is taskStep=============>dropPayload
[INFO]2021-03-29 09:35:09,940: this is taskStep=============>dropPayload
[INFO]2021-03-29 09:35:10,252: this is taskStep=============>dropPayload
[INFO]2021-03-29 09:35:10,562: this is taskStep=============>dropPayload
[INFO]2021-03-29 09:35:10,877: this is taskStep=============>dropPayload
[INFO]2021-03-29 09:35:11,202: this is taskStep=============>dropPayload
[INFO]2021-03-29 09:35:11,530: this is taskStep=============>dropPayload
[INFO]2021-03-29 09:35:11,859: this is taskStep=============>dropPayload
[INFO]2021-03-29 09:35:12,171: this is taskStep=============>dropPayload
[INFO]2021-03-29 09:35:12,482: this is taskStep=============>dropPayload
[INFO]2021-03-29 09:35:12,827: this is taskStep=============>dropPayload
[INFO]2021-03-29 09:35:13,138: this is taskStep=============>dropPayload
[INFO]2021-03-29 09:35:13,449: this is taskStep=============>dropPayload
[INFO]2021-03-29 09:35:13,763: this is taskStep=============>dropPayload
[INFO]2021-03-29 09:35:14,071: this is taskStep=============>dropPayload
[INFO]2021-03-29 09:35:14,384: this is taskStep=============>dropPayload
[INFO]2021-03-29 09:35:14,694: this is taskStep=============>dropPayload
[INFO]2021-03-29 09:35:15,008: this is taskStep=============>dropPayload
[INFO]2021-03-29 09:35:15,318: this is taskStep=============>dropPayload
[INFO]2021-03-29 09:35:15,629: this is taskStep=============>dropPayload
[INFO]2021-03-29 09:35:15,938: this is taskStep=============>dropPayload
[INFO]2021-03-29 09:35:16,252: this is taskStep=============>dropPayload
[INFO]2021-03-29 09:35:16,589: this is taskStep=============>dropPayload
[INFO]2021-03-29 09:35:16,914: this is taskStep=============>dropPayload
[INFO]2021-03-29 09:35:17,228: this is taskStep=============>dropPayload
[INFO]2021-03-29 09:35:17,542: this is taskStep=============>dropPayload
[INFO]2021-03-29 09:35:17,857: this is taskStep=============>dropPayload
[INFO]2021-03-29 09:35:18,171: this is taskStep=============>dropPayload
[INFO]2021-03-29 09:35:18,486: this is taskStep=============>dropPayload
[INFO]2021-03-29 09:35:18,812: this is taskStep=============>dropPayload
[INFO]2021-03-29 09:35:19,126: this is taskStep=============>dropPayload
[DEBUG]2021-03-29 09:35:19,375: AGV01 set loc comba-ZXC-F3.31 ,old 30 (40.23,-12.63)
[INFO]2021-03-29 09:35:19,435: this is taskStep=============>dropPayload
[INFO]2021-03-29 09:35:19,762: this is taskStep=============>dropPayload
[INFO]2021-03-29 09:35:20,072: this is taskStep=============>dropPayload
[INFO]2021-03-29 09:35:20,385: this is taskStep=============>dropPayload
[INFO]2021-03-29 09:35:20,693: this is taskStep=============>dropPayload
[INFO]2021-03-29 09:35:21,019: this is taskStep=============>dropPayload
[INFO]2021-03-29 09:35:21,330: this is taskStep=============>dropPayload
[INFO]2021-03-29 09:35:21,641: this is taskStep=============>dropPayload
[INFO]2021-03-29 09:35:21,953: this is taskStep=============>dropPayload
[INFO]2021-03-29 09:35:22,264: this is taskStep=============>dropPayload
[INFO]2021-03-29 09:35:22,586: this is taskStep=============>dropPayload
[INFO]2021-03-29 09:35:22,903: this is taskStep=============>dropPayload
[INFO]2021-03-29 09:35:23,215: this is taskStep=============>dropPayload
[INFO]2021-03-29 09:35:23,524: this is taskStep=============>dropPayload
[INFO]2021-03-29 09:35:23,836: this is taskStep=============>dropPayload
[INFO]2021-03-29 09:35:24,148: this is taskStep=============>dropPayload
[INFO]2021-03-29 09:35:24,461: this is taskStep=============>dropPayload
[INFO]2021-03-29 09:35:24,772: this is taskStep=============>dropPayload
[INFO]2021-03-29 09:35:25,083: this is taskStep=============>dropPayload
[INFO]2021-03-29 09:35:25,395: this is taskStep=============>dropPayload
[INFO]2021-03-29 09:35:25,707: this is taskStep=============>dropPayload
[INFO]2021-03-29 09:35:26,031: this is taskStep=============>dropPayload
[INFO]2021-03-29 09:35:26,341: this is taskStep=============>dropPayload
[INFO]2021-03-29 09:35:26,651: this is taskStep=============>dropPayload
[INFO]2021-03-29 09:35:26,962: this is taskStep=============>dropPayload
[INFO]2021-03-29 09:35:27,273: this is taskStep=============>dropPayload
[INFO]2021-03-29 09:35:27,586: this is taskStep=============>dropPayload
[INFO]2021-03-29 09:35:27,898: this is taskStep=============>dropPayload
[INFO]2021-03-29 09:35:28,225: this is taskStep=============>dropPayload
[INFO]2021-03-29 09:35:28,536: this is taskStep=============>dropPayload
[DEBUG]2021-03-29 09:35:28,757: AGV01 turn to wait check cur 31 next 33 0.806 False
[INFO]2021-03-29 09:35:28,894: this is taskStep=============>dropPayload
[INFO]2021-03-29 09:35:29,206: this is taskStep=============>dropPayload
[DEBUG]2021-03-29 09:35:29,340: agvInfo: AGV01 comba-ZXC-F3.31 move to comba-ZXC-F3.33 ,taskId 60612e65eb3981607d2abfc7_4
[INFO]2021-03-29 09:35:29,517: this is taskStep=============>dropPayload
[DEBUG]2021-03-29 09:35:29,643: AGV01 set loc comba-ZXC-F3.39 ,old 31 (40.14,-20.89)
[INFO]2021-03-29 09:35:29,828: this is taskStep=============>dropPayload
[DEBUG]2021-03-29 09:35:29,876: AGV01 choise next pos cur 39 next 36 pre 33 9.245 False
[DEBUG]2021-03-29 09:35:29,881: AGV01 turn to wait check cur 39 next 36 9.245 False
[INFO]2021-03-29 09:35:30,141: this is taskStep=============>dropPayload
[DEBUG]2021-03-29 09:35:30,453: agvInfo: AGV01 comba-ZXC-F3.39 move to comba-ZXC-F3.36 ,taskId 60612e65eb3981607d2abfc7_4
[INFO]2021-03-29 09:35:30,454: this is taskStep=============>dropPayload
[INFO]2021-03-29 09:35:30,777: this is taskStep=============>dropPayload
[INFO]2021-03-29 09:35:31,087: this is taskStep=============>dropPayload
[INFO]2021-03-29 09:35:31,399: this is taskStep=============>dropPayload
[INFO]2021-03-29 09:35:31,709: this is taskStep=============>dropPayload
[INFO]2021-03-29 09:35:32,019: this is taskStep=============>dropPayload
[INFO]2021-03-29 09:35:32,330: this is taskStep=============>dropPayload
[INFO]2021-03-29 09:35:32,640: this is taskStep=============>dropPayload
[INFO]2021-03-29 09:35:32,956: this is taskStep=============>dropPayload
[INFO]2021-03-29 09:35:33,266: this is taskStep=============>dropPayload
[INFO]2021-03-29 09:35:33,575: this is taskStep=============>dropPayload
[INFO]2021-03-29 09:35:33,898: this is taskStep=============>dropPayload
[INFO]2021-03-29 09:35:34,211: this is taskStep=============>dropPayload
[INFO]2021-03-29 09:35:34,522: this is taskStep=============>dropPayload
[INFO]2021-03-29 09:35:34,892: this is taskStep=============>dropPayload
[INFO]2021-03-29 09:35:35,204: this is taskStep=============>dropPayload
[INFO]2021-03-29 09:35:35,513: this is taskStep=============>dropPayload
[INFO]2021-03-29 09:35:35,824: this is taskStep=============>dropPayload
[INFO]2021-03-29 09:35:36,134: this is taskStep=============>dropPayload
[INFO]2021-03-29 09:35:36,445: this is taskStep=============>dropPayload
[INFO]2021-03-29 09:35:36,758: this is taskStep=============>dropPayload
[INFO]2021-03-29 09:35:37,080: this is taskStep=============>dropPayload
[INFO]2021-03-29 09:35:37,389: this is taskStep=============>dropPayload
[INFO]2021-03-29 09:35:37,700: this is taskStep=============>dropPayload
[INFO]2021-03-29 09:35:38,009: this is taskStep=============>dropPayload
[INFO]2021-03-29 09:35:38,332: this is taskStep=============>dropPayload
[DEBUG]2021-03-29 09:35:38,349: AGV01 set loc comba-ZXC-F3.33 ,old 39 (43.90,-25.80)
[INFO]2021-03-29 09:35:38,648: this is taskStep=============>dropPayload
[INFO]2021-03-29 09:35:38,971: this is taskStep=============>dropPayload
[INFO]2021-03-29 09:35:39,289: this is taskStep=============>dropPayload
[INFO]2021-03-29 09:35:39,602: this is taskStep=============>dropPayload
[INFO]2021-03-29 09:35:39,918: this is taskStep=============>dropPayload
[INFO]2021-03-29 09:35:40,230: this is taskStep=============>dropPayload
[INFO]2021-03-29 09:35:40,547: this is taskStep=============>dropPayload
[INFO]2021-03-29 09:35:40,918: this is taskStep=============>dropPayload
[DEBUG]2021-03-29 09:35:41,203: AGV01 turn to wait check cur 33 next 40 0.715 False
[INFO]2021-03-29 09:35:41,232: this is taskStep=============>dropPayload
[INFO]2021-03-29 09:35:41,543: this is taskStep=============>dropPayload
[DEBUG]2021-03-29 09:35:41,759: agvInfo: AGV01 comba-ZXC-F3.33 move jackdown to comba-ZXC-F3.40 ,taskId 60612e65eb3981607d2abfc7_4
[INFO]2021-03-29 09:35:41,860: this is taskStep=============>dropPayload
[DEBUG]2021-03-29 09:35:41,923: AGV01 set loc comba-ZXC-F3.36 ,old 33 (43.64,-28.55)
[INFO]2021-03-29 09:35:42,173: this is taskStep=============>dropPayload
[INFO]2021-03-29 09:35:42,485: this is taskStep=============>dropPayload
[INFO]2021-03-29 09:35:42,797: this is taskStep=============>dropPayload
[INFO]2021-03-29 09:35:43,111: this is taskStep=============>dropPayload
[INFO]2021-03-29 09:35:43,422: this is taskStep=============>dropPayload
[INFO]2021-03-29 09:35:43,734: this is taskStep=============>dropPayload
[WARNING]2021-03-29 09:35:43,813: AGV01 waitFinish: loc is diff 36 40 task_status= 2
[INFO]2021-03-29 09:35:44,045: this is taskStep=============>dropPayload
[WARNING]2021-03-29 09:35:44,325: AGV01 waitFinish: loc is diff 36 40 task_status= 2
[INFO]2021-03-29 09:35:44,355: this is taskStep=============>dropPayload
[INFO]2021-03-29 09:35:44,667: this is taskStep=============>dropPayload
[WARNING]2021-03-29 09:35:44,840: AGV01 waitFinish: loc is diff 36 40 task_status= 2
[INFO]2021-03-29 09:35:44,979: this is taskStep=============>dropPayload
[INFO]2021-03-29 09:35:45,290: this is taskStep=============>dropPayload
[WARNING]2021-03-29 09:35:45,353: AGV01 waitFinish: loc is diff 36 40 task_status= 2
[INFO]2021-03-29 09:35:45,601: this is taskStep=============>dropPayload
[WARNING]2021-03-29 09:35:45,867: AGV01 waitFinish: loc is diff 36 40 task_status= 2
[INFO]2021-03-29 09:35:45,914: this is taskStep=============>dropPayload
[INFO]2021-03-29 09:35:46,224: this is taskStep=============>dropPayload
[WARNING]2021-03-29 09:35:46,381: AGV01 waitFinish: loc is diff 36 40 task_status= 2
[INFO]2021-03-29 09:35:46,536: this is taskStep=============>dropPayload
[INFO]2021-03-29 09:35:46,891: this is taskStep=============>dropPayload
[WARNING]2021-03-29 09:35:46,892: AGV01 waitFinish: loc is diff 36 40 task_status= 2
[INFO]2021-03-29 09:35:47,204: this is taskStep=============>dropPayload
[WARNING]2021-03-29 09:35:47,405: AGV01 waitFinish: loc is diff 36 40 task_status= 2
[INFO]2021-03-29 09:35:47,515: this is taskStep=============>dropPayload
[DEBUG]2021-03-29 09:35:47,578: AGV01 set loc comba-ZXC-F3.40 ,old 36 (40.46,-28.24)
[INFO]2021-03-29 09:35:47,840: this is taskStep=============>dropPayload
[INFO]2021-03-29 09:35:48,151: this is taskStep=============>dropPayload
[INFO]2021-03-29 09:35:48,462: this is taskStep=============>dropPayload
[INFO]2021-03-29 09:35:48,773: this is taskStep=============>dropPayload
[SUCC]2021-03-29 09:35:48,944: Finish:  AGV01 arrived comba-ZXC-F3.40 ,task: 60612e65eb3981607d2abfc7_4
[INFO]2021-03-29 09:35:49,003: task: move finish callback task[60612e65eb3981607d2abfc7][AGV01] 37(18) -> 40(36) [dropPayload]
[INFO]2021-03-29 09:35:49,036: task[60612e65eb3981607d2abfc7] update info: {'failMsg': '放下货架，旋转顶升机构初始化', 'updateTime': datetime.datetime(2021, 3, 29, 9, 35, 49, 11354)}
[INFO]2021-03-29 09:35:49,098: this is taskStep=============>dropPayloadJackdown
[INFO]2021-03-29 09:35:49,104: task[60612e65eb3981607d2abfc7][AGV01] 37(18) -> 40(36) [dropPayloadJackdown] _jackDown
[DEBUG]2021-03-29 09:35:49,107: send http_get: http://127.0.0.1:5551/api/agv/jackdown?agv=AGV01&loc=None&timeoutSec=90
[DEBUG]2021-03-29 09:35:49,132: GET: http://127.0.0.1:5551/api/agv/jackdown?agv=AGV01&loc=None&timeoutSec=90 addr: 127.0.0.1
[INFO]2021-03-29 09:35:49,142: _jack in jackMgr: AGV01 down [{'id': 0, 'source': 'normal', 'status': True}, {'id': 1, 'source': 'normal', 'status': True}]
[INFO]2021-03-29 09:35:49,145: AGV01 jack down status:  1
[DEBUG]2021-03-29 09:35:49,150: used 19ms 200 OK application/json;charset=utf-8, GET: http://127.0.0.1:5551/api/agv/jackdown?agv=AGV01&loc=None&timeoutSec=90
[DEBUG]2021-03-29 09:35:49,156: [return] use 49 ms,http_get: http://127.0.0.1:5551/api/agv/jackdown?agv=AGV01&loc=None&timeoutSec=90
[DEBUG]2021-03-29 09:35:49,159: task[60612e65eb3981607d2abfc7][AGV01] 37(18) -> 40(36) [dropPayloadReset] dropPayloadJackdown -> dropPayloadReset
[INFO]2021-03-29 09:35:49,474: this is taskStep=============>dropPayloadReset
[INFO]2021-03-29 09:35:49,480: task[60612e65eb3981607d2abfc7][AGV01] 37(18) -> 40(36) [dropPayloadReset] rotationClear
[DEBUG]2021-03-29 09:35:49,483: send http_get: http://127.0.0.1:5551/api/agv/rotationclear?agv=AGV01&timeoutSec=30
[DEBUG]2021-03-29 09:35:49,506: GET: http://127.0.0.1:5551/api/agv/rotationclear?agv=AGV01&timeoutSec=30 addr: 127.0.0.1
[INFO]2021-03-29 09:35:50,523: _rotation in rotationMgr: AGV01 None [{'id': 0, 'source': 'normal', 'status': True}, {'id': 1, 'source': 'normal', 'status': True}]
[INFO]2021-03-29 09:35:50,662: AGV01 rotation clear status: 1
[DEBUG]2021-03-29 09:35:50,742: used 1236ms 200 OK application/json;charset=utf-8, GET: http://127.0.0.1:5551/api/agv/rotationclear?agv=AGV01&timeoutSec=30
[DEBUG]2021-03-29 09:35:50,852: [return] use 1369 ms,http_get: http://127.0.0.1:5551/api/agv/rotationclear?agv=AGV01&timeoutSec=30
[INFO]2021-03-29 09:35:50,975: task[60612e65eb3981607d2abfc7]:  successed {'step': 'finish', 'failMsg': '任务成功', 'endTime': datetime.datetime(2021, 3, 29, 9, 35, 50, 930036), 'status': 'success'}
[DEBUG]2021-03-29 09:35:51,036: task[60612e65eb3981607d2abfc7][AGV01] 37(18) -> 40(36) [finish] dropPayloadReset -> finish
[INFO]2021-03-29 09:35:51,444: task[60612e65eb3981607d2abfc7][AGV01] 37(18) -> 40(36) [finish] AGV01 release task, release agv True True False
[DEBUG]2021-03-29 09:35:51,709: GET: http://127.0.0.1:5551/api/agv/isLocked?agv=AGV01&appName=scadaTask&taskId=60612e65eb3981607d2abfc7 addr: 127.0.0.1
[DEBUG]2021-03-29 09:35:51,757: used 48ms 200 OK application/json;charset=utf-8, GET: http://127.0.0.1:5551/api/agv/isLocked?agv=AGV01&appName=scadaTask&taskId=60612e65eb3981607d2abfc7
[DEBUG]2021-03-29 09:35:52,074: GET: http://127.0.0.1:5551/api/agv/release?agv=AGV01&appName=scadaTask&force=False&taskId=60612e65eb3981607d2abfc7 addr: 127.0.0.1
[DEBUG]2021-03-29 09:35:52,152: unlock: AGV01 taskId 60612e65eb3981607d2abfc7 app scadaTask force False
[DEBUG]2021-03-29 09:35:52,214: used 140ms 200 OK application/json;charset=utf-8, GET: http://127.0.0.1:5551/api/agv/release?agv=AGV01&appName=scadaTask&force=False&taskId=60612e65eb3981607d2abfc7
[INFO]2021-03-29 09:35:52,356: task[60612e65eb3981607d2abfc7][AGV01] 37(18) -> 40(36) [finish] let AGV01 gohome
[DEBUG]2021-03-29 09:35:52,575: GET: http://127.0.0.1:5551/api/agv/goHome?agv=AGV01&appName=scadaTask&force=False&timeout=10800 addr: 127.0.0.1
[INFO]2021-03-29 09:35:52,683: AGV01 gohome home_1 force False taskId home_1 : AGV01.40 -> comba-ZXC-F3.41
[INFO]2021-03-29 09:35:53,662: Begin: AGV01 move from comba-ZXC-F3.40 to comba-ZXC-F3.41 by paths: [('comba-ZXC-F3', ['40', '36', '33', '39', '31', '30', '29', '28', '27', '26', '25', '24', '22', '17', '41'], 88.89894657242083)] task: home_1 timeout 10800 used 902 ms
[DEBUG]2021-03-29 09:35:53,770: used 1195ms 200 OK application/json;charset=utf-8, GET: http://127.0.0.1:5551/api/agv/goHome?agv=AGV01&appName=scadaTask&force=False&timeout=10800
[INFO]2021-03-29 09:35:53,956: task: prepoint released2  60612e65eb3981607d2abfc7 comba-ZXC-F3.40
[INFO]2021-03-29 09:35:54,053: task: stop task[60612e65eb3981607d2abfc7][-] 37(18) -> 40(36) [finish]
[DEBUG]2021-03-29 09:35:54,067: task: delete task 60612e65eb3981607d2abfc7
[DEBUG]2021-03-29 09:35:55,350: agvInfo: AGV01 comba-ZXC-F3.40 move to comba-ZXC-F3.36 ,taskId home_1
[DEBUG]2021-03-29 09:35:58,621: AGV01 turn to wait check cur 40 next 33 0.927 False
[DEBUG]2021-03-29 09:35:59,596: AGV01 set loc comba-ZXC-F3.36 ,old 40 (43.48,-28.53)
[DEBUG]2021-03-29 09:36:00,230: agvInfo: AGV01 comba-ZXC-F3.36 move to comba-ZXC-F3.33 ,taskId home_1
[DEBUG]2021-03-29 09:36:00,840: AGV01 choise next pos cur 36 next 39 pre 33 9.245 True
[DEBUG]2021-03-29 09:36:00,903: AGV01 choise next pos cur 36 next 31 pre 39 17.402 True
[DEBUG]2021-03-29 09:36:00,951: AGV01 turn to wait check cur 36 next 31 17.402 True
[DEBUG]2021-03-29 09:36:02,548: agvInfo: AGV01 comba-ZXC-F3.36 move to comba-ZXC-F3.31 ,taskId home_1
[DEBUG]2021-03-29 09:36:05,411: AGV01 set loc comba-ZXC-F3.33 ,old 36 (43.91,-25.75)
[DEBUG]2021-03-29 09:36:11,975: AGV01 choise next pos cur 33 next 30 pre 31 18.484 True
[DEBUG]2021-03-29 09:36:12,021: AGV01 turn to wait check cur 33 next 30 18.484 True
[DEBUG]2021-03-29 09:36:13,508: agvInfo: AGV01 comba-ZXC-F3.33 move to comba-ZXC-F3.30 ,taskId home_1
[DEBUG]2021-03-29 09:36:13,817: AGV01 set loc comba-ZXC-F3.39 ,old 33 (40.14,-20.84)
[DEBUG]2021-03-29 09:36:23,933: AGV01 choise next pos cur 39 next 29 pre 30 15.147 False
[DEBUG]2021-03-29 09:36:23,992: AGV01 turn to wait check cur 39 next 29 15.147 False
[DEBUG]2021-03-29 09:36:25,252: AGV01 set loc comba-ZXC-F3.31 ,old 39 (40.23,-12.73)
[DEBUG]2021-03-29 09:36:26,085: agvInfo: AGV01 comba-ZXC-F3.31 move to comba-ZXC-F3.29 ,taskId home_1
[DEBUG]2021-03-29 09:36:45,510: AGV01 turn to wait check cur 31 next 28 0.769 False
[DEBUG]2021-03-29 09:36:46,498: AGV01 set loc comba-ZXC-F3.29 ,old 31 (36.62,-2.00)
[DEBUG]2021-03-29 09:36:48,118: agvInfo: AGV01 comba-ZXC-F3.29 move to comba-ZXC-F3.28 ,taskId home_1
[DEBUG]2021-03-29 09:36:48,944: AGV01 choise next pos cur 29 next 27 pre 28 20.611 True
[DEBUG]2021-03-29 09:36:49,051: AGV01 turn to wait check cur 29 next 27 20.611 True
[DEBUG]2021-03-29 09:36:50,686: agvInfo: AGV01 comba-ZXC-F3.29 move to comba-ZXC-F3.27 ,taskId home_1
[DEBUG]2021-03-29 09:37:02,357: AGV01 set loc comba-ZXC-F3.28 ,old 29 (28.22,-1.92)
[DEBUG]2021-03-29 09:37:06,575: AGV01 choise next pos cur 28 next 26 pre 27 18.595 True
[DEBUG]2021-03-29 09:37:06,634: AGV01 turn to wait check cur 28 next 26 18.595 True
[DEBUG]2021-03-29 09:37:08,377: agvInfo: AGV01 comba-ZXC-F3.28 move to comba-ZXC-F3.26 ,taskId home_1
[DEBUG]2021-03-29 09:37:20,950: AGV01 choise next pos cur 28 next 25 pre 26 15.863 True
[DEBUG]2021-03-29 09:37:21,054: AGV01 turn to wait check cur 28 next 25 15.863 True
[DEBUG]2021-03-29 09:37:22,460: agvInfo: AGV01 comba-ZXC-F3.28 move to comba-ZXC-F3.25 ,taskId home_1
[DEBUG]2021-03-29 09:37:22,695: AGV01 set loc comba-ZXC-F3.27 ,old 28 (15.71,-1.64)
[DEBUG]2021-03-29 09:37:30,624: AGV01 choise next pos cur 27 next 24 pre 25 14.656 False
[DEBUG]2021-03-29 09:37:30,732: AGV01 turn to wait check cur 27 next 24 14.656 False
[DEBUG]2021-03-29 09:37:32,794: agvInfo: AGV01 comba-ZXC-F3.27 move to comba-ZXC-F3.24 ,taskId home_1
[DEBUG]2021-03-29 09:37:36,435: AGV01 set loc comba-ZXC-F3.26 ,old 27 (7.07,-1.44)
[DEBUG]2021-03-29 09:37:45,440: AGV01 set loc comba-ZXC-F3.25 ,old 26 (1.21,-1.34)
[DEBUG]2021-03-29 09:37:51,215: AGV01 turn to wait check cur 25 next 22 0.946 False
[DEBUG]2021-03-29 09:37:51,954: AGV01 set loc comba-ZXC-F3.24 ,old 25 (-1.20,1.83)
[DEBUG]2021-03-29 09:37:52,605: agvInfo: AGV01 comba-ZXC-F3.24 move to comba-ZXC-F3.22 ,taskId home_1
[DEBUG]2021-03-29 09:37:53,308: AGV01 choise next pos cur 24 next 17 pre 22 11.613 False
[DEBUG]2021-03-29 09:37:53,396: AGV01 turn to wait check cur 24 next 17 11.613 False
[DEBUG]2021-03-29 09:37:55,190: agvInfo: AGV01 comba-ZXC-F3.24 move to comba-ZXC-F3.17 ,taskId home_1
[DEBUG]2021-03-29 09:38:03,654: AGV01 set loc comba-ZXC-F3.22 ,old 24 (-2.08,8.37)
[DEBUG]2021-03-29 09:38:09,368: AGV01 turn to wait check cur 22 next 41 0.833 False
[DEBUG]2021-03-29 09:38:10,257: AGV01 set loc comba-ZXC-F3.17 ,old 22 (0.69,11.53)
[DEBUG]2021-03-29 09:38:10,755: agvInfo: AGV01 comba-ZXC-F3.17 move to comba-ZXC-F3.41 ,taskId home_1
[WARNING]2021-03-29 09:38:11,914: AGV01 waitFinish: loc is diff 17 41 task_status= 2
[WARNING]2021-03-29 09:38:12,506: AGV01 waitFinish: loc is diff 17 41 task_status= 2
[WARNING]2021-03-29 09:38:13,131: AGV01 waitFinish: loc is diff 17 41 task_status= 2
[WARNING]2021-03-29 09:38:13,714: AGV01 waitFinish: loc is diff 17 41 task_status= 2
[WARNING]2021-03-29 09:38:14,376: AGV01 waitFinish: loc is diff 17 41 task_status= 2
[WARNING]2021-03-29 09:38:14,985: AGV01 waitFinish: loc is diff 17 41 task_status= 2
[WARNING]2021-03-29 09:38:15,607: AGV01 waitFinish: loc is diff 17 41 task_status= 2
[DEBUG]2021-03-29 09:38:16,163: AGV01 set loc comba-ZXC-F3.41 ,old 17 (-1.57,11.52)
[WARNING]2021-03-29 09:38:16,243: AGV01 waitFinish: loc is diff 17 41 task_status= 2
[SUCC]2021-03-29 09:38:17,940: Finish:  AGV01 arrived comba-ZXC-F3.41 ,task: home_1
[DEBUG]2021-03-29 09:38:17,987: unlock: AGV01 taskId None app None force False
