[INFO]2021-04-01 11:07:57,356: log files at C:\Users\Administrator\Desktop\SVN\branches\common\log
[INFO]2021-04-01 11:07:57,361: find module account.main_account
[INFO]2021-04-01 11:07:57,362: find module agvCtrl.main_agv
[INFO]2021-04-01 11:07:57,365: find module agvDevice.main_agvDevice
[INFO]2021-04-01 11:07:57,367: find module alarm.main_alarm
[INFO]2021-04-01 11:07:57,371: find module auth.main_auth
[INFO]2021-04-01 11:07:57,373: find module door.main_door
[INFO]2021-04-01 11:07:57,375: find module elevator.main_elevator
[INFO]2021-04-01 11:07:57,377: find module feed.main_feed
[INFO]2021-04-01 11:07:57,380: find module menu.main_menu
[INFO]2021-04-01 11:07:57,382: find module pharmapackCtrl.main_scadaCtrl
[INFO]2021-04-01 11:07:57,386: find module webFront.main_web
[INFO]2021-04-01 11:07:57,389: find module wmqtt.main_wmqtt
[INFO]2021-04-01 11:07:57,390: import account.main_account
[INFO]2021-04-01 11:07:57,831: import agvCtrl.main_agv
[INFO]2021-04-01 11:07:59,975: create lock <lock name:doorMgr.lock,<unlocked _thread.RLock object owner=0 count=0 at 0x0000021B3C9CC8F0>>
[INFO]2021-04-01 11:07:59,984: create lock <lock name:door.lock,<unlocked _thread.RLock object owner=0 count=0 at 0x0000021B3C9CCAA8>>
[INFO]2021-04-01 11:08:00,380: create lock <lock name:timer.lock_2316008038072,<unlocked _thread.RLock object owner=0 count=0 at 0x0000021B3CD204E0>>
[ERROR]2021-04-01 11:08:00,423: mqtt is disabled
[INFO]2021-04-01 11:08:00,425: mqtt: subscribe [alarm/raise/+]
[INFO]2021-04-01 11:08:00,427: mqtt: subscribe [alarm/clear/+]
[INFO]2021-04-01 11:08:03,585: Mongodb connect to 127.0.0.1 port 27017
[INFO]2021-04-01 11:08:03,654: create lock <lock name:elevatorMgr.lock,<unlocked _thread.RLock object owner=0 count=0 at 0x0000021B3B032878>>
[WARNING]2021-04-01 11:08:03,692: use mockAgvCtrl
[INFO]2021-04-01 11:08:03,702: create lock <lock name:mapMgr.lock,<unlocked _thread.RLock object owner=0 count=0 at 0x0000021B3B3B67D8>>
[INFO]2021-04-01 11:08:04,240: create lock <lock name:agvList.g_agvLock,<unlocked _thread.RLock object owner=0 count=0 at 0x0000021B3D1B4828>>
[INFO]2021-04-01 11:08:04,249: create lock <lock name:taskList.lock,<unlocked _thread.RLock object owner=0 count=0 at 0x0000021B3D1D0A58>>
[INFO]2021-04-01 11:08:04,404: charge policy 1 , fix time
[INFO]2021-04-01 11:08:04,479: create lock <lock name:agvApi.g_lock,<unlocked _thread.RLock object owner=0 count=0 at 0x0000021B3D1D0D50>>
[INFO]2021-04-01 11:08:04,966: start load map C:\Users\Administrator\Desktop\SVN\branches\agvCtrl\projects\test\comba-ZSC-F1-F3.smap
[DEBUG]2021-04-01 11:08:05,236: elevator thread start
[INFO]2021-04-01 11:08:05,276: load map C:\Users\Administrator\Desktop\SVN\branches\agvCtrl\projects\test\comba-ZSC-F1-F3.smap ,used 319 ms
[INFO]2021-04-01 11:08:05,308: start load map C:\Users\Administrator\Desktop\SVN\branches\agvCtrl\projects\test\comba-ZXC-F3.smap
[INFO]2021-04-01 11:08:05,529: load map C:\Users\Administrator\Desktop\SVN\branches\agvCtrl\projects\test\comba-ZXC-F3.smap ,used 248 ms
[INFO]2021-04-01 11:08:05,542: import agvDevice.main_agvDevice
[INFO]2021-04-01 11:08:05,548: import alarm.main_alarm
[INFO]2021-04-01 11:08:05,553: import auth.main_auth
[INFO]2021-04-01 11:08:05,583: import door.main_door
[INFO]2021-04-01 11:08:05,797: import elevator.main_elevator
[INFO]2021-04-01 11:08:05,880: create lock <lock name:elevatorApi.tcp_lock,<unlocked _thread.RLock object owner=0 count=0 at 0x0000021B3D666468>>
[INFO]2021-04-01 11:08:05,887: create lock <lock name:elevatorApi.g_lock,<unlocked _thread.RLock object owner=0 count=0 at 0x0000021B3D5CCE90>>
[INFO]2021-04-01 11:08:05,893: import feed.main_feed
[INFO]2021-04-01 11:08:05,936: create lock <lock name:feedTask.g_lock,<unlocked _thread.RLock object owner=0 count=0 at 0x0000021B3D6ECE40>>
[INFO]2021-04-01 11:08:05,963: create lock <lock name:agvApi.g_lock,<unlocked _thread.RLock object owner=0 count=0 at 0x0000021B3D702710>>
[INFO]2021-04-01 11:08:06,112: import menu.main_menu
[INFO]2021-04-01 11:08:06,117: import pharmapackCtrl.main_scadaCtrl
[INFO]2021-04-01 11:08:06,312: create lock <lock name:runTasks.g_lock,<unlocked _thread.RLock object owner=0 count=0 at 0x0000021B3D735AD0>>
[INFO]2021-04-01 11:08:06,317: create lock <lock name:runTasks.pre_lock,<unlocked _thread.RLock object owner=0 count=0 at 0x0000021B3D735D28>>
[INFO]2021-04-01 11:08:06,500: import webFront.main_web
[INFO]2021-04-01 11:08:06,510: import wmqtt.main_wmqtt
[SUCC]2021-04-01 11:08:06,530: utility start, pid=4056, ppid=1252
[DEBUG]2021-04-01 11:08:06,534: start timer
[INFO]2021-04-01 11:08:08,706: load agv file: C:\Users\Administrator\Desktop\SVN\branches\agvCtrl/projects/test/agv.cfg
[INFO]2021-04-01 11:08:08,717: create lock <lock name:agvList.AGV01.lock,<unlocked _thread.RLock object owner=0 count=0 at 0x0000021B3DA61198>>
[DEBUG]2021-04-01 11:08:08,768: create aliveObj AGV01 AGV离线异常 timeout 300
[INFO]2021-04-01 11:08:08,779: AGV01 start agvList run thread
[INFO]2021-04-01 11:08:08,782: AGV01 start agvList run2 thread
[INFO]2021-04-01 11:08:08,814: create lock <lock name:agvList.AGV02.lock,<unlocked _thread.RLock object owner=0 count=0 at 0x0000021B3DA61440>>
[ERROR]2021-04-01 11:08:08,815: agv check init error False
[DEBUG]2021-04-01 11:08:08,827: create aliveObj AGV02 AGV离线异常 timeout 300
[INFO]2021-04-01 11:08:08,833: AGV02 start agvList run thread
[INFO]2021-04-01 11:08:08,835: AGV02 start agvList run2 thread
[INFO]2021-04-01 11:08:08,850: AGV02 current map comba-ZSC-F1-F3
[INFO]2021-04-01 11:08:08,857: AGV02 is online
[INFO]2021-04-01 11:08:08,869: add_ignore: taskStatus
[INFO]2021-04-01 11:08:08,888: add_ignore: api/elevator/status
[INFO]2021-04-01 11:08:08,893: add_ignore: scada/getTask
[INFO]2021-04-01 11:08:09,326: AGV01 current map comba-ZXC-F3
[INFO]2021-04-01 11:08:09,330: AGV01 is online
[CRITICAL]2021-04-01 11:08:10,575: agvApi.init cause a error: ('http get', 'http://127.0.0.1:5551/api/agv/init', {'appName': 'scadaTask'}, 'error:', '<urlopen error [WinError 10061] 由于目标计算机积极拒绝，无法连接。>')
pid=4056, ppid=1252, tid=13960
Traceback (most recent call last):
  File "C:\Python37\lib\urllib\request.py", line 1317, in do_open
    encode_chunked=req.has_header('Transfer-encoding'))
  File "C:\Python37\lib\http\client.py", line 1229, in request
    self._send_request(method, url, body, headers, encode_chunked)
  File "C:\Python37\lib\http\client.py", line 1275, in _send_request
    self.endheaders(body, encode_chunked=encode_chunked)
  File "C:\Python37\lib\http\client.py", line 1224, in endheaders
    self._send_output(message_body, encode_chunked=encode_chunked)
  File "C:\Python37\lib\http\client.py", line 1016, in _send_output
    self.send(msg)
  File "C:\Python37\lib\http\client.py", line 956, in send
    self.connect()
  File "C:\Python37\lib\http\client.py", line 928, in connect
    (self.host,self.port), self.timeout, self.source_address)
  File "C:\Python37\lib\socket.py", line 727, in create_connection
    raise err
  File "C:\Python37\lib\socket.py", line 716, in create_connection
    sock.connect(sa)
ConnectionRefusedError: [WinError 10061] 由于目标计算机积极拒绝，无法连接。

During handling of the above exception, another exception occurred:

Traceback (most recent call last):
  File "C:\Users\Administrator\Desktop\SVN\branches\common\webutility.py", line 103, in http_get
    f = urllib.request.urlopen(u,timeout=timeout)
  File "C:\Python37\lib\urllib\request.py", line 222, in urlopen
    return opener.open(url, data, timeout)
  File "C:\Python37\lib\urllib\request.py", line 525, in open
    response = self._open(req, data)
  File "C:\Python37\lib\urllib\request.py", line 543, in _open
    '_open', req)
  File "C:\Python37\lib\urllib\request.py", line 503, in _call_chain
    result = func(*args)
  File "C:\Python37\lib\urllib\request.py", line 1345, in http_open
    return self.do_open(http.client.HTTPConnection, req)
  File "C:\Python37\lib\urllib\request.py", line 1319, in do_open
    raise URLError(err)
urllib.error.URLError: <urlopen error [WinError 10061] 由于目标计算机积极拒绝，无法连接。>

During handling of the above exception, another exception occurred:

Traceback (most recent call last):
  File "C:\Users\Administrator\Desktop\SVN\branches\agvCtrl\agvApi.py", line 40, in init
    _http_get(url + '/api/agv/init', param)
  File "C:\Users\Administrator\Desktop\SVN\branches\agvCtrl\agvApi.py", line 61, in _http_get
    r = webutility.http_get(url, param, timeout=45,writelog=False)
  File "C:\Users\Administrator\Desktop\SVN\branches\common\webutility.py", line 105, in http_get
    raise Exception("http get",url,params,"error:",str(e))
Exception: ('http get', 'http://127.0.0.1:5551/api/agv/init', {'appName': 'scadaTask'}, 'error:', '<urlopen error [WinError 10061] 由于目标计算机积极拒绝，无法连接。>')

[CRITICAL]2021-04-01 11:08:14,797: agvApi.init cause a error: ('http get', 'http://127.0.0.1:5551/api/agv/init', {'appName': 'scadaTask'}, 'error:', '<urlopen error [WinError 10061] 由于目标计算机积极拒绝，无法连接。>')
pid=4056, ppid=1252, tid=13960
Traceback (most recent call last):
  File "C:\Python37\lib\urllib\request.py", line 1317, in do_open
    encode_chunked=req.has_header('Transfer-encoding'))
  File "C:\Python37\lib\http\client.py", line 1229, in request
    self._send_request(method, url, body, headers, encode_chunked)
  File "C:\Python37\lib\http\client.py", line 1275, in _send_request
    self.endheaders(body, encode_chunked=encode_chunked)
  File "C:\Python37\lib\http\client.py", line 1224, in endheaders
    self._send_output(message_body, encode_chunked=encode_chunked)
  File "C:\Python37\lib\http\client.py", line 1016, in _send_output
    self.send(msg)
  File "C:\Python37\lib\http\client.py", line 956, in send
    self.connect()
  File "C:\Python37\lib\http\client.py", line 928, in connect
    (self.host,self.port), self.timeout, self.source_address)
  File "C:\Python37\lib\socket.py", line 727, in create_connection
    raise err
  File "C:\Python37\lib\socket.py", line 716, in create_connection
    sock.connect(sa)
ConnectionRefusedError: [WinError 10061] 由于目标计算机积极拒绝，无法连接。

During handling of the above exception, another exception occurred:

Traceback (most recent call last):
  File "C:\Users\Administrator\Desktop\SVN\branches\common\webutility.py", line 103, in http_get
    f = urllib.request.urlopen(u,timeout=timeout)
  File "C:\Python37\lib\urllib\request.py", line 222, in urlopen
    return opener.open(url, data, timeout)
  File "C:\Python37\lib\urllib\request.py", line 525, in open
    response = self._open(req, data)
  File "C:\Python37\lib\urllib\request.py", line 543, in _open
    '_open', req)
  File "C:\Python37\lib\urllib\request.py", line 503, in _call_chain
    result = func(*args)
  File "C:\Python37\lib\urllib\request.py", line 1345, in http_open
    return self.do_open(http.client.HTTPConnection, req)
  File "C:\Python37\lib\urllib\request.py", line 1319, in do_open
    raise URLError(err)
urllib.error.URLError: <urlopen error [WinError 10061] 由于目标计算机积极拒绝，无法连接。>

During handling of the above exception, another exception occurred:

Traceback (most recent call last):
  File "C:\Users\Administrator\Desktop\SVN\branches\agvCtrl\agvApi.py", line 40, in init
    _http_get(url + '/api/agv/init', param)
  File "C:\Users\Administrator\Desktop\SVN\branches\agvCtrl\agvApi.py", line 61, in _http_get
    r = webutility.http_get(url, param, timeout=45,writelog=False)
  File "C:\Users\Administrator\Desktop\SVN\branches\common\webutility.py", line 105, in http_get
    raise Exception("http get",url,params,"error:",str(e))
Exception: ('http get', 'http://127.0.0.1:5551/api/agv/init', {'appName': 'scadaTask'}, 'error:', '<urlopen error [WinError 10061] 由于目标计算机积极拒绝，无法连接。>')

