[INFO]2021-04-09 11:38:51,297: log files at C:\Users\Administrator\Desktop\SVN\branches\common\log
[INFO]2021-04-09 11:38:51,299: find module account.main_account
[INFO]2021-04-09 11:38:51,302: find module agvCtrl.main_agv
[INFO]2021-04-09 11:38:51,304: find module agvDevice.main_agvDevice
[INFO]2021-04-09 11:38:51,306: find module alarm.main_alarm
[INFO]2021-04-09 11:38:51,308: find module auth.main_auth
[INFO]2021-04-09 11:38:51,310: find module door.main_door
[INFO]2021-04-09 11:38:51,312: find module elevator.main_elevator
[INFO]2021-04-09 11:38:51,314: find module feed.main_feed
[INFO]2021-04-09 11:38:51,320: find module menu.main_menu
[INFO]2021-04-09 11:38:51,322: find module pharmapackCtrl.main_scadaCtrl
[INFO]2021-04-09 11:38:51,324: find module webFront.main_web
[INFO]2021-04-09 11:38:51,326: find module wmqtt.main_wmqtt
[INFO]2021-04-09 11:38:51,328: import account.main_account
[INFO]2021-04-09 11:38:51,658: import agvCtrl.main_agv
[INFO]2021-04-09 11:38:52,455: create lock <lock name:doorMgr.lock,<unlocked _thread.RLock object owner=0 count=0 at 0x000002A77C1168F0>>
[INFO]2021-04-09 11:38:52,461: create lock <lock name:door.lock,<unlocked _thread.RLock object owner=0 count=0 at 0x000002A77C116AA8>>
[INFO]2021-04-09 11:38:52,577: create lock <lock name:timer.lock_2918368099968,<unlocked _thread.RLock object owner=0 count=0 at 0x000002A77C4704E0>>
[ERROR]2021-04-09 11:38:52,611: mqtt is disabled
[INFO]2021-04-09 11:38:52,613: mqtt: subscribe [alarm/raise/+]
[INFO]2021-04-09 11:38:52,615: mqtt: subscribe [alarm/clear/+]
[INFO]2021-04-09 11:38:55,744: Mongodb connect to 127.0.0.1 port 27017
[INFO]2021-04-09 11:38:55,873: create lock <lock name:elevatorApi.tcp_lock,<unlocked _thread.RLock object owner=0 count=0 at 0x000002A77C8701E8>>
[INFO]2021-04-09 11:38:55,880: create lock <lock name:elevatorApi.g_lock,<unlocked _thread.RLock object owner=0 count=0 at 0x000002A77A754DF0>>
[INFO]2021-04-09 11:38:55,884: create lock <lock name:elevatorMgr.lock,<unlocked _thread.RLock object owner=0 count=0 at 0x000002A77A754878>>
[INFO]2021-04-09 11:38:56,203: create lock <lock name:mapMgr.lock,<unlocked _thread.RLock object owner=0 count=0 at 0x000002A77AAE67D8>>
[INFO]2021-04-09 11:38:56,585: create lock <lock name:agvList.g_agvLock,<unlocked _thread.RLock object owner=0 count=0 at 0x000002A77C97BB98>>
[INFO]2021-04-09 11:38:56,595: create lock <lock name:taskList.lock,<unlocked _thread.RLock object owner=0 count=0 at 0x000002A77C9A6C60>>
[INFO]2021-04-09 11:38:56,720: charge policy 1 , fix time
[INFO]2021-04-09 11:38:56,757: create lock <lock name:agvApi.g_lock,<unlocked _thread.RLock object owner=0 count=0 at 0x000002A77C9A6A30>>
[INFO]2021-04-09 11:38:57,199: start load map C:\Users\Administrator\Desktop\SVN\branches\agvCtrl\projects\test\comba-ZSC-F1-F3.smap
[DEBUG]2021-04-09 11:38:57,486: elevator thread start
[INFO]2021-04-09 11:38:57,512: load map C:\Users\Administrator\Desktop\SVN\branches\agvCtrl\projects\test\comba-ZSC-F1-F3.smap ,used 323 ms
[INFO]2021-04-09 11:38:57,527: start load map C:\Users\Administrator\Desktop\SVN\branches\agvCtrl\projects\test\comba-ZXC-F3.smap
[INFO]2021-04-09 11:38:57,834: load map C:\Users\Administrator\Desktop\SVN\branches\agvCtrl\projects\test\comba-ZXC-F3.smap ,used 321 ms
[INFO]2021-04-09 11:38:57,847: import agvDevice.main_agvDevice
[INFO]2021-04-09 11:38:57,852: import alarm.main_alarm
[INFO]2021-04-09 11:38:57,857: import auth.main_auth
[INFO]2021-04-09 11:38:57,893: import door.main_door
[INFO]2021-04-09 11:38:57,912: import elevator.main_elevator
[INFO]2021-04-09 11:38:57,917: import feed.main_feed
[INFO]2021-04-09 11:38:57,975: create lock <lock name:feedTask.g_lock,<unlocked _thread.RLock object owner=0 count=0 at 0x000002A7003B1620>>
