[INFO]2021-04-09 10:57:23,774: log files at C:\Users\Administrator\Desktop\SVN\branches\common\log
[INFO]2021-04-09 10:57:23,776: find module account.main_account
[INFO]2021-04-09 10:57:23,779: find module agvCtrl.main_agv
[INFO]2021-04-09 10:57:23,780: find module agvDevice.main_agvDevice
[INFO]2021-04-09 10:57:23,784: find module alarm.main_alarm
[INFO]2021-04-09 10:57:23,786: find module auth.main_auth
[INFO]2021-04-09 10:57:23,787: find module door.main_door
[INFO]2021-04-09 10:57:23,789: find module elevator.main_elevator
[INFO]2021-04-09 10:57:23,792: find module feed.main_feed
[INFO]2021-04-09 10:57:23,802: find module menu.main_menu
[INFO]2021-04-09 10:57:23,803: find module pharmapackCtrl.main_scadaCtrl
[INFO]2021-04-09 10:57:23,804: find module webFront.main_web
[INFO]2021-04-09 10:57:23,806: find module wmqtt.main_wmqtt
[INFO]2021-04-09 10:57:23,807: import account.main_account
[INFO]2021-04-09 10:57:24,159: import agvCtrl.main_agv
[INFO]2021-04-09 10:57:25,125: create lock <lock name:doorMgr.lock,<unlocked _thread.RLock object owner=0 count=0 at 0x0000019BD08FF8F0>>
[INFO]2021-04-09 10:57:25,133: create lock <lock name:door.lock,<unlocked _thread.RLock object owner=0 count=0 at 0x0000019BD08FFAA8>>
[INFO]2021-04-09 10:57:25,409: create lock <lock name:timer.lock_1768734407928,<unlocked _thread.RLock object owner=0 count=0 at 0x0000019BD0C51508>>
[ERROR]2021-04-09 10:57:25,442: mqtt is disabled
[INFO]2021-04-09 10:57:25,444: mqtt: subscribe [alarm/raise/+]
[INFO]2021-04-09 10:57:25,446: mqtt: subscribe [alarm/clear/+]
[INFO]2021-04-09 10:57:28,549: Mongodb connect to 127.0.0.1 port 27017
[INFO]2021-04-09 10:57:28,709: create lock <lock name:elevatorApi.tcp_lock,<unlocked _thread.RLock object owner=0 count=0 at 0x0000019BD10611E8>>
[INFO]2021-04-09 10:57:28,714: create lock <lock name:elevatorApi.g_lock,<unlocked _thread.RLock object owner=0 count=0 at 0x0000019BCEF33DF0>>
[INFO]2021-04-09 10:57:28,720: create lock <lock name:elevatorMgr.lock,<unlocked _thread.RLock object owner=0 count=0 at 0x0000019BCEF33878>>
[INFO]2021-04-09 10:57:28,966: create lock <lock name:mapMgr.lock,<unlocked _thread.RLock object owner=0 count=0 at 0x0000019BCF2C67D8>>
[INFO]2021-04-09 10:57:29,624: create lock <lock name:agvList.g_agvLock,<unlocked _thread.RLock object owner=0 count=0 at 0x0000019BD11A9B98>>
[INFO]2021-04-09 10:57:29,635: create lock <lock name:taskList.lock,<unlocked _thread.RLock object owner=0 count=0 at 0x0000019BD11D6B98>>
[INFO]2021-04-09 10:57:29,740: charge policy 1 , fix time
[INFO]2021-04-09 10:57:29,801: create lock <lock name:agvApi.g_lock,<unlocked _thread.RLock object owner=0 count=0 at 0x0000019BD11D6800>>
[INFO]2021-04-09 10:57:30,585: start load map C:\Users\Administrator\Desktop\SVN\branches\agvCtrl\projects\test\comba-ZSC-F1-F3.smap
[DEBUG]2021-04-09 10:57:30,974: elevator thread start
[INFO]2021-04-09 10:57:31,039: load map C:\Users\Administrator\Desktop\SVN\branches\agvCtrl\projects\test\comba-ZSC-F1-F3.smap ,used 484 ms
[INFO]2021-04-09 10:57:31,054: start load map C:\Users\Administrator\Desktop\SVN\branches\agvCtrl\projects\test\comba-ZXC-F3.smap
[INFO]2021-04-09 10:57:31,237: load map C:\Users\Administrator\Desktop\SVN\branches\agvCtrl\projects\test\comba-ZXC-F3.smap ,used 195 ms
[INFO]2021-04-09 10:57:31,242: import agvDevice.main_agvDevice
[INFO]2021-04-09 10:57:31,244: import alarm.main_alarm
[INFO]2021-04-09 10:57:31,244: import auth.main_auth
[INFO]2021-04-09 10:57:31,253: import door.main_door
[INFO]2021-04-09 10:57:31,256: import elevator.main_elevator
[INFO]2021-04-09 10:57:31,258: import feed.main_feed
[INFO]2021-04-09 10:57:31,268: create lock <lock name:feedTask.g_lock,<unlocked _thread.RLock object owner=0 count=0 at 0x0000019BD1634850>>
[INFO]2021-04-09 10:57:31,279: create lock <lock name:agvApi.g_lock,<unlocked _thread.RLock object owner=0 count=0 at 0x0000019BD1658B48>>
[INFO]2021-04-09 10:57:31,374: import menu.main_menu
[INFO]2021-04-09 10:57:31,379: import pharmapackCtrl.main_scadaCtrl
[INFO]2021-04-09 10:57:33,374: create lock <lock name:runTasks.g_lock,<unlocked _thread.RLock object owner=0 count=0 at 0x0000019BD170C698>>
[INFO]2021-04-09 10:57:33,378: create lock <lock name:runTasks.pre_lock,<unlocked _thread.RLock object owner=0 count=0 at 0x0000019BD170C850>>
[INFO]2021-04-09 10:57:33,624: import webFront.main_web
[INFO]2021-04-09 10:57:33,636: import wmqtt.main_wmqtt
[SUCC]2021-04-09 10:57:33,664: utility start, pid=7032, ppid=11988
[DEBUG]2021-04-09 10:57:33,669: start timer
[INFO]2021-04-09 10:57:33,704: load agv file: C:\Users\Administrator\Desktop\SVN\branches\agvCtrl/projects/test/agv.cfg
[INFO]2021-04-09 10:57:33,710: create lock <lock name:agvList.AGV01.lock,<unlocked _thread.RLock object owner=0 count=0 at 0x0000019BD170CB98>>
[DEBUG]2021-04-09 10:57:33,719: create aliveObj AGV01 AGV离线异常 timeout 300
[INFO]2021-04-09 10:57:33,725: AGV01 start agvList run thread
[INFO]2021-04-09 10:57:33,726: AGV01 start agvList run2 thread
[INFO]2021-04-09 10:57:33,729: create lock <lock name:agv.AGV01.lock_status,<unlocked _thread.RLock object owner=0 count=0 at 0x0000019BD170CFD0>>
[DEBUG]2021-04-09 10:57:33,735: try connect AGV01 172.16.217.121:19204
[INFO]2021-04-09 10:57:33,738: create lock <lock name:agvList.AGV02.lock,<unlocked _thread.RLock object owner=0 count=0 at 0x0000019BD1C34080>>
[DEBUG]2021-04-09 10:57:33,749: create aliveObj AGV02 AGV离线异常 timeout 300
[INFO]2021-04-09 10:57:33,756: AGV02 start agvList run thread
[INFO]2021-04-09 10:57:33,758: AGV02 start agvList run2 thread
[INFO]2021-04-09 10:57:33,758: add_ignore: taskStatus
[INFO]2021-04-09 10:57:33,761: create lock <lock name:agv.AGV02.lock_status,<unlocked _thread.RLock object owner=0 count=0 at 0x0000019BD170CC10>>
[INFO]2021-04-09 10:57:33,767: add_ignore: api/elevator/status
[DEBUG]2021-04-09 10:57:33,772: try connect AGV02 172.16.217.213:19204
[INFO]2021-04-09 10:57:33,775: add_ignore: scada/getTask
[INFO]2021-04-09 10:57:33,783: AGV02 connected 172.16.217.213 19204
[INFO]2021-04-09 10:57:33,788: create lock <lock name:agv.AGV02.lock_ctrl,<unlocked _thread.RLock object owner=0 count=0 at 0x0000019BD170CC60>>
[DEBUG]2021-04-09 10:57:33,791: try connect AGV02 172.16.217.213:19205
[INFO]2021-04-09 10:57:33,803: AGV02 connected 172.16.217.213 19205
[INFO]2021-04-09 10:57:33,806: create lock <lock name:agv.AGV02.lock_task,<unlocked _thread.RLock object owner=0 count=0 at 0x0000019BD1C34440>>
[DEBUG]2021-04-09 10:57:33,810: try connect AGV02 172.16.217.213:19206
[INFO]2021-04-09 10:57:33,819: AGV02 connected 172.16.217.213 19206
[INFO]2021-04-09 10:57:33,823: create lock <lock name:agv.AGV02.lock_conf,<unlocked _thread.RLock object owner=0 count=0 at 0x0000019BD1C34D78>>
[DEBUG]2021-04-09 10:57:33,827: try connect AGV02 172.16.217.213:19207
[INFO]2021-04-09 10:57:33,843: AGV02 connected 172.16.217.213 19207
[INFO]2021-04-09 10:57:33,848: create lock <lock name:agv.AGV02.lock_core,<unlocked _thread.RLock object owner=0 count=0 at 0x0000019BD1C34DA0>>
[DEBUG]2021-04-09 10:57:33,851: try connect AGV02 172.16.217.213:19208
[INFO]2021-04-09 10:57:33,861: AGV02 connected 172.16.217.213 19208
[INFO]2021-04-09 10:57:33,865: create lock <lock name:agv.AGV02.lock_other,<unlocked _thread.RLock object owner=0 count=0 at 0x0000019BD1C34DF0>>
[DEBUG]2021-04-09 10:57:33,869: try connect AGV02 172.16.217.213:19210
[INFO]2021-04-09 10:57:33,877: AGV02 connected 172.16.217.213 19210
[INFO]2021-04-09 10:57:33,881: ------------------------------来到sendCmd函数中---------------------------（13）----------------------
[INFO]2021-04-09 10:57:33,942: ------------------------------来到sendCmd函数中---------------------------（13）----------------------
[INFO]2021-04-09 10:57:33,959: AGV02 current map comba-ZSC-F1-F3
[INFO]2021-04-09 10:57:33,962: ------------------------------来到sendCmd函数中---------------------------（13）----------------------
[INFO]2021-04-09 10:57:33,982: AGV02 is online
[WARNING]2021-04-09 10:57:34,108: clear alarm obj=AGV02, typeId=52203, id=606d750d2a59e8f324c537f8
[INFO]2021-04-09 10:57:34,638: ------------------------------来到sendCmd函数中---------------------------（13）----------------------
[INFO]2021-04-09 10:57:35,169: ------------------------------来到sendCmd函数中---------------------------（13）----------------------
[DEBUG]2021-04-09 10:57:35,719: GET: http://127.0.0.1:5551/api/agv/init?appName=scadaTask addr: 127.0.0.1
[INFO]2021-04-09 10:57:35,731: scadaTask init client agvApi
[DEBUG]2021-04-09 10:57:35,735: used 17ms 200 OK application/json;charset=utf-8, GET: http://127.0.0.1:5551/api/agv/init?appName=scadaTask
[INFO]2021-04-09 10:57:36,564: ------------------------------来到sendCmd函数中---------------------------（13）----------------------
[INFO]2021-04-09 10:57:37,292: ------------------------------来到sendCmd函数中---------------------------（13）----------------------
[INFO]2021-04-09 10:57:38,068: ------------------------------来到sendCmd函数中---------------------------（13）----------------------
[INFO]2021-04-09 10:57:38,736: ------------------------------来到sendCmd函数中---------------------------（13）----------------------
[DEBUG]2021-04-09 10:57:38,986: GET: http://127.0.0.1:5551/api/agv/startCharge?appName=scadaTask addr: 127.0.0.1
[DEBUG]2021-04-09 10:57:39,111: used 125ms 200 OK application/json;charset=utf-8, GET: http://127.0.0.1:5551/api/agv/startCharge?appName=scadaTask
[WARNING]2021-04-09 10:57:39,282: timer_thread[tid:11864] <lock name:runTasks.g_lock,<locked _thread.RLock object owner=11864 count=1 at 0x0000019BD170C698>> ,hold 3574 ms
[INFO]2021-04-09 10:57:39,453: name=timer_thread, pid=7032, tid=11864
[01] File "C:/Python37/lib/threading.py", line 865, in run() 
[02] File "C:/Users/Administrator/Desktop/SVN/branches/common/mytimer.py", line 113, in _loop() 
[03] File "C:/Users/Administrator/Desktop/SVN/branches/common/lock.py", line 122, in _call() 
[04] File "C:/Users/Administrator/Desktop/SVN/branches/common/lock.py", line 100, in release() 
[05] File "C:/Users/Administrator/Desktop/SVN/branches/common/enhance.py", line 258, in getTrace() 
[06] File "C:/Users/Administrator/Desktop/SVN/branches/common/enhance.py", line 240, in getThreadStack()
[INFO]2021-04-09 10:57:39,518: ------------------------------来到sendCmd函数中---------------------------（13）----------------------
[INFO]2021-04-09 10:57:40,246: ------------------------------来到sendCmd函数中---------------------------（13）----------------------
[INFO]2021-04-09 10:57:40,989: ------------------------------来到sendCmd函数中---------------------------（13）----------------------
[WARNING]2021-04-09 10:57:41,052: clear alarm obj=AGV01, typeId=49999, id=606d75002a59e8f324c537e1
[INFO]2021-04-09 10:57:41,797: ------------------------------来到sendCmd函数中---------------------------（13）----------------------
[INFO]2021-04-09 10:57:42,586: ------------------------------来到sendCmd函数中---------------------------（13）----------------------
[DEBUG]2021-04-09 10:57:43,283: GET: http://172.16.217.197:5551/api/manual/seat addr: 172.16.217.105
[DEBUG]2021-04-09 10:57:43,316: GET: http://172.16.217.197:5551/api/manual/tasklist addr: 172.16.217.105
[DEBUG]2021-04-09 10:57:43,392: GET: http://172.16.217.197:5551/api/manual/seat addr: 172.16.217.105
[DEBUG]2021-04-09 10:57:43,407: GET: http://172.16.217.197:5551/api/manual/seat addr: 172.16.217.105
[INFO]2021-04-09 10:57:43,467: ------------------------------来到sendCmd函数中---------------------------（13）----------------------
[ERROR]2021-04-09 10:57:43,793: connect AGV01 failed timed out
[DEBUG]2021-04-09 10:57:43,857: try connect AGV01 172.16.217.121:19204
[DEBUG]2021-04-09 10:57:44,164: GET: http://172.16.217.197:5551/api/agv/agvStatusList?mapId=comba-ZXC-F3 addr: 172.16.217.105
[DEBUG]2021-04-09 10:57:44,241: used 77ms 200 OK application/json;charset=utf-8, GET: http://172.16.217.197:5551/api/agv/agvStatusList?mapId=comba-ZXC-F3
[INFO]2021-04-09 10:57:44,430: ------------------------------来到sendCmd函数中---------------------------（13）----------------------
[INFO]2021-04-09 10:57:45,256: ------------------------------来到sendCmd函数中---------------------------（13）----------------------
[INFO]2021-04-09 10:57:45,931: ------------------------------来到sendCmd函数中---------------------------（13）----------------------
[INFO]2021-04-09 10:57:46,692: ------------------------------来到sendCmd函数中---------------------------（13）----------------------
[INFO]2021-04-09 10:57:47,318: ------------------------------来到sendCmd函数中---------------------------（13）----------------------
[INFO]2021-04-09 10:57:48,036: ------------------------------来到sendCmd函数中---------------------------（13）----------------------
[INFO]2021-04-09 10:57:48,633: ------------------------------来到sendCmd函数中---------------------------（13）----------------------
[INFO]2021-04-09 10:57:49,386: ------------------------------来到sendCmd函数中---------------------------（13）----------------------
[INFO]2021-04-09 10:57:50,000: ------------------------------来到sendCmd函数中---------------------------（13）----------------------
[INFO]2021-04-09 10:57:50,668: ------------------------------来到sendCmd函数中---------------------------（13）----------------------
[INFO]2021-04-09 10:57:51,419: ------------------------------来到sendCmd函数中---------------------------（13）----------------------
[INFO]2021-04-09 10:57:52,087: ------------------------------来到sendCmd函数中---------------------------（13）----------------------
[INFO]2021-04-09 10:57:52,919: ------------------------------来到sendCmd函数中---------------------------（13）----------------------
[INFO]2021-04-09 10:57:53,655: ------------------------------来到sendCmd函数中---------------------------（13）----------------------
[ERROR]2021-04-09 10:57:53,941: connect AGV01 failed timed out
[INFO]2021-04-09 10:57:54,033: AGV01 checkLink failed 172.16.217.121 19204
[WARNING]2021-04-09 10:57:54,097: agvThread.AGV01[tid:4948] <lock name:agv.AGV01.lock_status,<locked _thread.RLock object owner=4948 count=1 at 0x0000019BD170CFD0>> ,hold 20362 ms
[INFO]2021-04-09 10:57:54,285: name=agvThread.AGV01, pid=7032, tid=4948
[01] File "C:/Python37/lib/threading.py", line 865, in run() 
[02] File "C:/Users/Administrator/Desktop/SVN/branches/agvCtrl/agvList.py", line 570, in run() 
[03] File "../driver/seerAgv/agvCtrl.py", line 38, in checkLink() 
[04] File "../driver/seerAgv/agvApi.py", line 188, in checkLink() 
[05] File "C:/Users/Administrator/Desktop/SVN/branches/common/lock.py", line 100, in release() 
[06] File "C:/Users/Administrator/Desktop/SVN/branches/common/enhance.py", line 258, in getTrace() 
[07] File "C:/Users/Administrator/Desktop/SVN/branches/common/enhance.py", line 240, in getThreadStack()
[INFO]2021-04-09 10:57:54,316: ------------------------------来到sendCmd函数中---------------------------（13）----------------------
[INFO]2021-04-09 10:57:55,201: ------------------------------来到sendCmd函数中---------------------------（13）----------------------
[INFO]2021-04-09 10:57:55,932: ------------------------------来到sendCmd函数中---------------------------（13）----------------------
[DEBUG]2021-04-09 10:57:56,397: try connect AGV01 172.16.217.121:19204
[INFO]2021-04-09 10:57:57,252: ------------------------------来到sendCmd函数中---------------------------（13）----------------------
[INFO]2021-04-09 10:57:57,956: ------------------------------来到sendCmd函数中---------------------------（13）----------------------
[INFO]2021-04-09 10:57:58,676: ------------------------------来到sendCmd函数中---------------------------（13）----------------------
[INFO]2021-04-09 10:57:59,492: ------------------------------来到sendCmd函数中---------------------------（13）----------------------
[INFO]2021-04-09 10:58:00,249: ------------------------------来到sendCmd函数中---------------------------（13）----------------------
[INFO]2021-04-09 10:58:00,988: ------------------------------来到sendCmd函数中---------------------------（13）----------------------
[INFO]2021-04-09 10:58:01,691: ------------------------------来到sendCmd函数中---------------------------（13）----------------------
[INFO]2021-04-09 10:58:02,488: ------------------------------来到sendCmd函数中---------------------------（13）----------------------
[INFO]2021-04-09 10:58:03,210: ------------------------------来到sendCmd函数中---------------------------（13）----------------------
[INFO]2021-04-09 10:58:04,122: ------------------------------来到sendCmd函数中---------------------------（13）----------------------
[INFO]2021-04-09 10:58:04,954: ------------------------------来到sendCmd函数中---------------------------（13）----------------------
[INFO]2021-04-09 10:58:05,851: ------------------------------来到sendCmd函数中---------------------------（13）----------------------
[INFO]2021-04-09 10:58:06,550: ------------------------------来到sendCmd函数中---------------------------（13）----------------------
[ERROR]2021-04-09 10:58:06,566: connect AGV01 failed timed out
[INFO]2021-04-09 10:58:06,691: AGV01 checkLink failed 172.16.217.121 19204
[WARNING]2021-04-09 10:58:06,755: agvThread.AGV01[tid:4948] <lock name:agv.AGV01.lock_status,<locked _thread.RLock object owner=4948 count=1 at 0x0000019BD170CFD0>> ,hold 10358 ms
[INFO]2021-04-09 10:58:06,946: name=agvThread.AGV01, pid=7032, tid=4948
[01] File "C:/Python37/lib/threading.py", line 865, in run() 
[02] File "C:/Users/Administrator/Desktop/SVN/branches/agvCtrl/agvList.py", line 570, in run() 
[03] File "../driver/seerAgv/agvCtrl.py", line 38, in checkLink() 
[04] File "../driver/seerAgv/agvApi.py", line 188, in checkLink() 
[05] File "C:/Users/Administrator/Desktop/SVN/branches/common/lock.py", line 100, in release() 
[06] File "C:/Users/Administrator/Desktop/SVN/branches/common/enhance.py", line 258, in getTrace() 
[07] File "C:/Users/Administrator/Desktop/SVN/branches/common/enhance.py", line 240, in getThreadStack()
[INFO]2021-04-09 10:58:07,289: ------------------------------来到sendCmd函数中---------------------------（13）----------------------
[INFO]2021-04-09 10:58:08,004: ------------------------------来到sendCmd函数中---------------------------（13）----------------------
[INFO]2021-04-09 10:58:08,923: ------------------------------来到sendCmd函数中---------------------------（13）----------------------
[DEBUG]2021-04-09 10:58:09,059: try connect AGV01 172.16.217.121:19204
[INFO]2021-04-09 10:58:09,730: ------------------------------来到sendCmd函数中---------------------------（13）----------------------
[INFO]2021-04-09 10:58:10,433: ------------------------------来到sendCmd函数中---------------------------（13）----------------------
[INFO]2021-04-09 10:58:11,195: ------------------------------来到sendCmd函数中---------------------------（13）----------------------
[INFO]2021-04-09 10:58:11,798: ------------------------------来到sendCmd函数中---------------------------（13）----------------------
[INFO]2021-04-09 10:58:12,686: ------------------------------来到sendCmd函数中---------------------------（13）----------------------
[INFO]2021-04-09 10:58:13,391: ------------------------------来到sendCmd函数中---------------------------（13）----------------------
[DEBUG]2021-04-09 10:58:13,702: GET: http://172.16.217.197:5551/api/scada/addTask?source=ZXC08&target=ZXC011 addr: 172.16.217.105
[INFO]2021-04-09 10:58:13,747: Scada send a task to the server from ZXC08 to ZXC011 payloadId: None
[INFO]2021-04-09 10:58:13,826: to this
[INFO]2021-04-09 10:58:13,952: create task[606fc2c577fba39ecec38e1b]: type= scadaTask , 从ZXC08运送货架到ZXC011 {'source': 'ZXC08', 'target': 'ZXC011', 'payloadId': None, 'priority': 1, 'type': 'scadaTask', 'taskName': '从ZXC08运送货架到ZXC011', 'createTime': datetime.datetime(2021, 4, 9, 10, 58, 13, 920606), 'updateTime': datetime.datetime(2021, 4, 9, 10, 58, 13, 920606), 'startTime': None, 'endTime': None, 'status': 'waiting', 'step': 'waiting', 'failMsg': None, 'history': [], '_id': ObjectId('606fc2c577fba39ecec38e1b')}
[INFO]2021-04-09 10:58:14,033: 
[INFO]2021-04-09 10:58:14,112: ------------------------------来到sendCmd函数中---------------------------（13）----------------------
[INFO]2021-04-09 10:58:14,125: ZXC011 ZXC08
[INFO]2021-04-09 10:58:14,483: task[606fc2c577fba39ecec38e1b][-] AP142(LM120) -> LM121(LM122) [waiting] is inside False
[INFO]2021-04-09 10:58:14,589: task cmd: got a task from scada task[606fc2c577fba39ecec38e1b][-] AP142(LM120) -> LM121(LM122) [waiting]
[DEBUG]2021-04-09 10:58:14,651: used 950ms 200 OK application/json;charset=utf-8, GET: http://172.16.217.197:5551/api/scada/addTask?source=ZXC08&target=ZXC011
[INFO]2021-04-09 10:58:14,667: task[606fc2c577fba39ecec38e1b]:  start {'failMsg': '任务等待执行', 'startTime': datetime.datetime(2021, 4, 9, 10, 58, 14, 652194), 'updateTime': datetime.datetime(2021, 4, 9, 10, 58, 14, 652194), 'status': 'running'}
[INFO]2021-04-09 10:58:14,926: ------------------------------来到sendCmd函数中---------------------------（13）----------------------
[INFO]2021-04-09 10:58:14,934: task: start task[606fc2c577fba39ecec38e1b][-] AP142(LM120) -> LM121(LM122) [waiting]
[INFO]2021-04-09 10:58:15,155: this is taskStep=============>waiting
[INFO]2021-04-09 10:58:15,216: 1
[INFO]2021-04-09 10:58:15,295: task[606fc2c577fba39ecec38e1b] update info: {'failMsg': '等待分配小车', 'updateTime': datetime.datetime(2021, 4, 9, 10, 58, 15, 279638)}
[DEBUG]2021-04-09 10:58:15,375: task[606fc2c577fba39ecec38e1b][-] AP142(LM120) -> LM121(LM122) [waitForAgv] waiting -> waitForAgv
[INFO]2021-04-09 10:58:15,592: ------------------------------来到sendCmd函数中---------------------------（13）----------------------
[INFO]2021-04-09 10:58:16,317: ------------------------------来到sendCmd函数中---------------------------（13）----------------------
[INFO]2021-04-09 10:58:16,348: this is taskStep=============>waitForAgv
[DEBUG]2021-04-09 10:58:16,793: GET: http://127.0.0.1:5551/api/agv/apply?appName=scadaTask&autoLock=False&exclude&loc=AP142&mapId=comba-ZSC-F1-F3&taskId=606fc2c577fba39ecec38e1b&timeout=10 addr: 127.0.0.1
[INFO]2021-04-09 10:58:17,309: ------------------------------来到sendCmd函数中---------------------------（13）----------------------
[INFO]2021-04-09 10:58:18,211: ------------------------------来到sendCmd函数中---------------------------（13）----------------------
[INFO]2021-04-09 10:58:18,926: ------------------------------来到sendCmd函数中---------------------------（13）----------------------
[ERROR]2021-04-09 10:58:19,175: connect AGV01 failed timed out
[INFO]2021-04-09 10:58:19,236: AGV01 checkLink failed 172.16.217.121 19204
[WARNING]2021-04-09 10:58:19,316: agvThread.AGV01[tid:4948] <lock name:agv.AGV01.lock_status,<locked _thread.RLock object owner=4948 count=1 at 0x0000019BD170CFD0>> ,hold 10257 ms
[INFO]2021-04-09 10:58:19,509: name=agvThread.AGV01, pid=7032, tid=4948
[01] File "C:/Python37/lib/threading.py", line 865, in run() 
[02] File "C:/Users/Administrator/Desktop/SVN/branches/agvCtrl/agvList.py", line 570, in run() 
[03] File "../driver/seerAgv/agvCtrl.py", line 38, in checkLink() 
[04] File "../driver/seerAgv/agvApi.py", line 188, in checkLink() 
[05] File "C:/Users/Administrator/Desktop/SVN/branches/common/lock.py", line 100, in release() 
[06] File "C:/Users/Administrator/Desktop/SVN/branches/common/enhance.py", line 258, in getTrace() 
[07] File "C:/Users/Administrator/Desktop/SVN/branches/common/enhance.py", line 240, in getThreadStack()
[INFO]2021-04-09 10:58:19,677: apply AGV02 ,taskId: 606fc2c577fba39ecec38e1b ,loc comba-ZSC-F1-F3.AP142 ,autoLock False , used 2809 ms
[DEBUG]2021-04-09 10:58:19,902: GET: http://127.0.0.1:5551/api/agv/lock?agv=AGV02&appName=scadaTask&taskId=606fc2c577fba39ecec38e1b addr: 127.0.0.1
[INFO]2021-04-09 10:58:19,903: ------------------------------来到sendCmd函数中---------------------------（13）----------------------
[DEBUG]2021-04-09 10:58:19,979: lock:  AGV02 taskId 606fc2c577fba39ecec38e1b app scadaTask
[INFO]2021-04-09 10:58:20,713: ------------------------------来到sendCmd函数中---------------------------（13）----------------------
[WARNING]2021-04-09 10:58:21,163: AGV02 clear task finish, cur= comba-ZSC-F1-F3.LM121 task_status= 4
[DEBUG]2021-04-09 10:58:21,196: used 1295ms 200 OK application/json;charset=utf-8, GET: http://127.0.0.1:5551/api/agv/lock?agv=AGV02&appName=scadaTask&taskId=606fc2c577fba39ecec38e1b
[INFO]2021-04-09 10:58:21,371: ------------------------------来到sendCmd函数中---------------------------（13）----------------------
[INFO]2021-04-09 10:58:21,374: task[606fc2c577fba39ecec38e1b][-] AP142(LM120) -> LM121(LM122) [waitForAgv] apply AGV02
[INFO]2021-04-09 10:58:21,587: task[606fc2c577fba39ecec38e1b] update info: {'agvId': 'AGV02', 'failMsg': '成功分配小车AGV02,检测顶升下降', 'updateTime': datetime.datetime(2021, 4, 9, 10, 58, 21, 556388)}
[DEBUG]2021-04-09 10:58:21,603: try connect AGV01 172.16.217.121:19204
[WARNING]2021-04-09 10:58:21,720: scada.606fc2c577fba39ecec38e1b[tid:10760] <locked _thread.RLock object owner=10760 count=1 at 0x0000019BD5F1E120> ,hold 5372 ms
[INFO]2021-04-09 10:58:22,114: name=scada.606fc2c577fba39ecec38e1b, pid=7032, tid=10760
[01] File "C:/Python37/lib/threading.py", line 865, in run() 
[02] File "C:/Users/Administrator/Desktop/SVN/branches/common/utility.py", line 167, in __call() 
[03] File "C:/Users/Administrator/Desktop/SVN/branches/pharmapackCtrl/runTasks.py", line 736, in _taskFunc() 
[04] File "C:/Users/Administrator/Desktop/SVN/branches/common/lock.py", line 122, in _call() 
[05] File "C:/Users/Administrator/Desktop/SVN/branches/common/lock.py", line 100, in release() 
[06] File "C:/Users/Administrator/Desktop/SVN/branches/common/enhance.py", line 258, in getTrace() 
[07] File "C:/Users/Administrator/Desktop/SVN/branches/common/enhance.py", line 240, in getThreadStack()
[INFO]2021-04-09 10:58:22,115: ------------------------------来到sendCmd函数中---------------------------（13）----------------------
[DEBUG]2021-04-09 10:58:22,251: task[606fc2c577fba39ecec38e1b][AGV02] AP142(LM120) -> LM121(LM122) [initJackdown] waitForAgv -> initJackdown
[INFO]2021-04-09 10:58:22,827: this is taskStep=============>initJackdown
[INFO]2021-04-09 10:58:22,920: task[606fc2c577fba39ecec38e1b] update info: {'failMsg': '前往ZXC08工位点拉取货架', 'updateTime': datetime.datetime(2021, 4, 9, 10, 58, 22, 905503)}
[DEBUG]2021-04-09 10:58:22,999: task[606fc2c577fba39ecec38e1b][AGV02] AP142(LM120) -> LM121(LM122) [startMoveJackup] initJackdown -> startMoveJackup
[INFO]2021-04-09 10:58:23,014: ------------------------------来到sendCmd函数中---------------------------（13）----------------------
[INFO]2021-04-09 10:58:23,514: this is taskStep=============>startMoveJackup
[INFO]2021-04-09 10:58:23,576: ------------------------------执行到runTasks._moveJackup()-----------------000-----------------
[INFO]2021-04-09 10:58:23,656: ----------------------------在runTasks.py的_moveJackup函数中-----------------111-------------
[INFO]2021-04-09 10:58:23,720: -----------------runTasks.py中的else，因为不是fastprint项目，走这里------------222-------------
[INFO]2021-04-09 10:58:23,782: --------------------------跳转到agvCtrl下的agvApi中的moveJackup函数----------------------3333-------
[INFO]2021-04-09 10:58:23,860: ----------------------------通过moveJackup来到move函数---------------------------444---------------
[DEBUG]2021-04-09 10:58:23,958: GET: http://127.0.0.1:5551/api/agv/move?WorkPlace=true&agv=AGV02&agvId=AGV02&appName=scadaTask&direction=None&floorId=comba-ZSC-F1-F3&isRotate&loc=comba-ZSC-F1-F3.AP142&location=AP142&p_direction=0.0&pgv_type=1&recognize=False&seer_jackup=JackLoad&taskId=606fc2c577fba39ecec38e1b_2&taskType=scadaTask&timeoutSec=86400&use_pgv=False addr: 127.0.0.1
[INFO]2021-04-09 10:58:23,975: -------------------------根据move函数会根据main_agv.py来到agvControl函数中的move中----------555---------
[INFO]2021-04-09 10:58:24,070: ---------------------move函数中的_func()函数中-------------------------666--------------------
[INFO]2021-04-09 10:58:24,100: ------------------------------来到sendCmd函数中---------------------------（13）----------------------
[INFO]2021-04-09 10:58:24,123: -------------------------6666中的if判断是否进入agvList.py中的moveJackup函数----------------------------
[INFO]2021-04-09 10:58:24,219: LM121 AP142 comba-ZSC-F1-F3 comba-ZSC-F1-F3
[INFO]2021-04-09 10:58:24,230: -------------------------------pass------------------------------
[INFO]2021-04-09 10:58:24,381: Begin: AGV02 move from comba-ZSC-F1-F3.LM121 to comba-ZSC-F1-F3.AP142 by paths: [('comba-ZSC-F1-F3', ['LM121', 'LM122', 'LM120', 'AP142'], 8.938122763080582)] task: 606fc2c577fba39ecec38e1b_2 timeout 86400 used 311 ms
[INFO]2021-04-09 10:58:24,488: ==============================runTasks._moveJackup()结束====================================
[DEBUG]2021-04-09 10:58:24,520: task[606fc2c577fba39ecec38e1b][AGV02] AP142(LM120) -> LM121(LM122) [loadPlayload] startMoveJackup -> loadPlayload
[INFO]2021-04-09 10:58:24,739: ------------------------------来到sendCmd函数中---------------------------（13）----------------------
[INFO]2021-04-09 10:58:24,831: this is taskStep=============>loadPlayload
[INFO]2021-04-09 10:58:25,153: this is taskStep=============>loadPlayload
[INFO]2021-04-09 10:58:25,279: ------------------------------来到sendCmd函数中---------------------------（13）----------------------
[DEBUG]2021-04-09 10:58:25,363: agvInfo: AGV02 comba-ZSC-F1-F3.LM121 move to comba-ZSC-F1-F3.LM122 ,taskId 606fc2c577fba39ecec38e1b_2
[INFO]2021-04-09 10:58:25,369: goTarget {'id': 'LM122'}
[INFO]2021-04-09 10:58:25,372: -------------------------来到driver中的agvApi下的task函数中------------------（12）--------------------
[INFO]2021-04-09 10:58:25,377: ------------------------------来到sendCmd函数中---------------------------（13）----------------------
[INFO]2021-04-09 10:58:25,477: this is taskStep=============>loadPlayload
[INFO]2021-04-09 10:58:25,789: this is taskStep=============>loadPlayload
[INFO]2021-04-09 10:58:25,820: ------------------------------来到sendCmd函数中---------------------------（13）----------------------
[INFO]2021-04-09 10:58:26,100: this is taskStep=============>loadPlayload
[INFO]2021-04-09 10:58:26,347: ------------------------------来到sendCmd函数中---------------------------（13）----------------------
[INFO]2021-04-09 10:58:26,409: this is taskStep=============>loadPlayload
[INFO]2021-04-09 10:58:26,719: this is taskStep=============>loadPlayload
[INFO]2021-04-09 10:58:26,875: ------------------------------来到sendCmd函数中---------------------------（13）----------------------
[INFO]2021-04-09 10:58:27,029: this is taskStep=============>loadPlayload
[INFO]2021-04-09 10:58:27,339: this is taskStep=============>loadPlayload
[INFO]2021-04-09 10:58:27,416: ------------------------------来到sendCmd函数中---------------------------（13）----------------------
[INFO]2021-04-09 10:58:27,663: this is taskStep=============>loadPlayload
[INFO]2021-04-09 10:58:27,944: ------------------------------来到sendCmd函数中---------------------------（13）----------------------
[INFO]2021-04-09 10:58:27,995: this is taskStep=============>loadPlayload
[INFO]2021-04-09 10:58:28,393: this is taskStep=============>loadPlayload
[INFO]2021-04-09 10:58:28,579: ------------------------------来到sendCmd函数中---------------------------（13）----------------------
[INFO]2021-04-09 10:58:28,702: this is taskStep=============>loadPlayload
[INFO]2021-04-09 10:58:29,027: this is taskStep=============>loadPlayload
[INFO]2021-04-09 10:58:29,121: ------------------------------来到sendCmd函数中---------------------------（13）----------------------
[INFO]2021-04-09 10:58:29,352: this is taskStep=============>loadPlayload
[INFO]2021-04-09 10:58:29,663: ------------------------------来到sendCmd函数中---------------------------（13）----------------------
[INFO]2021-04-09 10:58:29,663: this is taskStep=============>loadPlayload
[INFO]2021-04-09 10:58:29,989: this is taskStep=============>loadPlayload
[INFO]2021-04-09 10:58:30,218: ------------------------------来到sendCmd函数中---------------------------（13）----------------------
[INFO]2021-04-09 10:58:30,374: this is taskStep=============>loadPlayload
[INFO]2021-04-09 10:58:30,743: this is taskStep=============>loadPlayload
[INFO]2021-04-09 10:58:30,758: ------------------------------来到sendCmd函数中---------------------------（13）----------------------
[INFO]2021-04-09 10:58:31,052: this is taskStep=============>loadPlayload
[INFO]2021-04-09 10:58:31,297: ------------------------------来到sendCmd函数中---------------------------（13）----------------------
[INFO]2021-04-09 10:58:31,375: this is taskStep=============>loadPlayload
[INFO]2021-04-09 10:58:31,700: this is taskStep=============>loadPlayload
[ERROR]2021-04-09 10:58:31,871: connect AGV01 failed timed out
[INFO]2021-04-09 10:58:31,877: AGV01 checkLink failed 172.16.217.121 19204
[WARNING]2021-04-09 10:58:31,880: agvThread.AGV01[tid:4948] <lock name:agv.AGV01.lock_status,<locked _thread.RLock object owner=4948 count=1 at 0x0000019BD170CFD0>> ,hold 10277 ms
[INFO]2021-04-09 10:58:31,885: name=agvThread.AGV01, pid=7032, tid=4948
[01] File "C:/Python37/lib/threading.py", line 865, in run() 
[02] File "C:/Users/Administrator/Desktop/SVN/branches/agvCtrl/agvList.py", line 570, in run() 
[03] File "../driver/seerAgv/agvCtrl.py", line 38, in checkLink() 
[04] File "../driver/seerAgv/agvApi.py", line 188, in checkLink() 
[05] File "C:/Users/Administrator/Desktop/SVN/branches/common/lock.py", line 100, in release() 
[06] File "C:/Users/Administrator/Desktop/SVN/branches/common/enhance.py", line 258, in getTrace() 
[07] File "C:/Users/Administrator/Desktop/SVN/branches/common/enhance.py", line 240, in getThreadStack()
[INFO]2021-04-09 10:58:31,935: ------------------------------来到sendCmd函数中---------------------------（13）----------------------
[INFO]2021-04-09 10:58:32,010: this is taskStep=============>loadPlayload
[INFO]2021-04-09 10:58:32,398: this is taskStep=============>loadPlayload
[INFO]2021-04-09 10:58:32,541: ------------------------------来到sendCmd函数中---------------------------（13）----------------------
[INFO]2021-04-09 10:58:32,708: this is taskStep=============>loadPlayload
[INFO]2021-04-09 10:58:33,021: this is taskStep=============>loadPlayload
[INFO]2021-04-09 10:58:33,068: ------------------------------来到sendCmd函数中---------------------------（13）----------------------
[INFO]2021-04-09 10:58:33,344: this is taskStep=============>loadPlayload
[INFO]2021-04-09 10:58:33,610: ------------------------------来到sendCmd函数中---------------------------（13）----------------------
[INFO]2021-04-09 10:58:33,656: this is taskStep=============>loadPlayload
[DEBUG]2021-04-09 10:58:33,902: try connect AGV01 172.16.217.121:19204
[INFO]2021-04-09 10:58:33,983: this is taskStep=============>loadPlayload
[INFO]2021-04-09 10:58:34,169: ------------------------------来到sendCmd函数中---------------------------（13）----------------------
[INFO]2021-04-09 10:58:34,356: this is taskStep=============>loadPlayload
[INFO]2021-04-09 10:58:34,667: this is taskStep=============>loadPlayload
[INFO]2021-04-09 10:58:34,699: ------------------------------来到sendCmd函数中---------------------------（13）----------------------
[INFO]2021-04-09 10:58:34,993: this is taskStep=============>loadPlayload
[INFO]2021-04-09 10:58:35,241: ------------------------------来到sendCmd函数中---------------------------（13）----------------------
[INFO]2021-04-09 10:58:35,305: this is taskStep=============>loadPlayload
[INFO]2021-04-09 10:58:35,615: this is taskStep=============>loadPlayload
[INFO]2021-04-09 10:58:35,772: ------------------------------来到sendCmd函数中---------------------------（13）----------------------
[INFO]2021-04-09 10:58:35,926: this is taskStep=============>loadPlayload
[INFO]2021-04-09 10:58:36,257: this is taskStep=============>loadPlayload
[INFO]2021-04-09 10:58:36,307: ------------------------------来到sendCmd函数中---------------------------（13）----------------------
[INFO]2021-04-09 10:58:36,703: this is taskStep=============>loadPlayload
[INFO]2021-04-09 10:58:36,967: ------------------------------来到sendCmd函数中---------------------------（13）----------------------
[INFO]2021-04-09 10:58:37,012: this is taskStep=============>loadPlayload
[INFO]2021-04-09 10:58:37,327: this is taskStep=============>loadPlayload
[INFO]2021-04-09 10:58:37,498: ------------------------------来到sendCmd函数中---------------------------（13）----------------------
[INFO]2021-04-09 10:58:37,651: this is taskStep=============>loadPlayload
[INFO]2021-04-09 10:58:37,991: this is taskStep=============>loadPlayload
[INFO]2021-04-09 10:58:38,038: ------------------------------来到sendCmd函数中---------------------------（13）----------------------
[INFO]2021-04-09 10:58:38,346: this is taskStep=============>loadPlayload
[INFO]2021-04-09 10:58:38,610: ------------------------------来到sendCmd函数中---------------------------（13）----------------------
[INFO]2021-04-09 10:58:38,670: this is taskStep=============>loadPlayload
[INFO]2021-04-09 10:58:38,981: this is taskStep=============>loadPlayload
[INFO]2021-04-09 10:58:39,152: ------------------------------来到sendCmd函数中---------------------------（13）----------------------
[INFO]2021-04-09 10:58:39,290: this is taskStep=============>loadPlayload
[INFO]2021-04-09 10:58:39,601: this is taskStep=============>loadPlayload
[INFO]2021-04-09 10:58:39,694: ------------------------------来到sendCmd函数中---------------------------（13）----------------------
[INFO]2021-04-09 10:58:39,924: this is taskStep=============>loadPlayload
[INFO]2021-04-09 10:58:40,241: this is taskStep=============>loadPlayload
[INFO]2021-04-09 10:58:40,244: ------------------------------来到sendCmd函数中---------------------------（13）----------------------
[DEBUG]2021-04-09 10:58:40,458: AGV02 turn to wait check cur LM121 next LM120 0.855 False
[INFO]2021-04-09 10:58:40,641: this is taskStep=============>loadPlayload
[INFO]2021-04-09 10:58:40,891: ------------------------------来到sendCmd函数中---------------------------（13）----------------------
[INFO]2021-04-09 10:58:40,952: this is taskStep=============>loadPlayload
[DEBUG]2021-04-09 10:58:41,026: agvInfo: AGV02 comba-ZSC-F1-F3.LM121 move to comba-ZSC-F1-F3.LM120 ,taskId 606fc2c577fba39ecec38e1b_2
[INFO]2021-04-09 10:58:41,028: goTarget {'id': 'LM120'}
[INFO]2021-04-09 10:58:41,031: -------------------------来到driver中的agvApi下的task函数中------------------（12）--------------------
[INFO]2021-04-09 10:58:41,035: ------------------------------来到sendCmd函数中---------------------------（13）----------------------
[INFO]2021-04-09 10:58:41,263: this is taskStep=============>loadPlayload
[INFO]2021-04-09 10:58:41,435: ------------------------------来到sendCmd函数中---------------------------（13）----------------------
[INFO]2021-04-09 10:58:41,573: this is taskStep=============>loadPlayload
[INFO]2021-04-09 10:58:41,882: this is taskStep=============>loadPlayload
[INFO]2021-04-09 10:58:41,996: ------------------------------来到sendCmd函数中---------------------------（13）----------------------
[INFO]2021-04-09 10:58:42,211: this is taskStep=============>loadPlayload
[INFO]2021-04-09 10:58:42,537: ------------------------------来到sendCmd函数中---------------------------（13）----------------------
[INFO]2021-04-09 10:58:42,644: this is taskStep=============>loadPlayload
[INFO]2021-04-09 10:58:42,966: this is taskStep=============>loadPlayload
[INFO]2021-04-09 10:58:43,090: ------------------------------来到sendCmd函数中---------------------------（13）----------------------
[INFO]2021-04-09 10:58:43,275: this is taskStep=============>loadPlayload
[INFO]2021-04-09 10:58:43,585: this is taskStep=============>loadPlayload
[INFO]2021-04-09 10:58:43,896: this is taskStep=============>loadPlayload
[ERROR]2021-04-09 10:58:43,912: connect AGV01 failed timed out
[INFO]2021-04-09 10:58:43,916: AGV01 checkLink failed 172.16.217.121 19204
[WARNING]2021-04-09 10:58:43,919: agvThread.AGV01[tid:4948] <lock name:agv.AGV01.lock_status,<locked _thread.RLock object owner=4948 count=1 at 0x0000019BD170CFD0>> ,hold 10017 ms
[INFO]2021-04-09 10:58:43,923: name=agvThread.AGV01, pid=7032, tid=4948
[01] File "C:/Python37/lib/threading.py", line 865, in run() 
[02] File "C:/Users/Administrator/Desktop/SVN/branches/agvCtrl/agvList.py", line 570, in run() 
[03] File "../driver/seerAgv/agvCtrl.py", line 38, in checkLink() 
[04] File "../driver/seerAgv/agvApi.py", line 188, in checkLink() 
[05] File "C:/Users/Administrator/Desktop/SVN/branches/common/lock.py", line 100, in release() 
[06] File "C:/Users/Administrator/Desktop/SVN/branches/common/enhance.py", line 258, in getTrace() 
[07] File "C:/Users/Administrator/Desktop/SVN/branches/common/enhance.py", line 240, in getThreadStack()
[INFO]2021-04-09 10:58:44,222: this is taskStep=============>loadPlayload
[INFO]2021-04-09 10:58:44,628: this is taskStep=============>loadPlayload
[INFO]2021-04-09 10:58:44,954: this is taskStep=============>loadPlayload
[DEBUG]2021-04-09 10:58:45,150: AGV02 set loc comba-ZSC-F1-F3.LM122 ,old LM121 (-0.01,1.12)
[INFO]2021-04-09 10:58:45,278: this is taskStep=============>loadPlayload
[INFO]2021-04-09 10:58:45,619: this is taskStep=============>loadPlayload
[INFO]2021-04-09 10:58:45,666: ------------------------------来到sendCmd函数中---------------------------（13）----------------------
[DEBUG]2021-04-09 10:58:45,941: try connect AGV01 172.16.217.121:19204
[INFO]2021-04-09 10:58:45,942: this is taskStep=============>loadPlayload
[INFO]2021-04-09 10:58:46,211: ------------------------------来到sendCmd函数中---------------------------（13）----------------------
[INFO]2021-04-09 10:58:46,256: this is taskStep=============>loadPlayload
[INFO]2021-04-09 10:58:46,657: this is taskStep=============>loadPlayload
[INFO]2021-04-09 10:58:46,829: ------------------------------来到sendCmd函数中---------------------------（13）----------------------
[INFO]2021-04-09 10:58:46,967: this is taskStep=============>loadPlayload
[INFO]2021-04-09 10:58:47,277: this is taskStep=============>loadPlayload
[INFO]2021-04-09 10:58:47,369: ------------------------------来到sendCmd函数中---------------------------（13）----------------------
[INFO]2021-04-09 10:58:47,587: this is taskStep=============>loadPlayload
[INFO]2021-04-09 10:58:47,910: this is taskStep=============>loadPlayload
[INFO]2021-04-09 10:58:47,911: ------------------------------来到sendCmd函数中---------------------------（13）----------------------
[INFO]2021-04-09 10:58:48,235: this is taskStep=============>loadPlayload
[INFO]2021-04-09 10:58:48,463: ------------------------------来到sendCmd函数中---------------------------（13）----------------------
[INFO]2021-04-09 10:58:48,630: this is taskStep=============>loadPlayload
[INFO]2021-04-09 10:58:48,942: this is taskStep=============>loadPlayload
[INFO]2021-04-09 10:58:49,004: ------------------------------来到sendCmd函数中---------------------------（13）----------------------
[INFO]2021-04-09 10:58:49,254: this is taskStep=============>loadPlayload
[INFO]2021-04-09 10:58:49,532: ------------------------------来到sendCmd函数中---------------------------（13）----------------------
[INFO]2021-04-09 10:58:49,565: this is taskStep=============>loadPlayload
[INFO]2021-04-09 10:58:49,893: this is taskStep=============>loadPlayload
[INFO]2021-04-09 10:58:50,066: ------------------------------来到sendCmd函数中---------------------------（13）----------------------
[INFO]2021-04-09 10:58:50,214: this is taskStep=============>loadPlayload
[INFO]2021-04-09 10:58:50,612: ------------------------------来到sendCmd函数中---------------------------（13）----------------------
[INFO]2021-04-09 10:58:50,626: this is taskStep=============>loadPlayload
[INFO]2021-04-09 10:58:50,938: this is taskStep=============>loadPlayload
[INFO]2021-04-09 10:58:51,156: ------------------------------来到sendCmd函数中---------------------------（13）----------------------
[INFO]2021-04-09 10:58:51,251: this is taskStep=============>loadPlayload
[INFO]2021-04-09 10:58:51,563: this is taskStep=============>loadPlayload
[INFO]2021-04-09 10:58:51,705: ------------------------------来到sendCmd函数中---------------------------（13）----------------------
[ERROR]2021-04-09 10:58:51,733: raise alarm obj=AGV02, typeId=49997, desc=小车置信度小于最低阈值,当前值:0.7211, id=606fc2eb59c07c7b0e9b895d
[INFO]2021-04-09 10:58:51,877: this is taskStep=============>loadPlayload
[INFO]2021-04-09 10:58:52,192: this is taskStep=============>loadPlayload
[INFO]2021-04-09 10:58:52,257: ------------------------------来到sendCmd函数中---------------------------（13）----------------------
[WARNING]2021-04-09 10:58:52,357: clear alarm obj=AGV02, typeId=49997, id=606fc2eb59c07c7b0e9b895d
[INFO]2021-04-09 10:58:52,535: this is taskStep=============>loadPlayload
[INFO]2021-04-09 10:58:52,844: this is taskStep=============>loadPlayload
[INFO]2021-04-09 10:58:52,876: ------------------------------来到sendCmd函数中---------------------------（13）----------------------
[ERROR]2021-04-09 10:58:52,908: raise alarm obj=AGV02, typeId=49997, desc=小车置信度小于最低阈值,当前值:0.7185, id=606fc2ec59c07c7b0e9b8969
[INFO]2021-04-09 10:58:53,168: this is taskStep=============>loadPlayload
[INFO]2021-04-09 10:58:53,419: ------------------------------来到sendCmd函数中---------------------------（13）----------------------
[INFO]2021-04-09 10:58:53,480: this is taskStep=============>loadPlayload
[INFO]2021-04-09 10:58:53,794: this is taskStep=============>loadPlayload
[INFO]2021-04-09 10:58:53,952: ------------------------------来到sendCmd函数中---------------------------（13）----------------------
[INFO]2021-04-09 10:58:54,107: this is taskStep=============>loadPlayload
[INFO]2021-04-09 10:58:54,419: this is taskStep=============>loadPlayload
[INFO]2021-04-09 10:58:54,588: ------------------------------来到sendCmd函数中---------------------------（13）----------------------
[WARNING]2021-04-09 10:58:54,632: clear alarm obj=AGV02, typeId=49997, id=606fc2ec59c07c7b0e9b8969
[INFO]2021-04-09 10:58:54,733: this is taskStep=============>loadPlayload
[INFO]2021-04-09 10:58:55,057: this is taskStep=============>loadPlayload
[INFO]2021-04-09 10:58:55,150: ------------------------------来到sendCmd函数中---------------------------（13）----------------------
[INFO]2021-04-09 10:58:55,379: this is taskStep=============>loadPlayload
[INFO]2021-04-09 10:58:55,676: ------------------------------来到sendCmd函数中---------------------------（13）----------------------
[INFO]2021-04-09 10:58:55,691: this is taskStep=============>loadPlayload
[ERROR]2021-04-09 10:58:55,963: connect AGV01 failed timed out
[INFO]2021-04-09 10:58:55,986: AGV01 checkLink failed 172.16.217.121 19204
[INFO]2021-04-09 10:58:56,005: this is taskStep=============>loadPlayload
[WARNING]2021-04-09 10:58:56,042: agvThread.AGV01[tid:4948] <lock name:agv.AGV01.lock_status,<locked _thread.RLock object owner=4948 count=1 at 0x0000019BD170CFD0>> ,hold 10100 ms
[INFO]2021-04-09 10:58:56,058: name=agvThread.AGV01, pid=7032, tid=4948
[01] File "C:/Python37/lib/threading.py", line 865, in run() 
[02] File "C:/Users/Administrator/Desktop/SVN/branches/agvCtrl/agvList.py", line 570, in run() 
[03] File "../driver/seerAgv/agvCtrl.py", line 38, in checkLink() 
[04] File "../driver/seerAgv/agvApi.py", line 188, in checkLink() 
[05] File "C:/Users/Administrator/Desktop/SVN/branches/common/lock.py", line 100, in release() 
[06] File "C:/Users/Administrator/Desktop/SVN/branches/common/enhance.py", line 258, in getTrace() 
[07] File "C:/Users/Administrator/Desktop/SVN/branches/common/enhance.py", line 240, in getThreadStack()
[INFO]2021-04-09 10:58:56,222: ------------------------------来到sendCmd函数中---------------------------（13）----------------------
[INFO]2021-04-09 10:58:56,363: this is taskStep=============>loadPlayload
[INFO]2021-04-09 10:58:56,676: this is taskStep=============>loadPlayload
[INFO]2021-04-09 10:58:56,864: ------------------------------来到sendCmd函数中---------------------------（13）----------------------
[INFO]2021-04-09 10:58:56,989: this is taskStep=============>loadPlayload
[INFO]2021-04-09 10:58:57,300: this is taskStep=============>loadPlayload
[INFO]2021-04-09 10:58:57,393: ------------------------------来到sendCmd函数中---------------------------（13）----------------------
[INFO]2021-04-09 10:58:57,609: this is taskStep=============>loadPlayload
[INFO]2021-04-09 10:58:57,917: ------------------------------来到sendCmd函数中---------------------------（13）----------------------
[INFO]2021-04-09 10:58:57,931: this is taskStep=============>loadPlayload
[DEBUG]2021-04-09 10:58:58,068: try connect AGV01 172.16.217.121:19204
[INFO]2021-04-09 10:58:58,267: this is taskStep=============>loadPlayload
[INFO]2021-04-09 10:58:58,454: ------------------------------来到sendCmd函数中---------------------------（13）----------------------
[INFO]2021-04-09 10:58:58,609: this is taskStep=============>loadPlayload
[INFO]2021-04-09 10:58:58,934: this is taskStep=============>loadPlayload
[INFO]2021-04-09 10:58:59,244: this is taskStep=============>loadPlayload
[INFO]2021-04-09 10:58:59,401: ------------------------------来到sendCmd函数中---------------------------（13）----------------------
[INFO]2021-04-09 10:58:59,555: this is taskStep=============>loadPlayload
[INFO]2021-04-09 10:58:59,866: this is taskStep=============>loadPlayload
[INFO]2021-04-09 10:58:59,929: ------------------------------来到sendCmd函数中---------------------------（13）----------------------
[INFO]2021-04-09 10:59:00,188: this is taskStep=============>loadPlayload
[INFO]2021-04-09 10:59:00,529: ------------------------------来到sendCmd函数中---------------------------（13）----------------------
[INFO]2021-04-09 10:59:00,545: this is taskStep=============>loadPlayload
[INFO]2021-04-09 10:59:00,855: this is taskStep=============>loadPlayload
[INFO]2021-04-09 10:59:01,132: ------------------------------来到sendCmd函数中---------------------------（13）----------------------
[INFO]2021-04-09 10:59:01,177: this is taskStep=============>loadPlayload
[INFO]2021-04-09 10:59:01,487: this is taskStep=============>loadPlayload
[INFO]2021-04-09 10:59:01,659: ------------------------------来到sendCmd函数中---------------------------（13）----------------------
[ERROR]2021-04-09 10:59:01,712: raise alarm obj=AGV02, typeId=49997, desc=小车置信度小于最低阈值,当前值:0.7411, id=606fc2f559c07c7b0e9b8980
[INFO]2021-04-09 10:59:01,799: this is taskStep=============>loadPlayload
[INFO]2021-04-09 10:59:02,113: this is taskStep=============>loadPlayload
[INFO]2021-04-09 10:59:02,268: ------------------------------来到sendCmd函数中---------------------------（13）----------------------
[INFO]2021-04-09 10:59:02,438: this is taskStep=============>loadPlayload
[DEBUG]2021-04-09 10:59:02,762: AGV02 turn to wait check cur LM122 next AP142 0.906 False
[INFO]2021-04-09 10:59:02,763: this is taskStep=============>loadPlayload
[INFO]2021-04-09 10:59:02,853: ------------------------------来到sendCmd函数中---------------------------（13）----------------------
[INFO]2021-04-09 10:59:03,083: this is taskStep=============>loadPlayload
[INFO]2021-04-09 10:59:03,314: ----------实际上可能走的是agvContrl中的oncheck函数这里进去moveJackup-----------------------------
[INFO]2021-04-09 10:59:03,320: ------------------------根据agvControl中的_func来到agvList中的moveJackup---------------999--------
[DEBUG]2021-04-09 10:59:03,324: agvInfo: AGV02 comba-ZSC-F1-F3.LM122 move jackup to comba-ZSC-F1-F3.AP142 ,taskId 606fc2c577fba39ecec38e1b_2
[INFO]2021-04-09 10:59:03,327: --------------------跳转到driver下的seerAgv下的agcCtrl.py中的goTargetAndDoWork函数中-----------------10---------
[INFO]2021-04-09 10:59:03,331: 1
[INFO]2021-04-09 10:59:03,334: --------------------------准备进去driver中的seerAgv.py下的task函数-----------------（11）--------------
[INFO]2021-04-09 10:59:03,336: -------------------------来到driver中的agvApi下的task函数中------------------（12）--------------------
[INFO]2021-04-09 10:59:03,339: ------------------------------来到sendCmd函数中---------------------------（13）----------------------
[INFO]2021-04-09 10:59:03,405: this is taskStep=============>loadPlayload
[INFO]2021-04-09 10:59:03,655: ------------------------------来到sendCmd函数中---------------------------（13）----------------------
[INFO]2021-04-09 10:59:03,728: this is taskStep=============>loadPlayload
[INFO]2021-04-09 10:59:04,040: this is taskStep=============>loadPlayload
[INFO]2021-04-09 10:59:04,211: ------------------------------来到sendCmd函数中---------------------------（13）----------------------
[INFO]2021-04-09 10:59:04,354: this is taskStep=============>loadPlayload
[WARNING]2021-04-09 10:59:04,679: AGV02 waitFinish: loc is diff LM122 AP142 task_status= 2
[INFO]2021-04-09 10:59:04,725: this is taskStep=============>loadPlayload
[INFO]2021-04-09 10:59:04,867: ------------------------------来到sendCmd函数中---------------------------（13）----------------------
[INFO]2021-04-09 10:59:05,040: this is taskStep=============>loadPlayload
[WARNING]2021-04-09 10:59:05,192: AGV02 waitFinish: loc is diff LM122 AP142 task_status= 2
[INFO]2021-04-09 10:59:05,348: this is taskStep=============>loadPlayload
[INFO]2021-04-09 10:59:05,409: ------------------------------来到sendCmd函数中---------------------------（13）----------------------
[INFO]2021-04-09 10:59:05,659: this is taskStep=============>loadPlayload
[WARNING]2021-04-09 10:59:05,705: AGV02 waitFinish: loc is diff LM122 AP142 task_status= 2
[INFO]2021-04-09 10:59:05,941: ------------------------------来到sendCmd函数中---------------------------（13）----------------------
[INFO]2021-04-09 10:59:05,972: this is taskStep=============>loadPlayload
[WARNING]2021-04-09 10:59:06,226: AGV02 waitFinish: loc is diff LM122 AP142 task_status= 2
[INFO]2021-04-09 10:59:06,315: this is taskStep=============>loadPlayload
[INFO]2021-04-09 10:59:06,516: ------------------------------来到sendCmd函数中---------------------------（13）----------------------
[DEBUG]2021-04-09 10:59:06,534: AGV02 set loc comba-ZSC-F1-F3.LM120 ,old LM122 (-0.15,-0.93)
[INFO]2021-04-09 10:59:06,653: this is taskStep=============>loadPlayload
[WARNING]2021-04-09 10:59:06,782: AGV02 waitFinish: loc is diff LM120 AP142 task_status= 2
[INFO]2021-04-09 10:59:06,965: this is taskStep=============>loadPlayload
[INFO]2021-04-09 10:59:07,043: ------------------------------来到sendCmd函数中---------------------------（13）----------------------
[INFO]2021-04-09 10:59:07,274: this is taskStep=============>loadPlayload
[WARNING]2021-04-09 10:59:07,290: AGV02 waitFinish: loc is diff LM120 AP142 task_status= 2
[INFO]2021-04-09 10:59:07,586: ------------------------------来到sendCmd函数中---------------------------（13）----------------------
[INFO]2021-04-09 10:59:07,587: this is taskStep=============>loadPlayload
[WARNING]2021-04-09 10:59:07,803: AGV02 waitFinish: loc is diff LM120 AP142 task_status= 2
[INFO]2021-04-09 10:59:07,911: this is taskStep=============>loadPlayload
[ERROR]2021-04-09 10:59:08,079: connect AGV01 failed timed out
[INFO]2021-04-09 10:59:08,082: AGV01 checkLink failed 172.16.217.121 19204
[WARNING]2021-04-09 10:59:08,086: agvThread.AGV01[tid:4948] <lock name:agv.AGV01.lock_status,<locked _thread.RLock object owner=4948 count=1 at 0x0000019BD170CFD0>> ,hold 10018 ms
[INFO]2021-04-09 10:59:08,088: name=agvThread.AGV01, pid=7032, tid=4948
[01] File "C:/Python37/lib/threading.py", line 865, in run() 
[02] File "C:/Users/Administrator/Desktop/SVN/branches/agvCtrl/agvList.py", line 570, in run() 
[03] File "../driver/seerAgv/agvCtrl.py", line 38, in checkLink() 
[04] File "../driver/seerAgv/agvApi.py", line 188, in checkLink() 
[05] File "C:/Users/Administrator/Desktop/SVN/branches/common/lock.py", line 100, in release() 
[06] File "C:/Users/Administrator/Desktop/SVN/branches/common/enhance.py", line 258, in getTrace() 
[07] File "C:/Users/Administrator/Desktop/SVN/branches/common/enhance.py", line 240, in getThreadStack()
[INFO]2021-04-09 10:59:08,127: ------------------------------来到sendCmd函数中---------------------------（13）----------------------
[INFO]2021-04-09 10:59:08,235: this is taskStep=============>loadPlayload
[WARNING]2021-04-09 10:59:08,312: AGV02 waitFinish: loc is diff LM120 AP142 task_status= 2
[INFO]2021-04-09 10:59:08,604: this is taskStep=============>loadPlayload
[INFO]2021-04-09 10:59:08,665: ------------------------------来到sendCmd函数中---------------------------（13）----------------------
[WARNING]2021-04-09 10:59:08,848: AGV02 waitFinish: loc is diff LM120 AP142 task_status= 2
[INFO]2021-04-09 10:59:08,925: this is taskStep=============>loadPlayload
[INFO]2021-04-09 10:59:09,218: ------------------------------来到sendCmd函数中---------------------------（13）----------------------
[INFO]2021-04-09 10:59:09,248: this is taskStep=============>loadPlayload
[WARNING]2021-04-09 10:59:09,358: AGV02 waitFinish: loc is diff LM120 AP142 task_status= 2
[INFO]2021-04-09 10:59:09,558: this is taskStep=============>loadPlayload
[INFO]2021-04-09 10:59:09,806: ------------------------------来到sendCmd函数中---------------------------（13）----------------------
[WARNING]2021-04-09 10:59:09,870: AGV02 waitFinish: loc is diff LM120 AP142 task_status= 2
[INFO]2021-04-09 10:59:09,870: this is taskStep=============>loadPlayload
[DEBUG]2021-04-09 10:59:10,102: try connect AGV01 172.16.217.121:19204
[INFO]2021-04-09 10:59:10,194: this is taskStep=============>loadPlayload
[INFO]2021-04-09 10:59:10,353: ------------------------------来到sendCmd函数中---------------------------（13）----------------------
[WARNING]2021-04-09 10:59:10,381: AGV02 waitFinish: loc is diff LM120 AP142 task_status= 2
[INFO]2021-04-09 10:59:10,550: this is taskStep=============>loadPlayload
[INFO]2021-04-09 10:59:10,875: this is taskStep=============>loadPlayload
[WARNING]2021-04-09 10:59:10,891: AGV02 waitFinish: loc is diff LM120 AP142 task_status= 2
[INFO]2021-04-09 10:59:10,907: ------------------------------来到sendCmd函数中---------------------------（13）----------------------
[INFO]2021-04-09 10:59:11,188: this is taskStep=============>loadPlayload
[WARNING]2021-04-09 10:59:11,405: AGV02 waitFinish: loc is diff LM120 AP142 task_status= 2
[INFO]2021-04-09 10:59:11,499: this is taskStep=============>loadPlayload
[INFO]2021-04-09 10:59:11,810: this is taskStep=============>loadPlayload
[INFO]2021-04-09 10:59:11,873: ------------------------------来到sendCmd函数中---------------------------（13）----------------------
[WARNING]2021-04-09 10:59:11,920: AGV02 waitFinish: loc is diff LM120 AP142 task_status= 2
[INFO]2021-04-09 10:59:12,128: this is taskStep=============>loadPlayload
[INFO]2021-04-09 10:59:12,424: ------------------------------来到sendCmd函数中---------------------------（13）----------------------
[WARNING]2021-04-09 10:59:12,434: AGV02 waitFinish: loc is diff LM120 AP142 task_status= 2
[INFO]2021-04-09 10:59:12,445: this is taskStep=============>loadPlayload
[INFO]2021-04-09 10:59:12,758: this is taskStep=============>loadPlayload
[WARNING]2021-04-09 10:59:12,944: AGV02 waitFinish: loc is diff LM120 AP142 task_status= 2
[INFO]2021-04-09 10:59:12,992: ------------------------------来到sendCmd函数中---------------------------（13）----------------------
[INFO]2021-04-09 10:59:13,070: this is taskStep=============>loadPlayload
[INFO]2021-04-09 10:59:13,379: this is taskStep=============>loadPlayload
[WARNING]2021-04-09 10:59:13,458: AGV02 waitFinish: loc is diff LM120 AP142 task_status= 2
[INFO]2021-04-09 10:59:13,536: ------------------------------来到sendCmd函数中---------------------------（13）----------------------
[INFO]2021-04-09 10:59:13,693: this is taskStep=============>loadPlayload
[WARNING]2021-04-09 10:59:14,001: AGV02 waitFinish: loc is diff LM120 AP142 task_status= 2
[INFO]2021-04-09 10:59:14,012: this is taskStep=============>loadPlayload
[INFO]2021-04-09 10:59:14,087: ------------------------------来到sendCmd函数中---------------------------（13）----------------------
[INFO]2021-04-09 10:59:14,348: this is taskStep=============>loadPlayload
[WARNING]2021-04-09 10:59:14,536: AGV02 waitFinish: loc is diff LM120 AP142 task_status= 2
[INFO]2021-04-09 10:59:14,613: ------------------------------来到sendCmd函数中---------------------------（13）----------------------
[INFO]2021-04-09 10:59:14,660: this is taskStep=============>loadPlayload
[INFO]2021-04-09 10:59:14,973: this is taskStep=============>loadPlayload
[WARNING]2021-04-09 10:59:15,051: AGV02 waitFinish: loc is diff LM120 AP142 task_status= 2
[INFO]2021-04-09 10:59:15,179: ------------------------------来到sendCmd函数中---------------------------（13）----------------------
[INFO]2021-04-09 10:59:15,285: this is taskStep=============>loadPlayload
[WARNING]2021-04-09 10:59:15,566: AGV02 waitFinish: loc is diff LM120 AP142 task_status= 2
[INFO]2021-04-09 10:59:15,596: this is taskStep=============>loadPlayload
[INFO]2021-04-09 10:59:15,720: ------------------------------来到sendCmd函数中---------------------------（13）----------------------
[WARNING]2021-04-09 10:59:15,747: clear alarm obj=AGV02, typeId=49997, id=606fc2f559c07c7b0e9b8980
[INFO]2021-04-09 10:59:15,919: this is taskStep=============>loadPlayload
[WARNING]2021-04-09 10:59:16,075: AGV02 waitFinish: loc is diff LM120 AP142 task_status= 2
[INFO]2021-04-09 10:59:16,259: this is taskStep=============>loadPlayload
[INFO]2021-04-09 10:59:16,282: ------------------------------来到sendCmd函数中---------------------------（13）----------------------
[WARNING]2021-04-09 10:59:16,589: AGV02 waitFinish: loc is diff LM120 AP142 task_status= 2
[INFO]2021-04-09 10:59:16,714: this is taskStep=============>loadPlayload
[INFO]2021-04-09 10:59:17,028: ------------------------------来到sendCmd函数中---------------------------（13）----------------------
[INFO]2021-04-09 10:59:17,028: this is taskStep=============>loadPlayload
[WARNING]2021-04-09 10:59:17,105: AGV02 waitFinish: loc is diff LM120 AP142 task_status= 2
[INFO]2021-04-09 10:59:17,353: this is taskStep=============>loadPlayload
[INFO]2021-04-09 10:59:17,574: ------------------------------来到sendCmd函数中---------------------------（13）----------------------
[WARNING]2021-04-09 10:59:17,620: AGV02 waitFinish: loc is diff LM120 AP142 task_status= 2
[INFO]2021-04-09 10:59:17,666: this is taskStep=============>loadPlayload
[INFO]2021-04-09 10:59:18,007: this is taskStep=============>loadPlayload
[WARNING]2021-04-09 10:59:18,134: AGV02 waitFinish: loc is diff LM120 AP142 task_status= 2
[INFO]2021-04-09 10:59:18,166: ------------------------------来到sendCmd函数中---------------------------（13）----------------------
[INFO]2021-04-09 10:59:18,401: this is taskStep=============>loadPlayload
[WARNING]2021-04-09 10:59:18,648: AGV02 waitFinish: loc is diff LM120 AP142 task_status= 2
[INFO]2021-04-09 10:59:18,697: ------------------------------来到sendCmd函数中---------------------------（13）----------------------
[INFO]2021-04-09 10:59:18,711: this is taskStep=============>loadPlayload
[INFO]2021-04-09 10:59:19,033: this is taskStep=============>loadPlayload
[WARNING]2021-04-09 10:59:19,158: AGV02 waitFinish: loc is diff LM120 AP142 task_status= 2
[INFO]2021-04-09 10:59:19,236: ------------------------------来到sendCmd函数中---------------------------（13）----------------------
[INFO]2021-04-09 10:59:19,345: this is taskStep=============>loadPlayload
[INFO]2021-04-09 10:59:19,659: this is taskStep=============>loadPlayload
[WARNING]2021-04-09 10:59:19,676: AGV02 waitFinish: loc is diff LM120 AP142 task_status= 2
[INFO]2021-04-09 10:59:19,973: this is taskStep=============>loadPlayload
[ERROR]2021-04-09 10:59:20,113: connect AGV01 failed timed out
[INFO]2021-04-09 10:59:20,117: AGV01 checkLink failed 172.16.217.121 19204
[WARNING]2021-04-09 10:59:20,121: agvThread.AGV01[tid:4948] <lock name:agv.AGV01.lock_status,<locked _thread.RLock object owner=4948 count=1 at 0x0000019BD170CFD0>> ,hold 10019 ms
[INFO]2021-04-09 10:59:20,126: name=agvThread.AGV01, pid=7032, tid=4948
[01] File "C:/Python37/lib/threading.py", line 865, in run() 
[02] File "C:/Users/Administrator/Desktop/SVN/branches/agvCtrl/agvList.py", line 570, in run() 
[03] File "../driver/seerAgv/agvCtrl.py", line 38, in checkLink() 
[04] File "../driver/seerAgv/agvApi.py", line 188, in checkLink() 
[05] File "C:/Users/Administrator/Desktop/SVN/branches/common/lock.py", line 100, in release() 
[06] File "C:/Users/Administrator/Desktop/SVN/branches/common/enhance.py", line 258, in getTrace() 
[07] File "C:/Users/Administrator/Desktop/SVN/branches/common/enhance.py", line 240, in getThreadStack()
[WARNING]2021-04-09 10:59:20,188: AGV02 waitFinish: loc is diff LM120 AP142 task_status= 2
[INFO]2021-04-09 10:59:20,189: ------------------------------来到sendCmd函数中---------------------------（13）----------------------
[INFO]2021-04-09 10:59:20,362: this is taskStep=============>loadPlayload
[INFO]2021-04-09 10:59:20,673: this is taskStep=============>loadPlayload
[WARNING]2021-04-09 10:59:20,705: AGV02 waitFinish: loc is diff LM120 AP142 task_status= 2
[INFO]2021-04-09 10:59:20,799: ------------------------------来到sendCmd函数中---------------------------（13）----------------------
[INFO]2021-04-09 10:59:20,987: this is taskStep=============>loadPlayload
[WARNING]2021-04-09 10:59:21,223: AGV02 waitFinish: loc is diff LM120 AP142 task_status= 2
[INFO]2021-04-09 10:59:21,302: this is taskStep=============>loadPlayload
[INFO]2021-04-09 10:59:21,334: ------------------------------来到sendCmd函数中---------------------------（13）----------------------
[INFO]2021-04-09 10:59:21,614: this is taskStep=============>loadPlayload
[WARNING]2021-04-09 10:59:21,737: AGV02 waitFinish: loc is diff LM120 AP142 task_status= 2
[INFO]2021-04-09 10:59:21,880: ------------------------------来到sendCmd函数中---------------------------（13）----------------------
[INFO]2021-04-09 10:59:21,928: this is taskStep=============>loadPlayload
[DEBUG]2021-04-09 10:59:22,146: try connect AGV01 172.16.217.121:19204
[INFO]2021-04-09 10:59:22,239: this is taskStep=============>loadPlayload
[WARNING]2021-04-09 10:59:22,262: AGV02 waitFinish: loc is diff LM120 AP142 task_status= 2
[INFO]2021-04-09 10:59:22,408: ------------------------------来到sendCmd函数中---------------------------（13）----------------------
[INFO]2021-04-09 10:59:22,613: this is taskStep=============>loadPlayload
[WARNING]2021-04-09 10:59:22,803: AGV02 waitFinish: loc is diff LM120 AP142 task_status= 2
[INFO]2021-04-09 10:59:22,925: this is taskStep=============>loadPlayload
[INFO]2021-04-09 10:59:22,941: ------------------------------来到sendCmd函数中---------------------------（13）----------------------
[INFO]2021-04-09 10:59:23,235: this is taskStep=============>loadPlayload
[WARNING]2021-04-09 10:59:23,312: AGV02 waitFinish: loc is diff LM120 AP142 task_status= 2
[INFO]2021-04-09 10:59:23,483: ------------------------------来到sendCmd函数中---------------------------（13）----------------------
[INFO]2021-04-09 10:59:23,546: this is taskStep=============>loadPlayload
[WARNING]2021-04-09 10:59:23,829: AGV02 waitFinish: loc is diff LM120 AP142 task_status= 2
[INFO]2021-04-09 10:59:23,861: this is taskStep=============>loadPlayload
[INFO]2021-04-09 10:59:24,038: ------------------------------来到sendCmd函数中---------------------------（13）----------------------
[INFO]2021-04-09 10:59:24,172: this is taskStep=============>loadPlayload
[WARNING]2021-04-09 10:59:24,346: AGV02 waitFinish: loc is diff LM120 AP142 task_status= 2
[INFO]2021-04-09 10:59:24,502: this is taskStep=============>loadPlayload
[INFO]2021-04-09 10:59:24,579: ------------------------------来到sendCmd函数中---------------------------（13）----------------------
[INFO]2021-04-09 10:59:24,812: this is taskStep=============>loadPlayload
[WARNING]2021-04-09 10:59:24,892: AGV02 waitFinish: loc is diff LM120 AP142 task_status= 2
[INFO]2021-04-09 10:59:25,124: this is taskStep=============>loadPlayload
[WARNING]2021-04-09 10:59:25,408: AGV02 waitFinish: loc is diff LM120 AP142 task_status= 2
[INFO]2021-04-09 10:59:25,439: this is taskStep=============>loadPlayload
[INFO]2021-04-09 10:59:25,501: ------------------------------来到sendCmd函数中---------------------------（13）----------------------
[INFO]2021-04-09 10:59:25,751: this is taskStep=============>loadPlayload
[WARNING]2021-04-09 10:59:25,921: AGV02 waitFinish: loc is diff LM120 AP142 task_status= 2
[INFO]2021-04-09 10:59:26,048: ------------------------------来到sendCmd函数中---------------------------（13）----------------------
[INFO]2021-04-09 10:59:26,063: this is taskStep=============>loadPlayload
[INFO]2021-04-09 10:59:26,386: this is taskStep=============>loadPlayload
[WARNING]2021-04-09 10:59:26,433: AGV02 waitFinish: loc is diff LM120 AP142 task_status= 2
[INFO]2021-04-09 10:59:26,572: ------------------------------来到sendCmd函数中---------------------------（13）----------------------
[INFO]2021-04-09 10:59:26,697: this is taskStep=============>loadPlayload
[WARNING]2021-04-09 10:59:26,945: AGV02 waitFinish: loc is diff LM120 AP142 task_status= 2
[INFO]2021-04-09 10:59:27,007: this is taskStep=============>loadPlayload
[INFO]2021-04-09 10:59:27,101: ------------------------------来到sendCmd函数中---------------------------（13）----------------------
[INFO]2021-04-09 10:59:27,317: this is taskStep=============>loadPlayload
[WARNING]2021-04-09 10:59:27,455: AGV02 waitFinish: loc is diff LM120 AP142 task_status= 2
[INFO]2021-04-09 10:59:27,644: this is taskStep=============>loadPlayload
[INFO]2021-04-09 10:59:27,645: ------------------------------来到sendCmd函数中---------------------------（13）----------------------
[WARNING]2021-04-09 10:59:27,984: AGV02 waitFinish: loc is diff LM120 AP142 task_status= 2
[INFO]2021-04-09 10:59:27,985: this is taskStep=============>loadPlayload
[INFO]2021-04-09 10:59:28,173: ------------------------------来到sendCmd函数中---------------------------（13）----------------------
[INFO]2021-04-09 10:59:28,394: this is taskStep=============>loadPlayload
[WARNING]2021-04-09 10:59:28,521: AGV02 waitFinish: loc is diff LM120 AP142 task_status= 2
[INFO]2021-04-09 10:59:28,707: this is taskStep=============>loadPlayload
[INFO]2021-04-09 10:59:28,709: ------------------------------来到sendCmd函数中---------------------------（13）----------------------
[INFO]2021-04-09 10:59:29,023: this is taskStep=============>loadPlayload
[WARNING]2021-04-09 10:59:29,039: AGV02 waitFinish: loc is diff LM120 AP142 task_status= 2
[INFO]2021-04-09 10:59:29,240: ------------------------------来到sendCmd函数中---------------------------（13）----------------------
[INFO]2021-04-09 10:59:29,346: this is taskStep=============>loadPlayload
[WARNING]2021-04-09 10:59:29,549: AGV02 waitFinish: loc is diff LM120 AP142 task_status= 2
[INFO]2021-04-09 10:59:29,660: this is taskStep=============>loadPlayload
[INFO]2021-04-09 10:59:29,768: ------------------------------来到sendCmd函数中---------------------------（13）----------------------
[INFO]2021-04-09 10:59:30,002: this is taskStep=============>loadPlayload
[WARNING]2021-04-09 10:59:30,061: AGV02 waitFinish: loc is diff LM120 AP142 task_status= 2
[INFO]2021-04-09 10:59:30,344: this is taskStep=============>loadPlayload
[WARNING]2021-04-09 10:59:30,576: AGV02 waitFinish: loc is diff LM120 AP142 task_status= 2
[INFO]2021-04-09 10:59:30,669: this is taskStep=============>loadPlayload
[INFO]2021-04-09 10:59:30,732: ------------------------------来到sendCmd函数中---------------------------（13）----------------------
[INFO]2021-04-09 10:59:30,993: this is taskStep=============>loadPlayload
[WARNING]2021-04-09 10:59:31,087: AGV02 waitFinish: loc is diff LM120 AP142 task_status= 2
[INFO]2021-04-09 10:59:31,259: ------------------------------来到sendCmd函数中---------------------------（13）----------------------
[INFO]2021-04-09 10:59:31,304: this is taskStep=============>loadPlayload
[WARNING]2021-04-09 10:59:31,602: AGV02 waitFinish: loc is diff LM120 AP142 task_status= 2
[INFO]2021-04-09 10:59:31,617: this is taskStep=============>loadPlayload
[INFO]2021-04-09 10:59:31,833: ------------------------------来到sendCmd函数中---------------------------（13）----------------------
[INFO]2021-04-09 10:59:31,925: this is taskStep=============>loadPlayload
[WARNING]2021-04-09 10:59:32,111: AGV02 waitFinish: loc is diff LM120 AP142 task_status= 2
[ERROR]2021-04-09 10:59:32,159: connect AGV01 failed timed out
[INFO]2021-04-09 10:59:32,164: AGV01 checkLink failed 172.16.217.121 19204
[WARNING]2021-04-09 10:59:32,168: agvThread.AGV01[tid:4948] <lock name:agv.AGV01.lock_status,<locked _thread.RLock object owner=4948 count=1 at 0x0000019BD170CFD0>> ,hold 10022 ms
[INFO]2021-04-09 10:59:32,173: name=agvThread.AGV01, pid=7032, tid=4948
[01] File "C:/Python37/lib/threading.py", line 865, in run() 
[02] File "C:/Users/Administrator/Desktop/SVN/branches/agvCtrl/agvList.py", line 570, in run() 
[03] File "../driver/seerAgv/agvCtrl.py", line 38, in checkLink() 
[04] File "../driver/seerAgv/agvApi.py", line 188, in checkLink() 
[05] File "C:/Users/Administrator/Desktop/SVN/branches/common/lock.py", line 100, in release() 
[06] File "C:/Users/Administrator/Desktop/SVN/branches/common/enhance.py", line 258, in getTrace() 
[07] File "C:/Users/Administrator/Desktop/SVN/branches/common/enhance.py", line 240, in getThreadStack()
[INFO]2021-04-09 10:59:32,246: this is taskStep=============>loadPlayload
[INFO]2021-04-09 10:59:32,381: ------------------------------来到sendCmd函数中---------------------------（13）----------------------
[DEBUG]2021-04-09 10:59:32,432: AGV02 set loc comba-ZSC-F1-F3.AP142 ,old LM120 (2.98,-1.17)
[INFO]2021-04-09 10:59:32,625: this is taskStep=============>loadPlayload
[INFO]2021-04-09 10:59:32,951: this is taskStep=============>loadPlayload
[INFO]2021-04-09 10:59:32,951: ------------------------------来到sendCmd函数中---------------------------（13）----------------------
[INFO]2021-04-09 10:59:33,264: this is taskStep=============>loadPlayload
[INFO]2021-04-09 10:59:33,576: this is taskStep=============>loadPlayload
[INFO]2021-04-09 10:59:33,578: ------------------------------来到sendCmd函数中---------------------------（13）----------------------
[INFO]2021-04-09 10:59:33,886: this is taskStep=============>loadPlayload
[INFO]2021-04-09 10:59:34,105: ------------------------------来到sendCmd函数中---------------------------（13）----------------------
[INFO]2021-04-09 10:59:34,206: this is taskStep=============>loadPlayload
[DEBUG]2021-04-09 10:59:34,209: try connect AGV01 172.16.217.121:19204
[INFO]2021-04-09 10:59:34,584: this is taskStep=============>loadPlayload
[INFO]2021-04-09 10:59:34,630: ------------------------------来到sendCmd函数中---------------------------（13）----------------------
[INFO]2021-04-09 10:59:34,893: this is taskStep=============>loadPlayload
[INFO]2021-04-09 10:59:35,216: this is taskStep=============>loadPlayload
[INFO]2021-04-09 10:59:35,231: ------------------------------来到sendCmd函数中---------------------------（13）----------------------
[INFO]2021-04-09 10:59:35,526: this is taskStep=============>loadPlayload
[INFO]2021-04-09 10:59:35,805: ------------------------------来到sendCmd函数中---------------------------（13）----------------------
[INFO]2021-04-09 10:59:35,851: this is taskStep=============>loadPlayload
[INFO]2021-04-09 10:59:36,181: this is taskStep=============>loadPlayload
[INFO]2021-04-09 10:59:36,333: ------------------------------来到sendCmd函数中---------------------------（13）----------------------
[INFO]2021-04-09 10:59:36,504: this is taskStep=============>loadPlayload
[SUCC]2021-04-09 10:59:36,719: Finish:  AGV02 arrived comba-ZSC-F1-F3.AP142 ,task: 606fc2c577fba39ecec38e1b_2
[INFO]2021-04-09 10:59:36,826: this is taskStep=============>loadPlayload
[INFO]2021-04-09 10:59:36,872: ------------------------------来到sendCmd函数中---------------------------（13）----------------------
[INFO]2021-04-09 10:59:37,108: task: move finish callback task[606fc2c577fba39ecec38e1b][AGV02] AP142(LM120) -> LM121(LM122) [loadPlayload]
[INFO]2021-04-09 10:59:37,117: task[606fc2c577fba39ecec38e1b] update info: {'failMsg': 'AGV顶升', 'updateTime': datetime.datetime(2021, 4, 9, 10, 59, 37, 114293)}
[INFO]2021-04-09 10:59:37,144: this is taskStep=============>loadPlayload_readqr
[DEBUG]2021-04-09 10:59:37,152: task[606fc2c577fba39ecec38e1b][AGV02] AP142(LM120) -> LM121(LM122) [loadPlayload_jackup] loadPlayload_readqr -> loadPlayload_jackup
[INFO]2021-04-09 10:59:37,400: ------------------------------来到sendCmd函数中---------------------------（13）----------------------
[INFO]2021-04-09 10:59:37,461: this is taskStep=============>loadPlayload_jackup
[INFO]2021-04-09 10:59:37,468: task[606fc2c577fba39ecec38e1b][AGV02] AP142(LM120) -> LM121(LM122) [loadPlayload_jackup] _jackUp
[DEBUG]2021-04-09 10:59:37,472: send http_get: http://127.0.0.1:5551/api/agv/jackup?agv=AGV02&loc=None&timeoutSec=90
[DEBUG]2021-04-09 10:59:37,480: GET: http://127.0.0.1:5551/api/agv/jackup?agv=AGV02&loc=None&timeoutSec=90 addr: 127.0.0.1
[INFO]2021-04-09 10:59:37,486: ------------------------------来到sendCmd函数中---------------------------（13）----------------------
[INFO]2021-04-09 10:59:37,943: ------------------------------来到sendCmd函数中---------------------------（13）----------------------
[CRITICAL]2021-04-09 10:59:38,134: invoke <function urlJackup at 0x0000019BD124D9D8> cause a error: AGV02执行6040错误,code=40001,msg=param: height
pid=7032, ppid=11988, tid=3356
Traceback (most recent call last):
  File "C:\Users\Administrator\Desktop\SVN\branches\common\scadaUtility.py", line 45, in __call
    ret = func(*p,**pp)
  File "C:\Users\Administrator\Desktop\SVN\branches\agvDevice\main_agvDevice.py", line 23, in urlJackup
    return jackMgr.jackUp(agvId=agvId, timeout=timeout,loc=loc)
  File "C:\Users\Administrator\Desktop\SVN\branches\agvDevice\jackMgr.py", line 23, in jackUp
    ret = agvCtrl.jackUp(agvId,loc=loc)
  File "..\driver\seerAgv\agvCtrl.py", line 315, in jackUp
    _forkUpOther(agvId,loc)
  File "..\driver\seerAgv\agvCtrl.py", line 148, in _forkUpOther
    agvApi.other(agvId, "robot_other_set_fork_height_req", {"heigth":1})
  File "..\driver\seerAgv\agvApi.py", line 228, in other
    return _handle(agvId, API_PORT_OTHER, type, data)
  File "..\driver\seerAgv\agvApi.py", line 256, in _handle
    result = _request(agvId, port, typeId, data)
  File "..\driver\seerAgv\agvApi.py", line 294, in _request
    result = sendCmd(agvId, buf, ip, port, type)
  File "..\driver\seerAgv\agvApi.py", line 321, in sendCmd
    result= _checkError(agvId, type, obj)
  File "..\driver\seerAgv\agvApi.py", line 372, in _checkError
    raise IOError(agvId + "执行" + str(type) + "错误" + ",code=" + str(code) + ",msg=" + msg)
OSError: AGV02执行6040错误,code=40001,msg=param: height

[DEBUG]2021-04-09 10:59:38,334: used 853ms 200 OK application/json;charset=utf-8, GET: http://127.0.0.1:5551/api/agv/jackup?agv=AGV02&loc=None&timeoutSec=90
[DEBUG]2021-04-09 10:59:38,599: [return] use 1127 ms,http_get: http://127.0.0.1:5551/api/agv/jackup?agv=AGV02&loc=None&timeoutSec=90
[CRITICAL]2021-04-09 10:59:38,836: task[606fc2c577fba39ecec38e1b][AGV02] AP142(LM120) -> LM121(LM122) [loadPlayload_jackup] jackup cause a error: OSError: AGV02执行6040错误,code=40001,msg=param: height
pid=7032, ppid=11988, tid=10760
Traceback (most recent call last):
  File "C:\Users\Administrator\Desktop\SVN\branches\pharmapackCtrl\runTasks.py", line 913, in _jackUp
    jackApi.jackUp(self.agvId, timeoutSec=90)
  File "..\agvDevice\jackApi.py", line 44, in jackUp
    return _jack('/api/agv/jackup', agvId,timeoutSec,loc)
  File "..\agvDevice\jackApi.py", line 64, in _jack
    return http_get(url + apiurl, param,timeout=timeoutSec+2)
  File "..\agvDevice\jackApi.py", line 18, in http_get
    raise Exception(result["errormsg"])
Exception: OSError: AGV02执行6040错误,code=40001,msg=param: height

[INFO]2021-04-09 10:59:38,994: task[606fc2c577fba39ecec38e1b][AGV02] AP142(LM120) -> LM121(LM122) [loadPlayload_jackup] loadPlayload_jackup error
[INFO]2021-04-09 10:59:39,131: ------------------------------来到sendCmd函数中---------------------------（13）----------------------
[INFO]2021-04-09 10:59:39,901: ------------------------------来到sendCmd函数中---------------------------（13）----------------------
[INFO]2021-04-09 10:59:40,700: ------------------------------来到sendCmd函数中---------------------------（13）----------------------
[INFO]2021-04-09 10:59:41,093: this is taskStep=============>loadPlayload_jackup
[INFO]2021-04-09 10:59:41,155: task[606fc2c577fba39ecec38e1b][AGV02] AP142(LM120) -> LM121(LM122) [loadPlayload_jackup] _jackUp
[DEBUG]2021-04-09 10:59:41,250: send http_get: http://127.0.0.1:5551/api/agv/jackup?agv=AGV02&loc=None&timeoutSec=90
[DEBUG]2021-04-09 10:59:41,534: GET: http://127.0.0.1:5551/api/agv/jackup?agv=AGV02&loc=None&timeoutSec=90 addr: 127.0.0.1
[INFO]2021-04-09 10:59:41,580: ------------------------------来到sendCmd函数中---------------------------（13）----------------------
[INFO]2021-04-09 10:59:41,611: ------------------------------来到sendCmd函数中---------------------------（13）----------------------
[CRITICAL]2021-04-09 10:59:42,234: invoke <function urlJackup at 0x0000019BD124D9D8> cause a error: AGV02执行6040错误,code=40001,msg=param: height
pid=7032, ppid=11988, tid=12480
Traceback (most recent call last):
  File "C:\Users\Administrator\Desktop\SVN\branches\common\scadaUtility.py", line 45, in __call
    ret = func(*p,**pp)
  File "C:\Users\Administrator\Desktop\SVN\branches\agvDevice\main_agvDevice.py", line 23, in urlJackup
    return jackMgr.jackUp(agvId=agvId, timeout=timeout,loc=loc)
  File "C:\Users\Administrator\Desktop\SVN\branches\agvDevice\jackMgr.py", line 23, in jackUp
    ret = agvCtrl.jackUp(agvId,loc=loc)
  File "..\driver\seerAgv\agvCtrl.py", line 315, in jackUp
    _forkUpOther(agvId,loc)
  File "..\driver\seerAgv\agvCtrl.py", line 148, in _forkUpOther
    agvApi.other(agvId, "robot_other_set_fork_height_req", {"heigth":1})
  File "..\driver\seerAgv\agvApi.py", line 228, in other
    return _handle(agvId, API_PORT_OTHER, type, data)
  File "..\driver\seerAgv\agvApi.py", line 256, in _handle
    result = _request(agvId, port, typeId, data)
  File "..\driver\seerAgv\agvApi.py", line 294, in _request
    result = sendCmd(agvId, buf, ip, port, type)
  File "..\driver\seerAgv\agvApi.py", line 321, in sendCmd
    result= _checkError(agvId, type, obj)
  File "..\driver\seerAgv\agvApi.py", line 372, in _checkError
    raise IOError(agvId + "执行" + str(type) + "错误" + ",code=" + str(code) + ",msg=" + msg)
OSError: AGV02执行6040错误,code=40001,msg=param: height

[DEBUG]2021-04-09 10:59:42,359: used 826ms 200 OK application/json;charset=utf-8, GET: http://127.0.0.1:5551/api/agv/jackup?agv=AGV02&loc=None&timeoutSec=90
[DEBUG]2021-04-09 10:59:42,482: [return] use 1232 ms,http_get: http://127.0.0.1:5551/api/agv/jackup?agv=AGV02&loc=None&timeoutSec=90
[CRITICAL]2021-04-09 10:59:42,574: task[606fc2c577fba39ecec38e1b][AGV02] AP142(LM120) -> LM121(LM122) [loadPlayload_jackup] jackup cause a error: OSError: AGV02执行6040错误,code=40001,msg=param: height
pid=7032, ppid=11988, tid=10760
Traceback (most recent call last):
  File "C:\Users\Administrator\Desktop\SVN\branches\pharmapackCtrl\runTasks.py", line 913, in _jackUp
    jackApi.jackUp(self.agvId, timeoutSec=90)
  File "..\agvDevice\jackApi.py", line 44, in jackUp
    return _jack('/api/agv/jackup', agvId,timeoutSec,loc)
  File "..\agvDevice\jackApi.py", line 64, in _jack
    return http_get(url + apiurl, param,timeout=timeoutSec+2)
  File "..\agvDevice\jackApi.py", line 18, in http_get
    raise Exception(result["errormsg"])
Exception: OSError: AGV02执行6040错误,code=40001,msg=param: height

[INFO]2021-04-09 10:59:42,667: task[606fc2c577fba39ecec38e1b][AGV02] AP142(LM120) -> LM121(LM122) [loadPlayload_jackup] loadPlayload_jackup error
[INFO]2021-04-09 10:59:42,683: ------------------------------来到sendCmd函数中---------------------------（13）----------------------
[INFO]2021-04-09 10:59:43,761: ------------------------------来到sendCmd函数中---------------------------（13）----------------------
[ERROR]2021-04-09 10:59:44,304: connect AGV01 failed timed out
[INFO]2021-04-09 10:59:44,443: AGV01 checkLink failed 172.16.217.121 19204
[WARNING]2021-04-09 10:59:44,521: agvThread.AGV01[tid:4948] <lock name:agv.AGV01.lock_status,<locked _thread.RLock object owner=4948 count=1 at 0x0000019BD170CFD0>> ,hold 10312 ms
[INFO]2021-04-09 10:59:44,647: ------------------------------来到sendCmd函数中---------------------------（13）----------------------
[INFO]2021-04-09 10:59:44,662: name=agvThread.AGV01, pid=7032, tid=4948
[01] File "C:/Python37/lib/threading.py", line 865, in run() 
[02] File "C:/Users/Administrator/Desktop/SVN/branches/agvCtrl/agvList.py", line 570, in run() 
[03] File "../driver/seerAgv/agvCtrl.py", line 38, in checkLink() 
[04] File "../driver/seerAgv/agvApi.py", line 188, in checkLink() 
[05] File "C:/Users/Administrator/Desktop/SVN/branches/common/lock.py", line 100, in release() 
[06] File "C:/Users/Administrator/Desktop/SVN/branches/common/enhance.py", line 258, in getTrace() 
[07] File "C:/Users/Administrator/Desktop/SVN/branches/common/enhance.py", line 240, in getThreadStack()
[INFO]2021-04-09 10:59:44,816: this is taskStep=============>loadPlayload_jackup
[INFO]2021-04-09 10:59:44,924: task[606fc2c577fba39ecec38e1b][AGV02] AP142(LM120) -> LM121(LM122) [loadPlayload_jackup] _jackUp
[DEBUG]2021-04-09 10:59:44,987: send http_get: http://127.0.0.1:5551/api/agv/jackup?agv=AGV02&loc=None&timeoutSec=90
[DEBUG]2021-04-09 10:59:45,158: GET: http://127.0.0.1:5551/api/agv/jackup?agv=AGV02&loc=None&timeoutSec=90 addr: 127.0.0.1
[INFO]2021-04-09 10:59:45,252: ------------------------------来到sendCmd函数中---------------------------（13）----------------------
[INFO]2021-04-09 10:59:45,402: ------------------------------来到sendCmd函数中---------------------------（13）----------------------
