[CRITICAL]2021-04-07 16:34:50,343: import main_agv failed, path: agvCtrl cause a error: Expecting property name enclosed in double quotes: line 43 column 5 (char 1096)
pid=5792, ppid=11828, tid=7000
Traceback (most recent call last):
  File "run_all.py", line 39, in findModule
    __import__(m[1])
  File "C:\Users\Administrator\Desktop\SVN\branches\agvCtrl\main_agv.py", line 10, in <module>
    import mapMgr
  File "C:\Users\Administrator\Desktop\SVN\branches\agvCtrl\mapMgr.py", line 25, in <module>
    import driver.seerAgv.agvCtrl as agvCtrl
  File "..\driver\seerAgv\agvCtrl.py", line 33, in <module>
    g_agvType = _loadAgvType()
  File "..\driver\seerAgv\agvCtrl.py", line 28, in _loadAgvType
    aa = json.load(f)
  File "C:\Python37\lib\json\__init__.py", line 296, in load
    parse_constant=parse_constant, object_pairs_hook=object_pairs_hook, **kw)
  File "C:\Python37\lib\json\__init__.py", line 348, in loads
    return _default_decoder.decode(s)
  File "C:\Python37\lib\json\decoder.py", line 337, in decode
    obj, end = self.raw_decode(s, idx=_w(s, 0).end())
  File "C:\Python37\lib\json\decoder.py", line 353, in raw_decode
    obj, end = self.scan_once(s, idx)
json.decoder.JSONDecodeError: Expecting property name enclosed in double quotes: line 43 column 5 (char 1096)

[CRITICAL]2021-04-07 16:34:50,347: import main_agv failed, path: agvCtrl ,cause Expecting property name enclosed in double quotes: line 43 column 5 (char 1096)
