[INFO]2021-05-11 15:46:22,752: log files at C:\Users\Administrator\Desktop\SVN\branches\common\log
[INFO]2021-05-11 15:46:22,753: find module account.main_account
[INFO]2021-05-11 15:46:22,754: find module agvCtrl.main_agv
[INFO]2021-05-11 15:46:22,754: find module agvDevice.main_agvDevice
[INFO]2021-05-11 15:46:22,755: find module alarm.main_alarm
[INFO]2021-05-11 15:46:22,755: find module auth.main_auth
[INFO]2021-05-11 15:46:22,755: find module door.main_door
[INFO]2021-05-11 15:46:22,756: find module elevator.main_elevator
[INFO]2021-05-11 15:46:22,756: find module feed.main_feed
[INFO]2021-05-11 15:46:22,765: find module menu.main_menu
[INFO]2021-05-11 15:46:22,766: find module pharmapackCtrl.main_scadaCtrl
[INFO]2021-05-11 15:46:22,766: find module webFront.main_web
[INFO]2021-05-11 15:46:22,767: find module wmqtt.main_wmqtt
[INFO]2021-05-11 15:46:22,767: import account.main_account
[INFO]2021-05-11 15:46:22,855: import agvCtrl.main_agv
[INFO]2021-05-11 15:46:23,142: create lock <lock name:doorMgr.lock,<unlocked _thread.RLock object owner=0 count=0 at 0x00000257ABFA9EE0>>
[INFO]2021-05-11 15:46:23,145: create lock <lock name:door.lock,<unlocked _thread.RLock object owner=0 count=0 at 0x00000257AC0050D0>>
[INFO]2021-05-11 15:46:23,232: create lock <lock name:timer.lock_2575574562688,<unlocked _thread.RLock object owner=0 count=0 at 0x00000257AC308648>>
[ERROR]2021-05-11 15:46:23,244: mqtt is disabled
[INFO]2021-05-11 15:46:23,244: mqtt: subscribe [alarm/raise/+]
[INFO]2021-05-11 15:46:23,245: mqtt: subscribe [alarm/clear/+]
[INFO]2021-05-11 15:46:26,290: Mongodb connect to 127.0.0.1 port 27017
[INFO]2021-05-11 15:46:26,318: create lock <lock name:elevatorApi.tcp_lock,<unlocked _thread.RLock object owner=0 count=0 at 0x00000257AC70B350>>
[INFO]2021-05-11 15:46:26,319: create lock <lock name:elevatorApi.g_lock,<unlocked _thread.RLock object owner=0 count=0 at 0x00000257AA61FF58>>
[INFO]2021-05-11 15:46:26,321: create lock <lock name:elevatorMgr.lock,<unlocked _thread.RLock object owner=0 count=0 at 0x00000257AA61F9E0>>
[INFO]2021-05-11 15:46:26,476: create lock <lock name:mapMgr.lock,<unlocked _thread.RLock object owner=0 count=0 at 0x00000257AA99CDC8>>
[INFO]2021-05-11 15:46:26,760: create lock <lock name:agvList.g_agvLock,<unlocked _thread.RLock object owner=0 count=0 at 0x00000257AC7EDEB8>>
[INFO]2021-05-11 15:46:26,764: create lock <lock name:taskList.lock,<unlocked _thread.RLock object owner=0 count=0 at 0x00000257AC881F08>>
[INFO]2021-05-11 15:46:26,841: charge policy 1 , fix time
[INFO]2021-05-11 15:46:26,881: create lock <lock name:agvApi.g_lock,<unlocked _thread.RLock object owner=0 count=0 at 0x00000257AC881BC0>>
[INFO]2021-05-11 15:46:27,299: start load map C:\Users\Administrator\Desktop\SVN\branches\agvCtrl\projects\test\comba-ZSC-F1-F3.smap
[DEBUG]2021-05-11 15:46:27,517: elevator thread start
[INFO]2021-05-11 15:46:27,545: load map C:\Users\Administrator\Desktop\SVN\branches\agvCtrl\projects\test\comba-ZSC-F1-F3.smap ,used 255 ms
[INFO]2021-05-11 15:46:27,562: start load map C:\Users\Administrator\Desktop\SVN\branches\agvCtrl\projects\test\comba-ZXC-3F.smap
[INFO]2021-05-11 15:46:27,642: load map C:\Users\Administrator\Desktop\SVN\branches\agvCtrl\projects\test\comba-ZXC-3F.smap ,used 95 ms
[INFO]2021-05-11 15:46:27,651: start load map C:\Users\Administrator\Desktop\SVN\branches\agvCtrl\projects\test\comba-ZXC-F3.smap
[INFO]2021-05-11 15:46:27,760: load map C:\Users\Administrator\Desktop\SVN\branches\agvCtrl\projects\test\comba-ZXC-F3.smap ,used 117 ms
[INFO]2021-05-11 15:46:27,765: import agvDevice.main_agvDevice
[INFO]2021-05-11 15:46:27,766: import alarm.main_alarm
[INFO]2021-05-11 15:46:27,767: import auth.main_auth
[INFO]2021-05-11 15:46:27,777: import door.main_door
[INFO]2021-05-11 15:46:27,781: import elevator.main_elevator
[INFO]2021-05-11 15:46:27,783: import feed.main_feed
[INFO]2021-05-11 15:46:27,793: create lock <lock name:feedTask.g_lock,<unlocked _thread.RLock object owner=0 count=0 at 0x00000257ADCFCE90>>
[INFO]2021-05-11 15:46:27,828: create lock <lock name:agvApi.g_lock,<unlocked _thread.RLock object owner=0 count=0 at 0x00000257ADD5E7D8>>
[INFO]2021-05-11 15:46:27,893: import menu.main_menu
[INFO]2021-05-11 15:46:27,896: import pharmapackCtrl.main_scadaCtrl
[INFO]2021-05-11 15:46:27,988: create lock <lock name:runTasks.g_lock,<unlocked _thread.RLock object owner=0 count=0 at 0x00000257ADF494B8>>
[INFO]2021-05-11 15:46:28,329: create lock <lock name:runTasks.pre_lock,<unlocked _thread.RLock object owner=0 count=0 at 0x00000257ADF493A0>>
[INFO]2021-05-11 15:46:28,463: import webFront.main_web
[INFO]2021-05-11 15:46:28,468: import wmqtt.main_wmqtt
[SUCC]2021-05-11 15:46:28,479: utility start, pid=8908, ppid=10360
[DEBUG]2021-05-11 15:46:28,480: start timer
[INFO]2021-05-11 15:46:28,489: load agv file: C:\Users\Administrator\Desktop\SVN\branches\agvCtrl/projects/test/agv.cfg
[INFO]2021-05-11 15:46:28,490: create lock <lock name:agvList.AGV02.lock,<unlocked _thread.RLock object owner=0 count=0 at 0x00000257ADF496C0>>
[DEBUG]2021-05-11 15:46:28,493: create aliveObj AGV02 AGV离线异常 timeout 300
[INFO]2021-05-11 15:46:28,494: AGV02 start agvList run thread
[INFO]2021-05-11 15:46:28,494: AGV02 start agvList run2 thread
[INFO]2021-05-11 15:46:28,495: create lock <lock name:agv.AGV02.lock_status,<unlocked _thread.RLock object owner=0 count=0 at 0x00000257ADF49A08>>
[DEBUG]2021-05-11 15:46:28,496: try connect AGV02 172.16.217.213:19204
[INFO]2021-05-11 15:46:28,497: add_ignore: taskStatus
[INFO]2021-05-11 15:46:28,497: add_ignore: api/elevator/status
[INFO]2021-05-11 15:46:28,499: add_ignore: scada/getTask
[INFO]2021-05-11 15:46:28,502: AGV02 connected 172.16.217.213 19204
[INFO]2021-05-11 15:46:28,505: create lock <lock name:agv.AGV02.lock_ctrl,<unlocked _thread.RLock object owner=0 count=0 at 0x00000257ADF49AD0>>
[DEBUG]2021-05-11 15:46:28,506: try connect AGV02 172.16.217.213:19205
[INFO]2021-05-11 15:46:28,514: AGV02 connected 172.16.217.213 19205
[INFO]2021-05-11 15:46:28,515: create lock <lock name:agv.AGV02.lock_task,<unlocked _thread.RLock object owner=0 count=0 at 0x00000257B06252D8>>
[DEBUG]2021-05-11 15:46:28,517: try connect AGV02 172.16.217.213:19206
[INFO]2021-05-11 15:46:28,547: AGV02 connected 172.16.217.213 19206
[INFO]2021-05-11 15:46:28,548: create lock <lock name:agv.AGV02.lock_conf,<unlocked _thread.RLock object owner=0 count=0 at 0x00000257B0625328>>
[DEBUG]2021-05-11 15:46:28,552: try connect AGV02 172.16.217.213:19207
[INFO]2021-05-11 15:46:28,558: AGV02 connected 172.16.217.213 19207
[INFO]2021-05-11 15:46:28,559: create lock <lock name:agv.AGV02.lock_core,<unlocked _thread.RLock object owner=0 count=0 at 0x00000257B0625350>>
[DEBUG]2021-05-11 15:46:28,560: try connect AGV02 172.16.217.213:19208
[INFO]2021-05-11 15:46:28,567: AGV02 connected 172.16.217.213 19208
[INFO]2021-05-11 15:46:28,568: create lock <lock name:agv.AGV02.lock_other,<unlocked _thread.RLock object owner=0 count=0 at 0x00000257B06253A0>>
[DEBUG]2021-05-11 15:46:28,571: try connect AGV02 172.16.217.213:19210
[INFO]2021-05-11 15:46:28,579: AGV02 connected 172.16.217.213 19210
[INFO]2021-05-11 15:46:28,627: AGV02 current map comba-ZSC-F1-F3
[INFO]2021-05-11 15:46:28,651: AGV02 is online
[DEBUG]2021-05-11 15:46:30,508: GET: http://127.0.0.1:5551/api/agv/init?appName=scadaTask addr: 127.0.0.1
[INFO]2021-05-11 15:46:30,512: scadaTask init client agvApi
[DEBUG]2021-05-11 15:46:30,515: used 7ms 200 OK application/json;charset=utf-8, GET: http://127.0.0.1:5551/api/agv/init?appName=scadaTask
[DEBUG]2021-05-11 15:46:33,839: GET: http://127.0.0.1:5551/api/agv/startCharge?appName=scadaTask addr: 127.0.0.1
[DEBUG]2021-05-11 15:46:34,055: used 216ms 200 OK application/json;charset=utf-8, GET: http://127.0.0.1:5551/api/agv/startCharge?appName=scadaTask
[WARNING]2021-05-11 15:46:34,432: timer_thread[tid:9812] <lock name:runTasks.g_lock,<locked _thread.RLock object owner=9812 count=1 at 0x00000257ADF494B8>> ,hold 3941 ms
[INFO]2021-05-11 15:46:34,609: name=timer_thread, pid=8908, tid=9812
[01] File "C:/Python37/lib/threading.py", line 865, in run() 
[02] File "C:/Users/Administrator/Desktop/SVN/branches/common/mytimer.py", line 113, in _loop() 
[03] File "C:/Users/Administrator/Desktop/SVN/branches/common/lock.py", line 122, in _call() 
[04] File "C:/Users/Administrator/Desktop/SVN/branches/common/lock.py", line 100, in release() 
[05] File "C:/Users/Administrator/Desktop/SVN/branches/common/enhance.py", line 258, in getTrace() 
[06] File "C:/Users/Administrator/Desktop/SVN/branches/common/enhance.py", line 240, in getThreadStack()
[DEBUG]2021-05-11 15:47:04,606: GET: http://127.0.0.1:5551/api/scada/addTask?source=%E4%B8%80%E6%A5%BC%E4%BB%93%E5%BA%93%E4%B8%8A%E6%96%99B&target=%E4%B8%80%E6%A5%BC%E5%8D%87%E9%99%8D%E6%9C%BA addr: 127.0.0.1
[INFO]2021-05-11 15:47:04,871: Scada send a task to the server from 一楼仓库上料B to 一楼升降机 payloadId: None
[INFO]2021-05-11 15:47:05,044: create task[609a367958b7255c2a827b11]: type= scadaTask , 从一楼仓库上料B运送货架到一楼升降机 {'source': '一楼仓库上料B', 'target': '一楼升降机', 'payloadId': None, 'priority': 1, 'type': 'scadaTask', 'taskName': '从一楼仓库上料B运送货架到一楼升降机', 'createTime': datetime.datetime(2021, 5, 11, 15, 47, 5, 14627), 'updateTime': datetime.datetime(2021, 5, 11, 15, 47, 5, 14627), 'startTime': None, 'endTime': None, 'status': 'waiting', 'step': 'waiting', 'failMsg': None, 'history': [], '_id': ObjectId('609a367958b7255c2a827b11')}
[INFO]2021-05-11 15:47:05,185: 
[INFO]2021-05-11 15:47:05,309: 一楼升降机 一楼仓库上料B
[INFO]2021-05-11 15:47:05,558: task[609a367958b7255c2a827b11][-] AP143(LM118) -> AP101(LM145) [waiting] is inside False
[INFO]2021-05-11 15:47:05,590: task cmd: got a task from scada task[609a367958b7255c2a827b11][-] AP143(LM118) -> AP101(LM145) [waiting]
[DEBUG]2021-05-11 15:47:05,746: used 1140ms 200 OK application/json;charset=utf-8, GET: http://127.0.0.1:5551/api/scada/addTask?source=%E4%B8%80%E6%A5%BC%E4%BB%93%E5%BA%93%E4%B8%8A%E6%96%99B&target=%E4%B8%80%E6%A5%BC%E5%8D%87%E9%99%8D%E6%9C%BA
[INFO]2021-05-11 15:47:05,763: task[609a367958b7255c2a827b11]:  start {'failMsg': '任务等待执行', 'startTime': datetime.datetime(2021, 5, 11, 15, 47, 5, 762301), 'updateTime': datetime.datetime(2021, 5, 11, 15, 47, 5, 762301), 'status': 'running'}
[INFO]2021-05-11 15:47:05,982: task: start task[609a367958b7255c2a827b11][-] AP143(LM118) -> AP101(LM145) [waiting]
[INFO]2021-05-11 15:47:06,029: this is taskStep=============>waiting
[INFO]2021-05-11 15:47:06,155: task[609a367958b7255c2a827b11] update info: {'failMsg': '等待分配小车', 'updateTime': datetime.datetime(2021, 5, 11, 15, 47, 6, 124369)}
[DEBUG]2021-05-11 15:47:06,235: task[609a367958b7255c2a827b11][-] AP143(LM118) -> AP101(LM145) [waitForAgv] waiting -> waitForAgv
[INFO]2021-05-11 15:47:07,396: this is taskStep=============>waitForAgv
[DEBUG]2021-05-11 15:47:07,604: GET: http://127.0.0.1:5551/api/agv/apply?appName=scadaTask&autoLock=False&exclude&loc=AP143&mapId=comba-ZSC-F1-F3&taskId=609a367958b7255c2a827b11&timeout=10 addr: 127.0.0.1
[INFO]2021-05-11 15:47:10,158: apply AGV02 ,taskId: 609a367958b7255c2a827b11 ,loc comba-ZSC-F1-F3.AP143 ,autoLock False , used 2491 ms
[DEBUG]2021-05-11 15:47:10,269: used 2665ms 200 OK application/json;charset=utf-8, GET: http://127.0.0.1:5551/api/agv/apply?appName=scadaTask&autoLock=False&exclude&loc=AP143&mapId=comba-ZSC-F1-F3&taskId=609a367958b7255c2a827b11&timeout=10
[DEBUG]2021-05-11 15:47:10,506: GET: http://127.0.0.1:5551/api/agv/lock?agv=AGV02&appName=scadaTask&taskId=609a367958b7255c2a827b11 addr: 127.0.0.1
[DEBUG]2021-05-11 15:47:10,584: lock:  AGV02 taskId 609a367958b7255c2a827b11 app scadaTask
[WARNING]2021-05-11 15:47:11,676: AGV02 clear task finish, cur= comba-ZSC-F1-F3.LM121 task_status= 4
[DEBUG]2021-05-11 15:47:11,801: used 1295ms 200 OK application/json;charset=utf-8, GET: http://127.0.0.1:5551/api/agv/lock?agv=AGV02&appName=scadaTask&taskId=609a367958b7255c2a827b11
[INFO]2021-05-11 15:47:11,929: task[609a367958b7255c2a827b11][-] AP143(LM118) -> AP101(LM145) [waitForAgv] apply AGV02
[INFO]2021-05-11 15:47:12,054: task[609a367958b7255c2a827b11] update info: {'agvId': 'AGV02', 'failMsg': '成功分配小车AGV02,检测顶升下降', 'updateTime': datetime.datetime(2021, 5, 11, 15, 47, 12, 22905)}
[WARNING]2021-05-11 15:47:12,102: scada.609a367958b7255c2a827b11[tid:8376] <locked _thread.RLock object owner=8376 count=1 at 0x00000257AE3A56E8> ,hold 4706 ms
[INFO]2021-05-11 15:47:12,212: name=scada.609a367958b7255c2a827b11, pid=8908, tid=8376
[01] File "C:/Python37/lib/threading.py", line 865, in run() 
[02] File "C:/Users/Administrator/Desktop/SVN/branches/common/utility.py", line 167, in __call() 
[03] File "C:/Users/Administrator/Desktop/SVN/branches/pharmapackCtrl/runTasks.py", line 735, in _taskFunc() 
[04] File "C:/Users/Administrator/Desktop/SVN/branches/common/lock.py", line 122, in _call() 
[05] File "C:/Users/Administrator/Desktop/SVN/branches/common/lock.py", line 100, in release() 
[06] File "C:/Users/Administrator/Desktop/SVN/branches/common/enhance.py", line 258, in getTrace() 
[07] File "C:/Users/Administrator/Desktop/SVN/branches/common/enhance.py", line 240, in getThreadStack()
[DEBUG]2021-05-11 15:47:12,306: task[609a367958b7255c2a827b11][AGV02] AP143(LM118) -> AP101(LM145) [initJackdown] waitForAgv -> initJackdown
[INFO]2021-05-11 15:47:12,703: this is taskStep=============>initJackdown
[INFO]2021-05-11 15:47:12,828: task[609a367958b7255c2a827b11] update info: {'failMsg': '前往一楼仓库上料B工位点拉取货架', 'updateTime': datetime.datetime(2021, 5, 11, 15, 47, 12, 796833)}
[DEBUG]2021-05-11 15:47:12,906: task[609a367958b7255c2a827b11][AGV02] AP143(LM118) -> AP101(LM145) [startMoveJackup] initJackdown -> startMoveJackup
[INFO]2021-05-11 15:47:13,524: this is taskStep=============>startMoveJackup
[INFO]2021-05-11 15:47:13,572: ------------------------------执行到runTasks._moveJackup()-----------------000-----------------
[INFO]2021-05-11 15:47:13,649: ----------------------------在runTasks.py的_moveJackup函数中-----------------111-------------
[INFO]2021-05-11 15:47:13,761: -----------------runTasks.py中的else，因为不是fastprint项目，走这里------------222-------------
[INFO]2021-05-11 15:47:13,823: --------------------------跳转到agvCtrl下的agvApi中的moveJackup函数----------------------3333-------
[INFO]2021-05-11 15:47:13,900: ----------------------------通过moveJackup来到move函数---------------------------444---------------
[DEBUG]2021-05-11 15:47:13,965: GET: http://127.0.0.1:5551/api/agv/move?WorkPlace=true&agv=AGV02&agvId=AGV02&appName=scadaTask&direction=None&floorId=comba-ZSC-F1-F3&isRotate&loc=comba-ZSC-F1-F3.AP143&location=AP143&p_direction=0.0&pgv_type=1&recognize=False&seer_jackup=JackLoad&taskId=609a367958b7255c2a827b11_2&taskType=scadaTask&timeoutSec=86400&use_pgv=False addr: 127.0.0.1
[INFO]2021-05-11 15:47:13,973: -------------------------根据move函数会根据main_agv.py来到agvControl函数中的move中----------555---------
[INFO]2021-05-11 15:47:13,974: ---------------------move函数中的_func()函数中-------------------------666--------------------
[INFO]2021-05-11 15:47:13,979: LM121 AP143 comba-ZSC-F1-F3 comba-ZSC-F1-F3
[INFO]2021-05-11 15:47:14,016: Begin: AGV02 move from comba-ZSC-F1-F3.LM121 to comba-ZSC-F1-F3.AP143 by paths: [('comba-ZSC-F1-F3', ['LM121', 'LM122', 'LM120', 'LM118', 'AP143'], 10.355347547445897)] task: 609a367958b7255c2a827b11_2 timeout 86400 used 42 ms
[INFO]2021-05-11 15:47:14,018: ==============================runTasks._moveJackup()结束====================================
[DEBUG]2021-05-11 15:47:14,019: task[609a367958b7255c2a827b11][AGV02] AP143(LM118) -> AP101(LM145) [loadPlayload] startMoveJackup -> loadPlayload
[INFO]2021-05-11 15:47:14,329: this is taskStep=============>loadPlayload
[INFO]2021-05-11 15:47:14,649: this is taskStep=============>loadPlayload
[INFO]2021-05-11 15:47:14,962: this is taskStep=============>loadPlayload
[DEBUG]2021-05-11 15:47:15,010: agvInfo: AGV02 comba-ZSC-F1-F3.LM121 move to comba-ZSC-F1-F3.LM122 ,taskId 609a367958b7255c2a827b11_2
[INFO]2021-05-11 15:47:15,012: goTarget {'id': 'LM122'}
[INFO]2021-05-11 15:47:15,013: -------------------------来到driver中的agvApi下的task函数中------------------（12）--------------------
[INFO]2021-05-11 15:47:15,276: this is taskStep=============>loadPlayload
[INFO]2021-05-11 15:47:15,592: this is taskStep=============>loadPlayload
[INFO]2021-05-11 15:47:15,916: this is taskStep=============>loadPlayload
[INFO]2021-05-11 15:47:16,225: this is taskStep=============>loadPlayload
[INFO]2021-05-11 15:47:16,540: this is taskStep=============>loadPlayload
[INFO]2021-05-11 15:47:16,855: this is taskStep=============>loadPlayload
[INFO]2021-05-11 15:47:17,170: this is taskStep=============>loadPlayload
[INFO]2021-05-11 15:47:17,490: this is taskStep=============>loadPlayload
[INFO]2021-05-11 15:47:17,805: this is taskStep=============>loadPlayload
[INFO]2021-05-11 15:47:18,121: this is taskStep=============>loadPlayload
[INFO]2021-05-11 15:47:18,437: this is taskStep=============>loadPlayload
[INFO]2021-05-11 15:47:18,753: this is taskStep=============>loadPlayload
[INFO]2021-05-11 15:47:19,065: this is taskStep=============>loadPlayload
[INFO]2021-05-11 15:47:19,382: this is taskStep=============>loadPlayload
[INFO]2021-05-11 15:47:19,686: this is taskStep=============>loadPlayload
[INFO]2021-05-11 15:47:20,000: this is taskStep=============>loadPlayload
[INFO]2021-05-11 15:47:20,315: this is taskStep=============>loadPlayload
[INFO]2021-05-11 15:47:20,630: this is taskStep=============>loadPlayload
[INFO]2021-05-11 15:47:20,945: this is taskStep=============>loadPlayload
[INFO]2021-05-11 15:47:21,261: this is taskStep=============>loadPlayload
[INFO]2021-05-11 15:47:21,580: this is taskStep=============>loadPlayload
[INFO]2021-05-11 15:47:21,897: this is taskStep=============>loadPlayload
[INFO]2021-05-11 15:47:22,229: this is taskStep=============>loadPlayload
[INFO]2021-05-11 15:47:22,545: this is taskStep=============>loadPlayload
[INFO]2021-05-11 15:47:22,861: this is taskStep=============>loadPlayload
[INFO]2021-05-11 15:47:23,179: this is taskStep=============>loadPlayload
[INFO]2021-05-11 15:47:23,497: this is taskStep=============>loadPlayload
[INFO]2021-05-11 15:47:23,814: this is taskStep=============>loadPlayload
[INFO]2021-05-11 15:47:24,127: this is taskStep=============>loadPlayload
[INFO]2021-05-11 15:47:24,442: this is taskStep=============>loadPlayload
[INFO]2021-05-11 15:47:24,759: this is taskStep=============>loadPlayload
[DEBUG]2021-05-11 15:47:24,838: AGV02 turn to wait check cur LM121 next LM120 0.805 False
[INFO]2021-05-11 15:47:25,076: this is taskStep=============>loadPlayload
[DEBUG]2021-05-11 15:47:25,356: agvInfo: AGV02 comba-ZSC-F1-F3.LM121 move to comba-ZSC-F1-F3.LM120 ,taskId 609a367958b7255c2a827b11_2
[INFO]2021-05-11 15:47:25,359: goTarget {'id': 'LM120'}
[INFO]2021-05-11 15:47:25,360: -------------------------来到driver中的agvApi下的task函数中------------------（12）--------------------
[INFO]2021-05-11 15:47:25,391: this is taskStep=============>loadPlayload
[INFO]2021-05-11 15:47:25,707: this is taskStep=============>loadPlayload
[INFO]2021-05-11 15:47:26,020: this is taskStep=============>loadPlayload
[DEBUG]2021-05-11 15:47:26,151: AGV02 set loc comba-ZSC-F1-F3.LM122 ,old LM121 (0.00,1.13)
[INFO]2021-05-11 15:47:26,335: this is taskStep=============>loadPlayload
[DEBUG]2021-05-11 15:47:26,578: AGV02 choise next pos cur LM122 next LM118 pre LM120 3.691 False
[DEBUG]2021-05-11 15:47:26,581: AGV02 turn to wait check cur LM122 next LM118 3.691 False
[INFO]2021-05-11 15:47:26,652: this is taskStep=============>loadPlayload
[INFO]2021-05-11 15:47:26,968: this is taskStep=============>loadPlayload
[DEBUG]2021-05-11 15:47:27,107: agvInfo: AGV02 comba-ZSC-F1-F3.LM122 move to comba-ZSC-F1-F3.LM118 ,taskId 609a367958b7255c2a827b11_2
[INFO]2021-05-11 15:47:27,109: goTarget {'id': 'LM118'}
[INFO]2021-05-11 15:47:27,110: -------------------------来到driver中的agvApi下的task函数中------------------（12）--------------------
[INFO]2021-05-11 15:47:27,283: this is taskStep=============>loadPlayload
[INFO]2021-05-11 15:47:27,602: this is taskStep=============>loadPlayload
[INFO]2021-05-11 15:47:27,918: this is taskStep=============>loadPlayload
[INFO]2021-05-11 15:47:28,234: this is taskStep=============>loadPlayload
[INFO]2021-05-11 15:47:28,550: this is taskStep=============>loadPlayload
[INFO]2021-05-11 15:47:28,868: this is taskStep=============>loadPlayload
[INFO]2021-05-11 15:47:29,184: this is taskStep=============>loadPlayload
[INFO]2021-05-11 15:47:29,503: this is taskStep=============>loadPlayload
[INFO]2021-05-11 15:47:29,816: this is taskStep=============>loadPlayload
[INFO]2021-05-11 15:47:30,133: this is taskStep=============>loadPlayload
[INFO]2021-05-11 15:47:30,450: this is taskStep=============>loadPlayload
[INFO]2021-05-11 15:47:30,766: this is taskStep=============>loadPlayload
[INFO]2021-05-11 15:47:31,079: this is taskStep=============>loadPlayload
[INFO]2021-05-11 15:47:31,392: this is taskStep=============>loadPlayload
[INFO]2021-05-11 15:47:31,710: this is taskStep=============>loadPlayload
[ERROR]2021-05-11 15:47:31,762: raise alarm obj=AGV02, typeId=49997, desc=小车置信度小于最低阈值,当前值:0.7247, id=609a3693374a0b76c5483cd1
[INFO]2021-05-11 15:47:32,027: this is taskStep=============>loadPlayload
[INFO]2021-05-11 15:47:32,343: this is taskStep=============>loadPlayload
[INFO]2021-05-11 15:47:32,658: this is taskStep=============>loadPlayload
[INFO]2021-05-11 15:47:32,971: this is taskStep=============>loadPlayload
[INFO]2021-05-11 15:47:33,282: this is taskStep=============>loadPlayload
[INFO]2021-05-11 15:47:33,594: this is taskStep=============>loadPlayload
[INFO]2021-05-11 15:47:33,908: this is taskStep=============>loadPlayload
[INFO]2021-05-11 15:47:34,238: this is taskStep=============>loadPlayload
[INFO]2021-05-11 15:47:34,556: this is taskStep=============>loadPlayload
[WARNING]2021-05-11 15:47:34,615: clear alarm obj=AGV02, typeId=49997, id=609a3693374a0b76c5483cd1
[INFO]2021-05-11 15:47:34,870: this is taskStep=============>loadPlayload
[INFO]2021-05-11 15:47:35,187: this is taskStep=============>loadPlayload
[INFO]2021-05-11 15:47:35,506: this is taskStep=============>loadPlayload
[INFO]2021-05-11 15:47:35,824: this is taskStep=============>loadPlayload
[INFO]2021-05-11 15:47:36,142: this is taskStep=============>loadPlayload
[INFO]2021-05-11 15:47:36,458: this is taskStep=============>loadPlayload
[INFO]2021-05-11 15:47:36,776: this is taskStep=============>loadPlayload
[INFO]2021-05-11 15:47:37,095: this is taskStep=============>loadPlayload
[INFO]2021-05-11 15:47:37,413: this is taskStep=============>loadPlayload
[INFO]2021-05-11 15:47:37,732: this is taskStep=============>loadPlayload
[INFO]2021-05-11 15:47:38,043: this is taskStep=============>loadPlayload
[INFO]2021-05-11 15:47:38,358: this is taskStep=============>loadPlayload
[INFO]2021-05-11 15:47:38,672: this is taskStep=============>loadPlayload
[INFO]2021-05-11 15:47:38,989: this is taskStep=============>loadPlayload
[INFO]2021-05-11 15:47:39,300: this is taskStep=============>loadPlayload
[INFO]2021-05-11 15:47:39,613: this is taskStep=============>loadPlayload
[INFO]2021-05-11 15:47:39,931: this is taskStep=============>loadPlayload
[INFO]2021-05-11 15:47:40,245: this is taskStep=============>loadPlayload
[INFO]2021-05-11 15:47:40,557: this is taskStep=============>loadPlayload
[INFO]2021-05-11 15:47:40,875: this is taskStep=============>loadPlayload
[INFO]2021-05-11 15:47:41,193: this is taskStep=============>loadPlayload
[INFO]2021-05-11 15:47:41,509: this is taskStep=============>loadPlayload
[INFO]2021-05-11 15:47:41,825: this is taskStep=============>loadPlayload
[INFO]2021-05-11 15:47:42,141: this is taskStep=============>loadPlayload
[INFO]2021-05-11 15:47:42,455: this is taskStep=============>loadPlayload
[DEBUG]2021-05-11 15:47:42,737: AGV02 set loc comba-ZSC-F1-F3.LM120 ,old LM122 (-0.15,-0.96)
[INFO]2021-05-11 15:47:42,770: this is taskStep=============>loadPlayload
[INFO]2021-05-11 15:47:43,085: this is taskStep=============>loadPlayload
[INFO]2021-05-11 15:47:43,400: this is taskStep=============>loadPlayload
[INFO]2021-05-11 15:47:43,718: this is taskStep=============>loadPlayload
[ERROR]2021-05-11 15:47:43,971: raise alarm obj=AGV02, typeId=49997, desc=小车置信度小于最低阈值,当前值:0.7194, id=609a369f374a0b76c5483ceb
[INFO]2021-05-11 15:47:44,036: this is taskStep=============>loadPlayload
[INFO]2021-05-11 15:47:44,348: this is taskStep=============>loadPlayload
[INFO]2021-05-11 15:47:44,665: this is taskStep=============>loadPlayload
[INFO]2021-05-11 15:47:44,968: this is taskStep=============>loadPlayload
[INFO]2021-05-11 15:47:45,284: this is taskStep=============>loadPlayload
[INFO]2021-05-11 15:47:45,604: this is taskStep=============>loadPlayload
[INFO]2021-05-11 15:47:45,921: this is taskStep=============>loadPlayload
[DEBUG]2021-05-11 15:47:46,064: AGV02 turn to wait check cur LM120 next AP143 0.950 False
[INFO]2021-05-11 15:47:46,252: this is taskStep=============>loadPlayload
[INFO]2021-05-11 15:47:46,570: this is taskStep=============>loadPlayload
[INFO]2021-05-11 15:47:46,582: ------------------------根据agvControl中的_func来到agvList中的moveJackup---------------999--------
[DEBUG]2021-05-11 15:47:46,583: agvInfo: AGV02 comba-ZSC-F1-F3.LM120 move jackup to comba-ZSC-F1-F3.AP143 ,taskId 609a367958b7255c2a827b11_2
[INFO]2021-05-11 15:47:46,584: --------------------跳转到driver下的seerAgv下的agcCtrl.py中的goTargetAndDoWork函数中-----------------10---------
[INFO]2021-05-11 15:47:46,585: 1
[INFO]2021-05-11 15:47:46,585: {'id': 'AP143', 'operation': 'ForkLoad', 'recognize': False, 'use_pgv': False}
[INFO]2021-05-11 15:47:46,586: --------------------------准备进去driver中的seerAgv.py下的task函数-----------------（11）--------------
[INFO]2021-05-11 15:47:46,591: -------------------------来到driver中的agvApi下的task函数中------------------（12）--------------------
[INFO]2021-05-11 15:47:46,886: this is taskStep=============>loadPlayload
[INFO]2021-05-11 15:47:47,202: this is taskStep=============>loadPlayload
[INFO]2021-05-11 15:47:47,520: this is taskStep=============>loadPlayload
[INFO]2021-05-11 15:47:47,835: this is taskStep=============>loadPlayload
[WARNING]2021-05-11 15:47:47,850: AGV02 waitFinish: loc is diff LM120 AP143 task_status= 2
[DEBUG]2021-05-11 15:47:47,989: AGV02 set loc comba-ZSC-F1-F3.LM118 ,old LM120 (-0.19,-2.54)
[INFO]2021-05-11 15:47:48,148: this is taskStep=============>loadPlayload
[WARNING]2021-05-11 15:47:48,356: AGV02 waitFinish: loc is diff LM118 AP143 task_status= 2
[INFO]2021-05-11 15:47:48,465: this is taskStep=============>loadPlayload
[INFO]2021-05-11 15:47:48,783: this is taskStep=============>loadPlayload
[WARNING]2021-05-11 15:47:48,863: AGV02 waitFinish: loc is diff LM118 AP143 task_status= 2
[INFO]2021-05-11 15:47:49,099: this is taskStep=============>loadPlayload
[WARNING]2021-05-11 15:47:49,381: AGV02 waitFinish: loc is diff LM118 AP143 task_status= 2
[INFO]2021-05-11 15:47:49,413: this is taskStep=============>loadPlayload
[INFO]2021-05-11 15:47:49,717: this is taskStep=============>loadPlayload
[WARNING]2021-05-11 15:47:49,891: AGV02 waitFinish: loc is diff LM118 AP143 task_status= 2
[INFO]2021-05-11 15:47:50,035: this is taskStep=============>loadPlayload
[INFO]2021-05-11 15:47:50,353: this is taskStep=============>loadPlayload
[WARNING]2021-05-11 15:47:50,400: AGV02 waitFinish: loc is diff LM118 AP143 task_status= 2
[INFO]2021-05-11 15:47:50,671: this is taskStep=============>loadPlayload
[WARNING]2021-05-11 15:47:50,907: AGV02 waitFinish: loc is diff LM118 AP143 task_status= 2
[INFO]2021-05-11 15:47:50,986: this is taskStep=============>loadPlayload
[INFO]2021-05-11 15:47:51,301: this is taskStep=============>loadPlayload
[WARNING]2021-05-11 15:47:51,426: AGV02 waitFinish: loc is diff LM118 AP143 task_status= 2
[INFO]2021-05-11 15:47:51,617: this is taskStep=============>loadPlayload
[INFO]2021-05-11 15:47:51,930: this is taskStep=============>loadPlayload
[WARNING]2021-05-11 15:47:51,949: AGV02 waitFinish: loc is diff LM118 AP143 task_status= 2
[INFO]2021-05-11 15:47:52,246: this is taskStep=============>loadPlayload
[WARNING]2021-05-11 15:47:52,467: AGV02 waitFinish: loc is diff LM118 AP143 task_status= 2
[INFO]2021-05-11 15:47:52,562: this is taskStep=============>loadPlayload
[INFO]2021-05-11 15:47:52,878: this is taskStep=============>loadPlayload
[WARNING]2021-05-11 15:47:52,975: AGV02 waitFinish: loc is diff LM118 AP143 task_status= 2
[INFO]2021-05-11 15:47:53,195: this is taskStep=============>loadPlayload
[WARNING]2021-05-11 15:47:53,478: AGV02 waitFinish: loc is diff LM118 AP143 task_status= 2
[INFO]2021-05-11 15:47:53,509: this is taskStep=============>loadPlayload
[INFO]2021-05-11 15:47:53,826: this is taskStep=============>loadPlayload
[WARNING]2021-05-11 15:47:53,983: AGV02 waitFinish: loc is diff LM118 AP143 task_status= 2
[INFO]2021-05-11 15:47:54,141: this is taskStep=============>loadPlayload
[WARNING]2021-05-11 15:47:54,395: clear alarm obj=AGV02, typeId=49997, id=609a369f374a0b76c5483ceb
[INFO]2021-05-11 15:47:54,457: this is taskStep=============>loadPlayload
[WARNING]2021-05-11 15:47:54,489: AGV02 waitFinish: loc is diff LM118 AP143 task_status= 2
[INFO]2021-05-11 15:47:54,774: this is taskStep=============>loadPlayload
[WARNING]2021-05-11 15:47:54,994: AGV02 waitFinish: loc is diff LM118 AP143 task_status= 2
[INFO]2021-05-11 15:47:55,089: this is taskStep=============>loadPlayload
[INFO]2021-05-11 15:47:55,407: this is taskStep=============>loadPlayload
[WARNING]2021-05-11 15:47:55,502: AGV02 waitFinish: loc is diff LM118 AP143 task_status= 2
[INFO]2021-05-11 15:47:55,722: this is taskStep=============>loadPlayload
[WARNING]2021-05-11 15:47:56,019: AGV02 waitFinish: loc is diff LM118 AP143 task_status= 2
[INFO]2021-05-11 15:47:56,035: this is taskStep=============>loadPlayload
[INFO]2021-05-11 15:47:56,352: this is taskStep=============>loadPlayload
[WARNING]2021-05-11 15:47:56,525: AGV02 waitFinish: loc is diff LM118 AP143 task_status= 2
[INFO]2021-05-11 15:47:56,667: this is taskStep=============>loadPlayload
[INFO]2021-05-11 15:47:56,983: this is taskStep=============>loadPlayload
[WARNING]2021-05-11 15:47:57,031: AGV02 waitFinish: loc is diff LM118 AP143 task_status= 2
[INFO]2021-05-11 15:47:57,301: this is taskStep=============>loadPlayload
[WARNING]2021-05-11 15:47:57,540: AGV02 waitFinish: loc is diff LM118 AP143 task_status= 2
[INFO]2021-05-11 15:47:57,620: this is taskStep=============>loadPlayload
[INFO]2021-05-11 15:47:57,936: this is taskStep=============>loadPlayload
[WARNING]2021-05-11 15:47:58,044: AGV02 waitFinish: loc is diff LM118 AP143 task_status= 2
[INFO]2021-05-11 15:47:58,250: this is taskStep=============>loadPlayload
[WARNING]2021-05-11 15:47:58,552: AGV02 waitFinish: loc is diff LM118 AP143 task_status= 2
[INFO]2021-05-11 15:47:58,568: this is taskStep=============>loadPlayload
[INFO]2021-05-11 15:47:58,884: this is taskStep=============>loadPlayload
[WARNING]2021-05-11 15:47:59,058: AGV02 waitFinish: loc is diff LM118 AP143 task_status= 2
[INFO]2021-05-11 15:47:59,200: this is taskStep=============>loadPlayload
[INFO]2021-05-11 15:47:59,517: this is taskStep=============>loadPlayload
[WARNING]2021-05-11 15:47:59,564: AGV02 waitFinish: loc is diff LM118 AP143 task_status= 2
[INFO]2021-05-11 15:47:59,834: this is taskStep=============>loadPlayload
[WARNING]2021-05-11 15:48:00,071: AGV02 waitFinish: loc is diff LM118 AP143 task_status= 2
[INFO]2021-05-11 15:48:00,150: this is taskStep=============>loadPlayload
[INFO]2021-05-11 15:48:00,467: this is taskStep=============>loadPlayload
[WARNING]2021-05-11 15:48:00,578: AGV02 waitFinish: loc is diff LM118 AP143 task_status= 2
[INFO]2021-05-11 15:48:00,783: this is taskStep=============>loadPlayload
[WARNING]2021-05-11 15:48:01,085: AGV02 waitFinish: loc is diff LM118 AP143 task_status= 2
[INFO]2021-05-11 15:48:01,101: this is taskStep=============>loadPlayload
[INFO]2021-05-11 15:48:01,417: this is taskStep=============>loadPlayload
[WARNING]2021-05-11 15:48:01,592: AGV02 waitFinish: loc is diff LM118 AP143 task_status= 2
[INFO]2021-05-11 15:48:01,736: this is taskStep=============>loadPlayload
[INFO]2021-05-11 15:48:02,055: this is taskStep=============>loadPlayload
[WARNING]2021-05-11 15:48:02,103: AGV02 waitFinish: loc is diff LM118 AP143 task_status= 2
[INFO]2021-05-11 15:48:02,373: this is taskStep=============>loadPlayload
[WARNING]2021-05-11 15:48:02,621: AGV02 waitFinish: loc is diff LM118 AP143 task_status= 2
[INFO]2021-05-11 15:48:02,683: this is taskStep=============>loadPlayload
[INFO]2021-05-11 15:48:03,001: this is taskStep=============>loadPlayload
[WARNING]2021-05-11 15:48:03,126: AGV02 waitFinish: loc is diff LM118 AP143 task_status= 2
[INFO]2021-05-11 15:48:03,314: this is taskStep=============>loadPlayload
[INFO]2021-05-11 15:48:03,625: this is taskStep=============>loadPlayload
[WARNING]2021-05-11 15:48:03,641: AGV02 waitFinish: loc is diff LM118 AP143 task_status= 2
[INFO]2021-05-11 15:48:03,940: this is taskStep=============>loadPlayload
[WARNING]2021-05-11 15:48:04,155: AGV02 waitFinish: loc is diff LM118 AP143 task_status= 2
[INFO]2021-05-11 15:48:04,251: this is taskStep=============>loadPlayload
[INFO]2021-05-11 15:48:04,568: this is taskStep=============>loadPlayload
[WARNING]2021-05-11 15:48:04,662: AGV02 waitFinish: loc is diff LM118 AP143 task_status= 2
[INFO]2021-05-11 15:48:04,885: this is taskStep=============>loadPlayload
[WARNING]2021-05-11 15:48:05,169: AGV02 waitFinish: loc is diff LM118 AP143 task_status= 2
[INFO]2021-05-11 15:48:05,201: this is taskStep=============>loadPlayload
[INFO]2021-05-11 15:48:05,516: this is taskStep=============>loadPlayload
[WARNING]2021-05-11 15:48:05,673: AGV02 waitFinish: loc is diff LM118 AP143 task_status= 2
[INFO]2021-05-11 15:48:05,829: this is taskStep=============>loadPlayload
[INFO]2021-05-11 15:48:06,144: this is taskStep=============>loadPlayload
[WARNING]2021-05-11 15:48:06,190: AGV02 waitFinish: loc is diff LM118 AP143 task_status= 2
[INFO]2021-05-11 15:48:06,454: this is taskStep=============>loadPlayload
[WARNING]2021-05-11 15:48:06,692: AGV02 waitFinish: loc is diff LM118 AP143 task_status= 2
[INFO]2021-05-11 15:48:06,772: this is taskStep=============>loadPlayload
[INFO]2021-05-11 15:48:07,087: this is taskStep=============>loadPlayload
[WARNING]2021-05-11 15:48:07,199: AGV02 waitFinish: loc is diff LM118 AP143 task_status= 2
[INFO]2021-05-11 15:48:07,403: this is taskStep=============>loadPlayload
[INFO]2021-05-11 15:48:07,717: this is taskStep=============>loadPlayload
[WARNING]2021-05-11 15:48:07,718: AGV02 waitFinish: loc is diff LM118 AP143 task_status= 2
[INFO]2021-05-11 15:48:08,032: this is taskStep=============>loadPlayload
[WARNING]2021-05-11 15:48:08,238: AGV02 waitFinish: loc is diff LM118 AP143 task_status= 2
[INFO]2021-05-11 15:48:08,349: this is taskStep=============>loadPlayload
[DEBUG]2021-05-11 15:48:08,573: AGV02 set loc comba-ZSC-F1-F3.AP143 ,old LM118 (3.08,-2.65)
[INFO]2021-05-11 15:48:08,666: this is taskStep=============>loadPlayload
[INFO]2021-05-11 15:48:08,984: this is taskStep=============>loadPlayload
[INFO]2021-05-11 15:48:09,301: this is taskStep=============>loadPlayload
[INFO]2021-05-11 15:48:09,618: this is taskStep=============>loadPlayload
[ERROR]2021-05-11 15:48:09,696: raise alarm obj=AGV02, typeId=52106, desc=AGV异常, id=609a36b9374a0b76c5483d11
[ERROR]2021-05-11 15:48:09,700: raise alarm obj=AGV02, typeId=52111, desc=AGV异常, id=609a36b9374a0b76c5483d13
[ERROR]2021-05-11 15:48:09,703: raise alarm obj=AGV02, typeId=54004, desc=AGV异常, id=609a36b9374a0b76c5483d15
[ERROR]2021-05-11 15:48:09,706: raise alarm obj=AGV02, typeId=4002, desc=急停按钮处于激活状态, id=609a36b9374a0b76c5483d17
[INFO]2021-05-11 15:48:09,938: this is taskStep=============>loadPlayload
[INFO]2021-05-11 15:48:10,252: this is taskStep=============>loadPlayload
[SUCC]2021-05-11 15:48:10,268: Finish:  AGV02 arrived comba-ZSC-F1-F3.AP143 ,task: 609a367958b7255c2a827b11_2
[INFO]2021-05-11 15:48:10,567: this is taskStep=============>loadPlayload
[INFO]2021-05-11 15:48:10,681: task: move finish callback task[609a367958b7255c2a827b11][AGV02] AP143(LM118) -> AP101(LM145) [loadPlayload]
[INFO]2021-05-11 15:48:10,687: task[609a367958b7255c2a827b11] update info: {'failMsg': 'AGV顶升', 'updateTime': datetime.datetime(2021, 5, 11, 15, 48, 10, 686382)}
[INFO]2021-05-11 15:48:10,884: this is taskStep=============>loadPlayload_readqr
[DEBUG]2021-05-11 15:48:10,887: task[609a367958b7255c2a827b11][AGV02] AP143(LM118) -> AP101(LM145) [loadPlayload_jackup] loadPlayload_readqr -> loadPlayload_jackup
[INFO]2021-05-11 15:48:11,218: this is taskStep=============>loadPlayload_jackup
[INFO]2021-05-11 15:48:11,282: task[609a367958b7255c2a827b11][AGV02] AP143(LM118) -> AP101(LM145) [loadPlayload_jackup] _jackUp
[DEBUG]2021-05-11 15:48:11,362: send http_get: http://127.0.0.1:5551/api/agv/jackup?agv=AGV02&loc=None&timeoutSec=90
[DEBUG]2021-05-11 15:48:11,502: GET: http://127.0.0.1:5551/api/agv/jackup?agv=AGV02&loc=None&timeoutSec=90 addr: 127.0.0.1
[INFO]2021-05-11 15:48:11,563: -------------------------------------------目前jackUp------------------------------------
[INFO]2021-05-11 15:48:11,627: -------------------------进来了，判断为isForkType---------------------------------------
[INFO]2021-05-11 15:48:11,705: -------------------------mybye--------------------------------------
[INFO]2021-05-11 15:48:11,782: ------------------------other函数-----------------------------------------
[CRITICAL]2021-05-11 15:48:12,211: invoke <function urlJackup at 0x00000257AC8FDD90> cause a error: AGV02执行6040错误,code=40101,msg=param: robot in emc state
pid=8908, ppid=10360, tid=11472
Traceback (most recent call last):
  File "C:\Users\Administrator\Desktop\SVN\branches\common\scadaUtility.py", line 45, in __call
    ret = func(*p,**pp)
  File "C:\Users\Administrator\Desktop\SVN\branches\agvDevice\main_agvDevice.py", line 32, in urlJackup
    return jackMgr.jackUp(agvId=agvId, timeout=timeout, loc=loc)
  File "C:\Users\Administrator\Desktop\SVN\branches\agvDevice\jackMgr.py", line 23, in jackUp
    ret = agvCtrl.jackUp(agvId,loc=loc)
  File "..\driver\seerAgv\agvCtrl.py", line 328, in jackUp
    _forkUpOther(agvId,loc)
  File "..\driver\seerAgv\agvCtrl.py", line 159, in _forkUpOther
    agvApi.other(agvId, "robot_other_set_fork_height_req", {"height":1})
  File "..\driver\seerAgv\agvApi.py", line 229, in other
    return _handle(agvId, API_PORT_OTHER, type, data)
  File "..\driver\seerAgv\agvApi.py", line 257, in _handle
    result = _request(agvId, port, typeId, data)
  File "..\driver\seerAgv\agvApi.py", line 295, in _request
    result = sendCmd(agvId, buf, ip, port, type)
  File "..\driver\seerAgv\agvApi.py", line 321, in sendCmd
    result= _checkError(agvId, type, obj)
  File "..\driver\seerAgv\agvApi.py", line 372, in _checkError
    raise IOError(agvId + "执行" + str(type) + "错误" + ",code=" + str(code) + ",msg=" + msg)
OSError: AGV02执行6040错误,code=40101,msg=param: robot in emc state

[DEBUG]2021-05-11 15:48:12,369: used 867ms 200 OK application/json;charset=utf-8, GET: http://127.0.0.1:5551/api/agv/jackup?agv=AGV02&loc=None&timeoutSec=90
[DEBUG]2021-05-11 15:48:12,542: [return] use 1180 ms,http_get: http://127.0.0.1:5551/api/agv/jackup?agv=AGV02&loc=None&timeoutSec=90
[CRITICAL]2021-05-11 15:48:12,668: task[609a367958b7255c2a827b11][AGV02] AP143(LM118) -> AP101(LM145) [loadPlayload_jackup] jackup cause a error: OSError: AGV02执行6040错误,code=40101,msg=param: robot in emc state
pid=8908, ppid=10360, tid=8376
Traceback (most recent call last):
  File "C:\Users\Administrator\Desktop\SVN\branches\pharmapackCtrl\runTasks.py", line 914, in _jackUp
    jackApi.jackUp(self.agvId, timeoutSec=90)
  File "..\agvDevice\jackApi.py", line 44, in jackUp
    return _jack('/api/agv/jackup', agvId,timeoutSec,loc)
  File "..\agvDevice\jackApi.py", line 64, in _jack
    return http_get(url + apiurl, param,timeout=timeoutSec+2)
  File "..\agvDevice\jackApi.py", line 18, in http_get
    raise Exception(result["errormsg"])
Exception: OSError: AGV02执行6040错误,code=40101,msg=param: robot in emc state

[INFO]2021-05-11 15:48:12,810: task[609a367958b7255c2a827b11][AGV02] AP143(LM118) -> AP101(LM145) [loadPlayload_jackup] loadPlayload_jackup error
[INFO]2021-05-11 15:48:14,872: this is taskStep=============>loadPlayload_jackup
[INFO]2021-05-11 15:48:14,935: task[609a367958b7255c2a827b11][AGV02] AP143(LM118) -> AP101(LM145) [loadPlayload_jackup] _jackUp
[DEBUG]2021-05-11 15:48:15,029: send http_get: http://127.0.0.1:5551/api/agv/jackup?agv=AGV02&loc=None&timeoutSec=90
[DEBUG]2021-05-11 15:48:15,153: GET: http://127.0.0.1:5551/api/agv/jackup?agv=AGV02&loc=None&timeoutSec=90 addr: 127.0.0.1
[INFO]2021-05-11 15:48:15,216: -------------------------------------------目前jackUp------------------------------------
[INFO]2021-05-11 15:48:15,375: -------------------------进来了，判断为isForkType---------------------------------------
[INFO]2021-05-11 15:48:15,408: -------------------------mybye--------------------------------------
[INFO]2021-05-11 15:48:15,453: ------------------------other函数-----------------------------------------
[CRITICAL]2021-05-11 15:48:15,674: invoke <function urlJackup at 0x00000257AC8FDD90> cause a error: AGV02执行6040错误,code=40101,msg=param: robot in emc state
pid=8908, ppid=10360, tid=14060
Traceback (most recent call last):
  File "C:\Users\Administrator\Desktop\SVN\branches\common\scadaUtility.py", line 45, in __call
    ret = func(*p,**pp)
  File "C:\Users\Administrator\Desktop\SVN\branches\agvDevice\main_agvDevice.py", line 32, in urlJackup
    return jackMgr.jackUp(agvId=agvId, timeout=timeout, loc=loc)
  File "C:\Users\Administrator\Desktop\SVN\branches\agvDevice\jackMgr.py", line 23, in jackUp
    ret = agvCtrl.jackUp(agvId,loc=loc)
  File "..\driver\seerAgv\agvCtrl.py", line 328, in jackUp
    _forkUpOther(agvId,loc)
  File "..\driver\seerAgv\agvCtrl.py", line 159, in _forkUpOther
    agvApi.other(agvId, "robot_other_set_fork_height_req", {"height":1})
  File "..\driver\seerAgv\agvApi.py", line 229, in other
    return _handle(agvId, API_PORT_OTHER, type, data)
  File "..\driver\seerAgv\agvApi.py", line 257, in _handle
    result = _request(agvId, port, typeId, data)
  File "..\driver\seerAgv\agvApi.py", line 295, in _request
    result = sendCmd(agvId, buf, ip, port, type)
  File "..\driver\seerAgv\agvApi.py", line 321, in sendCmd
    result= _checkError(agvId, type, obj)
  File "..\driver\seerAgv\agvApi.py", line 372, in _checkError
    raise IOError(agvId + "执行" + str(type) + "错误" + ",code=" + str(code) + ",msg=" + msg)
OSError: AGV02执行6040错误,code=40101,msg=param: robot in emc state

[DEBUG]2021-05-11 15:48:15,768: used 615ms 200 OK application/json;charset=utf-8, GET: http://127.0.0.1:5551/api/agv/jackup?agv=AGV02&loc=None&timeoutSec=90
[DEBUG]2021-05-11 15:48:15,911: [return] use 882 ms,http_get: http://127.0.0.1:5551/api/agv/jackup?agv=AGV02&loc=None&timeoutSec=90
[CRITICAL]2021-05-11 15:48:16,023: task[609a367958b7255c2a827b11][AGV02] AP143(LM118) -> AP101(LM145) [loadPlayload_jackup] jackup cause a error: OSError: AGV02执行6040错误,code=40101,msg=param: robot in emc state
pid=8908, ppid=10360, tid=8376
Traceback (most recent call last):
  File "C:\Users\Administrator\Desktop\SVN\branches\pharmapackCtrl\runTasks.py", line 914, in _jackUp
    jackApi.jackUp(self.agvId, timeoutSec=90)
  File "..\agvDevice\jackApi.py", line 44, in jackUp
    return _jack('/api/agv/jackup', agvId,timeoutSec,loc)
  File "..\agvDevice\jackApi.py", line 64, in _jack
    return http_get(url + apiurl, param,timeout=timeoutSec+2)
  File "..\agvDevice\jackApi.py", line 18, in http_get
    raise Exception(result["errormsg"])
Exception: OSError: AGV02执行6040错误,code=40101,msg=param: robot in emc state

[INFO]2021-05-11 15:48:16,213: task[609a367958b7255c2a827b11][AGV02] AP143(LM118) -> AP101(LM145) [loadPlayload_jackup] loadPlayload_jackup error
[INFO]2021-05-11 15:48:18,347: this is taskStep=============>loadPlayload_jackup
[INFO]2021-05-11 15:48:18,409: task[609a367958b7255c2a827b11][AGV02] AP143(LM118) -> AP101(LM145) [loadPlayload_jackup] _jackUp
[DEBUG]2021-05-11 15:48:18,504: send http_get: http://127.0.0.1:5551/api/agv/jackup?agv=AGV02&loc=None&timeoutSec=90
[DEBUG]2021-05-11 15:48:18,728: GET: http://127.0.0.1:5551/api/agv/jackup?agv=AGV02&loc=None&timeoutSec=90 addr: 127.0.0.1
[INFO]2021-05-11 15:48:18,811: -------------------------------------------目前jackUp------------------------------------
[INFO]2021-05-11 15:48:18,936: -------------------------进来了，判断为isForkType---------------------------------------
[INFO]2021-05-11 15:48:19,109: -------------------------mybye--------------------------------------
[INFO]2021-05-11 15:48:19,250: ------------------------other函数-----------------------------------------
[CRITICAL]2021-05-11 15:48:19,658: invoke <function urlJackup at 0x00000257AC8FDD90> cause a error: AGV02执行6040错误,code=40101,msg=param: robot in emc state
pid=8908, ppid=10360, tid=7208
Traceback (most recent call last):
  File "C:\Users\Administrator\Desktop\SVN\branches\common\scadaUtility.py", line 45, in __call
    ret = func(*p,**pp)
  File "C:\Users\Administrator\Desktop\SVN\branches\agvDevice\main_agvDevice.py", line 32, in urlJackup
    return jackMgr.jackUp(agvId=agvId, timeout=timeout, loc=loc)
  File "C:\Users\Administrator\Desktop\SVN\branches\agvDevice\jackMgr.py", line 23, in jackUp
    ret = agvCtrl.jackUp(agvId,loc=loc)
  File "..\driver\seerAgv\agvCtrl.py", line 328, in jackUp
    _forkUpOther(agvId,loc)
  File "..\driver\seerAgv\agvCtrl.py", line 159, in _forkUpOther
    agvApi.other(agvId, "robot_other_set_fork_height_req", {"height":1})
  File "..\driver\seerAgv\agvApi.py", line 229, in other
    return _handle(agvId, API_PORT_OTHER, type, data)
  File "..\driver\seerAgv\agvApi.py", line 257, in _handle
    result = _request(agvId, port, typeId, data)
  File "..\driver\seerAgv\agvApi.py", line 295, in _request
    result = sendCmd(agvId, buf, ip, port, type)
  File "..\driver\seerAgv\agvApi.py", line 321, in sendCmd
    result= _checkError(agvId, type, obj)
  File "..\driver\seerAgv\agvApi.py", line 372, in _checkError
    raise IOError(agvId + "执行" + str(type) + "错误" + ",code=" + str(code) + ",msg=" + msg)
OSError: AGV02执行6040错误,code=40101,msg=param: robot in emc state

[DEBUG]2021-05-11 15:48:19,829: used 1101ms 200 OK application/json;charset=utf-8, GET: http://127.0.0.1:5551/api/agv/jackup?agv=AGV02&loc=None&timeoutSec=90
[DEBUG]2021-05-11 15:48:19,974: [return] use 1470 ms,http_get: http://127.0.0.1:5551/api/agv/jackup?agv=AGV02&loc=None&timeoutSec=90
[CRITICAL]2021-05-11 15:48:20,068: task[609a367958b7255c2a827b11][AGV02] AP143(LM118) -> AP101(LM145) [loadPlayload_jackup] jackup cause a error: OSError: AGV02执行6040错误,code=40101,msg=param: robot in emc state
pid=8908, ppid=10360, tid=8376
Traceback (most recent call last):
  File "C:\Users\Administrator\Desktop\SVN\branches\pharmapackCtrl\runTasks.py", line 914, in _jackUp
    jackApi.jackUp(self.agvId, timeoutSec=90)
  File "..\agvDevice\jackApi.py", line 44, in jackUp
    return _jack('/api/agv/jackup', agvId,timeoutSec,loc)
  File "..\agvDevice\jackApi.py", line 64, in _jack
    return http_get(url + apiurl, param,timeout=timeoutSec+2)
  File "..\agvDevice\jackApi.py", line 18, in http_get
    raise Exception(result["errormsg"])
Exception: OSError: AGV02执行6040错误,code=40101,msg=param: robot in emc state

[INFO]2021-05-11 15:48:20,148: task[609a367958b7255c2a827b11][AGV02] AP143(LM118) -> AP101(LM145) [loadPlayload_jackup] loadPlayload_jackup error
