[INFO]2021-03-17 10:03:27,496: log files at C:\Users\Administrator\Desktop\SVN\branches\common\log
[INFO]2021-03-17 10:03:27,497: find module account.main_account
[INFO]2021-03-17 10:03:27,499: find module agvCtrl.main_agv
[INFO]2021-03-17 10:03:27,499: find module agvDevice.main_agvDevice
[INFO]2021-03-17 10:03:27,500: find module alarm.main_alarm
[INFO]2021-03-17 10:03:27,501: find module auth.main_auth
[INFO]2021-03-17 10:03:27,502: find module door.main_door
[INFO]2021-03-17 10:03:27,502: find module elevator.main_elevator
[INFO]2021-03-17 10:03:27,503: find module menu.main_menu
[INFO]2021-03-17 10:03:27,503: find module pharmapackCtrl.main_scadaCtrl
[INFO]2021-03-17 10:03:27,504: find module webFront.main_web
[INFO]2021-03-17 10:03:27,504: find module wmqtt.main_wmqtt
[INFO]2021-03-17 10:03:27,504: import account.main_account
[INFO]2021-03-17 10:03:27,586: import agvCtrl.main_agv
[INFO]2021-03-17 10:03:27,874: create lock <lock name:doorMgr.lock,<unlocked _thread.RLock object owner=0 count=0 at 0x000001CFF6D0D8C8>>
[INFO]2021-03-17 10:03:27,877: create lock <lock name:door.lock,<unlocked _thread.RLock object owner=0 count=0 at 0x000001CFF6D0DA80>>
[INFO]2021-03-17 10:03:27,969: create lock <lock name:timer.lock_1992714496600,<unlocked _thread.RLock object owner=0 count=0 at 0x000001CFF705D4E0>>
[ERROR]2021-03-17 10:03:27,980: mqtt is disabled
[INFO]2021-03-17 10:03:27,980: mqtt: subscribe [alarm/raise/+]
[INFO]2021-03-17 10:03:27,980: mqtt: subscribe [alarm/clear/+]
[INFO]2021-03-17 10:03:31,025: Mongodb connect to 127.0.0.1 port 27017
[INFO]2021-03-17 10:03:31,082: create lock <lock name:elevatorMgr.lock,<unlocked _thread.RLock object owner=0 count=0 at 0x000001CFF5342878>>
[WARNING]2021-03-17 10:03:31,110: use mockAgvCtrl
[INFO]2021-03-17 10:03:31,115: create lock <lock name:mapMgr.lock,<unlocked _thread.RLock object owner=0 count=0 at 0x000001CFF56D37B0>>
[INFO]2021-03-17 10:03:31,385: create lock <lock name:agvList.g_agvLock,<unlocked _thread.RLock object owner=0 count=0 at 0x000001CFF74F4828>>
[INFO]2021-03-17 10:03:31,390: create lock <lock name:taskList.lock,<unlocked _thread.RLock object owner=0 count=0 at 0x000001CFF75114E0>>
[INFO]2021-03-17 10:03:31,445: charge policy 1 , fix time
[INFO]2021-03-17 10:03:31,487: create lock <lock name:agvApi.g_lock,<unlocked _thread.RLock object owner=0 count=0 at 0x000001CFF7511C10>>
[INFO]2021-03-17 10:03:32,043: start load map C:\Users\Administrator\Desktop\SVN\branches\agvCtrl\projects\test\20190911_F1.smap
[DEBUG]2021-03-17 10:03:32,247: create aliveObj DOOR40 门控离线异常 timeout 60
[DEBUG]2021-03-17 10:03:32,249: create aliveObj DOOR41 门控离线异常 timeout 60
[DEBUG]2021-03-17 10:03:32,262: elevator thread start
[INFO]2021-03-17 10:03:32,282: load map C:\Users\Administrator\Desktop\SVN\branches\agvCtrl\projects\test\20190911_F1.smap ,used 247 ms
[INFO]2021-03-17 10:03:32,294: start load map C:\Users\Administrator\Desktop\SVN\branches\agvCtrl\projects\test\fp-neiwei.smap
[INFO]2021-03-17 10:03:32,462: load map C:\Users\Administrator\Desktop\SVN\branches\agvCtrl\projects\test\fp-neiwei.smap ,used 178 ms
[INFO]2021-03-17 10:03:32,473: start load map C:\Users\Administrator\Desktop\SVN\branches\agvCtrl\projects\test\fp20190712-1.smap
[DEBUG]2021-03-17 10:03:33,483: create aliveObj DOOR13 门控离线异常 timeout 60
[DEBUG]2021-03-17 10:03:33,485: create aliveObj DOOR23 门控离线异常 timeout 60
[DEBUG]2021-03-17 10:03:33,489: create aliveObj DOOR08 门控离线异常 timeout 60
[DEBUG]2021-03-17 10:03:33,490: create aliveObj DOOR09 门控离线异常 timeout 60
[DEBUG]2021-03-17 10:03:33,491: create aliveObj DOOR15 门控离线异常 timeout 60
[DEBUG]2021-03-17 10:03:33,491: create aliveObj DOOR07 门控离线异常 timeout 60
[DEBUG]2021-03-17 10:03:33,492: create aliveObj DOOR04 门控离线异常 timeout 60
[DEBUG]2021-03-17 10:03:33,493: create aliveObj DOOR06 门控离线异常 timeout 60
[DEBUG]2021-03-17 10:03:33,494: create aliveObj DOOR17 门控离线异常 timeout 60
[DEBUG]2021-03-17 10:03:33,494: create aliveObj DOOR18 门控离线异常 timeout 60
[DEBUG]2021-03-17 10:03:33,495: create aliveObj DOOR20 门控离线异常 timeout 60
[DEBUG]2021-03-17 10:03:33,496: create aliveObj DOOR25 门控离线异常 timeout 60
[DEBUG]2021-03-17 10:03:33,500: create aliveObj DOOR101 门控离线异常 timeout 60
[DEBUG]2021-03-17 10:03:33,501: create aliveObj DOOR27 门控离线异常 timeout 60
[INFO]2021-03-17 10:03:33,535: load map C:\Users\Administrator\Desktop\SVN\branches\agvCtrl\projects\test\fp20190712-1.smap ,used 1069 ms
[INFO]2021-03-17 10:03:33,539: import agvDevice.main_agvDevice
[INFO]2021-03-17 10:03:33,540: import alarm.main_alarm
[INFO]2021-03-17 10:03:33,543: import auth.main_auth
[INFO]2021-03-17 10:03:33,550: import door.main_door
[INFO]2021-03-17 10:03:33,561: import elevator.main_elevator
[INFO]2021-03-17 10:03:33,569: create lock <lock name:elevatorApi.tcp_lock,<unlocked _thread.RLock object owner=0 count=0 at 0x000001CF81851378>>
[INFO]2021-03-17 10:03:33,571: create lock <lock name:elevatorApi.g_lock,<unlocked _thread.RLock object owner=0 count=0 at 0x000001CF817EFD00>>
[INFO]2021-03-17 10:03:33,572: import menu.main_menu
[INFO]2021-03-17 10:03:33,579: import pharmapackCtrl.main_scadaCtrl
[INFO]2021-03-17 10:03:33,651: create lock <lock name:runTasks.g_lock,<unlocked _thread.RLock object owner=0 count=0 at 0x000001CF817DC6C0>>
[INFO]2021-03-17 10:03:33,654: create lock <lock name:runTasks.pre_lock,<unlocked _thread.RLock object owner=0 count=0 at 0x000001CF817DC760>>
[INFO]2021-03-17 10:03:34,074: import webFront.main_web
[INFO]2021-03-17 10:03:34,080: import wmqtt.main_wmqtt
[SUCC]2021-03-17 10:03:34,090: utility start, pid=3132, ppid=15304
[DEBUG]2021-03-17 10:03:34,093: start timer
[INFO]2021-03-17 10:03:34,102: load agv file: C:\Users\Administrator\Desktop\SVN\branches\agvCtrl/projects/test/agv.cfg
[INFO]2021-03-17 10:03:34,104: create lock <lock name:agvList.AGV01.lock,<unlocked _thread.RLock object owner=0 count=0 at 0x000001CF83E250D0>>
[DEBUG]2021-03-17 10:03:34,107: create aliveObj AGV01 AGV离线异常 timeout 300
[INFO]2021-03-17 10:03:34,108: AGV01 start agvList run thread
[INFO]2021-03-17 10:03:34,108: AGV01 start agvList run2 thread
[ERROR]2021-03-17 10:03:34,114: agv check init error False
[INFO]2021-03-17 10:03:34,119: start load map C:\Users\Administrator\Desktop\SVN\branches\agvCtrl\projects\test\20190911-F1.smap
[ERROR]2021-03-17 10:03:34,631: agv check init error False
[ERROR]2021-03-17 10:03:35,140: agv check init error False
[ERROR]2021-03-17 10:03:35,651: agv check init error False
[ERROR]2021-03-17 10:03:36,159: agv check init error False
[ERROR]2021-03-17 10:03:36,668: agv check init error False
[INFO]2021-03-17 10:03:36,991: load agv file: C:\Users\Administrator\Desktop\SVN\branches\agvCtrl/projects/test/agv.cfg
[INFO]2021-03-17 10:03:36,997: create lock <lock name:agvList.AGV01.lock,<unlocked _thread.RLock object owner=0 count=0 at 0x000001CF83E257B0>>
[DEBUG]2021-03-17 10:03:37,010: create aliveObj AGV01 AGV离线异常 timeout 300
[INFO]2021-03-17 10:03:37,015: AGV01 start agvList run thread
[INFO]2021-03-17 10:03:37,016: AGV01 start agvList run2 thread
[ERROR]2021-03-17 10:03:37,018: agv check init error False
[INFO]2021-03-17 10:03:37,022: start load map C:\Users\Administrator\Desktop\SVN\branches\agvCtrl\projects\test\20190911-F1.smap
