[INFO]2021-03-17 08:42:04,300: log files at C:\Users\Administrator\Desktop\SVN\branches\common\log
[INFO]2021-03-17 08:42:04,303: find module account.main_account
[INFO]2021-03-17 08:42:04,306: find module agvCtrl.main_agv
[INFO]2021-03-17 08:42:04,308: find module agvDevice.main_agvDevice
[INFO]2021-03-17 08:42:04,311: find module alarm.main_alarm
[INFO]2021-03-17 08:42:04,313: find module auth.main_auth
[INFO]2021-03-17 08:42:04,317: find module door.main_door
[INFO]2021-03-17 08:42:04,319: find module elevator.main_elevator
[INFO]2021-03-17 08:42:04,321: find module menu.main_menu
[INFO]2021-03-17 08:42:04,324: find module pharmapackCtrl.main_scadaCtrl
[INFO]2021-03-17 08:42:04,326: find module webFront.main_web
[INFO]2021-03-17 08:42:04,328: find module wmqtt.main_wmqtt
[INFO]2021-03-17 08:42:04,334: import account.main_account
[INFO]2021-03-17 08:42:04,669: import agvCtrl.main_agv
[INFO]2021-03-17 08:42:05,626: create lock <lock name:doorMgr.lock,<unlocked _thread.RLock object owner=0 count=0 at 0x00000173BE7378C8>>
[INFO]2021-03-17 08:42:05,636: create lock <lock name:door.lock,<unlocked _thread.RLock object owner=0 count=0 at 0x00000173BE737A80>>
[INFO]2021-03-17 08:42:05,988: create lock <lock name:timer.lock_1596631886648,<unlocked _thread.RLock object owner=0 count=0 at 0x00000173BEA8C4E0>>
[ERROR]2021-03-17 08:42:06,035: mqtt is disabled
[INFO]2021-03-17 08:42:06,038: mqtt: subscribe [alarm/raise/+]
[INFO]2021-03-17 08:42:06,039: mqtt: subscribe [alarm/clear/+]
[INFO]2021-03-17 08:42:09,173: Mongodb connect to 127.0.0.1 port 27017
[INFO]2021-03-17 08:42:09,305: create lock <lock name:elevatorApi.tcp_lock,<unlocked _thread.RLock object owner=0 count=0 at 0x00000173BEE90210>>
[INFO]2021-03-17 08:42:09,310: create lock <lock name:elevatorApi.g_lock,<unlocked _thread.RLock object owner=0 count=0 at 0x00000173BCD82E18>>
[INFO]2021-03-17 08:42:09,316: create lock <lock name:elevatorMgr.lock,<unlocked _thread.RLock object owner=0 count=0 at 0x00000173BCD82878>>
[INFO]2021-03-17 08:42:09,687: create lock <lock name:mapMgr.lock,<unlocked _thread.RLock object owner=0 count=0 at 0x00000173BD1037B0>>
[INFO]2021-03-17 08:42:10,074: create lock <lock name:agvList.g_agvLock,<unlocked _thread.RLock object owner=0 count=0 at 0x00000173BEFDFC10>>
[INFO]2021-03-17 08:42:10,084: create lock <lock name:taskList.lock,<unlocked _thread.RLock object owner=0 count=0 at 0x00000173BEFDBC10>>
[INFO]2021-03-17 08:42:10,147: charge policy 1 , fix time
[INFO]2021-03-17 08:42:10,183: create lock <lock name:agvApi.g_lock,<unlocked _thread.RLock object owner=0 count=0 at 0x00000173BEFDB850>>
[INFO]2021-03-17 08:42:10,913: start load map C:\Users\Administrator\Desktop\SVN\branches\agvCtrl\projects\fastprint\20190911_F1.smap
[DEBUG]2021-03-17 08:42:15,824: create aliveObj DOOR40 门控离线异常 timeout 60
[DEBUG]2021-03-17 08:42:15,828: create aliveObj DOOR41 门控离线异常 timeout 60
[DEBUG]2021-03-17 08:42:15,862: elevator thread start
[INFO]2021-03-17 08:42:17,129: load map C:\Users\Administrator\Desktop\SVN\branches\agvCtrl\projects\fastprint\20190911_F1.smap ,used 6226 ms
[INFO]2021-03-17 08:42:17,141: start load map C:\Users\Administrator\Desktop\SVN\branches\agvCtrl\projects\fastprint\fp-neiwei.smap
[INFO]2021-03-17 08:43:12,813: load map C:\Users\Administrator\Desktop\SVN\branches\agvCtrl\projects\fastprint\fp-neiwei.smap ,used 55681 ms
[INFO]2021-03-17 08:43:12,833: start load map C:\Users\Administrator\Desktop\SVN\branches\agvCtrl\projects\fastprint\fp20190712-1.smap
[DEBUG]2021-03-17 08:43:58,697: create aliveObj DOOR13 门控离线异常 timeout 60
[DEBUG]2021-03-17 08:43:58,702: create aliveObj DOOR23 门控离线异常 timeout 60
[DEBUG]2021-03-17 08:43:58,705: create aliveObj DOOR08 门控离线异常 timeout 60
[DEBUG]2021-03-17 08:43:58,706: create aliveObj DOOR09 门控离线异常 timeout 60
[DEBUG]2021-03-17 08:43:58,708: create aliveObj DOOR15 门控离线异常 timeout 60
[DEBUG]2021-03-17 08:43:58,710: create aliveObj DOOR07 门控离线异常 timeout 60
[DEBUG]2021-03-17 08:43:58,710: create aliveObj DOOR04 门控离线异常 timeout 60
[DEBUG]2021-03-17 08:43:58,712: create aliveObj DOOR06 门控离线异常 timeout 60
[DEBUG]2021-03-17 08:43:58,714: create aliveObj DOOR17 门控离线异常 timeout 60
[DEBUG]2021-03-17 08:43:58,715: create aliveObj DOOR18 门控离线异常 timeout 60
[DEBUG]2021-03-17 08:43:58,715: create aliveObj DOOR20 门控离线异常 timeout 60
[DEBUG]2021-03-17 08:43:58,719: create aliveObj DOOR25 门控离线异常 timeout 60
[DEBUG]2021-03-17 08:43:58,722: create aliveObj DOOR101 门控离线异常 timeout 60
[DEBUG]2021-03-17 08:43:58,724: create aliveObj DOOR27 门控离线异常 timeout 60
[INFO]2021-03-17 08:44:26,066: load map C:\Users\Administrator\Desktop\SVN\branches\agvCtrl\projects\fastprint\fp20190712-1.smap ,used 73249 ms
