[INFO]2021-05-11 17:55:20,140: log files at C:\Users\Administrator\Desktop\SVN\branches\common\log
[INFO]2021-05-11 17:55:20,142: find module account.main_account
[INFO]2021-05-11 17:55:20,145: find module agvCtrl.main_agv
[INFO]2021-05-11 17:55:20,146: find module agvDevice.main_agvDevice
[INFO]2021-05-11 17:55:20,148: find module alarm.main_alarm
[INFO]2021-05-11 17:55:20,151: find module auth.main_auth
[INFO]2021-05-11 17:55:20,153: find module door.main_door
[INFO]2021-05-11 17:55:20,158: find module elevator.main_elevator
[INFO]2021-05-11 17:55:20,160: find module feed.main_feed
[INFO]2021-05-11 17:55:20,172: find module menu.main_menu
[INFO]2021-05-11 17:55:20,174: find module pharmapackCtrl.main_scadaCtrl
[INFO]2021-05-11 17:55:20,176: find module webFront.main_web
[INFO]2021-05-11 17:55:20,178: find module wmqtt.main_wmqtt
[INFO]2021-05-11 17:55:20,179: import account.main_account
[INFO]2021-05-11 17:55:20,393: import agvCtrl.main_agv
[INFO]2021-05-11 17:55:20,812: create lock <lock name:doorMgr.lock,<unlocked _thread.RLock object owner=0 count=0 at 0x00000213D1829EE0>>
[INFO]2021-05-11 17:55:20,815: create lock <lock name:door.lock,<unlocked _thread.RLock object owner=0 count=0 at 0x00000213D18850D0>>
[INFO]2021-05-11 17:55:20,924: create lock <lock name:timer.lock_2284146456448,<unlocked _thread.RLock object owner=0 count=0 at 0x00000213D1B89620>>
[ERROR]2021-05-11 17:55:20,938: mqtt is disabled
[INFO]2021-05-11 17:55:20,939: mqtt: subscribe [alarm/raise/+]
[INFO]2021-05-11 17:55:20,940: mqtt: subscribe [alarm/clear/+]
[INFO]2021-05-11 17:55:23,984: Mongodb connect to 127.0.0.1 port 27017
[INFO]2021-05-11 17:55:24,046: create lock <lock name:elevatorApi.tcp_lock,<unlocked _thread.RLock object owner=0 count=0 at 0x00000213D1F8B328>>
[INFO]2021-05-11 17:55:24,050: create lock <lock name:elevatorApi.g_lock,<unlocked _thread.RLock object owner=0 count=0 at 0x00000213CFE8FF30>>
[INFO]2021-05-11 17:55:24,055: create lock <lock name:elevatorMgr.lock,<unlocked _thread.RLock object owner=0 count=0 at 0x00000213CFE8F9B8>>
[INFO]2021-05-11 17:55:24,285: create lock <lock name:mapMgr.lock,<unlocked _thread.RLock object owner=0 count=0 at 0x00000213D020CDC8>>
[INFO]2021-05-11 17:55:24,809: create lock <lock name:agvList.g_agvLock,<unlocked _thread.RLock object owner=0 count=0 at 0x00000213D206DE90>>
[INFO]2021-05-11 17:55:24,822: create lock <lock name:taskList.lock,<unlocked _thread.RLock object owner=0 count=0 at 0x00000213D2101EE0>>
[INFO]2021-05-11 17:55:24,956: charge policy 1 , fix time
[INFO]2021-05-11 17:55:24,993: create lock <lock name:agvApi.g_lock,<unlocked _thread.RLock object owner=0 count=0 at 0x00000213D2101B98>>
[INFO]2021-05-11 17:55:25,565: start load map C:\Users\Administrator\Desktop\SVN\branches\agvCtrl\projects\test\comba-ZSC-F1-F3.smap
[DEBUG]2021-05-11 17:55:25,846: elevator thread start
[INFO]2021-05-11 17:55:25,889: load map C:\Users\Administrator\Desktop\SVN\branches\agvCtrl\projects\test\comba-ZSC-F1-F3.smap ,used 334 ms
[INFO]2021-05-11 17:55:25,904: start load map C:\Users\Administrator\Desktop\SVN\branches\agvCtrl\projects\test\comba-ZXC-3F.smap
[INFO]2021-05-11 17:55:25,982: load map C:\Users\Administrator\Desktop\SVN\branches\agvCtrl\projects\test\comba-ZXC-3F.smap ,used 90 ms
[INFO]2021-05-11 17:55:25,992: start load map C:\Users\Administrator\Desktop\SVN\branches\agvCtrl\projects\test\comba-ZXC-F3.smap
[INFO]2021-05-11 17:55:26,090: load map C:\Users\Administrator\Desktop\SVN\branches\agvCtrl\projects\test\comba-ZXC-F3.smap ,used 106 ms
[INFO]2021-05-11 17:55:26,095: import agvDevice.main_agvDevice
[INFO]2021-05-11 17:55:26,096: import alarm.main_alarm
[INFO]2021-05-11 17:55:26,099: import auth.main_auth
[INFO]2021-05-11 17:55:26,107: import door.main_door
[INFO]2021-05-11 17:55:26,110: import elevator.main_elevator
[INFO]2021-05-11 17:55:26,112: import feed.main_feed
[INFO]2021-05-11 17:55:26,126: create lock <lock name:feedTask.g_lock,<unlocked _thread.RLock object owner=0 count=0 at 0x00000213D25ACEB8>>
[INFO]2021-05-11 17:55:26,141: create lock <lock name:agvApi.g_lock,<unlocked _thread.RLock object owner=0 count=0 at 0x00000213D25D0BC0>>
[INFO]2021-05-11 17:55:26,418: import menu.main_menu
[INFO]2021-05-11 17:55:26,429: import pharmapackCtrl.main_scadaCtrl
[INFO]2021-05-11 17:55:28,344: create lock <lock name:runTasks.g_lock,<unlocked _thread.RLock object owner=0 count=0 at 0x00000213D263FFA8>>
[INFO]2021-05-11 17:55:28,362: create lock <lock name:runTasks.pre_lock,<unlocked _thread.RLock object owner=0 count=0 at 0x00000213D26AA210>>
[INFO]2021-05-11 17:55:28,652: import webFront.main_web
[INFO]2021-05-11 17:55:28,658: import wmqtt.main_wmqtt
[SUCC]2021-05-11 17:55:28,670: utility start, pid=6788, ppid=2536
[DEBUG]2021-05-11 17:55:28,671: start timer
[INFO]2021-05-11 17:55:28,693: load agv file: C:\Users\Administrator\Desktop\SVN\branches\agvCtrl/projects/test/agv.cfg
[INFO]2021-05-11 17:55:28,697: create lock <lock name:agvList.AGV02.lock,<unlocked _thread.RLock object owner=0 count=0 at 0x00000213D26AA530>>
[DEBUG]2021-05-11 17:55:28,704: create aliveObj AGV02 AGV离线异常 timeout 300
[INFO]2021-05-11 17:55:28,706: AGV02 start agvList run thread
[INFO]2021-05-11 17:55:28,707: AGV02 start agvList run2 thread
[INFO]2021-05-11 17:55:28,710: create lock <lock name:agv.AGV02.lock_status,<unlocked _thread.RLock object owner=0 count=0 at 0x00000213D26AAA30>>
[INFO]2021-05-11 17:55:28,710: add_ignore: taskStatus
[DEBUG]2021-05-11 17:55:28,714: try connect AGV02 172.16.217.213:19204
[INFO]2021-05-11 17:55:28,716: add_ignore: api/elevator/status
[INFO]2021-05-11 17:55:28,722: add_ignore: scada/getTask
[INFO]2021-05-11 17:55:28,731: AGV02 connected 172.16.217.213 19204
[INFO]2021-05-11 17:55:28,738: create lock <lock name:agv.AGV02.lock_ctrl,<unlocked _thread.RLock object owner=0 count=0 at 0x00000213D26AA6C0>>
[DEBUG]2021-05-11 17:55:28,745: try connect AGV02 172.16.217.213:19205
[INFO]2021-05-11 17:55:28,757: AGV02 connected 172.16.217.213 19205
[INFO]2021-05-11 17:55:28,758: create lock <lock name:agv.AGV02.lock_task,<unlocked _thread.RLock object owner=0 count=0 at 0x00000213D2B7F2B0>>
[DEBUG]2021-05-11 17:55:28,759: try connect AGV02 172.16.217.213:19206
[INFO]2021-05-11 17:55:28,771: AGV02 connected 172.16.217.213 19206
[INFO]2021-05-11 17:55:28,773: create lock <lock name:agv.AGV02.lock_conf,<unlocked _thread.RLock object owner=0 count=0 at 0x00000213D2B7F300>>
[DEBUG]2021-05-11 17:55:28,775: try connect AGV02 172.16.217.213:19207
[INFO]2021-05-11 17:55:28,782: AGV02 connected 172.16.217.213 19207
[INFO]2021-05-11 17:55:28,784: create lock <lock name:agv.AGV02.lock_core,<unlocked _thread.RLock object owner=0 count=0 at 0x00000213D2B7F328>>
[DEBUG]2021-05-11 17:55:28,790: try connect AGV02 172.16.217.213:19208
[INFO]2021-05-11 17:55:28,811: AGV02 connected 172.16.217.213 19208
[INFO]2021-05-11 17:55:28,813: create lock <lock name:agv.AGV02.lock_other,<unlocked _thread.RLock object owner=0 count=0 at 0x00000213D2B7F350>>
[DEBUG]2021-05-11 17:55:28,814: try connect AGV02 172.16.217.213:19210
[INFO]2021-05-11 17:55:28,820: AGV02 connected 172.16.217.213 19210
[INFO]2021-05-11 17:55:28,847: AGV02 current map comba-ZSC-F1-F3
[INFO]2021-05-11 17:55:28,997: AGV02 is online
[DEBUG]2021-05-11 17:55:30,709: GET: http://127.0.0.1:5551/api/agv/init?appName=scadaTask addr: 127.0.0.1
[INFO]2021-05-11 17:55:30,716: scadaTask init client agvApi
[DEBUG]2021-05-11 17:55:30,721: used 12ms 200 OK application/json;charset=utf-8, GET: http://127.0.0.1:5551/api/agv/init?appName=scadaTask
[DEBUG]2021-05-11 17:55:33,927: GET: http://127.0.0.1:5551/api/agv/startCharge?appName=scadaTask addr: 127.0.0.1
[DEBUG]2021-05-11 17:55:34,065: used 138ms 200 OK application/json;charset=utf-8, GET: http://127.0.0.1:5551/api/agv/startCharge?appName=scadaTask
[WARNING]2021-05-11 17:55:34,270: timer_thread[tid:1800] <lock name:runTasks.g_lock,<locked _thread.RLock object owner=1800 count=1 at 0x00000213D263FFA8>> ,hold 3579 ms
[INFO]2021-05-11 17:55:34,538: name=timer_thread, pid=6788, tid=1800
[01] File "C:/Python37/lib/threading.py", line 865, in run() 
[02] File "C:/Users/Administrator/Desktop/SVN/branches/common/mytimer.py", line 113, in _loop() 
[03] File "C:/Users/Administrator/Desktop/SVN/branches/common/lock.py", line 122, in _call() 
[04] File "C:/Users/Administrator/Desktop/SVN/branches/common/lock.py", line 100, in release() 
[05] File "C:/Users/Administrator/Desktop/SVN/branches/common/enhance.py", line 258, in getTrace() 
[06] File "C:/Users/Administrator/Desktop/SVN/branches/common/enhance.py", line 240, in getThreadStack()
[DEBUG]2021-05-11 17:55:41,090: GET: http://127.0.0.1:5551/api/scada/addTask?source=%E4%B8%80%E6%A5%BC%E4%BB%93%E5%BA%93%E4%B8%8A%E6%96%99A&target=%E4%B8%80%E6%A5%BC%E4%BB%93%E5%BA%93%E4%B8%8A%E6%96%99B addr: 127.0.0.1
[INFO]2021-05-11 17:55:41,215: Scada send a task to the server from 一楼仓库上料A to 一楼仓库上料B payloadId: None
[INFO]2021-05-11 17:55:41,355: create task[609a549df5ca3efb8f6b2a12]: type= scadaTask , 从一楼仓库上料A运送货架到一楼仓库上料B {'source': '一楼仓库上料A', 'target': '一楼仓库上料B', 'payloadId': None, 'priority': 1, 'type': 'scadaTask', 'taskName': '从一楼仓库上料A运送货架到一楼仓库上料B', 'createTime': datetime.datetime(2021, 5, 11, 17, 55, 41, 340028), 'updateTime': datetime.datetime(2021, 5, 11, 17, 55, 41, 340028), 'startTime': None, 'endTime': None, 'status': 'waiting', 'step': 'waiting', 'failMsg': None, 'history': [], '_id': ObjectId('609a549df5ca3efb8f6b2a12')}
[INFO]2021-05-11 17:55:41,448: 
[INFO]2021-05-11 17:55:41,555: 一楼仓库上料B 一楼仓库上料A
[INFO]2021-05-11 17:55:41,898: task[609a549df5ca3efb8f6b2a12][-] AP142(LM120) -> AP143(LM118) [waiting] is inside False
[INFO]2021-05-11 17:55:42,010: task cmd: got a task from scada task[609a549df5ca3efb8f6b2a12][-] AP142(LM120) -> AP143(LM118) [waiting]
[DEBUG]2021-05-11 17:55:42,104: used 1015ms 200 OK application/json;charset=utf-8, GET: http://127.0.0.1:5551/api/scada/addTask?source=%E4%B8%80%E6%A5%BC%E4%BB%93%E5%BA%93%E4%B8%8A%E6%96%99A&target=%E4%B8%80%E6%A5%BC%E4%BB%93%E5%BA%93%E4%B8%8A%E6%96%99B
[INFO]2021-05-11 17:55:42,263: task[609a549df5ca3efb8f6b2a12]:  start {'failMsg': '任务等待执行', 'startTime': datetime.datetime(2021, 5, 11, 17, 55, 42, 231991), 'updateTime': datetime.datetime(2021, 5, 11, 17, 55, 42, 231991), 'status': 'running'}
[DEBUG]2021-05-11 17:55:42,438: GET: http://127.0.0.1:5551/favicon.ico addr: 127.0.0.1
[INFO]2021-05-11 17:55:42,482: task: start task[609a549df5ca3efb8f6b2a12][-] AP142(LM120) -> AP143(LM118) [waiting]
[INFO]2021-05-11 17:55:42,672: this is taskStep=============>waiting
[DEBUG]2021-05-11 17:55:42,720: used 282ms 200 OK , GET: http://127.0.0.1:5551/favicon.ico
[INFO]2021-05-11 17:55:42,800: task[609a549df5ca3efb8f6b2a12] update info: {'failMsg': '等待分配小车', 'updateTime': datetime.datetime(2021, 5, 11, 17, 55, 42, 764534)}
[DEBUG]2021-05-11 17:55:42,967: task[609a549df5ca3efb8f6b2a12][-] AP142(LM120) -> AP143(LM118) [waitForAgv] waiting -> waitForAgv
[INFO]2021-05-11 17:55:43,904: this is taskStep=============>waitForAgv
[DEBUG]2021-05-11 17:55:44,237: GET: http://127.0.0.1:5551/api/agv/apply?appName=scadaTask&autoLock=False&exclude&loc=AP142&mapId=comba-ZSC-F1-F3&taskId=609a549df5ca3efb8f6b2a12&timeout=10 addr: 127.0.0.1
[INFO]2021-05-11 17:55:47,012: apply AGV02 ,taskId: 609a549df5ca3efb8f6b2a12 ,loc comba-ZSC-F1-F3.AP142 ,autoLock False , used 2637 ms
[DEBUG]2021-05-11 17:55:47,137: used 2900ms 200 OK application/json;charset=utf-8, GET: http://127.0.0.1:5551/api/agv/apply?appName=scadaTask&autoLock=False&exclude&loc=AP142&mapId=comba-ZSC-F1-F3&taskId=609a549df5ca3efb8f6b2a12&timeout=10
[DEBUG]2021-05-11 17:55:47,400: GET: http://127.0.0.1:5551/api/agv/lock?agv=AGV02&appName=scadaTask&taskId=609a549df5ca3efb8f6b2a12 addr: 127.0.0.1
[DEBUG]2021-05-11 17:55:47,567: lock:  AGV02 taskId 609a549df5ca3efb8f6b2a12 app scadaTask
[WARNING]2021-05-11 17:55:48,636: AGV02 clear task finish, cur= comba-ZSC-F1-F3.AP142 task_status= 4
[DEBUG]2021-05-11 17:55:48,716: used 1316ms 200 OK application/json;charset=utf-8, GET: http://127.0.0.1:5551/api/agv/lock?agv=AGV02&appName=scadaTask&taskId=609a549df5ca3efb8f6b2a12
[INFO]2021-05-11 17:55:48,890: task[609a549df5ca3efb8f6b2a12][-] AP142(LM120) -> AP143(LM118) [waitForAgv] apply AGV02
[INFO]2021-05-11 17:55:49,048: task[609a549df5ca3efb8f6b2a12] update info: {'agvId': 'AGV02', 'failMsg': '成功分配小车AGV02,检测顶升下降', 'updateTime': datetime.datetime(2021, 5, 11, 17, 55, 48, 985908)}
[WARNING]2021-05-11 17:55:49,159: scada.609a549df5ca3efb8f6b2a12[tid:8412] <locked _thread.RLock object owner=8412 count=1 at 0x00000213D3F5B5F8> ,hold 5255 ms
[INFO]2021-05-11 17:55:49,347: name=scada.609a549df5ca3efb8f6b2a12, pid=6788, tid=8412
[01] File "C:/Python37/lib/threading.py", line 865, in run() 
[02] File "C:/Users/Administrator/Desktop/SVN/branches/common/utility.py", line 167, in __call() 
[03] File "C:/Users/Administrator/Desktop/SVN/branches/pharmapackCtrl/runTasks.py", line 735, in _taskFunc() 
[04] File "C:/Users/Administrator/Desktop/SVN/branches/common/lock.py", line 122, in _call() 
[05] File "C:/Users/Administrator/Desktop/SVN/branches/common/lock.py", line 100, in release() 
[06] File "C:/Users/Administrator/Desktop/SVN/branches/common/enhance.py", line 258, in getTrace() 
[07] File "C:/Users/Administrator/Desktop/SVN/branches/common/enhance.py", line 240, in getThreadStack()
[DEBUG]2021-05-11 17:55:49,443: task[609a549df5ca3efb8f6b2a12][AGV02] AP142(LM120) -> AP143(LM118) [initJackdown] waitForAgv -> initJackdown
[INFO]2021-05-11 17:55:49,871: this is taskStep=============>initJackdown
[INFO]2021-05-11 17:55:50,027: task[609a549df5ca3efb8f6b2a12] update info: {'failMsg': '前往一楼仓库上料A工位点拉取货架', 'updateTime': datetime.datetime(2021, 5, 11, 17, 55, 49, 979204)}
[DEBUG]2021-05-11 17:55:50,107: task[609a549df5ca3efb8f6b2a12][AGV02] AP142(LM120) -> AP143(LM118) [startMoveJackup] initJackdown -> startMoveJackup
[INFO]2021-05-11 17:55:50,525: this is taskStep=============>startMoveJackup
[INFO]2021-05-11 17:55:50,587: ------------------------------执行到runTasks._moveJackup()-----------------000-----------------
[INFO]2021-05-11 17:55:50,679: ----------------------------在runTasks.py的_moveJackup函数中-----------------111-------------
[INFO]2021-05-11 17:55:50,786: -----------------runTasks.py中的else，因为不是fastprint项目，走这里------------222-------------
[INFO]2021-05-11 17:55:50,847: --------------------------跳转到agvCtrl下的agvApi中的moveJackup函数----------------------3333-------
[INFO]2021-05-11 17:55:50,956: ----------------------------通过moveJackup来到move函数---------------------------444---------------
[DEBUG]2021-05-11 17:55:51,054: GET: http://127.0.0.1:5551/api/agv/move?WorkPlace=true&agv=AGV02&agvId=AGV02&appName=scadaTask&direction=None&floorId=comba-ZSC-F1-F3&isRotate&loc=comba-ZSC-F1-F3.AP142&location=AP142&p_direction=0.0&pgv_type=1&recognize=False&seer_jackup=JackLoad&taskId=609a549df5ca3efb8f6b2a12_2&taskType=scadaTask&timeoutSec=86400&use_pgv=False addr: 127.0.0.1
[INFO]2021-05-11 17:55:51,060: -------------------------根据move函数会根据main_agv.py来到agvControl函数中的move中----------555---------
[INFO]2021-05-11 17:55:51,063: ---------------------move函数中的_func()函数中-------------------------666--------------------
[INFO]2021-05-11 17:55:51,066: AP142 AP142 comba-ZSC-F1-F3 comba-ZSC-F1-F3
[INFO]2021-05-11 17:55:51,068: JackLoad
[INFO]2021-05-11 17:55:51,070: ------------------------根据agvControl中的_func来到agvList中的moveJackup---------------999--------
[DEBUG]2021-05-11 17:55:51,073: agvInfo: AGV02 comba-ZSC-F1-F3.AP142 move jackup to comba-ZSC-F1-F3.AP142 ,taskId 609a549df5ca3efb8f6b2a12_2
[INFO]2021-05-11 17:55:51,075: --------------------跳转到driver下的seerAgv下的agcCtrl.py中的goTargetAndDoWork函数中-----------------10---------
[INFO]2021-05-11 17:55:51,077: 1
[INFO]2021-05-11 17:55:51,086: {'id': 'AP142', 'operation': 'ForkLoad', 'recognize': False, 'use_pgv': False}
[INFO]2021-05-11 17:55:51,089: --------------------------准备进去driver中的seerAgv.py下的task函数-----------------（11）--------------
[INFO]2021-05-11 17:55:51,091: -------------------------来到driver中的agvApi下的task函数中------------------（12）--------------------
[DEBUG]2021-05-11 17:55:51,311: used 256ms 200 OK application/json;charset=utf-8, GET: http://127.0.0.1:5551/api/agv/move?WorkPlace=true&agv=AGV02&agvId=AGV02&appName=scadaTask&direction=None&floorId=comba-ZSC-F1-F3&isRotate&loc=comba-ZSC-F1-F3.AP142&location=AP142&p_direction=0.0&pgv_type=1&recognize=False&seer_jackup=JackLoad&taskId=609a549df5ca3efb8f6b2a12_2&taskType=scadaTask&timeoutSec=86400&use_pgv=False
[INFO]2021-05-11 17:55:51,319: ==============================runTasks._moveJackup()结束====================================
[DEBUG]2021-05-11 17:55:51,323: task[609a549df5ca3efb8f6b2a12][AGV02] AP142(LM120) -> AP143(LM118) [loadPlayload] startMoveJackup -> loadPlayload
[INFO]2021-05-11 17:55:51,565: task: move finish callback task[609a549df5ca3efb8f6b2a12][AGV02] AP142(LM120) -> AP143(LM118) [loadPlayload]
[INFO]2021-05-11 17:55:51,573: task[609a549df5ca3efb8f6b2a12] update info: {'failMsg': 'AGV顶升', 'updateTime': datetime.datetime(2021, 5, 11, 17, 55, 51, 570905)}
[INFO]2021-05-11 17:55:51,637: this is taskStep=============>loadPlayload_readqr
[DEBUG]2021-05-11 17:55:51,641: task[609a549df5ca3efb8f6b2a12][AGV02] AP142(LM120) -> AP143(LM118) [loadPlayload_jackup] loadPlayload_readqr -> loadPlayload_jackup
[INFO]2021-05-11 17:55:51,961: this is taskStep=============>loadPlayload_jackup
[INFO]2021-05-11 17:55:51,966: task[609a549df5ca3efb8f6b2a12][AGV02] AP142(LM120) -> AP143(LM118) [loadPlayload_jackup] _jackUp
[DEBUG]2021-05-11 17:55:51,969: send http_get: http://127.0.0.1:5551/api/agv/jackup?agv=AGV02&loc=None&timeoutSec=90
[DEBUG]2021-05-11 17:55:51,977: GET: http://127.0.0.1:5551/api/agv/jackup?agv=AGV02&loc=None&timeoutSec=90 addr: 127.0.0.1
[INFO]2021-05-11 17:55:51,982: -------------------------------------------目前jackUp------------------------------------
[INFO]2021-05-11 17:55:51,985: -------------------------进来了，判断为isForkType---------------------------------------
[INFO]2021-05-11 17:55:51,988: -------------------------mybye--------------------------------------
[INFO]2021-05-11 17:55:51,991: ------------------------other函数-----------------------------------------
[INFO]2021-05-11 17:55:52,285: --------------------------------jackMgr.py下的_jack函数-----------------------------------------
[INFO]2021-05-11 17:55:52,363: ----------------------------this is-----up-----------------------
[INFO]2021-05-11 17:55:52,473: fork
[INFO]2021-05-11 17:55:52,783: {'status': False}
[INFO]2021-05-11 17:55:53,049: _jack in jackMgr: AGV02 up [{'id': 0, 'source': 'normal', 'status': False}, {'id': 1, 'source': 'normal', 'status': True}, {'id': 2, 'source': 'normal', 'status': False}, {'id': 3, 'source': 'normal', 'status': False}, {'id': 4, 'source': 'normal', 'status': False}, {'id': 5, 'source': 'normal', 'status': False}, {'id': 6, 'source': 'normal', 'status': False}, {'id': 7, 'source': 'normal', 'status': False}, {'id': 8, 'source': 'normal', 'status': False}]
[INFO]2021-05-11 17:55:53,112: {'status': False}
[INFO]2021-05-11 17:55:53,206: 1
[INFO]2021-05-11 17:55:53,282: 3
[INFO]2021-05-11 17:55:53,408: 5
[INFO]2021-05-11 17:55:54,471: --------------------------------jackMgr.py下的_jack函数-----------------------------------------
[INFO]2021-05-11 17:55:54,612: ----------------------------this is-----up-----------------------
[INFO]2021-05-11 17:55:54,750: fork
[INFO]2021-05-11 17:55:55,077: {'status': True}
[INFO]2021-05-11 17:55:57,424: _jack in jackMgr: AGV02 up [{'id': 0, 'source': 'normal', 'status': False}, {'id': 1, 'source': 'normal', 'status': False}, {'id': 2, 'source': 'normal', 'status': False}, {'id': 3, 'source': 'normal', 'status': False}, {'id': 4, 'source': 'normal', 'status': False}, {'id': 5, 'source': 'normal', 'status': False}, {'id': 6, 'source': 'normal', 'status': False}, {'id': 7, 'source': 'normal', 'status': False}, {'id': 8, 'source': 'normal', 'status': False}]
[INFO]2021-05-11 17:55:57,546: {'status': True}
[INFO]2021-05-11 17:55:57,640: 1
[INFO]2021-05-11 17:55:57,701: 3
[INFO]2021-05-11 17:55:57,857: 4
[INFO]2021-05-11 17:55:57,902: AGV02 jack up status:  True
[DEBUG]2021-05-11 17:55:57,980: used 6004ms 200 OK application/json;charset=utf-8, GET: http://127.0.0.1:5551/api/agv/jackup?agv=AGV02&loc=None&timeoutSec=90
[DEBUG]2021-05-11 17:55:58,228: [return] use 6259 ms,http_get: http://127.0.0.1:5551/api/agv/jackup?agv=AGV02&loc=None&timeoutSec=90
[INFO]2021-05-11 17:55:58,323: task[609a549df5ca3efb8f6b2a12] update info: {'failMsg': '等待一楼仓库上料B工位点锁', 'updateTime': datetime.datetime(2021, 5, 11, 17, 55, 58, 307019)}
[WARNING]2021-05-11 17:55:58,384: scada.609a549df5ca3efb8f6b2a12[tid:8412] <locked _thread.RLock object owner=8412 count=1 at 0x00000213D3F5B5F8> ,hold 6423 ms
[INFO]2021-05-11 17:56:02,586: name=scada.609a549df5ca3efb8f6b2a12, pid=6788, tid=8412
[01] File "C:/Python37/lib/threading.py", line 865, in run() 
[02] File "C:/Users/Administrator/Desktop/SVN/branches/common/utility.py", line 167, in __call() 
[03] File "C:/Users/Administrator/Desktop/SVN/branches/pharmapackCtrl/runTasks.py", line 735, in _taskFunc() 
[04] File "C:/Users/Administrator/Desktop/SVN/branches/common/lock.py", line 122, in _call() 
[05] File "C:/Users/Administrator/Desktop/SVN/branches/common/lock.py", line 100, in release() 
[06] File "C:/Users/Administrator/Desktop/SVN/branches/common/enhance.py", line 258, in getTrace() 
[07] File "C:/Users/Administrator/Desktop/SVN/branches/common/enhance.py", line 240, in getThreadStack()
[DEBUG]2021-05-11 17:56:02,662: task[609a549df5ca3efb8f6b2a12][AGV02] AP142(LM120) -> AP143(LM118) [waitDestPreLoc] loadPlayload_jackup -> waitDestPreLoc
[INFO]2021-05-11 17:56:03,168: this is taskStep=============>waitDestPreLoc
[INFO]2021-05-11 17:56:03,276: task: prepoint locked  609a549df5ca3efb8f6b2a12 comba-ZSC-F1-F3.AP143
[INFO]2021-05-11 17:56:03,417: task[609a549df5ca3efb8f6b2a12] update info: {'failMsg': '前往AP143工位点放下货架', 'updateTime': datetime.datetime(2021, 5, 11, 17, 56, 3, 402347)}
[DEBUG]2021-05-11 17:56:03,496: task[609a549df5ca3efb8f6b2a12][AGV02] AP142(LM120) -> AP143(LM118) [dropPayloadMove] waitDestPreLoc -> dropPayloadMove
[INFO]2021-05-11 17:56:03,991: this is taskStep=============>dropPayloadMove
[INFO]2021-05-11 17:56:04,084: --------------------------跳转到agvCtrl下的agvApi中的movedown函数----------------------3333-------
[INFO]2021-05-11 17:56:04,178: ----------------------------通过moveJackup来到move函数---------------------------444---------------
[DEBUG]2021-05-11 17:56:04,263: GET: http://127.0.0.1:5551/api/agv/move?WorkPlace=true&agv=AGV02&agvId=AGV02&appName=scadaTask&direction=None&floorId=comba-ZSC-F1-F3&isRotate&loc=comba-ZSC-F1-F3.AP143&location=AP143&p_direction=0.0&pgv_type=1&recognize=False&result=True&resultDesc=None&seer_jackup=JackUnload&taskId=609a549df5ca3efb8f6b2a12_4&taskType=scadaTask&timeoutSec=86400&use_pgv=False addr: 127.0.0.1
[INFO]2021-05-11 17:56:04,277: -------------------------根据move函数会根据main_agv.py来到agvControl函数中的move中----------555---------
[INFO]2021-05-11 17:56:04,280: ---------------------move函数中的_func()函数中-------------------------666--------------------
[INFO]2021-05-11 17:56:04,283: AP142 AP143 comba-ZSC-F1-F3 comba-ZSC-F1-F3
[INFO]2021-05-11 17:56:04,469: Begin: AGV02 move from comba-ZSC-F1-F3.AP142 to comba-ZSC-F1-F3.AP143 by paths: [('comba-ZSC-F1-F3', ['AP142', 'LM120', 'LM118', 'AP143'], 8.023224784365317)] task: 609a549df5ca3efb8f6b2a12_4 timeout 86400 used 188 ms
[INFO]2021-05-11 17:56:04,477: task[609a549df5ca3efb8f6b2a12] update info: {'step': 'dropPayload', 'updateTime': datetime.datetime(2021, 5, 11, 17, 56, 4, 475474)}
[DEBUG]2021-05-11 17:56:04,480: task[609a549df5ca3efb8f6b2a12][AGV02] AP142(LM120) -> AP143(LM118) [dropPayload] dropPayloadMove -> dropPayload
[INFO]2021-05-11 17:56:04,788: this is taskStep=============>dropPayload
[DEBUG]2021-05-11 17:56:05,028: agvInfo: AGV02 comba-ZSC-F1-F3.AP142 move to comba-ZSC-F1-F3.LM120 ,taskId 609a549df5ca3efb8f6b2a12_4
[INFO]2021-05-11 17:56:05,033: goTarget {'id': 'LM120'}
[INFO]2021-05-11 17:56:05,038: -------------------------来到driver中的agvApi下的task函数中------------------（12）--------------------
[INFO]2021-05-11 17:56:05,100: this is taskStep=============>dropPayload
[INFO]2021-05-11 17:56:05,412: this is taskStep=============>dropPayload
[INFO]2021-05-11 17:56:05,723: this is taskStep=============>dropPayload
[WARNING]2021-05-11 17:56:08,800: scada.609a549df5ca3efb8f6b2a12[tid:8412] <locked _thread.RLock object owner=8412 count=1 at 0x00000213D3F5B5F8> ,hold 3077 ms
[INFO]2021-05-11 17:56:08,812: name=scada.609a549df5ca3efb8f6b2a12, pid=6788, tid=8412
[01] File "C:/Python37/lib/threading.py", line 865, in run() 
[02] File "C:/Users/Administrator/Desktop/SVN/branches/common/utility.py", line 167, in __call() 
[03] File "C:/Users/Administrator/Desktop/SVN/branches/pharmapackCtrl/runTasks.py", line 735, in _taskFunc() 
[04] File "C:/Users/Administrator/Desktop/SVN/branches/common/lock.py", line 122, in _call() 
[05] File "C:/Users/Administrator/Desktop/SVN/branches/common/lock.py", line 100, in release() 
[06] File "C:/Users/Administrator/Desktop/SVN/branches/common/enhance.py", line 258, in getTrace() 
[07] File "C:/Users/Administrator/Desktop/SVN/branches/common/enhance.py", line 240, in getThreadStack()
[INFO]2021-05-11 17:56:09,140: this is taskStep=============>dropPayload
[INFO]2021-05-11 17:56:09,454: this is taskStep=============>dropPayload
[INFO]2021-05-11 17:56:09,765: this is taskStep=============>dropPayload
[INFO]2021-05-11 17:56:10,078: this is taskStep=============>dropPayload
[INFO]2021-05-11 17:56:10,404: this is taskStep=============>dropPayload
[INFO]2021-05-11 17:56:10,715: this is taskStep=============>dropPayload
[INFO]2021-05-11 17:56:11,025: this is taskStep=============>dropPayload
[INFO]2021-05-11 17:56:11,350: this is taskStep=============>dropPayload
[INFO]2021-05-11 17:56:11,659: this is taskStep=============>dropPayload
[INFO]2021-05-11 17:56:11,972: this is taskStep=============>dropPayload
[INFO]2021-05-11 17:56:12,297: this is taskStep=============>dropPayload
[INFO]2021-05-11 17:56:12,607: this is taskStep=============>dropPayload
[INFO]2021-05-11 17:56:12,933: this is taskStep=============>dropPayload
[INFO]2021-05-11 17:56:13,245: this is taskStep=============>dropPayload
[INFO]2021-05-11 17:56:13,558: this is taskStep=============>dropPayload
[INFO]2021-05-11 17:56:13,884: this is taskStep=============>dropPayload
[INFO]2021-05-11 17:56:14,264: this is taskStep=============>dropPayload
[INFO]2021-05-11 17:56:14,576: this is taskStep=============>dropPayload
[INFO]2021-05-11 17:56:14,889: this is taskStep=============>dropPayload
[INFO]2021-05-11 17:56:15,203: this is taskStep=============>dropPayload
