[CRITICAL]2021-03-12 14:18:55,862: import main_agv failed, path: agvCtrl cause a error: No module named 'crcmod'
pid=3876, ppid=5008, tid=4248
Traceback (most recent call last):
  File "D:\akmLine\common\run_all.py", line 39, in findModule
    __import__(m[1])
  File "D:\akmLine\agvCtrl\main_agv.py", line 10, in <module>
    import mapMgr
  File "D:\akmLine\agvCtrl\mapMgr.py", line 20, in <module>
    import elevatorMgr
  File "D:\akmLine\agvCtrl\elevatorMgr.py", line 22, in <module>
    import elevator.elevatorApi as elevatorApi
  File "..\elevator\elevatorApi.py", line 12, in <module>
    import main_elevator
  File "D:\akmLine\elevator\main_elevator.py", line 10, in <module>
    import elevator.elevatorMgr as elevatorMgr
  File "..\elevator\elevatorMgr.py", line 16, in <module>
    import elevator.elevatorControlNanqu as elevatorControl
  File "..\elevator\elevatorControlNanqu.py", line 21, in <module>
    from crcmod import *
ModuleNotFoundError: No module named 'crcmod'

[CRITICAL]2021-03-12 14:18:55,872: import main_agv failed, path: agvCtrl ,cause No module named 'crcmod'
