[INFO]2021-03-08 15:32:36,873: log files at C:\Users\WINDOWS\Desktop\akmLine\common\log
[INFO]2021-03-08 15:32:36,874: add_ignore: taskStatus
[INFO]2021-03-08 15:32:53,571: name=MainThread, pid=13632, tid=15824
[01] File "run_all.py", line 60, in <module>() 
[02] File "C:/Users/WINDOWS/Desktop/akmLine/common/webutility.py", line 318, in run() 
[03] File "C:/anaconda/lib/site-packages/bottle.py", line 3092, in run() 
[04] File "C:/Users/WINDOWS/Desktop/akmLine/common/utility.py", line 598, in exit() 
[05] File "C:/Users/WINDOWS/Desktop/akmLine/common/enhance.py", line 256, in getTrace() 
[06] File "C:/Users/WINDOWS/Desktop/akmLine/common/enhance.py", line 240, in getThreadStack()
[INFO]2021-03-08 15:32:53,576: lock info: count 0

try lock info: count 0
[ERROR]2021-03-08 15:32:53,577: user press Ctrl+C, print thread stack
[INFO]2021-03-08 15:32:55,019: name=MainThread, pid=13632, tid=15824
[01] File "run_all.py", line 60, in <module>() 
[02] File "C:/Users/WINDOWS/Desktop/akmLine/common/webutility.py", line 318, in run() 
[03] File "C:/anaconda/lib/site-packages/bottle.py", line 3092, in run() 
[04] File "C:/Users/WINDOWS/Desktop/akmLine/common/utility.py", line 598, in exit() 
[05] File "C:/Users/WINDOWS/Desktop/akmLine/common/enhance.py", line 256, in getTrace() 
[06] File "C:/Users/WINDOWS/Desktop/akmLine/common/enhance.py", line 240, in getThreadStack()
[INFO]2021-03-08 15:32:55,025: lock info: count 0

try lock info: count 0
[ERROR]2021-03-08 15:32:55,026: user press Ctrl+C, print thread stack
[ERROR]2021-03-08 15:32:55,202: user press Ctrl+C, system quit!
[ERROR]2021-03-08 15:32:55,206: process exited, living 0:00:18.425482 seconds
