[INFO]2021-03-11 10:52:34,869: log files at C:\Users\Administrator\Desktop\akmLine\common\log
[INFO]2021-03-11 10:52:34,870: find module agvCtrl.main_agv
[INFO]2021-03-11 10:52:34,870: find module agvDevice.main_agvDevice
[INFO]2021-03-11 10:52:34,870: find module alarm.main_alarm
[INFO]2021-03-11 10:52:34,871: find module auth.main_auth
[INFO]2021-03-11 10:52:34,871: find module door.main_door
[INFO]2021-03-11 10:52:34,871: find module elevator.main_elevator
[INFO]2021-03-11 10:52:34,872: find module elevator.main_elevator
[INFO]2021-03-11 10:52:34,872: find module feed.main_feed
[INFO]2021-03-11 10:52:34,872: import agvCtrl.main_agv
[INFO]2021-03-11 10:52:35,278: create lock <lock name:doorMgr.lock,<unlocked _thread.RLock object owner=0 count=0 at 0x0000020230D45C10>>
[INFO]2021-03-11 10:52:35,284: create lock <lock name:door.lock,<unlocked _thread.RLock object owner=0 count=0 at 0x0000020230D92210>>
[INFO]2021-03-11 10:52:35,394: create lock <lock name:timer.lock_2208436295384,<unlocked _thread.RLock object owner=0 count=0 at 0x000002023109ABC0>>
[ERROR]2021-03-11 10:52:35,406: mqtt is disabled
[INFO]2021-03-11 10:52:35,406: mqtt: subscribe [alarm/raise/+]
[INFO]2021-03-11 10:52:35,407: mqtt: subscribe [alarm/clear/+]
[INFO]2021-03-11 10:52:38,438: Mongodb connect to 127.0.0.1 port 27017
[INFO]2021-03-11 10:52:38,464: create lock <lock name:elevatorMgr.lock,<unlocked _thread.RLock object owner=0 count=0 at 0x0000020231362378>>
[WARNING]2021-03-11 10:52:38,480: use mockAgvCtrl
[INFO]2021-03-11 10:52:38,482: create lock <lock name:mapMgr.lock,<unlocked _thread.RLock object owner=0 count=0 at 0x000002022F2F6850>>
[INFO]2021-03-11 10:52:38,768: create lock <lock name:agvList.g_agvLock,<unlocked _thread.RLock object owner=0 count=0 at 0x00000202313EE1E8>>
[INFO]2021-03-11 10:52:38,771: create lock <lock name:taskList.lock,<unlocked _thread.RLock object owner=0 count=0 at 0x00000202313EEF30>>
[INFO]2021-03-11 10:52:38,826: charge policy 0 , fix time
[INFO]2021-03-11 10:52:38,856: create lock <lock name:agvApi.g_lock,<unlocked _thread.RLock object owner=0 count=0 at 0x0000020231462148>>
[INFO]2021-03-11 10:52:38,928: start load map C:\Users\Administrator\Desktop\akmLine\agvCtrl\projects\test\akmLineMap.smap
[DEBUG]2021-03-11 10:52:39,007: create aliveObj ELEVATOR01 电梯离线异常 timeout 30
[DEBUG]2021-03-11 10:52:39,008: elevator thread start
[INFO]2021-03-11 10:52:39,031: load map C:\Users\Administrator\Desktop\akmLine\agvCtrl\projects\test\akmLineMap.smap ,used 111 ms
[INFO]2021-03-11 10:52:39,039: start load map C:\Users\Administrator\Desktop\akmLine\agvCtrl\projects\test\firstFloor.smap
[INFO]2021-03-11 10:52:39,075: load map C:\Users\Administrator\Desktop\akmLine\agvCtrl\projects\test\firstFloor.smap ,used 44 ms
[INFO]2021-03-11 10:52:39,086: start load map C:\Users\Administrator\Desktop\akmLine\agvCtrl\projects\test\secondFloor.smap
[INFO]2021-03-11 10:52:39,124: load map C:\Users\Administrator\Desktop\akmLine\agvCtrl\projects\test\secondFloor.smap ,used 48 ms
[INFO]2021-03-11 10:52:39,135: start load map C:\Users\Administrator\Desktop\akmLine\agvCtrl\projects\test\shuqin.smap
[INFO]2021-03-11 10:52:39,175: load map C:\Users\Administrator\Desktop\akmLine\agvCtrl\projects\test\shuqin.smap ,used 50 ms
[INFO]2021-03-11 10:52:39,183: start load map C:\Users\Administrator\Desktop\akmLine\agvCtrl\projects\test\test430.smap
[INFO]2021-03-11 10:52:39,234: load map C:\Users\Administrator\Desktop\akmLine\agvCtrl\projects\test\test430.smap ,used 58 ms
[INFO]2021-03-11 10:52:39,242: start load map C:\Users\Administrator\Desktop\akmLine\agvCtrl\projects\test\testdesay.smap
[INFO]2021-03-11 10:52:39,334: load map C:\Users\Administrator\Desktop\akmLine\agvCtrl\projects\test\testdesay.smap ,used 99 ms
[INFO]2021-03-11 10:52:39,337: import agvDevice.main_agvDevice
[INFO]2021-03-11 10:52:39,339: import alarm.main_alarm
[INFO]2021-03-11 10:52:39,339: import auth.main_auth
[INFO]2021-03-11 10:52:39,346: import door.main_door
[INFO]2021-03-11 10:52:39,349: import elevator.main_elevator
[CRITICAL]2021-03-11 10:52:39,401: import main_elevator failed, path: elevator cause a error: No module named 'crcmod'
pid=1076, ppid=14148, tid=268
Traceback (most recent call last):
  File "run_all.py", line 39, in findModule
    __import__(m[1])
  File "C:\Users\Administrator\Desktop\akmLine\elevator\main_elevator.py", line 10, in <module>
    import elevator.elevatorMgr as elevatorMgr
  File "..\elevator\elevatorMgr.py", line 16, in <module>
    import elevator.elevatorControlNanqu as elevatorControl
  File "..\elevator\elevatorControlNanqu.py", line 21, in <module>
    from crcmod import *
ModuleNotFoundError: No module named 'crcmod'

[CRITICAL]2021-03-11 10:52:39,404: import main_elevator failed, path: elevator ,cause No module named 'crcmod'
[INFO]2021-03-11 10:52:42,916: load agv file: C:\Users\Administrator\Desktop\akmLine\agvCtrl/projects/test/agv.cfg
[INFO]2021-03-11 10:52:42,918: create lock <lock name:agvList.AGV01.lock,<unlocked _thread.RLock object owner=0 count=0 at 0x00000202329403C8>>
[DEBUG]2021-03-11 10:52:42,923: create aliveObj AGV01 AGV离线异常 timeout 300
[INFO]2021-03-11 10:52:42,926: AGV01 start agvList run thread
[INFO]2021-03-11 10:52:42,926: AGV01 start agvList run2 thread
[INFO]2021-03-11 10:52:42,927: === AGV01 {}
[ERROR]2021-03-11 10:52:42,999: agv check init error False
[INFO]2021-03-11 10:52:43,500: === AGV01 {'AGV01': <driver.seerAgv.mockAgvCtrl.mockAgv object at 0x00000202301E7B70>}
[INFO]2021-03-11 10:52:43,503: AGV01 current map akmLineMap
[INFO]2021-03-11 10:52:43,505: AGV01 is online
[ERROR]2021-03-11 11:01:42,174: process exited, living 0:09:07.340849 seconds
