[INFO]2021-03-10 08:35:41,151: log files at C:\Users\WINDOWS\Desktop\akmLine\common\log
[INFO]2021-03-10 08:35:41,152: find module agvCtrl.main_agv
[INFO]2021-03-10 08:35:41,153: find module agvDevice.main_agvDevice
[INFO]2021-03-10 08:35:41,154: find module alarm.main_alarm
[INFO]2021-03-10 08:35:41,155: find module auth.main_auth
[INFO]2021-03-10 08:35:41,156: find module door.main_door
[INFO]2021-03-10 08:35:41,157: find module elevator.main_elevator
[INFO]2021-03-10 08:35:41,157: find module elevator.main_elevator
[INFO]2021-03-10 08:35:41,158: find module feed.main_feed
[INFO]2021-03-10 08:35:41,159: import agvCtrl.main_agv
[INFO]2021-03-10 08:35:46,534: create lock <lock name:doorMgr.lock,<unlocked _thread.RLock object owner=0 count=0 at 0x00000153434AF960>>
[INFO]2021-03-10 08:35:46,564: create lock <lock name:door.lock,<unlocked _thread.RLock object owner=0 count=0 at 0x00000153434BE2A0>>
[INFO]2021-03-10 08:35:47,888: create lock <lock name:timer.lock_1457127448240,<unlocked _thread.RLock object owner=0 count=0 at 0x0000015343913060>>
[ERROR]2021-03-10 08:35:48,024: mqtt is disabled
[INFO]2021-03-10 08:35:48,025: mqtt: subscribe [alarm/raise/+]
[INFO]2021-03-10 08:35:48,025: mqtt: subscribe [alarm/clear/+]
[INFO]2021-03-10 08:35:51,544: Mongodb connect to 127.0.0.1 port 27017
[INFO]2021-03-10 08:35:51,642: create lock <lock name:elevatorMgr.lock,<unlocked _thread.RLock object owner=0 count=0 at 0x0000015343B88120>>
[WARNING]2021-03-10 08:35:51,755: use mockAgvCtrl
[INFO]2021-03-10 08:35:51,765: create lock <lock name:mapMgr.lock,<unlocked _thread.RLock object owner=0 count=0 at 0x0000015341A72480>>
[INFO]2021-03-10 08:35:52,697: create lock <lock name:agvList.g_agvLock,<unlocked _thread.RLock object owner=0 count=0 at 0x0000015343C58B10>>
[INFO]2021-03-10 08:35:52,716: create lock <lock name:taskList.lock,<unlocked _thread.RLock object owner=0 count=0 at 0x0000015343D0B600>>
[INFO]2021-03-10 08:35:52,819: charge policy 0 , fix time
[INFO]2021-03-10 08:35:52,892: create lock <lock name:agvApi.g_lock,<unlocked _thread.RLock object owner=0 count=0 at 0x0000015343D0BE10>>
[INFO]2021-03-10 08:35:53,245: start load map C:\Users\WINDOWS\Desktop\akmLine\agvCtrl\projects\test\akmLineMap.smap
[DEBUG]2021-03-10 08:35:53,512: create aliveObj ELEVATOR01 电梯离线异常 timeout 30
[DEBUG]2021-03-10 08:35:53,530: elevator thread start
[INFO]2021-03-10 08:35:53,628: load map C:\Users\WINDOWS\Desktop\akmLine\agvCtrl\projects\test\akmLineMap.smap ,used 394 ms
[INFO]2021-03-10 08:35:53,641: start load map C:\Users\WINDOWS\Desktop\akmLine\agvCtrl\projects\test\firstFloor.smap
[INFO]2021-03-10 08:35:53,744: load map C:\Users\WINDOWS\Desktop\akmLine\agvCtrl\projects\test\firstFloor.smap ,used 115 ms
[INFO]2021-03-10 08:35:53,763: start load map C:\Users\WINDOWS\Desktop\akmLine\agvCtrl\projects\test\secondFloor.smap
[INFO]2021-03-10 08:35:53,896: load map C:\Users\WINDOWS\Desktop\akmLine\agvCtrl\projects\test\secondFloor.smap ,used 151 ms
[INFO]2021-03-10 08:35:53,909: start load map C:\Users\WINDOWS\Desktop\akmLine\agvCtrl\projects\test\shuqin.smap
[INFO]2021-03-10 08:35:54,009: load map C:\Users\WINDOWS\Desktop\akmLine\agvCtrl\projects\test\shuqin.smap ,used 112 ms
[INFO]2021-03-10 08:35:54,022: start load map C:\Users\WINDOWS\Desktop\akmLine\agvCtrl\projects\test\test430.smap
[INFO]2021-03-10 08:35:54,135: load map C:\Users\WINDOWS\Desktop\akmLine\agvCtrl\projects\test\test430.smap ,used 125 ms
[INFO]2021-03-10 08:35:54,147: start load map C:\Users\WINDOWS\Desktop\akmLine\agvCtrl\projects\test\testdesay.smap
[INFO]2021-03-10 08:35:54,306: load map C:\Users\WINDOWS\Desktop\akmLine\agvCtrl\projects\test\testdesay.smap ,used 170 ms
[INFO]2021-03-10 08:35:54,310: import agvDevice.main_agvDevice
[INFO]2021-03-10 08:35:54,311: import alarm.main_alarm
[INFO]2021-03-10 08:35:54,312: import auth.main_auth
[INFO]2021-03-10 08:35:54,447: import door.main_door
[INFO]2021-03-10 08:35:54,607: import elevator.main_elevator
[INFO]2021-03-10 08:36:04,177: create lock <lock name:elevatorApi.g_lock,<unlocked _thread.RLock object owner=0 count=0 at 0x0000015344F2B600>>
[INFO]2021-03-10 08:36:04,180: import elevator.main_elevator
[INFO]2021-03-10 08:36:04,182: import feed.main_feed
[INFO]2021-03-10 08:36:04,248: create lock <lock name:feedTask.g_lock,<unlocked _thread.RLock object owner=0 count=0 at 0x0000015347007DB0>>
[INFO]2021-03-10 08:36:04,441: create lock <lock name:PDA runTask.g_lock,<unlocked _thread.RLock object owner=0 count=0 at 0x0000015347007A50>>
[INFO]2021-03-10 08:36:04,459: create lock <lock name:mapMgr.lock,<unlocked _thread.RLock object owner=0 count=0 at 0x0000015347029CC0>>
[INFO]2021-03-10 08:36:04,552: IP: 0.0.0.0 port: 10001
[SUCC]2021-03-10 08:36:04,559: utility start, pid=1784, ppid=4244
[DEBUG]2021-03-10 08:36:04,560: start timer
[INFO]2021-03-10 08:36:04,597: load agv file: C:\Users\WINDOWS\Desktop\akmLine\agvCtrl/projects/test/agv.cfg
[INFO]2021-03-10 08:36:04,599: create lock <lock name:agvList.AGV01.lock,<unlocked _thread.RLock object owner=0 count=0 at 0x000001534707BED0>>
[DEBUG]2021-03-10 08:36:04,601: create aliveObj AGV01 AGV离线异常 timeout 300
[INFO]2021-03-10 08:36:04,602: AGV01 start agvList run thread
[INFO]2021-03-10 08:36:04,603: AGV01 start agvList run2 thread
[INFO]2021-03-10 08:36:04,603: === AGV01 {}
[ERROR]2021-03-10 08:36:04,607: agv check init error False
[WARNING]2021-03-10 08:36:04,637: Local server start! version 3.8.0, path C:\Users\WINDOWS\Desktop\akmLine\common, pid 1784
[INFO]2021-03-10 08:36:04,639: add_ignore: taskStatus
[INFO]2021-03-10 08:36:05,109: === AGV01 {'AGV01': <driver.seerAgv.mockAgvCtrl.mockAgv object at 0x0000015347096460>}
[INFO]2021-03-10 08:36:05,112: AGV01 current map akmLineMap
[INFO]2021-03-10 08:36:05,115: AGV01 is online
