[INFO]2020-09-18 16:05:16,417: log files at C:\akmLine\common\log
[INFO]2020-09-18 16:05:16,418: find module agvCtrl.main_agv
[INFO]2020-09-18 16:05:16,419: find module agvDevice.main_agvDevice
[INFO]2020-09-18 16:05:16,420: find module alarm.main_alarm
[INFO]2020-09-18 16:05:16,421: find module auth.main_auth
[INFO]2020-09-18 16:05:16,422: find module door.main_door
[INFO]2020-09-18 16:05:16,423: find module elevator.main_elevator
[INFO]2020-09-18 16:05:16,423: find module feed.main_feed
[INFO]2020-09-18 16:05:16,424: import agvCtrl.main_agv
[INFO]2020-09-18 16:05:17,500: create lock <lock name:doorMgr.lock,<unlocked _thread.RLock object owner=0 count=0 at 0x00000000074C0328>>
[INFO]2020-09-18 16:05:17,507: create lock <lock name:door.lock,<unlocked _thread.RLock object owner=0 count=0 at 0x00000000074C0580>>
[INFO]2020-09-18 16:05:17,782: create lock <lock name:timer.lock_127985256,<unlocked _thread.RLock object owner=0 count=0 at 0x00000000079EBBE8>>
[ERROR]2020-09-18 16:05:17,810: mqtt is disabled
[INFO]2020-09-18 16:05:17,811: mqtt: subscribe [alarm/raise/+]
[INFO]2020-09-18 16:05:17,812: mqtt: subscribe [alarm/clear/+]
[INFO]2020-09-18 16:05:20,890: Mongodb connect to 127.0.0.1 port 27017
[INFO]2020-09-18 16:05:20,955: create lock <lock name:elevatorApi.tcp_lock,<unlocked _thread.RLock object owner=0 count=0 at 0x0000000007C0B670>>
[INFO]2020-09-18 16:05:20,957: create lock <lock name:elevatorApi.g_lock,<unlocked _thread.RLock object owner=0 count=0 at 0x0000000007C0B2B0>>
[INFO]2020-09-18 16:05:20,961: create lock <lock name:elevatorMgr.lock,<unlocked _thread.RLock object owner=0 count=0 at 0x0000000007B84DC8>>
[INFO]2020-09-18 16:05:21,718: create lock <lock name:mapMgr.lock,<unlocked _thread.RLock object owner=0 count=0 at 0x0000000005B727B0>>
[INFO]2020-09-18 16:05:22,805: create lock <lock name:agvList.g_agvLock,<unlocked _thread.RLock object owner=0 count=0 at 0x00000000080479E0>>
[INFO]2020-09-18 16:05:22,811: create lock <lock name:taskList.lock,<unlocked _thread.RLock object owner=0 count=0 at 0x0000000008295328>>
[INFO]2020-09-18 16:05:23,077: charge policy 0 , fix time
[INFO]2020-09-18 16:05:23,215: create lock <lock name:agvApi.g_lock,<unlocked _thread.RLock object owner=0 count=0 at 0x0000000008295E90>>
[INFO]2020-09-18 16:05:23,881: start load map C:\akmLine\agvCtrl\projects\akmLine\akmLineMap.smap
[CRITICAL]2020-09-18 16:05:23,978: import main_agv failed, path: agvCtrl cause a error: 'NoneType' object has no attribute 'x'
pid=57656, ppid=57608, tid=57660
Traceback (most recent call last):
  File "C:\akmLine\common\run_all.py", line 39, in findModule
    __import__(m[1])
  File "C:\akmLine\agvCtrl\main_agv.py", line 22, in <module>
    mapMgr.loadAllMap()
  File "C:\akmLine\common\lock.py", line 120, in _call
    return func(*p,**pp)
  File "C:\akmLine\agvCtrl\mapMgr.py", line 78, in loadAllMap
    getMap(m["id"])
  File "C:\akmLine\agvCtrl\mapMgr.py", line 54, in getMap
    g_map[mapId] = mapInfo.load(mapId + ".smap")
  File "C:\akmLine\agvCtrl\mapMgr.py", line 349, in load
    p = o.ptrList #≥ı ºªØbezier
  File "C:\akmLine\agvCtrl\mapElement.py", line 644, in ptrList
    pp = [(self.startPos.x, self.startPos.y), (self.ctrlPoint1.x, self.ctrlPoint1.y),(self.ctrlPoint2.x, self.ctrlPoint2.y), (self.endPos.x,self.endPos.y)]
AttributeError: 'NoneType' object has no attribute 'x'

[CRITICAL]2020-09-18 16:05:23,983: import main_agv failed, path: agvCtrl ,cause 'NoneType' object has no attribute 'x'
