[CRITICAL]2021-06-07 17:10:14,062: import main_agv failed, path: agvCtrl cause a error: File contains no section headers.
file: '<string>', line: 1
'\x00\x00\x00\x00\x00\x00\x00\x00\x00\x00\x00\x00\x00\x00\x00\x00\x00\x00\x00\x00\x00\x00\x00\x00\x00\x00\x00\x00\x00\x00\x00\x00\x00'
pid=8816, ppid=5876, tid=6832
Traceback (most recent call last):
  File "run_all.py", line 39, in findModule
    __import__(m[1])
  File "C:\Users\Administrator\Desktop\SVN\succAKM\akmLine\agvCtrl\main_agv.py", line 22, in <module>
    mapMgr.loadAllMap()
  File "C:\Users\Administrator\Desktop\SVN\succAKM\akmLine\common\lock.py", line 120, in _call
    return func(*p,**pp)
  File "C:\Users\Administrator\Desktop\SVN\succAKM\akmLine\agvCtrl\mapMgr.py", line 78, in loadAllMap
    getMap(m["id"])
  File "C:\Users\Administrator\Desktop\SVN\succAKM\akmLine\agvCtrl\mapMgr.py", line 54, in getMap
    g_map[mapId] = mapInfo.load(mapId + ".smap")
  File "C:\Users\Administrator\Desktop\SVN\succAKM\akmLine\agvCtrl\mapMgr.py", line 352, in load
    ret._init(oldPath,ctime)
  File "C:\Users\Administrator\Desktop\SVN\succAKM\akmLine\agvCtrl\mapMgr.py", line 656, in _init
    self.doors = doorMgr.doors(self.mapId)
  File "C:\Users\Administrator\Desktop\SVN\succAKM\akmLine\agvCtrl\doorMgr.py", line 127, in __init__
    self._load()
  File "C:\Users\Administrator\Desktop\SVN\succAKM\akmLine\agvCtrl\doorMgr.py", line 137, in _load
    d = switchMgr.getDoorByMapId(self.mapId)
  File "..\door\switchMgr.py", line 45, in getDoorByMapId
    swichList = getDoorList()
  File "C:\Users\Administrator\Desktop\SVN\succAKM\akmLine\common\lock.py", line 120, in _call
    return func(*p,**pp)
  File "..\door\switchMgr.py", line 90, in getDoorList
    g_swichList = _loadDoorList()
  File "..\door\switchMgr.py", line 59, in _loadDoorList
    proName = local.get("project","name")
  File "C:\Users\Administrator\Desktop\SVN\succAKM\akmLine\common\local.py", line 84, in get
    return _get_cfg().get(section,key,default)
  File "C:\Users\Administrator\Desktop\SVN\succAKM\akmLine\common\local.py", line 33, in _get_cfg
    _loadStackFiles()
  File "C:\Users\Administrator\Desktop\SVN\succAKM\akmLine\common\local.py", line 28, in _loadStackFiles
    _add(dirName)
  File "C:\Users\Administrator\Desktop\SVN\succAKM\akmLine\common\local.py", line 21, in _add
    g_cfg.addCfg(p)
  File "C:\Users\Administrator\Desktop\SVN\succAKM\akmLine\common\config.py", line 80, in addCfg
    c = config(filename)
  File "C:\Users\Administrator\Desktop\SVN\succAKM\akmLine\common\config.py", line 26, in __init__
    self.load(filename)
  File "C:\Users\Administrator\Desktop\SVN\succAKM\akmLine\common\config.py", line 50, in load
    self.cfg.read_string(s)
  File "C:\Python37\lib\configparser.py", line 722, in read_string
    self.read_file(sfile, source)
  File "C:\Python37\lib\configparser.py", line 717, in read_file
    self._read(f, source)
  File "C:\Python37\lib\configparser.py", line 1079, in _read
    raise MissingSectionHeaderError(fpname, lineno, line)
configparser.MissingSectionHeaderError: File contains no section headers.
file: '<string>', line: 1
'\x00\x00\x00\x00\x00\x00\x00\x00\x00\x00\x00\x00\x00\x00\x00\x00\x00\x00\x00\x00\x00\x00\x00\x00\x00\x00\x00\x00\x00\x00\x00\x00\x00'

[CRITICAL]2021-06-07 17:10:14,085: import main_agv failed, path: agvCtrl ,cause File contains no section headers.
file: '<string>', line: 1
'\x00\x00\x00\x00\x00\x00\x00\x00\x00\x00\x00\x00\x00\x00\x00\x00\x00\x00\x00\x00\x00\x00\x00\x00\x00\x00\x00\x00\x00\x00\x00\x00\x00'
