[CRITICAL]2020-07-16 10:57:09,212: setSwitch cause a error: timed out
pid=15556, ppid=8536, tid=16688
Traceback (most recent call last):
  File "E:\python_work\akm_office\door\switchControl2.py", line 189, in test_action
    open(ip,0)
  File "E:\python_work\akm_office\door\switchControl2.py", line 40, in open
    return _request(ip=ip,type=BUTTON_OPEN,addr=addr,data=OPEN_VALUE)
  File "E:\python_work\akm_office\door\switchControl2.py", line 81, in _request
    result = GetDataShort(buf,ip,PORT)
  File "E:\python_work\akm_office\door\switchControl2.py", line 101, in GetDataShort
    recData = client.recv()
  File "../common\tcpSocketAdvanced.py", line 39, in recv
    part_body = self._socket.recv(recvLen)
socket.timeout: timed out

[CRITICAL]2020-07-16 10:57:21,289: setSwitch cause a error: timed out
pid=15556, ppid=8536, tid=16688
Traceback (most recent call last):
  File "E:\python_work\akm_office\door\switchControl2.py", line 189, in test_action
    open(ip,0)
  File "E:\python_work\akm_office\door\switchControl2.py", line 40, in open
    return _request(ip=ip,type=BUTTON_OPEN,addr=addr,data=OPEN_VALUE)
  File "E:\python_work\akm_office\door\switchControl2.py", line 81, in _request
    result = GetDataShort(buf,ip,PORT)
  File "E:\python_work\akm_office\door\switchControl2.py", line 101, in GetDataShort
    recData = client.recv()
  File "../common\tcpSocketAdvanced.py", line 39, in recv
    part_body = self._socket.recv(recvLen)
socket.timeout: timed out

