[CRITICAL]2020-12-29 19:25:05,027: checkFinish cause a error: ('http get', 'http://127.0.0.1:8999/api/agv/taskStatus', {'taskId': 'AKM-TEST2:2020-12-29 19:23:59----LM7----2020-12-29 19:24:01', 'appName': 'feed2'}, 'error:', '<urlopen error [WinError 10061] 由于目标计算机积极拒绝，无法连接。>')
pid=11992, ppid=11640, tid=1796
Traceback (most recent call last):
  File "D:\Python\Python38\lib\urllib\request.py", line 1317, in do_open
    h.request(req.get_method(), req.selector, req.data, headers,
  File "D:\Python\Python38\lib\http\client.py", line 1230, in request
    self._send_request(method, url, body, headers, encode_chunked)
  File "D:\Python\Python38\lib\http\client.py", line 1276, in _send_request
    self.endheaders(body, encode_chunked=encode_chunked)
  File "D:\Python\Python38\lib\http\client.py", line 1225, in endheaders
    self._send_output(message_body, encode_chunked=encode_chunked)
  File "D:\Python\Python38\lib\http\client.py", line 1004, in _send_output
    self.send(msg)
  File "D:\Python\Python38\lib\http\client.py", line 944, in send
    self.connect()
  File "D:\Python\Python38\lib\http\client.py", line 915, in connect
    self.sock = self._create_connection(
  File "D:\Python\Python38\lib\socket.py", line 807, in create_connection
    raise err
  File "D:\Python\Python38\lib\socket.py", line 796, in create_connection
    sock.connect(sa)
ConnectionRefusedError: [WinError 10061] 由于目标计算机积极拒绝，无法连接。

During handling of the above exception, another exception occurred:

Traceback (most recent call last):
  File "../common\webutility.py", line 103, in http_get
    f = urllib.request.urlopen(u,timeout=timeout)
  File "D:\Python\Python38\lib\urllib\request.py", line 222, in urlopen
    return opener.open(url, data, timeout)
  File "D:\Python\Python38\lib\urllib\request.py", line 525, in open
    response = self._open(req, data)
  File "D:\Python\Python38\lib\urllib\request.py", line 542, in _open
    result = self._call_chain(self.handle_open, protocol, protocol +
  File "D:\Python\Python38\lib\urllib\request.py", line 502, in _call_chain
    result = func(*args)
  File "D:\Python\Python38\lib\urllib\request.py", line 1346, in http_open
    return self.do_open(http.client.HTTPConnection, req)
  File "D:\Python\Python38\lib\urllib\request.py", line 1320, in do_open
    raise URLError(err)
urllib.error.URLError: <urlopen error [WinError 10061] 由于目标计算机积极拒绝，无法连接。>

During handling of the above exception, another exception occurred:

Traceback (most recent call last):
  File "./..\agvCtrl\agvApi.py", line 239, in _checkFinish
    status = getTaskStatus(ids)
  File "./..\agvCtrl\agvApi.py", line 74, in getTaskStatus
    return _http_get(url + '/api/agv/taskStatus',{"taskId": taskId})["taskList"]
  File "./..\agvCtrl\agvApi.py", line 61, in _http_get
    r = webutility.http_get(url, param, timeout=45,writelog=False)
  File "../common\webutility.py", line 105, in http_get
    raise Exception("http get",url,params,"error:",str(e))
Exception: ('http get', 'http://127.0.0.1:8999/api/agv/taskStatus', {'taskId': 'AKM-TEST2:2020-12-29 19:23:59----LM7----2020-12-29 19:24:01', 'appName': 'feed2'}, 'error:', '<urlopen error [WinError 10061] 由于目标计算机积极拒绝，无法连接。>')

