[CRITICAL]2020-04-26 11:34:16,701: update task error: cause a error: 'NoneType' object has no attribute 'setBackground'
pid=11788, ppid=9592, tid=9924
Traceback (most recent call last):
  File "E:/python_work/akm/akmCtrl/taskUI.py", line 184, in autoUpdateTask
    self.updateTaskBydb()
  File "E:/python_work/akm/akmCtrl/taskUI.py", line 171, in updateTaskBydb
    self.updateTask(tasks[i], index)
  File "E:/python_work/akm/akmCtrl/taskUI.py", line 123, in updateTask
    set(i, task["agvId"])
  File "E:/python_work/akm/akmCtrl/taskUI.py", line 115, in set
    item.setBackground(PyQt5.QtGui.QBrush(PyQt5.QtGui.QColor(resultColor)))
AttributeError: 'NoneType' object has no attribute 'setBackground'

[CRITICAL]2020-04-26 11:34:43,682: update task error: cause a error: 'NoneType' object has no attribute 'setBackground'
pid=11788, ppid=9592, tid=9924
Traceback (most recent call last):
  File "E:/python_work/akm/akmCtrl/taskUI.py", line 184, in autoUpdateTask
    self.updateTaskBydb()
  File "E:/python_work/akm/akmCtrl/taskUI.py", line 171, in updateTaskBydb
    self.updateTask(tasks[i], index)
  File "E:/python_work/akm/akmCtrl/taskUI.py", line 123, in updateTask
    set(i, task["agvId"])
  File "E:/python_work/akm/akmCtrl/taskUI.py", line 115, in set
    item.setBackground(PyQt5.QtGui.QBrush(PyQt5.QtGui.QColor(resultColor)))
AttributeError: 'NoneType' object has no attribute 'setBackground'

