[INFO]2021-03-03 15:29:40,533: log files at D:\python_lx\akm\common\log
[INFO]2021-03-03 15:29:40,534: find module agvCtrl.main_agv
[INFO]2021-03-03 15:29:40,534: find module agvDevice.main_agvDevice
[INFO]2021-03-03 15:29:40,535: find module alarm.main_alarm
[INFO]2021-03-03 15:29:40,535: find module auth.main_auth
[INFO]2021-03-03 15:29:40,535: find module button.main_button
[INFO]2021-03-03 15:29:40,536: find module door.main_door
[INFO]2021-03-03 15:29:40,536: find module elevator.main_elevator
[INFO]2021-03-03 15:29:40,536: find module virtualDoor.main_doorCtrl
[INFO]2021-03-03 15:29:40,537: import agvCtrl.main_agv
[INFO]2021-03-03 15:29:40,944: create lock <lock name:doorMgr.lock,<unlocked _thread.RLock object owner=0 count=0 at 0x000002866CE7D630>>
[INFO]2021-03-03 15:29:40,948: create lock <lock name:door.lock,<unlocked _thread.RLock object owner=0 count=0 at 0x000002866CE8D6F0>>
[INFO]2021-03-03 15:29:40,949: create lock <lock name:door.lock,<unlocked _thread.RLock object owner=0 count=0 at 0x000002866CE8DB70>>
[INFO]2021-03-03 15:29:41,036: create lock <lock name:timer.lock_2776379309840,<unlocked _thread.RLock object owner=0 count=0 at 0x000002866D1B4090>>
[ERROR]2021-03-03 15:29:41,046: mqtt is disabled
[INFO]2021-03-03 15:29:41,046: mqtt: subscribe [alarm/raise/+]
[INFO]2021-03-03 15:29:41,047: mqtt: subscribe [alarm/clear/+]
[INFO]2021-03-03 15:29:44,074: Mongodb connect to 127.0.0.1 port 27017
[INFO]2021-03-03 15:29:44,123: create lock <lock name:elevatorApi.tcp_lock,<unlocked _thread.RLock object owner=0 count=0 at 0x000002866D436480>>
[INFO]2021-03-03 15:29:44,123: create lock <lock name:elevatorApi.g_lock,<unlocked _thread.RLock object owner=0 count=0 at 0x000002866D42FD80>>
[INFO]2021-03-03 15:29:44,124: create lock <lock name:elevatorMgr.lock,<unlocked _thread.RLock object owner=0 count=0 at 0x000002866D42F1E0>>
[INFO]2021-03-03 15:29:44,135: create lock <lock name:agvserver,<unlocked _thread.RLock object owner=0 count=0 at 0x000002866D48B5A0>>
[INFO]2021-03-03 15:29:44,413: create lock <lock name:mapMgr.lock,<unlocked _thread.RLock object owner=0 count=0 at 0x000002866D4522A0>>
[INFO]2021-03-03 15:29:44,686: create lock <lock name:agvList.g_agvLock,<unlocked _thread.RLock object owner=0 count=0 at 0x000002866D526FC0>>
[INFO]2021-03-03 15:29:44,688: create lock <lock name:taskList.lock,<unlocked _thread.RLock object owner=0 count=0 at 0x000002866D5E0930>>
[INFO]2021-03-03 15:29:44,779: charge policy 0 , fix time
[INFO]2021-03-03 15:29:44,810: create lock <lock name:agvApi.g_lock,<unlocked _thread.RLock object owner=0 count=0 at 0x000002866D5EC540>>
[INFO]2021-03-03 15:29:45,194: start load map D:\python_lx\akm\agvCtrl\projects\akm\AKM-AOI.smap
[DEBUG]2021-03-03 15:29:45,401: elevator thread start
[INFO]2021-03-03 15:29:45,421: load map D:\python_lx\akm\agvCtrl\projects\akm\AKM-AOI.smap ,used 236 ms
[INFO]2021-03-03 15:29:45,430: start load map D:\python_lx\akm\agvCtrl\projects\akm\AKM-DC.smap
[INFO]2021-03-03 15:29:45,493: load map D:\python_lx\akm\agvCtrl\projects\akm\AKM-DC.smap ,used 72 ms
[INFO]2021-03-03 15:29:45,502: start load map D:\python_lx\akm\agvCtrl\projects\akm\AKM-DDT.smap
[INFO]2021-03-03 15:29:45,567: load map D:\python_lx\akm\agvCtrl\projects\akm\AKM-DDT.smap ,used 74 ms
[INFO]2021-03-03 15:29:45,576: start load map D:\python_lx\akm\agvCtrl\projects\akm\AKM-FQC.smap
[DEBUG]2021-03-03 15:29:45,730: create aliveObj SK_DOOR 门控离线异常 timeout 60
[DEBUG]2021-03-03 15:29:45,730: create aliveObj vitualDoor01 门控离线异常 timeout 60
[DEBUG]2021-03-03 15:29:45,730: create aliveObj vitualDoor02 门控离线异常 timeout 60
[INFO]2021-03-03 15:29:45,752: load map D:\python_lx\akm\agvCtrl\projects\akm\AKM-FQC.smap ,used 185 ms
[INFO]2021-03-03 15:29:45,761: start load map D:\python_lx\akm\agvCtrl\projects\akm\AKM-LYH.smap
[INFO]2021-03-03 15:29:45,853: load map D:\python_lx\akm\agvCtrl\projects\akm\AKM-LYH.smap ,used 101 ms
[INFO]2021-03-03 15:29:45,862: start load map D:\python_lx\akm\agvCtrl\projects\akm\AKM-ZP.smap
[INFO]2021-03-03 15:29:45,970: load map D:\python_lx\akm\agvCtrl\projects\akm\AKM-ZP.smap ,used 117 ms
[INFO]2021-03-03 15:29:45,979: start load map D:\python_lx\akm\agvCtrl\projects\akm\office.smap
[INFO]2021-03-03 15:29:46,020: load map D:\python_lx\akm\agvCtrl\projects\akm\office.smap ,used 50 ms
[INFO]2021-03-03 15:29:46,024: import agvDevice.main_agvDevice
[INFO]2021-03-03 15:29:46,024: import alarm.main_alarm
[INFO]2021-03-03 15:29:46,024: import auth.main_auth
[INFO]2021-03-03 15:29:46,032: import button.main_button
[INFO]2021-03-03 15:29:46,036: create lock <lock name:agvApi.g_lock,<unlocked _thread.RLock object owner=0 count=0 at 0x000002866DB0D1B0>>
[INFO]2021-03-03 15:29:46,067: import door.main_door
[INFO]2021-03-03 15:29:46,069: import elevator.main_elevator
[INFO]2021-03-03 15:29:46,069: import virtualDoor.main_doorCtrl
[INFO]2021-03-03 15:29:47,359: create lock <lock name:IOAlarm.s_lock,<unlocked _thread.RLock object owner=0 count=0 at 0x000002866DB4A960>>
[DEBUG]2021-03-03 15:29:47,360: create aliveObj magneticAGV01 二维码掉线异常 timeout 120
[SUCC]2021-03-03 15:29:47,368: utility start, pid=16508, ppid=10552
[DEBUG]2021-03-03 15:29:47,370: start timer
[INFO]2021-03-03 15:29:47,377: load agv file: D:\python_lx\akm\agvCtrl/projects/akm/agv.cfg
[INFO]2021-03-03 15:29:47,377: create lock <lock name:agvList.AGV23.lock,<unlocked _thread.RLock object owner=0 count=0 at 0x000002866E14DE10>>
[DEBUG]2021-03-03 15:29:47,379: create aliveObj AGV23 AGV离线异常 timeout 300
[INFO]2021-03-03 15:29:47,379: AGV23 start agvList run thread
[INFO]2021-03-03 15:29:47,379: create lock <lock name:agv.AGV23.lock_status,<unlocked _thread.RLock object owner=0 count=0 at 0x000002866E167DE0>>
[DEBUG]2021-03-03 15:29:47,380: try connect AGV23 192.168.20.198:19204
[INFO]2021-03-03 15:29:47,380: AGV23 start agvList run2 thread
[WARN]2021-03-03 15:29:47,382: Local server start! version 3.8.0, path D:\python_lx\akm\common, pid 16508
[INFO]2021-03-03 15:29:47,382: add_ignore: taskStatus
[INFO]2021-03-03 15:29:51,436: magneticAGV01 (0, 0, 0, 0)
[INFO]2021-03-03 15:29:54,452: magneticAGV01 (0, 0, 0, 0)
[ERROR]2021-03-03 15:29:57,381: connect AGV23 failed timed out
[DEBUG]2021-03-03 15:29:57,382: try connect AGV23 192.168.20.198:19204
[INFO]2021-03-03 15:29:57,460: startCharge is false
[INFO]2021-03-03 15:29:57,463: magneticAGV01 (0, 0, 0, 0)
[INFO]2021-03-03 15:30:00,470: magneticAGV01 (0, 0, 0, 0)
[INFO]2021-03-03 15:30:03,480: magneticAGV01 (0, 0, 0, 0)
[INFO]2021-03-03 15:30:06,493: magneticAGV01 (0, 0, 0, 0)
[ERROR]2021-03-03 15:30:07,383: connect AGV23 failed timed out
[INFO]2021-03-03 15:30:07,383: AGV23 checkLink failed 192.168.20.198 19204
[WARN]2021-03-03 15:30:07,383: agvThread.AGV23[tid:14184] <lock name:agv.AGV23.lock_status,<locked _thread.RLock object owner=14184 count=1 at 0x000002866E167DE0>> ,hold 20003 ms
[INFO]2021-03-03 15:30:07,384: name=agvThread.AGV23, pid=16508, tid=14184
[01] File "C:/Python38/lib/threading.py", line 870, in run() 
[02] File "D:/python_lx/akm/agvCtrl/agvList.py", line 565, in run() 
[03] File "D:/python_lx/akm/driver/seerAgv/agvCtrl.py", line 36, in checkLink() 
[04] File "D:/python_lx/akm/driver/seerAgv/agvApi.py", line 184, in checkLink() 
[05] File "D:/python_lx/akm/common/lock.py", line 102, in release() 
[06] File "D:/python_lx/akm/common/enhance.py", line 268, in getTrace() 
[07] File "D:/python_lx/akm/common/enhance.py", line 248, in getThreadStack()
[DEBUG]2021-03-03 15:30:09,385: try connect AGV23 192.168.20.198:19204
[INFO]2021-03-03 15:30:09,496: startCharge is false
[INFO]2021-03-03 15:30:09,526: magneticAGV01 (0, 0, 0, 0)
[INFO]2021-03-03 15:30:12,544: magneticAGV01 (0, 0, 0, 0)
[INFO]2021-03-03 15:30:15,551: magneticAGV01 (0, 0, 0, 0)
[INFO]2021-03-03 15:30:18,559: magneticAGV01 (0, 0, 0, 0)
[ERROR]2021-03-03 15:30:19,386: connect AGV23 failed timed out
[INFO]2021-03-03 15:30:19,386: AGV23 checkLink failed 192.168.20.198 19204
[WARN]2021-03-03 15:30:19,386: agvThread.AGV23[tid:14184] <lock name:agv.AGV23.lock_status,<locked _thread.RLock object owner=14184 count=1 at 0x000002866E167DE0>> ,hold 10001 ms
[INFO]2021-03-03 15:30:19,387: name=agvThread.AGV23, pid=16508, tid=14184
[01] File "C:/Python38/lib/threading.py", line 870, in run() 
[02] File "D:/python_lx/akm/agvCtrl/agvList.py", line 565, in run() 
[03] File "D:/python_lx/akm/driver/seerAgv/agvCtrl.py", line 36, in checkLink() 
[04] File "D:/python_lx/akm/driver/seerAgv/agvApi.py", line 184, in checkLink() 
[05] File "D:/python_lx/akm/common/lock.py", line 102, in release() 
[06] File "D:/python_lx/akm/common/enhance.py", line 268, in getTrace() 
[07] File "D:/python_lx/akm/common/enhance.py", line 248, in getThreadStack()
[DEBUG]2021-03-03 15:30:21,388: try connect AGV23 192.168.20.198:19204
[INFO]2021-03-03 15:30:21,561: startCharge is false
[INFO]2021-03-03 15:30:21,566: magneticAGV01 (0, 0, 0, 0)
[INFO]2021-03-03 15:30:24,573: magneticAGV01 (0, 0, 0, 0)
[INFO]2021-03-03 15:30:27,579: magneticAGV01 (0, 0, 0, 0)
[INFO]2021-03-03 15:30:30,592: magneticAGV01 (0, 0, 0, 0)
[ERROR]2021-03-03 15:30:31,388: connect AGV23 failed timed out
[INFO]2021-03-03 15:30:31,389: AGV23 checkLink failed 192.168.20.198 19204
[WARN]2021-03-03 15:30:31,390: agvThread.AGV23[tid:14184] <lock name:agv.AGV23.lock_status,<locked _thread.RLock object owner=14184 count=1 at 0x000002866E167DE0>> ,hold 10002 ms
[INFO]2021-03-03 15:30:31,392: name=agvThread.AGV23, pid=16508, tid=14184
[01] File "C:/Python38/lib/threading.py", line 870, in run() 
[02] File "D:/python_lx/akm/agvCtrl/agvList.py", line 565, in run() 
[03] File "D:/python_lx/akm/driver/seerAgv/agvCtrl.py", line 36, in checkLink() 
[04] File "D:/python_lx/akm/driver/seerAgv/agvApi.py", line 184, in checkLink() 
[05] File "D:/python_lx/akm/common/lock.py", line 102, in release() 
[06] File "D:/python_lx/akm/common/enhance.py", line 268, in getTrace() 
[07] File "D:/python_lx/akm/common/enhance.py", line 248, in getThreadStack()
[DEBUG]2021-03-03 15:30:33,394: try connect AGV23 192.168.20.198:19204
[INFO]2021-03-03 15:30:33,596: startCharge is false
[INFO]2021-03-03 15:30:33,600: magneticAGV01 (0, 0, 0, 0)
[INFO]2021-03-03 15:30:36,611: magneticAGV01 (0, 0, 0, 0)
[INFO]2021-03-03 15:30:39,622: magneticAGV01 (0, 0, 0, 0)
[INFO]2021-03-03 15:30:42,639: magneticAGV01 (0, 0, 0, 0)
[ERROR]2021-03-03 15:30:43,394: connect AGV23 failed timed out
[INFO]2021-03-03 15:30:43,394: AGV23 checkLink failed 192.168.20.198 19204
[WARN]2021-03-03 15:30:43,395: agvThread.AGV23[tid:14184] <lock name:agv.AGV23.lock_status,<locked _thread.RLock object owner=14184 count=1 at 0x000002866E167DE0>> ,hold 10001 ms
[INFO]2021-03-03 15:30:43,397: name=agvThread.AGV23, pid=16508, tid=14184
[01] File "C:/Python38/lib/threading.py", line 870, in run() 
[02] File "D:/python_lx/akm/agvCtrl/agvList.py", line 565, in run() 
[03] File "D:/python_lx/akm/driver/seerAgv/agvCtrl.py", line 36, in checkLink() 
[04] File "D:/python_lx/akm/driver/seerAgv/agvApi.py", line 184, in checkLink() 
[05] File "D:/python_lx/akm/common/lock.py", line 102, in release() 
[06] File "D:/python_lx/akm/common/enhance.py", line 268, in getTrace() 
[07] File "D:/python_lx/akm/common/enhance.py", line 248, in getThreadStack()
[DEBUG]2021-03-03 15:30:45,398: try connect AGV23 192.168.20.198:19204
[INFO]2021-03-03 15:30:45,643: startCharge is false
[INFO]2021-03-03 15:30:45,648: magneticAGV01 (0, 0, 0, 0)
[INFO]2021-03-03 15:30:48,659: magneticAGV01 (0, 0, 0, 0)
[INFO]2021-03-03 15:30:51,674: magneticAGV01 (0, 0, 0, 0)
[INFO]2021-03-03 15:30:54,689: magneticAGV01 (0, 0, 0, 0)
[ERROR]2021-03-03 15:30:55,399: connect AGV23 failed timed out
[INFO]2021-03-03 15:30:55,399: AGV23 checkLink failed 192.168.20.198 19204
[WARN]2021-03-03 15:30:55,399: agvThread.AGV23[tid:14184] <lock name:agv.AGV23.lock_status,<locked _thread.RLock object owner=14184 count=1 at 0x000002866E167DE0>> ,hold 10001 ms
[INFO]2021-03-03 15:30:55,400: name=agvThread.AGV23, pid=16508, tid=14184
[01] File "C:/Python38/lib/threading.py", line 870, in run() 
[02] File "D:/python_lx/akm/agvCtrl/agvList.py", line 565, in run() 
[03] File "D:/python_lx/akm/driver/seerAgv/agvCtrl.py", line 36, in checkLink() 
[04] File "D:/python_lx/akm/driver/seerAgv/agvApi.py", line 184, in checkLink() 
[05] File "D:/python_lx/akm/common/lock.py", line 102, in release() 
[06] File "D:/python_lx/akm/common/enhance.py", line 268, in getTrace() 
[07] File "D:/python_lx/akm/common/enhance.py", line 248, in getThreadStack()
[DEBUG]2021-03-03 15:30:57,400: try connect AGV23 192.168.20.198:19204
[INFO]2021-03-03 15:30:57,692: startCharge is false
[INFO]2021-03-03 15:30:57,695: magneticAGV01 (0, 0, 0, 0)
[INFO]2021-03-03 15:31:00,703: magneticAGV01 (0, 0, 0, 0)
[INFO]2021-03-03 15:31:03,719: magneticAGV01 (0, 0, 0, 0)
[INFO]2021-03-03 15:31:06,732: magneticAGV01 (0, 0, 0, 0)
[ERROR]2021-03-03 15:31:07,400: connect AGV23 failed timed out
[INFO]2021-03-03 15:31:07,400: AGV23 checkLink failed 192.168.20.198 19204
[WARN]2021-03-03 15:31:07,401: agvThread.AGV23[tid:14184] <lock name:agv.AGV23.lock_status,<locked _thread.RLock object owner=14184 count=1 at 0x000002866E167DE0>> ,hold 10001 ms
[INFO]2021-03-03 15:31:07,402: name=agvThread.AGV23, pid=16508, tid=14184
[01] File "C:/Python38/lib/threading.py", line 870, in run() 
[02] File "D:/python_lx/akm/agvCtrl/agvList.py", line 565, in run() 
[03] File "D:/python_lx/akm/driver/seerAgv/agvCtrl.py", line 36, in checkLink() 
[04] File "D:/python_lx/akm/driver/seerAgv/agvApi.py", line 184, in checkLink() 
[05] File "D:/python_lx/akm/common/lock.py", line 102, in release() 
[06] File "D:/python_lx/akm/common/enhance.py", line 268, in getTrace() 
[07] File "D:/python_lx/akm/common/enhance.py", line 248, in getThreadStack()
[DEBUG]2021-03-03 15:31:09,405: try connect AGV23 192.168.20.198:19204
[INFO]2021-03-03 15:31:09,735: startCharge is false
[INFO]2021-03-03 15:31:09,740: magneticAGV01 (0, 0, 0, 0)
[INFO]2021-03-03 15:31:12,748: magneticAGV01 (0, 0, 0, 0)
[DEBUG]2021-03-03 15:31:15,559: GET: http://127.0.0.1:8999/api/switch/on?id=vitualDoor01 addr: 127.0.0.1
[INFO]2021-03-03 15:31:15,560: open vitualDoor 127.0.0.100
[DEBUG]2021-03-03 15:31:15,560: used 1ms 200 OK application/json;charset=utf-8, GET: http://127.0.0.1:8999/api/switch/on?id=vitualDoor01
[INFO]2021-03-03 15:31:15,755: magneticAGV01 (0, 0, 0, 0)
[DEBUG]2021-03-03 15:31:18,373: GET: http://127.0.0.1:8999/api/switch/on?id=vitualDoor01 addr: 127.0.0.1
[CRITICAL]2021-03-03 15:31:18,382: invoke <function urlRelayopen at 0x000002866DB499D0> cause a error: exceptions must derive from BaseException
pid=16508, ppid=10552, tid=9628
Traceback (most recent call last):
  File "D:\python_lx\akm\common\scadaUtility.py", line 45, in __call
    ret = func(*p,**pp)
  File "D:\python_lx\akm\door\main_door.py", line 16, in urlRelayopen
    switchInfo.open()
  File "D:\python_lx\akm\door\switchMgr.py", line 138, in open
    vitualDoor.vitualDoorOpen(self.ip)
  File "D:\python_lx\akm\door\vitualDoor.py", line 47, in vitualDoorOpen
    g_swichList[ip].open()
  File "D:\python_lx\akm\door\vitualDoor.py", line 126, in open
    raise "%s虚拟门被锁"%self.swichId
TypeError: exceptions must derive from BaseException

[DEBUG]2021-03-03 15:31:18,382: used 9ms 200 OK application/json;charset=utf-8, GET: http://127.0.0.1:8999/api/switch/on?id=vitualDoor01
[INFO]2021-03-03 15:31:18,771: magneticAGV01 (0, 0, 0, 0)
[ERROR]2021-03-03 15:31:19,410: connect AGV23 failed timed out
[INFO]2021-03-03 15:31:19,411: AGV23 checkLink failed 192.168.20.198 19204
[WARN]2021-03-03 15:31:19,411: agvThread.AGV23[tid:14184] <lock name:agv.AGV23.lock_status,<locked _thread.RLock object owner=14184 count=1 at 0x000002866E167DE0>> ,hold 10006 ms
[INFO]2021-03-03 15:31:19,414: name=agvThread.AGV23, pid=16508, tid=14184
[01] File "C:/Python38/lib/threading.py", line 870, in run() 
[02] File "D:/python_lx/akm/agvCtrl/agvList.py", line 565, in run() 
[03] File "D:/python_lx/akm/driver/seerAgv/agvCtrl.py", line 36, in checkLink() 
[04] File "D:/python_lx/akm/driver/seerAgv/agvApi.py", line 184, in checkLink() 
[05] File "D:/python_lx/akm/common/lock.py", line 102, in release() 
[06] File "D:/python_lx/akm/common/enhance.py", line 268, in getTrace() 
[07] File "D:/python_lx/akm/common/enhance.py", line 248, in getThreadStack()
[DEBUG]2021-03-03 15:31:20,361: GET: http://127.0.0.1:8999/api/switch/on?id=vitualDoor01 addr: 127.0.0.1
[CRITICAL]2021-03-03 15:31:20,368: invoke <function urlRelayopen at 0x000002866DB499D0> cause a error: exceptions must derive from BaseException
pid=16508, ppid=10552, tid=11092
Traceback (most recent call last):
  File "D:\python_lx\akm\common\scadaUtility.py", line 45, in __call
    ret = func(*p,**pp)
  File "D:\python_lx\akm\door\main_door.py", line 16, in urlRelayopen
    switchInfo.open()
  File "D:\python_lx\akm\door\switchMgr.py", line 138, in open
    vitualDoor.vitualDoorOpen(self.ip)
  File "D:\python_lx\akm\door\vitualDoor.py", line 47, in vitualDoorOpen
    g_swichList[ip].open()
  File "D:\python_lx\akm\door\vitualDoor.py", line 126, in open
    raise "%s虚拟门被锁"%self.swichId
TypeError: exceptions must derive from BaseException

[DEBUG]2021-03-03 15:31:20,369: used 8ms 200 OK application/json;charset=utf-8, GET: http://127.0.0.1:8999/api/switch/on?id=vitualDoor01
[DEBUG]2021-03-03 15:31:21,332: GET: http://127.0.0.1:8999/api/switch/on?id=vitualDoor01 addr: 127.0.0.1
[CRITICAL]2021-03-03 15:31:21,339: invoke <function urlRelayopen at 0x000002866DB499D0> cause a error: exceptions must derive from BaseException
pid=16508, ppid=10552, tid=1804
Traceback (most recent call last):
  File "D:\python_lx\akm\common\scadaUtility.py", line 45, in __call
    ret = func(*p,**pp)
  File "D:\python_lx\akm\door\main_door.py", line 16, in urlRelayopen
    switchInfo.open()
  File "D:\python_lx\akm\door\switchMgr.py", line 138, in open
    vitualDoor.vitualDoorOpen(self.ip)
  File "D:\python_lx\akm\door\vitualDoor.py", line 47, in vitualDoorOpen
    g_swichList[ip].open()
  File "D:\python_lx\akm\door\vitualDoor.py", line 126, in open
    raise "%s虚拟门被锁"%self.swichId
TypeError: exceptions must derive from BaseException

[DEBUG]2021-03-03 15:31:21,340: used 7ms 200 OK application/json;charset=utf-8, GET: http://127.0.0.1:8999/api/switch/on?id=vitualDoor01
[DEBUG]2021-03-03 15:31:21,415: try connect AGV23 192.168.20.198:19204
[INFO]2021-03-03 15:31:21,774: startCharge is false
[INFO]2021-03-03 15:31:21,778: magneticAGV01 (0, 0, 0, 0)
[DEBUG]2021-03-03 15:31:22,065: GET: http://127.0.0.1:8999/api/switch/on?id=vitualDoor01 addr: 127.0.0.1
[CRITICAL]2021-03-03 15:31:22,072: invoke <function urlRelayopen at 0x000002866DB499D0> cause a error: exceptions must derive from BaseException
pid=16508, ppid=10552, tid=8344
Traceback (most recent call last):
  File "D:\python_lx\akm\common\scadaUtility.py", line 45, in __call
    ret = func(*p,**pp)
  File "D:\python_lx\akm\door\main_door.py", line 16, in urlRelayopen
    switchInfo.open()
  File "D:\python_lx\akm\door\switchMgr.py", line 138, in open
    vitualDoor.vitualDoorOpen(self.ip)
  File "D:\python_lx\akm\door\vitualDoor.py", line 47, in vitualDoorOpen
    g_swichList[ip].open()
  File "D:\python_lx\akm\door\vitualDoor.py", line 126, in open
    raise "%s虚拟门被锁"%self.swichId
TypeError: exceptions must derive from BaseException

[DEBUG]2021-03-03 15:31:22,072: used 7ms 200 OK application/json;charset=utf-8, GET: http://127.0.0.1:8999/api/switch/on?id=vitualDoor01
[DEBUG]2021-03-03 15:31:23,048: GET: http://127.0.0.1:8999/api/switch/on?id=vitualDoor01 addr: 127.0.0.1
[CRITICAL]2021-03-03 15:31:23,055: invoke <function urlRelayopen at 0x000002866DB499D0> cause a error: exceptions must derive from BaseException
pid=16508, ppid=10552, tid=14632
Traceback (most recent call last):
  File "D:\python_lx\akm\common\scadaUtility.py", line 45, in __call
    ret = func(*p,**pp)
  File "D:\python_lx\akm\door\main_door.py", line 16, in urlRelayopen
    switchInfo.open()
  File "D:\python_lx\akm\door\switchMgr.py", line 138, in open
    vitualDoor.vitualDoorOpen(self.ip)
  File "D:\python_lx\akm\door\vitualDoor.py", line 47, in vitualDoorOpen
    g_swichList[ip].open()
  File "D:\python_lx\akm\door\vitualDoor.py", line 126, in open
    raise "%s虚拟门被锁"%self.swichId
TypeError: exceptions must derive from BaseException

[DEBUG]2021-03-03 15:31:23,055: used 7ms 200 OK application/json;charset=utf-8, GET: http://127.0.0.1:8999/api/switch/on?id=vitualDoor01
[DEBUG]2021-03-03 15:31:23,671: GET: http://127.0.0.1:8999/api/switch/on?id=vitualDoor01 addr: 127.0.0.1
[CRITICAL]2021-03-03 15:31:23,684: invoke <function urlRelayopen at 0x000002866DB499D0> cause a error: exceptions must derive from BaseException
pid=16508, ppid=10552, tid=17652
Traceback (most recent call last):
  File "D:\python_lx\akm\common\scadaUtility.py", line 45, in __call
    ret = func(*p,**pp)
  File "D:\python_lx\akm\door\main_door.py", line 16, in urlRelayopen
    switchInfo.open()
  File "D:\python_lx\akm\door\switchMgr.py", line 138, in open
    vitualDoor.vitualDoorOpen(self.ip)
  File "D:\python_lx\akm\door\vitualDoor.py", line 47, in vitualDoorOpen
    g_swichList[ip].open()
  File "D:\python_lx\akm\door\vitualDoor.py", line 126, in open
    raise "%s虚拟门被锁"%self.swichId
TypeError: exceptions must derive from BaseException

[DEBUG]2021-03-03 15:31:23,684: used 13ms 200 OK application/json;charset=utf-8, GET: http://127.0.0.1:8999/api/switch/on?id=vitualDoor01
[DEBUG]2021-03-03 15:31:24,198: GET: http://127.0.0.1:8999/api/switch/on?id=vitualDoor01 addr: 127.0.0.1
[CRITICAL]2021-03-03 15:31:24,205: invoke <function urlRelayopen at 0x000002866DB499D0> cause a error: exceptions must derive from BaseException
pid=16508, ppid=10552, tid=9264
Traceback (most recent call last):
  File "D:\python_lx\akm\common\scadaUtility.py", line 45, in __call
    ret = func(*p,**pp)
  File "D:\python_lx\akm\door\main_door.py", line 16, in urlRelayopen
    switchInfo.open()
  File "D:\python_lx\akm\door\switchMgr.py", line 138, in open
    vitualDoor.vitualDoorOpen(self.ip)
  File "D:\python_lx\akm\door\vitualDoor.py", line 47, in vitualDoorOpen
    g_swichList[ip].open()
  File "D:\python_lx\akm\door\vitualDoor.py", line 126, in open
    raise "%s虚拟门被锁"%self.swichId
TypeError: exceptions must derive from BaseException

[DEBUG]2021-03-03 15:31:24,205: used 7ms 200 OK application/json;charset=utf-8, GET: http://127.0.0.1:8999/api/switch/on?id=vitualDoor01
[INFO]2021-03-03 15:31:24,792: magneticAGV01 (0, 0, 0, 0)
[DEBUG]2021-03-03 15:31:24,798: GET: http://127.0.0.1:8999/api/switch/on?id=vitualDoor01 addr: 127.0.0.1
[CRITICAL]2021-03-03 15:31:24,805: invoke <function urlRelayopen at 0x000002866DB499D0> cause a error: exceptions must derive from BaseException
pid=16508, ppid=10552, tid=4912
Traceback (most recent call last):
  File "D:\python_lx\akm\common\scadaUtility.py", line 45, in __call
    ret = func(*p,**pp)
  File "D:\python_lx\akm\door\main_door.py", line 16, in urlRelayopen
    switchInfo.open()
  File "D:\python_lx\akm\door\switchMgr.py", line 138, in open
    vitualDoor.vitualDoorOpen(self.ip)
  File "D:\python_lx\akm\door\vitualDoor.py", line 47, in vitualDoorOpen
    g_swichList[ip].open()
  File "D:\python_lx\akm\door\vitualDoor.py", line 126, in open
    raise "%s虚拟门被锁"%self.swichId
TypeError: exceptions must derive from BaseException

[DEBUG]2021-03-03 15:31:24,806: used 8ms 200 OK application/json;charset=utf-8, GET: http://127.0.0.1:8999/api/switch/on?id=vitualDoor01
[DEBUG]2021-03-03 15:31:25,348: GET: http://127.0.0.1:8999/api/switch/on?id=vitualDoor01 addr: 127.0.0.1
[CRITICAL]2021-03-03 15:31:25,356: invoke <function urlRelayopen at 0x000002866DB499D0> cause a error: exceptions must derive from BaseException
pid=16508, ppid=10552, tid=12984
Traceback (most recent call last):
  File "D:\python_lx\akm\common\scadaUtility.py", line 45, in __call
    ret = func(*p,**pp)
  File "D:\python_lx\akm\door\main_door.py", line 16, in urlRelayopen
    switchInfo.open()
  File "D:\python_lx\akm\door\switchMgr.py", line 138, in open
    vitualDoor.vitualDoorOpen(self.ip)
  File "D:\python_lx\akm\door\vitualDoor.py", line 47, in vitualDoorOpen
    g_swichList[ip].open()
  File "D:\python_lx\akm\door\vitualDoor.py", line 126, in open
    raise "%s虚拟门被锁"%self.swichId
TypeError: exceptions must derive from BaseException

[DEBUG]2021-03-03 15:31:25,356: used 8ms 200 OK application/json;charset=utf-8, GET: http://127.0.0.1:8999/api/switch/on?id=vitualDoor01
[DEBUG]2021-03-03 15:31:26,240: GET: http://127.0.0.1:8999/api/switch/on?id=vitualDoor01 addr: 127.0.0.1
[CRITICAL]2021-03-03 15:31:26,248: invoke <function urlRelayopen at 0x000002866DB499D0> cause a error: exceptions must derive from BaseException
pid=16508, ppid=10552, tid=12020
Traceback (most recent call last):
  File "D:\python_lx\akm\common\scadaUtility.py", line 45, in __call
    ret = func(*p,**pp)
  File "D:\python_lx\akm\door\main_door.py", line 16, in urlRelayopen
    switchInfo.open()
  File "D:\python_lx\akm\door\switchMgr.py", line 138, in open
    vitualDoor.vitualDoorOpen(self.ip)
  File "D:\python_lx\akm\door\vitualDoor.py", line 47, in vitualDoorOpen
    g_swichList[ip].open()
  File "D:\python_lx\akm\door\vitualDoor.py", line 126, in open
    raise "%s虚拟门被锁"%self.swichId
TypeError: exceptions must derive from BaseException

[DEBUG]2021-03-03 15:31:26,249: used 8ms 200 OK application/json;charset=utf-8, GET: http://127.0.0.1:8999/api/switch/on?id=vitualDoor01
[DEBUG]2021-03-03 15:31:26,802: GET: http://127.0.0.1:8999/api/switch/on?id=vitualDoor01 addr: 127.0.0.1
[CRITICAL]2021-03-03 15:31:26,811: invoke <function urlRelayopen at 0x000002866DB499D0> cause a error: exceptions must derive from BaseException
pid=16508, ppid=10552, tid=9628
Traceback (most recent call last):
  File "D:\python_lx\akm\common\scadaUtility.py", line 45, in __call
    ret = func(*p,**pp)
  File "D:\python_lx\akm\door\main_door.py", line 16, in urlRelayopen
    switchInfo.open()
  File "D:\python_lx\akm\door\switchMgr.py", line 138, in open
    vitualDoor.vitualDoorOpen(self.ip)
  File "D:\python_lx\akm\door\vitualDoor.py", line 47, in vitualDoorOpen
    g_swichList[ip].open()
  File "D:\python_lx\akm\door\vitualDoor.py", line 126, in open
    raise "%s虚拟门被锁"%self.swichId
TypeError: exceptions must derive from BaseException

[DEBUG]2021-03-03 15:31:26,811: used 10ms 200 OK application/json;charset=utf-8, GET: http://127.0.0.1:8999/api/switch/on?id=vitualDoor01
[DEBUG]2021-03-03 15:31:27,747: GET: http://127.0.0.1:8999/api/switch/on?id=vitualDoor01 addr: 127.0.0.1
[CRITICAL]2021-03-03 15:31:27,754: invoke <function urlRelayopen at 0x000002866DB499D0> cause a error: exceptions must derive from BaseException
pid=16508, ppid=10552, tid=11092
Traceback (most recent call last):
  File "D:\python_lx\akm\common\scadaUtility.py", line 45, in __call
    ret = func(*p,**pp)
  File "D:\python_lx\akm\door\main_door.py", line 16, in urlRelayopen
    switchInfo.open()
  File "D:\python_lx\akm\door\switchMgr.py", line 138, in open
    vitualDoor.vitualDoorOpen(self.ip)
  File "D:\python_lx\akm\door\vitualDoor.py", line 47, in vitualDoorOpen
    g_swichList[ip].open()
  File "D:\python_lx\akm\door\vitualDoor.py", line 126, in open
    raise "%s虚拟门被锁"%self.swichId
TypeError: exceptions must derive from BaseException

[DEBUG]2021-03-03 15:31:27,754: used 7ms 200 OK application/json;charset=utf-8, GET: http://127.0.0.1:8999/api/switch/on?id=vitualDoor01
[INFO]2021-03-03 15:31:27,802: magneticAGV01 (0, 0, 0, 0)
[DEBUG]2021-03-03 15:31:28,366: GET: http://127.0.0.1:8999/api/switch/on?id=vitualDoor01 addr: 127.0.0.1
[CRITICAL]2021-03-03 15:31:28,374: invoke <function urlRelayopen at 0x000002866DB499D0> cause a error: exceptions must derive from BaseException
pid=16508, ppid=10552, tid=1804
Traceback (most recent call last):
  File "D:\python_lx\akm\common\scadaUtility.py", line 45, in __call
    ret = func(*p,**pp)
  File "D:\python_lx\akm\door\main_door.py", line 16, in urlRelayopen
    switchInfo.open()
  File "D:\python_lx\akm\door\switchMgr.py", line 138, in open
    vitualDoor.vitualDoorOpen(self.ip)
  File "D:\python_lx\akm\door\vitualDoor.py", line 47, in vitualDoorOpen
    g_swichList[ip].open()
  File "D:\python_lx\akm\door\vitualDoor.py", line 126, in open
    raise "%s虚拟门被锁"%self.swichId
TypeError: exceptions must derive from BaseException

[DEBUG]2021-03-03 15:31:28,375: used 9ms 200 OK application/json;charset=utf-8, GET: http://127.0.0.1:8999/api/switch/on?id=vitualDoor01
[DEBUG]2021-03-03 15:31:28,979: GET: http://127.0.0.1:8999/api/switch/on?id=vitualDoor01 addr: 127.0.0.1
[CRITICAL]2021-03-03 15:31:28,986: invoke <function urlRelayopen at 0x000002866DB499D0> cause a error: exceptions must derive from BaseException
pid=16508, ppid=10552, tid=8344
Traceback (most recent call last):
  File "D:\python_lx\akm\common\scadaUtility.py", line 45, in __call
    ret = func(*p,**pp)
  File "D:\python_lx\akm\door\main_door.py", line 16, in urlRelayopen
    switchInfo.open()
  File "D:\python_lx\akm\door\switchMgr.py", line 138, in open
    vitualDoor.vitualDoorOpen(self.ip)
  File "D:\python_lx\akm\door\vitualDoor.py", line 47, in vitualDoorOpen
    g_swichList[ip].open()
  File "D:\python_lx\akm\door\vitualDoor.py", line 126, in open
    raise "%s虚拟门被锁"%self.swichId
TypeError: exceptions must derive from BaseException

[DEBUG]2021-03-03 15:31:28,987: used 8ms 200 OK application/json;charset=utf-8, GET: http://127.0.0.1:8999/api/switch/on?id=vitualDoor01
[DEBUG]2021-03-03 15:31:29,567: GET: http://127.0.0.1:8999/api/switch/on?id=vitualDoor01 addr: 127.0.0.1
[CRITICAL]2021-03-03 15:31:29,574: invoke <function urlRelayopen at 0x000002866DB499D0> cause a error: exceptions must derive from BaseException
pid=16508, ppid=10552, tid=14632
Traceback (most recent call last):
  File "D:\python_lx\akm\common\scadaUtility.py", line 45, in __call
    ret = func(*p,**pp)
  File "D:\python_lx\akm\door\main_door.py", line 16, in urlRelayopen
    switchInfo.open()
  File "D:\python_lx\akm\door\switchMgr.py", line 138, in open
    vitualDoor.vitualDoorOpen(self.ip)
  File "D:\python_lx\akm\door\vitualDoor.py", line 47, in vitualDoorOpen
    g_swichList[ip].open()
  File "D:\python_lx\akm\door\vitualDoor.py", line 126, in open
    raise "%s虚拟门被锁"%self.swichId
TypeError: exceptions must derive from BaseException

[DEBUG]2021-03-03 15:31:29,575: used 8ms 200 OK application/json;charset=utf-8, GET: http://127.0.0.1:8999/api/switch/on?id=vitualDoor01
[DEBUG]2021-03-03 15:31:30,183: GET: http://127.0.0.1:8999/api/switch/on?id=vitualDoor01 addr: 127.0.0.1
[CRITICAL]2021-03-03 15:31:30,190: invoke <function urlRelayopen at 0x000002866DB499D0> cause a error: exceptions must derive from BaseException
pid=16508, ppid=10552, tid=17652
Traceback (most recent call last):
  File "D:\python_lx\akm\common\scadaUtility.py", line 45, in __call
    ret = func(*p,**pp)
  File "D:\python_lx\akm\door\main_door.py", line 16, in urlRelayopen
    switchInfo.open()
  File "D:\python_lx\akm\door\switchMgr.py", line 138, in open
    vitualDoor.vitualDoorOpen(self.ip)
  File "D:\python_lx\akm\door\vitualDoor.py", line 47, in vitualDoorOpen
    g_swichList[ip].open()
  File "D:\python_lx\akm\door\vitualDoor.py", line 126, in open
    raise "%s虚拟门被锁"%self.swichId
TypeError: exceptions must derive from BaseException

[DEBUG]2021-03-03 15:31:30,190: used 7ms 200 OK application/json;charset=utf-8, GET: http://127.0.0.1:8999/api/switch/on?id=vitualDoor01
[INFO]2021-03-03 15:31:30,817: magneticAGV01 (0, 0, 0, 0)
[DEBUG]2021-03-03 15:31:31,273: GET: http://127.0.0.1:8999/api/switch/on?id=vitualDoor01 addr: 127.0.0.1
[CRITICAL]2021-03-03 15:31:31,280: invoke <function urlRelayopen at 0x000002866DB499D0> cause a error: exceptions must derive from BaseException
pid=16508, ppid=10552, tid=9264
Traceback (most recent call last):
  File "D:\python_lx\akm\common\scadaUtility.py", line 45, in __call
    ret = func(*p,**pp)
  File "D:\python_lx\akm\door\main_door.py", line 16, in urlRelayopen
    switchInfo.open()
  File "D:\python_lx\akm\door\switchMgr.py", line 138, in open
    vitualDoor.vitualDoorOpen(self.ip)
  File "D:\python_lx\akm\door\vitualDoor.py", line 47, in vitualDoorOpen
    g_swichList[ip].open()
  File "D:\python_lx\akm\door\vitualDoor.py", line 126, in open
    raise "%s虚拟门被锁"%self.swichId
TypeError: exceptions must derive from BaseException

[DEBUG]2021-03-03 15:31:31,281: used 8ms 200 OK application/json;charset=utf-8, GET: http://127.0.0.1:8999/api/switch/on?id=vitualDoor01
[ERROR]2021-03-03 15:31:31,416: connect AGV23 failed timed out
[INFO]2021-03-03 15:31:31,416: AGV23 checkLink failed 192.168.20.198 19204
[WARN]2021-03-03 15:31:31,416: agvThread.AGV23[tid:14184] <lock name:agv.AGV23.lock_status,<locked _thread.RLock object owner=14184 count=1 at 0x000002866E167DE0>> ,hold 10001 ms
[INFO]2021-03-03 15:31:31,417: name=agvThread.AGV23, pid=16508, tid=14184
[01] File "C:/Python38/lib/threading.py", line 870, in run() 
[02] File "D:/python_lx/akm/agvCtrl/agvList.py", line 565, in run() 
[03] File "D:/python_lx/akm/driver/seerAgv/agvCtrl.py", line 36, in checkLink() 
[04] File "D:/python_lx/akm/driver/seerAgv/agvApi.py", line 184, in checkLink() 
[05] File "D:/python_lx/akm/common/lock.py", line 102, in release() 
[06] File "D:/python_lx/akm/common/enhance.py", line 268, in getTrace() 
[07] File "D:/python_lx/akm/common/enhance.py", line 248, in getThreadStack()
[DEBUG]2021-03-03 15:31:33,418: try connect AGV23 192.168.20.198:19204
[INFO]2021-03-03 15:31:33,822: startCharge is false
[INFO]2021-03-03 15:31:33,827: magneticAGV01 (0, 0, 0, 0)
[INFO]2021-03-03 15:31:36,835: magneticAGV01 (0, 0, 0, 0)
[INFO]2021-03-03 15:31:39,847: magneticAGV01 (0, 0, 0, 0)
[INFO]2021-03-03 15:31:42,853: magneticAGV01 (0, 0, 0, 0)
[ERROR]2021-03-03 15:31:43,420: connect AGV23 failed timed out
[INFO]2021-03-03 15:31:43,421: AGV23 checkLink failed 192.168.20.198 19204
[WARN]2021-03-03 15:31:43,421: agvThread.AGV23[tid:14184] <lock name:agv.AGV23.lock_status,<locked _thread.RLock object owner=14184 count=1 at 0x000002866E167DE0>> ,hold 10003 ms
[INFO]2021-03-03 15:31:43,424: name=agvThread.AGV23, pid=16508, tid=14184
[01] File "C:/Python38/lib/threading.py", line 870, in run() 
[02] File "D:/python_lx/akm/agvCtrl/agvList.py", line 565, in run() 
[03] File "D:/python_lx/akm/driver/seerAgv/agvCtrl.py", line 36, in checkLink() 
[04] File "D:/python_lx/akm/driver/seerAgv/agvApi.py", line 184, in checkLink() 
[05] File "D:/python_lx/akm/common/lock.py", line 102, in release() 
[06] File "D:/python_lx/akm/common/enhance.py", line 268, in getTrace() 
[07] File "D:/python_lx/akm/common/enhance.py", line 248, in getThreadStack()
[DEBUG]2021-03-03 15:31:45,426: try connect AGV23 192.168.20.198:19204
[INFO]2021-03-03 15:31:45,856: startCharge is false
[INFO]2021-03-03 15:31:45,864: magneticAGV01 (0, 0, 0, 0)
[INFO]2021-03-03 15:31:48,873: magneticAGV01 (0, 0, 0, 0)
[INFO]2021-03-03 15:31:51,888: magneticAGV01 (0, 0, 0, 0)
[INFO]2021-03-03 15:31:54,896: magneticAGV01 (0, 0, 0, 0)
[ERROR]2021-03-03 15:31:55,427: connect AGV23 failed timed out
[INFO]2021-03-03 15:31:55,427: AGV23 checkLink failed 192.168.20.198 19204
[WARN]2021-03-03 15:31:55,427: agvThread.AGV23[tid:14184] <lock name:agv.AGV23.lock_status,<locked _thread.RLock object owner=14184 count=1 at 0x000002866E167DE0>> ,hold 10001 ms
[INFO]2021-03-03 15:31:55,428: name=agvThread.AGV23, pid=16508, tid=14184
[01] File "C:/Python38/lib/threading.py", line 870, in run() 
[02] File "D:/python_lx/akm/agvCtrl/agvList.py", line 565, in run() 
[03] File "D:/python_lx/akm/driver/seerAgv/agvCtrl.py", line 36, in checkLink() 
[04] File "D:/python_lx/akm/driver/seerAgv/agvApi.py", line 184, in checkLink() 
[05] File "D:/python_lx/akm/common/lock.py", line 102, in release() 
[06] File "D:/python_lx/akm/common/enhance.py", line 268, in getTrace() 
[07] File "D:/python_lx/akm/common/enhance.py", line 248, in getThreadStack()
[DEBUG]2021-03-03 15:31:56,602: GET: http://127.0.0.1:8999/api/switch/off?id=vitualDoor01 addr: 127.0.0.1
[INFO]2021-03-03 15:31:56,602: close vitualDoor 127.0.0.100
[DEBUG]2021-03-03 15:31:56,603: used 1ms 200 OK application/json;charset=utf-8, GET: http://127.0.0.1:8999/api/switch/off?id=vitualDoor01
[DEBUG]2021-03-03 15:31:57,429: try connect AGV23 192.168.20.198:19204
[INFO]2021-03-03 15:31:57,900: startCharge is false
[INFO]2021-03-03 15:31:57,903: magneticAGV01 (0, 0, 0, 0)
[DEBUG]2021-03-03 15:31:59,385: GET: http://127.0.0.1:8999/api/switch/on?id=vitualDoor01 addr: 127.0.0.1
[INFO]2021-03-03 15:31:59,385: open vitualDoor 127.0.0.100
[DEBUG]2021-03-03 15:31:59,385: used 0ms 200 OK application/json;charset=utf-8, GET: http://127.0.0.1:8999/api/switch/on?id=vitualDoor01
[INFO]2021-03-03 15:32:00,915: magneticAGV01 (0, 0, 0, 0)
[INFO]2021-03-03 15:32:03,923: magneticAGV01 (0, 0, 0, 0)
[INFO]2021-03-03 15:32:06,938: magneticAGV01 (0, 0, 0, 0)
[ERROR]2021-03-03 15:32:07,431: connect AGV23 failed timed out
[INFO]2021-03-03 15:32:07,431: AGV23 checkLink failed 192.168.20.198 19204
[WARN]2021-03-03 15:32:07,432: agvThread.AGV23[tid:14184] <lock name:agv.AGV23.lock_status,<locked _thread.RLock object owner=14184 count=1 at 0x000002866E167DE0>> ,hold 10003 ms
[INFO]2021-03-03 15:32:07,434: name=agvThread.AGV23, pid=16508, tid=14184
[01] File "C:/Python38/lib/threading.py", line 870, in run() 
[02] File "D:/python_lx/akm/agvCtrl/agvList.py", line 565, in run() 
[03] File "D:/python_lx/akm/driver/seerAgv/agvCtrl.py", line 36, in checkLink() 
[04] File "D:/python_lx/akm/driver/seerAgv/agvApi.py", line 184, in checkLink() 
[05] File "D:/python_lx/akm/common/lock.py", line 102, in release() 
[06] File "D:/python_lx/akm/common/enhance.py", line 268, in getTrace() 
[07] File "D:/python_lx/akm/common/enhance.py", line 248, in getThreadStack()
[DEBUG]2021-03-03 15:32:09,435: try connect AGV23 192.168.20.198:19204
[INFO]2021-03-03 15:32:09,942: startCharge is false
[INFO]2021-03-03 15:32:09,948: magneticAGV01 (0, 0, 0, 0)
[INFO]2021-03-03 15:32:12,962: magneticAGV01 (0, 0, 0, 0)
[INFO]2021-03-03 15:32:15,972: magneticAGV01 (0, 0, 0, 0)
