[INFO]2021-02-28 22:05:06,597: log files at D:\python_lx\akm\common\log
[INFO]2021-02-28 22:05:06,597: find module agvCtrl.main_agv
[INFO]2021-02-28 22:05:06,597: find module agvDevice.main_agvDevice
[INFO]2021-02-28 22:05:06,597: find module alarm.main_alarm
[INFO]2021-02-28 22:05:06,598: find module auth.main_auth
[INFO]2021-02-28 22:05:06,598: find module button.main_button
[INFO]2021-02-28 22:05:06,598: find module door.main_door
[INFO]2021-02-28 22:05:06,598: find module elevator.main_elevator
[INFO]2021-02-28 22:05:06,599: find module virtualDoor.main_doorCtrl
[INFO]2021-02-28 22:05:06,599: import agvCtrl.main_agv
[INFO]2021-02-28 22:05:07,146: create lock <lock name:doorMgr.lock,<unlocked _thread.RLock object owner=0 count=0 at 0x000001CE1078C690>>
[INFO]2021-02-28 22:05:07,148: create lock <lock name:door.lock,<unlocked _thread.RLock object owner=0 count=0 at 0x000001CE1078CED0>>
[INFO]2021-02-28 22:05:07,229: create lock <lock name:timer.lock_1984554494176,<unlocked _thread.RLock object owner=0 count=0 at 0x000001CE10AA6A20>>
[ERROR]2021-02-28 22:05:07,238: mqtt is disabled
[INFO]2021-02-28 22:05:07,238: mqtt: subscribe [alarm/raise/+]
[INFO]2021-02-28 22:05:07,238: mqtt: subscribe [alarm/clear/+]
[INFO]2021-02-28 22:05:10,264: Mongodb connect to 127.0.0.1 port 27017
[INFO]2021-02-28 22:05:10,342: create lock <lock name:elevatorApi.tcp_lock,<unlocked _thread.RLock object owner=0 count=0 at 0x000001CE10D2FE10>>
[INFO]2021-02-28 22:05:10,342: create lock <lock name:elevatorApi.g_lock,<unlocked _thread.RLock object owner=0 count=0 at 0x000001CE10D2F750>>
[INFO]2021-02-28 22:05:10,343: create lock <lock name:elevatorMgr.lock,<unlocked _thread.RLock object owner=0 count=0 at 0x000001CE10D23B70>>
[INFO]2021-02-28 22:05:10,354: create lock <lock name:agvserver,<unlocked _thread.RLock object owner=0 count=0 at 0x000001CE10D80F30>>
[INFO]2021-02-28 22:05:10,748: create lock <lock name:mapMgr.lock,<unlocked _thread.RLock object owner=0 count=0 at 0x000001CE10D35C30>>
[INFO]2021-02-28 22:05:11,044: create lock <lock name:agvList.g_agvLock,<unlocked _thread.RLock object owner=0 count=0 at 0x000001CE10E2C930>>
[INFO]2021-02-28 22:05:11,046: create lock <lock name:taskList.lock,<unlocked _thread.RLock object owner=0 count=0 at 0x000001CE10EE1300>>
[INFO]2021-02-28 22:05:11,105: charge policy 0 , fix time
[INFO]2021-02-28 22:05:11,136: create lock <lock name:agvApi.g_lock,<unlocked _thread.RLock object owner=0 count=0 at 0x000001CE10EE1ED0>>
[INFO]2021-02-28 22:05:11,537: start load map D:\python_lx\akm\agvCtrl\projects\akm\AKM-AOI.smap
[DEBUG]2021-02-28 22:05:11,784: elevator thread start
[INFO]2021-02-28 22:05:11,828: load map D:\python_lx\akm\agvCtrl\projects\akm\AKM-AOI.smap ,used 299 ms
[INFO]2021-02-28 22:05:11,860: start load map D:\python_lx\akm\agvCtrl\projects\akm\AKM-DC.smap
[INFO]2021-02-28 22:05:11,983: load map D:\python_lx\akm\agvCtrl\projects\akm\AKM-DC.smap ,used 154 ms
[INFO]2021-02-28 22:05:11,997: start load map D:\python_lx\akm\agvCtrl\projects\akm\AKM-DDT.smap
[INFO]2021-02-28 22:05:12,059: load map D:\python_lx\akm\agvCtrl\projects\akm\AKM-DDT.smap ,used 75 ms
[INFO]2021-02-28 22:05:12,067: start load map D:\python_lx\akm\agvCtrl\projects\akm\AKM-FQC.smap
[INFO]2021-02-28 22:05:12,314: load map D:\python_lx\akm\agvCtrl\projects\akm\AKM-FQC.smap ,used 255 ms
[INFO]2021-02-28 22:05:12,324: start load map D:\python_lx\akm\agvCtrl\projects\akm\AKM-LYH.smap
[INFO]2021-02-28 22:05:12,441: load map D:\python_lx\akm\agvCtrl\projects\akm\AKM-LYH.smap ,used 127 ms
[INFO]2021-02-28 22:05:12,452: start load map D:\python_lx\akm\agvCtrl\projects\akm\AKM-ZP.smap
[INFO]2021-02-28 22:05:12,528: load map D:\python_lx\akm\agvCtrl\projects\akm\AKM-ZP.smap ,used 86 ms
[INFO]2021-02-28 22:05:12,540: start load map D:\python_lx\akm\agvCtrl\projects\akm\office.smap
[INFO]2021-02-28 22:05:12,586: load map D:\python_lx\akm\agvCtrl\projects\akm\office.smap ,used 58 ms
[INFO]2021-02-28 22:05:12,589: import agvDevice.main_agvDevice
[INFO]2021-02-28 22:05:12,589: import alarm.main_alarm
[INFO]2021-02-28 22:05:12,589: import auth.main_auth
[INFO]2021-02-28 22:05:12,599: import button.main_button
[INFO]2021-02-28 22:05:12,602: create lock <lock name:agvApi.g_lock,<unlocked _thread.RLock object owner=0 count=0 at 0x000001CE113F7BD0>>
[INFO]2021-02-28 22:05:12,637: import door.main_door
[INFO]2021-02-28 22:05:12,638: import elevator.main_elevator
[INFO]2021-02-28 22:05:12,639: import virtualDoor.main_doorCtrl
[INFO]2021-02-28 22:05:15,466: create lock <lock name:IOAlarm.s_lock,<unlocked _thread.RLock object owner=0 count=0 at 0x000001CE1144C8A0>>
[DEBUG]2021-02-28 22:05:15,474: create aliveObj magneticAGV01 二维码掉线异常 timeout 120
[SUCC]2021-02-28 22:05:15,474: utility start, pid=2112, ppid=5060
[DEBUG]2021-02-28 22:05:15,474: start timer
[INFO]2021-02-28 22:05:15,485: load agv file: D:\python_lx\akm\agvCtrl/projects/akm/agv.cfg
[INFO]2021-02-28 22:05:15,486: create lock <lock name:agvList.AGV23.lock,<unlocked _thread.RLock object owner=0 count=0 at 0x000001CE18F51BD0>>
[DEBUG]2021-02-28 22:05:15,488: create aliveObj AGV23 AGV离线异常 timeout 300
[INFO]2021-02-28 22:05:15,492: AGV23 start agvList run thread
[INFO]2021-02-28 22:05:15,492: create lock <lock name:agv.AGV23.lock_status,<unlocked _thread.RLock object owner=0 count=0 at 0x000001CE18F5CBA0>>
[DEBUG]2021-02-28 22:05:15,492: try connect AGV23 192.168.20.198:19204
[INFO]2021-02-28 22:05:15,494: AGV23 start agvList run2 thread
[WARN]2021-02-28 22:05:15,496: Local server start! version 3.8.0, path D:\python_lx\akm\common, pid 2112
[INFO]2021-02-28 22:05:15,496: add_ignore: taskStatus
[INFO]2021-02-28 22:05:19,526: magneticAGV01 (0, 0, 0, 0)
[INFO]2021-02-28 22:05:22,537: magneticAGV01 (0, 0, 0, 0)
[ERROR]2021-02-28 22:05:25,493: connect AGV23 failed timed out
[DEBUG]2021-02-28 22:05:25,495: try connect AGV23 192.168.20.198:19204
[INFO]2021-02-28 22:05:25,556: magneticAGV01 (0, 0, 0, 0)
[INFO]2021-02-28 22:05:28,568: magneticAGV01 (1, 0, 0, 0)
[INFO]2021-02-28 22:05:29,569: +++++++ addTask None
[INFO]2021-02-28 22:05:29,570: magneticAGV01 try to open door 0 ['DOOR100', 'DOOR101'] ['DOOR100', 'DOOR101']
[INFO]2021-02-28 22:05:29,577: task [magneticAGV01] readIo get status  (1, 0, 0, 0, 0, 0, 0, 0)
[DEBUG]2021-02-28 22:05:29,578: 经过门['DOOR100', 'DOOR101'] checkBeginSignal -> opendoor
[INFO]2021-02-28 22:05:30,079: try to open door
[WARN]2021-02-28 22:05:30,081: 经过门['DOOR100', 'DOOR101'] leave error
[INFO]2021-02-28 22:05:31,579: magneticAGV01 (1, 0, 0, 0)
[INFO]2021-02-28 22:05:33,230: task: [magneticAGV01] readDo status  (1, 0, 0, 0, 0, 0, 0, 0)
[DEBUG]2021-02-28 22:05:33,231: 经过门['DOOR100', 'DOOR101'] leave -> waitAlway
[WARN]2021-02-28 22:05:33,733: 经过门['DOOR100', 'DOOR101'] waitAlway error
[INFO]2021-02-28 22:05:34,595: magneticAGV01 (1, 0, 0, 0)
[ERROR]2021-02-28 22:05:35,497: connect AGV23 failed timed out
[INFO]2021-02-28 22:05:35,498: AGV23 checkLink failed 192.168.20.198 19204
[WARN]2021-02-28 22:05:35,498: agvThread.AGV23[tid:13248] <lock name:agv.AGV23.lock_status,<locked _thread.RLock object owner=13248 count=1 at 0x000001CE18F5CBA0>> ,hold 20006 ms
[INFO]2021-02-28 22:05:35,501: name=agvThread.AGV23, pid=2112, tid=13248
[01] File "C:/Python38/lib/threading.py", line 870, in run() 
[02] File "D:/python_lx/akm/agvCtrl/agvList.py", line 565, in run() 
[03] File "D:/python_lx/akm/driver/seerAgv/agvCtrl.py", line 36, in checkLink() 
[04] File "D:/python_lx/akm/driver/seerAgv/agvApi.py", line 184, in checkLink() 
[05] File "D:/python_lx/akm/common/lock.py", line 102, in release() 
[06] File "D:/python_lx/akm/common/enhance.py", line 268, in getTrace() 
[07] File "D:/python_lx/akm/common/enhance.py", line 248, in getThreadStack()
[WARN]2021-02-28 22:05:35,735: 经过门['DOOR100', 'DOOR101'] waitAlway error
[DEBUG]2021-02-28 22:05:37,504: try connect AGV23 192.168.20.198:19204
[INFO]2021-02-28 22:05:37,604: magneticAGV01 (1, 0, 0, 0)
[WARN]2021-02-28 22:05:37,737: 经过门['DOOR100', 'DOOR101'] waitAlway error
[WARN]2021-02-28 22:05:39,739: 经过门['DOOR100', 'DOOR101'] waitAlway error
[INFO]2021-02-28 22:05:40,624: magneticAGV01 (0, 0, 0, 0)
[WARN]2021-02-28 22:05:41,740: 经过门['DOOR100', 'DOOR101'] waitAlway error
[INFO]2021-02-28 22:05:43,631: magneticAGV01 (0, 0, 0, 0)
[WARN]2021-02-28 22:05:43,741: 经过门['DOOR100', 'DOOR101'] waitAlway error
[WARN]2021-02-28 22:05:45,744: 经过门['DOOR100', 'DOOR101'] waitAlway error
[INFO]2021-02-28 22:05:46,648: magneticAGV01 (0, 0, 0, 0)
[ERROR]2021-02-28 22:05:47,505: connect AGV23 failed timed out
[INFO]2021-02-28 22:05:47,507: AGV23 checkLink failed 192.168.20.198 19204
[WARN]2021-02-28 22:05:47,509: agvThread.AGV23[tid:13248] <lock name:agv.AGV23.lock_status,<locked _thread.RLock object owner=13248 count=1 at 0x000001CE18F5CBA0>> ,hold 10004 ms
[INFO]2021-02-28 22:05:47,512: name=agvThread.AGV23, pid=2112, tid=13248
[01] File "C:/Python38/lib/threading.py", line 870, in run() 
[02] File "D:/python_lx/akm/agvCtrl/agvList.py", line 565, in run() 
[03] File "D:/python_lx/akm/driver/seerAgv/agvCtrl.py", line 36, in checkLink() 
[04] File "D:/python_lx/akm/driver/seerAgv/agvApi.py", line 184, in checkLink() 
[05] File "D:/python_lx/akm/common/lock.py", line 102, in release() 
[06] File "D:/python_lx/akm/common/enhance.py", line 268, in getTrace() 
[07] File "D:/python_lx/akm/common/enhance.py", line 248, in getThreadStack()
[WARN]2021-02-28 22:05:47,745: 经过门['DOOR100', 'DOOR101'] waitAlway error
[DEBUG]2021-02-28 22:05:49,513: try connect AGV23 192.168.20.198:19204
[INFO]2021-02-28 22:05:49,655: magneticAGV01 (0, 0, 0, 0)
[WARN]2021-02-28 22:05:49,747: 经过门['DOOR100', 'DOOR101'] waitAlway error
[WARN]2021-02-28 22:05:51,747: 经过门['DOOR100', 'DOOR101'] waitAlway error
[INFO]2021-02-28 22:05:52,672: magneticAGV01 (0, 0, 0, 0)
[WARN]2021-02-28 22:05:53,750: 经过门['DOOR100', 'DOOR101'] clearIO error
[INFO]2021-02-28 22:05:55,678: magneticAGV01 (0, 0, 0, 0)
[INFO]2021-02-28 22:05:56,823: task: [magneticAGV01] readDo status  (0, 0, 0, 0, 0, 0, 0, 0)
[WARN]2021-02-28 22:05:56,824: 经过门['DOOR100', 'DOOR101'] checkfinishSignal error
[INFO]2021-02-28 22:05:58,693: magneticAGV01 (0, 0, 0, 0)
[INFO]2021-02-28 22:05:58,826: try to close door
[DEBUG]2021-02-28 22:05:58,827: 经过门['DOOR100', 'DOOR101'] checkfinishSignal -> finish
[INFO]2021-02-28 22:05:59,328: task: stop
[INFO]2021-02-28 22:05:59,330: task: stop 经过门['DOOR100', 'DOOR101']
[ERROR]2021-02-28 22:05:59,515: connect AGV23 failed timed out
[INFO]2021-02-28 22:05:59,516: AGV23 checkLink failed 192.168.20.198 19204
[WARN]2021-02-28 22:05:59,517: agvThread.AGV23[tid:13248] <lock name:agv.AGV23.lock_status,<locked _thread.RLock object owner=13248 count=1 at 0x000001CE18F5CBA0>> ,hold 10004 ms
[INFO]2021-02-28 22:05:59,521: name=agvThread.AGV23, pid=2112, tid=13248
[01] File "C:/Python38/lib/threading.py", line 870, in run() 
[02] File "D:/python_lx/akm/agvCtrl/agvList.py", line 565, in run() 
[03] File "D:/python_lx/akm/driver/seerAgv/agvCtrl.py", line 36, in checkLink() 
[04] File "D:/python_lx/akm/driver/seerAgv/agvApi.py", line 184, in checkLink() 
[05] File "D:/python_lx/akm/common/lock.py", line 102, in release() 
[06] File "D:/python_lx/akm/common/enhance.py", line 268, in getTrace() 
[07] File "D:/python_lx/akm/common/enhance.py", line 248, in getThreadStack()
[CRITICAL]2021-02-28 22:06:00,721: invoke timer func<function _monitorDevices at 0x000001CE1144BAF0> cause a error: dictionary keys changed during iteration
pid=2112, ppid=5060, tid=8808
Traceback (most recent call last):
  File "D:\python_lx\akm\common\mytimer.py", line 113, in _loop
    v.func(*v.args)
  File "D:\python_lx\akm\virtualDoor\doorCtrlRunTasks.py", line 98, in _monitorDevices
    for t in g_lastTask:
RuntimeError: dictionary keys changed during iteration

[DEBUG]2021-02-28 22:06:01,523: try connect AGV23 192.168.20.198:19204
[INFO]2021-02-28 22:06:01,730: magneticAGV01 (0, 0, 0, 0)
[INFO]2021-02-28 22:06:04,755: magneticAGV01 (0, 0, 0, 0)
[INFO]2021-02-28 22:06:07,762: magneticAGV01 (0, 0, 0, 0)
[INFO]2021-02-28 22:06:10,782: magneticAGV01 (1, 0, 0, 0)
[ERROR]2021-02-28 22:06:11,525: connect AGV23 failed timed out
[INFO]2021-02-28 22:06:11,526: AGV23 checkLink failed 192.168.20.198 19204
[WARN]2021-02-28 22:06:11,527: agvThread.AGV23[tid:13248] <lock name:agv.AGV23.lock_status,<locked _thread.RLock object owner=13248 count=1 at 0x000001CE18F5CBA0>> ,hold 10004 ms
[INFO]2021-02-28 22:06:11,530: name=agvThread.AGV23, pid=2112, tid=13248
[01] File "C:/Python38/lib/threading.py", line 870, in run() 
[02] File "D:/python_lx/akm/agvCtrl/agvList.py", line 565, in run() 
[03] File "D:/python_lx/akm/driver/seerAgv/agvCtrl.py", line 36, in checkLink() 
[04] File "D:/python_lx/akm/driver/seerAgv/agvApi.py", line 184, in checkLink() 
[05] File "D:/python_lx/akm/common/lock.py", line 102, in release() 
[06] File "D:/python_lx/akm/common/enhance.py", line 268, in getTrace() 
[07] File "D:/python_lx/akm/common/enhance.py", line 248, in getThreadStack()
[INFO]2021-02-28 22:06:11,784: +++++++ addTask None
[INFO]2021-02-28 22:06:11,785: magneticAGV01 try to open door 0 ['DOOR100', 'DOOR101'] ['DOOR100', 'DOOR101']
[INFO]2021-02-28 22:06:11,791: task [magneticAGV01] readIo get status  (1, 0, 0, 0, 0, 0, 0, 0)
[DEBUG]2021-02-28 22:06:11,792: 经过门['DOOR100', 'DOOR101'] checkBeginSignal -> opendoor
[INFO]2021-02-28 22:06:12,294: try to open door
[WARN]2021-02-28 22:06:12,295: 经过门['DOOR100', 'DOOR101'] leave error
[DEBUG]2021-02-28 22:06:13,532: try connect AGV23 192.168.20.198:19204
[INFO]2021-02-28 22:06:13,796: magneticAGV01 (0, 0, 0, 0)
[INFO]2021-02-28 22:06:15,369: task: [magneticAGV01] readDo status  (1, 0, 0, 0, 0, 0, 0, 0)
[DEBUG]2021-02-28 22:06:15,369: 经过门['DOOR100', 'DOOR101'] leave -> waitAlway
[WARN]2021-02-28 22:06:15,871: 经过门['DOOR100', 'DOOR101'] waitAlway error
[INFO]2021-02-28 22:06:16,816: magneticAGV01 (0, 0, 0, 0)
[WARN]2021-02-28 22:06:17,873: 经过门['DOOR100', 'DOOR101'] waitAlway error
[INFO]2021-02-28 22:06:19,823: magneticAGV01 (0, 0, 0, 0)
[WARN]2021-02-28 22:06:19,875: 经过门['DOOR100', 'DOOR101'] waitAlway error
[WARN]2021-02-28 22:06:21,878: 经过门['DOOR100', 'DOOR101'] waitAlway error
[INFO]2021-02-28 22:06:22,839: magneticAGV01 (1, 0, 0, 0)
[ERROR]2021-02-28 22:06:23,534: connect AGV23 failed timed out
[INFO]2021-02-28 22:06:23,535: AGV23 checkLink failed 192.168.20.198 19204
[WARN]2021-02-28 22:06:23,536: agvThread.AGV23[tid:13248] <lock name:agv.AGV23.lock_status,<locked _thread.RLock object owner=13248 count=1 at 0x000001CE18F5CBA0>> ,hold 10004 ms
[INFO]2021-02-28 22:06:23,540: name=agvThread.AGV23, pid=2112, tid=13248
[01] File "C:/Python38/lib/threading.py", line 870, in run() 
[02] File "D:/python_lx/akm/agvCtrl/agvList.py", line 565, in run() 
[03] File "D:/python_lx/akm/driver/seerAgv/agvCtrl.py", line 36, in checkLink() 
[04] File "D:/python_lx/akm/driver/seerAgv/agvApi.py", line 184, in checkLink() 
[05] File "D:/python_lx/akm/common/lock.py", line 102, in release() 
[06] File "D:/python_lx/akm/common/enhance.py", line 268, in getTrace() 
[07] File "D:/python_lx/akm/common/enhance.py", line 248, in getThreadStack()
[WARN]2021-02-28 22:06:23,879: 经过门['DOOR100', 'DOOR101'] waitAlway error
[DEBUG]2021-02-28 22:06:25,542: try connect AGV23 192.168.20.198:19204
[INFO]2021-02-28 22:06:25,847: magneticAGV01 (1, 0, 0, 0)
[WARN]2021-02-28 22:06:25,880: 经过门['DOOR100', 'DOOR101'] waitAlway error
[WARN]2021-02-28 22:06:27,881: 经过门['DOOR100', 'DOOR101'] waitAlway error
[INFO]2021-02-28 22:06:28,872: magneticAGV01 (1, 0, 0, 0)
[WARN]2021-02-28 22:06:29,883: 经过门['DOOR100', 'DOOR101'] waitAlway error
[INFO]2021-02-28 22:06:31,880: magneticAGV01 (1, 0, 0, 0)
[WARN]2021-02-28 22:06:31,885: 经过门['DOOR100', 'DOOR101'] waitAlway error
[WARN]2021-02-28 22:06:33,886: 经过门['DOOR100', 'DOOR101'] waitAlway error
[INFO]2021-02-28 22:06:34,892: magneticAGV01 (1, 0, 0, 0)
[ERROR]2021-02-28 22:06:35,544: connect AGV23 failed timed out
[INFO]2021-02-28 22:06:35,544: AGV23 checkLink failed 192.168.20.198 19204
[WARN]2021-02-28 22:06:35,545: agvThread.AGV23[tid:13248] <lock name:agv.AGV23.lock_status,<locked _thread.RLock object owner=13248 count=1 at 0x000001CE18F5CBA0>> ,hold 10003 ms
[INFO]2021-02-28 22:06:35,547: name=agvThread.AGV23, pid=2112, tid=13248
[01] File "C:/Python38/lib/threading.py", line 870, in run() 
[02] File "D:/python_lx/akm/agvCtrl/agvList.py", line 565, in run() 
[03] File "D:/python_lx/akm/driver/seerAgv/agvCtrl.py", line 36, in checkLink() 
[04] File "D:/python_lx/akm/driver/seerAgv/agvApi.py", line 184, in checkLink() 
[05] File "D:/python_lx/akm/common/lock.py", line 102, in release() 
[06] File "D:/python_lx/akm/common/enhance.py", line 268, in getTrace() 
[07] File "D:/python_lx/akm/common/enhance.py", line 248, in getThreadStack()
[WARN]2021-02-28 22:06:35,888: 经过门['DOOR100', 'DOOR101'] clearIO error
[DEBUG]2021-02-28 22:06:37,549: try connect AGV23 192.168.20.198:19204
[INFO]2021-02-28 22:06:37,928: magneticAGV01 (1, 0, 0, 0)
[INFO]2021-02-28 22:06:38,974: task: [magneticAGV01] readDo status  (0, 0, 0, 0, 0, 0, 0, 0)
[WARN]2021-02-28 22:06:38,975: 经过门['DOOR100', 'DOOR101'] checkfinishSignal error
[INFO]2021-02-28 22:06:40,953: magneticAGV01 (0, 0, 0, 0)
[INFO]2021-02-28 22:06:40,977: try to close door
[DEBUG]2021-02-28 22:06:40,978: 经过门['DOOR100', 'DOOR101'] checkfinishSignal -> finish
[INFO]2021-02-28 22:06:41,480: task: stop
[INFO]2021-02-28 22:06:41,481: task: stop 经过门['DOOR100', 'DOOR101']
[CRITICAL]2021-02-28 22:06:42,975: invoke timer func<function _monitorDevices at 0x000001CE1144BAF0> cause a error: dictionary keys changed during iteration
pid=2112, ppid=5060, tid=8808
Traceback (most recent call last):
  File "D:\python_lx\akm\common\mytimer.py", line 113, in _loop
    v.func(*v.args)
  File "D:\python_lx\akm\virtualDoor\doorCtrlRunTasks.py", line 98, in _monitorDevices
    for t in g_lastTask:
RuntimeError: dictionary keys changed during iteration

[INFO]2021-02-28 22:06:43,990: magneticAGV01 (0, 0, 0, 0)
[INFO]2021-02-28 22:06:47,008: magneticAGV01 (0, 0, 0, 0)
[ERROR]2021-02-28 22:06:47,551: connect AGV23 failed timed out
[INFO]2021-02-28 22:06:47,552: AGV23 checkLink failed 192.168.20.198 19204
[WARN]2021-02-28 22:06:47,553: agvThread.AGV23[tid:13248] <lock name:agv.AGV23.lock_status,<locked _thread.RLock object owner=13248 count=1 at 0x000001CE18F5CBA0>> ,hold 10004 ms
[INFO]2021-02-28 22:06:47,555: name=agvThread.AGV23, pid=2112, tid=13248
[01] File "C:/Python38/lib/threading.py", line 870, in run() 
[02] File "D:/python_lx/akm/agvCtrl/agvList.py", line 565, in run() 
[03] File "D:/python_lx/akm/driver/seerAgv/agvCtrl.py", line 36, in checkLink() 
[04] File "D:/python_lx/akm/driver/seerAgv/agvApi.py", line 184, in checkLink() 
[05] File "D:/python_lx/akm/common/lock.py", line 102, in release() 
[06] File "D:/python_lx/akm/common/enhance.py", line 268, in getTrace() 
[07] File "D:/python_lx/akm/common/enhance.py", line 248, in getThreadStack()
