[CRITICAL]2021-02-26 17:00:52,659: magneticAGV readDIList error cause a error: 'str' object has no attribute 'popitem'
pid=8752, ppid=8260, tid=23276
Traceback (most recent call last):
  File "D:\python_lx\akm\virtualDoor\doorCtrlRunTasks.py", line 79, in _monitorDevices
    carID,_ = d.popitem()
AttributeError: 'str' object has no attribute 'popitem'

[CRITICAL]2021-02-26 17:00:54,675: magneticAGV readDIList error cause a error: 'str' object has no attribute 'popitem'
pid=8752, ppid=8260, tid=23276
Traceback (most recent call last):
  File "D:\python_lx\akm\virtualDoor\doorCtrlRunTasks.py", line 79, in _monitorDevices
    carID,_ = d.popitem()
AttributeError: 'str' object has no attribute 'popitem'

[CRITICAL]2021-02-26 17:00:56,691: magneticAGV readDIList error cause a error: 'str' object has no attribute 'popitem'
pid=8752, ppid=8260, tid=23276
Traceback (most recent call last):
  File "D:\python_lx\akm\virtualDoor\doorCtrlRunTasks.py", line 79, in _monitorDevices
    carID,_ = d.popitem()
AttributeError: 'str' object has no attribute 'popitem'

[CRITICAL]2021-02-26 17:00:58,700: magneticAGV readDIList error cause a error: 'str' object has no attribute 'popitem'
pid=8752, ppid=8260, tid=23276
Traceback (most recent call last):
  File "D:\python_lx\akm\virtualDoor\doorCtrlRunTasks.py", line 79, in _monitorDevices
    carID,_ = d.popitem()
AttributeError: 'str' object has no attribute 'popitem'

