[INFO]2021-02-28 22:06:56,654: log files at D:\python_lx\akm\common\log
[INFO]2021-02-28 22:06:56,654: find module agvCtrl.main_agv
[INFO]2021-02-28 22:06:56,654: find module agvDevice.main_agvDevice
[INFO]2021-02-28 22:06:56,654: find module alarm.main_alarm
[INFO]2021-02-28 22:06:56,655: find module auth.main_auth
[INFO]2021-02-28 22:06:56,655: find module button.main_button
[INFO]2021-02-28 22:06:56,655: find module door.main_door
[INFO]2021-02-28 22:06:56,655: find module elevator.main_elevator
[INFO]2021-02-28 22:06:56,655: find module virtualDoor.main_doorCtrl
[INFO]2021-02-28 22:06:56,656: import agvCtrl.main_agv
[INFO]2021-02-28 22:06:57,283: create lock <lock name:doorMgr.lock,<unlocked _thread.RLock object owner=0 count=0 at 0x000002826AAAC690>>
[INFO]2021-02-28 22:06:57,294: create lock <lock name:door.lock,<unlocked _thread.RLock object owner=0 count=0 at 0x000002826AAACED0>>
[INFO]2021-02-28 22:06:57,465: create lock <lock name:timer.lock_2759161833696,<unlocked _thread.RLock object owner=0 count=0 at 0x000002826ADC6A20>>
[ERROR]2021-02-28 22:06:57,488: mqtt is disabled
[INFO]2021-02-28 22:06:57,489: mqtt: subscribe [alarm/raise/+]
[INFO]2021-02-28 22:06:57,489: mqtt: subscribe [alarm/clear/+]
[INFO]2021-02-28 22:07:00,545: Mongodb connect to 127.0.0.1 port 27017
[INFO]2021-02-28 22:07:00,612: create lock <lock name:elevatorApi.tcp_lock,<unlocked _thread.RLock object owner=0 count=0 at 0x000002826B04FE10>>
[INFO]2021-02-28 22:07:00,612: create lock <lock name:elevatorApi.g_lock,<unlocked _thread.RLock object owner=0 count=0 at 0x000002826B04F750>>
[INFO]2021-02-28 22:07:00,615: create lock <lock name:elevatorMgr.lock,<unlocked _thread.RLock object owner=0 count=0 at 0x000002826B043B70>>
[INFO]2021-02-28 22:07:00,652: create lock <lock name:agvserver,<unlocked _thread.RLock object owner=0 count=0 at 0x000002826B090F30>>
[INFO]2021-02-28 22:07:01,138: create lock <lock name:mapMgr.lock,<unlocked _thread.RLock object owner=0 count=0 at 0x000002826B055C30>>
[INFO]2021-02-28 22:07:01,386: create lock <lock name:agvList.g_agvLock,<unlocked _thread.RLock object owner=0 count=0 at 0x000002826B13C930>>
[INFO]2021-02-28 22:07:01,389: create lock <lock name:taskList.lock,<unlocked _thread.RLock object owner=0 count=0 at 0x000002826B1F1300>>
[INFO]2021-02-28 22:07:01,442: charge policy 0 , fix time
[INFO]2021-02-28 22:07:01,470: create lock <lock name:agvApi.g_lock,<unlocked _thread.RLock object owner=0 count=0 at 0x000002826B1F1ED0>>
[INFO]2021-02-28 22:07:02,227: start load map D:\python_lx\akm\agvCtrl\projects\akm\AKM-AOI.smap
[DEBUG]2021-02-28 22:07:02,408: elevator thread start
[INFO]2021-02-28 22:07:02,443: load map D:\python_lx\akm\agvCtrl\projects\akm\AKM-AOI.smap ,used 224 ms
[INFO]2021-02-28 22:07:02,476: start load map D:\python_lx\akm\agvCtrl\projects\akm\AKM-DC.smap
[INFO]2021-02-28 22:07:02,608: load map D:\python_lx\akm\agvCtrl\projects\akm\AKM-DC.smap ,used 164 ms
[INFO]2021-02-28 22:07:02,627: start load map D:\python_lx\akm\agvCtrl\projects\akm\AKM-DDT.smap
[INFO]2021-02-28 22:07:02,692: load map D:\python_lx\akm\agvCtrl\projects\akm\AKM-DDT.smap ,used 83 ms
[INFO]2021-02-28 22:07:02,700: start load map D:\python_lx\akm\agvCtrl\projects\akm\AKM-FQC.smap
[INFO]2021-02-28 22:07:02,864: load map D:\python_lx\akm\agvCtrl\projects\akm\AKM-FQC.smap ,used 172 ms
[INFO]2021-02-28 22:07:02,873: start load map D:\python_lx\akm\agvCtrl\projects\akm\AKM-LYH.smap
[INFO]2021-02-28 22:07:02,972: load map D:\python_lx\akm\agvCtrl\projects\akm\AKM-LYH.smap ,used 108 ms
[INFO]2021-02-28 22:07:03,000: start load map D:\python_lx\akm\agvCtrl\projects\akm\AKM-ZP.smap
[INFO]2021-02-28 22:07:03,149: load map D:\python_lx\akm\agvCtrl\projects\akm\AKM-ZP.smap ,used 177 ms
[INFO]2021-02-28 22:07:03,161: start load map D:\python_lx\akm\agvCtrl\projects\akm\office.smap
[INFO]2021-02-28 22:07:03,296: load map D:\python_lx\akm\agvCtrl\projects\akm\office.smap ,used 146 ms
[INFO]2021-02-28 22:07:03,306: import agvDevice.main_agvDevice
[INFO]2021-02-28 22:07:03,307: import alarm.main_alarm
[INFO]2021-02-28 22:07:03,307: import auth.main_auth
[INFO]2021-02-28 22:07:03,337: import button.main_button
[INFO]2021-02-28 22:07:03,350: create lock <lock name:agvApi.g_lock,<unlocked _thread.RLock object owner=0 count=0 at 0x000002826B707DE0>>
[INFO]2021-02-28 22:07:03,466: import door.main_door
[INFO]2021-02-28 22:07:03,472: import elevator.main_elevator
[INFO]2021-02-28 22:07:03,473: import virtualDoor.main_doorCtrl
[INFO]2021-02-28 22:07:05,904: create lock <lock name:IOAlarm.s_lock,<unlocked _thread.RLock object owner=0 count=0 at 0x000002826B75D8D0>>
[SUCC]2021-02-28 22:07:05,910: utility start, pid=10900, ppid=9536
[DEBUG]2021-02-28 22:07:05,910: start timer
[DEBUG]2021-02-28 22:07:05,911: create aliveObj magneticAGV01 二维码掉线异常 timeout 120
[INFO]2021-02-28 22:07:05,918: load agv file: D:\python_lx\akm\agvCtrl/projects/akm/agv.cfg
[INFO]2021-02-28 22:07:05,919: create lock <lock name:agvList.AGV23.lock,<unlocked _thread.RLock object owner=0 count=0 at 0x000002826EF6BC00>>
[DEBUG]2021-02-28 22:07:05,920: create aliveObj AGV23 AGV离线异常 timeout 300
[INFO]2021-02-28 22:07:05,921: AGV23 start agvList run thread
[INFO]2021-02-28 22:07:05,921: create lock <lock name:agv.AGV23.lock_status,<unlocked _thread.RLock object owner=0 count=0 at 0x000002826EF75B70>>
[DEBUG]2021-02-28 22:07:05,921: try connect AGV23 192.168.20.198:19204
[INFO]2021-02-28 22:07:05,922: AGV23 start agvList run2 thread
[WARN]2021-02-28 22:07:05,924: Local server start! version 3.8.0, path D:\python_lx\akm\common, pid 10900
[INFO]2021-02-28 22:07:05,924: add_ignore: taskStatus
[INFO]2021-02-28 22:07:09,948: magneticAGV01 (1, 0, 0, 0)
[INFO]2021-02-28 22:07:10,950: +++++++ addTask None
[INFO]2021-02-28 22:07:10,950: magneticAGV01 try to open door 0 ['DOOR100', 'DOOR101'] ['DOOR100', 'DOOR101']
[INFO]2021-02-28 22:07:10,954: task [magneticAGV01] readIo get status  (1, 0, 0, 0, 0, 0, 0, 0)
[DEBUG]2021-02-28 22:07:10,955: 经过门['DOOR100', 'DOOR101'] checkBeginSignal -> opendoor
[INFO]2021-02-28 22:07:11,457: try to open door
[WARN]2021-02-28 22:07:11,457: 经过门['DOOR100', 'DOOR101'] leave error
[INFO]2021-02-28 22:07:12,967: magneticAGV01 (1, 0, 0, 0)
[INFO]2021-02-28 22:07:14,525: task: [magneticAGV01] readDo status  (1, 0, 0, 0, 0, 0, 0, 0)
[DEBUG]2021-02-28 22:07:14,526: 经过门['DOOR100', 'DOOR101'] leave -> waitAlway
[WARN]2021-02-28 22:07:15,028: 经过门['DOOR100', 'DOOR101'] waitAlway error
[ERROR]2021-02-28 22:07:15,923: connect AGV23 failed timed out
[DEBUG]2021-02-28 22:07:15,924: try connect AGV23 192.168.20.198:19204
[INFO]2021-02-28 22:07:15,987: magneticAGV01 (1, 0, 0, 0)
[WARN]2021-02-28 22:07:17,030: 经过门['DOOR100', 'DOOR101'] waitAlway error
[INFO]2021-02-28 22:07:19,010: magneticAGV01 (1, 0, 0, 0)
[WARN]2021-02-28 22:07:19,032: 经过门['DOOR100', 'DOOR101'] waitAlway error
[WARN]2021-02-28 22:07:21,034: 经过门['DOOR100', 'DOOR101'] waitAlway error
[INFO]2021-02-28 22:07:22,016: magneticAGV01 (0, 0, 0, 0)
[WARN]2021-02-28 22:07:23,035: 经过门['DOOR100', 'DOOR101'] waitAlway error
[INFO]2021-02-28 22:07:25,032: magneticAGV01 (0, 0, 0, 0)
[WARN]2021-02-28 22:07:25,037: 经过门['DOOR100', 'DOOR101'] waitAlway error
[ERROR]2021-02-28 22:07:25,925: connect AGV23 failed timed out
[INFO]2021-02-28 22:07:25,925: AGV23 checkLink failed 192.168.20.198 19204
[WARN]2021-02-28 22:07:25,926: agvThread.AGV23[tid:8580] <lock name:agv.AGV23.lock_status,<locked _thread.RLock object owner=8580 count=1 at 0x000002826EF75B70>> ,hold 20005 ms
[INFO]2021-02-28 22:07:25,927: name=agvThread.AGV23, pid=10900, tid=8580
[01] File "C:/Python38/lib/threading.py", line 870, in run() 
[02] File "D:/python_lx/akm/agvCtrl/agvList.py", line 565, in run() 
[03] File "D:/python_lx/akm/driver/seerAgv/agvCtrl.py", line 36, in checkLink() 
[04] File "D:/python_lx/akm/driver/seerAgv/agvApi.py", line 184, in checkLink() 
[05] File "D:/python_lx/akm/common/lock.py", line 102, in release() 
[06] File "D:/python_lx/akm/common/enhance.py", line 268, in getTrace() 
[07] File "D:/python_lx/akm/common/enhance.py", line 248, in getThreadStack()
[WARN]2021-02-28 22:07:27,039: 经过门['DOOR100', 'DOOR101'] waitAlway error
[DEBUG]2021-02-28 22:07:27,928: try connect AGV23 192.168.20.198:19204
[INFO]2021-02-28 22:07:28,040: magneticAGV01 (0, 0, 0, 0)
[WARN]2021-02-28 22:07:29,041: 经过门['DOOR100', 'DOOR101'] waitAlway error
[WARN]2021-02-28 22:07:31,043: 经过门['DOOR100', 'DOOR101'] waitAlway error
[INFO]2021-02-28 22:07:31,055: magneticAGV01 (0, 0, 0, 0)
[WARN]2021-02-28 22:07:33,045: 经过门['DOOR100', 'DOOR101'] waitAlway error
[INFO]2021-02-28 22:07:34,062: magneticAGV01 (0, 0, 0, 0)
[WARN]2021-02-28 22:07:35,047: 经过门['DOOR100', 'DOOR101'] clearIO error
[INFO]2021-02-28 22:07:37,087: magneticAGV01 (0, 0, 0, 0)
[ERROR]2021-02-28 22:07:37,930: connect AGV23 failed timed out
[INFO]2021-02-28 22:07:37,932: AGV23 checkLink failed 192.168.20.198 19204
[WARN]2021-02-28 22:07:37,933: agvThread.AGV23[tid:8580] <lock name:agv.AGV23.lock_status,<locked _thread.RLock object owner=8580 count=1 at 0x000002826EF75B70>> ,hold 10005 ms
[INFO]2021-02-28 22:07:37,936: name=agvThread.AGV23, pid=10900, tid=8580
[01] File "C:/Python38/lib/threading.py", line 870, in run() 
[02] File "D:/python_lx/akm/agvCtrl/agvList.py", line 565, in run() 
[03] File "D:/python_lx/akm/driver/seerAgv/agvCtrl.py", line 36, in checkLink() 
[04] File "D:/python_lx/akm/driver/seerAgv/agvApi.py", line 184, in checkLink() 
[05] File "D:/python_lx/akm/common/lock.py", line 102, in release() 
[06] File "D:/python_lx/akm/common/enhance.py", line 268, in getTrace() 
[07] File "D:/python_lx/akm/common/enhance.py", line 248, in getThreadStack()
[INFO]2021-02-28 22:07:38,119: task: [magneticAGV01] readDo status  (0, 0, 0, 0, 0, 0, 0, 0)
[WARN]2021-02-28 22:07:38,120: 经过门['DOOR100', 'DOOR101'] checkfinishSignal error
[DEBUG]2021-02-28 22:07:39,939: try connect AGV23 192.168.20.198:19204
[INFO]2021-02-28 22:07:40,094: magneticAGV01 (0, 0, 0, 0)
[INFO]2021-02-28 22:07:40,121: try to close door
[DEBUG]2021-02-28 22:07:40,122: 经过门['DOOR100', 'DOOR101'] checkfinishSignal -> finish
[INFO]2021-02-28 22:07:40,624: task: stop
[INFO]2021-02-28 22:07:40,625: task: stop 经过门['DOOR100', 'DOOR101']
[INFO]2021-02-28 22:07:43,118: magneticAGV01 (0, 0, 0, 0)
[INFO]2021-02-28 22:07:46,125: magneticAGV01 (0, 0, 0, 0)
[INFO]2021-02-28 22:07:49,137: magneticAGV01 (0, 0, 0, 0)
[ERROR]2021-02-28 22:07:49,941: connect AGV23 failed timed out
[INFO]2021-02-28 22:07:49,942: AGV23 checkLink failed 192.168.20.198 19204
[WARN]2021-02-28 22:07:49,943: agvThread.AGV23[tid:8580] <lock name:agv.AGV23.lock_status,<locked _thread.RLock object owner=8580 count=1 at 0x000002826EF75B70>> ,hold 10004 ms
[INFO]2021-02-28 22:07:49,946: name=agvThread.AGV23, pid=10900, tid=8580
[01] File "C:/Python38/lib/threading.py", line 870, in run() 
[02] File "D:/python_lx/akm/agvCtrl/agvList.py", line 565, in run() 
[03] File "D:/python_lx/akm/driver/seerAgv/agvCtrl.py", line 36, in checkLink() 
[04] File "D:/python_lx/akm/driver/seerAgv/agvApi.py", line 184, in checkLink() 
[05] File "D:/python_lx/akm/common/lock.py", line 102, in release() 
[06] File "D:/python_lx/akm/common/enhance.py", line 268, in getTrace() 
[07] File "D:/python_lx/akm/common/enhance.py", line 248, in getThreadStack()
[DEBUG]2021-02-28 22:07:51,948: try connect AGV23 192.168.20.198:19204
[INFO]2021-02-28 22:07:52,148: magneticAGV01 (0, 0, 0, 0)
