[INFO]2021-02-28 21:42:44,490: log files at D:\python_lx\akm\common\log
[INFO]2021-02-28 21:42:44,490: find module agvCtrl.main_agv
[INFO]2021-02-28 21:42:44,491: find module agvDevice.main_agvDevice
[INFO]2021-02-28 21:42:44,491: find module alarm.main_alarm
[INFO]2021-02-28 21:42:44,491: find module auth.main_auth
[INFO]2021-02-28 21:42:44,491: find module button.main_button
[INFO]2021-02-28 21:42:44,492: find module door.main_door
[INFO]2021-02-28 21:42:44,492: find module elevator.main_elevator
[INFO]2021-02-28 21:42:44,492: find module virtualDoor.main_doorCtrl
[INFO]2021-02-28 21:42:44,492: import agvCtrl.main_agv
[INFO]2021-02-28 21:42:44,913: create lock <lock name:doorMgr.lock,<unlocked _thread.RLock object owner=0 count=0 at 0x0000014DBE96C660>>
[INFO]2021-02-28 21:42:44,925: create lock <lock name:door.lock,<unlocked _thread.RLock object owner=0 count=0 at 0x0000014DBE96CEA0>>
[INFO]2021-02-28 21:42:45,010: create lock <lock name:timer.lock_1433424914512,<unlocked _thread.RLock object owner=0 count=0 at 0x0000014DBEC86990>>
[ERROR]2021-02-28 21:42:45,020: mqtt is disabled
[INFO]2021-02-28 21:42:45,021: mqtt: subscribe [alarm/raise/+]
[INFO]2021-02-28 21:42:45,021: mqtt: subscribe [alarm/clear/+]
[INFO]2021-02-28 21:42:48,047: Mongodb connect to 127.0.0.1 port 27017
[INFO]2021-02-28 21:42:48,109: create lock <lock name:elevatorApi.tcp_lock,<unlocked _thread.RLock object owner=0 count=0 at 0x0000014DBEF0FD80>>
[INFO]2021-02-28 21:42:48,111: create lock <lock name:elevatorApi.g_lock,<unlocked _thread.RLock object owner=0 count=0 at 0x0000014DBEF0F6C0>>
[INFO]2021-02-28 21:42:48,113: create lock <lock name:elevatorMgr.lock,<unlocked _thread.RLock object owner=0 count=0 at 0x0000014DBEF03AE0>>
[INFO]2021-02-28 21:42:48,150: create lock <lock name:agvserver,<unlocked _thread.RLock object owner=0 count=0 at 0x0000014DBEF51EA0>>
[INFO]2021-02-28 21:42:48,531: create lock <lock name:mapMgr.lock,<unlocked _thread.RLock object owner=0 count=0 at 0x0000014DBEF17BA0>>
[INFO]2021-02-28 21:42:48,835: create lock <lock name:agvList.g_agvLock,<unlocked _thread.RLock object owner=0 count=0 at 0x0000014DBEFFC8A0>>
[INFO]2021-02-28 21:42:48,838: create lock <lock name:taskList.lock,<unlocked _thread.RLock object owner=0 count=0 at 0x0000014DBF0B1270>>
[INFO]2021-02-28 21:42:48,969: charge policy 0 , fix time
[INFO]2021-02-28 21:42:49,003: create lock <lock name:agvApi.g_lock,<unlocked _thread.RLock object owner=0 count=0 at 0x0000014DBF0B1E40>>
[INFO]2021-02-28 21:42:49,496: start load map D:\python_lx\akm\agvCtrl\projects\akm\AKM-AOI.smap
[DEBUG]2021-02-28 21:42:49,701: elevator thread start
[INFO]2021-02-28 21:42:49,722: load map D:\python_lx\akm\agvCtrl\projects\akm\AKM-AOI.smap ,used 235 ms
[INFO]2021-02-28 21:42:49,730: start load map D:\python_lx\akm\agvCtrl\projects\akm\AKM-DC.smap
[INFO]2021-02-28 21:42:49,799: load map D:\python_lx\akm\agvCtrl\projects\akm\AKM-DC.smap ,used 77 ms
[INFO]2021-02-28 21:42:49,808: start load map D:\python_lx\akm\agvCtrl\projects\akm\AKM-DDT.smap
[INFO]2021-02-28 21:42:49,874: load map D:\python_lx\akm\agvCtrl\projects\akm\AKM-DDT.smap ,used 74 ms
[INFO]2021-02-28 21:42:49,883: start load map D:\python_lx\akm\agvCtrl\projects\akm\AKM-FQC.smap
[INFO]2021-02-28 21:42:50,101: load map D:\python_lx\akm\agvCtrl\projects\akm\AKM-FQC.smap ,used 226 ms
[INFO]2021-02-28 21:42:50,110: start load map D:\python_lx\akm\agvCtrl\projects\akm\AKM-LYH.smap
[INFO]2021-02-28 21:42:50,262: load map D:\python_lx\akm\agvCtrl\projects\akm\AKM-LYH.smap ,used 161 ms
[INFO]2021-02-28 21:42:50,281: start load map D:\python_lx\akm\agvCtrl\projects\akm\AKM-ZP.smap
[INFO]2021-02-28 21:42:50,373: load map D:\python_lx\akm\agvCtrl\projects\akm\AKM-ZP.smap ,used 110 ms
[INFO]2021-02-28 21:42:50,402: start load map D:\python_lx\akm\agvCtrl\projects\akm\office.smap
[INFO]2021-02-28 21:42:50,478: load map D:\python_lx\akm\agvCtrl\projects\akm\office.smap ,used 103 ms
[INFO]2021-02-28 21:42:50,481: import agvDevice.main_agvDevice
[INFO]2021-02-28 21:42:50,481: import alarm.main_alarm
[INFO]2021-02-28 21:42:50,482: import auth.main_auth
[INFO]2021-02-28 21:42:50,491: import button.main_button
[INFO]2021-02-28 21:42:50,494: create lock <lock name:agvApi.g_lock,<unlocked _thread.RLock object owner=0 count=0 at 0x0000014DBF5C9B40>>
[INFO]2021-02-28 21:42:50,549: import door.main_door
[INFO]2021-02-28 21:42:50,552: import elevator.main_elevator
[INFO]2021-02-28 21:42:50,553: import virtualDoor.main_doorCtrl
[INFO]2021-02-28 21:42:52,758: create lock <lock name:IOAlarm.s_lock,<unlocked _thread.RLock object owner=0 count=0 at 0x0000014DBF61C840>>
[DEBUG]2021-02-28 21:42:52,766: create aliveObj magneticAGV01 二维码掉线异常 timeout 120
[SUCC]2021-02-28 21:42:52,766: utility start, pid=8276, ppid=11292
[DEBUG]2021-02-28 21:42:52,766: start timer
[INFO]2021-02-28 21:42:52,774: load agv file: D:\python_lx\akm\agvCtrl/projects/akm/agv.cfg
[INFO]2021-02-28 21:42:52,774: create lock <lock name:agvList.AGV23.lock,<unlocked _thread.RLock object owner=0 count=0 at 0x0000014DC2E5DB70>>
[DEBUG]2021-02-28 21:42:52,776: create aliveObj AGV23 AGV离线异常 timeout 300
[INFO]2021-02-28 21:42:52,777: AGV23 start agvList run thread
[INFO]2021-02-28 21:42:52,777: create lock <lock name:agv.AGV23.lock_status,<unlocked _thread.RLock object owner=0 count=0 at 0x0000014DC2E66B10>>
[INFO]2021-02-28 21:42:52,777: AGV23 start agvList run2 thread
[DEBUG]2021-02-28 21:42:52,777: try connect AGV23 192.168.20.198:19204
[WARN]2021-02-28 21:42:52,780: Local server start! version 3.8.0, path D:\python_lx\akm\common, pid 8276
[INFO]2021-02-28 21:42:52,780: add_ignore: taskStatus
[INFO]2021-02-28 21:42:56,862: magneticAGV01 (0, 0, 0, 0)
[INFO]2021-02-28 21:42:59,884: magneticAGV01 (0, 0, 0, 0)
[ERROR]2021-02-28 21:43:02,778: connect AGV23 failed timed out
[DEBUG]2021-02-28 21:43:02,780: try connect AGV23 192.168.20.198:19204
[INFO]2021-02-28 21:43:02,901: magneticAGV01 (0, 0, 0, 0)
[INFO]2021-02-28 21:43:05,925: magneticAGV01 (1, 0, 0, 0)
[INFO]2021-02-28 21:43:06,927: magneticAGV01 try to open door 0 ['DOOR100', 'DOOR101'] ['DOOR100', 'DOOR101']
[INFO]2021-02-28 21:43:06,934: task [magneticAGV01] readIo get status  (1, 0, 0, 0, 0, 0, 0, 0)
[INFO]2021-02-28 21:43:06,935: ------ 1 (1, 0, 0, 0, 0, 0, 0, 0)
[DEBUG]2021-02-28 21:43:06,936: 经过门['DOOR100', 'DOOR101'] checkBeginSignal -> opendoor
[INFO]2021-02-28 21:43:07,438: try to open door
[WARN]2021-02-28 21:43:07,439: 经过门['DOOR100', 'DOOR101'] leave error
[INFO]2021-02-28 21:43:08,937: magneticAGV01 (1, 0, 0, 0)
[INFO]2021-02-28 21:43:10,504: task: [magneticAGV01] readDo status  (1, 0, 0, 0, 0, 0, 0, 0)
[INFO]2021-02-28 21:43:11,951: magneticAGV01 (1, 0, 0, 0)
[INFO]2021-02-28 21:43:12,057: task: [magneticAGV01] readDo status  (1, 0, 0, 0, 0, 0, 0, 0)
[ERROR]2021-02-28 21:43:12,781: connect AGV23 failed timed out
[INFO]2021-02-28 21:43:12,782: AGV23 checkLink failed 192.168.20.198 19204
[WARN]2021-02-28 21:43:12,783: agvThread.AGV23[tid:13184] <lock name:agv.AGV23.lock_status,<locked _thread.RLock object owner=13184 count=1 at 0x0000014DC2E66B10>> ,hold 20006 ms
[INFO]2021-02-28 21:43:12,808: name=agvThread.AGV23, pid=8276, tid=13184
[01] File "C:/Python38/lib/threading.py", line 870, in run() 
[02] File "D:/python_lx/akm/agvCtrl/agvList.py", line 565, in run() 
[03] File "D:/python_lx/akm/driver/seerAgv/agvCtrl.py", line 36, in checkLink() 
[04] File "D:/python_lx/akm/driver/seerAgv/agvApi.py", line 184, in checkLink() 
[05] File "D:/python_lx/akm/common/lock.py", line 102, in release() 
[06] File "D:/python_lx/akm/common/enhance.py", line 268, in getTrace() 
[07] File "D:/python_lx/akm/common/enhance.py", line 248, in getThreadStack()
[INFO]2021-02-28 21:43:13,593: task: [magneticAGV01] readDo status  (1, 0, 0, 0, 0, 0, 0, 0)
[DEBUG]2021-02-28 21:43:14,866: try connect AGV23 192.168.20.198:19204
[INFO]2021-02-28 21:43:14,958: magneticAGV01 (0, 0, 0, 0)
[INFO]2021-02-28 21:43:15,124: task: [magneticAGV01] readDo status  (1, 0, 0, 0, 0, 0, 0, 0)
[INFO]2021-02-28 21:43:16,678: task: [magneticAGV01] readDo status  (1, 0, 0, 0, 0, 0, 0, 0)
[INFO]2021-02-28 21:43:17,984: magneticAGV01 (0, 0, 0, 0)
[INFO]2021-02-28 21:43:18,216: task: [magneticAGV01] readDo status  (1, 0, 0, 0, 0, 0, 0, 0)
