[INFO]2021-03-04 11:29:47,600: log files at D:\python_lx\akm\common\log
[INFO]2021-03-04 11:29:47,600: find module agvCtrl.main_agv
[INFO]2021-03-04 11:29:47,601: find module agvDevice.main_agvDevice
[INFO]2021-03-04 11:29:47,601: find module alarm.main_alarm
[INFO]2021-03-04 11:29:47,601: find module auth.main_auth
[INFO]2021-03-04 11:29:47,601: find module button.main_button
[INFO]2021-03-04 11:29:47,602: find module door.main_door
[INFO]2021-03-04 11:29:47,602: find module elevator.main_elevator
[INFO]2021-03-04 11:29:47,602: find module virtualDoor.main_doorCtrl
[INFO]2021-03-04 11:29:47,602: import agvCtrl.main_agv
[INFO]2021-03-04 11:29:48,137: create lock <lock name:doorMgr.lock,<unlocked _thread.RLock object owner=0 count=0 at 0x000001897B98D660>>
[INFO]2021-03-04 11:29:48,149: create lock <lock name:door.lock,<unlocked _thread.RLock object owner=0 count=0 at 0x000001897B99D840>>
[INFO]2021-03-04 11:29:48,150: create lock <lock name:door.lock,<unlocked _thread.RLock object owner=0 count=0 at 0x000001897B99DB10>>
[INFO]2021-03-04 11:29:48,274: create lock <lock name:timer.lock_1689999266048,<unlocked _thread.RLock object owner=0 count=0 at 0x000001897BCE5180>>
[ERROR]2021-03-04 11:29:48,285: mqtt is disabled
[INFO]2021-03-04 11:29:48,285: mqtt: subscribe [alarm/raise/+]
[INFO]2021-03-04 11:29:48,285: mqtt: subscribe [alarm/clear/+]
[INFO]2021-03-04 11:29:51,327: Mongodb connect to 127.0.0.1 port 27017
[INFO]2021-03-04 11:29:51,393: create lock <lock name:elevatorApi.tcp_lock,<unlocked _thread.RLock object owner=0 count=0 at 0x000001897BF67570>>
[INFO]2021-03-04 11:29:51,394: create lock <lock name:elevatorApi.g_lock,<unlocked _thread.RLock object owner=0 count=0 at 0x000001897BF5FE70>>
[INFO]2021-03-04 11:29:51,397: create lock <lock name:elevatorMgr.lock,<unlocked _thread.RLock object owner=0 count=0 at 0x000001897BF5F2D0>>
[INFO]2021-03-04 11:29:51,429: create lock <lock name:agvserver,<unlocked _thread.RLock object owner=0 count=0 at 0x000001897BFAA690>>
[INFO]2021-03-04 11:29:52,048: create lock <lock name:mapMgr.lock,<unlocked _thread.RLock object owner=0 count=0 at 0x000001897BF72390>>
[INFO]2021-03-04 11:29:52,325: create lock <lock name:agvList.g_agvLock,<unlocked _thread.RLock object owner=0 count=0 at 0x000001897C052090>>
[INFO]2021-03-04 11:29:52,328: create lock <lock name:taskList.lock,<unlocked _thread.RLock object owner=0 count=0 at 0x000001897C100A20>>
[INFO]2021-03-04 11:29:52,398: charge policy 0 , fix time
[INFO]2021-03-04 11:29:52,463: create lock <lock name:agvApi.g_lock,<unlocked _thread.RLock object owner=0 count=0 at 0x000001897C10C630>>
[INFO]2021-03-04 11:29:53,069: start load map D:\python_lx\akm\agvCtrl\projects\akm\AKM-AOI.smap
[DEBUG]2021-03-04 11:29:53,493: elevator thread start
[INFO]2021-03-04 11:29:53,551: load map D:\python_lx\akm\agvCtrl\projects\akm\AKM-AOI.smap ,used 492 ms
[INFO]2021-03-04 11:29:53,567: start load map D:\python_lx\akm\agvCtrl\projects\akm\AKM-DC.smap
[INFO]2021-03-04 11:29:53,704: load map D:\python_lx\akm\agvCtrl\projects\akm\AKM-DC.smap ,used 152 ms
[INFO]2021-03-04 11:29:53,725: start load map D:\python_lx\akm\agvCtrl\projects\akm\AKM-DDT.smap
[INFO]2021-03-04 11:29:53,832: load map D:\python_lx\akm\agvCtrl\projects\akm\AKM-DDT.smap ,used 127 ms
[INFO]2021-03-04 11:29:53,846: start load map D:\python_lx\akm\agvCtrl\projects\akm\AKM-FQC.smap
[DEBUG]2021-03-04 11:29:54,283: create aliveObj SK_DOOR 门控离线异常 timeout 60
[DEBUG]2021-03-04 11:29:54,285: create aliveObj vitualDoor01 门控离线异常 timeout 60
[DEBUG]2021-03-04 11:29:54,285: create aliveObj vitualDoor02 门控离线异常 timeout 60
[INFO]2021-03-04 11:29:54,370: load map D:\python_lx\akm\agvCtrl\projects\akm\AKM-FQC.smap ,used 538 ms
[INFO]2021-03-04 11:29:54,397: start load map D:\python_lx\akm\agvCtrl\projects\akm\AKM-LYH.smap
[INFO]2021-03-04 11:29:54,511: load map D:\python_lx\akm\agvCtrl\projects\akm\AKM-LYH.smap ,used 140 ms
[INFO]2021-03-04 11:29:54,521: start load map D:\python_lx\akm\agvCtrl\projects\akm\AKM-ZP.smap
[INFO]2021-03-04 11:29:54,602: load map D:\python_lx\akm\agvCtrl\projects\akm\AKM-ZP.smap ,used 91 ms
[INFO]2021-03-04 11:29:54,611: start load map D:\python_lx\akm\agvCtrl\projects\akm\office.smap
[INFO]2021-03-04 11:29:54,655: load map D:\python_lx\akm\agvCtrl\projects\akm\office.smap ,used 53 ms
[INFO]2021-03-04 11:29:54,658: import agvDevice.main_agvDevice
[INFO]2021-03-04 11:29:54,659: import alarm.main_alarm
[INFO]2021-03-04 11:29:54,659: import auth.main_auth
[INFO]2021-03-04 11:29:54,666: import button.main_button
[INFO]2021-03-04 11:29:54,670: create lock <lock name:agvApi.g_lock,<unlocked _thread.RLock object owner=0 count=0 at 0x0000018900571D50>>
[INFO]2021-03-04 11:29:54,711: import door.main_door
[INFO]2021-03-04 11:29:54,716: import elevator.main_elevator
[INFO]2021-03-04 11:29:54,717: import virtualDoor.main_doorCtrl
[INFO]2021-03-04 11:29:57,813: create lock <lock name:IOAlarm.s_lock,<unlocked _thread.RLock object owner=0 count=0 at 0x00000189006C3C00>>
[DEBUG]2021-03-04 11:29:57,814: create aliveObj magneticAGV01 磁导车掉线异常 timeout 120
[DEBUG]2021-03-04 11:29:57,815: create aliveObj magneticAGV02 磁导车掉线异常 timeout 120
[INFO]2021-03-04 11:29:57,816: create lock <lock name:magneticAGVlarm.s_lock,<unlocked _thread.RLock object owner=0 count=0 at 0x00000189006C3630>>
[SUCC]2021-03-04 11:29:57,823: utility start, pid=14072, ppid=256
[DEBUG]2021-03-04 11:29:57,826: start timer
[INFO]2021-03-04 11:29:57,834: load agv file: D:\python_lx\akm\agvCtrl/projects/akm/agv.cfg
[INFO]2021-03-04 11:29:57,835: create lock <lock name:agvList.AGV23.lock,<unlocked _thread.RLock object owner=0 count=0 at 0x0000018903336ED0>>
[DEBUG]2021-03-04 11:29:57,836: create aliveObj AGV23 AGV离线异常 timeout 300
[INFO]2021-03-04 11:29:57,837: AGV23 start agvList run thread
[INFO]2021-03-04 11:29:57,837: create lock <lock name:agv.AGV23.lock_status,<unlocked _thread.RLock object owner=0 count=0 at 0x0000018903351570>>
[INFO]2021-03-04 11:29:57,837: AGV23 start agvList run2 thread
[DEBUG]2021-03-04 11:29:57,838: try connect AGV23 192.168.20.198:19204
[WARN]2021-03-04 11:29:57,841: Local server start! version 3.8.0, path D:\python_lx\akm\common, pid 14072
[INFO]2021-03-04 11:29:57,841: add_ignore: taskStatus
[INFO]2021-03-04 11:29:57,993: AGV23 connected 192.168.20.198 19204
[INFO]2021-03-04 11:29:57,994: create lock <lock name:agv.AGV23.lock_ctrl,<unlocked _thread.RLock object owner=0 count=0 at 0x00000189033515A0>>
[DEBUG]2021-03-04 11:29:57,995: try connect AGV23 192.168.20.198:19205
[INFO]2021-03-04 11:29:58,095: AGV23 connected 192.168.20.198 19205
[INFO]2021-03-04 11:29:58,097: create lock <lock name:agv.AGV23.lock_task,<unlocked _thread.RLock object owner=0 count=0 at 0x00000189033515D0>>
[DEBUG]2021-03-04 11:29:58,098: try connect AGV23 192.168.20.198:19206
[INFO]2021-03-04 11:29:58,302: AGV23 connected 192.168.20.198 19206
[INFO]2021-03-04 11:29:58,303: create lock <lock name:agv.AGV23.lock_conf,<unlocked _thread.RLock object owner=0 count=0 at 0x00000189033516F0>>
[DEBUG]2021-03-04 11:29:58,303: try connect AGV23 192.168.20.198:19207
[INFO]2021-03-04 11:29:58,309: AGV23 connected 192.168.20.198 19207
[INFO]2021-03-04 11:29:58,310: create lock <lock name:agv.AGV23.lock_core,<unlocked _thread.RLock object owner=0 count=0 at 0x0000018903351090>>
[DEBUG]2021-03-04 11:29:58,310: try connect AGV23 192.168.20.198:19208
[INFO]2021-03-04 11:29:58,401: AGV23 connected 192.168.20.198 19208
[INFO]2021-03-04 11:29:58,402: create lock <lock name:agv.AGV23.lock_other,<unlocked _thread.RLock object owner=0 count=0 at 0x00000189033518A0>>
[DEBUG]2021-03-04 11:29:58,402: try connect AGV23 192.168.20.198:19210
[INFO]2021-03-04 11:29:58,504: AGV23 connected 192.168.20.198 19210
[INFO]2021-03-04 11:29:58,710: AGV23 current map AKM-FQC
[INFO]2021-03-04 11:29:59,441: AGV23 is online
[INFO]2021-03-04 11:29:59,873: magneticAGV is alarm: []
[INFO]2021-03-04 11:30:01,907: magneticAGV is alarm: []
[INFO]2021-03-04 11:30:03,939: startCharge is false
[INFO]2021-03-04 11:30:03,944: magneticAGV is alarm: []
[INFO]2021-03-04 11:30:05,946: magneticAGV is alarm: []
[INFO]2021-03-04 11:30:07,949: magneticAGV is alarm: []
[INFO]2021-03-04 11:30:09,978: magneticAGV is alarm: ['DOOR02', 'AOIunload', 'SKload', 'BCunload02', 'FQCunload', 'AOI_DOOR', 'BCL_DOOR']
[INFO]2021-03-04 11:30:11,980: magneticAGV is alarm: ['DOOR02', 'AOIunload', 'SKload', 'BCunload02', 'FQCunload', 'AOI_DOOR', 'BCL_DOOR']
[INFO]2021-03-04 11:30:13,984: startCharge is false
[INFO]2021-03-04 11:30:13,984: magneticAGV is alarm: ['DOOR02', 'AOIunload', 'SKload', 'BCunload02', 'FQCunload', 'AOI_DOOR', 'BCL_DOOR']
[DEBUG]2021-03-04 11:30:14,742: AGV23 set loc AKM-FQC.LM5 ,old LM4 (-1.26,90.94)
[INFO]2021-03-04 11:30:15,996: magneticAGV is alarm: ['DOOR02', 'AOIunload', 'SKload', 'BCunload02', 'FQCunload', 'AOI_DOOR', 'BCL_DOOR']
