[INFO]2021-03-04 11:33:34,061: log files at D:\python_lx\akm\common\log
[INFO]2021-03-04 11:33:34,062: find module agvCtrl.main_agv
[INFO]2021-03-04 11:33:34,062: find module agvDevice.main_agvDevice
[INFO]2021-03-04 11:33:34,062: find module alarm.main_alarm
[INFO]2021-03-04 11:33:34,062: find module auth.main_auth
[INFO]2021-03-04 11:33:34,062: find module button.main_button
[INFO]2021-03-04 11:33:34,063: find module door.main_door
[INFO]2021-03-04 11:33:34,063: find module elevator.main_elevator
[INFO]2021-03-04 11:33:34,063: find module virtualDoor.main_doorCtrl
[INFO]2021-03-04 11:33:34,063: import agvCtrl.main_agv
[INFO]2021-03-04 11:33:34,595: create lock <lock name:doorMgr.lock,<unlocked _thread.RLock object owner=0 count=0 at 0x00000275185AD660>>
[INFO]2021-03-04 11:33:34,607: create lock <lock name:door.lock,<unlocked _thread.RLock object owner=0 count=0 at 0x00000275185BD840>>
[INFO]2021-03-04 11:33:34,607: create lock <lock name:door.lock,<unlocked _thread.RLock object owner=0 count=0 at 0x00000275185BDB10>>
[INFO]2021-03-04 11:33:34,747: create lock <lock name:timer.lock_2701946540144,<unlocked _thread.RLock object owner=0 count=0 at 0x00000275189051E0>>
[ERROR]2021-03-04 11:33:34,760: mqtt is disabled
[INFO]2021-03-04 11:33:34,760: mqtt: subscribe [alarm/raise/+]
[INFO]2021-03-04 11:33:34,761: mqtt: subscribe [alarm/clear/+]
[INFO]2021-03-04 11:33:37,796: Mongodb connect to 127.0.0.1 port 27017
[INFO]2021-03-04 11:33:37,861: create lock <lock name:elevatorApi.tcp_lock,<unlocked _thread.RLock object owner=0 count=0 at 0x0000027518B875D0>>
[INFO]2021-03-04 11:33:37,862: create lock <lock name:elevatorApi.g_lock,<unlocked _thread.RLock object owner=0 count=0 at 0x0000027518B7EED0>>
[INFO]2021-03-04 11:33:37,864: create lock <lock name:elevatorMgr.lock,<unlocked _thread.RLock object owner=0 count=0 at 0x0000027518B7E330>>
[INFO]2021-03-04 11:33:37,900: create lock <lock name:agvserver,<unlocked _thread.RLock object owner=0 count=0 at 0x0000027518BCB6F0>>
[INFO]2021-03-04 11:33:38,246: create lock <lock name:mapMgr.lock,<unlocked _thread.RLock object owner=0 count=0 at 0x0000027518B913F0>>
[INFO]2021-03-04 11:33:38,535: create lock <lock name:agvList.g_agvLock,<unlocked _thread.RLock object owner=0 count=0 at 0x0000027518C730F0>>
[INFO]2021-03-04 11:33:38,537: create lock <lock name:taskList.lock,<unlocked _thread.RLock object owner=0 count=0 at 0x0000027518D20A80>>
[INFO]2021-03-04 11:33:38,621: charge policy 0 , fix time
[INFO]2021-03-04 11:33:38,652: create lock <lock name:agvApi.g_lock,<unlocked _thread.RLock object owner=0 count=0 at 0x0000027518D2C690>>
[INFO]2021-03-04 11:33:39,139: start load map D:\python_lx\akm\agvCtrl\projects\akm\AKM-AOI.smap
[DEBUG]2021-03-04 11:33:39,303: elevator thread start
[INFO]2021-03-04 11:33:39,320: load map D:\python_lx\akm\agvCtrl\projects\akm\AKM-AOI.smap ,used 189 ms
[INFO]2021-03-04 11:33:39,329: start load map D:\python_lx\akm\agvCtrl\projects\akm\AKM-DC.smap
[INFO]2021-03-04 11:33:39,395: load map D:\python_lx\akm\agvCtrl\projects\akm\AKM-DC.smap ,used 75 ms
[INFO]2021-03-04 11:33:39,405: start load map D:\python_lx\akm\agvCtrl\projects\akm\AKM-DDT.smap
[INFO]2021-03-04 11:33:39,475: load map D:\python_lx\akm\agvCtrl\projects\akm\AKM-DDT.smap ,used 80 ms
[INFO]2021-03-04 11:33:39,484: start load map D:\python_lx\akm\agvCtrl\projects\akm\AKM-FQC.smap
[DEBUG]2021-03-04 11:33:39,619: create aliveObj SK_DOOR 门控离线异常 timeout 60
[DEBUG]2021-03-04 11:33:39,619: create aliveObj vitualDoor01 门控离线异常 timeout 60
[DEBUG]2021-03-04 11:33:39,620: create aliveObj vitualDoor02 门控离线异常 timeout 60
[INFO]2021-03-04 11:33:39,639: load map D:\python_lx\akm\agvCtrl\projects\akm\AKM-FQC.smap ,used 164 ms
[INFO]2021-03-04 11:33:39,649: start load map D:\python_lx\akm\agvCtrl\projects\akm\AKM-LYH.smap
[INFO]2021-03-04 11:33:39,821: load map D:\python_lx\akm\agvCtrl\projects\akm\AKM-LYH.smap ,used 181 ms
[INFO]2021-03-04 11:33:39,828: start load map D:\python_lx\akm\agvCtrl\projects\akm\AKM-ZP.smap
[INFO]2021-03-04 11:33:39,908: load map D:\python_lx\akm\agvCtrl\projects\akm\AKM-ZP.smap ,used 87 ms
[INFO]2021-03-04 11:33:39,916: start load map D:\python_lx\akm\agvCtrl\projects\akm\office.smap
[INFO]2021-03-04 11:33:39,954: load map D:\python_lx\akm\agvCtrl\projects\akm\office.smap ,used 45 ms
[INFO]2021-03-04 11:33:39,957: import agvDevice.main_agvDevice
[INFO]2021-03-04 11:33:39,957: import alarm.main_alarm
[INFO]2021-03-04 11:33:39,958: import auth.main_auth
[INFO]2021-03-04 11:33:39,966: import button.main_button
[INFO]2021-03-04 11:33:39,969: create lock <lock name:agvApi.g_lock,<unlocked _thread.RLock object owner=0 count=0 at 0x000002751924D030>>
[INFO]2021-03-04 11:33:40,000: import door.main_door
[INFO]2021-03-04 11:33:40,002: import elevator.main_elevator
[INFO]2021-03-04 11:33:40,002: import virtualDoor.main_doorCtrl
[INFO]2021-03-04 11:33:42,399: create lock <lock name:IOAlarm.s_lock,<unlocked _thread.RLock object owner=0 count=0 at 0x0000027519392C60>>
[DEBUG]2021-03-04 11:33:42,400: create aliveObj magneticAGV01 磁导车掉线异常 timeout 120
[DEBUG]2021-03-04 11:33:42,400: create aliveObj magneticAGV02 磁导车掉线异常 timeout 120
[INFO]2021-03-04 11:33:42,402: create lock <lock name:magneticAGVlarm.s_lock,<unlocked _thread.RLock object owner=0 count=0 at 0x0000027519392600>>
[SUCC]2021-03-04 11:33:42,408: utility start, pid=13784, ppid=144
[DEBUG]2021-03-04 11:33:42,410: start timer
[INFO]2021-03-04 11:33:42,418: load agv file: D:\python_lx\akm\agvCtrl/projects/akm/agv.cfg
[INFO]2021-03-04 11:33:42,418: create lock <lock name:agvList.AGV23.lock,<unlocked _thread.RLock object owner=0 count=0 at 0x0000027519FB6A80>>
[DEBUG]2021-03-04 11:33:42,420: create aliveObj AGV23 AGV离线异常 timeout 300
[INFO]2021-03-04 11:33:42,420: AGV23 start agvList run thread
[INFO]2021-03-04 11:33:42,420: create lock <lock name:agv.AGV23.lock_status,<unlocked _thread.RLock object owner=0 count=0 at 0x0000027519FD62D0>>
[INFO]2021-03-04 11:33:42,421: AGV23 start agvList run2 thread
[DEBUG]2021-03-04 11:33:42,421: try connect AGV23 192.168.20.198:19204
[WARN]2021-03-04 11:33:42,423: Local server start! version 3.8.0, path D:\python_lx\akm\common, pid 13784
[INFO]2021-03-04 11:33:42,424: add_ignore: taskStatus
[INFO]2021-03-04 11:33:42,555: AGV23 connected 192.168.20.198 19204
[INFO]2021-03-04 11:33:42,556: create lock <lock name:agv.AGV23.lock_ctrl,<unlocked _thread.RLock object owner=0 count=0 at 0x0000027519FD6300>>
[DEBUG]2021-03-04 11:33:42,558: try connect AGV23 192.168.20.198:19205
[INFO]2021-03-04 11:33:42,567: AGV23 connected 192.168.20.198 19205
[INFO]2021-03-04 11:33:42,569: create lock <lock name:agv.AGV23.lock_task,<unlocked _thread.RLock object owner=0 count=0 at 0x0000027519FD6330>>
[DEBUG]2021-03-04 11:33:42,571: try connect AGV23 192.168.20.198:19206
[INFO]2021-03-04 11:33:42,579: AGV23 connected 192.168.20.198 19206
[INFO]2021-03-04 11:33:42,581: create lock <lock name:agv.AGV23.lock_conf,<unlocked _thread.RLock object owner=0 count=0 at 0x0000027519FD6450>>
[DEBUG]2021-03-04 11:33:42,583: try connect AGV23 192.168.20.198:19207
[INFO]2021-03-04 11:33:42,591: AGV23 connected 192.168.20.198 19207
[INFO]2021-03-04 11:33:42,593: create lock <lock name:agv.AGV23.lock_core,<unlocked _thread.RLock object owner=0 count=0 at 0x0000027519FF07E0>>
[DEBUG]2021-03-04 11:33:42,597: try connect AGV23 192.168.20.198:19208
[INFO]2021-03-04 11:33:42,607: AGV23 connected 192.168.20.198 19208
[INFO]2021-03-04 11:33:42,609: create lock <lock name:agv.AGV23.lock_other,<unlocked _thread.RLock object owner=0 count=0 at 0x0000027519FF0870>>
[DEBUG]2021-03-04 11:33:42,611: try connect AGV23 192.168.20.198:19210
[INFO]2021-03-04 11:33:42,621: AGV23 connected 192.168.20.198 19210
[INFO]2021-03-04 11:33:42,861: AGV23 current map AKM-FQC
[INFO]2021-03-04 11:33:42,897: AGV23 is online
[INFO]2021-03-04 11:33:50,464: startCharge is false
[DEBUG]2021-03-04 11:33:58,215: AGV23 set loc AKM-FQC.LM12 ,old LM11 (-20.12,3.16)
[INFO]2021-03-04 11:34:00,505: startCharge is false
[DEBUG]2021-03-04 11:34:04,666: AGV23 set loc AKM-FQC.LM13 ,old LM12 (-23.12,3.45)
[INFO]2021-03-04 11:34:10,534: startCharge is false
