[INFO]2021-03-02 16:20:52,367: log files at D:\python_lx\akm\common\log
[INFO]2021-03-02 16:20:52,367: find module agvCtrl.main_agv
[INFO]2021-03-02 16:20:52,367: find module agvDevice.main_agvDevice
[INFO]2021-03-02 16:20:52,368: find module alarm.main_alarm
[INFO]2021-03-02 16:20:52,368: find module auth.main_auth
[INFO]2021-03-02 16:20:52,368: find module button.main_button
[INFO]2021-03-02 16:20:52,368: find module door.main_door
[INFO]2021-03-02 16:20:52,369: find module elevator.main_elevator
[INFO]2021-03-02 16:20:52,369: find module virtualDoor.main_doorCtrl
[INFO]2021-03-02 16:20:52,369: import agvCtrl.main_agv
[INFO]2021-03-02 16:20:52,797: create lock <lock name:doorMgr.lock,<unlocked _thread.RLock object owner=0 count=0 at 0x00000195C59BC690>>
[INFO]2021-03-02 16:20:52,808: create lock <lock name:door.lock,<unlocked _thread.RLock object owner=0 count=0 at 0x00000195C59BCED0>>
[INFO]2021-03-02 16:20:52,911: create lock <lock name:timer.lock_1742780327920,<unlocked _thread.RLock object owner=0 count=0 at 0x00000195C5CD6930>>
[ERROR]2021-03-02 16:20:52,922: mqtt is disabled
[INFO]2021-03-02 16:20:52,923: mqtt: subscribe [alarm/raise/+]
[INFO]2021-03-02 16:20:52,923: mqtt: subscribe [alarm/clear/+]
[INFO]2021-03-02 16:20:55,961: Mongodb connect to 127.0.0.1 port 27017
[INFO]2021-03-02 16:20:56,014: create lock <lock name:elevatorApi.tcp_lock,<unlocked _thread.RLock object owner=0 count=0 at 0x00000195C5F60D20>>
[INFO]2021-03-02 16:20:56,016: create lock <lock name:elevatorApi.g_lock,<unlocked _thread.RLock object owner=0 count=0 at 0x00000195C5F60660>>
[INFO]2021-03-02 16:20:56,016: create lock <lock name:elevatorMgr.lock,<unlocked _thread.RLock object owner=0 count=0 at 0x00000195C5F54A80>>
[INFO]2021-03-02 16:20:56,034: create lock <lock name:agvserver,<unlocked _thread.RLock object owner=0 count=0 at 0x00000195C5FA1E40>>
[INFO]2021-03-02 16:20:56,325: create lock <lock name:mapMgr.lock,<unlocked _thread.RLock object owner=0 count=0 at 0x00000195C5F67B40>>
[INFO]2021-03-02 16:20:56,602: create lock <lock name:agvList.g_agvLock,<unlocked _thread.RLock object owner=0 count=0 at 0x00000195C604C840>>
[INFO]2021-03-02 16:20:56,605: create lock <lock name:taskList.lock,<unlocked _thread.RLock object owner=0 count=0 at 0x00000195C60FF210>>
[INFO]2021-03-02 16:20:56,664: charge policy 0 , fix time
[INFO]2021-03-02 16:20:56,694: create lock <lock name:agvApi.g_lock,<unlocked _thread.RLock object owner=0 count=0 at 0x00000195C60FFDE0>>
[INFO]2021-03-02 16:20:57,080: start load map D:\python_lx\akm\agvCtrl\projects\akm\AKM-AOI.smap
[DEBUG]2021-03-02 16:20:57,234: elevator thread start
[INFO]2021-03-02 16:20:57,256: load map D:\python_lx\akm\agvCtrl\projects\akm\AKM-AOI.smap ,used 184 ms
[INFO]2021-03-02 16:20:57,264: start load map D:\python_lx\akm\agvCtrl\projects\akm\AKM-DC.smap
[INFO]2021-03-02 16:20:57,319: load map D:\python_lx\akm\agvCtrl\projects\akm\AKM-DC.smap ,used 63 ms
[INFO]2021-03-02 16:20:57,328: start load map D:\python_lx\akm\agvCtrl\projects\akm\AKM-DDT.smap
[INFO]2021-03-02 16:20:57,391: load map D:\python_lx\akm\agvCtrl\projects\akm\AKM-DDT.smap ,used 72 ms
[INFO]2021-03-02 16:20:57,399: start load map D:\python_lx\akm\agvCtrl\projects\akm\AKM-FQC.smap
[DEBUG]2021-03-02 16:20:57,538: create aliveObj SK_DOOR 门控离线异常 timeout 60
[INFO]2021-03-02 16:20:57,585: load map D:\python_lx\akm\agvCtrl\projects\akm\AKM-FQC.smap ,used 194 ms
[INFO]2021-03-02 16:20:57,596: start load map D:\python_lx\akm\agvCtrl\projects\akm\AKM-LYH.smap
[INFO]2021-03-02 16:20:57,682: load map D:\python_lx\akm\agvCtrl\projects\akm\AKM-LYH.smap ,used 96 ms
[INFO]2021-03-02 16:20:57,690: start load map D:\python_lx\akm\agvCtrl\projects\akm\AKM-ZP.smap
[INFO]2021-03-02 16:20:57,789: load map D:\python_lx\akm\agvCtrl\projects\akm\AKM-ZP.smap ,used 107 ms
[INFO]2021-03-02 16:20:57,797: start load map D:\python_lx\akm\agvCtrl\projects\akm\office.smap
[INFO]2021-03-02 16:20:57,836: load map D:\python_lx\akm\agvCtrl\projects\akm\office.smap ,used 47 ms
[INFO]2021-03-02 16:20:57,838: import agvDevice.main_agvDevice
[INFO]2021-03-02 16:20:57,839: import alarm.main_alarm
[INFO]2021-03-02 16:20:57,839: import auth.main_auth
[INFO]2021-03-02 16:20:57,848: import button.main_button
[INFO]2021-03-02 16:20:57,851: create lock <lock name:agvApi.g_lock,<unlocked _thread.RLock object owner=0 count=0 at 0x00000195C65E21E0>>
[INFO]2021-03-02 16:20:57,882: import door.main_door
[INFO]2021-03-02 16:20:57,884: import elevator.main_elevator
[INFO]2021-03-02 16:20:57,884: import virtualDoor.main_doorCtrl
[INFO]2021-03-02 16:20:59,717: create lock <lock name:IOAlarm.s_lock,<unlocked _thread.RLock object owner=0 count=0 at 0x00000195C662DEA0>>
[DEBUG]2021-03-02 16:20:59,721: create aliveObj magneticAGV01 二维码掉线异常 timeout 120
[SUCC]2021-03-02 16:20:59,743: utility start, pid=16004, ppid=16504
[DEBUG]2021-03-02 16:20:59,743: start timer
[INFO]2021-03-02 16:20:59,771: load agv file: D:\python_lx\akm\agvCtrl/projects/akm/agv.cfg
[WARN]2021-03-02 16:20:59,773: Local server start! version 3.8.0, path D:\python_lx\akm\common, pid 16004
[INFO]2021-03-02 16:20:59,773: add_ignore: taskStatus
[INFO]2021-03-02 16:21:03,899: magneticAGV01 (0, 0, 0, 0)
[INFO]2021-03-02 16:21:06,910: startCharge is false
[INFO]2021-03-02 16:21:06,922: magneticAGV01 (0, 0, 0, 0)
[INFO]2021-03-02 16:21:09,934: magneticAGV01 (0, 0, 0, 0)
[INFO]2021-03-02 16:21:12,953: magneticAGV01 (0, 0, 0, 0)
[INFO]2021-03-02 16:21:15,973: magneticAGV01 (0, 0, 0, 0)
[INFO]2021-03-02 16:21:18,985: startCharge is false
[INFO]2021-03-02 16:21:18,994: magneticAGV01 (0, 0, 0, 0)
[INFO]2021-03-02 16:21:22,008: magneticAGV01 (1, 0, 0, 0)
[INFO]2021-03-02 16:21:23,010: magneticAGV01 try to open door 0 ['SK_DOOR'] ['SK_DOOR']
[INFO]2021-03-02 16:21:23,021: task [magneticAGV01] readIo get status  (1, 0, 0, 0, 0, 0, 0, 0)
[DEBUG]2021-03-02 16:21:23,021: magneticAGV01 经过门 ['SK_DOOR'] checkBeginSignal -> opendoor
[INFO]2021-03-02 16:21:23,523: try to open door SK_DOOR
[DEBUG]2021-03-02 16:21:23,524: send http_get: http://127.0.0.1:8999/api/switch/on?id=SK_DOOR
[DEBUG]2021-03-02 16:21:23,534: GET: http://127.0.0.1:8999/api/switch/on?id=SK_DOOR addr: 127.0.0.1
[INFO]2021-03-02 16:21:23,536: The signal to open the door has been sent,  doorIP:192.168.20.163
[DEBUG]2021-03-02 16:21:23,544: send to door module:192.168.20.163, values:outbuf[16] 55 00 00 00 00 AA 03 06 80 00 00 00 00 00 88 16
[DEBUG]2021-03-02 16:21:23,955: read from door module:192.168.20.163, values:inbuf[13] 55 00 00 00 00 AA 83 03 80 81 00 86 16
[DEBUG]2021-03-02 16:21:23,956: used 422ms 200 OK application/json;charset=utf-8, GET: http://127.0.0.1:8999/api/switch/on?id=SK_DOOR
[DEBUG]2021-03-02 16:21:23,959: [return] use 435 ms,http_get: http://127.0.0.1:8999/api/switch/on?id=SK_DOOR
[WARN]2021-03-02 16:21:23,960: magneticAGV01 经过门 ['SK_DOOR'] opendoor error
[INFO]2021-03-02 16:21:25,030: magneticAGV01 (1, 0, 0, 0)
[DEBUG]2021-03-02 16:21:25,962: magneticAGV01 经过门 ['SK_DOOR'] opendoor -> leavefirst
[INFO]2021-03-02 16:21:27,655: task: [magneticAGV01] readDo status  (1, 0, 0, 0, 0, 0, 0, 0)
[DEBUG]2021-03-02 16:21:27,656: magneticAGV01 经过门 ['SK_DOOR'] leavefirst -> waitAlway
[INFO]2021-03-02 16:21:28,049: magneticAGV01 (0, 0, 0, 0)
[INFO]2021-03-02 16:21:28,167: task [magneticAGV01] readIo get status  (0, 0, 0, 0, 0, 0, 0, 1)
[DEBUG]2021-03-02 16:21:28,168: magneticAGV01 经过门 ['SK_DOOR'] waitAlway -> clearfirst
[INFO]2021-03-02 16:21:29,793: task: [magneticAGV01] readDo status  (0, 0, 0, 0, 0, 0, 0, 0)
[DEBUG]2021-03-02 16:21:29,793: magneticAGV01 经过门 ['SK_DOOR'] clearfirst -> checkfinishSignal
[INFO]2021-03-02 16:21:30,305: task [magneticAGV01] readIo get status  (0, 0, 0, 0, 0, 0, 0, 1)
[WARN]2021-03-02 16:21:30,305: magneticAGV01 经过门 ['SK_DOOR'] checkfinishSignal error
[INFO]2021-03-02 16:21:31,057: startCharge is false
[INFO]2021-03-02 16:21:31,066: magneticAGV01 (0, 0, 0, 0)
[INFO]2021-03-02 16:21:32,315: task [magneticAGV01] readIo get status  (0, 0, 0, 0, 0, 0, 0, 1)
[WARN]2021-03-02 16:21:32,316: magneticAGV01 经过门 ['SK_DOOR'] checkfinishSignal error
[INFO]2021-03-02 16:21:34,078: magneticAGV01 (0, 0, 0, 0)
[INFO]2021-03-02 16:21:34,326: task [magneticAGV01] readIo get status  (0, 0, 0, 0, 0, 0, 0, 1)
[WARN]2021-03-02 16:21:34,327: magneticAGV01 经过门 ['SK_DOOR'] checkfinishSignal error
[INFO]2021-03-02 16:21:36,337: task [magneticAGV01] readIo get status  (0, 0, 0, 0, 0, 0, 0, 1)
[WARN]2021-03-02 16:21:36,337: magneticAGV01 经过门 ['SK_DOOR'] checkfinishSignal error
[INFO]2021-03-02 16:21:37,097: magneticAGV01 (0, 0, 0, 0)
[INFO]2021-03-02 16:21:38,347: task [magneticAGV01] readIo get status  (0, 0, 0, 0, 0, 0, 0, 1)
[WARN]2021-03-02 16:21:38,348: magneticAGV01 经过门 ['SK_DOOR'] checkfinishSignal error
[INFO]2021-03-02 16:21:40,118: magneticAGV01 (0, 0, 0, 0)
[INFO]2021-03-02 16:21:40,358: task [magneticAGV01] readIo get status  (0, 0, 0, 0, 0, 0, 0, 1)
[WARN]2021-03-02 16:21:40,359: magneticAGV01 经过门 ['SK_DOOR'] checkfinishSignal error
[INFO]2021-03-02 16:21:42,373: task [magneticAGV01] readIo get status  (0, 0, 0, 0, 0, 0, 0, 1)
[WARN]2021-03-02 16:21:42,374: magneticAGV01 经过门 ['SK_DOOR'] checkfinishSignal error
[INFO]2021-03-02 16:21:43,126: startCharge is false
[INFO]2021-03-02 16:21:43,137: magneticAGV01 (0, 0, 0, 0)
[INFO]2021-03-02 16:21:44,386: task [magneticAGV01] readIo get status  (0, 0, 0, 0, 0, 0, 0, 1)
[WARN]2021-03-02 16:21:44,386: magneticAGV01 经过门 ['SK_DOOR'] checkfinishSignal error
[INFO]2021-03-02 16:21:46,189: magneticAGV01 (0, 0, 0, 0)
[INFO]2021-03-02 16:21:46,401: task [magneticAGV01] readIo get status  (0, 0, 0, 0, 0, 0, 0, 1)
[WARN]2021-03-02 16:21:46,402: magneticAGV01 经过门 ['SK_DOOR'] checkfinishSignal error
[INFO]2021-03-02 16:21:48,444: task [magneticAGV01] readIo get status  (0, 0, 0, 0, 0, 0, 0, 1)
[WARN]2021-03-02 16:21:48,445: magneticAGV01 经过门 ['SK_DOOR'] checkfinishSignal error
[INFO]2021-03-02 16:21:49,264: magneticAGV01 (0, 0, 0, 0)
[INFO]2021-03-02 16:21:53,186: task [magneticAGV01] readIo get status  (0, 1, 0, 0, 0, 0, 0, 0)
[DEBUG]2021-03-02 16:21:53,188: magneticAGV01 经过门 ['SK_DOOR'] checkfinishSignal -> leavesecond
[INFO]2021-03-02 16:21:53,196: magneticAGV01 (0, 1, 0, 0)
[INFO]2021-03-02 16:21:55,325: task: [magneticAGV01] readDo status  (1, 0, 0, 0, 0, 0, 0, 0)
[DEBUG]2021-03-02 16:21:55,326: magneticAGV01 经过门 ['SK_DOOR'] leavesecond -> waitAlwaysecond
[INFO]2021-03-02 16:21:55,837: task [magneticAGV01] readIo get status  (0, 0, 0, 0, 0, 0, 0, 1)
[DEBUG]2021-03-02 16:21:55,838: magneticAGV01 经过门 ['SK_DOOR'] waitAlwaysecond -> clearIO
[INFO]2021-03-02 16:21:56,208: startCharge is false
[INFO]2021-03-02 16:21:56,217: magneticAGV01 (0, 0, 0, 0)
[INFO]2021-03-02 16:21:57,394: task: [magneticAGV01] readDo status  (0, 0, 0, 0, 0, 0, 0, 0)
[DEBUG]2021-03-02 16:21:57,395: magneticAGV01 经过门 ['SK_DOOR'] clearIO -> closeDoor
[INFO]2021-03-02 16:21:57,897: try to close door SK_DOOR
[DEBUG]2021-03-02 16:21:57,898: send http_get: http://127.0.0.1:8999/api/switch/off?id=SK_DOOR
[DEBUG]2021-03-02 16:21:57,904: GET: http://127.0.0.1:8999/api/switch/off?id=SK_DOOR addr: 127.0.0.1
[INFO]2021-03-02 16:21:57,905: The signal to close the door has been sent,  doorIP:192.168.20.163
[DEBUG]2021-03-02 16:21:57,931: send to door module:192.168.20.163, values:outbuf[16] 55 00 00 00 00 AA 03 06 90 00 00 00 00 00 98 16
[DEBUG]2021-03-02 16:21:58,325: read from door module:192.168.20.163, values:inbuf[13] 55 00 00 00 00 AA 83 03 90 00 00 15 16
[DEBUG]2021-03-02 16:21:58,326: used 422ms 200 OK application/json;charset=utf-8, GET: http://127.0.0.1:8999/api/switch/off?id=SK_DOOR
[DEBUG]2021-03-02 16:21:58,328: [return] use 430 ms,http_get: http://127.0.0.1:8999/api/switch/off?id=SK_DOOR
[WARN]2021-03-02 16:21:58,329: magneticAGV01 经过门 ['SK_DOOR'] closeDoor error
[INFO]2021-03-02 16:21:59,228: magneticAGV01 (0, 0, 0, 0)
[DEBUG]2021-03-02 16:22:00,330: magneticAGV01 经过门 ['SK_DOOR'] closeDoor -> finish
[INFO]2021-03-02 16:22:00,831: task: stop
[INFO]2021-03-02 16:22:00,831: task: stop magneticAGV01 经过门 ['SK_DOOR']
[INFO]2021-03-02 16:22:02,250: magneticAGV01 (0, 0, 0, 0)
[INFO]2021-03-02 16:22:05,271: magneticAGV01 (0, 0, 0, 0)
[INFO]2021-03-02 16:22:08,283: startCharge is false
[INFO]2021-03-02 16:22:08,293: magneticAGV01 (0, 1, 0, 0)
[INFO]2021-03-02 16:22:09,295: magneticAGV01 try to open door 0 ['SK_DOOR'] ['SK_DOOR']
[INFO]2021-03-02 16:22:09,309: task [magneticAGV01] readIo get status  (0, 1, 0, 0, 0, 0, 0, 0)
[DEBUG]2021-03-02 16:22:09,309: magneticAGV01 经过门 ['SK_DOOR'] checkBeginSignal -> opendoor
[INFO]2021-03-02 16:22:09,810: try to open door SK_DOOR
[DEBUG]2021-03-02 16:22:09,811: send http_get: http://127.0.0.1:8999/api/switch/on?id=SK_DOOR
[DEBUG]2021-03-02 16:22:09,815: GET: http://127.0.0.1:8999/api/switch/on?id=SK_DOOR addr: 127.0.0.1
[INFO]2021-03-02 16:22:09,817: The signal to open the door has been sent,  doorIP:192.168.20.163
[DEBUG]2021-03-02 16:22:09,827: send to door module:192.168.20.163, values:outbuf[16] 55 00 00 00 00 AA 03 06 80 00 00 00 00 00 88 16
[DEBUG]2021-03-02 16:22:10,255: read from door module:192.168.20.163, values:inbuf[13] 55 00 00 00 00 AA 83 03 80 81 00 86 16
[DEBUG]2021-03-02 16:22:10,257: used 442ms 200 OK application/json;charset=utf-8, GET: http://127.0.0.1:8999/api/switch/on?id=SK_DOOR
[DEBUG]2021-03-02 16:22:10,261: [return] use 449 ms,http_get: http://127.0.0.1:8999/api/switch/on?id=SK_DOOR
[WARN]2021-03-02 16:22:10,261: magneticAGV01 经过门 ['SK_DOOR'] opendoor error
[INFO]2021-03-02 16:22:11,379: magneticAGV01 (0, 1, 0, 0)
[DEBUG]2021-03-02 16:22:12,263: magneticAGV01 经过门 ['SK_DOOR'] opendoor -> leavefirst
[INFO]2021-03-02 16:22:13,830: task: [magneticAGV01] readDo status  (1, 0, 0, 0, 0, 0, 0, 0)
[DEBUG]2021-03-02 16:22:13,831: magneticAGV01 经过门 ['SK_DOOR'] leavefirst -> waitAlway
[INFO]2021-03-02 16:22:14,341: task [magneticAGV01] readIo get status  (0, 1, 0, 0, 0, 0, 0, 0)
[WARN]2021-03-02 16:22:14,342: magneticAGV01 经过门 ['SK_DOOR'] waitAlway error
[INFO]2021-03-02 16:22:14,397: magneticAGV01 (0, 1, 0, 0)
[INFO]2021-03-02 16:22:16,352: task [magneticAGV01] readIo get status  (0, 1, 0, 0, 0, 0, 0, 0)
[WARN]2021-03-02 16:22:16,353: magneticAGV01 经过门 ['SK_DOOR'] waitAlway error
[INFO]2021-03-02 16:22:17,418: magneticAGV01 (0, 1, 0, 0)
[INFO]2021-03-02 16:22:18,362: task [magneticAGV01] readIo get status  (0, 1, 0, 0, 0, 0, 0, 0)
[WARN]2021-03-02 16:22:18,362: magneticAGV01 经过门 ['SK_DOOR'] waitAlway error
[INFO]2021-03-02 16:22:20,375: task [magneticAGV01] readIo get status  (0, 1, 0, 0, 0, 0, 0, 0)
[WARN]2021-03-02 16:22:20,376: magneticAGV01 经过门 ['SK_DOOR'] waitAlway error
[INFO]2021-03-02 16:22:20,428: startCharge is false
[INFO]2021-03-02 16:22:20,438: magneticAGV01 (0, 1, 0, 0)
[INFO]2021-03-02 16:22:22,389: task [magneticAGV01] readIo get status  (0, 1, 0, 0, 0, 0, 0, 0)
[WARN]2021-03-02 16:22:22,390: magneticAGV01 经过门 ['SK_DOOR'] waitAlway error
[INFO]2021-03-02 16:22:23,451: magneticAGV01 (0, 1, 0, 0)
[INFO]2021-03-02 16:22:24,399: task [magneticAGV01] readIo get status  (0, 1, 0, 0, 0, 0, 0, 0)
[WARN]2021-03-02 16:22:24,401: magneticAGV01 经过门 ['SK_DOOR'] waitAlway error
[INFO]2021-03-02 16:22:26,411: task [magneticAGV01] readIo get status  (0, 1, 0, 0, 0, 0, 0, 0)
[WARN]2021-03-02 16:22:26,413: magneticAGV01 经过门 ['SK_DOOR'] waitAlway error
[INFO]2021-03-02 16:22:26,470: magneticAGV01 (0, 1, 0, 0)
[INFO]2021-03-02 16:22:28,425: task [magneticAGV01] readIo get status  (0, 1, 0, 0, 0, 0, 0, 0)
[WARN]2021-03-02 16:22:28,425: magneticAGV01 经过门 ['SK_DOOR'] waitAlway error
[INFO]2021-03-02 16:22:29,611: magneticAGV01 (0, 1, 0, 0)
[INFO]2021-03-02 16:22:30,437: task [magneticAGV01] readIo get status  (0, 1, 0, 0, 0, 0, 0, 0)
[WARN]2021-03-02 16:22:30,438: magneticAGV01 经过门 ['SK_DOOR'] waitAlway error
[INFO]2021-03-02 16:22:32,449: task [magneticAGV01] readIo get status  (0, 1, 0, 0, 0, 0, 0, 0)
[WARN]2021-03-02 16:22:32,449: magneticAGV01 经过门 ['SK_DOOR'] waitAlway error
[INFO]2021-03-02 16:22:32,627: startCharge is false
[INFO]2021-03-02 16:22:32,637: magneticAGV01 (0, 1, 0, 0)
[INFO]2021-03-02 16:22:34,459: task [magneticAGV01] readIo get status  (0, 1, 0, 0, 0, 0, 0, 0)
[WARN]2021-03-02 16:22:34,460: magneticAGV01 经过门 ['SK_DOOR'] waitAlway error
[INFO]2021-03-02 16:22:35,648: magneticAGV01 (0, 1, 0, 0)
[INFO]2021-03-02 16:22:36,572: task [magneticAGV01] readIo get status  (0, 1, 0, 0, 0, 0, 0, 0)
[WARN]2021-03-02 16:22:36,572: magneticAGV01 经过门 ['SK_DOOR'] waitAlway error
[INFO]2021-03-02 16:22:38,583: task [magneticAGV01] readIo get status  (0, 1, 0, 0, 0, 0, 0, 0)
[WARN]2021-03-02 16:22:38,584: magneticAGV01 经过门 ['SK_DOOR'] waitAlway error
[INFO]2021-03-02 16:22:38,668: magneticAGV01 (0, 1, 0, 0)
[INFO]2021-03-02 16:22:40,594: task [magneticAGV01] readIo get status  (0, 1, 0, 0, 0, 0, 0, 0)
[WARN]2021-03-02 16:22:40,594: magneticAGV01 经过门 ['SK_DOOR'] waitAlway error
[INFO]2021-03-02 16:22:41,684: magneticAGV01 (0, 1, 0, 0)
[INFO]2021-03-02 16:22:42,605: task [magneticAGV01] readIo get status  (0, 1, 0, 0, 0, 0, 0, 0)
[WARN]2021-03-02 16:22:42,606: magneticAGV01 经过门 ['SK_DOOR'] waitAlway error
[INFO]2021-03-02 16:22:44,614: task [magneticAGV01] readIo get status  (0, 1, 0, 0, 0, 0, 0, 0)
[WARN]2021-03-02 16:22:44,615: magneticAGV01 经过门 ['SK_DOOR'] waitAlway error
[INFO]2021-03-02 16:22:44,697: startCharge is false
[INFO]2021-03-02 16:22:44,707: magneticAGV01 (0, 1, 0, 0)
[INFO]2021-03-02 16:22:46,707: task [magneticAGV01] readIo get status  (0, 1, 0, 0, 0, 0, 0, 0)
[WARN]2021-03-02 16:22:46,708: magneticAGV01 经过门 ['SK_DOOR'] waitAlway error
[INFO]2021-03-02 16:22:47,720: magneticAGV01 (0, 1, 0, 0)
[INFO]2021-03-02 16:22:48,721: task [magneticAGV01] readIo get status  (0, 1, 0, 0, 0, 0, 0, 0)
[WARN]2021-03-02 16:22:48,721: magneticAGV01 经过门 ['SK_DOOR'] waitAlway error
[INFO]2021-03-02 16:22:50,732: task [magneticAGV01] readIo get status  (0, 1, 0, 0, 0, 0, 0, 0)
[WARN]2021-03-02 16:22:50,734: magneticAGV01 经过门 ['SK_DOOR'] waitAlway error
[INFO]2021-03-02 16:22:50,742: magneticAGV01 (0, 1, 0, 0)
[INFO]2021-03-02 16:22:52,745: task [magneticAGV01] readIo get status  (0, 1, 0, 0, 0, 0, 0, 0)
[WARN]2021-03-02 16:22:52,745: magneticAGV01 经过门 ['SK_DOOR'] waitAlway error
[INFO]2021-03-02 16:22:53,773: magneticAGV01 (0, 1, 0, 0)
[INFO]2021-03-02 16:22:54,757: task [magneticAGV01] readIo get status  (0, 1, 0, 0, 0, 0, 0, 0)
[WARN]2021-03-02 16:22:54,759: magneticAGV01 经过门 ['SK_DOOR'] waitAlway error
[INFO]2021-03-02 16:22:56,768: task [magneticAGV01] readIo get status  (0, 1, 0, 0, 0, 0, 0, 0)
[WARN]2021-03-02 16:22:56,770: magneticAGV01 经过门 ['SK_DOOR'] waitAlway error
[INFO]2021-03-02 16:22:56,785: startCharge is false
[INFO]2021-03-02 16:22:56,799: magneticAGV01 (0, 1, 0, 0)
[INFO]2021-03-02 16:22:58,782: task [magneticAGV01] readIo get status  (0, 1, 0, 0, 0, 0, 0, 0)
[WARN]2021-03-02 16:22:58,783: magneticAGV01 经过门 ['SK_DOOR'] waitAlway error
[INFO]2021-03-02 16:22:59,813: magneticAGV01 (0, 1, 0, 0)
[INFO]2021-03-02 16:23:00,794: task [magneticAGV01] readIo get status  (0, 1, 0, 0, 0, 0, 0, 0)
[WARN]2021-03-02 16:23:00,795: magneticAGV01 经过门 ['SK_DOOR'] waitAlway error
[INFO]2021-03-02 16:23:02,805: task [magneticAGV01] readIo get status  (0, 1, 0, 0, 0, 0, 0, 0)
[WARN]2021-03-02 16:23:02,805: magneticAGV01 经过门 ['SK_DOOR'] waitAlway error
[INFO]2021-03-02 16:23:02,827: magneticAGV01 (0, 1, 0, 0)
[INFO]2021-03-02 16:23:04,817: task [magneticAGV01] readIo get status  (0, 1, 0, 0, 0, 0, 0, 0)
[WARN]2021-03-02 16:23:04,818: magneticAGV01 经过门 ['SK_DOOR'] waitAlway error
[INFO]2021-03-02 16:23:05,846: magneticAGV01 (0, 1, 0, 0)
[INFO]2021-03-02 16:23:06,830: task [magneticAGV01] readIo get status  (0, 1, 0, 0, 0, 0, 0, 0)
[WARN]2021-03-02 16:23:06,831: magneticAGV01 经过门 ['SK_DOOR'] waitAlway error
[INFO]2021-03-02 16:23:08,841: task [magneticAGV01] readIo get status  (0, 1, 0, 0, 0, 0, 0, 0)
[WARN]2021-03-02 16:23:08,842: magneticAGV01 经过门 ['SK_DOOR'] waitAlway error
[INFO]2021-03-02 16:23:08,859: startCharge is false
[INFO]2021-03-02 16:23:08,870: magneticAGV01 (0, 1, 0, 0)
[INFO]2021-03-02 16:23:10,851: task [magneticAGV01] readIo get status  (0, 1, 0, 0, 0, 0, 0, 0)
[WARN]2021-03-02 16:23:10,851: magneticAGV01 经过门 ['SK_DOOR'] waitAlway error
[INFO]2021-03-02 16:23:11,886: magneticAGV01 (0, 1, 0, 0)
[INFO]2021-03-02 16:23:12,862: task [magneticAGV01] readIo get status  (0, 1, 0, 0, 0, 0, 0, 0)
[WARN]2021-03-02 16:23:12,863: magneticAGV01 经过门 ['SK_DOOR'] waitAlway error
[INFO]2021-03-02 16:23:14,875: task [magneticAGV01] readIo get status  (0, 1, 0, 0, 0, 0, 0, 0)
[WARN]2021-03-02 16:23:14,876: magneticAGV01 经过门 ['SK_DOOR'] waitAlway error
[INFO]2021-03-02 16:23:14,906: magneticAGV01 (0, 1, 0, 0)
[INFO]2021-03-02 16:23:16,884: task [magneticAGV01] readIo get status  (0, 1, 0, 0, 0, 0, 0, 0)
[WARN]2021-03-02 16:23:16,885: magneticAGV01 经过门 ['SK_DOOR'] waitAlway error
[INFO]2021-03-02 16:23:17,924: magneticAGV01 (0, 1, 0, 0)
[INFO]2021-03-02 16:23:18,895: task [magneticAGV01] readIo get status  (0, 1, 0, 0, 0, 0, 0, 0)
[WARN]2021-03-02 16:23:18,896: magneticAGV01 经过门 ['SK_DOOR'] waitAlway error
[INFO]2021-03-02 16:23:20,906: task [magneticAGV01] readIo get status  (0, 1, 0, 0, 0, 0, 0, 0)
[WARN]2021-03-02 16:23:20,907: magneticAGV01 经过门 ['SK_DOOR'] waitAlway error
[INFO]2021-03-02 16:23:20,932: startCharge is false
[INFO]2021-03-02 16:23:20,939: magneticAGV01 (0, 1, 0, 0)
[INFO]2021-03-02 16:23:22,917: task [magneticAGV01] readIo get status  (0, 1, 0, 0, 0, 0, 0, 0)
[WARN]2021-03-02 16:23:22,918: magneticAGV01 经过门 ['SK_DOOR'] waitAlway error
[INFO]2021-03-02 16:23:23,952: magneticAGV01 (0, 1, 0, 0)
[INFO]2021-03-02 16:23:24,929: task [magneticAGV01] readIo get status  (0, 1, 0, 0, 0, 0, 0, 0)
[WARN]2021-03-02 16:23:24,929: magneticAGV01 经过门 ['SK_DOOR'] waitAlway error
[INFO]2021-03-02 16:23:26,939: task [magneticAGV01] readIo get status  (0, 1, 0, 0, 0, 0, 0, 0)
[WARN]2021-03-02 16:23:26,940: magneticAGV01 经过门 ['SK_DOOR'] waitAlway error
[INFO]2021-03-02 16:23:26,973: magneticAGV01 (0, 1, 0, 0)
[INFO]2021-03-02 16:23:28,953: task [magneticAGV01] readIo get status  (0, 1, 0, 0, 0, 0, 0, 0)
[WARN]2021-03-02 16:23:28,954: magneticAGV01 经过门 ['SK_DOOR'] waitAlway error
[INFO]2021-03-02 16:23:29,992: magneticAGV01 (0, 1, 0, 0)
[INFO]2021-03-02 16:23:30,968: task [magneticAGV01] readIo get status  (0, 1, 0, 0, 0, 0, 0, 0)
[WARN]2021-03-02 16:23:30,969: magneticAGV01 经过门 ['SK_DOOR'] waitAlway error
[INFO]2021-03-02 16:23:32,979: task [magneticAGV01] readIo get status  (0, 1, 0, 0, 0, 0, 0, 0)
[WARN]2021-03-02 16:23:32,980: magneticAGV01 经过门 ['SK_DOOR'] waitAlway error
[INFO]2021-03-02 16:23:33,006: startCharge is false
[INFO]2021-03-02 16:23:33,094: magneticAGV01 (0, 1, 0, 0)
[INFO]2021-03-02 16:23:34,993: task [magneticAGV01] readIo get status  (0, 1, 0, 0, 0, 0, 0, 0)
[WARN]2021-03-02 16:23:34,994: magneticAGV01 经过门 ['SK_DOOR'] waitAlway error
