[CRITICAL]2021-03-04 15:11:23,105: taskFunc2:magneticAGV02 经过门 ['ZP_DOOR'] cause a error: 'method' object is not subscriptable
pid=6204, ppid=13196, tid=6212
Traceback (most recent call last):
  File "D:\python_lx\akm\virtualDoor\doorCtrlRunTasks.py", line 188, in _taskFunc
    elif not self.handle():
  File "D:\python_lx\akm\virtualDoor\doorCtrlRunTasks.py", line 221, in handle
    if self.checkDoorIsLock[door]:
TypeError: 'method' object is not subscriptable

[CRITICAL]2021-03-04 15:11:26,144: taskFunc2:magneticAGV02 经过门 ['ZP_DOOR'] cause a error: 'method' object is not subscriptable
pid=6204, ppid=13196, tid=5692
Traceback (most recent call last):
  File "D:\python_lx\akm\virtualDoor\doorCtrlRunTasks.py", line 188, in _taskFunc
    elif not self.handle():
  File "D:\python_lx\akm\virtualDoor\doorCtrlRunTasks.py", line 221, in handle
    if self.checkDoorIsLock[door]:
TypeError: 'method' object is not subscriptable

[CRITICAL]2021-03-04 15:11:29,164: taskFunc2:magneticAGV02 经过门 ['ZP_DOOR'] cause a error: 'method' object is not subscriptable
pid=6204, ppid=13196, tid=1716
Traceback (most recent call last):
  File "D:\python_lx\akm\virtualDoor\doorCtrlRunTasks.py", line 188, in _taskFunc
    elif not self.handle():
  File "D:\python_lx\akm\virtualDoor\doorCtrlRunTasks.py", line 221, in handle
    if self.checkDoorIsLock[door]:
TypeError: 'method' object is not subscriptable

[CRITICAL]2021-03-04 15:11:32,182: taskFunc2:magneticAGV02 经过门 ['ZP_DOOR'] cause a error: 'method' object is not subscriptable
pid=6204, ppid=13196, tid=12348
Traceback (most recent call last):
  File "D:\python_lx\akm\virtualDoor\doorCtrlRunTasks.py", line 188, in _taskFunc
    elif not self.handle():
  File "D:\python_lx\akm\virtualDoor\doorCtrlRunTasks.py", line 221, in handle
    if self.checkDoorIsLock[door]:
TypeError: 'method' object is not subscriptable

[CRITICAL]2021-03-04 15:11:35,205: taskFunc2:magneticAGV02 经过门 ['ZP_DOOR'] cause a error: 'method' object is not subscriptable
pid=6204, ppid=13196, tid=6456
Traceback (most recent call last):
  File "D:\python_lx\akm\virtualDoor\doorCtrlRunTasks.py", line 188, in _taskFunc
    elif not self.handle():
  File "D:\python_lx\akm\virtualDoor\doorCtrlRunTasks.py", line 221, in handle
    if self.checkDoorIsLock[door]:
TypeError: 'method' object is not subscriptable

[CRITICAL]2021-03-04 15:11:38,245: taskFunc2:magneticAGV02 经过门 ['ZP_DOOR'] cause a error: 'method' object is not subscriptable
pid=6204, ppid=13196, tid=632
Traceback (most recent call last):
  File "D:\python_lx\akm\virtualDoor\doorCtrlRunTasks.py", line 188, in _taskFunc
    elif not self.handle():
  File "D:\python_lx\akm\virtualDoor\doorCtrlRunTasks.py", line 221, in handle
    if self.checkDoorIsLock[door]:
TypeError: 'method' object is not subscriptable

