[INFO]2021-02-26 10:29:21,515: log files at D:\python_lx\akm\common\log
[INFO]2021-02-26 10:29:21,515: find module agvCtrl.main_agv
[INFO]2021-02-26 10:29:21,515: find module agvDevice.main_agvDevice
[INFO]2021-02-26 10:29:21,515: find module alarm.main_alarm
[INFO]2021-02-26 10:29:21,516: find module auth.main_auth
[INFO]2021-02-26 10:29:21,516: find module button.main_button
[INFO]2021-02-26 10:29:21,516: find module door.main_door
[INFO]2021-02-26 10:29:21,516: find module elevator.main_elevator
[INFO]2021-02-26 10:29:21,517: import agvCtrl.main_agv
[INFO]2021-02-26 10:29:21,967: create lock <lock name:doorMgr.lock,<unlocked _thread.RLock object owner=0 count=0 at 0x000002011045B630>>
[INFO]2021-02-26 10:29:21,969: create lock <lock name:door.lock,<unlocked _thread.RLock object owner=0 count=0 at 0x000002011045BE70>>
[INFO]2021-02-26 10:29:22,074: create lock <lock name:timer.lock_2203594545280,<unlocked _thread.RLock object owner=0 count=0 at 0x00000201107859C0>>
[ERROR]2021-02-26 10:29:22,085: mqtt is disabled
[INFO]2021-02-26 10:29:22,085: mqtt: subscribe [alarm/raise/+]
[INFO]2021-02-26 10:29:22,086: mqtt: subscribe [alarm/clear/+]
[INFO]2021-02-26 10:29:25,116: Mongodb connect to 127.0.0.1 port 27017
[INFO]2021-02-26 10:29:25,154: create lock <lock name:elevatorApi.tcp_lock,<unlocked _thread.RLock object owner=0 count=0 at 0x0000020110A0EDB0>>
[INFO]2021-02-26 10:29:25,155: create lock <lock name:elevatorApi.g_lock,<unlocked _thread.RLock object owner=0 count=0 at 0x0000020110A0E6F0>>
[INFO]2021-02-26 10:29:25,156: create lock <lock name:elevatorMgr.lock,<unlocked _thread.RLock object owner=0 count=0 at 0x0000020110A01B10>>
[INFO]2021-02-26 10:29:25,175: create lock <lock name:agvserver,<unlocked _thread.RLock object owner=0 count=0 at 0x0000020110A60ED0>>
[INFO]2021-02-26 10:29:25,619: create lock <lock name:mapMgr.lock,<unlocked _thread.RLock object owner=0 count=0 at 0x0000020110A14BD0>>
[INFO]2021-02-26 10:29:25,993: create lock <lock name:agvList.g_agvLock,<unlocked _thread.RLock object owner=0 count=0 at 0x0000020110B0B8D0>>
[INFO]2021-02-26 10:29:25,998: create lock <lock name:taskList.lock,<unlocked _thread.RLock object owner=0 count=0 at 0x0000020110BC02A0>>
[INFO]2021-02-26 10:29:26,144: charge policy 0 , fix time
[INFO]2021-02-26 10:29:26,192: create lock <lock name:agvApi.g_lock,<unlocked _thread.RLock object owner=0 count=0 at 0x0000020110BC0E70>>
[INFO]2021-02-26 10:29:26,643: start load map D:\python_lx\akm\agvCtrl\projects\akm\AKM-AOI.smap
[CRITICAL]2021-02-26 10:29:27,014: import main_agv failed, path: agvCtrl cause a error: [Errno 2] No such file or directory: 'D:\\python_lx\\akm/agvCtrl/projects/akm/door.json'
pid=6676, ppid=5556, tid=3728
Traceback (most recent call last):
  File "D:/python_lx/akm/common/run_all.py", line 39, in findModule
    __import__(m[1])
  File "D:\python_lx\akm\agvCtrl\main_agv.py", line 22, in <module>
    mapMgr.loadAllMap()
  File "D:\python_lx\akm\common\lock.py", line 122, in _call
    return func(*p,**pp)
  File "D:\python_lx\akm\agvCtrl\mapMgr.py", line 79, in loadAllMap
    getMap(m["id"])
  File "D:\python_lx\akm\agvCtrl\mapMgr.py", line 55, in getMap
    g_map[mapId] = mapInfo.load(mapId + ".smap")
  File "D:\python_lx\akm\agvCtrl\mapMgr.py", line 353, in load
    ret._init(oldPath,ctime)
  File "D:\python_lx\akm\agvCtrl\mapMgr.py", line 657, in _init
    self.doors = doorMgr.doors(self.mapId)
  File "D:\python_lx\akm\agvCtrl\doorMgr.py", line 130, in __init__
    self._load()
  File "D:\python_lx\akm\agvCtrl\doorMgr.py", line 140, in _load
    d = switchMgr.getDoorByMapId(self.mapId)
  File "D:\python_lx\akm\door\switchMgr.py", line 45, in getDoorByMapId
    swichList = getDoorList()
  File "D:\python_lx\akm\common\lock.py", line 122, in _call
    return func(*p,**pp)
  File "D:\python_lx\akm\door\switchMgr.py", line 90, in getDoorList
    g_swichList = _loadDoorList()
  File "D:\python_lx\akm\door\switchMgr.py", line 64, in _loadDoorList
    with open(file, 'r') as f:
FileNotFoundError: [Errno 2] No such file or directory: 'D:\\python_lx\\akm/agvCtrl/projects/akm/door.json'

[CRITICAL]2021-02-26 10:29:27,014: import main_agv failed, path: agvCtrl ,cause [Errno 2] No such file or directory: 'D:\\python_lx\\akm/agvCtrl/projects/akm/door.json'
