[INFO]2021-03-04 11:27:06,929: log files at D:\python_lx\akm\common\log
[INFO]2021-03-04 11:27:06,929: find module agvCtrl.main_agv
[INFO]2021-03-04 11:27:06,929: find module agvDevice.main_agvDevice
[INFO]2021-03-04 11:27:06,929: find module alarm.main_alarm
[INFO]2021-03-04 11:27:06,930: find module auth.main_auth
[INFO]2021-03-04 11:27:06,930: find module button.main_button
[INFO]2021-03-04 11:27:06,930: find module door.main_door
[INFO]2021-03-04 11:27:06,931: find module elevator.main_elevator
[INFO]2021-03-04 11:27:06,931: find module virtualDoor.main_doorCtrl
[INFO]2021-03-04 11:27:06,931: import agvCtrl.main_agv
[INFO]2021-03-04 11:27:07,358: create lock <lock name:doorMgr.lock,<unlocked _thread.RLock object owner=0 count=0 at 0x0000012C8B6DD660>>
[INFO]2021-03-04 11:27:07,371: create lock <lock name:door.lock,<unlocked _thread.RLock object owner=0 count=0 at 0x0000012C8B6ED840>>
[INFO]2021-03-04 11:27:07,371: create lock <lock name:door.lock,<unlocked _thread.RLock object owner=0 count=0 at 0x0000012C8B6EDB10>>
[INFO]2021-03-04 11:27:07,490: create lock <lock name:timer.lock_1290832986368,<unlocked _thread.RLock object owner=0 count=0 at 0x0000012C8BA44180>>
[ERROR]2021-03-04 11:27:07,501: mqtt is disabled
[INFO]2021-03-04 11:27:07,501: mqtt: subscribe [alarm/raise/+]
[INFO]2021-03-04 11:27:07,501: mqtt: subscribe [alarm/clear/+]
[INFO]2021-03-04 11:27:10,535: Mongodb connect to 127.0.0.1 port 27017
[INFO]2021-03-04 11:27:10,592: create lock <lock name:elevatorApi.tcp_lock,<unlocked _thread.RLock object owner=0 count=0 at 0x0000012C8BCC6570>>
[INFO]2021-03-04 11:27:10,593: create lock <lock name:elevatorApi.g_lock,<unlocked _thread.RLock object owner=0 count=0 at 0x0000012C8BCBFE70>>
[INFO]2021-03-04 11:27:10,595: create lock <lock name:elevatorMgr.lock,<unlocked _thread.RLock object owner=0 count=0 at 0x0000012C8BCBF2D0>>
[INFO]2021-03-04 11:27:10,629: create lock <lock name:agvserver,<unlocked _thread.RLock object owner=0 count=0 at 0x0000012C8BD0A690>>
[INFO]2021-03-04 11:27:11,065: create lock <lock name:mapMgr.lock,<unlocked _thread.RLock object owner=0 count=0 at 0x0000012C8BCD2390>>
[INFO]2021-03-04 11:27:11,378: create lock <lock name:agvList.g_agvLock,<unlocked _thread.RLock object owner=0 count=0 at 0x0000012C8BDB2090>>
[INFO]2021-03-04 11:27:11,380: create lock <lock name:taskList.lock,<unlocked _thread.RLock object owner=0 count=0 at 0x0000012C8BE60A20>>
[INFO]2021-03-04 11:27:11,433: charge policy 0 , fix time
[INFO]2021-03-04 11:27:11,460: create lock <lock name:agvApi.g_lock,<unlocked _thread.RLock object owner=0 count=0 at 0x0000012C8BE6C630>>
[INFO]2021-03-04 11:27:11,922: start load map D:\python_lx\akm\agvCtrl\projects\akm\AKM-AOI.smap
[DEBUG]2021-03-04 11:27:12,138: elevator thread start
[INFO]2021-03-04 11:27:12,170: load map D:\python_lx\akm\agvCtrl\projects\akm\AKM-AOI.smap ,used 258 ms
[INFO]2021-03-04 11:27:12,197: start load map D:\python_lx\akm\agvCtrl\projects\akm\AKM-DC.smap
[INFO]2021-03-04 11:27:12,273: load map D:\python_lx\akm\agvCtrl\projects\akm\AKM-DC.smap ,used 102 ms
[INFO]2021-03-04 11:27:12,281: start load map D:\python_lx\akm\agvCtrl\projects\akm\AKM-DDT.smap
[INFO]2021-03-04 11:27:12,344: load map D:\python_lx\akm\agvCtrl\projects\akm\AKM-DDT.smap ,used 71 ms
[INFO]2021-03-04 11:27:12,353: start load map D:\python_lx\akm\agvCtrl\projects\akm\AKM-FQC.smap
[DEBUG]2021-03-04 11:27:12,504: create aliveObj SK_DOOR 门控离线异常 timeout 60
[DEBUG]2021-03-04 11:27:12,504: create aliveObj vitualDoor01 门控离线异常 timeout 60
[DEBUG]2021-03-04 11:27:12,504: create aliveObj vitualDoor02 门控离线异常 timeout 60
[INFO]2021-03-04 11:27:12,525: load map D:\python_lx\akm\agvCtrl\projects\akm\AKM-FQC.smap ,used 181 ms
[INFO]2021-03-04 11:27:12,533: start load map D:\python_lx\akm\agvCtrl\projects\akm\AKM-LYH.smap
[INFO]2021-03-04 11:27:12,654: load map D:\python_lx\akm\agvCtrl\projects\akm\AKM-LYH.smap ,used 129 ms
[INFO]2021-03-04 11:27:12,666: start load map D:\python_lx\akm\agvCtrl\projects\akm\AKM-ZP.smap
[INFO]2021-03-04 11:27:12,743: load map D:\python_lx\akm\agvCtrl\projects\akm\AKM-ZP.smap ,used 89 ms
[INFO]2021-03-04 11:27:12,752: start load map D:\python_lx\akm\agvCtrl\projects\akm\office.smap
[INFO]2021-03-04 11:27:12,791: load map D:\python_lx\akm\agvCtrl\projects\akm\office.smap ,used 48 ms
[INFO]2021-03-04 11:27:12,794: import agvDevice.main_agvDevice
[INFO]2021-03-04 11:27:12,794: import alarm.main_alarm
[INFO]2021-03-04 11:27:12,795: import auth.main_auth
[INFO]2021-03-04 11:27:12,804: import button.main_button
[INFO]2021-03-04 11:27:12,807: create lock <lock name:agvApi.g_lock,<unlocked _thread.RLock object owner=0 count=0 at 0x0000012C8C37B270>>
[INFO]2021-03-04 11:27:12,838: import door.main_door
[INFO]2021-03-04 11:27:12,840: import elevator.main_elevator
[INFO]2021-03-04 11:27:12,840: import virtualDoor.main_doorCtrl
[INFO]2021-03-04 11:27:15,200: create lock <lock name:IOAlarm.s_lock,<unlocked _thread.RLock object owner=0 count=0 at 0x0000012C8C37EC00>>
[DEBUG]2021-03-04 11:27:15,202: create aliveObj magneticAGV01 磁导车掉线异常 timeout 120
[DEBUG]2021-03-04 11:27:15,202: create aliveObj magneticAGV02 磁导车掉线异常 timeout 120
[INFO]2021-03-04 11:27:15,203: create lock <lock name:magneticAGVlarm.s_lock,<unlocked _thread.RLock object owner=0 count=0 at 0x0000012C8C37E5A0>>
[SUCC]2021-03-04 11:27:15,209: utility start, pid=1764, ppid=9540
[DEBUG]2021-03-04 11:27:15,212: start timer
[INFO]2021-03-04 11:27:15,219: load agv file: D:\python_lx\akm\agvCtrl/projects/akm/agv.cfg
[INFO]2021-03-04 11:27:15,219: create lock <lock name:agvList.AGV23.lock,<unlocked _thread.RLock object owner=0 count=0 at 0x0000012C8C9B6CF0>>
[DEBUG]2021-03-04 11:27:15,220: create aliveObj AGV23 AGV离线异常 timeout 300
[INFO]2021-03-04 11:27:15,221: AGV23 start agvList run thread
[INFO]2021-03-04 11:27:15,221: create lock <lock name:agv.AGV23.lock_status,<unlocked _thread.RLock object owner=0 count=0 at 0x0000012C8C9D63F0>>
[INFO]2021-03-04 11:27:15,221: AGV23 start agvList run2 thread
[DEBUG]2021-03-04 11:27:15,222: try connect AGV23 192.168.20.198:19204
[WARN]2021-03-04 11:27:15,224: Local server start! version 3.8.0, path D:\python_lx\akm\common, pid 1764
[INFO]2021-03-04 11:27:15,224: add_ignore: taskStatus
[INFO]2021-03-04 11:27:15,483: AGV23 connected 192.168.20.198 19204
[INFO]2021-03-04 11:27:15,484: create lock <lock name:agv.AGV23.lock_ctrl,<unlocked _thread.RLock object owner=0 count=0 at 0x0000012C8C9D6420>>
[DEBUG]2021-03-04 11:27:15,484: try connect AGV23 192.168.20.198:19205
[INFO]2021-03-04 11:27:15,689: AGV23 connected 192.168.20.198 19205
[INFO]2021-03-04 11:27:15,689: create lock <lock name:agv.AGV23.lock_task,<unlocked _thread.RLock object owner=0 count=0 at 0x0000012C8C9D6450>>
[DEBUG]2021-03-04 11:27:15,690: try connect AGV23 192.168.20.198:19206
[INFO]2021-03-04 11:27:15,893: AGV23 connected 192.168.20.198 19206
[INFO]2021-03-04 11:27:15,893: create lock <lock name:agv.AGV23.lock_conf,<unlocked _thread.RLock object owner=0 count=0 at 0x0000012C8C9D6570>>
[DEBUG]2021-03-04 11:27:15,893: try connect AGV23 192.168.20.198:19207
[WARN]2021-03-04 11:27:15,916: clear alarm obj=SK_DOOR, typeId=39998, id=6040523d55e736c96cc00a11
[INFO]2021-03-04 11:27:16,099: AGV23 connected 192.168.20.198 19207
[INFO]2021-03-04 11:27:16,100: create lock <lock name:agv.AGV23.lock_core,<unlocked _thread.RLock object owner=0 count=0 at 0x0000012C8C9B6BD0>>
[DEBUG]2021-03-04 11:27:16,101: try connect AGV23 192.168.20.198:19208
[INFO]2021-03-04 11:27:16,117: AGV23 connected 192.168.20.198 19208
[INFO]2021-03-04 11:27:16,117: create lock <lock name:agv.AGV23.lock_other,<unlocked _thread.RLock object owner=0 count=0 at 0x0000012C8C9F3360>>
[DEBUG]2021-03-04 11:27:16,118: try connect AGV23 192.168.20.198:19210
[INFO]2021-03-04 11:27:16,143: AGV23 connected 192.168.20.198 19210
[INFO]2021-03-04 11:27:16,304: AGV23 current map AKM-FQC
[INFO]2021-03-04 11:27:16,513: AGV23 is online
[INFO]2021-03-04 11:27:23,264: startCharge is false
[INFO]2021-03-04 11:27:26,279: magneticAGV is alarm: ['DOOR02', 'AOIunload', 'SKload', 'BCunload02', 'FQCunload', 'AOI_DOOR', 'BCL_DOOR']
[WARN]2021-03-04 11:27:30,747: agvThread.AGV23[tid:6600] <lock name:agv.AGV23.lock_status,<locked _thread.RLock object owner=6600 count=1 at 0x0000012C8C9D63F0>> ,hold 4001 ms
[INFO]2021-03-04 11:27:30,750: name=agvThread.AGV23, pid=1764, tid=6600
[01] File "C:/Python38/lib/threading.py", line 870, in run() 
[02] File "D:/python_lx/akm/agvCtrl/agvList.py", line 573, in run() 
[03] File "D:/python_lx/akm/agvCtrl/agvList.py", line 855, in readStatus1() 
[04] File "D:/python_lx/akm/agvCtrl/agvList.py", line 835, in _readStatus1() 
[05] File "D:/python_lx/akm/driver/seerAgv/agvCtrl.py", line 777, in readStatus1() 
[06] File "D:/python_lx/akm/driver/seerAgv/agvApi.py", line 195, in status() 
[07] File "D:/python_lx/akm/driver/seerAgv/agvApi.py", line 254, in _handle() 
[08] File "D:/python_lx/akm/common/lock.py", line 102, in release() 
[09] File "D:/python_lx/akm/common/enhance.py", line 268, in getTrace() 
[10] File "D:/python_lx/akm/common/enhance.py", line 248, in getThreadStack()
[DEBUG]2021-03-04 11:27:30,751: AGV23 set loc AKM-FQC.LM2 ,old LM3 (-19.94,104.28)
[INFO]2021-03-04 11:27:33,328: startCharge is false
[INFO]2021-03-04 11:27:36,342: magneticAGV is alarm: ['DOOR02', 'AOIunload', 'SKload', 'BCunload02', 'FQCunload', 'AOI_DOOR', 'BCL_DOOR']
[INFO]2021-03-04 11:27:43,363: startCharge is false
[INFO]2021-03-04 11:27:46,388: magneticAGV is alarm: ['DOOR02', 'AOIunload', 'SKload', 'BCunload02', 'FQCunload', 'AOI_DOOR', 'BCL_DOOR']
[INFO]2021-03-04 11:27:53,408: startCharge is false
[INFO]2021-03-04 11:27:56,423: magneticAGV is alarm: ['DOOR02', 'AOIunload', 'SKload', 'BCunload02', 'FQCunload', 'AOI_DOOR', 'BCL_DOOR']
[INFO]2021-03-04 11:28:03,451: startCharge is false
[INFO]2021-03-04 11:28:06,467: magneticAGV is alarm: ['DOOR02', 'AOIunload', 'SKload', 'BCunload02', 'FQCunload', 'AOI_DOOR', 'BCL_DOOR']
