[CRITICAL]2021-02-26 17:04:35,621: invoke timer func<function _monitorDevices at 0x000001D437FACC10> cause a error: 'str' object has no attribute 'running'
pid=2456, ppid=1404, tid=15320
Traceback (most recent call last):
  File "D:\python_lx\akm\common\mytimer.py", line 113, in _loop
    v.func(*v.args)
  File "D:\python_lx\akm\virtualDoor\doorCtrlRunTasks.py", line 100, in _monitorDevices
    if task.running == False:
AttributeError: 'str' object has no attribute 'running'

[CRITICAL]2021-02-26 17:04:38,662: invoke timer func<function _monitorDevices at 0x000001D437FACC10> cause a error: 'str' object has no attribute 'running'
pid=2456, ppid=1404, tid=15320
Traceback (most recent call last):
  File "D:\python_lx\akm\common\mytimer.py", line 113, in _loop
    v.func(*v.args)
  File "D:\python_lx\akm\virtualDoor\doorCtrlRunTasks.py", line 100, in _monitorDevices
    if task.running == False:
AttributeError: 'str' object has no attribute 'running'

[CRITICAL]2021-02-26 17:04:41,692: invoke timer func<function _monitorDevices at 0x000001D437FACC10> cause a error: 'str' object has no attribute 'running'
pid=2456, ppid=1404, tid=15320
Traceback (most recent call last):
  File "D:\python_lx\akm\common\mytimer.py", line 113, in _loop
    v.func(*v.args)
  File "D:\python_lx\akm\virtualDoor\doorCtrlRunTasks.py", line 100, in _monitorDevices
    if task.running == False:
AttributeError: 'str' object has no attribute 'running'

